i m x t
j a y s s ñ a
j a y s t a n
j a y s i t a s p a
i m x i s t a
i m x i r i k s t a
p a r a p
p a n t a r s i t a n i
p a n t a r s ñ a
i m x a n i
i m x i t a s m a
m u n s i t a n i
p a r a m
i m x i r i k s i t a n a
y a t i t a s p a
i m x a t a y s m a
j a y s i r i k t a m
p a r a x
a j s u y t a n
a t i p x a ñ a p a
p a n t a r t a n
j a y s i r i k s t a
i m x a t a y t a
a j s u y a t p a n
i m x a t a y t a m a
a n a t a p a m p i
i m x a s m a n a
p a r a p a t a k i
j a r a t a y s t a
p ' i y a r s i t a n i
p a n t a r i r i k t a m
a n a t
p a n t a r a t a y t
p a n p a c h a s s i t a n i
a n a t i r i k t a m
m u n t
j a y s a t a y t a m a
a n a t a p a
i m x i r k a t a
p a n t a r a t a y s i t u
j a r a t a y s i t u
j a y s i r i k t a
a n a t t
a t i p x a ñ a t a k i
a j s u y a t a y t
j a m p ' a t s ñ a
a p t h a p t a
p a n t a r a n
y a t t a
i m x i t a y i t u
m u n a t a y s i t u
a t i p x a ñ a s j a m a
j a y s i s t u
p a n t a r i r i k s i t a n a
y a t i s t a
a t i p x a ñ a p a n a
p a n t a r t a
a j s u y a t a m
a t i p x a ñ a p j a m a
a t i p x a ñ a p a n a k a m p i
p a r a p a n a k a m p i
a t i p x a ñ a k a t a
a t i p x a ñ a p a n a k a
p a n t a r i
j a m p ' a t i t a s p a
m u n i r i k s t a
k a t u s x i t a s p a
j a y s a j a
k a t u s x a s i t a s p h a
a t i p x a ñ a x j a m a
p ' i y a r t a n
a j s u y t a m a
p ' i y a r a s i t a s p h a
p a n t a r a t a y t a m a
p a r a p j a m a
a t i p x a ñ a m a n a k a m p i
a t i p x a ñ a p a k a t a
a p t h a p i t a y s m a
a t i p x a ñ a s a n a k
p a n t a r i r k i t a n a
a n a t a x a t a k i
a n a t a s m a n a
a n a t i r i k t a
p a n t a r a t a y t a
a t i p x a ñ a n a k a n i
p a n p a c h a s t a n
p ' i y a r a t a y t
a t i p x a ñ a x a n a k a m p i
a n a t a p a p a c h a
a j s u y a t a y t a m a
a n a t i r i k s m a
l a k j s a p a n a
p a r a n a k
a t i p x a ñ a p a n a k a n i
i q t ' s i t a n i
a n a t a t a y t a n a
a j s u y i r k a s m a n a
a p t h a p i s t a
p a n t a r a j a
p a n t a r i r k i
p a r a k a m a
a n a t a p a n a
i q t ' a n i t p a n
a n a t a t a n a
a j s u y i r i k t a
a n a t a s m a
m u n i s t a
a n a t a ñ a
a l k a t s a p a n a
a t i p x a ñ a x a p u r a
a j s u y a s m a n a
a p t h a p i t a n i
k a l l k a t a n i t p a n
a j s u y a t a n a
a j s u y i r k a n a
m u n a t a y t a m a
a t i p x a ñ a x a n a k a n i
a n a t a n a k a
a j s u y i
a p t h a p i t a n a
j a l a k a t s i t a n i
p a r a s a n a k a t a k i
j a r a t a y t a n a
a t i p x a ñ a n a k a t a
a t i p x a ñ a n a k a n a
a t i p x a ñ a s a n a k a m a
m u n i r i k s m a
a n a t a k a m a
j a r i r k a t a m a n a
p a n t a r i r k a t a
a l k a t a s i t a s p h a
p a n t a r i s t u
i n a m u k t a n
i n a m u k s a p a n a
p a r a n a k a n i
y a t i n i
p a n t a r i t a
j a m p ' a t t a
a n a t a m a n i
a l k a t a t p a n
a n a t a n a k a t a k i
a j s u y a m a m a
l a k j a t p a n
p ' i y a r a t a m
a t i p x a ñ a s a n a k a t a
k a t u s x i r i k s i t a n a
j a m p ' a t i t a y s m a
j a m p ' a t t a m a
p ' i y a r t
a j s u y a ñ a
a t i p x a ñ a m p a c h a
p a r a m a n a k a t a k i
a t i p x a ñ a p a n a k a l a y k u
a p t h a p i t a y i t u
p a r a s a n a k a p u r a
a n a t a m a n a k a
m u n i t a
a p t h a p i r k i
p a n p a c h a s i t a y t a
a n a t a s a n a k a t a k i
p a r a x a n a k a t a k i
a t i p x a ñ a s a r u
m u n i t a n i
i n k u r a t a y s i t u
p a r a p a n a k a t a
j a m p ' a t i t a y n a
a n a t a x a k a m a
a l l t h a p s i t a n i
p a n p a c h a s t a
m u n a t a y t a
m u n a t a y t a n a
a l k a t s ñ a
j a m p ' a t i r k a s m a n a
a c h j a y a s i t a s p h a
a t i p x a ñ a p a n a k a k a t a
a l k a t a t a y s i t u
t u r k a q a n i t p a n
a t i p x a ñ a n a k a k a m a
j a r i t a y i t u
i q t a s t a m a
p a n p a c h a s i n
a l k a t t a n
i n k u r a t a y t
a j s u y a j a t a
j a r a j a
k a t u s x a t a y t a
m u n a ñ a
a n a t a n a k a n a
i n k u r i r i k s i t a n a
p a r a p a n a k a k a m a
l a k j i r k a s m a n a
q a w i t a m a m p i
l a k j i r k a s m a n a
a t i p x a ñ a x a n a k a k a t a
p ' i y a r a t a n a
l a k j a t a y t
k a t u s x i r i k t a
m u n i r k a t a
j a m p ' a t i r k a t a m a n a
p ' i y a r a s m a n a
a t i p x a ñ a n a k a k a t a
a t i p x a ñ a n a k a r u
a n a t a s p a c h a
p a r a x a r u
a t i p x a ñ a m a n a k a k a t a
l a k j i r i k t a
j a l a k a t a t a y s i t u
p a r a s a n a k a l a y k u
a p t h a p i j a t a
i q t a s i r i k s t a
k a t u s x i r i k s m a
a n a t a p a n a k a l a y k u
p a r a x a n a k a k a m a
j a m p ' a t i s m a
i q t a s i t a y t a m a
p a n p a c h a s i t a
j a m p ' a t i r k i
i n k u r a t a y t a m a
p a n p a c h a s i s m a
m u n a t a n a
y a t i y i r i s a t a k i
p a r a p u r a
q a w i t a p a p u r a
i q t a s i r k a s m a n a
p ' i y a r a n i
p ' i y a r i
j a m p ' a t i m a
a t i p x a ñ a m a n a k p a c h a
a c h j a y i r i k s i t a n a
j a r a j a t a
p a n p a c h a s i s t u
q a w i t a p a k a t a
i n k u r a t a m
p ' i y a r i r k a t a
y a t i j a
y a t i y i r i s a m p i
i n a m u k t a
a n a t a p u r a
k a t u s x a j a
i q t a s i r k i t a n a
a c h j a y a t a y t
i n k u r a t a y t a n a
k a t u s x i t a t a
p a r a p a n a k a r u
k a t u s x i r k a t a
a j s u y i t u
c h ' a w a n i s i t a s p h a
a n a t a x a r u
y a t i y i r i s a n a k a m p i
i n a m u k u r i k s i t a n a
