l u l l u   c h ' u q i n a
l u l l u   c h ' u q i s
l u l l u   c h ' u q i x
l u l l u   c h ' u q i m
l u l l u   c h ' u q i n i
q ' u c h u j a
q ' u c h u n i
l u l l u   c h ' u q i s a r u
l u l l u   c h ' u q p a c h a
q ' u c h u t a
q ' u c h u x a
c h u q i l l a t a
q ' u c h u s a r u
l u l l u   c h ' u q i x a t a
l u l l u   c h ' u q i l a y k u
q ' u c h u p a
q ' u c h u s m a
l u l l u   c h ' u q i m p i
q ' u c h u j a t a
l u l l u   c h ' u q i x a n a k
q ' u c h u m a t a
l u l l u   c h ' u q i s p a c h a
c h u q i l l j a m a
l u l l u   c h ' u q i p a n a k
c h u q i l l a x a r u
l u l l u   c h ' u q i s a n a k a r u
l u l l u   c h ' u q i x a n a k a r u
q ' u c h u n a k a r u
q ' u c h u t a n a
q ' u c h u p a t a
l u l l u   c h ' u q i p j a m a
l u l l u   c h ' u q i m a k a m a
l u l l u   c h ' u q i n a k j a m a
l u l l u   c h ' u q i n a k a n i
q ' u c h u x p a c h a
q ' u c h u x a n a k
l u l l u   c h ' u q i m a m p i
l u l l u   c h ' u q i p a p u r a
c h u q i l l a n a k a r u
q ' u c h j a m a
q ' u c h u p a n i
c h u q i l l a s a t a
l u l l u   c h ' u q i x a t a k i
c h ' u s i t u
q ' u c h u t a k i
q ' u c h u r k a n a
c h ' i q i y i
l u l l u   c h ' u q i p a n a k j a m a
c h u q i l l a s p a c h a
q ' u c h u t a y t a
l u l l u   c h ' u q i x a n a k a k a m a
q ' u c h u x a n a k p a c h a
q ' u c h u t a y i t u
q ' u c h u m a n a k a
q ' u c h u x a k a m a
q ' u c h u m a n a k a t a
a n u   q a l l
c h ' u s p a c h a
c h u q i l l a n a k a t a
c h u q i l l a n a k a k a t a
q ' u c h u x a l a y k u
q ' u c h u m a m p i
c h u q i l l a t a k i
c h ' i q i y t
q ' u c h u p a n a k a
c h ' u s a j a
c h u q i l l a x j a m a
a n u   q a l l u n a
c h ' u s a ñ a
q ' u c h u x a m p i
l u l l u   c h ' u q i p a n a k a p u r a
q ' u c h u s a m p i
q ' u c h u t p a n
c h u q i l l a p a n a k a r u
c h u q i l l a m a p u r a
q ' u c h u m a n a k j a m a
c h u q i l l a p j a m a
c h u q i l l a s j a m a
c h ' u s a x
q ' u c h s ñ a
q ' u c h u p a p a c h a
q ' u c h u m a t a k i
q ' a c h a s i
c h u q i l l a s a n a k a t a
c h ' u s a p
c h u q i l l a p a k a t a
a n u   q a l l u m a
c h u q i l l a m a m p i
q ' u c h u x a n a k a k a m a
c h ' i q i y a j a
a n u   q a l l u p u r a
a n u   q a l l u x a r u
c h u q i l l a p a l a y k u
c h u q i l l a s a n a k a n i
c h u q i l l a n a k a p u r a
q ' u c h u m a n a k a l a y k u
a n u   q a l l u m
q ' u c h u m a n a k a p u r a
k ' u s i l l o
c h u q i l l a n a k a l a y k u
q ' u c h u p a t a k i
c h ' u s a j a t a
c h ' u s a s a
a n u   q a l l u l a y k u
c h ' u s a s m a
l a q a t u
c h u q i l l a s a t a k i
c h u q i l l a m a n a k a p u r a
j u y k h u r u
q ' u c h u m a n a k a t a k i
a n u   q a l l u m a n a
c h u q i l l a n a k a t a k i
k ' u s i l l o t a
q ' a t h a w i c h a ñ a
q h u p i r i t u
c h ' u s a m a n a k a r u
c h ' u s i s t a
c h ' i q i y a m a m a
k ' u s i l l o m a
a n u   q a l l u m p a c h a
c h u q i l l a p a n a k a p u r a
c h ' u s a x a n a k
c h ' u s a x p a c h a
q ' a c h a s i j a t a
a n u   q a l l u x p a c h a
q ' u p s u r k i
c h ' u s a t a n a
c h ' u s a x a n a k p a c h a
q ' a t h a w i c h a n
q ' a c h a s t
l l u x l l a n t i
a n u   q a l l u x a n a
k ' u s i l l o x a r u
a n u   q a l l u p a t a
s u q ' u s a p u r a
a n u   q a l l u n a k a t a
a n u   q a l l u n a k j a m a
c h ' u s a n a k j a m a
k ' u s i l l o n i
a n u   q a l l u n a k a k a t a
c h ' u s a k a m a
c h ' u s a n a k a n a
a n u   q a l l u n a k a
a n u   q a l l u m a n a k
s u q ' u s a l a y k u
a n u   q a l l u x j a m a
l a q a t u m a r u
q ' a t h a w i c h i r k i
a n u   q a l l u p a n a k a r u
q ' u c h u r i k s i t a n a
s u q ' u s a m a
c h ' i q i y i r k a n a
a n u   q a l l u s a n a k
a n u   q a l l u m a k a m a
c h a l l m u ñ a x a r u
c h ' u s a m a n a k a n a
c h ' i q i y a t a y n a
c h ' u s a t a m
q ' a t h a w i c h i t a n a
k ' u s i l l o n a k
q ' u p s u t a n a
c h ' u s a m a n a k a
c h ' u s i r k a n a
a n u   q a l l u s a p u r a
s u q ' u s a n a k a r u
q h u p i r t
c h ' u s a x j a m a
k ' u s i l l o s p a c h a
k ' u s i l l o x a
q ' a t h a w i c h i s t a
k ' u s i l l o s a
c h ' i q i y i r i k s m a
c h ' u s a x a k a t a
q ' u c h s a p a n a
c h ' u s a p a n a k a k a t a
l l u x l l a n t a ñ a
c h a l l m u ñ a m a
c h ' i q i y i t a s m a
a n u   q a l l u s a n a k a t a
a n u   q a l l u m a n a k j a m a
a n u   q a l l u p a p u r a
k ' u s i l l o n a k a k a t a
q ' a c h a s i m a m a
a n u   q a l l u x a n a k a n a
q h u p i r a n
j u y k h u t a
c h ' u s a p a n a k a n a
a n u   q a l l u s a n a k a
c h ' u s a p a n a k a t a
c h ' a w a n i t u
a n u   q a l l u p a k a t a
q ' a c h a s i r k a t a
q h u p i r i r k i
q ' a c h a s i s t a
k ' u s i l l o x a n a
a n u   q a l l u n a k a p u r a
c h ' u s a s j a m a
c h ' u s a t a y n a
a n u   q a l l u s a n a k a n a
q ' a c h a s i t a n a
k ' u s i l l o n a k a n a
c h ' u s a x a n a k a l a y k u
a n u   q a l l u x a n a k j a m a
q ' a t h a w i c h t a n
a n u   q a l l u m a n a k a k a m a
q i n t u m a r u
a n u   q a l l u m a n a k a n i
p u l p a c h a
c h ' i q i y a t a y t
a n u   q a l l u s a n a k a m a
l l u x l l a n t a j a t a
k ' u s i l l o p a t a
l l u x l l a n t t a
a n u   q a l l u p a n a k a n a
j u y k h u n a k p a c h a
q i r a r
q ' u p s u t a m
s u q ' u s a x p a c h a
q i r a r p a c h a
j u y k h u n i
c h a l l m u ñ a m a t a
k ' u s i l l o n a k a
l a q a t u x a n a k p a c h a
q ' u p s u s t a
q ' a c h a s i t a n i
l a q a t u n a k
k ' u s i l l o s a n i
c h a l l m u ñ a x a t a
a n u   q a l l u p a n a k a k a m a
c h ' u s a p a p u r a
q ' a c h a s i t a n i
c h ' u s a m a n a k a p u r a
c h ' u s a p a n a k a n i
c h ' u s a x a m p i
j u y k h u x p a c h a
p u l u s a r u
c h a l l m u ñ a s a n a k p a c h a
s u q ' u s a p a n a k p a c h a
a n u   q a l l u s a n a k a l a y k u
c h ' u s a s a m p i
p u l u x a r u
k ' u s i l l o m a l a y k u
a n u   q a l l u x a m p i
a n u   q a l l u s a m p i
j u y k h u s p a c h a
s u q ' u s a s a t a
s u q ' u s a n a k a k a t a
q ' u p s t
j u y k h u m a n a k a r u
c h a l l m u ñ a x a n a k
