l a k j a s m a n a
q a w i t j a m a
l a q a t u s a n a k a m p i
q ' u p s u t a m
k a t u s x i t a s p a
a t i p x a ñ a m a n a k a m p i
i q t ' i s t u
y a t i y i r i n a k a
l a q a t u p a n a k a l a y k u
q i r a r i p a t a k i
j a l a k a t a m a m a
l l u x l l a n t a ñ a
j a m p ' a t i r k a t a m a n a
q h u p i r t a n
p a r a p a t a k i
i n a m u k t a n
a n a t a n a k a n a
p a n t a r i r k i t a n a
k ' u s i l l o x a n a
p a r a p u r a
p a n t a r a j a
j a c h k a t s ñ a
a l k a t a y i r i x a n a k a n a
q ' a c h a s i
p ' i y a r a t a y t
c h ' i q i y i
q u r p a n i s a n a k
q h u p i r i s t a
i q t a s i t a y n a
i m x a t a y s m a
k ' u s i l l o n i
a l k a t t a
k a l l k a t a t a y t a n a
m u n a t a y t a
c h ' u s a k a m a
q ' a c h a s i t a n i
c h a l l m u ñ a s a n a k p a c h a
j u y k h u n a k a t a
a l k a t a y i r i x a p u r a
k ' u s i l l o n a k a k a t a
s i k i l i m p i
a n u   q a l l u n a k a p u r a
p a l l t i r i n a k a n i
a l k a t a t a y n a
q ' u p s u r k a s m a n a
a t i p x a ñ a x j a m a
a n a t a t a y t a n a
t u r k a q a n i t p a n
l u l l u   c h ' u q i l a y k u
q i r a r i m a n a k p a c h a
p a n t a r t a
j a m p ' a t i r k i
q u r p a n i l a y k u
q ' u c h u s a m p i
p a r a m a n a k a t a k i
q i r a r i x a n a k a p u r a
l l u x l l a n t t a m a
i q t a s i m a m a
q u r p a n i m a n a k a t a
q u r p a n i n a k a n a
a n a t i r i k t a
j a c h k a t a t a y t a m a
l a q a t u m a r u
l l u x l l a n t a t a m a n a
j u y k h u s a k a m a
y a t i y i r i p a p a c h a
p ' i y a r i t u
j a l a k a t i r k a n a
s i k i l i t a
q ' a c h a s t a n
t u r k a q a t a y s t a
a t i p x a ñ a p a n a k a l a y k u
a n u   q a l l u s a n a k a l a y k u
q ' u c h u x p a c h a
q ' u c h u x a
k a t u s x a j a
a t i p x a ñ a p a n a
t u m a y k u p a k a m a
c h ' u s a x j a m a
l a k j i r k a s m a n a
s u q ' u s a n a k a r u
c h a l l m u ñ a s a n a k
q i n t p a c h a
a t i p x a ñ a m p a c h a
l l u x l l a n t i t a n i
q i n t u m a l a y k u
q i r a r i s a n i
a j s u y t a n
c h u q i l l a m a n a k a p u r a
q ' u p s u t a n a
a p t h a p i s t a
p a n t a r t a n
s u q ' u s a p a n a k a t a
l u l l u   c h ' u q i x a n a k
p a n t a r a t a y t a
m u n i t a n i
c h u q i l l a m a m p i
t u m a y k u s a n a k p a c h a
a j s u y i r i k t a
a l k a t a y i r i x a n a k
a n u   q a l l u n a k a k a t a
s u q ' u s a n a k a
a t i p x a ñ a p a k a t a
q ' u c h u t a
a j s u y a t a n a
p a r a m
q i r a r i x a
a n u   q a l l u x a n a k a p u r a
j a m p ' a t i t a y s m a
a l k a t a y i r i p j a m a
j a y s i s t u
q ' u c h u m a n a k a t a
a l k a t a y i r i x a m p i
s i k i l i s a n a k a m a
y a t i y i r i s a n a k a r u
a p t h a p i j a t a
c h ' u s a n a k a n a
q ' a t h a w i c h i r k i
p u l u x a n a k a n i
l u l l u   c h ' u q i n a k j a m a
m u n i r k a t a
a c h j a y a t a y t a n a
a n a t a k a m a
p u l u x
p a l l t i r i x a r u
t u m a y k u p a t a k i
a n u   q a l l u p a n a k a k a m a
a n a t t
c h u q i l l a s p a c h a
s u q ' u s a x a n a k a k a t a
c h ' u s a n a k j a m a
k ' u s i l l o t a
l a q a t u s a n a k a t a k i
p a l l t i r i s a n a k a r u
q ' a c h a s i t p a n
q ' u p s u r k i
c h u q i l l a n a k a t a
s i k i l i n a k a k a m a
s u q ' u s a s a n a k
q i r a r i m p i
k a l l a q a y a s i r k a t a m a n a
a l k a t i s t a
q a w i t a m a n a k a k a t a
a c h j a y a t a y t
i q t a s t a m a
p u l u p a n a k p a c h a
q i r a r i s a
q ' u c h u s m a
y a t i y i r i x a n a k a l a y k u
p u l u s a n a k p a c h a
s i k i l i p a n a k a p u r a
q ' u p s u t a y t a n a
c h u q i l l a m a p u r a
q u r p a n i x a n a k a l a y k u
j u y k h u p j a m a
p ' i y a r s i t a n i
l a k j i r k a t a n a
i n k u r a ñ a
i n a m u k u r i k s i t a n a
t u m a y k u m a n a k a n i
c h u q i l l j a m a
s u q ' u s a p u r a
j u y k h u n i
p ' i y a r a s m a n a
l u l l u   c h ' u q i m a m p i
l a q a t u p a k a t a
a j s u y a t a y t a m a
l a q a t u p j a m a
p a n p a c h a s i t u
a n u   q a l l u p a m p i
a c h j a y i t a y i t u
a c h j a y i r k a s m a n a
c h ' u s a m a n a k a p u r a
a l k a t t a m a
k ' u s i l l o n a k a
j u y k h u x a n a
i n k u r a t a y t a
p a n p a c h a s i s t u
q ' u c h u n i
a l k a t a y i r i s a n a k a k a t a
c h ' a w a n i r i k s t a
l u l l u   c h ' u q i s a n a k a r u
p a r a s a n a k a l a y k u
a n u   q a l l u p u r a
a n a t a s m a
q ' u p s u s t a
c h ' u s p a c h a
j u y k h u n a k a l a y k u
l a k j i r k a t a
l l u x l l a n t a s m a n a
c h ' u s a x a n a k p a c h a
t u r k a q i r k i t a s m a n a
c h ' a w a n i r i k t a m
y a t i y i r i x a n a k a m p i
i n k u r a t a y t a m a
q u r p a n i x a n a k a m p i
p a l l t i r i s a n a k a m a
a p t h a p i t a n i
s u q ' u s a l a y k u
c h a l l m u ñ a x a n a k
j u y k h u k a m a
p a r a m a n a k a r u
k a l l a q a y a s t
c h u q i l l a p j a m a
a j s u y a m a m a
s u q ' u s a p a n a k a t a k i
m u n t
p a r a p a n a k a k a m a
t u r k a q i r k i
q i n t u m a p u r a
j u y k h u s a m p i
a n a t a m a n i
p a n t a r i t a
a n u   q a l l u n a k j a m a
k ' u s i l l o m a
l u l l u   c h ' u q i s p a c h a
p ' i y a r i r k a t a
a t i p x a ñ a p a n a k a
c h a l l m u ñ a m a n a k a n i
l u l l u   c h ' u q i m
c h ' a w a n i j a
p a n p a c h a s i t a
q ' u c h u m a t a
j u y k h u s p a c h a
i n a m u k u t a y t a m a
p a r a k a m a
j u y k h u p a n a k a k a t a
c h u q i l l a p a n a k a r u
p ' i y a r a t a m
a t i p x a ñ a x a n a k a k a t a
q a w i t a x a n a k a t a
a n u   q a l l u m a n a k
c h ' u s a p a n a k a k a t a
l a q a t u n a k a
p a n p a c h a s t a
j a m p ' a t t a m a
i n a m u k u j a t a
a l l t h a p i r k a n a
k a t u s x i r k a t a
s i k i l i s a l a y k u
l a q a t u n a k a m p i
q i r a r i t a k i
q i r a r i k a m a
c h ' u s a p a n a k a n i
a l l t h a p i s t a
k a l l a q a y a s i r k a s m a n a
y a t i y i r i x a n a
a l k a t i
c h a l l m u ñ a s a n a k a t a
c h ' u s a x a n a k
