s u q ' u s a x a n a k a n a
i n a m u k t a
c h ' a w a n i r k a t a n a
a t i p x a ñ a m a n a k a l a y k u
c h ' i q i y i t u
q ' a t h a w i c h t a
q a w i t a x a n a k a n i
i m x i t a
s i k i l i s a n a
m u n i r k a t a m a n a
p a l l t i r i p a k a m a
j u y k h u s a n a k a t a
l u l l u   c h ' u q i m p a c h a
j a y s a t a n a
q i n t u m a n a k a n a
q u r p a n i s a r u
l a k j a n i t p a n
a n a t a t a
q ' u c h u p a n a
c h ' a w a n i n i
t u r k a q a t a m
j a y s a t p a n
t u m a y k u m a r u
q a w i t a s a t a
c h ' u s a m a n a k a t a k i
k ' u s i l l o m j a m a
j u y k h u s a n a k a n a
i n k u r i t a n a
p u l u s
t u r k a q i t a n a
q u r p a n i s a l a y k u
s u q ' u s a s a n a k j a m a
q i r a r i p a n a k a r u
k a t u s x a m a
s i k i l i m a k a m a
c h ' u s a s a n a k a n a
a n a t a n i t p a n
p a l l t i r i x a n a k a n i
q i n t u s a k a t a
c h ' u s a m a l a y k u
c h ' u s a n a k a k a t a
s u q ' u s a n a
p ' i y a r a t a y n a
l a q a t u x a t a
q i r a r i r u
a n u   q a l l u m a n a k a l a y k u
s u q ' u s a s a
j a m p ' a t i t a y t a n a
c h a l l m u ñ a x
a l l t h a p i ñ a
a n a t a s a t a k i
q ' u c h u p
j a c h k a t i r k i t a s m a n a
t u m a y k u x a n a k a p u r a
a p t h a p i r i k s i t a n a
a t i p x a ñ a m j a m a
l a k j i r k i t a s m a n a
l a k j i r k a n a
k a l l k a t t
s i k i l i x a k a t a
q ' u c h u r k a s m a n a
j a y s a j a t a
s i k i l i m a
y a t i y i r i m a n a k a k a t a
a l k a t a y i r i n a k a r u
q u r p a n i m a t a
a n u   q a l l u k a t a
l a q a t u p a n i
j a m p ' a t i t a s m a
c h ' u s a s a n a k a k a t a
l a q a t u s a p u r a
a c h j a y a t a y s m a
q a w i t a s a n a k a k a t a
p a l l t i r i x a n a k a l a y k u
k ' u s i l l o p a k a t a
y a t i y i r i x a n a k a n i
l a q a t u s a n a
k ' u s i l l p a c h a
k a l l a q a y a s t a
i q t ' t a
p u l u t a k i
q u r p a n i p a n a k a r u
l a k j a j a t a
c h a l l m u ñ a x a n a k a m p i
a t i p x a ñ a x p a c h a
q ' u c h u s a n a k a r u
a l l t h a p i t a s p a
s u q ' u s a x a n a k a m p i
a n a t a x a n i
c h ' u s a t a y s i t u
q i n t u p a p a c h a
p a r a s a n a
i n k u r a t a m a n a
q ' a t h a w i c h i r k i t a s m a n a
l a k j a ñ a
s i k i l i m a n a k a r u
c h ' u s j a m a
i q t a s i t a n i
i q t ' a s i t a s p h a
q i r a r i n a k a p u r a
q ' u c h u t a n a
i n k u r i r k a t a n a
l a q a t u t a
s i k i l i x a k a m a
s u q ' u s a m a t a k i
p a r a k a t a
c h ' a w a n t a
a l k a t i r i k s i t a n a
c h u q i l l a n a k a n a
i m x i r k i t a s m a n a
q ' a t h a w i c h a t a m a n a
j a r i r k a s m a n a
c h a l l m u ñ a s a n a k a k a t a
q ' u c h u x a n a k a t a k i
q h u p i r a j a
p a r a p a n a
k ' u s i l l o m a k a m a
q a w i t a x
a l k a t a y i r i t a
q i n t u s a n a k a t a
t u r k a q a j a t a
q a w i t a s a k a m a
a c h j a y a t a y s i t u
a n a t a p a k a m a
i n k u r i t a t a
j a l a k a t i s t u
l a k j a t a y t a m a
p a n t a r a t p a n
q ' a t h a w i c h i r i k s m a
p ' i y a r a t a y s m a
a c h j a y s ñ a
c h ' u s a x a k a m a
s i k i l i p a p u r a
q a w i t a r u
q h u p i r i
s i k i l i s a n a k a t a
i n k u r a t p a n
s i k i l i n a k a l a y k u
q a w i t a p a n a k a p u r a
l a k j i r i k s t a
k ' u s i l l o s a n a k a
a n u   q a l l u n a k a l a y k u
p u l u x a
l u l l u   c h ' u q i
y a t i y i r i m p i
l a q a t u x a n a k a m p i
q u r p a n i n a k j a m a
a j s u y a t a y n a
c h ' a w a n i r k a t a m a n a
a n u   q a l l u t a
j a y s a n
q h u p i r i t a y i t u
q i n t u m a n a k a k a m a
a l k a t a n i
j u y k h u m a n a k a l a y k u
j u y k h u x a n a k a t a k i
c h a l l m u ñ a x a n i
j u y k h u x a p u r a
i q t a s i s m a n a
p a n t a r a s i t a s p h a
i q t ' a n i
q u r p a n i x a
c h ' i q i y a t a y t a m a
k ' u s i l l o x a n a k a n i
a l k a t a y i r i s a n i
p a l l t i r i x a k a t a
i q t ' a t a y t a m a
i m x i t a n a
s i k i l i n a k a n i
q i r a r i p a n a k p a c h a
l u l l u   c h ' u q i s a n a k a k a t a
a n u   q a l l u s a n a k a k a t a
c h ' u s a p a n a k j a m a
c h a l l m u ñ a s p a c h a
q i n t u p a n a k a l a y k u
a l l t h a p i r k a s m a n a
j a r i r i k s i t a n a
q i n t u p a k a m a
q i n t u m a n a k
k a l l a q a y a s i r k a n a
c h ' u s a t a y t a m a
a j s u y i r k a s m a n a
q i n t u s a t a k i
s u q ' u s a n a k a t a
m u n a j a t a
q ' u c h u r i k s m a
c h a l l m u ñ a m a n a k a m p i
q u r p a n i n a k a m p i
c h a l l m u ñ a m a n i
k a l l k a t i t a s p a
p a r a m a n a k a p u r a
k ' u s i l l o m a n a
q ' u p s u r k a t a
c h ' u s a m a n a k a m p i
q i r a r i s a n a k a n a
q ' u c h u s a n a k a l a y k u
j a l a k a t t a
a l l t h a p i n i
a n a t a x a n a k a t a
k a l l k a t i r i k t a
i q t ' a s m a
q ' u c h u r i k t a m
l u l l u   c h ' u q i s a n a k a p u r a
a n a t s i t a n i
q a w i t a p a n a k p a c h a
a l l t h a p i t a m a n a
q h u p i r i r k a t a m a n a
a t i p x a ñ a m a n a k a n i
a n a t a m a
j a c h k a t a s m a
q ' u c h u
y a t i s i t a s p h a
t u m a y k u p a n a k a
k a l l a q a y a s i r i k t a m
p a n p a c h a s i t a y i t u
s u q ' u s a x a n a k a
a n a t a s a n a k a t a
q u r p a n i s j a m a
q u r p a n i s a n a k a r u
k ' u s i l l o m a n a k
a l k a t a y i r i m a n a k
j a l a k a t i t a y i t u
j a m p ' a t s a p a n a
q i n t u n i
j a c h k a t a s i t a s p h a
y a t i n i t p a n
c h u q i l l a x a n a k a t a k i
c h u q i l l
l a q a t u n a k a l a y k u
y a t i y i r i n a k a p u r a
i n a m u k s i t a n i
c h ' i q i y i r i k s i t a n a
c h u q i l l a m a r u
t u m a y k u p a n a k a k a t a
s u q ' u s a x a n i
q a w i t a x a n a k a m p i
l l u x l l a n t i t a n i
a l k a t a t a n a
a l k a t a y i r i m a n a k a n a
a n a t a x
q i n t u n a k
l a k j a t a y t a n a
p a r a s a t a
k ' u s i l l o p a n a k a m p i
c h ' i q i y a s m a
a p t h a p i r k a n a
l a q a t u s a n a k a p u r a
k ' u s i l l o x a n a k p a c h a
a j s u y i r k i
s u q ' u s a x a n a k
