m ə ́ y a m
k h ó k l e
p ə ́ ŋ s a w d ə ́ ~ s a w d ú n ə
k ə w w í
n ə ́ č á n ə
k ə w w í
s é m b ə
n ó h ó y
m ə ́ k h ó y s ú
n ə ́ č á n ə
m ə ́ k h ó y s ú
p á y b í
n a b ə n e
k h ə ŋ d e
í m á n ə
ə p h ə ́ b ə
h ə ́ w g ə t l ə ́
k a l i m u b í
y á n i ŋ d e d ə ́
č ə ́ t k h i r e
t ə m b i b ə
t a n č a b ə n i
t o k ʔ o
č á g e d ə ́ n ə
m á ŋ n i n ə
m ə t h ə ́ ŋ
h á p č ə n l ə m m í
ə ́ s í g i
ə d u g i r o
h á p k h ə t l ə ́ g ə
h á p k h ə t l ə ́ g ə
t ə m b ə n i n ə
l ə ŋ g ə d ə b ə n i
p h ə ́ t ʔ e
h ə w r e
h á p č ə n l ə m m í
h á p k h ə t l ə ́ g ə
m ə ́ y á n ə
l ə ́ w d ə b ə r a
m ə ́ n ə m d o
p h ə r ə ́ b ə
h á p č ə n l ə m m í
ə n i ~ t h ó k n ə
t h u ŋ ŋ ə ́ b ə
y e ŋ ŋ í
h á p č ə n l ə m m í
p h ə ́ t ʔ e
ə d ə y d ə
č ə ́ t k h r ə b ə n i n ə
m ə ́ y ú m s i d ə
l ə ́ w n ə ́ b ə
w á k ə ́ t l e
p h ə ́ t ʔ e
t a w u d ə ́
k h ə ́ n n ə ́ b ə
k ú m l ə k l ə m m í
ə ́ ŋ á ŋ s i ŋ
k h á m m í
ə m ə t ʔ ə d i
k i b ə n ə
m ə ́ r ó n d ə
h ú r á n b ə s i
k h u n k ə t p i r ə m m í
č í k k ə d ə b ə n i
h a y d ə n ə
t á r ə g ə d i
č i ŋ n ə ́ b ə
ə y g i s i s u
n a m ə n l ə d ə ́ n ə
m ə ́ d ə ́ y d i
s ú d r i b ə n i
h ú r á l l i ǰ a t l ə n e
l é ŋ b i r ə k p ə b o
m a k h o y n ə
s a t r ə s i ŋ g i
h á p č ə l l ə ́ g ə
l a w t h o k ʔ e
h é k l i
n ú p á m ə ́ č á d u g i
k h ə ́ ŋ d r ə ́ b ə n ə n i
k i r e
ə d u g i r o
č o ŋ ŋ í
č ə y b i r i s i b o
t ə m h ə n g ə d ə w r i b ə n o
t ə m n i ŋ d r ə b ə
s é t č á r ə d ú n ə
t h a l l ə ́ b ə
p ú m l ə ŋ ~ l ə ŋ k h r e
m í t h o y ~ m í h e n b ə
m á d ə ŋ d i
t ə m m i n n ə ́ y
p a b ə d ə
k h ə ŋ b r a
h ə ŋ b ə ~ k a n s i d ə
y e ŋ í
ə ́ s í g i
t ə m m i n n ə ́ y
h á p č ə n p ə
m a k h o y n ə
m ə ́ m á s ú
k h ə ́ ŋ d ə d ú n ə
l ə ́ w t h o k ʔ ə m m ə n i
p ə ́ ŋ č ə y ~ č ə y b i b ə b o
h é k l i
t h ó r ə k ʔ ə m m í
m ə ́ t ə m d ə d ə d i
č í n n ə
h ə ŋ b ə d ə
m ə ́ m a ŋ ŋ ə y d ə
h á n t h ə r ə ʔ l i b ə s i n i n e
h a n n ə g i
t ə w r i b ə
l ə ́ w b i r o y d ə b ə r a
h á y b ə s i d i n e
t é y t h o k l ə ́ g ə
t h o ŋ ə d ə ́ n ə
p a l l ə b ə
p a l l ə m m i
t h a ŋ ə ́ k ʔ e
m ə ́ n a t o n d u d ə
ə p h á w ~ ə p h á w b ə
h é k ʔ i
h a y d ə n ə
m ə ́ y a s i
ə m ə d i
h ə y n i ŋ d r ə b ə
h ə y ǰ ə n i ŋ d r ə b ə ́
m ə ́ s á ~ m ə ́ s á n ə
k h ú d o n b í d ə
h a y d ə n ə
t ə w r i b ə
k e k r ú h ə n ǰ ə b ə š i s ú
t h ə ́ w r ə k ʔ ə ́ g ə
ə ́ h a w ~ ə ́ h a w b ə
p h á r ə k u
n a m ə l l ə k ʔ ə d ə ́ n ə
h ə l l ə k ʔ e b ə
ó n i ŋ k h ə r e
h á y b ə s i d i n e
s é m g ə t p ə
s é g a y d ú n ə
s é g a y k h r ə ́ b ə n i n ə
k e k r ú h ə n ǰ ə b ə d a
k e k r ú h ə n ǰ ə b ə s i d ə
s é t t o k ʔ ə ́ g ə
p h ə ́ m l ə ́ y
s a t r ə s i ŋ n ə
p h ú d h ə r o
h á y b ə s i d i n e
t h ə w d u n a
k h ə z í k t ə ŋ
k h ó ŋ n ə
č ə y b i r i s i b o
s ú k y a m n ə
h é k l ə ́ g ə
h ə y t ə d ə ́ n ə
ǰ i b ə p a n b ə
t ə w r i b n i
p ú m l ə ŋ ~ l ə ŋ k h r e
p h ə g ə d ə b ə s i d i
t á k p ə d ə g i
ŋ a n t h o k p i r o
í m a n n ə b ə
m a n n ə d e ʔ ə b ə
m a n n ə ́ y
m ə ́ s í g i d i
h u n k ə t p ə d ə g i d i
h u n ǰ ə n b i d r ə ́ b ə s u
l a w t h ə r ə m m í
t é y t h o k l ə ́ g ə
t h ó r ə k t ú n ə
m ə s á n ə
m ə ́ d ú d i
h á y b ə s i d i n e
k h u m m ə k ʔ u
k h u m d r ə ́ b ə d i
k h u m m ə k p o y r e
k o n n ə
ə ́ h i ŋ s i d ə
h ə l l ə k ʔ e b ə
n ə ́ m g ə d ə w r i b ə
ǰ i b ə s i ŋ d u
h á y b ə s i d i n e
p h ə m m ə ́ g ə
h á p s i n b ə
h ə ́ w r ə k k h i b ə
m ə ́ s í d ə y d i
í t a w g i d ə
í t a w s i b o
m ə ́ s í g i d i
t ə w r i b ə
ə ́ k ó y b ə d u d ə
n ə ́ t t e k ó
í m a ŋ s i d ə
m á ŋ g ə d r a
í n á k k h u n n i ŋ b ə g i
t h u ŋ n ə ́ b n ə
t h ə ́ w w i d ə ́ n ə k ó
l ə ́ w b i r o y d ə b ə r a
h á p č ə n p ə
ŋ a n t h o k p i r o
č é n t h o k k h i b ə
k e n g e
k ú m t h ə r ə k ʔ e
k ú m t h ə r ə k p ə s i d ə
m á d ə ŋ d i
č ə ́ t l e
č ə ́ t l e n ə
č ə ́ t n ə n ə ́ b ə
č ə ́ t n i ŋ d ə b o y
č ə ́ t l u b ə d ə y
č ə ́ t l u b ə d i
č ə ́ t k h r i b ə
č ə ́ t k h i d e
č ə ́ t k h i b ə d ə g i d i
č ə ́ t t a r ə d i
č ə ́ t l ə k t e
s a r ə k p ə
p ə ́ ŋ č ə ́ t t ə ́ ~ č ə ́ t l ə m m í
h ə n ú b í n i n ə
h ə n d o k t ə b ə
m ə r ə y r ə b ə ́
ə r ó n ~ ə t h ú p t u
p ə ́ ŋ č ə ́ t t ə ́ ~ č ə ́ t l ə m m í
k h ó ŋ g o y n ə r e
m ó y g i d i
m ó y s i
t ə w r ə m b ə d u d ə y d i
y a b r a
l ə ́ w d ə ~ y a d e
y ə w d r i ŋ ə y d u d ə
h ə w b i k h o
k h ə ́ ŋ l e
í t ə n d ə ́ ~ t ə n d ə ́ n ə
í t ə ́ t ~ t ə ́ t t ə ́ n ə
t ə m b u ~ t ə m n i ŋ d ə b ə ǰ a t n i
h ə y b ə
y a r ə r o y
h á p s i n b ə
k ə y n o m ə
k ə y d ə w d ə w r i b ə n o
m ə ́ t ə ́ y ~ m ə ́ n a w
s a ǰ ə d ə ́ n ə
p ə ́ ŋ č ə ́ t t ə ́ ~ č ə ́ t l ə m m í
t á n b ə b u
p h ə ŋ ŋ ə m m o y d r ə
p h ə ŋ b ə s ú
s i r o
p á y
