h á y r ə b ə d ə
h á y r ə k p ə s i d ə
č ə ́ t n i ŋ b ə n ə
č á g e
č ə ́ t p ə s i d ə
č ə ́ ŋ k h r b ə n e
l ə y b ə d ú n ə n i
t ə w r ə g e d o
t h ó k k h ə r e
p h ə g ə d ə b ə s i d i
l a k p ə s i g i
l a k ʔ í
h á y r ə r o y
t h ó k ʔ u
p á y b í
h á y r ə b
k á r ə m m e d ə ́ n ə
k á k h ə t l ə ́ g ə
h ə w r ə m m í
ə ́ r a ŋ b ə d u
h á y b ə s i n ə
y á w b ə
t ə w k h i d e
m ə ́ h ə y
h a y d o k k h i d ə ́ n ə
l ə ́ y r ə ́ b ə g i
h á y b ə d ə g i
y á w r ə m m o
h ə n ú b ə n ə
č ə ́ t p ə d ə
h ə w g ə t l ə ́ g ə
l ə y b ə g i
l ə y r ə ́ b ə
h á p č ə l l ə ́ g ə
h ə w r ə m m í
t ə w r i s i d i
t á n b ə b u
l ə ́ w b i r o y d ə b ə r a
p h ə ́ t ʔ e
h á y r ə m m í
s i r e n e h é
l ə ́ y h ə w d ə r e
p a b ə d ə
h ə l l ə k ʔ e b ə
h á p č ə n p ə
l ə y t ə n ə
č ə ́ t l u b ə d ə y
ǰ i b ə s i ŋ d u
m í t h o y ~ m í h e n b ə
h ə n ú b ə
p h ə ŋ b ə
č ə ́ t l ə ́ b ə
h á y r ə k t e
h á p č i l l e r ə ́ g ə
t ə m b i b ə
h ə ́ w r o y
č ə ́ t l e
s a ǰ ə d ə ́ n ə
í h a n ~ h a n b ə
t ə w b ə b u d i
h á y r ə k ʔ e
h á y b ə s i d i n e
m ə ́ n ə m d o
č ə ́ ŋ ə k ʔ i b ə
h á y r ə b
h ə y ǰ ə n i ŋ d r ə b ə ́
h á y r ə b
h ə w b i k h o
l a k ʔ e n e
t h u ŋ n ə ́ b n ə
m ə ́ n a t o n d u d ə
t a b ə d ə g i
č ə ́ t t o y n o
h ə n ú b í s i
t ə m m ə
l ə ́ y b ə
t ə w g e
m a n n ə ́ y
k ə ́ r ə m ~ h á y n ə
č ə ́ t l u g e
p u ~ č ə ́ t p ə d ə
y á w r ə m m ə n e b ə
u h ə ́ y š i ŋ
č o ŋ ŋ í
č ə ́ t l u b ə d i
m ə ́ t ə m d ə d ə d i
h ə ́ w g ə t l ə k p ə
y e ŋ b ə s i d ə
h ə n d o k t ə b ə
h á y y u
č ə ́ t t ə ́ n ə
l o y r ə ́ g ə
y á w n ə
t é y t h o k l ə ́ g ə
m á ŋ b ə d ə g i
t ə w r ə k p ə n i
č ə ́ t p ə d u d ə
t h ə ́ w r ə k ʔ ə ́ g ə
h á y b ə d u d ə n e
l ə y b ə d ú n ə n i
l ə y h ə w d o y n i k o
k h ə ́ ŋ ŋ e
č ə ́ t k h i b ə s i
k h u n g ə t t ú n ə
č a w r ə ́ b ə
h á y b ə d i
h ə n ǰ ə n ~ h ə n ǰ ə n
h ə w r o
t h e ŋ n ə d e
č ə ́ t n ə n ə ́ b ə
s ú d r i b ə n i
h á y r ə b
h á y b ə s i d i n e
h á y b ə d u d ə n e
y e ŋ ŋ í
č ə ́ ŋ l ə k p ə
č ə ́ t k h i g e
l ə ́ w d ə b ə r a
t ə w d e n e h é
p a l l ə m m i
h u n k ə t p ə d ə g i d i
h á y t r e
h á y r e
h á y b ə d i
č ə ́ t n i ŋ b o y
k h ó ŋ g o y n ə r e
k e k r ú h ə n ǰ ə b ə n i
ə y k h o y s u
t h e ŋ ǰ i l l ə ́ g ə
l ə y b ə g i
h á p k ə d ə b ə n i
m ə ́ h ə y
t ə w g e
m a k h o y n ə
č ə ́ t l u g e
t h á ŋ g ə y s é ŋ b ə
p h ə y
s a t r ə s i ŋ g i
t ə w b ə d u d ə
k h u m m ə k ʔ u
h á p k ə n i b ə ́
h á y t r e
y á w n ə
h a y d o k k h i d ə ́ n ə
l ə y d ə ́ n ə
č ə ́ t k ə n i
t ə m i n n ə d r e d ə ́ n a
t h a n l ə ́ b ə
h á y b ə s i n ə
h á y r i b ə d u b u
h é k n ə ́ b ə
č é n k h r ə ́ g ə
h á y r ə r ə n i
p h ó ŋ d o k k ə d ə y
t h ó r ə k t ú n ə
t a n č a b ə n i
l ə y t ə b ə
t ə w r ə m b ə d u d ə y d i
l ə ́ y r ə ́ b ə s i
l o y t h o k k h r e
m ə ́ y a s i
t ə w r ə m b ə d u d ə y d i
č ə ́ t k h i
h á y r i b ə d u d i
h á y b ə d ə g i
t ə w b ə d u d ə
w á n ə
ə ́ s í d ə
n ə m t h í k h r e d á
t ə w r i b ə n e
h ə n ú b ə n ə
h a y g ə t l ə k ʔ e
k h ó k l e
h á y d ú n ə
t h ó k k h ə r e
m í r ə ~ h á y d ə ́ n ə
č ə ́ t k h i b ə d ə g i d i
t ə w r ə k ʔ o
l ə ́ y r ə k k ə d ə b ə s i
l a k i n i
h á y r ə b
s i z i n b i r e
m ə t h ə ́ ŋ
p h ə ŋ n i ŋ b ə g i
n ú p á m ə ́ č á d u g i
h á y r ə k ʔ í
č ə ́ ŋ k h r b ə n e
l ə y d ə ́ n ə
h ə y t e
p a m m i b ə
y á w d r ə d i
h á y b ə d u d ə n e
t ə w k h r ə g e
h á y r ə k k ə n i
m ə ́ h ə y
ə ́ h a w ~ ə ́ h a w b ə
l ə y r ə m d ə d ə ́ n ə
m ə ́ d ə ́ y d i
t ə w s ə n s i
s i r e n e h é
č ə ́ t l ə g e n e
h á y r i b ə d u d i
y á n i ŋ d e d ə ́
l ə ́ y r ə ́ b ə s i
ə d u g i r o
t ə m m i n n ə ́ y
h á y r ə m m í
t ə w r ə m b ə g i
t h ó k h ə n d ú n ə
k i r e
h é k ʔ o
t ə w k h i d e
t h a l l ə ́ b ə
t h o ŋ ə d ə ́ n ə
t h e ŋ n ə b ə s i d ə
č ə ́ t p ə d ə
w á k ə ́ t l e
h é k l ə
č ə y b i r i s i b o
t ə w e b ə
t ə w s ə n s i
č ə ́ t k h i
t ə w r i b ə d u b u
č ə ́ t k h i b ə s i
t ə w r ə k p ə
í n k h ə t l ə ́ g ə
t h ə m m u
l ə ́ y r ə ́ b ə d u n ə
h á y b ə d i
l ə ́ y r ə ́ b ə s i
h a y d o k k h i d ə ́ n ə
h á p č ə n l ə m m í
k h u n l ə k l i b ə
t h u ŋ ŋ ə ́ b ə
m ə ́ h ə y
t ə w b ə d ə
t ə w r ə k p ə n i n ə
n ə ́ k h ó y g i
o y r i ŋ ə y
l ə ́ w d ə ~ y a d e
t ə w k h r ə g e
h á y b r o
l e y r ə m b ə d ə g i
k h ə ́ ŋ b ə
ə d u d ə b u
t ə w b í
p h ə ́ m d ə ́ n ə
č í k k ə d ə b ə n i
m á ŋ g ə d r a
p h ə ́ r ə b ə d i
