k e k r ú h ə n ǰ ə b ə š i s ú
h á y b ə s i d i n e
h á y b ə d u d ə n e
k h á ŋ b ə
s é m b ə
p h ə ́ t ʔ e
m í r ə ~ h á y d ə ́ n ə
h á y b ə s i d i n e
k i b ə n ə
č á g e
n ə ́ k h ó y g i
m í r ə ~ h á y d ə ́ n ə
m ə ́ y ú m s i d ə
t h ó k k h ə r e
k ə w r e
h á y b ə d i
t á r ə g ə d i
č ə ́ t t o y n o
í m á n ə
t ə m m ə
h á y b ə s i d i n e
h ə ŋ b ə ~ k a n s i d ə
m ə ́ k h ó y s ú
l ə ́ y r ə k k ə d ə b ə s i
h ə ́ w n ə b r ə n e
č á g e
h ə ́ w n ə b ə r o
ə ́ s i d ə y d ə
ə ́ y a m d u
t ə m m o
l ə ́ w n ə ́ b ə
p h ə r ə ́ b ə
m ə t h ə ́ ŋ
ə ́ d ú d ə d i
s i b ə
l ə ́ y r ə k k ə d ə b ə s i
t ə m m i n n ə ́ y y e
t ə m m i n n ə ́ y
m ə k ó k
l é ŋ ŋ o
p ə ́ ŋ č ə ́ t t ə ́ ~ č ə ́ t l ə m m í
l ə ́ w d ə b ə r a
t a r i b ə
n ə ́ č á n ə
p á y b í
h á p p ə
p h ə ́ t ʔ e
t ə m m i n n ə ́ y
s a t r ə s i ŋ n ə
l ə ŋ g ə d ə b ə n i
č í r ə k p ə d ə g i
s a t r ə s i ŋ n ə
p ə ́ ŋ č ə ́ t t ə ́ ~ č ə ́ t l ə m m í
h a y d ə n ə
t h ó k k h ə r e
p ə ́ ŋ č ə ́ t t ə ́ ~ č ə ́ t l ə m m í
ə p h ə ́ b ə
o y r ə
t h u ŋ ŋ ə ́ b ə
h á p č ə l l ə ́ g ə
t a b ə d ə g i
h á y d ú n ə
t h ó k k h ə r e
ŋ á w d ə ́ n ə
o y r i ŋ ə y
t a k h r e
y e ŋ l ə m m í
k a d ú n ə
k h ə ́ ŋ b ə
n u ŋ ŋ a y n ə ~ n u ŋ ŋ a y n ə
m ə ́ y a m d i
č ə ́ t k h i r e
t h a n l ə ́ b ə
h á y d ú n ə
í n k h ə t l ə k ʔ e
č ə ́ ŋ š ə l l ə m m í
n ə ́ č á n ə
l a k t e
m á ŋ n i n ə
č í k k ə d ə b ə n i
h ə w r ə k p ə d ə g i
č a w r ə k l ə ́ b ə
u b ə d ə
h á y r e
h á y d ú n ə
h á y d ú n ə
m ə ́ k h ó y s i
s i b ə
p h ə ́ m m e
t o k ʔ o
t h a d o r ə k ʔ e
l a k t e
h á y r e
h ə ́ w r ə m b ə
h á y r e
č ə ́ ŋ l ə k p ə
k h ə ́ ŋ d r ə ́ b ə n ə n i
ŋ á w š ə n n ə ́ y
h á y d ú n ə
s i b ə
l o y n ə m ə ́ k
h á y r e
p h ə ́ m b i y u
p á y b ə
l ə ́ w d ə ́ n ə
l ə ́ y b ə
ə d u n a
n a m ə n l ə d ə ́ n ə
l ə y r i b ə
č ə ́ t k h r ə b ə n i n ə
h á p š ə n k h r ə s i
k i r e
t h ə m m e
l ə y r i b ə
u h ə ́ y š i ŋ
k h ə ́ ŋ b ə
h á y d ú n ə
k h ə ́ ŋ b ə
h á y b ə s i n ə
h á y r ə k k ə n i
h á y r ə b ə d ə
h á y r i
h á y r ə b
k h ə ́ ŋ b ə
h á p l ə ́ g ə
h á y r ə b ə d ə
h á y r ə b ə d ə
t h ə w b ə d ə
h á y r ə b ə d ə
h á y r ə k k ə n i
t h e ŋ n ə b ə s i d ə
h á y r ə b
m ə ́ s í d ə g i
h á y r ə b ə d ə
h á y r ə b ə d ə
h á p l ə ́ g ə
h é k l ə
s i r e
č ə ́ ŋ l ə k p ə
ə ́ s í d ə
h á y r ə b
h ə n ǰ ə n ~ h ə n ǰ ə n
l a k t e
l ə y d ə ́ n ə
t h e ŋ n ə b ə s i d ə
h á y r ə b
h á y r ə b
l ə y d ə ́ n ə
h á y r ə b
h á y r ə b
h á y r ə k k ə n i
h ə n ú b ə
l ə y d ə ́ n ə
l ə ́ y h ə w d ə r e
t ə w r ə ́ b ə
h ə ́ w g ə t l ə k p ə
t ə w r ə k p ə
t ə w r ə k p ə
h á y r i
n a b ə n e
t ə w r ə k p ə
n ə ́ k h ó y g i
h á y b ə s i n ə
h á y d e
h á y b ə s i n ə
l o y t h o k k h r e
t ə w b ə d ə
h á y r i b ə s i
t h ə m m ə ́ g ə
h ə n ǰ ə n ~ h ə n ǰ ə n
t ə w e b ə
t ə w e b ə
t ə w b ə d ə
l ə y r ə ́ b ə
t ə w r ə ́ b ə
l ə y r ə ́ b ə
l ə y r ə d ə ́ n ə
t ə w r ə k p ə n i
y o n b ə
t ə w r e b ə
t ə m b ə n i n ə
l e y h ə w r ə m m í
č ə ́ t p ə d u d ə
h é k l ə
t ə w r ə ́ b ə
k h ə ŋ d e d ə
t ə w r ə ́ b ə
l ə y r ə d ə ́ n ə
h á y r i b ə s i
l ə ́ y r ə ́ b ə s i
č ə ́ t t o y n o
č ə ́ t p ə d i
t ə w e b ə
l ə y r i b ə
k h u n g ə t t ú n ə
y á w n ə
h á y r ə d ə w n i
l ə ́ y r ə ́ b ə s i
l ə y r ə d ə ́ n ə
t ə w b ə d ə
t ə w r e b ə
t ə w r ə ́ g ə n e
t ə w r e b ə
h á y b ə s i n ə
h á y r i s i
h á y b ə s i n ə
t ə w r e b ə
h á y b r ə b ə
h á y r ə m m í
l ə ́ y r ə ́ b ə s i
t h ó k h ə n d ú n ə
l ə ́ y r ə ́ b ə s i
h á y b ə d ə g i
t ə w r ə k p ə g i
h á y b ə s i n ə
l ə ́ y r ə ́ b ə s i
l ə ́ y r ə ́ b ə n i
t ə w r ə k p ə n i
l ə ́ y r ə ́ b ə s i
h ə w n ə d e b ə ́
h á y r i s i
č ə ́ t k ə n i
h á y b ə b u
t ə w r ə k p ə g i
č ə ́ t t ə ́ n ə
h á y r ə r ə n i
h á y r i s i
l ə y r ə d ə ́ n ə
h ə n ú b ə
h á y r ə r ə n i
t h ə w r ə k p ə d ə
č ə ́ t t o y n o
h á y r o
h ə w r ə m m í
y e ŋ n ə
l ə y r ə ́ b ə
h ə w r ə m m í
h á y b ə s i n ə
t ə w r i b ə n e
y e ŋ ŋ u k ó
t ə w r ə k p ə g i
t ə w r ə ́ g ə n e
h ə ́ w r ə k e
h á y b ə d ə g i
t a r ə m b ə
t ə w r ə ́ b ə s u
h á y r ə m m í
p á y r ə ́ g ə
y á w b ə
t h e ŋ n ə d e
h á y b ə d ə g i
l o y r ə ́ b ə
h á y r ə r ə n i
h á y d e
h á p l i b ə
č ə ́ ŋ k h r b ə n e
č ə ́ t l ə ́ b ə
s i n n ə k h r ə ́ b ə n i
k á d r ə ́ g ə s ú
t ə w r ə ́ b ə s u
h á y b r ə b ə
h á y r ə r ə n i
t ə w r i b ə n e
l ə ́ y r ə ́ b ə n i
ə d u d ə b u
p h ə ́ m b i y u
h á y r ə m m í
h á y r o
k h ə ŋ d e d ə
k h ə ŋ d e
h á y b ə d i
l ə y t ə b ə
t ə w r i b ə n e
č ə ́ ŋ ə k ʔ i b ə
č ə ́ t l ə ́ b ə
l ə ́ y r ə ́ b ə n i
h á y b ə s i n ə
t ə w r u b ə
h á y b ə d i
č ə ́ t k ə n i
h á y d e
č ə ́ t k ə n i
t h ó k h ə n d ú n ə
t h ó k č ə n n ə k h r ə ́ g ə
h á y d e
l ə y t ə n ə
č ə ́ ŋ d ú n ə
t ə w r ə ́ b ə s u
m ə ́ k h ó y s ú
l ə y t ə n ə
h ə w r ə m m í
t ə w r u b ə
t ə w r i b ə n e
t ə w r i b ə n e
p h ə ŋ b ə
s i n n ə k h r ə ́ b ə n i
h á y r ə m m í
č ə ́ ŋ ə k ʔ i b ə
h á y r ə k p ə s i d ə
h á y d e
h á y r ə k p ə s i d ə
h á y b ə d ə g i
t ə w s i
h á y r ə k p ə s i d ə
í m á n ə
t h e ŋ n ə d e
t ə w r ə m b ə g i
t ə w r u b ə
h á y b ə d i
h á y d e
č ə ́ t p ə d ə
t h e ŋ ǰ i l l ə ́ g ə
h á y t r e
k h ə ŋ d e d ə
t ə w r ə m b ə g i
h á y r ə k ʔ e
k ə w r ə m m í
č ə ́ t p ə d ə
h á y r ə d ə w n i
h á y y e b ə
h á y b ə d i
h á y r ə k ʔ í
s i r e n e h é
m a n n ə r ə m m í
t h e ŋ ǰ i l l ə ́ g ə
l ə y t ə b ə
č ə ́ t p ə d ə
č ə ́ t ə w r i b ə
h á y b ə d i
č ə ́ ŋ d ú n ə
h á y r ə d ə w n i
t ə w r ə k ʔ o
č ə ́ ŋ d ə b ə
l ə y t ə b ə
h á y r ə k p ə s i d ə
t ə m g ə d ə b ə
t ə w r ə k ʔ o
l ə ́ w s i l l ə ́ g ə
k ə ́ p p ə n ə
č ə ́ t k h i
č ə ́ t ə w r i b ə
t ə w r ə m b ə g i
h ə w n ə d e b ə ́
h á y y e b ə
l o y r e
h á y r ə d ə w n i
y á w r i b ə n i
t ə w s i
t ə w r ə ́ b ə s u
y á w r ə m m o
č ə ́ t ə w r i b ə
č ə ́ t ə w r i b ə
l o y r ə ́ g ə
h á y r ə k t e
h á y b ə n ə d i
t ə w g e
č ə ́ ŋ k h r b ə n e
h ə w n ə d e b ə ́
h á y t r e
h á y r ə k ʔ í
h ə w r o
č ə ́ t ə w r i b ə
h ə w r o
m á ŋ b ə d ə g i
t ə w r ə k p ə n i n ə
h á y y u
h á y r ə r o y
h ə w n ə d e b ə ́
t ə w r ə k p ə n i n ə
h á y b r o
l ə ́ y r ə ́ b ə g i
h á y r ə k t e
h á p š ə n k h r ə s i
l ə ́ y r ə ́ b ə g i
h á y r i b ə d o
t ə w g e
h á y r ə k ʔ í
t ə w r ə k p ə n i n ə
k á d r ə ́ g ə s ú
h á y r ə k ʔ í
h á y r i b ə d o
h á y r ə r o y
t ə w b ə n i n a
t h ə m m u
h á y r ə r o y
t ə m g ə d ə b ə
n u ŋ a y t ə d ə n ə
h á y r ə k ʔ í
t ə w g e
y á w n ə
h á y r ə r o y
t ə w r ə k ʔ o
h á y r ə k t e
t ú m m ə m ŋ ə y s i d ə
h á y b ə n ə d i
h á y r i b ə d o
m ə ́ y a m
h á y b r o
h á y b r o
t h ó k t ú n ə
k á k h ə t l ə ́ g ə
č ə ́ t k h i
č ə ́ t p ə s i d ə
h ə l l ə k p ə g i
l ə ́ y r ə ́ g ə d i
h á y r ə k t e
s i r ə ́ b ə n i
t ə w k h r ə g e
t ə w b ə n i n a
t ə w k h r ə g e
k h ə ́ ŋ n ə r ə ́ b ə n i n ə
h á y t r e
k á k h ə t l ə k ʔ ə ́ g ə
l ə y r ə m d ə d ə ́ n ə
p h ə ́ r ə b ə d i
p h ə ́ r ə ́ g ə
č ə ́ t k h r ə ́ g ə
t h e ŋ n ə d r ə ́ b ə d ə
p h ə ́ m d ə ́ n ə
p ə ́ ŋ s a w d ə ́ ~ s a w d ú n ə
s a t r ə s i ŋ g i
t ə m b i r i
h á y m ə l l ə d ə ́ n ə
ə ́ h u m n ə
l ə y r ə m d ə d ə ́ n ə
h é k ʔ ə d ə ́ n ə
t a r ə m b ə
h á y m ə l l ə d ə ́ n ə
č ə ́ t p ə s i d ə
l ə y b ə d ú n ə n i
č a w k h r ə ́ b ə d u d a
k h ə ́ ŋ d r ə b ə n i
k h ə ́ n k h r e
l ə ́ w b ə d ú n ə n i
t ə w r ə r o y
l ə y b ə n i n ə
h á y m ə l l ə d ə ́ n ə
ə d u g ə
t ə w k h r ə g e
l ə y b ə n i n ə
h ə n ú b ə n ə
h á y m ə l l ə d ə ́ n ə
t ə w r ə r o y
č ə ́ t l ə g e n e
č ə ́ t k h i
l ə ́ y r ə ́ b ə d u n ə
č ə ́ t k h i
h á p č ə n l ə m m í
l ə y b ə d ú n ə n i
t ə m g ə d ə b ə
t ə w k h r ə g e
t ə w g e n ə
h á y y u
l ə y b ə d ú n ə n i
h á y b ə b u
h á y y u
t ə w r i s i d i
n ə ́ m s i n d ú n ə
h ə ́ w g ə t l ə ́
p á y r ə b í
h ə w g ə t l ə ́ g ə
l ə y b ə d ú n ə n i
h á y m ə l l ə d ə ́ n ə
l e y r ə m b ə d ə g i
l ə ́ y h ə w d ə r e
h ə n ú b ə n ə
č ə ́ t k h r ə ́ g ə
l ə y b ə d ú n ə n i
h á y y u
t ə w r ə r o y
l ə y b ə d ú n ə n i
o y n ə b ə
l e y r ə m b ə d ə g i
k h ə ́ ŋ d r ə b ə n i
h á y m ə l l ə d ə ́ n ə
h á p č ə n l ə m m í
h ə n ú b ə n ə
č ə ́ t k h i b ə d ə
h á p k h ə t l ə ́ g ə
h á y b ə b u
l e y r ə m b ə d ə g i
t ə m g ə d ə b ə
l e y r ə m b ə d ə g i
h á y m ə l l ə d ə ́ n ə
l ə y b ə g i
t ə w s ə n s i
l ə y t e
h á y r i b ə d u d i
l ə y k h i
č ə ́ t n ə y d ə ́ n ə
č ə ́ t k h i b ə d ə
t ə w r i s i d i
č é n k h r ə ́ g ə
t ə w r i s i d i
č a w r ə ́ b ə
p h ə ŋ b r o
l a k i n i
č ə ́ t k h r ə ́ g ə
k ə w w í
p h ə ́ m b i y u
l ə y b ə g i
h á y r i b ə d u d i
l e y r ə m b ə d ə g i
l ə y k h i
k e k r ú h ə n ǰ ə b ə n i
t ə w b í
h á y r i b ə d u d i
ə ́ n í r o
h á y r i b ə d u d i
č ə ́ t k h i b ə s i
k ə w w í
h á y r i b ə d u d i
t ə w b í
l ə y b ə g i
h á y r i b ə d u d i
t ə w b ə d u d ə
h á y r i b ə d u b u
t ə w b í
p h ə y
t ə w s ə n s i
č ə ́ ŋ ə k ʔ e
m ə ́ č á
s i r e n e h é
h á y r i b ə d u d i
h á y b ə b u
h á y r i b ə d u d i
t ə w b ə d u d ə
č ə ́ t l ə g e n e
s i z i n b i r e
h á y b ə b u
č ə ́ t l o
h á y r i b ə d u b u
h é k n ə ́ b ə
t ú m i n l ə y r o
t ə w b í
n u ŋ ŋ a y r ə d ə w n i
h á p č ə n l ə m m í
h á y b ə b u
ŋ a y r ə m m e
č ə ́ t k h i b ə s i
t ə w b ə d u d ə
t ə w s ə n s i
h é k ʔ o
č ə ́ t k h i b ə s i
č ə ́ t k h i g e
č ə ́ t l o
n ə ́ m g e
č ə ́ t n i ŋ b ə n ə
h á y r i b ə d u b u
h á p k ə n i b ə ́
t ə w r ə m b ə d u d ə y d i
t ə w k h i d e
t ə w r ə g e d o
l ə ́ y r ə ́ b ə d u n ə
č ə ́ t l ə g e n e
t ú m d e
l ə ́ y r u g h i n i
t ə w k h i d e
č ə ́ t k h i b ə s i
h á y r i b ə d u b u
h á p k h ə t l ə ́ g ə
y e ŋ b ə s i d ə
l ə ́ y r ə ́ b ə d u n ə
h á p k h ə t l ə ́ g ə
k e k r ú h ə n ǰ ə b ə s i n ə
k h ə ŋ l ə m l ə b ə d i
h ə n l ə k č ə w
č ə ́ t l o
s í ǰ i n n ə b ə g i
h á p k ə n i b ə ́
č ó t p ə d u d ə
p h ə y
k ə ́ r ə m ~ h á y n ə
k h ə ŋ l ə m l ə b ə d i
č ə ́ t k h i b ə s i
t ə w r ə g e d o
č ə ́ t l ə g e n e
č ə ́ t k h i g e
č ə ́ t k h i g e
t ə w k h i d e
t ə w r i b ə d u b u
č ə ́ t k h i g e
s a t r ə s i ŋ s u
t h ó k p ə n i d ə ́ n ə
m ə n í ŋ t h ó ŋ d ə
t h ə m k h r ə ́ b ə n i
č ə ́ t n i ŋ b ə n ə
y e ŋ b ə s i d ə
p h ó ŋ g e
h á p č ə n l ə m m í
k ə ́ r ə m ~ h á y n ə
l a k i n i
č ə ́ t n i ŋ b ə n ə
h é k ʔ o
t h e ŋ ǰ ə n b ə d ə g i
h ə ́ w g ə t l ə k p ə
k ə ́ r ə m ~ h á y n ə
h ə n ú b ə s i
h ə n ú b ə s i
k ə w b i y u
č ə ́ t k h i g e
h á p k ə d ə b ə n i
s a n n ə r ə m m í
h ə n ǰ i l l ə k p ə s i d ə
t ə w r i b ə d u b u
t ə w r ə g e d o
č ə ́ t n i ŋ b ə n ə
k h ó k l e
n u ŋ ŋ a y r ə d ə w n i
č ə ́ t k h i g e
n u ŋ ŋ a y r ə d ə w n i
h á y b ə b u
t ə w r i b ə d u b u
y á w r ə m m í
h ə n ǰ i l l ə k p ə s i d ə
č ə ́ t l u g e
č ə ́ t l u g e
p h ə y d ə ́
č ə ́ t l u b ə d ə g i
m ə č ə ́ t k h í
y á w d r ə d i
ə ́ h u m n ə
y á w r ə m m ə n e b ə
h é k ʔ o
h ə ́ w r o y
m ə č ə ́ t k h í
t ə w r ə g e d o
č ə ́ t l u g e
m ə č ə ́ t k h í
n u ŋ ŋ a y ǰ ə r i n i d ə ́
h á p k ə n i b ə ́
í n k h ə t l ə ́ g ə
č ə ́ t l u b ə d ə g i
t h ə m m u
h ə n ú b í d u n a
t ə w g ə d ə w r i b ə n o d ə
č ə ́ t l u b ə d ə g i
č ə ́ t p r a
k h ə ŋ ŋ i p ó t n i
s i r e n e h é
s i r ə d ə w n i
m ə č ə ́ t k h í
ə ́ s é ŋ b ə d u
t ə w b ə b u d i
t ə w g ə d ə w r i b ə n o d ə
n ó y g i
h a y d o k k h i d ə ́ n ə
h a y d o k k h i d ə ́ n ə
h ə ́ w r o y
h ə n ú b í d u n a
č ə ́ t m a n e
ə ́ h a w b ə
t ə w d e n e h é
y á w r ə m m ə n e b ə
t ə w b ə b u d i
č ə ́ t m a n e
h a y d o k k h i d ə ́ n ə
h a y d o k k h i d ə ́ n ə
l a k ʔ e n e
h a y d o k k h i d ə ́ n ə
l ə y r i s i d i
k h ə ŋ ŋ i p ó t n i
h a y d o k k h i d ə ́ n ə
h á p č i l l e r ə ́ g ə
t ə w b ə b u d i
č ə ́ t m a n e
h a y d o k k h i d ə ́ n ə
l e y r i ŋ e y d u d ə
y á w k h r ə ́ b n i n e
t ə w b ə b u d i
u b ə d u d ə
n u ŋ ŋ a y b r a
t ə w r i b ə ǰ a t n o d ə
č ə ́ t m a n e
y á w d r ə d i
h ə n ú b í
l ə y r i s i d i
l ə y r i s i d i
y e ŋ b i r u n u
t ə w r i b ə ǰ a t n o d ə
l e y r i ŋ e y d u d ə
s i r ə m g ə n i d ə ́
p á y
m ə k h o y b u
ə ́ h u m n i
l ə ́ y r u g h i n i
t ə w r i b ə ǰ a t n o d ə
l ə ́ y r u g h i n i
t ə m i n n ə d r e d ə ́ n a
t ú m d r i
y á w g ə d ə w r i b ə n o d ə
l a k p ə s i g i
ə ́ h u m n i
l a k ʔ í
t ə w r ə m d o y n o
ə ́ h u m n i
t ə w r ə m d o y n o
y á w g ə d ə w r i b ə n o d ə
n u ŋ ŋ a y r e d o
l e y r i ŋ e y d u d ə
t ə w r ə m d o y n o
t ə w r ə m d o y n o
l e y r i ŋ e y d u d ə
s i k h i b ə
h a y g ə t l ə k ʔ e
h ə n ú b í
y á w k h r ə ́ b n i n e
s i k h i b ə
t ə m n i ŋ n ə
y á w h ə n l o y
m ə ́ h ə y
p h ə ŋ n i ŋ b ə g i
y á w h ə n l o y
t ə m m i n n ə b r ə
h a y g ə t l ə k ʔ e
h ə n ú b í
m ə ́ h ə y
l e y r i ŋ e y d u d ə
y e ŋ b i r u n u
y á w k h r ə ́ b n i n e
l e y r i ŋ e y d u d ə
y e ŋ ŋ u k ó
s i n g e b ə
m ə ́ h ə y
s i k h i b ə
m ə ́ h ə y
p u ~ č ə ́ t p ə d ə
l a k ʔ ə g e b ə
l ə y h ə w d o y n i k o
t ə m m i n n ə b r ə
p u ~ č ə ́ t p ə d ə
l ə y h ə w d o y n i k o
n u ŋ ŋ a y t ə r e
h ə n ú b í s i
s i r o
l a k p ə s i g i
í h a n ~ h a n b ə
t ú m k h r ə ́ b ə
m ə č á d u b u
h ə n ú b í s i
p ə ́ ŋ č ə ́ t t ə ́ ~ č ə ́ t l e
n ú p í ~ h á y b ə
p ə ́ ŋ č ə ́ t t ə ́ ~ č ə ́ t l e
č ə ́ t n i ŋ b o y
h ə n ú b í g i
t h ó k ʔ u
n ú p í ~ h á y b ə
s u m ~ l ə y b ə s i
s u m ~ l ə y b ə s i
í t a w b u
