h ə w r ə k p ə d ə g i
h á y b ə s i d i n e
k h ə ŋ d e d ə
t h ó k k h ə r e
h á y r i b ə d u d i
n ə ́ m s i n d ú n ə
s i k h i b ə
s é m b ə
t ə m g ə d ə b ə
k ə w b i y u
t ə w s i
l ə ́ w s i l l ə ́ g ə
h á y b r o
u b ə d u d ə
m ó y g i d i
h á y d e
h á p č i n l ə ́ g ə
h ə ́ w n ə b ə r o
k h ə ŋ d e
y á w r ə m m ə n e b ə
l ə y r i s i d i
l ə ́ w t h o k ʔ ə m m ə n i
h á p č ə n l ə m m í
t ə w g ə d ə w r i b ə n o d ə
č ə ́ t k h i
t ə w e b ə
t ə w r ə g e d o
č ə ́ t m a n e
t ə w r ə k p ə g i
m ə ́ r ó n d ə
h á y r ə b
í m a ŋ s i d ə
t ə w r i b ə
l e y r ə m b ə d ə g i
t ə w r ə k p ə g i
k ə w r e
h ə n ǰ i l l ə k p ə s i d ə
s i r e n e h é
k ə w r ə m m í
h ə n ú b í d u n a
h á y r ə k p ə s i d ə
s í ǰ i n n ə b ə g i
l ə ́ w n ə ́ b ə
č ə ́ ŋ d ú n ə
h á y m ə l l ə d ə ́ n ə
t ə w r ə k p ə g i
l e y r ə m b ə d ə g i
h á y r i
l ə y r i b ə
ə ́ d ú g u m b ə
č ə ́ t l o
č ə ́ t m a n e
ə ́ s í g i
í m á n ə
k ə ́ p k ə d ə g e
m ə ́ k h ó y s ú
l ə y r i b ə
s é t t o k ʔ ə ́ g ə
t ə w r i b ə n e
k h ə ́ ŋ d r ə b ə n i
t ə w r e b ə
p h ə ́ t ʔ e
m í r ə ~ h á y d ə ́ n ə
t a w u d ə ́
h ə n ú b í n i n ə
k á d r ə ́ g ə s ú
l e y r i ŋ e y d u d ə
y á w g ə d ə w r i b ə n o d ə
p á y r ə b í
k h ə ́ ŋ ŋ e
s i r e
t ə w s i
t h e ŋ n ə d r ə ́ b ə d ə
h á p š ə n k h r ə s i
í n k h ə t l ə k ʔ e
h á p č ə n p ə
h á y r o
h á y b ə s i n ə
ə ́ h i ŋ s i d ə
h á p č ə n l ə m m í
ə ́ h a w b ə
ə d u n a
k e k r ú h ə n ǰ ə b ə d a
s i n g e b ə
t ə w b í
m ə ́ s í g i d i
k á k h ə t l ə k ʔ ə ́ g ə
p h ó ŋ g e
s i k h i b ə
t ə w r i b ə ǰ a t n o d ə
h é k ʔ o
č ə ́ t l e n ə
h á y d ú n ə
č ə ́ ŋ š ə l l ə m m í
h á y r ə k t e
s i n n ə k h r ə ́ b ə n i
l ə ́ y r ə ́ b ə d u n ə
č ə ́ t p ə
k ə ́ r ə m ~ h á y n ə
h ə n ú b ə n ə
h á p č ə l l ə ́ g ə
y a b r a
h á y r ə d ə w n i
t ə w r ə ́ b ə
ə m ə t ʔ ə d i
t ə m m i n n ə b r ə
s a t r ə s i ŋ s u
k h ə ́ ŋ d r ə ́ b ə n ə n i
č ə ́ t k h r ə ́ g ə
t ə w r i s i d i
t ə w g e n ə
t ə w g ə d ə w r i b ə n o d ə
n ə ́ č á n ə
t ə w b ə d u d ə
h á p č ə n l ə m m í
č ə ́ t k h r ə b ə n i n ə
ə ́ y a m d u
m ə č ə ́ t k h í
t ú m m ə m ŋ ə y s i d ə
h á y y u
l ə ́ y r ə ́ b ə s i
t ə w r ə r o y
h ə l l ə k ʔ e b ə
h á y r ə k k ə n i
ə ́ n í r o
h á y r ə d ə w n i
y e ŋ í
č ə ́ t k h i g e
h ə n ú b í
p h ə y d ə ́
l ə ́ y r ə ́ g ə d i
ə n i ~ t h ó k n ə
t h ə w b ə d ə
m á ŋ n i n ə
č ə ́ t p ə d ə
h á p k h ə t l ə ́ g ə
l ə y t ə b ə
l a k t e
h á y d e
n ə ́ č á n ə
h á y r ə d ə w n i
č ə ́ ŋ ə k ʔ e
l ə ́ y r u g h i n i
h ə y n i ŋ d r ə b ə
h a y g ə t l ə k ʔ e
ə d u g i r o
h á y m ə l l ə d ə ́ n ə
t ə m m i n n ə ́ y y e
t á k p ə d ə g i
p a l l ə b ə
y e ŋ l ə m m í
m í r ə ~ h á y d ə ́ n ə
t a k h r e
h á y b ə s i d i n e
č ó t p ə d u d ə
t ə w b í
h á y y u
t ə w r i b ə ǰ a t n o d ə
n ə m t h í k h r e d á
p h ə m m ə ́ g ə
ə ́ k ó y b ə d u d ə
k i b ə n ə
y á w h ə n l o y
č i ŋ n ə ́ b ə
h á y d e
l ə y r ə m d ə d ə ́ n ə
k i r i b ə
č ə ́ t k h r ə ́ g ə
t ə w r ə k p ə
k h ə ŋ d e d ə
m á d ə ŋ d i
k á d r ə ́ g ə s ú
l ə ́ w b ə d ú n ə n i
ə d u n a
t ə w b í
h á y y e b ə
h á p l i b ə
t ə w r e b ə
t ú m d r i
t h ə ́ w w i d ə ́ n ə k ó
k h ə ́ ŋ b ə
y e ŋ n ə
t ə w r ə k p ə n i n ə
s i n n ə k h r ə ́ b ə n i
h á y r ə r ə n i
t ə m h ə n g ə d ə w r i b ə n o
m ə k ó k
h á y r i s i
h á y r ə k ʔ í
s i r ə d ə w n i
h a y d o k k h i d ə ́ n ə
l ə y r ə ́ b ə
h á y b ə d i
k a l i m u b í
k h ə ́ ŋ n ə r ə ́ b ə n i n ə
l o y r ə ́ b ə
y e ŋ í
h ə w r o
y e ŋ ŋ u k ó
ə ́ h u m n i
l a w t h ə r ə m m í
č ə ́ t k h i g e
y e ŋ b i r u n u
m ə č ə ́ t k h í
t ə w r u b ə
k h ə ́ ŋ d r e
č ə ́ t ə w r i b ə
l a w t h o k ʔ e
p h ə ́ m b i y u
t ə m n i ŋ d r ə b ə
l ə ́ y r ə ́ b ə s i
h ə ́ w r ə k k h i b ə
m ə ́ y ú m s i d ə
n a m ə n l ə d ə ́ n ə
h ə l l ə k p ə g i
h á y d e
k h ə z í k t ə ŋ
h a y d ə n ə
ŋ a n t h o k p i r o
h á y r ə k k ə n i
s i b ə
m ó y s i
í t ə n d ə ́ ~ t ə n d ə ́ n ə
k ə ́ r ə m ~ h á y n ə
h á y r ə b ə d ə
p ə ́ ŋ s a w d ə ́ ~ s a w d ú n ə
n ə ́ m g e
í m a n n ə b ə
l ə y k h i
č í r ə k p ə d ə g i
l e y r i ŋ e y d u d ə
č ə ́ t k h i g e
č ə ́ ŋ l ə k p ə
l ə ́ w r ə ́ g ə
p h ə ́ t ʔ e
s u m ~ l ə y b ə s i
k h ə ́ ŋ ŋ e
t ə w g e
m ə ́ d ú d i
h á y r i b ə s i
h á y m ə l l ə d ə ́ n ə
l ə ́ y b ə
h á y b ə b u
p ə ́ ŋ č ə ́ t t ə ́ ~ č ə ́ t l ə m m í
h á y m ə l l ə d ə ́ n ə
h ə w r e
h ə n ú b ə s i
m ə ́ y a m
h á y b ə d i
t ə w r ə m b ə g i
p u ~ č ə ́ t p ə d ə
t ə w r ə ́ g ə n e
t ə w r e b ə
y á w k h r ə ́ b n i n e
y á w k h r ə ́ b n i n e
h ə n ú b í
l a k t e
h ə ́ w r ə k e
č a w k h r ə ́ b ə d u d a
h á y b ə s i n ə
l a k i n i
h é k ʔ ə d ə ́ n ə
č ə ́ t l o
t ə m g ə d ə b ə
h á n t h ə r ə ʔ l i b ə s i n i n e
k h ú d o n b í d ə
č ə ́ t n ə y d ə ́ n ə
n u ŋ ŋ a y r ə d ə w n i
č ə ́ t n i ŋ d ə b o y
ŋ á w d ə ́ n ə
t ə w r ə g e d o
h á y r i b ə d u b u
h á y t r e
n u ŋ ŋ a y r e d o
t h ə w d u n a
l e y r i ŋ e y d u d ə
y á w h ə n l o y
h á y d ú n ə
č ə ́ t l u b ə d ə g i
n ó y g i
h é k l ə ́ g ə
m ə s á n ə
h á y r i b ə d u d i
h á y b ə b u
k ú m t h ə r ə k ʔ e
h ə n ú b ə s i
h á y b ə d u d ə n e
p h ə y
č ə ́ t t o y n o
n ú p í ~ h á y b ə
n ə ́ k h ó y g i
m ə č ə ́ t k h í
p ə ́ ŋ č ə y ~ č ə y b i b ə b o
t ə w r i b ə ǰ a t n o d ə
p h ú d h ə r o
s a n n ə r ə m m í
í t ə ́ t ~ t ə ́ t t ə ́ n ə
s i r o
h á y b ə s i n ə
t h ó r ə k ʔ ə m m í
u b ə d ə
h á y r ə b ə d ə
h á y r ə k p ə s i d ə
t ə w r i b ə n e
p h ə ́ m m e
h ə ́ w r ə m b ə
k h ə ŋ l ə m l ə b ə d i
n ú p í ~ h á y b ə
t h ó k č ə n n ə k h r ə ́ g ə
t ə m b u ~ t ə m n i ŋ d ə b ə ǰ a t n i
č ə ́ t k h r ə ́ g ə
h ə w r e
p á y r ə ́ g ə
t ə w r ə ́ b ə
s ú k y a m n ə
h á y d ú n ə
h a y d ə n ə
m í r ə ~ h á y d ə ́ n ə
l ə y b ə g i
t ə w k h i d e
m ə ́ s á ~ m ə ́ s á n ə
n u ŋ ŋ a y ǰ ə r i n i d ə ́
m a n n ə r ə m m í
h ə n ú b í
h á y r ə r ə n i
m á d ə ŋ d i
k ú m t h ə r ə k p ə s i d ə
l ə y r i s i d i
t ə w r ə ́ b ə s u
h ə w n ə d e b ə ́
h a y d ə n ə
k h ə ́ n n ə ́ b ə
t h e ŋ ǰ i l l ə ́ g ə
t ə w r i b n i
h é k l i
l ə ́ w d ə ́ n ə
t ə w r ə k ʔ o
h ə n ú b í g i
h á y r i
l ə ́ y h ə w d ə r e
k e n g e
m ə ́ m á s ú
t é y t h o k l ə ́ g ə
ə m ə d i
ə y u k
k h ə ŋ ŋ i p ó t n i
m ə s i d ə
h ə y t ə d ə ́ n ə
l ə y b ə d ú n ə n i
h ə w r e
h ə ́ w r o y
ə y g i s i s u
č ə ́ t n i ŋ b ə n ə
č ə ́ t m a n e
h á y r i s i
t é k ʔ e d ə ́ n ə
č ə ́ t l o
t ə w r u b ə
č ə ́ t l ə g e n e
k ə y n o m ə
h a y d o k k h i d ə ́ n ə
h á y b ə b u
p ú m l ə ŋ ~ l ə ŋ k h r e
h a n n ə g i
ə ́ s é ŋ b ə d u
h á y b r o
č ə ́ t p ə d i
n u ŋ ŋ a y n ə ~ n u ŋ ŋ a y n ə
h á y b ə s i d i n e
č ə ́ t k h i b ə s i
h á y b ə d u d ə n e
č ə ́ t k ə n i
n ə ́ m g ə d ə w r i b ə
ə ́ ŋ á ŋ s i ŋ
p h ə ŋ ŋ ə m m o y d r ə
n u ŋ a y t ə d ə n ə
č ə y b i r i s i b o
y a r ə r o y
t h ə w r ə k p ə d ə
h á p s i n b ə
h á y b ə d ə g i
p h ə ́ m b i y u
o y n ə b ə
l é ŋ b i r ə k p ə b o
t á r ə g ə d i
t ú m d e
h á y b ə s i n ə
n u ŋ ŋ a y r ə d ə w n i
t ə w r ə ́ b ə s u
n ə ́ k h ó y
č ə ́ t t o y n o
t ə w r ə k ʔ o
p ú m l ə ŋ ~ l ə ŋ k h r e
h á p š ə n k h r ə s i
č ə ́ t k h i b ə d ə
m ə ́ y á n ə
p a m m i
h á y y u
h ə ŋ b ə ~ k a n s i d ə
k h ə ́ ŋ d ə d ú n ə
h á y r i b ə d u b u
k e k r ú h ə n ǰ ə b ə š i s ú
h ə ŋ b ə d ə
p h ə ́ m b i y u
p h ə ŋ b ə s ú
l ə y b ə d ú n ə n i
h á y r o
n ó h ó y
l ə y b ə n i n ə
m ə ́ k h ó y s ú
k h á ŋ b ə
č ə ́ t l ə ́ b ə
t ə m m u r i b ə
k ə ́ p p ə n ə
h á y r ə r o y
l é ŋ ŋ o
h ə n ú b í s i
n a m ə l l ə k ʔ ə d ə ́ n ə
l a k t e
h ú r á n b ə s i
h a y d o k k h i d ə ́ n ə
k h ə ́ ŋ d r ə b ə n i
č a w r ə k l ə ́ b ə
h á y r i b ə d u b u
l o y n ə m ə ́ k
t ú m i n l ə y r o
t ə m m i n n ə b r ə
č í n n ə
h u n ǰ ə n b i d r ə ́ b ə s u
m ə ́ s í d ə g i
l e y r i ŋ e y d u d ə
h ə y b ə
h á y b ə b u
h á y r ə k ʔ í
l ə y d ə ́ n ə
h é k l i
h ə w b i r e
ə p h ə ́ b ə
l ə y b ə d ú n ə n i
s a r ə k p ə
t ə w b ə n i n a
t ə w r i b ə
h á y b ə n ə d i
k a d ú n ə
p ə ́ ŋ č ə ́ t t ə ́ ~ č ə ́ t l ə m m í
p h ə r ə ́ b ə
k h ə ́ ŋ b ə
h á p k ə n i b ə ́
ə ́ s i d ə y d ə
p ə ́ ŋ č ə ́ t t ə ́ ~ č ə ́ t l ə m m í
s a r ə k p ə
n u ŋ ŋ a y t ə r e
t h e ŋ ǰ ə n b ə d ə g i
t h a ŋ ə ́ k ʔ e
l ə y r ə d ə ́ n ə
k e k r ú h ə n ǰ ə b ə s i n ə
ə ́ d ú d ə d i
s é m g ə t p ə
h á p k h ə t l ə ́ g ə
h é k l ə
h ə w n ə d e b ə ́
k h ə ŋ b r a
č ə ́ t ə w r i b ə
m ə č á d u b u
t ə w r ə ́ g ə n e
s a t r ə s i ŋ n ə
t h ə m m e
m ə ́ s í d ə y d i
y á w k h r ə ́ b n i n e
y e ŋ b i r u n u
t h ə m m ə m m í
h á y r ə k t e
l ə ́ y r u g h i n i
t ə w b ə b u d i
t ə m g ə d ə b ə
m ə k h o y b u
h á y r ə b
m ə ́ y a m d i
č ə ́ t k h i r e
t h ə m k h r ə ́ b ə n i
t ə w r ə k p ə n i n ə
t ú m k h r ə ́ b ə
t ə w s ə n s i
č ə ́ t ə w r i b ə
t ə w r ə m d o y n o
t ə w r ə ́ b ə s u
p ə ́ ŋ č ə ́ t t ə ́ ~ č ə ́ t l e
t h e ŋ n ə b ə s i d ə
h ə w r ə m m í
t ə w k h r ə g e
h á y d ú n ə
t ə w r ə m d o y n o
h á y r i b ə d u d i
t ə w r u b ə
ó n i ŋ k h ə r e
h á y d e
č ə ́ t m a n e
h á y b r ə b ə
s i r ə m g ə n i d ə ́
t ə m m o
č ə ́ t ə w r i b ə
k h ə ŋ l ə m l ə b ə d i
h á y r ə k ʔ í
h á y b ə s i n ə
t ə w r ə ́ b ə
l ə ́ y r ə ́ b ə n i
h á y b ə b u
l e y r i ŋ e y d u d ə
m ə č ə ́ t k h í
l ə ́ y r ə ́ b ə n i
č ə ́ t k h r i b ə
h á y r ə k p ə s i d ə
m ə ́ č á
t ə w r ə r o y
h é l ó y s i ŋ n ə
t h a d o r ə k ʔ e
h ú r á l l i ǰ a t l ə n e
h ə n l ə k č ə w
h á y r ə k t e
h é k ʔ o
ə p h á w ~ ə p h á w b ə
k a d ú n ə
m ə ́ t ə ́ y ~ m ə ́ n a w
h á y r ə m m í
l ə y b ə n i n ə
t ə w r i b ə n e
p a m m i
n ə ́ t t e k ó
č ə ́ t k h i g e
s é t č á r ə d ú n ə
ŋ a y r ə m m e
p h ə ́ m l ə ́ y
h á y b ə b u
k h ó ŋ n ə
p ə ́ ŋ č ə ́ t t ə ́ ~ č ə ́ t l e
í t a w b u
č ə ́ t k h i d e
l e y h ə w r ə m m í
n u ŋ ŋ a y b r a
l ə y b ə d ú n ə n i
k i r e
t ə w b ə d ə
k ə w w í
t a r i b ə
h ə w n ə d e b ə ́
t ə w r i b ə n e
h á y r i b ə s i
č ə ́ ŋ ə k ʔ i b ə
l ə y t ə b ə
h á p č i n l ə ́ g ə
t ə w r ə m b ə g i
h ə n ú b ə
k h ə ŋ d e d ə
ə d u g ə
k h u m d r ə ́ b ə d i
k h ə ŋ ŋ i p ó t n i
l ə ́ y r ə ́ b ə g i
l ə ́ w b i r o y d ə b ə r a
č ə ́ t k ə n i
l ə y r i b ə
ə ́ h u m n i
h á y r e
s é g a y d ú n ə
y á w r i b ə n i
t ə w r i b n i
h á y r i b ə d o
t ə w r i b ə
č ə ́ t k h i b ə s i
ə d ə y d ə
l ə y t ə n ə
s a t r ə s i ŋ g i
t a r ə m b ə
h ə ́ w g ə t l ə k p ə
y á w r ə m m í
t ə w r ə m d o y n o
s i r ə ́ b ə n i
k h ə ́ ŋ b ə
t ə w r ə k p ə n i
ə y k h o y s u
t ə w e b ə
y o n b ə
k h á m m í
h á y r ə r o y
h á y r i b ə d u d i
y ə w d r i ŋ ə y d u d ə
l ə y r ə d ə ́ n ə
y á w d r ə d i
h á y m ə l l ə d ə ́ n ə
l ə y r ə d ə ́ n ə
t h e ŋ n ə d e
í n l ə m m i
k h ə ́ ŋ l e
h ə ́ w g ə t l ə ́
t ə m m i n n ə ́ y
m ə ́ k h ó y s i
t ə w r ə r o y
č ə ́ ŋ d ú n ə
m a n n ə d e ʔ ə b ə
l ə ́ y r u g h i n i
m a k h o y n ə
h á y r ə d ə w n i
h á y m ə l l ə d ə ́ n ə
č ə ́ t n i ŋ b ə n ə
t ə w k h r ə g e
t h ə m m ə ́ g ə
h á p l ə ́ g ə
l ə y r ə ́ b ə
č ə ́ t n i ŋ b ə n ə
č é n t h o k k h i b ə
t ə w b ə d ə
ǰ i b ə p a n b ə
č ə ́ t l ə g e n e
l o y r e
p h ə ́ r ə ́ g ə
ŋ a n t h o k p i r o
h á y r i b ə d u d i
č ə ́ t ə w r i b ə
t ə m b ə n i n ə
h á y y e b ə
h a y d o k k h i d ə ́ n ə
h á y b ə n ə d i
ə r ó n ~ ə t h ú p t u
t ə m g ə d ə b ə
t ə m n i ŋ n ə
t ə w r e b ə
t h ó k h ə n d ú n ə
t h ó k t ú n ə
n a b ə n e
k h u n k ə t p i r ə m m í
č ə ́ t l ə g e n e
l e y r ə m b ə d ə g i
k ə y d ə w d ə w r i b ə n o
h á y d e
h á y r i b ə d o
s a t r ə s i ŋ n ə
t ə m m ə
h á y r ə r ə n i
t a r ə m b ə
s i b ə
h á p p ə
h á y b ə s i n ə
n u ŋ ŋ a y r ə d ə w n i
m ə ́ s í g i d i
č á g e
h é k ʔ i
h ə ́ w n ə b r ə n e
l ə y t e
s u m ~ l ə y b ə s i
č ə ́ t p r a
s i b ə
h á y r ə b ə d ə
h ə n ǰ i l l ə k p ə s i d ə
t h ə m m u
p h á r ə k u
m ə ́ m a ŋ ŋ ə y d ə
t ə w r i b ə
p h ə ŋ b r o
h á y r ə b ə d ə
č ə ́ t l u b ə d ə g i
l ə ŋ g ə d ə b ə n i
ə ́ h u m n ə
h á y r ə b ə d ə
p á y
o y r ə
l ə ́ y r ə ́ b ə s i
s i k h i b ə
ə ́ s í g i
h ə w n ə d e b ə ́
č á g e d ə ́ n ə
h á y r ə r o y
t o k ʔ o
h á y b ə b u
k o n n ə
y e ŋ ŋ u k ó
ə ́ h i ŋ
č ə ́ ŋ d ə b ə
l ə y k h i
t ə m b i r i
č ə ́ t t a r ə d i
h á y r ə m m í
č ə ́ t l u b ə d ə g i
m ə r ə y r ə b ə ́
k ú m l ə k l ə m m í
y á w g ə d ə w r i b ə n o d ə
č ə ́ t p ə s i d ə
t ə w r i b ə d u b u
k e k r ú h ə n ǰ ə b ə s i d ə
ə ́ h u m n i
k ə w w í
í n á k k h u n n i ŋ b ə g i
p h ó ŋ d o k k ə d ə y
h á y r i s i
h ə w r e
m ə n í ŋ t h ó ŋ d ə
l ə y r i s i d i
h ə n ú b í d u n a
t ə w b ə b u d i
t ə w r i s i d i
h á y r e
l e y r ə m b ə d ə g i
t ə w b ə b u d i
s é g a y k h r ə ́ b ə n i n ə
h á y b ə d i
k h ə ́ n k h r e
l a k p ə s i g i
h á p s i n b ə
h á y r ə k ʔ í
h á p l ə ́ g ə
k h u m m ə k p o y r e
č ə ́ t k h i b ə s i
h á y d ú n ə
í t a w g i d ə
h á p č ə n p ə
t ə w r ə k p ə
í m á n ə
h ə n ǰ ə n ~ h ə n ǰ ə n
l ə ́ y r ə k k ə d ə b ə s i
h á p k h ə t l ə ́ g ə
h á y m ə l l ə d ə ́ n ə
ə ́ h u m n ə
y e ŋ b ə s i d ə
í t a w s i b o
h á p k ə n i b ə ́
l ə y h ə w d o y n i k o
l ə y r ə d ə ́ n ə
t ə w r ə g e d o
l e y r i ŋ e y d u d ə
č ə ́ t k h i b ə d ə
t ə w r i b ə d u b u
l a k ʔ ə g e b ə
h á y r i b ə d o
č ə ́ t l ə k t e
h á y r e
ŋ á w š ə n n ə ́ y
h á y b ə d ə g i
t ə w r ə ́ b ə s u
h á y r i b ə d u d i
č ə ́ t k h i
h á p s i n b ə
t h ó k p ə n i d ə ́ n ə
č ə ́ t k h i g e
l ə ́ y r ə ́ b ə n i
t ə w r ə m d o y n o
t ə w b ə n i n a
h á y b r ə b ə
t ə w r ə ́ b ə
l ə ́ y r ə ́ b ə d u n ə
m a y b ə s i n ə
č ə ́ t l u g e
p á y b ə
