í t a w b u
s u m ~ l ə y b ə s i
s u m ~ l ə y b ə s i
n ú p í ~ h á y b ə
t h ó k ʔ u
h ə n ú b í g i
č ə ́ t n i ŋ b o y
p ə ́ ŋ č ə ́ t t ə ́ ~ č ə ́ t l e
n ú p í ~ h á y b ə
p ə ́ ŋ č ə ́ t t ə ́ ~ č ə ́ t l e
h ə n ú b í s i
m ə č á d u b u
t ú m k h r ə ́ b ə
í h a n ~ h a n b ə
l a k p ə s i g i
s i r o
h ə n ú b í s i
n u ŋ ŋ a y t ə r e
l ə y h ə w d o y n i k o
p u ~ č ə ́ t p ə d ə
t ə m m i n n ə b r ə
l ə y h ə w d o y n i k o
l a k ʔ ə g e b ə
p u ~ č ə ́ t p ə d ə
m ə ́ h ə y
s i k h i b ə
m ə ́ h ə y
s i n g e b ə
y e ŋ ŋ u k ó
l e y r i ŋ e y d u d ə
y á w k h r ə ́ b n i n e
y e ŋ b i r u n u
l e y r i ŋ e y d u d ə
m ə ́ h ə y
h ə n ú b í
h a y g ə t l ə k ʔ e
t ə m m i n n ə b r ə
y á w h ə n l o y
p h ə ŋ n i ŋ b ə g i
m ə ́ h ə y
y á w h ə n l o y
t ə m n i ŋ n ə
s i k h i b ə
y á w k h r ə ́ b n i n e
h ə n ú b í
h a y g ə t l ə k ʔ e
s i k h i b ə
l e y r i ŋ e y d u d ə
t ə w r ə m d o y n o
t ə w r ə m d o y n o
l e y r i ŋ e y d u d ə
n u ŋ ŋ a y r e d o
y á w g ə d ə w r i b ə n o d ə
t ə w r ə m d o y n o
ə ́ h u m n i
t ə w r ə m d o y n o
l a k ʔ í
ə ́ h u m n i
l a k p ə s i g i
y á w g ə d ə w r i b ə n o d ə
t ú m d r i
t ə m i n n ə d r e d ə ́ n a
l ə ́ y r u g h i n i
t ə w r i b ə ǰ a t n o d ə
l ə ́ y r u g h i n i
ə ́ h u m n i
m ə k h o y b u
p á y
s i r ə m g ə n i d ə ́
l e y r i ŋ e y d u d ə
t ə w r i b ə ǰ a t n o d ə
y e ŋ b i r u n u
l ə y r i s i d i
l ə y r i s i d i
h ə n ú b í
y á w d r ə d i
č ə ́ t m a n e
t ə w r i b ə ǰ a t n o d ə
n u ŋ ŋ a y b r a
u b ə d u d ə
t ə w b ə b u d i
y á w k h r ə ́ b n i n e
l e y r i ŋ e y d u d ə
h a y d o k k h i d ə ́ n ə
č ə ́ t m a n e
t ə w b ə b u d i
h á p č i l l e r ə ́ g ə
h a y d o k k h i d ə ́ n ə
k h ə ŋ ŋ i p ó t n i
l ə y r i s i d i
h a y d o k k h i d ə ́ n ə
l a k ʔ e n e
h a y d o k k h i d ə ́ n ə
h a y d o k k h i d ə ́ n ə
č ə ́ t m a n e
t ə w b ə b u d i
y á w r ə m m ə n e b ə
t ə w d e n e h é
ə ́ h a w b ə
č ə ́ t m a n e
h ə n ú b í d u n a
h ə ́ w r o y
h a y d o k k h i d ə ́ n ə
h a y d o k k h i d ə ́ n ə
n ó y g i
t ə w g ə d ə w r i b ə n o d ə
t ə w b ə b u d i
ə ́ s é ŋ b ə d u
m ə č ə ́ t k h í
s i r ə d ə w n i
s i r e n e h é
k h ə ŋ ŋ i p ó t n i
č ə ́ t p r a
č ə ́ t l u b ə d ə g i
t ə w g ə d ə w r i b ə n o d ə
h ə n ú b í d u n a
t h ə m m u
č ə ́ t l u b ə d ə g i
í n k h ə t l ə ́ g ə
h á p k ə n i b ə ́
n u ŋ ŋ a y ǰ ə r i n i d ə ́
m ə č ə ́ t k h í
č ə ́ t l u g e
t ə w r ə g e d o
m ə č ə ́ t k h í
h ə ́ w r o y
h é k ʔ o
y á w r ə m m ə n e b ə
ə ́ h u m n ə
y á w d r ə d i
m ə č ə ́ t k h í
č ə ́ t l u b ə d ə g i
p h ə y d ə ́
č ə ́ t l u g e
č ə ́ t l u g e
h ə n ǰ i l l ə k p ə s i d ə
y á w r ə m m í
t ə w r i b ə d u b u
h á y b ə b u
n u ŋ ŋ a y r ə d ə w n i
č ə ́ t k h i g e
n u ŋ ŋ a y r ə d ə w n i
k h ó k l e
č ə ́ t n i ŋ b ə n ə
t ə w r ə g e d o
t ə w r i b ə d u b u
h ə n ǰ i l l ə k p ə s i d ə
s a n n ə r ə m m í
h á p k ə d ə b ə n i
č ə ́ t k h i g e
k ə w b i y u
h ə n ú b ə s i
h ə n ú b ə s i
k ə ́ r ə m ~ h á y n ə
h ə ́ w g ə t l ə k p ə
t h e ŋ ǰ ə n b ə d ə g i
h é k ʔ o
č ə ́ t n i ŋ b ə n ə
l a k i n i
k ə ́ r ə m ~ h á y n ə
h á p č ə n l ə m m í
p h ó ŋ g e
y e ŋ b ə s i d ə
č ə ́ t n i ŋ b ə n ə
t h ə m k h r ə ́ b ə n i
m ə n í ŋ t h ó ŋ d ə
t h ó k p ə n i d ə ́ n ə
s a t r ə s i ŋ s u
č ə ́ t k h i g e
t ə w r i b ə d u b u
t ə w k h i d e
č ə ́ t k h i g e
č ə ́ t k h i g e
č ə ́ t l ə g e n e
t ə w r ə g e d o
č ə ́ t k h i b ə s i
k h ə ŋ l ə m l ə b ə d i
k ə ́ r ə m ~ h á y n ə
p h ə y
č ó t p ə d u d ə
h á p k ə n i b ə ́
s í ǰ i n n ə b ə g i
č ə ́ t l o
h ə n l ə k č ə w
k h ə ŋ l ə m l ə b ə d i
k e k r ú h ə n ǰ ə b ə s i n ə
h á p k h ə t l ə ́ g ə
l ə ́ y r ə ́ b ə d u n ə
y e ŋ b ə s i d ə
h á p k h ə t l ə ́ g ə
h á y r i b ə d u b u
č ə ́ t k h i b ə s i
t ə w k h i d e
l ə ́ y r u g h i n i
t ú m d e
č ə ́ t l ə g e n e
l ə ́ y r ə ́ b ə d u n ə
t ə w r ə g e d o
t ə w k h i d e
t ə w r ə m b ə d u d ə y d i
h á p k ə n i b ə ́
h á y r i b ə d u b u
č ə ́ t n i ŋ b ə n ə
n ə ́ m g e
č ə ́ t l o
č ə ́ t k h i g e
č ə ́ t k h i b ə s i
h é k ʔ o
t ə w s ə n s i
t ə w b ə d u d ə
č ə ́ t k h i b ə s i
ŋ a y r ə m m e
h á y b ə b u
h á p č ə n l ə m m í
n u ŋ ŋ a y r ə d ə w n i
t ə w b í
t ú m i n l ə y r o
h é k n ə ́ b ə
h á y r i b ə d u b u
č ə ́ t l o
h á y b ə b u
s i z i n b i r e
č ə ́ t l ə g e n e
t ə w b ə d u d ə
h á y r i b ə d u d i
h á y b ə b u
h á y r i b ə d u d i
s i r e n e h é
m ə ́ č á
č ə ́ ŋ ə k ʔ e
t ə w s ə n s i
p h ə y
t ə w b í
h á y r i b ə d u b u
t ə w b ə d u d ə
h á y r i b ə d u d i
l ə y b ə g i
t ə w b í
h á y r i b ə d u d i
k ə w w í
č ə ́ t k h i b ə s i
h á y r i b ə d u d i
ə ́ n í r o
h á y r i b ə d u d i
t ə w b í
k e k r ú h ə n ǰ ə b ə n i
l ə y k h i
l e y r ə m b ə d ə g i
h á y r i b ə d u d i
l ə y b ə g i
