h á y b ə s i d i n e
ə ́ d u m ə
t h é ŋ d o k ʔ ə r e
l ə ́ w b ə d ú n ə n i
l ə y h ə w d o y n i k o
t ə m b u ~ t ə m n i ŋ d ə b ə ǰ a t n i
p h ó ŋ k h r ə ́ b ə
h á y y u
t h a n n ə ́ b ə
ŋ ə m d ə r e
y á w r ə m m ə n e b ə
č ə ́ t m a n e
č ə ́ t n i ŋ b o y
t ə w e b ə
k ú m t h ə r ə k l ə ́ g ə
ə ́ s i d ə y d ə
t h á ŋ b ə d u d ə
č a w r ə ́ b ə
č ə ́ t k h r ə ́ g ə
y á w n ə
k ə ́ r ə m ~ h á y n ə
ə ́ d ú g u m b ə
k á k h ə t l ə k ʔ ə ́ g ə
č ə ́ t k h r ə ́ g ə
t ə w r ə ~ k a n d u d ə d i
n ə ́ m g e
l ə ́ y h ə w d ə r e
n u ŋ ŋ a y b r a
ə ́ m ə n i
h á y r ə r o y
h á y r ə k ʔ í
l o y t h o k k h r e
t ə m m u r i b ə
h á y r ə r ə n i
s u m l a ʔ í
k ə w b i y u
u h ə w d r e
ə ́ m ə g i
t ə w r ə k p ə n i n ə
h á y r i
č ə ́ t p r a
y á w r ə m m o
m ó y d u
l á p p ə g ə
p h ə k h ə r ə n i d ə ́
k e k r ú h ə n ǰ ə b ə š i s ú
k h ə ŋ ŋ ə d ú n ə
i m a
h á y m ə l l ə d ə ́ n ə
n ú p í d ə s ú
h á y t r e
h é k l i b ə
t h e ŋ n ə b ə s i d ə
l ə ́ w d ə n ə
l ə y r ə m d ə d ə ́ n ə
s i r ə m g ə n i d ə ́
p á y d ú n ə
č ə ́ t k h i b ə d ə g i
h á y r ə k p ə s i d ə
k h u d i ŋ m ə k k i
t ə w r i b n i
l a w
t ə w r ə m b ə d u d ə y d i
h á y b ə d u d ə n e
h ə w g ə t l ə ́ g ə
t h ə w b ə d ə
k ú m t h ə r ə ́ g ə
m ə ́ d ú d i
h á y y e b ə
y á w r ə m m o
t h ó k ʔ i d u
h á y b r ə b ə
y e ŋ ŋ í
t ə w g e n ə
k ú m t h ə r ə ́ g ə
č í k ʔ ə ~ č í k ʔ ə
k ú m t h ə r ə k l ə m m i
h á y r i b ə d u b u
l ə y b ə d ú n ə n i
t ə w r i b ə n e
t h a r e
s a n i ŋ b ə
ə ́ č ə m b ə
č ə ́ t l ú y
č ə ́ t t ə ́ n ə
t ə w r u b ə
č ə ́ t k h i g e
h á y y e b ə
č ə ́ t p ə s i d ə
p h ə ŋ h ə w r i b ə d u d i
l e y r i ŋ e y d u d ə
m ə ́ t ə m g i
h á p č ə n p ə
t ə w r ə r o y
k h ə ́ ŋ ŋ e
p a n k h í
y a m ǰ ə d e
h á y r ə k k ə n i
č ə ́ t l u b ə d ə g i
m ə ́ n ə m
p h ə ŋ n i ŋ d ú n ə
s í ǰ i n n ə b ə g i
m ə k h o y k h e y
h a y g ə t l ə k ʔ e
č é n s i l l ə ́ g ə
l ə y d ə ́ n ə
t h ə ́ w r e
y e ŋ d u n ə
h á y b ə d ə g i
l a k ʔ ə n i
l é ŋ s i n b i r o
k h ə ́ n ə b ə g i
č ə ́ ŋ ə k ʔ i b ə
t ə m g e
y á w r i b ə n i
č é n t h ə h ə n b ə d u d i b ə ́
n a k h ə t l ə k p ə
t h ó k p ə n i d ə ́ n ə
p h ə ŋ b r o
ə ́ s í d i
k h ə ŋ ŋ i p ó t n i
h a y d o k k h i d ə ́ n ə
č á g e
t ə w r ə ́ g ə n e
t ə w r i b ə n e
č é n b ə d ə g i
m ə ́ č í n t h í r e
h á y r o
t ə m b i g e
t ə w r u b ə
k h ə ́ n d ə ́ n ə
h ə n n ə ~ h ə n n ə
h á y r ə k t e
č ə ́ t l u b ə d ə g i
t ə w k h i d e
s e ŋ d o k ʔ ə g e
t ə w r ə k p ə
l ə y t e
l a k ʔ í
m a k h o y s u
k h ó t l ə ́ g ə
k ə ́ r ə m ~ h á y n ə
l a k ʔ ə g e b ə
ə y ú k k i
y á w b ə
č ə ́ t t ə ́ n ə
ə ́ h ə l
k ú m t h ə r ə
ə m ə m ə m g ə
l o y r ə r i n i
č i ŋ n ə d ə ́ n ə
č a w b ə
m ə ́ k h ó y s ú
č ə ́ t k h i b ə d ə
h á y r i
s ə ́ h u m n e
t h ó k ʔ u
h ə y n ə ́ b ə
k h ə ́ ŋ d r ə b ə n i
č ə ́ t l u
h á y r i
t ə w r i b ə ǰ a t n o d ə
h á y b ə d i
n i ŋ ŋ ə ́ g ə
t ə w r i b ə n e
t ə w e b ə
h é k ʔ e
y e ŋ d u n ə
č ə ́ t l o
t h ə w r ə k p e y n e
o y r ə ́ b ə n o
h á y r i s i
h á p l i b ə
t ə m m i n n ə b r ə
ə ́ s í d ə g i
ə d u d ə b u
h á y r ə b ə d ə
p h ə ́ g ə d ə w r i b ə n i
k ə w ʔ e
t ə m g e
t ə w r u b ə
h á y b ə s i d i n e
l e y h ə w r ə m m í
t a w r ə ́ g ə
k h ə ŋ l ə m l ə b ə d i
č ə ́ t l u g e
h é k l i b ə
h á y d ú n ə
t ə w r ə m b ə d u d ə y d i
l a w b ə
t u s ə n ə m m i
k h ə ŋ d e d ə
l ə ́ y r ə k k ə d ə b ə s i
y e ŋ s i n b i r ə b ə d i
t ə w r ə m b ə d u d ə y d i
ə ́ s í d ə g i
w o y r ə m d ə b ə n i n a
l ə y b ə g i
h é k t ú n ə
h á y r ə k ʔ e
k h ə ́ ŋ h ə l l e
t ə w g e n ə
č í k p ə g i
h á p č i l l e r ə ́ g ə
h é k ʔ i
p h ə ŋ ə ́ b r o
k e k r ú h ə n ǰ ə b ə s i
č ə ́ t k h i b ə d ə
ə s i
t ə w b í
t ə w b ə b u d i
t ə w r ə ́ b ə
t ə w r i b n i
m í r ə ~ h á y d ə ́ n ə
p h ə ŋ b r o
l ə y r ə ́ g ə
s a t r ə s i ŋ b u
l ə y t ə b ə
l a k p ə s i g i
s a w n ə ~ s a w n ə
h á y b ə s i d i n e
t ə w g e
ə ́ t a b ə
y e ŋ l u b ə d ə d i
k h ə ŋ l ə m l ə b ə d i
m ə ́ m a ŋ g i
ə ́ m ə g ə
s a n n ə m i n n ə r e
y á w r ə m m o
t ə w g e
h á y r ə b
p h ə ́ m l i b ə
h á y r ə r ə n i
y a m n ə
t h ə ́ w d o k t ú n ə
l ə y t ə n ə
p á y b ə
k h ə ́ ŋ ŋ e
k á r ə m m e d ə ́ n ə
y e ŋ ŋ u k ó
č ə ́ t l i b ə
t ə w r ə r o y
h á y b r o
h á p k ə d ə b ə n i
i m a g i
p h ə d ə w n i k ó
l a k p ə d i
k ə w ʔ e
č ə y r i b o s e
k ə ́ p p í
