h á y b ə s i d i n e
ə ́ d u m ə
t h é ŋ d o k ʔ ə r e
l ə ́ w b ə d ú n ə n i
l ə y h ə w d o y n i k o
t ə m b u ~ t ə m n i ŋ d ə b ə ǰ a t n i
p h ó ŋ k h r ə ́ b ə
h á y y u
t h a n n ə ́ b ə
ŋ ə m d ə r e
y á w r ə m m ə n e b ə
č ə ́ t m a n e
č ə ́ t n i ŋ b o y
t ə w e b ə
k ú m t h ə r ə k l ə ́ g ə
ə ́ s i d ə y d ə
t h á ŋ b ə d u d ə
č a w r ə ́ b ə
č ə ́ t k h r ə ́ g ə
y á w n ə
k ə ́ r ə m ~ h á y n ə
ə ́ d ú g u m b ə
k á k h ə t l ə k ʔ ə ́ g ə
č ə ́ t k h r ə ́ g ə
t ə w r ə ~ k a n d u d ə d i
n ə ́ m g e
l ə ́ y h ə w d ə r e
n u ŋ ŋ a y b r a
ə ́ m ə n i
h á y r ə r o y
h á y r ə k ʔ í
l o y t h o k k h r e
t ə m m u r i b ə
h á y r ə r ə n i
s u m l a ʔ í
k ə w b i y u
u h ə w d r e
ə ́ m ə g i
t ə w r ə k p ə n i n ə
h á y r i
č ə ́ t p r a
y á w r ə m m o
m ó y d u
l á p p ə g ə
p h ə k h ə r ə n i d ə ́
k e k r ú h ə n ǰ ə b ə š i s ú
k h ə ŋ ŋ ə d ú n ə
i m a
h á y m ə l l ə d ə ́ n ə
n ú p í d ə s ú
h á y t r e
h é k l i b ə
t h e ŋ n ə b ə s i d ə
l ə ́ w d ə n ə
l ə y r ə m d ə d ə ́ n ə
s i r ə m g ə n i d ə ́
p á y d ú n ə
č ə ́ t k h i b ə d ə g i
h á y r ə k p ə s i d ə
k h u d i ŋ m ə k k i
t ə w r i b n i
l a w
t ə w r ə m b ə d u d ə y d i
h á y b ə d u d ə n e
h ə w g ə t l ə ́ g ə
t h ə w b ə d ə
k ú m t h ə r ə ́ g ə
m ə ́ d ú d i
h á y y e b ə
y á w r ə m m o
t h ó k ʔ i d u
h á y b r ə b ə
y e ŋ ŋ í
t ə w g e n ə
k ú m t h ə r ə ́ g ə
č í k ʔ ə ~ č í k ʔ ə
k ú m t h ə r ə k l ə m m i
h á y r i b ə d u b u
l ə y b ə d ú n ə n i
t ə w r i b ə n e
t h a r e
s a n i ŋ b ə
ə ́ č ə m b ə
č ə ́ t l ú y
č ə ́ t t ə ́ n ə
t ə w r u b ə
č ə ́ t k h i g e
h á y y e b ə
č ə ́ t p ə s i d ə
p h ə ŋ h ə w r i b ə d u d i
l e y r i ŋ e y d u d ə
m ə ́ t ə m g i
h á p č ə n p ə
t ə w r ə r o y
k h ə ́ ŋ ŋ e
p a n k h í
y a m ǰ ə d e
h á y r ə k k ə n i
č ə ́ t l u b ə d ə g i
m ə ́ n ə m
p h ə ŋ n i ŋ d ú n ə
s í ǰ i n n ə b ə g i
m ə k h o y k h e y
h a y g ə t l ə k ʔ e
č é n s i l l ə ́ g ə
l ə y d ə ́ n ə
t h ə ́ w r e
y e ŋ d u n ə
h á y b ə d ə g i
l a k ʔ ə n i
l é ŋ s i n b i r o
k h ə ́ n ə b ə g i
č ə ́ ŋ ə k ʔ i b ə
t ə m g e
y á w r i b ə n i
č é n t h ə h ə n b ə d u d i b ə ́
n a k h ə t l ə k p ə
t h ó k p ə n i d ə ́ n ə
p h ə ŋ b r o
ə ́ s í d i
k h ə ŋ ŋ i p ó t n i
h a y d o k k h i d ə ́ n ə
č á g e
t ə w r ə ́ g ə n e
t ə w r i b ə n e
č é n b ə d ə g i
m ə ́ č í n t h í r e
h á y r o
t ə m b i g e
t ə w r u b ə
k h ə ́ n d ə ́ n ə
h ə n n ə ~ h ə n n ə
h á y r ə k t e
č ə ́ t l u b ə d ə g i
t ə w k h i d e
s e ŋ d o k ʔ ə g e
t ə w r ə k p ə
l ə y t e
l a k ʔ í
m a k h o y s u
k h ó t l ə ́ g ə
k ə ́ r ə m ~ h á y n ə
l a k ʔ ə g e b ə
ə y ú k k i
y á w b ə
č ə ́ t t ə ́ n ə
ə ́ h ə l
k ú m t h ə r ə
ə m ə m ə m g ə
l o y r ə r i n i
č i ŋ n ə d ə ́ n ə
č a w b ə
m ə ́ k h ó y s ú
č ə ́ t k h i b ə d ə
h á y r i
s ə ́ h u m n e
t h ó k ʔ u
h ə y n ə ́ b ə
k h ə ́ ŋ d r ə b ə n i
č ə ́ t l u
h á y r i
t ə w r i b ə ǰ a t n o d ə
h á y b ə d i
n i ŋ ŋ ə ́ g ə
t ə w r i b ə n e
t ə w e b ə
h é k ʔ e
y e ŋ d u n ə
č ə ́ t l o
t h ə w r ə k p e y n e
o y r ə ́ b ə n o
h á y r i s i
h á p l i b ə
t ə m m i n n ə b r ə
ə ́ s í d ə g i
ə d u d ə b u
h á y r ə b ə d ə
p h ə ́ g ə d ə w r i b ə n i
k ə w ʔ e
t ə m g e
t ə w r u b ə
h á y b ə s i d i n e
l e y h ə w r ə m m í
t a w r ə ́ g ə
k h ə ŋ l ə m l ə b ə d i
č ə ́ t l u g e
h é k l i b ə
h á y d ú n ə
t ə w r ə m b ə d u d ə y d i
l a w b ə
t u s ə n ə m m i
k h ə ŋ d e d ə
l ə ́ y r ə k k ə d ə b ə s i
y e ŋ s i n b i r ə b ə d i
t ə w r ə m b ə d u d ə y d i
ə ́ s í d ə g i
w o y r ə m d ə b ə n i n a
l ə y b ə g i
h é k t ú n ə
h á y r ə k ʔ e
k h ə ́ ŋ h ə l l e
t ə w g e n ə
č í k p ə g i
h á p č i l l e r ə ́ g ə
h é k ʔ i
p h ə ŋ ə ́ b r o
k e k r ú h ə n ǰ ə b ə s i
č ə ́ t k h i b ə d ə
ə s i
t ə w b í
t ə w b ə b u d i
t ə w r ə ́ b ə
t ə w r i b n i
m í r ə ~ h á y d ə ́ n ə
p h ə ŋ b r o
l ə y r ə ́ g ə
s a t r ə s i ŋ b u
l ə y t ə b ə
l a k p ə s i g i
s a w n ə ~ s a w n ə
h á y b ə s i d i n e
t ə w g e
ə ́ t a b ə
y e ŋ l u b ə d ə d i
k h ə ŋ l ə m l ə b ə d i
m ə ́ m a ŋ g i
ə ́ m ə g ə
s a n n ə m i n n ə r e
y á w r ə m m o
t ə w g e
h á y r ə b
p h ə ́ m l i b ə
h á y r ə r ə n i
y a m n ə
t h ə ́ w d o k t ú n ə
l ə y t ə n ə
p á y b ə
k h ə ́ ŋ ŋ e
k á r ə m m e d ə ́ n ə
y e ŋ ŋ u k ó
č ə ́ t l i b ə
t ə w r ə r o y
h á y b r o
h á p k ə d ə b ə n i
i m a g i
p h ə d ə w n i k ó
l a k p ə d i
k ə w ʔ e
č ə y r i b o s e
k ə ́ p p í
p h ə ́ m b i y u
k ə w w í
č ə ́ t k h r ə ́ g ə
l a k i n i
p h ə ŋ b r o
č a w r ə ́ b ə
t ə w r i s i d i
č é n k h r ə ́ g ə
t ə w r i s i d i
č ə ́ t k h i b ə d ə
č ə ́ t n ə y d ə ́ n ə
l ə y k h i
h á y r i b ə d u d i
l ə y t e
t ə w s ə n s i
l ə y b ə g i
h á y m ə l l ə d ə ́ n ə
l e y r ə m b ə d ə g i
t ə m g ə d ə b ə
l e y r ə m b ə d ə g i
h á y b ə b u
h á p k h ə t l ə ́ g ə
č ə ́ t k h i b ə d ə
h ə n ú b ə n ə
h á p č ə n l ə m m í
h á y m ə l l ə d ə ́ n ə
k h ə ́ ŋ d r ə b ə n i
l e y r ə m b ə d ə g i
o y n ə b ə
l ə y b ə d ú n ə n i
t ə w r ə r o y
h á y y u
l ə y b ə d ú n ə n i
č ə ́ t k h r ə ́ g ə
h ə n ú b ə n ə
l ə ́ y h ə w d ə r e
l e y r ə m b ə d ə g i
h á y m ə l l ə d ə ́ n ə
l ə y b ə d ú n ə n i
h ə w g ə t l ə ́ g ə
p á y r ə b í
h ə ́ w g ə t l ə ́
n ə ́ m s i n d ú n ə
t ə w r i s i d i
h á y y u
h á y b ə b u
l ə y b ə d ú n ə n i
h á y y u
t ə w g e n ə
t ə w k h r ə g e
t ə m g ə d ə b ə
l ə y b ə d ú n ə n i
h á p č ə n l ə m m í
č ə ́ t k h i
l ə ́ y r ə ́ b ə d u n ə
č ə ́ t k h i
č ə ́ t l ə g e n e
t ə w r ə r o y
h á y m ə l l ə d ə ́ n ə
h ə n ú b ə n ə
l ə y b ə n i n ə
t ə w k h r ə g e
ə d u g ə
h á y m ə l l ə d ə ́ n ə
l ə y b ə n i n ə
t ə w r ə r o y
l ə ́ w b ə d ú n ə n i
k h ə ́ n k h r e
k h ə ́ ŋ d r ə b ə n i
č a w k h r ə ́ b ə d u d a
l ə y b ə d ú n ə n i
č ə ́ t p ə s i d ə
h á y m ə l l ə d ə ́ n ə
t a r ə m b ə
h é k ʔ ə d ə ́ n ə
l ə y r ə m d ə d ə ́ n ə
ə ́ h u m n ə
h á y m ə l l ə d ə ́ n ə
t ə m b i r i
s a t r ə s i ŋ g i
p ə ́ ŋ s a w d ə ́ ~ s a w d ú n ə
p h ə ́ m d ə ́ n ə
t h e ŋ n ə d r ə ́ b ə d ə
č ə ́ t k h r ə ́ g ə
p h ə ́ r ə ́ g ə
p h ə ́ r ə b ə d i
l ə y r ə m d ə d ə ́ n ə
k á k h ə t l ə k ʔ ə ́ g ə
h á y t r e
k h ə ́ ŋ n ə r ə ́ b ə n i n ə
t ə w k h r ə g e
t ə w b ə n i n a
t ə w k h r ə g e
s i r ə ́ b ə n i
h á y r ə k t e
l ə ́ y r ə ́ g ə d i
h ə l l ə k p ə g i
č ə ́ t p ə s i d ə
č ə ́ t k h i
k á k h ə t l ə ́ g ə
t h ó k t ú n ə
h á y b r o
h á y b r o
m ə ́ y a m
h á y r i b ə d o
h á y b ə n ə d i
t ú m m ə m ŋ ə y s i d ə
h á y r ə k t e
t ə w r ə k ʔ o
h á y r ə r o y
y á w n ə
t ə w g e
h á y r ə k ʔ í
n u ŋ a y t ə d ə n ə
t ə m g ə d ə b ə
h á y r ə r o y
t h ə m m u
t ə w b ə n i n a
h á y r ə r o y
h á y r i b ə d o
h á y r ə k ʔ í
k á d r ə ́ g ə s ú
t ə w r ə k p ə n i n ə
h á y r ə k ʔ í
t ə w g e
h á y r i b ə d o
l ə ́ y r ə ́ b ə g i
h á p š ə n k h r ə s i
h á y r ə k t e
l ə ́ y r ə ́ b ə g i
h á y b r o
t ə w r ə k p ə n i n ə
h ə w n ə d e b ə ́
h á y r ə r o y
h á y y u
t ə w r ə k p ə n i n ə
m á ŋ b ə d ə g i
h ə w r o
č ə ́ t ə w r i b ə
h ə w r o
h á y r ə k ʔ í
h á y t r e
h ə w n ə d e b ə ́
č ə ́ ŋ k h r b ə n e
t ə w g e
h á y b ə n ə d i
h á y r ə k t e
l o y r ə ́ g ə
č ə ́ t ə w r i b ə
č ə ́ t ə w r i b ə
y á w r ə m m o
t ə w r ə ́ b ə s u
t ə w s i
y á w r i b ə n i
h á y r ə d ə w n i
l o y r e
h á y y e b ə
h ə w n ə d e b ə ́
t ə w r ə m b ə g i
č ə ́ t ə w r i b ə
č ə ́ t k h i
k ə ́ p p ə n ə
l ə ́ w s i l l ə ́ g ə
t ə w r ə k ʔ o
t ə m g ə d ə b ə
h á y r ə k p ə s i d ə
l ə y t ə b ə
č ə ́ ŋ d ə b ə
t ə w r ə k ʔ o
h á y r ə d ə w n i
č ə ́ ŋ d ú n ə
h á y b ə d i
č ə ́ t ə w r i b ə
č ə ́ t p ə d ə
l ə y t ə b ə
t h e ŋ ǰ i l l ə ́ g ə
m a n n ə r ə m m í
s i r e n e h é
h á y r ə k ʔ í
h á y b ə d i
h á y y e b ə
h á y r ə d ə w n i
č ə ́ t p ə d ə
k ə w r ə m m í
h á y r ə k ʔ e
t ə w r ə m b ə g i
k h ə ŋ d e d ə
h á y t r e
t h e ŋ ǰ i l l ə ́ g ə
č ə ́ t p ə d ə
h á y d e
h á y b ə d i
t ə w r u b ə
t ə w r ə m b ə g i
t h e ŋ n ə d e
í m á n ə
h á y r ə k p ə s i d ə
t ə w s i
h á y b ə d ə g i
h á y r ə k p ə s i d ə
h á y d e
h á y r ə k p ə s i d ə
č ə ́ ŋ ə k ʔ i b ə
h á y r ə m m í
s i n n ə k h r ə ́ b ə n i
p h ə ŋ b ə
t ə w r i b ə n e
t ə w r i b ə n e
t ə w r u b ə
h ə w r ə m m í
l ə y t ə n ə
m ə ́ k h ó y s ú
t ə w r ə ́ b ə s u
č ə ́ ŋ d ú n ə
l ə y t ə n ə
h á y d e
t h ó k č ə n n ə k h r ə ́ g ə
t h ó k h ə n d ú n ə
č ə ́ t k ə n i
h á y d e
č ə ́ t k ə n i
h á y b ə d i
t ə w r u b ə
h á y b ə s i n ə
l ə ́ y r ə ́ b ə n i
č ə ́ t l ə ́ b ə
č ə ́ ŋ ə k ʔ i b ə
t ə w r i b ə n e
l ə y t ə b ə
h á y b ə d i
k h ə ŋ d e
k h ə ŋ d e d ə
h á y r o
h á y r ə m m í
p h ə ́ m b i y u
ə d u d ə b u
l ə ́ y r ə ́ b ə n i
t ə w r i b ə n e
h á y r ə r ə n i
h á y b r ə b ə
t ə w r ə ́ b ə s u
k á d r ə ́ g ə s ú
s i n n ə k h r ə ́ b ə n i
č ə ́ t l ə ́ b ə
č ə ́ ŋ k h r b ə n e
h á p l i b ə
h á y d e
h á y r ə r ə n i
l o y r ə ́ b ə
h á y b ə d ə g i
t h e ŋ n ə d e
y á w b ə
p á y r ə ́ g ə
h á y r ə m m í
t ə w r ə ́ b ə s u
t a r ə m b ə
h á y b ə d ə g i
h ə ́ w r ə k e
t ə w r ə ́ g ə n e
t ə w r ə k p ə g i
y e ŋ ŋ u k ó
t ə w r i b ə n e
h á y b ə s i n ə
h ə w r ə m m í
l ə y r ə ́ b ə
y e ŋ n ə
h ə w r ə m m í
h á y r o
č ə ́ t t o y n o
t h ə w r ə k p ə d ə
h á y r ə r ə n i
h ə n ú b ə
l ə y r ə d ə ́ n ə
h á y r i s i
h á y r ə r ə n i
č ə ́ t t ə ́ n ə
t ə w r ə k p ə g i
h á y b ə b u
č ə ́ t k ə n i
h á y r i s i
h ə w n ə d e b ə ́
l ə ́ y r ə ́ b ə s i
t ə w r ə k p ə n i
l ə ́ y r ə ́ b ə n i
l ə ́ y r ə ́ b ə s i
h á y b ə s i n ə
t ə w r ə k p ə g i
h á y b ə d ə g i
l ə ́ y r ə ́ b ə s i
t h ó k h ə n d ú n ə
l ə ́ y r ə ́ b ə s i
h á y r ə m m í
h á y b r ə b ə
t ə w r e b ə
h á y b ə s i n ə
h á y r i s i
h á y b ə s i n ə
t ə w r e b ə
t ə w r ə ́ g ə n e
t ə w r e b ə
t ə w b ə d ə
l ə y r ə d ə ́ n ə
l ə ́ y r ə ́ b ə s i
h á y r ə d ə w n i
y á w n ə
k h u n g ə t t ú n ə
l ə y r i b ə
t ə w e b ə
č ə ́ t p ə d i
č ə ́ t t o y n o
l ə ́ y r ə ́ b ə s i
h á y r i b ə s i
l ə y r ə d ə ́ n ə
t ə w r ə ́ b ə
k h ə ŋ d e d ə
t ə w r ə ́ b ə
h é k l ə
č ə ́ t p ə d u d ə
l e y h ə w r ə m m í
t ə m b ə n i n ə
t ə w r e b ə
y o n b ə
t ə w r ə k p ə n i
l ə y r ə d ə ́ n ə
l ə y r ə ́ b ə
t ə w r ə ́ b ə
l ə y r ə ́ b ə
t ə w b ə d ə
t ə w e b ə
t ə w e b ə
h ə n ǰ ə n ~ h ə n ǰ ə n
t h ə m m ə ́ g ə
h á y r i b ə s i
t ə w b ə d ə
l o y t h o k k h r e
h á y b ə s i n ə
h á y d e
h á y b ə s i n ə
n ə ́ k h ó y g i
t ə w r ə k p ə
n a b ə n e
h á y r i
t ə w r ə k p ə
t ə w r ə k p ə
h ə ́ w g ə t l ə k p ə
t ə w r ə ́ b ə
l ə ́ y h ə w d ə r e
l ə y d ə ́ n ə
h ə n ú b ə
h á y r ə k k ə n i
h á y r ə b
h á y r ə b
l ə y d ə ́ n ə
h á y r ə b
h á y r ə b
t h e ŋ n ə b ə s i d ə
l ə y d ə ́ n ə
l a k t e
h ə n ǰ ə n ~ h ə n ǰ ə n
h á y r ə b
ə ́ s í d ə
č ə ́ ŋ l ə k p ə
s i r e
h é k l ə
h á p l ə ́ g ə
h á y r ə b ə d ə
h á y r ə b ə d ə
m ə ́ s í d ə g i
h á y r ə b
t h e ŋ n ə b ə s i d ə
h á y r ə k k ə n i
h á y r ə b ə d ə
t h ə w b ə d ə
h á y r ə b ə d ə
h á y r ə b ə d ə
h á p l ə ́ g ə
k h ə ́ ŋ b ə
h á y r ə b
h á y r i
h á y r ə b ə d ə
h á y r ə k k ə n i
h á y b ə s i n ə
k h ə ́ ŋ b ə
h á y d ú n ə
k h ə ́ ŋ b ə
u h ə ́ y š i ŋ
l ə y r i b ə
t h ə m m e
k i r e
h á p š ə n k h r ə s i
č ə ́ t k h r ə b ə n i n ə
l ə y r i b ə
n a m ə n l ə d ə ́ n ə
ə d u n a
l ə ́ y b ə
l ə ́ w d ə ́ n ə
p á y b ə
p h ə ́ m b i y u
h á y r e
l o y n ə m ə ́ k
s i b ə
h á y d ú n ə
ŋ á w š ə n n ə ́ y
k h ə ́ ŋ d r ə ́ b ə n ə n i
č ə ́ ŋ l ə k p ə
h á y r e
h ə ́ w r ə m b ə
h á y r e
l a k t e
t h a d o r ə k ʔ e
t o k ʔ o
p h ə ́ m m e
s i b ə
m ə ́ k h ó y s i
h á y d ú n ə
h á y d ú n ə
h á y r e
u b ə d ə
č a w r ə k l ə ́ b ə
h ə w r ə k p ə d ə g i
č í k k ə d ə b ə n i
m á ŋ n i n ə
l a k t e
n ə ́ č á n ə
č ə ́ ŋ š ə l l ə m m í
í n k h ə t l ə k ʔ e
h á y d ú n ə
t h a n l ə ́ b ə
č ə ́ t k h i r e
m ə ́ y a m d i
n u ŋ ŋ a y n ə ~ n u ŋ ŋ a y n ə
k h ə ́ ŋ b ə
k a d ú n ə
y e ŋ l ə m m í
t a k h r e
o y r i ŋ ə y
ŋ á w d ə ́ n ə
t h ó k k h ə r e
h á y d ú n ə
t a b ə d ə g i
h á p č ə l l ə ́ g ə
t h u ŋ ŋ ə ́ b ə
o y r ə
ə p h ə ́ b ə
p ə ́ ŋ č ə ́ t t ə ́ ~ č ə ́ t l ə m m í
t h ó k k h ə r e
h a y d ə n ə
p ə ́ ŋ č ə ́ t t ə ́ ~ č ə ́ t l ə m m í
s a t r ə s i ŋ n ə
č í r ə k p ə d ə g i
l ə ŋ g ə d ə b ə n i
s a t r ə s i ŋ n ə
t ə m m i n n ə ́ y
p h ə ́ t ʔ e
h á p p ə
p á y b í
n ə ́ č á n ə
t a r i b ə
l ə ́ w d ə b ə r a
p ə ́ ŋ č ə ́ t t ə ́ ~ č ə ́ t l ə m m í
l é ŋ ŋ o
m ə k ó k
t ə m m i n n ə ́ y y e
t ə m m i n n ə ́ y
l ə ́ y r ə k k ə d ə b ə s i
s i b ə
ə ́ d ú d ə d i
m ə t h ə ́ ŋ
p h ə r ə ́ b ə
l ə ́ w n ə ́ b ə
t ə m m o
ə ́ y a m d u
ə ́ s i d ə y d ə
h ə ́ w n ə b ə r o
č á g e
h ə ́ w n ə b r ə n e
l ə ́ y r ə k k ə d ə b ə s i
m ə ́ k h ó y s ú
h ə ŋ b ə ~ k a n s i d ə
h á y b ə s i d i n e
t ə m m ə
í m á n ə
č ə ́ t t o y n o
t á r ə g ə d i
h á y b ə d i
k ə w r e
t h ó k k h ə r e
m ə ́ y ú m s i d ə
m í r ə ~ h á y d ə ́ n ə
n ə ́ k h ó y g i
č á g e
k i b ə n ə
h á y b ə s i d i n e
m í r ə ~ h á y d ə ́ n ə
p h ə ́ t ʔ e
s é m b ə
k h á ŋ b ə
h á y b ə d u d ə n e
h á y b ə s i d i n e
k e k r ú h ə n ǰ ə b ə š i s ú
m a y b ə s i n ə
n ə m t h í k h r e d á
t ə m b i b ə
n ó h ó y
h a y d ə n ə
h a y d ə n ə
h ə w r e
ə n i ~ t h ó k n ə
h á p č i n l ə ́ g ə
t a n č a b ə n i
y e ŋ ŋ í
h á y b ə s i d i n e
k á r ə m m e d ə ́ n ə
h á y b ə d u d ə n e
l ə ́ w r ə ́ g ə
h á p č ə n p ə
m í r ə ~ h á y d ə ́ n ə
s a t r ə s i ŋ g i
h á y b ə d u d ə n e
h á y b ə s i d i n e
m í r ə ~ h á y d ə ́ n ə
m ə ́ n ə m d o
č i ŋ n ə ́ b ə
t h o ŋ ə d ə ́ n ə
t ə m m ə
h ə w b i r e
p a m m i
n ə m t h í k h r e d á
h é k l ə ́ g ə
p h ə ́ t ʔ e
t h á ŋ g ə y s é ŋ b ə
h á y b ə d u d ə n e
h á p č ə l l ə ́ g ə
h á p č i n l ə ́ g ə
h é k l i
h ə w r e
í n l ə m m i
t h a l l ə ́ b ə
h ə y t e
h á y b ə d u d ə n e
p a b ə d ə
m í t h o y ~ m í h e n b ə
t ə w r i b ə
t h ə m m ə m m í
k h ə ŋ b r a
k ú m l ə k l ə m m í
k e k r ú h ə n ǰ ə b ə s i d ə
k e k r ú h ə n ǰ ə b ə d a
k h u n l ə k l i b ə
ə ́ ŋ á ŋ s i ŋ
t h ó r ə k ʔ ə m m í
h ú r á n b ə s i
t ə w r i b ə
ə d u n a
p a m m i
l ə ́ y b ə
k h ə ́ ŋ ŋ e
ə ́ d ú g u m b ə
h é k l i
m a k h o y n ə
h é l ó y s i ŋ n ə
p a m m i b ə
t ə w r i b n i
l a w t h o k ʔ e
t ə w r i b n i
k h ə ́ ŋ ŋ e
k a d ú n ə
s é t č á r ə d ú n ə
k h ə ́ ŋ d r e
k h ə ́ ŋ ŋ e
t h ə w d u n a
h ə w r e
ə ́ s í g i
ə y g i s i s u
k h á m m í
t ə w r i b ə
m a k h o y n ə
k ə ́ p k ə d ə g e
h é k ʔ i
h ə w r e
h á p s i n b ə
ə y k h o y s u
t ə w r i b ə
y e ŋ í
t ə m m u r i b ə
y á n i ŋ d e d ə ́
t é y t h o k l ə ́ g ə
ə ́ r a ŋ b ə d u
h á p s i n b ə
h á p č ə n p ə
ə ́ k ó y b ə d u d ə
m ə ́ r ó n d ə
h ə y b ə
k h ə ́ n n ə ́ b ə
l a w t h ə r ə m m í
m ə s á n ə
s a r ə k p ə
h á p s i n b ə
h á p č ə n p ə
ə y k h o y s u
č o ŋ ŋ í
p ú m l ə ŋ ~ l ə ŋ k h r e
k a l i m u b í
t é k ʔ e d ə ́ n ə
m ə ́ y á n ə
č ə ́ t p ə
k h ə ́ ŋ l e
h ú r á l l i ǰ a t l ə n e
n ə ́ k h ó y
ə ́ h i ŋ
y a b r a
m ə s i d ə
s ú k y a m n ə
k i r i b ə
h ə y t ə d ə ́ n ə
k h u n k ə t p i r ə m m í
m ə ́ s í d ə y d i
k h ó ŋ n ə
y e ŋ í
č á g e d ə ́ n ə
p h ə m m ə ́ g ə
p h ó ŋ d o k k ə d ə y
m ə ́ y a s i
s é t t o k ʔ ə ́ g ə
t á n b ə b u
m ə ́ s á ~ m ə ́ s á n ə
ə y u k
k e n g e
k h ə ́ ŋ d ə d ú n ə
s ú d r i b ə n i
s a r ə k p ə
w á k ə ́ t l e
í n á k k h u n n i ŋ b ə g i
k i r e
t é y t h o k l ə ́ g ə
p ə ́ ŋ č ə y ~ č ə y b i b ə b o
p h ó ŋ d o k k ə d ə y
l é ŋ b i r ə k p ə b o
h ə ŋ b ə d ə
m ə ́ s í g i d i
n ú p á m ə ́ č á d u g i
m ə ́ t ə m d ə d ə d i
w á n ə
ə d ə y d ə
ə ́ s í g i
ə m ə t ʔ ə d i
t h ó r ə k t ú n ə
p ú m l ə ŋ ~ l ə ŋ k h r e
p h ə ŋ ŋ ə m m o y d r ə
p h ə ŋ b ə s ú
t h a ŋ ə ́ k ʔ e
p h á r ə k u
ə d u g i r o
k ú m t h ə r ə k ʔ e
k ú m t h ə r ə k p ə s i d ə
p h ə ́ m l ə ́ y
k h u m m ə k ʔ u
k h u m m ə k p o y r e
k h u m d r ə ́ b ə d i
h ə n d o k t ə b ə
h ə n ú b í n i n ə
í t ə ́ t ~ t ə ́ t t ə ́ n ə
í t ə n d ə ́ ~ t ə n d ə ́ n ə
m ə ́ t ə ́ y ~ m ə ́ n a w
ə ́ h a w ~ ə ́ h a w b ə
ə d u g i r o
t ə m b u ~ t ə m n i ŋ d ə b ə ǰ a t n i
p h ə g ə d ə b ə s i d i
ə p h á w ~ ə p h á w b ə
ə m ə d i
m ə ́ m a ŋ ŋ ə y d ə
m á d ə ŋ d i
t h ə ́ w w i d ə ́ n ə k ó
č í n n ə
t ə m n i ŋ d r ə b ə
t ə m h ə n g ə d ə w r i b ə n o
m ə ́ s í g i d i
ə ́ h i ŋ s i d ə
t a w u d ə ́
l ə ́ w b i r o y d ə b ə r a
m ə ́ d ú d i
k h ú d o n b í d ə
l ə ́ w d ə ~ y a d e
č ə y b i r i s i b o
m ə ́ d ə ́ y d i
l ə ́ w t h o k ʔ ə m m ə n i
h ə y n i ŋ d r ə b ə
h ə y ǰ ə n i ŋ d r ə b ə ́
k o n n ə
ŋ a n t h o k p i r o
k ə y d ə w d ə w r i b ə n o
k ə y n o m ə
h ə ́ w r ə k k h i b ə
p h ú d h ə r o
m ə ́ m á s ú
k h ə z í k t ə ŋ
t h u ŋ n ə ́ b n ə
l ə ́ w b i r o y d ə b ə r a
í t a w s i b o
í t a w g i d ə
n ə ́ t t e k ó
h a n n ə g i
h á n t h ə r ə ʔ l i b ə s i n i n e
h u n k ə t p ə d ə g i d i
h u n ǰ ə n b i d r ə ́ b ə s u
h ə l l ə k ʔ e b ə
m ó y s i
m ó y g i d i
č é n t h o k k h i b ə
t ə w r ə m b ə d u d ə y d i
ə r ó n ~ ə t h ú p t u
ǰ i b ə p a n b ə
t h ə ́ w r ə k ʔ ə ́ g ə
í m a ŋ s i d ə
m á ŋ g ə d r a
m ə r ə y r ə b ə ́
m ə ́ n a t o n d u d ə
h ə l l ə k ʔ e b ə
ǰ i b ə s i ŋ d u
t á k p ə d ə g i
m á d ə ŋ d i
s é m g ə t p ə
s é g a y d ú n ə
s é g a y k h r ə ́ b ə n i n ə
k h ó ŋ g o y n ə r e
y a r ə r o y
h ə w b i k h o
č ə ́ t l e
č ə ́ t l u b ə d ə y
č ə ́ t l u b ə d i
č ə ́ t k h r i b ə
č ə ́ t l ə k t e
č ə ́ t k h i d e
č ə ́ t k h i b ə d ə g i d i
č ə ́ t t a r ə d i
č ə ́ t n ə n ə ́ b ə
č ə ́ t n i ŋ d ə b o y
č ə ́ t l e n ə
y ə w d r i ŋ ə y d u d ə
č ə y b i r i s i b o
n ə ́ m g ə d ə w r i b ə
p a l l ə b ə
p a l l ə m m i
ó n i ŋ k h ə r e
s a ǰ ə d ə ́ n ə
m a n n ə ́ y
í m a n n ə b ə
m a n n ə d e ʔ ə b ə
ŋ a n t h o k p i r o
n a m ə l l ə k ʔ ə d ə ́ n ə
