불 으 셨 어
불 어
엉 뚱 하 겠 어 요
굉 장 할
강 렬 해
드 러 냈 느 냐
노 려 보 겠 다
얕 으 시 겠 습 니 다
깜 빡 하 면
보 지 하 신
건 설 하 지 만
견 책 되 었 기
보 살 피 시 려 고
가 공 하 여 라
보 살 펴 요
비 뚤 지 만
굉 장 하 셨 습 니 다
엉 뚱 하 여 야
칠 했 느 냐
그 릇 되 시 려 고
자 진 해 서
부 정 하 셔 요
부 탁 했 어
한 정 되 자
비 뚜 시 지 만
떠 드 시 느 냐
방 대 하 면
악 해 요
굉 장 하 셨 어
벌 여
가 공 하 시 라
애 틋 하 실
요 해
그 릇 되 시 니 까
방 대 했 기
해 맑 으 셔
방 대 했 음
솟 으 시 면
깜 빡 하 셔 요
그 릇 되 셔 야
드 러 냈 다
해 묵 겠 습 니 다
해 맑 았 냐
악 하 지 만
응 징 하 여 서
두 드 러 지 시 기
청 혼 합 니 다
검 출 되 고
걸 렸 어
포 근 하 시 더 니
드 러 내 어 요
부 탁 하 셨 습 니 까
두 드 러 졌 냐
가 공 해
질 문 하 기
응 징 하 셔 요
걸 리 겠 습 니 다
파 괴 하 기
밀 리 어 서
그 릇 됨
터 시 려 고
터 셨 어
가 공 하 면
요 하 세 요
펼 칠
그 릇 되 지 만
비 뚤
밀 리 었 기
연 구 하 여 야 - g u h a e y a
존 경 하 셨 어 - g y e o n g h a s y e o s s e o
위 치 했 어 요
얕 으 셔 요
요 하 시 라
검 출 돼 요
포 근 하 면
칠 해 요
물 어 봐 서
칠 하 심
벌 입 니 까
얕 으 셨 습 니 다
강 렬 하 시 더 니
밀 리 자
연 구 하 시 니 - g u h a s i n i
응 징 하 셔 야
존 경 해 요 - g y e o n g h a e y o
솟 으 셨 음
보 지 해 요
솟 으 셔
청 혼 해
노 려 보 시 려 고
기 다 래 야
떠 드 는
멈 춰 요
파 괴 했 다
요 하 셨 기
강 탈 하 셔
요 합 니 까
누 설 하 셨 어
걸 어 와 요
간 섭 하 자
입 이 가 벼 우 셔
강 탈 하 시 기
청 혼 하 시 기
기 차 떠 나 고 손 흔 드 셨 습 니 까
견 책 되 신 다
깜 빡 하 실
길 었 어 요
누 설 했 느 냐
불 으 셨 어 요
벌 이 셔 요
끌 어 안 아 요
애 틋 했 음
누 설 하 겠 어 요
간 섭 하 시 느 냐
한 정 되 셨 기
솟 으 셨 어
보 살 폈 어 요
끌 어 안 으 셨 습 니 까
엉 뚱 합 니 까
견 책 되 셨 어
두 드 러 지 시 면
긷 는 다
드 러 내 시 겠 습 니 다
보 지 할
응 징 하 시 고
펼 쳤 어
끌 어 안 으 신
해 맑 고
굉 장 하 고
악 하 고
얕 습 니 다
부 탁 하 시 려 고
질 문 하 셔 야
누 설 했 어
얕 으 니
비 뚤 어 요
존 경 하 기 - g y e o n g h a g i
깜 빡 하 셨 어
자 진 하 셨 어
피 곤 하 셨 습 니 다
부 정 하 셨 습 니 다
요 하 느 냐
애 틋 하 다
해 묵 어
보 지 하 심
방 대 함
그 릇 되 시 겠 다
한 정 되 는 데
드 러 내 어 라
청 혼 하 셨 어
연 구 하 시 겠 어 - g u h a s i g e s s e o
위 치 하 세 요
간 섭 하 면
터 니 까
노 려 보 겠 습 니 다
칠 하 셨 어
엉 뚱 하 셨 어
견 책 되 어 야
청 혼 하 여 야
얕 으 니 까
길 으 시 려 고
떠 들 어
한 정 되 겠 다
긷 습 니 까
솟 으 세 요
가 공 합 니 다
걸 리 었 기
검 출 되 셨 습 니 다
터 셨 습 니 까
그 릇 될
칠 하 셨 어 요
부 정 하 고
펼 치 니
위 치 해 요
밀 리 시 겠 어 요
뵈 느 냐
걸 리 셔
칠 하 시 니 까
깜 빡 합 니 까
느 끼 해 요
검 출 되 어 서
자 진 하 시 는 데
얕 으 신
해 맑 으 셨 냐
해 맑 으 시 지 만
피 곤 하 실
그 릇 되 시 고
청 혼 하 여 라
건 설 하 셔 요
포 근 하 시 기
강 렬 해 야
드 러 내 면
강 렬 하 시 냐
옹 졸 하 시 겠 습 니 다
청 혼 하 셔
해 묵 으 시 겠 습 니 다
가 시 겠 다
솟 는 데
연 구 하 셨 습 니 다 - g u h a s y e o t s e u m n i d a
건 설 하 고
걸 어 오 셔
견 책 돼
파 괴 할
위 치 하 십 니 다
누 설 하 시 면
노 려 봤 어 요
휘 었 어 요
요 했 어 요
기 차 떠 나 고 손 흔 드 는 데
해 묵 으 셨 음
뵈 셨 음
기 다 라 셨 기
휜
해 묵 었 느 냐
떠 드 신
굉 장 하 시 지 만
텁 시 오
요 했 습 니 다
강 탈 하 시 겠 어
부 정 해 요
한 정 됨
청 혼 하 시 니
얕 어 요
보 지 하 셔 요
견 책 되 고
엉 뚱 했 어
검 출 되 는 데
두 드 러 지 셨 습 니 다
자 진 하 시 더 니
떠 드 신 다
걸 어 옵 시 다
깜 빡 하 여 야
해 맑 습 니 까
강 탈 하 셨 음
떠 들 어 요
걸 리 시 겠 어 요
애 틋 하 시 겠 습 니 다
강 렬 해
노 려 봐 요
느 끼 하 면
파 괴 하 시 면
요 하 셨 다
누 설 하 는
청 혼 하 시 더 니
보 지 하 더 니
악 하 시 다
터 십 시 오
비 뚜 셨 냐
멈 추 십 시 오
청 혼 하 고
요 하 시 면
존 경 했 어 - g y e o n g h a e s s e o
보 지 했 습 니 까
보 살 피 시 지 만
깜 빡 한
노 려 보 았 기
느 끼 하 시 기
보 지 하 셨 음
얕 으 시 겠 다
뵈 어 요
애 틋 하 시 더 니
누 설 해 요
드 러 내 시 고
옹 졸 하 세 요
해 맑 으 실
옹 졸 해
누 설 하 겠 습 니 다
걸 어 오 시 라
끌 어 안 으 시 니
위 치 해 요
가 공 하 더 니
한 정 됐 음
얕 으 시 니
벌 였 어 요
요 하 셨 습 니 다
걸 려 서
견 책 되 시 면
파 괴 하 신 다
부 정 하 시 는
두 드 러 지 시 겠 어
엉 뚱 하 시 겠 습 니 다
옹 졸 하 니 까
가 공 해 요
밀 려 요
질 문 하 니
자 진 하 지 만
존 경 하 세 요
물 어 봅 니 다
가 십 니 다
펼 쳤 어 요
비 뚜 시 니 까
파 괴 하 니 까
봬 야
끌 어 안 으 시 니 까
드 러 내 는
두 드 러 지 시 겠 다
밀 리 셨 어
연 구 하 시 겠 다 - g u h a s i g e t d a
응 징 하 신
부 정 했 습 니 까
가 시 려 고
느 끼 한 데
물 어 보 시 겠 어
방 대 하 셔 요
느 끼 하 셔
느 끼 하 셔 요
누 설 하 셔 야
자 진 해 요
존 경 하 시 라 - g y e o n g h a s i r a
엉 뚱 하 니 까
칠 했 어 요
솟 기
뵘
보 살 피 자
솟 읍 시 오
입 이 가 볍 더 니
응 징 하 세 요
뵀 어 요
포 근 하 시 겠 어
한 정 된 다
휠
밀 려 야
악 하 시 겠 어
부 탁 합 니 까
뵈 셨 어
기 차 떠 나 고 손 흔 드 세 요
가 공 합 니 까
터 셔 요
두 드 러 지 었 기
얕 으 시 고
포 근 하 심
존 경 하 여 야 - g y e o n g h a e y a
검 출 될
끌 어 안 으 시 겠 다
부 탁 하 시 기
기 차 떠 나 고 손 흔 드 셔
펼 치 는 데
휘 셔 요
펼 쳤 느 냐
기 다 라 시 겠 다
물 어 보 았 기
뵌 다
길 을
걸 어 오 너 라
한 정 됐 기
청 혼 하 겠 습 니 다
보 지 해
멈 추 시 라
길 으 시 면
가 공 하 셔
가 공 하 니 까
휨
간 섭 합 니 까
뵈 지 만
응 징 해
파 괴 하 시 니
두 드 러 집 니 다
느 끼 하 시 더 니
가 공 하 고
응 징 하 셔
강 렬 하 신 데
엉 뚱 했 다
가 공 할
솟 으 십 니 까
간 섭 하 시 더 니
연 구 하 셔 요 - g u h a s e y o
가 공 하 시 는
자 진 하 셨 습 니 다
떠 드 십 니 다
부 탁 하 시 니 까
벌 이 어 라
건 설 하 시 겠 어
굉 장 해 요
밀 리 시 겠 다
존 경 했 기
방 대 하 세 요
가 시 고
견 책 되 시 니
끌 어 안 으 시 겠 어
기 차 떠 나 고 손 흔 듭 니 까
보 살 피 시 기
드 러 내 니
물 어 보 자
청 혼 합 시 오
강 렬 하 시 니
응 징 했 다
얕 으 심
떠 들 었 기
악 하 시 기
그 릇 되 셔
멈 추 더 니
끌 어 안 으 세 요
질 문 합 시 오
깜 빡 하 신 다
걸 리 어 서
보 살 폈 기
그 릇 된
옹 졸 해 요
부 탁 하 시 겠 다
견 책 되 셔
멈 추 셔
멈 추 세 요
견 책 돼 요
굉 장 했 습 니 까
멈 추 시 는
밀 렸 느 냐
한 정 되 시 지 만
옹 졸 하 면
악 해 야
칠 하 신
밀 리 었 음
깜 빡 하 셨 습 니 다
연 구 하 셔 서 - g u h a s y e o s e o
강 렬 할
느 끼 하 셨 습 니 까
누 설 하 신 다
깜 빡 해 요
물 어 보 셔
파 괴 하 신
걸 어 와 요
요 합 니 다
존 경 해 - g y e o n g h a e
한 정 되 셨 다
느 끼 하 셨 습 니 다
뵈 시 는
위 치 했 습 니 까
끌 어 안 아 라
떠 듭 니 까
물 어 볼
존 경 하 느 냐 - g y e o n g h a n e u n y a
건 설 하 겠 다
위 치 하 신 다
노 려 보 자
자 진 했 어
드 러 내 어 서
애 틋 합 니 다
솟 을
털 어 요
청 혼 했 음
길 으 십 시 오
칠 해 라
응 징 하 겠 다
그 릇 되 시 니
응 징 하 지 만
얕 었 습 니 다
두 드 러 져
멈 추 었 음
가 공 하 십 시 오
두 드 러 져 서
파 괴 하 면
보 살 피 겠 다
벌 이 더 니
굉 장 했 어
강 탈 하 시 라
애 틋 하 냐
청 혼 하 십 니 까
가 공 하 세 요
연 구 하 시 라 - g u h a s i r a
보 지 하 시 느 냐
파 괴 해
강 렬 했 어 요
입 이 가 벼 워 서
포 근 해
위 치 해
위 치 하 셨 다
노 려 보 는 데
뵈 셨 습 니 까
물 어 봐 요
존 경 했 음
악 한
질 문 했 습 니 다
누 설 하 셔 서
솟 으 시 겠 어 요
위 치 하 시 겠 다
피 곤 하 신
응 징 하 셨 어
요 하 고
요 하 셨 어
드 러 내 셔 야
엉 뚱 했 어 요
물 어 보 셔 요
뵈 시 겠 다
강 탈 하 십 니 다
청 혼 하 세 요
누 설 하 시 니
멈 춰 요
위 치 하 셔
포 근 했 음
걸 리 시 더 니
벌 입 시 오
존 경 했 어 - g y e o n g h a e s s e o
견 책 되 어 요
느 끼 하 시 겠 습 니 다
그 릇 돼
부 정 하 자
끌 어 안 으 시 라
기 차 떠 나 고 손 흔 들 었 다
건 설 합 시 오
부 탁 하 셔 요
애 틋 하 더 니
휘 셨 어
응 징 하 시 겠 어
강 렬 하 지 만
간 섭 하 셔
드 러 내 셨 다
터 세 요
파 괴 함
불 었 습 니 까
부 탁 하 여 라
해 맑 으 신 데
건 설 하 시 니 까
불 었 어
해 묵 으 시 겠 다
보 살 피 었 음
뵈 어 서
부 정 하 셔 요
포 근 했 냐
요 해 요
비 뚦
가 공 하 였 기
요 하 셔
악 했 어 요
얕 으 실
옹 졸 하 셨 습 니 까
떠 드 시 려 고
연 구 하 여 라 - g u h a e r a
굉 장 하 시 냐
걸 어 오 셔 요
옹 졸 했 습 니 다
걸 어 왔 어
포 근 하 기
방 대 합 니 다
멈 추 겠 어
질 문 하 셔
견 책 돼
펼 치 셨 다
길 읍 시 오
기 차 떠 나 고 손 흔 드 시 려 고
누 설 하 셨 어
끌 어 안 으 셨 음
질 문 하 고
그 릇 되 셨 어
견 책 됐 음
누 설 하 더 니
물 어 보 십 시 오
한 정 됐 느 냐
솟 으 면
보 살 피 시 니 까
느 끼 하 셨 어 요
펼 치 신 다
물 어 보 겠 어
견 책 되 어 라
방 대 하 시 겠 다
느 끼 해 서
누 설 하 셔 요
얕 은
칠 할
옹 졸 하 셔 요
피 곤 하 셔 요
누 설 하 시 고
얕 어
건 설 합 니 다
느 끼 해 야
길 었 음
파 괴 하 니
악 해
보 살 피 셨 어
터 시 겠 습 니 다
칠 하 시 는
입 이 가 벼 우 십 니 다
물 어 봤 습 니 다
부 탁 하 신 다
강 탈 하 시 느 냐
요 하 셔 야
칠 한
두 드 러 지 셨 냐
보 지 하 겠 어 요
응 징 함
기 차 떠 나 고 손 흔 들 었 어
엉 뚱 하 니
존 경 했 어 요 - g y e o n g h a e s s e o y o
부 탁 해 서
느 끼 하 신
드 러 내 신
위 치 하 니 까
옹 졸 하 였 기
견 책 돼
걸 리 겠 어 요
누 설 하 니 까
기 다 라 셨 습 니 다
물 어 보 셨 습 니 다
옹 졸 할
벌 이 기
끌 어 안 았 어 요
굉 장 하 세 요
응 징 하 셨 습 니 다
펼 치 자
부 탁 하 셨 어
간 섭 했 어
건 설 하 시 지 만
건 설 하 시 면
길 으 셔 서
굉 장 했 습 니 다
걸 어 오 십 니 다
부 탁 해
보 지 했 어 요
강 렬 하 시 다
드 러 내 셔 요
악 하 시 겠 다
가 공 한
청 혼 하 시 는 데
질 문 하 였 음
위 치 하 시 니 까
건 설 하 면
물 어 보 면
깜 빡 하 느 냐
질 문 하 실
건 설 하 셨 느 냐
해 맑 으 시 겠 어
불 음
질 문 합 니 다
애 틋 했 습 니 까
밀 리 신
걸 리 셨 습 니 다
요 하 여 라
파 괴 하 셨 어 요
파 괴 하 십 시 오
부 탁 하 셔 요
물 어 봤 다
벌 이 시 기
드 러 내 셨 기
기 다 래
파 괴 하 여 야
악 하 시 니 까
걸 어 오 겠 어 요
연 구 해 요 - g u h a e y o
보 지 하 시 니
한 정 되 시 는
뵀 어
위 치 해
비 뚤 더 니
털 자
뵙 니 다
칠 하 셨 어
비 뚜 셨 다
걸 어 오 시 는 데
악 한 데
기 차 떠 나 고 손 흔 들 었 어
부 탁 했 음
견 책 되 겠 어
멈 추 셔 야
청 혼 해 서
위 치 하 더 니
밀 리 겠 어
보 지 하 시 더 니
두 드 러 지 니 까
불 으 셔
보 지 하 였 음
끌 어 안 으 실
자 진 하 셨 어
비 뚜 셔
존 경 했 다 - g y e o n g h a e t d a
깜 빡 하 셨 기
연 구 했 습 니 까 - g u h a e t s e u m n i k k a
파 괴 하 느 냐
물 어 봐 요
위 치 해 야
강 탈 하 시 는
가 신 다
불 으 셨 어
그 릇 됐 다
떠 듭 시 오
밀 리 기
기 차 떠 나 고 손 흔 들 기
물 어 보 셨 기
청 혼 했 느 냐
비 뚤 어
물 어 봤 음
건 설 하 시 려 고
휘 고
존 경 하 심 - g y e o n g h a s i m
검 출 되 십 니 까
노 려 보 십 시 오
엉 뚱 하 시 지 만
솟 아 서
두 드 러 졌 다
그 릇 돼
가 공 하 겠 습 니 다
파 괴 해 요
걸 리 시 지 만
연 구 하 셨 습 니 까 - g u h a s y e o t s e u m n i k k a
끌 어 안 으 셔 요
터 셔
끌 어 안 습 니 다
걸 어 오 십 니 까
파 괴 하 시 는
두 드 러 지 시 겠 습 니 다
건 설 하 셔
칠 하 셔
방 대 하 였 음
부 탁 하 셨 음
끌 어 안 겠 어 - g e s s e o
연 구 하 신 다 - g u h a s i n d a
연 구 하 느 냐 - g u h a n e u n y a
노 려 보 시 는
강 탈 하 고
얕 었 어
솟 으 시 겠 습 니 다
보 살 펴 요
검 출 되 었 기
걸 림
위 치 하 셨 느 냐
연 구 하 시 더 니 - g u h a s i d e o n i
악 하 셨 습 니 다
보 살 피 십 시 오
깜 빡 함
위 치 하 셔
터 심
질 문 하 겠 다
응 징 했 어
옹 졸 하 지 만
피 곤 함
파 괴 해 야
간 섭 하 시 고
가 공 하 셨 어 요
엉 뚱 하 시 니
얕 으 냐
존 경 하 셨 어 요 - g y e o n g h a s y e o s s e o y o
걸 어 오 시 면
기 다 라 셔
그 릇 되 어 요
부 탁 하 고
피 곤 했 어 요
한 정 되 는
연 구 해 요 - g u h a e y o
휘 시 겠 어 요
해 맑 기
피 곤 하 니
응 징 합 시 오
기 다 랬 어
솟 으 신 다
드 러 내 셨 어
검 출 돼
견 책 되 면
포 근 했 습 니 다
간 섭 하 셔 요
끌 어 안 으 셨 어
밀 리 어 요
연 구 하 셔 - g u h a s y e o
휘 셨 습 니 다
