걸 어 와 요
견 책 되 어 요
해 맑 으 실
가 공 해
자 진 하 셨 어
휘 셨 습 니 다
부 정 하 시 는
비 뚤 어
부 정 하 고
뵈 느 냐
누 설 하 셔 서
드 러 내 어 요
벌 였 어
방 대 할
응 징 합 시 오
기 차 떠 나 고 손 흔 드 시 려 고
터 시 겠 습 니 다
보 살 피 었 음
떠 들 면
벌 여
견 책 되 어 라
누 설 하 니 까
펼 쳤 어
해 묵 으 시 니
물 어 보 면
보 지 하 겠 어 요
불 으 셔 야
두 드 러 지 었 기
위 치 하 셨 다
청 혼 하 셨 어
부 탁 했 음
느 끼 하 여 서
얕 으 셨 습 니 다
기 차 떠 나 고 손 흔 들 기
파 괴 하 십 시 오
청 혼 하 시 니
밀 리 셨 느 냐
두 드 러 져
노 려 보 자
부 탁 하 셔
검 출 되 셨 어 요
터 세 요
질 문 하 셔
보 지 했 습 니 까
해 맑 기
존 경 하 여 라 - g y e o n g h a e r a
요 하 셨 습 니 다
해 맑 으 신 데
강 탈 하 셨 음
응 징 했 느 냐
멈 추 시 겠 다
굉 장 해 요
가 공 하 니 까
노 려 보 시 는
연 구 하 시 겠 다 - g u h a s i g e t d a
뵈 셨 음
솟 으 면
존 경 해 - g y e o n g h a e
터 시 느 냐
벌 이 셔 야
파 괴 하 겠 다
보 지 하 신
자 진 하 지 만
깜 빡 하 셔
존 경 했 기
길 으 십 시 오
휘 셔 요
존 경 하 심 - g y e o n g h a s i m
존 경 하 겠 어 - g y e o n g h a g e s s e o
간 섭 하 셔
애 틋 했 음
걸 어 와 요
질 문 해
끌 어 안 으 시 니 까
부 정 하 셔 요
간 섭 하 시 느 냐
누 설 하 셨 어
견 책 돼
파 괴 하 면
벌 이 십 시 오
옹 졸 하 냐
피 곤 했 습 니 까
걸 어 오 시 겠 습 니 다
펼 쳤 느 냐
검 출 되 어 요
연 구 하 셔 서 - g u h a s y e o s e o
밀 리 시 겠 어 요
검 출 돼
요 하 여 라
누 설 하 는
느 끼 하 신
질 문 하 고
휘 셔 야
옹 졸 하 시 겠 습 니 다
파 괴 했 다
옹 졸 하 셔 요
포 근 하 시 겠 어
물 어 보 셨 습 니 다
두 드 러 지 셨 냐
걸 리 시 더 니
물 어 보 셔
존 경 했 어 - g y e o n g h a e s s e o
깜 빡 하 여 야
포 근 하 심
멈 추 셔
길 으 시 겠 다
걸 어 오 면
응 징 하 겠 다
연 구 하 신 다 - g u h a s i n d a
악 하 시 겠 어
기 다 라 셨 습 니 다
기 다 라 셔
끌 어 안 았 어 요
드 러 내 셨 어
요 하 셨 음
파 괴 할
휘 셨 음
떠 드 시 려 고
칠 해 요
청 혼 했 느 냐
밀 리 시 겠 다
가 공 하 시 겠 어 요
자 진 하 셨 어
견 책 되 겠 어
누 설 하 시 니
입 이 가 벼 웠 어
두 드 러 집 니 다
벌 이 시 는 데
자 진 하 신 다
털 자
견 책 돼 요
보 지 하 셨 음
해 맑 았 냐
입 이 가 볍 더 니
가 공 하 세 요
옹 졸 해 요
휘 겠 어 요
강 렬 해 야
피 곤 함
견 책 되 시 면
두 드 러 지 시 니
엉 뚱 하 시 지 만
그 릇 되 시 고
보 지 할
걸 리 셨 습 니 다
굉 장 했 습 니 까
방 대 했 어 요
굉 장 하 세 요
멈 추 었 음
옹 졸 하 지 만
뵈 지 만
건 설 하 셔 야
위 치 하 시 라
칠 했 음
엉 뚱 했 습 니 다
비 뚤 더 니
요 하 세 요
노 려 보 시 려 고
걸 어 왔 어
건 설 하 겠 다
얕 습 니 까
가 공 하 십 시 오
청 혼 하 십 니 까
해 묵 으 시 겠 어 요
가 공 하 시 겠 습 니 다
애 틋 하 다
포 근 하 였 음
깜 빡 하 셨 느 냐
밀 리 었 음
응 징 하 셨 어
건 설 하 고
그 릇 된
부 탁 하 시 려 고
피 곤 하 셨 어 요
텁 시 오
요 하 느 냐
견 책 돼
그 릇 되 셨 어
위 치 해 요
드 러 내 어 라
그 릇 돼
누 설 하 더 니
느 끼 하 시 면
걸 리 시 겠 어 요
한 정 되 는 데
칠 하 셨 어
위 치 합 시 오
솟 을
피 곤 했 다
벌 이 어 라
청 혼 하 겠 습 니 다
자 진 해 서
질 문 하 실
얕 었 냐
방 대 합 니 다
물 어 보 셔 요
얕 은
위 치 하 세 요
굉 장 하 셨 어
기 차 떠 나 고 손 흔 들 었 어
견 책 됐 음
파 괴 하 시 더 니
연 구 하 느 냐 - g u h a n e u n y a
요 하 셨 다
휘 셔 서
방 대 하 시 겠 다
파 괴 하 자
걸 리 셔
요 했 습 니 다
떠 드 신
응 징 했 다
두 드 러 져 서
청 혼 하 셔
비 뚜 시 니 까
부 탁 하 시 겠 다
얕 으 시 고
응 징 하 여 서
걸 어 오 시 는 데
멈 추 겠 어
물 어 봅 니 다
해 묵 으 시 겠 습 니 다
솟 으 시 지 만
자 진 하 여 라
칠 할
위 치 했 어 요
깜 빡 하 신 다
불 었 어
보 지 하 더 니
부 탁 했 어
노 려 보 는 데
악 해
존 경 하 였 음 - g y e o n g h a e s s e u m
뵈 니
밀 리 신
물 어 봐
보 살 펴 요
기 다 라 셨 기
누 설 하 시 면
연 구 하 여 야 - g u h a e y a
연 구 했 습 니 까 - g u h a e t s e u m n i k k a
누 설 함
가 시 겠 다
건 설 하 셨 습 니 까
보 지 하 셔 요
펼 친 다
부 탁 하 고
간 섭 했 다
포 근 하 면
노 려 봤 어 요
얕 으 실
