한 정 되 셨 기
드 러 내 셨 기
보 살 피 겠 다
솟 으 시 겠 습 니 다
멈 추 십 시 오
보 살 피 겠 어 요
보 지 하 시 겠 습 니 다
해 묵 으 시 겠 다
위 치 합 시 오
건 설 합 시 오
물 어 보 시 겠 어
해 묵 으 시 겠 습 니 다
그 릇 되 시 겠 다
걸 리 시 겠 어 요
보 살 폈 기
보 살 피 었 음
포 근 하 시 겠 어
물 어 보 시 겠 습 니 다
보 살 피 십 시 오
보 살 피 시 려 고
가 공 하 시 겠 습 니 다
파 괴 하 십 시 오
두 드 러 지 시 겠 다
가 공 하 십 시 오
애 틋 하 시 겠 습 니 다
입 이 가 벼 웠 어
끌 어 안 으 시 겠 어
입 이 가 벼 우 셨 어
입 이 가 벼 웠 냐
걸 어 오 시 겠 습 니 다
두 드 러 지 시 겠 어
두 드 러 지 시 겠 습 니 다
펼 칠
기 차 떠 나 고 손 흔 드 시 겠 어
보 살 펴 요
걸 어 올
칠 했 음
느 끼 했 음
건 설 하 니
방 대 하 였 음
방 대 했 기
방 대 했 음
견 책 되 었 기
견 책 됐 음
걸 림
밀 리 어 서
가 공 하 니 까
가 공 해
청 혼 해 서
휘 셔 서
피 곤 하 니
깜 빡 하 니 까
옹 졸 하 여 서
옹 졸 하 니 까
요 해
멈 추 어 서
기 차 떠 나 고 손 흔 들 기
부 탁 해 서
부 탁 하 니
얕 으 심
위 치 하 니 까
위 치 해
뵈 기
뵘
파 괴 하 니
파 괴 하 니 까
자 진 해 서
응 징 하 여 서
솟 으 셔
누 설 하 니 까
가 신 다
자 진 했 기
보 지 하 였 음
포 근 하 였 음
포 근 했 음
위 치 해 야
위 치 하 면
드 러 내 어 서
드 러 내 니
물 어 보 았 기
물 어 봤 음
옹 졸 하 였 기
강 렬 해
질 문 하 였 음
멈 추 었 음
걸 리 어 서
걸 려 서
검 출 되 었 기
보 지 하 여 서
응 징 하 셔
비 뚤
보 살 피 시 기
청 혼 했 음
질 문 하 셔
검 출 되 어 서
얕 으 니 까
얕 으 니
터 니 까
위 치 하 시 니 까
위 치 하 셔
누 설 하 시 니
누 설 하 셔 서
검 출 되 셔 서
뵙 니 다
두 드 러 지 더 니
가 시 겠 다
존 경 하 겠 어 - g y e o n g h a g e s s e o
그 릇 됨
두 드 러 지 었 기
걸 리 시 지 만
걸 리 시 더 니
가 시 니
길 으 시 니 까
길 으 셔 서
길 었 음
휘 셔 야
기 다 랬 음
가 공 하 였 기
엉 뚱 하 니
엉 뚱 하 니 까
노 려 봐
솟 아 서
뵈 지 만
해 맑 기
물 어 볼
휜
물 어 봐 서
물 어 보 니 까
응 징 함
자 진 하 지 만
펼 치 는 데
밀 리 었 음
밀 리 었 기
느 끼 해 서
느 끼 하 여 서
멈 춰 요
걸 리 셔
노 려 보 았 기
요 하 여 라
부 탁 했 음
드 러 내 면
보 살 피 시 니 까
건 설 하 셔
건 설 하 시 니 까
가 공 하 면
멈 춰 요
자 진 하 시 더 니
자 진 하 시 는 데
연 구 하 셔 - g u h a s y e o
연 구 하 시 니 - g u h a s i n i
연 구 하 셔 서 - g u h a s y e o s e o
파 괴 했 기
파 괴 하 였 기
펼 치 니
청 혼 하 여 야
칠 하 셔
칠 하 시 니 까
간 섭 하 였 음
엉 뚱 하 시 니 까
엉 뚱 하 시 니
옹 졸 하 지 만
누 설 하 시 는 데
누 설 하 더 니
건 설 하 지 만
누 설 함
애 틋 하 더 니
연 구 하 느 냐 - g u h a n e u n y a
건 설 하 면
건 설 해 야
얕 으 셔 요
느 끼 하 셔
간 섭 하 면
노 려 보 시 니
가 시 고
포 근 하 시 더 니
불 어
부 탁 하 여 라
노 려 보 는 데
벌 이 어 서
두 드 러 지 니 까
두 드 러 져 서
두 드 러 져
질 문 하 니
텁 시 다
휘 시 지 만
벌 이 시 는 데
깜 빡 함
애 틋 하 시 더 니
악 하 시 니 까
펼 치 셔 야
포 근 하 면
강 렬 하 시 니
불 으 셔 야
솟 으 시 지 만
애 틋 했 음
솟 는 데
엉 뚱 하 시 지 만
노 려 보 기
누 설 하 셔 요
방 대 하 면
그 릇 되 지 만
강 렬 하 셔 요
부 탁 하 시 니 까
부 탁 하 셔
걸 리 었 기
건 설 하 시 지 만
파 괴 해 야
파 괴 하 여 야
파 괴 하 면
드 러 내 시 는 데
견 책 되 시 니
긷 는
검 출 돼 요
검 출 되 어 요
존 경 했 음
존 경 했 기
존 경 하 였 음 - g y e o n g h a e s s e u m
존 경 하 시 지 만 - g y e o n g h a s i j i m a n
한 정 되 시 지 만
휘 셔 요
청 혼 하 시 니
존 경 하 시 라 - g y e o n g h a s i r a
악 해 야
보 살 피 시 지 만
얕 으 시 니
뵌 다
검 출 되 시 지 만
걸 어 오 시 는 데
파 괴 하 셔 요
입 이 가 벼 워 서
간 섭 하 시 더 니
드 러 내 셔 야
파 괴 하 시 더 니
두 드 러 지 셔 서
두 드 러 지 시 니
입 이 가 벼 우 셔
굉 장 하 시 지 만
강 렬 하 신 데
강 렬 하 시 더 니
방 대 하 세 요
방 대 하 셔 요
옹 졸 하 셔 야
건 설 하 셔 요
연 구 하 여 야 - g u h a e y a
벌 이 셔 야
칠 하 심
요 하 지 만
질 문 하 셔 야
그 릇 되 시 니
그 릇 되 시 니 까
