불 으 셨 어
엉 뚱 하 겠 어 요
굉 장 할
강 렬 해
드 러 냈 느 냐
노 려 보 겠 다
얕 으 시 겠 습 니 다
보 지 하 신
가 공 하 셔
가 공 하 시 겠 어 요
굉 장 하 셨 습 니 다
칠 했 느 냐
그 릇 되 시 려 고
부 탁 했 어
한 정 되 자
떠 드 시 느 냐
악 해 요
그 릇 되 셨 습 니 까
굉 장 하 셨 어
벌 여
가 공 하 시 라
애 틋 하 실
요 해
옹 졸 하 셔 야
방 대 했 기
긷 겠 어 요
기 차 떠 나 고 손 흔 들 었 어 요
두 드 러 졌 어
휘 셨 어 요
해 맑 으 셔
그 릇 되 셔 야
드 러 냈 다
해 묵 겠 습 니 다
해 맑 았 냐
청 혼 합 니 다
검 출 되 고
걸 렸 어
드 러 내 어 요
부 탁 하 셨 습 니 까
두 드 러 졌 냐
멈 추 시 겠 다
걸 리 겠 습 니 다
비 뚤 었 어
터 시 려 고
터 셨 어
휘 신 다
요 하 세 요
비 뚤
방 대 하 셨 어 요
응 징 하 겠 어 요
위 치 했 어 요
요 하 시 라
칠 해 요
벌 입 니 까
얕 으 셨 습 니 다
벌 이 십 시 오
밀 리 자
걸 어 오 셨 어
존 경 해 요 - g y e o n g h a e y o
솟 으 셨 음
보 지 해 요
청 혼 해
두 드 러 졌 어
청 혼 하 셨 어 요
노 려 보 시 려 고
떠 드 는
밀 리 셨 느 냐
멈 춰 요
파 괴 했 다
부 탁 하 셔
요 하 셨 기
강 탈 하 셔
요 합 니 까
누 설 하 셨 어
걸 어 와 요
간 섭 하 자
기 차 떠 나 고 손 흔 드 셨 습 니 까
견 책 되 신 다
깜 빡 하 실
길 었 어 요
누 설 했 느 냐
검 출 되 어 요
불 으 셨 어 요
기 차 떠 나 고 손 흔 들 어 요
끌 어 안 아 요
누 설 하 겠 어 요
방 대 하 시 다
간 섭 하 시 느 냐
솟 으 셨 어
보 살 폈 어 요
끌 어 안 으 셨 습 니 까
엉 뚱 합 니 까
견 책 되 셨 어
방 대 했 어 요
드 러 내 시 겠 습 니 다
보 지 할
응 징 하 시 고
펼 쳤 어
끌 어 안 으 신
해 맑 고
굉 장 하 고
밀 리 셨 어
악 하 고
얕 습 니 다
부 탁 하 시 려 고
누 설 했 어
비 뚤 어 요
깜 빡 하 셨 어
자 진 하 셨 어
피 곤 하 셨 습 니 다
강 탈 하 느 냐
부 정 하 셨 습 니 다
요 하 느 냐
애 틋 하 다
해 묵 어
뵈 겠 다
방 대 함
떠 들 자
깜 빡 하 셔
청 혼 하 셨 어
위 치 하 세 요
응 징 하 셨 음
노 려 보 겠 습 니 다
칠 하 셨 어
엉 뚱 하 셨 어
길 으 시 려 고
떠 들 어
한 정 되 겠 다
긷 습 니 까
가 공 합 니 다
검 출 되 셨 습 니 다
터 셨 습 니 까
그 릇 될
칠 하 셨 어 요
부 정 하 고
위 치 해 요
애 틋 하 셔
밀 리 시 겠 어 요
뵈 느 냐
깜 빡 하 셨 느 냐
깜 빡 합 니 까
견 책 되 셨 습 니 다
느 끼 해 요
얕 으 신
해 맑 으 셨 냐
피 곤 하 실
간 섭 했 다
그 릇 되 시 고
기 다 랬 음
위 치 하 시 라
강 렬 하 시 냐
옹 졸 하 시 겠 습 니 다
한 정 되 신
청 혼 하 셔
보 살 펴
비 뚤 었 습 니 까
연 구 하 셨 습 니 다 - g u h a s y e o t s e u m n i d a
건 설 하 고
걸 어 오 셔
견 책 돼
파 괴 할
위 치 하 십 니 다
노 려 봤 어 요
휘 었 어 요
요 했 어 요
얕 었 냐
해 묵 으 셨 음
뵈 셨 음
해 묵 었 느 냐
떠 드 신
강 렬 했 어
텁 시 오
요 했 습 니 다
강 탈 하 시 겠 어
부 정 해 요
두 드 러 지 십 니 다
얕 어 요
보 지 하 셔 요
견 책 되 고
엉 뚱 했 어
두 드 러 지 셨 습 니 다
노 려 보 시 라
떠 드 신 다
걸 리 겠 다
걸 어 옵 시 다
가 공 하 시 고
해 맑 습 니 까
강 탈 하 셨 음
떠 들 어 요
휩 니 다
두 드 러 지 냐
노 려 봐 요
요 하 셨 다
누 설 하 는
악 하 시 다
터 십 시 오
비 뚜 셨 냐
청 혼 하 고
기 다 라 셨 냐
보 지 했 습 니 까
깜 빡 한
펼 치 셔 야
질 문 해
보 지 하 셨 음
얕 으 시 겠 다
검 출 되 셨 어 요
누 설 해 요
드 러 내 시 고
해 맑 으 실
악 하 시 겠 습 니 다
옹 졸 해
누 설 하 겠 습 니 다
걸 어 오 시 라
위 치 해 요
벌 였 어 요
휘 신
요 하 셨 습 니 다
파 괴 하 신 다
부 정 하 시 는
벌 였 어
엉 뚱 하 시 겠 습 니 다
위 치 하 시 겠 어
가 공 해 요
휘 셨 음
물 어 봅 니 다
가 십 니 다
펼 쳤 어 요
자 진 했 다
드 러 내 는
그 릇 돼
솟 는
밀 리 셨 어
비 뚤 겠 습 니 다
연 구 하 시 겠 다 - g u h a s i g e t d a
응 징 하 신
강 탈 하 겠 어 요
부 정 했 습 니 까
건 설 하 시 라
누 설 하 셔 야
자 진 해 요
칠 했 어 요
보 살 피 자
솟 읍 시 오
응 징 하 세 요
뵀 어 요
한 정 된 다
악 하 시 겠 어
부 탁 합 니 까
뵈 셨 어
기 차 떠 나 고 손 흔 드 세 요
