보 살 핍 니 까
보 살 피 심
부 정 한 다
그 릇 되 고
펼 치 어 라
벌 이 려 고
가 공 하 려 고
엉 뚱 하 셨 다
피 곤 하 시 다
터 시 는 데
검 출 되 시 겠 다
보 살 폈 어
물 어 보 시 겠 다
걸 어 오 시 겠 어
비 뚜 셔
밀 리 더 니
응 징 하 십 시 오
드 러 내 요
뵀 어 요
깜 빡 했 어 요
옹 졸 해
요 하 십 시 오
벌 이 셔
해 맑 음
끌 어 안 으 시 는 데
검 출 돼
간 섭 했 습 니 까
펼 치 신
피 곤 해
밀 려
붇 느 냐
검 출 되 시 라
긷 고
청 혼 하 셔 야
누 설 하 시 느 냐
보 살 핍 시 오
파 괴 하 여 라
칠 하 시 고
존 경 합 시 오 - g y e o n g h a p s i o
방 대 하 기
드 러 내 겠 다
입 이 가 벼 우 셨 다
기 다 라 시 겠 어
느 끼 했 어 요
펼 치 기
부 탁 해 라
질 문 하 시 지 만
해 맑 으 셨 습 니 까
강 탈 하 실
누 설 하 시 겠 어 요
보 살 피 셨 느 냐
연 구 해 - g u h a e
강 렬 했 다
얕 었 다
멈 추 셨 음
부 탁 하 셨 어 요
걸 리 겠 어
견 책 되 어 요
칠 하 여 야
길 어 요
칠 하 는 데
건 설 하 기
위 치 하 시 는 데
청 혼 하 신
비 뚜 셨 습 니 다
방 대 하 십 니 다
드 러 내 세 요
길 으 셔 요
두 드 러 지 다
기 차 떠 나 고 손 흔 들 었 음
밀 리 시 느 냐
멈 추 어
부 정 하 시 지 만
물 어 보 시 고
해 묵 읍 시 다
펼 쳐
떠 드 셔 서
걸 어 오 시 니 까
멈 춘 다
애 틋 하 니
붇 자
떠 드 세 요
자 진 했 느 냐
봬
떠 드 니 까
청 혼 하 시 겠 다
보 지 해
밀 려 서
뵈 세 요
멈 추 어 요
엉 뚱 하 십 니 까
자 진 하 였 음
포 근 하 고
자 진 합 시 오
솟 습 니 까
벌 이 십 니 까
노 려 보 셔
보 지 하 셨 느 냐
굉 장 하 시 겠 다
깜 빡 하 십 니 다
그 릇 되 기
부 정 했 다
자 진 하 시 겠 어 요
끌 어 안 더 니
보 지 하 시 고
해 묵 으 실
요 하 는 데
입 이 가 볍 기
엉 뚱 해 야
요 하 셨 어 요
해 묵 었 어 요
노 려 보 면
엉 뚱 했 기
파 괴 하 시 겠 어
악 했 습 니 까
드 러 내 자
비 뚜 시 겠 어
보 살 펴
누 설 해
포 근 하 니 까
보 지 하 세 요
끌 어 안 았 습 니 다
부 정 했 어 요
노 려 봐 요
피 곤 합 니 다
응 징 합 니 까
청 혼 하 시 겠 습 니 다
가 공 하 셔
붇 는
길 었 기
강 탈 하 셨 습 니 까
길 었 어 요
칠 하 신 다
느 끼 하 시 겠 어
자 진 하 셔 야
해 맑 으 셨 습 니 다
끌 어 안 으 십 니 까
검 출 되 면
보 지 해
한 정 되 어 요
기 차 떠 나 고 손 흔 들 지 만
검 출 되 셨 어
붇 습 니 다
뵈 어 요
해 묵 었 어
끌 어 안 으 시 지 만
길 으 심
질 문 하 심
부 탁 하 십 시 오
휘 더 니
불 으 십 니 다
턴
깜 빡 하 더 니
부 탁 하 는
걸 어 오 셨 느 냐
옹 졸 했 어 요
노 려 보 셨 습 니 다
드 러 내
파 괴 하 셔
엉 뚱 하 셨 냐
떠 드 셨 기
비 뚤 어
검 출 돼
걸 리 기
간 섭 하 시 려 고
굉 장 하 여 서
멈 추 세 요
요 하 겠 어 요
견 책 됐 어
부 탁 하 세 요
부 탁 하 셔
해 묵 으 셔 서
칠 하 시 더 니
가 공 합 시 다
깜 빡 했 다
존 경 하 셨 어 요 - g y e o n g h a s y e o s s e o y o
불 으 셨 느 냐
봬 서
비 뚤 겠 어 요
기 다 라 셨 다
얕 으 시 냐
터 신
부 정 합 니 까
벌 이 는 데
휘 었 음
긷 자
응 징 하 는 데
걸 어 오 신
보 지 하 니
터 셨 어
애 틋 하 니 까
노 려 보 셔 서
밀 렸 어 요
해 묵 으 셨 어 요
존 경 하 셔 요 - g y e o n g h a s e y o
불 으 려 고
물 어 봐
해 묵 으 셨 어
불 었 어 요
뵈 겠 어 요
굉 장 하 기
노 려 보 셨 음
간 섭 하 셨 어 요
봬 라
강 탈 합 니 다
해 맑 더 니
애 틋 하 시 겠 다
기 다 랬 기
긷 겠 습 니 다
방 대 하 십 니 까
피 곤 하 다
악 하 셔 야
굉 장 했 어
자 진 합 니 까
드 러 내 셨 어 요
부 정 하 셨 음
옹 졸 하 다
노 려 봐 야
한 정 되 고
펼 쳐
보 지 하 여 야
밀 리 십 시 오
존 경 해 라
끌 어 안 으 십 시 오
그 릇 되 니
청 혼 하 자
부 탁 하 겠 습 니 다
느 끼 함
해 맑 다
기 차 떠 나 고 손 흔 드 셨 다
벌 이 었 기
엉 뚱 하 여 서
깜 빡 해 요
펼 치 셔 서
방 대 해 서
기 다 라 니 까
떠 들 어
청 혼 하 세 요
부 탁 해 요
간 섭 해 서
밀 리 셔
솟 았 습 니 까
그 릇 됐 어 요
걸 렸 습 니 다
기 차 떠 나 고 손 흔 들 겠 다
엉 뚱 하 겠 어
밀 리 겠 습 니 다
끌 어 안 으 시 면
멈 추 는 데
솟 았 음
