펼 쳤 습 니 까
강 탈 하 십 니 까
두 드 러 지 어 야
보 지 하 시 지 만
솟 으 셨 느 냐
기 다 라 셔
누 설 하 시 더 니
느 끼 하 니
휘 었 어 요
자 진 하 셨 다
가 공 하 셨 어
부 탁 하 실
얕 겠 습 니 다
걸 리 냐
기 차 떠 나 고 손 흔 듭 니 다
벌 였 습 니 다
노 려 보 겠 어
가 공 했 어 요
밀 림
터 셔 야
요 해
피 곤 했 습 니 다
강 탈 하 겠 어
물 어 보 시 더 니
보 살 피 셨 어 요
물 어 보 지 만
해 묵 는 다
부 정 하 니 까
간 섭 하 셔
옹 졸 한 데
응 징 합 니 다
입 이 가 벼 웠 어 요
견 책 되 겠 어 요
견 책 되 셔
보 지 하 셨 어 요
옹 졸 해 서
가 공 하 셨 습 니 다
해 묵 으 셔
누 설 하 자
존 경 해 - g y e o n g h a e
위 치 하 시 기
봬 요
걸 어 왔 기
포 근 하 셨 기
펼 치 세 요
누 설 했 습 니 다
걸 리 니
응 징 했 어 요
떠 들 어 서
불 으 세 요
멈 추 었 기
벌 인
가 셔 야
솟 으 십 시 오
연 구 하 였 음 - g u h a e s s e u m
떠 드 시 고
자 진 해
강 탈 하 시 는 데
포 근 하 시 겠 습 니 다
응 징 하 셨 다
불 으 셨 습 니 까
건 설 하 시 기
해 맑 았 다
부 정 하 면
입 이 가 벼 우 시 겠 어 요
요 하 셨 어
터 셨 음
입 이 가 볍 습 니 까
위 치 하 였 기
펼 치 셨 어 요
요 한
휘 셨 습 니 까
검 출 되 십 니 다
굉 장 하 십 니 까
펼 치 셔
부 정 하 실
끌 어 안 을
걸 어 온
떠 듦
펼 치 니 까
청 혼 하 니 까
기 차 떠 나 고 손 흔 드 시 겠 다
검 출 되 셔 야
펼 치 실
간 섭 하 시 기
기 다 라 실
강 렬 하 셨 다
솟 으 시 라
끌 어 안 으 셨 다
깜 빡 하 셨 어 요
가 공 해 요
견 책 되 실
멈 추 었 습 니 까
부 탁 하 는 데
멈 추 신 다
누 설 하 시 니 까
걸 리 셨 기
펼 쳐 서
응 징 하 셔 서
해 맑 으 셨 음
가 공 합 시 오
연 구 하 시 겠 어 요 - g u h a s i g e s s e o y o
길 으 시 느 냐
길 으 셨 느 냐
칠 했 습 니 다
엉 뚱 하 시 겠 어
해 묵 으 셔 야
휘 셔
포 근 하 지 만
노 려 보 아 요
칠 해
청 혼 함
굉 장 하 니
청 혼 하 시 겠 어 요
휘 시 기
기 차 떠 나 고 손 흔 드 실
애 틋 하 시 다
펼 친
걸 어 오 지 만
펼 치 겠 습 니 다
자 진 했 음
파 괴 하 셨 어 요
위 치 하 여 야
펼 쳐 요
누 설 하 였 음
가 공 해 라
휘 어 요
걸 어 왔 다
굉 장 했 어 요
방 대 하 더 니
요 하 심
파 괴 하 세 요
검 출 되 어 라
위 치 합 니 까
방 대 해 요
칠 합 시 오
청 혼 하 십 니 다
해 맑 아
강 렬 했 음
파 괴 하 셨 다
연 구 하 자 - g u h a j a
비 뚭 니 까
보 지 해 요
비 뚤 었 음
터 시 니 까
요 하 니
검 출 됐 습 니 까
그 릇 돼 서
걸 어 오 셔 야
옹 졸 하 셨 냐
강 탈 하 니
노 려 보 셨 느 냐
물 어 봐
청 혼 하 니
털 어
부 탁 해
부 정 하 세 요
드 러 내 시 지 만
보 살 피 셔 요
자 진 하 시 기
엉 뚱 하 더 니
비 뚜 신 데
청 혼 하 셨 기
깜 빡 하 심
기 차 떠 나 고 손 흔 드 시 겠 습 니 다
기 다 라 시 고
위 치 해
가 셨 느 냐
한 정 되 셨 습 니 까
연 구 해 요 - g u h a e y o
존 경 하 겠 습 니 다 - g y e o n g h a g e t s e u m n i d a
솟 으 시 고
부 탁 하 였 기
포 근 하 셨 다
부 정 해 요
멈 추 셔 요
부 정 하 여 라
노 려 보 는
애 틋 해
해 묵 으 신 다
해 묵 으 셨 느 냐
떠 드 십 니 까
기 다 라 시 더 니
강 렬 했 냐
강 렬 하 겠 습 니 다
질 문 하 셨 기
칠 하 면
칠 해
누 설 하 는 데
끌 어 안 으 면
보 살 피 셨 어
검 출 되 셨 다
느 끼 하 셨 음
위 치 함
가 공 했 느 냐
방 대 해
밀 리 셔
벌 이 셔 서
떠 들 었 어 요
악 해 요
걸 리 심
가 셨 다
뵌
칠 해
누 설 하 시 라
엉 뚱 할
터 신 다
느 끼 하 시 고
옹 졸 하 셨 어
밀 리 어 요
부 정 하 셔
끌 어 안 으 십 니 다
뵈 신 다
솟 아 요
칠 하 시 니
연 구 하 셨 어 요 - g u h a s y e o s s e o y o
한 정 돼 요
벌 이 신
긷 겠 어
터 실
펼 치 시 더 니
가 세 요
기 다 라 셔 서
펼 쳐
칠 한 다
떠 들 었 느 냐
한 정 되 어 라
청 혼 하 시 느 냐
누 설 하 시 는
벌 여 야
강 렬 했 습 니 다
악 하 냐
누 설 했 다
요 하 신 다
뵈 셨 기
보 지 하 셨 어 요
그 릇 되 시 겠 어
보 지 하 셨 어
질 문 하 시 라
가 신
방 대 하 셨 냐
느 끼 하 다
애 틋 하 겠 습 니 다
엉 뚱 했 습 니 까
펼 치 고
길 으 셔
얕 으 면
견 책 되 셔 서
견 책 되 시 겠 어 요
질 문 하 십 니 까
청 혼 하 겠 어 요
느 끼 하 셨 냐
길 으 세 요
해 묵 으 셨 습 니 다
멈 추 지 만
기 다 랬 어
드 러 냈 습 니 까
기 차 떠 나 고 손 흔 드 셨 어 요
엉 뚱 하 다
끌 어 안 았 어 요
견 책 되 더 니
밀 리 셔 요
한 정 되 겠 어 요
위 치 해 서
부 정 하 더 니
노 려 보 시 지 만
기 다 랬 냐
강 탈 했 음
해 맑 아 야
보 살 펴 야
엉 뚱 해 서
건 설 하 겠 어
견 책 된
부 정 함
애 틋 하 신 데
느 끼 하 여 야
보 살 핍 시 다
입 이 가 벼 움
존 경 하 시 겠 다 - g y e o n g h a s i g e t d a
솟 으 셨 다
두 드 러 지 셨 기
뵈 더 니
뵈 셨 어 요
벌 이 는
보 살 펴 서
솟 으 셨 어
멈 춰 요
밀 리 어 요
견 책 되 시 려 고
간 섭 하 셨 기
강 탈 할
자 진 해 야
간 섭 해
보 살 펴 라
솟 았 어
보 살 폈 습 니 다
벌 인 다
비 뚜 셨 어
간 섭 해
굉 장 했 음
피 곤 했 어 요
깜 빡 했 습 니 까
강 탈 하 시 면
자 진 하 시 라
애 틋 하 셨 냐
밀 립 니 다
느 끼 하 시 겠 다
피 곤 하 겠 다
떠 드 셔
가 공 하 여 야
가 공 하 셔 서
걸 어 오 니 까
걸 어 오 시 지 만
끌 어 안 자
강 탈 했 느 냐
해 묵 으 셨 습 니 까
강 렬 하 냐
두 드 러 지 겠 어 요
얕 으 세 요
부 탁 하 시 느 냐
위 치 해 요
포 근 하 시 겠 다
길 으 시 는
파 괴 하 시 고
견 책 돼 서
자 진 한 다
한 정 될
악 하 신
두 드 러 지 기
밀 려
강 렬 한
위 치 했 습 니 다
펼 쳐 요
봬 요
악 하 시 니
자 진 하 셨 습 니 까
옹 졸 했 어
가 시 니 까
누 설 하 셨 기
악 하 여 야
강 렬 하 니 까
존 경 해 요 - g y e o n g h a e y o
강 탈 해 라
피 곤 해 요
그 릇 되 신 다
연 구 하 셨 기 - g u h a s y e o t g i
요 하 시 기
솟 으 셔 요
건 설 하 십 니 다
끌 어 안 아
존 경 하 셨 기 - g y e o n g h a s y e o t g i
검 출 되 셔
불 으 실
밀 리 셨 습 니 까
가 셔 서
칠 하 지 만
청 혼 한 다
건 설 하 느 냐
건 설 해 요
해 묵 어 요
엉 뚱 했 냐
강 탈 하 니 까
드 러 내 셔
보 살 펴 요
해 묵 으 시 겠 어
요 하 시 겠 다
떠 들 더 니
두 드 러 지 십 니 까
파 괴 해 요
휘 시 는
해 묵 어 라
포 근 하 였 기
길 어
휘 었 느 냐
보 지 해 요
솟 아 요
강 탈 하 시 더 니
응 징 했 습 니 다
깜 빡 하 십 니 까
가 공 해
견 책 되 세 요
한 정 되 심
털 고
걸 어 와
불 읍 시 다
응 징 했 어 요
그 릇 되 겠 습 니 다
비 뚜 신
보 지 했 어
한 정 되 니
떠 드 시 겠 다
피 곤 하 신 데
강 탈 하 시 지 만
한 정 되 기
존 경 하 지 만 - g y e o n g h a j i m a n
벌 이 어 요
털 려 고
깜 빡 하 시 려 고
그 릇 되 셔
악 해
보 지 함
견 책 되 니 까
피 곤 하 시 기
간 섭 해 야
부 탁 하 시 라
견 책 되 셔 요
끌 어 안 읍 시 오
길 어 서
두 드 러 지 신
펼 쳤 다
해 묵 으 시 는
피 곤 하 니 까
떠 들 어
떠 들 었 습 니 다
드 러 내 시 면
응 징 하 고
부 탁 하 시 니
떠 들 려 고
솟 았 느 냐
파 괴 하 시 지 만
요 하 여 서
보 살 피 셔
그 릇 되 셔
해 맑 겠 습 니 다
비 뚜 시 기
검 출 되 셨 어 요
누 설 해 야
응 징 했 습 니 까
솟 으 셔 야
질 문 하 는
기 차 떠 나 고 손 흔 든 다
건 설 하 자
검 출 되 십 시 오
밀 리 시 면
기 다 라 시 면
엉 뚱 하 셔
위 치 한 다
걸 리 셔 서
간 섭 합 시 다
걸 어 오 셔
누 설 한 다
얕 으 셨 어
멈 춥 니 다
응 징 해
누 설 했 어 요
굉 장 하 셔
파 괴 하 여 서
응 징 하 시 니
부 정 하 셨 어 요
방 대 하 시 고
포 근 하 겠 어 요
강 렬 하 여 서
악 하 셔
불 으 셔
해 묵 으 셨 어 요
부 탁 함
불 으 십 니 까
부 정 하 셨 어 요
애 틋 하 심
검 출 됐 다
드 러 내 시 느 냐
가 시 면
그 릇 되 어 야
검 출 되 시 면
길 었 어
입 이 가 벼 우 시 고
검 출 되 어 요
벌 이 시 니
애 틋 했 습 니 다
두 드 러 지 겠 습 니 다
검 출 됐 음
굉 장 해
가 공 해 요
위 치 했 어
두 드 러 짐
엉 뚱 하 겠 습 니 다
간 섭 했 음
연 구 하 시 니 까 - g u h a s i n i k k a
누 설 하 시 지 만
입 이 가 볍 겠 어 요
요 하 시 는 데
가 공 하 셔
옹 졸 하 시 기
강 렬 하 세 요
엉 뚱 해
밀 린 다
부 정 하 시 겠 어 요
해 묵 어 요
강 렬 하 니
가 십 시 오
보 지 했 습 니 다
휘 어
물 어 보 셨 어 요
기 다 랗 고
깜 빡 하 겠 습 니 다
피 곤 하 시 겠 어
휘 실
휘 었 습 니 까
해 묵 으 세 요
끌 어 안 으 시 려 고
보 지 한
길 으 시 겠 습 니 다
뵈 셨 느 냐
기 차 떠 나 고 손 흔 들 어 라
물 어 보 시 니 까
강 탈 해
해 맑 았 습 니 까
걸 리 셨 음
해 묵 고
봬 요
털 어
긷 겠 다
간 섭 하 셔 요
강 탈 하 였 기
요 하 시 려 고
한 정 되 시 겠 어 요
밀 렸 습 니 다
요 해 요
강 렬 하 셔
방 대 하 시 겠 어
길 어 야
해 묵 을
자 진 해
연 구 했 어 요 - g u h a e s s e o y o
드 러 내 시 기
노 려 봅 니 까
벌 이 자
드 러 내 는 데
떠 들 기
피 곤 했 냐
검 출 되 시 겠 어
물 어 보 셨 어 요
뵐
노 려 보 신
건 설 했 다
부 탁 해
옹 졸 해
파 괴 하 는
털 었 어
피 곤 하 십 니 까
칠 하 겠 어
비 뚜 셔 서
굉 장 했 기
해 맑 습 니 다
그 릇 돼 라
뵀 어
존 경 하 시 겠 습 니 다 - g y e o n g h a s i g e t s e u m n i d a
파 괴 하 십 니 까
한 정 돼 요
포 근 하 시 겠 어 요
물 어 보 셔
벌 이 겠 어 요
애 틋 하 시 겠 어 요
굉 장 하 시 다
한 정 되 지 만
굉 장 하 시 기
엉 뚱 함
견 책 돼 야
존 경 해 요 - g y e o n g h a e y o
해 묵 어 야
얕 었 음
간 섭 하 니 까
악 하 심
칠 합 니 다
깜 빡 하 자
뵈 세 요
펼 쳤 음
길 으 니
존 경 하 셨 습 니 까 - g y e o n g h a s y e o t s e u m n i k k a
휘 어 요
한 정 돼
기 차 떠 나 고 손 흔 드 셔
그 릇 되 려 고
그 릇 되 시 겠 습 니 다
자 진 하 였 기
가 셔 요
텁 니 까
가 공 하 셨 습 니 까
건 설 합 시 다
자 진 하 세 요
견 책 되 시 는 데
옹 졸 하 였 음
기 차 떠 나 고 손 흔 드 시 면
터 시 기
보 살 피 십 니 다
자 진 하 시 니
부 정 합 니 다
해 묵 기
물 어 보 신 다
포 근 하 시 냐
악 하 겠 어 요
가 공 해
느 끼 하 셔 서
노 려 보 셨 다
기 차 떠 나 고 손 흔 들
청 혼 해 야
턴 다
존 경 합 니 다 - g y e o n g h a m n i d a
엉 뚱 하 시 더 니
한 정 되 셨 느 냐
강 탈 하 여 야
끌 어 안 으 셨 기
뵈 십 시 오
뵈 셨 다
검 출 되 자
비 뚜 니 까
방 대 했 냐
해 묵 으 면
휘 느 냐
파 괴 해 요
방 대 하 여 야
비 뚤 었 냐
보 살 피 시 겠 습 니 다
보 살 피 시 겠 다
응 징 하 시 라
느 끼 하 세 요
끌 어 안 는 데
부 정 하 겠 다
보 살 피 신 다
질 문 하 였 기
걸 리 시 냐
보 살 피 셨 어 요
기 다 랗 다
포 근 하 셨 냐
견 책 되 셨 다
자 진 했 어 요
해 묵 는 데
펼 치 시 지 만
기 다 랗 습 니 다
솟 더 니
솟 으 시 려 고
악 하 겠 습 니 다
노 려 보 시 기
느 끼 하 니 까
부 정 해
방 대 하 셨 습 니 까
펼 치 셨 어
위 치 하 신
가 공 하 는 데
벌 여
간 섭 하 세 요
자 진 하 셨 기
입 이 가 벼 우 시 다
펼 치 셔
보 살 피 겠 습 니 다
펼 치 었 음
한 정 됩 니 다
기 차 떠 나 고 손 흔 들 어
떠 들 어 요
입 이 가 벼 우 심
한 정 되 시 겠 어
부 정 하 였 음
칠 하 셨 어 요
붇 겠 어
자 진 하 는 데
비 뚤 겠 다
굉 장 하 십 니 다
털 어 라
가 시 겠 어
검 출 됐 기
그 릇 되 심
요 합 시 오
자 진 하 시 지 만
건 설 했 느 냐
건 설 했 기
두 드 러 져 야
청 혼 했 습 니 다
터 시 겠 다
해 묵 어 서
물 어 보 는
엉 뚱 하 시 냐
자 진 하 니
해 묵 었 다
간 섭 해
걸 어 옵 니 다
밀 리 셨 어 요
파 괴 했 어
얕 으 시 겠 어
부 정 하 셨 어
물 어 보 세 요
방 대 했 어 요
견 책 되 겠 습 니 다
불 으 시 니 까
불 으 시 겠 습 니 다
응 징 하 였 음
터 셨 기
존 경 한 다 - g y e o n g h a n d a
해 맑 으 시 더 니
악 하 겠 어
응 징 해 야
걸 어 와 요
기 다 라 셨 습 니 까
엉 뚱 했 어 요
애 틋 하 셨 습 니 까
칠 하 시 지 만
비 뚜 니
부 정 하 니
그 릇 되 셔 서
떠 드 시 는 데
응 징 했 음
견 책 됩 시 다
위 치 하 지 만
휘 기
깜 빡 하 여 라
견 책 되 시 느 냐
피 곤 하 시 면
물 어 보 세 요
기 다 래 서
멈 추 었 어
입 이 가 벼 우 시 지 만
누 설 한
칠 하 느 냐
텁 니 다
벌 이 시 면
칠 했 기
느 끼 한
칠 하 시 려 고
길 으 셨 어
강 탈 하 셨 어 요
솟 으 십 니 다
칠 함
청 혼 하 셔
부 정 해
벌 이 시 더 니
부 탁 하 셨 어 요
파 괴 하 세 요
칠 하 셨 습 니 다
걸 리 어 요
걸 리 시 다
불 으 시 기
악 하 면
걸 리 어 요
자 진 하 세 요
굉 장 하 셨 냐
부 정 하 십 니 다
요 하 려 고
솟 으 셨 어 요
파 괴 했 음
펼 치 겠 다
얕 으 십 니 까
악 하 시 겠 어 요
질 문 하 시 겠 어
한 정 되 시 더 니
누 설 하 면
간 섭 하 시 겠 어 요
견 책 됐 습 니 까
드 러 내 지 만
떠 드 시 겠 어 요
칠 하 셔 요
건 설 하 시 겠 어 요
멈 추 셨 습 니 다
해 묵 으 셔
기 다 랗 기
기 차 떠 나 고 손 흔 드 심
비 뚜 시 더 니
길 으 십 니 까
보 살 피 시 겠 어
가 시 는
얕 더 니
솟 아
기 차 떠 나 고 손 흔 드 셔 야
드 러 내
청 혼 하 셔 요
포 근 하 더 니
강 렬 하 셨 어 요
청 혼 하 려 고
보 살 피 어 요
자 진 하 자
떠 들 겠 어
보 살 피 셔 서
자 진 했 어 요
부 정 해 서
보 지 하 시 겠 어 요
걸 리 시 겠 습 니 다
걸 리 시 니 까
털 어 요
얕 으 셨 기
휘 면
펼 치 지 만
걸 렸 다
보 살 폈 다
파 괴 하 셨 기
방 대 하 시 기
불 었 느 냐
건 설 했 어
해 맑 으 세 요
떠 드 셨 습 니 까
떠 들 었 습 니 까
기 다 라 시 겠 어 요
밀 릴
느 끼 했 어
부 정 하 세 요
검 출 되 시 니 까
깜 빡 하 였 기
보 지 하 셨 습 니 다
한 정 돼
자 진 함
벌 이 어 요
턺
보 지 하 느 냐
질 문 하 세 요
방 대 했 습 니 다
애 틋 하 겠 어 요
부 정 했 음
파 괴 해
펼 치 시 느 냐
끌 어 안 기 - g i
걸 어 오 려 고
연 구 했 기
노 려 보 더 니
견 책 되 어 요
위 치 하 기
질 문 하 셨 어 요
자 진 하 셔
포 근 한
터 시 니
그 릇 되 셨 어 요
깜 빡 하 시 라
가 셨 습 니 다
노 려 보 겠 어 요
끌 어 안 으 셔
휘 어 요
해 묵 으 니
질 문 하 셨 습 니 까
보 살 피 신
가 시 겠 습 니 다
검 출 돼 요
응 징 해
자 진 하 실
멈 추 셨 어
해 맑 았 습 니 다
해 묵 으 셨 기
청 혼 했 어
청 혼 한
밀 리 시 지 만
터 십 니 다
해 묵 으 시 니 까
벌 였 기
존 경 하 세 요
건 설 하 셔
걸 려 야
요 하 셨 느 냐
질 문 해
강 렬 하 겠 어
걸 어 왔 어 요
청 혼 하 시 려 고
터 십 니 까
자 진 해
위 치 하 시 지 만
파 괴 한 다
길 으 셔
응 징 해 요
입 이 가 벼 웠 어
간 섭 할
봬
건 설 하 셨 기
포 근 하 세 요
노 려 보 아 요
걸 리 시 기
밀 리 겠 다
입 이 가 벼 워
두 드 러 지 셔 요
존 경 해 - g y e o n g h a e
자 진 하 신
질 문 하 십 니 다
해 맑 으 시 고
피 곤 하 더 니
걸 어 왔 음
청 혼 하 십 시 오
포 근 했 어
엉 뚱 하 냐
부 정 했 어
한 정 되 시 고
응 징 한
연 구 해 - g u h a e
파 괴 하 셨 어
멈 추 려 고
불 으 시 니
밀 리 시 기
칠 하 세 요
강 탈 했 다
질 문 해 요
검 출 돼 요
떠 드 셨 어
검 출 되 시 겠 습 니 다
간 섭 하 셨 음
밀 리 니 까
누 설 하 겠 어
드 러 내
보 살 펴
터 시 겠 어
칠 하 여 서
해 묵 겠 다
강 렬 하 시 겠 다
요 해 라
파 괴 하 겠 습 니 다
입 이 가 볍 습 니 다
솟 으 셨 습 니 까
방 대 하 시 니
엉 뚱 하 지 만
가 공 하 시 기
간 섭 하 셨 어
청 혼 해 요
자 진 하 는
칠 하 였 기
요 해
방 대 하 겠 어
그 릇 돼
그 릇 되 세 요
깜 빡 할
끌 어 안 으 셨 어 요
보 살 피 었 기
보 살 피 세 요
검 출 됩 니 다
벌 이 니 까
휘 십 니 까
휘 었 기
파 괴 해 서
걸 려
누 설 하 여 라
보 지 하 셨 다
연 구 하 겠 어 - g u h a g e s s e o
부 정 했 습 니 다
애 틋 하 셔 야
강 탈 하 겠 습 니 다
뵈 셨 습 니 다
질 문 했 느 냐
위 치 하 여 서
걸 어 오 셨 습 니 까
드 러 내 서
붇 겠 다
노 려 봐 서
부 탁 하 심
가 공 하 시 지 만
그 릇 되 십 니 까
건 설 하 시 고
기 다 라 시 다
피 곤 하 십 니 다
밀 리 려 고
그 릇 되 신
벌 이 시 지 만
부 탁 할
간 섭 하 느 냐
멈 추 니
옹 졸 한
펼 치 면
걸 리 니 까
보 지 합 니 다
강 렬 하 였 음
물 어 보 셔 서
굉 장 하 겠 다
입 이 가 벼 우 니
한 정 됐 어 요
입 이 가 볍 고
기 다 랬 어 요
파 괴 하 시 겠 습 니 다
요 하 자
자 진 했 습 니 다
깜 빡 하 셔
연 구 하 시 기 - g u h a s i g i
끌 어 안 았 습 니 까
요 하 겠 다
물 어 보 겠 다
가 세 요
칠 하 십 니 다
해 묵 으 시 기
밀 렸 어
누 설 하 시 려 고
펼 치 겠 어 요
질 문 하 셔 요
멈 추 시 면
가 셨 어
요 했 다
간 섭 하 셨 다
보 지 하 자
느 끼 하 셨 다
보 살 피 시 는 데
애 틋 하 십 니 까
끌 어 안 으 셨 습 니 다
떠 들 어 요
건 설 하 였 음
견 책 되 시 는
엉 뚱 하 시 면
깜 빡 하 십 시 오
기 차 떠 나 고 손 흔 들 었 어 요
길 으 세 요
그 릇 되 느 냐
멈 춤
깜 빡 하 셔
노 려 보 십 니 까
노 려 보 세 요
존 경 하 시 면 - g y e o n g h a s i m y e o n
두 드 러 지 었 음
입 이 가 벼 웠 기
옹 졸 하 겠 어 요
해 묵 으 시 는 데
가 공 하 시 는 데
질 문 했 기
한 정 됐 어
악 하 다
누 설 했 습 니 까
기 차 떠 나 고 손 흔 드 셨 어
떠 들 지 만
해 묵 었 음
굉 장 한 데
응 징 하 시 느 냐
깜 빡 하 세 요
옹 졸 하 고
부 정 하 지 만
포 근 하 셨 음
걸 려
강 탈 하 려 고
해 묵 음
질 문 해 요
끌 어 안 으 셨 어
휘 셨 어 요
엉 뚱 하 였 음
가 셔
보 살 피 시 니
걸 리 세 요
털 어 야
길 으 신 다
불 으 면
밀 리 면
길 어
강 탈 해
드 러 내 십 시 오
연 구 하 시 는 - g u h a s i n e u n
벌 이 시 겠 습 니 다
건 설 하 니 까
보 지 하 겠 다
응 징 하 심
휘 시 느 냐
굉 장 했 냐
그 릇 되 더 니
깜 빡 했 음
한 정 되 세 요
떠 드 시 라
얕 었 어
벌 였 습 니 까
존 경 해 야
보 살 피 어 서
떠 드 셨 어 요
간 섭 하 셔 서
존 경 하 시 기 - g y e o n g h a s i g i
길 으 셔
위 치 한
부 정 해
드 러 내 시 니 까
자 진 합 니 다
물 어 봐 요
방 대 하 냐
불 었 어
연 구 합 니 까 - g u h a m n i k k a
물 어 보 셨 어
한 정 되 셨 음
느 끼 해
누 설 합 시 오
해 맑 으 니 까
휘 는
간 섭 해
얕 어 야
노 려 보 니 까
물 어 보 려 고
물 어 보 아 라
한 정 됐 어 요
응 징 해 서
밀 리 신 다
해 묵 으 니 까
벌 이 세 요
간 섭 하 셨 느 냐
부 탁 하 면
드 러 내 어 야
얕 겠 다
입 이 가 벼 울
걸 리 셔
기 다 라 니
강 탈 하 셔
존 경 하 셔 요 - g y e o n g h a s e y o
드 러 내 세 요
연 구 해 - g u h a e
떠 들 었 어 요
비 뚤 었 어
두 드 러 지 시 다
느 끼 하 였 기
파 괴 하 지 만
위 치 하 세 요
옹 졸 하 셔
느 끼 하 셨 어
응 징 하 셨 기
연 구 하 세 요 - g u h a s e y o
간 섭 해 라
질 문 하 겠 습 니 다
걸 리 었 음
누 설 하 니
건 설 하 셔 요
연 구 해 - g u h a e
청 혼 했 어 요
펼 쳤 어
휘 겠 습 니 다
견 책 되 지 만
강 렬 하 더 니
가 공 했 음
멈 추 니 까
불 었 어 요
기 차 떠 나 고 손 흔 드 시 는
걸 어 오 셨 어
포 근 하 셨 어
존 경 했 습 니 다 - g y e o n g h a e t s e u m n i d a
보 지 하 셔
벌 이 세 요
검 출 되 려 고
포 근 해 야
누 설 해 요
굉 장 하 겠 어 요
멈 추 십 니 까
검 출 되 시 는 데
휘 셨 기
굉 장 하 셨 어 요
해 맑 으 면
벌 이 어 야
강 렬 하 여 야
비 뚜 실
그 릇 되 시 더 니
떠 들 어 라
칠 하 겠 어 요
끌 어 안 았 음
뵈 셔
떠 드 시 겠 습 니 다
뵈 는 데
질 문 해 야
가 공 했 어 요
그 릇 되 십 시 오
물 어 봄
파 괴 하 더 니
애 틋 하 겠 다
요 하 니 까
떠 드 셨 습 니 다
간 섭 하 셨 습 니 까
펼 칩 시 다
걸 어 오 시 더 니
걸 어 오 세 요
부 정 해 요
걸 어 왔 습 니 까
옹 졸 하 신
칠 합 니 까
불 으 신 다
그 릇 되 어 요
옹 졸 했 다
가 공 하 시 려 고
걸 어 오 셨 기
한 정 됐 다
기 다 라 시 겠 습 니 다
해 묵 겠 어
비 뚜 셨 어 요
청 혼 하 실
칠 했 어
굉 장 하 셨 습 니 까
비 뚤 고
펼 치 셨 습 니 다
멈 추 겠 습 니 다
그 릇 되 셔 요
위 치 하 심
누 설 하 였 기
간 섭 하 지 만
부 탁 했 어 요
펼 치 시 는 데
간 섭 하 고
옹 졸 하 셔
악 하 실
입 이 가 벼 우 셔 서
끌 어 안 으 셔 요
해 맑 으 시 겠 습 니 다
벌 이 시 느 냐
옹 졸 합 니 까
불 으 시 느 냐
보 살 피 셔
얕 으 셨 다
위 치 해
한 정 되 어 요
한 정 되 더 니
멈 추 시 는 데
비 뚠 데
요 합 시 다
노 려 보 셨 어
건 설 한
불 으 니 까
기 차 떠 나 고 손 흔 드 십 시 오
존 경 하 십 니 까 - g y e o n g h a s i m n i k k a
파 괴 합 시 다
기 다 라 셨 어 요
존 경 했 습 니 까 - g y e o n g h a e t s e u m n i k k a
질 문 하 여 서
보 지 하 셨 어
깜 빡 하 셨 음
뵈 십 니 다
부 정 하 려 고
강 탈 하 시 려 고
가 공 하 시 더 니
기 다 랗 겠 다
걸 린 데
피 곤 하 심
가 공 해
벌 이 실
느 끼 해
엉 뚱 하 세 요
휘 셔 요
강 렬 하 셨 기
벌 였 음
존 경 하 셔 - g y e o n g h a s y e o
위 치 하 겠 다
느 끼 했 어 요
펼 치 셨 어
물 어 봅 니 까
간 섭 하 셔
보 살 피 셨 습 니 다
응 징 하 시 겠 습 니 다
끌 어 안 아
멈 추 심
굉 장 하 시 겠 어 요
펼 치 시 라
깜 빡 하 셔 요
방 대 하 셨 습 니 다
가 셨 음
청 혼 하 셨 어
강 렬 하 셔
엉 뚱 하 시 겠 어 요
털 기
부 정 하 는
위 치 하 시 니
견 책 되 셨 음
칠 해
한 정 되 셔
건 설 하 는
악 하 시 냐
멈 추 셨 어
기 차 떠 나 고 손 흔 들 겠 습 니 다
건 설 하 세 요
노 려 봤 기
청 혼 해 요
부 탁 해
휘 시 니
보 살 피 시 는
칠 하 셨 다
누 설 하 셨 습 니 다
입 이 가 벼 우 시 니
털 어
걸 리 시 겠 어
벌 이 십 니 다
기 다 랄
느 끼 해 요
비 뚜 시 겠 다
요 하 신
끌 어 안 으 심
그 릇 되 어 서
멈 추 었 다
끌 어 안 으 시 겠 습 니 다
벌 이 느 냐
요 하 겠 어
부 탁 하 시 면
청 혼 하 신 다
보 살 피 시 느 냐
부 정 해 라
뵈 자
터 니
해 묵 어 요
청 혼 하 시 라
드 러 내 시 니
질 문 하 시 기
피 곤 하 였 음
부 정 하 신
칠 하 셔 서
휘 겠 다
끌 어 안 느 냐
입 이 가 볍 지 만
부 탁 합 니 다
불 으 시 는
걸 어 오 셨 어 요
강 탈 해 서
누 설 하 실
가 공 하 셔 야
보 지 한 다
강 탈 하 자
노 려 본
떠 드 세 요
멈 추 면
솟 겠 어
청 혼 하 셨 습 니 다
악 하 시 고
부 탁 하 시 는 데
기 차 떠 나 고 손 흔 듭 시 다
질 문 했 어 요
강 탈 하 심
벌 이 셨 어 요
질 문 하 더 니
자 진 했 어
물 어 보 시 니
칠 하 셔
애 틋 하 셨 어 요
펼 치 시 는
기 다 라 신
끌 어 안 으 셨 느 냐
강 탈 하 시 겠 어 요
드 러 내 라
간 섭 하 신 다
펼 치 시 면
펼 치 십 시 오
강 렬 하 실
걸 어 오 셔
존 경 함 - g y e o n g h a m
해 맑 아
길 어
물 어 보 기
보 살 피 셨 음
그 릇 되 세 요
부 탁 하 세 요
위 치 했 어 요
뵈 십 니 까
강 탈 하 면
느 끼 하 십 니 까
파 괴 했 습 니 다
밀 립 시 다
칠 하 고
얕 으 시 지 만
보 살 피 시 면
솟 았 다
길 었 습 니 다
노 려 보 셔
뵈 셔 서
애 틋 한 데
간 섭 하 십 시 오
깜 빡 해 서
그 릇 되 는 데
긷 기
칠 하 셨 습 니 까
터 시 겠 어 요
건 설 하 겠 어 요
자 진 하 십 니 까
요 하 시 겠 어
보 지 하 시 려 고
부 탁 하 자
뵈 셔 요
걸 어 와 서
방 대 하 셔 야
검 출 되 셨 음
드 러 내 어 요
애 틋 했 어
자 진 하 셨 어 요
펼 치 더 니
연 구 하 지 만 - g u h a j i m a n
파 괴 해
펼 치 셨 습 니 까
악 했 어
애 틋 해 야
가 셨 습 니 까
걸 어 오 신 다
연 구 해 요 - g u h a e y o
응 징 하 기
간 섭 합 시 오
보 지 하 시 기
질 문 하 셔 요
벌 이 셔
청 혼 했 어
자 진 하 셔
연 구 했 어 - g u h a e s s e o
깜 빡 했 어
입 이 가 벼 우 신 데
보 지 하 세 요
파 괴 하 셔 야
그 릇 되 시 는 데
강 렬 했 기
청 혼 하 기
위 치 하 겠 어 요
악 하 셔 요
검 출 돼
물 어 보 시 라
보 살 핀 다
길 으 셔 요
걸 리 시 니
응 징 하 셔
검 출 돼 야
질 문 했 어
방 대 하 다
보 지 하 면
해 맑 으 셨 다
한 정 되 었 기
옹 졸 해 야
깜 빡 하 는 데
벌 이 지 만
두 드 러 졌 기
부 탁 하 세 요
연 구 하 겠 어 요 - g u h a g e s s e o y o
피 곤 하 시 고
두 드 러 집 니 까
걸 리 실
끌 어 안 았 느 냐
검 출 됩 니 까
깜 빡 하 시 는 데
부 탁 하 겠 어
강 탈 한
한 정 되 시 겠 습 니 다
뵈 시 니
깜 빡 하 니
자 진 해 라
위 치 해 요
방 대 하 시 니 까
칠 하 시 겠 습 니 다
누 설 하 느 냐
떠 들 겠 습 니 다
두 드 러 지 시 니 까
걸 어 오 셨 습 니 다
가 시 느 냐
입 이 가 벼 우 십 니 까
엉 뚱 해
질 문 하 시 고
벌 이 겠 다
걸 리 셨 다
털 겠 습 니 다
위 치 했 느 냐
엉 뚱 하 셔 서
엉 뚱 해 요
부 탁 해 요
물 어 봅 시 오
드 러 내 십 니 까
한 정 되 어 서
기 차 떠 나 고 손 흔 들 어
느 끼 하 고
청 혼 하 면
벌 이 셨 기
존 경 할 - g y e o n g h a l
검 출 됐 어 요
파 괴 합 니 다
위 치 하 셨 어
얕 으 시 더 니
밀 리 시 라
연 구 합 시 다 - g u h a p s i d a
끌 어 안 았 어
멈 춥 니 까
한 정 돼
뵈 어 야
밀 렸 어
깜 빡 해 요
간 섭 하 셔
떠 드 세 요
방 대 하 시 냐
그 릇 돼 요
멈 추 시 니
검 출 됐 어
악 해 서
부 정 하 시 겠 습 니 다
휘 려 고
드 러 내 시 더 니
기 다 랗 겠 어
파 괴 하 셔 요
느 끼 하 시 다
드 러 내 셨 습 니 다
부 정 하 느 냐
가 셨 어 요
강 탈 하 여 서
그 릇 돼
기 차 떠 나 고 손 흔 들 어
기 다 라 시 지 만
보 살 피 세 요
질 문 하 신 다
해 묵 었 기
강 렬 하 겠 다
해 묵 으 시 느 냐
청 혼 합 니 까
연 구 해 야
응 징 하 니
길 읍 시 다
보 살 피 셔
해 맑 으 시 겠 다
질 문 하 십 시 오
걸 립 니 다
질 문 하 시 니 까
뵀 습 니 다
애 틋 하 여 야
노 려 보 았 음
걸 어 오 는 데
연 구 해 - g u h a e
부 정 하 셔
연 구 하 시 려 고 - g u h a s i r y e o g o
청 혼 하 겠 어
멈 춰 요
밀 리 시 는
밀 리 어 라
자 진 하 셔 요
끌 어 안 읍 시 다
물 어 보 시 기
검 출 되 시 려 고
해 맑 으 셨 기
끌 어 안 음
간 섭 하 여 서
방 대 하 고
연 구 하 면 - g u h a m y e o n
멈 추 시 려 고
검 출 됐 습 니 다
포 근 하 시 니
걸 어 오 시 느 냐
보 지 하 겠 어
드 러 내 시 겠 어
느 끼 하 십 니 다
벌 이 셨 음
봬 요
굉 장 하 시 니
칠 해 요
노 려 봐
느 끼 하 시 니
누 설 해
불 은
기 차 떠 나 고 손 흔 드 셨 어 요
응 징 하 셨 어
건 설 하 시 는
멈 추 시 더 니
건 설 해
요 하 시 니
응 징 해 요
떠 들 어
간 섭 하 시 니 까
입 이 가 벼 웠 다
요 하 시 느 냐
불 어
걸 리 시 겠 다
기 차 떠 나 고 손 흔 드 신
위 치 하 시 고
칠 하 시 겠 어 요
느 끼 합 니 까
강 렬 하 다
부 탁 하 시 겠 어
입 이 가 벼 우 셔 요
느 끼 하 셔 야
물 어 봐
굉 장 하 니 까
강 탈 하 셨 습 니 다
노 려 봤 느 냐
불 어 요
입 이 가 볍 겠 다
부 탁 하 려 고
견 책 되 시 겠 습 니 다
한 정 되 셔
존 경 하 셨 음 - g y e o n g h a s y e o s s e u m
그 릇 되 었 기
멈 췄 기
한 정 되 셔 야
부 탁 하 신
방 대 하 시 면
긷 습 니 다
응 징 하 셔
연 구 하 십 니 까 - g u h a s i m n i k k a
견 책 되 기
건 설 했 어
엉 뚱 하 셔 요
뵈 시 겠 어 요
해 묵 어
청 혼 해 요
간 섭 하 더 니
드 러 내 셔
한 정 되 겠 어
펼 치 셨 음
해 묵 으 려 고
자 진 하 느 냐
가 셔
한 정 되 어 야
깜 빡 하 셨 습 니 까
포 근 하 실
뵈 시 기
가 셨 어
깜 빡 하 셨 다
옹 졸 하 시 겠 다
밀 렸 습 니 까
청 혼 했 어 요
끌 어 안 으 셔
뵈 시 려 고
검 출 되 시 니
피 곤 하 셨 어
악 했 다
긷 더 니
펼 치 시 니 까
보 지 하 려 고
가 셨 기
강 탈 하 는
솟 았 기
한 정 되 었 음
자 진 해 요
뵙 시 오
펼 치 심
입 이 가 벼 우 시 더 니
부 정 합 시 오
불 으 셔 서
물 어 보 아 요
노 려 봤 음
파 괴 하 였 음
털 었 습 니 까
부 탁 하 시 는
강 탈 하 시 고
멈 추 어
건 설 하 셨 어 요
해 맑 았 어 요
드 러 낸 다
불 읍 시 오
누 설 했 어 요
칠 하 셔
견 책 되 겠 다
밀 리 시 겠 어
굉 장 하 였 음
방 대 하 시 겠 어 요
해 묵 은
멈 춰 야
불 으 시 면
솟 으 려 고
옹 졸 하 신 데
악 하 세 요
불 어 요
드 러 내 겠 습 니 다
길 으 셨 음
청 혼 하 지 만
입 이 가 볍 겠 습 니 다
악 하 셨 어
칠 하 는
옹 졸 했 습 니 까
걸 어 오 시 는
칠 했 어 요
연 구 한 - g u h a n
걸 렸 어 요
연 구 하 셨 어 - g u h a s y e o s s e o
드 러 내 겠 어
걸 어 왔 어
솟 느 냐
피 곤 하 시 니 까
멈 추 셔 요
노 려 보 아 야
질 문 하 셨 다
요 하 셔 요
멈 추 고
떠 드 는 데
누 설 하 시 기
부 정 해 요
두 드 러 지 겠 어
검 출 되 셔 요
깜 빡 하 셨 어 요
존 경 하 자 - g y e o n g h a j a
입 이 가 벼 워 요
질 문 하 셔
가 십 니 까
노 려 보 셨 어 요
끌 어 안 습 니 까
두 드 러 지 셔
솟 아
뵈 실
청 혼 하 여 서
얕 지 만
뵈 는
드 러 내 니 까
강 렬 하 신
건 설 하 실
강 탈 하 겠 다
부 탁 하 셨 느 냐
옹 졸 하 더 니
얕 었 기
엉 뚱 하 였 기
떠 드 셔 야
벌 이 셔
얕 으 시 기
견 책 됨
두 드 러 졌 습 니 다
부 탁 했 다
기 차 떠 나 고 손 흔 들 어 요
건 설 해 라
칠 해 요
걸 리 셔 요
누 설 해
보 살 피 지 만
부 정 하 여 야
털 겠 어
자 진 하 십 니 다
가 공 하 심
보 살 펴
피 곤 합 니 까
비 뚜 심
터 시 지 만
부 탁 했 기
견 책 되 시 니 까
보 지 했 느 냐
보 지 했 음
해 맑 겠 어
그 릇 되 시 겠 어 요
기 차 떠 나 고 손 흔 드 시 고
연 구 하 셨 음 - g u h a s y e o s s e u m
밀 려 요
부 탁 하 시 더 니
터 시 면
그 릇 되 셔
두 드 러 진
멈 춥 시 오
깜 빡 하 시 느 냐
끌 어 안 으 시 더 니
부 탁 했 습 니 다
기 다 랗 지 만
휘 어 야
느 끼 하 신 데
해 묵 더 니
끌 어 안 으 셔
솟 아
존 경 하 겠 어 요 - g y e o n g h a g e s s e o y o
걸 어 오 겠 다
요 하 였 음
밀 려 라
파 괴 하 겠 어 요
자 진 하 셔
응 징 했 기
존 경 하 시 겠 어 요 - g y e o n g h a s i g e s s e o y o
밀 리 겠 어 요
불 으 셔 요
존 경 하 시 려 고 - g y e o n g h a s i r y e o g o
견 책 되 셨 어 요
해 묵 으 십 니 다
강 렬 합 니 다
질 문 하 셨 음
드 러 냈 어
걸 렸 기
그 릇 되 겠 다
밀 리 셔
기 차 떠 나 고 손 흔 드 신 다
보 살 피 시 겠 어 요
간 섭 해 요
보 살 피 는 데
악 하 십 니 까
질 문 하 셔
피 곤 해
파 괴 하 셨 음
검 출 되 겠 다
터 셨 다
존 경 해 요 - g y e o n g h a e y o
그 릇 됩 시 다
옹 졸 하 시 냐
길 으 셔
부 정 하 겠 어 요
피 곤 해 야
봬
물 어 보 시 느 냐
해 맑 아
비 뚤 었 다
끌 어 안 았 어
파 괴 해
파 괴 한
위 치 해
얕 음
질 문 하 시 는 데
불 으 십 시 오
견 책 됐 어
깜 빡 합 시 다
자 진 한
칠 하 셨 음
멈 추 었 어 요
응 징 하 신 다
건 설 하 셨 습 니 다
간 섭 함
길 으 셔 야
파 괴 했 어 요
옹 졸 하 시 니 까
깜 빡 해
부 정 하 시 니 까
멈 추 시 지 만
느 끼 할
불 으 시 겠 어
간 섭 해 요
해 맑 으 시 니 까
부 정 했 어
요 하 실
끌 어 안 아
터 시 더 니
걸 리 시 고
멈 춰 서
가 공 하 시 니
응 징 한 다
휘 세 요
솟 겠 어 요
위 치 하 였 음
방 대 하 셨 음
자 진 했 습 니 까
보 살 필
강 탈 하 셨 다
밀 려
위 치 하 셨 습 니 다
멈 추 셨 어 요
드 러 내 어 요
자 진 하 시 니 까
응 징 하 면
끌 어 안 지 만
부 정 하 셔
입 이 가 벼 우 신
건 설 하 셔 서
굉 장 하 면
보 살 피 니 까
파 괴 합 니 까
칠 하 시 기
청 혼 하 셨 다
가 공 하 셨 음
드 러 내 셨 음
자 진 하 셔 요
누 설 하 겠 다
부 정 하 시 고
존 경 하 시 는 데 - g y e o n g h a s i n e u n d e
보 살 피 시 라
청 혼 했 다
두 드 러 져
파 괴 하 시 기
끌 어 안 았 다
자 진 하 겠 어
피 곤 하 냐
깜 빡 하 셔
옹 졸 하 시 겠 어
강 탈 하 는 데
보 지 하 시 겠 다
얕 으 셔
검 출 되 시 기
위 치 해 라
악 하 신 데
털 어 서
해 묵 으 세 요
부 정 했 어 요
그 릇 되 시 는
길 으 시 겠 어
간 섭 하 시 는
견 책 되 십 니 다
파 괴 하 는 데
방 대 하 셔
간 섭 하 겠 습 니 다
드 러 내 세 요
해 맑 으 시 냐
기 다 랬 어 요
입 이 가 벼 우 냐
간 섭 하 시 면
누 설 하 려 고
자 진 하 셔
파 괴 하 셔
해 맑 으 냐
자 진 하 겠 다
벌 여 요
존 경 하 신 다 - g y e o n g h a s i n d a
해 묵 으 셨 어
깜 빡 하 지 만
위 치 했 기
얕 었 습 니 까
요 하 면
그 릇 되 셨 습 니 다
부 정 하 겠 습 니 다
옹 졸 하 셨 습 니 다
끌 어 안 는 다
해 묵 는
입 이 가 벼 우 셔
엉 뚱 하 시 기
부 탁 하 였 음
건 설 해 서
보 지 하 는
걸 렸 어 요
드 러 내 어 요
애 틋 하 겠 어
노 려 봤 어 요
떠 듭 니 다
두 드 러 지 셨 어 요
건 설 하 였 기
응 징 하 니 까
물 어 보 시 지 만
노 려 보 시 겠 다
해 묵 었 어
그 릇 됐 어
요 해 요
청 혼 하 시 는
검 출 되 세 요
건 설 하 십 시 오
칠 하 려 고
청 혼 하 셔
얕 으 셔
요 하 셨 어 요
건 설 하 는 데
누 설 합 시 다
드 러 내 겠 어 요
간 섭 해 요
피 곤 해 요
떠 들 었 다
누 설 하 고
위 치 했 다
그 릇 되 어 요
펼 치 어 서
견 책 됐 습 니 다
느 끼 해
느 끼 하 였 음
요 하 십 니 다
요 했 어 요
길 으 시 라
걸 리 셨 어 요
멈 추 었 어 요
기 다 랬 다
보 살 피 어 요
위 치 합 시 다
위 치 하 셨 기
벌 였 다
기 차 떠 나 고 손 흔 들 어
비 뚜 셨 습 니 까
물 어 보 셨 다
악 하 더 니
길 으 셨 어 요
옹 졸 하 시 고
한 정 되 셨 어 요
노 려 봐
간 섭 합 니 다
기 차 떠 나 고 손 흔 들 었 습 니 다
방 대 해
포 근 하 시 고
건 설 하 더 니
보 살 피 어 요
가 공 했 다
불 으 셨 습 니 다
질 문 하 셨 어
피 곤 하 였 기
견 책 됐 기
불 으 셨 어 요
부 탁 하 십 니 까
불 으 셨 음
방 대 하 셔 서
멈 춰 라
뵈 어 요
털 지 만
청 혼 하 느 냐
두 드 러 지 겠 다
검 출 되 셨 느 냐
벌 이 신 다
입 이 가 벼 워
보 살 핍 니 다
해 묵 으 셔
얕 으 시 다
멈 추 어
깜 빡 해 야
부 정 하 여 서
칠 하 셨 느 냐
벌 이 어 요
걸 어 와 야
길 으 십 니 다
기 다 란 데
솟 으 셔
깜 빡 했 습 니 다
휘 시 는 데
응 징 했 어
두 드 러 지 셔
연 구 하 십 시 오 - g u h a s i p s i o
걸 어 와 라
자 진 해
질 문 하 셨 습 니 다
자 진 하 더 니
칠 해 서
해 맑 으 신
기 차 떠 나 고 손 흔 드 는
간 섭 하 신
길 으 셨 습 니 다
연 구 하 시 면 - g u h a s i m y e o n
강 탈 해 야
위 치 하 셨 어 요
한 정 되 어 요
포 근 하 신 데
기 다 라 셔 야
피 곤 한
그 릇 되 시 기
한 정 되 세 요
엉 뚱 해 요
해 맑 았 어
강 탈 하 셨 어 요
피 곤 하 시 겠 다
위 치 하 셨 음
걸 어 온 다
뵈 어 요
휘 셨 느 냐
질 문 하 시 는
휘 셔
뵈 었 음
강 탈 하 였 음
벌 여 라
기 다 라 십 니 까
견 책 되 시 더 니
굉 장 하 셨 기
두 드 러 지 세 요
멈 추 셨 느 냐
걸 어 오 시 려 고
건 설 하 겠 습 니 다
피 곤 하 셨 냐
간 섭 하 니
끌 어 안 으 시 느 냐
검 출 되 니 까
기 차 떠 나 고 손 흔 드 셔
휘 었 다
벌 이 시 니 까
가 공 하 셨 다
멈 추 시 느 냐
털 었 습 니 다
옹 졸 하 십 니 다
한 정 돼
노 려 보 셨 어
물 어 보 아 서
건 설 하 려 고
칠 하 였 음
응 징 하 시 는
느 끼 했 냐
끌 어 안 은
노 려 봐 요
견 책 된 다
옹 졸 하 셨 다
해 묵 습 니 다
터 느 냐
응 징 할
물 어 보 시 려 고
부 정 할
응 징 하 더 니
뵀 느 냐
피 곤 했 음
파 괴 하 셨 습 니 다
걸 렸 습 니 까
휘 시 겠 다
가 공 하 신 다
가 셨 어 요
기 차 떠 나 고 손 흔 드 시 라
파 괴 하 시 는 데
강 렬 하 고
굉 장 하 시 겠 어
보 지 하 시 니 까
멈 추 었 습 니 다
느 끼 하 시 겠 어 요
솟 으 셔
느 끼 하 셔
뵈 셔
뵈 시 라
자 진 하 면
얕 겠 어 요
노 려 보 시 겠 습 니 다
악 했 냐
요 하 겠 습 니 다
누 설 해 서
한 정 되 십 니 다
드 러 냈 습 니 다
멈 추 었 어
노 려 보 세 요
떠 드 시 겠 어
노 려 봅 니 다
벌 입 니 다
연 구 하 셨 느 냐 - g u h a s y e o n n e u n y a
물 어 보 아 야
포 근 했 어 요
청 혼 해
깜 빡 하 시 고
펼 치 셨 어 요
보 살 펴 요
피 곤 하 겠 어 요
기 다 랗 습 니 까
그 릇 되 겠 어 요
깜 빡 하 여 서
해 맑 으 시 겠 어 요
떠 드 심
깜 빡 했 어 요
청 혼 해
밀 리 고
솟 으 셔 서
기 차 떠 나 고 손 흔 드 셨 어
건 설 하 셨 다
견 책 돼 요
굉 장 하 셔
강 탈 했 습 니 까
견 책 돼
휘 시 니 까
검 출 되 겠 어
그 릇 되 셔 요
요 해 서
포 근 해 요
펼 치 시 고
누 설 했 기
누 설 해 요
응 징 합 시 다
보 지 해
애 틋 하 셨 기
굉 장 하 셔 야
포 근 했 어 요
간 섭 하 셔 야
위 치 하 셔 야
질 문 해
질 문 했 음
칠 하 겠 습 니 다
연 구 했 음
건 설 했 어 요
방 대 합 니 까
가 공 하 였 음
견 책 되 시 겠 다
기 다 라 신 데
질 문 하 는 데
청 혼 합 시 다
한 정 된
끌 어 안 으 셔 서
칠 하 셔
두 드 러 지 셨 습 니 까
부 정 하 셨 기
기 차 떠 나 고 손 흔 드 셨 음
걸 어 오 셔
길 으 려 고
떠 들
해 묵 으 시 려 고
드 러 내 려 고
솟 고
걸 렸 냐
걸 어 왔 습 니 다
질 문 함
한 정 되 셨 어
엉 뚱 한
악 했 습 니 다
피 곤 했 어
기 다 래 요
강 탈 하 셔 요
칠 했 다
가 시 는 데
기 다 라 시 니
털 었 어
길 으 셨 어
강 렬 했 어
견 책 되 어 서
견 책 되 시 겠 어
존 경 해 - g y e o n g h a e
자 진 해 요
건 설 하 세 요
존 경 하 시 는 - g y e o n g h a s i n e u n
응 징 하 시 니 까
털 더 니
보 지 하 세 요
부 탁 하 셔 야
벌 이 셨 다
길 으 셨 다
밀 리 셨 습 니 다
터 셔
누 설 해
드 러 내 야
건 설 할
보 지 하 셨 습 니 까
두 드 러 지 니
얕 었 어 요
비 뚜 시 겠 어 요
끌 어 안 고 - g o
벌 여 서
떠 드 셔 요
누 설 하 시 겠 어
느 끼 하 심
존 경 하 셔 서 - g y e o n g h a s y e o s e o
깜 빡 하 는
방 대 하 겠 습 니 다
터 시 고
누 설 하 셨 어 요
떠 드 니
견 책 되 느 냐
칠 하 자
노 려 보 셔
드 러 내 었 음
터 셨 어 요
솟 는 다
옹 졸 하 니
멈 추 셨 습 니 까
해 묵 자
애 틋 하 지 만
자 진 하 심
존 경 하 여 서 - g y e o n g h a e s e o
불 으 세 요
강 탈 하 셔
물 어 보 아 요
파 괴 하 시 겠 다
검 출 되 신 다
가 공 했 어
요 함
강 탈 하 더 니
깜 빡 하 겠 어 요
밀 리 셔 야
길 어
부 탁 한 다
떠 드 셨 느 냐
견 책 되 셨 기
보 지 하 지 만
포 근 하 시 면
굉 장 합 니 까
멈 추 시 고
기 차 떠 나 고 손 흔 드 니 까
물 어 보 는 데
깜 빡 해
솟 으 시 기
걸 려 요
휘 셨 다
연 구 하 셨 어 - g u h a s y e o s s e o
강 탈 해 요
불 어 요
연 구 하 셔 - g u h a s y e o
파 괴 하 셨 어
애 틋 하 면
기 차 떠 나 고 손 흔 드 시 지 만
멈 추 시 겠 습 니 다
부 정 하 겠 어
붇 겠 습 니 다
떠 드 실
위 치 하 셨 어 요
두 드 러 지 시 지 만
끌 어 안 겠 습 니 다 - g e t s e u m n i d a
견 책 되 시 라
위 치 하 는
깜 빡 하 시 겠 습 니 다
두 드 러 지 셔 야
응 징 하 셨 어 요
질 문 해 서
검 출 됐 어 요
입 이 가 벼 운
멈 추 셔
얕 으 셨 어 요
요 해 야
부 정 했 기
굉 장 하 셨 음
포 근 하 여 서
한 정 돼 요
걸 어 오 자
애 틋 하 기
피 곤 하 셨 음
누 설 하 세 요
펼 치 시 겠 습 니 다
방 대 하 실
멈 추 어 라
부 탁 하 셔
느 끼 하 냐
피 곤 하 시 냐
질 문 합 시 다
불 어
누 설 해 요
물 어 보 셔 요
불 어 서
악 할
애 틋 하 시 냐
뵈 시 지 만
걸 어 오 겠 습 니 다
질 문 하 시 겠 습 니 다
질 문 하 시 려 고
피 곤 하 겠 어
멈 추 어
검 출 됐 느 냐
노 려 봤 어
응 징 하 세 요
끌 어 안 으 세 요
옹 졸 함
가 공 하 겠 어 요
연 구 해 서
연 구 해 라
멈 춘
해 묵 으 십 시 오
걸 립 니 까
밀 리 시 고
밀 리 어 요
보 살 핌
끌 어 안 는
요 했 음
비 뚜 셔 요
굉 장 했 어 요
옹 졸 했 기
자 진 하 겠 습 니 다
강 탈 했 어 요
봬
길 으 실
응 징 하 셨 습 니 까
기 다 라 셨 음
느 끼 하 겠 습 니 다
한 정 되 셨 어
강 탈 하 여 라
강 탈 하 신 다
간 섭 하 여 야
물 어 본
밀 리 니
보 지 하 십 시 오
위 치 하 겠 습 니 다
길 었 다
휘 어
가 공 하 니
엉 뚱 하 셔 야
걸 어 오 겠 어
질 문 하 면
청 혼 할
질 문 하 여 야
멈 추 실
휘 니 까
요 했 느 냐
불 으 시 는 데
한 정 되 십 시 오
가 공 함
드 러 냈 기
뵈 었 기
깜 빡 하 시 겠 어
피 곤 하 여 서
강 렬 했 어 요
펼 치 세 요
엉 뚱 하 신
기 다 라 냐
위 치 하 시 려 고
응 징 하 시 려 고
포 근 하 니
가 공 하 세 요
해 맑 아 요
길 으 시 더 니
강 탈 하 시 니 까
깜 빡 해
느 끼 하 셨 기
가 공 한 다
물 어 보 셨 느 냐
청 혼 하 는 데
한 정 되 느 냐
비 뚜 세 요
멈 추 는
터 는 데
가 공 해
한 정 되 셔 요
두 드 러 지 셨 어
방 대 하 니 까
악 하 셨 음
벌 이 겠 습 니 다
물 어 보 았 음
견 책 되 시 지 만
굉 장 하 신 데
피 곤 할
보 지 하 시 는
휘 니
멈 추 시 니 까
건 설 했 습 니 까
건 설 해 요
한 정 되 려 고
벌 이 셨 어 요
멈 추 십 니 다
보 살 피 면
옹 졸 하 셨 기
질 문 하 시 면
물 어 보 셔
붇 습 니 까
존 경 했 느 냐 - g y e o n g h a e n n e u n y a
존 경 하 셔 - g y e o n g h a s y e o
걸 어 오 고
굉 장 함
벌 이 어 요
굉 장 하 겠 습 니 다
간 섭 하 겠 어
물 어 봤 느 냐
펼 치 시 겠 어
물 어 보 겠 어 요
엉 뚱 하 셨 습 니 까
보 살 피 셔 야
위 치 하 세 요
비 뚜 셨 기
방 대 했 어
노 려 보 니
보 지 하 여 라
검 출 됐 어
입 이 가 벼 우 시 면
칠 하 실
간 섭 한 다
청 혼 해
강 탈 합 시 다
걸 렸 음
방 대 했 어
멈 추 겠 어 요
걸 어 오 시 니
악 합 니 까
한 정 되 어 요
누 설 하 셔 요
존 경 하 셨 어 - g y e o n g h a s y e o s s e o
청 혼 해 라
견 책 되 는 데
끌 어 안 으 려 고
걸 어 와
간 섭 하 십 니 다
길 으 시 는 데
비 뚤 어 요
깜 빡 했 느 냐
질 문 한
솟 음
기 차 떠 나 고 손 흔 듭 시 오
솟 아
피 곤 하 시 지 만
기 다 래
드 러 내 셔
걸 어 오 는
해 맑 으 셔
강 탈 한 다
누 설 하 지 만
물 어 봅 시 다
보 지 해
해 묵 습 니 까
질 문 하 시 겠 다
부 정 하 시 겠 다
가 실
멈 추 시 기
간 섭 하 시 지 만
입 이 가 벼 우 셨 냐
간 섭 하 셨 어 요
그 릇 되 십 니 다
기 다 랬 습 니 까
벌 였 어
부 탁 한
붇 더 니
뵈 고
길 었 어
누 설 해 라
응 징 하 실
떠 드 시 니
걸 리 다
옹 졸 했 어 요
강 렬 해 요
멈 추 자
노 려 봅 시 오
드 러 냈 음
노 려 볼
보 지 하 셔
벌 이 시 겠 어 요
부 탁 하 십 니 다
청 혼 했 기
기 차 떠 나 고 손 흔 든
걸 어 와 요
노 려 본 다
피 곤 해
질 문 한 다
떠 드 시 기
멈 춥 시 다
건 설 하 셔
피 곤 하 시 겠 습 니 다
휘 어
끌 어 안 았 기
걸 리 셨 어
가 공 하 셨 느 냐
누 설 하 십 시 오
솟 지 만
강 탈 하 세 요
솟 으 시 니 까
옹 졸 하 겠 어
포 근 하 겠 어
뵈 시 더 니
솟 으 시 겠 어
해 맑 지 만
엉 뚱 하 면
기 다 랗 겠 어 요
자 진 하 니 까
솟 아 라
한 정 돼
악 하 셨 습 니 까
칠 하 시 는 데
애 틋 해 요
부 정 한
질 문 할
느 끼 하 기
건 설 하 시 더 니
보 살 피 고
노 려 보 신 다
두 드 러 졌 어 요
가 공 하 시 니 까
누 설 하 세 요
걸 리 셨 냐
부 정 하 기
그 릇 된 다
벌 이 세 요
악 했 어 요
굉 장 해
물 어 보 십 니 다
애 틋 했 기
떠 들 었 음
위 치 하 시 면
펼 치 어 요
검 출 되 셨 습 니 까
그 릇 돼 요
길 음
누 설 하 셔
물 어 보 셨 어
뵈 세 요
길 어 라
검 출 되 더 니
가 공 하 시 겠 어
털
연 구 하 세 요
보 살 피 겠 어
부 정 해 야
누 설 하 시 겠 습 니 다
응 징 하 였 기
건 설 하 여 라
애 틋 하 셨 습 니 다
연 구 한 다 - g u h a n d a
부 정 하 시 겠 어
애 틋 하 신
그 릇 되 겠 어
청 혼 하 시 고
굉 장 합 니 다
방 대 하 니
포 근 해 서
노 려 보 시 고
깜 빡 하 였 음
밀 립 시 오
얕 으 십 니 다
걸 어 오 셨 다
가 시 겠 어 요
두 드 러 진 데
뵈 려 고
견 책 되 셔
가 공 하 셔 요
펼 치 셔
요 하 시 더 니
멈 추 셨 어 요
존 경 하 더 니 - g y e o n g h a d e o n i
펼 침
드 러 내 기
굉 장 했 다
드 러 내 셨 어
드 러 내 요
누 설 하 세 요
물 어 보 아 요
입 이 가 벼 우 시 니 까
한 정 되 셔 요
물 어 보 셨 음
견 책 되 시 고
노 려 봤 다
옹 졸 하 시 다
응 징 하 세 요
포 근 함
애 틋 했 어
검 출 되 셔
칠 했 습 니 까
굉 장 하 시 더 니
간 섭 해
포 근 하 냐
존 경 하 실 - g y e o n g h a s i l
누 설 했 어
자 진 하 여 서
요 하 는
애 틋 하 였 음
얕 으 셔 야
비 뚜 십 니 다
부 정 하 셨 다
드 러 내 셨 느 냐
한 정 되 시 기
보 지 했 기
벌 이 셨 어
솟 으 셨 기
벌 이 셔 요
엉 뚱 하 기
부 탁 해 요
솟 으 심
떠 든
강 렬 하 셨 어
걸 리 지 만
간 섭 했 기
청 혼 해
노 려 보 셔
존 경 하 시 고 - g y e o n g h a s i g o
부 정 하 셔 야
방 대 했 다
부 정 하 는 데
해 묵 으 셨 다
깜 빡 하 신
질 문 하 셨 어
노 려 보 세 요
길 으 니 까
부 탁 했 습 니 까
한 정 됩 시 오
강 탈 했 어
연 구 하 십 니 다 - g u h a s i m n i d a
노 려 봐
간 섭 하 겠 다
펼 칩 니 까
건 설 해
얕 기
질 문 하 셨 느 냐
누 설 하 십 니 다
간 섭 하 시 라
누 설 합 니 까
한 정 돼 야
연 구 했 습 니 다 - g u h a e t s e u m n i d a
노 려 보 시 겠 어 요
느 끼 하 더 니
펼 치 시 겠 다
강 탈 함
걸 어 오 세 요
노 려 보 셔 요
끌 어 안 아 야
요 하 십 니 까
기 차 떠 나 고 손 흔 드 시 겠 어 요
휘 었 어
방 대 한 데
요 했 어
해 묵 으 시 면
포 근 하 겠 다
끌 어 안 으 세 요
가 공 하 셨 어
부 탁 하 느 냐
휩 니 까
깜 빡 한 다
엉 뚱 하 실
두 드 러 져 요
펼 쳤 기
기 차 떠 나 고 손 흔 드 느 냐
밀 리 지 만
존 경 해 - g y e o n g h a e
긷 느 냐
칠 합 시 다
끌 어 안 으 셨 어 요
위 치 하 시 느 냐
물 어 봤 습 니 까
보 살 피 니
간 섭 하 셨 어
한 정 되 시 려 고
떠 드 셨 어 요
보 지 해 라
입 이 가 벼 우 셨 음
걸 어 오 니
밀 리 십 니 다
견 책 되 십 시 오
입 이 가 벼 우 니 까
옹 졸 했 어
부 탁 해 야
악 하 였 음
그 릇 되 셨 기
드 러 내 고
검 출 됨
붇 기
드 러 냈 어 요
떠 드 셨 어
걸 어 오 시 기
보 지 하 시 면
부 정 하 였 기
해 맑 으 시 다
강 렬 하 시 겠 어 요
위 치 하 셔
노 려 보 셨 어 요
떠 든 다
멈 추 시 겠 어 요
칠 하 시 면
해 맑 겠 어 요
가 공 했 습 니 까
옹 졸 해 요
위 치 하 시 는
기 차 떠 나 고 손 흔 들 어
굉 장 하 냐
물 어 보 셔
솟 겠 다
애 틋 하 시 겠 어
입 이 가 벼 웠 어 요
깜 빡 합 시 오
연 구 하 고 - g u h a g o
기 차 떠 나 고 손 흔 드 시 니
해 맑 으 시 니
느 끼 했 기
해 맑 으 셔 요
입 이 가 벼 우 세 요
그 릇 됐 음
강 탈 하 지 만
강 렬 합 니 까
걸 어 오 기
휘 세 요
느 끼 합 니 다
노 려 보 고
솟 으 시 겠 다
방 대 하 겠 다
응 징 하 겠 어
두 드 러 지 지 만
파 괴 하 겠 어
가 공 하 겠 다
기 차 떠 나 고 손 흔 들 겠 어
터 셔 요
존 경 하 고 - g y e o n g h a g o
옹 졸 하 시 더 니
솟 으 시 니
불 었 기
기 차 떠 나 고 손 흔 드 시 는 데
강 렬 하 셨 습 니 다
한 정 되 시 니 까
견 책 되 었 음
불 으 시 지 만
응 징 해 라
연 구 하 셔 요 - g u h a s e y o
길 었 느 냐
펼 치 어 요
기 차 떠 나 고 손 흔 들 었 기
보 살 피 시 더 니
청 혼 하 였 음
그 릇 돼 야
떠 드 셔
건 설 하 셨 어
벌 이 시 겠 다
보 살 피 더 니
벌 이 시 라
청 혼 하 셨 어 요
걸 려 요
견 책 되 셔 야
존 경 하 려 고 - g y e o n g h a r y e o g o
뵀 습 니 까
포 근 하 셔 요
벌 이 셨 습 니 다
부 정 하 시 려 고
옹 졸 했 냐
보 살 피 셔
누 설 하 기
드 러 내 신 다
존 경 하 시 니 까 - g y e o n g h a s i n i k k a
걸 어 와
길 으 시 겠 어 요
해 맑 으 시 면
그 릇 됐 습 니 다
애 틋 하 여 서
가 셔 요
벌 여
응 징 하 려 고
건 설 하 시 겠 다
엉 뚱 하 고
검 출 되 니
파 괴 해 요
휘 시 고
질 문 하 셔
부 탁 하 셨 습 니 다
한 정 되 십 니 까
애 틋 하 시 니 까
휘 시 더 니
드 러 내 시 겠 다
밀 렸 다
강 렬 하 시 기
애 틋 하 셨 어
물 어 봤 어
강 탈 하 셔 요
노 려 보 시 느 냐
옹 졸 하 셨 어 요
털 었 음
걸 리 셔 야
파 괴 해 라
물 어 봤 어
그 릇 됐 기
응 징 해 요
요 하 세 요
칠 하 겠 다
강 렬 하 시 겠 어
보 지 하 셔 서
떠 드 십 시 오
청 혼 하 셔 요
뵈 셔
떠 드 셔
검 출 되 시 느 냐
털 었 다
터 셨 느 냐
가 세 요
솟 으 세 요
입 이 가 벼 워 요
노 려 보 시 겠 어
펼 치 십 니 까
방 대 하 신
해 묵 으 시 고
굉 장 하 겠 어
걸 리 신
누 설 하 셨 느 냐
끌 어 안 으 시 겠 어 요
간 섭 했 어 요
연 구 하 기 - g u h a g i
노 려 보 셨 기
피 곤 하 시 니
봬
비 뚜 시 다
부 탁 하 시 지 만
건 설 하 셨 어
입 이 가 벼 우 시 겠 다
청 혼 하 셨 음
펼 치 셨 느 냐
포 근 했 다
느 끼 하 실
간 섭 하 세 요
끌 어 안 으 신 다
노 려 보 시 더 니
애 틋 해 요
입 이 가 벼 우 면
멈 추 어 요
건 설 했 습 니 다
벌 이 셨 느 냐
두 드 러 지 시 고
긷 지 만
두 드 러 지 시 냐
끌 어 안 으 시 고
강 탈 하 시 니
입 이 가 볍 다
뵈 시 겠 습 니 다
한 정 되 시 면
부 탁 하 겠 어 요
존 경 하 십 시 오 - g y e o n g h a s i p s i o
밀 리 세 요
드 러 내 었 기
검 출 되 느 냐
입 이 가 벼 우 실
털 었 기
두 드 러 지 시 더 니
포 근 하 셔
강 렬 하 심
간 섭 하 시 는 데
애 틋 했 어 요
뵈 셔 야
그 릇 되 니 까
부 정 하 시 기
악 하 니 까
청 혼 하 셔 서
깜 빡 하 시 니 까
끌 어 안 아 서
연 구 하 겠 습 니 다 - g u h a g e t s e u m n i d a
연 구 하 시 고 - g u h a s i g o
펼 치 세 요
건 설 했 어 요
길 으 시 니
입 이 가 벼 웠 습 니 까
노 려 봐 요
청 혼 하 심
한 정 되 시 니
피 곤 하 고
가 공 하 세 요
밀 려
한 정 되 셨 습 니 다
연 구 하 셔 - g u h a s y e o
보 살 피 셨 기
한 정 되 시 라
벌 입 시 다
벌 여
굉 장 하 였 기
해 묵 으 셔 요
간 섭 하 는 데
펼 쳐
건 설 하 시 는 데
강 렬 함
한 정 됐 어
견 책 됩 시 오
깜 빡 해 라
기 차 떠 나 고 손 흔 드 시 니 까
입 이 가 벼 우 셔 야
벌 였 어 요
노 려 봤 습 니 까
피 곤 하 셨 습 니 까
뵀 기
강 탈 하 셨 어
떠 드 셔
견 책 되 는
펼 치 셔 요
존 경 하 시 겠 어 - g y e o n g h a s i g e s s e o
드 러 내 시 는
비 뚤 어
해 묵 읍 시 오
깜 빡 해
보 지 해 야
보 지 했 어 요
강 탈 합 니 까
보 살 핀
밀 리 느 냐
위 치 했 음
보 살 펴
얕 어 서
연 구 하 신 - g u h a s i n
한 정 됐 습 니 까
강 탈 하 셔 야
엉 뚱 하 십 니 다
끌 어 안 아 요
떠 드 시 지 만
깜 빡 해 요
애 틋 했 냐
한 정 되 면
엉 뚱 하 신 데
보 지 하 셔
휘 겠 어
기 다 래
물 어 보 신
그 릇 되 면
밀 리 셨 어 요
솟 았 어 요
자 진 하 여 야
위 치 하 셨 습 니 까
요 하 여 야
검 출 되 셔
간 섭 하 는
자 진 하 시 느 냐
칠 하 셨 기
검 출 됩 시 다
파 괴 하 시 려 고
멈 추 셨 기
칠 하 여 라
펼 치 어 요
칠 하 십 니 까
방 대 하 셨 기
부 정 하 심
질 문 해 요
간 섭 하 겠 어 요
노 려 보 려 고
그 릇 되 시 느 냐
강 탈 합 시 오
물 어 보 고
떠 들 어
간 섭 하 시 니
악 하 니
해 묵 으 십 니 까
옹 졸 하 기
비 뚜 시 면
존 경 하 셨 습 니 다 - g y e o n g h a s y e o t s e u m n i d a
비 뚤 다
걸 어 오 실
존 경 하 세 요 - g y e o n g h a s e y o
간 섭 하 여 라
물 어 보 시 면
펼 칩 니 다
애 틋 한
질 문 해 라
떠 드 시 니 까
뵈 겠 습 니 다
가 셔
한 정 되 신 다
검 출 돼 라
길 으 셨 어 요
검 출 되 셨 어
파 괴 하 시 느 냐
청 혼 하 셨 느 냐
솟 자
방 대 하 신 데
휘 심
휘 어 요
기 차 떠 나 고 손 흔 들 어 요
강 렬 하 시 겠 습 니 다
걸 어 왔 느 냐
간 섭 하 실
간 섭 해 요
엉 뚱 하 셨 어 요
얕 으 셔 서
위 치 하 겠 어
드 러 내 느 냐
부 정 하 세 요
간 섭 했 느 냐
칠 하 니 까
파 괴 했 어
물 어 봐
비 뚜 시 겠 습 니 다
보 지 하 셔 요
요 하 시 지 만
그 릇 됩 시 오
기 다 라 심
두 드 러 질
응 징 하 자
털 어 요
걸 리 십 니 까
기 다 랗 겠 습 니 다
보 지 하 고
솟 아
긷 는 데
솟 으 셨 어 요
비 뚤 었 어 요
포 근 하 십 니 다
엉 뚱 해
자 진 해
간 섭 했 어 요
휘 셔
얕 고
부 정 하 시 라
두 드 러 지 셨 다
밀 리 심
끌 어 안 아
떠 드 시 면
칠 하 시 느 냐
두 드 러 지 신 데
위 치 하 십 니 까
간 섭 했 습 니 다
솟 은
엉 뚱 했 어
펼 치 어 요
떠 드 시 는
펼 쳐 라
파 괴 하 십 니 다
해 묵 지 만
밀 리 실
깜 빡 하 시 지 만
얕 어
비 뚜 시 냐
벌 임
한 정 되 시 는 데
방 대 하 겠 어 요
존 경 한 - g y e o n g h a n
존 경 합 니 까 - g y e o n g h a m n i k k a
방 대 했 습 니 까
강 탈 하 기
가 공 하 셨 어 요
검 출 된
악 하 여 서
기 다 라 시 니 까
방 대 하 심
피 곤 하 셨 기
검 출 되 셔
해 묵 으 시 라
한 정 되 겠 습 니 다
기 차 떠 나 고 손 흔 들 었 습 니 까
입 이 가 벼 워
보 살 폈 어 요
두 드 러 졌 음
노 려 보 셨 습 니 까
드 러 낼
휘 시 라
드 러 내 시 라
얕 으 신 데
질 문 하 느 냐
얕 어 요
엉 뚱 하 시 다
기 차 떠 나 고 손 흔 들 자
건 설 한 다
솟 아 야
자 진 하 시 겠 어
휘 지 만
그 릇 되 자
연 구 하 니 - g u h a n i
드 러 내 더 니
가 셔 요
요 했 습 니 까
자 진 하 십 시 오
걸 어 와
강 렬 하 였 기
휘 어 라
요 하 시 고
견 책 됩 니 다
해 묵 어
보 지 하 기
걸 리 어 야
보 살 피 는
누 설 했 음
두 드 러 져
강 렬 하 셨 습 니 까
걸 어 오 세 요
방 대 하 시 겠 습 니 다
청 혼 하 였 기
떠 들 겠 어 요
존 경 해 서
강 렬 하 겠 어 요
악 해
질 문 하 지 만
건 설 하 시 느 냐
견 책 되 세 요
물 어 보 실
칠 하 기
부 정 하 시 면
파 괴 하 려 고
애 틋 하 였 기
해 맑 으 셔 야
강 렬 하 기
파 괴 하 시 라
악 하 셔 서
파 괴 했 어 요
밀 리 는 데
질 문 했 다
걸 릴
휘 셔
부 정 하 시 더 니
끌 어 안 겠 어 요 - g e s s e o y o
굉 장 하 심
끌 어 안 으 시 는
해 맑 았 기
펼 치 려 고
방 대 하 시 더 니
걸 어 오 십 시 오
펼 쳤 습 니 다
밀 리 셔
누 설 하 시 겠 다
검 출 되 심
비 뚤 었 기
부 탁 하 시 겠 어 요
깜 빡 하 셨 어
느 끼 하 겠 다
건 설 하 신 다
보 살 피 려 고
검 출 되 겠 습 니 다
칠 했 어
펼 치 었 기
가 공 하 느 냐
응 징 해
불 으 셨 기
강 탈 하 시 겠 습 니 다
해 맑 았 음
얕 을
휘 었 습 니 다
옹 졸 하 겠 다
질 문 하 세 요
보 지 하 시 겠 어
밀 리 세 요
위 치 하 십 시 오
깜 빡 했 어
칠 하 셔 야
휘 시 면
강 탈 하 시 겠 다
청 혼 하 시 니 까
물 어 보 세 요
멈 추 어 야
떠 들 어 야
한 정 되 셨 어 요
펼 치 셨 기
위 치 하 자
부 탁 하 시 겠 습 니 다
포 근 했 기
강 탈 하 셨 어
굉 장 하 실
솟 으 신
파 괴 해
연 구 하 세 요
피 곤 하 시 겠 어 요
물 어 봤 어 요
기 차 떠 나 고 손 흔 드 셔
위 치 하 시 겠 어 요
견 책 되 심
견 책 되 려 고
방 대 하 셨 다
솟 으 시 는 데
한 정 돼 라
질 문 했 어 요
건 설 하 심
청 혼 하 세 요
방 대 해 요
애 틋 하 세 요
떠 드 셨 다
강 렬 하 십 니 까
강 렬 하 시 고
벌 여 요
솟 으 셔 요
옹 졸 하 시 면
건 설 하 시 니
불 어
애 틋 하 셔 요
검 출 되 시 고
휘 는 데
자 진 하 셨 어 요
뵀 음
걸 어 오 더 니
요 하 셔
보 살 폈 느 냐
악 합 니 다
휘 자
그 릇 되 어 라
해 맑 은
그 릇 되 셨 느 냐
걸 어 오 셨 음
피 곤 하 셔 서
누 설 해
연 구 하 는 - g u h a n e u n
걸 어 왔 어 요
기 차 떠 나 고 손 흔 드 셨 느 냐
솟 으 니 까
가 공 해 요
한 정 되 시 겠 다
걸 렸 어
굉 장 하 시 고
가 공 하 자
터 셔
두 드 러 지 실
벌 이 고
부 정 하 십 니 까
방 대 하 였 기
그 릇 되 셨 다
해 묵 으 세 요
검 출 되 세 요
요 하 셨 습 니 까
애 틋 하 시 면
펼 쳐 요
청 혼 하 시 겠 어
견 책 되 시 기
엉 뚱 하 시 겠 다
기 차 떠 나 고 손 흔 드 니
뵈 시 고
피 곤 하 셔
해 맑 겠 다
자 진 하 시 면
애 틋 하 셨 다
비 뚜 냐
악 하 셨 냐
밀 리 셨 다
견 책 되 셔 요
질 문 하 겠 어 요
강 탈 하 셨 느 냐
깜 빡 합 니 다
청 혼 하 는
펼 치 느 냐
뵈 심
질 문 하 신
건 설 해 요
강 렬 했 습 니 까
존 경 하 셨 느 냐 - g y e o n g h a s y e o n n e u n y a
강 렬 한 데
펼 치 는
방 대 하 셔
펼 치 시 겠 어 요
칠 해 야
견 책 됩 니 까
밀 리 는
부 탁 하 여 서
칠 하 시 겠 다
느 끼 했 어
강 탈 하 세 요
보 살 피 시 고
기 차 떠 나 고 손 흔 들 어 요
해 맑 을
엉 뚱 했 음
방 대 하 시 지 만
해 맑 았 어 요
건 설 하 시 겠 습 니 다
간 섭 하 심
굉 장 하 다
요 하 셔
해 맑 으 십 니 다
견 책 될
요 하 셔 요
펼 치 셔
깜 빡 하 기
뵈 셨 어
위 치 하 셨 어
옹 졸 하 겠 습 니 다
가 공 했 기
드 러 내 요
악 함
강 탈 했 습 니 다
밀 렸 기
길 으 시 고
솟 습 니 다
한 정 됐 습 니 다
드 러 냅 시 다
벌 이 심
요 하 시 겠 습 니 다
얕 겠 어
간 섭 하 셨 습 니 다
연 구 하 셨 다 - g u h a s y e o t d a
그 릇 되 어 요
견 책 되 신
해 묵 으 셔 요
그 릇 되 시 면
파 괴 하 실
굉 장 하 시 면
파 괴 하 셨 습 니 까
자 진 하 기
해 묵 으 심
가 공 하 지 만
멈 출
보 살 폈 습 니 까
붇 는 데
걸 리 고
포 근 해
응 징 해 요
얕 으 셨 습 니 까
한 정 되 실
물 어 보 셨 습 니 까
가 공 했 어
솟 아 요
응 징 하 겠 습 니 다
부 탁 했 어
포 근 하 십 니 까
노 려 보 지 만
뵈 셔 요
밀 리 시 더 니
그 릇 됩 니 다
멈 추 세 요
누 설 하 셔
엉 뚱 한 데
밀 리 시 겠 습 니 다
자 진 하 시 고
파 괴 하 셔
솟 으 시 느 냐
뵈 시 니 까
기 차 떠 나 고 손 흔 드 시 기
굉 장 한
강 탈 하 셨 기
비 뚤 기
터 셨 어 요
응 징 해
자 진 하 려 고
연 구 하 겠 다 - g u h a g e t d a
한 정 되 셔
존 경 합 시 다 - g y e o n g h a p s i d a
견 책 되 자
끌 어 안 아 요
한 정 되 니 까
강 탈 했 기
그 릇 됐 어 요
보 살 피 십 니 까
드 러 내 셔 서
애 틋 하 십 니 다
노 려 보 실
자 진 하 시 는
포 근 해
요 하 더 니
검 출 되 었 음
강 탈 하 셔
강 탈 해 요
보 살 피 어 요
휘 었 어
기 차 떠 나 고 손 흔 들 었 느 냐
얕 은 데
자 진 할
기 차 떠 나 고 손 흔 드 시 더 니
위 치 하 고
길 어 요
그 릇 되 세 요
솟 읍 시 다
연 구 하 시 느 냐 - g u h a s i n e u n y a
굉 장 해
애 틋 할
비 뚠
그 릇 되 셨 어 요
견 책 되 셨 느 냐
가 공 해 야
부 정 해
보 살 피 기
밀 리 셔 서
밀 렸 어 요
자 진 합 시 다
불 으 셔 요
끌 어 안 아 요
애 틋 해 서
기 다 라 면
피 곤 하 셔 야
두 드 러 지 어 서
칠 하 니
펼 치 시 기
솟 았 어 요
위 치 합 니 다
강 탈 해
애 틋 하 시 지 만
건 설 하 여 서
뵈 시 느 냐
피 곤 하 겠 습 니 다
걸 어 오 셨 어 요
해 묵 으 신
간 섭 하 세 요
굉 장 하 여 야
해 묵 어
기 다 랬 습 니 다
강 탈 해
보 지 해 요
물 어 보 느 냐
보 살 피 실
불 으 시 라
파 괴 했 습 니 까
존 경 했 어 요 - g y e o n g h a e s s e o y o
해 묵 으 셔
입 이 가 벼 우 셨 습 니 까
기 차 떠 나 고 손 흔 들 어 야
응 징 하 여 야
연 구 했 느 냐 - g u h a e n n e u n y a
포 근 하 겠 습 니 다
옹 졸 하 십 니 까
물 어 봤 기
해 맑 으 셨 어
붇 고
털 겠 다
걸 어 옴
기 다 람
응 징 하 시 면
뵈 시 는 데
간 섭 한
악 했 어
두 드 러 지 면
포 근 하 여 야
질 문 합 니 까
깜 빡 하 시 니
솟 으 시 더 니
떠 들 었 어
연 구 하 니 까 - g u h a n i k k a
포 근 했 어
느 끼 했 습 니 까
검 출 되 겠 어 요
걸 린
불 었 습 니 다
옹 졸 하 시 겠 어 요
간 섭 하 십 니 까
가 공 하 여 서
강 탈 하 세 요
검 출 된 다
부 탁 하 여 야
기 차 떠 나 고 손 흔 드 셔 서
자 진 하 셨 느 냐
존 경 하 십 니 다 - g y e o n g h a s i m n i d a
붇 겠 어 요
노 려 봐 라
부 탁 하 셨 어
질 문 했 어
부 정 하 시 니
가 공 하 셔 요
방 대 해
얕 어
해 맑 으 심
두 드 러 지 고
기 차 떠 나 고 손 흔 들 면
견 책 돼 요
연 구 하 시 지 만 - g u h a s i j i m a n
해 묵 겠 어 요
굉 장 해 요
악 하 셨 다
깜 빡 하 세 요
요 하 셔 서
떠 들 고
밀 리 시 는 데
애 틋 했 어 요
휘 십 시 오
굉 장 하 셨 다
보 살 피 셔 요
솟 으 실
강 탈 해 요
끌 어 안 아
걸 려
기 다 란
강 탈 해 요
엉 뚱 하 겠 다
파 괴 하 세 요
펼 칩 시 오
요 한 다
털 었 어 요
멈 췄 음
벌 이 었 음
보 지 합 니 까
연 구 하 셨 어 요 - g u h a s y e o s s e o y o
포 근 하 시 지 만
포 근 합 니 까
불 으 시 겠 어 요
칠 해 요
포 근 한 데
연 구 하 실 - g u h a s i l
벌 이 셔
드 러 낸
두 드 러 지 심
질 문 하 시 겠 어 요
펼 쳐 요
자 진 하 셨 음
간 섭 하 기
기 차 떠 나 고 손 흔 들 려 고
악 하 시 지 만
견 책 되 셨 어 요
보 살 피 세 요
존 경 하 셔 - g y e o n g h a s y e o
건 설 합 니 까
견 책 됐 어 요
피 곤 하 세 요
가 공 해 서
솟 았 습 니 다
입 이 가 벼 우 시 겠 어
부 정 하 셨 느 냐
노 려 보 셔 요
기 차 떠 나 고 손 흔 들 고
물 어 보 겠 습 니 다
위 치 할
벌 이 겠 어
위 치 하 실
드 러 냈 어
청 혼 하 셔
건 설 하 셨 어 요
누 설 하 신
밀 려
요 할
멈 추 기
옹 졸 하 셔 서
부 탁 하 시 고
해 맑 으 시 기
보 지 하 였 기
애 틋 해
누 설 하 셨 어 요
털 어
옹 졸 하 실
드 러 내 요
연 구 하 더 니 - g u h a d e o n i
굉 장 해 서
부 탁 하 기
드 러 내 실
엉 뚱 하 심
검 출 돼 서
칠 하 시 겠 어
응 징 하 는
방 대 해 야
터 셨 습 니 다
보 살 폈 어
존 경 하 니 - g y e o n g h a n i
보 지 하 십 니 까
두 드 러 지 어 요
그 릇 되 셨 음
길 으 셨 기
뵈 시 겠 어
검 출 되 세 요
터 셔 서
악 하 겠 다
부 정 하 셔
강 렬 하 셔 서
밀 렸 음
파 괴 하 고
끌 어 안 으 셔 야
건 설 해 요
불 었 다
피 곤 해 서
불 어 라
포 근 하 셨 습 니 까
걸 어 오 시 겠 어 요
터 는
연 구 합 시 오 - g u h a p s i o
휩 시 오
입 이 가 벼 우 셨 기
엉 뚱 하 셨 음
부 탁 해
파 괴 하 셔
그 릇 되 시 라
솟 으 셔
검 출 되 시 더 니
얕 으 셨 냐
깜 빡 해
존 경 해 - g y e o n g h a e
존 경 해 요 - g y e o n g h a e y o
연 구 해 요 - g u h a e y o
연 구 하 셔 - g u h a s y e o
연 구 해 요 - g u h a e y o
드 러 내 신
기 차 떠 나 고 손 흔 들 었 다
두 드 러 지 셨 냐
기 차 떠 나 고 손 흔 들 어 요
기 차 떠 나 고 손 흔 드 셨 습 니 다
연 구 하 셨 습 니 다 - g u h a s y e o t s e u m n i d a
기 차 떠 나 고 손 흔 들 었 어
기 차 떠 나 고 손 흔 드 셨 습 니 까
기 차 떠 나 고 손 흔 들 었 어
입 이 가 벼 우 십 니 다
기 차 떠 나 고 손 흔 드 세 요
두 드 러 지 냐
해 맑 았 냐
비 뚜 셨 냐
드 러 내 셔
기 차 떠 나 고 손 흔 들 었 어 요
존 경 했 다 - g y e o n g h a e t d a
해 맑 으 셨 냐
비 뚜 셔
기 차 떠 나 고 손 흔 드 시 려 고
해 묵 었 느 냐
밀 렸 느 냐
견 책 되 셔
비 뚤 었 어
해 맑 으 셔
두 드 러 지 십 니 다
터 십 시 오
해 맑 으 실
가 공 한
끌 어 안 으 신
드 러 내 는
기 차 떠 나 고 손 흔 들 겠 어 요
밀 리 셨 느 냐
두 드 러 지 셨 습 니 다
검 출 되 신
벌 이 어 라
불 으 신
그 릇 되 셔
깜 빡 한
밀 리 신
비 뚤 었 습 니 다
한 정 되 신
끌 어 안 으 실
질 문 합 시 오
견 책 됐 느 냐
떠 드 는
떠 드 신
드 러 내 십 니 다
끌 어 안 아 라
가 공 할
비 뚤 었 습 니 까
드 러 내 셨 어
얕 었 냐
기 다 라 셨 냐
불 었 습 니 까
불 으 셔
부 탁 합 시 오
얕 었 습 니 다
견 책 되 고
굉 장 할
해 묵 으 셨 음
기 차 떠 나 고 손 흔 듭 니 까
칠 한
드 러 내 셨 습 니 까
한 정 되 자
얕 었 어
포 근 했 냐
비 뚦
응 징 합 시 오
드 러 내 어 라
노 려 보 십 시 오
연 구 하 신 다 - g u h a s i n d a
한 정 되 는
드 러 내 셨 다
견 책 되 신 다
끌 어 안 으 셨 음
길 으 십 시 오
포 근 해
해 묵 었 습 니 다
노 려 보 시 라
비 뚜 셨 다
물 어 보 셨 기
걸 어 오 셔
위 치 해
청 혼 합 시 오
물 어 보 십 시 오
드 러 내 시 겠 습 니 다
견 책 되 셨 습 니 다
불 었 어
터 셔
위 치 하 셔
검 출 됩 시 오
그 릇 됐 느 냐
끌 어 안 으 셨 습 니 까
비 뚜 십 니 까
떠 들 어
솟 으 셨 음
밀 리 셨 어
끌 어 안 으 셨 어
부 정 했 느 냐
보 살 피 셨 어
위 치 하 셨 느 냐
끌 어 안 으 시 라
한 정 되 겠 다
밀 리 셨 어
해 맑 습 니 까
견 책 되 셨 어
깜 빡 하 셔
떠 드 십 니 다
검 출 되 셨 기
보 살 피 자
한 정 되 셨 다
포 근 합 니 다
가 공 하 셔
검 출 되 고
가 공 하 셔
가 공 합 니 다
옹 졸 해
포 근 했 습 니 다
해 맑 으 십 니 까
검 출 되 셨 습 니 다
견 책 되 겠 어
누 설 했 느 냐
그 릇 되 셨 습 니 까
노 려 보 겠 다
한 정 됐 느 냐
굉 장 했 습 니 까
걸 어 오 느 냐
보 지 했 습 니 까
물 어 보 셔
굉 장 했 습 니 다
벌 였 어
솟 으 십 니 까
걸 어 오 셨 어
옹 졸 했 습 니 다
걸 렸 어
걸 리 셨 습 니 다
뵈 셨 음
펼 쳤 느 냐
걸 어 오 시 라
노 려 보 겠 습 니 다
끌 어 안 으 세 요
불 으 셨 어
깜 빡 하 셨 느 냐
칠 하 십 시 오
피 곤 하 신
존 경 하 기 - g y e o n g h a g i
보 지 하 셨 음
불 으 셨 어
얕 으 실
떠 드 신 다
위 치 했 습 니 까
느 끼 했 습 니 다
밀 리 겠 어
피 곤 하 셨 습 니 다
피 곤 하 실
해 맑 고
엉 뚱 했 습 니 다
검 출 되 십 니 까
방 대 합 니 다
청 혼 합 니 다
물 어 보 셨 습 니 다
비 뚤 더 니
비 뚤 지 만
얕 으 셨 습 니 다
드 러 내 시 고
터 셨 어
피 곤 했 습 니 까
칠 할
옹 졸 할
칠 했 느 냐
끌 어 안 아 요
걸 리 셨 습 니 까
응 징 했 느 냐
벌 이 십 시 오
그 릇 되 셨 어
기 다 라 셨 습 니 다
해 맑 으 시 겠 어
보 지 하 신
비 뚤 어
간 섭 하 셔
걸 리 겠 습 니 다
피 곤 했 다
멈 추 셔
걸 어 오 십 니 다
보 지 할
얕 어
기 다 라 셨 기
굉 장 했 어
굉 장 하 셨 습 니 다
질 문 합 니 다
떠 들 어 요
방 대 할
솟 으 셨 어
얕 으 신
응 징 하 셨 음
느 끼 하 셨 습 니 다
끌 어 안 습 니 다
터 시 겠 습 니 다
악 한
파 괴 했 느 냐
응 징 하 신
옹 졸 하 냐
벌 여
청 혼 하 셔
깜 빡 합 니 까
칠 하 신
보 지 했 어 요
질 문 했 습 니 다
검 출 되 셨 어 요
해 묵 겠 습 니 다
엉 뚱 합 니 까
깜 빡 하 실
위 치 하 십 니 다
깜 빡 하 신 다
위 치 했 어 요
위 치 하 시 라
걸 어 오 너 라
위 치 하 신 다
펼 치 셨 다
불 으 셨 어 요
강 탈 하 셔
기 다 라 셨 어
건 설 하 셨 느 냐
옹 졸 해 요
터 셨 습 니 까
깜 빡 하 셨 습 니 다
부 탁 하 셨 음
길 었 어 요
위 치 하 셨 다
부 정 했 습 니 까
위 치 해 요
걸 어 오 십 니 까
그 릇 된
깜 빡 하 셨 기
노 려 보 시 는
강 렬 했 어
해 묵 어
간 섭 하 려 고
솟 으 신 다
벌 였 어 요
뵈 셨 습 니 까
요 했 습 니 다
느 끼 하 신
강 탈 하 셨 음
