보 살 핍 니 까
보 살 피 심
부 정 한 다
그 릇 되 고
펼 치 어 라
벌 이 려 고
가 공 하 려 고
엉 뚱 하 셨 다
피 곤 하 시 다
터 시 는 데
검 출 되 시 겠 다
보 살 폈 어
물 어 보 시 겠 다
걸 어 오 시 겠 어
비 뚜 셔
밀 리 더 니
응 징 하 십 시 오
드 러 내 요
뵀 어 요
깜 빡 했 어 요
옹 졸 해
요 하 십 시 오
벌 이 셔
해 맑 음
끌 어 안 으 시 는 데
검 출 돼
간 섭 했 습 니 까
펼 치 신
피 곤 해
밀 려
붇 느 냐
검 출 되 시 라
긷 고
청 혼 하 셔 야
누 설 하 시 느 냐
보 살 핍 시 오
파 괴 하 여 라
칠 하 시 고
존 경 합 시 오 - g y e o n g h a p s i o
방 대 하 기
드 러 내 겠 다
입 이 가 벼 우 셨 다
기 다 라 시 겠 어
느 끼 했 어 요
펼 치 기
부 탁 해 라
질 문 하 시 지 만
해 맑 으 셨 습 니 까
강 탈 하 실
누 설 하 시 겠 어 요
보 살 피 셨 느 냐
연 구 해 - g u h a e
강 렬 했 다
얕 었 다
멈 추 셨 음
부 탁 하 셨 어 요
걸 리 겠 어
견 책 되 어 요
칠 하 여 야
길 어 요
칠 하 는 데
건 설 하 기
위 치 하 시 는 데
청 혼 하 신
비 뚜 셨 습 니 다
방 대 하 십 니 다
드 러 내 세 요
길 으 셔 요
두 드 러 지 다
기 차 떠 나 고 손 흔 들 었 음
밀 리 시 느 냐
멈 추 어
부 정 하 시 지 만
물 어 보 시 고
해 묵 읍 시 다
펼 쳐
떠 드 셔 서
걸 어 오 시 니 까
멈 춘 다
애 틋 하 니
붇 자
떠 드 세 요
자 진 했 느 냐
봬
떠 드 니 까
청 혼 하 시 겠 다
보 지 해
밀 려 서
뵈 세 요
멈 추 어 요
엉 뚱 하 십 니 까
자 진 하 였 음
포 근 하 고
자 진 합 시 오
솟 습 니 까
벌 이 십 니 까
노 려 보 셔
보 지 하 셨 느 냐
굉 장 하 시 겠 다
깜 빡 하 십 니 다
그 릇 되 기
부 정 했 다
자 진 하 시 겠 어 요
끌 어 안 더 니
보 지 하 시 고
해 묵 으 실
요 하 는 데
입 이 가 볍 기
엉 뚱 해 야
요 하 셨 어 요
해 묵 었 어 요
노 려 보 면
엉 뚱 했 기
파 괴 하 시 겠 어
악 했 습 니 까
드 러 내 자
비 뚜 시 겠 어
보 살 펴
누 설 해
포 근 하 니 까
보 지 하 세 요
끌 어 안 았 습 니 다
부 정 했 어 요
노 려 봐 요
피 곤 합 니 다
응 징 합 니 까
청 혼 하 시 겠 습 니 다
가 공 하 셔
붇 는
길 었 기
강 탈 하 셨 습 니 까
길 었 어 요
칠 하 신 다
느 끼 하 시 겠 어
자 진 하 셔 야
해 맑 으 셨 습 니 다
끌 어 안 으 십 니 까
검 출 되 면
보 지 해
한 정 되 어 요
기 차 떠 나 고 손 흔 들 지 만
검 출 되 셨 어
붇 습 니 다
뵈 어 요
해 묵 었 어
끌 어 안 으 시 지 만
길 으 심
질 문 하 심
부 탁 하 십 시 오
휘 더 니
불 으 십 니 다
턴
깜 빡 하 더 니
부 탁 하 는
걸 어 오 셨 느 냐
옹 졸 했 어 요
노 려 보 셨 습 니 다
드 러 내
파 괴 하 셔
엉 뚱 하 셨 냐
떠 드 셨 기
비 뚤 어
검 출 돼
걸 리 기
간 섭 하 시 려 고
굉 장 하 여 서
멈 추 세 요
요 하 겠 어 요
견 책 됐 어
부 탁 하 세 요
부 탁 하 셔
해 묵 으 셔 서
칠 하 시 더 니
가 공 합 시 다
깜 빡 했 다
존 경 하 셨 어 요 - g y e o n g h a s y e o s s e o y o
불 으 셨 느 냐
봬 서
비 뚤 겠 어 요
기 다 라 셨 다
얕 으 시 냐
터 신
부 정 합 니 까
벌 이 는 데
휘 었 음
긷 자
응 징 하 는 데
걸 어 오 신
보 지 하 니
터 셨 어
애 틋 하 니 까
노 려 보 셔 서
밀 렸 어 요
해 묵 으 셨 어 요
존 경 하 셔 요 - g y e o n g h a s e y o
불 으 려 고
물 어 봐
해 묵 으 셨 어
불 었 어 요
뵈 겠 어 요
굉 장 하 기
노 려 보 셨 음
간 섭 하 셨 어 요
봬 라
강 탈 합 니 다
해 맑 더 니
애 틋 하 시 겠 다
기 다 랬 기
긷 겠 습 니 다
방 대 하 십 니 까
피 곤 하 다
악 하 셔 야
굉 장 했 어
자 진 합 니 까
드 러 내 셨 어 요
부 정 하 셨 음
옹 졸 하 다
노 려 봐 야
한 정 되 고
펼 쳐
보 지 하 여 야
밀 리 십 시 오
존 경 해 라
끌 어 안 으 십 시 오
그 릇 되 니
청 혼 하 자
부 탁 하 겠 습 니 다
느 끼 함
해 맑 다
기 차 떠 나 고 손 흔 드 셨 다
벌 이 었 기
엉 뚱 하 여 서
깜 빡 해 요
펼 치 셔 서
방 대 해 서
기 다 라 니 까
떠 들 어
청 혼 하 세 요
부 탁 해 요
간 섭 해 서
밀 리 셔
솟 았 습 니 까
그 릇 됐 어 요
걸 렸 습 니 다
기 차 떠 나 고 손 흔 들 겠 다
엉 뚱 하 겠 어
밀 리 겠 습 니 다
끌 어 안 으 시 면
멈 추 는 데
솟 았 음
얕 습 니 다
간 섭 했 어
응 징 하 셔
가 공 합 니 까
밀 리 자
휘 셨 습 니 다
청 혼 했 느 냐
끌 어 안 았 어 요
건 설 합 니 다
애 틋 하 셔
굉 장 해 요
악 하 셨 습 니 다
휘 었 어 요
누 설 하 는
질 문 해
휘 신
느 끼 하 셨 습 니 까
파 괴 할
요 합 니 다
옹 졸 하 셨 습 니 까
걸 어 오 면
휘 셨 음
보 지 하 신 다
간 섭 했 다
강 렬 할
부 정 하 셨 습 니 다
깜 빡 하 셨 어
응 징 하 셨 습 니 다
멈 추 겠 다
피 곤 했 어 요
건 설 하 셨 음
물 어 보 겠 어
드 러 냈 느 냐
그 릇 됐 다
견 책 돼
견 책 돼
휨
걸 리 겠 어 요
솟 으 면
멈 추 시 라
부 탁 하 셔
간 섭 합 니 까
굉 장 하 셨 어
물 어 봅 니 다
청 혼 하 셨 습 니 까
기 다 랬 어
노 려 보 자
솟 읍 시 오
걸 어 오 겠 어 요
응 징 해
옹 졸 하 시 겠 습 니 다
멈 추 겠 어
누 설 했 어
자 진 하 셨 습 니 다
애 틋 했 습 니 까
한 정 된 다
누 설 하 셨 어
피 곤 하 셨 어 요
애 틋 하 냐
깜 빡 하 느 냐
부 탁 하 셨 습 니 까
엉 뚱 했 어
가 공 해 요
굉 장 하 고
청 혼 하 겠 습 니 다
끌 어 안 으 시 겠 다
부 탁 합 시 다
엉 뚱 했 다
누 설 하 신 다
누 설 하 겠 습 니 다
드 러 냈 다
응 징 하 십 니 다
부 탁 합 니 까
가 공 하 셨 어 요
강 렬 했 어 요
칠 하 셨 어
가 공 하 겠 습 니 다
펼 치 신 다
물 어 봐 요
누 설 하 셨 어
누 설 하 십 니 까
물 어 보 자
물 어 봤 습 니 다
느 끼 하 셨 어 요
걸 리 겠 다
해 묵 으 시 겠 어 요
기 다 라 시 겠 다
강 탈 하 십 니 다
애 틋 합 니 다
엉 뚱 하 셨 어
뵈 셨 어
펼 쳤 어
부 정 하 자
얕 으 시 겠 습 니 다
응 징 하 셨 어
보 지 해 요
노 려 보 시 려 고
뵈 느 냐
강 탈 하 느 냐
가 공 하 시 라
간 섭 하 자
걸 어 왔 어
응 징 하 십 니 까
부 탁 하 신 다
불 어 요
포 근 하 다
청 혼 하 셨 어
방 대 했 어 요
건 설 하 셨 습 니 까
걸 어 오 시 면
요 하 셔
응 징 하 세 요
질 문 하 실
물 어 봐 요
위 치 해 요
한 정 되 시 는
칠 하 셨 어
청 혼 하 셨 어 요
멈 추 시 겠 어
깜 빡 해 요
보 지 하 겠 어 요
얕 어 요
부 탁 하 셨 어
청 혼 했 습 니 까
응 징 했 다
응 징 했 어
위 치 하 시 겠 어
요 하 셨 음
털 어 요
요 하 셨 습 니 다
방 대 하 셨 어 요
자 진 하 셨 어
칠 하 셨 어 요
파 괴 해
엉 뚱 하 시 겠 습 니 다
부 탁 해
누 설 해 요
보 지 해
길 어
포 근 하 기
펼 치 자
파 괴 하 느 냐
청 혼 하 십 니 까
파 괴 하 신 다
엉 뚱 했 어 요
애 틋 하 실
휘 셨 어
노 려 봤 어 요
부 탁 했 어
자 진 하 셨 어
솟 는
누 설 하 겠 어 요
강 탈 하 고
보 살 폈 어 요
휘 신 다
뵈 겠 다
엉 뚱 하 겠 어 요
칠 했 어 요
솟 으 시 겠 어 요
요 합 니 까
그 릇 되 시 고
터 시 려 고
강 탈 하 겠 어 요
방 대 하 시 겠 다
얕 으 시 겠 다
비 뚤 겠 습 니 다
떠 드 시 려 고
청 혼 하 고
부 탁 하 셨 다
자 진 하 신 다
강 탈 했 어 요
얕 습 니 까
자 진 했 어
청 혼 해
휘 셨 어 요
부 정 하 고
그 릇 되 시 려 고
물 어 봤 다
파 괴 했 다
휘 겠 어 요
자 진 했 다
검 출 돼
강 렬 해
벌 입 시 오
펼 쳤 어 요
멈 추 시 겠 다
밀 리 시 겠 다
자 진 하 겠 어 요
질 문 하 고
휘 고
견 책 되 시 면
응 징 하 겠 어 요
떠 들 겠 다
파 괴 하 셨 어 요
가 공 하 기
가 공 하 고
견 책 돼
응 징 하 겠 다
건 설 하 세 요
요 했 어 요
파 괴 하 신
길 으 시 려 고
느 끼 해 요
악 하 고
밀 리 시 겠 어 요
연 구 하 셨 습 니 까 - g u h a s y e o t s e u m n i k k a
부 탁 하 고
입 이 가 벼 워 야
보 지 하 시 느 냐
위 치 하 시 겠 다
질 문 하 겠 다
애 틋 하 다
건 설 하 고
악 했 어 요
긷 겠 어 요
포 근 하 시 다
휘 어
휘 어
파 괴 하 겠 다
느 끼 하 시 겠 습 니 다
질 문 하 기
응 징 하 시 겠 어
파 괴 하 자
비 뚤 어 요
건 설 하 겠 다
악 하 시 겠 습 니 다
멈 추 시 는
악 해
건 설 하 시 라
요 하 느 냐
벌 이 시 는
부 탁 하 시 려 고
요 하 셨 기
요 하 셨 어
길 읍 시 오
가 공 하 시 겠 어 요
요 하 셨 다
떠 드 시 느 냐
요 해
연 구 했 습 니 까 - g u h a e t s e u m n i k k a
누 설 하 시 고
휘 시 겠 어 요
강 탈 하 시 라
길 으 시 겠 다
얕 으 냐
떠 들 면
긷 습 니 까
뵀 어
파 괴 해 요
불 음
뵈 시 겠 다
끌 어 안 겠 어 - g e s s e o
강 탈 하 시 겠 어
물 어 봤 어 요
길 으 시 면
가 공 하 시 는
요 하 고
방 대 하 시 다
칠 해 요
뵀 어 요
파 괴 하 시 면
연 구 하 시 겠 다 - g u h a s i g e t d a
가 공 하 시 느 냐
가 공 하 시 겠 다
건 설 하 시 겠 어
건 설 하 시 려 고
얕 은
그 릇 돼
응 징 하 시 고
가 공 하 시 고
그 릇 돼
악 해 요
얕 으 시 고
부 정 하 시 는
자 진 해 요
기 다 래 야
요 하 시 라
부 탁 하 시 겠 다
칠 하 시 는
부 정 해 요
간 섭 하 시 고
부 정 하 시 느 냐
강 탈 하 시 는
걸 어 와 요
터 시 느 냐
뵈 시 는
악 하 시 겠 어
두 드 러 지 시 면
강 렬 하 시 다
느 끼 하 시 면
간 섭 하 시 느 냐
악 하 시 겠 다
파 괴 하 시 는
느 끼 하 시 기
벌 입 니 까
가 공 하 시 면
보 살 펴 요
터 세 요
물 어 보 면
강 탈 하 시 느 냐
요 하 세 요
악 하 시 기
가 십 니 다
청 혼 하 세 요
요 해 요
솟 으 시 면
솟 으 세 요
떠 들 자
굉 장 하 시 냐
걸 어 와 요
두 드 러 졌 냐
그 릇 돼
솟 을
기 다 라 시 기
존 경 하 셨 어 - g y e o n g h a s y e o s s e o
물 어 봐
강 렬 하 시 냐
악 하 시 다
가 공 하 세 요
요 하 기
떠 듭 시 오
애 틋 하 셨 음
부 탁 하 시 기
두 드 러 졌 어
펼 쳐 야
가 시 려 고
응 징 하 셔 요
요 하 세 요
두 드 러 졌 어
떠 듭 니 까
떠 들 었 기
두 드 러 졌 다
존 경 했 어 - g y e o n g h a e s s e o
존 경 했 어 - g y e o n g h a e s s e o
멈 추 세 요
존 경 하 세 요
벌 이 시 기
뵈 시 면
부 정 하 셔 요
부 탁 하 셔 요
두 드 러 지 시 기
존 경 했 어 요 - g y e o n g h a e s s e o y o
뵈 어 요
터 셔 요
터 세 요
드 러 내 셔 요
노 려 봐 요
노 려 보 아 요
휠
검 출 되 기
비 뚜 셨 음
걸 어 오 셔 요
느 끼 하 시 더 니
느 끼 하 시 지 만
한 정 됨
강 탈 하 시 기
검 출 될
자 진 하 세 요
벌 이 기
휩 니 다
강 렬 해 야
강 렬 하 면
느 끼 한 데
느 끼 하 지 만
요 하 시 면
요 하 셔 야
밀 려 요
밀 려 야
청 혼 하 시 기
피 곤 하 지 만
피 곤 한 데
악 하 지 만
악 한 데
견 책 되 어 요
그 릇 될
피 곤 함
불 었 음
걸 어 오 셔 요
드 러 냅 시 오
텁 시 오
부 정 하 셔 요
파 괴 하 시 니
파 괴 하 시 니 까
보 살 펴
봬 야
뵈 면
기 차 떠 나 고 손 흔 드 세 요
부 탁 하 셔 요
입 이 가 볍 더 니
연 구 하 시 겠 어 - g u h a s i g e s s e o
검 출 되 어 요
존 경 하 심 - g y e o n g h a s i m
밀 리 기
느 끼 하 셔 요
파 괴 하 기
파 괴 함
보 지 하 심
걸 어 옵 시 오
포 근 하 심
포 근 하 시 기
보 지 하 는 데
보 지 하 더 니
깜 빡 하 셔 요
응 징 하 지 만
걸 어 옵 시 다
펼 친 다
건 설 하 셔 야
건 설 하 시 면
보 지 하 시 더 니
깜 빡 하 시 면
깜 빡 하 셔 야
뵈 니
뵈 어 서
검 출 되 는 데
검 출 되 셔 요
위 치 하 세 요
존 경 하 여 라 - g y e o n g h a e r a
위 치 하 더 니
길 을
느 끼 해 야
느 끼 하 면
비 뚜 시 니
비 뚜 시 니 까
굉 장 하 세 요
존 경 하 여 야 - g y e o n g h a e y a
드 러 냅 니 다
끌 어 안 으 셔 요
끌 어 안 으 니
기 다 래
멈 추 어 요
기 차 떠 나 고 손 흔 드 는 데
연 구 하 여 라 - g u h a e r a
털 자
해 맑 으 신 데
해 맑 으 시 지 만
두 드 러 집 니 다
존 경 하 셨 어 요 - g y e o n g h a s y e o s s e o y o
연 구 하 셔 요 - g u h a s e y o
견 책 되 면
견 책 되 어 야
보 지 하 셔 요
누 설 하 시 면
누 설 하 셔 야
한 정 됐 음
한 정 됐 기
방 대 함
한 정 되 는 데
엉 뚱 하 여 야
한 정 되 셔 서
드 러 내 어 요
솟 기
긷 는 다
끌 어 안 으 시 니
끌 어 안 으 시 니 까
터 심
걸 어 오 셔 서
그 릇 되 어 요
연 구 함 - g u h a m
물 어 보 셔 요
부 탁 하 더 니
간 섭 하 셔 요
존 경 하 느 냐 - g y e o n g h a n e u n y a
옹 졸 하 면
해 묵 으 시 니
옹 졸 하 셔 요
옹 졸 하 세 요
연 구 하 시 더 니 - g u h a s i d e o n i
비 뚤 면
기 차 떠 나 고 손 흔 드 셔
그 릇 되 셔 야
멈 추 더 니
응 징 하 셔 야
피 곤 하 셔 요
깜 빡 하 면
깜 빡 하 여 야
밀 리 어 요
밀 려 요
강 렬 하 지 만
청 혼 하 여 라
견 책 되 어 라
청 혼 하 시 더 니
청 혼 하 시 는 데
가 공 하 여 라
기 다 라 셔
칠 해 라
벌 이 셔 요
옹 졸 하 심
멈 추 셔 야
벌 이 더 니
자 진 하 여 라
비 뚜 시 지 만
보 지 하 시 니
누 설 하 심
응 징 하 시 지 만
연 구 하 시 라 - g u h a s i r a
견 책 돼 요
견 책 되 어 요
응 징 하 여 라
뵈 어 라
가 공 하 더 니
그 릇 되 시 니
그 릇 되 시 니 까
질 문 하 셔 야
요 하 지 만
칠 하 심
벌 이 셔 야
연 구 하 여 야 - g u h a e y a
건 설 하 셔 요
옹 졸 하 셔 야
방 대 하 세 요
방 대 하 셔 요
강 렬 하 시 더 니
강 렬 하 신 데
굉 장 하 시 지 만
입 이 가 벼 우 셔
두 드 러 지 시 니
두 드 러 지 셔 서
파 괴 하 시 더 니
드 러 내 셔 야
간 섭 하 시 더 니
입 이 가 벼 워 서
파 괴 하 셔 요
걸 어 오 시 는 데
검 출 되 시 지 만
뵌 다
얕 으 시 니
보 살 피 시 지 만
악 해 야
존 경 하 시 라 - g y e o n g h a s i r a
청 혼 하 시 니
휘 셔 요
한 정 되 시 지 만
존 경 하 시 지 만 - g y e o n g h a s i j i m a n
존 경 하 였 음 - g y e o n g h a e s s e u m
존 경 했 기
존 경 했 음
검 출 되 어 요
검 출 돼 요
긷 는
견 책 되 시 니
드 러 내 시 는 데
파 괴 하 여 야
파 괴 해 야
파 괴 하 면
건 설 하 시 지 만
걸 리 었 기
부 탁 하 시 니 까
부 탁 하 셔
강 렬 하 셔 요
그 릇 되 지 만
방 대 하 면
누 설 하 셔 요
노 려 보 기
엉 뚱 하 시 지 만
솟 는 데
애 틋 했 음
솟 으 시 지 만
불 으 셔 야
강 렬 하 시 니
포 근 하 면
펼 치 셔 야
악 하 시 니 까
애 틋 하 시 더 니
깜 빡 함
벌 이 시 는 데
휘 시 지 만
텁 시 다
질 문 하 니
두 드 러 져
두 드 러 져 서
두 드 러 지 니 까
벌 이 어 서
노 려 보 는 데
부 탁 하 여 라
불 어
포 근 하 시 더 니
가 시 고
노 려 보 시 니
간 섭 하 면
느 끼 하 셔
얕 으 셔 요
건 설 하 면
건 설 해 야
연 구 하 느 냐 - g u h a n e u n y a
애 틋 하 더 니
누 설 함
건 설 하 지 만
누 설 하 더 니
누 설 하 시 는 데
옹 졸 하 지 만
엉 뚱 하 시 니
엉 뚱 하 시 니 까
간 섭 하 였 음
칠 하 셔
칠 하 시 니 까
청 혼 하 여 야
펼 치 니
파 괴 했 기
파 괴 하 였 기
연 구 하 셔 - g u h a s y e o
연 구 하 시 니 - g u h a s i n i
연 구 하 셔 서 - g u h a s y e o s e o
자 진 하 시 는 데
자 진 하 시 더 니
멈 춰 요
가 공 하 면
건 설 하 시 니 까
건 설 하 셔
보 살 피 시 니 까
드 러 내 면
부 탁 했 음
요 하 여 라
노 려 보 았 기
걸 리 셔
멈 춰 요
느 끼 하 여 서
느 끼 해 서
밀 리 었 기
밀 리 었 음
펼 치 는 데
자 진 하 지 만
응 징 함
물 어 봐 서
물 어 보 니 까
휜
물 어 볼
해 맑 기
뵈 지 만
솟 아 서
노 려 봐
엉 뚱 하 니
엉 뚱 하 니 까
가 공 하 였 기
기 다 랬 음
휘 셔 야
길 었 음
길 으 셔 서
길 으 시 니 까
가 시 니
걸 리 시 지 만
걸 리 시 더 니
두 드 러 지 었 기
그 릇 됨
존 경 하 겠 어 - g y e o n g h a g e s s e o
가 시 겠 다
두 드 러 지 더 니
뵙 니 다
검 출 되 셔 서
누 설 하 셔 서
누 설 하 시 니
위 치 하 셔
위 치 하 시 니 까
터 니 까
얕 으 니
얕 으 니 까
검 출 되 어 서
질 문 하 셔
청 혼 했 음
보 살 피 시 기
비 뚤
응 징 하 셔
보 지 하 여 서
검 출 되 었 기
걸 려 서
걸 리 어 서
멈 추 었 음
질 문 하 였 음
강 렬 해
옹 졸 하 였 기
물 어 보 았 기
물 어 봤 음
드 러 내 니
드 러 내 어 서
위 치 해 야
위 치 하 면
포 근 하 였 음
포 근 했 음
보 지 하 였 음
자 진 했 기
가 신 다
누 설 하 니 까
솟 으 셔
응 징 하 여 서
자 진 해 서
파 괴 하 니 까
파 괴 하 니
뵈 기
뵘
위 치 하 니 까
위 치 해
얕 으 심
부 탁 하 니
부 탁 해 서
기 차 떠 나 고 손 흔 들 기
멈 추 어 서
요 해
옹 졸 하 니 까
옹 졸 하 여 서
깜 빡 하 니 까
피 곤 하 니
휘 셔 서
청 혼 해 서
가 공 하 니 까
가 공 해
밀 리 어 서
걸 림
견 책 되 었 기
견 책 됐 음
방 대 하 였 음
방 대 했 기
방 대 했 음
건 설 하 니
느 끼 했 음
칠 했 음
걸 어 올
보 살 펴 요
기 차 떠 나 고 손 흔 드 시 겠 어
펼 칠
두 드 러 지 시 겠 습 니 다
두 드 러 지 시 겠 어
걸 어 오 시 겠 습 니 다
입 이 가 벼 웠 냐
입 이 가 벼 우 셨 어
끌 어 안 으 시 겠 어
입 이 가 벼 웠 어
애 틋 하 시 겠 습 니 다
가 공 하 십 시 오
두 드 러 지 시 겠 다
파 괴 하 십 시 오
가 공 하 시 겠 습 니 다
보 살 피 시 려 고
보 살 피 십 시 오
물 어 보 시 겠 습 니 다
포 근 하 시 겠 어
보 살 피 었 음
보 살 폈 기
걸 리 시 겠 어 요
그 릇 되 시 겠 다
해 묵 으 시 겠 습 니 다
물 어 보 시 겠 어
건 설 합 시 오
위 치 합 시 오
해 묵 으 시 겠 다
보 지 하 시 겠 습 니 다
보 살 피 겠 어 요
멈 추 십 시 오
솟 으 시 겠 습 니 다
보 살 피 겠 다
드 러 내 셨 기
한 정 되 셨 기
