k a j e
i y a j e n e
p e a
p i p o t e t i
p i r a j a
p i r a j a p e e
i n e p e e
i r a j a p e e
i r o p e m p e t e
a j e b a r e
a j a n a n e k i t e p e e
i r i r a j a
y a p i i t a k e
o y a j e n e
i j a n a n e k i t e p e e
p i b e a r e
i r e t i n i t e p e e
i j a n a n e k i t e
p i t i r o p e e
p a i c h i
o n e p e e
a n i n a t e
p i j e b a r e p e e
a b e a n e p e e
p i c h o p e n a
i n k i c h o j e
o j a n a n e k i t e p e e
p i k e m i t y o n k i
o n k e m i t y o n k e
i c h o p e n a
p a p i i t a j i
e t i n i t e p e e
a j i b a t e a
a m e t e a
n o n k e m i t y o n k e
p a s a a n k i
p i p o s a k e
p a n t a b e e t i
p i m p o t e t a k e
p a s a a n k a k e
n o y a j e n e
p i n k i c h o j a k e
p i p o s h i
n e t i n i t e p e e
p a n t a b e e t a j i
a k i c h o j a j i
k a p e s h i p e e
n a p i i t a j i
n i n a t a a n t s
a s a a n k a j e
a m p o t e t a j e
j e b a r e n t s i p e e
y a m e t a
p a n t a b e e t a k e
n a m p i i t e
p i b a m e t a j e
n o k e m i t y o n k i
a s a n k a n e n t s i p e e
y a s a a n k a j i
a n i n a t a k e
p i n t s e n t e t a j e
a p a s e k a t a
p i b a m e t a j i
n a m p a s e k a t e a
i n k e n k e t s a s h i r e e
a n t a b e e t a j e
a n t a b e e t a j i
a m e
n o k e m i t y o n k i
c h o p e n a n t s i
a n t a b e e t a j i
i j i b a t a k e a
i y e m p i t a p e e
n o c h o p e n a p e e
p a n k o t s i p e e
p i y e m p i t a p e e
n o j i b a t e a
p i n t s e n t e t a k e
a n t a b e e t a j e
a y o n a p e e
n o j e b a r e
n o j e b a r e
a y a j e b i t e p e e
a s a n k a n e n t s i
p a m p i i t a j e
a s a a n k a k e
i b a m e t a j i
o n i n a t i
a a b i n t i
p i y o n a p e e
n o n i n a t e
a b i t o p e e
y a m p a s e k a t a j e a
o b a n e k i
a j a n a n e k i t e k i
n a s a a n k i
n a s a a n k i
o m p e s h e
a s a a n k a k e
a s h e r i n e p e e
n a n t a b e e t i
i r o p e m p e t e k i
p i n k a t s i i n k a t e
i p o s a k e
i s h e r i n e p e e
n o n k i c h o j a j e
p i y o r i o t e p e e
a n t a b e e t a k e
a s a a n k a j i
p i r a j a k i
i n t s e n t e t a j e
n a n t a b e e t a j i
a m e t a k e a
i j a n a n e k i t e p e e k i
i b i t o p e e
a y a j e n e p e e k i
i m a t i k a j e
n o m a t i k e
i p o s h i
p e a k i
n o n k i c h o j a k e
i y a j e n e p e e k i
n o k e n k e t s a s h i r e a
n a s a a n k a k e
a m a t i k a j e
i n k e n k e t s a s h i r e a k e
n a n t a b e e t a k e
p i b a n k o
p o b a n e k i t e
p i n k a t s i i n k a t a j e
n a m e t a
p o p e m p e t e k i
a t o n k a m e n t o p e e
j e b a r o n t s i
p o p e m p e t e k i
k o b i t i
o b a n e k i t e
y a a b i n t e
n a s a n k a n e
p i m e r e k i p e e k i
i r a j a p e e k i
p i y e m p i t i t e p e e
p o s e r o t e p e e
i t o n k a m e n t o p e e
i r i r a j a p e e k i
i r i r a j a p e e k i
p a m a j a t a j i
p i j i b a t a j a
o s e r o
n a s a a n k a j i
n o p a s e k a t a
o y e m p i t a p e e
i t s e n t e t i
n o b e a r e p e e
i y a j e n e k i
a i s h i p e e
k o s h i p i r i n k e
i j a n a n e k i t e k i
n a m e t a j e a
i r a j a p e e k i
n o k i c h o j a k e
a m a n i t i t e p e e
p i b e a n e k i
i r i r a j a k i
p i k e n k e t s a s h i r e a j a
p i t s e n t e t a j i
a k a t s i i n k a t a k e
i y a j e b i t e
i r i r a j a k i
p i s a m a n i t e p e e
n a m a j a t e
a t s e n t e t i
o j a n a n e k i t e k i
t a b a r i p e e
n a m a j a t e
p i j e b a r e p e e k i
p a n k o t s i
o p e m p e t e p e e k i
p i b e a n e p e e k i
i t o n k i
a a b i n t a r o n t s i p e e
a b a i c h i t e
a p a s e k a t a j a
n o n i n a t a j i
i n t s i n a k a j e
a n k a t s i i n k a t a j e
n a m a j a t i
i r a s a n k a n e p e e k i
p i n t s i p a t a j e a
a m e r e k i p e e k i
p i n t s i p a t a k e a
i r a s a n k a n e p e e k i
a b i t i r o t e
o p e m p e t e k i
p i c h o p e n a p e e k i
y a b i s a j i
o s e r o t e p e e
p i b a i c h i t e
i m a t i k a k e
k a t s i i r e n t s i p e e
n o k i c h o j a j i
n o y a j e b i t e p e e
p a i c h i p e e k i
o b a m e t a k e
i m e r e k i p e e k i
p a a b i n t a j i
o s h e r i n e p e e
p a i c h i p e e k i
n o j i b a t a j e a
p i t i r o p e e k i
o n t s i p a t e a
i i s h i p e e
o t o n k a m e n t o p e e
o p e m p e t e p e e k i
p i i s h i p e e
n o j a n a n e k i t e p e e k i
o p e m p e t e p e e k i
p o m p o r i
o p e m p e p e e k i
p i t i r o p e e k i
p i m e r e k i k i
p i m e r e k i k i
a b a r i t s a p e e
c h o p e n a n t s i p e e k i
y a m a a t e
n i r a j a p e e k i
n o j i b a t a k e a
p e a r e n t s i p e e k i
c h o p e n a n t s i p e e k i
p i n t s i m a n k a j e
n o m a t i k a j e
o p e m p e k i
o m p e s a k e
a c h e r a p e e k i
o p e m p e t e k i
y a m a k e
p a s a n k a n e p e e k i
n o m p i t s i t e a
i c h o p e n a p e e k i
p i m p i t s i t a j e a
p o s e r o t e
e t i n i t e p e e k i
a s a n k a n e n t s i p e e k i
o p e m p e t e k i
a k e n k e t s a s h i r e a k a
e t i n i k i
n o b i t i r o t e p e e
n i r a j a p e e k i
o n i n a t a k e
p a m a k e
