a m a s h i c h a i k i t e p e e k i
n o b e a r e k i
i j i b a t a k e a
o m a t a p e e
n o b a n k o k i
i c h o p e n a p e e k i
p i t s i m e r i t e p e e k i
n o t s i p a b i n t s a r e p e e k i
o y o s h i p i r i n k e t e p e e k i
i s o t a
i t s o m o n t e k i
i s h a n k o r o t e p e e
a s a b i r i t e k i
a s h i m p o k i p e e k i
n o m i s h i t i
s h a n k o r o k i
n a m a j a t e
m a s h i c h a i k i p e e k i
i r o p e m p e t e k i
a y a j e n e p e e k i
a y a j e b i t e k i
a t s i t s i r i t e p e e k i
i n k e n k e t s a s h i r e a k e
n o t s o m o n t e p e e k i
a s a m e n t o t e k i
n o y a j e b i t e p e e k i
n o b i t i r o t e k i
i y e m p i t a p e e
a s h a n k o r o t e k i
p a n t a b e e t i
n i r a j a p e e k i
e t i n i t e p e e k i
n o j e b a r o p e e k i
p i b a n k o
t s i p a b i n t s a r e n t s i k i
p i m a s h i p e e k i
n o j a n a n e k i t e k i
a s o t a p e e k i
n o n k e m i t y o n k e
i b a m e t a j i
o t s i t s i m e n k i t e p e e k i
i s h i m o r e p e e k i
a s a a n k a k e
n o s e r o t e p e e k i
a i s h i
i t s i p a t a k a
i j e b a r e k i
m a t a t s i
k e m p i t i k i
o m p i t s i t e a
n o y o t s i r o t e k i
i t s o b i
p a a b i n t a r o
a m i i s h i t e k i
a y a j e b i t e p e e
p a n k o t s i p e e
n o m e r e k i k i
n o t s a m p o b a t s a t e k i
a s h a n k o r o t e k i
p o b a n e k i t e p e e k i
p i r a j a k i
i c h o p e n a
i n e p e e
a m a a t a k e
o j e b a r o k i
o b i t o k i
n o j e b a r o p e e k i
o y o t s i r o t e p e e k i
p i b e a n e k i
n o n k i c h o j a k e
i s h i m o r e p e e k i
o b o m p o r i t e
a y a t s i i r e k i
p i s h i r a m p a r i t e p e e k i
m a t s o n t s o r i k i
n o m e r e k i p e e k i
i t s a r o t a k e
i y o m a r o
c h o p e n a n t s i p e e k i
o t s i t s i m e n k i t e k i
n a n t a b e e t i
n o y a j e b i t e k i
i j e b a r o k i
i r o s e r o t e k i
a b o m p o r i t e p e e k i
p i k e m i t y o n k i
c h e r a t s i k i
i y a t i t o r i t e p e e k i
n o y a j e b i t e p e e k i
a y o s h i p i r i n k e t e k i
a n t s a r o t a k e
p i s a m e n t o t e p e e k i
n o y a j e n e p e e k i
n e t s i p e e k i
n o n e k i
a s o t a
p i s h a n k o r o t e p e e
a k o s a n o r i
n o y a j e b i t e p e e k i
n a a b i n t a r o k i
o s e r o t e p e e k i
n o s h i m p o k i p e e k i
n o p i t s i t a j a
p i b e a r e
o i t s a a r e k i
p a a b i n t a r o k i
n o m p i t s i t e a
p i y e m p i t a p e e
o i s h i k i
n o t s i p a b i n t s a r e k i
o s h e r o k i
n o k e n k e t s a s h i r e a k a
n o b i t o p e e k i
n a m p i t s a t a k a
a s a n k a n e n t s i
o j e b a r e p e e k i
o k a t s i i n k a t a j i
i s a m e n t o t e k i
n a m a j a t a k e
s a m e n t o
p e a r e n t s i p e e k i
p i i t s a a r e k i
n o j e b a r e k i
o t o n k a m e n t o p e e
n o y o r i o t e p e e k i
p i y a t i t o r i t e k i
n o s h i m o r e
i n e k i
n o m a n i t i t e
p i n t s i p a t a k e a
p a m p i t s a t e a
t s o b i t s i p e e k i
a k e n k e t s a s h i r e a k a
n o i t s a a r e p e e k i
i m e r e k i p e e k i
n o t o n k i p e e k i
o s e r o t e p e e k i
n o y o b i t e p e e
o m e s h i n a
k o s h i p i r i n k e
i b e a n e k i
o t s o b i k i
n o s h e m i t o t e p e e k i
a m a s h i p e e k i
n o y a j e b i t e p e e
p i t s i m e n k i t o t e p e e k i
o b a m e n t o p e e k i
o t o n k i p e e k i
n o c h o p e n a p e e
a b i t i r o t e
i r a j a p e e k i
a a b i n t i
i i t s a a r e p e e k i
o j e b a r o p e e k i
a n t a b e e t a j e
p i t s i r e r o t i t e p e e k i
p i m e r e k i k i
n o b a m e n t o p e e k i
t a b a r i p e e k i
a k o s a n o r i k i
a b i t o p e e
n o y e m p i t i t e k i
a s a m e n t o t e p e e k i
p a k o s a n o r i p e e
a t o n k a m e n t o k i
n o t s a m p o b a t s a t e k i
p i t s i m e r i t e k i
n a s a n k a n e p e e k i
a s h i t a r e i
a b a i c h i t e
p i t s i t e n i r i t e p e e k i
i r a s a n k a n e p e e k i
o m a s h i c h a i k i t e p e e k i
a y o n a p e e k i
n o i s h i p e e k i
i y a t s i i r e k i
o n e k i
t s i p a b i n t s a r e n t s i k i
n o t s i m e n k i t o t e p e e
n o t s i t s i m e n k i t e k i
n o y a t s i i r e p e e k i
a t s e n t e t i
n o t s i p a b i n t s a r e k i
o t s i p a t a j a
c h o p e n a n t s i
s h i m o r e n t s i p e e
n o k e m i t y o n k i
p i i s h i p e e
a t s i m e n k i t o t e
i n t s e n t e t a j e
y a s h i t a r e e
i s a m a n i t e p e e k i
i r i r a j a
a m a a t a k e
a s a n k a n e k i
n o b i t o p e e k i
i b a i c h i t e k i
a a b i n t a r o n t s i p e e k i
k a s a n t o
n o b a n k o
p e t i n i t e p e e k i
k o b i t i
p i m i i s h i t e p e e k i
a m a s h i
i y e m p i t i t e k i
e t i n i t e k i
o y e m p i t i t e p e e k i
a i t s a a r e k i
n o t s a m p o b a t s a t e p e e k i
n o m e r e k i p e e k i
n o m a t i k e
n o j e b a r e
n o s h e r i n e p e e k i
n o y e m p i t i t e p e e k i
i y o r i o t e k i
o b a r i t s a p e e k i
p i m a n i t i t e k i
s h a n k o r o k i
p i j i b a t a j a
n a m e t a
e t i n i t e p e e
i s h a n k o r o t e k i
n e t i n i t e p e e
n o n t s i n a k a k e
a s a a n k a k e
n o m a s h i c h a i k i t e k i
p o p e m p e t e k i
p i t i r o p e e
n o n k a t s i i n k a t a k e
p o s h e r o t e k i
o b a n k o p e e k i
p i j e b a r e p e e k i
a m e t e a
a m a j i
a j e b a r o k i
i y a t i t o r i t e k i
a n i n a t e
t s i t e n i r i p e e k i
a n t a b e e t a j e
p i m a s h i c h a i k i t e p e e k i
p i y e m p i t i t e p e e
n o m a t i k a k e
n o m i s h i t a j e
n o b a n k o k i
o n t s i p a t e a
i m a s h i p e e
p e a r e n t s i k i
n o y o n a
i s h i m p o k i k i
i m a t s o n t s o r i t e k i
