o b a n e k i t e k i
p i i s h i p e e k i
n o m a t i k e
n o t s i t s i b a r o t e p e e k i
o j e b a r o p e e k i
n a s a n k a n e k i
a m e t a k e a
p i m a t s o n t s o r i t e p e e k i
a b a r i t s a k i
n o y a t s i i r e p e e k i
n o s h e r i n e p e e k i
s a m a n i k i
p i s a m a n i t e p e e k i
i t a b a r i t e p e e k i
n o t s i m a n k a j i
p i n t s i m a n k a j e
a s a n k a n e k i
a b o m p o r i t e p e e k i
n o s e r o t e p e e k i
i m e r e k i p e e k i
a m i t a k o t a k e
o s h i r a m p a r i t e
n a a b i n t a k e
n o b i t i r o t e
n o j i b a t a k e a
o p e m p e t e p e e k i
n o y o m a r o k i
o s h e r o t e k i
a t o n k a m e n t o k i
i t s i p a t a k a
n a m a j e
n o b a n k o k i
o y e m p i t a p e e
s h i r a m p a r i p e e k i
n o y o r i o t e p e e k i
o b i t o k i
p i s h e m i t o t e p e e k i
k o n a t s i p e e k i
n o t s a m p o b a t s a t e k i
o y a p e s h i p e e k i
o y o n a p e e k i
y a m a a t e
i j i b a t a k e a
n a a b i n t a j i
p i m e r e k i p e e k i
n o t s i m e r i t e k i
n e t i n i t e k i
n o y a j e b i t e k i
o s e r o t e p e e k i
o m a t i k a j e
n o n k e m i t y o n k e
o p i t s i t a j a
a a b i n t a k e
n o c h o p e n a k i
i m a t i k a k e
p i p o s a k e
p i s h i r a m p a r i t e p e e k i
n o y e m p i t a k i
a j e b a r o k i
p i t s e n t e t a j i
a t o n k i p e e k i
i t s i t e n i r i t e p e e k i
o b a n e k i
p a n t a b e e t a k e
c h o p e n a n t s i p e e k i
s h i m o r e n t s i p e e k i
n o y o t s i r o t e k i
n o s h e m i t o t e k i
a m a a t a k e
p i k e n k e t s a s h i r e a j a
i t s o b i
n o n i n a t e
o b a m e t a k e
n o b i t o p e e k i
k o s h i p i r i n k e p e e k i
t s i p a b i n t s a r e n t s i k i
c h o p e n a n t s i k i
a t o n k a m e n t o k i
n o j i b a t a j e a
p i y e m p i t i t e p e e
n o t s i t s i m e n k i t e k i
i n e k i
s o t a t s i p e e k i
i y a j e b i t e
o t o n k a m e n t o p e e
n o m e r e k i p e e k i
o b a i c h i t e k i
p i n k a t s i i n k a t e
n o b e a r e k i
n o p a s e k a t a j a
n o b a i c h i t e p e e k i
a s h i m p o k i p e e k i
n o m a t i k a k e
j e b a r e n t s i p e e
n o b i t i r o t e
a b a n k o p e e k i
n o y o t s i r o t e p e e k i
i s h i m o r e k i
n a n t a b e e t a j i
k o r i o k i
a s a n k a n e n t s i p e e
p i y o s h i p i r i n k e t e p e e k i
n o m p i t s i t e a
k o b i t i p e e k i
p i y e m p i t a p e e k i
a i t s a a r e k i
a y a t s i i r e p e e k i
n o n e k i
p i m e s h i n a p e e k i
y a m p i t s a t a k a
o b a m e n t o p e e k i
a s o t a k i
n o n t s i p a t a k e a
i p o s h i
k o t s i r o p e e
i r o s h e r o t e p e e k i
t s i m e n k i t o p e e k i
p i s o t a p e e k i
n a s a n k a n e p e e k i
i t s a r o t a k e
o j e b a r o k i
o j a n a n e k i t e p e e
k a j e
i r a s a n k a n e p e e k i
n a m a j a t a k e
p i s a m e n t o t e p e e k i
p i m a t s o n t s o r i t e k i
k o b i t i
p i b a n k o k i
n o y e m p i t i t e k i
n o s h i m p o k i k i
i s a m e n t o t e k i
n o m i i s h i t e p e e k i
a m i i s h i t e p e e k i
n o s h i m o r e k i
n o b a i c h i t e k i
a m e t e a
k o s h i p i r i n k e p e e k i
a n t a b e e t a j i
p i y a t s i i r e p e e
n o s a b i r i t e p e e k i
i t s o m o n t e p e e k i
t s o b i t s i
n a m a j a t i
p i y o b i t e p e e k i
o t s i t s i m e n k i t e p e e k i
n o b a i c h i t e p e e k i
a s a n k a n e p e e k i
i r o b a m e n t o k i
p i n t s e n t e t a k e
n o j e b a r o p e e k i
k o n a t s i p e e k i
p a n t a b e e t a j i
t s i t s i r i
s h a n k o r o k i
m a s h i t s i
a t s i m e n k i t o t e
a s h a n k o r o t e k i
a y o m a r o k i
n o j e b a r o k i
m i i s h i p e e k i
n o m e s h i n a p e e k i
n o k e m i t y o n k i
i r o s h e r o t e p e e k i
o s h i r a m p a r i t e k i
p a k o s a n o r i p e e
a t s a m p o b a t s a t e k i
i m a t s o n t s o r i t e k i
p i y e m p i t i t e k i
o j a n a n e k i t e k i
n o b a n e k i t e p e e k i
p i b a i c h i t e
n o y o b i t e k i
a s a b i r i t e k i
n a m e t a j e a
p i y e m p i t a p e e
o m a k o b a b a t e p e e k i
o b a n k o
o t s o b i p e e k i
a m a a t e
o n e p e e
a m p o t e t a j e
a t o n k a m e n t o p e e
s h i m o r e n t s i p e e
n o y a p e s h i p e e k i
a n t s i p a t a k e a
a n t s a r o t a k e
n o y a p e s h i k i
p a m p i i t a j e
p i p o t e t i
p i m a s h i p e e k i
n o y e m p i t a k i
n o t s i r e r o t i t e p e e k i
y a m a k e
p i s h i m p o k i p e e k i
p a p i i t a j i
i r a k o s a n o r i k i
k o s h i p i r i n k e k i
i y a j e n e k i
n o b i t i r o t e p e e
i r e t i n i t e p e e
k o b i t i k i
i b e a r e k i
k a s a n t o
a i s h i p e e k i
m e r e k i n t s i p e e k i
n o s h i r a m p a r i t e p e e k i
n o j a n a n e k i t e k i
p i t s o b i p e e k i
a s h i t a r e i
p i t s i r e r o t i t e p e e k i
a a b i n t a r o k i
n o b o m p o r i t e p e e k i
n o t s i t e n i r i t e k i
k a t s i i r e n t s i p e e k i
o m a t a k i
o i t s a a r e p e e k i
m a k o b a b a p e e k i
o t s i m e r i t e p e e k i
p o p e m p e t e k i
t s a m p o b a t s a k i
s a b i r i p e e k i
m a s h i c h a i k i k i
i r a j a p e e
a p a s e k a t a
t s i t e n i r i p e e k i
a s h i m o r e p e e k i
o y o n a
o m p i t s i t e a
n o y a t i t o r i t e p e e k i
o m i s h i t a j e
s o t a t s i p e e
t a b a r i p e e
i m a s h i c h a i k i t e p e e
t o n k a m e n t o t s i p e e k i
a m a n i t i t e k i
i y a t s i i r e k i
p i s h i a k a
n o y a t i t o r i t e k i
n o t s i p a b i n t s a r e k i
t s i p a b i n t s a r e n t s i k i
n o b a m e n t o k i
n o c h o p e n a p e e
p i b a r i t s a
m a s h i c h a i k i p e e
n o k e n k e t s a s h i r e a
o s h e m i t o t e p e e k i
n o n i n a t a j i
i b i t o p e e
n o b a m e n t o p e e k i
