n o p a s e k a t a
n o b i t i r o t e
o p i t s i t a j a
p a s a a n k a k e
p i j e b a r e p e e
j e b a r o n t s i
p a m a j a t a j i
i j i b a t a k e a
n a m a j a t a j i
n a s a a n k a j i
n a s a a n k a k e
o y e m p i t a p e e
i s a b i r i t e
i y e m p i t a p e e
n e t i n i t e p e e
p i b a m e t a j i
n o b e a r e p e e
a m p o t e t a j e
i t s i p a t a k a
n o m a t i k a k e
n o n i n a t a j i
p i j i b a t a j a
o b a n e k i t e
n o m a t i k a k e
p a m p i i t a j e
o s e r o t e p e e
o p e m p e t e k i
o p e m p e t e k i
o p e m p e t e k i
n e t i n i t e k i
n a a b i n t a k e
m a k o b a b a k i
i y a j e n e k i
i b i t o p e e k i
i i s h i p e e k i
n o j e b a r e k i
n o j e b a r e k i
n o j e b a r e k i
n o j i b a t a j e a
n o m e r e k i k i
p i m e r e k i k i
p i m e r e k i k i
p a m p i t s a t e a
k o r i o p e e k i
i r a j a p e e k i
k i s h i t s i p e e
k a t i t o r i k i
n o s e r o t e k i
a s a n k a n e k i
a s a n k a n e k i
a s a n k a n e k i
i y o r i o t e k i
n e t s i p e e k i
n a m a j a t a k e
i r a j a p e e k i
n o j e b a r o k i
t s i m e r i p e e
o y o n a p e e k i
o y o n a p e e k i
a y e m p i t a k i
i y o m a r o k i
a b a r i t s a k i
o t s i p a t a k a
o y a p e s h i k i
a k i c h o j a j i
n o y o b i t e k i
o m e s h i n a k i
n o t s o m o n t e
n o y o b i t e k i
o t s i p a t a j a
a y o m a r o k i
i r i r a j a k i
a y o m a r o k i
a y o n a p e e k i
n o p i t s i t a j a
a y o n a p e e k i
p i b a m e t a j e
n o p i t s i t a j a
a y a s a n t o t e
i t s a r o t a k e
p a a b i n t a r o
a y a p e s h i k i
a j e b a r o k i
a y a p e s h i k i
o t s o b i p e e k i
s h e m i t o k i
n o n t s i m a n k e
o i t s a a r e k i
y a s h i t a r e i
o n t s a r o t a j e
a i t s a a r e k i
o i t s a a r e k i
a n t s a r o t a k e
i n t s i n a k a j e
y a s a a n k a j i
c h e r a t s i k i
s h i r a m p a r i
a i s h i p e e k i
o s h e r o t e k i
o m i s h i t a j e
a s o t a p e e k i
o s o t a p e e k i
n o b i t i r o t e
a s a n k a n e n t s i
i r o p e m p e t e
o b o m p o r i t e
p i m p o t e t a k e
n o m a n i t i t e
i j a n a n e k i t e
n o j i b a t a k e a
o s h e r i n e p e e
a s h e r i n e p e e
p o s e r o t e p e e
p a n k o t s i p e e
a b a r i t s a p e e
p o p e m p e t e k i
o s h e r o t e p e e
n o p e m p e t e k i
p o p e m p e t e k i
n o p e m p e t e k i
o p e m p e p e e k i
p i i s h i p e e k i
a t o n k i p e e k i
a t o n k a m e n t o
n o b i t o p e e k i
n o b i t o p e e k i
a t o n k i p e e k i
p a s a n k a n e k i
p i y e m p i t a k i
p a i c h i p e e k i
k o b i t i p e e k i
n a s a n k a n e k i
p a i c h i p e e k i
p i y e m p i t a k i
o b a n e k i t e k i
i s h e r i n e p e e
p i b a i c h i t e
i r e t i n i t e p e e
o t o n k i p e e k i
p a n t a b e e t a j i
a a b i n t a r o k i
n o y e m p i t a k i
n o y e m p i t a k i
n o y e m p i t a k i
i s a m e n t o t e
a m a n i t i t e k i
n o m a t a p e e k i
t a b a r i p e e k i
a s a m a n i t e k i
n i r a j a p e e k i
n o s h i m o r e k i
a s a b i r i t e k i
i r a j a n t s i k i
a p a s e k a t a j a
n i r a j a p e e k i
s a m a n i p e e k i
n o y o n a p e e k i
m i i s h i p e e k i
o t a b a r i t e k i
o b e a r e p e e k i
o m i i s h i t e k i
a m i i s h i t e k i
i r o s e r o t e k i
n o m e s h i n a k i
o s a b i r i t e k i
i s a b i r i t e k i
p e a r e n t s i k i
n o s h e r i n e k i
o y a t s i i r e k i
n o k i c h o j a j i
p e a r e n t s i k i
n o k i c h o j a k e
o b a n k o p e e k i
i m i i s h i t e k i
p o s h e r o t e k i
o s h i m p o k i k i
i s a m a n i t e k i
a m p i t s a t a k a
a s h i m p o k i k i
n o y o m a r o k i
i y a t s i i r e k i
o b a m e n t o k i
a y a t s i i r e k i
p o b a n e k i t e
p i i t s a a r e k i
i s h i m p o k i k i
i y a p e s h i k i
n o m e s h i n a k i
n o y o b i t e p e e
a t s i m a n k a j i
a m i t a k o t a j i
p i y o n a p e e k i
n o t s i n a k a k e
i t s o m o n t e k i
o s h a n k o r o t e
a k o s a n o r i k i
o c h o p e n a k i
n o b a m e n t o k i
a n t a b e e t a j i
n a s h i t a r e a k e
a n t a b e e t a j i
a m i t a k o t a k e
a t s o m o n t e k i
a y a j e b i t e k i
o t s i t s i r i t e k i
a y a j e b i t e k i
a n t a b e e t a j e
a n t a b e e t a k e
i s h i m o r e k i
i s h i m o r e k i
s h a n k o r o k i
a n t a b e e t a j e
i s h i m o r e k i
s h a n k o r o k i
y a m p i t s a t e a
n o n t s i n a k a k e
m a s h i t s i p e e
a c h e r a p e e k i
n o t s o m o n t e k i
p i t s e n t e t a j i
y a s h i t a r e e
p i t s o m o n t e k i
i t s o m o n t e p e e
p i t s o b i p e e k i
a m a s h i p e e k i
n o i s h i p e e k i
n o m p i t s i t e a
n o c h o p e n a k i
o b a m e n t o t s i
c h o p e n a n t s i
n o m i s h i t a j e
p i s o t a p e e k i
n o y a p e s h i k i
n o y a p e s h i k i
n a n t a b e e t a j i
p i y e m p i t a p e e
n a m p a s e k a t e a
p a s h i t a r e a k e
p a n t a b e e t a k e
y a m i t a k o t a k e
o n t s i p a t a j e a
n a n t a b e e t a k e
n a s h i t a r e a k e
n a m i t a k o t a k e
n a m i t a k o t a k e
o n t s i p a t a k e a
n a m p i t s a t a k a
n o p a s e k a t a j a
p i b o m p o r i t e
n a m p i t s a t a j a
n o s h e m i t o t e
p i t o n k i p e e k i
p i t o n k i p e e k i
e t i n i t e p e e k i
n o m a s h i p e e k i
i m e r e k i p e e k i
n o t o n k i p e e k i
e t i n i t e p e e k i
a m e r e k i p e e k i
k o n a t s i p e e k i
k o n a t s i p e e k i
i r o p e m p e t e k i
i j e b a r o p e e k i
p i t a b a r i t e k i
o j e b a r e p e e k i
o j e b a r e p e e k i
i j e b a r o p e e k i
p i t a b a r i t e k i
p i b e a n e p e e k i
o j e b a r o p e e k i
k o t s i r o p e e k i
n o b i t i r o t e k i
n o b i t i r o t e k i
p i y a t s i i r e k i
i r i r a j a p e e k i
p o s h e r o t e p e e
o j e b a r o p e e k i
i r i r a j a p e e k i
n o b e a n e p e e k i
t s i m e r i p e e k i
n o b e a n e p e e k i
p i y o r i o t e p e e
p i s a m a n i t e k i
i y a j e n e p e e k i
o s e r o t e p e e k i
o s e r o t e p e e k i
o s e r o t e p e e k i
p i m a n i t i t e k i
n o b e a r e p e e k i
i y e m p i t i t e k i
p i t i r o p e e k i
p i m a n i t i t e k i
k o m a r o n t s i k i
p i n k i c h o j a k e
n o b a n k o p e e k i
p i t i r o p e e k i
p a k o s a n o r i k i
n o n k i c h o j a k e
n o n k i c h o j a j e
n a k o s a n o r i k i
n o b a i c h i t e k i
n a k o s a n o r i k i
i n t s e n t e t a j e
a y o t s i r o t e k i
n a a b i n t a r o k i
n o t s o m o n t e k i
a k o s a n o r i p e e
p i k e m i t y o n k i
n a a b i n t a r o k i
n o t s i m a n k a j i
i y o t s i r o t e k i
p i m a s h i p e e k i
n a a b i n t a r o k i
a s a m e n t o t e k i
a y a j e n e p e e k i
n o k e m i t y o n k i
n o k e m i t y o n k i
n o s h i m p o k i k i
i i t s a a r e p e e k i
k o s h i p i r i n k e
a y a j e b i t e p e e
p i m a s h i p e e k i
p a a b i n t a r o k i
o y a s a n t o t e k i
p a a b i n t a r o k i
t s i t s i b a r o k i
i r o b a m e n t o k i
n o s h i m p o k i k i
t s i m e n k i t o k i
n a a b i n t a r o k i
n o n t s a r o t a k e
a b a n k o p e e k i
s a b i r i p e e k i
i s h e m i t o t e k i
i r o b a m e n t o k i
a n t s i m a n k a k e
i r a k o s a n o r i k i
n o y a j e b i t e k i
o b a i c h i t e k i
n o y a j e b i t e k i
p i t s i m e r i t e k i
p i n t s i p a t a j e a
o n k e m i t y o n k e
i b a n k o p e e k i
i b a i c h i t e k i
a t s i t s i r i t e k i
p i n t s i p a t a k e a
n o m p i t s i t a j e a
n o n t s i p a t a k e a
p i m p i t s i t a j e a
i b a n k o p e e k i
s h i r a m p a r i k i
y a m p i t s a t a k a
n o c h e r a p e e k i
n o c h e r a p e e k i
k i t s a a r e n t s i k i
n o c h o p e n a p e e
s o t a t s i p e e k i
n o t s i t e n i r i t e
p i t s i t e n i r i t e
p i n t s e n t e t a j e
p a m p i t s a t a j e a
n o b i t i r o t e p e e
p i n t s i m a n k a j e
n o m a n i t i t e p e e
n o s a b i r i t e p e e
a m a n i t i t e p e e
p i s a m a n i t e p e e
j e b a r e n t s i p e e
o p e m p e t e p e e k i
p i y a t s i i r e p e e
o p e m p e t e p e e k i
p e t i n i t e p e e k i
p i m e r e k i p e e k i
n e t i n i t e p e e k i
m a k o b a b a p e e k i
n o m e r e k i p e e k i
o p e m p e t e p e e k i
n o m e r e k i p e e k i
p i j e b a r e p e e k i
n o j e b a r o p e e k i
n o m e r e k i p e e k i
n o y a t s i i r e p e e
p i n k a t s i i n k a t e
n o j e b a r o p e e k i
a y e m p i t a p e e k i
k a t i t o r i p e e k i
a m e s h i n a p e e k i
a t o n k a m e n t o k i
a s a n k a n e p e e k i
i b a r i t s a p e e k i
o m e s h i n a p e e k i
a s a n k a n e p e e k i
a s h i m o r e p e e k i
o b a r i t s a p e e k i
p i y e m p i t i t e k i
a j a n a n e k i t e k i
p i n t s e n t e t a k e
n o s e r o t e p e e k i
i s h i m o r e p e e k i
i s h i m o r e p e e k i
n o y e m p i t i t e k i
a t o n k a m e n t o k i
n o s e r o t e p e e k i
n o y e m p i t i t e k i
o j a n a n e k i t e k i
i j a n a n e k i t e k i
n o y a j e n e p e e k i
i r o b a n e k i t e k i
a k a t s i i n k a t a k e
p a k o s a n o r i p e e
p o m p o r i p e e k i
s h a n k o r o p e e k i
n o y o t s i r o t e k i
a s h e r i n e p e e k i
o t o n k a m e n t o k i
i m a k o b a b a t e k i
i y a t s i i r e p e e k i
n o m e s h i n a p e e k i
o s h e r o t e p e e k i
n o s h e m i t o t e k i
i s a m e n t o t e k i
n o t s i m e r i t e k i
n o y a j e b i t e p e e
o y a p e s h i p e e k i
i s a m e n t o t e k i
a y o r i o t e p e e k i
o b a m e n t o p e e k i
n o t s i r e r o t i t e
a s h a n k o r o t e k i
a s h a n k o r o t e k i
o b a m e n t o p e e k i
n o m i i s h i t e p e e k i
p i y o b i t e p e e k i
a t s i m e n k i t o t e
a s a n k a n e n t s i p e e
t s o b i t s i p e e k i
n o s a m e n t o t e k i
p i i t s a a r e p e e k i
t s i r e r o t i p e e k i
i y a t i t o r i t e k i
o m a k o b a b a t e k i
i s h a n k o r o t e k i
i s h a n k o r o t e k i
n o t s i r e r o t i t e k i
s h i m o r e n t s i p e e
n o n k e m i t y o n k e
y a m p i t s a t a j e a
y a m p a s e k a t a j e a
m e s h i n a n t s i k i
o i t s a a r e p e e k i
k a t s i i r e n t s i p e e
t s a m p o b a t s a k i
c h o p e n a n t s i k i
t s a m p o b a t s a k i
i c h o p e n a p e e k i
m a t s o n t s o r i k i
i r a k o s a n o r i k i
k e m p i t a n t s i k i
o k a t s i i n k a t a j i
m a s h i c h a i k i k i
o s h i r a m p a r i t e
o t s i t e n i r i t e k i
t s i t s i b a r o p e e k i
t s i t s i b a r o p e e k i
p i y e m p i t i t e p e e
i j a n a n e k i t e p e e
a j a n a n e k i t e p e e
o j a n a n e k i t e p e e
i t o n k a m e n t o p e e
p i t o n k a m e n t o k i
o t o n k a m e n t o p e e
n o t o n k a m e n t o k i
n o p e m p e t e p e e k i
a t o n k a m e n t o p e e
p e a r e n t s i p e e k i
p i y e m p i t a p e e k i
p i y e m p i t a p e e k i
n o y e m p i t a p e e k i
p i m e s h i n a p e e k i
n a s a n k a n e p e e k i
p a s a n k a n e p e e k i
p i y a p e s h i p e e k i
n o y o r i o t e p e e k i
n o y o r i o t e p e e k i
n o s h e r o t e p e e k i
n o j a n a n e k i t e k i
a s h i m p o k i p e e k i
a m i i s h i t e p e e k i
i r o s e r o t e p e e k i
n o b a r i t s a p e e k i
n o j a n a n e k i t e k i
n o y a p e s h i p e e k i
a k o s a n o r i p e e k i
i t a b a r i t e p e e k i
o t a b a r i t e p e e k i
n o s h e r i n e p e e k i
n o s h e r i n e p e e k i
i s a m a n i t e p e e k i
a y a t s i i r e p e e k i
n o k e n k e t s a s h i r e a
n o y a p e s h i p e e k i
n o t s i m e r i t e p e e
o y o t s i r o t e p e e k i
t s i t e n i r i p e e k i
t s i t e n i r i p e e k i
i t s o m o n t e p e e k i
a k o s a n o r i p e e k i
o s h a n k o r o t e p e e
i t s o m o n t e p e e k i
s h i m p o k i n t s i k i
o y a j e b i t e p e e k i
o t s i m e r i t e p e e k i
o t s a m p o b a t s a t e
i s h a n k o r o t e p e e
p i y a t i t o r i t e k i
k o s h i p i r i n k e k i
i t s i t s i b a r o t e k i
n o b a m e n t o p e e k i
a t s i r e r o t i t e k i
a t s i r e r o t i t e k i
n o y a t i t o r i t e k i
n o i t s a a r e p e e k i
i t s i m e r i t e p e e k i
a t s a m p o b a t s a t e
p i t s i r e r o t i t e k i
a t s i t s i r i t e p e e k i
m e s h i n a n t s i p e e
p i t s o m o n t e p e e k i
a a b i n t a r o n t s i p e e
p i c h o p e n a p e e k i
n o c h o p e n a p e e k i
m a t s o n t s o r i p e e
n o t s i t e n i r i t e k i
m a s h i c h a i k i p e e
n o t s i t e n i r i t e k i
p i t s i t e n i r i t e k i
p i t s i t e n i r i t e k i
t s a m p o b a t s a p e e
m e r e k i n t s i p e e k i
m e r e k i n t s i p e e k i
n o b a n e k i t e p e e k i
j e b a r o n t s i p e e k i
p i m i i s h i t e p e e k i
p i m i i s h i t e p e e k i
p i s h a n k o r o t e p e e
o y e m p i t i t e p e e k i
p i y a t s i i r e p e e k i
n o s a b i r i t e p e e k i
a m a n i t i t e p e e k i
p i s a m a n i t e p e e k i
p i t a b a r i t e p e e k i
n o t a b a r i t e p e e k i
p i b i t i r o t e p e e k i
n o t a b a r i t e p e e k i
p i s a b i r i t e p e e k i
n o s a m a n i t e p e e k i
a y e m p i t i t e p e e k i
i b o m p o r i t e p e e k i
n o y a t s i i r e p e e k i
n o y a t s i i r e p e e k i
n o y a t s i i r e p e e k i
n o y a t s i i r e p e e k i
i r o s h e r o t e p e e k i
n o s h a n k o r o t e p e e
i r o s h e r o t e p e e k i
n o b a i c h i t e p e e k i
n o b a i c h i t e p e e k i
o s h e m i t o t e p e e k i
a b o m p o r i t e p e e k i
a n k a t s i i n k a t a j e
o t s i r e r o t i t e p e e
n o y o t s i r o t e p e e k i
n o y o t s i r o t e p e e k i
n o y a j e b i t e p e e k i
n o y a j e b i t e p e e k i
n o t s o m o n t e p e e k i
n o y a j e b i t e p e e k i
a y a s a n t o t e p e e k i
a t s i m e n k i t o t e k i
a s a m e n t o t e p e e k i
a s a m e n t o t e p e e k i
o y a s a n t o t e p e e k i
n o s h i m p o k i p e e k i
i s a m e n t o t e p e e k i
a a b i n t a r o n t s i k i
t s i m e n k i t o p e e k i
o s a m e n t o t e p e e k i
o s a m e n t o t e p e e k i
n o t s i m e n k i t o t e k i
p i s h i m p o k i p e e k i
n o t s a m p o b a t s a t e
i t s i p a b i n t s a r e k i
p i t s i m e r i t e p e e k i
i r o b a m e n t o p e e k i
i m a t s o n t s o r i t e k i
i n k e n k e t s a s h i r e e
p i t s i t s i b a r o t e k i
i b a i c h i t e p e e k i
a b a i c h i t e p e e k i
s h i r a m p a r i p e e k i
i r a s a n k a n e p e e k i
i r a s a n k a n e p e e k i
o s h i r a m p a r i t e k i
o s h i r a m p a r i t e k i
s h i m o r e n t s i p e e k i
p i n k a t s i i n k a t a j e
s h i m o r e n t s i p e e k i
i j a n a n e k i t e p e e k i
a t o n k a m e n t o p e e k i
n o n k a t s i i n k a t a k e
n o y e m p i t i t e p e e k i
p i s h e m i t o t e p e e k i
n o s h e m i t o t e p e e k i
n o s h e m i t o t e p e e k i
p o b a n e k i t e p e e k i
n o s h e m i t o t e p e e k i
n o b o m p o r i t e p e e k i
o m a k o b a b a t e p e e k i
n o b o m p o r i t e p e e k i
b a r i t s a n t s i p e e k i
a b o m p o r i t e p e e k i
o t s i t s i m e n k i t e k i
n o t s i m e r i t e p e e k i
n o t s i r e r o t i t e p e e
n o t s i m e n k i t o t e p e e
a t s i p a b i n t s a r e k i
a t s i t s i m e n k i t e k i
n o t s i t s i r i t e p e e k i
i y a t i t o r i t e p e e k i
p i s a m e n t o t e p e e k i
p i s a m e n t o t e p e e k i
n o s a m e n t o t e p e e k i
i t s i r e r o t i t e p e e k i
a t s a m p o b a t s a t e k i
a t s a m p o b a t s a t e k i
m e s h i n a n t s i p e e k i
i m a t s o n t s o r i t e k i
k e m p i t a n t s i p e e k i
p i m a t s o n t s o r i t e k i
c h o p e n a n t s i p e e k i
c h o p e n a n t s i p e e k i
i t s i t e n i r i t e p e e k i
i r a a b i n t a r o p e e k i
n o s h i r a m p a r i t e k i
i m a s h i c h a i k i t e k i
a s h i r a m p a r i t e p e e
p i s h i r a m p a r i t e k i
n o s h i r a m p a r i t e k i
i r a a b i n t a r o p e e k i
o m a s h i c h a i k i t e k i
i t s i t e n i r i t e p e e k i
m a s h i c h a i k i p e e k i
a t s i t e n i r i t e p e e k i
o m a s h i c h a i k i t e k i
t s a m p o b a t s a p e e k i
t s a m p o b a t s a p e e k i
k i t s a a r e n t s i p e e k i
a a b i n t a r o n t s i p e e k i
a s a n k a n e n t s i p e e k i
n o j a n a n e k i t e p e e k i
n o m a k o b a b a t e p e e k i
n o m a k o b a b a t e p e e k i
n o m a k o b a b a t e p e e k i
a a b i n t a r o n t s i p e e k i
p i s h a n k o r o t e p e e k i
n o t s i p a b i n t s a r e k i
p i t s i p a b i n t s a r e k i
n o s h a n k o r o t e p e e k i
n o t s i p a b i n t s a r e k i
t s o m o n t e n t s i p e e k i
n o t s i t s i m e n k i t e k i
o t s i r e r o t i t e p e e k i
o t s i r e r o t i t e p e e k i
n o t s i t s i m e n k i t e k i
o t s i r e r o t i t e p e e k i
n o t s i t s i m e n k i t e k i
a y o s h i p i r i n k e t e k i
n o s h e m i t o t e p e e k i
a t s i r e r o t i t e p e e k i
n o y a t i t o r i t e p e e k i
n o t s a m p o b a t s a t e k i
i y o s h i p i r i n k e t e k i
n o t s a m p o b a t s a t e k i
t s i p a b i n t s a r e n t s i
s h i m p o k i n t s i p e e k i
i n k e n k e t s a s h i r e a k e
p i t s i p a b i n t s a r e p e e
t s i p a b i n t s a r e n t s i k i
t s i p a b i n t s a r e n t s i k i
i m a s h i c h a i k i t e p e e
p i m a s h i c h a i k i t e k i
n o m a s h i c h a i k i t e k i
n o s h i r a m p a r i t e p e e
p i t s i t e n i r i t e p e e k i
p i k e n k e t s a s h i r e a j a
i t s i m e n k i t o t e p e e k i
t o n k a m e n t o t s i p e e k i
p i t s i r e r o t i t e p e e k i
o t s i m e n k i t o t e p e e k i
o t s i p a b i n t s a r e p e e k i
n o t s i r e r o t i t e p e e k i
n o t s i m e n k i t o t e p e e k i
n o t s i m e n k i t o t e p e e k i
n o t s i m e n k i t o t e p e e k i
k o s h i p i r i n k e p e e k i
n o t s i t s i b a r o t e p e e k i
n o t s i t s i b a r o t e p e e k i
k o s h i p i r i n k e p e e k i
k o s h i p i r i n k e p e e k i
a t s i t s i b a r o t e p e e k i
n o m a t s o n t s o r i t e p e e
p i t s i m e n k i t o t e p e e k i
p i t s i t s i b a r o t e p e e k i
a s h i r a m p a r i t e p e e k i
o s h i r a m p a r i t e p e e k i
o s h i r a m p a r i t e p e e k i
o k e n k e t s a s h i r e a k a
a k e n k e t s a s h i r e a k a
o t s i t s i m e n k i t e p e e k i
o t s i t s i m e n k i t e p e e k i
o t s i p a b i n t s a r e p e e k i
a t s i t s i m e n k i t e p e e k i
o t s a m p o b a t s a t e p e e k i
n o t s i t s i b a r o t e p e e k i
n o t s i p a b i n t s a r e p e e k i
n o t s i p a b i n t s a r e p e e k i
a m a t s o n t s o r i t e p e e k i
o m a t s o n t s o r i t e p e e k i
p i t s i p a b i n t s a r e p e e k i
n o m a t s o n t s o r i t e p e e k i
p i s h i r a m p a r i t e p e e k i
n o s h i r a m p a r i t e p e e k i
p i s h i r a m p a r i t e p e e k i
n o s h i r a m p a r i t e p e e k i
p i s h i r a m p a r i t e p e e k i
a m a s h i c h a i k i t e p e e k i
o m a s h i c h a i k i t e p e e k i
n o k e n k e t s a s h i r e a k a
i y o s h i p i r i n k e t e p e e k i
o y o s h i p i r i n k e t e p e e k i
p i m a t s o n t s o r i t e p e e k i
n o t s a m p o b a t s a t e p e e k i
n o t s a m p o b a t s a t e p e e k i
n o k e n k e t s a s h i r e a k a
p i m a s h i c h a i k i t e p e e k i
n o m a s h i c h a i k i t e p e e k i
p i y o s h i p i r i n k e t e p e e k i
i p a s e k a t a k a
y a m p a s e k a t e a
