n o b e a r e p e e k i
n o b e a r e k i
p i t s i t s i m e n k i t e k i
p e t i n i t e p e e k i
p a m i t a k o t a j i
i y o t s i r o t e k i
n o b a m e n t o p e e k i
p i b i t i r o t e p e e k i
t a b a r i p e e k i
p i t s i p a b i n t s a r e p e e k i
i n t s i m a n k a k e
o y o r i o t e k i
a m a a t a a n t s i
o p e m p e t e p e e
n o t s i t s i m e n k i t e p e e k i
n o m a s h i p e e k i
a b a i c h i t e k i
n o y e m p i t a
a t s i p a b i n t s a r e p e e k i
n o s a b i r i t e p e e k i
p i p e s a j i
n o y o s h i p i r i n k e t e p e e
o s h e r o t e k i
n o y o s h i p i r i n k e t e k i
p i n i n a t a k e
n a m p a s e k a t a j e a
p i t s i n a k a j i
o n k i c h o j e
e t i n i t e p e e k i
n o t s a m p o b a t s a t e k i
n o t o n k i
a s a n k a n e p e e k i
m e r e k i n t s i p e e
i t s i r e r o t i t e
o t s i t s i r i t e p e e k i
a p i i t a a n t s i
k a p e s h i p e e k i
n a m p i i t a k e
p i t s i t s i m e n k i t e p e e k i
i t s i m e r i t e k i
n o b a r i t s a
i t o n k i k i
p i b i t o k i
i j i b a t a j e a
s a m a n i
i y a t i t o r i t e k i
p i j a n a n e k i t e p e e k i
n o t o n k i p e e k i
k i s h i t s i k i
i r o s e r o t e p e e
a n i n a t i
p i p o t e t a j i
i k i c h o j i
i r o b a m e n t o k i
m e r e k i n t s i k i
t o n k a m e n t o t s i k i
p a k o s a n o r i k i
a a b i n t a r o k i
o s h e r i n e p e e k i
i t s a r o t i
n o b o m p o r i t e k i
p i y a t i t o r i t e k i
p i s a b i r i t e k i
y a m e
i m a s h i k i
m a k o b a b a p e e k i
i c h o p e n a p e e
a y o s h i p i r i n k e t e k i
o m a t s o n t s o r i t e
p a m e t a j e a
e t i n i t e p e e k i
o t s i r e r o t i t e k i
n o p o s a k e
n a s h i t a r e a j i
n o b i t o p e e k i
a m p i t s a t a j e a
i m i i s h i t e p e e k i
i t s o b i p e e k i
k o m a r o n t s i
p i t s i t e n i r i t e p e e k i
i t s i r e r o t i t e k i
n o b i t o
o s h a n k o r o t e p e e k i
n o n t s i n a k e
n o j e b a r e k i
p a n t a b e e t a j e
n a n t a b e e t e
a s a m e n t o t e k i
n o y e m p i t a k i
i m i s h i t a k e
a n t s a r o t a j e
a y o s h i p i r i n k e t e k i
a i t s a a r e p e e k i
a m e r e k i k i
a s a n k a n e n t s i k i
o k e n k e t s a s h i r e a j a
n o m a s h i c h a i k i t e p e e k i
i m e s h i n a k i
n a b i s a k e
o p i t s i t a k a
t s i t s i m e n k i
a m a a t a j e
i s h i r a m p a r i t e k i
i m a t a p e e
o s e r o t e k i
i r a j a k i
o t s i r e r o t i t e k i
t s i n a k a a n t s i
o s e r o t e k i
y a b i s a k e
j e b a r e n t s i k i
a s h a n k o r o t e k i
a m i i s h i t e p e e
n o s a b i r i t e
i t s i p a b i n t s a r e k i
o t a b a r i t e p e e k i
a s h e r i n e k i
n o y a p e s h i k i
p i m a k o b a b a t e p e e k i
p i t s i r e r o t i t e k i
a b e a n e p e e k i
p i t o n k a m e n t o p e e k i
n o s e r o t e
a s h i t a r e a j e
p i n k i c h o j a j e
i y o t s i r o t e p e e
a p o s a j i
o t s i n a k a j i
y a s a a n k e
i k e n k e t s a s h i r e a k a
k a j e b i
p i s a b i r i t e p e e k i
i n e k i
a s a b i r i t e p e e k i
n o m a t s o n t s o r i t e
m e s h i n a n t s i p e e k i
i t o n k a m e n t o p e e k i
p i t s o b i k i
n o t s i t s i r i t e
n o m p o s a j e
a y o s h i p i r i n k e t e
i j e b a r e
a m a t a k i
m a s h i c h a i k i
n o p o t e t i
n a s a n k a n e k i
o y e m p i t a k i
i s o t a k i
e t i n i k i
n o m e s h i n a p e e k i
a m p i t s a t a
i y e m p i t a p e e k i
p i b a r i t s a p e e k i
p i m a t s o n t s o r i t e p e e k i
o t s a m p o b a t s a t e k i
e t i n i t e k i
n o m a k o b a b a t e p e e k i
i b i t o p e e k i
i b i t i r o t e k i
n a s a a n k a j i
n o t o n k a m e n t o k i
o y e m p i t i t e k i
p a m a k e
p i t o t s i p e e k i
a m e s h i n a p e e k i
n a m p a s e k a t a j e a
p o p e m p e t e p e e
p i m e s h i n a p e e k i
p i y o s h i p i r i n k e t e p e e k i
n o b a n k o p e e k i
o p e m p e k i
o b e a r e p e e
i r o s e r o t e
o t o n k i
p i y a p e s h i p e e
i s h i a j e
n o m e r e k i k i
o j e b a r e p e e
o b a n k o p e e k i
p i m i i s h i t e
n a p i i t a k e
o y o n a p e e
o s h i m o r e k i
n a m a k e
i y o r i o t e
i k a t s i i n k a t a k e
o t s i t s i b a r o t e k i
o y o r i o t e k i
n o n i n a t a j e
a y a s a n t o t e p e e k i
i r a k o s a n o r i p e e
i s h i r a m p a r i t e
n o t s i t s i r i t e p e e k i
p i t s i t e n i r i t e p e e k i
p o p e m p e t e k i
p o p e m p e t e p e e k i
a t s o b i p e e
p i y o r i o t e p e e k i
n o m e s h i n a p e e k i
n o s h i m o r e p e e k i
n o b a i c h i t e p e e k i
n o y a t i t o r i t e p e e k i
n a m a j a t a k e
p a k o s a n o r i p e e k i
p a s a n k a n e p e e k i
n o s h i m p o k i p e e k i
o n t s a r o t e
i s h e r i n e k i
a n t s i p a t e a
n o n e p e e
n o y e m p i t a p e e k i
p i c h e r a k i
o i t s a a r e
a k o s a n o r i p e e k i
p i b a n k o p e e k i
n o b e a n e p e e k i
o j e b a r o
o m p o s a j e
p a m a a t a j e
n o t a b a r i t e p e e
c h o p e n a n t s i k i
m a s h i t s i p e e k i
a t a b a r i t e p e e k i
p i b e a r e p e e
s h i m p o k i n t s i p e e
n o t s i t s i r i t e p e e k i
p i b i t o p e e
n o t s o b i p e e k i
p a i c h i k i
i y o t s i r o t e p e e k i
n a m a a t a k e
n o m a t a k i
n o t s o b i k i
p i m p a s e k a t e a
o b i t o k i
n o y o r i o t e k i
a m p o t e t e
a m a s h i k i
m e r e k i n t s i p e e k i
a n t a b e e t a k e
n o m a k o b a b a t e p e e k i
n o b e a n e k i
o p e m p e p e e
o s h i m o r e p e e k i
n a m e t a j e a
i r a j a n t s i
p i y a j e b i t e p e e k i
i y o n a k i
a m e r e k i k i
i c h e r a k i
