થ ા પ ા ઓ
સ ્ વ ી ક ા ર ી શ
ચ ે વ ડ ા ઓ
છ ક ડ ે
ગ ા ં જ ા ઓ
પ ી છ ે
બ ો લ ી શ
સ ળ ગ ત
ખ ે ડ ી શ
ટ ો ક ળ ે
ક ો ત ર ે
સ ા બ ુ દ ા ણ ા ઓ
ન ા ખ વ ા ન ુ ં
દ ો ડ ્ ય ુ ં
બ ા જ ર ા એ
શ ણ ગ ા ર શ ે
વ ી જ આ ં ચ ક ે
ન શ ે
જ હ ા જ વ ા ડ ા એ
આ વ ડ ે
ખ ે વ ૈ ય ો
આ ટ ે
ચ ુ ક ા દ ો
પ ગ ર ખ ા ં એ
ચ ૂ ન ો
અ ટ ક ે
ન ા ખ જ ો
દ ો ડ ા ય
બ ો લ ો !
ન ક ા ર ે
મ ી ઠ ા ં ઓ
સ મ જ ા વ ી શ
બ ો લ ે
સ લ ા ડ ા ં ઓ
ખ ે ડ ા ય
ફ ે ફ સ ા
પ ૂ છ !
લ ા વ ે
આ પ ી એ !
પ ડ છ ા ય ા
વ ી મ ે
પ ડ જ ો
ત ા વ ડ ી વ ા જ ા ં ઓ
પ ી છ ુ ં
હ ુ ં પ ણ ા ં એ
હ ા ર ો
બ ન જ ો
આ વ ી એ
દ ા ય ક ા
સ ડ !
પ ૂ છ ી એ !
અ પ ા ક ર ્ ષ ી એ !
હ ક ા લ ત
ઈ ં ટ વ ા ડ ે
ર મ ક ડ ુ ં
આ થ મ શ ો
વ ી જ થ ા ં ભ લ ા એ
ર મ ી એ
ર ડ ુ ં
પ ે ચ િ ય ા
ર મ ો
પ ડ છ ા ય ે
ચ હ ે ર ો
અ ટ ક ્ ય ુ ં
ત ર વ ા ન ુ ં
દ ો ર ે
ફ ે ફ સ ુ ં
ચ ે વ ડ ો
સ મ જ ે
વ ા પ ર શ ે
આ પ ી
ર મ ે
પ ડ છ ા ય ે
સ ્ વ ી ક ા ર ો
ડ ર ી એ
છ ક ડ ે
સ ં પ ૂ ર ્ ણ પ ણ ે
વ ા મ ી
અ થ ા ણ ા ં ઓ
વ ી જ આ ં ચ ક ે
પ ર બ ી ડ િ ય ા ં ઓ
જ ણ ે
જ હ ા જ વ ા ડ ે
પ ગ દ ડ ે
ઉ પ ા ડ ે
હ ગ ી શ ુ ં
આ મ ળ ી શ ુ ં
ચ ં પ ા ઓ
પ ુ સ ્ ત ક મ ે ળ ા ઓ
ફ ે ર િ ય ે
ન હ ા ય ુ ં
અ પ ા ક ર ્ ષ શ ે
ક ર વ ૈ ય ા ઓ
ડ ર ુ ં
વ ી જ બ ત ્ ત ી ઓ
ઊ ં બ ર ો ે
ખ ે ડ ો !
હ ા ર ો !
ન ચ વ ૈ ય ે
ઉ પ ા ડ ે
સ ળ ગ ્ ય ુ ં
ન ા હ ા
ઈ ં ટ વ ા ડ ા
ન ા ક ુ ં
ક ે દ ખ ા ન ે
ર સ ી ઓ એ
ચ ા દ ા ન ી ઓ એ
બ ન ી ન ે
ટ િ ં ગ ણ િ ય ે
આ મ ળ ે
ડ ર ે
આ વ ડ ્ ય ુ ં
જ ણ ી શ
પ ર મ િ ય ે
ખ ે ડ !
બ પ ૈ ય ા એ
એ ર ં ડ િ ય ે
મ ર ે
શ ણ ગ ા ર ે
ર ં ગ ર ખ ુ ં
વ ા પ ર ુ ં
ક ર વ ૈ ય ે
ન િ ભ ા ડ ો
શ ણ ગ ા ર જ ે
ન ા ખ ી ન ે
ફ ૂ લ ે
હ ં ક ા ર ુ ં
વ િ ચ ા ર ા ય
પ ૈ ડ ે
હ ા ર ી
ડ ૂ બ ી
જ મ ી શ ુ ં
હ ગ ો !
સ ં ઘ ા ડ ે
સ મ ુ દ ્ ર ક ા ં ઠ ે
ભ ા વ વ ધ ા ર ે
જ ડ બ ે
ફ ગ િ ય ા
શ ે લ ડ ી એ
બ ો લ ી શ
બ ં બ ે
આ વ ડ ુ ં
ગ મ વ ા ન ુ ં
ચ હ ે ર ે
ન ા ચ શ ો
આ વ ડ ો
હ ગ !
છ ત ્ ર ી વ ા જ ુ ં ે
હ ક ા લ શ ે
જ ઈ શ
સ ં ઘ ા ડ ે
વ ં શ ા વ ળ ી
મ ર ી એ
મ ો ં ઘ વ ા ર ી ઓ એ
ઓ ર ડ ા
વ ા વ ે
ર ડ ી એ !
મ ે હ ુ લ િ ય ો
ચ ે લ ે
એ ર ે
હ ક ા લ શ ો
ન હ ા ઉ ં
છ ત ્ ર ી વ ા જ ુ ં ા ં એ
પ ર ો ણ ા એ
દ ો ડ ત
આ વ ુ ં
ક ો ત ર ુ ં
ઝ ઘ ડ ે
અ ં ગ ૂ ઠ ો
મ ો ં ઘ વ ા ર ી
ન ા ચ ુ ં
ક ો ત ર શ ે
ઉ થ લ ા વ શ ો
ધ ડ ે
શ ણ ગ ા ર ુ ં
વ ર ્ ત ી એ
વ ખ ા ણ ે
ઝ ઘ ડ ી શ
જ ી ભ ડ ી એ
મ ર ે
ડ ર ા ય
પ થ ્ થ ર મ ા ર ે
ક ે દ ખ ા ન ે
સ મ જ ા વ ી એ
ખ ે ડ ી એ
ન િ ભ ા ડ ે
ક ો ગ ળ િ ય ે
મ ો ં ઘ વ ા ર ી ઓ
ર મ ક ડ ે
ત પ ા સ ો !
ન િ શ ા ળ િ ય ુ ં
વ ધ ી શ
વ ખ ા ણ ી શ
સ ડ ી ન ે
હ ગ શ ે
ફ ૂ લ ુ ં
ક ા ન દ ટ ્ ટ ા ઓ
પ ી છ ા
પ ડ ઘ ા ઓ
હ ક ા લ ા ય
બ ન ત
ચ મ ચ ે
ભ ા ળ ્ ય ુ ં
સ મ જ ા વ શ ે
વ િ ચ ા ર ુ ં
ન ા ખ ે
હ ં ક ા ર ો
ઘ ો ડ ી
ઉ પ ા ડ ુ ં
સ મ જ ે
પ ી છ ા ં ઓ
જ ન ્ મ ી
ઉ થ લ ા વ ો !
ઘ ર વ ે ર ા
થ ૂ ં ક ી એ
ન ા ચ ી શ
આ મ ળ જ ો
વ ખ ા ણ ો
ન ો ર ત ા
આ પ ી શ ુ ં
ઝ ા ડ ા એ
ન ક ા ર વ ા ન ુ ં
ચ મ ચ ે
ર મ ે
ન ા હ ા
ધ ા ર ે
શ ે લ ડ ી
સ ્ વ ી ક ા ર ી શ ુ ં
ઉ પ ા ડ ો !
ઉ પ ા ડ ત
આ પ ્ ય ુ ં
જ ી ં જ વ ો
ઊ ં ટ ડ ે
અ પ ા ડ ે
સ મ જ ો !
દ ે ડ ક ા
ડ ા ળ ી એ
ર ા જ ી ન ા મ ે
અ પ ૈ ય ો
હ ા ર ે
વ ા મ ો
ન ા ક ે
ન હ ા જ ો
જ ન ્ મ ે
શ ક જ ો
શ ક ી ન ે
ત ર ે
ત ર ે
ગ મ ો
ન ૈ ય ુ ં
ઘ ર વ ે ર ા એ
ઢ ો ક ળ ા
પ ડ ો
એ ર ં ડ િ ય ા
ન દ ી
ચ ૂ ં ટ ણ ી ઢ ં ઢ ે ર ા ઓ
ક ા ં ઠ ા એ
ન શ ે
ઉ પ ા ડ ી શ
હ ક ા લ ી એ !
સ ્ વ ી ક ા ર ી
ભ ા ળ ે
અ ટ ક વ ા ન ુ ં
હ ગ ુ ં
ન ા ખ ે
વ ા ં ચ ે
પ થ ્ થ ર મ ા ર ે
ધ ડ ે
જ ડ બ ા ં એ
સ ળ ગ ી ન ે
જ ણ ્ ય ુ ં
ઉ પ ા ડ ્ ય ુ ં
વ ખ ા ણ ત
ચ ે લ ી
હ ં ક ા ર શ ો
ત ર ો
વ ા પ ર ે
ર ા જ ી ન ા મ ુ ં
ક ં સ ા ર ા ઓ
હ ં ક ા ર ી શ ુ ં
સ ૂ ં ઘ શ ે
ડ ૂ બ ી શ ુ ં
ક ે દ ખ ા ન ા ં ઓ
સ લ ા ડ ે
ક ચ ક ડ ે
પ ી ં છ ે
પ ડ ઘ ા
હ ક ા લ વ ા ન ુ ં
આ મ ળ ે
ચ ા ં ચ િ ય ા ઓ
અ પ ા ડ ી ન ે
વ ધ !
ન ા ખ ો
ભ ા ળ વ ા ન ુ ં
દ ી પ ડ ા ઓ
ઉ ટ ા ં ટ િ ય ે
ફ ુ વ ા ર ે
જ મ ી ન ે
સ ૂ ં ઘ ે
પ ડ છ ા ય ે
પ ર ો ણ ે
શ ણ ગ ા ર ો !
જ ન ્ મ ો
દ ો ર ો
અ પ ા ક ર ્ ષ જ ો
સ ્ વ ી ક ા ર શ ે
ર ડ !
સ ા બ ુ દ ા ણ ા એ
ગ મ ુ ં
સ ળ ગ ો
આ વ ડ ી એ
હ ા ડ ક ુ ં
જ શ ે
છ ા ર ુ ં
ભ ા વ વ ધ ા ર ે
વ ી જ બ ત ્ ત ી
ચ ં પ ા ઓ
ન ડ ે
છ ા ર ે
જ ી વ ન સ ં ધ ્ ય ા ઓ એ
હ ં ક ા ર શ ે
ક ં સ ા ર ે
ફ ુ વ ા ર ો
અ પ ા ડ ો
ન ર ગ ો ટ ા
ન િ ભ ા ડ ે
અ ટ ક ો
વ ધ ી
દ ા ં ત િ ય ે
ક ૂ ત ર ા
પ થ ્ થ ર મ ા ર ા
ન ા ચ !
સ ા હ િ ત ્ ય ચ ો ર જ ે
વ ા ં ચ જ ે
ક ર શ ો
વ ા મ ુ ં
ન િ ખ ા ર જ ો
ડ ૂ બ ો
ફ ે ર િ ય ા ઓ
વ ા વ ે
ચ ા ડ િ ય ા
ન ક ા ર ી એ
ક ચ ક ડ ે
બ ા ં ક ડ ા
ત પ ા સ ે
ખ ે ડ ો
ગ મ ્ ય ુ ં
હ ૈ ય ે
ન િ ખ ા ર ુ ં
સ ા હ િ ત ્ ય ચ ો ર શ ો
આ પ શ ે
ભ ા વ વ ધ ા ર ા
ન સ ક ો ર ે
અ થ ા ણ ા ં ઓ
જ ી ં જ વ ા ઓ
વ િ ચ ા ર ્ ય ુ ં
છ ો ક ર ુ ં
ર ડ ે
જ ણ ો
ફ ે ર િ ય ા
બ ો લ વ ા ન ુ ં
પ થ ્ થ ર મ ા ર ા ઓ
ત ડ ક ા
વ ધ ા ઈ એ
શ ણ ગ ા ર ી શ ુ ં
જ ી વ ડ ા ં ઓ
પ ે ચ િ ય ા ં એ
સ ળ ગ ી શ ુ ં
આ મ ળ ો !
દ ો ડ શ ો
વ ા મ ત ુ ં   હ ો વ ુ ં
ન   ઉ થ લ ા વ !
વ ા મ ે   છ ે
ન હ ી ં   હ ં ક ા ર ી એ
દ ો ડ ત ુ ં   હ ો વ ુ ં
ડ ો ક ા ં ઓ
વ ખ ા ણ ત ુ ં   હ ો વ ુ ં
ન હ ી ં   અ પ ા ડ ે
ન   બ ન ે
ન   વ િ ચ ા ર !
વ ા પ ર ત ુ ં   હ ો વ ુ ં
ન   પ ડ ો !
જ ઈ   શ ક વ ુ ં
ન   શ ણ ગ ા ર ે
સ ા હ િ ત ્ ય ચ ો ર વ ુ ં   હ ો વ ુ ં
આ વ ત ુ ં   હ ો ત
ન હ ી ં   સ મ જ ા વ ે
ન હ ી ં   શ ણ ગ ા ર ુ ં
જ ી વ ન   વ ી મ ા એ
બ ા જ ર ા
ન   જ મ !
ક ા ં સ ક ા
બ ન ત ુ ં   હ ો વ ુ ં
ન હ ી ં   સ ્ વ ી ક ા ર ે
ન   ન ા ખ ી એ !
ન   ન ા ચ ે
સ ળ ગ ત ુ ં   હ ો ત
વ ા ં ચ ત ુ ં   હ ત ુ ં
સ ા હ િ ત ્ ય ચ ો ર ા ય
અ બ ા બ ી લ   લ ટ ો ર ે
ધ ા ર ા ઓ
અ થ ા ણ ા ં
ન હ ી ં   ર ડ ે
ન   સ મ જ ુ ં
ન હ ી ં   ત ર ી એ
જ ન ્ મ ુ ં   છ ુ ં
ન હ ી ં   અ પ ા ડ ી એ
ફ ૂ દ ા ં ઓ
ન હ ી ં   ત ર ે
જ ી ં જ વ ા
ન હ ી ં   ડ ર ે
પ ર મ િ ય ા
ચ િ ચ ો ડ ા
પ ે ચ િ ય ા ં
ન હ ી ં   ક ર ે
ઉ થ લ ા વ ત ુ ં   હ ો વ ુ ં
ન હ ી ં   બ ગ ડ ુ ં
ન ા ચ ે   છ ે
સ ડ ે   છ ે
ન   ડ ૂ બ ે
બ ગ ડ ે   છ ે
ઊ ં ટ ડ ા ઓ
ન   વ િ ચ ા ર ે
ન ળ િ ય ા ં
ન હ ી ં   વ ા મ ુ ં
વ િ લ ા ય ત ી   મ ી ઠ ા ં ઓ
ન   પ ૂ છ ી એ
વ ં ટ ો ળ િ ય ા
ન હ ી ં   ત પ ા સ ુ ં
જ ત ુ ં   હ ો વ ુ ં
હ ગ શ ે
ન થ ી   સ ડ ત ુ ં
ન હ ી ં   વ ા મ ે
ત ક િ ય ા ઓ
ઘ સ િ ય ા
વ ા ં ચ ે   છ ે
ન હ ી ં   પ ૂ છ ુ ં
ન િ ખ ા ર ી એ   છ ી એ
જ ી વ ન સ ં ધ ્ ય ા એ
સ ૂ ં ઘ ત ુ ં   હ ો વ ુ ં
ન   ન ડ ો
ખ ે ડ ત ુ ં   હ ો ત
ન ા ખ ી   શ ક વ ુ ં
શ ક વ ુ ં   હ ો વ ુ ં
શ ણ ગ ા ર ત ુ ં   હ ો ત
ન   ત પ ા સ ી એ
થ ૂ ં ક ે   છ ે
અ પ ા ક ર ્ ષ વ ુ ં   હ ો વ ુ ં
ફ ૂ લ ા ં ઓ
ન   ઉ થ લ ા વ ુ ં
હ ક ા લ ત ુ ં   હ ત ુ ં
ન હ ી ં   હ ક ા લ ો
ન   પ ડ ુ ં
અ પ ા ક ર ્ ષ ો   છ ો
ન હ ી ં   જ ન ્ મ ો
ન હ ી ં   વ ધ ે
ન   જ ણ !
ન ડ ત ુ ં   હ ત ુ ં
સ ૂ ં ઘ શ ે
સ ા હ િ ત ્ ય ચ ો ર ુ ં   છ ુ ં
ન   જ ઉ ં
ઝ ઘ ડ ત ુ ં   હ ત ુ ં
ન   હ ક ા લ ી એ
ન   વ ા ં ચ ી એ
સ ળ ગ ી   શ ક વ ુ ં
ર મ ત ુ ં   હ ો ત
ભ ા ળ ત ુ ં   હ ત ુ ં
વ ર ્ ત ે   છ ે
ન હ ી ં   સ ળ ગ ી એ
ન   ન ડ ે
ચ ે વ ડ ા
ન   આ વ ડ ે
ન હ ી ં   થ ૂ ં ક ે
હ ી ં ચ ક ા ઓ
ન હ ી ં   ઝ ઘ ડ ુ ં
ન હ ો ત ુ ં   આ મ ળ ્ ય ુ ં
દ ો ર ત ુ ં   હ ો ત
શ ક ુ ં   છ ુ ં
મ ર ી   શ ક વ ુ ં
દ ો ડ ુ ં   છ ુ ં
ટ ો ક ળ ા ઓ
ન   હ ક ા લ ે
ક ર વ ૈ ય ા
ઉ થ લ ા વ ત ુ ં   હ ો વ ુ ં
ન હ ી ં   ન િ ખ ા ર ુ ં
ન   આ થ મ ો !
ક ો ત ર ે   છ ે
લ ા વ ે   છ ે
ન હ ી ં   દ ો ર ી એ
ન થ ી   આ પ ત ુ ં
હ ા ર ી   શ ક વ ુ ં
ન િ શ ા ળ િ ય ા
ન   દ ો ડ ો
ન   વ ા વ ુ ં
છ ો ક ર ા ઓ
ન હ ો ત ુ ં   જ ન ્ મ ્ ય ુ ં
ઝ ઘ ડ ી   શ ક વ ુ ં
ન હ ો ત ુ ં   લ ા વ ્ ય ુ ં
અ પ ા ડ ે   છ ે
ન હ ી ં   બ ન ે
ક ળ ી ચ ૂ ન ા ં
ન   શ ક ો
મ ર ત ુ ં   હ ો વ ુ ં
સ મ જ ા વ ો   છ ો
દ ો ર ો   છ ો
ન હ ી ં   ક ર ી એ
પ ડ ઘ ા ઓ
ન   અ પ ા ક ર ્ ષ ુ ં
ન   ઉ થ લ ા વ ે
સ ળ ગ શ ે
હ ગ ે   છ ે
ન ક ા ર વ ુ ં   હ ો વ ુ ં
દ ો ર ી એ   છ ી એ
ન   શ ણ ગ ા ર ો !
ન ો ર ત ા ં ઓ
ન   સ ડ ો
ન હ ો ત ુ ં   પ ડ ્ ય ુ ં
સ મ જ ા વ ુ ં   છ ુ ં
ગ ા ં જ ા
હ ં ક ા ર ુ ં   છ ુ ં
આ ટ ા ઓ
ઝ ઘ ડ ુ ં   છ ુ ં
ન ક ા ર ત ુ ં   હ ત ુ ં
ઉ પ ા ડ ે   છ ે
ન હ ી ં   વ ા ં ચ ુ ં
પ ગ દ ડ ા
ન હ ી ં   જ મ ે
ન હ ી ં   વ ધ ો
બ ો લ ી   શ ક વ ુ ં
ન   દ ો ર ો !
ન   દ ો ર ુ ં
ન   વ ા વ ો
વ ા ં ચ ત ુ ં   હ ો વ ુ ં
બ ો લ ત ુ ં   હ ો ત
સ મ જ ત ુ ં   હ ો વ ુ ં
ઝ ા ડ ા ઓ
ઉ થ લ ા વ શ ે
ક ો ળ ા ં ઓ
ન થ ી   વ િ ચ ા ર ત ુ ં
પ ૈ ડ ા ં
ન હ ો ત ુ ં   આ વ ડ ્ ય ુ ં
થ ૂ ં ક ુ ં   છ ુ ં
ન   સ ા હ િ ત ્ ય ચ ો ર ી એ !
ન ા ચ ુ ં   છ ુ ં
દ ે ડ ક ા ઓ
હ ં ક ા ર ત ુ ં   હ ો વ ુ ં
ન   અ ટ ક ો !
ત ર શ ે
ત ર ત ુ ં   હ ો ત
હ ક ા લ ુ ં   છ ુ ં
વ િ ચ ા ર ી શ
ન હ ી ં   ક ર ુ ં
ન હ ી ં   ત પ ા સ ી એ
ન   ન િ ખ ા ર ે
ન હ ી ં   ઉ પ ા ડ ી એ
વ િ લ ા ય ત ી   મ ી ઠ ે
ર ૂ પ ા ં
ન હ ો ત ુ ં   વ ા વ ્ ય ુ ં
વ ા પ ર ત ુ ં   હ ો ત
ન   આ વ ી એ !
સ ૂ ં ઘ ો   છ ો
ન   ન ા ચ !
ન   ઉ પ ા ડ ે
ક ો ત ર ે   છ ે
ન   થ ૂ ં ક ી એ !
સ ં ત ર ા ં
ગ મ ે   છ ે
ન   થ ૂ ં ક !
ભ ા ળ શ ે
થ ૂ ં ક ત ુ ં   હ ત ુ ં
પ ૂ છ ો   છ ો
ન હ ી ં   હ ક ા લ ુ ં
ન હ ી ં   અ પ ા ડ ુ ં
અ પ ા ક ર ્ ષ ે   છ ે
ન   ખ ે ડ ો !
બ ન ત ુ ં   હ ો ત
બ ો લ ો   છ ો
ન   સ મ જ ે
ન હ ી ં   ઉ થ લ ા વ ે
ઝ ઘ ડ ે   છ ે
ન   બ ગ ડ ુ ં
ન હ ી ં   અ ટ ક ે
જ ઈ એ   છ ી એ
ન હ ી ં   બ ો લ ુ ં
ન   સ ા હ િ ત ્ ય ચ ો ર ે
ન હ ી ં   આ વ ડ ો
ન   અ પ ા ડ ે
અ પ ા ક ર ્ ષ ી એ   છ ી એ
ન   અ ટ ક ી એ
ન હ ી ં   ન િ ખ ા ર ો
ર ા જ ી ન ા મ ા ં
પ ડ ત ુ ં   હ ો વ ુ ં
ન   ડ ર ી એ !
ન   જ મ ે
અ ર ી સ ા ઓ
ન   હ ક ા લ !
આ પ ત ુ ં   હ ો વ ુ ં
ન હ ી ં   સ ૂ ં ઘ ે
ર મ વ ુ ં   હ ો વ ુ ં
ન   ન હ ા ય
થ ૂ ં ક ી   શ ક વ ુ ં
બ ન શ ે
બ ો લ ે   છ ે
જ ન ્ મ ે   છ ે
ન થ ી   શ ક ત ુ ં
ન હ ી ં   મ ર ુ ં
ન હ ા ય   છ ે
ન થ ી   વ ધ ત ુ ં
અ ફ ી ણ િ ય ા ઓ
ન હ ી ં   ઝ ઘ ડ ો
ન   વ ા ં ચ !
વ િ ચ ા ર ી એ   છ ી એ
હ ા ર ે   છ ે
ર ં દ ા ઓ
આ વ ડ ી   શ ક વ ુ ં
ન   વ ા પ ર ે
ક ા ં દ ા ઓ
આ થ મ ત ુ ં   હ ો ત
વ ા વ ી   શ ક વ ુ ં
દ ા ય ક ા ઓ
જ ી વ ન   વ ી મ ે
દ ા ં ત િ ય ા
ન   સ મ જ ો
ર ડ ો   છ ો
હ ગ ુ ં   છ ુ ં
ફ ે ફ સ ા ં ઓ
ઝ ા ં પ ા
સ ડ શ ે
ડ ૂ બ ુ ં   છ ુ ં
ન ડ ત ુ ં   હ ો વ ુ ં
ન   હ ં ક ા ર ી એ !
ચ મ ચ ા
ન હ ી ં   આ મ ળ ી એ
ન   વ ા ં ચ ુ ં
ન   સ ડ ી એ
ન   ર મ ો
ન   જ મ ો !
ન હ ી ં   મ ર ી એ
ન   ખ ે ડ ે
ન   સ મ જ ે
ન હ ી ં   ક ો ત ર ે
ન થ ી   મ ર ત ુ ં
ન   અ પ ા ડ ુ ં
ક ી ડ ા
ન હ ી ં   હ ગ ે
ન   લ ા વ ો !
ખ ે ડ ે   છ ે
ન   ક ો ત ર ો
હ ક ા લ ી   શ ક વ ુ ં
ન હ ી ં   લ ા વ ી એ
ન હ ી ં   હ ં ક ા ર ે
સ ્ વ ી ક ા ર ી શ
ન   ન ડ ી એ !
પ ૂ છ ત ુ ં   હ ો ત
ન   અ પ ા ક ર ્ ષ !
લ ા વ ી એ   છ ી એ
બ ો લ ત ુ ં   હ ો વ ુ ં
શ ક ી   શ ક વ ુ ં
વ ા વ ો   છ ો
ન   હ ગ ો
ન ા ખ વ ુ ં   હ ો વ ુ ં
ન   બ ગ ડ !
ધ ડ ા
ન   ત ર ો
પ ડ ત ુ ં   હ ો ત
ન હ ી ં   વ ા ં ચ ો
ખ ે ડ શ ે
ન   અ પ ા ડ ો !
ન   આ પ ુ ં
ન થ ી   ન ા ચ ત ુ ં
વ િ ચ ા ર ત ુ ં   હ ો વ ુ ં
ન   શ ક ુ ં
ત ર ે   છ ે
સ ા હ િ ત ્ ય ચ ો ર ો   છ ો
ન હ ી ં   જ ન ્ મ ે
મ ે હ ુ લ િ ય ા
લ ા વ શ ે
સ મ જ ા વ ે   છ ે
ન હ ી ં   ઉ થ લ ા વ ુ ં
હ ગ ો   છ ો
દ ો ડ ી એ   છ ી એ
સ ળ ગ ત ુ ં   હ ત ુ ં
ક ો ત ર ત ુ ં   હ ો વ ુ ં
ક ઠ િ ય ા ર ા
ન   સ ળ ગ ો !
અ ઠ વ ા ડ િ ય ા ં
સ મ જ શ ે
ન   વ ા ં ચ ો
ન હ ી ં   આ પ ે
ન હ ી ં   ર ડ ી એ
વ ર ્ ત ી   શ ક વ ુ ં
ન હ ી ં   આ પ ી એ
ન હ ો ત ુ ં   વ િ ચ ા ર ્ ય ુ ં
ચ ૂ ન ા
ન   લ ા વ ી એ !
જ ન ્ મ ી એ   છ ી એ
ન હ ી ં   મ ર ો
જ ન ્ મ ે   છ ે
ન થ ી   જ ત ુ ં
જ મ ત ુ ં   હ ો ત
ન   ત ર ે
પ ૂ છ ત ુ ં   હ ો વ ુ ં
ન   ડ ૂ બ ી એ !
અ ટ ક શ ે
ત પ ા સ ો   છ ો
અ પ ા ક ર ્ ષ ત ુ ં   હ ો વ ુ ં
સ ા બ ુ દ ા ણ ા
ઓ ર ડ ા ઓ
સ મ જ ત ુ ં   હ ો ત
હ ક ા લ ે   છ ે
ન હ ી ં   ન ા ખ ો
ન   હ ં ક ા ર ો !
બ ન ત ુ ં   હ ત ુ ં
બ ગ ડ શ ે
ન હ ી ં   હ ક ા લ ે
સ ં પ ૂ ર ્ ણ પ ણ ા ં
ન   ન ા ખ !
ન   ન ડ ી એ
અ પ ા ડ શ ે
ન   વ ધ ે
ન   જ મ ી એ !
ન હ ી ં   આ વ ે
ન   આ મ ળ ો
ન હ ો ત ુ ં   બ ો લ ્ ય ુ ં
ન   સ ્ વ ી ક ા ર !
ન   હ ા ર ુ ં
ન હ ી ં   ર ડ ે
ઝ ઘ ડ ો   છ ો
ન   ત ર ો !
ન હ ી ં   હ ગ ી એ
ન   ન િ ખ ા ર ી એ !
ન   વ ા પ ર !
ન   બ ો લ ી એ
બ ા ળ   લ ક વ ે
ન   ન ા ખ ો
વ ા વ ુ ં   છ ુ ં
ન   ન ા ચ ો
હ ક ા લ ી એ   છ ી એ
ન ૈ ય ા ં
સ ૂ ં ઘ ી   શ ક વ ુ ં
આ ં ચ ક ા
બ ો લ વ ુ ં   હ ો વ ુ ં
ન   સ ળ ગ ી એ
ન ા ખ ુ ં   છ ુ ં
ન   ઉ પ ા ડ ી એ !
ર ડ શ ે
ગ મ વ ુ ં   હ ો વ ુ ં
વ ધ ુ ં   છ ુ ં
વ ા મ ે   છ ે
ન ા ચ ે   છ ે
