જ ઈ શ
ધ ા ર ા ઓ
ઓ ર ડ ા ઓ
ઝ ા ડ ા ઓ
ઝ ા ં પ ા
પ ી છ ા ં ઓ
અ ર ી સ ા ઓ
ત ક િ ય ા ઓ
આ ટ ા ઓ
ફ ૂ લ ા ં ઓ
ત ડ ક ા
ગ ા ં જ ા
ગ ા ં જ ા ઓ
ક ો ળ ા ં ઓ
ઉ પ ા ડ ી શ
ક ા ં સ ક ા
હ ી ં ચ ક ા ઓ
ન ા હ ા
ક ર વ ૈ ય ા
ક ર વ ૈ ય ા ઓ
ડ ો ક ા ં ઓ
પ ડ ઘ ા ઓ
ઊ ં ટ ડ ા ઓ
ફ ૂ દ ા ં ઓ
વ ા પ ર શ ે
બ ા જ ર ા
ક ો શ ે ટ ા ઓ
ન ૈ ય ા ં ઓ
ન ૈ ય ા ં
દ ે ડ ક ા ઓ
અ ફ ી ણ િ ય ા ઓ
ક ી ડ ા
પ પ ૈ ય ા ં ઓ
સ ૂ ં ઘ શ ે
અ થ ા ણ ા ં
અ થ ા ણ ા ં ઓ
પ ગ દ ડ ા
જ ી વ ડ ા ં ઓ
જ ી ં જ વ ા ઓ
જ ી ં જ વ ા
વ િ ચ ા ર ા ય
પ ૈ ડ ા ં
ચ ં પ ા ઓ
ક ા ં દ ા ઓ
ડ ા ઘ ા
દ ા ય ક ા ઓ
વ િ ચ ા ર ી શ
સ ં ત ર ા ં
ધ ડ ા
છ ો ક ર ા ઓ
જ ી વ ન સ ં ધ ્ ય ા ઓ એ
આ ં ચ ક ા
ર ં દ ા ઓ
ન ા હ ા એ
ન ળ િ ય ા ં
ફ ે ફ સ ા ં ઓ
ર ૂ પ ા ં
પ ે ચ િ ય ા ં
પ ે ચ િ ય ા ં ઓ
ક ઠ િ ય ા ર ા
સ લ ા ડ ા ં ઓ
જ હ ા જ વ ા ડ ા ઓ
મ ા થ ે મ ી ં ડ ા ં ઓ
ટ ો ક ળ ા ઓ
સ ્ વ ી ક ા ર ી શ
ઘ સ િ ય ા
સ ડ શ ે
ર ા જ ી ન ા મ ા ં
અ ઠ વ ા ડ િ ય ા ં
ચ ા ં ચ િ ય ા ઓ
દ ા ં ત િ ય ા
વ ં ટ ો ળ િ ય ા
અ પ ા ડ શ ે
બ ો લ ી શ
પ ર મ િ ય ા
સ મ જ શ ે
મ ે હ ુ લ િ ય ા
સ ા બ ુ દ ા ણ ા
લ ા વ ી શ
લ ા વ શ ે
ચ ે વ ડ ા
ર ડ શ ે
ક ળ ી ચ ૂ ન ા ં
અ ટ ક ી શ
અ ટ ક શ ે
ત ર શ ે
ચ િ ચ ો ડ ા
સ ં પ ૂ ર ્ ણ પ ણ ા ં
ન િ શ ા ળ િ ય ા
ભ ા ળ શ ે
ખ ે ડ શ ે
ઉ થ લ ા વ શ ે
વ ખ ણ ા ય
બ ન શ ે
ચ ૂ ન ા
એ ર ા ં
બ ગ ડ શ ે
સ ળ ગ શ ે
ચ મ ચ ા
ક ૂ ત ર ા એ
છ ત ્ ર ી વ ા જ ુ ં ા ં એ
હ ગ શ ે
વ ા પ ર ે
વ ા પ ર ે
જ શ ે
ડ ર ે
ર ડ ે
મ ર ે
ન   વ ા પ ર ે
મ ર ે
હ ા ર ે
મ ર ી એ
ડ ર ી એ
ઝ ઘ ડ ી શ
એ ર ે
ર મ ે
ન ક ા ર ે
ર ૂ પ ા ં એ
પ ડ ો
વ ા પ ર ુ ં
ર મ ી એ
ન ડ ે
ર મ ે
ન ક ા ર ી એ
અ પ ા ક ર ્ ષ ્ ય ુ ં
ન   વ ા પ ર !
ન   પ ડ ુ ં
ન શ ે
જ મ ી એ
ન શ ે
શ ણ ગ ા ર ે
ર ડ ુ ં
પ ર મ િ ય ે
ર મ ુ ં
હ ા ર ી
ડ ર ુ ં
મ ર ો
ક ર ી એ
મ ર ો
ન હ ી ં   ડ ર ે
છ ા ર ે
એ ર ં ડ િ ય ે
અ પ ા ડ ે
ર મ ક ડ ે
હ ા ર ો
પ ડ જ ો
ર ડ !
હ ા ર ુ ં
ત ર ે
ત ર ે
ન   શ ણ ગ ા ર ે
ન ા ક ે
મ ર ુ ં
શ ણ ગ ા ર ો
ન ો ર ત ા ં ઓ
સ ં પ ૂ ર ્ ણ પ ણ ે
મ ો ર િ ય ે
ત ર ે
આ મ ળ ે
સ ં પ ૂ ર ્ ણ પ ણ ે
આ મ ળ ે
ન   ન ડ ી એ
ન હ ી ં   ક ર ે
ન   આ પ ુ ં
વ ર ્ ત ી એ
આ વ ડ ે
આ વ ડ ી એ
પ ગ દ ડ ે
ન ડ ો
આ મ ળ ે
ન દ ી
ન   પ ૂ છ ી એ
હ ં ક ા ર ો
ન   પ ડ ો !
સ મ જ ે
ન   ત પ ા સ ી એ
થ ૂ ં ક ી એ
આ વ ી એ
ન   ત ર ે
દ ો ર ે
પ ે ચ િ ય ા ં એ
હ ા ર ે   છ ે
વ પ ર ા ય
શ ણ ગ ા ર ી એ
શ ણ ગ ા ર ુ ં
જ ન ્ મ ી એ
સ મ જ ે
ન   અ પ ા ડ ે
ર ડ ી એ !
પ ગ ર ખ ા ં એ
ન   ન ડ ે
હ ગ ુ ં
ડ ા ળ ી એ
ર મ ો
ર ં ગ ર ખ ા ં એ
ન હ ી ં   આ પ ે
એ ર ં ડ િ ય ા
પ ગ ર ખ ે
સ ડ શ ો
ન   આ વ ડ ે
ર ં ગ ર ખ ે
ન   શ ક ુ ં
શ ણ ગ ા ર શ ે
ન ક ા ર ી ન ે
ર ં દ ે
ત ા ર ો
શ ક જ ો
ન   ડ ર ી એ !
હ ં ક ા ર ુ ં
ક ર ી
જ ણ ે
પ ે ચ િ ય ે
ર મ ક ડ ુ ં
દ ી પ ડ ે
ન   હ ા ર ુ ં
જ ડ બ ા ં એ
બ ગ ડ ી એ
ત પ ા સ ે
ન   જ મ ે
પ ર ો ણ ે
વ ા વ ે
ડ ર ા ય
આ પ ી
જ ી વ ન સ ં ધ ્ ય ા એ
શ ણ ગ ા ર ી શ ુ ં
ન હ ી ં   ર ડ ે
જ ણ ે
ન   સ ડ ી એ
ન   સ ળ ગ ી એ
જ ન ્ મ ે
લ ા વ ે
પ ી ં છ ે
આ ટ ે
પ ર ો ણ ે
શ ક ી શ ુ ં
ન હ ી ં   ર ડ ે
વ ા વ ે
સ ડ !
લ ા વ ે
જ ન ્ મ ે
અ પ ા ડ ો
ક ો ળ ે
ન ક ા ર ત ુ ં   હ ત ુ ં
ક ર ુ ં
સ લ ા ડ ે
વ ા મ ુ ં
આ વ ડ ુ ં
ન   સ મ જ ે
હ ા ર ો !
આ પ ી એ !
