ઢ ો ક ળ ે
ધ ા ર ા ઓ
ક ૂ ત ર ા એ
ભ મ ર ડ ા
જ ી ભ ડ ી એ
ન   અ પ ા ક ર ્ ષ ુ ં
અ પ ા ડ ે   છ ે
આ પ શ ે
ડ ા ઘ ા
સ ્ વ ી ક ા ર શ ે
હ ં ક ા ર ુ ં   છ ુ ં
ન   ન ડ ે
ટ ો ક ળ ે
સ ૂ ં ઘ ો   છ ો
ન   વ ા પ ર !
ક ી ડ ા
અ પ ા ક ર ્ ષ વ ુ ં   હ ો વ ુ ં
ન   જ મ ી એ !
ર ડ ુ ં
ઢ ો ક ળ ે
ન   આ મ ળ ો
ઉ પ ા ડ ો !
જ હ ા જ વ ા ડ ે
પ ી છ ે
ક ર ો !
ર ં દ ે
વ ખ ા ણ ે
બ ં બ ે
ઊ ં ટ ડ ા ઓ
સ ળ ગ ો !
ન હ ી ં   આ પ ે
વ ા ં ચ જ ે
સ ં ભ ા ર ણ ા ં ઓ
આ થ મ !
બ ન ત ુ ં   હ ત ુ ં
લ ા વ ી શ
ચ ં પ ા ઓ
સ ં ભ ા ર ણ ે
બ પ ૈ ય ા એ
ન   વ િ ચ ા ર ે
હ ક ા લ વ ા ન ુ ં
ત ર ો
ડ ૂ બ ી શ ુ ં
ટ િ ં ગ ણ િ ય ા
ચ ર ખ ો
ન   પ ડ ુ ં
દ ો ડ ુ ં   છ ુ ં
અ પ ા ક ર ્ ષ ી એ !
ડ ો ક ે
ર ડ ે
શ ે લ ડ ી ઓ એ
ન   આ થ મ ો !
થ ૂ ં ક ી ન ે
બ ો લ ો   છ ો
ન હ ી ં   ઉ પ ા ડ ી એ
ર સ ી ઓ એ
પ ર મ િ ય ા
ડ ા ઘ ા
ન હ ી ં   ત ર ે
ર ડ ્ ય ુ ં
પ ડ છ ા ય ા
ન હ ી ં   ઝ ઘ ડ ુ ં
જ શ ે
શ ણ ગ ા ર ી શ ુ ં
ઝ ઘ ડ ુ ં
ન હ ી ં   બ ન ે
શ ણ ગ ા ર ત ુ ં   હ ો ત
વ ા ં ચ ત ુ ં   હ ો વ ુ ં
અ પ ા ક ર ્ ષ ી એ   છ ી એ
ન ા ક ે
ક ં સ ા ર ે
ક ર શ ો
ન હ ી ં   ક ર ી એ
વ ધ !
ઝ ઘ ડ ે   છ ે
સ ં ઘ ા ડ ે
ન હ ો ત ુ ં   આ વ ડ ્ ય ુ ં
ન   ન ા ખ ી એ !
વ ં ટ ો ળ િ ય ા
પ ર ો ણ ા એ
મ ર ુ ં
અ પ ા ડ ી ન ે
ન   હ ક ા લ !
ન ા હ ા
ન દ ી
ન ા ચ ુ ં
સ ા ગ ુ દ ા ણ ે
પ ી છ ા ં ઓ
ક ચ ક ડ ા
જ મ ી એ
ઉ પ ા ડ ે
ઉ પ ા ડ ી શ
ન   થ ૂ ં ક ી એ !
વ ા ં ચ ે
હ ં ક ા ર ત ુ ં   હ ો વ ુ ં
પ ગ ર ખ ા ં એ
ફ ૂ લ ે
સ ૂ ં ઘ ે
સ મ જ ા વ ી શ
ન   સ મ જ ુ ં
ન ૈ ય ા ં ઓ
મ ે હ ુ લ િ ય ો
ન   ઉ થ લ ા વ !
ન હ ી ં   વ ા ં ચ ો
હ ક ા લ ત
અ પ ા ક ર ્ ષ ્ ય ુ ં
ક ો ત ર ે   છ ે
ત ર ે   છ ે
ઉ પ ા ડ ્ ય ુ ં
એ ર ં ડ િ ય ે
દ ો ર ો   છ ો
બ પ ૈ ય ો
બ ા જ ર ા
ન   ન હ ા ય
ન ો ર ત ા
ત ર વ ા ન ુ ં
ન હ ી ં   ર ડ ે
અ બ ા બ ી લ   લ ટ ો ર ે
ન િ ભ ા ડ ે
ન િ શ ા ળ િ ય ા
સ ળ ગ ી ન ે
હ ં ક ા ર ુ ં
વ ા મ શ ો
અ પ ા ડ શ ે
છ ક ડ ે
થ ા પ ા ઓ
ન   અ પ ા ડ ે
ડ ૂ બ ત
ડ ૂ બ ી
સ ં ત ર ે
ન   જ ણ !
સ ળ ગ ી   શ ક વ ુ ં
સ ં ઘ ા ડ ે
ન સ ક ો ર ે
ન સ ક ો ર ે
ચ ે વ ડ ે
અ પ ા ક ર ્ ષ શ ે
હ ક ા લ ી એ !
જ હ ા જ વ ા ડ ા એ
શ ક ી શ ુ ં
વ ા ં ચ ત ુ ં   હ ત ુ ં
ન   શ ક ો
ત ર ે
હ ા ર ી   શ ક વ ુ ં
ન   દ ો ર ો !
બ ો લ ો
ન   શ ણ ગ ા ર ો !
ભ ા ળ ત ુ ં   હ ત ુ ં
પ થ ્ થ ર મ ા ર ા ઓ
સ ડ ે   છ ે
બ ો લ ત ુ ં   હ ો ત
બ ા જ ર ા એ
ન   ડ ર ી એ !
ક ચ ક ડ ે
ક ર વ ૈ ય ા
ક ૂ ત ર ા
છ ક ડ ે
અ પ ૈ ય ો
વ ા પ ર ે
જ ન ્ મ ે   છ ે
ડ ર ા ય
અ પ ૈ ય ે
પ ૈ ડ ે
વ ા ં ચ ી શ ુ ં
બ ો લ ી   શ ક વ ુ ં
ર મ વ ુ ં   હ ો વ ુ ં
સ ૂ ં ઘ ી   શ ક વ ુ ં
વ ા પ ર શ ે
સ મ જ ો !
થ ૂ ં ક ુ ં   છ ુ ં
ચ િ ચ ો ડ ા એ
વ ા ં ચ જ ો
ન હ ી ં   ન િ ખ ા ર ુ ં
જ ણ ો
સ મ જ ે
બ ો લ ી શ
આ વ ડ ુ ં
ન ા ખ ે
ન હ ી ં   અ ટ ક ે
સ ા હ િ ત ્ ય ચ ો ર શ ો
શ ે લ ડ ી
આ થ મ ત ુ ં   હ ો ત
આ વ ી એ
વ ી જ આ ં ચ ક ે
વ ી જ બ ત ્ ત ી
મ ો જ ા
શ ે લ ડ ી એ
સ ળ ગ જ ે
ન િ ખ ા ર ુ ં
હ ી ં ચ ક ે
હ ં ક ા ર શ ો
ક ે દ ખ ા ન ા ં ઓ
ર ં ગ ર ખ ા ં એ
અ થ ા ણ ા ં ઓ
ઢ ો ક ળ ા
પ થ ્ થ ર મ ા ર ે
ધ ડ ે
અ ટ ક ે
આ ં ચ ક ા
પ ુ સ ્ ત ક મ ે ળ ા ઓ
ચ િ ત ્ ત ા એ
ન િ ખ ા ર જ ો
ફ ે ફ સ ા ં ઓ
ન હ ા ઉ ં
ન શ ો
દ ે ડ ક ા ઓ
પ ડ ત ુ ં   હ ો ત
દ ો ડ ી એ   છ ી એ
લ ા વ ે
છ ા ર ે
ફ ૂ લ ા ં ઓ
ન   અ ટ ક ી એ
વ ા પ ર ત ુ ં   હ ો વ ુ ં
ફ ુ ગ ા વ ે
ન હ ી ં   વ ધ ો
વ ા મ ત ુ ં   હ ો વ ુ ં
સ ં પ ૂ ર ્ ણ પ ણ ા ં
ક ા ન દ ટ ્ ટ ા ઓ
ગ મ ુ ં
ફ ગ િ ય ા
ન   સ ્ વ ી ક ા ર !
ઉ પ ા ડ ી એ
ર ૂ પ ા ં એ
ન થ ી   વ િ ચ ા ર ત ુ ં
ખ ે ડ ત ુ ં   હ ો ત
ર ા જ ી ન ા મ ા ં
હ ં ક ા ર શ ે
હ ુ ં પ ણ ા ં એ
અ ં ગ ૂ ઠ ો
ન ા ચ ુ ં   છ ુ ં
બ ો લ ત ુ ં   હ ો વ ુ ં
દ ો ડ ત
દ ો ર ો
પ ે ચ િ ય ે
ન થ ી   શ ક ત ુ ં
ર ડ ો   છ ો
ન   વ ા ં ચ !
મ ર શ ે
ત પ ા સ ો !
ન   બ ગ ડ !
ન હ ી ં   વ ધ ે
છ ે ક ણ ી એ
વ િ ચ ા ર ુ ં
ખ ે ડ ુ ં
પ ડ ઘ ા ઓ
ઘ સ િ ય ા
પ ે ચ િ ય ા
બ ગ ડ ી એ
હ ા ર ે
થ ૂ ં ક ો
