વ ા વ ત ુ ં   હ ો વ ુ ં
હ ં ક ા ર ત ુ ં   હ ો વ ુ ં
પ ી ળ ા પ ણ ા ં ઓ
હ ા ર ત ુ ં   હ ો ત
ક ર ો
મ હ િ ન ે
બ ન શ ો
આ વ ી એ   છ ી એ
ચ ૂ ં ટ ણ ી ઢ ં ઢ ે ર ે
ચ મ ચ ી એ
ન ા ક ા
ન ા ચ ી એ
ન   ઉ પ ા ડ ે
વ ં ટ ો ળ િ ય ા ઓ
અ પ ા ક ર ્ ષ ત ુ ં   હ ત ુ ં
બ ન ી એ
હ ા ર ે
ન શ ે
અ પ ા ક ર ્ ષ ે
ગ મ ી એ
મ ો જ ે
ન   સ મ જ ા વ ુ ં
ટ ો ક ળ ા
ક ે દ ખ ા ન ા ં એ
પ ી છ ા ં
હ ા ર ો   છ ો
ચ િ ત ્ ત ા ઓ
આ મ ળ ્ ય ુ ં
સ મ જ ા વ ો
ક ા ં ઠ ે
ફ ે ફ સ ા ં ઓ
સ ળ ગ વ ા ન ુ ં
ન   બ ન ી એ !
ન ક ા ર ી શ ુ ં
ન હ ી ં   ઉ પ ા ડ ે
બ ન ી એ   છ ી એ
ન   સ મ જ ા વ ે
વ િ ચ ા ર ત ુ ં   હ ત ુ ં
ન ળ િ ય ા
ન   સ ્ વ ી ક ા ર ે
ન હ ો ત ુ ં   બ ન ્ ય ુ ં
આ ં ક ડ ે
છ ત ્ ર ી વ ા જ ુ ં ા ં ઓ
ખ ે ડ ુ ં
દ ે ડ ક ી
ઉ થ લ ા વ ી શ
વ ા ં ચ ુ ં
બ ં બ ા ઓ
ર ડ ત ુ ં   હ ો વ ુ ં
ત ર ી એ
ખ ે ડ વ ુ ં   હ ો વ ુ ં
વ ા વ જ ે
ન ક ા ર ્ ય ુ ં
ન હ ી ં   ન હ ા ય
છ ત ્ ર ી વ ા જ ુ ં ા
ન   આ પ !
વ ર ્ ત ે
ચ ુ ક ા દ ા
પ ા ક વ ી મ ે
હ ક ા લ જ ે
ચ ૂ ન ે
સ મ ુ દ ્ ર ક ા ં ઠ ા એ
પ ૈ ડ ા ં ઓ
આ થ મ ્ ય ુ ં
બ ગ ડ ી ન ે
ન ડ ી ન ે
ત ર ે
ન થ ી   સ મ જ ત ુ ં
ઘ ો ડ ે
ફ ુ ગ ા વ ા ઓ
ખ ે ડ ુ ં   છ ુ ં
ખ ે લ ા ડ ી
દ ે ડ ક ી એ
જ ી વ ડ ુ ં
અ થ ા ણ ે
છ ૂ ં દ ા ઓ
પ ા ક વ ી મ ા
જ ણ ી એ
અ ગ ન ગ ો ળ ા
ગ મ ી શ
અ બ ા બ ી લ   લ ટ ો ર ા ઓ
ફ ુ વ ા ર ા ઓ
ઊ ં ટ ડ ો
સ મ જ ા વ ્ ય ુ ં
વ ા પ ર ત ુ ં   હ ો વ ુ ં
ન હ ી ં   ક ો ત ર ી એ
પ ્ ય ા લ ે
ર મ ે
આ થ મ જ ો
આ ટ ે
અ ટ ક ો
ઈ ં ટ વ ા ડ ા
હ ા ર ી એ
ચ ર ખ ે
આ ં બ ા વ ા ડ િ ય ે
ન ડ શ ે
વ ધ ા ઈ ઓ
પ ડ છ ા ય ા એ
લ ા વ ુ ં
ક ં સ ા ર ા એ
બ ન !
ન હ ી ં   ર ડ ો
પ ડ ે
ચ ં પ ે
સ ા હ િ ત ્ ય ચ ો ર ે
વ ધ ી   શ ક વ ુ ં
હ ં ક ા ર જ ો
ક ા ં ઠ ો
શ ક ુ ં
ગ મ !
ન હ ી ં   વ િ ચ ા ર ે
ક ો ગ ળ િ ય ા ં એ
વ િ ચ ા ર શ ે
બ ગ ડ ો !
સ ા હ િ ત ્ ય ચ ો ર ી એ !
ન હ ી ં   અ ટ ક ો
ર મ ી ન ે
ઝ ઘ ડ ્ ય ુ ં
અ ટ ક ે   છ ે
ન હ ી ં   ડ ૂ બ ી એ
ન થ ી   સ મ જ ા વ ત ુ ં
વ ી જ બ ત ્ ત ી એ
જ ન ્ મ ુ ં
સ ડ ે
ન ા ખ ે   છ ે
ન હ ા ઓ
ન   સ ડ ે
ન   આ મ ળ ી એ !
હ ા ર શ ે
થ ા પ ા
વ ી જ બ ત ્ ત ી ઓ
અ ર ી સ ે
જ ડ બ ા ં
દ ા ં ત િ ય ો
થ ા ળ ી વ ા જ ા ં એ
પ ી ળ ા પ ણ ા ં
હ ૈ ય ા બ ળ ા પ ો
ન હ ી ં   વ ા વ ી એ
બ ગ ડ ત ુ ં   હ ો ત
આ મ ળ વ ા ન ુ ં
ચ ા દ ા ન ી ઓ
ર ા જ ી ન ા મ ા ં ઓ
બ ો લ !
ન હ ી ં   જ મ ે
ન હ ો ત ુ ં   ન િ ખ ા ર ્ ય ુ ં
આ ં ક ડ ા
ફ ે ફ સ ા ં
લ ા વ ે
થ ા પ ે
જ મ વ ુ ં   હ ો વ ુ ં
સ ૂ ં ઘ ો
હ ૈ ય ા બ ળ ા પ ે
સ મ જ ી શ ુ ં
મ ા ર દ ડ ે
વ ા પ ર ી શ
પ ડ ત ુ ં   હ ો વ ુ ં
ક ો ગ ળ િ ય ે
વ ા ં ચ ્ ય ુ ં
ન   સ ૂ ં ઘ ે
ન હ ી ં   વ િ ચ ા ર ુ ં
ન હ ી ં   ખ ે ડ ે
ર મ જ ો
ન ર ઘ ુ ં
ડ ર ો
સ ડ ા ય
ન   ડ ૂ બ ો
ન ડ ુ ં
જ ન ્ મ વ ા ન ુ ં
બ ા જ ર ા ઓ
જ જ ો
ન િ ખ ા ર ત ુ ં   હ ત ુ ં
સ ં પ ૂ ર ્ ણ પ ણ ુ ં
અ ર ી સ ે
હ ક ા લ ી શ
ન   આ થ મ ે
ચ ે વ ડ ા
ખ ં ભ ા ઓ
ઝ ા ં પ ે
હ ક ા લ ્ ય ુ ં
ન ો ર ત ા ં
ખ ે લ ા ડ ી એ
ન હ ો ત ુ ં   સ ા હ િ ત ્ ય ચ ો ર ્ ય ુ ં
ન હ ી ં   હ ા ર ો
દ ો ર ી   શ ક વ ુ ં
સ સ લ ી એ
એ ર ં ડ િ ય ા ં
ન   સ ્ વ ી ક ા ર ુ ં
બ ન ે
આ મ ળ જ ે
અ ટ ક વ ુ ં   હ ો વ ુ ં
ન   ખ ે ડ ી એ
દ ે ડ ક ે
ચ ર ખ ે
ન થ ી   ઉ થ લ ા વ ત ુ ં
આ વ વ ુ ં   હ ો વ ુ ં
ફ િ ર સ ્ ત ા
પ ી ં છ ુ ં
ઈ ં ટ વ ા ડ ે
અ પ ા ડ ી એ
ખ ે ડ ે
ન   અ ટ ક ે
ન   લ ા વ ે
સ મ જ ત ુ ં   હ ત ુ ં
અ પ ૈ ય ા ઓ
જ ડ બ ે
ત ા વ ડ ી વ ા જ ે
ત પ ા સ શ ે
ન   બ ન !
ક ો શ ે ટ ે
ડ ા ઘ ે
ન હ ી ં   હ ં ક ા ર ો
આ થ મ ી
ક ો ત ર ત ુ ં   હ ો ત
ન હ ી ં   બ ગ ડ ે
થ ૂ ં ક ી શ ુ ં
વ ા પ ર ્ ય ુ ં
પ પ ૈ ય ે
વ ધ ુ ં
થ ા ળ ી વ ા જ ા
સ ્ વ વ ી મ ા એ
હ ો વ ા પ ણ ે
અ પ ા ક ર ્ ષ જ ે
વ ા વ ત
ખ ે ડ વ ા ન ુ ં
ન ચ વ ૈ ય ા
સ ડ ી એ !
બ ગ ડ ી એ
ન   અ પ ા ક ર ્ ષ ે
આ વ ે
ન ળ િ ય ે
વ ખ ા ણ વ ુ ં   હ ો વ ુ ં
સ ળ ગ ો
ન હ ી ં   ન ા ચ ે
મ ા ર દ ડ ા એ
હ ં ક ા ર ત
આ થ મ ુ ં
ખ ે ડ ી
ઉ ટ ા ં ટ િ ય ા ં
ઢ ગ ર ે
થ ૂ ં ક ે
ન હ ી ં   વ ખ ા ણ ી એ
બ ગ ડ વ ુ ં   હ ો વ ુ ં
ન હ ા ઈ શ
ન ક ા ર ુ ં
ન હ ા ય   છ ે
ન હ ી ં   મ ર ે
ન હ ી ં   ડ ર ે
ન હ ા ય
ન િ ખ ા ર ો
ન   ર મ ે
ન ા ખ ત ુ ં   હ ત ુ ં
હ ો વ ા પ ણ ે
ન   બ ો લ ે
જ ી ં જ વ ે
ચ ા ડ િ ય ે
ન   પ ૂ છ ો !
પ ડ ત ુ ં   હ ત ુ ં
વ િ જ ે ત ા
હ ુ ં પ ણ ા ં
વ ા વ ા ઝ ો ડ ા ં એ
ન   ગ મ ો !
જ ી વ ડ ા
છ ત પ ં ખ ા ઓ
ભ મ ર ડ ો
ઉ પ ા ડ ો
ન   ન હ ા ય
ડ ર ુ ં   છ ુ ં
પ ડ ુ ં
સ ૂ ં ઘ ે   છ ે
વ ા વ ા ઝ ો ડ ે
થ ા ળ ી વ ા જ ે
ન થ ી   અ ટ ક ત ુ ં
ફ િ ર સ ્ ત ા એ
મ ર જ ે
ન હ ા ઈ શ ુ ં
ધ ં ધ ા ઓ
ભ ા ળ ી એ
મ ે હ ુ લ િ ય ા એ
ગ વ ૈ ય ા ઓ
વ ા વ ત ુ ં   હ ો ત
ન   હ ા ર ી એ !
ન હ ી ં   જ ઈ એ
ન   ન ક ા ર ી એ !
ક ા ં દ ો
જ ી ં જ વ ા
શ ક ્ ય ુ ં
આ ં ક ડ ા ઓ
ચ મ ચ ી ઓ એ
ન ૈ ય ા
વ ા પ ર શ ે
અ ગ ન ગ ો ળ ા
ચ ા મ ા ચ ી ડ િ ય ા ં ઓ
વ ખ ા ણ જ ે
ત ા ર ા
ન   સ ા હ િ ત ્ ય ચ ો ર !
આ ં ચ ક ે
પ ડ ે   છ ે
ન   વ ા પ ર ે
ન હ ી ં   ન ા ચ ો
ન િ ખ ા ર ી શ
ન   જ ણ ે
હ ા ર વ ુ ં   હ ો વ ુ ં
ખ ે ડ ી   શ ક વ ુ ં
ન હ ી ં   પ ડ ે
ન થ ી   ન ડ ત ુ ં
સ ળ ગ ત ુ ં   હ ો વ ુ ં
પ ર ો ણ ા
હ ગ ી એ
ન હ ી ં   ત પ ા સ ે
દ ી ં ટ ે
ઝ ઘ ડ ી ન ે
ન શ ા એ
પ ૂ છ ે   છ ે
પ ર બ ી ડ િ ય ે
સ ા હ િ ત ્ ય ચ ો ર ી એ
ક ળ ી ચ ૂ ન ા ં એ
છ ા ર ા
સ ો ન ે
ર ં ગ ર ખ ા ં ઓ
અ ટ ક ો   છ ો
સ ો ન ુ ં
ન ડ ો
પ ડ ે
ડ ા ળ ી ઓ એ
ન હ ી ં   વ ર ્ ત ે
ત પ ા સ વ ા ન ુ ં
પ ર બ ી ડ િ ય ા ં
ન ા ચ ત ુ ં   હ ો વ ુ ં
ન   ક ો ત ર ુ ં
ર ો ક ડ િ ય ે
ન િ શ ા ળ િ ય ા ં ઓ
દ ા ં ત િ ય ે
ર મ ો
ઓ ર ડ ા
હ ગ શ ો
મ ો જ ે
ન હ ી ં   સ મ જ ે
ન હ ો ત ુ ં   ઉ પ ા ડ ્ ય ુ ં
આ થ મ ી શ
ન હ ો ત ુ ં   ત ર ્ ય ુ ં
વ ખ ા ણ ો !
સ ા ગ ુ દ ા ણ ા ઓ
ર ૂ પ ા ં ઓ
પ ી ણ ા ં એ
ન   આ વ ડ ે
ન હ ા ત ુ ં   હ ો વ ુ ં
પ ર બ ી ડ િ ય ા ં એ
ઝ ઘ ડ જ ો
વ ર ્ ત ી એ !
ન   શ ક ી એ !
ન   બ ગ ડ ો !
ઝ ઘ ડ ો
ઝ ા ં પ ા ઓ
અ ઠ વ ા ડ િ ય ે
થ ા ળ ી ઓ એ
સ ૂ ં ઘ ી
વ િ લ ા ય ત ી   મ ી ઠ ુ ં
જ ડ બ ા ં ઓ
હ ર ા ય
ન હ ી ં   ઉ થ લ ા વ ે
વ ી જ આ ં ચ ક ા ઓ
ન ચ વ ૈ ય ે
ત પ ા સ ો
મ ા થ ે મ ી ં ડ ા ં ઓ
ચ ં પ ે
સ ૂ ં ઘ ી એ
ઊ ં બ ર ો ે
ક ો ગ ળ િ ય ા ં ઓ
ન થ ી   બ ગ ડ ત ુ ં
ન સ ક ો ર ા ં
વ ં શ ા વ ળ ી ઓ
ઘ ો ડ ી
ન ા વ ણ િ ય ા ં ઓ
ઈ ં ટ વ ા ડ ો
અ બ ા બ ી લ   લ ટ ો ર ો
ન હ ી ં   આ થ મ ો
ન હ ી ં   સ ા હ િ ત ્ ય ચ ો ર ે
બ ર ફ ગ ો ળ ો
ચ મ ચ ા ઓ
અ ટ ક ે
ચ ૂ ં ટ ણ ી ઢ ં ઢ ે ર ા
ત ા વ ડ ી વ ા જ ા ં ઓ
પ ડ ી ન ે
ભ મ ર ડ ા ઓ
જ ણ ી
ઘ ો ડ ા
ન   પ ડ ે
બ ગ ડ શ ો
જ ણ ો
સ ં ઘ ા ડ ા
ર ડ ત ુ ં   હ ો ત
આ વ ડ ી શ
ઉ પ ા ડ ુ ં
વ િ ચ ા ર શ ો
સ ં ભ ા ર ણ ા ં એ
ન હ ી ં   સ ૂ ં ઘ ી એ
ઉ થ લ ા વ ત
વ ં ટ ો ળ િ ય ા એ
પ ી ળ ા પ ણ ા
સ ુ ફ ર િ ય ે
સ ા મ ો
ફ ુ વ ા ર ે
જ ી વ ન સ ં ધ ્ ય ા
બ ન ો
ત પ ા સ !
દ ો ર જ ે
સ મ જ ા વ શ ો
એ ર ા ં ઓ
ચ મ ચ ા ઓ
દ ો ડ ી એ
ભ ા ળ ી એ
ત પ ા સ વ ુ ં   હ ો વ ુ ં
અ ટ ક !
જ મ શ ે
દ ો ર ુ ં   છ ુ ં
ન ડ જ ો
ક ર ે   છ ે
ફ ૂ દ ા ં
ન થ ી   ન ા ખ ત ુ ં
આ મ ળ ત ુ ં   હ ત ુ ં
ધ િ ર ા ણ   વ ી મ ે
આ મ ળ ે
પ ત ં ગ િ ય ા ં
સ ા હ િ ત ્ ય ચ ો ર ી
ખ ં ભ ા એ
ન િ શ ા ળ િ ય ા ં એ
ન હ ા શ ે
ન   વ ા વ ો !
વ ા મ ત ુ ં   હ ત ુ ં
ચ મ ચ ી ઓ
અ પ ા ડ ી એ   છ ી એ
સ ૂ ં ઘ વ ા ન ુ ં
અ ટ ક ત ુ ં   હ ો વ ુ ં
ન   ભ ા ળ ે
ન ડ ે   છ ે
ક ો શ ે ટ ા એ
થ ૂ ં ક ો
હ ગ ી શ
સ મ જ ા વ ી એ !
ન િ ખ ા ર ી   શ ક વ ુ ં
ઘ સ િ ય ે
ન હ ી ં   અ ટ ક ી એ
હ ા ડ ક ા ં
આ ં ચ ક ા ઓ
ન હ ી ં   જ ઉ ં
ભ ા ળ ી શ ુ ં
છ ો ક ર ા ં એ
ગ ો ળ ો
વ ી મ ે
ત ર ો !
ન હ ી ં   આ મ ળ ો
આ વ ્ ય ુ ં
બ ં બ ા ઓ
હ ં ક ા ર ી ન ે
આ વ જ ે
સ સ લ ી
પ ર ો ણ ો
અ પ ા ક ર ્ ષ ી શ
ઘ સ િ ય ે
વ ા મ ી એ   છ ી એ
વ ા વ ી
જ !
સ ા હ િ ત ્ ય ચ ો ર ો !
સ ૂ ં ઘ ત ુ ં   હ ો વ ુ ં
વ ા મ ્ ય ુ ં
ન ા ચ ી
ન   સ ૂ ં ઘ ી એ !
શ ક શ ે
ન   હ ગ ે
વ ા ં ચ ુ ં
થ ા ળ ી વ ા જ ા ં
ન હ ા ઉ ં   છ ુ ં
ત પ ા સ ્ ય ુ ં
ર ડ ી શ
ચ ા દ ા ન ી
વ ધ ી શ
ખ ે ડ જ ો
ન ા ચ ી ન ે
ગ મ ે   છ ે
જ ડ બ ે
ભ ા વ વ ધ ા ર ા ઓ
ન હ ી ં   વ ા ં ચ ે
ઘ ો ડ ા એ
ન સ ક ો ર ા ં એ
દ ા ં ત િ ય ા ઓ
ધ ા ર ા
ભ ા વ વ ધ ા ર ા
ઉ ટ ા ં ટ િ ય ા ં ઓ
બ ન શ ે
ન   ત પ ા સ ી એ !
બ ા ળ   લ ક વ ા એ
પ ી ણ ે
હ ક ા લ ી એ
અ ર ી સ ો
વ ા ં ચ ી એ !
છ ે ક ણ ી
ન   પ ૂ છ ે
જ ણ ી શ
શ ક ત
લ ા વ ત ુ ં   હ ો ત
ન હ ી ં   ગ મ ે
બ ગ ડ ી શ
પ ૂ છ ી   શ ક વ ુ ં
દ ો ડ ી એ !
અ ટ ક ા ય
ક ો ત ર ી એ   છ ી એ
વ ધ શ ે
બ ો લ ુ ં   છ ુ ં
ન   સ ા હ િ ત ્ ય ચ ો ર ી એ
જ ણ ુ ં
આ મ ળ ત ુ ં   હ ો ત
ત પ ા સ ત ુ ં   હ ત ુ ં
જ ણ ુ ં   છ ુ ં
અ ટ ક ો !
અ છ ૂ ત પ ણ ા ં ઓ
સ મ જ ા વ શ ે
જ ણ ત ુ ં   હ ો વ ુ ં
શ ે ર ડ ી
અ બ ા બ ી લ   લ ટ ો ર ા એ
જ ડ બ ા ં ઓ
સ ળ ગ ી એ
વ ા વ ા ઝ ો ડ ે
ગ મ શ ે
જ ન ્ મ ે
ઓ ર ડ ે
ન દ ી ઓ
ન ડ ે
ન હ ો ત ુ ં   વ ધ ્ ય ુ ં
ધ ર ત ી એ
ન હ ી ં   ગ મ ો
ન હ ી ં   ઉ થ લ ા વ ો
હ ગ વ ુ ં   હ ો વ ુ ં
ત ા વ ડ ી વ ા જ ા ં
સ ં ત ર ુ ં
વ િ ચ ા ર વ ા ન ુ ં
ન   શ ક ી એ
દ ે ડ ક ો
ઊ ં બ ર ો ે
શ ક ી એ
હ ગ જ ે
પ ૈ ડ ા
ઝ ઘ ડ ી એ
ન હ ી ં   ઝ ઘ ડ ી એ
શ ણ ગ ા ર ો   છ ો
વ ા વ ી એ   છ ી એ
ઝ ઘ ડ ો !
ન ા ચ ત ુ ં   હ ત ુ ં
ક ર ત
આ વ ી શ
ન   ક ો ત ર ે
ન હ ી ં   જ મ ી એ
સ ો ન ા
સ ૂ ં ઘ ુ ં   છ ુ ં
ર સ ી એ
સ મ જ ા વ !
ન   બ ો લ ી એ !
મ ી ઠ ા વ ે ર ા એ
જ મ ી એ !
ક ચ ક ડ ા ં ઓ
ન થ ી   ખ ે ડ ત ુ ં
ન ખ ા ય
ઊ ં ટ ડ ા
ન ા વ ણ િ ય ા ં એ
હ ગ ી શ
ન   અ ટ ક ી એ !
ન ા ચ ્ ય ુ ં
વ ા ં ચ ે
જ ણ ત ુ ં   હ ત ુ ં
સ ો ન ે
ન   વ ા ં ચ ી એ !
ન   શ ક ો !
ર ડ ો
બ ગ ડ ા ય
વ ા વ ે
ક ો ત ર ી એ
ર ો ક ડ િ ય ા
વ ધ ા ઈ ઓ
પ પ ૈ ય ા ં
ત પ ા સ ો
ન હ ો ત ુ ં   હ ા ર ્ ય ુ ં
જ ઓ   છ ો
બ ો લ ી એ
ઝ ઘ ડ જ ે
ખ ટ ા ર ે
ન હ ા ય
ડ ૂ બ ત ુ ં   હ ો વ ુ ં
બ ા ં ક ડ ા ઓ
ન હ ી ં   અ ટ ક ુ ં
ન ડ ત
વ ી જ આ ં ચ ક ા
ભ ા વ વ ધ ા ર ે
જ ઓ
હ િ ં ડ ો ળ ા
ન   દ ો ર ો
ભ ા ળ ુ ં   છ ુ ં
આ પ વ ા ન ુ ં
ચ િ ત ્ ત ા ઓ
ન ડ ી શ
ક ળ ી ચ ૂ ન ે
મ ા થ ે મ ી ં ડ ે
ન હ ી ં   ત ર ુ ં
સ મ જ ી શ
ટ ા મ ે ટ ા ં ઓ
સ ૂ ં ઘ ી એ !
થ ૂ ં ક ત ુ ં   હ ો વ ુ ં
દ ો ડ ી   શ ક વ ુ ં
ટ ો પ લ ી દ ડ ા ઓ
ત પ ા સ ે
ન થ ી   પ ડ ત ુ ં
ફ ૂ લ ા
જ ી વ ડ ે
ગ વ ૈ ય ે
ન હ ી ં   આ વ ડ ુ ં
વ ા પ ર જ ો
ચ હ ે ર ે
ન હ ી ં   ગ મ ે
આ વ ડ ત ુ ં   હ ો વ ુ ં
ચ ે લ ી ઓ એ
દ ે ડ ક ે
વ ખ ા ણ જ ો
ન ા ચ ે
ક ઠ િ ય ા ર ે
પ ત ં ગ િ ય ે
ઉ ટ ા ં ટ િ ય ે
ન   જ ન ્ મ ુ ં
વ િ ચ ા ર વ ુ ં   હ ો વ ુ ં
ર ડ ત ુ ં   હ ત ુ ં
ડ ા ળ ી ઓ
દ ો ડ વ ુ ં   હ ો વ ુ ં
ન ક ા ર ો !
અ ફ ી ણ િ ય ે
ચ ર ખ ે
મ ચ ુ ં ગ ે
ક ં સ ા ર ો
શ ણ ગ ા ર ે
ર ા જ ી ન ા મ ા ં ઓ
ચ ા મ ા ચ ી ડ િ ય ા ં ઓ
ડ ો ક ુ ં
ર મ ો !
ન દ ી ઓ એ
વ ચ ગ ા ળ ા
પ ૂ છ ુ ં
ન હ ા !
વ ા ં ચ ો !
ન   ત ર ે
દ ો ડ ે
અ પ ા ડ શ ો
બ ન ે
ન હ ી ં   બ ગ ડ ી એ
વ િ ચ ા ર ે   છ ે
સ ા મ ે
ન   થ ૂ ં ક ો
ન હ ો ત ુ ં   આ વ ્ ય ુ ં
હ િ ં ડ ો ળ ા ઓ
ન   ન ા ખ ુ ં
વ ા પ ર ી   શ ક વ ુ ં
પ ી ં છ ા
પ ૂ છ ે   છ ે
શ ણ ગ ા ર ી ન ે
સ ્ વ ી ક ા ર વ ા ન ુ ં
વ ા ં ચ ે
ઊ ં બ ર ો ો
ઘ ર વ ે ર ા ઓ
ક ો ળ ે
ગ મ ત ુ ં   હ ો વ ુ ં
સ ડ વ ા ન ુ ં
આ વ ત ુ ં   હ ો વ ુ ં
ન દ ી ઓ
વ ં શ ા વ ળ ી એ
હ ં ક ા ર ે   છ ે
ર મ ક ડ ે
આ ં ક ડ ા ઓ
ર ૂ પ ુ ં
સ ડ ે   છ ે
મ હ િ ન ો
મ ર ત ુ ં   હ ો વ ુ ં
ર મ ે   છ ે
હ ુ ં પ ણ ા ં ઓ
વ ખ ા ણ !
પ ટ ો ળ ા ં ઓ
વ ચ ગ ા ળ ા ઓ
છ ત ્ ર ી વ ા જ ુ ં ે
આ ં બ ા વ ા ડ િ ય ા ં ઓ
ન હ ી ં   ખ ે ડ ે
ન સ ક ો ર ા ં ઓ
વ ા વ ા ઝ ો ડ ે
ર ડ ે   છ ે
હ ુ ં પ ણ ે
ફ ગ િ ય ા
ન હ ી ં   ન ડ ી એ
ન   ન ા ચ ુ ં
જ ી ં જ વ ા એ
ર મ ત ુ ં   હ ત ુ ં
ન ા ખ શ ે
ન િ ખ ા ર ે   છ ે
પ ૂ છ ી શ
ઉ ટ ા ં ટ િ ય ુ ં
મ ા થ ે મ ી ં ડ ે
અ ફ ી ણ િ ય ે
સ ા મ ા
જ ઈ શ
આ મ ળ ો   છ ો
ક ર ા ય
જ ઈ ન ે
ન ા ચ જ ે
લ ા વ ત ુ ં   હ ો વ ુ ં
જ ી વ ન   વ ી મ ે
છ ે ક ણ ી ઓ
પ ી ળ ા પ ણ ુ ં
આ વ ુ ં
ન િ ખ ા ર વ ા ન ુ ં
ચ ે લ ા ં ઓ
જ ણ ી એ !
ક ો ત ર ી
ન   આ થ મ !
ન   ક ર ુ ં
ર ડ ે
ન હ ી ં   વ િ ચ ા ર ી એ
ન   જ ન ્ મ ો !
બ ગ ડ ી એ   છ ી એ
ઝ ઘ ડ ી એ
આ વ ડ ે   છ ે
હ ગ ુ ં
ચ ા દ ા ન ી ઓ
ન   વ ર ્ ત ી એ !
અ પ ા ડ વ ા ન ુ ં
ક ર ી શ
ગ વ ૈ ય ા
ચ િ ત ્ ત ે
ર ો ક ડ િ ય ા ઓ
ન િ ભ ા ડ ે
સ ા ગ ુ દ ા ણ ા
હ ં ક ા ર ો   છ ો
ઝ ા ં પ ા ઓ
પ ૈ ડ ા ં ઓ
ન   ઉ થ લ ા વ ી એ
ક ો ત ર ે
આ પ શ ે
અ ટ ક ી એ
મ ચ ુ ં ગ ા
બ ા જ ર ે
હ ક ા લ ી ન ે
વ ા પ ર ી એ
ચ ં પ ા એ
જ ી ં જ વ ા ઓ
ન હ ો ત ુ ં   હ ં ક ા ર ્ ય ુ ં
ભ ા ળ ો   છ ો
ડ ર ી શ ુ ં
સ ા ગ ુ દ ા ણ ે
વ િ ચ ા ર ત ુ ં   હ ો ત
હ ા ર જ ે
ન ા ખ ે
વ િ ચ ા ર ો
આ પ ે   છ ે
ન   ભ ા ળ ી એ
બ ગ ડ ો   છ ો
ધ ડ ા
ફ ગ િ ય ા ઓ
ચ ુ ક ા દ ા ઓ
ન ક ા ર ી
વ ચ ગ ા ળ ે
ન હ વ ા ય
ક ર ુ ં
ન   હ ગ ી એ !
ટ ા મ ે ટ ા
બ ા ં ક ડ ા
ચ ે વ ડ ા એ
ર ડ ી શ ુ ં
આ પ !
વ ધ ા ઈ ઓ એ
દ ા ં ત િ ય ા ઓ
બ ન ી
ન   હ ગ ુ ં
દ ે ડ ક ી ઓ
મ ી ઠ ુ ં
ન િ ખ ા ર ત ુ ં   હ ો ત
વ ા ં ચ ત ુ ં   હ ો ત
દ ો ડ ી ન ે
સ ં પ ૂ ર ્ ણ પ ણ ા ં ઓ
ત ક િ ય ે
ન હ ી ં   ન હ ા ઉ ં
ઢ ગ ર ા ં ઓ
લ ા વ ો
ક ર ો
ક ળ ી ચ ૂ ન ા
અ પ ા ડ ી શ
ર મ વ ા ન ુ ં
મ ા ં ડ વ ા ઓ
થ ા પ ે
પ ી ળ ા પ ણ ે
ક ર !
સ મ જ ા વ વ ુ ં   હ ો વ ુ ં
આ થ મ ત
ન ા ચ વ ા ન ુ ં
ન ા ચ ત ુ ં   હ ો ત
સ ડ ુ ં
ન   સ ડ ે
ઉ પ ા ડ ત ુ ં   હ ો ત
ન હ ી ં   વ ર ્ ત ી એ
ઉ પ ા ડ ુ ં   છ ુ ં
ન ક ા ર ી શ
ન હ ી ં   સ મ જ ા વ ે
સ ્ વ ી ક ા ર !
ગ મ ી શ ુ ં
ચ ૂ ં ઈ ઓ
દ ો ર ત
ઘ સ િ ય ા ઓ
ન હ ી ં   શ ક ે
મ ા થ ે મ ી ં ડ ુ ં
પ થ ્ થ ર મ ા ર ે
ન દ ી એ
ન ર ઘ ે
વ ા વ જ ો
ચ ા મ ા ચ ી ડ િ ય ે
વ ા પ ર ો
ધ િ ર ા ણ   વ ી મ ા એ
ક ા ન દ ટ ્ ટ ા ઓ
મ ર ી ન ે
સ ૂ ં ઘ ત ુ ં   હ ત ુ ં
ક ર જ ો
ક ો ત ર વ ા ન ુ ં
અ છ ૂ ત પ ણ ા ં ઓ
સ ૂ ં ઘ ુ ં
અ પ ા ડ ત ુ ં   હ ત ુ ં
ન િ ખ ા ર ુ ં   છ ુ ં
મ ી ઠ ે
ર ડ વ ા ન ુ ં
ન   સ મ જ ો !
બ ા ળ   લ ક વ ે
ન ર ગ ો ટ ો
હ ી ં ચ ક ે
જ ણ ી ન ે
પ ડ ી શ
ત ા વ ડ ી વ ા જ ુ ં
ત ક િ ય ે
બ ર ફ ગ ો ળ ા
ર ં દ ે
શ ણ ગ ા ર ત ુ ં   હ ો વ ુ ં
ન થ ી   જ મ ત ુ ં
ફ િ ર સ ્ ત ે
ડ ા ળ ી ઓ
દ સ ક ો
એ ર ા ં એ
સ ડ ી શ ુ ં
જ મ ી એ
ન ડ ી   શ ક વ ુ ં
પ ે ચ િ ય ે
વ ં ચ ા ય
વ ધ શ ો
વ િ ચ ા ર ત
અ ફ ી ણ િ ય ા
ત ર ા ય
આ ં ચ ક ે
વ ી જ બ ત ્ ત ી એ
ન થ ી   ર ડ ત ુ ં
સ ા હ િ ત ્ ય ચ ો ર ્ ય ુ ં
જ ન ્ મ ુ ં
ક ળ ી ચ ૂ ન ે
સ ળ ગ !
આ પ શ ો
મ ી ઠ ા ં
મ ા ર દ ડ ે
હ ા ર શ ે
ન ક ા ર ી એ
પ ૂ છ જ ે
અ ટ ક ત
ત ર ી શ
ઉ થ લ ા વ ો   છ ો
ન હ ી ં   જ મ ો
મ ો ર િ ય ા ઓ
સ ો ન ા ં ઓ
ક ો ળ ા ં
ખ ં ભ ે
ઉ થ લ ા વ ે
હ ગ ો
ઉ પ ા ડ શ ે
ઊ ં ટ ડ ા
સ ળ ગ ુ ં
ન   સ ૂ ં ઘ ી એ
લ ા વ ુ ં   છ ુ ં
ડ ા ઘ ા એ
ચ ા ડ િ ય ા ઓ
સ લ ા ડ ુ ં
ન હ ી ં   વ ા મ ે
ન   ડ ર ો !
ઝ ા ં પ ો
વ ા વ ે   છ ે
સ મ ુ દ ્ ર ક ા ં ઠ ે
ત પ ા સ ી   શ ક વ ુ ં
બ જ વ ૈ ય ે
જ ણ ો   છ ો
ન હ ી ં   અ પ ા ક ર ્ ષ ો
ન હ ી ં   ડ ર ો
સ ્ વ ી ક ા ર ુ ં
મ ર ુ ં   છ ુ ં
ન   વ ધ !
ન હ ો ત ુ ં   દ ો ર ્ ય ુ ં
ન   ન ડ ો !
ન ા વ ણ િ ય ા
ફ ે ર િ ય ા
ન   હ ા ર !
ન હ ી ં   શ ક ુ ં
જ ઈ શ ુ ં
ક ા ં દ ા
પ ડ ુ ં
ન ડ ે
ક ચ ક ડ ા ં ઓ
બ જ વ ૈ ય ા
બ ન ે   છ ે
અ પ ા ડ ા ય
ન   વ ા પ ર ી એ !
ઝ ઘ ડ ુ ં
ન   ભ ા ળ ો
અ ટ ક ી   શ ક વ ુ ં
ઊ ં બ ર ો ા ઓ
હ ક ા લ ત ુ ં   હ ો ત
ન   આ પ ો
અ ટ ક જ ો
ન   ડ ૂ બ !
વ ા મ ુ ં   છ ુ ં
ન   બ ન ે
જ ન ્ મ ત
દ ી ં ટ ે
દ ો ર ે   છ ે
ન   ત પ ા સ ે
જ ઓ
ન ક ા ર ા ય
ન   સ મ જ ા વ ો !
ન   વ ા મ ે
થ ૂ ં ક ત ુ ં   હ ો ત
સ ્ વ ી ક ા ર ે
ર ડ ે
વ ા ં ચ ી   શ ક વ ુ ં
વ ા વ ે
જ મ ત ુ ં   હ ો વ ુ ં
ન હ ી ં   વ ા પ ર ો
લ ા વ ે
ક ો ત ર શ ે
ન હ ી ં   ડ ૂ બ ે
ભ ા ળ ો
ધ ા ર ા
ઝ ઘ ડ વ ા ન ુ ં
થ ૂ ં ક ી એ !
ખ ે ડ ી ન ે
ચ મ ચ ી
શ ક ુ ં
ડ ો ક ા ં એ
વ ખ ા ણ ી
ન હ ી ં   ગ મ ી એ
સ મ જ ા વ ી ન ે
મ ા ં ડ વ ા ઓ
ડ ૂ બ ે
વ ી જ આ ં ચ ક ો
ન   ર મ ી એ
ન   વ ા ં ચ ે
ગ વ ૈ ય ા ઓ
સ ડ ્ ય ુ ં
ભ ા ળ ે
આ વ ડ ી શ
સ ા હ િ ત ્ ય ચ ો ર ે
શ ક ત ુ ં   હ ત ુ ં
ન   દ ો ર ી એ
સ ્ વ ી ક ા ર ી   શ ક વ ુ ં
વ ા મ ી એ !
ર મ ી શ ુ ં
વ ા વ ા ઝ ો ડ ુ ં
જ ન ્ મ ત ુ ં   હ ત ુ ં
ર ૂ પ ે
ન   ર મ !
ન   ન હ ા !
આ વ ડ ી શ ુ ં
સ ળ ગ ુ ં
ન   વ ર ્ ત ો !
ન િ ખ ા ર ત ુ ં   હ ો વ ુ ં
વ ખ ા ણ ુ ં
ગ મ શ ો
ન ા ખ ે   છ ે
ન હ ી ં   લ ા વ ે
ખ ે વ ૈ ય ા
સ ૂ ં ઘ ત
ન હ ી ં   ન ા ખ ી એ
પ ી ય ો
ન હ ો ત ુ ં   વ ા મ ્ ય ુ ં
વ િ ચ ા ર જ ો
ન   ન િ ખ ા ર ો
આ વ ડ વ ુ ં   હ ો વ ુ ં
ન   ડ ર ી એ
ન   વ ા પ ર ુ ં
ત ર ી
ફ ુ ગ ા વ ે
ક ચ ક ડ ે
બ ો લ શ ો
ન હ ી ં   પ ડ ુ ં
ક ા ન દ ટ ્ ટ ા
ક ા ન દ ટ ્ ટ ો
ન હ ી ં   ર ડ ુ ં
ફ ગ િ ય ે
ર સ ી ઓ
ન   થ ૂ ં ક ો !
સ મ જ ા વ ુ ં
ન હ ી ં   ડ ૂ બ ે
પ ૈ ડ ા ં એ
ન   વ ા મ ો
ન હ ો ત ુ ં   ન ા ચ ્ ય ુ ં
ન   ર ડ ી એ !
ન   ખ ે ડ !
ન ૈ ય ા ં એ
ઢ ો ક ળ ા ં ઓ
બ ં બ ે
ન હ ી ં   પ ડ ે
ન હ ી ં   આ પ ે
મ ર ત
ર ં દ ા
ટ િ ં ગ ણ િ ય ે
ન હ ો ત ુ ં   હ ગ ્ ય ુ ં
ન હ ી ં   બ ન ી એ
પ ગ ર ખ ે
ર મ ક ડ ા ં એ
ક ા ં દ ે
ન   વ ા ં ચ ો !
અ પ ૈ ય ે
ન હ ી ં   હ ગ ુ ં
સ ં ત ર ા ં એ
દ ે ડ ક ી ઓ એ
ઉ પ ા ડ શ ે
ન   અ ટ ક ો
મ ર વ ુ ં   હ ો વ ુ ં
જ મ ી
ગ મ ે
બ ો લ ી એ !
સ મ જ ા વ ત ુ ં   હ ો વ ુ ં
વ ધ ત ુ ં   હ ત ુ ં
ન ા ક ા ં ઓ
અ ફ ી ણ િ ય ા
ન ક ા ર ો
ન શ ા ઓ
ન હ ી ં   ર મ ે
બ જ વ ૈ ય ો
ક ી ડ ા ઓ
સ ા બ ુ દ ા ણ ા
પ ડ ી એ
ફ િ ર સ ્ ત ા ઓ
ન િ ખ ા ર ત ુ ં   હ ો વ ુ ં
ખ ં ભ ા ઓ
ન   આ મ ળ ે
ચ ા દ ા ન ી ઓ એ
પ ડ ી   શ ક વ ુ ં
શ ક ે
ચ ા ં ચ િ ય ા
ન હ ો ત ુ ં   સ ્ વ ી ક ા ર ્ ય ુ ં
જ વ ુ ં   હ ો વ ુ ં
ચ િ ચ ો ડ ા ઓ
ઉ થ લ ા વ ે   છ ે
ન   હ ં ક ા ર ુ ં
ન હ ી ં   ત પ ા સ ો
ઉ પ ા ડ ી શ ુ ં
વ ચ ગ ા ળ ે
સ મ જ ી શ
ન હ ી ં   આ પ ુ ં
બ ો લ ત ુ ં   હ ો વ ુ ં
શ ે ર ડ ી
હ ુ ં પ ણ ા
જ હ ા જ વ ા ડ ા
વ ખ ા ણ ી એ
સ મ જ ા વ ો
ડ ર ો !
ભ ા ળ ી
આ પ ો
ન હ ી ં   દ ો ડ ો
ન હ ી ં   હ ક ા લ ી એ
લ ા વ ી શ
વ ં શ ા વ ળ ી
ખ ે લ ા ડ ી ઓ
પ ગ ર ખ ે
ન થ ી   હ ક ા લ ત ુ ં
પ ર મ િ ય ા એ
ક ુ ં વ ા ર પ ા ઠ ે
ન થ ી   ભ ા ળ ત ુ ં
ન હ ી ં   પ ૂ છ ે
મ ર ત ુ ં   હ ો ત
બ ો લ ા ય
સ ૂ ં ઘ ી એ   છ ી એ
ગ મ ત
ગ મ ત ુ ં   હ ો ત
ન હ ી ં   ન ડ ે
વ ર ્ ત ી શ ુ ં
ર ં દ ા
આ વ ે   છ ે
હ ગ ી   શ ક વ ુ ં
ન િ ભ ા ડ ા ઓ
હ ક ા લ !
ન િ ભ ા ડ ા એ
સ મ જ ી ન ે
ન   ન ા ચ ી એ
ર ા જ ી ન ા મ ે
વ ા ં ચ ી એ
જ મ ી શ
ન હ ી ં   વ ા વ ે
અ થ ા ણ ા
ન ક ા ર શ ે
જ ણ ે   છ ે
ર મ ા ય
પ ૂ છ ે
મ ર ા ય
ક ર વ ૈ ય ા ઓ
સ ા હ િ ત ્ ય ચ ો ર ત ુ ં   હ ો ત
ન   ઉ પ ા ડ ુ ં
ચ િ ત ્ ત ે
જ ણ શ ો
પ ગ ર ખ ા ં
જ ય
વ િ લ ા ય ત ી   મ ી ઠ ે
અ ટ ક જ ે
ન   વ િ ચ ા ર ી એ
અ પ ા ક ર ્ ષ ી   શ ક વ ુ ં
સ ા મ ા ઓ
ધ ર ત ી એ
ફ ૂ દ ે
ન ા ચ ુ ં
પ ી ણ ા ં
ન   પ ડ ી એ !
ન હ ા ઓ
ન હ ા ઈ એ
હ ા ર ત ુ ં   હ ો વ ુ ં
અ પ ા ડ ત
જ ય
ર ડ ી શ
હ ક ા લ વ ુ ં   હ ો વ ુ ં
ન   દ ો ર !
સ ્ વ ી ક ા ર ો   છ ો
ન હ ી ં   હ ં ક ા ર ુ ં
શ ક વ ા ન ુ ં
અ પ ા ડ ે
ન   શ ક ે
પ ્ ય ા લ ા ઓ
ત પ ા સ ી
ન   ન ક ા ર ો !
ન   દ ો ર ે
સ મ જ ા વ ી એ   છ ી એ
વ ા વ ત ુ ં   હ ત ુ ં
વ ા વ ી શ
ન   સ ા હ િ ત ્ ય ચ ો ર ો
વ ખ ા ણ ત ુ ં   હ ો વ ુ ં
સ મ ુ દ ્ ર ક ા ં ઠ ો
ડ ા ળ ી એ
ત પ ા સ ી શ ુ ં
ન હ ો ત ુ ં   ન ા ખ ્ ય ુ ં
ઘ ર વ ે ર ા ઓ
ફ ુ વ ા ર ા
ન   ત ર ી એ !
અ થ ા ણ ે
ન   લ ા વ ી એ
ન   વ ખ ા ણ ો
હ ં ક ા ર ી શ
દ ી પ ડ ા
બ ા ળ   લ ક વ ા
છ ા ર ા ં ઓ
ઉ પ ા ડ ે
ક ર ી   શ ક વ ુ ં
ગ મ શ ે
સ ્ વ ી ક ા ર ુ ં
પ ી છ ા ં ઓ
ન   ન હ ા ઓ
ન હ ી ં   શ ક ો
છ ો ક ર ા ં
આ મ ળ ુ ં
વ ખ ા ણ ો
આ થ મ ે
લ ા વ ત
વ ધ ા ઈ ઓ એ
હ ં ક ા ર ા ય
બ જ વ ૈ ય ા ઓ
ન   આ વ ે
બ ં બ ે
મ ર ે
ન થ ી   લ ા વ ત ુ ં
છ ે ક ણ ી ઓ
વ ધ ત ુ ં   હ ો વ ુ ં
ચ હ ે ર ા
સ ્ વ ી ક ા ર શ ે
જ ન ્ મ જ ો
જ ઓ !
ર ડ ી એ
શ ણ ગ ા ર ી
હ ક ા લ ો
વ િ ચ ા ર ે   છ ે
ત ર ી એ !
ત ા વ ડ ી વ ા જ ા ં એ
બ ગ ડ !
અ પ ા ડ ે
પ ૂ છ ો
અ પ ા ડ ુ ં
છ ૂ ં દ ો
ન થ ી   ત ર ત ુ ં
ચ ા દ ા ન ી એ
હ ૈ ય ા બ ળ ા પ ા ઓ
જ ણ ે
મ ચ ુ ં ગ ા એ
ન હ ી ં   આ મ ળ ુ ં
મ ી ઠ ા વ ે ર ા
વ ા ં ચ શ ે
બ ર ફ ગ ો ળ ે
અ ફ ી ણ િ ય ા એ
હ ગ ત ુ ં   હ ો ત
ગ વ ૈ ય ે
થ ૂ ં ક ી
ત ર ુ ં   છ ુ ં
જ શ ો
પ ી ય ા એ
ન ચ વ ૈ ય ા ઓ
ન હ ી ં   થ ૂ ં ક ે
પ ૂ છ ે
મ હ િ ન ા ઓ
આ વ શ ે
હ ા ર ત
શ ણ ગ ા ર ા ય
ન   આ પ ે
ધ ડ ા ઓ
થ ૂ ં ક જ ો
પ ૂ છ ી એ
દ ો ર ી એ
હ ા ડ ક ા
સ ્ વ ી ક ા ર ત ુ ં   હ ો ત
ભ ા ળ ત ુ ં   હ ો ત
બ ન ી શ
ન   વ િ ચ ા ર ુ ં
ન હ ી ં   અ પ ા ક ર ્ ષ ી એ
સ ડ ો !
ન હ ી ં   ન હ ા ઈ એ
સ મ જ જ ે
અ થ ા ણ ુ ં
હ ક ા લ ી
પ ડ ે   છ ે
ગ ા ં જ ે
ન   અ ટ ક ુ ં
ક ં સ ા ર ે
શ ક ે
અ થ મ ા ય
હ ગ ે
ન   ન ા ચ ી એ !
ચ હ ે ર ે
ન હ ો ત ુ ં   ન હ ા ય ુ ં
ક ો ગ ળ િ ય ા ં ઓ
હ ુ ં પ ણ ા ં ઓ
ન   ક ો ત ર ે
પ ુ સ ્ ત ક મ ે ળ ો
છ ો ક ર ો
ન   બ ન ી એ
વ ર ્ ત વ ા ન ુ ં
ન ડ વ ા ન ુ ં
સ મ ુ દ ્ ર ક ા ં ઠ ા
આ ં ક ડ ે
સ ા હ િ ત ્ ય ચ ો ર ી એ
ચ મ ચ ી
ન   દ ો ર ી એ !
છ ો ક ર ા એ
અ પ ા ક ર ્ ષ શ ો
દ ો ડ ુ ં
આ ટ ા એ
ન ક ા ર ે
ન   મ ર ી એ
જ ી વ ન   વ ી મ ા ઓ
બ ં બ ા
આ મ ળ ા
આ થ મ વ ુ ં   હ ો વ ુ ં
સ ડ ો   છ ો
ધ ં ધ ા
દ ો ર ્ ય ુ ં
પ ડ ી શ
પ ુ સ ્ ત ક મ ે ળ ા ઓ
સ સ લ ી એ
મ ા ર દ ડ ા ઓ
સ ડ ો
ત ર ી   શ ક વ ુ ં
પ ૂ છ ે
ન ા ખ જ ે
અ પ ા ક ર ્ ષ ે
પ ગ દ ડ ા એ
સ ુ ફ ર િ ય ા ં ઓ
ર ં ગ ર ખ ે
ન ળ િ ય ે
ચ ે લ ી ઓ
ન િ શ ા ળ િ ય ે
ક ા ં દ ા ઓ
ગ ો ળ ા
ઘ સ િ ય ા
ન હ ો ત ુ ં   વ ખ ા ણ ્ ય ુ ં
ન હ ો ત ુ ં   ન ક ા ર ્ ય ુ ં
વ ર ્ ત ુ ં   છ ુ ં
ન ા ખ ત
અ ટ ક ી શ ુ ં
સ ા મ ે
જ ન ્ મ શ ે
ડ ર ત ુ ં   હ ો ત
વ ી મ ા એ
વ ર ્ ત ે
પ ુ સ ્ ત ક મ ે ળ ા
ન થ ી   આ થ મ ત ુ ં
ન ડ ે
ન ક ા ર ી શ
છ ે ક ણ ી ઓ એ
ડ ર ત
ધ ા ર ે
ન   ન ા ખ ી એ
સ ા હ િ ત ્ ય ચ ો ર ો
શ ે લ ડ ી
ચ ા મ ા ચ ી ડ િ ય ે
અ ં ગ ૂ ઠ ા એ
ન   જ ય
ફ ે ફ સ ા ં એ
ન   વ ર ્ ત ે
સ ુ ફ ર િ ય ા ં ઓ
પ ી ં છ ા ં
ડ ર શ ે
જ ણ વ ા ન ુ ં
બ ર ફ ગ ો ળ ા એ
ગ મ ો !
લ વ ા ય
ન હ ી ં   આ વ ડ ી એ
પ પ ૈ ય ા ં ઓ
ન   ન હ ા ઉ ં
ન હ ી ં   હ ા ર ે
ઝ ઘ ડ ી શ
ન હ ો ત ુ ં   ખ ે ડ ્ ય ુ ં
ન   બ ો લ ો
બ ન ી શ
શ ણ ગ ા ર શ ો
ન થ ી   વ ખ ા ણ ત ુ ં
ન   ક ર ી એ
દ ી પ ડ ા
ન હ ી ં   સ ા હ િ ત ્ ય ચ ો ર ી એ
ત ર જ ો
ન િ શ ા ળ િ ય ા ઓ
ન   દ ો ડ !
ચ ુ ક ા દ ે
સ મ જ ા વ ત ુ ં   હ ો વ ુ ં
ન હ ી ં   વ ા ં ચ ી એ
ક ૂ ત ર ે
સ ડ ુ ં
બ ગ ડ ી એ !
વ ખ ા ણ ી ન ે
સ ા હ િ ત ્ ય ચ ો ર !
ન હ ી ં   ઉ પ ા ડ ો
ક ં સ ા ર ા
હ ગ ત ુ ં   હ ો વ ુ ં
શ ે ર ડ ી એ
ચ ા ં ચ િ ય ા ઓ
ન હ ી ં   વ ા વ ે
ન   વ ા પ ર ી એ
ર ડ ી   શ ક વ ુ ં
ન હ ો ત ુ ં   થ ૂ ં ક ્ ય ુ ં
ચ ૂ ં ઈ
હ ૈ ય ે
દ ો ર ત ુ ં   હ ત ુ ં
ડ ૂ બ ે
ફ ે ર િ ય ા ઓ
પ ગ ર ખ ુ ં
ટ ો ક ળ ા
ફ ે ફ સ ે
ન ા ચ ે
ઝ ઘ ડ ી શ ુ ં
ન   ન િ ખ ા ર ુ ં
ર મ ુ ં   છ ુ ં
જ હ ા જ વ ા ડ ે
વ ધ જ ો
છ ો ક ર ે
વ ા મ ત
દ ી ં ટ ે
ન હ ો ત ુ ં   સ ૂ ં ઘ ્ ય ુ ં
ભ મ ર ડ ા ઓ
ર મ ી એ
ન હ ી ં   ર મ ો
પ ર મ િ ય ા ઓ
અ ટ ક ી એ
થ ા પ ે
સ મ જ ા વ ે
ઘ ો ડ ે
વ ી મ ા
વ ં ટ ો ળ િ ય ો
ચ ે લ ુ ં
ન   પ ૂ છ ે
ઘ સ િ ય ો
મ ર !
જ મ ો
ન હ ા ત ુ ં   હ ો ત
ન   થ ૂ ં ક ે
ખ ે ડ ્ ય ુ ં
ન ા ચ શ ે
ક ો ત ર ા ય
ન ા ખ ુ ં
મ ો ર િ ય ો
ન   વ ખ ા ણ ી એ
લ ા વ ી એ !
ન થ ી   હ ગ ત ુ ં
ન   ક ર ે
હ ં ક ા ર ી શ
ન હ ી ં   ખ ે ડ ી એ
હ ક ા લ ી એ
ન ૈ ય ા ં ઓ
મ ચ ુ ં ગ ો
ચ ા ડ િ ય ે
ન   અ ટ ક ે
ઢ ો ક ળ ા ં ઓ
લ ા વ ે   છ ે
ન ો ર ત ુ ં
ન થ ી   થ ૂ ં ક ત ુ ં
ન ક ા ર ે
વ ં ટ ો ળ િ ય ા
પ ત ં ગ િ ય ે
ન   વ ા વ ે
સ મ ુ દ ્ ર ક ા ં ઠ ા ઓ
આ વ ડ ે   છ ે
બ ો લ ુ ં
ર ડ ો
ખ ે વ ૈ ય ે
અ ટ ક ત ુ ં   હ ો વ ુ ં
ન હ ી ં   વ િ ચ ા ર ે
ગ મ ે
હ ક ા લ ી શ
અ પ ા ક ર ્ ષ ે
સ ૂ ં ઘ જ ે
ન   જ ન ્ મ ે
ચ હ ે ર ા ઓ
વ ા મ ુ ં
સ ૂ ં ઘ જ ો
ન હ ી ં   અ પ ા ક ર ્ ષ ુ ં
ન િ શ ા ળ િ ય ા ં
ફ ે ફ સ ે
સ ૂ ં ઘ ે
ન   ન િ ખ ા ર ો !
ડ ર જ ે
ખ ે ડ ત ુ ં   હ ત ુ ં
અ બ ા બ ી લ   લ ટ ો ર ા
ર ા જ ી ન ા મ ે
દ ી પ ડ ા એ
પ ડ ી એ   છ ી એ
જ ઉ ં
સ મ જ ે
ત બ ક ્ ક ા ઓ
જ ી ભ ડ ી
હ ક ા લ ી શ ુ ં
ન ળ િ ય ા ં એ
ડ ર શ ે
પ ત ં ગ િ ય ા
દ ો ડ ી એ
ત ક િ ય ા
ત ર ે   છ ે
ડ ૂ બ ો   છ ો
વ ા ં ચ !
મ ે હ ુ લ િ ય ા
જ ણ ી શ ુ ં
વ િ ચ ા ર !
ન   ખ ે ડ ી એ !
ન હ ો ત ુ ં   સ મ જ ્ ય ુ ં
ન હ ી ં   વ ા વ ો
વ ં ટ ો ળ િ ય ે
દ ે ડ ક ી એ
આ થ મ ત ુ ં   હ ત ુ ં
ટ ો પ લ ી દ ડ ે
ખ ે ડ ે
વ િ ચ ા ર ી ન ે
ન દ ી એ
ઝ ઘ ડ ત
થ ૂ ં ક શ ે
ન ચ ા ય
હ ા ર ત ુ ં   હ ો વ ુ ં
ન હ ી ં   ર મ ી એ
ન હ ી ં   બ ો લ ે
શ ણ ગ ા ર ત
ન ડ ી શ ુ ં
બ ં બ ા
ર ડ જ ે
ર મ ત ુ ં   હ ો વ ુ ં
વ ર ્ ત જ ો
ત ડ ક ા
અ છ ૂ ત પ ણ ા ં એ
વ િ ચ ા ર ે
દ ી ં ટ ા ં ઓ
ન   ઉ પ ા ડ ો
ન   આ વ ી એ
વ િ લ ા ય ત ી   મ ી ઠ ા
ન   વ ા વ ી એ
સ ા હ િ ત ્ ય ચ ો ર ો
મ ા ં ડ વ ે
ર ં ગ ર ખ ા
ર ડ ો !
જ ન ્ મ ી શ ુ ં
ન   થ ૂ ં ક ે
એ ર ા
મ ા થ ે મ ી ં ડ ા ં એ
ચ ર ખ ા એ
ન   ઝ ઘ ડ !
ચ ૂ ં ઈ ઓ એ
વ ી જ થ ા ં ભ લ ા
ન દ ી
સ મ જ ા વ ી શ
મ ી ઠ ા વ ે ર ે
ન   સ ્ વ ી ક ા ર ો !
સ ્ વ વ ી મ ા ઓ
ઢ ગ ર ુ ં
ન   વ ધ ી એ
ઉ પ ા ડ ો
મ ી ઠ ા વ ે ર ા ઓ
આ વ ડ ત ુ ં   હ ો ત
ત ા ર ા એ
ન   વ ર ્ ત !
પ ડ ો   છ ો
ન   સ ૂ ં ઘ ો !
અ પ ા ડ વ ુ ં   હ ો વ ુ ં
આ મ ળ ી   શ ક વ ુ ં
જ ણ ત
દ ો ર વ ા ન ુ ં
ન હ ી ં   શ ક ે
વ ર ્ ત ત ુ ં   હ ો વ ુ ં
ત પ ા સ ે   છ ે
આ ટ ા ઓ
ફ ૂ લ ા ં ઓ
ન   લ ા વ !
અ પ ા ક ર ્ ષ ત ુ ં   હ ો ત
અ પ ૈ ય ા
ક ર ે
ગ મ ત ુ ં   હ ો વ ુ ં
પ ટ ો ળ ા ં ઓ
ત ર ત ુ ં   હ ો વ ુ ં
છ ક ડ ુ ં
મ હ િ ન ે
ન ક ા ર ત ુ ં   હ ો વ ુ ં
વ ખ ા ણ ત ુ ં   હ ત ુ ં
વ ા પ ર !
ન   મ ર ે
પ ટ ો ળ ે
ન   ખ ે ડ ુ ં
આ પ વ ુ ં   હ ો વ ુ ં
ન   હ ા ર ે
લ ા વ જ ે
ન હ ી ં   પ ૂ છ ી એ
ત બ ક ્ ક ે
ન હ ી ં   શ ણ ગ ા ર ે
આ વ ી શ
ભ ા ળ ી   શ ક વ ુ ં
મ ે હ ુ લ િ ય ા ઓ
હ ા ડ ક ે
સ મ જ ે   છ ે
ધ િ ર ા ણ   વ ી મ ે
મ ો ર િ ય ા ઓ
ન િ ખ ા ર ી શ ુ ં
સ ળ ગ ે   છ ે
ન ો ર ત ે
ક ૂ ત ર ે
પ ૂ છ ુ ં   છ ુ ં
ન   પ ૂ છ ો
પ ર મ િ ય ા ઓ
વ ધ ી ન ે
જ ણ શ ે
ઝ ા ં પ ે
ન   આ પ ો !
ન હ ી ં   ન ક ા ર ે
સ મ જ ા વ ે
હ ૈ ય ા બ ળ ા પ ે
ન   જ ણ ી એ
જ મ ા ય
સ ં ભ ા ર ણ ા ં ઓ
ન હ ી ં   વ ા પ ર ે
ડ ર ી શ
ક ો ત ર જ ો
હ િ ં ડ ો ળ ા ઓ
હ ો વ ા પ ણ ે
ન થ ી   ડ ર ત ુ ં
સ ં ભ ા ર ણ ુ ં
જ મ ો   છ ો
મ ચ ુ ં ગ ા ઓ
છ ો ક ર ા ં ઓ
દ ો ડ ે
ધ ા ર ા ઓ
વ ખ ા ણ ી શ
ડ ૂ બ ી શ
શ ણ ગ ા ર ુ ં
પ ા ક વ ી મ ે
ટ ા મ ે ટ ે
ક ર ી શ
પ ૂ છ ો !
ન હ ો ત ુ ં   સ ળ ગ ્ ય ુ ં
એ ર ં ડ િ ય ે
ઘ ર વ ે ર ો
મ ો ર િ ય ે
ક ા ં દ ા એ
ટ િ ં ગ ણ િ ય ા ં એ
ટ ા મ ે ટ ુ ં
ઊ ં બ ર ો ા
ર મ ે
બ ન ત ુ ં   હ ો વ ુ ં
અ ટ ક ી શ
ન હ ો ત ુ ં   બ ગ ડ ્ ય ુ ં
દ ો ડ !
વ ા પ ર ી એ !
ન િ ખ ા ર ી એ
અ ર ી સ ા ઓ
સ ૂ ં ઘ ે   છ ે
સ ા હ િ ત ્ ય ચ ો ર ત ુ ં   હ ો વ ુ ં
ત ા ર ે
ન હ ી ં   વ ા પ ર ુ ં
હ ૈ ય ા ં એ
ત ર વ ુ ં   હ ો વ ુ ં
વ િ ચ ા ર ો   છ ો
ઝ ા ડ ા
ન હ ા શ ો
દ ે ડ ક ે
પ ડ ત
બ ગ ડ ે
ન ળ િ ય ા ં ઓ
છ ા ર ે
ન ા ચ ી એ !
દ ી પ ડ ે
ન   ક ો ત ર ી એ
ન હ ા ઈ
ન િ ભ ા ડ ા
ખ ટ ા ર ે
ચ િ ચ ો ડ ે
સ ળ ગ શ ે
અ પ ા ક ર ્ ષ ી ન ે
વ ધ ે
વ િ ચ ા ર ી   શ ક વ ુ ં
આ થ મ શ ે
ન હ ી ં   સ ળ ગ ે
ડ ર ી શ
ર મ શ ે
ન   આ મ ળ ુ ં
ન હ ી ં   હ ગ ે
ન   ત પ ા સ ુ ં
ન ર ગ ો ટ ા
ન હ ી ં   ત પ ા સ ે
ક ુ ં વ ા ર પ ા ઠ ે
આ વ ી ન ે
ઝ ઘ ડ ત ુ ં   હ ો ત
જ મ ે
વ ા મ ી શ
સ ડ જ ો
ડ ૂ બ શ ે
ન થ ી   બ ન ત ુ ં
ભ ા ળ ે   છ ે
વ ા પ ર શ ો
ર ં દ ા ઓ
ન   પ ડ !
ખ ે લ ા ડ ી ઓ
ડ ૂ બ ી એ
ઉ થ લ ા વ !
ઉ થ લ ા વ ુ ં   છ ુ ં
ન   ર ડ ો
દ ો ર ો !
પ ડ ી શ ુ ં
ન   હ ક ા લ ી એ !
આ મ ળ ે
ઢ ગ ર ા ં
ન ા ખ ી એ
આ મ ળ ા
ન   હ ક ા લ ે
ર ડ ા ય
હ ા ર ી શ ુ ં
વ ધ ો
સ ા મ ે
બ ા જ ર ે
આ થ મ ી   શ ક વ ુ ં
ન હ ી ં   પ ૂ છ ો
પ ડ છ ા ય ા ઓ
આ વ ડ ે
ગ ો ળ ે
ન   ન િ ખ ા ર ે
પ ૈ ડ ે
વ િ જ ે ત ા
દ ો ર જ ો
પ ર ો ણ ે
ચ ા ડ િ ય ા ઓ
બ ગ ડ ત
ઘ ો ડ ા ઓ
ન થ ી   ઝ ઘ ડ ત ુ ં
ન િ ખ ા ર ી શ
આ થ મ ી શ
બ ો લ ો
આ મ ળ ુ ં   છ ુ ં
દ ી ં ટ ુ ં
થ ૂ ં ક ી શ
ન   જ ઈ એ
ગ મ ી ન ે
સ ા હ િ ત ્ ય ચ ો ર ી શ
ઓ ર ડ ે
બ ર ફ ગ ો ળ ા
ક ુ ં વ ા ર પ ા ઠ ા ં ઓ
ન થ ી   સ ૂ ં ઘ ત ુ ં
હ ં ક ા ર ે
ખ ે ડ ો   છ ો
અ પ ૈ ય ા
ન હ ી ં   સ ડ ી એ
અ પ ા ક ર ્ ષ ો !
ન   આ વ ડ ુ ં
ન હ ા ઓ   છ ો
ન   બ ગ ડ ે
જ ન ્ મ વ ુ ં   હ ો વ ુ ં
અ પ ા ડ ે   છ ે
ઊ ં ટ ડ ા ઓ
ર ૂ પ ા ં ઓ
ન   બ ન ો
પ ુ સ ્ ત ક મ ે ળ ા
વ ધ ી એ
ન હ ો ત ુ ં   ભ ા ળ ્ ય ુ ં
ન હ ી ં   પ ડ ી એ
જ ન ્ મ ી એ
ડ ા ઘ ે
ન ા ખ ત ુ ં   હ ો ત
ભ ા ળ ો
સ ડ ુ ં   છ ુ ં
ન   ર ડ ે
સ ા ગ ુ દ ા ણ ા એ
આ મ ળ ી એ   છ ી એ
પ ી ય ે
ન થ ી   ઉ પ ા ડ ત ુ ં
આ પ ી   શ ક વ ુ ં
વ ા મ શ ે
હ ં ક ા ર ે
અ ઠ વ ા ડ િ ય ા
ડ ૂ બ જ ો
દ ો ર ી
ભ મ ર ડ ા એ
ઝ ા ડ ે
હ ી ં ચ ક ો
આ ટ ા
ખ ે વ ૈ ય ે
સ મ જ ા વ ત ુ ં   હ ત ુ ં
જ ી વ ડ ા ં
ન   ક ર ી એ !
ક ઠ િ ય ા ર ા એ
એ ર ે
ર ડ ી એ   છ ી એ
શ ે લ ડ ી એ
ન થ ી   આ વ ત ુ ં
ક ર ુ ં   છ ુ ં
એ ર ે
વ ા ં ચ ી શ
ડ ર !
બ ન ી એ
ઉ થ લ ા વ ત ુ ં   હ ો ત
આ પ જ ે
ન   વ ધ ી એ !
ન   આ થ મ ી એ !
અ પ ા ક ર ્ ષ શ ે
પ ી ય ા ઓ
સ ા બ ુ દ ા ણ ો
ન હ ી ં   અ પ ા ક ર ્ ષ ે
ન હ ી ં   સ ્ વ ી ક ા ર ુ ં
દ ો ર ી ન ે
હ ગ ે   છ ે
આ પ ત ુ ં   હ ો વ ુ ં
ન   સ ા હ િ ત ્ ય ચ ો ર ુ ં
બ ન ્ ય ુ ં
ન   આ થ મ ો
ન હ ી ં   વ ા વ ુ ં
હ ક ા લ ત ુ ં   હ ો વ ુ ં
એ ર ં ડ િ ય ે
ચ િ ચ ો ડ ો
આ પ ો !
જ હ ા જ વ ા ડ ા ઓ
પ ર મ િ ય ે
વ ા મ જ ે
આ થ મ ો !
અ પ ા ડ ે
શ ક ે
મ ર ી શ ુ ં
અ ટ ક ુ ં
ન ા ચ ી શ
મ ે હ ુ લ િ ય ે
જ ી વ ડ ા ં ઓ
ચ ે લ ી એ
શ ણ ગ ા ર ે
લ ા વ ી   શ ક વ ુ ં
જ મ ે
ન ો ર ત ે
હ ા ર ુ ં
સ ા મ ા ઓ
ફ િ ર સ ્ ત ે
વ ધ ા ઈ એ
બ ગ ડ ત ુ ં   હ ત ુ ં
દ ો ર ી એ
ન   આ વ !
ડ ૂ બ વ ા ન ુ ં
હ ક ા લ ત ુ ં   હ ો વ ુ ં
આ ં ચ ક ા ઓ
વ ખ ા ણ વ ા ન ુ ં
ન ર ગ ો ટ ે
ન   ક ર ો
ન   સ ડ ો !
થ ૂ ં ક ો   છ ો
હ ી ં ચ ક ા
ચ ં પ ા
ઉ થ લ ા વ ી એ
ન   લ ા વ ે
ક ા ં સ ક ે
શ ે ર ડ ી ઓ
હ ગ વ ા ન ુ ં
ર ો ક ડ િ ય ા ઓ
ન   હ ક ા લ ુ ં
ગ મ ી એ
આ થ મ ે   છ ે
અ પ ા ક ર ્ ષ ત ુ ં   હ ો વ ુ ં
પ ી ં છ ે
ભ ા ળ ત ુ ં   હ ો વ ુ ં
ન િ ખ ા ર ી
મ ી ઠ ે
લ ા વ ત ુ ં   હ ો વ ુ ં
ગ વ ૈ ય ા એ
ડ ૂ બ ા ય
પ ા ક વ ી મ ા એ
સ મ જ ્ ય ુ ં
સ મ જ ો
જ મ ુ ં   છ ુ ં
દ ે ડ ક ા
ચ મ ચ ા
મ ો જ ુ ં
અ ઠ વ ા ડ િ ય ા ં ઓ
પ ૂ છ વ ુ ં   હ ો વ ુ ં
ન ા ખ ી શ
પ ૈ ડ ુ ં
અ ગ ન ગ ો ળ ો
સ ુ ફ ર િ ય ા
ર મ ુ ં
હ ગ ે
લ ા વ શ ે
ન ક ા ર ત
વ ર ્ ત ો   છ ો
ન ક ા ર ી એ !
જ ન ્ મ ે
વ ા વ ા ઝ ો ડ ા
ન ર ઘ ા ં એ
ટ િ ં ગ ણ િ ય ે
સ ળ ગ ે
આ પ ો   છ ો
દ ે ડ ક ી ઓ
ઉ પ ા ડ જ ો
ન હ ો ત ુ ં   ત પ ા સ ્ ય ુ ં
પ ે ચ િ ય ા ં ઓ
ચ ૂ ં ઈ
આ મ ળ ો
ન   સ મ જ !
આ ટ ા
ખ ટ ા ર ા ઓ
જ ી વ ડ ે
સ મ જ ુ ં
ન   વ ર ્ ત ે
ન હ ો ત ુ ં   શ ક ્ ય ુ ં
હ ગ ી એ   છ ી એ
વ ર ્ ત ો !
વ ા મ વ ુ ં   હ ો વ ુ ં
વ ી મ ા ઓ
ખ ં ભ ે
અ પ ા ડ ત ુ ં   હ ો વ ુ ં
ન હ ી ં   ગ મ ુ ં
ચ ે લ ે
ટ ો પ લ ી દ ડ ા
બ જ વ ૈ ય ે
સ ળ ગ ી શ
હ ક ા લ ો   છ ો
બ પ ૈ ય ે
આ થ મ ે   છ ે
વ ર ્ ત ે   છ ે
થ ૂ ં ક ા ા ય
ચ ં પ ો
ધ ં ધ ે
શ ક ા ય
જ મ ત
ન   ઝ ઘ ડ ુ ં
દ ે ડ ક ા ં
ગ મ ો
આ મ ળ ત ુ ં   હ ો વ ુ ં
વ ા વ ો !
સ મ જ શ ો
વ ર ્ ત ુ ં
અ ર ી સ ા
ચ ે લ ી ઓ
વ ી જ આ ં ચ ક ા એ
ઉ પ ા ડ ી એ !
ન હ ી ં   આ થ મ ે
વ િ ચ ા ર ે
ન થ ી   વ ા ં ચ ત ુ ં
બ પ ૈ ય ે
ન ા ક ા ં
વ ા વ ત ુ ં   હ ો વ ુ ં
ન હ ી ં   ખ ે ડ ો
જ મ ત ુ ં   હ ત ુ ં
ન ક ા ર શ ો
સ ુ ફ ર િ ય ુ ં
દ ો ર વ ુ ં   હ ો વ ુ ં
સ મ જ ા વ વ ા ન ુ ં
ફ ગ િ ય ા એ
ન ા ખ શ ે
અ ં ગ ૂ ઠ ે
વ ા પ ર જ ે
ન   ડ ૂ બ ુ ં
જ ી ભ ડ ી ઓ
ન   જ ન ્ મ ી એ !
દ ો ડ ત ુ ં   હ ત ુ ં
ધ ા ર ો
ફ ુ વ ા ર ા ઓ
વ ધ વ ુ ં   હ ો વ ુ ં
વ િ ચ ા ર જ ે
મ ચ ુ ં ગ ા ઓ
ત ા ર ા ઓ
ન   ન ક ા ર ે
ત ા વ ડ ી વ ા જ ે
ડ ર વ ુ ં   હ ો વ ુ ં
ઢ ગ ર ે
દ ે ડ ક ે
વ ધ ી એ !
જ ી વ ન   વ ી મ ે
ન હ ો ત ુ ં   ન ડ ્ ય ુ ં
ન હ ા ઈ ન ે
ત ર ી એ
ચ ૂ ન ા એ
ન હ ી ં   સ ૂ ં ઘ ે
પ ી ળ ા પ ણ ે
સ ા ગ ુ દ ા ણ ો
ન હ ો ત ુ ં   વ ા ં ચ ્ ય ુ ં
ઉ પ ા ડ !
ન ડ ી એ !
ઝ ઘ ડ ત ુ ં   હ ો વ ુ ં
સ મ જ ા વ ી એ
આ વ ડ ો
અ ટ ક શ ે
બ ગ ડ જ ે
ન હ ી ં   લ ા વ ો
પ ર મ િ ય ે
ઢ ો ક ળ ા ં
ર ો ક ડ િ ય ા એ
પ ર ો ણ ા ઓ
ઘ ો ડ ી ઓ
પ ગ દ ડ ા ઓ
હ ા ડ ક ે
મ ો જ ા ં
દ ો ડ ો
આ પ ે
ડ ા ળ ી
ગ મ ો   છ ો
આ વ ડ ી એ   છ ી એ
વ ધ ત ુ ં   હ ો વ ુ ં
બ ન જ ે
દ ો ડ ુ ં
આ વ ડ ત ુ ં   હ ો વ ુ ં
ક ા ન દ ટ ્ ટ ે
અ પ ા ડ ો !
ક ો ત ર ુ ં   છ ુ ં
પ ુ સ ્ ત ક મ ે ળ ે
ભ મ ર ડ ે
હ ા ર ી ન ે
ન હ ી ં   દ ો ર ે
આ થ મ જ ે
ટ ો ક ળ ા એ
દ ે ડ ક ી
વ ા ં ચ ુ ં   છ ુ ં
ડ ૂ બ ી શ
ક ઠ િ ય ા ર ા ઓ
ન   ન હ ા ઓ !
ચ િ ચ ો ડ ા
ઊ ં બ ર ો ા ઓ
અ પ ા ક ર ્ ષ ુ ં
જ ય   છ ે
પ ડ ી એ !
વ ર ્ ત ી
ડ ર ી એ !
પ ી ણ ે
ર મ ક ડ ા ં ઓ
થ ૂ ં ક ી એ
સ ળ ગ ે
ન   સ મ જ ા વ ી એ !
લ ા વ ી
આ પ ુ ં
ખ ે ડ ી એ
ક ો ળ ા ં ઓ
ન થ ી   સ ા હ િ ત ્ ય ચ ો ર ત ુ ં
વ ા મ ી એ
વ ા મ ત ુ ં   હ ો ત
ન હ ા ત ુ ં   હ ત ુ ં
ન ા ખ ો   છ ો
વ ર ્ ત ો
ચ હ ે ર ા એ
ચ ુ ક ા દ ે
વ ખ ા ણ ે   છ ે
ર ડ વ ુ ં   હ ો વ ુ ં
ન હ ો ત ુ ં   સ ડ ્ ય ુ ં
સ મ જ ે
ક ા ં સ ક ા એ
ન હ ી ં   વ ખ ા ણ ો
ન હ ી ં   થ ૂ ં ક ો
દ ા ય ક ા ઓ
ન થ ી   દ ો ર ત ુ ં
વ ા વ ુ ં
ટ િ ં ગ ણ િ ય ુ ં
ર સ ી એ
બ ગ ડ ત ુ ં   હ ો વ ુ ં
પ ટ ો ળ ુ ં
ન   આ મ ળ ી એ
બ ો લ ્ ય ુ ં
અ પ ા ડ ્ ય ુ ં
સ મ જ ી
ન િ ખ ા ર ી એ
આ વ ડ ી એ !
ન ડ ો !
સ ુ ફ ર િ ય ા ં એ
શ ણ ગ ા ર વ ુ ં   હ ો વ ુ ં
પ ી ં છ ા ં ઓ
પ ે ચ િ ય ે
ન થ ી   ન ક ા ર ત ુ ં
પ ી ણ ા ં ઓ
પ ૈ ડ ે
ન હ ી ં   ઉ પ ા ડ ે
ન   થ ૂ ં ક ી એ
જ ન ્ મ શ ે
ક ા ં દ ે
ક ો ત ર ી શ
પ ુ સ ્ ત ક મ ે ળ ે
આ પ ી એ
બ ગ ડ ે
ક ા ં સ ક ા ઓ
વ ા ં ચ ી
જ મ ો
આ વ ી શ ુ ં
બ ો લ ી
ચ ા ં ચ િ ય ો
ન ા હ ે
સ ળ ગ ી
જ મ શ ે
આ વ ત ુ ં   હ ત ુ ં
વ ા મ ો
પ ૂ છ ત ુ ં   હ ો વ ુ ં
જ મ ત ુ ં   હ ો વ ુ ં
ન િ ખ ા ર ્ ય ુ ં
ન થ ી   શ ણ ગ ા ર ત ુ ં
ન   જ ણ ે
અ પ ૈ ય ા ઓ
મ ે હ ુ લ િ ય ા ઓ
બ ા ળ   લ ક વ ા ઓ
વ વ ા ય
બ ો લ ી એ
ઝ ા ડ ા ઓ
ડ ર ે
ફ ુ વ ા ર ા
ન ા ખ ી એ !
ત ા ર ે
જ ણ ી એ   છ ી એ
ન ડ ી શ
થ ૂ ં ક વ ુ ં   હ ો વ ુ ં
સ ડ ત ુ ં   હ ત ુ ં
ન ર ગ ો ટ ા એ
ન   જ મ ે
ન હ ી ં   ન ક ા ર ી એ
ન   અ પ ા ડ !
સ ્ વ વ ી મ ા
અ પ ા ક ર ્ ષ ી શ ુ ં
સ મ જ ા વ જ ે
ડ ર ો   છ ો
ઝ ા ડ ે
ન   ક ો ત ર ો !
ન ા ચ ી શ ુ ં
ન   ભ ા ળ ી એ !
સ ્ વ ી ક ા ર ી ન ે
ત ર ત ુ ં   હ ત ુ ં
ન હ ી ં   ભ ા ળ ે
ન ળ િ ય ુ ં
વ ખ ા ણ ી શ ુ ં
ડ ર ે   છ ે
અ પ ા ક ર ્ ષ ો
ન ડ ી
ચ ા ડ િ ય ા એ
પ ી ય ા
જ મ જ ે
ન ચ વ ૈ ય ા
ન   ગ મ ી એ
ન   ન ા ખ ો !
દ ી ં ટ ા
ત બ ક ્ ક ા એ
ક ુ ં વ ા ર પ ા ઠ ા
છ ત ્ ર ી વ ા જ ુ ં ા ં
થ ા પ ા એ
ન   ઝ ઘ ડ ો !
ન હ ી ં   સ મ જ ો
ન હ ી ં   શ ણ ગ ા ર ે
પ ર બ ી ડ િ ય ા ં ઓ
અ પ ા ડ !
ઝ ઘ ડ શ ે
દ ો ડ વ ા ન ુ ં
ન હ ી ં   ન ડ ો
અ ફ ી ણ િ ય ો
આ વ ડ ી
ચ ૂ ન ે
સ ા મ ા
ન   ત પ ા સ !
વ ા વ !
ન   શ ણ ગ ા ર ો
ગ ા ં જ ે
હ ા ર જ ો
વ ચ ગ ા ળ ા ઓ
ચ મ ચ ી ઓ એ
ન થ ી   દ ો ડ ત ુ ં
આ ં ચ ક ો
ર ડ ત
મ ર શ ે
ન હ ી ં   આ વ ે
ન   ર ડ ુ ં
વ ા વ વ ુ ં   હ ો વ ુ ં
ન િ ખ ા ર ે
આ થ મ ો
ફ ૂ દ ુ ં
વ ધ ુ ં
દ સ ક ા
દ ે ડ ક ે
જ મ વ ા ન ુ ં
સ ળ ગ ી એ
ન   પ ડ ો
દ ો ડ ત ુ ં   હ ો ત
ચ ા મ ા ચ ી ડ િ ય ા ં એ
ન થ ી   ક ર ત ુ ં
ક ર વ ૈ ય ો
મ ચ ુ ં ગ ે
ક ી ડ ે
સ મ જ ત ુ ં   હ ો વ ુ ં
ડ ર વ ા ન ુ ં
જ મ જ ો
વ િ ચ ા ર ી
છ ો ક ર ા
ક ર ત ુ ં   હ ો ત
ક ચ ક ડ ુ ં
આ વ ે
ન   વ ખ ા ણ ે
આ વ ડ ી ન ે
મ ો ં ઘ વ ા ર ી એ
સ ા હ િ ત ્ ય ચ ો ર ે
ડ ા ઘ ે
સ મ જ ા વ ત
ન   બ ો લ ુ ં
ત ક િ ય ા એ
પ ડ ે
ધ ર ત ી
ન   દ ો ડ ે
વ ં ટ ો ળ િ ય ા ઓ
આ થ મ ી એ
ન   ઉ પ ા ડ ો !
જ ય
ચ િ ચ ો ડ ા ઓ
મ હ િ ન ા
ક ો ત ર ો !
પ ૂ છ જ ો
જ ન ્ મ ી ન ે
ન હ ા જ ે
ચ ર ખ ા ઓ
વ ં ટ ો ળ િ ય ે
ક ર વ ુ ં   હ ો વ ુ ં
ન   પ ૂ છ ી એ !
ન હ ી ં   ઉ થ લ ા વ ી એ
પ પ ૈ ય ા ં એ
દ ી પ ડ ા ઓ
ન હ ી ં   આ વ ો
ન ા ચ વ ુ ં   હ ો વ ુ ં
ચ મ ચ ો
આ વ ડ વ ા ન ુ ં
ન ક ા ર ે   છ ે
વ ખ ા ણ ો   છ ો
પ ડ જ ે
અ પ ા ડ ી શ
થ ૂ ં ક ે   છ ે
ન હ ી ં   બ ન ે
અ પ ા ડ શ ે
અ બ ા બ ી લ   લ ટ ો ર ા ઓ
ખ ે વ ૈ ય ા ઓ
સ મ જ ો
ડ ર ત ુ ં   હ ત ુ ં
પ ી ં છ ા ં એ
આ થ મ ે
બ ગ ડ ુ ં
ડ ા ઘ ા ઓ
ખ ટ ા ર ો
થ ૂ ં ક ી એ   છ ી એ
ન હ ી ં   ન હ ા ઓ
હ ો વ ા પ ણ ા ં ઓ
હ ક ા લ શ ે
શ ણ ગ ા ર ે   છ ે
મ ો જ ા ં એ
અ છ ૂ ત પ ણ ે
વ ર ્ ત ત ુ ં   હ ો ત
ન   હ ં ક ા ર ી એ
ધ ડ ા ઓ
હ ં ક ા ર જ ે
મ ી ઠ ા વ ે ર ા ઓ
ન ા ચ ો !
ન િ શ ા ળ િ ય ે
ન હ ી ં   ક ો ત ર ે
સ ૂ ં ઘ ો
સ ળ ગ ે
હ ં ક ા ર ો
વ ર ્ ત શ ો
શ ક ો   છ ો
ક ચ ક ડ ા ં
આ ં બ ા વ ા ડ િ ય ા ં એ
વ ા પ ર ી ન ે
વ ી જ થ ા ં ભ લ ે
ચ મ ચ ા એ
પ ી ણ ા
ચ ા ડ િ ય ો
અ બ ા બ ી લ   લ ટ ો ર ે
ન   વ ખ ા ણ ે
બ ન ો   છ ો
ન ળ િ ય ા ં ઓ
બ ન ે
શ ક ી એ   છ ી એ
ન િ ખ ા ર ો
ન હ ી ં   ન ા ચ ે
ન હ ી ં   વ ા મ ો
ઉ થ લ ા વ ો
હ ક ા લ ુ ં
પ ી ળ ા પ ણ ા ં ઓ
વ ખ ા ણ ી   શ ક વ ુ ં
ન ક ા ર જ ે
ઝ ઘ ડ ી એ   છ ી એ
ન   વ ા પ ર ો
બ ગ ડ ી   શ ક વ ુ ં
ફ ુ ગ ા વ ો
ક ુ ં વ ા ર પ ા ઠ ુ ં
ક ઠ િ ય ા ર ે
વ ા પ ર ે   છ ે
આ પ ત ુ ં   હ ો ત
ન   બ ગ ડ ી એ !
છ ો ક ર ે
ન િ ખ ા ર ે
ઉ પ ા ડ ી   શ ક વ ુ ં
ન હ ો ત ુ ં   જ મ ્ ય ુ ં
ચ ૂ ં ટ ણ ી ઢ ં ઢ ે ર ે
ધ િ ર ા ણ   વ ી મ ો
ર મ ી શ
થ ૂ ં ક ે
બ ા ળ   લ ક વ ા
મ હ િ ન ે
ન   આ વ ે
ત પ ા સ ા ય
દ ો ર શ ો
ચ મ ચ ે
હ ો વ ા પ ણ ુ ં
ઉ પ ા ડ વ ુ ં   હ ો વ ુ ં
વ ી જ થ ા ં ભ લ ા ઓ
આ મ ળ શ ે
ન   શ ણ ગ ા ર ુ ં
ડ ૂ બ વ ુ ં   હ ો વ ુ ં
હ ગ ત ુ ં   હ ત ુ ં
વ ચ ગ ા ળ ો
મ ચ ુ ં ગ ે
ચ ે લ ા ં એ
બ ા ં ક ડ ા એ
વ ા વ ી એ
ઢ ગ ર ા ં એ
છ ૂ ં દ ા
ખ ે લ ા ડ ી એ
ન હ ી ં   બ ગ ડ ે
હ ૈ ય ા ં ઓ
ખ ે લ ા ડ ી ઓ એ
ન   સ ા હ િ ત ્ ય ચ ો ર ો !
વ ર ્ ત ી ન ે
ઘ ો ડ ી ઓ
ઝ ા ં પ ા એ
ન   સ ્ વ ી ક ા ર ે
ત ર ત ુ ં   હ ો વ ુ ં
મ ો ર િ ય ા એ
વ ધ શ ે
પ ી ં છ ા ં ઓ
ઘ ો ડ ી એ
આ ં બ ા વ ા ડ િ ય ા ં
ન થ ી   હ ા ર ત ુ ં
ક ૂ ત ર ા ઓ
ન હ ી ં   થ ૂ ં ક ુ ં
હ ગ ી
પ ડ ઘ ા
બ ન ી એ !
બ ન ે   છ ે
મ ા થ ે મ ી ં ડ ા ં
આ થ મ ી શ ુ ં
ઘ ર વ ે ર ા
જ ી વ ડ ા ં એ
આ વ ડ ત ુ ં   હ ત ુ ં
સ ૂ ં ઘ ુ ં
ન િ ખ ા ર શ ો
થ ા ળ ી વ ા જ ા ં ઓ
દ ે ડ ક ા એ
જ ત
ઉ થ લ ા વ ી એ
ખ ટ ા ર ા
ન   ગ મ !
ડ ૂ બ ી એ !
ન ા ખ શ ો
બ ગ ડ ે
ન થ ી   બ ો લ ત ુ ં
હ ં ક ા ર !
ડ ર જ ો
ડ ા ઘ ો
ઝ ઘ ડ ે
આ પ ી શ
આ વ ડ ી એ
અ છ ૂ ત પ ણ ા
ઈ ં ટ વ ા ડ ા એ
ર મ ી શ
પ ્ ય ા લ ો
ન   ઝ ઘ ડ ી એ !
ન   હ ગ ો !
ન   વ ખ ા ણ ુ ં
ન ા વ ણ િ ય ે
ર ો ક ડ િ ય ા
અ ં ગ ૂ ઠ ા ઓ
અ ર ી સ ા
પ ડ ો !
દ ા ય ક ે
સ ્ વ વ ી મ ા ઓ
વ ખ ા ણ ુ ં
જ ી વ ન   વ ી મ ા
વ ા વ ો
પ ત ં ગ િ ય ે
ન હ ી ં   ડ ૂ બ ુ ં
ન   વ ધ ો
ન હ ી ં   ડ ૂ બ ો
આ થ મ ી ન ે
જ વ ા ન ુ ં
ખ ં ભ ો
પ ગ ર ખ ા
વ ં શ ા વ ળ ી એ
ન હ ા શ ે
ફ ુ ગ ા વ ે
ન   ખ ે ડ ો
બ જ વ ૈ ય ા એ
પ ગ દ ડ ે
સ ડ ો
શ ક ી એ !
ચ ૂ ં ટ ણ ી ઢ ં ઢ ે ર ા ઓ
વ ર ્ ત ્ ય ુ ં
ન   વ ા મ ુ ં
વ ખ ા ણ ે
હ ગ ે
ધ િ ર ા ણ   વ ી મ ા ઓ
શ ક ી એ
વ ા પ ર ે   છ ે
ન હ ી ં   ભ ા ળ ો
ન ા ખ ો
વ મ ા ય
ચ ા મ ા ચ ી ડ િ ય ુ ં
સ મ જ ા વ ે
ઉ પ ા ડ ો   છ ો
ન હ ો ત ુ ં   અ ટ ક ્ ય ુ ં
ક ર ી શ ુ ં
વ ા પ ર ો
સ ડ ત ુ ં   હ ો ત
આ વ ુ ં   છ ુ ં
ન   ભ ા ળ ે
ત પ ા સ ે
ન િ ખ ર ા ય
ર મ શ ે
ન હ ો ત ુ ં   ક ર ્ ય ુ ં
ક ો ત ર જ ે
જ મ ે   છ ે
બ ન વ ુ ં   હ ો વ ુ ં
ન   બ ો લ ે
ન ચ વ ૈ ય ો
પ ર બ ી ડ િ ય ુ ં
ખ ે ડ ી શ
ટ ો પ લ ી દ ડ ે
છ ૂ ં દ ા એ
આ પ ો
ન થ ી   આ મ ળ ત ુ ં
થ ૂ ં ક શ ે
એ ર ુ ં
વ ખ ા ણ ી એ   છ ી એ
ન   સ ૂ ં ઘ ે
દ સ ક ા ઓ
ધ િ ર ા ણ   વ ી મ ે
વ ા મ ે
ક ો ત ર ી ન ે
ન ક ા ર ી   શ ક વ ુ ં
છ ત ્ ર ી વ ા જ ુ ં ે
વ ખ ા ણ શ ે
ધ ં ધ ો
પ ુ છ ા ય
ન ા ખ ી શ ુ ં
વ ા વ ો
વ ા વ ી એ
ન હ ી ં   વ ર ્ ત ે
જ મ ી   શ ક વ ુ ં
ગ વ ૈ ય ા
પ ર મ િ ય ા
ન હ ી ં   હ ગ ો
શ ણ ગ ા ર ત ુ ં   હ ો વ ુ ં
અ ટ ક ે   છ ે
ગ મ ી એ   છ ી એ
ન ચ વ ૈ ય ા ઓ
ડ ૂ બ ી એ
આ વ ી
ક ર જ ે
પ ડ ઘ ો
હ ૈ ય ા
સ ૂ ં ઘ ત ુ ં   હ ો ત
ક ા ં ઠ ા ઓ
મ ર ી શ
ક ી ડ ા ઓ
હ ગ ત
ત ા ર ે
ન ચ વ ૈ ય ા એ
દ ો ર ે
ન હ ી ં   સ ્ વ ી ક ા ર ો
જ ન ્ મ ્ ય ુ ં
દ સ ક ે
હ ક ા લ ો !
બ પ ૈ ય ે
ન   મ ર ો !
શ ણ ગ ા ર ી એ   છ ી એ
હ ુ ં પ ણ ુ ં
ન હ ો ત ુ ં   વ ર ્ ત ્ ય ુ ં
ન હ ી ં   આ થ મ ી એ
છ ક ડ ા ં એ
મ ર ી
પ ડ ઘ ે
વ ધ ત
વ ી જ આ ં ચ ક ા ઓ
ન હ ી ં   આ મ ળ ે
ન હ ી ં   વ ા પ ર ે
હ ી ં ચ ક ે
જ ન ્ મ જ ે
ર ડ ી
વ ા પ ર ત ુ ં   હ ત ુ ં
ક ુ ં વ ા ર પ ા ઠ ે
વ ી જ થ ા ં ભ લ ા
ડ ર ો
અ પ ા ડ ુ ં   છ ુ ં
ન હ ી ં   જ ન ્ મ ી એ
ન   ડ ર ે
ન   મ ર !
જ ી ભ ડ ી એ
વ િ ચ ા ર ી એ
પ ા ક વ ી મ ા ઓ
આ મ ળ ે   છ ે
પ ટ ો ળ ે
હ ગ ્ ય ુ ં
ન હ ી ં   દ ો ર ો
છ ત ્ ર ી વ ા જ ુ ં ુ ં
ખ ટ ા ર ા
સ ્ વ વ ી મ ે
ન હ ી ં   સ ૂ ં ઘ ુ ં
હ ા ર ્ ય ુ ં
સ ા હ િ ત ્ ય ચ ો ર ુ ં
ન   ર ડ !
મ ો ં ઘ વ ા ર ી
ન   પ ૂ છ ુ ં
હ ગ ત ુ ં   હ ો વ ુ ં
ગ ો ળ ા એ
સ મ જ ે   છ ે
એ ર ં ડ િ ય ા ં ઓ
વ ા મ શ ે
સ મ જ વ ા ન ુ ં
જ ી ં જ વ ે
મ ા ર દ ડ ા
ઘ ો ડ ા
ન   ખ ે ડ ે
ચ હ ે ર ા
ત પ ા સ ી શ
ન હ ી ં   સ મ જ ુ ં
આ ં ચ ક ે
વ ા પ ર ી શ ુ ં
ન ા ક ે
ન હ ી ં   ન િ ખ ા ર ી એ
ન   સ ૂ ં ઘ !
ક ર ી એ
ન હ ી ં   ન ા ચ ી એ
બ ો લ ી ન ે
ર મ ક ડ ા ં ઓ
સ ા ગ ુ દ ા ણ ા ઓ
ભ ળ ા ય
વ ધ ા ઈ
ત ડ ક ે
વ ધ ી શ ુ ં
ન હ ા ઓ !
ઉ થ લ ા વ ે   છ ે
સ મ જ ો   છ ો
ક ી ડ ા એ
ન ર ઘ ા ં ઓ
હ ૈ ય ા બ ળ ા પ ા
ત ડ ક ા એ
ઉ પ ા ડ વ ા ન ુ ં
ઉ પ ા ડ ી શ
ડ ૂ બ ્ ય ુ ં
ન ડ ી એ
વ ર ્ ત ી શ
ક ો ત ર ત ુ ં   હ ો વ ુ ં
થ ા પ ા
વ િ ચ ા ર ી એ !
સ ં ભ ા ર ણ ે
ન હ ી ં   ન ડ ુ ં
આ વ ડ ુ ં   છ ુ ં
ચ ૂ ં ટ ણ ી ઢ ં ઢ ે ર ે
શ ક ે   છ ે
સ ળ ગ શ ો
છ ો ક ર ા ં ઓ
ન   શ ણ ગ ા ર !
મ ા ર દ ડ ા
પ ૂ છ ે
ર મ ્ ય ુ ં
ટ ા મ ે ટ ા ં
મ ી ઠ ા વ ે ર ા
ઉ થ લ ા વ ે
મ ર ે   છ ે
છ ક ડ ા
લ ા વ ી એ
ફ ે ર િ ય ા એ
સ ્ વ ી ક ા ર ત ુ ં   હ ો વ ુ ં
બ ગ ડ ી શ ુ ં
વ ી જ આ ં ચ ક ે
જ ત ુ ં   હ ત ુ ં
આ વ ડ શ ો
ન   આ પ ી એ
છ ક ડ ે
ત ક િ ય ા
સ ડ જ ે
સ ૂ ં ઘ ી શ
ન િ ખ ા ર ુ ં
અ ટ ક ી ન ે
ક ો ત ર ે
મ ર ી એ   છ ી એ
ધ ર ત ી ઓ એ
હ ા ર ુ ં   છ ુ ં
બ ા ં ક ડ ે
ફ ે ર િ ય ે
પ ી ય ા
સ ૂ ં ઘ ી શ ુ ં
શ ક ે   છ ે
ન િ ખ ા ર ો !
ઉ થ લ ા વ વ ા ન ુ ં
જ ણ ુ ં
છ ૂ ં દ ા ઓ
બ ગ ડ ો
વ િ જ ે ત ા એ
વ ા ં ચ વ ા ન ુ ં
વ ા ં ચ ો
ડ ર ી   શ ક વ ુ ં
ખ ટ ા ર ા ઓ
ડ ૂ બ ો
ન િ ખ ા ર ત
છ ો ક ર ા
દ ો ડ ે   છ ે
દ ો ડ જ ે
વ ી મ ા
મ ા થ ે મ ી ં ડ ે
આ પ ે
ક ો શ ે ટ ા
વ ધ ે   છ ે
થ ા ળ ી ઓ
ડ ર ુ ં
ન   અ ટ ક !
અ ગ ન ગ ો ળ ે
ન િ શ ા ળ િ ય ે
ન   સ ૂ ં ઘ ુ ં
વ ધ ા ઈ
આ વ ે
ન હ ા ઈ એ   છ ી એ
સ ળ ગ ી એ   છ ી એ
ન   ત પ ા સ ો !
ન હ ી ં   હ ા ર ી એ
ઊ ં ટ ડ ા એ
ન   જ ણ ો !
હ ુ ં પ ણ ે
ઊ ં બ ર ો ા એ
ન હ ી ં   બ ો લ ો
ચ ૂ ં ઈ એ
પ ્ ય ા લ ે
ક ો ત ર ત ુ ં   હ ત ુ ં
આ થ મ ી એ   છ ી એ
વ ા મ ત ુ ં   હ ો વ ુ ં
વ િ ચ ા ર ી એ
ન ા ખ ત ુ ં   હ ો વ ુ ં
સ ૂ ં ઘ શ ો
ચ ૂ ન ા ઓ
ન ડ ી એ   છ ી એ
બ ગ ડ ે
દ ો ર ત ુ ં   હ ો વ ુ ં
દ ો ડ શ ે
ન   વ ખ ા ણ !
આ ં ક ડ ા એ
ન હ ી ં   સ ્ વ ી ક ા ર ી એ
ન ડ ્ ય ુ ં
ન   વ ા વ ી એ !
ડ ૂ બ ે   છ ે
શ ણ ગ ા ર ી શ
ન હ ો ત ુ ં   ક ો ત ર ્ ય ુ ં
ન   અ પ ા ક ર ્ ષ ી એ !
ન   ગ મ ી એ !
લ ા વ શ ો
જ ી વ ન   વ ી મ ા
સ મ ુ દ ્ ર ક ા ં ઠ ા ઓ
અ ં ગ ૂ ઠ ે
ન ર ઘ ે
આ થ મ ત ુ ં   હ ો વ ુ ં
હ ા ર ી એ   છ ી એ
ગ મ ી   શ ક વ ુ ં
અ પ ા ડ ી
ન હ ી ં   સ ૂ ં ઘ ો
દ ે ડ ક ા ં ઓ
વ ા ં ચ શ ે
ડ ર ી એ   છ ી એ
પ ્ ય ા લ ા ઓ
બ ન ી શ ુ ં
ચ મ ચ ી ઓ
આ વ ડ જ ો
ન ડ ે   છ ે
મ ર ત ુ ં   હ ત ુ ં
ચ િ ત ્ ત ા
પ ડ છ ા ય ા
થ ૂ ં ક ો !
આ પ ુ ં
ન હ ી ં   દ ો ડ ે
વ િ ચ ા ર શ ે
વ ધ ે
ન ડ વ ુ ં   હ ો વ ુ ં
પ થ ્ થ ર મ ા ર ા એ
ઉ થ લ ા વ ે
ન હ ી ં   દ ો ડ ી એ
પ ા ક વ ી મ ા ઓ
મ ી ઠ ા ં ઓ
શ ણ ગ ા ર ી શ
હ ા ર ી શ
હ ં ક ા ર ત ુ ં   હ ત ુ ં
થ ૂ ં ક વ ા ન ુ ં
ન હ ો ત ુ ં   આ પ ્ ય ુ ં
ન ા ખ ો !
ઉ થ લ ા વ જ ે
ફ ૂ દ ે
જ ણ વ ુ ં   હ ો વ ુ ં
ધ ં ધ ા ઓ
પ ી ણ ે
ર ડ ે   છ ે
જ ઈ એ
દ ે ડ ક ા ઓ
ર મ ી એ !
મ ર વ ા ન ુ ં
ક ા ં દ ા
અ પ ા ક ર ્ ષ ે
ફ ૂ લ ા ં એ
ન ા ખ !
ડ ર ી
ઓ ર ડ ા ઓ
છ ૂ ં દ ે
બ ો લ ત ુ ં   હ ત ુ ં
અ ટ ક ુ ં
ચ ુ ક ા દ ા ઓ
ન હ ા ઈ શ
વ ખ ા ણ ે   છ ે
ગ મ ી એ !
ચ ા મ ા ચ ી ડ િ ય ા
ન   ન ા ખ ે
હ ો વ ા પ ણ ા ં
આ પ ે
મ ે હ ુ લ િ ય ે
ત બ ક ્ ક ે
વ ા વ ી એ !
શ ક જ ે
ઝ ા ં પ ા
ન હ ી ં   થ ૂ ં ક ી એ
ન હ ી ં   ડ ર ી એ
ગ મ ત ુ ં   હ ત ુ ં
આ ં બ ા વ ા ડ િ ય ે
છ ૂ ં દ ા
ન ા ચ શ ે
પ ર મ િ ય ો
ઉ થ લ ા વ ા ય
ભ ા ળ ી ન ે
ન   ડ ૂ બ ી એ
આ ં ચ ક ા એ
જ ન ્ મ ત ુ ં   હ ો વ ુ ં
ઉ થ લ ા વ ી શ
ન િ ખ ા ર ી ન ે
સ ડ ી એ
બ ો લ શ ે
ત ર જ ે
ન હ ી ં   ત ર ો
આ વ ત ુ ં   હ ો વ ુ ં
ખ ે ડ ે
ભ ા ળ ે
ભ ા ળ !
અ પ ા ક ર ્ ષ ે   છ ે
ઝ ઘ ડ ે
પ ૂ છ વ ા ન ુ ં
ર ૂ પ ા
ખ ે વ ૈ ય ે
સ ળ ગ ી એ !
ભ ા ળ વ ુ ં   હ ો વ ુ ં
શ ણ ગ ા ર !
ત પ ા સ ે   છ ે
ર ં ગ ર ખ ા ં ઓ
વ ા વ ્ ય ુ ં
આ મ ળ ે
વ ા મ ી શ
અ ટ ક ે
બ ર ફ ગ ો ળ ે
જ ય ુ ં
ન હ ી ં   વ ધ ે
વ ા ં ચ ે
ન હ ો ત ુ ં   જ ણ ્ ય ુ ં
ખ ે ડ જ ે
આ મ ળ ી ન ે
ન   અ પ ા ડ ી એ
ન   હ ં ક ા ર ે
બ ા ળ   લ ક વ ો
ન ા વ ણ િ ય ા ં
ન હ ા વ ા ન ુ ં
ચ ે વ ડ ા ઓ
જ ઈ
ત ર ી શ
પ ે ચ િ ય ુ ં
હ ં ક ા ર વ ા ન ુ ં
થ ા ળ ી વ ા જ ા ં ઓ
બ પ ૈ ય ા ઓ
સ ડ ે
ક ર ે
વ ખ ા ણ ત ુ ં   હ ો ત
ઉ થ લ ા વ ી એ   છ ી એ
આ પ જ ો
વ ા મ ો   છ ો
ન િ ખ ા ર ે   છ ે
સ ્ વ ી ક ા ર ે
ચ મ ચ ી એ
મ ા ં ડ વ ે
શ ે લ ડ ી ઓ
અ ઠ વ ા ડ િ ય ા ં એ
ખ ે ડ ી એ !
ન   મ ર ો
શ ક ે
વ ા પ ર ત
ઢ ગ ર ા ં ઓ
ન   પ ડ ી એ
ન ા ક ા ં ઓ
ભ ા ળ ી શ
દ ા ય ક ા એ
ફ ૂ દ ા ં એ
ફ ુ ગ ા વ ા ઓ
ટ ો ક ળ ે
ક ર વ ૈ ય ા એ
ન   જ ઓ !
ન   ન િ ખ ા ર !
ક ર ત ુ ં   હ ત ુ ં
દ ા ં ત િ ય ા એ
ન   જ મ ો
વ ર ્ ત ે
ન   આ વ ડ ો
સ ડ ત
દ ો ડ ે
ક ી ડ ે
ન હ ી ં   હ ા ર ે
પ ી ં છ ે
ન હ ી ં   જ ન ્ મ ુ ં
ન   સ ળ ગ ે
ન થ ી   ર મ ત ુ ં
વ િ જ ે ત ા એ
ન   વ ખ ા ણ ો !
ન ા ચ ો   છ ો
આ થ મ ો
મ ી ઠ ા ં એ
પ થ ્ થ ર મ ા ર ા ઓ
ઉ પ ા ડ શ ો
આ ં બ ા વ ા ડ િ ય ા ં ઓ
આ વ ડ ુ ં
ન િ ખ ા ર વ ુ ં   હ ો વ ુ ં
ક ર વ ૈ ય ા
દ સ ક ે
ન   વ ા મ ી એ
ન હ ી ં   ર મ ે
ન હ ી ં   સ મ જ ા વ ુ ં
ન   ન ડ !
ન હ ો ત ુ ં   ડ ૂ બ ્ ય ુ ં
સ ડ ી શ
ન   અ પ ા ડ ે
ર ં ગ ર ખ ે
ન હ ો ત ુ ં   આ થ મ ્ ય ુ ં
ડ ર ે
વ િ જ ે ત ા ઓ
ન   દ ો ડ ુ ં
ત પ ા સ ત
ચ ર ખ ા
ન ા ક ા ં એ
શ ણ ગ ા ર ી એ !
દ ો ર ત ુ ં   હ ો વ ુ ં
ચ ં પ ે
જ ત ુ ં   હ ો ત
જ ી ભ ડ ી
ન   આ વ ડ ી એ
ક ૂ ત ર ા ઓ
ન   વ િ ચ ા ર ી એ !
ન હ ી ં   ક ો ત ર ુ ં
આ મ ળ ી શ
વ ા ં ચ શ ો
ન   હ ા ર ે
ન   વ ા વ ે
બ ન વ ા ન ુ ં
ભ ા ળ શ ો
ન   ન ા ખ ે
પ ડ શ ે
છ ત પ ં ખ ે
ત ર ુ ં
જ ી વ ન   વ ી મ ો
લ ા વ ી એ
ન હ ી ં   ન િ ખ ા ર ે
દ સ ક ે
ન હ ી ં   પ ડ ો
ટ ા મ ે ટ ા ં એ
પ ૂ છ ત ુ ં   હ ત ુ ં
ન હ ી ં   ડ ર ુ ં
ન   ગ મ ો
ક ો શ ે ટ ો
ન   ર ડ ો !
ડ ૂ બ ી ન ે
વ ા મ ો !
ન ર ઘ ા ં ઓ
સ ા હ િ ત ્ ય ચ ો ર ત ુ ં   હ ત ુ ં
ક ળ ી ચ ૂ ન ુ ં
ત ા ર ા
ન   સ ્ વ ી ક ા ર ી એ !
ક ૂ ત ર ા
વ ા ં ચ ત
હ ા ર ી શ
દ ા ય ક ા
ન   દ ો ડ ો !
ગ મ ુ ં
વ ા વ ી શ ુ ં
જ મ ે
થ ૂ ં ક ે
દ ો ડ ી શ
ડ ૂ બ ે   છ ે
ન હ ી ં   સ ા હ િ ત ્ ય ચ ો ર ો
સ ં પ ૂ ર ્ ણ પ ણ ા ં ઓ
ન હ ી ં   ક ર ે
ધ ર ત ી ઓ
ટ િ ં ગ ણ િ ય ા ં ઓ
સ ડ ી
શ ક ો !
ન   સ મ જ ા વ ે
ન હ ી ં   લ ા વ ે
ન ૈ ય ે
ડ ા ળ ી
ક ળ ી ચ ૂ ન ા ં ઓ
જ ી વ ન સ ં ધ ્ ય ા એ
વ િ ચ ા ર ી શ ુ ં
આ વ ડ ે
હ ૈ ય ા બ ળ ા પ ા ઓ
ન ૈ ય ે
ન   ન ક ા ર !
બ ન ા ય
સ ળ ગ ો   છ ો
એ ર ં ડ િ ય ા ં એ
ખ ટ ા ર ે
ન હ ી ં   બ ગ ડ ો
હ િ ં ડ ો ળ ો
આ મ ળ ા ઓ
પ ટ ો ળ ા ં
ટ ો ક ળ ા ઓ
જ ી ં જ વ ે
ન   ગ મ ુ ં
આ થ મ ે
અ પ ા ક ર ્ ષ વ ા ન ુ ં
સ ્ વ વ ી મ ો
સ ૂ ં ઘ વ ુ ં   હ ો વ ુ ં
ધ ં ધ ા
ન ા હ ા ઓ
ઉ પ ા ડ ી ન ે
ન   આ પ ે
પ ગ દ ડ ે
ન શ ા
ઉ થ લ ા વ ત ુ ં   હ ત ુ ં
બ ન ુ ં   છ ુ ં
હ ા ર ો
ત બ ક ્ ક ા ઓ
જ ણ ે
વ ી મ ે
શ ે ર ડ ી એ
ન   જ !
પ ી ય ા ઓ
ક ા ં ઠ ા ઓ
મ ર ્ ય ુ ં
ક ો ત ર ો
પ ડ છ ા ય ા ઓ
ક ો ત ર ી   શ ક વ ુ ં
પ ત ં ગ િ ય ા ં ઓ
ન હ ી ં   બ ન ો
ન   હ ા ર ી એ
બ ર ફ ગ ો ળ ે
ત પ ા સ ત ુ ં   હ ો ત
વ ર ્ ત જ ે
આ મ ળ ો
ન હ ી ં   હ ક ા લ ે
ક ા ં દ ે
હ ુ ં પ ણ ે
ટ િ ં ગ ણ િ ય ા ં
ન   જ ન ્ મ !
ન   ન ક ા ર ો
આ વ શ ો
ન   હ ં ક ા ર !
શ ે લ ડ ી ઓ એ
અ છ ૂ ત પ ણ ુ ં
ક ર ત ુ ં   હ ો વ ુ ં
વ ચ ગ ા ળ ા એ
મ ા ર દ ડ ો
ત ર ી શ ુ ં
સ મ જ ી એ !
ટ ો ક ળ ે
વ ા પ ર ે
જ મ શ ો
ન   સ ્ વ ી ક ા ર ો
દ ો ડ ે
આ વ ડ શ ે
ન હ ો ત ુ ં   જ ય ુ ં
આ મ ળ ી એ
ન ા વ ણ િ ય ુ ં
ન હ ી ં   આ મ ળ ે
ચ ૂ ં ઈ એ
ન   ઝ ઘ ડ ો
ન ડ ુ ં   છ ુ ં
વ ા પ ર ી
ર ૂ પ ે
આ મ ળ ત
ન થ ી   વ ા મ ત ુ ં
પ ડ વ ુ ં   હ ો વ ુ ં
ન   ભ ા ળ ુ ં
બ ા જ ર ા ઓ
પ ડ ુ ં   છ ુ ં
બ ગ ડ ુ ં   છ ુ ં
ક ા ન દ ટ ્ ટ ે
સ ૂ ં ઘ ો !
પ ર બ ી ડ િ ય ે
આ મ ળ ી
મ હ િ ન ા ઓ
ચ િ ત ્ ત ે
ઝ ઘ ડ ો
ન હ ી ં   દ ો ર ુ ં
ત પ ા સ શ ે
ન હ ી ં   અ ટ ક ે
બ ન ી   શ ક વ ુ ં
વ ધ ત ુ ં   હ ો ત
વ ી જ આ ં ચ ક ા
અ ટ ક ુ ં   છ ુ ં
ન હ ી ં   વ ા મ ી એ
જ ી વ ન સ ં ધ ્ ય ા ઓ
શ ક ત ુ ં   હ ો વ ુ ં
ન   દ ો ડ ી એ
ન   શ ણ ગ ા ર ી એ !
ન   ડ ર !
ન   દ ો ડ ી એ !
ક ો ત ર ે
બ ન ો !
ભ ા ળ ે   છ ે
જ મ ે   છ ે
સ ડ ત ુ ં   હ ો વ ુ ં
સ મ જ ા વ ે   છ ે
ડ ો ક ા ં ઓ
ધ િ ર ા ણ   વ ી મ ા
ન   ન ક ા ર ે
ગ મ ી શ
વ ર ્ ત ે
હ ી ં ચ ક ા એ
વ ખ ા ણ ી એ
સ ્ વ ી ક ા ર ્ ય ુ ં
ગ મ જ ે
થ ા ળ ી
ત પ ા સ ી શ
ન   ઉ પ ા ડ ી એ
ત ક િ ય ા ઓ
સ ં ત ર ા
ન ા ક ે
છ ક ડ ા ં ઓ
ન   બ ગ ડ ો
ત પ ા સ ુ ં   છ ુ ં
ન   અ પ ા ક ર ્ ષ ી એ
આ મ ળ !
ન હ ી ં   શ ક ી એ
જ મ ુ ં
જ ી વ ન   વ ી મ ા ઓ
ઊ ં ટ ડ ે
હ ક ા લ ે   છ ે
બ ો લ ુ ં
વ ં ટ ો ળ િ ય ે
ત પ ા સ ુ ં
સ ડ ે
વ ા ં ચ ો   છ ો
સ ુ ફ ર િ ય ે
ન   ડ ર ો
ન   બ ગ ડ ી એ
ર ં દ ો
ન હ ી ં   સ ડ ે
ન હ ી ં   ન ક ા ર ુ ં
ન હ ો ત ુ ં   વ ા પ ર ્ ય ુ ં
ક ા ન દ ટ ્ ટ ે
વ ા મ ી ન ે
હ ા ર ી એ !
પ ર ો ણ ા ઓ
ચ ૂ ં ટ ણ ી ઢ ં ઢ ે ર ા એ
થ ૂ ં ક ે
લ ા વ ્ ય ુ ં
જ જ ે
ક ૂ ત ર ો
ન   ન િ ખ ા ર ી એ
આ વ ી   શ ક વ ુ ં
ન હ ી ં   બ ો લ ે
છ ા ર ા ં
ન   આ પ ી એ !
વ ી મ ા ઓ
ન ા હ ે
ન   આ થ મ ુ ં
ન   વ ધ ો !
શ ે લ ડ ી ઓ
દ ી ં ટ ા ં એ
વ િ લ ા ય ત ી   મ ી ઠ ા ં
ક ો ત ર ી એ
ન હ ી ં   હ ા ર ુ ં
ખ ે ડ ત
ન હ ી ં   સ ડ ે
ન સ ક ો ર ે
ન થ ી   પ ૂ છ ત ુ ં
જ ણ જ ો
ન હ ી ં   દ ો ડ ુ ં
બ ા ં ક ડ ે
ક ો ત ર !
બ પ ૈ ય ા
પ ડ ઘ ે
વ ધ ો
ન   ન ા ચ ે
સ ા બ ુ દ ા ણ ા ઓ
ભ ા ળ ત ુ ં   હ ો વ ુ ં
ન થ ી   વ ા વ ત ુ ં
દ ો ર ુ ં
મ ર જ ો
ખ ં ભ ા
હ ા ર શ ો
ચ ૂ ન ા
ઢ ો ક ળ ે
સ લ ા ડ ે
ઢ ગ ર ે
ખ ે ડ ત ુ ં   હ ો વ ુ ં
ન હ ી ં   પ ૂ છ ે
વ ખ ા ણ શ ે
ન ા ખ ત ુ ં   હ ો વ ુ ં
જ ન ્ મ ો   છ ો
અ પ ા ડ ુ ં
અ પ ા ક ર ્ ષ ી
શ ણ ગ ા ર શ ે
સ ં ત ર ા ં ઓ
ન હ ો ત ુ ં   પ ૂ છ ્ ય ુ ં
ભ મ ર ડ ા
ગ ો ળ ે
ડ ૂ બ ુ ં
આ ટ ો
ખ ં ભ ા
ન   વ ર ્ ત ો
અ થ ા ણ ા ં એ
ખ ે લ ા ડ ી ઓ એ
ન હ ા ઈ એ
ન ક ા ર ુ ં
ન ડ ી એ
ક ે દ ખ ા ન ુ ં
ન   ર મ ી એ !
સ ા હ િ ત ્ ય ચ ો ર ી   શ ક વ ુ ં
ચ ા ં ચ િ ય ે
ન હ ી ં   આ વ ુ ં
સ ા હ િ ત ્ ય ચ ો ર ત
ક ર વ ા ન ુ ં
દ ે ડ ક ા
પ ર બ ી ડ િ ય ે
ન હ ો ત ુ ં   મ ર ્ ય ુ ં
અ પ ા ક ર ્ ષ ુ ં   છ ુ ં
થ ૂ ં ક !
શ ક શ ો
સ ળ ગ ી શ
ઉ થ લ ા વ વ ુ ં   હ ો વ ુ ં
શ ક ી શ
આ મ ળ ે   છ ે
ન   ન ડ ુ ં
જ ણ શ ે
ગ મ ા ય
આ થ મ ે
પ ા ક વ ી મ ા
સ ા હ િ ત ્ ય ચ ો ર વ ા ન ુ ં
મ ો જ ા ં ઓ
ખ ે ડ ત ુ ં   હ ો વ ુ ં
ફ ુ ગ ા વ ા
ન ૈ ય ે
પ ટ ો ળ ા ં એ
દ ો ર ે   છ ે
ઉ પ ા ડ ી
ફ ુ ગ ા વ ા એ
પ ી ળ ા પ ણ ા ં એ
છ ક ડ ા ં ઓ
હ ં ક ા ર ે
ન   શ ણ ગ ા ર ી એ
દ ા ય ક ે
સ ડ ી એ   છ ી એ
ન   આ મ ળ ો !
ત પ ા સ ત ુ ં   હ ો વ ુ ં
વ ા મ ે
સ ો ન ા ં એ
અ ગ ન ગ ો ળ ે
ન   ત ર ુ ં
ન થ ી   સ ળ ગ ત ુ ં
પ ડ ો
દ ો ડ ે   છ ે
ડ ૂ બ ત ુ ં   હ ો ત
ભ ા ળ શ ે
ન   વ ા મ ી એ !
ન   ક ર ે
દ ો ર ી શ ુ ં
ડ ર ્ ય ુ ં
વ ી જ થ ા ં ભ લ ે
ન હ ી ં   સ મ જ ે
ન   આ વ ડ ી એ !
છ ત ્ ર ી વ ા જ ુ ં ા ં ઓ
ઝ ા ં પ ે
હ ં ક ા ર ે
ક ર વ ૈ ય ે
ન   દ ો ડ ે
ન   મ ર ુ ં
ન હ ી ં   દ ો ર ે
ધ ડ ા એ
ક ો શ ે ટ ે
શ ક ત ુ ં   હ ો વ ુ ં
ન ર ગ ો ટ ે
જ ી ભ ડ ી ઓ એ
ન િ શ ા ળ િ ય ે
જ ન ્ મ ી   શ ક વ ુ ં
પ ડ !
હ ૈ ય ુ ં
સ ડ ી   શ ક વ ુ ં
ન   ન ક ા ર ી એ
સ મ જ ા વ ો !
ન હ ી ં   વ ા ં ચ ે
જ ઈ એ
ન   ર ડ ી એ
ન   જ ણ ો
ન   સ ા હ િ ત ્ ય ચ ો ર ે
સ ા બ ુ દ ા ણ ે
પ ી ય ે
ભ ા ળ ી શ
ક ા ં ઠ ે
ન   બ ો લ ો !
વ ા વ શ ે
ન   વ ધ ે
ગ મ ે
આ મ ળ શ ે
ન હ ી ં   ર મ ુ ં
શ ક શ ે
ન   ઉ થ લ ા વ ી એ !
સ ં ઘ ા ડ ા ઓ
સ ૂ ં ઘ ી એ
અ પ ા ય
ક ે દ ખ ા ન ા
બ જ વ ૈ ય ે
સ ં પ ૂ ર ્ ણ પ ણ ે
ઘ સ િ ય ા એ
અ ર ી સ ા એ
આ પ ે   છ ે
વ િ જ ે ત ા ઓ એ
ઝ ઘ ડ !
ન હ ી ં   શ ણ ગ ા ર ી એ
શ ક ત ુ ં   હ ો ત
જ ન ્ મ શ ો
દ ો ર ે
ન િ શ ા ળ િ ય ો
હ ં ક ા ર ી એ !
સ ડ ી એ
ન િ શ ા ળ િ ય ા ઓ
ન િ ભ ા ડ ા
હ ૈ ય ા બ ળ ા પ ા
ભ ા ળ ુ ં
આ મ ળ ી એ !
ન   વ ખ ા ણ ી એ !
સ ્ વ ી ક ા ર ત ુ ં   હ ત ુ ં
ન   સ મ જ ી એ !
જ ણ ી   શ ક વ ુ ં
વ ખ ા ણ ે
થ ા પ ો
વ િ જ ે ત ા ઓ
ન હ ી ં   સ ડ ો
ન હ ી ં   આ પ ો
ક ો ગ ળ િ ય ા ં
થ ૂ ં ક ત
પ ૂ છ ી
ડ ૂ બ ી એ   છ ી એ
ન   હ ગ !
ઉ પ ા ડ જ ે
વ ી જ થ ા ં ભ લ ે
ન હ ી ં   આ વ ી એ
ક ો ળ ે
વ ા વ ે   છ ે
ક ે દ ખ ા ન ા ં ઓ
આ થ મ ુ ં   છ ુ ં
આ વ ે
પ ા ક વ ી મ ો
આ વ ડ !
સ ા હ િ ત ્ ય ચ ો ર જ ો
લ ા વ ી શ ુ ં
પ ગ ર ખ ા ં ઓ
જ ન ્ મ ો
ખ ે વ ૈ ય ા ઓ
વ ા ં ચ ત ુ ં   હ ો વ ુ ં
ન હ ો ત ુ ં   અ પ ા ક ર ્ ષ ્ ય ુ ં
વ ી જ બ ત ્ ત ી ઓ એ
ખ ં ભ ે
સ સ લ ી ઓ
ન હ ી ં   બ ન ુ ં
અ ં ગ ૂ ઠ ા ઓ
ક ો શ ે ટ ે
ચ ા ં ચ િ ય ે
આ થ મ ુ ં
પ ગ દ ડ ા
બ ો લ જ ે
શ ણ ગ ા ર ો
ચ ા ં ચ િ ય ા
ન ક ા ર ત ુ ં   હ ો ત
બ ં બ ા એ
ન હ ી ં   જ ણ ુ ં
ત ક િ ય ો
ન હ ી ં   ન ા ખ ે
ટ ા મ ે ટ ા ં ઓ
ડ ા ળ ી ઓ એ
હ ા ર ત ુ ં   હ ત ુ ં
થ ૂ ં ક ુ ં
ન   લ ા વ ો
ન   ન ા ચ ો !
વ ધ ો !
ન   ગ મ ે
ન થ ી   ન િ ખ ા ર ત ુ ં
ડ ર ી ન ે
વ ા વ શ ો
હ ં ક ા ર ી એ
પ પ ૈ ય ે
ધ ં ધ ે
સ ા હ િ ત ્ ય ચ ો ર ુ ં
છ ો ક ર ે
સ ા હ િ ત ્ ય ચ ો ર શ ે
સ ્ વ ી ક ા ર ે   છ ે
ન   અ પ ા ડ ો
આ પ ી એ   છ ી એ
પ ડ ઘ ે
વ ા વ ી શ
ન   આ થ મ ે
વ ધ ો   છ ો
દ ી પ ડ ો
ન હ ી ં   અ પ ા ડ ે
સ ્ વ વ ી મ ા
ર મ ી
ગ મ જ ો
સ ા બ ુ દ ા ણ ે
જ ણ ે   છ ે
સ ં ઘ ા ડ ે
ન ડ ત ુ ં   હ ો ત
લ ા વ ો
ક ા ન દ ટ ્ ટ ા એ
ર ડ ી ન ે
વ ર ્ ત !
ન હ ી ં   વ ખ ા ણ ુ ં
ચ ૂ ં ટ ણ ી ઢ ં ઢ ે ર ો
છ ો ક ર ા ઓ
સ મ ુ દ ્ ર ક ા ં ઠ ા
ન   હ ક ા લ ો
ન ક ા ર ત ુ ં   હ ો વ ુ ં
ટ ા મ ે ટ ે
પ ડ ી એ
હ ં ક ા ર ો !
શ ક ો
ઢ ગ ર ા
સ ૂ ં ઘ ે
ન   અ પ ા ક ર ્ ષ ો !
છ ો ક ર ે
અ મ ળ ા ય
પ ર બ ી ડ િ ય ા
સ ા હ િ ત ્ ય ચ ો ર ત ુ ં   હ ો વ ુ ં
વ ા મ ી એ
દ ો ડ ો   છ ો
ઉ ટ ા ં ટ િ ય ે
પ ્ ય ા લ ા
ઈ ં ટ વ ા ડ ા ઓ
પ ડ ઘ ા એ
હ ગ જ ો
ન   જ ન ્ મ ે
ન દ ી ઓ એ
સ ા હ િ ત ્ ય ચ ો ર ી શ
ખ ે ડ ી શ ુ ં
અ છ ૂ ત પ ણ ા ં
જ ય   છ ે
લ ા વ !
ત બ ક ્ ક ા
પ ૂ છ ુ ં
વ ા પ ર વ ુ ં   હ ો વ ુ ં
ર મ ી એ   છ ી એ
ન હ ી ં   જ ણ ી એ
ન   જ ન ્ મ ી એ
સ ા બ ુ દ ા ણ ે
થ ા ળ ી એ
આ વ ડ ો   છ ો
સ ્ વ ી ક ા ર ા ય
વ િ ચ ા ર ે
ન હ ી ં   સ મ જ ા વ ી એ
અ પ ા ક ર ્ ષ ો
ન   વ ર ્ ત ી એ
ન ા ચ ી એ
ક ે દ ખ ા ન ા ં
ન સ ક ો ર ા ં ઓ
હ ા ડ ક ા ં ઓ
ન   હ ગ ી એ
સ ા હ િ ત ્ ય ચ ો ર શ ે
અ પ ા ડ ો
આ વ ત
દ ો ડ ો !
ન   સ મ જ ી એ
સ ા હ િ ત ્ ય ચ ો ર ે   છ ે
બ ો લ ે
સ સ લ ી
સ ળ ગ ે
ગ ા ં જ ા ઓ
ક ર વ ૈ ય ે
અ ઠ વ ા ડ િ ય ે
અ ં ગ ૂ ઠ ા
ફ િ ર સ ્ ત ા ઓ
ઈ ં ટ વ ા ડ ા ઓ
દ સ ક ા ઓ
વ ા પ ર ી એ
ચ ુ ક ા દ ે
ન હ ી ં   ક ો ત ર ો
ન ા ચ ી   શ ક વ ુ ં
શ ક ી શ
ચ િ ચ ો ડ ે
એ ર ં ડ િ ય ા ં ઓ
વ ખ ા ણ શ ો
સ મ જ શ ે
ર ડ જ ો
વ ા પ ર ી એ   છ ી એ
ત ડ ક ે
ન   સ મ જ ા વ ો
ન હ ા ઈ   શ ક વ ુ ં
ર મ ત
થ ા ળ ી ઓ એ
સ ળ ગ જ ો
ન થ ી   અ પ ા ક ર ્ ષ ત ુ ં
ફ ુ ગ ા વ ા
ત ડ ક ો
ન હ ો ત ુ ં   ડ ર ્ ય ુ ં
જ ણ જ ે
દ ો ડ ી શ
ન હ ી ં   સ ડ ુ ં
ત ર ત
ન ર ગ ો ટ ે
ન િ ખ ા ર !
ડ ર ી એ
દ સ ક ા એ
ત ા વ ડ ી વ ા જ ા
સ ા હ િ ત ્ ય ચ ો ર ી એ   છ ી એ
જ ડ બ ા
દ ો ર ી શ
વ ં શ ા વ ળ ી ઓ
સ મ જ ા વ જ ો
ઉ પ ા ડ ત ુ ં   હ ો વ ુ ં
અ ઠ વ ા ડ િ ય ે
ર ં ગ ર ખ ા ં
સ લ ા ડ ા
હ ા ર ે
ન હ ી ં   લ ા વ ુ ં
પ પ ૈ ય ા
સ લ ા ડ ા ં ઓ
આ મ ળ વ ુ ં   હ ો વ ુ ં
પ ડ છ ા ય ો
ચ ૂ ં ઈ ઓ
ક ર ે
પ ી ળ ા પ ણ ે
મ ર ુ ં
મ ર ે
ત પ ા સ જ ે
ત પ ા સ ી ન ે
ન ર ઘ ા
પ ગ ર ખ ા ં ઓ
ન   ન હ ા ઈ એ !
ત પ ા સ ે
છ ો ક ર ે
જ ન ્ મ ત ુ ં   હ ો ત
ન   ભ ા ળ ો !
હ ગ ા ય
ન   દ ો ર ે
પ ી છ ા ં એ
અ છ ૂ ત પ ણ ે
જ ી વ ન સ ં ધ ્ ય ા ઓ એ
ન થ ી   ક ો ત ર ત ુ ં
વ ર ્ ત ો
ન હ ો ત ુ ં   ઝ ઘ ડ ્ ય ુ ં
હ ં ક ા ર શ ે
ન હ ી ં   બ ો લ ી એ
આ મ ળ ે
પ ડ ્ ય ુ ં
ન થ ી   જ ણ ત ુ ં
ક ા ં ઠ ા
દ ો ડ ો
ન   ર મ ુ ં
થ ૂ ં ક ી શ
બ ગ ડ ત ુ ં   હ ો વ ુ ં
શ ણ ગ ા ર જ ો
હ ૈ ય ે
વ ર ્ ત ી એ   છ ી એ
વ ા મ ી   શ ક વ ુ ં
સ ા ગ ુ દ ા ણ ે
ર મ ક ડ ા
થ ા ળ ી વ ા જ ે
થ ા ળ ી
ન થ ી   ડ ૂ બ ત ુ ં
ન ા ખ ી એ
ઉ થ લ ા વ ી
પ ટ ો ળ ે
ક ો ત ર ત
ક ર ો   છ ો
વ ા મ ે
સ ો ન ા ં
દ ો ર શ ે
ન હ ી ં   મ ર ે
ન હ ો ત ુ ં   ર મ ્ ય ુ ં
ન થ ી   અ પ ા ડ ત ુ ં
ન હ ી ં   જ ન ્ મ ે
આ વ જ ો
ન   જ ન ્ મ ો
સ ્ વ ી ક ા ર ો !
પ ત ં ગ િ ય ા ં ઓ
ર મ ક ડ ે
આ પ ે
ન િ ખ ા ર ે
આ થ મ ી એ !
ન   જ ણ ુ ં
ડ ર ત ુ ં   હ ો વ ુ ં
ર મ ે   છ ે
જ મ ે
ન   બ ગ ડ ે
સ મ જ ી એ
દ ો ર ે
પ ુ સ ્ ત ક મ ે ળ ા એ
સ લ ા ડ ા ં એ
ડ ર ે
ક ો ત ર ુ ં
બ ા ં ક ડ ો
મ ર ો   છ ો
અ પ ા ડ ત ુ ં   હ ો વ ુ ં
બ ગ ડ ી શ
ન િ શ ા ળ િ ય ે
બ ર ફ ગ ો ળ ા ઓ
ન   અ પ ા ક ર ્ ષ ો
પ ડ ા ય
જ ડ બ ુ ં
બ ો લ જ ો
જ મ ી શ
શ ક ી
ઘ ર વ ે ર ે
હ ગ ો
સ મ જ ા વ ે
સ ુ ફ ર િ ય ા ં
પ ્ ય ા લ ા
હ િ ં ડ ો ળ ા એ
શ ણ ગ ા ર વ ા ન ુ ં
અ બ ા બ ી લ   લ ટ ો ર ે
બ ગ ડ ુ ં
ખ ે ડ ી એ   છ ી એ
લ ા વ વ ા ન ુ ં
ચ ૂ ં ઈ ઓ એ
ખ ે ડ ો
અ પ ૈ ય ે
ન   સ ડ ી એ !
ન   ક ો ત ર ી એ !
સ ્ વ ી ક ા ર ે
મ ા ં ડ વ ો
વ િ લ ા ય ત ી   મ ી ઠ ે
ન   બ ન ો !
આ પ ત ુ ં   હ ત ુ ં
ડ ો ક ા ં
ભ ા ળ ુ ં
ન   વ િ ચ ા ર ો
ન ડ શ ો
ડ ૂ બ ો !
આ થ મ ો   છ ો
ન   હ ગ ે
બ ગ ડ જ ો
ચ િ ત ્ ત ા
વ ા ં ચ ી એ   છ ી એ
વ િ લ ા ય ત ી   મ ી ઠ ા ં ઓ
ખ ે ડ ે
પ ૂ છ શ ો
ક ઠ િ ય ા ર ા
ન હ ી ં   ન ડ ે
છ ે ક ણ ી
મ ી ઠ ે
ન હ ી ં   ન ા ખ ે
પ ડ શ ો
ન હ ી ં   ઝ ઘ ડ ે
ઘ ર વ ે ર ે
ન   થ ૂ ં ક ુ ં
સ મ જ ા વ ી
હ ક ા લ ો
સ મ જ ુ ં
પ ૂ છ ી એ   છ ી એ
ન   સ ળ ગ ુ ં
ભ ા ળ જ ો
ન ા હ ા એ
લ ા વ ે
પ પ ૈ ય ા ં ઓ
ન ડ ો
બ ગ ડ ી એ
આ વ ો
દ ે ડ ક ા ં ઓ
બ ા જ ર ા
વ ખ ા ણ ે
ત બ ક ્ ક ે
ચ િ ત ્ ત ા એ
ત ા વ ડ ી વ ા જ ે
ફ ગ િ ય ો
સ ળ ગ ો !
ક ો ગ ળ િ ય ે
હ ી ં ચ ક ે
થ ૂ ં ક ો
ઉ ટ ા ં ટ િ ય ા ં એ
ત પ ા સ જ ો
અ ઠ વ ા ડ િ ય ા ં ઓ
ડ ા ઘ ા
શ ણ ગ ા ર ો
વ ધ ્ ય ુ ં
વ ા પ ર વ ા ન ુ ં
મ ો ર િ ય ે
ઘ ો ડ ે
ક ર ી
મ ર ો
ક ો ળ ા
ર મ શ ો
આ થ મ !
મ ર ો
ઘ ો ડ ી ઓ એ
વ ધ વ ા ન ુ ં
ધ ડ ે
જ ણ ે
છ ત પ ં ખ ા
ક ા ં ઠ ે
ક ૂ ત ર ા એ
જ ઉ ં
ત ર !
અ ગ ન ગ ો ળ ા એ
મ ર ુ ં
ગ ા ં જ ા
વ ધ ી એ
ઢ ો ક ળ ુ ં
આ વ ો
દ ો ર !
શ ે લ ડ ી ઓ એ
જ ન ્ મ ી એ !
ખ ે ડ શ ો
જ મ ી એ
અ ફ ી ણ િ ય ે
વ ર ્ ત ી શ
ટ ા મ ે ટ ે
ડ ૂ બ ુ ં
છ ત પ ં ખ ે
બ ા ં ક ડ ે
જ હ ા જ વ ા ડ ા ઓ
ઝ ઘ ડ ુ ં
ઝ ઘ ડ ી
થ ૂ ં ક ુ ં
ચ ૂ ન ે
ન ૈ ય ા ં ઓ
આ મ ળ ે
ક ઠ િ ય ા ર ે
સ ં ભ ા ર ણ ે
વ ર ્ ત ત
વ ા પ ર ે
વ ર ્ ત શ ે
ર ં દ ે
દ ી પ ડ ે
સ ્ વ ી ક ા ર ત
સ ા હ િ ત ્ ય ચ ો ર ી ન ે
ત પ ા સ ુ ં
પ ે ચ િ ય ા ં ઓ
ડ ા ઘ ા
સ ં પ ૂ ર ્ ણ પ ણ ે
દ ો ડ ી
ડ ૂ બ ત
ર ં ગ ર ખ ે
આ થ મ ી એ
વ ખ ા ણ ્ ય ુ ં
પ ા ક વ ી મ ે
શ ક ી શ ુ ં
સ ્ વ ી ક ા ર ી એ
ભ મ ર ડ ા
અ પ ૈ ય ે
ક ચ ક ડ ા ં એ
ઢ ો ક ળ ા ં એ
હ ા ર ુ ં
ન ક ા ર ી ન ે
બ ગ ડ ્ ય ુ ં
ચ ે વ ડ ે
એ ર ા ં
ગ ા ં જ ો
ર સ ી ઓ
આ ં બ ા વ ા ડ િ ય ા
ક ં સ ા ર ે
હ ા ડ ક ા ં ઓ
સ મ જ ા વ ુ ં
અ પ ા ક ર ્ ષ ત
ચ ે લ ી
ચ ૂ ન ા ઓ
અ પ ા ક ર ્ ષ ્ ય ુ ં
આ મ ળ ા એ
ઝ ઘ ડ ી એ !
પ ે ચ િ ય ે
સ ્ વ ી ક ા ર ી એ !
સ ૂ ં ઘ ્ ય ુ ં
ચ ુ ક ા દ ા એ
ર મ જ ે
ઉ થ લ ા વ ્ ય ુ ં
ર મ ુ ં
ક ા ં સ ક ે
ન ડ ા ય
ફ ે ફ સ ે
ક ર ુ ં
ફ ુ ગ ા વ ે
ત ર ી ન ે
ત પ ા સ શ ો
ચ િ ચ ો ડ ા એ
ક ર ી એ
સ ડ શ ો
ન િ શ ા ળ િ ય ે
મ ર શ ે
ત ર શ ો
ભ ા ળ ી એ !
છ ો ક ર ા
જ ન ્ મ ો !
હ ી ં ચ ક ા ઓ
સ ળ ગ જ ે
જ હ ા જ વ ા ડ ે
વ ા મ જ ો
ન ચ વ ૈ ય ે
મ ા ં ડ વ ે
સ ા ગ ુ દ ા ણ ે
થ ૂ ં ક ી ન ે
વ પ ર ા ય
વ ા વ ા ઝ ો ડ ા ં ઓ
ફ ુ વ ા ર ા એ
સ ં ભ ા ર ણ ા ં ઓ
ઉ થ લ ા વ ુ ં
ટ િ ં ગ ણ િ ય ા
જ ન ્ મ ી શ
ગ વ ૈ ય ે
ક ો ગ ળ િ ય ુ ં
સ ા ગ ુ દ ા ણ ા
બ ગ ડ વ ા ન ુ ં
ન શ ો
ન ો ર ત ે
પ ર ો ણ ે
ત ર ે
ગ ા ં જ ા એ
પ ્ ય ા લ ા એ
ત ક િ ય ે
ન સ ક ો ર ા
ન ા વ ણ િ ય ા ં ઓ
ન ા ચ ે
છ ા ર ા ં ઓ
છ ૂ ં દ ે
હ ક ા લ ે
જ ન ્ મ ે
સ ં ભ ા ર ણ ે
શ ણ ગ ા ર ી એ
હ ૈ ય ા બ ળ ા પ ા એ
ડ ો ક ે
ફ ૂ લ ે
ન ા ચ ો
વ ચ ગ ા ળ ે
હ ા ડ ક ા ં એ
પ ત ં ગ િ ય ુ ં
ન િ ખ ા ર ી એ !
ક ો શ ે ટ ા ઓ
સ મ જ જ ો
ન સ ક ો ર ે
લ ા વ જ ો
મ ર શ ો
વ ા વ વ ા ન ુ ં
ન િ ખ ા ર શ ે
ઉ પ ા ડ ી એ
છ ે ક ણ ી એ
ડ ર શ ો
જ ણ ો !
ક ો ળ ે
દ ે ડ ક ે
બ ા જ ર ો
અ ટ ક શ ો
સ ં ત ર ે
ખ ટ ા ર ા એ
ગ ો ળ ે
આ પ ત
પ ગ ર ખ ે
ન ા ખ ે
ટ ો પ લ ી દ ડ ા એ
ર ૂ પ ા ં એ
અ પ ા ક ર ્ ષ !
સ ્ વ વ ી મ ે
ખ ે ડ ુ ં
આ મ ળ ો
ક ો ત ર ો
ક ી ડ ો
બ ો લ ો
દ ો ર ુ ં
અ પ ા ડ જ ે
વ ખ ણ ા ય
વ િ ચ ા ર ો !
પ ૂ છ શ ે
દ ો ડ જ ો
આ ં ક ડ ો
ચ ર ખ ો
ક ા ં સ ક ો
ર ડ ્ ય ુ ં
ર ં ગ ર ખ ા ં એ
આ ં ક ડ ે
મ ો જ ા
પ ડ વ ા ન ુ ં
વ ા મ શ ો
પ થ ્ થ ર મ ા ર ો
ક ર ો !
ઢ ો ક ળ ે
ન હ ા ય
ક ી ડ ે
વ િ ચ ા ર ો
ક ચ ક ડ ા
લ ા વ ી શ
વ ા ં ચ જ ો
ક ો ત ર ી શ
ઢ ો ક ળ ે
ન ડ જ ે
થ ા ળ ી ઓ
પ ી ણ ુ ં
જ ન ્ મ ી એ
વ ા ં ચ ી શ ુ ં
અ પ ા ડ જ ો
ગ વ ૈ ય ો
ત ા ર ો
પ ત ં ગ િ ય ા ં એ
બ પ ૈ ય ો
ક ો શ ે ટ ા ઓ
ક ી ડ ા
ઓ ર ડ ા એ
અ ટ ક ી શ
સ ં ઘ ા ડ ો
મ ા થ ે મ ી ં ડ ા ં ઓ
મ ો જ ે
પ ૂ છ ો
સ ા હ િ ત ્ ય ચ ો ર ી શ ુ ં
ભ ા વ વ ધ ા ર ા એ
