ન   વ ા પ ર ો !
ન હ ી ં   જ ય
ન ક ા ર ી એ   છ ી એ
છ ા ર ા ં એ
બ ન ુ ં
વ ં શ ા વ ળ ી ઓ એ
દ ા ય ક ે
ન   ડ ૂ બ ે
હ િ ં ડ ો ળ ા
ન હ ી ં   જ મ ુ ં
વ ા વ ા ઝ ો ડ ા ં
ભ મ ર ડ ે
વ ધ જ ે
ક ો શ ે ટ ા
ન   આ વ ડ ો !
ન   બ ો લ !
છ ે ક ણ ી એ
ઊ ં બ ર ો ા
વ િ લ ા ય ત ી   મ ી ઠ ા ં એ
ન ડ ો   છ ો
દ ો ર શ ે
મ ો ં ઘ વ ા ર ી એ
ન ા વ ણ િ ય ે
ધ િ ર ા ણ   વ ી મ ા
ત ર ુ ં
આ ં ક ડ ા
ઊ ં ટ ડ ે
હ ં ક ા ર ી
સ સ લ ી ઓ એ
આ વ વ ા ન ુ ં
ઉ ટ ા ં ટ િ ય ા ં ઓ
અ પ ા ડ ી શ ુ ં
ન   ક ર !
ઘ ો ડ ી એ
ફ ૂ દ ા
ત પ ા સ ત ુ ં   હ ો વ ુ ં
ન   આ વ ડ !
સ ૂ ં ઘ ી ન ે
સ ડ વ ુ ં   હ ો વ ુ ં
ર મ ો   છ ો
ન હ ી ં   આ વ ડ ે
આ ં બ ા વ ા ડ િ ય ે
સ ડ ી શ
ક ો ત ર વ ુ ં   હ ો વ ુ ં
વ ધ ે   છ ે
આ ં બ ા વ ા ડ િ ય ુ ં
ન હ ી ં   સ મ જ ી એ
ઉ પ ા ડ ે
ન   મ ર ે
અ ર ી સ ે
ર ડ ુ ં   છ ુ ં
ન   વ િ ચ ા ર ે
ન િ ખ ા ર શ ે
સ ં ભ ા ર ણ ા ં
ન   ત પ ા સ ો
થ ા ળ ી એ
સ ા હ િ ત ્ ય ચ ો ર ે   છ ે
ક ો ત ર ી શ ુ ં
જ વ ા ય
દ ો ર ી એ !
અ ટ ક ત ુ ં   હ ત ુ ં
ટ ો પ લ ી દ ડ ે
થ ૂ ં ક ્ ય ુ ં
આ મ ળ શ ો
ક ુ ં વ ા ર પ ા ઠ ા ં એ
અ પ ા ડ ી   શ ક વ ુ ં
ફ િ ર સ ્ ત ે
ર સ ી
ન હ ી ં   ન િ ખ ા ર ે
ન   સ મ જ ા વ !
ત ર ો   છ ો
આ પ ી શ
દ ી ં ટ ા ં ઓ
ન   ક ો ત ર !
ન   આ વ ુ ં
ચ ે લ ા ં ઓ
હ ા ર વ ા ન ુ ં
સ લ ા ડ ા ં
ન હ ી ં   જ ય
ફ િ ર સ ્ ત ા
આ મ ળ ી એ
ન   વ ા મ !
ન હ ી ં   આ થ મ ુ ં
ન   વ ા મ ે
ર ડ ુ ં
ન હ ા વ ુ ં   હ ો વ ુ ં
આ થ મ શ ે
પ ૂ છ ત
આ વ ે   છ ે
ન   ઉ પ ા ડ !
ન હ ી ં   ન હ ા ય
ફ ૂ દ ે
વ ા મ ી શ ુ ં
ચ ં પ ા
જ ન ્ મ ા ય
ન ક ા ર ો
ન હ ી ં   ત ર ે
ન   હ ં ક ા ર ે
ર મ !
સ ્ વ ી ક ા ર ુ ં   છ ુ ં
ન   હ ક ા લ ો !
વ ર ્ ત શ ે
દ સ ક ા
વ ા વ ા ઝ ો ડ ા ં ઓ
ન   ર ડ ે
બ ો લ ે   છ ે
સ લ ા ડ ે
મ ર ી એ !
ન હ ી ં   જ ણ ો
બ ન ે
ટ ો ક ળ ો
શ ણ ગ ા ર ી   શ ક વ ુ ં
મ ા ર દ ડ ે
ક ો ળ ા ં એ
ન ક ા ર જ ો
લ ા વ વ ુ ં   હ ો વ ુ ં
ઉ ટ ા ં ટ િ ય ા
હ ં ક ા ર ્ ય ુ ં
ઉ પ ા ડ ી એ   છ ી એ
હ ી ં ચ ક ા
ધ ં ધ ા એ
વ ધ ી એ   છ ી એ
ન હ ા ત ુ ં   હ ો વ ુ ં
ધ ર ત ી ઓ
આ વ શ ે
ર ં દ ા એ
જ ન ્ મ ત ુ ં   હ ો વ ુ ં
ન   શ ક ે
ન   વ ધ ુ ં
ન હ ા ઈ એ !
ન થ ી   આ વ ડ ત ુ ં
ચ િ ત ્ ત ો
હ ગ ી એ !
ન િ ખ ા ર ો   છ ો
અ ઠ વ ા ડ િ ય ુ ં
ડ ૂ બ ે
ન હ ો ત ુ ં   ગ મ ્ ય ુ ં
વ ા ં ચ ે   છ ે
ચ ા દ ા ન ી એ
જ ી વ ન સ ં ધ ્ ય ા ઓ
ગ ો ળ ા ઓ
આ વ ી એ !
હ ં ક ા ર ુ ં
સ ડ શ ે
ક ર ી એ   છ ી એ
ન   આ મ ળ ે
વ ા વ શ ે
સ ્ વ ી ક ા ર ી એ
ભ મ ર ડ ે
આ વ ડ ત
ન   જ ઓ
ડ ર ે   છ ે
અ છ ૂ ત પ ણ ે
ન હ ી ં   જ ઓ
હ ગ ી એ
વ ધ ા ય
અ પ ા ડ ો   છ ો
થ ા ળ ી વ ા જ ે
ફ ૂ લ ા ં
ગ ો ળ ા ઓ
વ ર ્ ત ા ય
સ ળ ગ ા ય
સ ્ વ વ ી મ ે
પ ટ ો ળ ા
ચ ા મ ા ચ ી ડ િ ય ે
વ ં શ ા વ ળ ી ઓ એ
ડ ૂ બ ત ુ ં   હ ત ુ ં
ન હ ી ં   સ ા હ િ ત ્ ય ચ ો ર ે
ડ ૂ બ ી   શ ક વ ુ ં
ક ર ે   છ ે
અ ફ ી ણ િ ય ા ઓ
સ ૂ ં ઘ ા ય
સ ્ વ ી ક ા ર શ ો
ન હ ી ં   સ ળ ગ ે
ઉ પ ા ડ ી એ
ન હ ી ં   હ ં ક ા ર ે
ભ ા વ વ ધ ા ર ો
ત પ ા સ ી એ
વ ર ્ ત વ ુ ં   હ ો વ ુ ં
થ ૂ ં ક શ ો
વ ધ ે
હ ં ક ા ર ી એ   છ ી એ
વ ી મ ો
બ ો લ ી શ ુ ં
વ ા પ ર ુ ં   છ ુ ં
ડ ા ઘ ા ઓ
ક ે દ ખ ા ન ે
ત બ ક ્ ક ો
દ ા ં ત િ ય ા
ન ક ા ર ુ ં   છ ુ ં
ક ૂ ત ર ે
થ ા ળ ી વ ા જ ુ ં
વ િ જ ે ત ા ઓ એ
બ પ ૈ ય ા ઓ
ન ા ખ ી એ   છ ી એ
સ મ જ ી એ   છ ી એ
ડ ૂ બ ત ુ ં   હ ો વ ુ ં
ક ુ ં વ ા ર પ ા ઠ ા ં
ચ ે વ ડ ે
જ મ ્ ય ુ ં
ક ા ં સ ક ે
ન ર ગ ો ટ ા ઓ
સ ં ઘ ા ડ ા ઓ
સ ળ ગ વ ુ ં   હ ો વ ુ ં
સ ડ ત ુ ં   હ ો વ ુ ં
ડ ૂ બ જ ે
ન હ ી ં   સ ્ વ ી ક ા ર ે
ન હ ી ં   વ ા પ ર ી એ
હ ા ર ી એ
ઝ ઘ ડ ે
ધ ડ ો
ન   ગ મ ે
સ ્ વ ી ક ા ર જ ો
આ વ ો   છ ો
ન િ શ ા ળ િ ય ા
સ ં ઘ ા ડ ા એ
વ ા વ ી ન ે
ન હ ી ં   શ ણ ગ ા ર ો
ન હ ી ં   સ ળ ગ ો
ન થ ી   જ ન ્ મ ત ુ ં
હ ા ડ ક ે
અ પ ા ડ ી એ !
ક ર ત ુ ં   હ ો વ ુ ં
ત ર ી એ   છ ી એ
બ ા ળ   લ ક વ ા ઓ
ન થ ી   સ ્ વ ી ક ા ર ત ુ ં
હ ો વ ા પ ણ ા ં એ
ચ ર ખ ા ઓ
સ મ જ ત
શ ણ ગ ા ર ્ ય ુ ં
ડ ો ક ે
ન   લ ા વ ુ ં
ચ િ ચ ો ડ ે
અ ં ગ ૂ ઠ ે
ક ર ી ન ે
મ ો ર િ ય ા
વ ા ં ચ વ ુ ં   હ ો વ ુ ં
ક ા ં સ ક ા ઓ
એ ર ં ડ િ ય ુ ં
ર ા જ ી ન ા મ ા ં એ
સ ળ ગ ુ ં   છ ુ ં
ન   સ ળ ગ ો
આ પ ી એ
ન િ શ ા ળ િ ય ા
આ ટ ે
થ ા પ ા ઓ
ન   ન ડ ે
ચ ા ડ િ ય ે
દ ો ર ી શ
હ ૈ ય ા બ ળ ા પ ે
મ ે હ ુ લ િ ય ો
સ ૂ ં ઘ ી   શ ક વ ુ ં
સ ળ ગ જ ે
વ ખ ા ણ ે
સ ળ ગ ો !
અ ટ ક ો
ક ો ગ ળ િ ય ુ ં
ન થ ી   આ પ ત ુ ં
સ ૂ ં ઘ ત ુ ં   હ ો વ ુ ં
ઉ પ ા ડ ે   છ ે
ન   ખ ે ડ ે
ડ ૂ બ ુ ં   છ ુ ં
ન   વ ા ં ચ ુ ં
વ ખ ા ણ ત ુ ં   હ ો વ ુ ં
સ મ જ ા વ ુ ં   છ ુ ં
ક ો ત ર શ ે
ક ો ત ર ત ુ ં   હ ો વ ુ ં
ન   ન ા ચ ો
ત ર ત ુ ં   હ ો ત
ન હ ી ં   વ ધ ે
વ ા વ ી   શ ક વ ુ ં
બ ન ત ુ ં   હ ો ત
ગ મ વ ુ ં   હ ો વ ુ ં
ભ ા વ વ ધ ા ર ે
અ પ ા ક ર ્ ષ ે   છ ે
ર ા જ ી ન ા મ ુ ં
છ ા ર ા ં ઓ
ન   અ પ ા ક ર ્ ષ ુ ં
અ પ ા ક ર ્ ષ ત
ન   સ ા હ િ ત ્ ય ચ ો ર ી એ !
ચ ં પ ા ઓ
અ પ ા ક ર ્ ષ ત ુ ં   હ ો વ ુ ં
દ ો ડ ી એ   છ ી એ
ન હ ી ં   ન િ ખ ા ર ુ ં
ખ ે ડ ી શ
ન   વ િ ચ ા ર !
ટ િ ં ગ ણ િ ય ે
ન હ ી ં   વ ા ં ચ ુ ં
પ ર બ ી ડ િ ય ા ં ઓ
ક ા ં સ ક ો
ન ા વ ણ િ ય ા ં ઓ
ક ી ડ ા
ન હ ી ં   બ ગ ડ ુ ં
ટ ો ક ળ ે
બ ગ ડ ્ ય ુ ં
ન હ ી ં   ન િ ખ ા ર ો
આ મ ળ ો !
પ થ ્ થ ર મ ા ર ો
વ િ ચ ા ર ્ ય ુ ં
ભ ા વ વ ધ ા ર ે
પ ડ ઘ ા ઓ
વ ર ્ ત ી   શ ક વ ુ ં
હ ક ા લ ી   શ ક વ ુ ં
ત ક િ ય ે
ન હ ી ં   વ ા ં ચ ો
ડ ૂ બ ી શ ુ ં
હ ગ ો !
દ ો ર ત ુ ં   હ ો ત
ન હ ી ં   ન ા ખ ો
ન હ ી ં   અ ટ ક ે
સ ળ ગ ત ુ ં   હ ો ત
ક ી ડ ો
ન હ ી ં   બ ો લ ુ ં
દ ો ડ ી
ખ ટ ા ર ા એ
ન ા ચ ુ ં   છ ુ ં
વ િ ચ ા ર ો !
ગ મ ્ ય ુ ં
વ ખ ા ણ ે
ક ો ત ર ી શ
સ ળ ગ ્ ય ુ ં
ન   જ મ !
ખ ે ડ ુ ં
ઉ પ ા ડ ુ ં
સ મ જ ત ુ ં   હ ો ત
હ ક ા લ ુ ં   છ ુ ં
ન ચ વ ૈ ય ે
ભ ા ળ ત ુ ં   હ ત ુ ં
પ ૂ છ ત ુ ં   હ ો ત
ક ં સ ા ર ા ઓ
સ મ જ ા વ શ ે
વ િ ચ ા ર ત ુ ં   હ ો વ ુ ં
ક ચ ક ડ ા
ન   ન હ ા ય
મ ો જ ા
ન   બ ો લ ી એ
ક ો ત ર ો
ન ા ખ જ ો
ન િ શ ા ળ િ ય ુ ં
ન ા ખ ી   શ ક વ ુ ં
બ ન ત ુ ં   હ ો વ ુ ં
ચ મ ચ ે
ગ મ ો
ગ મ ે   છ ે
ન   દ ો ર ો !
અ પ ા ક ર ્ ષ જ ો
બ ો લ ે
થ ા ળ ી ઓ
અ પ ા ક ર ્ ષ ી એ   છ ી એ
ન હ ી ં   હ ક ા લ ો
ત ર શ ો
ન ચ વ ૈ ય ે
સ ા હ િ ત ્ ય ચ ો ર વ ુ ં   હ ો વ ુ ં
ન હ ી ં   હ ક ા લ ુ ં
ન   ત ર ો !
બ ન જ ો
સ મ જ ા વ ે   છ ે
દ ી પ ડ ા ઓ
હ ક ા લ શ ો
ન   સ ા હ િ ત ્ ય ચ ો ર ે
પ ડ છ ા ય ા
ન હ ી ં   લ ા વ ી એ
આ વ ડ ી   શ ક વ ુ ં
અ ટ ક શ ો
ન ર ગ ો ટ ા
મ ો ં ઘ વ ા ર ી
ઓ ર ડ ા એ
ન ા હ ા
ન હ ી ં   સ ૂ ં ઘ ે
ધ ડ ે
હ ગ !
ન હ ી ં   હ ગ ી એ
ચ મ ચ ે
ન ા ખ ુ ં   છ ુ ં
ન હ ી ં   ઉ પ ા ડ ી એ
બ ા ં ક ડ ા
અ ગ ન ગ ો ળ ા એ
બ ા ળ   લ ક વ ે
ન ા ચ !
વ િ ચ ા ર ી એ   છ ી એ
અ પ ા ક ર ્ ષ ી એ !
ન   વ ા ં ચ ો
ન ા ખ વ ુ ં   હ ો વ ુ ં
ચ ૂ ન ો
ક ા ન દ ટ ્ ટ ા ઓ
ન   જ મ ો !
ક ો ત ર ે   છ ે
દ ે ડ ક ે
પ ૂ છ !
ન   હ ક ા લ !
ન હ ી ં   સ ળ ગ ી એ
ન   લ ા વ ો !
ર ા જ ી ન ા મ ે
ધ ડ ે
વ ા વ ુ ં   છ ુ ં
થ ૂ ં ક ુ ં   છ ુ ં
દ ો ડ ત ુ ં   હ ો વ ુ ં
અ પ ા ક ર ્ ષ !
ન ા ચ ે   છ ે
સ ્ વ ી ક ા ર શ ે
ઓ ર ડ ા
ન   બ ગ ડ ુ ં
ક ો ત ર ે   છ ે
ન   અ ટ ક ી એ
જ ન ્ મ ુ ં   છ ુ ં
સ ા હ િ ત ્ ય ચ ો ર શ ો
ન ા ચ શ ો
આ પ ્ ય ુ ં
બ ન ત ુ ં   હ ત ુ ં
ક ર ો !
સ ા હ િ ત ્ ય ચ ો ર ી ન ે
હ ગ શ ે
ન ા ખ ી ન ે
લ ા વ જ ો
વ ા ં ચ જ ો
ર સ ી ઓ
ફ ે ર િ ય ે
થ ા પ ા ઓ
પ ૂ છ ત ુ ં   હ ો વ ુ ં
વ ા ં ચ ે   છ ે
ન   સ ળ ગ ો !
જ ન ્ મ ો !
વ િ ચ ા ર ુ ં
ભ ા ળ ી એ !
ક ો ત ર ુ ં
ત ા વ ડ ી વ ા જ ે
ન ા ખ ો
ન   ક ો ત ર ો
થ ૂ ં ક ી   શ ક વ ુ ં
ન   ઉ પ ા ડ ી એ !
ન હ ી ં   અ પ ા ડ ી એ
ન   સ ડ ો
ન હ ી ં   અ પ ા ડ ુ ં
સ ળ ગ ી ન ે
વ ા ં ચ ત ુ ં   હ ત ુ ં
જ ણ ્ ય ુ ં
સ ા હ િ ત ્ ય ચ ો ર ુ ં   છ ુ ં
ડ ૂ બ ુ ં
સ ્ વ ી ક ા ર ી
સ મ જ ા વ ી શ
ન   ન ા ચ ે
વ ા ં ચ ત ુ ં   હ ો વ ુ ં
હ ક ા લ શ ે
સ મ જ ત ુ ં   હ ો વ ુ ં
ક ો ગ ળ િ ય ે
આ પ શ ે
સ ા હ િ ત ્ ય ચ ો ર જ ે
ન હ ી ં   હ ં ક ા ર ી એ
ચ હ ે ર ો
પ ી ણ ુ ં
ઉ પ ા ડ ે
ત ર ી ન ે
ત પ ા સ શ ો
દ ા ં ત િ ય ે
મ ર ી   શ ક વ ુ ં
પ થ ્ થ ર મ ા ર ે
ન   સ મ જ ો
હ ી ં ચ ક ે
ર મ ત ુ ં   હ ો ત
લ ા વ ી એ   છ ી એ
ન ા ચ ે   છ ે
હ ગ ી શ ુ ં
સ ળ ગ ી   શ ક વ ુ ં
સ ્ વ ી ક ા ર ી એ !
ન   ન િ ખ ા ર ી એ !
ક ચ ક ડ ે
ક ો ગ ળ િ ય ે
ક ચ ક ડ ે
થ ૂ ં ક ી ન ે
જ ી ં જ વ ો
છ ત પ ં ખ ા
પ ત ં ગ િ ય ુ ં
ન   ન ા ખ ી એ !
પ થ ્ થ ર મ ા ર ે
ઘ ર વ ે ર ા એ
ધ ડ ે
ત પ ા સ ો !
ન હ ી ં   ત પ ા સ ુ ં
ન   ડ ૂ બ ી એ !
ર મ જ ે
વ િ ચ ા ર ો
અ ટ ક ે
બ ગ ડ ે   છ ે
ન હ ી ં   દ ો ર ી એ
ન િ ખ ા ર ી એ   છ ી એ
જ મ ત ુ ં   હ ો ત
લ ા વ ે   છ ે
હ ગ ુ ં   છ ુ ં
સ ૂ ં ઘ ે
ન હ ી ં   હ ક ા લ ે
આ વ ડ ્ ય ુ ં
પ ી છ ા
સ ્ વ ી ક ા ર ી શ
જ મ ી ન ે
હ ગ ે   છ ે
ઘ ર વ ે ર ા
આ મ ળ જ ો
છ ો ક ર ુ ં
વ ા ં ચ ી શ ુ ં
ખ ે ડ ી એ
સ ા હ િ ત ્ ય ચ ો ર ી શ ુ ં
ન િ ખ ા ર શ ે
જ ન ્ મ ે   છ ે
ર મ શ ો
વ ા મ શ ો
જ ત ુ ં   હ ો વ ુ ં
સ ્ વ ી ક ા ર ત
વ ર ્ ત ત
મ ો જ ે
ન   ડ ૂ બ ે
ન હ ી ં   આ વ ડ ો
ક ા ં સ ક ે
ન   થ ૂ ં ક !
હ ક ા લ ે   છ ે
ન   અ પ ા ડ ો !
હ ા ડ ક ુ ં
ગ ા ં જ ા
સ ્ વ ી ક ા ર ી શ ુ ં
થ ૂ ં ક ત ુ ં   હ ત ુ ં
હ ા ર ી   શ ક વ ુ ં
ન િ શ ા ળ િ ય ે
ગ ા ં જ ો
જ ન ્ મ ે   છ ે
ન સ ક ો ર ા
હ ક ા લ ત
ત ર ે   છ ે
છ ો ક ર ા
હ ક ા લ ી એ   છ ી એ
ન   વ ા વ ુ ં
ઉ પ ા ડ ે
હ ં ક ા ર ુ ં   છ ુ ં
શ ક વ ુ ં   હ ો વ ુ ં
શ ક ી ન ે
ન   દ ો ર ુ ં
ન   સ ્ વ ી ક ા ર !
ન હ ી ં   સ મ જ ા વ ે
સ ્ વ ી ક ા ર ો
વ ા મ ે   છ ે
ન   વ ા ં ચ ી એ
ન ા ચ ો
વ ચ ગ ા ળ ે
ર મ વ ુ ં   હ ો વ ુ ં
જ ણ ી શ
ન ડ ા ય
છ ત ્ ર ી વ ા જ ુ ં ે
હ ક ા લ ા ય
આ વ ો
ન હ ી ં   જ ન ્ મ ો
શ ે લ ડ ી
ચ ૂ ન ે
ન હ ી ં   વ ા મ ુ ં
ત બ ક ્ ક ે
પ ડ છ ા ય ે
અ બ ા બ ી લ   લ ટ ો ર ે
ન હ ી ં   ત પ ા સ ી એ
ન ડ ત ુ ં   હ ો વ ુ ં
ક ચ ક ડ ા ં એ
ન હ ી ં   બ ન ે
દ ો ર ી એ   છ ી એ
સ ળ ગ ત ુ ં   હ ત ુ ં
આ વ ો
પ ડ ત ુ ં   હ ો ત
ઉ પ ા ડ ી એ
ન િ ખ ા ર જ ો
ન થ ી   જ ત ુ ં
શ ક ી   શ ક વ ુ ં
સ ્ વ ી ક ા ર ી એ
ચ ા ડ િ ય ા
ત પ ા સ ુ ં
વ ા મ જ ો
પ ડ છ ા ય ે
આ ં ક ડ ો
પ ી છ ુ ં
સ ડ ે   છ ે
ક ી ડ ે
ન   જ મ ી એ !
ન હ ી ં   થ ૂ ં ક ે
ન ા ચ ુ ં
વ ા મ ત ુ ં   હ ો વ ુ ં
હ ક ા લ ત ુ ં   હ ત ુ ં
અ પ ા ડ જ ે
આ પ ત ુ ં   હ ો વ ુ ં
હ ં ક ા ર ત ુ ં   હ ો વ ુ ં
સ મ જ ા વ ુ ં
પ ૂ છ ી એ !
ન હ ી ં   આ પ ી એ
ન હ ી ં   ત ર ી એ
ગ ો ળ ે
વ ર ્ ત ે   છ ે
દ ો ર ો
સ ડ ી ન ે
ન િ ખ ા ર ી એ !
વ ા મ ે   છ ે
ન   અ પ ા ડ ુ ં
ન હ ી ં   આ મ ળ ી એ
સ ળ ગ ી શ ુ ં
પ ા ક વ ી મ ે
ન હ ી ં   અ પ ા ડ ે
ન   ઉ પ ા ડ ે
શ ણ ગ ા ર ત ુ ં   હ ો ત
ન   વ િ ચ ા ર ે
ન િ ખ ા ર ુ ં
ન હ ી ં   ર ડ ી એ
ટ ા મ ે ટ ે
ન હ ી ં   સ ્ વ ી ક ા ર ે
હ ુ ં પ ણ ા ં એ
છ ક ડ ે
પ થ ્ થ ર મ ા ર ા
ક ો ળ ા
ન હ ી ં   આ વ ે
બ ા જ ર ા એ
ક ર શ ો
ન હ ી ં   હ ગ ે
બ ા ં ક ડ ે
ન   સ મ જ ુ ં
ન   આ મ ળ ો
પ ડ છ ા ય ે
ન હ ા ય ુ ં
ન   ન ડ ી એ !
પ ડ વ ા ન ુ ં
ન હ ી ં   પ ૂ છ ુ ં
ન   ન િ ખ ા ર ે
થ ૂ ં ક ે   છ ે
ભ ા ળ ે
ક ો ત ર ે
સ ળ ગ ો
છ ૂ ં દ ે
ન   હ ગ ો
ગ ા ં જ ા એ
વ ા મ ી
પ ૂ છ ો
પ ર ો ણ ા એ
ન ો ર ત ા
જ ન ્ મ ી શ
ન ક ા ર વ ુ ં   હ ો વ ુ ં
મ ર શ ો
ન હ ી ં   હ ં ક ા ર ે
ન હ ી ં   વ ા મ ે
ન   વ ા વ ો
જ ન ્ મ ી
સ ં ત ર ે
વ ી મ ે
ક ર વ ૈ ય ે
જ ન ્ મ ી એ   છ ી એ
જ ન ્ મ ો
ન ક ા ર વ ા ન ુ ં
ચ હ ે ર ે
ન   આ વ ી એ !
આ પ ી શ ુ ં
ન હ ી ં   મ ર ુ ં
ન હ ી ં   જ ન ્ મ ે
વ ર ્ ત ી શ
ન ા ચ ી શ
છ ક ડ ે
ન ો ર ત ે
હ ક ા લ ી એ !
જ ણ ો
મ ર ત ુ ં   હ ો વ ુ ં
જ મ ી શ ુ ં
ન   લ ા વ ી એ !
ક ૂ ત ર ા
થ ૂ ં ક ો
ર ડ ્ ય ુ ં
છ ત પ ં ખ ે
ન હ ી ં   શ ણ ગ ા ર ુ ં
શ ે લ ડ ી એ
ન   હ ં ક ા ર ો !
ધ ા ર ે
વ ા મ ો
ડ ો ક ે
દ ો ર !
ન હ ી ં   મ ર ો
આ મ ળ ા એ
ન   શ ણ ગ ા ર ો !
ત પ ા સ જ ો
ડ ર શ ો
પ ૈ ડ ે
પ ત ં ગ િ ય ા ં એ
મ ા ં ડ વ ે
પ ી છ ે
આ વ ુ ં
અ પ ા ડ ી ન ે
બ ા જ ર ા
ન હ ી ં   મ ર ી એ
બ ા જ ર ો
ન ા ખ ે
ન ડ જ ે
આ વ ડ ો
પ ડ ઘ ા
ક ં સ ા ર ે
અ પ ા ડ ે   છ ે
ન   થ ૂ ં ક ી એ !
આ મ ળ ો
આ મ ળ ી શ ુ ં
હ ા ડ ક ા ં એ
મ ર શ ે
ન હ ી ં   જ મ ે
ગ મ ુ ં
વ ર ્ ત શ ે
ભ મ ર ડ ા
શ ક ુ ં   છ ુ ં
આ ં ક ડ ે
ત ર !
ર ં ગ ર ખ ુ ં
ન હ ી ં   ક ર ી એ
ન સ ક ો ર ે
ન હ ી ં   ત ર ે
ક ં સ ા ર ે
ન શ ો
પ ે ચ િ ય ા
હ ં ક ા ર ી શ ુ ં
ન ા ખ ે
ન   શ ક ો
ન   ન ડ ો
વ ા પ ર ત ુ ં   હ ો ત
વ ા પ ર વ ા ન ુ ં
હ ં ક ા ર શ ો
ન ડ ત ુ ં   હ ત ુ ં
શ ણ ગ ા ર ો !
ન   હ ં ક ા ર ી એ !
સ મ જ ા વ ી એ
ન સ ક ો ર ે
પ ડ ત ુ ં   હ ો વ ુ ં
દ ો ર ુ ં
ન   ત ર ો
જ ન ્ મ ી એ !
આ પ ત
આ થ મ ી એ
ન   બ ન ે
ન ા ચ ે
અ પ ા ડ જ ો
વ ા ં ચ ે
ન   હ ક ા લ ે
હ ં ક ા ર શ ે
ત ર ો
ન   સ મ જ ે
ન   ર મ ો
સ ા હ િ ત ્ ય ચ ો ર ા ય
ન ા ક ુ ં
ન   હ ક ા લ ી એ
જ ડ બ ે
ન હ ી ં   ક ો ત ર ે
ન હ ી ં   ક ર ુ ં
શ ણ ગ ા ર જ ે
હ ક ા લ ે
થ ૂ ં ક ુ ં
વ ા પ ર ત ુ ં   હ ો વ ુ ં
ન ા ખ ે
છ ા ર ુ ં
ન હ ા જ ો
આ પ ી એ !
હ ા ર ો !
ન   સ મ જ ે
આ વ ડ ુ ં
વ ા મ ુ ં
સ લ ા ડ ે
ક ર ુ ં
ન ક ા ર ત ુ ં   હ ત ુ ં
ક ો ળ ે
અ પ ા ડ ો
જ ન ્ મ ે
લ ા વ ે
સ ડ !
વ ા વ ે
ન હ ી ં   ર ડ ે
શ ક ી શ ુ ં
પ ર ો ણ ે
આ ટ ે
પ ી ં છ ે
લ ા વ ે
જ ન ્ મ ે
ન   સ ળ ગ ી એ
ન   સ ડ ી એ
જ ણ ે
ન હ ી ં   ર ડ ે
શ ણ ગ ા ર ી શ ુ ં
જ ી વ ન સ ં ધ ્ ય ા એ
આ પ ી
ડ ર ા ય
વ ા વ ે
પ ર ો ણ ે
ન   જ મ ે
ત પ ા સ ે
બ ગ ડ ી એ
જ ડ બ ા ં એ
ન   હ ા ર ુ ં
દ ી પ ડ ે
ર મ ક ડ ુ ં
પ ે ચ િ ય ે
જ ણ ે
ક ર ી
હ ં ક ા ર ુ ં
ન   ડ ર ી એ !
શ ક જ ો
ત ા ર ો
ર ં દ ે
ન ક ા ર ી ન ે
શ ણ ગ ા ર શ ે
ન   શ ક ુ ં
ર ં ગ ર ખ ે
ન   આ વ ડ ે
સ ડ શ ો
પ ગ ર ખ ે
એ ર ં ડ િ ય ા
ન હ ી ં   આ પ ે
ર ં ગ ર ખ ા ં એ
ર મ ો
ડ ા ળ ી એ
હ ગ ુ ં
ન   ન ડ ે
પ ગ ર ખ ા ં એ
ર ડ ી એ !
ન   અ પ ા ડ ે
સ મ જ ે
જ ન ્ મ ી એ
શ ણ ગ ા ર ુ ં
શ ણ ગ ા ર ી એ
વ પ ર ા ય
હ ા ર ે   છ ે
પ ે ચ િ ય ા ં એ
દ ો ર ે
ન   ત ર ે
આ વ ી એ
થ ૂ ં ક ી એ
ન   ત પ ા સ ી એ
સ મ જ ે
ન   પ ડ ો !
હ ં ક ા ર ો
ન   પ ૂ છ ી એ
ન દ ી
આ મ ળ ે
ન ડ ો
પ ગ દ ડ ે
આ વ ડ ી એ
આ વ ડ ે
વ ર ્ ત ી એ
ન   આ પ ુ ં
ન હ ી ં   ક ર ે
ન   ન ડ ી એ
આ મ ળ ે
સ ં પ ૂ ર ્ ણ પ ણ ે
આ મ ળ ે
ત ર ે
મ ો ર િ ય ે
સ ં પ ૂ ર ્ ણ પ ણ ે
ન ો ર ત ા ં ઓ
શ ણ ગ ા ર ો
મ ર ુ ં
ન ા ક ે
ન   શ ણ ગ ા ર ે
ત ર ે
ત ર ે
હ ા ર ુ ં
ર ડ !
પ ડ જ ો
હ ા ર ો
ર મ ક ડ ે
અ પ ા ડ ે
એ ર ં ડ િ ય ે
છ ા ર ે
ન હ ી ં   ડ ર ે
મ ર ો
ક ર ી એ
મ ર ો
ડ ર ુ ં
હ ા ર ી
ર મ ુ ં
પ ર મ િ ય ે
ર ડ ુ ં
શ ણ ગ ા ર ે
ન શ ે
જ મ ી એ
ન શ ે
ન   પ ડ ુ ં
ન   વ ા પ ર !
અ પ ા ક ર ્ ષ ્ ય ુ ં
ન ક ા ર ી એ
ર મ ે
ન ડ ે
ર મ ી એ
વ ા પ ર ુ ં
પ ડ ો
ર ૂ પ ા ં એ
ન ક ા ર ે
ર મ ે
એ ર ે
ઝ ઘ ડ ી શ
ડ ર ી એ
મ ર ી એ
હ ા ર ે
મ ર ે
ન   વ ા પ ર ે
મ ર ે
ર ડ ે
ડ ર ે
જ શ ે
વ ા પ ર ે
વ ા પ ર ે
હ ગ શ ે
છ ત ્ ર ી વ ા જ ુ ં ા ં એ
ક ૂ ત ર ા એ
ચ મ ચ ા
સ ળ ગ શ ે
બ ગ ડ શ ે
એ ર ા ં
ચ ૂ ન ા
બ ન શ ે
વ ખ ણ ા ય
ઉ થ લ ા વ શ ે
ખ ે ડ શ ે
ભ ા ળ શ ે
ન િ શ ા ળ િ ય ા
સ ં પ ૂ ર ્ ણ પ ણ ા ં
ચ િ ચ ો ડ ા
ત ર શ ે
અ ટ ક ી શ
અ ટ ક શ ે
ક ળ ી ચ ૂ ન ા ં
ર ડ શ ે
ચ ે વ ડ ા
લ ા વ ી શ
લ ા વ શ ે
સ ા બ ુ દ ા ણ ા
મ ે હ ુ લ િ ય ા
સ મ જ શ ે
પ ર મ િ ય ા
બ ો લ ી શ
અ પ ા ડ શ ે
વ ં ટ ો ળ િ ય ા
દ ા ં ત િ ય ા
ચ ા ં ચ િ ય ા ઓ
અ ઠ વ ા ડ િ ય ા ં
ર ા જ ી ન ા મ ા ં
સ ડ શ ે
ઘ સ િ ય ા
સ ્ વ ી ક ા ર ી શ
ટ ો ક ળ ા ઓ
મ ા થ ે મ ી ં ડ ા ં ઓ
જ હ ા જ વ ા ડ ા ઓ
સ લ ા ડ ા ં ઓ
ક ઠ િ ય ા ર ા
પ ે ચ િ ય ા ં ઓ
પ ે ચ િ ય ા ં
ર ૂ પ ા ં
ફ ે ફ સ ા ં ઓ
ન ળ િ ય ા ં
ન ા હ ા એ
ર ં દ ા ઓ
આ ં ચ ક ા
જ ી વ ન સ ં ધ ્ ય ા ઓ એ
છ ો ક ર ા ઓ
ધ ડ ા
સ ં ત ર ા ં
વ િ ચ ા ર ી શ
દ ા ય ક ા ઓ
ડ ા ઘ ા
ક ા ં દ ા ઓ
ચ ં પ ા ઓ
પ ૈ ડ ા ં
વ િ ચ ા ર ા ય
જ ી ં જ વ ા
જ ી ં જ વ ા ઓ
જ ી વ ડ ા ં ઓ
પ ગ દ ડ ા
અ થ ા ણ ા ં ઓ
અ થ ા ણ ા ં
સ ૂ ં ઘ શ ે
પ પ ૈ ય ા ં ઓ
ક ી ડ ા
અ ફ ી ણ િ ય ા ઓ
દ ે ડ ક ા ઓ
ન ૈ ય ા ં
ન ૈ ય ા ં ઓ
ક ો શ ે ટ ા ઓ
બ ા જ ર ા
વ ા પ ર શ ે
ફ ૂ દ ા ં ઓ
ઊ ં ટ ડ ા ઓ
પ ડ ઘ ા ઓ
ડ ો ક ા ં ઓ
ક ર વ ૈ ય ા
ક ર વ ૈ ય ા ઓ
ન ા હ ા
હ ી ં ચ ક ા ઓ
ક ા ં સ ક ા
ઉ પ ા ડ ી શ
ક ો ળ ા ં ઓ
ગ ા ં જ ા
ગ ા ં જ ા ઓ
ત ડ ક ા
ફ ૂ લ ા ં ઓ
આ ટ ા ઓ
ત ક િ ય ા ઓ
અ ર ી સ ા ઓ
પ ી છ ા ં ઓ
ઝ ા ં પ ા
ઝ ા ડ ા ઓ
ઓ ર ડ ા ઓ
ધ ા ર ા ઓ
જ ઈ શ
