q ’ ˤ u n a d e r
b i z i n
y o ƛ i x n o s i
b o d i x a n u s i
r a y n ä ƛ i n
g u l u q o r
e g i r s i
d o w z o ƛ ’ a y
d ä z t o w
n e x e ł n o
e s i w q a y
b o y n č ’ i n ä y
b a y x
r i k ’ i n
o y s
n ä x n o ƛ i n
r e t ’ u n
y a ɣ ˤ i n ƛ i n
y a y o ƛ ƛ i n
r a c ’ e ł x o
y e t i x o z o
y i z i n o s i
b i c ’ n o
a q z a
r a ɣ ˤ i n
b o y ƛ ’ o r ä y
b e č ’ x o s i
i k ’ a č ’ i n
k o ƛ ’ i n č ’ i n ä y
r a y n ä ƛ i n
h a l m a ɣ d ä ɣ o r
b a y x
g u l u z a ƛ ’ n o
ħ u r ž e n y a
m a ħ i q o r
n ä x n o ƛ i n
b a y x a n u s i
n a z a
n ä x n o ƛ i n
b i t i n č ’ u
r o d ä s i n
o z z a t a w
y i z i ƛ ’ o r
y i k ’ i x a ƛ i n
o ɣ n o
b i k ’ i x o s i
o q i n č ’ u ƛ i n
r e t i n ä y
o z e r
r o k ’ x o s i
b o d i x
r a q r u n
r i k ’ i n
e s n o s i
b i z a
e s a c e
z e w n
y a y ƛ ’ o r ä y t o w
e s i n č ’ u
l a g i q
r i q i r n a
b e t i x ƛ i n
y e x a s i
b a y ƛ ’ o r ä y
e s u n
y a y o ƛ ƛ i n
o q a
o q n ä y
g u l u z a r
ƛ e x u n
r a c ’ z a ƛ ’
y u k a d a
k u s a r
b o ɣ a
r o k ’ n o s i
y i k ’ i n o s i
r o d ä w a
b i ħ a n a y n
o q a n ƛ i n
b o q x o s i n i
b e r t e n y o ł e r ƛ i n n o
r o ɣ o
y e x u r i n č ’ i n ä y
b a y ä s i
b a y z a ƛ ’
r o ɣ x o
b o y x a n u ƛ i n
b i k ’ i x o z o
i k ’ i x ƛ i n
y i k ’ i x a ƛ i n
r o q i n č ’ u ƛ i n
d ä q ƛ i n
b i ħ a n a y x
a y n č ’ u ƛ i n
b i q i n č ’ i z a ƛ ’
n ä x i n č ’ i ƛ i n
b a y z a ƛ ’
r o y x
i k ’ a
y o ł ä s i w a
b o q n o a n u
i y n č ’ e y
b a y ä r u n i
m e k o y n
b o y n č ’ i n ä y
i š x o s i
r i ƛ i x
b i ħ u s ƛ i n
r o y n č ’ e y
r o ɣ r e r n o
r i c i n
ħ u m u k u l i ƛ a
y a q i n č ’ i
y e t i n
o q a č ’ i n ƛ i n
b a ƛ ’ ä r i n č ’ i ƛ i n
y i q ä r u n
b a y n č ’ i n ä y
g u l u z a ł ä y g o n
y a ƛ ’ ä r u
b o d i s
b u k a r a
k u r ä ƛ i n
r u k a r i n č ’ i
b o ɣ a
b e r c i n ł ä
y i č i r ä s i
r i k ’ i x ƛ i n
k a m i r x a n u ƛ i n
y a y o ƛ ƛ i n
l a g i ƛ
n e x a
a y ä s i
b e g i r a
e x u ~ e g i n č ’ e y
r u t i r n o
r u k a y x a ƛ i n
y o ƛ ’ ˤ a r u
b o ƛ ä x z a z
e x u r n o
ƛ ä x u r u n
b a y n
r o k ’ e r
r o d i n ä y
b a d i r u n
ɣ ˤ a n a z a g o n
b u t n o ƛ ’
x e d y o d e r
q o q o ƛ i n
e s i x a n u ƛ i n
n e ƛ n o
o q ʷ a
l a g i s
e n i ~ b a b i w z
y e s u n
g u l u z a r
b o d i n o s i
d o w ƛ ’ a y g o n
ʕ a m o ƛ ’
z e w n o ƛ a x
b a ɣ ˤ i ł n o
y i k ’ i n č ’ e y
y e t i n
y a q z a y
b a q i n č ’ i ƛ i n
b o q n ä y
s a ɣ y a t y o s
r e x u n
n u k a r z a s n o
b e x u n č ’ i z a ƛ ’
e s i r o
b i k ’ i x o z o
y e g i r n o ƛ a x
o q z a ƛ ’ g o n
i k ’ i s ƛ i n
r a y x
r u t i x a n u s i
n e x ä s i ƛ i n
b i k ’ i x ƛ i n
o q i n č ’ i z a ƛ ’
ł i n a q o r
o q s i ƛ i n
b a y x a n a
t ’ a s m a ɣ o r
b i k ’ i z a ƛ ’ o r t o w
č ’ a q ’ ˤ i r n o
a y n č ’ u ƛ i n
b a q r u n i
y ä č i z a y
r i k ’ a n
x e d y o d e r
r u k a y x o w
b i č i n
y o w x o z o
n e x i n č ’ i n ä y
x e d y a
b ˤ o ƛ ’ i m o q o s i
p a x r u d i n q o r
k u s a s
r a x ƛ i n
i k ’ i n a n u
r u k a d a
n e x ä s i ƛ i n
y i k ’ i x ƛ i n
r o y z a ƛ ’ o r
o d ä s i
a y r u n t o w
r i q i r a
r i y x
d ä r t o w
b o y x o s i
i č i z a q
r a c ’ e r x o
r o ƛ i x x o
r a y x
ł i n a ƛ ’
b a n
k a m i n
b i k ’ i x ƛ i n
b o q n o a n u
b i k ’ i n ä y
b a q i n č ’ i ƛ i n
y o y n č ’ i
y e x u r n o
ƛ ’ i r ä z a
r i k ’ a n
ƛ e x u n a
y o ł ä s i ƛ i n
a y s i
r o ž b i n
b o d i x ƛ i n
a q z a
b a y r u n t o w
r a y x
a ɣ ˤ ʷ a ɣ o r
n e x a n
ƛ ä x u r u
ƛ e x u n a n u
y a c ’ o ƛ i n
r o k ’ u b i n
b o ɣ n o
e s n a z a d ä ɣ o r n o
r o ɣ ł i n č ’ e y
y i k ’ i n
b u t n o z a x a r n o
q i z a n y o r
d ä z t o w
i š x a n u ƛ i n
b o y n
q ’ ˤ u r i ƛ ’ o r n o
