b e x u n č ’ i z a ƛ ’
r u k a y n
y e z u r a
r a y n
e x u n
y ä č i z a y
b a y s
r i k ’ i n
e s i n č ’ i z a ƛ ’
e x u r n o
y o q z a ƛ ’ o r
b a y a
r i k ’ i n
b i k ’ i n
ɣ ˤ a n a z a g o n
y e g i r a n ƛ i n
b a y a
e q e r x o
b i z i n
r i k ’ i n
r i k ’ i n
y a c ’ o ƛ i n
r i k ’ i n
b u k a r a
r a x ƛ i n
b a y a
e n i ~ b a b i w z
b a y a
r i k ’ i n
b e s u r o z
x e c i n
y e t ’ u n
y e s u x
b i k ’ i n
k u s a r
b i z i n
r a c ’ o ƛ i n
n e ƛ x o ƛ i n
r e s u n
b a y n
r o q x a ƛ i n
r i k ’ i x
r i k ’ i x
r i k ’ i n
e s i r o
ƛ e x u n ƛ i n
r a y n
y u k a y x a n u z o
y i k ’ i n
h a q ’ u s
b a y x
b a y n
r a y r n o
r u ł i r n o
č ’ a q ’ ˤ i r n o
k u s a
r a y x
r i k ’ i x
r i q ä ƛ i n
a y ä s i
i k ’ a
n e ƛ x o ƛ i n
b o d i x
n a z a
ł i n a q o r
r i k ’ a n
r a y x
d o w z
n e ƛ a n
r a y x
b o q x o s i n i
r a c ’ z a ƛ ’
e s a c e
y i k ’ i x
r a y x
r i k ’ a n
r o k ’ n o y ä
o y s
b i c ’ n o
r a y x
a y ä s i
b i k ’ i n o s i
b a q i n č ’ i ƛ i n
r a y x
i k ’ a
r u t i x a n u s i
b i k ’ i n o s i
i k ’ i ł i n
i k ’ i ł i n
r a y x
t e ł ä y g o n
b a y n
b e s u n
b i k ’ i x ƛ i n
r i k ’ i x ƛ i n
ä q i n č ’ i ƛ i n
e s u n a n u
y a y n
r i k ’ i x ƛ i n
b i k ’ i x ƛ i n
b i k ’ i x ƛ i n
b a y z a
r i k ’ i x ƛ i n
n e x a
b a y x
ƛ e x u n
b a y s
b a y x
ƛ ä x u r u n
y a y n
b a y x
z i r u s n o
b i k ’ a n ƛ i n
o q x o s i
i k ’ i ł i n
b i q i x
b a y n
b a y x
b i k ’ i x ƛ i n
b a q i n č ’ i ƛ i n
i k ’ a č ’ i n
b i k ’ i x ƛ i n
ä k ’ i n o ƛ i n
y o w n ƛ a x
y a y n
b a y x
d e b e r n o
o k ’ ł a
b e x a
b a y x
b i k ’ i n ä y
b i k ’ i x o s i
i š x o s i
i k ’ i x ƛ i n
y o y x
r e x u n
i k ’ a
b a y x
b i k ’ i x o s i
ł i n a ł a y n
k u s a r
b a y x
b o d i x ƛ i n
b i k ’ ä s i
q ˤ a y z
b i k ’ u r
y i k ’ ä ƛ i n
b a y z a
b i k ’ i n ä y
y i k ’ i n o s i
z e w n o ƛ a x
b e s u x
y i k ’ i n o s i
b a y n o s i
y e g i r a n
y i k ’ i x ƛ i n
y i k ’ i x a ƛ i n
r o y x
n e x a
b ä k ’ i z a y
r e x u n
o y n ƛ a x
r i k ’ ä s i
r o q a
r u k a r n o s i
u k a y z a
b i k ’ ä s i
b i k ’ ä s i
i k ’ i n ƛ a x
b a y x a n a
r e x u n ƛ i n
c a x n o
u k a y n č ’ a
g u l u z a r
b u c i ƛ ’ a y
i k ’ i n o s i n
n e x a
b e g i r a
a q z a
a y n ƛ i n
y i k ’ i n č ’ e y
ä k ’ i n o ƛ i n
y u k a y x a n u z o
b a y n o s i
z o w n č ’ a
y i k ’ i x ƛ i n
z o w n a n u ƛ a x
o q a n ƛ i n
r a y x
r u k a y n o s i
r e g i n
r e s u n o s i
r i y x
b o k ’ e k ’ i n č ’ e y
b a y n o s i
r i k ’ ä s i
y o ł ä s i ƛ i n
r o ž b i n
e s o
b a y x a n a
y u k a d a
b e t i x ƛ i n
e s a n
b a y n o s i
u k a y x a n u
r a ɣ ˤ i n
n e x a
b a y n o s i
a y r u
n a r n o k i n
e l ä y
r i k ’ ä s i
b i k ’ i n ä y
r e x a d a
y i k ’ ä ƛ i n
i k ’ i n a n u
t a w a d i r
b i k ’ ä s i
b a y ä s i
b i k ’ i x o z o
t e ł x o r n o
n u k a r z a s n o
r o w a
r a y x
r i č i n
b e c u r i n č ’ e y
y i k ’ i x o s i
r i k ’ ä s i
r i c i n
b a y z a ƛ ’
y i k ’ i x a ƛ i n
i z i x
b i z a
y i k ’ i x a ƛ i n
e s i x
r u k a r a n ƛ i n
o q a n ƛ i n
b a y x a n a
n u k a r e s n o
y i k ’ i x a ƛ i n
b i k ’ i x o z o
r e t i n ä y
y e x u r n o
b a y x a n a
ä ƛ i r u n
i k ’ i s ƛ i n
y i k ’ ä ƛ i n
b a y ä s i
e s i x
i k ’ i n a n u
a y n ƛ i n
r e t i n ä y
z a w n č ’ u r u
b a y n o s i n
r e x u x
r a y x
r a x ƛ i n
r u k a y x a ƛ i n
n e x a n ƛ i n
y a y r n o ƛ i n
b ä k ’ i r u
r e s u n č ’ e y
b ä k ’ i z a y
b ä k ’ i z a y
k u r s i ƛ i n
b i č i n
b i k ’ i x o z o
r o x i r n o
y u k a d a
n e x a
i k ’ i x o s i
r u k a y r u
r u k a y z a ƛ ’
b i k ’ i x o z o
r a y n ä ƛ i n
b i t i n č ’ u
b i k ’ i n ƛ a x
b i k ’ i n ƛ a x
y a q i n č ’ i
i k ’ i n ƛ a x
i k ’ i x o s i
b e t i x ƛ i n
b i k ’ i n ƛ a x
r i ƛ i x
r a y n ä ƛ i n
r a y n ä ƛ i n
y e s u n
r a x ƛ i n
r u k a y x a ƛ i n
b ä k ’ i r u
i k ’ i n ƛ a x
b o d i x ƛ i n
r a y r ä ƛ i n
r e ƛ ’ a b i
b a y z a ƛ ’ o r
b i k ’ i n ƛ a x
y u k a y n č ’ u ƛ i n
y u k a d a
y e g i r a n ƛ i n
i k ’ i s ƛ i n
r e g i r n o
b ä k ’ i z a y
n e x n o
b i k ’ i x o z o
b i č i r n o
r i s n o
r o ž b i
n e x n o
u t i r a n
b i ħ a n a y x
r a x ƛ i n
o q z a ƛ ’ g o n
ä ƛ i r u n
y e g i r n o ƛ a x
n e ƛ a n
y e s u s
y e t i n ƛ i n
i k ’ i ƛ ’ o r e y
b i ħ a n a d a ƛ i n
r o x i r n o
r i k ’ i n ƛ a x
b o x i r n o
r u k a d a
b o y n
r a y n ä ƛ i n
y e t i n
e t ’ n o
b o q x o
y e t i n
r i s ä ƛ i n
r e t i n č ’ e y
r a y r n o
i k ’ i n ƛ a x
r i s n o
y a y o ƛ ƛ i n
n e x a n
ł i n a ƛ ’
b o q n o
n e x a n
b a y z a ƛ ’ o r
k a m ä s i
x e d y a
r o k ’ n o s i
n e x i n č ’ i n ä y
n e x ä s i ƛ i n
o q i n č ’ u ƛ i n
b a y n ƛ a x
b a y a c e
b a y a c e
y a y z a y
g u l u ƛ ’
e ƛ a n ƛ i n
r o q n o
b a y a c e
b a q i n č ’ i ƛ i n
r u k a y x o w
r a q i n č ’ i ƛ i n
n e ł ƛ ’ o r
r a q i n č ’ i ƛ i n
a y n č ’ i z a ƛ ’
o q z a ƛ ’ ƛ i n
e ƛ i s ƛ i n
e s i x a n u ƛ i n
t ’ a s m a ɣ o r
b o q x o
b a y z a ƛ ’
y a ƛ ’ ä r u
b e s u x
n e x a n
y e x a s i
o q a č ’ i n ƛ i n
r e s u z a ƛ ’
y i z i n o s i
ä k ’ i n č ’ i ƛ i n g o n
b o q x o
ƛ ’ i r ä z a
y a y o ƛ ƛ i n
e x ʷ a
b a y ä s i
k u r ä s i
n e x a n
r o k ’ x o s i
b a b i w ƛ ’
r i y x a
b o d a n ƛ i n
r o w a n
b a y x a n u s i
e t i x a n a ƛ i n
r o q i n č ’ i z a ƛ ’ ƛ i n
a q z a
y a y o ƛ ƛ i n
d o w x o r
b o d a n ƛ i n
r o y n č ’ e y
m e c r e ƛ ’ n o
a y n č ’ u ƛ i n
o q i n č ’ i z a ƛ ’
b a y a c e
e s a
ƛ ä x u r u
y a ɣ ˤ a n ƛ i n
r u t i n
b o d i n
r a w r u n i
k u r x o
ł i n a q o r
r o q x o n č ’ e ƛ i n
k u r ä ƛ i n
b a y n ƛ a x
n e x ä s i ƛ i n
r a q i n č ’ i ƛ i n
y o y x
y a y ƛ ’ o r ä y t o w
n e x ä s i ƛ i n
b o d i n o s i
b a y x a n u s i
n ä x i n č ’ i ƛ i n
y e x u r i n č ’ i n ä y
b u k a d ä s i
r i q i r a
e s u r s i
b ä k ’ i z a z
n e ł a r n o
b a y x a n u s i
b a q i n č ’ i ƛ i n
b ä z i r u
r o k ’ e r
n e x n ä y ƛ i n
r i ħ a n a y x o s i
a y n č ’ u ƛ i n
y o x i r n o
y a y o ƛ ƛ i n
z o w n a n u
n e x n ä y ƛ i n
g u l u z a r
r i ħ i n
z o w n č ’ e y
r o y n č ’ e y
z o w n č ’ a
a y n č ’ i z a ƛ ’
g u l u d e
r o y n ä y
i k ’ i ł x o s i
k ’ u k y o ƛ
i č i z a ƛ ’ o r
k o ƛ ’ i n č ’ i n ä y
b o ɣ a n ƛ i n
i k ’ i ł x o s i
e t i n a ƛ i n
b o d i n o s i
o q i n č ’ i z a ƛ ’
r e t i x a n u
ƛ ä x u r u n
n ä x i n č ’ i ƛ i n
o q s i ƛ i n
b o q n ä y
i k ’ i ł x o s i
a y n č ’ u ƛ i n
r i k ’ i ƛ ’ o r ä y
e s n a z a d ä ɣ o r
b i ħ a n a d a
n e ƛ n o
t e ƛ n o
r u t i r n o
r i k ’ i ƛ ’ o r ä y
y a y o ƛ ƛ i n
r i k ’ i ƛ ’ o r ä y
n ä x i n č ’ i ƛ i n
r i k ’ i ƛ ’ o r ä y
y u k a y z a ƛ ’ o r
e x u x
m i c x i r y o s n o
y a y o ƛ ƛ i n
o q i n č ’ i z a ƛ ’
o q ä ł i n č ’ i
r a q r u n
n e ł a c e g o n
r a ɣ ˤ ä s i
b a y z a ƛ ’ o r
n e x x a n u ƛ i n
b o d i n č ’ e y
r o ƛ i x n o
r i c ’ a l i n i
z o w ä s i
b o d i x
y a y ƛ ’ o r ä y t o w
q ’ ˤ u n ƛ ’ o r n o
e x u ~ e g i n č ’ e y
n e x x a n u ƛ i n
r o ƛ i x x o
b o ɣ a n ƛ i n
y i z i n
o q ä ł i n č ’ i
n e x e ł n o
t a ƛ r u
x e d i w q o r n o
r e t i x a n u ƛ i n
e ƛ a c e
b a r u z
b o d a č ’ i n
o z z a t a w
r a q r u c e
y e x u r i n č ’ i n ä y
b a y ƛ ’ o r ä y
m e k o d ä s i n
ł i n a s n o t o w
i y n č ’ e y
r o k ’ ƛ ’ o r
b a y n o s i g o n
e s u n a n u
b e x u r ƛ ’ o r ä y s i
r o q i n č ’ u ƛ i n
y o y n č ’ i
r o q a c e
r a ɣ ˤ ä s i
n ä x n o ƛ i n
y o w x
b o d a n
c e k ’ ƛ ’ o r
r o d i ł i n
r i k ’ i ƛ ’ o r ä y
y a y r i n č ’ a
t e ƛ i n č ’ u ƛ i n
r o d i n ä y
b e s u r o z a ƛ ’ a y
y o q ä ƛ i n
e s u z a ƛ ’
i y n č ’ e y
r i c ’ x o t ’ a
y i k ’ i z a ƛ ’ o r t o w
r o ɣ ł i n č ’ e y
y o d a n
i ž i x ƛ i n
r o d i n ä y
b o q n o a n u
b o q n o a n u
r e x u x a n u s i
b a d i r u n
r o ɣ ł i n č ’ e y
b i k ’ i z a ƛ ’ o r t o w
n e x e ł n o
e x u ƛ
b a q r u n i
b i y n č ’ e y n
b a y ƛ ’ o r ä y
y a y ƛ ’ o r ä y t o w
b a y n č ’ i n ä y
r o k ’ x o t o w
g u l u z a r
b o y x a n u ƛ i n
b i k ’ i z a ƛ ’ o r t o w
b o q n o a n u
b o d a n
y a y r n o
r o k ’ e r
e g i r s i
r o d i ł i n
y i k ’ i n č ’ e y t o w
n ä x n o ƛ i n
r i q i r a
y a ɣ ˤ o ƛ i n
b a y s
y i k ’ i z a ƛ ’ o r t o w
ž e ž u q a y
m a d a z a
ħ a ƛ i n
b a y n č ’ i n ä y
b a q r u n i
d ä q ƛ i n
r o ɣ n o
m o ł i n
y o w x
b a y n č ’ i n ä y
i k ’ ä ł i n č ’ ä č e y ƛ i n
b a y n č ’ i n ä y
b ä č i n č ’ i
n ä x n o ƛ i n
y e c a s i
n e ƛ n o
r o ɣ x o
b o y x a n u ƛ i n
o q i n č ’ e y
d o w z o ƛ ’ a y
y o q a c e n
z o w n a n u
r i ħ u r n o
b o ɣ a
r o d ä s i n
m e k o y n o s i g o n
r o y z a ƛ ’ o r
b o q n o a n u
k u s a s
y e x u r x o s i n
b a y ƛ ’ o r ä y
e ƛ i s
b o ƛ i x n ä y
y a y n g o n
i s x o
b o y x a n u ƛ i n
ƛ e x u n a
b o d i x
i q i r x o
z o w n č ’ e y ƛ a x
u ž i ƛ ’
y o ƛ i x n o s i
r o y z a ƛ ’ o r
b a d i r u n
r i q i r a
r o y z a ƛ ’ o r
i y x a n u s i
b o ƛ ä x z a z
b o y x o s i
r o d i r n o
r o ɣ n o
r o y x o s i
y o w ä ƛ i n
r o d ä s i n
ä k ’ i r u n t o w
r o ɣ n o
b a d i r u n
i š n o
r i z ä s i
y a y ƛ ’ o r ä y t o w
b o d i s
b i ħ u s ƛ i n
r o ɣ n o s i
b o ɣ a
ɣ u d ƛ ’ a y
o q n o ƛ a x
ä k ’ i r u n t o w
r o ɣ n o s i
r o q n o ƛ a x
r i č ä s i
n ä x n o ƛ i n
y a y r u
b o y ł i n
n ä x n o ƛ i n
b a y n o s i g o n
o ɣ a n
b a y n č ’ i n ä y
b o d i x a n u s i
r e s a t o w
b a y r u n t o w
x e d y o d e r
z e w n o ƛ a x
b o y ł i n
b o q n ä y
r o ɣ x o
i c i s ƛ i n
i c i s ƛ i n
b a y r u n t o w
ƛ e x u n a n u
d ä q ƛ i n
r o y s
d e b i k i n
r o ɣ r e r n o
r o y n ä y
y o d i x o s i
r o ɣ r e r n o
y o d i x
b a q r u n i
y o q x o s i
t e ƛ i n č ’ e y
o ɣ o ƛ i n
y o d i x
o c ä
y a y r u n t o w
y a y r u
x e d y o d e r
y o d i x
d i d u r n o k i n
ħ i r o ƛ ’ o r
z a w r u n i g o n
q ’ ˤ u r i ƛ ’ o r n o
o ɣ o ƛ i n
a d i r u
b o ɣ n o
l a g i s
d ä z
b o d i x a n u s i
a y z a ƛ ’ o r t o w
z a w r u n i
o q n ä y
y i c a l i n i
d e b e ƛ ’
i q ä r u
y i c a l i n i
o ɣ n o
y o ƛ i x n o s i
y o d i x o s i
y o ɣ ä s i
b ä c i r u n i
d o w ƛ ’ a y g o n
a y r u n t o w
a y r u n t o w
b a y r u n t o w
o d ä s i
b o d i s
b o ɣ n o
z a w r u n i g o n
b ä c i r u n i
o q n ä y
o d ä s i
o ɣ n o
d ä r s i t o w
ħ a ž ƛ ’ a ɣ o r
z o w n a n u
r o ɣ o
x e d y o q a y
g u l u z a ƛ ’ n o
b ä č i r u n i
n e x ƛ ’ o r ä y
o z z a t a w
d i y ä
z o w n a n u
y a ł r u ł i
y i q ä r u n
b o ƛ ä x z a z
ħ u r ž e n y a
u ž i z a q o r
g u l u ƛ ’ o r n o
z a w r u ł i
d e b e q n o
y o ɣ e ł n o
e s i w q a y
n e x ƛ ’ o r ä y g o n
n e x ƛ ’ o r ä y g o n
y o ɣ e ł n o
x a l q ’ i m o q
z a w r u ł i
n a ɣ o r
x e d y o s g o n
g u l u z a ł
ħ u m u k u l i ƛ a
y o ɣ e ł n o
r o d ä w a
r o d ä w a
ħ a ž i n
ž e d a ƛ
a y a t o w
ʕ i š q ’ a
r o d ä w a
ħ a l a
l a g i q o r
l a g i q
n ä x z a z
m a ħ i q o r
g u l u q o r
d ä r t o w
d ä z
