n e x a n
l a g i s
ħ i r o ƛ ’ o r
r e s u n o s i
b i k ’ ä s i
b o q x o
a y n č ’ u ƛ i n
i k ’ i x o s i
ʕ a m o ƛ ’
y o w x
k u s a
x e d y o d e r
r i ħ i n
a d i r u
b a y n č ’ i n ä y
r i t ä r u n t o w
r i k ’ i x
r i c i n
n e x a n
y u k a d a
r o w a
y a y n
y a y r u
c e y ł ä y
e x u x
b a y z a
d ä z
b a y x a n a
b o ɣ n o
r i k ’ i n
a k i ł ä z a
k a m ä s i
ä s i r u
r o d ä w a
b a y ƛ ’ o r ä y
e s u z a ƛ ’
r o ɣ r e r n o
r o d i r n o
d ä q ƛ i n
r a y n
y i k ’ i x
b i k ’ i x ƛ i n
d e b i k i n
ä č i r u
y a y o ƛ ƛ i n
b i k ’ i x o z o
i č i z a q
a y n ƛ i n
b i š i n
b a y ä s i
c a x n o
r i q i r a
b i k ’ i x o z o
r o k ’ n o s i
o q z a ƛ ’ g o n
b i z i n
b u t n o s
r e g i r n o ƛ i n
i k ’ i ł x o s i
b i q a
h a q ’ u s
b i t i r e r n o
e č ’ e r n o
e s i n č ’ u
b u k a r a
ʕ i š q ’ a
b u k a y r u n
r a c ’ r u
i s x o
b ä s u r u
i c i s ƛ i n
r e g i n
e s i n č ’ i z a ƛ ’
e s i x
b o d i x a n u s i
b a ƛ ’ ä r i n č ’ i ƛ i n
r o q a
b i k ’ ä s i
r i k ’ i x
b o d i n č ’ i n ä y
b a c ’ r u ł i
n e ƛ a n
n ä x i n č ’ i ƛ i n
n e ƛ a n
y o ł ä s i ƛ i n
b i k ’ ä s i
e g i r n o
b o d a n
b i k ’ i x o z o
r o ɣ r e r n o
b o q n o a n u
n ä x z a z
m e k o d ä s i n
t a ƛ r u
r o y n ä y
y i c a l i n i
y o w ä ƛ i n
g u l u z a ł ä y g o n
r a c ’ z a ƛ ’
r u k a y n o s i
m a d a z a r
r o d i ł i n
b a y x
r a w r u n i
r u k a d a
b a y s
r i k ’ a n
b a y r u n t o w
b a y a
r e x u n ƛ i n
d ä r t o w
a y ä s i
z a w r u n i
ä ƛ i r u n
r o d i n ä y
ħ u r ž e n y a
r o ɣ n o
n e x x a n u ƛ i n
ƛ ä x u r u
n e x x a n u ƛ i n
i y x a n u s i
r o ɣ n o
r e ƛ ’ a b i
e s u n
q e q a
y o d i x
ƛ e x u n a
r a y x
a y n č ’ i n ä y
r o q n o
y e s u s
i k ’ i ł i n
y o q x o s i
r u ł i r n o
b i k ’ i n ƛ a x
x e d y a
y i k ’ i n
r u k a y x a ƛ i n
r o d ä s i n
n e x ä s i ƛ i n
ƛ e x u n č ’ u
b i k ’ i n ƛ a x
y o ɣ e ł n o
k ’ u k y o ƛ
r a y n ä ƛ i n
č ’ a q ’ ˤ i r n o
e r e r n o
x e d y o d e r
ƛ ’ i r ä z a
b i š a n ƛ i n
i q ä r u
k a m i r x a n u ƛ i n
r e c e n y o c e t ’ a
y a y o ƛ ƛ i n
r a c ’ e r x o
z e w n
y o ƛ i x n o s i
b ä k ’ i z a y
k u s a s
n e x ƛ ’ o r ä y
b ä č i n č ’ i
y e t i x o z o
k ’ o ƛ i x
i y n č ’ e y
c e y ä
n e x a n
r ä t i r u n t o w
o q n o ƛ a x
i č i z a ƛ ’ o r
n e x ƛ ’ o r ä y g o n
e s i x a n u ƛ i n
r o y n č ’ e y
o y s
r o ƛ i x x o
r a y n ä ƛ i n
y a y ƛ ’ o r ä y t o w
u t i r a n
b a y r u n t o w
b e c ä n
b a y n o s i
r e t i x a n u
z a w r u ł i
a ɣ ˤ ʷ a ɣ o r
b i k ’ i n ä y
y o ɣ e ł n o
y o w x o z o
r i ħ u r n o
r a c ’ o ƛ i n
y i k ’ ä ƛ i n
b u k a y n
b a ɣ ˤ i ł n o
y i ł a z
z a w r u ł i
k u r s i ƛ i n
b a y n
o z z ä ɣ o r
d ä r s i t o w
b a y ä r u n i
i k ’ i ł x o s i
o z z a t a w
r i q i ~ ƛ i q i r n o
g u l u d e
t e ƛ i n č ’ e y
d o w ƛ ’ o r
e q e r x o
g u l u q o r
e s n a z a d ä ɣ o r n o
ł ä ł ä z a y
r o y s
o k ’ ł a
y e x a s i
i k ’ i n a n u
b a y x
b ä c i r u n i
z a w r u n i g o n
r u k a y x o w
y i k ’ i x a ƛ i n
u ž i ƛ ’
b o k ’ k ’ ä s i
r u t i r n o
t ’ a s m a ɣ o r
b a y n
i k ’ a
b a y x
b i k ’ i x o s i
y o ł ä s i w a
e s i x
e ƛ a c e
a y n ä y
e s i n ƛ a x
y o q a c e n
r i q ä ƛ i n
z o w n a n u
r a c ’ e ł x o
b i k ’ i n o s i
b i k ’ i n ƛ a x
y i k ’ ä ƛ i n
i s t o w l i z a ƛ ’
y a y z a y
r u t i n
b o k ’ e k ’ i n č ’ e y
b i k ’ i x o s i
ä k ’ i n o ƛ i n
u k a y n č ’ a
m i c x i r y o s n o
b a y z a ƛ ’ o r
x a b a r y a y n
a y n č ’ u ƛ i n
e x u ~ e g i n č ’ e y
y a y r u
