z a w n č ’ u r u
y i k ’ i z a ƛ ’ o r t o w
b i š i n
y a y ƛ ’ o r ä y t o w
n e ƛ x o ƛ i n
ä k ’ i n č ’ i ƛ i n g o n
r e x u x a n u s i
b a k ’ r u
r o k ’ ƛ ’ o r
q e q a
b i k ’ i z a ƛ ’ o r t o w
r u t i r n o
y o y n č ’ i
b o x i r n o
ƛ ’ i r ä z a
y u k a y z a ƛ ’ o r
b a c ’ s i ƛ i n
r i k ’ i n
r o ɣ ł i n č ’ e y
b i ħ a n a y n
ä k ’ i r u n t o w
b a y n ƛ a x
b e x u n
q i z a n y o r
i k ’ n o
i š x o s i
r o x i r n o
y a y ƛ ’ o r ä y t o w
i ž i x ƛ i n
r e x u n
b a b i w ƛ ’
i š x a n u ƛ i n
n e x ƛ ’ o r ä y
b i ƛ i n
y i z i n
n e x a n ƛ i n
r e g i r n o s i
b a y x
y a y o ƛ ƛ i n
b a y x
e ƛ i s ƛ i n
b a y x a n u s i
b i k ’ i x o z o
r e x u x
r u k a r n o s i
r e s u n č ’ e y
b i k ’ ä s i
b a q r u n i
ž e k ’ a n č ’ e
o q a č ’ i n ƛ i n
n a r n o k i n
y o q z a ƛ ’ o r
r i k ’ ä s i
b o d i x
a ɣ ˤ ʷ a ɣ o r
r o y x o s i
y e x u r i n č ’ i n ä y
b e s u x
r a y x
b i ħ u s ƛ i n
y o d i x o s i
r i k ’ i n
r e s u n o s i
z o w n č ’ e y
e s i w ƛ ’ o r
b a y s
ž e d a ƛ
r i t ä r u n t o w
r a x ƛ i n
d o w ƛ ’ o r
m a ħ i q o r
r a y x
r i k ’ a n
b o d a n ƛ i n
z o w n č ’ a
q ’ ˤ u n a d e r
y a y o ƛ ƛ i n
b o d a n
a q z a
y i k ’ i x a ƛ i n
b i č i n
y a y o ƛ ƛ i n
b e s u r o z
b u t n o s
b o d o ƛ i n
b a ƛ ’ ä r i n č ’ i ƛ i n
b ä k ’ i z a y
ƛ e x u n č ’ u
i k ’ i ł x o s i
y o q z a ƛ ’ o r
b i t i n č ’ u
a y ä s i
b i š n o
r a q i n č ’ i ƛ i n
y e t i n
r o k ’ x o s i
b i z i n
y o q ä ƛ i n
r e s u n
r i k ’ ä s i
z e w n
e s u z a ƛ ’
i š a
q o q o ƛ i n
c e y ä
z a w r u n i
c e y e z
a y n č ’ i n ä y
n a z a
r o y z a ƛ ’ o r
n e ł a c e g o n
r i k ’ i n ƛ a x
b a r u z
y o ƛ i x n o s i
e x u r n o
r o w a
e q r o ƛ i n
r i k ’ i n
y a y n
i k ’ i n ƛ a x
r a y r n ä y
i c i s ƛ i n
b o k ’ k ’ ä s i
b a y n o s i
y i č i r ä s i
a y n ä y
c a x n o
m e k o y x n o
b a y n o s i
r a y x
l a g i q o r
y a y n
y a ɣ ˤ i n ƛ i n
b o ɣ a n ƛ i n
i k ’ i n o s i n
x e d y o q a y
e g i r n o
b a y x
r o d i ł i n
y e t i x o z o
a y ä s i
i q i r x o
b i k ’ i x ƛ i n
b a y ä s i
ł i n a q o r
e s a
k u r ä s i
r e x a d a
a y n ƛ i n
b o d i x ƛ i n
x a l q ’ i m o q
b i ħ a n a d a ƛ i n
i š x o ƛ a x
r a q r u n
y e t i n ƛ i n
b a y a
b a q i n č ’ i ƛ i n
y u k a y x a n u z o
b a y n o s i g o n
e s n a z a d ä ɣ o r n o
r o k ’ e r
n u k a r q o
b o q n ä y
k u s a r
b i z i n
b i ħ a n a d a
i č i z a q
y o d i x
b a q r u n i
b i k ’ i x o z o
y e s u n
b a y n
y i k ’ i n
n e ƛ n o
r i q ä ƛ i n
b ä x u r u
b o d i n č ’ i n ä y
y i k ’ i x a ƛ i n
k a m i r x a n u ƛ i n
y u k a y n č ’ u ƛ i n
r o k ’ u b i n
i y n č ’ e y
b i k ’ i x ƛ i n
b o ƛ i x n ä y
y ä č i z a y
k i k x o
b i k ’ i n o s i
g u l u q o r
e s n a z a d ä ɣ o r
r o d ä s i n
a y z a ƛ ’ o r t o w
n ä x i n č ’ i ƛ i n
d ä z
y i k ’ i n č ’ e y
ł i n a q o r
r i q i ~ ƛ i q i r n o
r o y s
ä k ’ i n o ƛ i n
b a q i n č ’ i ƛ i n
e r a l i
b a y n
b a y x
y i k ’ i s ƛ a x
b a y n č ’ i n ä y
r i č ä s i
y a y n g o n
r o ɣ n o
b o d i n o s i
r u k a y x a ƛ i n
b a y n
n u k a r z a s n o
n e x n ä y ƛ i n
n e ł a r n o
r e x u n ƛ i n
y e c a s i
y a y ƛ ’ o r ä y t o w
g u l u ƛ ’
e x u x
y o q x o s i
n e x a n
e x u ~ e g i n č ’ e y
y e x u r i n č ’ i n ä y
b a y x
x e c i n
z o w n a n u
e s u n a n u
r a ɣ ˤ ä s i
ƛ ’ i r i r g o n
ž e k ’ a n č ’ e
b a y x
r o y z a ƛ ’ o r
b a d i r u n
y i k ’ i s ƛ a x
y i ł a z
y o w n ƛ a x
n e x ƛ ’ o r ä y g o n
b i k ’ i x o s i
t a w a d i d ä ɣ o r
y i c a l i n i
o q i n č ’ u ƛ i n
b e t i x ƛ i n
r e s u z a ƛ ’
b i k ’ ä s i
b a c ’ r u ł i
r o d ä w a
i č i z a ƛ ’ o r
o z z a t a w
r a x ƛ i n
b i k ’ i x ƛ i n
b a y x a n a
