r i ħ i n
b a y z a ƛ ’ o r
b o k ’ e k ’ ä s i
o q z a ƛ ’ g o n
r e x u n ƛ i n
y a y r u
r o y s
b a y x
y o q a c e n
r a y x
i k ’ i n ƛ a x
y i z i n o s i
ħ a ž i n
ä k ’ i n č ’ i ƛ i n g o n
y i k ’ i x o s i
e s i x a n u ƛ i n
n e ƛ a n
r i y x a
r i ž i n
r i k ’ i n
y a y r u n t o w
y o ɣ e ł n o
t ’ a s m a ɣ o r
r a y r n ä y
a y n č ’ u ƛ i n
o k ’ ł a
b ä k ’ i r u
b a y a
b ä c i r u n i
o ɣ n o
b o ɣ a n ƛ i n
i k ’ i ƛ ’ o r e y
b a y z a
q ’ ˤ u n ƛ ’ o r n o
m e k o d ä s i n
y u k a d a
b o ɣ n o
b a q i n č ’ i ƛ i n
b o q x o
y i k ’ i x ƛ i n
x a l q ’ i m o q
b e r c i n ł ä
b e c u r i n č ’ e y
i š n o
z o w n č ’ a
y i k ’ i n č ’ e y
ł ä ł x o r
o q s i ƛ i n
r a y x
o ɣ ƛ ’ o r ä y
y i c a l i n i
b o d a č ’ i n
ä k ’ i r u n t o w
r i k ’ ä s i
b o q n o a n u
b ä x u r u
l a g i s
a y n č ’ u ƛ i n
b a y r u n t o w
r a x ƛ i n
b u k a y r u n
r o ɣ n o s i
b i k ’ i n ä y
y a y r n o
y a y ƛ ’ o r ä y t o w
z o w n a n u
b o d a n ƛ i n
r e t i n ä y
r a y x
b i k ’ ä s i
b i k ’ i x o z o
z a w r u ł i
b o ɣ a
b a y a
r u k a r a n ƛ i n
b i ħ a n a d a
r a ɣ ˤ i n
i k ’ i n ƛ a x
b e s u r o z a ƛ ’ a y
r o d ä w a
e s n a z a d ä ɣ o r
r e x u x
b a y x
n e x n ä y ƛ i n
t a ƛ r u
i c i s ƛ i n
y o w x
b a y ä s i
t e ł x o r n o
b i k ’ i z a ƛ ’ o r t o w
n e x a
b o ƛ ä x z a z
r u t i x a n u s i
b i ƛ i n
u ž i z a q o r
b o q n o
q e q a
r o q a
r i s ä ƛ i n
y i k ’ i z a ƛ ’ o r t o w
k u s a r
ž e ž u q a y
a y n ƛ i n
r o x i r n o
r o k ’ e r
b u t n o s
k u r ä s i
b o q n ä y
r u k a y n
a y n č ’ i z a ƛ ’
r a c ’ z a ƛ ’
r a x ƛ i n
i š x o s i
n e ł a c e g o n
b i k ’ i x ƛ i n
z o w n a n u ƛ a x
y i k ’ i n č ’ e y t o w
b u k a y n
b a y x
r a ɣ ˤ ä s i
n e x n ä y ƛ i n
ɣ u d ƛ ’ a y
n e x a
e s u n a n u
b o q x o s i n i
b i k ’ i z a ƛ ’ o r t o w
y e g i r a n
ħ u m u k u l i ƛ a
c e k ’ ƛ ’ o r
n u k a r e s n o
y e x u r i n č ’ i n ä y
y i k ’ i x
b a q r u n i
n e x a n
b a q r u n i
i č i z a ƛ ’ o r
b a y n o s i
r a q r u c e
ƛ e x u n
y o ł ä s i ƛ i n
y o d i x o s i
i y n č ’ e y
r u k a y x a ƛ i n
n e x e ł n o
r o d i n o s i
r o k ’ ƛ ’ o r
b o ƛ ä x z a z
r a ɣ ˤ ä s i
b a y ƛ ’ o r ä y
b a y n o s i
y a y ƛ ’ o r ä y t o w
c a x n o
k u s a s
n e ƛ a n
r o ɣ x o
y a y o ƛ ƛ i n
r a y n
r a y x
y a y n
d o w z
n e ƛ x o ƛ i n
r u k a y x a ƛ i n
a y r u
n e x a n
g u l u z a ƛ ’ n o
r o y n č ’ e y
b a y s
r a y r ä ƛ i n
z a w n č ’ u r u
y i k ’ i x a ƛ i n
r i č ä s i
b i k ’ i x o z o
r u k a d a
b a r u z
b a y n č ’ i n ä y
o q n ä y
y a y r u
r a y x
b i š i n
a y r u n t o w
b a y n o s i
b i ħ a n a y n
e ƛ i s ƛ i n
k a m ä s i
e s a c e
y o ƛ i x n o s i
i k ’ i n a n u
z o w n č ’ e y ƛ a x
ƛ ä x u r u n
r o ɣ r e r n o
b i k ’ i n o s i
k o ƛ ’ i n č ’ i n ä y
r e x a d a
k u s a r
r e t i x a n u
y o y x
n e x ä s i ƛ i n
d ä q ƛ i n
n ä x i n č ’ i ƛ i n
e x u r n o
o q n o ƛ a x
b a y a
z o w n č ’ a
i s t o w l i z a ƛ ’
y i k ’ i z a ƛ ’ o r t o w
b i ħ a n a y x
r o ž b i
b a y x
r i č i n
l a ɣ e s
a y s
o ɣ a n
b a y x a n a
e x u x
y o d i x o s i
r o k ’ x o s i
b e x a r u n i
b o d i n
y o y x
b a q r u n i
b o d i n o s i
i s x o
b o d i x
r i c ’ x o t ’ a
d i y ä
ä ƛ i r u n
r a q i n č ’ i ƛ i n
r a y x
b o y z a ƛ ’
b i š n o
r a y n ä ƛ i n
b e x u n č ’ i z a ƛ ’
ħ a ƛ i n
o q i n č ’ i z a ƛ ’
b a y s
r a y x
ɣ ˤ a n a z a g o n
b i k ’ i n
o z z a t a w
k u r x o
r i s n o
b a y ä s i
r e s u n č ’ e y
d ä r s i t o w
b o y x o s i
i c i s ƛ i n
y o q z a ƛ ’ o r
b a y n ƛ a x
b a y x
b o d i n č ’ i n ä y
