z o w n č ’ a
b a y z a
i c ’ n o
b e g i r n o
m a d a
r i č i x
b i t i r e r ƛ o
y i k ’ i n
b i k ’ i x o s i
ɣ u d ƛ ’ o t ’ a
k a m i r ä ƛ i n
b i k ’ i x o z o
b a y n
b a y ä s i
b o d a l i n i
i k ’ i ƛ ’ o r e y
y a q n o ƛ i n
e s n a z a g o n
y a y n
y i k ’ i n č ’ e y t o w
i k ’ a
š o m o ƛ a ł a
b o ɣ a
b a q i n č ’ i ƛ i n
b a y z a
b a ƛ ’ i r s i ƛ i n
y i č i n
a c ~ m a d a ł ä z a
r i k ’ i x ƛ i n
b ä q i r u
r a y x
i k ’ i ł x o s i
ä s i r u n
r u t ä r u n i
g u l u z a x o s i
y i q ä r u n
y i k ’ i n
b i k ’ i n ƛ a x
e s u n
k ’ o ƛ i r n o
b a b i y a g o n
b a y r u n t o w
b i k ’ i n ä y
b a y r u n t o w
r o y n č ’ e y
b a y a c e
b o c ’ ä n
b i š e r x o s i ƛ i n
ł ä ł x o r
r a q i n č ’ i ƛ i n
a y r u s
r i s n ä y ƛ i n
e s i n ƛ a x
i z i ł x a n u z o
e ƛ i n
r i k ’ i n
n e x a n ƛ i n
b a n
x a l q ’ i m o ƛ ’ ä
y i k ’ i x o s i
r o y x
b i q a
a ƛ ’ i r n o
i č i r x o
ł i y ä n
y i k ’ i s ƛ i n
r o q n o
n e x a n
r e g i r x a n u s i
b o d i n č ’ i n ä y
r i s a n ƛ i n
n ä r
y i k ’ i ł n o a n u
n e ƛ a
ł i n a s n o k i n
a y z a ƛ ’ o r t o w
e x u n o s i
b o d i x
a y ä s i
b o y ł i n
b o q a n ƛ i n
r i k ’ i n
b u k a d ä s i
a y z a ƛ ’ o r t o w
ä s i n ƛ i n
z o w n a n u ƛ a x
m a d a r g o n
n ä x i n č ’ i ƛ i n
ɣ ˤ ʷ a d ä
b o w n
a y n ä y
y e g i r s i ƛ i n
g u l u r
o ɣ ƛ ’ o r ä y
d ä ł ä y
b ä k ’ i z a z
b u d u m q o r
r u k a y x a n u ƛ a x
n ä x i n č ’ i ƛ i n
q ’ ˤ u n e ł n o
r a c ’ x o s i
n e ƛ s i
y a ɣ ˤ i n
b o d a č ’ i n
ł i n a ł n o
y e g ä r u n
i s t o w l i ƛ ’
n u k a r e r t o w
r i k ’ i n
i k ’ i n o s i n
b a y z a ƛ ’ o r
b e x u x ƛ i n
b i k ’ i n ƛ a x
u k a r a č ’ i n ƛ i n
r a w r u n i
r o q a n ƛ i n
r o q n o
b o x ä r n o
x e c i n
a y ä s i
h o k o ž e k ’ u r
r o y n ä y
y e d u k i n
n e x a n
p u ƛ ’ a z a r
y o ł ä s i w a
e s n a z a ƛ ’ a y
b e ł i q a n e z
i k ’ i n a n u
b a y ƛ ’ o r ä y
y i k ’ i s ƛ i n
ƛ ä x u r u n i
ä x u r u
r o q x a n u ƛ i n
y i k ’ i x a ƛ i n
z a w z a y
i k ’ i ł i n
r i q ä ƛ i n
y o w o
z o w n č ’ u ƛ i n
r a y n
b o y z a ƛ ’
e s u z a ƛ ’
b ä q i r u
d e b e ƛ ’
r i q ä ƛ i n
r o d i x a n u
b i z i n
n ä x n o ƛ i n
š o m o ƛ a
t e ƛ i n č ’ e y
a y n ƛ i n
b a y s
ž e d z o x
o x i n ƛ i n
b u k a r n o
b a q r u n i
r o q x a ƛ i n
d ä q
b e x u r x o s i
u t i ł x a n u s i
y a y ƛ ’ o r ä y t o w
t ä ƛ r u n i
b u k a d a
y i k ’ i x
y o q x o s i
i k ’ ä ł i n č ’ ä č e y ƛ i n
b e x u n č ’ i z a ƛ ’
t ’ u m b i
a y a t o w
r u k a y x
b e x a r u
a ɣ i s
a ħ o b i n
y i k ’ i n o s i
y a ƛ ’ i r n o
u ž i z a
ƛ e x u s
b a d i r u n
a y r u n t o w
r e s u x
r u k a y n
b i z i x
b e g i r a
y o ł a l i n i
r o ɣ r e r n o
z o w n č ’ u ƛ i n
ž e d a ƛ ’ o r t o w
e n i ~ b a b i y a
g u l a
n a r č o
d e b e r n o
g u l u z a r
y o q z a ƛ ’ o r
x e d y a
i k ’ i ƛ ’ o r e y
d o w d e
y i z z o x a y
b a y n o s i n
b a y n ƛ a x
a t i n
g u l u ł g o n
c e y s
r a q i n č ’ i ƛ i n
r i k ’ i n
r i s n o a n u
y a y n g o n
k ’ u k y o ł
ž e d u d ä ɣ o r n o
r i k ’ i n
z a w n o ƛ i n
r i k ’ i n
b o d i n č ’ i n ä y
o ɣ n o
b i k ’ ä s i
g u g i r a n ƛ i n
y a y ƛ ’ o r ä y t o w
m a d a ħ a z a y t o w
r i k ’ i n
r ˤ o ƛ ’ u n o s i
a y s i
e s i w ƛ ’ o r
z i r u r n o
b a y a c e
g u l u d e t o w
b e x u n
n e ł ƛ ’ a ɣ o r
d e b i k i n
b i k ’ ä s i
b o d i n
z o w ä s i
b i č ’ a
y o y n č ’ i
r a c ’ n o
r u k a d a
b a y a c e
b i k ’ i n o s i
r i t ä r u n t o w
n a z o n
o y s
i k ’ i n a n u
r o k ’ ƛ ’ o r
r i q i r a
n e x ƛ ’ o r ä y
n e ł a ƛ ’ a y
n a z a
b a y ä s i
b i ħ a n a y n
d ä ł ä y
t e ƛ ƛ ’ o r ä y
