z o w n č ’ a
b a y z a
i c ’ n o
b e g i r n o
m a d a
r i č i x
b i t i r e r ƛ o
y i k ’ i n
b i k ’ i x o s i
ɣ u d ƛ ’ o t ’ a
k a m i r ä ƛ i n
b i k ’ i x o z o
b a y n
b a y ä s i
b o d a l i n i
i k ’ i ƛ ’ o r e y
y a q n o ƛ i n
e s n a z a g o n
y a y n
y i k ’ i n č ’ e y t o w
i k ’ a
š o m o ƛ a ł a
b o ɣ a
b a q i n č ’ i ƛ i n
b a y z a
b a ƛ ’ i r s i ƛ i n
y i č i n
a c ~ m a d a ł ä z a
r i k ’ i x ƛ i n
b ä q i r u
r a y x
i k ’ i ł x o s i
ä s i r u n
r u t ä r u n i
g u l u z a x o s i
y i q ä r u n
y i k ’ i n
b i k ’ i n ƛ a x
e s u n
k ’ o ƛ i r n o
b a b i y a g o n
b a y r u n t o w
b i k ’ i n ä y
b a y r u n t o w
r o y n č ’ e y
b a y a c e
b o c ’ ä n
b i š e r x o s i ƛ i n
ł ä ł x o r
r a q i n č ’ i ƛ i n
a y r u s
r i s n ä y ƛ i n
e s i n ƛ a x
i z i ł x a n u z o
e ƛ i n
r i k ’ i n
n e x a n ƛ i n
b a n
x a l q ’ i m o ƛ ’ ä
y i k ’ i x o s i
r o y x
b i q a
a ƛ ’ i r n o
i č i r x o
ł i y ä n
y i k ’ i s ƛ i n
r o q n o
n e x a n
r e g i r x a n u s i
b o d i n č ’ i n ä y
r i s a n ƛ i n
n ä r
y i k ’ i ł n o a n u
n e ƛ a
ł i n a s n o k i n
a y z a ƛ ’ o r t o w
e x u n o s i
b o d i x
a y ä s i
b o y ł i n
b o q a n ƛ i n
r i k ’ i n
b u k a d ä s i
a y z a ƛ ’ o r t o w
ä s i n ƛ i n
z o w n a n u ƛ a x
m a d a r g o n
n ä x i n č ’ i ƛ i n
ɣ ˤ ʷ a d ä
b o w n
a y n ä y
y e g i r s i ƛ i n
g u l u r
o ɣ ƛ ’ o r ä y
d ä ł ä y
b ä k ’ i z a z
b u d u m q o r
r u k a y x a n u ƛ a x
n ä x i n č ’ i ƛ i n
q ’ ˤ u n e ł n o
r a c ’ x o s i
n e ƛ s i
y a ɣ ˤ i n
b o d a č ’ i n
ł i n a ł n o
y e g ä r u n
i s t o w l i ƛ ’
n u k a r e r t o w
r i k ’ i n
i k ’ i n o s i n
b a y z a ƛ ’ o r
b e x u x ƛ i n
b i k ’ i n ƛ a x
u k a r a č ’ i n ƛ i n
r a w r u n i
r o q a n ƛ i n
r o q n o
b o x ä r n o
x e c i n
a y ä s i
h o k o ž e k ’ u r
r o y n ä y
y e d u k i n
n e x a n
p u ƛ ’ a z a r
y o ł ä s i w a
e s n a z a ƛ ’ a y
b e ł i q a n e z
i k ’ i n a n u
b a y ƛ ’ o r ä y
y i k ’ i s ƛ i n
ƛ ä x u r u n i
ä x u r u
r o q x a n u ƛ i n
y i k ’ i x a ƛ i n
z a w z a y
i k ’ i ł i n
r i q ä ƛ i n
y o w o
z o w n č ’ u ƛ i n
r a y n
b o y z a ƛ ’
e s u z a ƛ ’
b ä q i r u
d e b e ƛ ’
r i q ä ƛ i n
r o d i x a n u
b i z i n
n ä x n o ƛ i n
š o m o ƛ a
t e ƛ i n č ’ e y
a y n ƛ i n
b a y s
ž e d z o x
o x i n ƛ i n
b u k a r n o
b a q r u n i
r o q x a ƛ i n
d ä q
b e x u r x o s i
u t i ł x a n u s i
y a y ƛ ’ o r ä y t o w
t ä ƛ r u n i
b u k a d a
y i k ’ i x
y o q x o s i
i k ’ ä ł i n č ’ ä č e y ƛ i n
b e x u n č ’ i z a ƛ ’
t ’ u m b i
a y a t o w
r u k a y x
b e x a r u
a ɣ i s
a ħ o b i n
y i k ’ i n o s i
y a ƛ ’ i r n o
u ž i z a
ƛ e x u s
b a d i r u n
a y r u n t o w
r e s u x
r u k a y n
b i z i x
b e g i r a
y o ł a l i n i
r o ɣ r e r n o
z o w n č ’ u ƛ i n
ž e d a ƛ ’ o r t o w
e n i ~ b a b i y a
g u l a
n a r č o
d e b e r n o
g u l u z a r
y o q z a ƛ ’ o r
x e d y a
i k ’ i ƛ ’ o r e y
d o w d e
y i z z o x a y
b a y n o s i n
b a y n ƛ a x
a t i n
g u l u ł g o n
c e y s
r a q i n č ’ i ƛ i n
r i k ’ i n
r i s n o a n u
y a y n g o n
k ’ u k y o ł
ž e d u d ä ɣ o r n o
r i k ’ i n
z a w n o ƛ i n
r i k ’ i n
b o d i n č ’ i n ä y
o ɣ n o
b i k ’ ä s i
g u g i r a n ƛ i n
y a y ƛ ’ o r ä y t o w
m a d a ħ a z a y t o w
r i k ’ i n
r ˤ o ƛ ’ u n o s i
a y s i
e s i w ƛ ’ o r
z i r u r n o
b a y a c e
g u l u d e t o w
b e x u n
n e ł ƛ ’ a ɣ o r
d e b i k i n
b i k ’ ä s i
b o d i n
z o w ä s i
b i č ’ a
y o y n č ’ i
r a c ’ n o
r u k a d a
b a y a c e
b i k ’ i n o s i
r i t ä r u n t o w
n a z o n
o y s
i k ’ i n a n u
r o k ’ ƛ ’ o r
r i q i r a
n e x ƛ ’ o r ä y
n e ł a ƛ ’ a y
n a z a
b a y ä s i
b i ħ a n a y n
d ä ł ä y
t e ƛ ƛ ’ o r ä y
r a y x
r o ɣ n o
r e x u n
r i s n o
i k ’ a
o ɣ a n
e s i x
b o ɣ a
r o ɣ n o
b o ɣ a
b a y x
r i k ’ i n
b a y x
r o ɣ n o
r e g i n
r a y x
r i k ’ i n
b o q x o
r i s n o
b a y n
r e x u n
b a y x
b o q x o
r o q n o
b a y x
y e s u n
y e t i n
r a y x
y o d i x
k u r x o
r i ƛ i x
y a y r n o
b o q n o
n e x a n
r a y x
b e s u x
r i č i n
b a y x
b a y z a
n e x a n
r i k ’ i n
b e s u x
n e x a n
i k ’ a
b o d i x
b a y n
n e x a
r a y x
b a y z a
n a z a
b o ɣ n o
y o d i x
ħ a ž i n
b o ɣ n o
r i ħ i n
b e s u n
n e x a n
y o d i x
k u r ä s i
y o d a n
b a y a
b o d a n
b o d i s
b o q x o
b i k ’ i n
r a y x
b i k ’ i n
ž e d a ƛ
r o ɣ x o
b a y a
r a y n
n e x a
n e x a
b o y n
n e x a
e ƛ a c e
b a y a
r i y x a
b o d a n
n e x a
b a y a
r o ɣ x o
b o d i x
b a y ä s i
k a m ä s i
r i k ’ ä s i
r o y n ä y
b o d i n
r a y x
i z i x
o ɣ n o
y a y r u
y a y n
b a y n
o d ä s i
y a y r u
r a y r n o
r o q a
l a g i q
b o y ł i n
b a y ä s i
r i k ’ a n
r i k ’ a n
e g i r s i
b e x a
r i c i n
o ɣ o ƛ i n
a y r u
o ɣ o ƛ i n
b e g i r a
b o q n ä y
b a y ä s i
y i k ’ i n
r i k ’ i x
r i k ’ i x
r u k a d a
r a x ƛ i n
ƛ e x u n a
i k ’ i x o s i
b ä z i r u
r i k ’ i n
b a y z a ƛ ’
b o d i s
y a y n
b i q i x
y a y r i n č ’ a
r i k ’ i n
ł i n a ƛ ’
u k a y z a
b a y n
n ä x z a z
b a y a c e
r o q a c e
r o d ä w a
y i k ’ i x
b a y a c e
r o w a n
a y n ƛ i n
r a q r u n
b u k a r a
a d i r u
d e b e ƛ ’
b a y s
r i k ’ i n
o k ’ ł a
y u k a d a
b a y a c e
m o ł i n
b a y a c e
r o d ä w a
g u l u d e
d o w x o r
y e x a s i
a ɣ ˤ u x
u t i r a n
b o y ł i n
r u t i r n o
r i k ’ i n
r u ł i r n o
r o d ä w a
n e x e ł n o
y a y n
r i č ä s i
o d ä s i
r o ž b i
b i k ’ u r
o y s
r i z ä s i
r i k ’ ä s i
y o ɣ ä s i
z o w ä s i
b i k ’ ä s i
y e x u r n o
t e ƛ n o
k u s a s
r i k ’ ä s i
b i k ’ ä s i
r o d i ł i n
e s a c e
i q i r x o
r e g i r n o
r e x a d a
r i k ’ ä s i
r e s a t o w
r o d i ł i n
n a ɣ o r
y o y x
y a y n g o n
y o ɣ e ł n o
b a d i r u n
r i q i r a
r i ħ u r n o
b o d a č ’ i n
ƛ ä x u r u n
b a y n o s i
r o ɣ n o s i
b a y x a n a
b i k ’ ä s i
b o x i r n o
y o x i r n o
b a y n o s i
r a ɣ ˤ i n
y o q x o s i
a y a t o w
d ä q ƛ i n
z o w n a n u
n ä x n o ƛ i n
r i q i r a
b a y x a n a
b a y n o s i
y o ɣ e ł n o
r o k ’ e r
z o w n a n u
r o d ä s i n
y i q ä r u n
d e b e q n o
b a y n o s i
y u k a d a
b a y x a n a
r i s ä ƛ i n
b ä k ’ i r u
b ä k ’ i r u
b i k ’ i n o s i
y u k a d a
z a w r u ł i
y o q ä ƛ i n
i k ’ a č ’ i n
b a d i r u n
z a w r u ł i
e ƛ a n ƛ i n
d ä r t o w
r a y n
r o k ’ e r
a y n ƛ i n
b a y x a n a
i k ’ i ł i n
r o ƛ i x n o
r i q i r a
b a y n o s i
r a x ƛ i n
l a g i q o r
u ž i ƛ ’
b o q n o a n u
r o x i r n o
y o ɣ e ł n o
l a g i s
r a y r n o
b a d i r u n
r o x i r n o
y o y n č ’ i
r o d ä s i n
i k ’ i ł i n
r a ɣ ˤ ä s i
i c i s ƛ i n
b o q n o a n u
n e ƛ a n
n e ł a r n o
g u l u z a ł
k u r ä ƛ i n
e s i w q a y
b o q n o a n u
b o ƛ i x n ä y
r o ɣ n o s i
r o ɣ r e r n o
b o q n o a n u
d ä q ƛ i n
y e t i n ƛ i n
b o d i n o s i
r o y n ä y
b i k ’ i n ä y
z a w r u n i
i k ’ i x ƛ i n
b a r u z
r i k ’ i n ƛ a x
r o q x a ƛ i n
b i k ’ i n o s i
g u l u q o r
d e b i k i n
r o d i n ä y
b i k ’ ä s i
b o d i n o s i
n e x e ł n o
b o ɣ a n ƛ i n
m a ħ i q o r
r a ɣ ˤ ä s i
y i k ’ ä ƛ i n
b i k ’ i x ƛ i n
b a q r u n i
b i k ’ i x o s i
b o q n ä y
b i k ’ i n ä y
y e t ’ u n
y i k ’ ä ƛ i n
y o w ä ƛ i n
b i k ’ i n ä y
ƛ e x u n a n u
o q s i ƛ i n
b o ɣ a n ƛ i n
y o d i x o s i
i k ’ i n ƛ a x
e x u r n o
a y r u n t o w
r o d i n ä y
r e x u n ƛ i n
e t i n a ƛ i n
i k ’ i ł i n
ƛ ’ i r ä z a
r e t i x a n u
r o ž b i n
b ä k ’ i z a y
b i ħ u s ƛ i n
b ä k ’ i z a y
y o d i x o s i
n e ł ƛ ’ o r
i k ’ i x o s i
r o ƛ i x x o
r o y x
r o y x o s i
ž e ž u q a y
b a q r u n i
o q n o ƛ a x
ä ƛ i r u n
b i k ’ i n ƛ a x
b o ƛ ä x z a z
b i k ’ i x o z o
i k ’ i ƛ ’ o r e y
r a q r u c e
r a x ƛ i n
r i k ’ i x ƛ i n
y a ɣ ˤ o ƛ i n
b o d a n ƛ i n
a y r u n t o w
u k a y x a n u
b e t i x ƛ i n
b i k ’ i n ƛ a x
r i k ’ i x ƛ i n
i k ’ i n o s i n
r u k a y x o w
r a y n ä ƛ i n
r a y n ä ƛ i n
ä ƛ i r u n
i k ’ i n a n u
b ä č i n č ’ i
r i k ’ i x ƛ i n
ħ u r ž e n y a
b ä k ’ i z a y
r a y n ä ƛ i n
d o w z
r a y n ä ƛ i n
b a y s
y i k ’ i x ƛ i n
b ä c i r u n i
r u k a y r u
r o d i r n o
b o d a n ƛ i n
n ä x n o ƛ i n
i k ’ i n ƛ a x
y i k ’ i n o s i
n e x a n ƛ i n
b ä c i r u n i
i k ’ i n a n u
u k a y n č ’ a
b u k a d ä s i
n ä x n o ƛ i n
ä k ’ i r u n t o w
i c i s ƛ i n
b i z i n
i k ’ i n ƛ a x
r o k ’ ƛ ’ o r
c e k ’ ƛ ’ o r
b a q r u n i
b i k ’ i x o s i
ħ a ƛ i n
b i k ’ i n ƛ a x
b a y n ƛ a x
z o w n č ’ a
e s u n a n u
b i k ’ i x ƛ i n
b ä k ’ i z a z
r e t i n č ’ e y
e s u z a ƛ ’
y a y z a y
b i k ’ i x ƛ i n
y i k ’ i n o s i
y e g i r a n
r o k ’ x o t o w
x e d y o d e r
y i k ’ i x o s i
y o y x
r o ɣ r e r n o
b i k ’ i x ƛ i n
y i k ’ i x ƛ i n
n ä x n o ƛ i n
i y n č ’ e y
n e x ƛ ’ o r ä y
x e d y o s g o n
y o ƛ i x n o s i
y i k ’ ä ƛ i n
ä k ’ i r u n t o w
n e ł a c e g o n
y a y r u n t o w
b a y n o s i n
b a y r u n t o w
b i k ’ i x o z o
y i z i n o s i
b i č i n
o q a n ƛ i n
r o k ’ x o s i
b o y x o s i
i y n č ’ e y
ä k ’ i n o ƛ i n
b i k ’ i x o z o
b a y r u n t o w
y e s u s
b i k ’ i x o z o
b a y z a ƛ ’ o r
n ä x n o ƛ i n
r e s u n
y o q a c e n
b a y x a n u s i
b ä č i r u n i
r a w r u n i
r o k ’ n o s i
b o d i n č ’ e y
b a y r u n t o w
b i k ’ i x o z o
n e x n ä y ƛ i n
ƛ ä x u r u
i k ’ i ł x o s i
b a y ƛ ’ o r ä y
m e c r e ƛ ’ n o
r o y z a ƛ ’ o r
b a y x a n u s i
b a y z a ƛ ’ o r
r o y n č ’ e y
a y ä s i
e x u n
o q ä ł i n č ’ i
b i k ’ a n ƛ i n
t e ƛ i n č ’ e y
r u k a y z a ƛ ’
b e t i x ƛ i n
r o y z a ƛ ’ o r
n e x n ä y ƛ i n
ä k ’ i n o ƛ i n
u ž i z a q o r
t a ƛ r u
n u k a r e s n o
r o q n o ƛ a x
i k ’ i ł x o s i
i y x a n u s i
e ƛ i s ƛ i n
o q a n ƛ i n
i k ’ i ł x o s i
r a y r ä ƛ i n
n e x ä s i ƛ i n
y i c a l i n i
r i k ’ i ƛ ’ o r ä y
n e ƛ a n
ł i n a q o r
y e x u r x o s i n
h a q ’ u s
e n i ~ b a b i w z
r o y z a ƛ ’ o r
x a l q ’ i m o q
b i ħ a n a y x
y a ł r u ł i
i k ’ i s ƛ i n
o q i n č ’ e y
i k ’ i s ƛ i n
b a y s
a y ä s i
x e d y o q a y
y i c a l i n i
n e x ä s i ƛ i n
b a y n č ’ i n ä y
b a y x a n u s i
r u k a r n o s i
n e x ä s i ƛ i n
b i z i n
m e k o d ä s i n
b i k ’ i n ƛ a x
d ä r s i t o w
y o ƛ i x n o s i
b a y n č ’ i n ä y
n a r n o k i n
r i c ’ x o t ’ a
r a c ’ z a ƛ ’
g u l u z a r
t a w a d i r
ħ i r o ƛ ’ o r
b a y n č ’ i n ä y
b o d i x ƛ i n
b a y ƛ ’ o r ä y
k ’ u k y o ƛ
b a y n ƛ a x
y i k ’ i x a ƛ i n
b o d i x a n u s i
b a y n č ’ i n ä y
r o d i r n o
r e t i n ä y
y i k ’ i n č ’ e y
r e t i n ä y
r o ɣ ł i n č ’ e y
b o y x a n u ƛ i n
r o ɣ ł i n č ’ e y
r u k a y n o s i
b i t i n č ’ u
b a y n č ’ i n ä y
r e x u x a n u s i
b a y n o s i g o n
r u k a y n
y e g i r a n ƛ i n
z o w n a n u
a k i q
g u l u z a r
b i ħ a n a d a
o z z a t a w
a y n č ’ i z a ƛ ’
r u k a r a n ƛ i n
r i c ’ a l i n i
r i k ’ i ƛ ’ o r ä y
o q ä ł i n č ’ i
b o d i x a n u s i
r i k ’ i ƛ ’ o r ä y
o q z a ƛ ’ ƛ i n
b i c ’ n o
b i k ’ i x ƛ i n
g u l u z a ƛ ’ n o
d i d u r n o k i n
a y n č ’ u ƛ i n
z i r u s n o
b a y ƛ ’ o r ä y
e x u n
y i k ’ i x a ƛ i n
y i k ’ i x a ƛ i n
r i q ä ƛ i n
b a y n o s i g o n
n e x x a n u ƛ i n
n e x ƛ ’ o r ä y g o n
d o w z o ƛ ’ a y
a y n č ’ i z a ƛ ’
b i y n č ’ e y n
e x u n
r e t i x a n u ƛ i n
o q i n č ’ u ƛ i n
y i k ’ i x a ƛ i n
b a q i n č ’ i ƛ i n
r e s u n o s i
a y n č ’ u ƛ i n
r i k ’ i ƛ ’ o r ä y
r u k a y x a ƛ i n
r u k a y x a ƛ i n
b a n
n e x x a n u ƛ i n
b a q i n č ’ i ƛ i n
z a w r u n i g o n
o q x o s i
r i k ’ i ƛ ’ o r ä y
y o ł ä s i ƛ i n
ħ u m u k u l i ƛ a
r o q i n č ’ u ƛ i n
n ä x i n č ’ i ƛ i n
r e s u n č ’ e y
ɣ u d ƛ ’ a y
n ä x i n č ’ i ƛ i n
n ä x i n č ’ i ƛ i n
i k ’ i n ƛ a x
g u l u ƛ ’ o r n o
o q i n č ’ i z a ƛ ’
q ˤ a y z
z o w n č ’ e y
o q i n č ’ i z a ƛ ’
r a x ƛ i n
e s i x a n u ƛ i n
r o y n č ’ e y
z o w n a n u
x e d y o d e r
r a c ’ o ƛ i n
r a q i n č ’ i ƛ i n
o q i n č ’ i z a ƛ ’
e t i x a n a ƛ i n
b o y x a n u ƛ i n
k u r s i ƛ i n
r a q i n č ’ i ƛ i n
y u k a y z a ƛ ’ o r
z o w n č ’ a
b o y x a n u ƛ i n
y a ɣ ˤ a n ƛ i n
r a q i n č ’ i ƛ i n
y a c ’ o ƛ i n
y i k ’ i n č ’ e y t o w
n e x ƛ ’ o r ä y g o n
b o ƛ ä x z a z
g u l u z a r
ƛ ä x u r u n
r o q x o n č ’ e ƛ i n
b ä k ’ i z a y
ł ä ł x o r
a y z a ƛ ’ o r t o w
a y n č ’ u ƛ i n
i č i z a ƛ ’ o r
z a w r u n i g o n
k u s a r
b i k ’ i z a ƛ ’ o r t o w
n u k a r z a s n o
n u k a r q o
y a y r n o ƛ i n
ƛ e x u n
d o w ƛ ’ a y g o n
e x u r n o
b a y z a ƛ ’ o r
b o k ’ e k ’ i n č ’ e y
ħ a ž ƛ ’ a ɣ o r
y a y ƛ ’ o r ä y t o w
y u k a y n č ’ u ƛ i n
o q a č ’ i n ƛ i n
m e k o y n o s i g o n
q i z a n y o r
b e s u r o z a ƛ ’ a y
o z z a t a w
y a y ƛ ’ o r ä y t o w
b o q x o s i n i
y a y ƛ ’ o r ä y t o w
b e c u r i n č ’ e y
k a m i n
o q z a ƛ ’ g o n
g u l u ƛ ’
y u k a y x a n u z o
b i ƛ i n
r a y r n ä y
y a y o ƛ ƛ i n
r i ħ a n a y x o s i
y a y o ƛ ƛ i n
b i k ’ i z a ƛ ’ o r t o w
b o y z a ƛ ’
y a y o ƛ ƛ i n
ä k ’ i n č ’ i ƛ i n g o n
ł i n a q o r
d e b e r n o
b i ħ a n a d a ƛ i n
z a w n č ’ u r u
k u s a r
z o w n č ’ e y ƛ a x
y i k ’ i z a ƛ ’ o r t o w
b e s u r o z
y a y o ƛ ƛ i n
y i k ’ i z a ƛ ’ o r t o w
t e ł x o r n o
ƛ e x u n ƛ i n
y a y o ƛ ƛ i n
t e ƛ i n č ’ u ƛ i n
x e d i w q o r n o
y e x u r i n č ’ i n ä y
t ’ a s m a ɣ o r
ä s i r u
y a y o ƛ ƛ i n
e s u n a n u
e g i r n o
b e x u r ƛ ’ o r ä y s i
r ä s u z a
y e x u r i n č ’ i n ä y
b a q i n č ’ i ƛ i n
ł i n a s n o t o w
n e ƛ x o ƛ i n
r o k ’ n o y ä
n e ƛ x o ƛ i n
e s i n č ’ i z a ƛ ’
a y s
b e x u n č ’ i z a ƛ ’
b a q i n č ’ i ƛ i n
i š x o s i
ä q i n č ’ i ƛ i n
y ä č i z a y
r o q i n č ’ i z a ƛ ’ ƛ i n
i k ’ ä ł i n č ’ ä č e y ƛ i n
z o w n a n u ƛ a x
k o ƛ ’ i n č ’ i n ä y
x u x i n
y a y ƛ ’ o r ä y t o w
č ’ a q ’ ˤ i r n o
e s n a z a d ä ɣ o r
e x u ~ e g i n č ’ e y
q ’ ˤ u n ƛ ’ o r n o
e s i w ƛ ’ o r
y u k a y x a n u z o
r e ƛ ’ i q o r
l a ɣ e s
n a z o s n o
y e g i r a n ƛ i n
r a y x
d o w ƛ ’ o r
ɣ ʷ ˤ a d i r
r u t i x a n u s i
o ɣ ƛ ’ o r ä y
b a h a d u r z a s
y o q z a ƛ ’ o r
b e r c i n ł ä
ɣ ˤ a n a z a g o n
r a ƛ ’ m o ƛ ’ n o
b i q i n č ’ i z a ƛ ’
d o w z o ƛ ’ a y
b a y ä r u n i
b u k a y r u n
y e x a s i
y i z i ł i n č ’ i z a ƛ ’
y a q z a y
b u t n o s
b u k a y r u n
y o d i x o s i
b a q i n č ’ i ƛ i n
b ä x u r u
q e q a
g o g a ƛ ä z
b i ħ a n a y n
y i ł a q
b e x a r u n i
i s t o w l i z a ƛ ’
i š x a n u ƛ i n
y o q z a ƛ ’ o r
b a c ’ r u n
b i q i n č ’ i z a ƛ ’
m e k o y n
h o w l o r t o w
b u t n o ƛ ’
n ˤ o ƛ a ƛ ’ o r
b o w n
z a w n č ’ u r u
b i š n o
d o w q o
r o ƛ i x x o
c e y ł ä y
b i š i n
n e x i n č ’ i n ä y
s a ɣ y a t y o s
b u k a y n
r i ž i n
b e x u n č ’ i z a ƛ ’
b u k a y n
a ž d a ħ e z
r o d i r n o
c e y ä
i k ’ n o
b o d i n č ’ i n ä y
n e x n ä y
b o k ’ e k ’ ä s i
r o d i n o s i
e s u n
b a y ä s i
b a c ’ s i ƛ i n
