z o w n č ’ a
b a y z a
i c ’ n o
b e g i r n o
m a d a
r i č i x
b i t i r e r ƛ o
y i k ’ i n
b i k ’ i x o s i
ɣ u d ƛ ’ o t ’ a
k a m i r ä ƛ i n
b i k ’ i x o z o
b a y n
b a y ä s i
b o d a l i n i
i k ’ i ƛ ’ o r e y
y a q n o ƛ i n
e s n a z a g o n
y a y n
y i k ’ i n č ’ e y t o w
i k ’ a
š o m o ƛ a ł a
b o ɣ a
b a q i n č ’ i ƛ i n
b a y z a
b a ƛ ’ i r s i ƛ i n
y i č i n
a c ~ m a d a ł ä z a
r i k ’ i x ƛ i n
b ä q i r u
r a y x
i k ’ i ł x o s i
ä s i r u n
r u t ä r u n i
g u l u z a x o s i
y i q ä r u n
y i k ’ i n
b i k ’ i n ƛ a x
e s u n
k ’ o ƛ i r n o
b a b i y a g o n
b a y r u n t o w
b i k ’ i n ä y
b a y r u n t o w
r o y n č ’ e y
b a y a c e
b o c ’ ä n
b i š e r x o s i ƛ i n
ł ä ł x o r
r a q i n č ’ i ƛ i n
a y r u s
r i s n ä y ƛ i n
e s i n ƛ a x
i z i ł x a n u z o
e ƛ i n
r i k ’ i n
n e x a n ƛ i n
b a n
x a l q ’ i m o ƛ ’ ä
y i k ’ i x o s i
r o y x
b i q a
a ƛ ’ i r n o
i č i r x o
ł i y ä n
y i k ’ i s ƛ i n
r o q n o
n e x a n
r e g i r x a n u s i
b o d i n č ’ i n ä y
r i s a n ƛ i n
n ä r
y i k ’ i ł n o a n u
n e ƛ a
ł i n a s n o k i n
a y z a ƛ ’ o r t o w
e x u n o s i
b o d i x
a y ä s i
b o y ł i n
b o q a n ƛ i n
r i k ’ i n
b u k a d ä s i
a y z a ƛ ’ o r t o w
ä s i n ƛ i n
z o w n a n u ƛ a x
m a d a r g o n
n ä x i n č ’ i ƛ i n
ɣ ˤ ʷ a d ä
b o w n
a y n ä y
y e g i r s i ƛ i n
g u l u r
o ɣ ƛ ’ o r ä y
d ä ł ä y
b ä k ’ i z a z
b u d u m q o r
r u k a y x a n u ƛ a x
n ä x i n č ’ i ƛ i n
q ’ ˤ u n e ł n o
r a c ’ x o s i
n e ƛ s i
y a ɣ ˤ i n
b o d a č ’ i n
ł i n a ł n o
y e g ä r u n
i s t o w l i ƛ ’
n u k a r e r t o w
r i k ’ i n
i k ’ i n o s i n
b a y z a ƛ ’ o r
b e x u x ƛ i n
b i k ’ i n ƛ a x
u k a r a č ’ i n ƛ i n
r a w r u n i
r o q a n ƛ i n
r o q n o
b o x ä r n o
x e c i n
a y ä s i
h o k o ž e k ’ u r
r o y n ä y
y e d u k i n
n e x a n
p u ƛ ’ a z a r
y o ł ä s i w a
e s n a z a ƛ ’ a y
b e ł i q a n e z
i k ’ i n a n u
b a y ƛ ’ o r ä y
y i k ’ i s ƛ i n
ƛ ä x u r u n i
ä x u r u
r o q x a n u ƛ i n
y i k ’ i x a ƛ i n
z a w z a y
i k ’ i ł i n
r i q ä ƛ i n
y o w o
z o w n č ’ u ƛ i n
r a y n
b o y z a ƛ ’
e s u z a ƛ ’
b ä q i r u
d e b e ƛ ’
r i q ä ƛ i n
r o d i x a n u
b i z i n
n ä x n o ƛ i n
š o m o ƛ a
t e ƛ i n č ’ e y
a y n ƛ i n
b a y s
ž e d z o x
o x i n ƛ i n
b u k a r n o
b a q r u n i
r o q x a ƛ i n
d ä q
b e x u r x o s i
u t i ł x a n u s i
y a y ƛ ’ o r ä y t o w
t ä ƛ r u n i
b u k a d a
y i k ’ i x
y o q x o s i
i k ’ ä ł i n č ’ ä č e y ƛ i n
b e x u n č ’ i z a ƛ ’
t ’ u m b i
a y a t o w
r u k a y x
b e x a r u
a ɣ i s
a ħ o b i n
y i k ’ i n o s i
y a ƛ ’ i r n o
u ž i z a
ƛ e x u s
b a d i r u n
a y r u n t o w
r e s u x
r u k a y n
b i z i x
b e g i r a
y o ł a l i n i
r o ɣ r e r n o
z o w n č ’ u ƛ i n
ž e d a ƛ ’ o r t o w
e n i ~ b a b i y a
g u l a
n a r č o
d e b e r n o
g u l u z a r
y o q z a ƛ ’ o r
x e d y a
i k ’ i ƛ ’ o r e y
d o w d e
y i z z o x a y
b a y n o s i n
b a y n ƛ a x
a t i n
g u l u ł g o n
c e y s
r a q i n č ’ i ƛ i n
r i k ’ i n
r i s n o a n u
y a y n g o n
k ’ u k y o ł
ž e d u d ä ɣ o r n o
r i k ’ i n
z a w n o ƛ i n
r i k ’ i n
b o d i n č ’ i n ä y
o ɣ n o
b i k ’ ä s i
g u g i r a n ƛ i n
y a y ƛ ’ o r ä y t o w
m a d a ħ a z a y t o w
r i k ’ i n
r ˤ o ƛ ’ u n o s i
a y s i
e s i w ƛ ’ o r
z i r u r n o
b a y a c e
g u l u d e t o w
b e x u n
n e ł ƛ ’ a ɣ o r
d e b i k i n
b i k ’ ä s i
b o d i n
z o w ä s i
b i č ’ a
y o y n č ’ i
r a c ’ n o
r u k a d a
b a y a c e
b i k ’ i n o s i
r i t ä r u n t o w
n a z o n
o y s
i k ’ i n a n u
r o k ’ ƛ ’ o r
r i q i r a
n e x ƛ ’ o r ä y
n e ł a ƛ ’ a y
n a z a
b a y ä s i
b i ħ a n a y n
d ä ł ä y
t e ƛ ƛ ’ o r ä y
r i ħ i n
b a y z a ƛ ’ o r
b o k ’ e k ’ ä s i
r e x u n ƛ i n
m u h u z a ƛ ’ o r
b i q a
y a y r u
r o y s
b a y x
r e g i r i n č ’ e y ƛ i n
y o q a c e n
r a y x
r u t i n
i k ’ i n ƛ a x
n a r e y
ħ a ž i n
e s u r s i
b i t i r e r n o
ä k ’ i n č ’ i ƛ i n g o n
b a š i ł
y i k ’ i x o s i
a y n č ’ i n ä y
n e ƛ a n
r i y x a
r i ž i n
r i k ’ i n
y a y r u n t o w
y o ɣ e ł n o
i k ’ i n
r a y r n ä y
o k ’ ł a
b ä k ’ i r u
b a y a
b ä c i r u n i
b o ɣ a n ƛ i n
i k ’ i ƛ ’ o r e y
b a y z a
q ’ ˤ u n ƛ ’ o r n o
m e k o d ä s i n
y u k a d a
b o ɣ n o
b a q i n č ’ i ƛ i n
a y n č ’ i n ä y
z e r u y a ł e r
b o q x o
a y n ä y
x a l q ’ i m o q
b e c u r i n č ’ e y
i š n o
z o w n č ’ a
ł ä ł x o r
ƛ ’ i r i r g o n
r i š e r n o
r a y x
o ɣ ƛ ’ o r ä y
y i c a l i n i
z o w w ä ƛ i n
b o d a č ’ i n
e r e r n o
ä k ’ i r u n t o w
r i k ’ ä s i
g o g a
r e g i r e ł x a n u w a ƛ i n
b ä x u r u
a y n č ’ u ƛ i n
ˤ o ƛ ’ u n
b a y r u n t o w
r a x ƛ i n
b u k a y r u n
r o ɣ n o s i
y i k ’ i s ƛ a x
b i k ’ i n ä y
t e ł ä y g o n
z o w w ä ƛ i n
y a y r n o
y a y ƛ ’ o r ä y t o w
z o w n a n u
b o d a n ƛ i n
y i z i n
r e t i n ä y
r a y x
b i k ’ ä s i
b i k ’ i x o z o
z a w r u ł i
b a y a
r u k a r a n ƛ i n
b i ħ a n a d a
d ä r ƛ i n
i k ’ i n ƛ a x
b e s u r o z a ƛ ’ a y
r o d ä w a
e s n a z a d ä ɣ o r
r e x u x
b a y x
n e x n ä y ƛ i n
t a ƛ r u
i c i s ƛ i n
r i t ä r u n t o w
y o w x
y a q i n č ’ i
t e ł x o r n o
e s i n ƛ a x
b i k ’ i z a ƛ ’ o r t o w
i k ’ i ƛ ’ o r e y
b i ƛ i n
u ž i z a q o r
b o q n o
q e q a
r o q a
r i s ä ƛ i n
y i k ’ i z a ƛ ’ o r t o w
k u s a r
ž e ž u q a y
b i z i n
a y n ƛ i n
r o x i r n o
b u t n o s
k u r ä s i
r u k a y n
a y n č ’ i z a ƛ ’
b e x a r u n i
n e ł a c e g o n
b i k ’ i x ƛ i n
z o w n a n u ƛ a x
y i k ’ i n č ’ e y t o w
b u k a y n
r a ɣ ˤ ä s i
n e x n ä y ƛ i n
ɣ u d ƛ ’ a y
n e x a
e s u n a n u
y e g i r a n
c e k ’ ƛ ’ o r
n u k a r e s n o
o y n ƛ a x
ł i n a ł a y n
y e x u r i n č ’ i n ä y
y i k ’ i x
b a q r u n i
ž e k ’ a n č ’ e
i č i z a ƛ ’ o r
b a y n o s i
r a q r u c e
y o d i x o s i
b a y n o
n e x e ł n o
r o d i n o s i
r o k ’ ƛ ’ o r
b o ƛ ä x z a z
r a ɣ ˤ ä s i
b a y ƛ ’ o r ä y
b a y n o s i
y a y ƛ ’ o r ä y t o w
c a x n o
r e s u z a ƛ ’
y a ƛ ’ i r ä
n e ƛ a n
r o ɣ x o
r a y n
y a y n
z e w n o ƛ a x
d o w z
n e ƛ x o ƛ i n
r u k a y x a ƛ i n
a y r u
n e x a n
r o y n č ’ e y
b a y s
r a y r ä ƛ i n
z a w n č ’ u r u
y i k ’ i x a ƛ i n
r i č ä s i
b i k ’ i x o z o
i ž i x ƛ i n
b a r u z
b a y n č ’ i n ä y
o q n ä y
z a w n č ’ u r u
y a y r u
b ˤ o ƛ ’ u n
o ɣ ƛ ’ o r ä y
b u c i ƛ ’ a y
r a y x
b i š i n
a y r u n t o w
b a y n o s i
e ƛ i s ƛ i n
k a m ä s i
y o ƛ i x n o s i
i k ’ i n a n u
z o w n č ’ e y ƛ a x
ƛ ä x u r u n
b i k ’ i n o s i
c ’ e r u c ’ a z
r e x a d a
r e t i x a n u
y o y x
d ä q ƛ i n
n ä x i n č ’ i ƛ i n
ħ i r o ƛ ’ ƛ i n
e x u r n o
o q n o ƛ a x
b a y a
a y n č ’ i n ä y
z o w n č ’ a
i s t o w l i z a ƛ ’
y i k ’ i z a ƛ ’ o r t o w
ł a ƛ ’ o r
r o ž b i
b a y x
r i č i n
l a ɣ e s
a y s
o ɣ a n
b a y x a n a
e x u x
y o d i x o s i
b e x a r u n i
b o d i n
y o y x
b a q r u n i
b o d i n o s i
i s x o
ł i ł i r o x n o
b o d i x
r i c ’ x o t ’ a
d i y ä
ä ƛ i r u n
r a q i n č ’ i ƛ i n
r a y x
b o y z a ƛ ’
b i š n o
b e x u n č ’ i z a ƛ ’
ħ a ƛ i n
o q i n č ’ i z a ƛ ’
b a y s
r a y x
b i k ’ i n
k u r x o
ž e d u d ä ɣ o r n o
r i s n o
b a y ä s i
r e s u n č ’ e y
n e x i n č ’ i n ä y
d ä r s i t o w
i c i s ƛ i n
y o q z a ƛ ’ o r
b a y n ƛ a x
b a y x
b o d i n č ’ i n ä y
ƛ e x u n č ’ u
y i k ’ i x a ƛ i n
b i k ’ i x o s i
n e x ƛ ’ o r ä y
y o d i x
e l ä y
r a q i n č ’ i ƛ i n
ƛ ’ i r ä z
b e s u x
b a n
ħ a l a
r e g i r n o
y e s u x
n e x a n
r i k ’ i ƛ ’ o r ä y
r e ƛ ’ i q o r
g u l u z a ł
b a c ’ r u n
e ƛ a n ƛ i n
m e k o y x n o
n ˤ o ƛ a ƛ ’ o r
i k ’ i s ƛ i n
z o w n ƛ a x
b i k ’ i n ä y
r e t i x a n u ƛ i n
r e s u n o s i
r o d ä s i n
i q i r x o
r o d i ł i n
d o w z o ƛ ’ a y
m e c r e ƛ ’ n o
b i k ’ u r
o ɣ n o
o d ä s i
b a q i n č ’ i ƛ i n
h a q ’ u s
m a d a z a r
d ä z
b ä c i r u n i
r i k ’ i n
a ɣ ˤ u x
r a x ƛ i n
a y n ä y
z o w n č ’ e y
e x u n
b a z a r g a n z a q a y
b a h a d u r z a s
b a d i r u n
e x u ƛ
n a z o s n o
r i š i n č ’ e y
n e x a
r e c e n y o c e t ’ a
z o w n a n u
n ä x n o ƛ i n
y o d i x
d o w q o
ä ƛ i r u n
u k a y n č ’ a
r i k ’ i x
i k ’ i ł i n
r u ł i r n o
a y a t o w
y a y ƛ ’ o r ä y t o w
r i k ’ i x
r a c ’ r u
ž e d a ƛ
y i š a n
b a y n č ’ i n ä y
n e x a
i k ’ i x o s i
o y s
r i z ä s i
i k ’ a
b a y n č ’ i n ä y
b a y x
r e ƛ ’ a b i
r a c ’ o ƛ i n
b o d o ƛ i n
z o w n a n u
r e g i n
d o w x o r
n e x x a n u ƛ i n
y a y n
y i ł a q
r o y z a ƛ ’ o r
e x ʷ a
r o w a
n e ł ƛ ’ o r
n e ƛ x o ƛ i n
ʕ i š q ’ a
r o q x a ƛ i n
r o w a n
r o x i r n o
r i q i r a
b e x u n
z o w ä s i
b o ɣ a n ƛ i n
i k ’ ä ł i n č ’ ä č e y ƛ i n
r i ħ u r n o
b i k ’ i n ƛ a x
o q a n ƛ i n
n e x ä s i ƛ i n
o ɣ o ƛ i n
a y n ä y
ä s i r u
e x u ~ e g i n č ’ e y
i y x a n u s i
r i t i r e r a č ’ i n ƛ i n
m a ħ a z a y
r o d ä w a
b ä k ’ i z a z
b a y s
b a c ’ r o ƛ i n n o
n e x a n
e ƛ i s
ž i g o ƛ ’ a y ƛ i n
b a n
b o y ł i n
b o k ’ e k ’ i n č ’ e y
r i k ’ i ƛ ’ o r ä y
r o y x o s i
o q ä ł i n č ’ i
g u l u z a r
d e b e ƛ ’
b u k a d ä s i
y o ɣ e ł n o
y e g i r a n ƛ i n
a y z a ƛ ’ o r t o w
e t ’ n o
b e ł i q a n e s
a k i q
ħ i r o ƛ ’ o r
e g i r n o
r u k a y n o s i
r e s u n
z a w r u ł i
y o ɣ e ł n o
y a y o ƛ ƛ i n
r o q x o n č ’ e ƛ i n
b i k ’ a n ƛ i n
b a y ä r u n i
a y s i
n e š i r u x a y t ’ a
e q r o ƛ i n
b ä k ’ i z a y
x e c i n
e s a
d e b e r n o
r ä t i r u n t o w
ä k ’ i n o ƛ i n
y i k ’ i n o s i
b a y a c e
b a y ä r u n i
b o q n o a n u
r u k a y z a ƛ ’
b a y x a n u s i
t e ƛ i n č ’ u ƛ i n
e ƛ a c e
r i k ’ i ƛ ’ o r ä y
o z z a t a w
i k ’ i n o s i n
r o ƛ i x x o
y e x u r x o s i n
d ä z
b e s u x
z a w r u n i g o n
b o d a n
d o w ƛ ’ o r
y u k a y z a ƛ ’ o r
g u l u ƛ ’ o r n o
b a y n o s i
e s a n
e q e r x o
b a y s
b a y z a
b i k ’ i x o z o
r e s a t o w
o q i n č ’ i z a ƛ ’
r a y n ä ƛ i n
r a y n
n a ɣ o r
ä q i n č ’ i ƛ i n
ł i ł i r o ł
k ’ o ƛ i x
b a y r u n t o w
b ä k ’ i z a y
b e x a
e s i ƛ ’
y i k ’ i s ƛ a x
b u k a y r u n
y i k ’ i s ƛ a x
y a y z a y
b ä z i r u
d e b i k i n
e x u n
b i k ’ i n ƛ a x
b a z a r g a n e s
e s i x
n e ƛ n o
a d i r u
y e c a s i
i k ’ i ł x o s i
y i k ’ ä ƛ i n
r e t i n č ’ e y
n ä x z a z
ž e k ’ a n č ’ e
d i d u r n o k i n
r e x u n
r o y z a ƛ ’ o r
ħ i r a r
u k a y x a n u
b ä č i r u n i
r i k ’ ä s i
g u l u ƛ ’
a k i ł ä z a
b o d a n ƛ i n
i k ’ n o
r o ɣ n o s i
c e y ł ä y
z a w n č ’ u r u
c e y ä
b i k ’ i n o s i
y i ł a z
y i c a l i n i
b ä k ’ i z a y
b e s u n
y o x i r n o
b a y z a ƛ ’ o r
b i č i r n o
e s n a z a ł
ƛ e x u n ƛ i n
ä k ’ i n o ƛ i n
r e x u x a n u s i
y a y n
b a y n
b u k a y n
ł ä ł ä z a y
i š x o ƛ a x
b e t i x ƛ i n
e s u z a ƛ ’
r i ħ a n a y x o s i
b i q i n č ’ i z a ƛ ’
n e x ƛ ’ o r ä y g o n
r a y x
y e g i r a n ƛ i n
i k ’ a
b a y ä s i
r o d i r n o
n e x n ä y
ł ä ł ä z a y
n e x a
b o d i n č ’ e y
r u t i r n o
i q ä r u
e č ’ e r n o
t a w a d i r
o c ä
r a w r u n i
b a y n
n e x x a n u ƛ i n
o q ä ł i n č ’ i
r i s n o
b a y a c e
r i c ’ a l i n i
r o ɣ n o
a y ä s i
b a y a c e
r a y r n o
u k a y z a
y a ɣ ˤ o ƛ i n
r e g i r n o s i
r i č ’ o
b a y n o s i n
r o d i n ä y
e t i n a ƛ i n
b o y x a n u ƛ i n
i ħ a d a
r i k ’ i n ƛ a x
y e s u s
m a d a z a
y a y r i n č ’ a
b ä k ’ i r u
r i k ’ ä s i
b o x i r n o
a y n č ’ i z a ƛ ’
r e g i r n o ƛ i n
y i k ’ i s ƛ a x
b i ħ a n a d a ƛ i n
r o y n ä y
i k ’ i ł i n
b a y z a ƛ ’ o r
i k ’ i n
e s i w ƛ ’ o r
e q r ä s i
t e ƛ i n č ’ e y
b o q x o
r a ƛ ’ m o ƛ ’ n o
b a b i w ƛ ’
b o d i s
b a y x
x a b a r y a y n
y i z i d ä y
r o ɣ r e r n o
ä č i r u
ħ a ž ƛ ’ a ɣ o r
r o k ’ n o y ä
b e c ä n
k u s a
b o w n
y e x a s i
n e ł a r n o
b o k ’ ä k ’ r u n i
y o w n ƛ a x
b a y n č ’ i n ä y
r o d i ł i n
y u k a y x a n u z o
b i k ’ i x ƛ i n
z i r u s n o
y i k ’ i x ƛ i n
y o q z a ƛ ’ o r
m a d u h a l z a s n o n a n
b a y ƛ ’ o r ä y
l a g i q o r
r o q a c e
b i y n č ’ e y n
y o ɣ ä s i
b i š a n ƛ i n
b i k ’ ä s i
y o w ä ƛ i n
z o w n a n u
i k ’ i ł x o s i
n u k a r q o
e s u n a n u
ɣ ʷ ˤ a d i r
b a y n o s i g o n
y i k ’ ä ƛ i n
r u k a r n o s i
i y n č ’ e y
t e ƛ n o
r o ɣ ł i n č ’ e y
r i k ’ i ƛ ’ o r ä y
b i k ’ i n ƛ a x
y o q ƛ ’ o r e y
b ä č i n č ’ i
r e s u n
y u k a y n č ’ u ƛ i n
r a q i n č ’ i ƛ i n
r i k ’ i x ƛ i n
g o g a ƛ ä z
x u x i n
i k ’ i n ƛ a x
r a y r n o
r o d i r n o
m u r o ƛ ’ o r n o
r a c ’ ł i n
n ä x i n č ’ i ƛ i n
r o ɣ n o
y u k a d a
z a w r u n i g o n
o q z a ƛ ’ ƛ i n
a ž d a ħ e z
y i ł a ƛ ’ n o
b a y n
r i q ä ƛ i n
n e x n o
y o d i x o s i
ł i n a ~ ł i n a n
n ä x n o ƛ i n
n a r n o k i n
b o q n ä y
m e k o y n o s i g o n
r o k ’ x o t o w
e r a l i
o ɣ o ƛ i n
o z a t a w
y i k ’ ä ƛ i n
r e s u r n o
n e x a n ƛ i n
b a d i r u n
r o q i n č ’ i z a ƛ ’ ƛ i n
b i k ’ i n
u t i r a n
x e d y o q a y
b i z i n
i k ’ i ł x o s i
b i q i x
i k ’ i ł i n
b o d i x ƛ i n
b a y a
b a k ’ r u
k i k x o
r u ł i r n o
i š a
ä k ’ i r u n t o w
i k ’ i n ƛ a x
b o k ’ k ’ ä s i
y a ł r u ł i
o q i n č ’ e y
d i d u r ƛ i n
b a y x
b i k ’ ä s i
b i k ’ i x ƛ i n
q ˤ a y z
b ä s u r u
r o d i r n o
e s i n č ’ i z a ƛ ’
r i k ’ i n
b a y x a n a
r a y x
r o q n o ƛ a x
g u l u d e
b a y n o s i g o n
i k ’ i x o s i
y o d a n
b i k ’ i n ƛ a x
ł i n a q o r
r i k ’ i x
r i k ’ i ƛ ’ o r ä y
r a x ƛ i n
b o d a n
b o y x a n u ƛ i n
r i k ’ ä s i
r i k ’ i n
y a y o ƛ ƛ i n
x e d i w q o r n o
y u k a y x a n u z o
r o k ’ e r
b a q i n č ’ i ƛ i n
b a y n o s i
i z i x
r i q i ~ ƛ i q i r n o
b e x u r ƛ ’ o r ä y s i
r ä s u z a
z a w r u n i
b i k ’ ä s i
y e z u r a
r o q n o
e s i x
b o q n o a n u
a y n ƛ i n
y o d i x
b o d i x
b o y ƛ ’ o r e y
e s o
ł i n a s n o t o w
b a y x a n u s i
c e y e z
y o w x
h o w l o r t o w
y i z i ł i n č ’ i z a ƛ ’
y e t ’ u n
d e b e q n o
e x u n
m i c x i r y o s n o
b a y n ƛ a x
r i k ’ i x ƛ i n
b e s u r o z
r o y n ä y
b a y n
k ’ u k y o ƛ
z o w n a n u ƛ a x
n e x n o
b ä k ’ i z a y
y a ɣ ˤ a n ƛ i n
n e x ƛ ’ o r ä y g o n
t a w a d i d ä ɣ o r
r a y n ä ƛ i n
o q x o s i
r o ɣ n o
b o d i x a n u s i
y o q x o s i
b o y ł i n
y a y r n o ƛ i n
b a c ’ s i ƛ i n
b a y x a n a
m o ł i n
k ’ e k ’ e r ł i n
b u k a r i n č ’ u w a
y a y o ƛ ƛ i n
b o q x o
o z z ä ɣ o r
t ä ƛ r u n i
y i ž i n
r a ƛ ’ m o ƛ x o r g o n
r i k ’ i n
k u r s i ƛ i n
e t i x a n a ƛ i n
y e t i n ƛ i n
u ž i ƛ ’
b o ƛ i x n ä y
b a y ä s i
y a y n g o n
y o q ä ƛ i n
b a y a c e
r o ƛ i x n o
r i q i r a
b a c ’ r u ł i
r u k a y r u
x e d y o s g o n
