አ ዘ ዛ ች ሁ
ይ ር ገ ጡ
አ ሰ ኝ ቶ
ሀ ገ ራ ት ሽ
ተ ደ ፈ ሩ
ረ ገ ጣ ች ሁ
እ ን መ ድ ብ
ስ ብ ሰ ባ ዎ ች ሽ
ታ ላ ቄ
ጨ መ ሩ
መ ወ ሰ ን
ቅ ባ ቱ
ሀ ገ ራ ቱ
ተ ጠ ጋ
እ ን ግ ዳ ዎ ች ሽ
ማ ግ ባ ት
ሰ ብ ራ ች ሁ
ተ ደ ፍ ረ ዋ ል
ድ ብ ደ ባ ህ
ተ ደ ፍ ራ ለ ች
ት መ ዘ ገ ባ ለ ህ
ይ ወ ስ ን
ያ ተ ር ፋ ሉ
አ ፍ
ሽ ማ ግ ሌ ዎ ቻ ች ሁ
ወ ፎ ቹ
ላ ት ር ፍ
እ ና ያ ለ ን
አ ዋ ር ድ
አ ም ር ታ ች ሁ
ተ በ ክ ለ ና ል
ዙ ፋ ኖ ች
እ ሴ ቶ ቻ ቸ ው
ይ መ ድ ብ
ይ ስ ማ ማ ሉ
ተ ቀ ና ቃ ኟ
ተ ጠ ግ ታ ች ሁ
ት ደ ፈ ር
ያ ገ ቡ
አ ስ ጠ ጣ ን
አ ት ር ፈ ዋ ል
ተ ደ ፍ ረ ሀ ል
አ ዘ ን
አ ስ መ ጣ ሽ
ሀ ገ ራ ቸ ው
ስ ሮ ቹ
ገ ቢ ዎ
ላ ግ ባ
ጦ ሙ
ት ያ ዝ
ታ ዪ
ጉ ል በ ቶ ቼ
ታ ዋ ር ጃ ለ ሽ
አ ግ ብ ተ ና ል
ት ና ን ት ና
ጦ ማ ች ን
ት መ ጣ ለ ህ
ታ ሳ ያ ለ ሽ
አ መ ቻ ች ተ ዋ ል
ዘ ዴ
ታ ላ ቆ ቻ ች ሁ
እ ጨ ም ራ ለ ሁ
ያ ዝ ኑ
ተ ወ ጣ ን
ገ ፋ ች
ተ ት ተ ና ል
ታ ላ ቆ ቼ
እ ና ቶ ች ህ
መ ሎ ቿ
ደ ብ ዳ ቤ ዎ ቹ
ጸ ሎ ት ህ
ማ መ ል ከ ቻ ዬ
በ ት ኑ
ው ጥ ኖ ች ህ
ት ዋ ጥ
ው ለ ዱ
መ ዲ ና ዎ ቹ
ተ ጠ ራ ጠ ር
በ ት ና ች ሁ
አ ወ ካ ች ሁ
እ ን ስ በ ር
ና ሙ ና ዎ ቹ
ሮ ጣ ች ሁ
አ ሳ ዪ
ም ግ ባ ራ ች ን
ባ ሪ ያ ች ሁ
አ ፀ ፋ
ተ መ ር ቶ
ት ደ ፈ ሪ
ይ መ ድ ቡ
ት መ ድ ቡ
ደ ጋ ዎ ች
ባ ለ ቤ ቶ ቻ ች ሁ
ተ መ ዘ ገ ብ ሽ
ቀ ል ባ ቸ ው
አ ዋ ር ደ ሀ ል
በ ት ና ለ ች
ሰ በ ር ን
አ መ ቻ ቸ
ዓ ለ ት
ታ መ ሩ
ት ጨ ም ር
አ ስ ጠ ጥ ተ ሻ ል
ሴ ራ ዎ ቻ ች ን
ዙ ፋ ኖ ች ህ
አ ም ር ተ ሀ ል
ደ ስ ታ ህ
ይ ከ ል ክ ል
ገ ር ፌ ያ ለ ሁ
ሼ ክ
እ ሥ ራ ች ሁ
ት ገ ፋ ላ ች ሁ
ቤ ተ ክ ር ስ ቲ ያ ኖ ች ሽ
ረ ገ ጡ
ት ነ ግ ዳ ለ ች
እ ን በ ት ን
ተ ጠ ራ ጠ ራ ች ሁ
እ ን ባ ሽ
ሰ ነ ዶ ቻ ች ሁ
ስ ብ ሰ ባ ዎ ች ዎ
አ ዘ ኑ
ት ያ ዣ ለ ሽ
ስ ቻ ለ ሁ
ይ በ ል ጡ
ተ ጠ ቅ ተ ን
በ ል ተ ሻ ል
አ መ ቻ ቹ
አ ድ ን ቂ
ዓ ይ ነ ታ ች ን
ት ገ ፋ ለ ህ
ዘ ይ ቶ ች ዎ
ተ ጠ ጋ ን
እ ን ባ ቸ ው
አ ዘ ው
ኮ ን ና ለ ች
ት ገ ፊ ያ ለ ሽ
ድ ም ፆ ቻ ች ሁ
መ ሥ መ ሮ ቻ ቸ ው
እ ን በ ከ ል
ግ ጥ ሚ ዮ ች ዎ
አ ሳ ዝ ነ ን
ደ ር ሰ ና ል
ገ ፍ ተ ሀ ል
ጉ ዳ ች ን
ጠ ባ ች ሁ
ተ በ ል ተ ሻ ል
ደ ን ብ ዎ
ያ ው ካ ሉ
ይ በ ላ ሉ
መ ዲ ኖ ቿ
ሠ ው ነ ታ ች ን
ቤ ተ ክ ር ስ ቲ ያ ኖ ቹ
አ ቅ ሞ ች
ተ ጠ ግ ተ ሽ
ደ ብ ዳ ቤ ዋ
ሮ ጠ ሀ ል
ሴ ራ ዎ ቹ
ቀ ይ ረ ሽ
ስ ፖ ር ተ ኛ ዎ ች ህ
ቀ ረ ጥ
አ መ ቻ ች ተ ው
ላ ሞ ች
ተ ት ተ ው
ሞ ኝ
ፋ ን ታ ዬ
ወ ር ው ራ
ታ ሳ ል ፋ ላ ች ሁ
ያ ስ ች ላ ል
ጸ ጥ ታ ች ን
መ ጥ ተ ህ
ማ ው ራ ት
ት ረ ግ ጫ ለ ሽ
እ ነ ግ ድ
ላ ም ሽ
ገ ር ፋ ች ኋ ል
ተ ቀ ና ቃ ኙ
ት መ ራ ላ ች ሁ
ታ ስ መ ጣ
አ ባ ሎ ቻ ች ሁ
አ ዝ ኖ
ግ ደ ል
ዕ ት ም ዎ
ይ ረ ግ ጡ
ወ ር ው ሪ
አ ገ ባ
ደ ር ሰ ው
ዘ ገ ባ ዎ ቹ
ነ ግ ደ ዋ ል
ት ወ ረ ው ር
ይ ብ ቀ ል
ው ጣ ች ሁ
እ ሴ ቶ ቻ ች ን
አ ወ ራ ች ሁ
ጨ ም ረ ሽ
ያ ገ ባ ሉ
ሴ ራ ዎ
ስ ራ ዎ ች
ተ ሰ ር ዞ
እ በ ላ
ወ ስ ኜ
መ ሪ ዎ ቻ ች ን
ያ ስ ጠ ጣ ሉ
ሰ ብ ሬ
ወ ር ው ሩ
በ ተ ን ሽ
ሀ ኪ ም ሽ
ታ ስ መ ጣ ላ ች ሁ
ቀ ዝ ቃ ዛ
ተ ይ ዘ ህ
ሰ ብ ረ ሽ
ሥ ን ቋ
ጠ ረ ጴ ዛ ው
ው ለ ታ ዋ
እ ወ ል ድ
ዕ ት ሞ ቻ ች ሁ
ተ ጠ ራ ጠ ሩ
ት ከ ለ ክ ላ ላ ች ሁ
ት ው ጥ
ጀ ር ባ ዎ
ገ ፆ ቹ
ዘ ይ ቴ
መ ከ ታ ተ ል
ስ ታ ች ኋ ል
ግ ጥ ሙ
ያ ሳ ዩ
ገ ቢ ዎ ቻ ቸ ው
ገ ድ ለ ን
ማ ሳ የ ት
አ ይ ተ ን
ተ ከ ታ ት ለ ን
ይ በ ላ
ሀ ኪ ሞ ች ህ
ከ ብ ረ ሀ ል
ከ በ ረ ች
ስ ፖ ር ተ ኛ ዎ ቼ
ይ በ ል ጥ
ግ ጥ ም
ሽ ማ ግ ሌ ው
ገ ቢ ዎ ች
መ ጤ ው
ግ ጥ ሚ ያ ው
ት ገ ር ፋ ላ ች ሁ
መ ጥ ተ ው
ወ ለ ድ ኩ
ጽ ዋ ዎ ቹ
እ ና ሳ ዝ ን
ወ ለ ድ ን
አ ሳ ለ ፈ
ስ ራ ው
ተ ደ ፍ ሬ
