ጸ ሎ ቱ
ጸ ሎ ቱ
ጦ ሙ
ጦ ሙ
ሀ ኪ ሟ
ሀ ኪ ሙ
ሆ ዷ
ዙ ፋ ኖ ቿ
ጉ ዷ
ዙ ፋ ኖ ቹ
ክ ሊ ኒ ኮ ቹ
ጸ ሎ ት
ቀ ዝ ቃ ዛ
ረ ግ ጦ
ት ፈ ፅ ሙ
ይ ፈ ፅ ማ ሉ
ፈ ፀ ም ክ
ሀ ኪ ሞ ቹ
ሞ ኝ
ዙ ፋ ኖ ች
ሀ ኪ ሞ ቹ
ያ ሳ ዝ ና ሉ
ያ ሳ ዩ
ታ ሳ ዝ ኑ
ጨ ም ሬ
ፈ ፅ ሚ
ተ ቀ ና ቃ ኞ ቿ
ት ዳ ሬ
መ ፈ ፀ ም
ያ ደ ን ቃ ሉ
ሣ ም ን ቱ
ያ ሰ ኝ
ያ ዝ ኑ
ጨ ም ሮ
ታ ዪ
ታ ላ ቆ ቼ
ላ ት ር ፍ
ዕ ድ ሜ ዬ
ያ ግ ቡ
ቀ የ ር ክ
ዕ ብ ሪ ቱ
ፕ ሮ ግ ራ ሞ ቹ
ተ ሸ ፍ ኖ
ይ ሮ ጣ ሉ
ፕ ሮ ግ ራ ሞ ቹ
ጥ ቁ ር
ግ ፉ
ቤ ተ ክ ር ስ ቲ ያ ኗ
ጠ ረ ጴ ዛ ዬ
ተ ቀ ና ቃ ኙ
ም ጡ
ቢ ጫ ው
ያ ው ካ ሉ
ት ራ ፊ ኩ
ቀ ዝ ቃ ዛ ው
ጸ ሎ ት ህ
ሰ ብ ሬ
ፉ ት ቦ ል ህ
ሮ ጬ
ላ ሟ
ማ ኅ በ ሬ
ማ ሳ ዘ ን
ጸ ጥ ታ
ጩ ኸ ት ሽ
ተ ቋ ቁ ሟ ል
ማ ኅ በ ራ ቱ
ተ ቀ ና ቃ ኞ ቹ
ፉ ት ቦ ላ ቸ ው
ማ ሳ የ ት
ያ ያ ሉ
ባ ሪ ዮ ቿ
ሼ ክ
ይ ኮ ን ኑ
አ ሰ ኝ ቶ
ዙ ፋ ኖ ች ህ
ዋ ጡ
ተ ደ ፍ ሬ
ላ ድ ን ቅ
ቤ ተ ክ ር ስ ቲ ያ ኖ ቹ
ዘ ላ ቂ ዋ
ታ ደ ን ቂ
ግ ጥ ሚ ዮ ቹ
ታ ላ ቂ ቱ
ሮ ጣ
ደ ብ ዳ ቤ ዋ
ይ ሸ ፈ ን
ያ ተ ር ፋ ሉ
ፈ ረ ሶ ቹ
አ ፀ ፋ
ያ ስ ቆ ጣ
ላ ሞ ቿ
ይ ረ ግ ጡ
ጨ ር ቁ
ታ ዝ ኛ ለ ሽ
ግ ጥ ሙ
ፀ ደ ቀ
ታ ተ ር ፊ
መ ዲ ኖ ቿ
ግ ማ ሾ ቼ
ደ ም ስ ሳ
ዓ ይ ነ ቱ
ሰ ማ ዮ ቹ
ዘ ዴ
ፕ ሮ ግ ራ ማ ች ን
ና ሙ ና ዎ ቹ
ረ ገ ጡ
ሀ ኪ ማ ቸ ው
ቅ ባ ቱ
ይ ደ ር ሱ
ኮ ን ኗ ል
ያ ዙ
ግ ረ ፍ
ይ ደ ፈ ራ ሉ
ም ግ ባ ሮ ቿ
ፈ ፅ ማ ለ ች
ታ ላ ቄ
ፍ ር ስ ራ ሽ
ት ደ ፈ ሪ
እ ና ሳ ዝ ና ለ ን
ዙ ፋ ኔ
ት ሰ ብ ሪ
ፋ ን ታ ዬ
ቀ ይ ሮ
አ ቁ ማ ዶ ች
ፕ ሮ ግ ራ ሞ ቻ ች ሁ
ይ ዋ ጡ
ሀ ኪ ሞ ች ህ
ተ ቀ ና ቃ ኞ ቻ ቸ ው
ተ ሰ ር ዞ
ያ ተ ር ፉ
ያ ስ ቆ ጣ ል
ፋ ን ታ
ሀ ኪ ሜ
ት ከ ብ ሪ
መ ዲ ና ዬ
ቅ ር ጽ ዎ
ጦ ማ ች ን
ጠ ረ ጴ ዛ ው
ሥ ን ቋ
ያ ሳ ዝ ና ል
ደ ር ሳ
ቤ ተ ክ ር ስ ቲ ያ ኖ ቻ ቸ ው
ሀ ኪ ሞ ቻ ች ሁ
ቀ የ ር ን
ቤ ተ ክ ር ስ ቲ ያ ና ቸ ው
ግ ጥ ሚ ዮ ቻ ቸ ው
ል ሩ ጥ
ጠ ረ ጴ ዛ ዎ ቼ
ሀ ኪ ም ሽ
ጨ ር ቆ ቹ
ድ ም ፆ ች
ዕ ት ሞ ቹ
ባ ለ ቤ ቶ ቿ
ሰ በ ሩ
ት ረ ግ ጫ ለ ሽ
ታ ዋ ር ዳ ላ ች ሁ
አ ዳ ራ ሹ
እ ና ሳ ዝ ን
ኮ ን ና ች ኋ ል
ጠ ቡ
ፈ ረ ሶ ች
ጉ ዳ ቸ ው
ያ ሳ ል ፍ
ደ መ ሰ ስ ኩ
ት ሰ ብ ሩ
ብ ድ ሮ ቹ
መ ዲ ኖ ቹ
ት ና ን ት ና
ው ጥ ኗ
ም ግ ባ ሩ
እ ዘ ኑ
ግ ፋ
ጀ ር ባ ዋ
ቤ ተ ክ ር ስ ቲ ያ ኖ ች ሽ
እ ና ተ ር ፍ
ያ ደ ን ቅ
ድ ም ፆ ቻ ቸ ው
ድ ብ ደ ቦ ቹ
ይ ደ መ ስ ሱ
ቤ ተ ክ ር ስ ቲ ያ ኖ ች ህ
መ ዲ ኖ ቹ
ጉ ድ
ስ ፖ ር ተ ኛ ዋ
ቤ ተ ክ ር ስ ቲ ያ ን ህ
ደ ብ ዳ ቤ ያ ቸ ው
እ ሥ ሬ
ይ ከ ብ ሩ
እ ፀ ዋ ት
ት ያ ዙ
ቤ ተ ክ ር ስ ቲ ያ ን ዎ
ግ ጥ ሚ ዮ ች ሽ
ያ ገ ቡ
ግ ጥ ሚ ዮ ች ዎ
ጠ ባ ቂ ዋ
አ ት ር ፎ
ፈ ረ ሶ ቻ ቸ ው
ግ ማ ሾ ቹ
ይ ክ በ ሩ
ፈ ፅ መ ህ
ጸ ጥ ታ ዎ
መ ዲ ና
ደ ብ ዳ ቤ ዎ ቼ
ታ ተ ር ፊ ያ ለ ሽ
ድ ም ፃ ቸ ው
አ ቅ ሞ ቿ
ሥ ን ቆ ች
ይ ወ ል ዳ ሉ
ፈ ፀ መ ች
ጉ ዳ ች ን
ይ ስ ማ ማ ሉ
ት ኮ ን ና ላ ች ሁ
ማ ኅ በ ራ ታ ች ሁ
ም ግ ባ ሮ ቹ
ነ ፃ ነ ቶ ቹ
ሰ ብ ራ
ይ ቀ ይ ሩ
ጨ መ ሩ
ታ ዋ ር ጃ ለ ሽ
ያ ስ ጠ ጡ
ታ ሳ ል ፋ ላ ች ሁ
ታ ሳ ዝ ን
ተ ደ ፈ ሩ
ላ ው ክ
ይ ር ገ ጡ
ዕ ት ሞ ች
ሀ ገ ራ ቱ
በ ት ኑ
ሀ ገ ራ ቱ
ሽ ማ ግ ሌ ው
እ ና ቶ ቿ
ሆ ድ ህ
ደ ረ ሰ
ማ ኅ በ ሮ ቻ ቸ ው
ታ ገ ቢ
ት ደ ር ሺ
ታ መ ሪ
ገ ፉ
ባ ሪ ያ ዬ
ጠ ሉ
ጨ ም ረ ሽ
ጨ ር ቅ
መ ያ ዝ
መ ስ ዋ ዕ ቱ
ፈ ረ ሶ ች ሽ
ጉ ል በ ቶ ቼ
ቅ ር ሳ ች ን
ዕ ት ሞ ቻ ች ን
ቅ መ ሞ ቹ
እ ሥ ሯ
ይ ን ገ ዱ
