ደ ር ሰ ና ል
ጽ ዋ ዎ ቹ
በ ቀ ል ኩ
ይ ከ ፈ ል
ታ ሳ ል ፋ ለ ህ
ጸ ጥ ታ ች ን
ያ ተ ር ፋ ል
ው ለ ዱ
ኮ ን ና ለ ች
መ ደ ፈ ር
ከ ፍ ታ ዎ ች
እ ን ላ ካ ለ ን
እ ን ሩ ጥ
ሀ ገ ሮ ቿ
ስ ፖ ር ተ ኛ ዎ ቿ
ስ ፖ ር ተ ኞ ቻ ቸ ው
መ ሎ ቿ
ታ መ ሩ
ይ በ ከ ሉ
በ ቀ ል ክ
ድ ም ፆ ቻ ች ሁ
ግ ማ ሾ ች
ከ ብ ረ ሻ ል
ግ ጥ ሚ ያ ው
ታ ላ ቆ ቻ ች ሁ
ማ ኅ በ ሮ ቻ ች ን
ተ ጠ ቅ ሶ
ተ ዋ ቀ ረ
ባ ሪ ዮ ቻ ች ን
አ ግ ብ ቶ
ኮ ን ነ ሀ ል
ት ጨ ም ር
ላ ግ ባ
ሰ ነ ዶ ቻ ቸ ው
እ ን ጨ ም ራ ለ ን
እ ና ይ
ኮ ን ነ ዋ ል
ማ ው ራ ት
ግ ማ ሾ ቻ ች ን
ት ወ ጪ
ት ደ መ ስ ሺ
ያ ስ ጠ ጣ ሉ
ተ ከ ታ ት ለ ን
እ ና ያ ለ ን
ጨ ም ረ ህ
ስ ፖ ር ተ ኛ ዎ ቼ
ያ ሳ ይ
መ ሥ መ ሮ ቿ
ነ ፃ ነ ቶ ቻ ቸ ው
ታ ላ ቆ ች ሽ
ይ ከ ል ክ ል
መ ከ ታ ተ ል
ወ ሰ ን ኩ
ከ ብ ረ ሀ ል
ቀ ይ ረ ን
ቀ ይ ራ
ት ያ ዣ ለ ሽ
ዓ ለ ት
ተ ደ ፍ ረ ዋ ል
ይ ደ ም ስ ስ
ት ረ ግ ጥ
ላ ስ ገ ድ ድ
ጠ ር ዞ ቹ
ላ ሞ ቹ
ደ ም ስ ሰ ና ል
ዓ ይ ነ ታ ች ን
ቅ ር ስ
ደ ብ ዳ ቤ ዎ ቹ
ዘ ገ ቦ ቿ
ተ ደ ፍ ረ ሀ ል
አ ድ ን ቁ
ዕ ት ሞ ች ዎ
ት ደ ር ሳ ለ ህ
ሞ ኙ
ወ ል ዳ
ከ ብ ረ ው
ት ነ ግ ዳ ላ ች ሁ
ስ ፖ ር ተ ኛ ህ
እ ን ጨ ም ር
ሴ ራ ዋ
ሮ ጠ ሀ ል
ት ደ ም ስ ስ
ት መ ድ ቡ
ም ግ ባ ሮ ቻ ች ን
ማ ኅ በ ራ ቸ ው
ግ ጥ ም
ዘ ዴ ያ ች ን
ይ ጠ ጉ
ዘ ይ ቴ
አ ስ ቆ ጥ ቷ ል
ስ ፖ ር ተ ኞ ቻ ች ሁ
ሮ ጠ ዋ ል
ል ጠ ቃ
ላ ሞ ች
ዕ ት ሞ ቻ ች ሁ
ግ ጥ ሚ ያ ች ን
ላ ሞ ቻ ች ን
ሰ ብ ረ ሀ ል
ት ው ጪ
ማ ግ ባ ት
አ ሳ ዝ ኚ
ያ መ ሩ
ይ ጠ ቁ
ተ ከ ታ ት ላ ች ኋ ል
መ ሥ መ ሮ ቼ
ሰ ብ ረ ው
ይ ወ ስ ኑ
ይ በ ል ጡ
ማ ስ ጠ ጣ ት
ታ ሳ ያ ላ ች ሁ
ጠ ባ ቂ ያ ቸ ው
ሰ ብ ረ ሽ
እ ን ከ ል ክ ል
ት ጠ ጋ
ረ ግ ጠ ዋ ል
ቀ ረ ጥ
ይ ወ ረ ው ራ ሉ
አ ዘ ኑ
ት በ ል ጡ
ት ደ ር ሳ ላ ች ሁ
በ ት ኜ
ት ላ ካ ለ ህ
ያ ስ መ ጡ
ድ ብ ደ ቦ ች ዎ
መ ድ ቡ
ወ ለ ድ ኩ
በ ሮ ቿ
ት ደ ፈ ር
ማ መ ል ከ ቻ ዬ
ይ ጠ ራ ጠ ሩ
ይ ጠ ጉ
ባ ሪ ዮ ች ሽ
ት መ ድ ቢ
ጠ ባ ቅ ያ ች ን
እ ና መ ቻ ቻ ለ ን
በ ቅ ለ ና ል
ት ደ ፈ ር
ት መ ጪ
ይ ያ ዝ
ተ ጠ ግ ቶ
ጠ ረ ጴ ዛ ዎ ች ህ
ድ ም ፅ ሽ
ት ደ ፈ ራ ለ ህ
ይ መ ድ ቡ
መ ዲ ና ቸ ው
ይ ጠ ጋ
ት ደ መ ስ ሳ ላ ች ሁ
ጠ ባ ቂ ዎ ቿ
ት ዋ ጥ
መ ዲ ኖ ች ሽ
ኮ ን ነ ህ
ታ ይ
ፋ ን ታ ች ን
ደ ር ሳ ለ ች
ይ ዘ ን
ደ ር ሰ ህ
ት ሮ ጣ ላ ች ሁ
መ ጠ ራ ጠ ር
ተ ጠ ራ ጥ ረ ሀ ል
ይ ከ ብ ር
ሰ ነ ዶ ቻ ች ሁ
ት ወ ረ ው ሪ ያ ለ ሽ
እ ን በ ቅ ላ ለ ን
ስ ፖ ር ተ ኛ ዎ
ደ ር ሰ ው
ሰ ው ነ ቴ
እ ያ ዛ ለ ሁ
ይ መ ድ ቡ
ት ጠ ቃ
ማ መ ል ከ ቻ
ጀ ር ባ ዎ
እ ን ገ ር ፋ ለ ን
በ ት ና ች ኋ ል
መ ሷ እ ታ ቸ ው
ተ ት ቶ
ላ ስ ጠ ጣ
መ ሥ መ ሩ
መ ዲ ኖ ቻ ች ሁ
ት ብ ቀ ል
በ ቀ ለ
ው ጥ ኖ ች
ተ ጠ ራ ጥ ረ ዋ ል
ከ ል ክ ያ ለ ሁ
ያ ስ ገ ድ ድ
ቀ ይ ር
ሽ ማ ግ ሌ ዎ ቻ ች ሁ
ጠ ባ ቂ ዎ ቼ
ት ላ ክ
ድ ም ፅ ዎ
ማ መ ል ከ ቾ ች ዎ
ማ ኅ በ ር ሽ
ት ገ ፊ ያ ለ ሽ
ይ ጠ ቃ
ነ ግ ደ ዋ ል
ታ ስ ገ ድ ድ
ት ገ ር ፋ ላ ች ሁ
ይ ላ ክ
ቀ ይ ረ ሽ
አ ግ ብ ታ
ት ወ ጫ ለ ሽ
ም ግ ባ ራ ች ን
አ ት ር ፈ ን
መ ዋ ቀ ር
ወ ስ ኜ
ረ ግ ጠ ሽ
ሰ ማ ያ ት
ታ ስ ገ ድ ድ
ግ ማ ሻ ች ሁ
እ ጨ ም ራ ለ ሁ
ዘ ላ ቂ ዎ ች
ም ግ ባ ር
አ ሳ ዪ
ገ ፆ ቹ
ባ ለ ቤ ቶ ቻ ች ሁ
ት ነ ግ ዳ ለ ች
ስ ፖ ር ተ ኛ ዎ ቻ ቸ ው
ይ በ ላ ሉ
ወ ፎ ቹ
ት ነ ግ ድ
እ ን ከ ታ ተ ል
ዓ ይ ነ ት ዎ
ይ ብ ቀ ል
ገ ር ፋ ች ኋ ል
አ ት ር ፈ ሻ ል
ተ ደ ፍ ራ ለ ች
አ ድ ን ቀ ን
ይ ላ ክ
በ ቅ ለ ዋ ል
ሠ ው ነ ታ ች ን
እ ም ነ ቶ ቼ
ወ ር ው ሬ
አ ት ር ፈ ዋ ል
ደ ር ሻ ለ ሁ
ያ ገ ባ ሉ
ሀ ገ ራ ታ ቸ ው
ደ መ ሰ ስ ሽ
እ ን ጠ ጋ
ደ ን ቦ ቻ ች ሁ
ት ወ ስ ኛ ለ ሽ
ታ ሳ ያ ለ ሽ
ከ ለ ከ ላ ች ሁ
ት ያ ዝ
ከ ለ ከ ለ ች
አ ሳ ዝ ና ለ ሁ
ሀ ገ ሮ ቹ
ይ ደ በ ቅ
መ ዲ ና ዎ ቹ
ዘ ይ ቶ ቻ ች ን
ዕ ት ም ዎ
ሰ ባ ኪ ዎ ች
መ ሎ ቹ
ት ዳ ር ዎ
ይ በ ላ ሉ
ገ ፆ ቹ
ሀ ገ ሮ ቹ
ወ ቀ ሶ ቻ ች ሁ
ታ ያ ለ ሽ
ይ ቀ ይ ራ ል
ሰ ነ ዳ ች ሁ
ከ በ ረ ች
ት ከ ለ ክ ላ ላ ች ሁ
ግ ደ ል
ገ ር ፈ ን
ጠ ባ ቂ ያ ች ሁ
ሰ በ ር ን
ተ ጠ ጋ
ው ጥ ኖ ች ዎ
ይ በ ቅ ል
ተ ገ ል ጋ ይ
ይ ቀ ይ ር
ማ ስ ታ ወ ሻ ዎ ች
ግ ጥ ሞ ች ሽ
ገ ፍ ተ ሀ ል
መ ዲ ና ዎ ቻ ች ን
እ ላ ክ
አ ቅ ሞ ች
ገ ቢ ያ ቸ ው
ት ስ ቱ
በ ተ ን ክ
በ ል ጬ
መ ዲ ና ዎ ቹ
ት ገ ር ፋ ለ ህ
ት ወ ል ዳ ላ ች ሁ
እ ን ገ ድ ላ ለ ን
ል ቀ ይ ር
እ ሴ ቶ ቻ ቸ ው
ዘ ዴ ው
ደ ን ቦ ች ሽ
እ ጮ ኛ ዎ ቹ
ት ዘ ን
አ ሳ ል ፍ
መ ጥ ቼ
እ ሴ ቶ ቹ
ይ ተ ዋ ል
ወ ር ው ሩ
አ ዘ ን ክ
ው ጥ ኖ ች ህ
እ ን ሳ ት
እ ሴ ቶ ቻ ች ን
እ ን ጨ ቶ ቹ
ዘ ዴ ው
ገ ር ፌ ያ ለ ሁ
ገ ድ ለ ና ል
አ ግ ብ ቷ ል
ተ ጠ ቃ
ስ ፖ ር ተ ኛ ዎ ች ህ
እ ዘ ን
ያ መ ቻ ቻ ል
ይ ደ መ ስ ስ
ባ ለ ቤ ት ዎ
መ ወ ሰ ን
እ ን ግ ዳ ሽ
ተ ረ ቶ ቹ
መ ሥ መ ሮ ቻ ቸ ው
ይ ቀ ር
እ ና ስ መ ጣ
አ ግ ብ ታ ች ኋ ል
ዘ ይ ቶ ች
ት ገ ፋ
ው ለ ታ ዋ
ተ ጠ ጋ ን
እ ኩ ል
ት በ ቅ ላ ለ ች
አ ነ ስ ተ ኛ ዋ
ገ ፃ ቸ ው
ተ ጠ ራ ጠ ሩ
ጠ ባ ቂ ዎ ቹ
ሀ ገ ራ ት ሽ
ነ ገ ድ ኩ
መ ጥ ቷ ል
አ ይ ቶ
መ ሥ መ ሮ ቻ ች ን
ደ መ ሰ ሰ ች
ረ ግ ጣ ች ሁ
እ ደ ር ስ
ት ደ መ ስ ስ
እ ቀ ይ ራ ለ ሁ
ት ጠ ቃ ላ ች ሁ
ስ ቻ ለ ሁ
እ ና ት
ነ ግ ደ ህ
ወ ቀ ሳ ቸ ው
ወ ር ው ሪ
አ ሳ ል ፍ
እ ና ቶ ቻ ች ሁ
ተ ያ ዝ ን
መ ስ ዋ ዕ ታ ች ሁ
አ ባ ላ ቱ
ው ጥ ኖ ች ሽ
ጉ ል በ ቶ ች ሽ
ት ገ ፋ ላ ች ሁ
ተ በ ክ ለ ና ል
ተ በ ክ ላ ች ኋ ል
ላ ስ መ ጣ
ት ወ ል ዳ ለ ች
አ ባ ላ ታ ች ን
መ ያ ዣ ዎ ቹ
መ ዲ ና ዎ ቻ ች ሁ
አ ሳ ል ፋ ለ ሁ
ብ ድ ራ ች ሁ
ቀ ል ባ ቸ ው
አ ት ር ፈ ህ
ዘ ይ ቶ ቻ ች ሁ
አ ሳ የ ህ
ስ ራ ዋ
መ ጥ ታ ች ኋ ል
በ ት ና ለ ች
አ ሳ ለ ፈ
ወ ቀ ሳ ው
መ ጤ ው
ስ ታ ች ኋ ል
ገ ቢ
ኋ ላ ች ን
ተ መ ዝ ግ ባ ች ኋ ል
ቅ ር ጻ ች ን
ዘ ዴ ዎ ቻ ች ን
ተ ጠ ን ቅ ቋ ል
ሮ ጣ ች ሁ
ጉ ል በ ታ ች ሁ
ዘ ይ ታ ች ን
ድ ብ ደ ባ ህ
ድ ብ ደ ባ ሽ
በ ቅ ዬ
ደ ጋ ዎ ች
መ ሪ ዋ
ገ ፍ ተ ህ
ላ ማ ች ሁ
ታ ወ ራ ላ ች ሁ
እ ጠ ቃ
ው ጣ ች ኋ ል
እ ገ ር ፋ ለ ሁ
እ ነ ግ ድ
ታ ወ ራ ለ ህ
ስ ሮ ቹ
ል በ ከ ል
ደ ን ባ ች ን
አ የ ን
ት ጠ ራ ጠ ር
ቀ ብ ራ ች ሁ
ላ ም ሽ
አ ፎ ቻ ች ን
ተ መ ር ቶ
ከ ብ ራ ች ሁ
እ ና ቶ ች ህ
አ ዋ ር ደ ሀ ል
አ ቅ ሞ ች ሽ
ወ ለ ድ ን
ይ ቀ ላ
ት ው ለ ድ
ተ ጠ ግ ቻ ለ ሁ
ተ ደ ፈ ራ ች ሁ
አ ግ ብ ተ ና ል
ት ገ ፋ ለ ህ
አ ዋ ር ድ
ገ ድ ለ ን
ስ ብ ሰ ባ ዎ ቼ
በ ት ነ ሀ ል
ተ ስ ማ ም ተ ው
እ ን ስ በ ር
ተ ጠ ቅ ተ ሻ ል
ጠ ባ ቂ ዎ ቻ ች ሁ
እ ን በ ት ን
ታ ስ መ ጣ ላ ች ሁ
አ ሳ ል ፈ ዋ ል
አ ሳ ዝ ነ ን
ት በ ከ ል
ዘ ይ ቶ ች ዎ
ገ ፅ ህ
ገ ር ፈ ህ
ሰ ብ ራ ች ሁ
ሀ ገ ሮ ች ዎ
አ ሳ ዝ ነ ዋ ል
ደ ን ብ ዎ
ይ መ ሩ
ተ ል ከ ዋ ል
እ ሥ ራ ች ን
ወ ቀ ሳ ዎ
ዘ ዴ ዎ ቹ
ሀ ገ ራ ቸ ው
ማ መ ል ከ ቻ ዎ ቹ
ት ው ጣ ላ ች ሁ
ተ ወ ጥ ቻ ለ ሁ
ሴ ራ ች ን
ተ ጠ ቅ ተ ን
በ ት ና ች ሁ
እ ን በ ከ ል
ይ ወ ል ድ
ባ ሪ ያ ች ሁ
ይ በ ል ጥ
ደ ን ብ ህ
ወ ል ደ ሻ ል
ገ ቢ ያ ች ሁ
ረ ገ ጣ ች ሁ
ተ በ ሉ
ገ ቢ ዎ ቻ ቸ ው
እ ን ብ ላ
ተ ት ተ ና ል
ተ ገ ደ ለ
ይ መ ድ ብ
እ ሳ ቶ ች
ስ ብ ሰ ባ ች ን
አ ደ ነ ቃ ች ሁ
እ ም ነ ቶ ች
ሀ ገ ሮ ች ህ
እ ን ደ ም ስ ስ
ተ ላ ከ
ስ ብ ሰ ባ ህ
ታ ወ ራ ለ ች
ወ ለ ዳ ች ሁ
እ ጮ ኛ ዎ ች ህ
ሴ ራ ዎ ቻ ች ን
አ ባ ሎ ች
ሀ ገ ሮ ች ሽ
ወ ር ው ራ
አ ገ ዳ ዋ
ወ ሰ ነ
ወ ፎ ች
ት ገ ድ ል
ዘ ገ ቦ ቻ ች ሁ
ት ገ ድ ል
ገ ብ ያ ች ን
በ ቀ ለ ች
አ ቅ ም ዎ
ገ ቢ ዎ ቻ ች ን
እ ሥ ር ህ
አ ባ ሎ ቻ ች ሁ
አ ም ር ተ ዋ ል
እ ና ት ዎ
ማ መ ል ከ ቻ ዎ ች
እ ን ስ ት
ት በ ት ን
ው ጥ ን ሽ
አ ም ሯ ል
አ ስ ጠ ጥ ቷ ል
ት መ ዘ ገ ባ ለ ህ
ገ ፋ ህ
ሰ ለ ባ ው
ሴ ራ ዎ
ው ጥ ን ህ
አ ሳ ዝ ኖ
ድ ብ ደ ባ ዎ ቻ ች ሁ
እ ን መ ዘ ገ ብ
አ ድ ን ቂ
ደ ስ ታ ህ
ታ ስ መ ጣ
ገ ቢ ው
እ ው ነ ታ ዬ
ያ መ ቻ ች
አ ዝ ነ ሻ ል
እ ሴ ት ህ
ተ ጠ ጋ ሽ
ሮ ጠ ች
እ ን ወ ል ድ
ተ ተ ው ክ
አ ም ቦ ች ሽ
ዘ ገ ቦ ች ህ
እ ን ግ ዳ ዎ ች ህ
እ ን መ ድ ብ
በ ረ ራ ው
ተ ተ ች ቷ ል
ሴ ራ ዎ ቹ
አ ሳ ይ ተ ዋ ል
ያ ስ መ ጣ
ተ ጠ ጊ
አ ባ ላ ት ሽ
መ ደ ብ ን
አ ሳ ዘ ን ሽ
ገ ድ ለ ህ
ስ ብ ሰ ባ ዎ ቹ
ው ለ ታ ቸ ው
ተ በ ል ቻ ለ ሁ
ገ ፋ ች
ት ወ ረ ው ር
ው ጠ ዋ ል
እ ን ስ ራ ው
እ ሥ ራ ች ሁ
ት ው ጥ
ገ ቢ ዎ
አ ስ መ ጥ ታ ች ኋ ል
ጠ ብ ሽ
ወ ረ ወ ረ ች
ይ ወ ረ ው ር
አ ስ ገ ድ ድ
አ ም ር ተ ሀ ል
እ ም ነ ታ ች ሁ
ይ ወ ስ ን
ነ ገ ድ ሽ
ተ ወ ጥ ተ ዋ ል
እ ን ግ ዳ ዎ ች ሽ
ይ ገ ታ ል
ያ ስ ች ላ ል
አ ው ከ ና ል
እ ው ነ ቶ ቻ ች ን
ተ ት ተ ን
አ ፎ ች
መ ጥ ተ ን
አ ስ ጠ ጥ ተ ሻ ል
ቅ ር ጻ ች ሁ
ወ ል ዳ ች ሁ
ተ ጠ ራ ጠ ራ ች ሁ
ተ ጠ ራ ጠ ሪ
እ ና ስ ጠ ጣ
አ ዝ ና ች ሁ
አ ፍ
አ ስ ጠ ጥ ታ ለ ች
አ የ ሁ
በ ል ተ ሻ ል
እ ሥ ር ሽ
እ ን ስ ራ
ው ለ ታ ች ን
ጠ ብ ዎ
ስ ሮ ቻ ች ሁ
መ ሥ መ ር ዎ
ዘ ገ ባ ዋ
ተ መ ር ተ ና ል
በ ት ነ ህ
ተ ላ ከ ች
መ ድ በ ዋ ል
አ ስ መ ጥ ታ
መ ሪ ዎ ቻ ች ን
አ ም ር ታ ች ሁ
ተ ጠ ግ ታ ች ሁ
እ ወ ል ድ
ሴ ራ ች ሁ
ሴ ራ ዎ ቻ ች ሁ
እ መ ዘ ገ ባ ለ ሁ
አ ስ መ ጥ ቻ ለ ሁ
አ ይ ታ ለ ች
ተ መ ር ተ ዋ ል
ት መ ራ ላ ች ሁ
አ ባ ላ ታ ቸ ው
ተ ወ ጣ ን
ደ ስ ታ ች ሁ
መ ር ተ ሀ ል
ት መ ጣ ለ ህ
አ ው ክ
ተ በ ል ታ ለ ች
በ ራ ቸ ው
አ ም ር ተ ሽ
ተ ጠ ግ ተ ሽ
አ መ ቻ ቸ
አ ፍ ህ
እ ን ባ ዬ
ተ በ ል ተ ና ል
ገ ቢ ዎ ች
አ የ ች
አ ሳ ዘ ነ ች
አ ደ ነ ቀ ች
አ ስ ጠ ጣ ን
ተ ጠ ቃ ሁ
ስ ብ ሰ ባ ዎ ች ዎ
እ ን ተ ው
አ ፎ ች ሽ
መ ር ያ ች ሁ
ት ተ ው
ወ ስ ኖ
አ መ ቻ ች ተ ዋ ል
አ ወ ክ ን
ል ተ ው
ስ ለ ላ ው
በ ተ ን ሽ
ስ ራ
አ ሳ ይ ተ ሽ
ት መ ራ ለ ህ
ተ በ ል ተ ሻ ል
ስ ብ ሰ ባ ዎ ች ሽ
ገ ደ ለ ች
ተ መ ር ተ ሀ ል
መ ጥ ተ ው
ተ በ ል ተ ዋ ል
ተ ጠ ራ ጠ ር
ወ ሰ ነ ች
ተ መ ዘ ገ ብ ሽ
መ ሪ
መ ጥ ተ ህ
መ ላ ዋ
ተ ት ተ ው
እ ባ ብ
አ ዘ ን ሽ
ተ ይ ዘ ህ
አ ው ከ ሀ ል
አ ም ባ ዎ ቼ
ው ለ ታ ሽ
እ ን ባ ዋ
ዘ ገ ባ ዎ ቿ
እ ወ ጣ ለ ሁ
አ ስ ገ ደ ደ ች
አ ወ ካ ች ሁ
ስ ተ ን
መ ጣ ህ
ይ በ ላ
አ ባ ል ነ ት ዎ
ስ ራ ው
አ ስ ጠ ጣ ህ
ጠ ባ ች ሁ
አ ይ ተ ን
ት መ ራ ለ ች
ው ጣ ች ሁ
ኮ ን ን
መ ድ ባ ች ሁ
ስ ራ ዎ ቹ
አ ይ ታ ች ሁ
መ ላ ዎ ቼ
ስ ራ ዎ ቻ ች ሁ
መ ሪ ዎ
አ መ ቻ ች ታ ች ሁ
አ ወ ከ ች
አ መ ቻ ቹ
አ ዘ ን
መ ደ ባ ች ሁ
መ ራ
አ ገ ዳ ች ሁ
አ ም ባ
እ ን መ ራ
አ መ ቻ ቸ ህ
አ መ ቻ ች ተ ው
እ በ ላ
አ ም ባ ው
አ ስ ጠ ጣ ች
በ ራ ች ሁ
አ ደ ነ ቅ ህ
አ ስ መ ጣ ህ
መ ሪ ዎ ች ዎ
እ ው ነ ታ ዎ
አ ው ር ተ ሽ
እ ን ባ ቸ ው
በ ር ዎ
ተ ያ ዘ ች
አ ስ መ ጥ ተ ህ
ዘ ገ ባ ዎ ቹ
ት በ ቅ ላ ላ ች ሁ
አ ም ባ ህ
ት መ ድ ቢ ያ ለ ሽ
አ ይ ተ ህ
ስ ራ ዎ ች
አ ህ ጉ ሯ
እ ን ባ ው
እ ን ባ ው
አ ቅ ሜ
እ ው ነ ታ ዎ ች ሽ
አ መ ራ ለ ሁ
እ ን ባ ሽ
አ ስ መ ጣ ሽ
እ ን ባ ዎ
ተ በ ላ ሽ
ዘ ገ ባ ች ሁ
ተ መ ራ ሁ
እ መ ራ
አ ዞ
መ ራ ች ሁ
አ ወ ራ
ዘ ገ ባ ዎ ች ሽ
እ መ ራ
አ ወ ራ ች ሁ
አ መ ራ ች ሁ
አ መ ራ ሁ
አ ዘ ው
አ መ ራ
አ ገ ባ
አ ገ ባ ሽ
አ ዘ ዛ ች ሁ
አ ዝ ኖ
ግ ጥ ሜ
ፋ ይ ዳ
ታ ን ኳ
አ መ ቻ ቹ
ማ ስ ታ ወ ሾ ቹ
ጨ ካ ኟ
ሳ ተ
ጨ ካ ኞ ቹ
ቀ ጭ ኗ
ተ ያ ዝ ኩ
አ ቁ ማ ዳ ዎ ቹ
ይ ገ ል ብ ጥ
ተ ይ ዤ
አ ዋ ር ጃ ለ ሁ
ተ ቀ ና ቃ ኟ
ይ ሞ ከ ር
ደ ር ሼ
አ መ ቻ ቻ ች ሁ
ተ ተ ዋ ች ሁ
አ መ ቻ ቺ
ን ጹ ህ
ወ ል ጃ ለ ሁ
ይ ደ በ ቅ
ደ ቡ ብ
ድ ም ጿ
አ ም ራ ቹ
ቅ ር ጼ
ገ ጿ
