ረ ገ ጣ ች ሁ
ይ ደ መ ስ ሱ
ላ ሟ
ደ ን ብ ዎ
ተ ጠ ራ ጥ ረ ዋ ል
ወ ል ጃ ለ ሁ
ሰ ነ ዳ ች ሁ
መ ድ ባ ች ሁ
ይ ከ ብ ሩ
ቀ ይ ሮ
ጩ ኸ ት ሽ
ዓ ለ ት
ቤ ተ ክ ር ስ ቲ ያ ኖ ቻ ቸ ው
መ ጥ ተ ህ
ት መ ድ ቡ
ክ ሊ ኒ ኮ ቹ
ቤ ተ ክ ር ስ ቲ ያ ኖ ች ሽ
ት ከ ለ ክ ላ ላ ች ሁ
መ ጥ ታ ች ኋ ል
አ ም ር ተ ሀ ል
ነ ግ ደ ህ
ጠ ባ ቂ ዋ
ት ገ ድ ል
ተ በ ል ተ ና ል
ት ደ ፈ ራ ለ ህ
ታ ላ ቆ ቻ ች ሁ
አ የ ች
ት ጠ ቃ
አ ም ባ ው
ዘ ላ ቂ ዎ ች
እ ና ቶ ቻ ች ሁ
አ ፎ ች ሽ
መ ሎ ቿ
ግ ፋ
በ ት ና ለ ች
መ ደ ብ ን
ስ ተ ን
ገ ቢ ዎ
አ መ ራ ሁ
ጉ ል በ ቶ ቼ
በ ት ነ ህ
ፈ ፅ ማ ለ ች
ስ ፖ ር ተ ኛ ዋ
ሀ ኪ ሞ ቹ
መ ጠ ራ ጠ ር
ግ ጥ ሚ ያ ው
ታ ወ ራ ላ ች ሁ
ል ተ ው
ሀ ገ ሮ ች ሽ
አ ወ ካ ች ሁ
ሴ ራ ዎ ቻ ች ን
ተ መ ር ተ ዋ ል
ታ ተ ር ፊ ያ ለ ሽ
አ ባ ላ ት ሽ
ማ መ ል ከ ቻ ዬ
ተ ጠ ቅ ተ ን
ግ ማ ሾ ች
ሀ ገ ራ ት ሽ
ይ መ ሩ
መ ላ ዎ ቼ
አ ሳ ዝ ኚ
ስ ብ ሰ ባ ህ
ኮ ን ን
ይ ወ ስ ኑ
ሀ ኪ ሙ
ይ ፈ ፅ ማ ሉ
ሽ ማ ግ ሌ ው
ስ ሮ ቻ ች ሁ
አ ዘ ን
እ ሥ ር ሽ
አ የ ን
ነ ግ ደ ዋ ል
ወ ሰ ነ ች
ታ ያ ለ ሽ
ት በ ቅ ላ ለ ች
ድ ብ ደ ቦ ቹ
ከ ለ ከ ላ ች ሁ
ግ ረ ፍ
ጠ ቡ
ት መ ራ ለ ህ
ተ ገ ል ጋ ይ
ት ከ ብ ሪ
እ ና ት
እ ሥ ሯ
ይ ያ ዝ
ስ ብ ሰ ባ ዎ ቼ
ድ ም ፅ ሽ
ግ ማ ሾ ቻ ች ን
ገ ፋ ህ
ጸ ሎ ት ህ
ይ በ ል ጡ
ታ ወ ራ ለ ህ
አ ሳ ዪ
ገ ቢ ው
ት ዳ ሬ
አ ስ ጠ ጣ ች
ያ መ ቻ ቻ ል
ደ ረ ሰ
ሰ ብ ረ ው
ተ ጠ ቅ ተ ሻ ል
ግ ጥ ሚ ዮ ቻ ቸ ው
ወ ሰ ነ
እ ን ባ ዋ
በ ራ ች ሁ
ተ ጠ ግ ተ ሽ
ደ ር ሰ ና ል
ዘ ገ ባ ዎ ች ሽ
ላ ድ ን ቅ
ተ ጠ ቃ
ቤ ተ ክ ር ስ ቲ ያ ኗ
እ ና ቶ ች ህ
ተ ጠ ቅ ሶ
ታ ሳ ያ ለ ሽ
ይ ላ ክ
ሰ ብ ሬ
ኮ ን ነ ሀ ል
ት ገ ፊ ያ ለ ሽ
አ ሳ ዝ ኖ
ድ ብ ደ ባ ዎ ቻ ች ሁ
አ ዞ
ተ መ ር ተ ሀ ል
ወ ል ዳ
ወ ር ው ሩ
ው ጥ ኖ ች ሽ
ረ ግ ጦ
ሰ ብ ራ
እ ን ግ ዳ ዎ ች ህ
ይ በ ላ
ላ ም ሽ
ማ ስ ታ ወ ሾ ቹ
ድ ም ፆ ች
እ ን መ ራ
አ ት ር ፈ ዋ ል
ቀ ዝ ቃ ዛ
ግ ማ ሻ ች ሁ
ው ለ ዱ
አ ገ ባ ሽ
ሀ ኪ ም ሽ
ሀ ኪ ሞ ቹ
ሮ ጠ ሀ ል
ታ ደ ን ቂ
ፋ ን ታ
ው ለ ታ ቸ ው
ቀ ይ ረ ን
ት መ ራ ለ ች
ሀ ኪ ሟ
ት በ ል ጡ
ይ ቀ ር
እ ሳ ቶ ች
ነ ፃ ነ ቶ ቹ
ሀ ኪ ሜ
እ ን ደ ም ስ ስ
እ መ ራ
ታ ስ መ ጣ
ጠ ብ ሽ
ማ ኅ በ ራ ታ ች ሁ
ጉ ል በ ቶ ች ሽ
ያ ተ ር ፉ
ጉ ዳ ቸ ው
ት ኮ ን ና ላ ች ሁ
እ ን ጠ ጋ
ሴ ራ ዎ ቹ
በ ት ና ች ኋ ል
ያ ሳ ዩ
እ ና ያ ለ ን
ስ ፖ ር ተ ኛ ዎ ች ህ
ጨ ካ ኟ
መ ያ ዝ
ባ ሪ ዮ ቿ
ተ በ ላ ሽ
ተ ላ ከ ች
እ ነ ግ ድ
እ ና ስ መ ጣ
ት ወ ስ ኛ ለ ሽ
ይ መ ድ ቡ
ይ በ ከ ሉ
ስ ቻ ለ ሁ
አ ድ ን ቀ ን
ት ው ጣ ላ ች ሁ
ት በ ት ን
እ ን ተ ው
ባ ሪ ያ ዬ
ይ ጠ ቃ
ቀ ብ ራ ች ሁ
ቅ ር ጻ ች ሁ
ታ ስ መ ጣ ላ ች ሁ
ተ ጠ ጋ ሽ
ሰ በ ሩ
ቤ ተ ክ ር ስ ቲ ያ ኖ ቹ
አ ዝ ኖ
ገ ጿ
ወ ቀ ሳ ቸ ው
አ ይ ተ ህ
ረ ገ ጡ
ተ ት ተ ው
ፕ ሮ ግ ራ ማ ች ን
ታ ሳ ል ፋ ላ ች ሁ
ፈ ፀ መ ች
ታ ሳ ያ ላ ች ሁ
ት ወ ረ ው ሪ ያ ለ ሽ
ጸ ጥ ታ
ሞ ኙ
ዕ ብ ሪ ቱ
አ ገ ዳ ዋ
ገ ፋ ች
ም ግ ባ ሮ ቻ ች ን
ገ ድ ለ ን
ያ ስ ገ ድ ድ
አ ው ከ ና ል
ግ ማ ሾ ቹ
ማ ኅ በ ር ሽ
ጦ ማ ች ን
መ ደ ባ ች ሁ
ት መ ዘ ገ ባ ለ ህ
ማ መ ል ከ ቾ ች ዎ
ቅ ባ ቱ
ስ ፖ ር ተ ኛ ዎ ቿ
ጨ ም ረ ሽ
ው ጠ ዋ ል
ስ ለ ላ ው
መ ዲ ኖ ቹ
ይ ደ በ ቅ
ቅ ር ሳ ች ን
ተ ያ ዝ ን
መ ሪ ዎ
አ ው ር ተ ሽ
ታ ዋ ር ዳ ላ ች ሁ
ደ ር ሰ ው
ዙ ፋ ኖ ቿ
ወ ር ው ሪ
ት ጨ ም ር
መ ከ ታ ተ ል
ት ዳ ር ዎ
ው ጥ ኖ ች
ይ መ ድ ቡ
አ ሳ ለ ፈ
ደ ን ቦ ች ሽ
ገ ቢ ያ ቸ ው
ኮ ን ኗ ል
አ ግ ብ ቶ
ይ ወ ል ዳ ሉ
ተ መ ር ተ ና ል
ጨ መ ሩ
ይ ደ በ ቅ
ቤ ተ ክ ር ስ ቲ ያ ና ቸ ው
መ ዲ ና ዎ ቹ
አ መ ቻ ቹ
ት ተ ው
ጸ ጥ ታ ች ን
ስ ሮ ቹ
