አ ቅ ሞ ቿ
ሰ ነ ዶ ቻ ች ሁ
ገ ፉ
እ ን ከ ል ክ ል
ስ ፖ ር ተ ኛ ዋ
ጠ ባ ቂ ዎ ቻ ች ሁ
ይ ተ ዋ ል
ይ ወ ስ ኑ
ታ ወ ራ ለ ህ
ወ ል ዳ ች ሁ
ብ ድ ሮ ቹ
ገ ድ ለ ህ
ጸ ጥ ታ
ድ ም ፆ ች
ያ ያ ሉ
ተ ጠ ግ ቶ
እ ን ባ ዬ
ተ ተ ው ክ
እ ና ት
ሰ ማ ዮ ቹ
ገ ቢ
አ ም ር ተ ሀ ል
መ ላ ዎ ቼ
ባ ለ ቤ ት ዎ
ቀ ይ ረ ሽ
እ ም ነ ቶ ች
ሽ ማ ግ ሌ ዎ ቻ ች ሁ
መ ሷ እ ታ ቸ ው
ላ ግ ባ
ቤ ተ ክ ር ስ ቲ ያ ኖ ቻ ቸ ው
ላ ስ መ ጣ
በ ተ ን ክ
ረ ግ ጦ
ድ ብ ደ ባ ህ
ት ገ ር ፋ ላ ች ሁ
እ ና ት ዎ
እ ን ስ ራ
ሳ ተ
መ ጥ ቼ
ገ ቢ ው
ይ መ ድ ቡ
ታ ላ ቆ ች ሽ
ያ ስ ች ላ ል
አ ፎ ች
ዘ ገ ባ ዎ ቿ
አ ም ራ ቹ
ስ ብ ሰ ባ ህ
ብ ድ ራ ች ሁ
ወ ስ ኜ
ተ ት ቶ
ት መ ዘ ገ ባ ለ ህ
አ ም ባ ህ
አ ስ ጠ ጣ ህ
ጠ ረ ጴ ዛ ዎ ቼ
ማ ኅ በ ሬ
ወ ል ጃ ለ ሁ
አ ይ ታ ለ ች
ጠ ባ ቂ ዋ
ድ ም ፃ ቸ ው
ል ሩ ጥ
ት ገ ድ ል
ፀ ደ ቀ
ት ተ ው
ደ ር ሰ ና ል
ይ ን ገ ዱ
ይ በ ከ ሉ
ት ው ጣ ላ ች ሁ
ጨ ር ቆ ቹ
ጠ ብ ሽ
ደ ን ቦ ቻ ች ሁ
መ ሥ መ ሮ ቼ
ተ ት ተ ን
ት ገ ፋ ለ ህ
ት ፈ ፅ ሙ
እ ሳ ቶ ች
ታ ስ መ ጣ
ን ጹ ህ
አ ሳ ዝ ነ ዋ ል
ት ወ ረ ው ሪ ያ ለ ሽ
እ ባ ብ
መ ጥ ተ ህ
ጠ ባ ቂ ዎ ቿ
አ ባ ላ ታ ቸ ው
ደ ስ ታ ህ
ማ ስ ታ ወ ሾ ቹ
ያ ዙ
አ መ ራ ሁ
ይ ከ ል ክ ል
ያ ስ ቆ ጣ
እ ን መ ዘ ገ ብ
ግ ማ ሾ ቹ
ት ጨ ም ር
ው ጣ ች ኋ ል
ት ነ ግ ዳ ለ ች
ሀ ኪ ሞ ቹ
አ ፎ ች ሽ
ት መ ድ ቢ
አ ት ር ፈ ዋ ል
ዋ ጡ
ተ ደ ፍ ረ ሀ ል
ተ ት ተ ና ል
ፋ ን ታ
ቀ ይ ር
ይ ቀ ር
በ ቅ ለ ና ል
ይ ቀ ይ ር
ተ ጠ ራ ጠ ራ ች ሁ
ዕ ብ ሪ ቱ
ተ መ ር ቶ
እ ና ይ
ጠ ባ ች ሁ
ስ ብ ሰ ባ ዎ ቼ
ው ለ ታ ዋ
አ ም ቦ ች ሽ
አ ድ ን ቂ
አ የ ሁ
እ ሴ ቶ ቻ ቸ ው
ስ ሮ ቻ ች ሁ
ወ ቀ ሳ ዎ
አ መ ቻ ች ታ ች ሁ
ተ ላ ከ
ሴ ራ ች ን
አ ፀ ፋ
ዘ ገ ባ ች ሁ
ሰ ብ ራ ች ሁ
ላ ሞ ች
እ ሴ ቶ ቹ
ጨ ም ሬ
ተ ጠ ግ ታ ች ሁ
ጀ ር ባ ዋ
ስ ተ ን
ተ ጠ ራ ጥ ረ ዋ ል
ይ ያ ዝ
ረ ግ ጣ ች ሁ
ወ ረ ወ ረ ች
ግ ማ ሾ ች
ሀ ኪ ማ ቸ ው
አ ሳ ይ ተ ዋ ል
ዓ ይ ነ ቱ
ታ መ ሪ
እ ዘ ኑ
ቀ የ ር ክ
ዘ ዴ ዎ ቹ
ት ራ ፊ ኩ
ተ መ ዘ ገ ብ ሽ
ፕ ሮ ግ ራ ሞ ቹ
ሴ ራ ዎ ቹ
ሰ ለ ባ ው
በ ር ዎ
መ ራ ች ሁ
መ ሥ መ ሮ ቻ ች ን
ት በ ቅ ላ ላ ች ሁ
ቅ ር ጼ
ቀ ል ባ ቸ ው
ደ ር ሳ ለ ች
ስ ራ ዎ ቹ
ገ ፍ ተ ህ
ሰ ብ ራ
ገ ፃ ቸ ው
እ ን ስ በ ር
አ ስ መ ጣ ሽ
መ ር ያ ች ሁ
ይ ላ ክ
አ መ ቻ ቸ
መ ር ተ ሀ ል
አ ዋ ር ድ
አ ድ ን ቀ ን
ቅ ር ጽ ዎ
እ ሴ ት ህ
ከ ብ ረ ሀ ል
ይ ር ገ ጡ
ላ ስ ገ ድ ድ
ፈ ፅ መ ህ
ደ ር ሳ
ባ ሪ ዮ ች ሽ
ጸ ሎ ቱ
ቀ ይ ሮ
ተ ያ ዘ ች
ሆ ዷ
መ ጥ ታ ች ኋ ል
ባ ለ ቤ ቶ ቿ
ሀ ገ ሮ ቹ
በ ቅ ለ ዋ ል
ይ ቀ ይ ሩ
ት ያ ዙ
ማ ስ ታ ወ ሻ ዎ ች
ተ በ ክ ላ ች ኋ ል
እ ን ተ ው
እ ጮ ኛ ዎ ቹ
ሴ ራ ዎ
ል በ ከ ል
እ ና ሳ ዝ ና ለ ን
ታ ተ ር ፊ
ቅ ር ጻ ች ን
ስ ራ
ተ ጠ ጋ ን
ባ ሪ ዮ ቿ
ይ ገ ታ ል
አ ባ ሎ ቻ ች ሁ
አ ት ር ፈ ሻ ል
መ ጥ ተ ን
ጠ ባ ቅ ያ ች ን
ረ ግ ጠ ሽ
ደ ብ ዳ ቤ ዎ ቼ
ያ ተ ር ፋ ል
ተ መ ር ተ ዋ ል
ጉ ዷ
ወ ር ው ራ
ገ ቢ ዎ ች
ገ ፍ ተ ሀ ል
ሀ ገ ራ ቸ ው
እ ን ሳ ት
ይ ደ በ ቅ
ይ ኮ ን ኑ
አ ገ ዳ ች ሁ
ቅ ር ስ
መ ሥ መ ሮ ቿ
ይ ቀ ይ ራ ል
ወ ሰ ነ ች
አ ሳ ለ ፈ
ይ በ ላ ሉ
ግ ጥ ሚ ዮ ቹ
አ ም ባ ው
በ ቅ ዬ
ዘ ገ ባ ዎ ች ሽ
መ ጥ ተ ው
ት ስ ቱ
ይ ሮ ጣ ሉ
ረ ገ ጡ
ተ መ ራ ሁ
ሀ ኪ ሜ
ተ ተ ች ቷ ል
ተ ጠ ን ቅ ቋ ል
ሮ ጠ ች
ት ሰ ብ ሪ
ገ ፆ ቹ
ሮ ጣ
ት ደ ር ሺ
ማ ው ራ ት
ቀ ዝ ቃ ዛ ው
ጨ መ ሩ
በ ት ነ ህ
ድ ም ጿ
ደ ም ስ ሳ
ት ደ ር ሳ ለ ህ
ደ ን ብ ህ
ገ ቢ ዎ ቻ ቸ ው
ተ ደ ፈ ራ ች ሁ
አ ዝ ነ ሻ ል
አ ይ ታ ች ሁ
