አ ሳ ዝ ኖ
ው ጥ ን ህ
ሴ ራ ዎ
ሰ ለ ባ ው
ገ ፋ ህ
ት መ ዘ ገ ባ ለ ህ
አ ስ ጠ ጥ ቷ ል
አ ም ሯ ል
ው ጥ ን ሽ
ት በ ት ን
እ ን ስ ት
ማ መ ል ከ ቻ ዎ ች
እ ና ት ዎ
አ ም ር ተ ዋ ል
አ ባ ሎ ቻ ች ሁ
እ ሥ ር ህ
ገ ቢ ዎ ቻ ች ን
አ ቅ ም ዎ
በ ቀ ለ ች
ገ ብ ያ ች ን
ት ገ ድ ል
ዘ ገ ቦ ቻ ች ሁ
ት ገ ድ ል
ወ ፎ ች
ወ ሰ ነ
አ ገ ዳ ዋ
ወ ር ው ራ
ሀ ገ ሮ ች ሽ
አ ባ ሎ ች
ሴ ራ ዎ ቻ ች ን
እ ጮ ኛ ዎ ች ህ
ወ ለ ዳ ች ሁ
ታ ወ ራ ለ ች
ስ ብ ሰ ባ ህ
ተ ላ ከ
እ ን ደ ም ስ ስ
ሀ ገ ሮ ች ህ
እ ም ነ ቶ ች
አ ደ ነ ቃ ች ሁ
ስ ብ ሰ ባ ች ን
እ ሳ ቶ ች
ይ መ ድ ብ
ተ ገ ደ ለ
ተ ት ተ ና ል
እ ን ብ ላ
ገ ቢ ዎ ቻ ቸ ው
ተ በ ሉ
ረ ገ ጣ ች ሁ
ገ ቢ ያ ች ሁ
ወ ል ደ ሻ ል
ደ ን ብ ህ
ይ በ ል ጥ
ባ ሪ ያ ች ሁ
ይ ወ ል ድ
እ ን በ ከ ል
በ ት ና ች ሁ
ተ ጠ ቅ ተ ን
ሴ ራ ች ን
ተ ወ ጥ ቻ ለ ሁ
ት ው ጣ ላ ች ሁ
ማ መ ል ከ ቻ ዎ ቹ
ሀ ገ ራ ቸ ው
ዘ ዴ ዎ ቹ
ወ ቀ ሳ ዎ
እ ሥ ራ ች ን
ተ ል ከ ዋ ል
ይ መ ሩ
ደ ን ብ ዎ
አ ሳ ዝ ነ ዋ ል
ሀ ገ ሮ ች ዎ
ሰ ብ ራ ች ሁ
ገ ር ፈ ህ
ገ ፅ ህ
ዘ ይ ቶ ች ዎ
ት በ ከ ል
አ ሳ ዝ ነ ን
አ ሳ ል ፈ ዋ ል
ታ ስ መ ጣ ላ ች ሁ
እ ን በ ት ን
ጠ ባ ቂ ዎ ቻ ች ሁ
ተ ጠ ቅ ተ ሻ ል
እ ን ስ በ ር
ተ ስ ማ ም ተ ው
በ ት ነ ሀ ል
ስ ብ ሰ ባ ዎ ቼ
ገ ድ ለ ን
አ ዋ ር ድ
ት ገ ፋ ለ ህ
አ ግ ብ ተ ና ል
ተ ደ ፈ ራ ች ሁ
ተ ጠ ግ ቻ ለ ሁ
ት ው ለ ድ
ይ ቀ ላ
ወ ለ ድ ን
አ ቅ ሞ ች ሽ
አ ዋ ር ደ ሀ ል
እ ና ቶ ች ህ
ከ ብ ራ ች ሁ
ተ መ ር ቶ
አ ፎ ቻ ች ን
ላ ም ሽ
ቀ ብ ራ ች ሁ
ት ጠ ራ ጠ ር
አ የ ን
ደ ን ባ ች ን
ል በ ከ ል
ስ ሮ ቹ
ታ ወ ራ ለ ህ
እ ነ ግ ድ
እ ገ ር ፋ ለ ሁ
ው ጣ ች ኋ ል
እ ጠ ቃ
ታ ወ ራ ላ ች ሁ
ላ ማ ች ሁ
ገ ፍ ተ ህ
መ ሪ ዋ
ደ ጋ ዎ ች
በ ቅ ዬ
ድ ብ ደ ባ ሽ
ድ ብ ደ ባ ህ
ዘ ይ ታ ች ን
ጉ ል በ ታ ች ሁ
ሮ ጣ ች ሁ
ተ ጠ ን ቅ ቋ ል
ዘ ዴ ዎ ቻ ች ን
ቅ ር ጻ ች ን
ተ መ ዝ ግ ባ ች ኋ ል
ኋ ላ ች ን
ገ ቢ
ስ ታ ች ኋ ል
መ ጤ ው
ወ ቀ ሳ ው
አ ሳ ለ ፈ
በ ት ና ለ ች
መ ጥ ታ ች ኋ ል
ስ ራ ዋ
አ ሳ የ ህ
ዘ ይ ቶ ቻ ች ሁ
አ ት ር ፈ ህ
ቀ ል ባ ቸ ው
ብ ድ ራ ች ሁ
አ ሳ ል ፋ ለ ሁ
መ ዲ ና ዎ ቻ ች ሁ
መ ያ ዣ ዎ ቹ
አ ባ ላ ታ ች ን
ት ወ ል ዳ ለ ች
ላ ስ መ ጣ
ተ በ ክ ላ ች ኋ ል
ተ በ ክ ለ ና ል
ት ገ ፋ ላ ች ሁ
ጉ ል በ ቶ ች ሽ
ው ጥ ኖ ች ሽ
አ ባ ላ ቱ
መ ስ ዋ ዕ ታ ች ሁ
ተ ያ ዝ ን
እ ና ቶ ቻ ች ሁ
አ ሳ ል ፍ
ወ ር ው ሪ
ወ ቀ ሳ ቸ ው
ነ ግ ደ ህ
እ ና ት
ስ ቻ ለ ሁ
ት ጠ ቃ ላ ች ሁ
እ ቀ ይ ራ ለ ሁ
ት ደ መ ስ ስ
እ ደ ር ስ
ረ ግ ጣ ች ሁ
ደ መ ሰ ሰ ች
መ ሥ መ ሮ ቻ ች ን
አ ይ ቶ
መ ጥ ቷ ል
ነ ገ ድ ኩ
ሀ ገ ራ ት ሽ
ጠ ባ ቂ ዎ ቹ
ተ ጠ ራ ጠ ሩ
ገ ፃ ቸ ው
አ ነ ስ ተ ኛ ዋ
ት በ ቅ ላ ለ ች
እ ኩ ል
ተ ጠ ጋ ን
ው ለ ታ ዋ
ት ገ ፋ
ዘ ይ ቶ ች
አ ግ ብ ታ ች ኋ ል
እ ና ስ መ ጣ
ይ ቀ ር
መ ሥ መ ሮ ቻ ቸ ው
ተ ረ ቶ ቹ
እ ን ግ ዳ ሽ
መ ወ ሰ ን
ባ ለ ቤ ት ዎ
ይ ደ መ ስ ስ
ያ መ ቻ ቻ ል
እ ዘ ን
ስ ፖ ር ተ ኛ ዎ ች ህ
ተ ጠ ቃ
አ ግ ብ ቷ ል
ገ ድ ለ ና ል
ገ ር ፌ ያ ለ ሁ
ዘ ዴ ው
እ ን ጨ ቶ ቹ
እ ሴ ቶ ቻ ች ን
እ ን ሳ ት
ው ጥ ኖ ች ህ
አ ዘ ን ክ
ወ ር ው ሩ
ይ ተ ዋ ል
እ ሴ ቶ ቹ
መ ጥ ቼ
አ ሳ ል ፍ
ት ዘ ን
እ ጮ ኛ ዎ ቹ
ደ ን ቦ ች ሽ
ዘ ዴ ው
እ ሴ ቶ ቻ ቸ ው
ል ቀ ይ ር
እ ን ገ ድ ላ ለ ን
ት ወ ል ዳ ላ ች ሁ
ት ገ ር ፋ ለ ህ
መ ዲ ና ዎ ቹ
በ ል ጬ
በ ተ ን ክ
ት ስ ቱ
ገ ቢ ያ ቸ ው
አ ቅ ሞ ች
እ ላ ክ
መ ዲ ና ዎ ቻ ች ን
ገ ፍ ተ ሀ ል
ግ ጥ ሞ ች ሽ
ማ ስ ታ ወ ሻ ዎ ች
ይ ቀ ይ ር
ተ ገ ል ጋ ይ
ይ በ ቅ ል
ው ጥ ኖ ች ዎ
ተ ጠ ጋ
ሰ በ ር ን
ጠ ባ ቂ ያ ች ሁ
ገ ር ፈ ን
ግ ደ ል
ት ከ ለ ክ ላ ላ ች ሁ
ከ በ ረ ች
ሰ ነ ዳ ች ሁ
ይ ቀ ይ ራ ል
ታ ያ ለ ሽ
ወ ቀ ሶ ቻ ች ሁ
ሀ ገ ሮ ቹ
ገ ፆ ቹ
ይ በ ላ ሉ
ት ዳ ር ዎ
መ ሎ ቹ
ሰ ባ ኪ ዎ ች
ዕ ት ም ዎ
ዘ ይ ቶ ቻ ች ን
መ ዲ ና ዎ ቹ
ይ ደ በ ቅ
ሀ ገ ሮ ቹ
አ ሳ ዝ ና ለ ሁ
ከ ለ ከ ለ ች
ት ያ ዝ
ከ ለ ከ ላ ች ሁ
ታ ሳ ያ ለ ሽ
ት ወ ስ ኛ ለ ሽ
ደ ን ቦ ቻ ች ሁ
እ ን ጠ ጋ
ደ መ ሰ ስ ሽ
ሀ ገ ራ ታ ቸ ው
ያ ገ ባ ሉ
ደ ር ሻ ለ ሁ
አ ት ር ፈ ዋ ል
ወ ር ው ሬ
እ ም ነ ቶ ቼ
ሠ ው ነ ታ ች ን
በ ቅ ለ ዋ ል
ይ ላ ክ
አ ድ ን ቀ ን
ተ ደ ፍ ራ ለ ች
አ ት ር ፈ ሻ ል
ገ ር ፋ ች ኋ ል
ይ ብ ቀ ል
ዓ ይ ነ ት ዎ
እ ን ከ ታ ተ ል
ት ነ ግ ድ
ወ ፎ ቹ
ይ በ ላ ሉ
ስ ፖ ር ተ ኛ ዎ ቻ ቸ ው
ት ነ ግ ዳ ለ ች
ባ ለ ቤ ቶ ቻ ች ሁ
ገ ፆ ቹ
አ ሳ ዪ
ም ግ ባ ር
ዘ ላ ቂ ዎ ች
እ ጨ ም ራ ለ ሁ
ግ ማ ሻ ች ሁ
ታ ስ ገ ድ ድ
ሰ ማ ያ ት
ረ ግ ጠ ሽ
ወ ስ ኜ
መ ዋ ቀ ር
አ ት ር ፈ ን
ም ግ ባ ራ ች ን
ት ወ ጫ ለ ሽ
አ ግ ብ ታ
ቀ ይ ረ ሽ
ይ ላ ክ
ት ገ ር ፋ ላ ች ሁ
ታ ስ ገ ድ ድ
ነ ግ ደ ዋ ል
ይ ጠ ቃ
ት ገ ፊ ያ ለ ሽ
ማ ኅ በ ር ሽ
ማ መ ል ከ ቾ ች ዎ
ድ ም ፅ ዎ
ት ላ ክ
ጠ ባ ቂ ዎ ቼ
ሽ ማ ግ ሌ ዎ ቻ ች ሁ
ቀ ይ ር
ያ ስ ገ ድ ድ
ከ ል ክ ያ ለ ሁ
ተ ጠ ራ ጥ ረ ዋ ል
ው ጥ ኖ ች
በ ቀ ለ
ት ብ ቀ ል
መ ዲ ኖ ቻ ች ሁ
መ ሥ መ ሩ
ላ ስ ጠ ጣ
ተ ት ቶ
መ ሷ እ ታ ቸ ው
በ ት ና ች ኋ ል
እ ን ገ ር ፋ ለ ን
ጀ ር ባ ዎ
ማ መ ል ከ ቻ
ት ጠ ቃ
ይ መ ድ ቡ
እ ያ ዛ ለ ሁ
ሰ ው ነ ቴ
ደ ር ሰ ው
ስ ፖ ር ተ ኛ ዎ
እ ን በ ቅ ላ ለ ን
ት ወ ረ ው ሪ ያ ለ ሽ
ሰ ነ ዶ ቻ ች ሁ
ይ ከ ብ ር
ተ ጠ ራ ጥ ረ ሀ ል
መ ጠ ራ ጠ ር
ት ሮ ጣ ላ ች ሁ
ደ ር ሰ ህ
ይ ዘ ን
ደ ር ሳ ለ ች
ፋ ን ታ ች ን
ታ ይ
ኮ ን ነ ህ
መ ዲ ኖ ች ሽ
ት ዋ ጥ
ጠ ባ ቂ ዎ ቿ
ት ደ መ ስ ሳ ላ ች ሁ
ይ ጠ ጋ
መ ዲ ና ቸ ው
ይ መ ድ ቡ
ት ደ ፈ ራ ለ ህ
ድ ም ፅ ሽ
ጠ ረ ጴ ዛ ዎ ች ህ
ተ ጠ ግ ቶ
ይ ያ ዝ
ት መ ጪ
ት ደ ፈ ር
በ ቅ ለ ና ል
እ ና መ ቻ ቻ ለ ን
ጠ ባ ቅ ያ ች ን
ት መ ድ ቢ
ባ ሪ ዮ ች ሽ
ይ ጠ ጉ
ይ ጠ ራ ጠ ሩ
ማ መ ል ከ ቻ ዬ
ት ደ ፈ ር
በ ሮ ቿ
ወ ለ ድ ኩ
መ ድ ቡ
ድ ብ ደ ቦ ች ዎ
ያ ስ መ ጡ
ት ላ ካ ለ ህ
በ ት ኜ
ት ደ ር ሳ ላ ች ሁ
ት በ ል ጡ
አ ዘ ኑ
ይ ወ ረ ው ራ ሉ
ቀ ረ ጥ
ረ ግ ጠ ዋ ል
ት ጠ ጋ
እ ን ከ ል ክ ል
ሰ ብ ረ ሽ
ጠ ባ ቂ ያ ቸ ው
ታ ሳ ያ ላ ች ሁ
ማ ስ ጠ ጣ ት
ይ በ ል ጡ
ይ ወ ስ ኑ
ሰ ብ ረ ው
መ ሥ መ ሮ ቼ
ተ ከ ታ ት ላ ች ኋ ል
ይ ጠ ቁ
ያ መ ሩ
አ ሳ ዝ ኚ
ማ ግ ባ ት
ት ው ጪ
ሰ ብ ረ ሀ ል
ላ ሞ ቻ ች ን
ግ ጥ ሚ ያ ች ን
ዕ ት ሞ ቻ ች ሁ
ላ ሞ ች
ል ጠ ቃ
ሮ ጠ ዋ ል
ስ ፖ ር ተ ኞ ቻ ች ሁ
አ ስ ቆ ጥ ቷ ል
ዘ ይ ቴ
ይ ጠ ጉ
ዘ ዴ ያ ች ን
ግ ጥ ም
ማ ኅ በ ራ ቸ ው
ም ግ ባ ሮ ቻ ች ን
ት መ ድ ቡ
ት ደ ም ስ ስ
ሮ ጠ ሀ ል
ሴ ራ ዋ
እ ን ጨ ም ር
ስ ፖ ር ተ ኛ ህ
ት ነ ግ ዳ ላ ች ሁ
ከ ብ ረ ው
ወ ል ዳ
ሞ ኙ
ት ደ ር ሳ ለ ህ
ዕ ት ሞ ች ዎ
አ ድ ን ቁ
ተ ደ ፍ ረ ሀ ል
ዘ ገ ቦ ቿ
ደ ብ ዳ ቤ ዎ ቹ
ቅ ር ስ
ዓ ይ ነ ታ ች ን
ደ ም ስ ሰ ና ል
ላ ሞ ቹ
ጠ ር ዞ ቹ
ላ ስ ገ ድ ድ
ት ረ ግ ጥ
ይ ደ ም ስ ስ
ተ ደ ፍ ረ ዋ ል
ዓ ለ ት
ት ያ ዣ ለ ሽ
ቀ ይ ራ
ቀ ይ ረ ን
ከ ብ ረ ሀ ል
ወ ሰ ን ኩ
መ ከ ታ ተ ል
ይ ከ ል ክ ል
ታ ላ ቆ ች ሽ
ነ ፃ ነ ቶ ቻ ቸ ው
መ ሥ መ ሮ ቿ
ያ ሳ ይ
ስ ፖ ር ተ ኛ ዎ ቼ
ጨ ም ረ ህ
እ ና ያ ለ ን
ተ ከ ታ ት ለ ን
ያ ስ ጠ ጣ ሉ
ት ደ መ ስ ሺ
ት ወ ጪ
ግ ማ ሾ ቻ ች ን
ማ ው ራ ት
ኮ ን ነ ዋ ል
እ ና ይ
እ ን ጨ ም ራ ለ ን
ሰ ነ ዶ ቻ ቸ ው
ላ ግ ባ
ት ጨ ም ር
ኮ ን ነ ሀ ል
አ ግ ብ ቶ
ባ ሪ ዮ ቻ ች ን
ተ ዋ ቀ ረ
ተ ጠ ቅ ሶ
ማ ኅ በ ሮ ቻ ች ን
ታ ላ ቆ ቻ ች ሁ
ግ ጥ ሚ ያ ው
ከ ብ ረ ሻ ል
ግ ማ ሾ ች
ድ ም ፆ ቻ ች ሁ
በ ቀ ል ክ
ይ በ ከ ሉ
ታ መ ሩ
መ ሎ ቿ
ስ ፖ ር ተ ኞ ቻ ቸ ው
ስ ፖ ር ተ ኛ ዎ ቿ
ሀ ገ ሮ ቿ
እ ን ሩ ጥ
እ ን ላ ካ ለ ን
ከ ፍ ታ ዎ ች
መ ደ ፈ ር
ኮ ን ና ለ ች
ው ለ ዱ
ያ ተ ር ፋ ል
ጸ ጥ ታ ች ን
ታ ሳ ል ፋ ለ ህ
ይ ከ ፈ ል
በ ቀ ል ኩ
ጽ ዋ ዎ ቹ
ደ ር ሰ ና ል
ይ ን ገ ዱ
እ ሥ ሯ
ቅ መ ሞ ቹ
ዕ ት ሞ ቻ ች ን
ቅ ር ሳ ች ን
ጉ ል በ ቶ ቼ
ፈ ረ ሶ ች ሽ
መ ስ ዋ ዕ ቱ
መ ያ ዝ
ጨ ር ቅ
ጨ ም ረ ሽ
ጠ ሉ
ባ ሪ ያ ዬ
ገ ፉ
ታ መ ሪ
ት ደ ር ሺ
ታ ገ ቢ
ማ ኅ በ ሮ ቻ ቸ ው
ደ ረ ሰ
ሆ ድ ህ
እ ና ቶ ቿ
ሽ ማ ግ ሌ ው
ሀ ገ ራ ቱ
በ ት ኑ
ሀ ገ ራ ቱ
ዕ ት ሞ ች
ይ ር ገ ጡ
ላ ው ክ
ተ ደ ፈ ሩ
ታ ሳ ዝ ን
ታ ሳ ል ፋ ላ ች ሁ
ያ ስ ጠ ጡ
ታ ዋ ር ጃ ለ ሽ
ጨ መ ሩ
ይ ቀ ይ ሩ
ሰ ብ ራ
ነ ፃ ነ ቶ ቹ
ም ግ ባ ሮ ቹ
ማ ኅ በ ራ ታ ች ሁ
ት ኮ ን ና ላ ች ሁ
ይ ስ ማ ማ ሉ
ጉ ዳ ች ን
ፈ ፀ መ ች
ይ ወ ል ዳ ሉ
ሥ ን ቆ ች
አ ቅ ሞ ቿ
ድ ም ፃ ቸ ው
ታ ተ ር ፊ ያ ለ ሽ
ደ ብ ዳ ቤ ዎ ቼ
መ ዲ ና
ጸ ጥ ታ ዎ
ፈ ፅ መ ህ
ይ ክ በ ሩ
ግ ማ ሾ ቹ
ፈ ረ ሶ ቻ ቸ ው
አ ት ር ፎ
ጠ ባ ቂ ዋ
ግ ጥ ሚ ዮ ች ዎ
ያ ገ ቡ
ግ ጥ ሚ ዮ ች ሽ
ቤ ተ ክ ር ስ ቲ ያ ን ዎ
ት ያ ዙ
እ ፀ ዋ ት
ይ ከ ብ ሩ
እ ሥ ሬ
ደ ብ ዳ ቤ ያ ቸ ው
ቤ ተ ክ ር ስ ቲ ያ ን ህ
ስ ፖ ር ተ ኛ ዋ
ጉ ድ
መ ዲ ኖ ቹ
ቤ ተ ክ ር ስ ቲ ያ ኖ ች ህ
ይ ደ መ ስ ሱ
ድ ብ ደ ቦ ቹ
ድ ም ፆ ቻ ቸ ው
ያ ደ ን ቅ
እ ና ተ ር ፍ
ቤ ተ ክ ር ስ ቲ ያ ኖ ች ሽ
ጀ ር ባ ዋ
ግ ፋ
እ ዘ ኑ
ም ግ ባ ሩ
ው ጥ ኗ
ት ና ን ት ና
መ ዲ ኖ ቹ
ብ ድ ሮ ቹ
ት ሰ ብ ሩ
ደ መ ሰ ስ ኩ
ያ ሳ ል ፍ
ጉ ዳ ቸ ው
ፈ ረ ሶ ች
ጠ ቡ
ኮ ን ና ች ኋ ል
እ ና ሳ ዝ ን
አ ዳ ራ ሹ
ታ ዋ ር ዳ ላ ች ሁ
ት ረ ግ ጫ ለ ሽ
ሰ በ ሩ
ባ ለ ቤ ቶ ቿ
ዕ ት ሞ ቹ
ድ ም ፆ ች
ጨ ር ቆ ቹ
ሀ ኪ ም ሽ
ጠ ረ ጴ ዛ ዎ ቼ
ል ሩ ጥ
ግ ጥ ሚ ዮ ቻ ቸ ው
ቤ ተ ክ ር ስ ቲ ያ ና ቸ ው
ቀ የ ር ን
ሀ ኪ ሞ ቻ ች ሁ
ቤ ተ ክ ር ስ ቲ ያ ኖ ቻ ቸ ው
ደ ር ሳ
ያ ሳ ዝ ና ል
ሥ ን ቋ
ጠ ረ ጴ ዛ ው
ጦ ማ ች ን
ቅ ር ጽ ዎ
መ ዲ ና ዬ
ት ከ ብ ሪ
ሀ ኪ ሜ
ፋ ን ታ
ያ ስ ቆ ጣ ል
ያ ተ ር ፉ
ተ ሰ ር ዞ
ተ ቀ ና ቃ ኞ ቻ ቸ ው
ሀ ኪ ሞ ች ህ
ይ ዋ ጡ
ፕ ሮ ግ ራ ሞ ቻ ች ሁ
አ ቁ ማ ዶ ች
ቀ ይ ሮ
ፋ ን ታ ዬ
ት ሰ ብ ሪ
ዙ ፋ ኔ
እ ና ሳ ዝ ና ለ ን
ት ደ ፈ ሪ
ፍ ር ስ ራ ሽ
ታ ላ ቄ
ፈ ፅ ማ ለ ች
ም ግ ባ ሮ ቿ
ይ ደ ፈ ራ ሉ
ግ ረ ፍ
ያ ዙ
ኮ ን ኗ ል
ይ ደ ር ሱ
ቅ ባ ቱ
ሀ ኪ ማ ቸ ው
ረ ገ ጡ
ና ሙ ና ዎ ቹ
ፕ ሮ ግ ራ ማ ች ን
ዘ ዴ
ሰ ማ ዮ ቹ
ዓ ይ ነ ቱ
ደ ም ስ ሳ
ግ ማ ሾ ቼ
መ ዲ ኖ ቿ
ታ ተ ር ፊ
ፀ ደ ቀ
ግ ጥ ሙ
ታ ዝ ኛ ለ ሽ
ጨ ር ቁ
ይ ረ ግ ጡ
ላ ሞ ቿ
ያ ስ ቆ ጣ
አ ፀ ፋ
ፈ ረ ሶ ቹ
ያ ተ ር ፋ ሉ
ይ ሸ ፈ ን
ደ ብ ዳ ቤ ዋ
ሮ ጣ
ታ ላ ቂ ቱ
ግ ጥ ሚ ዮ ቹ
ታ ደ ን ቂ
ዘ ላ ቂ ዋ
ቤ ተ ክ ር ስ ቲ ያ ኖ ቹ
ላ ድ ን ቅ
ተ ደ ፍ ሬ
ዋ ጡ
ዙ ፋ ኖ ች ህ
አ ሰ ኝ ቶ
ይ ኮ ን ኑ
ሼ ክ
ባ ሪ ዮ ቿ
ያ ያ ሉ
ማ ሳ የ ት
ፉ ት ቦ ላ ቸ ው
ተ ቀ ና ቃ ኞ ቹ
ማ ኅ በ ራ ቱ
ተ ቋ ቁ ሟ ል
ጩ ኸ ት ሽ
ጸ ጥ ታ
ማ ሳ ዘ ን
ማ ኅ በ ሬ
ላ ሟ
ሮ ጬ
ፉ ት ቦ ል ህ
ሰ ብ ሬ
ጸ ሎ ት ህ
ቀ ዝ ቃ ዛ ው
ት ራ ፊ ኩ
ያ ው ካ ሉ
ቢ ጫ ው
ም ጡ
ተ ቀ ና ቃ ኙ
ጠ ረ ጴ ዛ ዬ
ቤ ተ ክ ር ስ ቲ ያ ኗ
ግ ፉ
ጥ ቁ ር
ፕ ሮ ግ ራ ሞ ቹ
ይ ሮ ጣ ሉ
ተ ሸ ፍ ኖ
ፕ ሮ ግ ራ ሞ ቹ
ዕ ብ ሪ ቱ
ቀ የ ር ክ
ያ ግ ቡ
ዕ ድ ሜ ዬ
ላ ት ር ፍ
ታ ላ ቆ ቼ
ታ ዪ
ጨ ም ሮ
ያ ዝ ኑ
ያ ሰ ኝ
ሣ ም ን ቱ
ያ ደ ን ቃ ሉ
መ ፈ ፀ ም
ት ዳ ሬ
ተ ቀ ና ቃ ኞ ቿ
ፈ ፅ ሚ
ጨ ም ሬ
ታ ሳ ዝ ኑ
ያ ሳ ዩ
ያ ሳ ዝ ና ሉ
ሀ ኪ ሞ ቹ
ዙ ፋ ኖ ች
ሞ ኝ
ሀ ኪ ሞ ቹ
ፈ ፀ ም ክ
ይ ፈ ፅ ማ ሉ
ት ፈ ፅ ሙ
ረ ግ ጦ
ቀ ዝ ቃ ዛ
ጸ ሎ ት
ክ ሊ ኒ ኮ ቹ
ዙ ፋ ኖ ቹ
ጉ ዷ
ዙ ፋ ኖ ቿ
ሆ ዷ
ሀ ኪ ሙ
ሀ ኪ ሟ
ጦ ሙ
ጦ ሙ
ጸ ሎ ቱ
ጸ ሎ ቱ
