ተ ጠ ቅ ቻ ለ ሁ
ተ ደ ፍ ሯ ል
ደ ም ስ ሰ ሻ ል
አ ፍ ሽ
ተ ጠ ቀ ሰ
መ ነ ፅ ሩ
ው ጥ ና ቸ ው
አ ም ሮ
ጸ ሎ ቴ
ፕ ሮ ግ ራ ሜ
እ ጮ ኞ ቻ ቸ ው
ፕ ሮ ግ ራ ሞ ች ሽ
ይ በ ከ ል
ከ ል ክ ላ ች ሁ
ይ ወ ር ው ር
ት ሮ ጫ ለ ሽ
እ በ ል ጣ ለ ሁ
ቅ ር ሱ
ላ ሜ
ያ ት ር ፉ
ጦ ም ሽ
አ ው ር ተ ዋ ል
ፍ ራ ቻ ቸ ው
እ ን ከ ታ ተ ል
አ ሳ ዘ ነ
ከ ፍ ቶ ቹ
ስ ብ ሰ ባ ች ሁ
ታ ደ ን ቅ
ገ ር ፋ ለ ች
አ ይ
ተ ደ ብ ቋ ል
ማ ራ ች ን
እ ን ስ ማ ማ ለ ን
እ ን ከ ለ ክ ላ ለ ን
መ ም ጣ ት
ቅ ር ሱ
አ ስ መ ጥ ተ ን
እ ና ወ ራ
ጠ ባ ቂ ዎ ች ህ
ጉ ል በ ት
ዕ ድ ሜ ዎ
ተ ወ ጣ ች ሁ
ይ ፈ ፅ ም
እ ሥ ሩ
አ ው ከ ው
ገ ፍ ቻ ለ ሁ
እ ን ጠ ራ ጠ ር
ገ ፁ
ስ ራ ቸ ው
ደ ን ብ
እ ን ግ ረ ፍ
ብ ላ
መ ሥ መ ሯ
መ ሪ ዎ ች ሽ
ተ መ ዘ ገ በ
አ ስ መ ጥ ተ ና ል
ነ ገ ዳ ች ሁ
ፉ ት ቦ ል
ደ ስ ታ ሽ
አ ባ ላ ች ሁ
እ ጮ ኛ ህ
ገ ል ብ ጧ ል
ወ ቀ ሳ ሽ
ማ መ ል ከ ቻ ዎ ቿ
ተ ረ ት
አ ባ ል ነ ት
ቤ ተ ክ ር ስ ቲ ያ ኒ ቱ
ስ ፖ ር ተ ኞ ች ሽ
መ ክ በ ር
መ ያ ዣ ዎ ች
ተ ደ ፍ ረ ና ል
ዘ ገ ቦ ቼ
መ ሥ መ ሮ ች ሽ
ማ መ ል ከ ቻ ች ን
ው ጠ ሀ ል
ደ ም ስ ሼ
ወ ፍ
አ ቅ ሟ
መ ር ቶ
ት ረ ግ ጣ ላ ች ሁ
ባ ሪ ያ ው
ወ ለ ደ
ይ ጠ ን ቀ ቅ
ሙ ዚ ቃ ዎ ቹ
ፕ ሮ ግ ራ ሞ ቻ ቸ ው
ጭ ን ቀ ት ዎ
እ ና ዝ ና ለ ን
ተ ተ ወ
ት መ ራ
እ ና ቶ ቹ
ፕ ሮ ግ ራ ም
እ ው ነ ቶ ቹ
እ ን ደ መ ስ ስ
ግ ጥ ሚ ያ ዎ ቿ
አ ግ ቢ
ታ መ ቻ ቺ
አ ድ ን ቅ
አ ው ከ ሻ ል
ሰ ው ነ ቷ
ላ ሞ ች ህ
ይ ስ ት
አ ይ ተ ዋ ል
እ ን ከ ለ ክ ል
ሮ ጡ
ም ግ ባ ሯ
አ ት ር ፋ
ቀ ይ ረ ህ
ዘ ቦ ች
ግ ጥ ሚ ያ ዎ ች ዎ
ይ ገ ር ፉ
ይ ገ ደ ላ ል
ወ ቀ ሳ
እ ን ሮ ጥ
አ ስ መ ጣ ሁ
ፕ ሮ ግ ራ ሞ ች
አ ስ ገ ድ ጃ ለ ሁ
ታ ው ካ ለ ህ
ማ ኅ በ ራ ት ህ
መ ራ ሽ
በ ል ታ ች ኋ ል
ከ ብ ሮ
እ ና ቶ ች ዎ
ይ ጠ ራ ጠ ር
ት በ ት ኚ
ደ ር ሳ ች ኋ ል
ዘ ይ ቶ ች ሽ
አ ስ ገ ድ ዳ ለ ሁ
ተ ጠ ራ ጥ ራ ች ኋ ል
ዕ ት ሞ ች ሽ
መ ዓ ቱ
ታ ላ ቃ ች ን
ያ ው ራ
ጥ ቅ ስ
ታ ሳ ያ ለ ህ
ተ ወ ጣ ች
ጭ ን ቀ ት ህ
ወ ቀ ሳ ዎ ች ዎ
ይ ወ ጡ
አ ወ ራ ች
ቅ ዱ ስ
አ ድ ን ቀ ና ል
እ ና ታ ች ሁ
ሰ ነ ዶ ቿ
ያ ሰ ኛ ል
ተ መ ዝ ግ ባ ች ሁ
ሳ ጥ ኖ ች ህ
ቤ ተ ክ ር ስ ቲ ያ ኖ ች ዎ
አ ዛ ች ሁ
አ ም ባ ዎ
ታ ሳ ል ፊ ያ ለ ሽ
ሮ ጣ ለ ች
አ ግ ብ ታ ች ሁ
አ ስ ጨ ል ሞ
አ ደ ከ መ
ጠ ረ ጴ ዞ ቿ
እ ሳ ት
ጀ ማ ሪ ው
በ ቀ ሉ
ም ግ ባ ር ዎ
ተ መ ራ ን
ይ ከ ፈ ል
አ ሳ ለ ፍ ኩ
አ ም ሪ
እ ጮ ኛ ዬ
ት ከ ብ ር
መ ላ ዎ ቹ
ብ ድ ሩ
በ ል ጧ ል
መ ጠ ቀ ስ
ይ መ ጣ ሉ
እ ና ቶ ቻ ች ን
ተ ደ ብ ቆ
ሰ ብ ሯ ል
አ ም ር ታ ች ኋ ል
ታ ሳ ዝ ና ለ ህ
መ ጥ ተ ሻ ል
እ ን በ ል ጣ ለ ን
ፈ ፅ መ ሀ ል
ታ ደ ን ቁ
ገ ፍ ቶ
ፍ ራ ቻ ች ን
አ ም ር ቻ ለ ሁ
አ ቅ ሙ
ሽ ማ ግ ሌ ዎ ቿ
አ ም ባ ዎ ች
አ ሳ ዝ ና ች ሁ
አ ዘ ዝ ኩ
ይ መ ራ ሉ
ት ጨ ም ር
መ ጠ ጋ ት
እ ም ነ ቶ ች ዎ
መ ሥ መ ሮ ቹ
ብ ቀ ል
ነ ን
ተ በ ክ ለ ሽ
ሰ ይ ጣ ኖ ቹ
ግ ጥ ሞ ቻ ች ን
ተ በ ክ ለ ዋ ል
ት ከ ለ ክ ል
ፀ ድ ቆ
መ ድ ብ
ት በ ያ ለ ሽ
አ ስ ገ ድ ደ ሀ ል
ዘ ይ ት ህ
አ ስ መ ጥ ተ ው
አ ቅ ሞ ች ህ
ቀ ይ ራ ለ ች
መ ገ ደ ል
ድ ም ፄ
ጸ ሎ ት ሽ
ተ ወ ጥ ተ ሽ
ፕ ሮ ግ ራ ሞ ች ዎ
ኮ ን ነ ው
ስ ብ ሰ ቦ ቻ ቸ ው
ተ በ ክ ዬ
እ ና ቶ ቹ
ባ ሪ ያ ሽ
እ በ ቅ ላ ለ ሁ
በ ተ ነ ች
በ ቅ ለ ሻ ል
ላ መ ቻ ች
ገ ደ ላ ች ሁ
ቀ ይ ሬ ያ ለ ሁ
ት ው ጥ
መ ዲ ና ዋ
አ ፋ ፍ
ድ ም ፆ ች ሽ
ት በ ል ጥ
እ ን ደ ር ሳ ለ ን
ገ ፍ ታ ለ ች
ዘ ገ ቦ ች ሽ
ት ከ ለ ክ ያ ለ ሽ
ወ ረ ወ ሩ
ይ ወ ረ ው ራ ል
ት መ ዘ ገ ቢ ያ ለ ሽ
ሥ ን ቃ ች ን
ይ በ ል ጣ ሉ
ዕ ት ሞ ች ህ
ከ ል ክ ለ ዋ ል
ገ ደ ል ኩ
ይ ከ ለ ክ ላ ሉ
እ ና ተ ር ፋ ለ ን
እ ላ ካ ለ ሁ
ሰ በ ራ ች ሁ
ወ ቀ ሳ ዎ ቿ
ወ ስ ኗ ል
እ ን ብ ቀ ል
አ ድ ን ቃ ች ኋ ል
ይ በ ላ
መ ሎ ቹ
ፈ ረ ሶ ቹ
ያ መ ቻ ች
መ ጥ ተ ን
መ ዲ ኖ ቻ ች ሁ
ተ በ ሉ
ት በ ከ ል
አ ግ ብ ታ ች ኋ ል
ሀ ኪ ሞ ቻ ች ሁ
ት ገ ድ ል
ይ በ ቅ ል
ት በ ት ን
ት ረ ግ ጥ
ያ ስ ገ ድ ድ
ቀ ጭ ኗ
እ ና ቶ ቿ
ት ወ ጫ ለ ሽ
ላ ሞ ቻ ች ን
እ ን ጨ ቶ ቹ
ወ ል ዳ ች ሁ
ቤ ተ ክ ር ስ ቲ ያ ና ቸ ው
ት ደ መ ስ ሳ ላ ች ሁ
ሮ ጠ ች
አ ስ ጠ ጣ ች
ሰ ነ ዳ ች ሁ
እ ሥ ር ህ
ት ደ መ ስ ስ
ዘ ላ ቂ ዋ
ማ መ ል ከ ቻ
አ ሳ ዝ ነ ዋ ል
ይ ደ ፈ ራ ሉ
አ ም ሯ ል
ቅ መ ሞ ቹ
ታ ሳ ያ ላ ች ሁ
ት ሰ ብ ሩ
ወ ቀ ሳ ቸ ው
ረ ግ ጦ
አ ስ መ ጥ ታ
ይ ደ በ ቅ
ጠ ባ ቂ ዎ ቿ
ተ ጠ ጋ ሽ
እ ቀ ይ ራ ለ ሁ
በ ቅ ዬ
ተ ጠ ጊ
ጨ ካ ኟ
ዕ ት ሞ ቹ
ሴ ራ ዋ
ይ ቀ ላ
ማ ኅ በ ሮ ቻ ች ን
እ ን ላ ካ ለ ን
ት ብ ቀ ል
ተ መ ር ተ ዋ ል
እ ዘ ን
ከ ብ ረ ው
እ ን ገ ር ፋ ለ ን
መ ዲ ና ዎ ቻ ች ሁ
ሣ ም ን ቱ
አ ም ባ
ታ ወ ራ ለ ች
በ ቀ ል ክ
በ ቀ ለ ች
ታ ዋ ር ዳ ላ ች ሁ
ሰ ማ ዮ ቹ
አ ም ር ተ ዋ ል
ይ ጠ ቃ
ው ጠ ዋ ል
ት ነ ግ ዳ ላ ች ሁ
ሀ ገ ሮ ች ህ
አ ቅ ሞ ች ሽ
ደ ር ሻ ለ ሁ
ት ሮ ጣ ላ ች ሁ
ዘ ይ ቶ ች
ደ ም ስ ሰ ና ል
እ ን ጨ ም ራ ለ ን
ሰ ነ ዶ ቻ ቸ ው
ከ ፍ ታ ዎ ች
ት ላ ካ ለ ህ
ግ ማ ሻ ች ሁ
ወ ቀ ሳ ው
ላ ስ ጠ ጣ
ታ ተ ር ፊ
ት ወ ስ ኛ ለ ሽ
ቅ ር ጽ ዎ
አ ወ ከ ች
መ ሷ እ ታ ቸ ው
መ ሪ ዋ
ት ራ ፊ ኩ
ወ ር ው ሬ
አ መ ራ ች ሁ
ነ ፃ ነ ቶ ቹ
እ ና ይ
አ ግ ብ ቶ
በ ቅ ለ ና ል
ግ ማ ሾ ቻ ች ን
ዘ ይ ታ ች ን
እ ን መ ራ
ጸ ጥ ታ ዎ
ወ ፎ ች
ማ ስ ታ ወ ሻ ዎ ች
መ ደ ባ ች ሁ
መ ሎ ቹ
አ ድ ን ቀ ን
ቀ የ ር ን
እ ን መ ዘ ገ ብ
እ ና ስ ጠ ጣ
ዘ ዴ ዎ ቹ
አ ባ ላ ቱ
መ ሥ መ ሩ
ቅ ር ጻ ች ን
ጠ ባ ቂ ያ ች ሁ
ቤ ተ ክ ር ስ ቲ ያ ኗ
እ ላ ክ
ተ ተ ች ቷ ል
እ ወ ጣ ለ ሁ
ይ ደ መ ስ ስ
ደ ረ ሰ
ይ ወ ል ዳ ሉ
እ ን ስ ራ ው
አ ቅ ሞ ቿ
አ ድ ን ቁ
ባ ሪ ያ ዬ
ተ ያ ዝ ን
በ ረ ራ ው
ድ ም ፅ ሽ
ት ገ ድ ል
ደ ስ ታ ች ሁ
ፈ ረ ሶ ች
ደ ብ ዳ ቤ ያ ቸ ው
አ ም ባ ዎ ቼ
ት ገ ር ፋ ለ ህ
በ ቀ ለ
ዋ ጡ
ጠ ር ዞ ቹ
አ ስ መ ጥ ቻ ለ ሁ
እ ን ጨ ም ር
ፉ ት ቦ ል ህ
አ ው ር ተ ሽ
ዘ ገ ባ ዋ
እ ን ግ ዳ ዎ ች ህ
ፈ ፅ ማ ለ ች
ት ደ ፈ ር
አ ይ ተ ህ
መ ጥ ታ ች ኋ ል
ት ሰ ብ ሪ
ቀ የ ር ክ
ሰ ባ ኪ ዎ ች
ፋ ይ ዳ
ነ ገ ድ ኩ
ሀ ገ ሮ ቹ
ያ ስ ቆ ጣ ል
መ ድ በ ዋ ል
ተ ት ቶ
መ ስ ዋ ዕ ታ ች ሁ
ዘ ገ ቦ ቻ ች ሁ
አ ባ ላ ት ሽ
እ ና ት ዎ
ጉ ዳ ቸ ው
መ ያ ዣ ዎ ቹ
አ ስ ገ ደ ደ ች
አ ቁ ማ ዶ ች
መ ላ ዎ ቼ
ታ ወ ራ ላ ች ሁ
ታ ገ ቢ
እ ኩ ል
ከ ለ ከ ላ ች ሁ
ጠ ሉ
ይ ቀ ይ ራ ል
ጠ ባ ቂ ዎ ቻ ች ሁ
ት ጠ ቃ
ተ ጠ ራ ጥ ረ ዋ ል
በ ራ ች ሁ
ወ ሰ ን ኩ
ጠ ባ ቂ ያ ቸ ው
ዓ ይ ነ ቱ
አ ው ከ ና ል
ማ ኅ በ ር ሽ
እ ጮ ኛ ዎ ቹ
ያ ሳ ዝ ና ሉ
ት መ ጪ
ቀ ብ ራ ች ሁ
ተ ያ ዝ ኩ
እ ን ባ ው
ድ ም ፃ ቸ ው
ደ ን ቦ ቻ ች ሁ
ተ መ ራ ሁ
ተ በ ል ተ ዋ ል
አ መ ራ ለ ሁ
ሴ ራ ች ሁ
ታ ሳ ል ፋ ለ ህ
ሰ ለ ባ ው
ፀ ደ ቀ
ታ ን ኳ
ወ ል ደ ሻ ል
እ መ ራ
ው ጥ ኖ ች
ገ ድ ለ ና ል
አ የ ች
ግ ጥ ሚ ዮ ቻ ቸ ው
ከ ል ክ ያ ለ ሁ
እ ን ባ ዎ
አ ሳ ዘ ን ሽ
ድ ም ፆ ቻ ቸ ው
እ ሥ ሬ
ስ ራ ዎ ቹ
ይ ቀ ር
ት በ ቅ ላ ለ ች
አ ሳ የ ህ
ጨ ም ረ ህ
አ ስ መ ጥ ታ ች ኋ ል
ጉ ዷ
አ ግ ብ ቷ ል
ይ ወ ስ ኑ
ፕ ሮ ግ ራ ሞ ቹ
ተ ቀ ና ቃ ኞ ቿ
ገ ፆ ቹ
እ ደ ር ስ
ባ ለ ቤ ት ዎ
ጠ ረ ጴ ዛ ዎ ች ህ
ት ጠ ራ ጠ ር
አ ፎ ች ሽ
ይ ደ በ ቅ
ሥ ን ቆ ች
እ መ ራ
ኮ ን ኗ ል
በ ተ ን ክ
መ ጥ ቷ ል
እ ም ነ ቶ ች
ጀ ር ባ ዋ
ስ ብ ሰ ባ ዎ ቼ
ይ ወ ረ ው ር
ብ ድ ሮ ቹ
አ ሳ ዝ ኖ
ደ ር ሳ ለ ች
ሰ ብ ረ ው
እ ሥ ራ ች ን
ት መ ራ ለ ህ
ታ ያ ለ ሽ
ፍ ር ስ ራ ሽ
ታ ዝ ኛ ለ ሽ
ተ ወ ጥ ቻ ለ ሁ
ም ግ ባ ሮ ቻ ች ን
ያ ስ ቆ ጣ
እ ጮ ኛ ዎ ች ህ
ወ ል ዳ
ይ ቀ ይ ር
ም ግ ባ ሮ ቿ
ት ወ ረ ው ሪ ያ ለ ሽ
ገ ብ ያ ች ን
ት ገ ፋ
እ ው ነ ታ ዎ
ይ ጠ ጋ
ቀ ይ ር
ሮ ጬ
ሀ ኪ ሟ
አ ው ክ
ቅ ር ጻ ች ሁ
ወ ቀ ሳ ዎ
ሀ ገ ሮ ቿ
ዕ ት ሞ ች
መ ዲ ና ዬ
ስ ፖ ር ተ ኛ ዋ
ተ ላ ከ ች
ት ነ ግ ድ
ያ መ ሩ
ፕ ሮ ግ ራ ማ ች ን
እ ን ግ ዳ ሽ
ያ ዙ
ተ ጠ ቃ ሁ
ሀ ገ ሮ ች ሽ
ተ በ ክ ላ ች ኋ ል
ታ ላ ቆ ች ሽ
ስ ብ ሰ ባ ህ
ት ፈ ፅ ሙ
ተ ተ ው ክ
ገ ቢ ው
ጨ ም ሮ
እ ን ስ ራ
ረ ግ ጣ ች ሁ
ደ ር ሳ
ግ ማ ሾ ቹ
ይ ገ ታ ል
ገ ር ፈ ህ
አ ም ባ ው
ተ ገ ደ ለ
ሰ ብ ራ
ያ ደ ን ቅ
በ ራ ቸ ው
እ ን ሳ ት
ያ ደ ን ቃ ሉ
ይ ላ ክ
መ ሥ መ ር ዎ
ት ጠ ቃ ላ ች ሁ
ማ መ ል ከ ቻ ዎ ቹ
ቅ ር ስ
ስ ፖ ር ተ ኛ ዎ ቿ
ያ ሰ ኝ
ፋ ን ታ
ስ ብ ሰ ባ ች ን
አ የ ን
አ ሳ ይ ተ ሽ
ይ በ ላ ሉ
በ ት ና ች ኋ ል
ሮ ጠ ዋ ል
አ ፎ ች
ፈ ፀ ም ክ
ያ ግ ቡ
ጠ ባ ቅ ያ ች ን
ገ ፋ ህ
ት ላ ክ
አ ም ቦ ች ሽ
ት በ ል ጡ
ይ ከ ብ ር
ነ ፃ ነ ቶ ቻ ቸ ው
ት መ ድ ቢ
መ ዲ ኖ ቹ
በ ት ነ ህ
እ ን ጠ ጋ
ዙ ፋ ኖ ቹ
ት በ ቅ ላ ላ ች ሁ
ተ ል ከ ዋ ል
ቀ ይ ራ
አ ስ መ ጥ ተ ህ
ደ መ ሰ ስ ኩ
ታ መ ሪ
ጦ ሙ
ተ ወ ጥ ተ ዋ ል
ሀ ኪ ማ ቸ ው
እ ፀ ዋ ት
ደ ብ ዳ ቤ ዎ ቼ
ጠ ረ ጴ ዛ ዬ
ጉ ድ
አ ባ ላ ታ ች ን
በ ል ጬ
ግ ማ ሾ ቼ
ግ ጥ ሚ ዮ ች ሽ
ይ ተ ዋ ል
ተ ያ ዘ ች
ነ ገ ድ ሽ
ማ ኅ በ ሬ
ሰ ው ነ ቴ
እ ና መ ቻ ቻ ለ ን
ዘ ዴ ው
ዘ ዴ ው
ወ ሰ ነ ች
ያ ስ መ ጡ
አ ባ ል ነ ት ዎ
ሞ ኙ
ይ ፈ ፅ ማ ሉ
መ ጥ ቼ
ረ ግ ጠ ዋ ል
እ ን ደ ም ስ ስ
ማ ኅ በ ሮ ቻ ቸ ው
ተ ቀ ና ቃ ኞ ቻ ቸ ው
ፈ ረ ሶ ቻ ቸ ው
መ ዲ ና ዎ ቻ ች ን
ይ ቀ ይ ሩ
ማ ኅ በ ራ ቱ
ያ ሳ ል ፍ
ኮ ን ነ ዋ ል
ተ ጠ ራ ጥ ረ ሀ ል
ቀ ይ ሮ
ያ ስ መ ጣ
አ መ ቻ ቹ
ፈ ፅ መ ህ
መ ደ ብ ን
ስ ለ ላ ው
ዕ ብ ሪ ቱ
ቤ ተ ክ ር ስ ቲ ያ ን ዎ
ግ ፋ
አ ም ባ ህ
መ ዲ ኖ ች ሽ
እ ን ከ ል ክ ል
እ ን ገ ድ ላ ለ ን
ፋ ን ታ ች ን
ብ ድ ራ ች ሁ
ይ ሸ ፈ ን
አ መ ቻ ች ታ ች ሁ
ዙ ፋ ኖ ቿ
ጸ ሎ ቱ
አ ዝ ና ች ሁ
ተ ጠ ቅ ሶ
አ ት ር ፎ
ላ ሞ ቿ
ጥ ቁ ር
ት ዳ ር ዎ
ግ ረ ፍ
እ ሥ ሯ
በ ቅ ለ ዋ ል
ጠ ብ ሽ
መ ሪ ዎ ች ዎ
ይ ኮ ን ኑ
ጸ ሎ ቱ
መ ደ ፈ ር
ፕ ሮ ግ ራ ሞ ቻ ች ሁ
እ ጠ ቃ
ላ ስ ገ ድ ድ
ው ጥ ን ህ
አ ም ር ተ ሽ
ስ ራ
ሰ በ ሩ
መ ዲ ና ቸ ው
ዘ ገ ባ ዎ ች ሽ
ት ደ መ ስ ሺ
ው ለ ታ ች ን
ተ በ ል ታ ለ ች
እ ው ነ ታ ዎ ች ሽ
ጸ ሎ ት
እ ው ነ ቶ ቻ ች ን
ይ ክ በ ሩ
ጨ ካ ኞ ቹ
ስ ፖ ር ተ ኛ ዎ
ት ው ለ ድ
ት ደ ር ሺ
በ ት ኜ
ነ ግ ደ ህ
ድ ም ፆ ች
እ ና ቶ ቻ ች ሁ
አ ገ ባ ሽ
ት መ ራ ለ ች
እ ን ወ ል ድ
እ ሳ ቶ ች
ገ ቢ ያ ች ሁ
ል ተ ው
ሰ ብ ረ ሀ ል
ጸ ጥ ታ
እ ን ተ ው
ይ ጠ ራ ጠ ሩ
ማ ኅ በ ራ ቸ ው
ው ለ ታ ቸ ው
ቀ ዝ ቃ ዛ ው
አ ባ ሎ ች
ገ ር ፈ ን
እ ና ተ ር ፍ
አ ገ ዳ ዋ
መ ጣ ህ
አ ወ ራ
ስ ብ ሰ ባ ዎ ቹ
ደ ም ስ ሳ
አ ይ ቶ
መ ድ ቡ
ታ ስ ገ ድ ድ
ተ ጠ ግ ቶ
ረ ግ ጠ ሽ
ጠ ባ ቂ ዋ
አ የ ሁ
ው ለ ታ ሽ
ት ያ ዙ
ሀ ኪ ሞ ቹ
መ ሥ መ ሮ ቼ
ላ ሟ
እ ዘ ኑ
ከ ብ ራ ች ሁ
ው ጥ ኖ ች ዎ
ዙ ፋ ኔ
ተ ላ ከ
ታ ወ ራ ለ ህ
ደ ን ባ ች ን
ይ ጠ ቁ
መ ር ያ ች ሁ
ግ ጥ ሚ ዮ ቹ
ት ጠ ጋ
ፕ ሮ ግ ራ ሞ ቹ
ያ ተ ር ፉ
ገ ድ ለ ህ
ተ መ ር ተ ሀ ል
ው ጥ ኖ ች ሽ
እ ን ሩ ጥ
ጠ ባ ቂ ዎ ቼ
እ ና ት
አ ስ ጠ ጣ ህ
ገ ፅ ህ
ም ጡ
ዘ ላ ቂ ዎ ች
ሀ ገ ራ ታ ቸ ው
ት ደ ፈ ራ ለ ህ
ጠ ብ ዎ
ያ ሳ ዝ ና ል
ግ ማ ሾ ች
ዘ ገ ባ ዎ ቿ
ተ ቀ ና ቃ ኞ ቹ
ታ ይ
አ ነ ስ ተ ኛ ዋ
እ ን ስ ት
ዘ ይ ቶ ቻ ች ን
ተ ስ ማ ም ተ ው
አ ሳ ዝ ኚ
አ ይ ታ ች ሁ
ይ መ ድ ቡ
ት ተ ው
ማ መ ል ከ ቻ ዎ ች
በ ቀ ል ኩ
አ ደ ነ ቅ ህ
አ ስ ጠ ጥ ታ ለ ች
ዘ ገ ባ ች ሁ
ያ ያ ሉ
ክ ሊ ኒ ኮ ቹ
መ ስ ዋ ዕ ቱ
እ ም ነ ቶ ቼ
ደ መ ሰ ስ ሽ
ጉ ል በ ቶ ች ሽ
ተ መ ር ተ ና ል
ማ ሳ ዘ ን
ይ ዋ ጡ
ሆ ድ ህ
ወ ቀ ሶ ቻ ች ሁ
መ ድ ባ ች ሁ
ተ ጠ ግ ቻ ለ ሁ
አ ዞ
ድ ብ ደ ቦ ች ዎ
ሮ ጣ
መ ያ ዝ
መ ዋ ቀ ር
ፈ ረ ሶ ች ሽ
ሳ ተ
ም ግ ባ ሮ ቹ
ቤ ተ ክ ር ስ ቲ ያ ን ህ
ተ ቋ ቁ ሟ ል
አ ዳ ራ ሹ
መ ዲ ና ዎ ቹ
ም ግ ባ ሩ
ገ ፃ ቸ ው
ገ ፉ
ት ስ ቱ
ግ ጥ ሚ ያ ች ን
ት ወ ል ዳ ለ ች
ይ መ ሩ
አ ሳ ዝ ና ለ ሁ
ት ወ ል ዳ ላ ች ሁ
ላ ሞ ቹ
ጨ ም ሬ
ግ ጥ ሞ ች ሽ
ተ በ ል ቻ ለ ሁ
ቤ ተ ክ ር ስ ቲ ያ ኖ ቻ ቸ ው
እ ገ ር ፋ ለ ሁ
መ ር ተ ሀ ል
ወ ል ጃ ለ ሁ
ድ ብ ደ ቦ ቹ
ስ ፖ ር ተ ኞ ቻ ች ሁ
ታ ተ ር ፊ ያ ለ ሽ
ተ ጠ ቃ
ጠ ረ ጴ ዛ ዎ ቼ
ሴ ራ ዎ ቻ ች ሁ
መ ራ
ሰ ማ ያ ት
ይ ጠ ጉ
አ ሳ ል ፋ ለ ሁ
ላ ስ መ ጣ
ወ ረ ወ ረ ች
ሀ ገ ሮ ቹ
ት ው ጪ
ዓ ይ ነ ት ዎ
አ ገ ዳ ች ሁ
አ ቅ ሜ
አ ፎ ቻ ች ን
ከ ብ ረ ሻ ል
ሀ ኪ ሙ
ይ ደ መ ስ ሱ
አ መ ራ ሁ
ስ ተ ን
ት ደ ም ስ ስ
ኮ ን ን
አ ስ መ ጣ ህ
ኋ ላ ች ን
ስ ፖ ር ተ ኛ ህ
ው ጥ ኗ
ያ ሳ ይ
አ ባ ላ ታ ቸ ው
ጉ ል በ ታ ች ሁ
መ ሥ መ ሮ ቿ
እ ና ስ መ ጣ
ቤ ተ ክ ር ስ ቲ ያ ኖ ች ህ
አ ደ ነ ቀ ች
አ ዝ ነ ሻ ል
ት ዘ ን
አ ግ ብ ታ
ይ ሮ ጣ ሉ
እ ን በ ቅ ላ ለ ን
ሆ ዷ
ተ ከ ታ ት ላ ች ኋ ል
ስ ራ ዋ
መ ሥ መ ሮ ቻ ች ን
መ ላ ዋ
ሀ ኪ ሞ ቹ
አ ወ ክ ን
ዕ ት ሞ ች ዎ
ተ ጠ ን ቅ ቋ ል
ይ ያ ዝ
ይ ላ ክ
ታ ስ ገ ድ ድ
እ መ ዘ ገ ባ ለ ሁ
ሴ ራ ች ን
እ ው ነ ታ ዬ
ጨ ር ቁ
አ ስ ቆ ጥ ቷ ል
ታ ደ ን ቂ
ት ደ ር ሳ ላ ች ሁ
ስ ራ ዎ ቻ ች ሁ
ተ መ ዝ ግ ባ ች ኋ ል
ባ ሪ ዮ ች ሽ
ተ በ ል ተ ና ል
ገ ቢ ዎ ቻ ች ን
ቢ ጫ ው
ጨ ር ቆ ቹ
ወ ሰ ነ
ይ በ ከ ሉ
አ ት ር ፈ ሻ ል
ማ ኅ በ ራ ታ ች ሁ
ታ ሳ ዝ ኑ
ፉ ት ቦ ላ ቸ ው
አ ስ ጠ ጥ ቷ ል
ገ ፍ ተ ህ
ስ ሮ ቻ ች ሁ
ት ዳ ሬ
ተ ጠ ራ ጠ ሪ
ይ ደ ር ሱ
ተ ረ ቶ ቹ
ደ ን ቦ ች ሽ
መ ፈ ፀ ም
አ ው ከ ሀ ል
ኮ ን ነ ህ
ጨ ር ቅ
ተ ደ ፈ ራ ች ሁ
መ ራ ች ሁ
ጩ ኸ ት ሽ
ላ ድ ን ቅ
ያ ስ ጠ ጡ
እ ን ባ ው
አ ፍ ህ
ወ ለ ዳ ች ሁ
ይ ወ ረ ው ራ ሉ
ት ደ ር ሳ ለ ህ
በ ር ዎ
አ ዘ ን ክ
እ ን ብ ላ
ደ መ ሰ ሰ ች
ይ ከ ፈ ል
ወ ስ ኖ
ጠ ባ ቂ ዎ ቹ
ማ መ ል ከ ቾ ች ዎ
ያ መ ቻ ቻ ል
እ ሥ ር ሽ
አ ሳ ል ፈ ዋ ል
ዘ ገ ቦ ቿ
ቅ ር ሳ ች ን
ተ ሸ ፍ ኖ
ኮ ን ና ች ኋ ል
አ ሳ ዘ ነ ች
ል ጠ ቃ
ተ ገ ል ጋ ይ
ይ ደ ም ስ ስ
እ ሴ ቶ ቹ
አ መ ቻ ቸ ህ
ው ጥ ን ሽ
እ ሴ ት ህ
መ ሪ ዎ
ም ግ ባ ር
ገ ቢ
ይ ጠ ጉ
እ ን ባ ዋ
አ ት ር ፈ ን
ድ ብ ደ ባ ዎ ቻ ች ሁ
ባ ሪ ዮ ቻ ች ን
እ ም ነ ታ ች ሁ
ፈ ፅ ሚ
ባ ለ ቤ ቶ ቿ
ት ወ ጪ
መ ጠ ራ ጠ ር
ል በ ከ ል
አ ይ ታ ለ ች
ላ ማ ች ሁ
አ ም ራ ቹ
ደ ን ብ ህ
አ መ ራ
ሀ ገ ሮ ች ዎ
በ ት ነ ሀ ል
ማ ስ ጠ ጣ ት
እ ና ሳ ዝ ና ለ ን
ይ ን ገ ዱ
ይ ወ ል ድ
ው ጣ ች ኋ ል
ስ ፖ ር ተ ኞ ቻ ቸ ው
ገ ደ ለ ች
ይ ከ ብ ሩ
ዕ ት ሞ ቻ ች ን
እ ን ባ ዬ
ገ ቢ ያ ቸ ው
መ ዲ ና
አ ሳ ይ ተ ዋ ል
ታ ሳ ዝ ን
አ ሳ ል ፍ
ተ በ ላ ሽ
ድ ም ፅ ዎ
ት ው ጣ ላ ች ሁ
ዘ ዴ ያ ች ን
ያ ተ ር ፋ ል
ኮ ን ነ ሀ ል
መ ዲ ኖ ቹ
ዕ ድ ሜ ዬ
ይ ዘ ን
ት ከ ብ ሪ
ግ ጥ ሜ
ተ ዋ ቀ ረ
ተ ት ተ ን
ሀ ኪ ሜ
እ ያ ዛ ለ ሁ
አ ት ር ፈ ህ
መ ሪ
አ ደ ነ ቃ ች ሁ
ፈ ፀ መ ች
ከ ለ ከ ለ ች
ላ ው ክ
ተ ጠ ቅ ተ ሻ ል
ሀ ገ ራ ቱ
ል ሩ ጥ
አ ቅ ም ዎ
ት ኮ ን ና ላ ች ሁ
አ ስ ገ ድ ድ
እ ባ ብ
ስ ፖ ር ተ ኛ ዎ ቻ ቸ ው
አ ዘ ን ሽ
ድ ብ ደ ባ ሽ
አ ሳ ል ፍ
ቀ ይ ረ ን
ባ ሪ ዮ ቿ
በ ሮ ቿ
ዘ ይ ቶ ቻ ች ሁ
ዘ ዴ ዎ ቻ ች ን
ዘ ገ ቦ ች ህ
ደ ር ሰ ህ
ጠ ቡ
ል ቀ ይ ር
ት መ ድ ቢ ያ ለ ሽ
ግ ፉ
እ ን ከ ታ ተ ል
ደ ር ሼ
ደ ቡ ብ
ድ ም ጿ
ን ጹ ህ
ቅ ር ጼ
ታ ላ ቂ ቱ
አ ቁ ማ ዳ ዎ ቹ
ተ ተ ዋ ች ሁ
ማ ስ ታ ወ ሾ ቹ
አ ህ ጉ ሯ
አ መ ቻ ቻ ች ሁ
አ ዋ ር ጃ ለ ሁ
ገ ጿ
ተ ይ ዤ
ይ ሞ ከ ር
አ መ ቻ ቺ
ይ ገ ል ብ ጥ
