አ ዘ ዛ ች ሁ
ይ ር ገ ጡ
አ ሰ ኝ ቶ
ሀ ገ ራ ት ሽ
ተ ደ ፈ ሩ
ረ ገ ጣ ች ሁ
እ ን መ ድ ብ
ስ ብ ሰ ባ ዎ ች ሽ
ታ ላ ቄ
ጨ መ ሩ
መ ወ ሰ ን
ቅ ባ ቱ
ሀ ገ ራ ቱ
ተ ጠ ጋ
እ ን ግ ዳ ዎ ች ሽ
ማ ግ ባ ት
ሰ ብ ራ ች ሁ
ተ ደ ፍ ረ ዋ ል
ድ ብ ደ ባ ህ
ተ ደ ፍ ራ ለ ች
ት መ ዘ ገ ባ ለ ህ
ይ ወ ስ ን
ያ ተ ር ፋ ሉ
አ ፍ
ደ ር ሼ
ሽ ማ ግ ሌ ዎ ቻ ች ሁ
ወ ፎ ቹ
ላ ት ር ፍ
እ ና ያ ለ ን
አ ዋ ር ድ
አ ም ር ታ ች ሁ
ተ በ ክ ለ ና ል
ዙ ፋ ኖ ች
እ ሴ ቶ ቻ ቸ ው
ይ መ ድ ብ
ይ ስ ማ ማ ሉ
ተ ቀ ና ቃ ኟ
ተ ጠ ግ ታ ች ሁ
ት ደ ፈ ር
ያ ገ ቡ
አ ስ ጠ ጣ ን
አ ት ር ፈ ዋ ል
ተ ደ ፍ ረ ሀ ል
አ ዘ ን
አ ስ መ ጣ ሽ
ሀ ገ ራ ቸ ው
ስ ሮ ቹ
ገ ቢ ዎ
ላ ግ ባ
ጦ ሙ
ት ያ ዝ
ታ ዪ
ጉ ል በ ቶ ቼ
ደ ቡ ብ
ታ ዋ ር ጃ ለ ሽ
አ ግ ብ ተ ና ል
ት ና ን ት ና
ጦ ማ ች ን
ት መ ጣ ለ ህ
ታ ሳ ያ ለ ሽ
አ መ ቻ ች ተ ዋ ል
ዘ ዴ
ታ ላ ቆ ቻ ች ሁ
እ ጨ ም ራ ለ ሁ
ያ ዝ ኑ
ተ ወ ጣ ን
ገ ፋ ች
ተ ት ተ ና ል
ታ ላ ቆ ቼ
እ ና ቶ ች ህ
መ ሎ ቿ
ደ ብ ዳ ቤ ዎ ቹ
ድ ም ጿ
ጸ ሎ ት ህ
ማ መ ል ከ ቻ ዬ
በ ት ኑ
ው ጥ ኖ ች ህ
ት ዋ ጥ
ው ለ ዱ
መ ዲ ና ዎ ቹ
ተ ጠ ራ ጠ ር
በ ት ና ች ሁ
አ ወ ካ ች ሁ
እ ን ስ በ ር
ና ሙ ና ዎ ቹ
ሮ ጣ ች ሁ
አ ሳ ዪ
ም ግ ባ ራ ች ን
ባ ሪ ያ ች ሁ
አ ፀ ፋ
ተ መ ር ቶ
ት ደ ፈ ሪ
ይ መ ድ ቡ
ት መ ድ ቡ
ደ ጋ ዎ ች
ባ ለ ቤ ቶ ቻ ች ሁ
ተ መ ዘ ገ ብ ሽ
ቀ ል ባ ቸ ው
አ ዋ ር ደ ሀ ል
በ ት ና ለ ች
ሰ በ ር ን
አ መ ቻ ቸ
ዓ ለ ት
ታ መ ሩ
ት ጨ ም ር
አ ስ ጠ ጥ ተ ሻ ል
ሴ ራ ዎ ቻ ች ን
ዙ ፋ ኖ ች ህ
አ ም ር ተ ሀ ል
ደ ስ ታ ህ
ይ ከ ል ክ ል
ገ ር ፌ ያ ለ ሁ
ሼ ክ
እ ሥ ራ ች ሁ
ት ገ ፋ ላ ች ሁ
ቤ ተ ክ ር ስ ቲ ያ ኖ ች ሽ
ረ ገ ጡ
ት ነ ግ ዳ ለ ች
እ ን በ ት ን
ተ ጠ ራ ጠ ራ ች ሁ
እ ን ባ ሽ
ሰ ነ ዶ ቻ ች ሁ
ስ ብ ሰ ባ ዎ ች ዎ
አ ዘ ኑ
ት ያ ዣ ለ ሽ
ስ ቻ ለ ሁ
ይ በ ል ጡ
ተ ጠ ቅ ተ ን
በ ል ተ ሻ ል
አ መ ቻ ቹ
አ ድ ን ቂ
ዓ ይ ነ ታ ች ን
ት ገ ፋ ለ ህ
ዘ ይ ቶ ች ዎ
ተ ጠ ጋ ን
እ ን ባ ቸ ው
አ ዘ ው
ኮ ን ና ለ ች
ት ገ ፊ ያ ለ ሽ
ድ ም ፆ ቻ ች ሁ
መ ሥ መ ሮ ቻ ቸ ው
እ ን በ ከ ል
ግ ጥ ሚ ዮ ች ዎ
አ ሳ ዝ ነ ን
ደ ር ሰ ና ል
ገ ፍ ተ ሀ ል
ጉ ዳ ች ን
ጠ ባ ች ሁ
ተ በ ል ተ ሻ ል
ደ ን ብ ዎ
ያ ው ካ ሉ
ይ በ ላ ሉ
መ ዲ ኖ ቿ
ሠ ው ነ ታ ች ን
ቤ ተ ክ ር ስ ቲ ያ ኖ ቹ
አ ቅ ሞ ች
ተ ጠ ግ ተ ሽ
ደ ብ ዳ ቤ ዋ
ሮ ጠ ሀ ል
ሴ ራ ዎ ቹ
ቀ ይ ረ ሽ
ስ ፖ ር ተ ኛ ዎ ች ህ
ቀ ረ ጥ
አ መ ቻ ች ተ ው
ላ ሞ ች
ተ ት ተ ው
ሞ ኝ
ፋ ን ታ ዬ
ወ ር ው ራ
ታ ሳ ል ፋ ላ ች ሁ
ያ ስ ች ላ ል
ጸ ጥ ታ ች ን
መ ጥ ተ ህ
ማ ው ራ ት
ት ረ ግ ጫ ለ ሽ
እ ነ ግ ድ
ላ ም ሽ
ገ ር ፋ ች ኋ ል
ተ ቀ ና ቃ ኙ
ት መ ራ ላ ች ሁ
ታ ስ መ ጣ
አ ባ ሎ ቻ ች ሁ
አ ዝ ኖ
ግ ደ ል
ዕ ት ም ዎ
ይ ረ ግ ጡ
ወ ር ው ሪ
አ ገ ባ
ደ ር ሰ ው
ዘ ገ ባ ዎ ቹ
ነ ግ ደ ዋ ል
ት ወ ረ ው ር
ይ ብ ቀ ል
ው ጣ ች ሁ
እ ሴ ቶ ቻ ች ን
አ ወ ራ ች ሁ
ጨ ም ረ ሽ
ያ ገ ባ ሉ
ሴ ራ ዎ
ስ ራ ዎ ች
ተ ሰ ር ዞ
እ በ ላ
ወ ስ ኜ
መ ሪ ዎ ቻ ች ን
ያ ስ ጠ ጣ ሉ
ሰ ብ ሬ
ወ ር ው ሩ
በ ተ ን ሽ
ሀ ኪ ም ሽ
ታ ስ መ ጣ ላ ች ሁ
ቀ ዝ ቃ ዛ
ተ ይ ዘ ህ
ሰ ብ ረ ሽ
ሥ ን ቋ
ጠ ረ ጴ ዛ ው
ው ለ ታ ዋ
እ ወ ል ድ
ን ጹ ህ
ዕ ት ሞ ቻ ች ሁ
ተ ጠ ራ ጠ ሩ
ት ከ ለ ክ ላ ላ ች ሁ
ት ው ጥ
ጀ ር ባ ዎ
ገ ፆ ቹ
ዘ ይ ቴ
መ ከ ታ ተ ል
ስ ታ ች ኋ ል
ግ ጥ ሙ
ያ ሳ ዩ
ገ ቢ ዎ ቻ ቸ ው
ገ ድ ለ ን
ማ ሳ የ ት
አ ይ ተ ን
ተ ከ ታ ት ለ ን
ይ በ ላ
ሀ ኪ ሞ ች ህ
ከ ብ ረ ሀ ል
ከ በ ረ ች
ስ ፖ ር ተ ኛ ዎ ቼ
ይ በ ል ጥ
ግ ጥ ም
ሽ ማ ግ ሌ ው
ገ ቢ ዎ ች
መ ጤ ው
ግ ጥ ሚ ያ ው
ት ገ ር ፋ ላ ች ሁ
መ ጥ ተ ው
ወ ለ ድ ኩ
ጽ ዋ ዎ ቹ
እ ና ሳ ዝ ን
ወ ለ ድ ን
አ ሳ ለ ፈ
ስ ራ ው
ተ ደ ፍ ሬ
ፈ ረ ሶ ቹ
ያ መ ቻ ች
መ ጥ ተ ን
መ ዲ ኖ ቻ ች ሁ
ተ በ ሉ
ት በ ከ ል
አ ግ ብ ታ ች ኋ ል
ቅ ር ጼ
ሀ ኪ ሞ ቻ ች ሁ
ት ገ ድ ል
ይ በ ቅ ል
ት በ ት ን
ት ረ ግ ጥ
ያ ስ ገ ድ ድ
ቀ ጭ ኗ
እ ና ቶ ቿ
ት ወ ጫ ለ ሽ
ላ ሞ ቻ ች ን
እ ን ጨ ቶ ቹ
ወ ል ዳ ች ሁ
ቤ ተ ክ ር ስ ቲ ያ ና ቸ ው
ት ደ መ ስ ሳ ላ ች ሁ
ሮ ጠ ች
አ ስ ጠ ጣ ች
ሰ ነ ዳ ች ሁ
እ ሥ ር ህ
ት ደ መ ስ ስ
ዘ ላ ቂ ዋ
ማ መ ል ከ ቻ
አ ሳ ዝ ነ ዋ ል
ይ ደ ፈ ራ ሉ
አ ም ሯ ል
ታ ላ ቂ ቱ
ቅ መ ሞ ቹ
ታ ሳ ያ ላ ች ሁ
ት ሰ ብ ሩ
ወ ቀ ሳ ቸ ው
ረ ግ ጦ
አ ስ መ ጥ ታ
ይ ደ በ ቅ
ጠ ባ ቂ ዎ ቿ
ተ ጠ ጋ ሽ
እ ቀ ይ ራ ለ ሁ
በ ቅ ዬ
ተ ጠ ጊ
ጨ ካ ኟ
ዕ ት ሞ ቹ
ሴ ራ ዋ
ይ ቀ ላ
ማ ኅ በ ሮ ቻ ች ን
እ ን ላ ካ ለ ን
ት ብ ቀ ል
ተ መ ር ተ ዋ ል
እ ዘ ን
ከ ብ ረ ው
እ ን ገ ር ፋ ለ ን
መ ዲ ና ዎ ቻ ች ሁ
ሣ ም ን ቱ
አ ም ባ
ታ ወ ራ ለ ች
በ ቀ ል ክ
በ ቀ ለ ች
ታ ዋ ር ዳ ላ ች ሁ
አ ቁ ማ ዳ ዎ ቹ
ሰ ማ ዮ ቹ
አ ም ር ተ ዋ ል
ይ ጠ ቃ
ው ጠ ዋ ል
ት ነ ግ ዳ ላ ች ሁ
ሀ ገ ሮ ች ህ
አ ቅ ሞ ች ሽ
ደ ር ሻ ለ ሁ
ት ሮ ጣ ላ ች ሁ
ዘ ይ ቶ ች
ደ ም ስ ሰ ና ል
እ ን ጨ ም ራ ለ ን
ሰ ነ ዶ ቻ ቸ ው
ከ ፍ ታ ዎ ች
ት ላ ካ ለ ህ
ግ ማ ሻ ች ሁ
ወ ቀ ሳ ው
ላ ስ ጠ ጣ
ታ ተ ር ፊ
ት ወ ስ ኛ ለ ሽ
ቅ ር ጽ ዎ
አ ወ ከ ች
መ ሷ እ ታ ቸ ው
መ ሪ ዋ
ት ራ ፊ ኩ
ወ ር ው ሬ
አ መ ራ ች ሁ
ነ ፃ ነ ቶ ቹ
እ ና ይ
አ ግ ብ ቶ
በ ቅ ለ ና ል
ግ ማ ሾ ቻ ች ን
ዘ ይ ታ ች ን
እ ን መ ራ
ጸ ጥ ታ ዎ
ወ ፎ ች
ማ ስ ታ ወ ሻ ዎ ች
መ ደ ባ ች ሁ
መ ሎ ቹ
አ ድ ን ቀ ን
ቀ የ ር ን
እ ን መ ዘ ገ ብ
እ ና ስ ጠ ጣ
ዘ ዴ ዎ ቹ
አ ባ ላ ቱ
መ ሥ መ ሩ
ቅ ር ጻ ች ን
ጠ ባ ቂ ያ ች ሁ
ቤ ተ ክ ር ስ ቲ ያ ኗ
እ ላ ክ
ተ ተ ች ቷ ል
እ ወ ጣ ለ ሁ
ይ ደ መ ስ ስ
ደ ረ ሰ
ይ ወ ል ዳ ሉ
እ ን ስ ራ ው
አ ቅ ሞ ቿ
አ ድ ን ቁ
ባ ሪ ያ ዬ
ተ ያ ዝ ን
በ ረ ራ ው
ድ ም ፅ ሽ
ት ገ ድ ል
ደ ስ ታ ች ሁ
ፈ ረ ሶ ች
ደ ብ ዳ ቤ ያ ቸ ው
አ ም ባ ዎ ቼ
ት ገ ር ፋ ለ ህ
በ ቀ ለ
ዋ ጡ
ጠ ር ዞ ቹ
አ ስ መ ጥ ቻ ለ ሁ
እ ን ጨ ም ር
ፉ ት ቦ ል ህ
አ ው ር ተ ሽ
ዘ ገ ባ ዋ
እ ን ግ ዳ ዎ ች ህ
ፈ ፅ ማ ለ ች
ት ደ ፈ ር
አ ይ ተ ህ
መ ጥ ታ ች ኋ ል
ት ሰ ብ ሪ
ቀ የ ር ክ
ሰ ባ ኪ ዎ ች
ፋ ይ ዳ
ነ ገ ድ ኩ
ሀ ገ ሮ ቹ
ያ ስ ቆ ጣ ል
ተ ተ ዋ ች ሁ
መ ድ በ ዋ ል
ተ ት ቶ
መ ስ ዋ ዕ ታ ች ሁ
ዘ ገ ቦ ቻ ች ሁ
አ ባ ላ ት ሽ
እ ና ት ዎ
ጉ ዳ ቸ ው
መ ያ ዣ ዎ ቹ
አ ስ ገ ደ ደ ች
አ ቁ ማ ዶ ች
መ ላ ዎ ቼ
ታ ወ ራ ላ ች ሁ
ታ ገ ቢ
እ ኩ ል
ከ ለ ከ ላ ች ሁ
ማ ስ ታ ወ ሾ ቹ
ጠ ሉ
ይ ቀ ይ ራ ል
ጠ ባ ቂ ዎ ቻ ች ሁ
ት ጠ ቃ
ተ ጠ ራ ጥ ረ ዋ ል
በ ራ ች ሁ
ወ ሰ ን ኩ
ጠ ባ ቂ ያ ቸ ው
ዓ ይ ነ ቱ
አ ው ከ ና ል
ማ ኅ በ ር ሽ
እ ጮ ኛ ዎ ቹ
ያ ሳ ዝ ና ሉ
ት መ ጪ
ቀ ብ ራ ች ሁ
ተ ያ ዝ ኩ
እ ን ባ ው
ድ ም ፃ ቸ ው
ደ ን ቦ ቻ ች ሁ
ተ መ ራ ሁ
ተ በ ል ተ ዋ ል
አ መ ራ ለ ሁ
ሴ ራ ች ሁ
ታ ሳ ል ፋ ለ ህ
ሰ ለ ባ ው
ፀ ደ ቀ
ታ ን ኳ
ወ ል ደ ሻ ል
እ መ ራ
ው ጥ ኖ ች
ገ ድ ለ ና ል
አ የ ች
ግ ጥ ሚ ዮ ቻ ቸ ው
ከ ል ክ ያ ለ ሁ
እ ን ባ ዎ
አ ሳ ዘ ን ሽ
ድ ም ፆ ቻ ቸ ው
እ ሥ ሬ
ስ ራ ዎ ቹ
ይ ቀ ር
ት በ ቅ ላ ለ ች
አ ሳ የ ህ
ጨ ም ረ ህ
አ ስ መ ጥ ታ ች ኋ ል
ጉ ዷ
አ ግ ብ ቷ ል
ይ ወ ስ ኑ
ፕ ሮ ግ ራ ሞ ቹ
ተ ቀ ና ቃ ኞ ቿ
ገ ፆ ቹ
እ ደ ር ስ
ባ ለ ቤ ት ዎ
ጠ ረ ጴ ዛ ዎ ች ህ
ት ጠ ራ ጠ ር
አ ፎ ች ሽ
ይ ደ በ ቅ
ሥ ን ቆ ች
እ መ ራ
ኮ ን ኗ ል
በ ተ ን ክ
መ ጥ ቷ ል
እ ም ነ ቶ ች
ጀ ር ባ ዋ
ስ ብ ሰ ባ ዎ ቼ
ይ ወ ረ ው ር
ብ ድ ሮ ቹ
አ ሳ ዝ ኖ
ደ ር ሳ ለ ች
ሰ ብ ረ ው
እ ሥ ራ ች ን
ት መ ራ ለ ህ
ታ ያ ለ ሽ
ፍ ር ስ ራ ሽ
ታ ዝ ኛ ለ ሽ
ተ ወ ጥ ቻ ለ ሁ
ም ግ ባ ሮ ቻ ች ን
ያ ስ ቆ ጣ
እ ጮ ኛ ዎ ች ህ
ወ ል ዳ
ይ ቀ ይ ር
ም ግ ባ ሮ ቿ
ት ወ ረ ው ሪ ያ ለ ሽ
ገ ብ ያ ች ን
ት ገ ፋ
እ ው ነ ታ ዎ
ይ ጠ ጋ
ቀ ይ ር
ሮ ጬ
ሀ ኪ ሟ
አ ው ክ
ቅ ር ጻ ች ሁ
ወ ቀ ሳ ዎ
ሀ ገ ሮ ቿ
ዕ ት ሞ ች
መ ዲ ና ዬ
ስ ፖ ር ተ ኛ ዋ
ተ ላ ከ ች
ት ነ ግ ድ
ያ መ ሩ
ፕ ሮ ግ ራ ማ ች ን
እ ን ግ ዳ ሽ
ያ ዙ
ተ ጠ ቃ ሁ
ሀ ገ ሮ ች ሽ
ተ በ ክ ላ ች ኋ ል
ታ ላ ቆ ች ሽ
ስ ብ ሰ ባ ህ
ት ፈ ፅ ሙ
ተ ተ ው ክ
ገ ቢ ው
ጨ ም ሮ
እ ን ስ ራ
ረ ግ ጣ ች ሁ
ደ ር ሳ
ግ ማ ሾ ቹ
ይ ገ ታ ል
ገ ር ፈ ህ
አ ም ባ ው
ተ ገ ደ ለ
ሰ ብ ራ
ያ ደ ን ቅ
በ ራ ቸ ው
እ ን ሳ ት
ያ ደ ን ቃ ሉ
ይ ላ ክ
መ ሥ መ ር ዎ
ት ጠ ቃ ላ ች ሁ
ማ መ ል ከ ቻ ዎ ቹ
ቅ ር ስ
ስ ፖ ር ተ ኛ ዎ ቿ
ያ ሰ ኝ
ፋ ን ታ
ስ ብ ሰ ባ ች ን
አ የ ን
አ ሳ ይ ተ ሽ
ይ በ ላ ሉ
በ ት ና ች ኋ ል
ሮ ጠ ዋ ል
አ ፎ ች
ፈ ፀ ም ክ
ያ ግ ቡ
ጠ ባ ቅ ያ ች ን
ገ ፋ ህ
ት ላ ክ
አ ም ቦ ች ሽ
ት በ ል ጡ
ይ ከ ብ ር
ነ ፃ ነ ቶ ቻ ቸ ው
ት መ ድ ቢ
መ ዲ ኖ ቹ
በ ት ነ ህ
እ ን ጠ ጋ
ዙ ፋ ኖ ቹ
ት በ ቅ ላ ላ ች ሁ
ተ ል ከ ዋ ል
ቀ ይ ራ
አ ስ መ ጥ ተ ህ
ደ መ ሰ ስ ኩ
ታ መ ሪ
ጦ ሙ
ተ ወ ጥ ተ ዋ ል
ሀ ኪ ማ ቸ ው
እ ፀ ዋ ት
ደ ብ ዳ ቤ ዎ ቼ
ጠ ረ ጴ ዛ ዬ
ጉ ድ
አ ባ ላ ታ ች ን
በ ል ጬ
ግ ማ ሾ ቼ
ግ ጥ ሚ ዮ ች ሽ
ይ ተ ዋ ል
ተ ያ ዘ ች
ነ ገ ድ ሽ
ማ ኅ በ ሬ
ሰ ው ነ ቴ
እ ና መ ቻ ቻ ለ ን
ዘ ዴ ው
ዘ ዴ ው
ወ ሰ ነ ች
ያ ስ መ ጡ
አ ባ ል ነ ት ዎ
ሞ ኙ
ይ ፈ ፅ ማ ሉ
መ ጥ ቼ
ረ ግ ጠ ዋ ል
እ ን ደ ም ስ ስ
ማ ኅ በ ሮ ቻ ቸ ው
ተ ቀ ና ቃ ኞ ቻ ቸ ው
ፈ ረ ሶ ቻ ቸ ው
መ ዲ ና ዎ ቻ ች ን
ይ ቀ ይ ሩ
ማ ኅ በ ራ ቱ
ያ ሳ ል ፍ
ኮ ን ነ ዋ ል
ተ ጠ ራ ጥ ረ ሀ ል
ቀ ይ ሮ
ያ ስ መ ጣ
አ መ ቻ ቹ
ፈ ፅ መ ህ
መ ደ ብ ን
ስ ለ ላ ው
ዕ ብ ሪ ቱ
ቤ ተ ክ ር ስ ቲ ያ ን ዎ
ግ ፋ
አ ም ባ ህ
መ ዲ ኖ ች ሽ
እ ን ከ ል ክ ል
አ ህ ጉ ሯ
እ ን ገ ድ ላ ለ ን
ፋ ን ታ ች ን
ብ ድ ራ ች ሁ
ይ ሸ ፈ ን
አ መ ቻ ች ታ ች ሁ
ዙ ፋ ኖ ቿ
ጸ ሎ ቱ
አ ዝ ና ች ሁ
ተ ጠ ቅ ሶ
አ ት ር ፎ
ላ ሞ ቿ
ጥ ቁ ር
ት ዳ ር ዎ
ግ ረ ፍ
እ ሥ ሯ
በ ቅ ለ ዋ ል
ጠ ብ ሽ
መ ሪ ዎ ች ዎ
ይ ኮ ን ኑ
ጸ ሎ ቱ
መ ደ ፈ ር
ፕ ሮ ግ ራ ሞ ቻ ች ሁ
እ ጠ ቃ
ላ ስ ገ ድ ድ
ው ጥ ን ህ
አ ም ር ተ ሽ
ስ ራ
ሰ በ ሩ
መ ዲ ና ቸ ው
ዘ ገ ባ ዎ ች ሽ
ት ደ መ ስ ሺ
ው ለ ታ ች ን
ተ በ ል ታ ለ ች
እ ው ነ ታ ዎ ች ሽ
ጸ ሎ ት
እ ው ነ ቶ ቻ ች ን
ይ ክ በ ሩ
ጨ ካ ኞ ቹ
ስ ፖ ር ተ ኛ ዎ
ት ው ለ ድ
ት ደ ር ሺ
በ ት ኜ
ነ ግ ደ ህ
ድ ም ፆ ች
እ ና ቶ ቻ ች ሁ
አ ገ ባ ሽ
ት መ ራ ለ ች
እ ን ወ ል ድ
እ ሳ ቶ ች
ገ ቢ ያ ች ሁ
ል ተ ው
ሰ ብ ረ ሀ ል
ጸ ጥ ታ
እ ን ተ ው
ይ ጠ ራ ጠ ሩ
ማ ኅ በ ራ ቸ ው
ው ለ ታ ቸ ው
ቀ ዝ ቃ ዛ ው
አ ባ ሎ ች
ገ ር ፈ ን
እ ና ተ ር ፍ
አ ገ ዳ ዋ
መ ጣ ህ
አ ወ ራ
ስ ብ ሰ ባ ዎ ቹ
ደ ም ስ ሳ
አ ይ ቶ
መ ድ ቡ
ታ ስ ገ ድ ድ
ተ ጠ ግ ቶ
ረ ግ ጠ ሽ
ጠ ባ ቂ ዋ
አ የ ሁ
ው ለ ታ ሽ
ት ያ ዙ
ሀ ኪ ሞ ቹ
መ ሥ መ ሮ ቼ
ላ ሟ
እ ዘ ኑ
ከ ብ ራ ች ሁ
ው ጥ ኖ ች ዎ
ዙ ፋ ኔ
ተ ላ ከ
ታ ወ ራ ለ ህ
ደ ን ባ ች ን
ይ ጠ ቁ
መ ር ያ ች ሁ
ግ ጥ ሚ ዮ ቹ
ት ጠ ጋ
ፕ ሮ ግ ራ ሞ ቹ
ያ ተ ር ፉ
ገ ድ ለ ህ
ተ መ ር ተ ሀ ል
ው ጥ ኖ ች ሽ
እ ን ሩ ጥ
ጠ ባ ቂ ዎ ቼ
እ ና ት
አ ስ ጠ ጣ ህ
ገ ፅ ህ
ም ጡ
ዘ ላ ቂ ዎ ች
ሀ ገ ራ ታ ቸ ው
ት ደ ፈ ራ ለ ህ
ጠ ብ ዎ
ያ ሳ ዝ ና ል
ግ ማ ሾ ች
ዘ ገ ባ ዎ ቿ
ተ ቀ ና ቃ ኞ ቹ
ታ ይ
አ ነ ስ ተ ኛ ዋ
እ ን ስ ት
ዘ ይ ቶ ቻ ች ን
ተ ስ ማ ም ተ ው
አ ሳ ዝ ኚ
አ ይ ታ ች ሁ
ይ መ ድ ቡ
ት ተ ው
ማ መ ል ከ ቻ ዎ ች
በ ቀ ል ኩ
አ ደ ነ ቅ ህ
አ ስ ጠ ጥ ታ ለ ች
ዘ ገ ባ ች ሁ
ያ ያ ሉ
ክ ሊ ኒ ኮ ቹ
መ ስ ዋ ዕ ቱ
እ ም ነ ቶ ቼ
ደ መ ሰ ስ ሽ
ጉ ል በ ቶ ች ሽ
አ መ ቻ ቻ ች ሁ
ተ መ ር ተ ና ል
ማ ሳ ዘ ን
ይ ዋ ጡ
ሆ ድ ህ
ወ ቀ ሶ ቻ ች ሁ
መ ድ ባ ች ሁ
ተ ጠ ግ ቻ ለ ሁ
አ ዞ
ድ ብ ደ ቦ ች ዎ
ሮ ጣ
መ ያ ዝ
መ ዋ ቀ ር
ፈ ረ ሶ ች ሽ
ሳ ተ
ም ግ ባ ሮ ቹ
ቤ ተ ክ ር ስ ቲ ያ ን ህ
ተ ቋ ቁ ሟ ል
አ ዳ ራ ሹ
አ ዋ ር ጃ ለ ሁ
መ ዲ ና ዎ ቹ
ም ግ ባ ሩ
ገ ፃ ቸ ው
ገ ፉ
ት ስ ቱ
ግ ጥ ሚ ያ ች ን
ት ወ ል ዳ ለ ች
ይ መ ሩ
አ ሳ ዝ ና ለ ሁ
ት ወ ል ዳ ላ ች ሁ
ላ ሞ ቹ
ጨ ም ሬ
ግ ጥ ሞ ች ሽ
ተ በ ል ቻ ለ ሁ
ቤ ተ ክ ር ስ ቲ ያ ኖ ቻ ቸ ው
እ ገ ር ፋ ለ ሁ
መ ር ተ ሀ ል
ወ ል ጃ ለ ሁ
ድ ብ ደ ቦ ቹ
ስ ፖ ር ተ ኞ ቻ ች ሁ
ታ ተ ር ፊ ያ ለ ሽ
ተ ጠ ቃ
ጠ ረ ጴ ዛ ዎ ቼ
ሴ ራ ዎ ቻ ች ሁ
መ ራ
ሰ ማ ያ ት
ይ ጠ ጉ
አ ሳ ል ፋ ለ ሁ
ላ ስ መ ጣ
ወ ረ ወ ረ ች
ሀ ገ ሮ ቹ
ት ው ጪ
ዓ ይ ነ ት ዎ
አ ገ ዳ ች ሁ
አ ቅ ሜ
አ ፎ ቻ ች ን
ከ ብ ረ ሻ ል
ሀ ኪ ሙ
ይ ደ መ ስ ሱ
አ መ ራ ሁ
ገ ጿ
ስ ተ ን
ት ደ ም ስ ስ
ኮ ን ን
አ ስ መ ጣ ህ
ኋ ላ ች ን
ስ ፖ ር ተ ኛ ህ
ው ጥ ኗ
ያ ሳ ይ
አ ባ ላ ታ ቸ ው
ጉ ል በ ታ ች ሁ
መ ሥ መ ሮ ቿ
እ ና ስ መ ጣ
ቤ ተ ክ ር ስ ቲ ያ ኖ ች ህ
አ ደ ነ ቀ ች
አ ዝ ነ ሻ ል
ት ዘ ን
አ ግ ብ ታ
ይ ሮ ጣ ሉ
እ ን በ ቅ ላ ለ ን
ሆ ዷ
ተ ከ ታ ት ላ ች ኋ ል
ስ ራ ዋ
መ ሥ መ ሮ ቻ ች ን
መ ላ ዋ
ሀ ኪ ሞ ቹ
አ ወ ክ ን
ዕ ት ሞ ች ዎ
ተ ጠ ን ቅ ቋ ል
ይ ያ ዝ
ይ ላ ክ
ታ ስ ገ ድ ድ
እ መ ዘ ገ ባ ለ ሁ
ሴ ራ ች ን
እ ው ነ ታ ዬ
ጨ ር ቁ
አ ስ ቆ ጥ ቷ ል
ታ ደ ን ቂ
ት ደ ር ሳ ላ ች ሁ
ስ ራ ዎ ቻ ች ሁ
ተ መ ዝ ግ ባ ች ኋ ል
ባ ሪ ዮ ች ሽ
ተ በ ል ተ ና ል
ገ ቢ ዎ ቻ ች ን
ቢ ጫ ው
ጨ ር ቆ ቹ
ወ ሰ ነ
ይ በ ከ ሉ
አ ት ር ፈ ሻ ል
ማ ኅ በ ራ ታ ች ሁ
ታ ሳ ዝ ኑ
ፉ ት ቦ ላ ቸ ው
አ ስ ጠ ጥ ቷ ል
ገ ፍ ተ ህ
ስ ሮ ቻ ች ሁ
ት ዳ ሬ
ተ ጠ ራ ጠ ሪ
ይ ደ ር ሱ
ተ ረ ቶ ቹ
ደ ን ቦ ች ሽ
መ ፈ ፀ ም
አ ው ከ ሀ ል
ኮ ን ነ ህ
ጨ ር ቅ
ተ ደ ፈ ራ ች ሁ
መ ራ ች ሁ
ጩ ኸ ት ሽ
ላ ድ ን ቅ
ያ ስ ጠ ጡ
እ ን ባ ው
አ ፍ ህ
ወ ለ ዳ ች ሁ
ይ ወ ረ ው ራ ሉ
ት ደ ር ሳ ለ ህ
በ ር ዎ
አ ዘ ን ክ
እ ን ብ ላ
ደ መ ሰ ሰ ች
ይ ከ ፈ ል
ተ ይ ዤ
ወ ስ ኖ
ጠ ባ ቂ ዎ ቹ
ማ መ ል ከ ቾ ች ዎ
ያ መ ቻ ቻ ል
እ ሥ ር ሽ
አ ሳ ል ፈ ዋ ል
ዘ ገ ቦ ቿ
ቅ ር ሳ ች ን
ተ ሸ ፍ ኖ
ኮ ን ና ች ኋ ል
አ ሳ ዘ ነ ች
ል ጠ ቃ
ተ ገ ል ጋ ይ
ይ ደ ም ስ ስ
እ ሴ ቶ ቹ
አ መ ቻ ቸ ህ
ው ጥ ን ሽ
እ ሴ ት ህ
መ ሪ ዎ
ም ግ ባ ር
ገ ቢ
ይ ጠ ጉ
እ ን ባ ዋ
አ ት ር ፈ ን
ድ ብ ደ ባ ዎ ቻ ች ሁ
ባ ሪ ዮ ቻ ች ን
እ ም ነ ታ ች ሁ
ፈ ፅ ሚ
ባ ለ ቤ ቶ ቿ
ት ወ ጪ
መ ጠ ራ ጠ ር
ል በ ከ ል
አ ይ ታ ለ ች
ላ ማ ች ሁ
አ ም ራ ቹ
ደ ን ብ ህ
አ መ ራ
ሀ ገ ሮ ች ዎ
በ ት ነ ሀ ል
ማ ስ ጠ ጣ ት
ይ ሞ ከ ር
እ ና ሳ ዝ ና ለ ን
ይ ን ገ ዱ
ይ ወ ል ድ
ው ጣ ች ኋ ል
ስ ፖ ር ተ ኞ ቻ ቸ ው
ገ ደ ለ ች
ይ ከ ብ ሩ
ዕ ት ሞ ቻ ች ን
እ ን ባ ዬ
ገ ቢ ያ ቸ ው
መ ዲ ና
አ መ ቻ ቺ
አ ሳ ይ ተ ዋ ል
ታ ሳ ዝ ን
አ ሳ ል ፍ
ተ በ ላ ሽ
ድ ም ፅ ዎ
ት ው ጣ ላ ች ሁ
ዘ ዴ ያ ች ን
ያ ተ ር ፋ ል
ኮ ን ነ ሀ ል
መ ዲ ኖ ቹ
ዕ ድ ሜ ዬ
ይ ዘ ን
ይ ገ ል ብ ጥ
ት ከ ብ ሪ
ግ ጥ ሜ
ተ ዋ ቀ ረ
ተ ት ተ ን
ሀ ኪ ሜ
እ ያ ዛ ለ ሁ
አ ት ር ፈ ህ
መ ሪ
አ ደ ነ ቃ ች ሁ
ፈ ፀ መ ች
ከ ለ ከ ለ ች
ላ ው ክ
ተ ጠ ቅ ተ ሻ ል
ሀ ገ ራ ቱ
ል ሩ ጥ
አ ቅ ም ዎ
ት ኮ ን ና ላ ች ሁ
አ ስ ገ ድ ድ
እ ባ ብ
ስ ፖ ር ተ ኛ ዎ ቻ ቸ ው
አ ዘ ን ሽ
ድ ብ ደ ባ ሽ
አ ሳ ል ፍ
ቀ ይ ረ ን
ባ ሪ ዮ ቿ
በ ሮ ቿ
ዘ ይ ቶ ቻ ች ሁ
ዘ ዴ ዎ ቻ ች ን
ዘ ገ ቦ ች ህ
ደ ር ሰ ህ
ጠ ቡ
ል ቀ ይ ር
ት መ ድ ቢ ያ ለ ሽ
ግ ፉ
እ ን ከ ታ ተ ል
