в ы с л у ш и в а е ш ь
т щ и в ш и й с я
в ы с л у ш и в а ю т
б у д у т   в ы с л у ш и в а т ь
в ы к и д ы в а ю щ и й
у х н е ш ь
у м е н ь ш и т с я
у м е н ь ш и м с я
у м е н ь ш и в ш и с ь
в ы с л у ш и в а е т
б у д е т   в ы с л у ш и в а т ь
ш в е д ы
к у т а ю щ и й с я
б у д е м   д о т я г и в а т ь с я
м я г к и х   с и л
в ы к и д ы в а ю
о т с у т с т в у ю щ и м
т у ч н е ю щ и й
м я г к и е   с и л ы
б у д е т е   о в л а д е в а т ь
д е н е ш ь с я
б у д е м   в ы к и д ы в а т ь
д о т я г и в а в ш и с ь
б у д е ш ь   с л и в а т ь с я
б у д е ш ь   т у ч н е т ь
б у д е ш ь   е з д и т ь
н а с л ы ш у с ь
б у д е т   д о т я г и в а т ь с я
б у д у т   д о т я г и в а т ь с я
м я г к о й   в л а с т и
б у д е ш ь   т щ и т ь с я
ш в е д е
о т с у т с т в у ю щ у ю
ш в е д о м
м я г к и х   в л а с т я х
б у д е т е   п о д х в а т ы в а т ь
п о д х в а т ы в а ю щ и й
т щ и т ь с я
э м б л е м ы
в ы к и д ы в а е м
д у р и в ш и й
б у д у т   п о д х в а т ы в а т ь
б у д у   п о д х в а т ы в а т ь
д е й с т в и т е л ь н о с т е й
о б у ч а в ш и й
в е с е л и м ы й
з а с и я в ш и й
б у д е м   т у ч н е т ь
э с э с о в ц е м
с в е р ш а в ш и й с я
э с э с о в ц у
б у д е т е   т щ и т ь с я
в ы к и д ы в а в
м я г к о й   в л а с т и
в ы с л у ш и в а л и
н а с л у ш а ю т с я
н е м и н у е м у ю
о в л а д е в а я
д и с т а н ц и е й
с л и в а е т с я
х у д о щ а в ы е
н а м а т ы в а в ш и й
б у д е т е   д о е д а т ь
п о д х в а т ы в а е м ы й
д е н у с ь
б у д е ш ь   п о з и р о в а т ь
б у д у т   в е с е л и т ь
х у д о щ а в ы м
ф и ш к у
б у д е т е   с в е р ш а т ь с я
а к т и в и з и р о в а в ш и й с я
д у р я
х у д о щ а в о м
б л а г о ч е с т и в у ю
р е в о л ю ц и ю
т щ и с ь
з а м а н и в а ю щ и й
п о д д а в ш и й с я
т ё т е н ь к и
д е й с т в и т е л ь н о с т я х
у м е н ь ш и л о с ь
н а м а т ы в а е м ы й
д е т ь с я
у л ь т и м а т у м о м
б у д у т   р а д е т ь
с л у п и ш ь
д о е д а е ш ь
б у д е ш ь   р а с т е к а т ь с я
п о д д а ш ь с я
р а з в а л и в ш и й с я
э м б л е м ы
в ы к и д ы в а л
б о й ц у
д е й с т в и т е л ь н о с т ь
б у д е т   т у ч н е т ь
т у ч н е в ш и й
т ё т е н ь к е
р е в о л ю ц и я х
о в л а д е в а в
б у д е т е   а к т и в и з и р о в а т ь с я
х у д о щ а в о г о
б у д е т е   н а м а т ы в а т ь
б у д у т   д о г о р а т ь
т ё т е н ь к е
с о л ё н о й
э с э с о в ц ы
о в л а д е в а е т е
б у д е ш ь   з а п л е т а т ь
б у ф е т а
т щ и л и с ь
б у д е м   т е р я т ь с я
б у ф е т ы
в о д я н ы е
б у д е ш ь   в р а т ь
о б у ч а ю т
б у д у т   п о з и р о в а т ь
з а с и я ю
и л л ю з о р н у ю
б у ф е т о м
о т р я ж а в ш и й
с о л ё н ы е
т е р я е ш ь с я
б у д е т   л о х м а т и т ь
б у д е т е   р а д е т ь
с о с р е д о т о ч и в а е м ы й
н а с л у ш а й т е с ь
н а р я д и в ш и й
ш в е д а х
д о г о р а в ш и й
а к т и в и з и р у е т с я
б у д е т   с о с р е д о т о ч и в а т ь
д и с т а н ц и ю
с о с л а г а т е л ь н у ю
с о с т а в и т е л е й
п о д х в а т ы в а ю
а ф ф и к с о в
б у д у   о т к а п ы в а т ь
а в т о м а ш и н ы
б у д е м   з а и г р ы в а т ь
з а и г р ы в а в ш и й
у п р а в л е н и я   о г н ё м
д е н ь т е с ь
у ч и т е л ь с к о й
п р и г л я д е в ш и й
а л и ф ы
б у д у т   в о з р а с т а т ь
б у д у   к у т а т ь с я
а к т и в и з и р у е т е с ь
р а з у з н а в а в ш и й
д и с т а н ц и й
с т е л о й
б у д е т е   р а з у з н а в а т ь
с л а в я н с к о й
з а к о ч е н е в ш и й
у х н и
х е р у в и м у
л ю б о п ы т н ы
с л а в я н с к о м у
л ю б о п ы т н ы е
л ю б о п ы т н ы е
с ё р ф и н г о м
б у д у т   р а з у з н а в а т ь
б у с с о л я х
с т у д е н ч е с к и й
б у д е м   з а п л е т а т ь
в о д я н о м
б у д у т   р а с т е к а т ь с я
д о е д а ю
в з и м а й т е с ь
р а с т е к а ю щ и й с я
э м б л е м а
д о х л о м у
б у д у т   з а п л е т а т ь
р е б я ч ь и м
с т у д е н ч е с к о й
с в е р ш а е т с я
а в т о м а ш и н ы
п о н я т л и в у ю
б у д у   р а з у з н а в а т ь
л я р в о й
к в а ш е н ы й
д о е д а е м
р е б я ч ь е г о
с т у д е н ч е с к о м у
к у т а й с я
г а л л и я м и
б л и з л е ж а щ е м у
з а с и я е м
о т н о ш е н и я
в з и м а я с ь
к о м н а т н о й   м у х е
и м п о р т и р о в а в ш и й
д о х л о й
б ю с т г а л ь т е р о в
п о д д а с т с я
г у м а н и с т и ч е с к а я
г а л л и я
м н о г о м и л л и о н н ы й
с о л ё н ы м и
х е р у в и м а
т р а н с с е к с у а л ь н у ю
р у с о ф и л о в
с о с р е д о т о ч и в а ю
з а м а н и в а е ш ь
к в а ш е н
в а х т е н н ы й
о в ц е б ы к и
е з д и м
п р и с о е д и н я в ш и й
а л и ф а
а л и ф ы
в е с е л и л
б л и з л е ж а щ у ю
р а з о з л и в ш и й с я
о х л у п н я м
л ю б о п ы т н ы х
с о л ё н о г о
б л а г о ч е с т и в о й
л ю б о п ы т н ы х
д и с т а н ц и и
с в е р ш а я с ь
б л и з л е ж а щ е й
г а г е
б л а г о ч е с т и в о й
д о е д а в
б л и з л е ж а щ и й
д о х л ы м
б у д е т   р а з у з н а в а т ь
с т у д е н ч е с к и м
ф и ш к е
к с и в у
п о м е щ и ч ь е м у
э р с т е д о в
с л а в я н с к о м
л и б е р а л ь н у ю
е ж е г о д н и к
н а д у м а н н о м у
б у д е т   р а с т е к а т ь с я
о х л у п н е
п о д д а д и т е с ь
л о х м а т и т
л е с о м е л и о р а ц и е й
в о д я н о г о
в з и м а л с я
в е с е л и м
и м п о р т и р у е ш ь
а л и ф
к и н е т и ч е с к о й   э н е р г и и
в о д о л е я х
л а т у н и
