м е щ а н с к о м у
с о с р е д о т о ч и в а л а
л и б е р а л ь н о й
б у д е т е   с в е р ш а т ь с я
п е р в о и с т о ч н и к а х
б л и з л е ж а щ е й
б у с с о л я х
н а д у м а н н ы х
о в л а д е в а е т е
а в т о м а ш и н ы
п у к л я х
в б е ж а в
н е о б р а б о т а н а
з а к о ч е н е е т е
д о е д а е ш ь
п о н я т л и в у ю
м и р я н и н у
ш х е р а х
з а р я ж е н н о г о
а м н е з и и
п е с ч и н к и
л е с о м е л и о р а ц и е й
п а т р и а р х и и
к о м п о з и т о р е
а ф ф и к с а м и
х у д о щ а в ы е
с п о д в и ж н и к и
с о с р е д о т о ч и в а е т
ч ж у а н с к и м
п о м р а ч н е е т е
в о з р а с т а е т
б е с с о н н и ц у
н а д у м а н н а я
п е р в о и с т о ч н и к и
л и з н у л о
х а о с о в
п о с т а н о в о ч н ы е
к о л о н и я м
н а г р о м о з д и л о
с м е р т е л ь н о
б л а г о п р и я т н о й
и с п р а ж н е н и й
г р у з о о т п р а в и т е л ь
з а м а н и в а ю щ и й
д и к т о р ш и
п р о ш л о й
о т н о ш е н и я
т р а н с с е к с у а л ь н о м
п о г о н и
в о з р а с т а й т е
р а с т в о р и м о й
п р и к у п и в ш и й
м е т а л л у р г и ч е с к о е
п о о щ р е н и е м
с в е р ш а я с ь
о б у ч а в ш и й
и л л ю з о р н ы х
ш х е р е
т щ и с ь
б е з о б и д н ы х
о б у ч а ю т
ч л е н и к у
у ч и т е л ь с к о й
ж и т а м и
п о с в я т и л о
д о г о р а ю
б е з о б и д н а
м а д р и г а л о в
т р а н с с е к с у а л ь н у ю
м н о г о м и л л и о н н ы м
п о с л у ш а н и й
п о м е щ и ч ь е й
п р а я з ы к и
к о к а р д а
к р и з и с н а
п е р в о и с т о ч н и к а
б л а г о п р и я т н о е
б а л е т н ы е
п р и к у п и л
б у д у т   р а д е т ь
м а д р и г а л е
и з в е р ж е н и я
б ю д ж е т н и к а х
д и п л о м а т а
з и г з а г и
п о д х в а т ы в а ю щ и й
о п е к е
з а п а д н и к а х
к и н е т и ч е с к и х   э н е р г и й
н е м и н у е м ы х
з а и г р ы в а й
с в о е р у ч н о е
б у д у т   з а п л е т а т ь
к в а ш е н о г о
з а т р я с л а
б у д у т   д о г о р а т ь
г у м а н и с т и ч е с к о м
л и б е р а л ь н о
т у ч н е ю щ и й
г а и ш н и к а
п р о ш л ы м и
з е м л я н о г о   ч е р в я
е ж е г о д н и к
к у р т о ч к и
в р у т
п р о ш л о й
ш х е р а
а в т о м а ш и н ы
с о с л а г а т е л ь н о м у
б у д у т   у с м а т р и в а т ь
л ю к с е
б е з о б и д н о м
а л г е б р а и ч е с к о й
в е с е л и л и
б а л е т н ы х
р а д е й т е
б е з о б и д н о е
б е р е м е н н ы й
л о х м а т ь
б у д е ш ь   р а с т е к а т ь с я
п у с т ы н н о е
р о м а н с ы
б у ф е т ы
в ы с л у ш и в а л и
п о м е щ и ч ь е м
б а л е т н ы х
о б у ч а т ь
к р и з и с н ы м
п о д т я н у л
б л и з л е ж а щ и м
з а и г р ы в а л а
с в е р ш а в ш и й с я
к о м н а т н а я   м у х а
о т р я ж а в ш и й
т у р и с т а м
к у р т о ч к а
л а т у н и
п о о щ р е н и я
с в е р ш а л а с ь
д в е р к и
д и к т о р ш а х
б у д е ш ь   т щ и т ь с я
г р а н ь
ш е р е н г а
б л а г о ч е с т и в о й
л ю б о п ы т н ы х
о т с у т с т в у ю щ и м
з а м а н и в а ю
п р и г л я д е в ш и й
м я г к у ю   в л а с т ь
с л у п и л о
б л и з л е ж а щ е м у
б и с е к с у а л ь н о с т и
б у д у   о т к а п ы в а т ь
в а х т е н н о м
д о г о р а в
б у д е т   л о х м а т и т ь
в р а в
с м е р т е л ь н ы х
п о с к р ё б ш и й
д и с т а н ц и й
п о с п о с о б с т в у е ш ь
б е р е м е н н ы х
р а н е н и е м
г р и м а с а м и
о т р я ж а л о
с л у п и ш ь
д и п л о м а т
п у с т ы н н ы х
м е т а л л у р г и ч е с к о г о
р а с т в о р и м ы
п о г о н е
п о д н е с я
п о м е щ и ч ь е г о
м е т а л л у р г и ч е с к и м
з а р я ж е н н у ю
н е о б р а б о т а н н ы х
л о х м а т и т
с о л ё н ы м и
п о д х в а т ы в а л о
д е т ь с я
п о н я т л и в о е
а м е т и с т а х
и л л ю з о р н о й
б л а г о ч е с т и в о й
н а д у м а н н ы е
б у д е т   т у ч н е т ь
к о м н а т н ы х   т е м п е р а т у р а х
п р е н е б р е ж и т е л ь н о с т и
п р и н ю х а ю с ь
д о г о р а й
р а с т е к а л с я
п е р е х и т р и ш ь
м е т а л л у р г и ч е с к а я
р е б я ч ь и х
н е б о г а т а я
х е р у в и м а м и
в ы к и д ы в а е м
г р а н и ц ы
б е р е м е н н ы м
б у д е т е   н а м а т ы в а т ь
д о х л ы м
с т е л о й
б л а г о п р и я т н ы й
к л я п ы
м е т а л л у р г и ч е с к и й
б у д е т е   п о д х в а т ы в а т ь
а м н е з и я х
т р а н с ф о р м а ц и и
ф р а к и
ш в е д а х
с л у п и л
д о е д а в
в о д о л е й
с в о е р у ч н о е
м н о г о м и л л и о н н о е
н е б е с а х
н а м а т ы в а в ш и й
х р о н о м е т р а
л у ч н и к а
н а д у м а н н о м у
б у д е т   р а с т е к а т ь с я
б а л б е с
п р о с у н у л
г о р и з о н т   с о б ы т и й
п е р е з в о н и л и
в ы с л у ш и в а е т
н а с л ы ш у с ь
м е т а л л у р г и ч е с к и е
э м б л е м а
л и б е р а л ь н о й
п р о н и ц а е м о с т и
п о г о н ю
п а т р у б о к
з е м л я н ы х   ч е р в е й
к о н ц е р н
п е р е з в о н и
к и л ь к а
п о д х в а т ы в а ю
н а с л у ш а й т е с ь
н а с л у ш а ю т с я
п л о д о н о с я
н е п р а в е д н ы х
г у м а н и с т и ч е с к о м у
х е р у в и м у
т о п ч е т е с ь
б о й ц у
к и с л о р о д н у ю
к а р а в а н
л а т у н ь ю
