п о г о н ю
р е б я ч ь е г о
л о с я х
к у л и н а р н ы м
г р и м а с а м
п е р е з в о н и
и м п о т е н т у
п и а р о м
к о м н а т н у ю   т е м п е р а т у р у
к о м н а т н о й   м у х е
з а п а д н и к а х
д о г а д к е
б л а г о п р и я т н о й
з а т р я с л а
с п и ч е ч н ы й
к о м п о з и т о р о м
п о з и р о в а в ш и й
з а р я ж е н н ы х
с п и ч е ч н ы м и
м е т а л л у р г и ч е с к о е
п и н г - п о н г
з а и г р ы в а л а
п р е д с т а в л е н и я
о т р я ж а в ш и й
д у ш е п р и к а з ч и к о в
о с е
б у д е т е   н а м а т ы в а т ь
с п и ч е ч н ы х
н а м а т ы в а л а
л е с о р у б у
б л а г о п р и я т н о й
м н о г о м и л л и о н н ы й
ч ё р н е н ь к о е
а р е о л е
п р о д а ж и
з а л е ж и
в ы с л у ш и в а е ш ь
д в е р к а м
б е р е м е н н ы й
б у д е м   т е р я т ь с я
у п р а в л е н и я   о г н ё м
б е р е м е н н о е
п о н я т л и в о м у
п е р е с е л е н ц е в
г а г е
п о м е щ и ч ь е м
п р и к у п и л
и с п р а ж н е н и и
з а к о ч е н е в ш и й
л е с о р у б а м и
к о л о н и и
п р и к у п и ш ь
и с п р а ж н е н и й
д е м а т е р и а л и з а ц и я
м и р о т в о р ч е с к и м
п р е д с т а в л е н и я х
а к т и в и з и р о в а в ш и й с я
к р а й н о с т и
к и с л о р о д н у ю
б а л б е с е
с ы н и ш к а м
п о н я т л и в у ю
б е р е м е н н ы е
п о с в я т и
в а х т е н н ы й
к а н и с т р
н а м а т ы в а е м ы й
п у к л я м и
к о м н а т н ы х   т е м п е р а т у р а х
п у с т ы н н о й
д о т я г и в а в ш и с ь
д и к т о р ш е
р а д е ю т
в е с е л и м
д и п л о м а т
с в о е р у ч н о е
п о м е щ и ч ь е м
д у р и л и
д и ф р а к ц и я м и
с т е л о й
и л л ю з о р н у ю
п р о ш л о г о
б у ф е т ы
п о н я т л и в о е
н е о б р а б о т а н н у ю
п у с т ы н н ы х
з а и г р ы в а е т е
м и р о т в о р ч е с к у ю
б л а г о ч е с т и в о е
л а т у н ь ю
п о г о н е й
д е м а т е р и а л и з а ц и и
к в а ш е н о г о
к р и з и с н а
п у с т ы н н ы м и
к о м п о з и т о р е
п е р е х и т р ю
с о д е р ж а т е л ь н о м
г о р м о н ы
с в о е р у ч н о е
п о с л у ш а н и й
н е с т а н д а р т н о й
з а п л е т а е т е
г о р м о н а
п о д н е с е ш ь
б л и з л е ж а щ е м у
п р о г р е м и т
с в о е р у ч н о м
н а р у ж н о с т я х
д о х л ы х
д о г о р а в ш и й
н е б о г а т о й
л и б е р а л ь н о й
и л л ю з о р н о й
о м е р з е н и е
г а л л и я
д у ш е п р и к а з ч и к а
з а п л е т а л и
к о о р д и н а т
з а м а н и в а ю щ и й
и л л ю з о р н ы е
п о л ь з о в а т е л я м
к о к а р д у
т ё т е н ь к е
з а м а н и в а я
р а з в ё р с т к а м
к о о р д и н а т е
п р о ш л о й
б е з о б и д н ы е
б у д е ш ь   е з д и т ь
р е ч н ы х
н е п р а в е д н а я
б у д у т   п о з и р о в а т ь
л ю б о п ы т н ы х
д в е р к и
д и с т а н ц и е й
д е м а т е р и а л и з а ц и я х
м а д р и г а л а м и
п о д х в а т ы в а л о
с о с р е д о т о ч и в а л а
н и ч ь и м
б л а г о ч е с т и в о й
п е с ч и н к у
р а з о з л и в ш и й с я
н а д у м а н н ы х
л и б е р а л ь н у ю
к и л ь к у
н е д р а м и
и л л ю з о р н ы м
н а с л у ш а й т е с ь
б л а г о п р и я т н ы й
з а р я ж е н н о е
м е т а л л у р г и ч е с к о г о
ш в е д а х
к у ч е
с л а в я н с к о м
б л а г о ч е с т и в ы е
н е б е с а х
п о д х в а т и в
х р о н о м е т р а
х у д о щ а в о г о
о г у р е ц
х е р у в и м а м и
н а д у м а н н о г о
п е р е с е л е н ц е в
с т е р е о л у п у
п у с т ы н н о й
б и с е к с у а л ь н о с т ь
г у м а н и с т и ч е с к а я
н е о б р а б о т а н н ы х
о б о л о ч к а м
г р а н ь
з и г з а г и
п о д х в а т и л о
р о м а н с о в
б л и з л е ж а щ е й
т р о ц к и с т а
н а г р о м о з д и л
в б е ж а в
в о д о л е й
м е щ а н с к о й
и м п о р т и р о в а в
н а м а т ы в а в ш и й
б е р е м е н н ы м
б у д у   у с м а т р и в а т ь
б ю д ж е т н и к а х
э с э с о в ц ы
х у д о щ а в о м
р а с т в о р и м ы е
п и с а р я м и
д е н е ш ь с я
н а д у м а н н ы м
ф р а к
б у д е т е   д о е д а т ь
р е б я ч ь и м
п о м р а ч н е л а
г р у з о о т п р а в и т е л е м
с ы н и ш к и
н е с т а н д а р т е н
р а с т е к а я с ь
м е щ а н с к и м и
п о д н е с я
н е о б р а б о т а н н о е
н а д у м а н ы
к в а ш е н ы й
б е с с о н н и ц а х
р е б я ч ь и х
з а л е ж е й
э к р а н е
б у д у   к у т а т ь с я
к о м н а т н ы м и   м у х а м и
х е р у в и м а
е з д и м
в е р т и к а л и
о в л а д е в а е т е
с т е р е о л у п е
л е с о м е л и о р а ц и е й
с т у д е н ч е с к и й
с л у п и т ь
д и п л о м а т а м
о т р я ж а л и
ш в е д о м
и з в е р ж е н и я
з а п л е т а в ш и й
с о с р е д о т о ч и в а е м ы й
е з д и л
б у д у т   в о з р а с т а т ь
б е с с о н н и ц у
с о д е р ж а т е л ь н ы й
у м е н ь ш и в ш и с ь
в з и м а я с ь
б у д е т е   о в л а д е в а т ь
к р и з и с н ы х
к у р т о ч к у
п о с т а н о в о ч н о й
с м е р т е л ь н ы е
б у с с о л и
с м е р т е л ь н ы м и
м н о г о м и л л и о н н о е
д е н у с ь
б у д у т   р а з у з н а в а т ь
н е б о г а т о г о
ш в е д е
п р и н ю х а е т е с ь
а к к л и м а т и з а ц и и
ч ж у а н с к о й
е ж е г о д н и к
п р и г л я д е л а
э к р а н о м
л о с ю
г р а н и
л о к т е в ы х
р а с х и т и т е л я м и
л у ч н и к а
м н о г о м и л л и о н н о й
б а л б е с а
б л а г о п р и я т н о м
к л я п ы
о б у ч а т ь
а в т о м а ш и н ы
к о н ц е р н
б у ф е т а
п р о г р е м е л о
р е в о л ю ц и я х
ж е л у д к а
н е о б р а б о т а н н о й
т р а н с с е к с у а л ь н ы е
д в е р к а м и
д о х л о й
п о м е щ и ч ь е г о
т а т е м
п р е с н о м у
н а д у м а н н ы е
п о д д а в ш и й с я
б л и з л е ж а щ е е
м н о г о м и л л и о н н о е
к р о т
к у р т о ч к а
а м н е з и я
а к т и в и з и р у е т е с ь
п р о с у н у л
з а с и я е м
в ы с л у ш и в а ю т
и м п о р т и р о в а в ш и й
р а с т в о р и м о й
п о д н е с л и
р а с т е к а ю щ и й с я
п р а я з ы к
т а т ь
о х л у п н и
п е р в о и с т о ч н и к а х
н е о б р а б о т а н н ы х
т р а н с с е к с у а л ь н у ю
в о д я н о м
б л а г о п р и я т н о е
ф р а к и
н е п р а в е д е н
д и к т о р ш а х
к и с л о р о д н о м
п о м р а ч н е е т е
н а м а т ы в а л
п е р в о и с т о ч н и к а
с е к с а п и л о ч к е
с м е р т е л ь н ы й
п о м р а ч н е й
д о г о р а ю
д о г о р а й
б е з о б и д н о е
м и р я н и н у
б у д е т   д о т я г и в а т ь с я
з а с и я ю
п о с т а н о в о ч н ы м и
а л г е б р а и ч е с к о е
к а р а в а н
н а д у м а н н а я
с т у д е н ч е с к о м
г а г а м
с л и в а е т с я
л ю б о п ы т н о е
п е р е х и т р и т е
с л а в я н с к о й
л о к т е в ы м
с о д е р ж а т е л е н
к в а ш е н о й
с т у д е н ч е с к о м у
э р с т е д о в
з е м л я н о г о   ч е р в я
р е в о л ю ц и ю
т у ч н е ю щ и й
п о м р а ч н е л о
б у д е м   д о т я г и в а т ь с я
р а з в а л и т е с ь
х р о н о м е т р о в
п о д х в а т ы в а ю
а м н е з и й
к р и з и с н ы м
б у д у т   у с м а т р и в а т ь
б у д е т   л о х м а т и т ь
м н о г о м и л л и о н н о г о
ч ж у а н с к и й
р у с о ф и л о в
п р а п о р у
к у ч и
п и с а р я м
к и с л о р о д н о й
б у д е т е   р а д е т ь
п о г о н и
т щ и т ь с я
б у д у   р а з у з н а в а т ь
п р и н ю х а ю с ь
в р а л и
д о г а д к о й
п и а р ы
л ю к с о м
б а л е т н о г о
б л а г о п р и я т е н
у л ь т и м а т у м а м и
б л а г о ч е с т и в о й
к в а р т и р а
п л о д о н о с и
п о н я т л и в о й
р у с о ф и л а м и
с о с т а в и т е л и
н а д у м а н н ы м и
о м р а ч и в
у ч и т е л ь с к о й
с а н а т о р и й
б а л е т н ы х
в ы с л у ш и в а е т
с о с л а г а т е л ь н о е
н е п р а в е д н о е
и з в р а щ е н и я х
с в о е р у ч н а я
м я г к и е   с и л ы
с о д е р ж а т е л ь н ы х
м я г к о й   в л а с т и
к о л о н и я
д о е д а е ш ь
о т п е ч а т к а м
б у д у т   р а с т е к а т ь с я
с в е р ш а л а с ь
б у д у   п о д х в а т ы в а т ь
п о с п о с о б с т в у е м
б о г а т ы р я
а в т о м а ш и н а х
с л у п и л
б у д у т   д о г о р а т ь
с о с л а г а т е л ь н у ю
а к т и в и з и р у е т с я
б л и з л е ж а щ у ю
р а з о з л и т е с ь
о т к а п ы в а в
у р о д е
н а с л у ш а ю т с я
т щ и с ь
б у д е м   в ы к и д ы в а т ь
с в о е р у ч н ы х
г р и м а с а м и
б у д е т е   з а и г р ы в а т ь
о т п е ч а т а й т е
б о г а т ы р е й
г у м а н и с т и ч е с к о м
с е к с а п и л о ч к и
м е т а л л у р г и ч е с к и й
п е р в о и с т о ч н и к и
б е з о б и д н ы х
с о с л а г а т е л ь н о г о
б е з о б и д н о м у
ч л е н и к а м и
у м е н ь ш и м с я
м я г к о й   в л а с т и
п о м р а ч н е л и
н е о б р а б о т а н а
ф р а к
ш х е р а х
р а з р ы в а м
т р а н с ф о р м а ц и я м
т ё т е н ь к и
в ы к и д ы в а в
п р и к у п и в ш и й
п о г о н я м
т р о ц к и с т
б а л б е с
к р и з и с н ы х
т о н и к
и м п о т е н т о в
з а м а н и в а е ш ь
д в е р к у
б у д е т   т у ч н е т ь
б у д е т е   т щ и т ь с я
с ы н и ш к а х
к а р а в а н а м
с о л ё н ы м и
к а т е р и щ а х
н е м и н у е м у ю
ш х е р а
ш х е р ы
т ё т е н ь к е
з а с т и р ы в а л о
б е з о б и д н о м
э р с т е д ы
в о з р а с т а е т
с о с т а в и т е л е й
б е з о б и д н ы м
в е с е л и л
б е с с о н н и ц а м
а в т о м а ш и н ы
с о л ё н о й
о т р я ж а я
у с м а т р и в а л
т у р и с т а м
м и р о т в о р ч е с к о г о
з а и г р ы в а в
б л и з л е ж а щ и й
г о р и з о н т   с о б ы т и й
п е с ч и н к и
л я р в а
н е б о г а т ы
с л у п и л и
д и с т а н ц и ю
н а д у м а н н о й
н е п р а в е д н ы х
у х н и т е
б ю д ж е т н и к е
п о м р а ч н е й т е
о п е к е
л ю к с а
п у с т ы н н о м
б у д у т   в ы с л у ш и в а т ь
з и г з а г а х
п о с т а н о в о ч н ы е
с о с р е д о т о ч и в а л
и л л ю з о р н ы м
б е р е м е н н ы м и
с т е р е о л у п ы
а в т о м а ш и н а
к р а й н о с т и
р о м а н с
о т с у т с т в у ю щ и м
т р а н с с е к с у а л ь н о г о
с о с л а г а т е л ь н о м у
а м н е з и я х
к у т а й с я
п е р е з в о н и л о
и м п о т е н т о в
э м б л е м ы
ф р а к а м и
ф и ш к у
т р о ц к и с т о м
и л л ю з о р н ы
ч л е н и к а
д е й с т в и т е л ь н о с т ь
п р о ш л ы м и
р а с х и т и т е л и
п а т р у б о к
к о м н а т н у ю   м у х у
б л а г о ч е с т и в у ю
п у с т ы н н ы м
б у д е ш ь   з а п л е т а т ь
г о р м о н а м и
к о л о н и я м
о т р я ж а л о
б у л ь д о з е р а м и
м я г к и х   в л а с т я х
п о с т а н о в о ч н ы
л и з н е т е
б у д е ш ь   п о з и р о в а т ь
р е б я ч и й
д у р я
в ы к и д ы в а е м
н е п р а в е д н ы е
н е с т а н д а р т н ы м и
о п е к а
з а с и я в ш и й
ч ж у а н с к а я
б у д е ш ь   с л и в а т ь с я
б а л е т н ы м и
с т у д е н ч е с к и м
х а о с о в
н е о н о в о е
п о н я т л и в а я
б у с с о л я х
б у д у   о т к а п ы в а т ь
м а д р и г а л е
з а т е е м
г о р и з о н т   с о б ы т и й
а н е с т е т и к а
п и а р а х
л о х м а т и т
л а т у н и
п о н я т л и в ы х
к и н е т и ч е с к о й   э н е р г и и
в з и м а ю с ь
и з в р а щ е н и я
о в л а д е в а в
н а д у м а н н о г о
и з в е р ж е н и е
р а с т в о р и м о е
з а с и я т ь
а к к о м о д а ц и ю
р а с т в о р и м ы
л е с о р у б о в
д е й с т в и т е л ь н о с т е й
л ю б о п ы т н ы е
э м б л е м а
с т у д е н ч е с к о й
н а г р о м о з д и л о
п о д н е с и т е
з а р я ж е н н о г о
в о д я н ы е
к у л и н а р н ы х
н а р я д и т
д о е д а е м
д о х и
и м п о р т и р у ю т
к р и з и с н о м
б у д е т е   р а з у з н а в а т ь
с л у п я т
п р е н е б р е ж и т е л ь н о с т я м
т р а н с ф о р м а ц и и
с л у п и л о
и л л ю з о р н ы х
с в е р ш а е т с я
в а х т е н н о м
п о л е й т е с ь
д е т ь с я
н е о б р а б о т а н н ы й
с п и ч е ч н ы е
п о з и р у е ш ь
о м е р з е н и е
о б л о к о т и л о с ь
а м н е з и и
о п е к и
р о м а н с ы
п о д х в а т ы в а е м ы й
б а л е т н ы е
п о о щ р е н и е м
р а з у з н а в а л
к о н ц е р н у
в л о ж и л
п о с в я т и т е
г и п о т е н у з о й
в и х р у
п р а я з ы к а м
п о м е щ и ч ь е й
п р и с о е д и н я в ш и й
з а с т и р ы в а е м
б у д е т   р а с т е к а т ь с я
в а х т е н н о й
о х л у п н я м
г а и ш н и к а
п о н я т л и в ы м
м а д р и г а л о в
с л а в я н с к о м
б у д е м   з а и г р ы в а т ь
д у р и в ш и й
з а р я ж е н н у ю
л а т у н и
р а н е н и я м
м о р с ы
а л и ф ы
н е с т а н д а р т н ы х
н е п р а в е д н ы й
ж и т о
о б у ч а ю т
п р о д а ж и
у р о д о м
п о с к р е б л а
в а х т е н н о е
б у д е ш ь   т щ и т ь с я
р а с х и т и т е л ь
а ф ф и к с а м и
к в а ш е н о м у
п о д н ё с
з и г з а г а м
д о х л о м у
к и л ь к а м и
н е с т а н д а р т н о м
к р о т а
с п о д в и ж н и к а м
п а т р у б к и
б у д у т   з а п л е т а т ь
а р е о л а м и
с л у п и ш ь
т р а н с с е к с у а л ь н о м
т о н и к а м
п о д х в а т ы в а ю щ и й
н а д у м а н н о м у
м а н д о л и н у
э м б л е м ы
д у р и
к р и з и с н о
с о л ё н ы е
р а с т в о р и м о й
д в е р к е
с в е р ш а в ш и й с я
в о д я н о г о
и л л ю з о р н о е
д о х л о м
г а и ш н и к а
с о с т а в и т е л я х
б у д е т   р а з у з н а в а т ь
з а и г р ы в а л о
н а г р о м о з д и м
п о д д а с т с я
п е р е з в о н и т е
с п и ч е ч н о й
с в е р ш а я с ь
р а с т е к а л с я
х у д о щ а в ы м
н е б о г а т о
к у л и н а р н о й
ч ж у а н с к и м
к и л ь к а
п у с т ы н н ы х
ш в е д ы
п о л ь ю с ь
м я г к у ю   в л а с т ь
п р а я з ы к и
н е п р а в е д н о й
р а з в а л и в ш и й с я
п р е н е б р е ж и т е л ь н о с т и
с о л ё н о г о
л и з н у т ь
б ю с т г а л ь т е р о в
м а с т е р   н а   в с е   р у к и
о в л а д е в а я
д о е д а в
б у д е т е   а к т и в и з и р о в а т ь с я
о с ь м и н о г е
п е с ч и н к е
п о м е щ и ч ь е м у
с о д е р ж а т е л ь н о й
з а п л е т а л а
в р у т
в а х т е н н о й
з а л е ж а м и
о т в е р г н у т ь
г а и ш н и к а м и
д и п л о м а т о в
т р а н с с е к с у а л ь н о й
в е с е л и м ы й
с ё р ф и н г о м
п р о с у н у в
с о д е р ж а т е л ь н ы м
п р о с у н ь
п р и г л я д е в ш и й
с л а в я н с к о м у
с л а в я н с к о е
п о д н е с и
а н е с т е т и к
к с и в о й
п е р е х и т р и л а
н а д у м а н н о м у
к и с л о р о д н ы е
у м е н ь ш и л о с ь
с о с р е д о т о ч и в а й т е
т о п ч е т е с ь
б у д е т е   п о д х в а т ы в а т ь
о х л у п н ю
б у д е м   т у ч н е т ь
б е р е м е н е н
н а д у м а н н о м у
х е р у в и м у
з а и г р ы в а й
т е р я л и с ь
р а з б и р а т е л ь с т в о м
л о х м а т ь
к и н е т и ч е с к и х   э н е р г и й
л ю б о п ы т н ы х
в з и м а л с я
н е о н о в о е
б у д у т   д о т я г и в а т ь с я
к о к а р д а
а л и ф ы
п у с т ы н н о е
в е с е л и л и
а л и ф а
и м п о р т и р у е ш ь
к и п р и о т к о й
о т в е р г н е т
м е т а л л у р г и ч е с к и й
з а р я ж е н н ы м
в р у
в л о ж и л и
н е п р а в е д н о м
с в о е р у ч н ы
т о п т а л и с ь
к о м н а т н а я   м у х а
у х н е ш ь
к л я п ы
л и б е р а л ь н ы м
д у ш е п р и к а з ч и к
з а п л е т а в
с о с л а г а т е л ь н о г о
г у м а н и с т и ч е с к о й
у х н и
н а д у м а н н о м
м я г к и х   с и л
о т п е ч а т к а
м е т а л л у р г и ч е с к а я
к у р т о ч к а х
т а т я
и з в е р ж е н и я м
т щ и в ш и й с я
с а н а т о р и и
б у с с о л и
д е н ь т е с ь
у л ь т и м а т у м о м
ш е р е н г а
