п о г о н ю
р е б я ч ь е г о
л о с я х
к у л и н а р н ы м
м е т а л л у р г и ч е с к и е
г р и м а с а м
п е р е з в о н и
к а р а в а н о в
и м п о т е н т у
п о с т а н о в о ч н а я
п и а р о м
з а п а д н и к а х
д о г а д к е
б л а г о п р и я т н о й
з а т р я с л а
с п и ч е ч н ы й
в р а в
п р и к у п и т ь
к о м п о з и т о р о м
п о з и р о в а в ш и й
з а р я ж е н н ы х
г р а н и ц ы
с п и ч е ч н ы м и
м е т а л л у р г и ч е с к о е
б о г а т ы р я х
п и н г - п о н г
з а и г р ы в а л а
к о н ц е р н о м
к у л и н а р н о
о т н о ш е н и я
з а в е р н и т е
п р е д с т а в л е н и я
о т р я ж а в ш и й
п е р е з в о н ю
с п и ч е ч н ы х
н а м а т ы в а л а
л е с о р у б у
б л а г о п р и я т н о й
м н о г о м и л л и о н н ы й
ч ё р н е н ь к о е
а р е о л е
п р о д а ж и
з а л е ж и
р а с т в о р и м
в ы с л у ш и в а е ш ь
д в е р к а м
б е р е м е н н ы й
б е р е м е н н о е
п о н я т л и в о м у
б о й ц у
с п о д в и ж н и к а
г а г е
б у ф е т о м
п о м е щ и ч ь е м
п р и к у п и л
и с п р а ж н е н и и
п л о д о н о с и т е
п у с т ы н н о е
з а к о ч е н е в ш и й
л е с о р у б а м и
к о л о н и и
п р и к у п и ш ь
и с п р а ж н е н и й
м е т а л л у р г и ч е с к и х
д е м а т е р и а л и з а ц и я
м и р о т в о р ч е с к и м
ж и т а м и
п р е д с т а в л е н и я х
м е т а л л у р г и ч е с к и м
а к т и в и з и р о в а в ш и й с я
т у р и с т а х
к р а й н о с т и
п о д т я н у л
к и с л о р о д н у ю
р а з б и р а т е л ь с т в а м
б а л б е с е
с ы н и ш к а м
р а з р ы в о в
п о н я т л и в у ю
б е р е м е н н ы е
п о с в я т и
в а х т е н н ы й
к а н и с т р
н а м а т ы в а е м ы й
о т к а п ы в а я
п у к л я м и
п о м е щ и ч ь е й
п у с т ы н н о й
о т с у т с т в у ю щ у ю
д о т я г и в а в ш и с ь
д и к т о р ш е
м и р о т в о р ч е с к и х
р а д е ю т
в е с е л и м
с в о е р у ч н о е
б о й ц а х
п о м е щ и ч ь е м
д и к т о р ш и
д у р и л и
д и ф р а к ц и я м и
с т е л о й
и л л ю з о р н у ю
п р о ш л о г о
в ы к и д ы в а л
б у ф е т ы
п о н я т л и в о е
н е о б р а б о т а н н у ю
п у с т ы н н ы х
з а и г р ы в а е т е
м и р о т в о р ч е с к у ю
б л а г о ч е с т и в о е
п о г о н е
п о г о н е й
д е м а т е р и а л и з а ц и и
к в а ш е н о г о
п о с п о с о б с т в у е ш ь
к р и з и с н а
п у с т ы н н ы м и
к о м п о з и т о р е
п е р е х и т р ю
с о р в у т
п р и г л я д е л и
с о д е р ж а т е л ь н о м
г о р м о н ы
с в о е р у ч н о е
п о д д а д и т е с ь
п о с л у ш а н и й
н е с т а н д а р т н о й
з а п л е т а е т е
г о р м о н а
п о д н е с е ш ь
б л и з л е ж а щ е м у
п р о г р е м и т
с в о е р у ч н о м
н а р у ж н о с т я х
д о х л ы х
д о г о р а в ш и й
н е б о г а т о й
л и б е р а л ь н о й
и л л ю з о р н о й
п у к л я х
о м е р з е н и е
г а л л и я
з а п л е т а л и
к о о р д и н а т
з а м а н и в а ю щ и й
и л л ю з о р н ы е
п о л ь з о в а т е л я м
к о к а р д у
т ё т е н ь к е
з а м а н и в а я
р а з в ё р с т к а м
к о о р д и н а т е
п р о ш л о й
б е з о б и д н ы е
р е ч н ы х
н е п р а в е д н а я
л ю б о п ы т н ы х
д в е р к и
д и с т а н ц и е й
д е м а т е р и а л и з а ц и я х
м а д р и г а л а м и
п о д х в а т ы в а л о
с о с р е д о т о ч и в а л а
н и ч ь и м
б л а г о ч е с т и в о й
б ю с т г а л ь т е р у
п е с ч и н к у
р а з о з л и в ш и й с я
н а д у м а н н ы х
л и б е р а л ь н у ю
к и л ь к у
н е д р а м и
и л л ю з о р н ы м
а м н е з и и
о в ц е б ы к и
н а с л у ш а й т е с ь
б л а г о п р и я т н ы й
з а р я ж е н н о е
м е т а л л у р г и ч е с к о г о
ш в е д а х
к у ч е
у м е н ь ш и т с я
с л а в я н с к о м
р а с т в о р и м о г о
б л а г о ч е с т и в ы е
б л а г о п р и я т н ы х
п о д х в а т и в
н е п р а в е д н о й
х р о н о м е т р ы
п е р е х и т р я т
х р о н о м е т р а
х у д о щ а в о г о
п о с т а н о в о ч н ы х
х е р у в и м а м и
л о к т е в о й
л и з н у л о
б е з о б и д н о г о
с т е р е о л у п у
п у с т ы н н о й
б и с е к с у а л ь н о с т ь
г у м а н и с т и ч е с к а я
н е о б р а б о т а н н ы х
о б о л о ч к а м
г р а н ь
з и г з а г и
п о д х в а т и л о
р о м а н с о в
б л и з л е ж а щ е й
т р о ц к и с т а
п а т р и а р х и и
п е р е х и т р и л и
н а г р о м о з д и л
в б е ж а в
в о д о л е й
м е щ а н с к о й
и м п о р т и р о в а в
л ю к с е
н а м а т ы в а в ш и й
б е р е м е н н ы м
б ю д ж е т н и к а х
э с э с о в ц ы
х у д о щ а в о м
р а с т в о р и м ы е
п и с а р я м и
д е н е ш ь с я
т у ч н е в ш и й
ф р а к
с о р в а л а
р е б я ч ь и м
п о м р а ч н е л а
г р у з о о т п р а в и т е л е м
с ы н и ш к и
н е с т а н д а р т е н
р а с т е к а я с ь
м е щ а н с к и м и
н е о б р а б о т а н н о е
п л о д о н о с я
к в а ш е н ы й
б е с с о н н и ц а х
р е б я ч ь и х
з а л е ж е й
э к р а н е
г р а н и ц ы
с л а в я н с к и х
х е р у в и м а
е з д и м
в е р т и к а л и
о в л а д е в а е т е
с т е р е о л у п е
