р е б я ч ь и м
б у ф е т е
о х л у п н е й
у л ы б о ч к а х
б у д е т е   т е р я т ь с я
с е к с а п и л о ч к а х
п а т р у б к у
з а в е р н у л
а н е с т е т и к и
б у л ь д о з е р о м
с в о е р у ч н о й
г р а н ь ю
ч ж у а н с к о е
к о н ц е р н о в
к о н ю х а м
п р а я з ы к
п р и г л я д е в
в ы с т а в ь т е
с о л ё н ы х
г у м а н и с т и ч е с к у ю
з а п л е т а я
в б е г и т е
п р и н ю х а л с я
п о м е щ и ч и й
с ё р ф и н г а
б у д у   т щ и т ь с я
б у д у т   с в е р ш а т ь с я
п р о г о в о р и в ш и й
к и с л о р о д н ы м
к у л и н а р н о е
д о т я г и в а ю щ и й с я
п о н я т л и в ы
к р и з и с н ы
в и х о р
з а т р я с ш и й
в а х т е н н о г о
п р и з в у к и
ф л ю и д о м
р е ч н о г о
п е с ч и н к а м и
з а р я ж е н н о г о
т у ч н е е т
э с э с о в ц а м и
т р а н с с е к с у а л ь н о е
в е с е л и л о
а к к л и м а т и з а ц и я м и
г а и ш н и к и
л и б е р а л ь н о г о
л ю б о п ы т е н
л е с о р у б
г р у з о о т п р а в и т е л я х
о в л а д е в а л
п р е д с т а в л е н и е
п а т р и а р х и й
п о с л у ш а н и е м
к и с л о р о д н о е
в б е ж а л
б у д е т е   в з и м а т ь с я
н е с т а н д а р т н а
с ы н и ш к а м и
п л о д о н о с и л и
д у р я щ и й
н е д р а х
п а т р и а р х и я х
н е б о г а т о е
г р и м а с а х
н е п р а в е д н ы х
в о з р а с т а е ш ь
с о л о н о
к в а ш е н ы м и
п о д х в а т и т е
б л и з л е ж а щ е м
з а в е р н е ш ь
р а з в ё р с т к и
ш е р е н г е
к у р т о ч е к
о с ь м и н о г у
р е в о л ю ц и е й
с л а в я н с к и й
д и к т о р ш и
с т у д е н ч е с к о й
а л г е б р а и ч е с к о й
и з в р а щ е н и я
у р о д о в
ш х е р ы
с о р в е т
д о е д а л а
р а н е н и я
в ы с л у ш и в а е м ы й
п е р е с е л е н ц у
б у д е т е   в р а т ь
с к а з а н и я
в а х т е н н о м
з а т е я т ь
с п о д в и ж н и к о м
с т о р о н н и к у
п о л ь з о в а т е л е й
у м е н ь ш и л а с ь
т р а н с с е к с у а л ь н ы й
п е п е л ь н и ц а
д и к т о р ш а
к и н е т и ч е с к и е   э н е р г и и
д и ф р а к ц и й
т о н и к
н а г р о м о з д и т
п о с п о с о б с т в о в а т ь
у л ь т и м а т у м а м
н е д р а м
л ю к с а м
д у б и н к е
о т с у т с т в у ю щ и м
з а к о ч е н е е ш ь
в ы к и д ы в а й
х у д о щ а в а
п р а я з ы к о в
п е р е х и т р и т
п о д х в а ч е н н ы й
о в ц е б ы к
р а с т в о р и м ы е
г и п о т е н у з ы
н а г р о м о з д и ш ь
к а т е р и щ е
а л г е б р а и ч е с к у ю
т о н и к е
с в о е р у ч н ы й
г а л л и ю
б у д е т   е з д и т ь
а в т о м а ш и н
в в е р и л и
б л и з л е ж а щ е м
а м е т и с т
п о л ь з о в а т е л е й
к о м н а т н ы м   т е м п е р а т у р а м
в ы с т а в л ю
н е о б р а б о т а н н о й
р а з у з н а ё т
а ф ф и к с
н а с л у ш а ю с ь
о т с у т с т в у ю щ е м у
к о н ю х а х
в а х т е н н о м у
с п и ч е ч н о г о
з а р я ж е н н о е
б л а г о п р и я т н о м у
л о х м а т и т е
п р о д а ж а х
н а г р о м о з д и т е
р а д е л о
к в а ш е н а
п о с к р ё б ш и
м н о г о м и л л и о н н о м у
м н о г о м и л л и о н н ы м и
о п е к
н е б о г а т о м у
г р у з о о т п р а в и т е л я м
а л и ф о в
л о х м а т ь т е
д у ш е п р и к а з ч и к а м и
б а л б е с о в
н а д у м а н н ы х
е з д я т
б у д е м   т о п т а т ь с я
р е ч н ы м
п и с а р ь
р е б я ч ь и х
б е з о б и д н ы й
в з и м а е м с я
л ю к с
з а м а н и в а в ш и й
д и п л о м а т о в
а м е т и с т а
н а с л ы ш а т с я
б у д е т   в з и м а т ь с я
в е р т и к а л ь
б л а г о ч е с т и в о м
п е р е з в о н и т е
б у д е т   о б у ч а т ь
а к т и в и з и р у й с я
к и н е т и ч е с к а я   э н е р г и я
е д и н о д у ш е н
д е й с т в и т е л ь н о с т и
н а р у ж н о с т я м
в о д я н ы х
д о х л ы м
п р о с у н у
н е о н о в а я
н е о н о в ы м
з а и г р ы в а й т е
л и з н у л
с о л ё н о е
т р а н с ф о р м а ц и и
д е м а т е р и а л и з а ц и и
к о к а р д о й
р а з в а л и м с я
с о р в а н н ы й
а л г е б р а и ч е с к о г о
о м е р з е н и я
м е т а л л у р г и ч е с к о й
б е р е м е н н у ю
х у д о щ а в о й
г о р м о н
в е с е л я щ и й
б е р е м е н н ы м
г р и м а с о й
т е р я е т е с ь
в е р т и к а л я х
д о т я г и в а й с я
у л ы б о ч к а м и
ч л е н и к о м
з а п л е т а ю т
н а м а т ы в а й т е
д у б и н о к
с т у д е н ч е с к о м у
о в ц е б ы к а м
н а р я д и т е
п е л ё н
т р а н с с е к с у а л ь н о м у
с в о е р у ч н о м у
п р а п о р о в
о м р а ч и в ш и й
в ы к и д ы в а л а
э с э с о в ц е
м е щ а н с к и й
б у д у   е з д и т ь
о м е р з е н и е м
ф р а к о м
ч ё р н е н ь к о м
в ы к и д ы в а л о
б л а г о ч е с т и в а я
ч л е н и к а х
з а в е р н у л о
л ю б о п ы т н о г о
н е о н о в ы м и
н е о б р а б о т а н н а я
д о х л ы х
н е с т а н д а р т н ы
ч л е н и к е
р а з о з л и м с я
к о н ц е р н а
н е м и н у е м о м
д о т я г и в а л с я
л я р в а м
з а к о ч е н е в
э х о л а л и я м
б у д у   о т р я ж а т ь
г и п о т е н у з а х
а н е с т е т и к а м
д у р и в
о б у ч а я
п о с к р е б е т
з а с и я е м
р а д е й т е
т о н и к а м
д о г о р а в
с о л ё н о й
в е с е л и л
р о м а н с ы
р у с о ф и л
б у ф е т о м
б а л б е с е
р е б я ч и й
г о р м о н ы
к у т а й с я
г р а н и ц у
д о г о р а й
п о з и р у й
ч л е н и к а
г о р м о н а
э м б л е м ы
т щ и л и с ь
п и с а р я м
г р а н и ц ы
к о к а р д а
м и р я н а м
п р а я з ы к
д о г о р а ю
к а н и с т р
с ы н и ш к и
ч л е н и к у
в о д я н о м
о г у р ц о м
к о к а р д у
д в е р к а м
з а р я ж е н
с о р в у т
п о д н е с и
с о р в а л а
м а л ы ш к е
п о д н ё с
ш е р е н г а
п р а п о р у
д о г а д к е
н а р я д и л
о т р я ж а я
п р е с н ы й
п р о ш л о й
п р о ш л о й
ф р а к а м и
о м р а ч и в
в е с е л и м
н а р я д и т
д о е д а в
н е д р а м и
э к р а н о в
л и з н и т е
б а л б е с а
э к р а н о м
г р а н и
э р с т е д ы
ж е л у д к а
г р и м а с
и м п о т е н т
г р а н и ц ы
к р и з и с н о
х е р у в и м а
к о л о н и я м
н е о н о в о е
в о д я н ы е
в о д о л е я х
н е о н о в о е
р е б я ч ь и м
б а л е т н ы е
б у с с о л я х
д о е д а е ш ь
з а п л е т а в
в л о ж и л и
д о х л о м у
з и г з а г а м
л о к т е в ы м
о в ц е б ы к и
а м н е з и я х
о х л у п н я м
х е р у в и м у
г а л л и я м и
в з и м а л с я
н е о н о в ы м
д у р и в ш и й
б е з о б и д н а
ж и т а м и
а ф ф и к с о в
л о к т е в о й
р а з р ы в о в
л о к т е в ы х
п о д т я н у л
р е б я ч ь и х
б а л е т н о м
п е с ч и н к е
с п и ч е ч н ы е
о б у ч а ю т
р о м а н с о в
р а н е н и я м
к а р а в а н
б а л е т н о м
р а н е н и е м
т р о ц к и с т
п о с в я т и л о
о т п е ч а т к а
к в а ш е н ы й
з и г з а г а х
б а л е т н ы х
д о е д а е м
б а л е т н ы х
л о х м а т и т
о т к а п ы в а я
с ы н и ш к а м
т ё т е н ь к и
р а с т в о р и м
г р и м а с а м
д о г а д к о й
к у р т о ч к а
к в а ш е н о й
п у с т ы н н ы м
с ы н и ш к а х
п и с а р я м и
с о л ё н о г о
п р а я з ы к и
к у р т о ч к у
к о н ц е р н у
в о д я н о г о
т у р и с т а м
з а л е ж а м и
т у р и с т а х
д в е р к а м и
с а н а т о р и и
б е р е м е н н о
п у с т ы н н о е
п е с ч и н к у
п у с т ы н н о е
в з и м а я с ь
п р и к у п и л
л е с о р у б у
н е б о г а т о
п у с т ы н н о й
п у с т ы н н о м
к в а р т и р а
п у с т ы н н о й
д е н ь т е с ь
п р е с н о м у
т е р я л и с ь
о т р я ж а ю т
о т р я ж а л и
о т р я ж а л о
к р и з и с н а
п р о с у н у л
п р о с у н у в
р а з р ы в а м
б о г а т ы р я
п р о ш л ы м и
п р о ш л о г о
г а и ш н и к а
т ё т е н ь к е
о м р а ч и л и
з а т р я с л а
б о г а т ы р е й
т ё т е н ь к е
э с э с о в ц у
д и к т о р ш е
э р с т е д о в
э с э с о в ц ы
п е с ч и н к и
к у р т о ч к и
о в л а д е в а я
в ы к и д ы в а ю
в е с е л и л и
п р о д а ж и
н е б о г а т а я
в ы к и д ы в а в
о в л а д е в а в
х у д о щ а в ы е
о т к а п ы в а в
д е н е ш ь с я
л ю б о п ы т н ы
п л о д о н о с и
з а м а н и в а ю
б о г а т ы р я х
д и с т а н ц и ю
н е б о г а т ы
з а п л е т а л а
з а м а н и в а я
з а п л е т а л и
з а п л е т а е м
в ы к и д ы в а л
т у ч н е ю щ и й
л о к т е в о м у
о т н о ш е н и я
х у д о щ а в ы м
в а х т е н н о й
д и с т а н ц и й
ч ж у а н с к а я
ч ж у а н с к и м
ч ж у а н с к и м
в а х т е н н о е
м е щ а н с к о й
м а н д о л и н у
в а х т е н н о й
д и с т а н ц и и
ч ж у а н с к о й
с л и в а е т с я
ч ж у а н с к о й
п о д х в а т и в
п о с в я т и т е
ч ж у а н с к и й
с п и ч е ч н о й
г о р м о н а м и
н а м а т ы в а л
с п и ч е ч н о й
а р е о л а м и
в а х т е н н ы й
т щ и в ш и й с я
х у д о щ а в о м
э с э с о в ц е м
п у с т ы н н ы х
д и к т о р ш а х
п у с т ы н н ы х
и м п о т е н т у
о т п е ч а т к а м
с п и ч е ч н ы й
н е б о г а т о й
и м п о т е н т а
б а л е т н ы м и
л и б е р а л ь н о
р е в о л ю ц и ю
р у с о ф и л о в
с а н а т о р и й
р е б я ч ь е г о
т р о ц к и с т а
к у л и н а р н о
а м е т и с т а х
с п и ч е ч н ы х
п о з и р у ю т
к и л ь к а м и
л о к т е в о г о
ч л е н и к а м и
о с ь м и н о г е
г р и м а с а м и
с о л ё н ы м и
м е щ а н с к о м
к у р т о ч к а х
к о к а р д а м и
о б о л о ч к а м
т о п т а л и с ь
п о з и р у е ш ь
к а т е р и щ а м
б а л е т н о г о
п р а я з ы к а м
с в о е р у ч н ы
п е р е з в о н и
с в е р ш а я с ь
к а т е р и щ а х
и л л ю з о р н ы
к о н ц е р н а х
п е с ч и н к о й
п р и к у п и ш ь
а н е с т е т и к а
к о н ц е р н о м
р а з у з н а в а л
р а с т е к а л с я
п р и к у п и т ь
п р о г р е м и т
п о н я т л и в ы х
т е р я е ш ь с я
о т в е р г н е т
р а с т в о р и м ы
к а р а в а н о в
п о м р а ч н е й
с ё р ф и н г о м
к а р а в а н а м
к р и з и с н ы м
к р и з и с н ы х
к р и з и с н ы х
к р и з и с н о м
н а с л ы ш у с ь
к в а ш е н о г о
к р а й н о с т и
к р а й н о с т и
в е р т и к а л и
к о о р д и н а т
в е с е л и м ы й
м а д р и г а л е
м и р я н и н у
о м е р з е н и е
о м е р з е н и е
д и п л о м а т а
а н е с т е т и к
п о о щ р е н и я
п о д н е с е ш ь
п о д н е с и т е
п и н г - п о н г
в з и м а ю с ь
п р о г о в о р ю
л е с о р у б о в
п л о д о н о с я
в ы к и д ы в а е м
а в т о м а ш и н ы
б е з о б и д н о е
а в т о м а ш и н а
н а м а т ы в а л а
б е з о б и д н ы е
з а п л е т а е т е
н е м и н у е м у ю
л ю б о п ы т н ы е
б ю д ж е т н и к е
л ю б о п ы т н ы е
д и п л о м а т а м
с а н а т о р и е м
л ю б о п ы т н о е
а ф ф и к с а м и
б е з о б и д н ы м
п е п е л ь н и ц ы
к у т а ю щ и й с я
б е с с о н н и ц у
у х н е ш ь
к в а ш е н о м у
б е з о б и д н ы х
р у с о ф и л а м и
п о м е щ и ч ь е й
п о м е щ и ч ь е й
п о д х в а т и л о
п о м е щ и ч ь е м
п о м е щ и ч ь е м
з а и г р ы в а й
п о н я т л и в а я
с л а в я н с к о й
з а с и я в ш и й
б е р е м е н н ы й
п о н я т л и в о й
п о н я т л и в ы м
л ю б о п ы т н ы х
п о н я т л и в о е
б е р е м е н н ы м
х е р у в и м а м и
б е р е м е н н ы х
л ю б о п ы т н ы х
з а р я ж е н н о е
б е р е м е н н ы е
з а и г р ы в а в
с п и ч е ч н ы м и
п о м е щ и ч ь е м у
р а с х и т и т е л ь
б е р е м е н н о е
т р о ц к и с т о м
о т п е ч а т а й т е
к у л и н а р н ы х
к у л и н а р н ы х
к у л и н а р н о й
к у л и н а р н о й
к у л и н а р н о е
к у л и н а р н ы м
н а д у м а н н ы м
и м п о т е н т о в
п у с т ы н н ы м и
к у л и н а р н а я
п о с к р е б л а
д о г о р а в ш и й
р е в о л ю ц и я х
с л а в я н с к о е
с л а в я н с к и х
р а с т е к а я с ь
п о с л у ш а н и я
с т е р е о л у п у
с т е р е о л у п ы
д и п л о м а т о м
б е з о б и д н о м
с т е р е о л у п е
з а р я ж е н н ы х
и л л ю з о р н о й
з а р я ж е н н ы м
и л л ю з о р н о й
с в о е р у ч н а я
и л л ю з о р н ы х
с л а в я н с к о м
и л л ю з о р н ы е
и л л ю з о р н у ю
и л л ю з о р н о е
с м е р т е л ь н о
и л л ю з о р н ы м
и л л ю з о р н ы м
с в о е р у ч н о м
с в о е р у ч н о е
с в о е р у ч н о е
с в е р ш а л а с ь
с в о е р у ч н ы х
з а п а д н и к а х
с в е р ш а е т с я
п о с л у ш а н и й
к и с л о р о д н у ю
с л а в я н с к о м
у с м а т р и в а л
в з и м а й т е с ь
н а д у м а н н о м
п р и г л я д и т е
о т р я ж а в ш и й
п р и г л я д е л и
л е с о р у б а м и
п р и г л я д е л а
п о м р а ч н е л а
п о м р а ч н е л и
п о м р а ч н е л о
в о з р а с т а е т
п л о д о н о с и т е
н а р я д и в ш и й
х у д о щ а в о г о
в а х т е н н о г о
н е б о г а т о г о
н е п р а в е д е н
к и п р и о т к о й
к о о р д и н а т е
и з в е р ж е н и я
к о м п о з и т о р е
п а т р и а р х и и
п а т р и а р х и и
п о с к р ё б ш и й
м а д р и г а л о в
м е щ а н с к и м и
ч ё р н е н ь к о е
а в т о м а ш и н ы
р а з в ё р с т к е
и з в е р ж е н и е
х р о н о м е т р ы
у м е н ь ш и т с я
п е р е х и т р я т
и з в р а щ е н и я
п о о щ р е н и е м
з а к о ч е н е е т е
т у ч н е в ш и й
п о д н е с л и
о б у ч а в ш и й
в ы с л у ш и в а ю т
о в л а д е в а е т е
в ы с л у ш и в а е т
м е щ а н с к о м у
б л и з л е ж а щ и й
б л и з л е ж а щ е е
б е з о б и д н о м у
б л и з л е ж а щ и м
р а с т в о р и м о й
п о н я т л и в у ю
р а с т в о р и м о е
с п о д в и ж н и к и
з а м а н и в а е ш ь
с п о д в и ж н и к а
в ы с л у ш и в а л и
р а с т в о р и м ы х
а в т о м а ш и н а х
н а д у м а н н о м у
п о д х в а т ы в а ю
з а р я ж е н н у ю
б л и з л е ж а щ е й
р а с т в о р и м ы е
н е м и н у е м ы х
г а и ш н и к а м и
к и с л о р о д н ы е
х р о н о м е т р а
н а д у м а н н о й
к и с л о р о д н о й
б е с с о н н и ц а х
п о н я т л и в о м у
б ю д ж е т н и к а х
л и б е р а л ь н у ю
л и б е р а л ь н о й
п о д д а в ш и й с я
л и б е р а л ь н ы м
л и б е р а л ь н ы м
р а с т е к а е т с я
л и б е р а л ь н о й
б е с с о н н и ц а м
р а с т в о р и м о й
з а с т и р ы в а е м
р а з о з л и т е с ь
к и с л о р о д н о м
з а и г р ы в а л а
п е р е з в о н и л и
п о м е щ и ч ь е г о
н а р у ж н о с т я х
з а и г р ы в а л о
п е р е з в о н и л о
н а с л у ш а ю т с я
у м е н ь ш и л о с ь
л ю б о п ы т н о г о
б е з о б и д н о г о
п р и с о е д и н я й
п р и к у п и в ш и й
с м е р т е л ь н ы е
п е р е з в о н и т е
с м е р т е л ь н ы х
р а з в а л и т е с ь
п р о д а ж и
б е р е м е н н о г о
н е п р а в е д н о м
п р и н ю х а л а с ь
п о м р а ч н е е т е
в о з р а с т а й т е
п о м р а ч н е й т е
а к к о м о д а ц и ю
з а р я ж е н н о г о
н а д у м а н н ы м и
н е п р а в е д н а я
н е п р а в е д н ы е
н е п р а в е д н ы х
б е р е м е н н ы м и
н е п р а в е д н о й
н е п р а в е д н о й
н е п р а в е д н о е
с о с т а в и т е л и
п р о г р е м е л о
н а д у м а н н о г о
д и с т а н ц и е й
и с п р а ж н е н и и
р а с х и т и т е л и
м а д р и г а л а м и
и с п р а ж н е н и й
д и ф р а к ц и я м и
п е р е х и т р и л и
п е р е х и т р и ш ь
п е р е х и т р и л а
п о д д а д и т е с ь
р а з в ё р с т к а м
п е р е х и т р и т е
и м п о р т и р у ю т
б л и з л е ж а щ у ю
р а з в ё р с т к о й
х р о н о м е т р о в
и з в р а щ е н и я х
и з в е р ж е н и я м
н а г р о м о з д и л
с л а в я н с к о м у
н а с л у ш а л а с ь
с о с т а в и т е л я х
б л а г о ч е с т и в ы
в ы к и д ы в а ю щ и й
з а м а н и в а ю щ и й
с п о д в и ж н и к а м
к и с л о р о д н о м у
з а с т и р ы в а л о
б л и з л е ж а щ е м у
с о с т а в и т е л е й
п о д х в а т ы в а л о
з а в е р н и т е
п о с т а н о в о ч н ы
з а к о ч е н е в ш и й
с о д е р ж а т е л е н
с т у д е н ч е с к и м
у м е н ь ш и в ш и с ь
и з в е р ж е н и е м
з а с т и р ы в а е т е
б ю с т г а л ь т е р у
к о м п о з и т о р о м
т р а н с ф о р м а ц и ю
р а з у з н а в а в ш и й
с в е р ш а в ш и й с я
с м е р т е л ь н ы м и
н а с л у ш а й т е с ь
б у л ь д о з е р а м и
о б л о к о т и л о с ь
н а г р о м о з д и л о
п р и н ю х а е т е с ь
р а с т в о р и м о г о
с е к с а п и л о ч к е
п о з и р о в а в ш и й
с т у д е н ч е с к о м
з а и г р ы в а е т е
п р и т р о н е т е с ь
и м п о р т и р о в а в
и м п о р т и р у е ш ь
у л ь т и м а т у м о м
п р и г л я д е в ш и й
т р а н с ф о р м а ц и и
в ы с л у ш и в а е ш ь
н а м а т ы в а е м ы й
б л а г о ч е с т и в о е
н е п р а в е д н ы й
с м е р т е л ь н ы й
р а с х и т и т е л я м и
п о с т а н о в о ч н а я
п о с т а н о в о ч н ы х
п о с т а н о в о ч н о й
с т у д е н ч е с к о м у
п о с т а н о в о ч н ы е
п о с т а н о в о ч н ы е
н е с т а н д а р т н ы е
н е с т а н д а р т н о й
н е с т а н д а р т н ы х
н е с т а н д а р т н о м
п о с т а н о в о ч н о м
д о т я г и в а в ш и с ь
з а п л е т а в ш и й
р а з о з л и в ш и й с я
п о л ь з о в а т е л я м
р а з в а л и в ш и й с я
б ю с т г а л ь т е р о в
г и п о т е н у з о й
к л я п
п р е д с т а в л е н и я
п р е д с т а в л е н и я
п р о н и ц а е м о с т и
с е к с а п и л о ч к и
н а г р о м о з д и м
р а с т е к а ю щ и й с я
п р о н и ц а е м о с т ь
б л а г о п р и я т н ы й
з а и г р ы в а в ш и й
д у ш е п р и к а з ч и к
б л а г о п р и я т н ы х
б л а г о п р и я т н о м
б л а г о п р и я т н о е
о т с у т с т в у ю щ и м
т о п ч е т е с ь
б л а г о п р и я т н о й
н а м а т ы в а в ш и й
с о с л а г а т е л ь н ы е
с о с л а г а т е л ь н о е
с о с л а г а т е л ь н у ю
с о с л а г а т е л ь н о е
у ч и т е л ь с к о й
п о д х в а т ы в а ю щ и й
п о д х в а т ы в а е м ы й
б л а г о п р и я т н о й
б л а г о ч е с т и в ы е
б л а г о ч е с т и в о й
б л а г о ч е с т и в о й
б л а г о ч е с т и в у ю
т р а н с ф о р м а ц и я м
а к т и в и з и р у е т с я
п о с т а н о в о ч н ы м и
с о д е р ж а т е л ь н ы м
с о д е р ж а т е л ь н ы м
с о д е р ж а т е л ь н о й
с о д е р ж а т е л ь н ы х
с о д е р ж а т е л ь н ы й
п е р в о и с т о ч н и к а
а л г е б р а и ч е с к о й
а л г е б р а и ч е с к о й
а л г е б р а и ч е с к о е
м и р о т в о р ч е с к и х
м и р о т в о р ч е с к и м
м и р о т в о р ч е с к и м
м и р о т в о р ч е с к у ю
а л г е б р а и ч е с к и м
м и р о т в о р ч е с к о й
с о с р е д о т о ч и в а л
с т у д е н ч е с к и й
п е р в о и с т о ч н и к и
с о с р е д о т о ч и в а ю
с т у д е н ч е с к о й
п р и с о е д и н я в ш и й
п р и н ю х а ю с ь
п р о н и ц а е м о с т я х
п р е д с т а в л е н и я х
н е с т а н д а р т н ы м и
у м е н ь ш и м с я
п р о н и ц а е м о с т ь ю
с о д е р ж а т е л ь н о м
л е с о м е л и о р а ц и и
н е о б р а б о т а н н ы й
н е о б р а б о т а н н о е
н е о б р а б о т а н н ы х
н е о б р а б о т а н н о й
н е о б р а б о т а н н ы х
м н о г о м и л л и о н н о е
м н о г о м и л л и о н н о е
г у м а н и с т и ч е с к а я
с о с л а г а т е л ь н о м у
м н о г о м и л л и о н н ы й
б и с е к с у а л ь н о с т и
м н о г о м и л л и о н н о й
б и с е к с у а л ь н о с т ь
м н о г о м и л л и о н н ы м
с о с л а г а т е л ь н о г о
с о с л а г а т е л ь н о г о
р а з б и р а т е л ь с т в а м
п р о т и в о с т о я н и е
п е р в о и с т о ч н и к а х
с о с р е д о т о ч и в а т ь
м и р о т в о р ч е с к о г о
с о с р е д о т о ч и в а л а
с о с р е д о т о ч и в а е т
т р а н с с е к с у а л ь н у ю
н е о б р а б о т а н н у ю
л е с о м е л и о р а ц и я х
л е с о м е л и о р а ц и е й
п о с п о с о б с т в у е м
а к т и в и з и р у е т е с ь
и м п о р т и р о в а в ш и й
г у м а н и с т и ч е с к о м
н е о б р а б о т а н н ы м и
т р а н с с е к с у а л ь н ы е
г у м а н и с т и ч е с к о м у
п о г о н е й
г у м а н и с т и ч е с к о м у
т р а н с с е к с у а л ь н о й
м н о г о м и л л и о н н о г о
д е м а т е р и а л и з а ц и я
д е м а т е р и а л и з а ц и и
м е т а л л у р г и ч е с к и й
м е т а л л у р г и ч е с к и й
м е т а л л у р г и ч е с к о е
м е т а л л у р г и ч е с к и м
м е т а л л у р г и ч е с к а я
м е т а л л у р г и ч е с к и м
м е т а л л у р г и ч е с к и х
м е т а л л у р г и ч е с к и е
т р а н с с е к с у а л ь н о м
г р у з о о т п р а в и т е л ь
т р а н с с е к с у а л ь н о г о
с о с р е д о т о ч и в а й т е
о т с у т с т в у ю щ у ю
д е й с т в и т е л ь н о с т ь
р а з б и р а т е л ь с т в о м
д е й с т в и т е л ь н о с т е й
г у м а н и с т и ч е с к о й
в о д я н о м
д е й с т в и т е л ь н о с т я х
д е м а т е р и а л и з а ц и я х
а к к л и м а т и з а ц и и
с о с р е д о т о ч и в а е м ы й
м е т а л л у р г и ч е с к о г о
г р у з о о т п р а в и т е л е м
а к т и в и з и р о в а в ш и й с я
н е о б р а б о т а н а
з а в е р н у в ш и й
д о х и
п р е н е б р е ж и т е л ь н о с т и
п о с п о с о б с т в у е ш ь
п р е н е б р е ж и т е л ь н о с т я м
о х л у п н ю
п и н г - п о н г и
п е р е з в о н ю
д о г а д о к
п а т р у б о к
п о г о н ю
б л а г о п р и я т е н
н е с т а н д а р т е н
н а д у м а н н ы х
и м п о т е н т о в
к у ч и
п е р е х и т р ю
п р о с у н ь
р о м а н с
д и к т о р ш и
п о л ь ю с ь
