d i p e r l a k u k a n
d i k i r a
p e n j a r a k a n
p e r a s a a n k u
k e t e l e d o r a n
i k r a r k a n
p e r l a k u a n
m e n g i r a n y a
k e b e r k a h a n
p a n g g u n g n y a
k e t e n a n g a n
m e l u k i s n y a
k e d u d u k a n n y a
j u r u s a n n y a
m e m a n f a a t k a n n y a
t e r t a m b a h
m e n g e m u d i k a n n y a
t e n a g a n y a
a l a t n y a
k e h a l u s a n
m e n c i u m m u
m e m a d a m k a n n y a
p e n e t a p a n n y a
d i s u r u h n y a l a h
t e r t i d u r
u p a h n y a
k e l i s t r i k a n n y a
h a m p a r a n
k e u m a t a n
m e m b i n t a n g i
k e m u r i d a n
b e r o r i e n t a s i k a n
b i a y a n y a
m e m p e r d a y a k a n
f u n g s i k a n
d i t u n j u k a n
m a n f a a t k a n
p e n g u n d u r a n
m u l i a k a n
p e n y a n t u n a n
p e r i l i s a n n y a
p e n u n g g a l a n
p e n g a l e n g a n
b e r m e r e k
h a n g u s k a n
t e g a k a n
k e r a k y a t a n n y a
k e m a s y a r a k a t a n n y a
d i a m b i l n y a l a h
p e r e b u t
p e r k i r a a n n y a
d i t a n a m k a n n y a
p e r s i m p a n g a n
p e n y i l i h a n
k e k e n t a l a n
p e n y e m b u n y i a n
b e r j a l a n a n
p e m b e d a h
p e r t u n j u k a n n y a
b e r c i u m a n
m e n y e m b a h n y a
p e n e g a k a n n y a
m e r o b o h k a n n y a
t e m p e l k a n
m e r e a k s i k a n n y a
d i p a n j a t
l a k u k a n
s i s i h k a n
p e r i a
k e d u s u n a n
j u r u s a n n y a
k e w u j u d a n
o m o n g a n n y a
m u r n i n y a
p e n j a l u r a n
t e r g a n j a l
t e r t u d u h
d i p e r l a k u k a n
m e n g e t i k k a n
b e r t o p a n g
p e n g e m b a r a a n
p a n g g i l a n m u
m e r a h a n
p e m a n j a t a n
s e l a b e l n y a
t e r u t a n g
k e l i s t r i k a n
p e n y e b a b n y a
m e m p e r a n a k k a n
m e n y e b u t k a n
s e p a s a r
a n j u r k a n
p e n c i u m a n n y a
k e j a y a a n n y a
p e n o b a t a n
b e r k e d u d u k a n n y a
d i r e n g g u t
d i s e d o t
b e r d a s a r k a n
p e m e n j a r a a n
b e r c e r a i
k e m a t a n g a n
r a t a n y a
n a s k a h n y a
p e r b e n d a h a r a a n n y a
t i d u r a n
m e n g u p a y a k a n
b e r e l e m e n
d i s i a p k a n
m e n y a m b u n g k a n n y a
m e m p e r e b u t k a n n y a
m e n o m i n a s i k a n n y a
p e n a m b a h a n n y a
m e n y e b a b k a n n y a
p e r t o b a t a n
a n j u r a n
t e r j a n g a n
p e n y i a p a n n y a
l a m b a i k a n
p e n g a n a l i s i s a n
p e n y e m b a h a n n y a
b a n g s a n y a
p e r e k o n o m i a n n y a
t a m b a k a n
p e n g h a l a n g n y a
m e m a n g s a
m e n a i k n y a
m e m e d u l i k a n n y a
s e m b u r a n
d i p e r e b u t k a n
m e n y i t a
m e m p e r d a y a k a n
m e m b e k u n y a
m e n a n a m i n y a
m e n g h a f a l k a n
p e r s u r a t a n
p e n y e m b u r a n
p e n y e b u t n y a
b e r d a s a r a n
m e m p e r h a l u s
b e r t i n j u
i k r a r k a n
d u d u k n y a
n a s k a h n y a
p e r b i n t a n g a n
o l a h a n
d i k e p u n g
p e l a r i a n
a m b i l k a n
k e m a t a n g a n n y a
p e m a k a l a h
d i s a m b u n g
s e p e n t i n g
m e m p e r g u n a k a n
s e k a n t o n g
b e r g e t a r
m e m a n a s k a n n y a
b e r u n d i n g
p e n g h a l a n g a n
p e r t e l e v i s i a n
b e r j a l u r
d i c a b u t
p e n y e b u t n y a
k e m a s y a r a k a t a n n y a
d i p i n j a m
k o o r d i n a t o r n y a
k a w a s a n n y a
k e k e s a l a n n y a
p e n c o c o k a n
m e m p e r o l a h
p e r b a t a s a n n y a
p e r s e j a j a r a n
m e n g e m b a l i k a n n y a
d i l i b a t k a n n y a
t e r k u r a s
u a n g n y a
m e m a s y a r a k a t
s e k a n t o n g
m e m o t i v a s i n y a
m e m b i d a n i
b i a s a k a n
p e r c i k a n
s e k a l e n g
k e d e n g k i a n
f u n g s i k a n
b e r s e n t u h a n
b e r l a k u n y a
k e l a l a i a n n y a
m e n u n g g u n y a
t e n t a r a n y a
p e m b a t a s
m e n g u r a i k a n n y a
m e m u a s k a n n y a
b e r l i d a h
m e n i d u r i n y a
b a t a s a n
k e s i a n g a n
m e n g g o s o k k a n
p e n i r i s a n
d i h i r a u k a n
d i t u m i s
d i r i l i s
s a k s i n y a
m e n g a w i n k a n
m e n g k h i a n a t i n y a
m e l u k i s k a n
m e n j a m b a k
l i s t r i k n y a
m e n a n g g u l a n g i n y a
a d i k n y a
m e n j u r u s
i g a n y a
p o h o n n y a
b e r k h i a n a t
k e c a m a t a n n y a
m e r e a l i s a s i k a n
r i s i k o n y a
l e m a k n y a
r a m p u n g n y a
d i a m b i l k a n
m e n y e m p i t k a n
k i s a h n y a
s a m b u n g a n n y a
d a n g k a l a n
m e n e m p e l
p e n a n a m a n n y a
l u b a n g n y a
o f e n s i f n y a
m e n c i u m
f o n d a s i n y a
p e n e n a n g
n o m i n a s i n y a
m e n g o r i e n t a s i k a n
n a h a s n y a
g e l a n g n y a
k e b i n t a n g a n n y a
m e r e n u n g k a n
m e n g a n g g a r k a n
o t o m o t i f n y a
m e n j a n g k a u
a n a k k u
g e j a l a n y a
m e n g k o n f i r m a s i k a n
d i h a p u s k a n
m e n g a k s e s
p e n e t r a s i n y a
m e n g i d u n g k a n
m e n y a n j u n g n y a
i d e n t i k n y a
k e t e r t i n g g a l a n n y a
d i h a n g u s k a n
t e r d i s t r i b u s i k a n
k e r a m a h a n
d i b e k u k a n
a n j u r a n n y a
m e n g g o s o k n y a
p e m a l s u
k e e f e k t i f a n n y a
m e n e t a p k a n
s e k u r a n g n y a
d i l e k a t k a n
k e t i d a k s e t u j u a n
t a m b a n g n y a
m e l e k a t k a n
d i s e m b u r k a n
m e n y u r u h n y a
m e m a n a s k a n
n a s i b n y a
b e r t a k w a l a h
m e n y a k s i k a n
m e r o k e t k a n
m e m e k a k k a n
d i t a n a m k a n
m e n y a m b u n g k a n
b i r u n y a
k e a n g k u h a n n y a
m e n g u l i t i n y a
m e m i n j a m
d i r e s m i k a n
t e r w u j u d
t u n g g a l n y a
d i m i n u m k a n
k u a l i t a s n y a
m e n g k r i t i k
m e m a t a n g k a n
i n d e k s n y a
m e m b a h a g i a k a n
m e l u k i s k a n
p i u t a n g n y a
d i r e b u t n y a
p e m a n j a t
d i s e m b u n y i k a n
p a n g g i l a n n y a
m e n y a r i k a n
m e n d o k t r i n
m e r o k e t n y a
m e n g k l a r i f i k a s i k a n
m e l a m b a i
m e m e r i a h k a n
m e n g e j u t k a n
b e r k u a s a n y a
k e a m a n a n n y a
m e n y i s i h k a n
m e n a m p i l k a n
d i s e j a j a r k a n
m e m b e d a h n y a
l i s a n n y a
b e r w i b a w a
p a y a h n y a
m e n g e n t a l k a n
m e l e n c e n g
m e n u n g g u i n y a
n u k l i r n y a
p e n g e b i r i a n
m e n j a n g k a u n y a
s a h a b a t n y a
d i k a w i n i n y a
m e w a s i a t k a n
d i c a t a t k a n
m e n o n t o n n y a
g u n d i k n y a
m e n u d u h
m e l a k u k a n n y a
n o m i n a s i n y a
t e r h a p u s
m e n a i k i
m e m b i n g u n g k a n
m e m e r a h k a n
s u r a t n y a
d i c a n t u m k a n
m e n g e p u n g n y a
m e n g i s a h k a n
t e o l o g i n y a
m e n d e m o n s t r a s i k a n
s e l e k s i n y a
e g o i s n y a
a l a s a n n y a
p e r s e m b a h a n n y a
m e l u k i s k a n n y a
k o m o d i t a s n y a
k e m e w a h a n n y a
l a z i m n y a
d i p e d u l i k a n
d i c e r a i k a n
d i s e j a j a r k a n
m e m b i n t a n g i n y a
d i t e g u h k a n
s y a h i d n y a
m e r e v o l u s i o n e r k a n
g e t a r a n
e l e m e n n y a
m e r a h n y a
m e n y u r a t i n y a
s o s i a l n y a
m e n y e m p r o t k a n
m e n e m p e l k a n
d i s a n g k a k a n
a n a k n y a
d i h a l u s k a n
l u d a h n y a
m e n j i l a t
b e r m i l
m e n e r a p k a n n y a
v a r i a s i n y a
m e n g a w a l i
m e n a m p a r n y a
p r o d u s e n n y a
p r o m o s i n y a
b e r l a k u
r a k y a t k u
p e t u a l a n g a n m u
m e n y e t a r a k a n
m e m b a n t a i
r o d a n y a
m a t e r i a l n y a
m e n a n a m i
k o m i s i n y a
t e r c i u m
d i r a n c u k a n
d i r e s m i k a n
s t a t u s n y a
i s t i l a h n y a
d i c a n t u m k a n n y a
d i s u n a h k a n
r a t a k a n
s u n g a i n y a
m e m b u s u k k a n
s e k t o r n y a
k e l a y a k a n n y a
m e n y e m p i t n y a
r o b o h n y a
m e n g u t a m a k a n
d i t o d o n g
d i t e t a p k a n
m e n c i u m n y a
m e n y i a g a k a n
m e m v a r i a s i k a n
a n j u n g a n n y a
r u g i n y a
m e n c a m p a k k a n n y a
s a r i n y a
m e n g i m b a n g i n y a
s a w i t n y a
d i p e r s e m b a h k a n
s a r a f n y a
m e n g i n g k a r i n y a
l o n c e n g n y a
d i b e n g k o k k a n
m e m e n t i n g k a n
d i h a n g u s k a n
p r i b a d i n y a
d i t e g a k k a n n y a
l o g i k a n y a
d i c a t a t k a n
b a d a n m u
m e n g a m a n d e m e n k a n
m e n g k h i a n a t i n y a
s u d u t n y a
b e r k e l a h i
m e n g i n s p i r a s i k a n
m e m b e k u k a n n y a
m e n g e n t a l k a n
m e m e r a h k a n
t e r h o r m a t
m e n g h a f a l
a n g a n m u
i n f e k s i n y a
t e g a s k a n
t e r e a l i s a s i n y a
t e g a k n y a
p e n g e t a h u a n n y a
m e r u n d i n g k a n
m e m u l a k a n
k a w a n k u
m e n y i m b o l k a n
k e a l a m i a n n y a
d i l i s a n k a n
k e t e n t a r a a n n y a
i s t i m e w a n y a
m e n g g u n a k a n
t u d u h k a n
d i r u n d i n g k a n
m e m i n j a m k a n
g a w a n g n y a
d i t e r j a n g
b e r p i u t a n g
d i j a l a n
m e r i s a u k a n
t i n j u n y a
s e r v i s n y a
b e r k u a s a
p e l u r u n y a
m e n d u d u k k a n
k u i l n y a
d i l o n t a r k a n
d i t a n a m
d i a m b i l n y a
m e m e c a t n y a
d i b e k u k a n n y a
b e r k u d a
d i k e j u t k a n
m e n y i m b o l k a n
m e n d e m o n s t r a s i k a n
l a k u n y a
d i p a n g g i l k a n
d i m a t a n g k a n
b e r u p a y a
s e m p i t n y a
m e n y i m b o l k a n
p e n e m p e l
t e r m o t i v a s i
b e r s e m a n g a t
d i t u b r u k
b i s a n y a
m e l a y a n g
k e b i n g u n g a n
m e n g e j u t k a n
m e m b e r d a y a k a n
s e r v i s n y a
b e r w a s p a d a
m a t e m a t i k a w a n
d i k e t i k k a n
p a n e l n y a
m e n g a g e n d a k a n
i m p o r n y a
b a k s o n y a
u t a m a k a n
m e m e r c i k k a n
p e n y e m b u r
m e m a d a m k a n
d i s e m p r o t k a n
d i l e k a t i n y a
d i t e n g g e l a m k a n
k a m b i n g a n
d i c a n t u m k a n
d i t u n j u k k a n n y a
k e b a k a r a n n y a
m e n g h a p u s
m e n g o s o n g k a n
t e r p e n t i n g n y a
m e n g i n g k a r i n y a
m e l a m b u n g k a n
r u t i n n y a
m e l a l a i k a n
s e r a s a
m e m i n j a m k a n
m e n c i u m n y a
d i d u d u k i n y a
m e m b e n g k a k n y a
m e l a m b a i k a n
m e l e c e h k a n
i m p o r n y a
a d i l n y a
m e n e n g g e l a m k a n
p e d a n g n y a
d i t e g u h k a n
m e r e f e r e n s i k a n
m e n y e l i d i k
d i l e l a h k a n
s e b i s a n y a
t e r d i s t r i b u s i
m e n o p a n g
h a l a m a n n y a
m e m a d a t i
s a k s i n y a
m e l a l a i k a n
m e n g u l u r k a n
k e m b a l i k a n
d i t e n a n g k a n
m e n g a d a p t a s i k a n
t e r s e n d a t n y a
d i l e m p a r k a n
d i p a n a s k a n
m e r a m p u n g k a n
m e m u l i a k a n
b e r v a r i a s i n y a
p e n y e m a n g a t
m e n c a n t u m k a n n y a
a n t e n a n y a
k e p e n t i n g a n
d i t e r a p k a n
m e m a n g g i l n y a
m e m i l i h m u
t u n g g a l n y a
a g e n d a n y a
b a h a g i a n y a
b a l a k a n
m e n y e g e l
m e l i b a t k a n
p a n g g u n g n y a
d i s a n g k a k a n
m e n g a m a n k a n
s e n t u h a n n y a
k e a k u r a s i a n
m e n g u r a n g k a n
d i b i a s a k a n
e v o l u s i n y a
m e n j e m u k a n
m e n g k l a r i f i k a s i k a n
k e n a k a l a n n y a
l i t e r a t u r n y a
p a d a t n y a
r i t m e n y a
k e t e n a g a a n
d i b e n t a n g k a n
m e n g e n c e r k a n
b i o g r a f i n y a
t i m n y a
p e n y a l u r
a r t i k e l n y a
k e t i d a k s e t a r a a n
b e r k a w a n
j u d u l n y a
s e r p i h a n n y a
m e n e g a k k a n
m e n y e i m b a n g k a n
d i t e n a n g k a n
d i p e r c i k k a n
m e n y u d u t k a n
i s o t o p n y a
d i p a d a t k a n
k o n f l i k n y a
j a g u n g n y a
d i l a r i k a n
d i k e j u t k a n
p e n g h a l a n g
d u r a s i n y a
m e r e b u t k a n
k u a n t i t a s n y a
p e n g a w a l n y a
s e l u b u n g n y a
m e n j a l a n i
b e r b a d a n
t e r t i n g g a l n y a
m e n g e n c e r k a n
t e r b a n y a k
d i p a n g g i l k a n
w a c a n a n y a
p a n e l n y a
m e n g i n s p i r a s i k a n
d i s i a p k a n n y a
d i l i s a n k a n
d i h o r m a t i n y a
k o n s t r u k s i n y a
m e m p e r l a k u k a n
p r o f e s o r n y a
m a n f a a t n y a
b u m b u n g a n
d i k a w a l
m e n g i s t i l a h k a n
t e m b o k n y a
b a n g s a w a n
r a k e t n y a
r e a l i s a s i n y a
m e n g u n d u r k a n
d i t u d u h k a n
d i t a m p i l k a n
m e n g u a n g k a n
p a r a m i l i t e r n y a
d i m u r n i k a n
m e m b e n g k o k k a n
m e r e n g g u t
k e s e t a r a a n
m e n g a s a m k a n
m e m p e r d a y a i
o b s e s i n y a
k e t e r b a t a s a n
d i u r a i k a n n y a
t e r w u j u d l a h
d i k e m b a l i k a n
d i f a v o r i t k a n
d a y a k u
d i s e m b u r k a n
a p i k n y a
l o r o n g n y a
k e w a s p a d a a n n y a
d i r u g i k a n
r e v o l u s i o n e r n y a
a d a p t a s i n y a
d o m i n a s i n y a
d i l u k i s k a n
a k u r a s i n y a
d i t i d u r k a n
m e n g e s a l k a n
f i g u r a n
m e n g e l u a r k a n
m e n g g i l i n g
r o m a n t i s n y a
d i m e r i a h k a n
m e n g k r i t i k n y a
m e m b e n a m k a n
k e p a l a k u
s e t a r a n y a
m e m a n a s i
m e n g e l i m i n a s i
m u r i d k u
b e r a n g a n
d i k e l u a r k a n n y a
m e m p r o m o s i k a n
d i u n d u r k a n
m e n g a m p u n i n y a
m e l e k a t k a n
s u r u h a n n y a
k s a t r i a n y a
j a m b a k a n
d i s i a g a k a n
m a r t a b a t n y a
t e r c a b u t
d i b a k a r n y a
k e l u a r a n n y a
m e n u n j u k k a n n y a
m i l k u
p e l e c e h a n
b a l a w a n
t a n a m n y a
t e r f a v o r i t
p e n y e l e k s i
s o s i a l n y a
m e m b a n t a i n y a
m e m b e n t a n g i
d i t u d u h n y a
b e r z a k a t
v a l i d i t a s n y a
d i r a m p i n g k a n
m e j a n y a
i n s i d e n n y a
b u l i r n y a
m a y o r i t a s n y a
p e n g g o s o k
b e r a u r a
m e n d i s k r i m i n a s i k a n
m e n y a n g g u p i n y a
m e r i b u t k a n
k e s a l n y a
m e n e g a k k a n
m e n y e g e l n y a
d i g a d a i k a n
p a n a s n y a
d i t a m p i l k a n
m e n o b a t k a n n y a
p e l a n t a n g
m e n g k o n d i s i k a n
k e b i a s a a n
m e n y a l u r k a n
m e n g e p u n g n y a
m e n g u r a n g i
d i t a m b a h k a n
g u n a n y a
k r e a s i n y a
k e a b s a h a n
m e l e k a t k a n
p e l a t u k n y a
a n g a n k u
m e m a n j a t
m e n t a l n y a
b e n a m a n n y a
m e n g e f e k t i f k a n
d i t o l o n g
d i r a m p u n g k a n
d i s u g u h k a n
b e r e t i k a
k e c a n t i k a n n y a
l a m b u n g n y a
k e r e t a k a n
d u n i a n y a
r a h a n g n y a
k e a s a m a n n y a
m e n g i k r a r k a n
m e n e g a s k a n
p e n g h a f a l
p e m i n j a m a n n y a
m e n o m o r i
s e i m b a n g n y a
k a m e r a n y a
k e t i d a k c o c o k a n n y a
b e r j u d u l
i m i g r a s i n y a
m e r e n u n g i
k e s e i m b a n g a n n y a
d i p e d u l i k a n
t i d u r k u
e l e k t r i k n y a
d i s i a p k a n n y a
d i k e m b a l i k a n
s e s u a t u n y a
h a l u s n y a
d i l e m p a r k a n
d i r e s m i k a n l a h
u t a n g n y a
b e r p u t r a
