k e t i d a k s e t u j u a n
b e r t a k w a l a h
d a y a k u
t e r f a v o r i t
p r o f e s o r n y a
a m p u n i
m u r i d k u
d i p e r c i k k a n
b a r u n y a
k e t i d a k c o c o k a n n y a
a n g a n m u
i s t i m e w a n y a
d i b e n g k o k k a n
s e b a n g s a n y a
d i k e t i k k a n
p r o m o s i n y a
o f e n s i f n y a
m e m b e n g k o k k a n
t e r p e n t i n g n y a
m e n d i s k r i m i n a s i k a n
t e r h o r m a t
b a h a g i a n y a
i n f e k s i n y a
m e n g i n s p i r a s i k a n
e g o i s n y a
s e m p i t n y a
m e n g i n s p i r a s i k a n
m e n d e m o n s t r a s i k a n
d i t e n g g e l a m k a n
r o b o h n y a
m e n d e m o n s t r a s i k a n
m e r e f e r e n s i k a n
p r o d u s e n n y a
b i r u n y a
c a n t i k n y a
d i t e g u h k a n
d i m i n u m k a n
t e r d i s t r i b u s i
o t o m o t i f n y a
d i m e r i a h k a n
d i t e g u h k a n
k o m o d i t a s n y a
m e n g a m a n d e m e n k a n
d i r u g i k a n
s e b e n i n g
m e n g a d a p t a s i k a n
d i p e d u l i k a n
b a h a g i a n y a
d i b e k u k a n
d i p e d u l i k a n
p o h o n n y a
m e n g a w a l i
a n g a n k u
p e r e k o n o m i a n n y a
d i l e m p a r k a n
i m i g r a s i n y a
d i s u g u h k a n
d i r a m p i n g k a n
e v o l u s i n y a
f o n d a s i n y a
d i m u r n i k a n
m e n g k l a r i f i k a s i k a n
m e m e r i a h k a n
d i r a m p u n g k a n
d i k e m b a l i k a n
m a y o r i t a s n y a
d i t e t a p k a n
d i l e m p a r k a n
k o n s t r u k s i n y a
s e t a r a n y a
o b s e s i n y a
d i k e m b a l i k a n
v a l i d i t a s n y a
m e n g k o n f i r m a s i k a n
m e m b e n t a n g i
m e r e v o l u s i o n e r k a n
d i g a d a i k a n
d i m a t a n g k a n
d i s e j a j a r k a n
m e n g k l a r i f i k a s i k a n
t e r t i n g g a l n y a
d i t e g a k k a n n y a
i d e n t i k n y a
m e m e r a h k a n
d i p a n g g i l k a n
e l e m e n n y a
d i p a n g g i l k a n
m e m e r a h k a n
d i b e n t a n g k a n
d i s e j a j a r k a n
d i h o r m a t i n y a
d i t e n a n g k a n
p e l u r u n y a
m e m e n t i n g k a n
e l e k t r i k n y a
k u a n t i t a s n y a
t e r m o t i v a s i
d i s i a g a k a n
d i t e n a n g k a n
d i f a v o r i t k a n
k e m a s y a r a k a t a n n y a
d i t a m b a h k a n
m e m e r c i k k a n
k e m a s y a r a k a t a n n y a
d i t i d u r k a n
p a y a h n y a
m e n g e f e k t i f k a n
b i o g r a f i n y a
m e n g e n c e r k a n
t e r d i s t r i b u s i k a n
m e n g a g e n d a k a n
d i s a n g k a k a n
i n d e k s n y a
r a m p u n g n y a
a r t i k e l n y a
m e m p r o d u k s i n y a
d i s a n g k a k a n
m a n f a a t k a n
t u n g g a l n y a
t e g a k n y a
d i r u n d i n g k a n
m e m a d a m k a n
d i c e r a i k a n
m e r e a l i s a s i k a n
i n s i d e n n y a
m e m e k a k k a n
k e d e w a a n n y a
m e m b u s u k k a n
a d a p t a s i n y a
r u g i n y a
d i a m b i l k a n
d u r a s i n y a
d i r e s m i k a n
d o m i n a s i n y a
a p i k n y a
g e j a l a n y a
m e n g a n g g a r k a n
s e i m b a n g n y a
v a r i a s i n y a
d u n i a n y a
d i l i s a n k a n
d i l o n t a r k a n
a n a k k u
d i l i s a n k a n
d i r a n c u k a n
d i t u d u h n y a
t i d u r k u
d i l e l a h k a n
a k u r a s i n y a
d i b e k u k a n n y a
d i r e s m i k a n
d i t e r a p k a n
k e d e w a a n n y a
m a t e r i a l n y a
a n j u n g a n n y a
d i u n d u r k a n
r e v o l u s i o n e r n y a
d i l a r i k a n
p e n e t r a s i n y a
d i t u d u h k a n
m e r i b u t k a n
t e n a g a n y a
n a h a s n y a
p e n g e t a h u a n n y a
d i h i r a u k a n
m e m b i n g u n g k a n
p a r a m i l i t e r n y a
p e l a t u k n y a
r a k y a t k u
m e m b e n a m k a n
m e n g e n c e r k a n
d i l e k a t k a n
p a d a t n y a
j u r u s a n n y a
m e n e n g g e l a m k a n
k u a l i t a s n y a
r e a l i s a s i n y a
k a m e r a n y a
k o o r d i n a t o r n y a
m e n a n a m i
n o m i n a s i n y a
p a n a s n y a
t e n a g a n y a
k o o r d i n a t o r n y a
p e n j a r a k a n
k e t e n t a r a a n n y a
t e n t a r a n y a
r o m a n t i s n y a
d i l e k a t i n y a
r u t i n n y a
d i t a m p i l k a n
b u l i r n y a
s u n g a i n y a
n o m i n a s i n y a
b e r d e m o n s t r a s i
m e r e b u t k a n
j u d u l n y a
a d i l n y a
s e k a l e n g
m e m p e r e b u t k a n
m e j a n y a
d i t a m p i l k a n
h a l u s n y a
d i p e r e b u t k a n
m e m a d a t i
d i k e l u a r k a n n y a
t e r b a n y a k
d i c a n t u m k a n
m e n g g o s o k n y a
j u r u s a n n y a
t e r w u j u d
m e m b i n t a n g i n y a
t e r p i l i h n y a
p e n j a r a k a n
m e m a t a n g k a n
k e e f e k t i f a n n y a
d i k e j u t k a n
s u r a t n y a
d i p e r e b u t k a n
m e r o k e t k a n
a n t e n a n y a
d i c a n t u m k a n
m e m b a h a g i a k a n
p e n j a r a k a n
m u l i a k a n
m e n g u n d u r k a n
d i l u k i s k a n
t e r l u k i s k a n
t e r l u k i s k a n
t e r u r a i n y a
d i u r a i k a n n y a
o m o n g a n n y a
p r i b a d i n y a
m e m a n g g i l n y a
w a c a n a n y a
l i t e r a t u r n y a
m e r o k e t n y a
m e m a n a s i
m e m b e n g k a k n y a
d i r e s m i k a n l a h
d i p a d a t k a n
l o n c e n g n y a
l i s a n n y a
p e n g k h i a n a t a n n y a
m e m u l i a k a n
m e n c a n t u m k a n n y a
o m o n g a n n y a
k o n f l i k n y a
t u n g g a l n y a
t e r s a l u r k a n
