m e n e r a p k a n n y a
b i k i n a n
m e n d e m o n s t r a s i k a n
m e m i l i h m u
i k r a r k a n
d i h a n g u s k a n
t a n a m a n n y a
m e n a i k k a n n y a
m e n g u r a i k a n n y a
m e n y a k s i k a n
p e n y e b u t a n n y a
c a t a t k a n
p e n y e m b u r
t e r w u j u d l a h
k e r a m a h a n
d i s e m b u r k a n
a n j u n g a n n y a
k e a d i l a n n y a
p e n g a p i a n
p e n j a r a k a n
d i t e t a p k a n
d i t a m p i l k a n
l u b a n g n y a
k e m u r i d a n
m e m b i n g u n g k a n
m e l a l a i k a n
d i p a n a s k a n
f o n d a s i n y a
d i r e n g g u t
b e r s e l u b u n g k a n
m e n d o k t r i n
m e r e b u t k a n
d i s i a p k a n
t i d u r a n
p e n g a n a l i s i s a n
l a k u n y a
m e n j a l a n i
o l a h a n
p a s i r a n
m e m p e r s i a p k a n n y a
b i a y a n y a
b e r d a s a r a n
m e n e m p e l
m e n y i m b o l k a n
p e n g a l e n g a n
m e n j a n g k a u n y a
e g o i s n y a
n a s k a h n y a
k e b a k a r a n n y a
i n f e k s i n y a
r u t i n n y a
d i m e r i a h k a n
m e n y u g u h k a n
d i c a n t u m k a n n y a
m e n j a m b a k
d i b i a s a k a n
d i r u n d i n g k a n
d i p e d u l i k a n
b e r k u a s a n y a
p e n g a s a p a n
p a n a s n y a
m e m b a h a g i a k a n
p e n g a m p u n a n n y a
u l a s a n
p e m i n j a m a n n y a
b e r t o p a n g
m e n g h a s i l k a n n y a
s u r a t n y a
l i b a t k a n
p i k a t a n
t e o l o g i n y a
d i b e n g k o k k a n
m e m e k a k k a n
k o m i s i n y a
d i s i a p k a n
i k r a r k a n
m e n y e m b u n y i k a n n y a
m e n u n g g u n y a
p e n c o c o k a n
a n g a n m u
d i l e k a t k a n
k e g u n a a n
m e n y e m p i t n y a
k e t e l e d o r a n
m e n g i n s p i r a s i k a n
b e r t a n d a n g
b u m b u n g a n
a n g a n k u
d i k e j u t k a n
m e n u n g g u i n y a
n o m i n a s i n y a
m e w a s i a t k a n
d i l i s a n k a n
k i s a h k a n
t e r s e n d a t n y a
d i t u n j u k a n n y a
l o n t a r a n
k e b i n g u n g a n
d i u n d u r k a n
m e n y u r a t i n y a
p e n g e m b a l i a n
m e n i d u r i n y a
m e m b e k u k a n n y a
m e n g e m u d i k a n n y a
m e n t a l n y a
m a t e r i a l n y a
k e m a s y a r a k a t a n n y a
k u i l n y a
p e r e b u t
k e a n g k u h a n n y a
d i r a m p u n g k a n
s e t a r a n y a
i s o t o p n y a
m e n d o m i n a s i n y a
k e a b s a h a n
p e n y e b u t n y a
t e r f a v o r i t
b e r s e t u j u
t e g a k a n
p e c i n t a
p e n y e l e k s i
p a n g g u n g n y a
m e m i n j a m k a n
m e n j a n g k a u
m e n g k o n d i s i k a n
k e p e d u l i a n n y a
k e t e r b a t a s a n
d i t e g u h k a n
p e n g h a p u s a n
k e l a l a i a n n y a
m e m a n j a t
b u l i r n y a
p e r m a s y a r a k a t a n
m e n e g a s k a n
d i l e k a t i n y a
m e n g g o s o k k a n
b e r l a k u n y a
p e n g e t i k a n
s e h a l a m a n
s i s i h k a n
k e t e r t i n g g a l a n n y a
k e l u a r a n n y a
k e k e n t a l a n
b e r k a h n y a
m e m a s y a r a k a t
j a g u n g n y a
o f e n s i f n y a
d u n i a n y a
m e n g i r a n y a
k e a s a m a n n y a
m i l k u
t e r t i d u r
b e r w i b a w a
s a r a f n y a
a g e n d a n y a
k e p e s a t a n
n a i k n y a
k e p e n t i n g a n
p e m o h o n a n
s e n t u h a n n y a
d i t a m b a h k a n
m e n g e n c e r k a n
b a d a n m u
r a m p u n g k a n
l i s t r i k n y a
m e n g i m b a n g i n y a
t a m p u n g n y a
m e n g e n t a l k a n
m e n g a g e n d a k a n
m e l a m b u n g k a n
d i t u n j u k a n
p e n g e t a h u a n n y a
s e k a n t o n g
s a m p u l n y a
t e r o l a h
b a n g s a n y a
k o n s t r u k s i n y a
j a n g k a u n y a
k e a d i l a n n y a
p e r s i a p a n
l a m b a i a n
k e m u d i n y a
p e n g h a d a n g a n
d i p e r e b u t k a n
t e r s e b u t k a n
m e n j e m u k a n
m e n g u a s a i n y a
k e s i a n g a n
p e n y e m b u n y i a n
t e r p e n t i n g n y a
s e p a s a r
d i p i n j a m
m e m e r a h k a n
m e n y u r u h n y a
p e l a n t a n g
s e r a s a
k o o r d i n a t o r n y a
m e n g g e j a l a
m e r a s a k a n
t e r h a l a n g n y a
k e l a l a i a n n y a
d i p e d u l i k a n
p e m a d a m a n
t e n t a r a n y a
b e r f o k u s
t e r l u k i s k a n
m e m p e r t u n j u k k a n n y a
m e n a m b a h n y a
m e n y e m b a h n y a
b a h a g i a n y a
t e r h a p u s k a n
b e r l a k u
d i f a v o r i t k a n
m e l a m b a i
k e b e n i n g a n
t e r t u n j u k
m e n g k r i t i k n y a
o m o n g a n n y a
b e d a h n y a
k u a n t i t a s n y a
b e r t i n j u
p e m a l s u a n
p e n g h a l a n g n y a
k a w a s a n n y a
e v o l u s i n y a
k e a m a n a n n y a
t e r l u k i s k a n
t i d u r k u
m e r e a k s i k a n n y a
m e n e n g g e l a m k a n
m e r i b u t k a n
d a y a k u
t e r t i d u r n y a
k e m a t a n g a n
k e b a k a r a n
p e m b e d a h
k e a k u r a s i a n
m e m u a s k a n n y a
s e k a l e n g
b a h a g i a n y a
u p a h n y a
a d i l n y a
t e r k e j u t n y a
d i l i s a n k a n
c a t a t a n
m e n y e m p r o t k a n
p e n d a n g k a l a n
s e k u r a n g n y a
m e n y i m b o l k a n
l i s a n n y a
