d i h i r a u k a n
d i t u m i s
d i r i l i s
s a k s i n y a
m e n g a w i n k a n
m e n g k h i a n a t i n y a
m e l u k i s k a n
m e n j a m b a k
l i s t r i k n y a
m e n a n g g u l a n g i n y a
a d i k n y a
m e n j u r u s
i g a n y a
p o h o n n y a
b e r k h i a n a t
k e c a m a t a n n y a
m e r e a l i s a s i k a n
r i s i k o n y a
l e m a k n y a
r a m p u n g n y a
d i a m b i l k a n
m e n y e m p i t k a n
k i s a h n y a
s a m b u n g a n n y a
d a n g k a l a n
m e n e m p e l
p e n a n a m a n n y a
l u b a n g n y a
o f e n s i f n y a
m e n c i u m
f o n d a s i n y a
p e n e n a n g
n o m i n a s i n y a
m e n g o r i e n t a s i k a n
n a h a s n y a
g e l a n g n y a
k e b i n t a n g a n n y a
m e r e n u n g k a n
m e n g a n g g a r k a n
o t o m o t i f n y a
m e n j a n g k a u
a n a k k u
g e j a l a n y a
m e n g k o n f i r m a s i k a n
d i h a p u s k a n
m e n g a k s e s
p e n e t r a s i n y a
m e n g i d u n g k a n
m e n y a n j u n g n y a
i d e n t i k n y a
k e t e r t i n g g a l a n n y a
d i h a n g u s k a n
t e r d i s t r i b u s i k a n
k e r a m a h a n
d i b e k u k a n
a n j u r a n n y a
m e n g g o s o k n y a
p e m a l s u
k e e f e k t i f a n n y a
m e n e t a p k a n
s e k u r a n g n y a
d i l e k a t k a n
k e t i d a k s e t u j u a n
t a m b a n g n y a
m e l e k a t k a n
d i s e m b u r k a n
m e n y u r u h n y a
m e m a n a s k a n
n a s i b n y a
b e r t a k w a l a h
m e n y a k s i k a n
m e r o k e t k a n
m e m e k a k k a n
d i t a n a m k a n
m e n y a m b u n g k a n
b i r u n y a
k e a n g k u h a n n y a
m e n g u l i t i n y a
m e m i n j a m
d i r e s m i k a n
t e r w u j u d
t u n g g a l n y a
d i m i n u m k a n
k u a l i t a s n y a
m e n g k r i t i k
m e m a t a n g k a n
i n d e k s n y a
m e m b a h a g i a k a n
m e l u k i s k a n
p i u t a n g n y a
d i r e b u t n y a
p e m a n j a t
d i s e m b u n y i k a n
p a n g g i l a n n y a
m e n y a r i k a n
m e n d o k t r i n
m e r o k e t n y a
m e n g k l a r i f i k a s i k a n
m e l a m b a i
m e m e r i a h k a n
m e n g e j u t k a n
b e r k u a s a n y a
k e a m a n a n n y a
m e n y i s i h k a n
m e n a m p i l k a n
d i s e j a j a r k a n
m e m b e d a h n y a
l i s a n n y a
b e r w i b a w a
p a y a h n y a
m e n g e n t a l k a n
m e l e n c e n g
m e n u n g g u i n y a
n u k l i r n y a
p e n g e b i r i a n
m e n j a n g k a u n y a
s a h a b a t n y a
d i k a w i n i n y a
m e w a s i a t k a n
d i c a t a t k a n
m e n o n t o n n y a
g u n d i k n y a
m e n u d u h
m e l a k u k a n n y a
n o m i n a s i n y a
t e r h a p u s
m e n a i k i
m e m b i n g u n g k a n
m e m e r a h k a n
s u r a t n y a
d i c a n t u m k a n
m e n g e p u n g n y a
m e n g i s a h k a n
t e o l o g i n y a
m e n d e m o n s t r a s i k a n
s e l e k s i n y a
e g o i s n y a
a l a s a n n y a
p e r s e m b a h a n n y a
m e l u k i s k a n n y a
k o m o d i t a s n y a
k e m e w a h a n n y a
l a z i m n y a
d i p e d u l i k a n
d i c e r a i k a n
d i s e j a j a r k a n
m e m b i n t a n g i n y a
d i t e g u h k a n
s y a h i d n y a
m e r e v o l u s i o n e r k a n
g e t a r a n
e l e m e n n y a
m e r a h n y a
m e n y u r a t i n y a
s o s i a l n y a
m e n y e m p r o t k a n
m e n e m p e l k a n
d i s a n g k a k a n
a n a k n y a
d i h a l u s k a n
l u d a h n y a
m e n j i l a t
b e r m i l
m e n e r a p k a n n y a
v a r i a s i n y a
m e n g a w a l i
m e n a m p a r n y a
p r o d u s e n n y a
p r o m o s i n y a
b e r l a k u
r a k y a t k u
p e t u a l a n g a n m u
m e n y e t a r a k a n
m e m b a n t a i
r o d a n y a
m a t e r i a l n y a
m e n a n a m i
k o m i s i n y a
t e r c i u m
d i r a n c u k a n
d i r e s m i k a n
s t a t u s n y a
i s t i l a h n y a
d i c a n t u m k a n n y a
d i s u n a h k a n
r a t a k a n
s u n g a i n y a
m e m b u s u k k a n
s e k t o r n y a
k e l a y a k a n n y a
m e n y e m p i t n y a
r o b o h n y a
m e n g u t a m a k a n
d i t o d o n g
d i t e t a p k a n
m e n c i u m n y a
m e n y i a g a k a n
m e m v a r i a s i k a n
a n j u n g a n n y a
r u g i n y a
m e n c a m p a k k a n n y a
s a r i n y a
m e n g i m b a n g i n y a
s a w i t n y a
d i p e r s e m b a h k a n
s a r a f n y a
m e n g i n g k a r i n y a
l o n c e n g n y a
d i b e n g k o k k a n
m e m e n t i n g k a n
d i h a n g u s k a n
p r i b a d i n y a
d i t e g a k k a n n y a
l o g i k a n y a
d i c a t a t k a n
b a d a n m u
m e n g a m a n d e m e n k a n
m e n g k h i a n a t i n y a
s u d u t n y a
b e r k e l a h i
m e n g i n s p i r a s i k a n
m e m b e k u k a n n y a
m e n g e n t a l k a n
m e m e r a h k a n
t e r h o r m a t
m e n g h a f a l
a n g a n m u
i n f e k s i n y a
t e g a s k a n
t e r e a l i s a s i n y a
t e g a k n y a
p e n g e t a h u a n n y a
m e r u n d i n g k a n
m e m u l a k a n
k a w a n k u
m e n y i m b o l k a n
k e a l a m i a n n y a
d i l i s a n k a n
k e t e n t a r a a n n y a
i s t i m e w a n y a
m e n g g u n a k a n
t u d u h k a n
d i r u n d i n g k a n
m e m i n j a m k a n
g a w a n g n y a
d i t e r j a n g
b e r p i u t a n g
d i j a l a n
m e r i s a u k a n
t i n j u n y a
