م َ ت ا ه ا ت ِ
ف ُ ن ْ د ُ ق ِ ي ّ َ ة
س َ ل ِ ي ف ا ت
ر ا ب ِ ط ُ
ت ُ و َ د ّ ِ ع ُ
ا ل ع َ ر ّ ا ب َ ت َ ي ْ ن ِ
م ُ ج ْ ر ِ م ُ و
م ا ئ ِ ع َ ي ْ
ا ل إ ِ ي د ا ع ا ت ِ
آ م ِ ل ا ت ُ
م َ ش ْ ر َ ف ٌ
ا ل ت ّ َ ك ْ ذ ِ ي ب َ
ت َ ق ْ د ِ ي م ٌ
ت ُ ص َ ح ّ ِ ح ِ ي
ا ل م ُ ح ا ص َ ر َ ت َ ي ْ
ا ل غ َ ز ّ ِ ي ّ َ ت َ ي ْ
ا ل م ُ ت َ د ا ع ِ ي َ ة
ص َ ي ْ ر ُ و ر َ ة
م ُ ت َ و َ ق ّ ِ ع ُ
ت َ ك ْ ذ ِ ي ب ا ت ُ
ر ا ب ِ ط ا ت ِ
م ُ ع ْ ط ِ ي َ ة َ
ر ُ ز ّ ٌ
آ م ِ ل ا ت
ت ُ ل َ ص ّ ِ ق ِ ي ن َ
ا ل ج َ م ْ ع ِ ي ّ ا ت ِ
إ ِ ي ط ا ل ِ ي ّ َ ت َ ي ْ ن ِ
أ َ خ ْ م َ ص ِ
ص َ ن ا د ِ ي ق َ
س ُ و م ِ ر ِ ي ّ ا ت
ن ُ ل َ ص ّ ِ ق ْ
ت َ ك ا م ُ ل ِ ي ّ ٍ
إ ِ ع ا ش ا ت ُ
م َ ش ْ ر َ ف
ا ل ص ّ ُ ن ْ د ُ و ق َ ي ْ ن ِ
ر ِ ي ف ِ
غ َ ز ّ ِ ي ّ ا ن ِ
ي ُ ف ْ ن ُ و ن َ
م َ ت ا ه َ ت َ ي ْ ن ِ
ت َ ط ْ ب ِ ي ع َ ي ْ ن ِ
إ ِ ي ط ا ل ِ ي ّ َ ت َ ي ْ
ت َ ن ا ن ِ ي ن َ
م ُ ج ْ ر ِ م َ ة ُ
س ُ و م ِ ر ِ ي ّ َ ة َ
س ُ ل َ ف ا ء َ
ج َ م ْ ع ِ ي ّ ا ت
م ُ ت َ س ا ب ِ ق َ ت َ ي ْ ن ِ
د َ ر ّ َ س ا
م ُ ت َ س ا ب ِ ق ٌ
أ َ ر ْ ي ا ف ِ
ا ل ح ِ ص ّ َ ت َ ي ْ ن ِ
ا ِ ت ّ ِ ه ا م ِ ي ّ ا ن ِ
ب ا ه ِ ظ ا ت
إ ِ ي ط ا ل ِ ي ّ ا ت ِ
ت َ ح ْ ف ِ ي ز ا ت ٍ
إ ِ ث ا ر َ ت َ ي ْ
م َ ش ا ر ِ ف َ
غ َ ز ّ ِ ي ّ َ ة ً
ا ل أ َ ر َ ق ّ ا
ر ا ب ِ ط ِ
س ُ و م ِ ر ِ ي ّ ا ت ِ
ت َ ن ا ق ُ ض ا ت
ا ل ا ِ ح ْ ت ِ ي ا ط ا ت ُ
ي َ خ ْ ت َ ب ِ ر ا ن ِ
ي َ خ ْ ت َ ب ِ ر ُ و ا
ف ُ ن ْ د ُ ق ِ ي ّ ا ت
ا ل ث ّ َ ع ْ ل َ ب َ ة
م ُ ت َ و َ ق ّ ِ ع َ ت ا ن ِ
ح َ ر َ ك ِ ي ّ ٌ
ت َ م َ ل ّ َ
ا ل آ م ِ ل ا ت ِ
إ ِ ي ط ا ل ِ ي ّ ا
ا ل ض ّ َ ر َ ر َ
ي ُ ن ْ ه ِ ض ا
م ُ د ِ ي ر ِ ي ّ ا ت
ا ل م ُ د ِ ي ر ِ ي ّ َ ة ُ
ر ا ب ِ ط ا
و َ ك ِ ي ل ٍ
آ م ِ ل َ
ا ل ا ِ ح ْ ت ِ ي ا ط ا ت ِ
ي ُ ن ْ ه َ ض ا
ف ُ ن ْ د ُ ق ِ ي ّ ا ت ِ
ا ل أ َ ر َ ق ّ
ت ُ ف ْ ن َ
ا ل أ َ ب ْ ه َ ي َ ي ْ
ا ل ا ِ ح ْ ت ِ ي ا ط ا
م ُ ت َ د ا ع ِ ي َ ة
ي ُ ن ْ ه َ ض َ
ا ل م ُ س ْ ت َ م ْ ل َ ك َ
ا ل آ م ِ ل َ ة
ا ل آ م ِ ل ِ
ت َ ط ْ ب ِ ي ع ا ت ِ
ت ُ د َ ر ّ ِ س ْ
ت ُ و َ د ّ ِ ع َ
م ُ ع ْ ط ُ و ن َ
ا ِ ت ّ ِ ه ا م ِ ي ّ ٍ
م َ أ ْ م ُ و ل َ ة َ
ا ل أ َ خ ْ م َ ص َ ي ْ
إ ِ ث ا ر َ ة ٌ
ا ل ت ّ َ ط ْ ب ِ ي ع ا ت ُ
ج ُ ر ْ م َ ي ْ
ت َ ح َ ر ّ ِ ي َ
ث َ ع ْ ل َ ب ا ت
م ُ ج ْ ر ِ م ا ت ُ
ت َ ك ْ ذ ِ ي ب ِ
م ُ د ِ ي ر ِ ي ّ َ ت َ ي ْ
ت َ ق ْ د ِ ي م ا ت ٍ
ا ل ت ّ َ د ْ ر ِ ي ب ِ ي ّ َ ت ا ن ِ
ا ل ت ّ َ ن ا ق ُ ض َ
م ُ س ْ ت َ م ْ ل َ ك َ ة ً
ا ِ ح ْ ت ِ ي ا ط َ ي ْ
ت َ ت َ ل ا ف َ ى
ا ل ت ّ َ ك ا م ُ ل ِ ي ّ َ ي ْ
ت ُ ف ْ ن ِ ي ا
إ ِ ث ا ر ا ت ٍ
ح َ ر َ ك ِ ي ّ َ ي ْ ن ِ
ا ل ث ّ َ ع ْ ل َ ب ا
أ َ ب ْ ه َ ي َ ي ْ ن ِ
ت َ ح َ ر ّ ِ ي َ ي ْ
ا ل ف ُ ن ْ د ُ ق ِ ي ّ ُ و ن َ
ت َ ق ْ ل ِ ي د َ ي ْ ن ِ
ص َ ن ا د ِ ي ق ُ
ج ُ ر ْ م َ ي ْ ن ِ
ت َ ح ْ ت َ ل ّ ا ن ِ
ا ل م ُ ح ا ص َ ر ا ت ِ
ت َ ط ْ ب ِ ي ع ٌ
ح َ ر ِ ج ٍ
ت ِ ن ّ ِ ي ن ٍ
ا ل إ ِ د ْ م ا ن َ ي ْ ن ِ
ت ُ ف ْ ن ِ ي َ
ا ل ع ُ م ُ و م ِ ي ّ ِ ي ن َ
و َ ك ِ ي ل ا ت ٍ
ا ل و َ ك ِ ي ل َ ت َ ي ْ ن ِ
ا ل م ُ ج ْ ر ِ م ُ
م ُ س ْ ت َ م ْ ل َ ك َ ت َ ي ْ ن ِ
م ُ ك َ س ّ َ ر ا ت
ب ا ه ِ ظ ُ
أ َ ن ْ ه َ ض ْ ن ا
ا ل آ م ِ ل ا ت ِ
ا ِ ق ْ ت َ ف َ ي ا
ا ل أ َ ر َ ق ّ َ
آ م ِ ل َ ت َ ي ْ ن ِ
ا ل ص ّ ُ ن ْ د ُ و ق َ ي ْ ن ِ
آ م ِ ل ُ و
ا ل ح َ ر َ ك َ ة
أ َ ر ْ ي ا ف ُ
ا ل ت ّ ِ ن ّ ِ ي ن َ ي ْ ن ِ
ا ل ت ّ َ م ْ و ِ ي ل ِ ي ّ
أ َ ر َ ق ّ َ ي ْ
إ ِ د ْ م ا ن ا ن ِ
أ َ ر َ ق ّ َ ي ْ
ا ل ا ِ ت ّ ِ ه ا م ِ ي ّ َ ة ُ
ت َ ص َ ف ّ ُ ح َ
م ُ ت َ و َ ق ّ ِ ع ِ ي ن َ
ا ل ت ّ َ د ْ ر ِ ي ب ِ ي ّ َ ي ْ ن ِ
ا ل ر ّ ا ب ِ ط ا ت ُ
ا ل ب ا ه ِ ظ ِ ي ن َ
ت َ خ ْ ت َ ب ِ ر َ
ا ِ خ ْ ت َ ب َ ر َ
ح َ ر َ ك ِ ي ّ َ ي ْ
ض َ ر َ ر
ت ِ ن ّ ِ ي ن ا
ت َ ح ْ ف ِ ي ز ُ
ت َ س ْ ت َ أ ْ ه ِ ل ا
ي ُ ن ْ ه ِ ض ُ
ب َ ع ْ ث َ ت َ ي ْ
ا ِ ت ّ ِ ه ا م ِ ي ّ َ ت َ ي ْ
ا ل إ ِ ي ط ا ل ِ ي ّ ا ت ِ
ا ل م ُ ت َ و َ ق ّ ِ ع ا ت
ت َ ك ْ ذ ِ ي ب ا ت ِ
إ ِ ي د ا ع ا ت
ل َ م ْ س ِ
م َ ش ا ر ِ ف َ
إ ِ د ْ م ا ن َ
ت َ خ ْ ت َ ب ِ ر ْ
إ ِ ث ا ر َ ت َ ي ْ
ا ل آ م ِ ل ا ت ُ
أ َ ن ْ ه َ ض ْ ت ُ
ت ُ ع َ ظ ّ ِ م ُ و ن َ
ا ل ع َ ر ّ ا ب ِ ي
إ ِ د ْ م ا ن ا ت ُ
س َ ل ِ ي ف َ ي ْ ن ِ
ا ل م ُ ت َ س ا ب ِ ق َ ت َ ي ْ ن ِ
ص َ ح ّ َ ح ْ ت ِ
ر ا ب ِ ط َ ت ا ن ِ
م ُ ج ْ ر ِ م َ
ا ل ح َ ر َ ك ا ت ِ
س ُ و م ِ ر ِ ي ّ ا ن ِ
ي ُ ف ْ ن َ ي ا
م ُ ت َ س ا ب ِ ق ا ن ِ
ش َ ر ا س َ ة
م ُ س ْ ت َ م ْ ل َ ك َ
أ ُ ص َ ح ّ ِ ح ْ
ا ل ج ُ ر ْ م َ
ب ا ه ِ ظ َ ي ْ
غ َ ز ّ ِ ي ّ َ ي ْ ن ِ
ا ل ر ّ ا ب ِ ط َ ت َ ي ْ ن ِ
س ُ م ْ ع َ ة َ
ا ل و ُ ك َ ل ا ء َ
م َ أ ْ م ُ و ل َ ت َ ي ْ ن ِ
ح ِ ص ّ َ ة ُ
ا ل م ا ئ ِ ع َ ت َ ي ْ
ا ل م ُ ت َ س ا ب ِ ق َ ت َ ي ْ ن ِ
ح ِ ص ّ َ ت ا ن ِ
م ُ ع ْ ط ِ ي ا ت
ي َ س ْ ت َ أ ْ ه ِ ل َ
ا ل أ َ ر َ ق ّ ُ
ا ل م ُ ت َ د ا ع ِ ي
ت َ د ْ ر ِ ي ب ِ ي ّ ا ت
ا ل إ ِ ث ا ر ا ت ِ
ت َ ق ْ ل ِ ي د ا ن ِ
ج َ م ْ ع ِ ي ّ ا ت ُ
ا ل أ َ ر َ ق ّ َ ي ْ
آ م ِ ل َ ي ْ
ع ُ م ُ و م ِ ي ّ َ ة ِ
ا ل م ُ ح ا ص َ ر ا ت
ن َ س ْ ت َ أ ْ ه ِ ل ُ
ط َ م ْ س
ا ل ث ّ َ ع ْ ل َ ب
م ُ ع ْ ط ِ ي ن َ
ع ُ م ُ و م ِ ي ّ ُ و ن َ
ص َ ي ْ ر ُ و ر َ ة ُ
ا ل ت ّ َ ق ْ د ِ ي م ا ت
ا ل ب َ ع ْ ث َ ة َ
ا ل ف ُ ن ْ د ُ ق ِ ي ّ َ ت َ ي ْ
أ َ ر َ ق ّ َ ي ْ ن ِ
ا ل م ُ ت َ و َ ق ّ ِ ع ا ت ُ
ي َ ق ْ ت َ ف ِ ي ا
ا ل ح َ ر ِ ج ا ت ُ
ا ل إ ِ ي د ا ع ُ
إ ِ ي ط ا ل ِ ي ّ ِ ي ن َ
إ ِ ي ط ا ل ِ ي ّ ُ و
ح َ ر َ ك ِ ي ّ َ ت ا ن ِ
إ ِ ي ط ا ل ِ ي ّ َ
م َ ل ِ ل ْ ت ُ م
و َ ك ِ ي ل َ ت َ ي ْ
ا ِ ح ْ ت ِ ي ا ط ٌ
ا ل م ُ ت َ س ا ب ِ ق َ ي ْ ن ِ
ا ِ ن ْ ت ِ ح ا ل َ
ت َ ك ا م ُ ل ِ ي ّ َ ة
ت َ ط ْ ب ِ ي ع ا ت
ن ُ ع َ ظ ّ ِ م ْ
د َ ر ّ َ س َ
ا ل آ م ِ ل َ ي ْ
م ُ س ْ ت َ م ْ ل َ ك َ ة َ
ا ل ص ّ َ ي ْ ر ُ و ر َ ة ُ
ا ل ر ّ ا ب ِ ط ا ت ُ
ع َ ر ّ ا ب َ ي ْ
ا ل إ ِ ي ط ا ل ِ ي ّ ِ ي
ا ل ر ّ ا ب ِ ط َ ة َ
