ص ُ ن ْ د ُ و ق ا ن ِ
ا ل آ م ِ ل
ا ل أ َ ض ْ ر ا ر َ
أ َ ج ْ ر ا م ِ
ت ُ د َ ر ّ ِ س ِ ي ن َ
ا ل م َ أ ْ م ُ و ل ا ت ِ
ا ل م ُ ج ْ ر ِ م َ ت َ ي ْ ن ِ
ص ُ ن ْ د ُ و ق ٌ
ا ل ح َ ر َ ك ا ت ِ
ا ل م ُ ج ْ ر ِ م ِ ي ن َ
ا ل م َ ش ْ ر َ ف َ ي ْ ن ِ
ا ل م ُ ج ْ ر ِ م ِ ي ن َ
أ ُ ف ْ ن ِ
ا ل م ُ ت َ د ا ع ِ ي
ا ل م ُ ت َ د ا ع ِ ي َ
ا ل ث ّ َ ع ْ ل َ ب َ ت َ ي ْ
ع َ ر ّ ا ب ا ن ِ
ا ل ب ا ه ِ ظ ا
آ م ِ ل ِ ي
إ ِ ي ط ا ل ِ ي ّ ُ و
م َ أ ْ م ُ و ل ُ
ص َ ي ْ ر ُ و ر َ ة
آ م ِ ل ا
م ُ د ِ ي ر ِ ي ّ َ ة
أ َ خ ْ م َ ص َ ي ْ ن ِ
ي َ س ْ ت َ أ ْ ه ِ ل ا ن ِ
ث َ ع ا ل ِ ب ِ
آ م ِ ل َ ة َ
ا ل آ م ِ ل ُ
ث َ ع ْ ل َ ب َ ة ُ
م ُ ج ْ ر ِ م ِ
ا ل م ُ ت َ و َ ق ّ ِ ع ُ و ن َ
م ُ س ْ ت َ م ْ ل َ ك ُ و ن َ
ا ل إ ِ ع ا ش َ ة َ
ا ل أ َ خ ْ م َ ص َ
ج ُ ر ْ م َ ي ْ
ت َ ن ا ق ُ ض ُ
إ ِ ي ط ا ل ِ ي ّ ا ت ِ
ف ُ ن ْ د ُ ق ِ ي ّ َ
م َ أ ْ م ُ و ل َ ة ٌ
ح َ ر ِ ج َ ي ْ
ج َ م ْ ع ِ ي ّ َ ت ا ن ِ
ا ل م ُ ع ْ ط ِ ي َ
م ُ د ِ ي ر ِ ي ّ َ ة ِ
ا ل إ ِ ع ا ش ا ت ِ
ا ل أ َ ر َ ق ّ ُ
ح َ ر َ ك ِ ي ّ ُ
م ُ ج ْ ر ِ م َ ي ْ ن ِ
ا ل ع ُ م ُ و م ِ ي ّ َ ة ِ
ا ل ح َ ر َ ك ِ ي ّ ا ن ِ
ح َ ر ِ ج ا ت
ا ل م ُ ج ْ ر ِ م ا ت ِ
آ م ِ ل ٍ
ا ل آ م ِ ل َ
ت َ ن ا ق ُ ض َ
ا ل ب َ ع َ ث ا ت ِ
م ُ ت َ و َ ق ّ ِ ع َ ي ْ ن ِ
ع َ ر ّ ا ب ِ
إ ِ ي ط ا ل ِ ي ّ ا ت
إ ِ ي ط ا ل ِ ي ّ َ ي ْ ن ِ
إ ِ د ْ م ا ن َ ي ْ
ع َ ظ ّ َ م ْ ن ا
م ُ س ْ ت َ م ْ ل َ ك َ ت ا ن ِ
ع ُ م ُ و م ِ ي ّ َ ي ْ ن ِ
ب ِ ع ْ ث َ ة
ت َ ك ْ ت ِ ي ل َ
ت َ ك ْ ت ِ ي ل ٍ
ح َ ر ِ ج ا ت ِ
ا ل م ُ ج ْ ر ِ م َ ي ْ
ا ل س ّ َ ل ِ ي ف ا ت ِ
أ َ خ ا م ِ ص ُ
ا ل ح ِ ص َ ص َ
ا ل أ َ ر َ ق ّ ِ
س ُ و م ِ ر ِ ي ّ
إ ِ د ْ م ا ن ا ت ِ
ت ُ د َ ر ّ ِ س ا ن ِ
ا ِ ح ْ ت ِ ي ا ط ا ت ٍ
ص َ ن ا د ِ ي ق َ
م ُ ت َ د ا ع ِ ي َ ي ْ
إ ِ ي ط ا ل ِ ي ّ ِ ي
ا ل س ّ َ ل ِ ي ف ا
ا ل م ُ ع ْ ط ِ ي َ ي ْ
ح ِ ص ّ َ ة
ت َ ك ا م ُ ل ِ ي ّ َ ة َ
م ُ د ِ ي ر ِ ي ّ َ ة
أ َ ر َ ق ّ َ ي ْ
م ُ ج ْ ر ِ م ا ت ِ
م َ ل ِ ل ْ ت ِ
ا ل ع َ ر ّ ا ب َ ت َ ي ْ ن ِ
م ُ س ْ ت َ م ْ ل َ ك ِ
م ُ ج ْ ر ِ م َ ة ٌ
ا ل ر ّ ا ب ِ ط ا ت ِ
ا ِ ق ْ ت َ ف َ ي ْ ت ُ م ا
ع ُ م ُ و م ِ ي ّ َ ت َ ي ْ ن ِ
م ُ ع ْ ط ِ ي ا ت ِ
ا ل ب ا ه ِ ظ َ ت َ ي ْ ن ِ
م ُ ت َ س ا ب ِ ق ا
ا ل إ ِ ي ط ا ل ِ ي ّ َ ة َ
ت َ ح ْ ف ِ ي ز ا ت ِ
ب ا ه ِ ظ ِ ي
ا ل أ َ ر َ ق ّ َ ي ْ
م ُ س ْ ت َ م ْ ل َ ك َ ة
ا ل م ُ ع ْ ط ِ ي َ ت َ ي ْ ن ِ
ا ل ت ّ َ ص َ ف ّ ُ ح ُ
ر ا ب ِ ط ا ن ِ
ت َ خ ْ ت َ ب ِ ر ِ ي
م ُ ت َ س ا ب ِ ق ا ت ٍ
ف ُ ن ْ د ُ ق ِ ي ّ َ
م ُ د ِ ي ر ِ ي ّ َ ت َ ي ْ ن ِ
م ا ئ ِ ع ِ
م َ ت ا ه َ ت َ ي ْ ن ِ
ع َ ر ّ ا ب ا ت ِ
ت َ د ْ ر ِ ي ب ِ ي ّ َ
م ُ س ْ ت َ م ْ ل َ ك َ ة ُ
م ُ ع ْ ط ِ ي
ا ل ع َ ر ّ ا ب ا
إ ِ ي ط ا ل ِ ي ّ ُ
إ ِ ع ا ش ا ت
م ُ ج ْ ر ِ م ٌ
س َ ل ِ ي ف َ ة
ج ُ ر ْ م َ ي ْ ن ِ
ا ل ف ُ ن ْ د ُ ق ِ ي ّ ِ ي ن َ
ا ل ت ّ َ ح َ ر ّ ِ ي ا ت ِ
ح َ ر َ ك ِ ي ّ ا ت ِ
ا ل و َ ك ِ ي ل
ا ل م َ أ ْ م ُ و ل َ ت ا ن ِ
ع َ ر ّ ا ب ِ ي ن َ
م ُ ع ْ ط ِ ي ا ت ُ
ا ل د ّ ُ س ْ ت ُ و ر ِ ي ّ َ ة
ا ل س ّ َ ل ِ ي ف ا ت
ا ل م ُ ج ْ ر ِ م ِ
ت َ ق ا ل ِ ي د َ
ا ل م ُ ع ْ ط ِ ي ا ت ِ
ا ل أ َ ر ْ ي ا ف ُ
ت ُ ن ْ ه َ ض ا
أ َ ب ْ ه َ ى
ا ل ب ِ ع ْ ث َ ت َ ي ْ
ا ل و َ ك ِ ي ل َ ت َ ي ْ ن ِ
ت َ ح ْ ت َ ل ِ ل ْ
ج َ م ْ ع ِ ي ّ َ ة
ا ل م ُ ت َ و َ ق ّ ِ ع َ ة ِ
ا ل إ ِ ي ط ا ل ِ ي ّ َ ت َ ي ْ
ل َ ص ّ َ ق ْ ن ا
ا ل ع ُ م ُ و م ِ ي ّ ا ت ُ
ي َ ح ْ ت َ ل ّ ا ن ِ
ا ل إ ِ د ْ م ا ن ا ت ِ
ا ل ت ّ َ م ْ و ِ ي ل ِ ي ّ ِ ي
ت َ ص َ ف ّ ُ ح ِ
ا ل م ُ ت َ و َ ق ّ ِ ع َ ت َ ي ْ ن ِ
ا ل ا ِ ت ّ ِ ه ا م ِ ي ّ َ ي ْ ن ِ
ص ُ ن ْ د ُ و ق ا ن ِ
س ُ ل َ ف ا ء َ
ا ل م ُ س ْ ت َ م ْ ل َ ك َ ي ْ ن ِ
ح ِ ص َ ص َ
آ م ِ ل ا ت
م ُ س ْ ت َ م ْ ل َ ك ا
إ ِ ي ط ا ل ِ ي ّ ِ ي ن َ
ت َ ح ْ ت َ ل ّ ا ن ِ
ت َ د ْ ر ِ ي ب ِ ي ّ ا ً
ح َ ر َ ك ِ ي ّ ُ
ص َ ح ّ َ ح ْ ت ُ ن ّ َ
إ ِ د ْ م ا ن ِ
ا ِ ح ْ ت ِ ي ا ط ا ت ٌ
ش َ ر ا س َ ة َ
ا ل و َ ك ِ ي ل َ ي ْ
م ُ ح ا ص َ ر ا ت ُ
م ُ ج ْ ر ِ م َ ة ً
آ م ِ ل ا ت ِ
م ُ ت َ س ا ب ِ ق ا ت
ب ا ه ِ ظ ا ت ِ
إ ِ ي د ا ع ا ت ِ
ا ل ا ِ ت ّ ِ ه ا م ِ ي ّ َ ة َ
ا ل م ُ ج ْ ر ِ م َ ي ْ
ب ِ ع ْ ث َ ة ٌ
ع َ ر ّ ا ب ُ و
ص ُ ن ْ د ُ و ق ا
س ُ و م ِ ر ِ ي ّ َ ت َ ي ْ ن ِ
ت َ ن ا ن ِ ي ن
ا ل ب ا ه ِ ظ َ ت َ ي ْ ن ِ
م ُ د ِ ي ر ِ ي ّ َ ة ٍ
ا ل غ َ ز ّ ِ ي ّ َ ة ِ
ت ِ ن ّ ِ ي ن َ ي ْ ن ِ
ت َ ك ْ ت ِ ي ل ا ت ٍ
ا ل أ َ ر ُ ز ّ ُ
أ َ ر َ ق ّ َ ي ْ ن ِ
س َ ل ِ ي ف ِ
إ ِ ي ط ا ل ِ ي ّ ا ن ِ
ا ل ت ّ َ م ْ و ِ ي ل ِ ي ّ َ ت َ ي ْ
ي ُ ص َ ح ّ ِ ح ُ و ن َ
ت ُ د َ ر ّ ِ س ُ
ا ل ا ِ ح ْ ت ِ ي ا ط
ت َ ح ْ ت َ ل ّ ا
ت َ م ْ و ِ ي ل ِ ي ّ َ ة َ
ا ل ت ّ َ ق ْ د ِ ي م ِ
إ ِ د ْ م ا ن ِ
م ُ س ْ ت َ م ْ ل َ ك َ ت َ ي ْ
ا ل ح َ ر َ ك ِ ي ّ َ ت َ ي ْ ن ِ
ا ل م ُ ح ا ص َ ر َ ت ا ن ِ
أ َ ت َ ل ا ف َ ى
ص َ ر ا م َ ة ُ
ا ل ر ّ ا ب ِ ط َ
ا ل آ م ِ ل ا ت
ت َ ح َ ر ّ ِ ي ا ت ُ
ا ِ ض ْ م َ ح ْ ل َ ل ْ ن َ
د َ ر ّ َ س ُ و ا
ا ل غ َ ز ّ ِ ي ّ َ
ب ا ه ِ ظ َ ة ِ
ا ل ت ّ ِ ن ّ ِ ي ن َ ي ْ
م ُ ج ْ ر ِ م ِ
ح ِ ص َ ص َ
آ م ِ ل َ ي ْ ن ِ
أ َ م َ ل ّ ُ
ا ل ب ا ه ِ ظ َ ة َ
ص َ ح ّ َ ح ا
م ُ ت َ س ا ب ِ ق ُ و
م ُ ت َ و َ ق ّ ِ ع ِ ي ن َ
ح ِ ص َ ص ٍ
ض َ ر َ ر ُ
أ َ ن ْ ه َ ض َ ت
ي ُ ف ْ ن َ ى
آ م ِ ل َ ت َ ي ْ ن ِ
ف ُ ن ْ د ُ ق ِ ي ّ ِ
ا ل أ َ ر َ ق ّ َ ي ْ
ا ل ت ّ َ د ْ ر ِ ي ب ِ ي ّ ا
ا ِ ت ّ ِ ه ا م ِ ي ّ َ ة ِ
م ُ ت َ س ا ب ِ ق َ ة ِ
ن َ ض ْ م َ ح ِ ل ّ َ
إ ِ ث ا ر َ ة ِ
ت َ م ْ و ِ ي ل ِ ي ّ ا ت
إ ِ ث ا ر ا ت ِ
أ َ ر َ ق ّ ا ن ِ
إ ِ د ْ م ا ن ا ت
ا ل م ُ ج ْ ر ِ م َ ة َ
ف ُ ن ْ د ُ ق ِ ي ّ َ ي ْ ن ِ
ا ل م ُ س ْ ت َ م ْ ل َ ك ِ ي
ا ل آ م ِ ل ُ
م ا ئ ِ ع َ ة ُ
ا ل إ ِ ي ط ا ل ِ ي ّ َ ي ْ
ي َ ت َ ل ا ف َ ي ا ن ِ
ا ل ا ِ ح ْ ت ِ ي ا ط َ ي ْ
أ َ ر َ ق ّ ِ
ل َ م ْ س ا ً
ف ُ ن ْ د ُ ق ِ ي ّ ا ت ُ
ث َ ع ْ ل َ ب ا ت ِ
ا ل ج َ م ْ ع ِ ي ّ َ ة َ
ف ُ ن ْ د ُ ق ِ ي ّ َ ة ِ
ا ل م ُ س ْ ت َ م ْ ل َ ك
ا ل إ ِ ي ط ا ل ِ ي ّ ا
ا ل إ ِ ي ط ا ل ِ ي ّ ا
ا ل م ُ ت َ س ا ب ِ ق ِ ي ن َ
آ م ِ ل َ ة َ
ا ل إ ِ ث ا ر َ ت َ ي ْ ن ِ
م ُ س ْ ت َ م ْ ل َ ك َ
أ َ ر َ ق ّ َ
س َ ل ِ ي ف َ ة ُ
ا ل ح َ ر َ ك َ ة ُ
آ م ِ ل
ا ل آ م ِ ل ِ ي ن َ
ف ُ ن ْ د ُ ق ِ ي ّ ا ت ِ
ا ل م ُ س ْ ت َ م ْ ل َ ك ُ و
ح ِ ص ّ َ ة
أ َ ر َ ق ّ ا ن ِ
ت َ ح ْ ف ِ ي ز ا ت
ا ل م ُ ج ْ ر ِ م َ ت َ ي ْ
ت َ د ْ ر ِ ي ب ِ ي ّ َ ي ْ ن ِ
س ُ و م ِ ر ِ ي ّ َ
م ُ ت َ و َ ق ّ ِ ع َ ة ً
ح َ ر َ ك ِ ي ّ ا ن ِ
أ َ س ْ ل َ م َ ت َ ي ْ
ت َ ت َ ل ا ف َ ى
ح َ ر ِ ج ِ
ا ل أ َ ر َ ق ّ
ا ل م ُ س ْ ت َ م ْ ل َ ك َ ي ْ
ا ل ا ِ ت ّ ِ ه ا م ِ ي ّ َ ت َ ي ْ
ا ل ح َ ر َ ك ِ ي ّ ِ
إ ِ ي ط ا ل ِ ي ّ َ ت ا ن ِ
أ َ ر َ ق ّ َ ي ْ ن ِ
ف ُ ن ْ د ُ ق ِ ي ّ ُ و
ا ل ب ا ه ِ ظ َ ي ْ
ا ل س ّ َ ل ِ ي ف َ ي ْ
ل َ ص ّ َ ق ْ ت ُ ن ّ َ
أ َ خ ا م ِ ص َ
ت َ م ْ و ِ ي ل ِ ي ّ ُ
ا ل ت ّ َ م ْ و ِ ي ل ِ ي ّ ا ت ِ
ت َ ل ا ف َ ي ْ ت ُ م ا
م ُ ك َ س ّ َ ر ا ت ٍ
ح َ ر َ ك ِ ي ّ َ ة َ
ا ل آ م ِ ل َ ة ُ
ح َ ر َ ك ِ ي ّ َ ة ُ
ت ُ ن ْ ه َ ض ا ن ِ
آ م ِ ل
ع َ ر ّ ا ب َ ة ُ
ا ل م َ ت ا ه َ ت َ ي ْ
ت َ د ْ ر ِ ي ب ِ ي ّ ا ت
ع َ ظ ّ َ م ْ ن َ
ت َ ح َ ر ّ ِ ي َ ي ْ ن ِ
م ُ ت َ س ا ب ِ ق َ ة
م ُ س ْ ت َ م ْ ل َ ك َ ة ِ
و َ ك ِ ي ل ا
ج ُ ر ُ و م َ
ر ا ب ِ ط ا ت
ر ُ ز ّ َ
س َ ل ِ ي ف ِ
م ُ ع ْ ط ِ ي َ ي ْ
ب َ ع ْ ث َ ة ُ
آ م ِ ل َ ت ا
م ُ ج ْ ر ِ م ِ ي
ر ا ب ِ ط ا ت ِ
ح َ ر َ ك ِ ي ّ َ ت َ ي ْ
أ َ ر َ ق ّ ا ن ِ
ي ُ ص َ ح ّ ِ ح ُ و ا
م ُ س ْ ت َ م ْ ل َ ك َ ي ْ
ا ل م ُ ج ْ ر ِ م ِ ي
ا ل س ّ ُ و م ِ ر ِ ي ّ َ ي ْ
م ُ س ْ ت َ م ْ ل َ ك َ ة ُ
ج َ م ْ ع ِ ي ّ َ ة ً
م ُ ع ْ ط ِ ي َ ي ْ
إ ِ ي ط ا ل ِ ي ّ ِ ي ن َ
أ َ ب ْ ه ا
ت ُ ن ْ ه َ ض ُ و ا
م ُ ع ْ ط ِ ي َ ي ْ
ا ل ص ّ ُ ن ْ د ُ و ق ِ
ت َ ن ا ق ُ ض ا ت ِ
م ُ ج ْ ر ِ م ا ت ِ
إ ِ ع ا ش َ ت َ ي ْ ن ِ
ث َ ع ا ل ِ ب َ
ت َ ح ْ ت َ ل ّ ُ
ي ُ د َ ر ّ ِ س ا ن ِ
آ م ِ ل ِ
ب ا ه ِ ظ َ ي ْ ن ِ
ا ل إ ِ ع ا ش َ ت َ ي ْ
ا ل أ َ ر َ ق ّ ا
س ُ و م ِ ر ِ ي ّ َ ي ْ ن ِ
آ م ِ ل ا
م ُ ت َ و َ ق ّ ِ ع ُ و
أ َ س ْ ت َ أ ْ ه ِ ل ُ
ت َ د ْ ر ِ ي ب ِ ي ّ َ ي ْ ن ِ
ا ل ح َ ر َ ك ِ ي ّ
ا ل آ م ِ ل ا ت ُ
ا ل م ُ ت َ د ا ع ِ ي َ ة ِ
إ ِ ي ط ا ل ِ ي ّ ا ت ُ
ا ل ت ّ َ د ْ ر ِ ي ب ِ ي ّ ِ
ي ُ ف ْ ن َ ي ْ ن َ
إ ِ ع ا ش َ ت َ ي ْ ن ِ
و َ ك ِ ي ل ا
ت َ ق ا ل ِ ي د
ا ل م َ ش ْ ر َ ف ِ
غ َ ز ّ ِ ي ّ َ ة
ا ل إ ِ ي ط ا ل ِ ي ّ ا ت ُ
م ُ ج ْ ر ِ م َ ة ٍ
ا ل س ّ ُ و م ِ ر ِ ي ّ ُ و ن َ
ا ل ت ّ َ ح ْ ف ِ ي ز ا ت ُ
ح َ ر ِ ج َ
ب َ ع َ ث ا ت ِ
ا ل آ م ِ ل َ ة َ
ث َ ع ْ ل َ ب َ ة ً
س ُ و م ِ ر ِ ي ّ َ ة
ي َ ح ْ ت َ ل ِ ل ْ
ث َ ع ْ ل َ ب َ ي ْ ن ِ
أ َ خ ْ م َ ص ِ
م ُ ح ا ص َ ر ا ت ٌ
إ ِ ي ط ا ل ِ ي ّ َ ة ُ
ب ِ ع ْ ث َ ت َ ي ْ
ا ل و ُ ك َ ل ا ء ِ
م ا ئ ِ ع َ ة
ا ل ب ا ه ِ ظ
ت َ ن ا ن ِ ي ن ُ
س ُ م ْ ع َ ة ٍ
ا ل س ّ َ ل ِ ي ف َ ت َ ي ْ ن ِ
ا ل م ُ ت َ د ا ع ِ ي َ ي ْ
ا ل م ُ ت َ س ا ب ِ ق ا ت ِ
ح َ ر َ ك ِ ي ّ ا
و َ د ّ َ ع ْ ت ُ ن ّ َ
ي َ ت َ ل ا ف َ ي ا
س ُ و م ِ ر ِ ي ّ ا ً
ا ل و َ ك ِ ي ل َ ة
ا ل إ ِ ي ط ا ل ِ ي ّ َ
إ ِ ي ط ا ل ِ ي ّ ُ
ا ل ت ّ َ ح ْ ف ِ ي ز ا ت ِ
ا ل أ َ ر َ ق ّ ُ
ا ل م ُ ت َ س ا ب ِ ق َ ت َ ي ْ ن ِ
ا ل ت ّ َ ك ْ ذ ِ ي ب
ن َ م َ ل ّ َ
ا ِ خ ْ ت َ ب َ ر ْ ت ُ ن ّ َ
ت ُ ن ْ ه ِ ض ُ و ا
آ م ِ ل َ ت ا ن ِ
ح َ ر ِ ج ا ً
ا ل م ُ ت َ د ا ع ِ ي ن َ
ا ل م َ أ ْ م ُ و ل َ ي ْ ن ِ
ع ُ م ُ و م ِ ي ّ ِ ي ن َ
ع َ ر ّ ا ب ا ت
س ُ و م ِ ر ِ ي ّ ا
ت َ ق ْ ل ِ ي د َ ي ْ
س ُ و م ِ ر ِ ي ّ َ ة ٌ
ا ل إ ِ د ْ م ا ن َ ي ْ
ا ل م ُ ت َ س ا ب ِ ق َ ت َ ي ْ
م َ أ ْ م ُ و ل َ ة ُ
ج َ م ْ ع ِ ي ّ َ ة ُ
ح َ ر ِ ج َ ت َ ي ْ
م ُ ت َ و َ ق ّ ِ ع َ ي ْ ن ِ
م ُ ج ْ ر ِ م ا
إ ِ ي ط ا ل ِ ي ّ ِ ي ن َ
ا ل ت ّ َ ط ْ ب ِ ي ع
م ُ ح ا ص َ ر ا ت
إ ِ ع ا ش ا ت ُ
ص َ ح ّ َ ح َ ت ا
ر ا ب ِ ط ا
ا ل م ُ د ِ ي ر ِ ي ّ َ ت َ ي ْ
و َ ك ِ ي ل ا ت
م ُ ج ْ ر ِ م ِ
ت َ ك ا م ُ ل ِ ي ّ َ ة
و َ ك ِ ي ل َ ة ِ
ا ِ ض ْ م َ ح ْ ل َ ل ْ ت ِ
ت َ ح ْ ف ِ ي ز ٌ
ا ل م ا ئ ِ ع َ ة َ
ا ِ ت ّ ِ ه ا م ِ ي ّ َ ت َ ي ْ
ا ل ت ّ َ د ْ ر ِ ي ب ِ ي ّ َ ت ا
م ُ ت َ س ا ب ِ ق َ ي ْ
ل َ م ْ س ُ
ت َ د ْ ر ِ ي ب ِ ي ّ ِ ي
ت َ ط ْ ب ِ ي ع ِ
ع َ ر ّ ا ب َ ي ْ ن ِ
س ُ و م ِ ر ِ ي ّ ا ت
س َ ل ِ ي ف َ ة
ي ُ ن ْ ه َ ض ْ
ا ِ ح ْ ت ِ ي ا ط ٍ
م ُ س ْ ت َ م ْ ل َ ك َ ي ْ ن ِ
م ُ ت َ و َ ق ّ ِ ع ا ت
ل َ م ْ س َ
ا ل م ُ د ِ ي ر ِ ي ّ َ ت َ ي ْ ن ِ
م ُ ع ْ ط ِ ي
ا ل أ َ ر َ ق ّ َ ي ْ
ع َ ر ّ ا ب َ ة
ا ل ب َ ع َ ث ا ت
ج َ م ْ ع ِ ي ّ ا ت ُ
ا ل أ َ ر َ ق ّ َ ي ْ
أ َ ر َ ق ّ َ ي ْ
إ ِ ي ط ا ل ِ ي ّ َ ي ْ
ت ُ ص َ ح ّ ِ ح ا ن ِ
م ُ ج ْ ر ِ م َ ت َ ي ْ ن ِ
آ م ِ ل ُ و ن َ
ب ِ ع ْ ث َ ت َ ي ْ ن ِ
م ُ ت َ و َ ق ّ ِ ع
ا ل ث ّ َ ع ا ل ِ ب ِ
ا ل ت ّ َ ك ْ ذ ِ ي ب ا ت ِ
م ُ ج ْ ر ِ م َ ة
ت َ ق ْ ت َ ف ِ ي
إ ِ ي ط ا ل ِ ي ّ َ ي ْ
ح َ ر ِ ج َ ة َ
ي ُ ف ْ ن ُ و ا
ا ِ ح ْ ت ِ ي ا ط َ ي ْ ن ِ
ا ل ح ِ ص َ ص ِ
ا ل إ ِ ي ط ا ل ِ ي ّ َ ت َ ي ْ ن ِ
أ َ س ْ ل َ م َ ت َ ي ْ
ا ل س ّ َ ل ِ ي ف َ ة ُ
ت َ م ْ و ِ ي ل ِ ي ّ َ
ت َ ك ا م ُ ل ِ ي ّ َ ي ْ
أ ُ ن ْ ه ِ ض ُ
ا ل م ُ س ْ ت َ م ْ ل َ ك ا ت
و َ ك ِ ي ل َ ت ا ن ِ
ت َ ط ْ ب ِ ي ع ا ن ِ
ت َ م َ ل ّ ُ و ا
ت َ د ْ ر ِ ي ب ِ ي ّ ا ت ٍ
ت َ ك ْ ت ِ ي ل ا ت ِ
م ُ ج ْ ر ِ م َ ي ْ
ت ُ ع َ ظ ّ ِ م ْ ن َ
ب ا ه ِ ظ ُ
ي ُ د َ ر ّ ِ س ْ
إ ِ ي ط ا ل ِ ي ّ َ ة
أ َ ر َ ق ّ َ
م ُ ت َ د ا ع ِ ي َ ت َ ي ْ ن ِ
ا ل إ ِ ي ط ا ل ِ ي ّ ِ
ا ل ث ّ َ ع ْ ل َ ب ا ت ُ
م َ أ ْ م ُ و ل ِ ي ن َ
م ُ ج ْ ر ِ م ِ ي ن َ
ا ل م ا ئ ِ ع ِ
س ُ و م ِ ر ِ ي ّ ِ ي ن َ
ي ُ ع َ ظ ّ ِ م ا
ب ا ه ِ ظ ا ت
م ُ ع ْ ط ِ ي َ ي ْ ن ِ
ص ُ ن ْ د ُ و ق َ ي ْ
ا ل م ُ ع ْ ط ِ ي َ ت َ ي ْ
ا ل ح َ ر ِ ج َ ت َ ي ْ ن ِ
و َ د ّ َ ع ْ ت َ
ر ا ب ِ ط ا ت ٍ
ا ل ح َ ر َ ك ِ ي ّ ُ
ت َ ق ْ ل ِ ي د ا ً
م ُ ح ا ص َ ر َ ت َ ي ْ ن ِ
ا ل ح َ ر ِ ج َ ي ْ ن ِ
ن َ ت َ ل ا ف َ ى
ا ل م ُ ح ا ص َ ر َ ت َ ي ْ ن ِ
ر ا ب ِ ط ِ ي
ا ل ر ّ ِ ي ف ِ
ت ُ ف ْ ن َ ى
م ُ ت َ و َ ق ّ ِ ع َ ة
ا ل غ َ ز ّ ِ ي ّ َ ي ْ ن ِ
ح َ ر َ ك ِ ي ّ ا ت
ت َ ك ا م ُ ل ِ ي ّ َ ة َ
س َ ل ِ ي ف ا ت ِ
أ َ س ْ ل َ م َ ة َ
ت ُ ع َ ظ ّ ِ م ُ و ا
غ َ ز ّ ِ ي ّ َ ت َ ي ْ
ر ا ب ِ ط ا ت ِ
ح َ ر ِ ج َ ي ْ
ا ِ ن ْ ت ِ ح ا ل ا ت ُ
ا ِ خ ْ ت َ ب َ ر ْ ت َ
ت َ د ْ ر ِ ي ب ِ ي ّ َ ي ْ
ا ل أ َ ب ْ ه َ ي ا
ت َ ص َ ف ّ ُ ح
ت َ ص َ ف ّ ُ ح ٌ
أ َ ب ْ ه ا
ت َ س ْ ت َ أ ْ ه ِ ل ُ و ا
ا ل م ُ ت َ و َ ق ّ ِ ع َ ة ِ
ا ِ ن ْ ت ِ ح ا ل ا ً
ا ِ ح ْ ت ِ ي ا ط ا ت ِ
ا ل س ّ ُ و م ِ ر ِ ي ّ
ا ل ت ّ َ ص َ ف ّ ُ ح ا ت ِ
ا ل م ُ ت َ س ا ب ِ ق َ ي ْ
م ا ئ ِ ع َ ت َ ي ْ
ا ِ ح ْ ت ِ ي ا ط ا ت ِ
ا ل ح َ ر َ ك ِ ي ّ َ ة َ
ت َ د ْ ر ِ ي ب ِ ي ّ َ ت َ ي ْ
ا ل إ ِ ع ا ش ا ت ِ
أ َ ض ْ ر ا ر ا ً
ا ِ ح ْ ت ِ ي ا ط ا ن ِ
ا ل غ َ ز ّ ِ ي ّ َ
ا ل س ّ ُ و م ِ ر ِ ي ّ ا ت ِ
ا ل ح ِ ص ّ َ ة َ
ا ل أ َ ر ْ ي ا ف
ح َ ر َ ك َ ة ِ
آ م ِ ل ِ ي ن َ
م َ أ ْ م ُ و ل َ
ا ل م ا ئ ِ ع َ ة ِ
م ُ ج ْ ر ِ م َ ة ِ
م ُ ع ْ ط ِ ي ا
ت َ م َ ل ّ َ
أ ُ ف ْ ن ِ ي َ
ا ل م ُ ت َ د ا ع ِ ي َ ة َ
ا ل س ّ َ ل ِ ي ف ا ن ِ
ع َ ر ّ ا ب ا ت ُ
ا ل إ ِ ي ط ا ل ِ ي ّ ُ
ر ا ب ِ ط َ ة
ا ل م ُ س ْ ت َ م ْ ل َ ك َ ت َ ي ْ
ا ل م ُ ج ْ ر ِ م َ ة َ
ا ل ر ّ ِ ي ف
ا ل ع ُ م ُ و م ِ ي ّ َ ي ْ
أ َ خ ْ م َ ص َ
ع َ ر ّ ا ب َ ة
ت َ م ْ و ِ ي ل ِ ي ّ َ ة ٍ
إ ِ ي د ا ع َ
ت َ م ْ و ِ ي ل ِ ي ّ ا ت ِ
م َ أ ْ م ُ و ل ا ت ِ
ع ُ م ُ و م ِ ي ّ ِ ي
م ُ س ْ ت َ م ْ ل َ ك ُ و ن َ
ح َ ر َ ك ا ت ٌ
ت َ ق ْ ل ِ ي د ٌ
ا ِ ح ْ ت ِ ي ا ط ا ت ٍ
آ م ِ ل َ ة
م َ أ ْ م ُ و ل ِ ي
ب ا ه ِ ظ ِ
س ُ و م ِ ر ِ ي ّ ا ت ِ
ا ل ل ّ َ م ْ س
ي َ ح ْ ت َ ل ّ َ
س َ ل ِ ي ف َ ت َ ي ْ
ا ل م ُ ج ْ ر ِ م َ ة ُ
ا ل م ُ ت َ س ا ب ِ ق ِ
ا ل إ ِ ي ط ا ل ِ ي ّ َ ي ْ
ا ِ ت ّ ِ ه ا م ِ ي ّ َ ي ْ ن ِ
ا ل آ م ِ ل َ ت َ ي ْ
ا ِ ن ْ ت ِ ح ا ل ا ت
ا ل أ َ ر َ ق ّ ُ
آ م ِ ل ا ت ِ
إ ِ د ْ م ا ن ا ت
أ َ س ْ ل َ م َ ت َ ي ْ ن ِ
ا ل أ َ س ْ ل َ م َ ة
ا ل ع ُ م ُ و م ِ ي ّ َ ت َ ي ْ ن ِ
م ُ ج ْ ر ِ م ُ و ن َ
ا ل أ َ خ ا م ِ ص
م ُ ت َ د ا ع ِ ي ا ت ُ
ب ا ه ِ ظ ا ت ٌ
ا ل أ َ ر َ ق ّ َ
ا ل ت ّ َ م ْ و ِ ي ل ِ ي ّ َ ة
ا ل آ م ِ ل ا ت ِ
ي ُ ن ْ ه َ ض ُ و ن َ
ا ل آ م ِ ل َ
ت َ ك ا م ُ ل ِ ي ّ َ
م ُ ع ْ ط ِ ي َ ت ا
ا ل ض ّ َ ر َ ر ُ
أ َ ج ْ ر ا م َ
ا ل آ م ِ ل َ ت َ ي ْ ن ِ
د ُ س ْ ت ُ و ر ِ ي ّ َ ة ٌ
ت َ ك ا م ُ ل ِ ي ّ َ ت َ ي ْ
ا ل ا ِ ح ْ ت ِ ي ا ط ا ت
ا ل أ َ ض ْ ر ا ر ِ
ا ل ح َ ر َ ك َ ت َ ي ْ ن ِ
ح ِ ص ّ َ ت َ ي ْ
ا ل م ُ ع ْ ط ِ ي ا ت
ا ل ح َ ر َ ك ِ ي ّ ا ت ُ
ا ل أ َ ر َ ق ّ ِ
غ َ ز ّ ِ ي ّ َ ت ا ن ِ
ت َ ط ْ ب ِ ي ع َ ي ْ
ص َ ر ا م َ ة
ح َ ر ِ ج ا ت ُ
ت ُ د َ ر ّ ِ س ُ و ن َ
ن ُ ص َ ح ّ ِ ح ُ
ا ل م َ أ ْ م ُ و ل َ
م ُ س ْ ت َ م ْ ل َ ك َ ة
أ ُ د َ ر ّ ِ س ُ
م َ ل ِ ل ْ ت ُ
ا ل آ م ِ ل ِ
ا ل أ َ خ ْ م َ ص
ص َ ر ا م َ ة َ
ا ل أ َ خ ْ م َ ص َ ي ْ ن ِ
آ م ِ ل ا ن ِ
أ َ ر َ ق ّ َ ي ْ
أ َ ر َ ق ّ ُ
م ُ ت َ د ا ع ُ و ن َ
ا ل ب ا ه ِ ظ ُ
ط َ م ْ س َ
ا ِ ق ْ ت َ ف َ ي ْ ت ِ
د َ ر ّ َ س ْ ن ا
أ َ ر َ ق ّ ِ
ا ل ح َ ر ِ ج ا ت
ت ُ ف ْ ن ِ ي
م ُ ت َ د ا ع ِ ي َ ة ِ
ب ا ه ِ ظ َ ت َ ي ْ
ت َ ح َ ر ّ ِ ي ا ن ِ
ا ل م ُ ت َ س ا ب ِ ق ِ ي
ث َ ع ْ ل َ ب َ ي ْ ن ِ
ث َ ع ْ ل َ ب َ ت َ ي ْ ن ِ
ا ل ب َ ع ْ ث َ ة ُ
س َ ل ِ ي ف َ ت َ ي ْ ن ِ
ا ل م َ أ ْ م ُ و ل ا ن ِ
أ َ خ ا م ِ ص ِ
س َ ل ِ ي ف َ ت َ ي ْ
س ُ و م ِ ر ِ ي ّ َ ت ا ن ِ
ا ل ت ّ َ ق ْ ل ِ ي د َ ي ْ ن ِ
س ُ و م ِ ر ِ ي ّ َ ت َ ي ْ
ا ل آ م ِ ل ِ
ا ل ع ُ م ُ و م ِ ي ّ ا ت
س ُ و م ِ ر ِ ي ّ ُ و ن َ
س َ ل ِ ي ف ا ت ٍ
ض َ ر َ ر ُ
ت َ م ْ و ِ ي ل ِ ي ّ َ ة ٌ
ر ا ب ِ ط ا ن ِ
ت َ د ْ ر ِ ي ب ِ ي ّ َ ة ِ
ا ل م ُ ت َ س ا ب ِ ق ا ت ِ
د ُ س ْ ت ُ و ر ِ ي ّ َ ة
ت ُ و َ د ّ ِ ع ُ و ن َ
ا ل م ُ س ْ ت َ م ْ ل َ ك َ ت َ ي ْ ن ِ
ا ل آ م ِ ل ُ و
ص ُ ن ْ د ُ و ق ٍ
ث َ ع ْ ل َ ب َ ي ْ
ا ل م ُ ج ْ ر ِ م ا ت
م ُ س ْ ت َ م ْ ل َ ك ٍ
م َ ش ْ ر َ ف َ ي ْ ن ِ
ا ل ر ّ ا ب ِ ط ُ و
إ ِ ي ط ا ل ِ ي ّ َ ة
م ُ ح ا ص َ ر ا ت
ث َ ع ْ ل َ ب ا ت ُ
م ُ ت َ س ا ب ِ ق َ ة ُ
أ َ ف ْ ن َ ى
ا ل أ َ ر َ ق ّ ا ن ِ
ا ل أ َ ر َ ق ّ َ
ت َ ت َ ل ا ف َ
م ُ ع ْ ط ِ ي َ ة ِ
ت َ ن ا ق ُ ض ا ت ٌ
آ م ِ ل َ ة
م ُ ج ْ ر ِ م َ ت َ ي ْ
ت َ م ْ و ِ ي ل ِ ي ّ َ ي ْ
إ ِ ي ط ا ل ِ ي ّ َ ة ِ
م ُ ت َ و َ ق ّ ِ ع َ ت َ ي ْ ن ِ
ح َ ر َ ك َ ة ٌ
ع َ ر ّ ا ب َ ة ِ
ا ل ف ُ ن ْ د ُ ق ِ ي ّ ا ن ِ
ي َ س ْ ت َ أ ْ ه ِ ل ْ
ا ِ س ْ ت َ أ ْ ه َ ل ْ ت ُ م
ا ِ ق ْ ت َ ف َ ي ْ ت ُ م
ا ِ ت ّ ِ ه ا م ِ ي ّ َ ت ا
ت َ ط ْ ب ِ ي ع ا ت ِ
ا ل م ُ ت َ د ا ع ِ ي ا
ا ل ب َ ع ْ ث َ ت َ ي ْ
و َ ك ِ ي ل َ ت َ ي ْ
ت َ ح َ ر ّ ِ ي ا ت ِ
ت َ ح َ ر ّ ِ ي ا ت ِ
ت ُ ف ْ ن ِ ي ن َ
ا ل ت ّ َ ط ْ ب ِ ي ع ُ
س َ ل ِ ي ف ا ت ٌ
و َ د ّ َ ع ا
أ َ ب ْ ه َ ي ا ن ِ
ا ل ف ُ ن ْ د ُ ق ِ ي ّ ا ت ُ
ب َ ع ْ ث َ ت َ ي ْ ن ِ
ا ِ ت ّ ِ ه ا م ِ ي ّ َ ت َ ي ْ ن ِ
ا ل م ُ ت َ س ا ب ِ ق َ ت َ ي ْ
ج ُ ر ُ و م ِ
آ م ِ ل ٌ
ا ل ت ّ َ د ْ ر ِ ي ب ِ ي ّ ُ و ن َ
ت َ ص َ ف ّ ُ ح ا ت ُ
إ ِ ع ا ش َ ة
ع َ ر ّ ا ب ِ ي
ص َ ي ْ ر ُ و ر َ ة ٍ
ن َ م ْ ل َ ل ْ
ص ُ ن ْ د ُ و ق َ ي ْ ن ِ
م ُ ح ا ص َ ر ا ت
ع َ ظ ّ َ م ْ ت ِ
ت َ خ ْ ت َ ب ِ ر ا ن ِ
ا ل ت ّ َ ك ْ ذ ِ ي ب ا ت ُ
ح َ ر ِ ج ا ت
ا ل س ّ َ ل ِ ي ف َ ي ْ ن ِ
ا ل م ُ ج ْ ر ِ م ُ و ن َ
ا ل إ ِ ي ط ا ل ِ ي ّ َ ت َ ي ْ ن ِ
ت َ ح َ ر ّ ِ ي ا ت
ح ِ ص ّ َ ة ٍ
ا ل م ُ ت َ د ا ع ِ ي
ا ل م ُ س ْ ت َ م ْ ل َ ك َ ي ْ ن ِ
ا ل م ُ ت َ س ا ب ِ ق َ ي ْ
أ َ ر ْ ي ا ف ٌ
س ُ م ْ ع َ ة ُ
م ُ س ْ ت َ م ْ ل َ ك َ ت ا ن ِ
ا ِ ح ْ ت َ ل َ ل ْ ن ا
ت َ ص َ ف ّ ُ ح ا ت ِ
ا ل م ا ئ ِ ع َ ة ُ
ت َ ك ا م ُ ل ِ ي ّ َ ت َ ي ْ
ا ل أ َ خ ا م ِ ص ِ
ا ِ خ ْ ت َ ب َ ر ا
ت َ ق ْ ت َ ف ِ ي ْ ن َ
ح ِ ص ّ َ ة
ت ُ ل َ ص ّ ِ ق ا
ا ل ف ُ ن ْ د ُ ق ِ ي ّ َ ة ُ
ا ل ع َ ر ّ ا ب ِ
ا ل م ُ ج ْ ر ِ م ا ت ُ
ي ُ ل َ ص ّ ِ ق ُ
ا ل ا ِ ح ْ ت ِ ي ا ط َ ي ْ ن ِ
أ َ ف ْ ن َ ي ْ ت ُ م ا
ي ُ د َ ر ّ ِ س ُ و ن َ
أ َ خ ا م ِ ص َ
إ ِ ي ط ا ل ِ ي ّ ِ ي ن َ
ا ل ر ّ ا ب ِ ط ا ت ِ
آ م ِ ل ِ
ح َ ر َ ك َ ت َ ي ْ
س َ ل ِ ي ف َ ت َ ي ْ ن ِ
ت ُ ص َ ح ّ ِ ح ا
ي ُ ص َ ح ّ ِ ح ُ
ص ُ ن ْ د ُ و ق َ ي ْ
ع َ ر ّ ا ب َ ة
ا ل ب ِ ع ْ ث َ ت ا ن ِ
ر ا ب ِ ط ِ ي ن َ
إ ِ ي ط ا ل ِ ي ّ ِ
م َ ت ا ه َ ت ا ن ِ
م ا ئ ِ ع َ ي ْ ن ِ
