س ُ م ْ ع َ ة ٍ
ي ُ ف ْ ن َ ي ا
ا ل آ م ِ ل َ ة َ
ا ل م ُ د ِ ي ر ِ ي ّ َ ة ُ
ا ل م ُ ج ْ ر ِ م َ ة َ
أ َ ر َ ق ّ ا ن ِ
ا ل م ُ ت َ و َ ق ّ ِ ع َ ة ِ
ا ل آ م ِ ل َ ت َ ي ْ
ا ل أ َ ر َ ق ّ ا ن ِ
ت َ ح َ ر ّ ِ ي َ ي ْ ن ِ
ص ُ ن ْ د ُ و ق ٍ
ا ِ ح ْ ت ِ ي ا ط ا ت ِ
إ ِ د ْ م ا ن ا ن ِ
ا ل أ َ ر َ ق ّ ُ
ث َ ع ْ ل َ ب َ ة ً
إ ِ ع ا ش ا ت ُ
س َ ل ِ ي ف ا ت ٌ
ت َ م ْ و ِ ي ل ِ ي ّ َ ة ٍ
ا ل ج َ م ْ ع ِ ي ّ َ ة َ
إ ِ ي ط ا ل ِ ي ّ َ ي ْ
إ ِ ي ط ا ل ِ ي ّ ا ت ُ
ع َ ر ّ ا ب ِ ي ن َ
ت َ م َ ل ّ ُ و ا
م ُ س ْ ت َ م ْ ل َ ك َ ي ْ
ا ل م ُ ج ْ ر ِ م ا ت ِ
ج ُ ر ُ و م َ
ا ل ث ّ َ ع ْ ل َ ب َ ت َ ي ْ
ا ل م ُ ت َ س ا ب ِ ق َ ي ْ ن ِ
ا ل آ م ِ ل ُ
ا ِ ت ّ ِ ه ا م ِ ي ّ َ ت َ ي ْ
ا ل م ُ ع ْ ط ِ ي َ
م ُ ع ْ ط ِ ي َ ي ْ
ا ل ح َ ر َ ك ِ ي ّ ا ن ِ
ي ُ د َ ر ّ ِ س ا ن ِ
ا ل م ُ ج ْ ر ِ م َ ة َ
ص َ ي ْ ر ُ و ر َ ة ُ
ا ل إ ِ ي ط ا ل ِ ي ّ َ ة َ
آ م ِ ل ا ت
ت ُ و َ د ّ ِ ع ُ و ن َ
ا ل و َ ك ِ ي ل َ ت َ ي ْ ن ِ
ا ِ ق ْ ت َ ف َ ي ْ ت ِ
م ُ س ْ ت َ م ْ ل َ ك َ ت َ ي ْ ن ِ
ت ُ و َ د ّ ِ ع ُ
ا ل أ َ خ ْ م َ ص َ
ع َ ر ّ ا ب َ ة ِ
ث َ ع ْ ل َ ب َ ت َ ي ْ ن ِ
ا ل ف ُ ن ْ د ُ ق ِ ي ّ ِ ي ن َ
ا ِ ح ْ ت َ ل َ ل ْ ن ا
ت َ ط ْ ب ِ ي ع ا ت ِ
إ ِ ي د ا ع ا ت
س ُ و م ِ ر ِ ي ّ ا ن ِ
ت ُ ل َ ص ّ ِ ق ا
م ُ ج ْ ر ِ م ِ ي
ا ل م َ ت ا ه َ ت َ ي ْ
أ َ خ ْ م َ ص َ ي ْ ن ِ
ا ل ح َ ر َ ك َ ة
إ ِ ي ط ا ل ِ ي ّ ُ و
ي ُ ن ْ ه َ ض ْ
ت َ ك ْ ذ ِ ي ب ِ
ا ل س ّ َ ل ِ ي ف َ ة ُ
ا ل ا ِ ح ْ ت ِ ي ا ط َ ي ْ
ت َ ح ْ ت َ ل ِ ل ْ
ا ِ ق ْ ت َ ف َ ي ْ ت ُ م ا
و َ ك ِ ي ل ٍ
ا ل م ُ ت َ س ا ب ِ ق َ ت َ ي ْ ن ِ
ت َ ك ْ ذ ِ ي ب ا ت ِ
ت َ ك ا م ُ ل ِ ي ّ َ ة
ح َ ر ِ ج َ ي ْ
ل َ م ْ س ِ
ا ل س ّ َ ل ِ ي ف ا
ت َ ق ْ ل ِ ي د ا ً
ت َ ك ا م ُ ل ِ ي ّ َ ت َ ي ْ
ا ل ا ِ ح ْ ت ِ ي ا ط ا ت
ا ل غ َ ز ّ ِ ي ّ َ
ت َ ن ا ن ِ ي ن
ا ل د ّ ُ س ْ ت ُ و ر ِ ي ّ َ ة
ا ل ب ا ه ِ ظ ِ ي ن َ
ا ل م ُ ج ْ ر ِ م َ ة ُ
و َ ك ِ ي ل ا ت
ا ِ ت ّ ِ ه ا م ِ ي ّ َ ت َ ي ْ
ت ُ د َ ر ّ ِ س ا ن ِ
ا ل إ ِ د ْ م ا ن َ ي ْ
ت َ ك ا م ُ ل ِ ي ّ ٍ
ت َ د ْ ر ِ ي ب ِ ي ّ ا ت ٍ
ا ل م ُ ج ْ ر ِ م َ ي ْ
إ ِ ي ط ا ل ِ ي ّ ُ و
أ َ ف ْ ن َ ي ْ ت ُ م ا
ث َ ع ْ ل َ ب ا ت ِ
ا ل م ُ ع ْ ط ِ ي َ ت َ ي ْ
إ ِ ي ط ا ل ِ ي ّ ُ
ج َ م ْ ع ِ ي ّ ا ت ُ
إ ِ ي ط ا ل ِ ي ّ ا ت ِ
س ُ و م ِ ر ِ ي ّ ا ت ِ
ا ل أ َ ب ْ ه َ ي َ ي ْ
ا ل س ّ َ ل ِ ي ف ا ن ِ
ح ِ ص ّ َ ت ا ن ِ
ل َ م ْ س َ
ي َ ح ْ ت َ ل ّ ا ن ِ
ج ُ ر ْ م َ ي ْ
ج َ م ْ ع ِ ي ّ َ ة
د ُ س ْ ت ُ و ر ِ ي ّ َ ة ٌ
ع َ ظ ّ َ م ْ ت ِ
ث َ ع ْ ل َ ب ا ت ُ
ا ِ ح ْ ت ِ ي ا ط َ ي ْ ن ِ
ا ل م ُ ت َ س ا ب ِ ق ا ت ِ
ع َ ر ّ ا ب ِ ي
م ُ ج ْ ر ِ م َ ت َ ي ْ ن ِ
ح ِ ص ّ َ ت َ ي ْ
ر ا ب ِ ط َ ت ا ن ِ
ت َ د ْ ر ِ ي ب ِ ي ّ ا ت
س َ ل ِ ي ف ا ت ِ
ب ِ ع ْ ث َ ة ٌ
ا ل س ّ ُ و م ِ ر ِ ي ّ ُ و ن َ
آ م ِ ل َ ة
ا ِ ح ْ ت ِ ي ا ط ا ت ٍ
ا ل ف ُ ن ْ د ُ ق ِ ي ّ َ ت َ ي ْ
آ م ِ ل ِ ي
ت َ ص َ ف ّ ُ ح ِ
إ ِ د ْ م ا ن َ
ت ِ ن ّ ِ ي ن ا
ا ل م ُ ت َ س ا ب ِ ق َ ت َ ي ْ
ا ل آ م ِ ل ُ
أ َ ر َ ق ّ َ ي ْ
ا ل م ُ ج ْ ر ِ م ِ ي ن َ
ح َ ر ِ ج َ
ا ل ا ِ ح ْ ت ِ ي ا ط َ ي ْ ن ِ
ا ل أ َ ر َ ق ّ
ف ُ ن ْ د ُ ق ِ ي ّ ِ
ا ل ر ّ ا ب ِ ط ا ت ِ
ا ل أ َ ر ْ ي ا ف ُ
ث َ ع ا ل ِ ب َ
ا ل ا ِ ح ْ ت ِ ي ا ط ا
ا ل ت ّ َ د ْ ر ِ ي ب ِ ي ّ َ ت ا ن ِ
ج ُ ر ْ م َ ي ْ
ا ل ر ّ ا ب ِ ط ا ت ِ
ا ل و ُ ك َ ل ا ء َ
ص ُ ن ْ د ُ و ق َ ي ْ
س ُ م ْ ع َ ة ُ
ع َ ر ّ ا ب ا ت ِ
ت َ د ْ ر ِ ي ب ِ ي ّ َ ي ْ
آ م ِ ل ِ
م ُ ج ْ ر ِ م َ ة ً
ح َ ر َ ك ِ ي ّ َ ة ُ
ن َ ض ْ م َ ح ِ ل ّ َ
د َ ر ّ َ س َ
ت َ ح َ ر ّ ِ ي ا ت ِ
ا ل أ َ ر َ ق ّ َ ي ْ
ا ل ر ّ ا ب ِ ط َ ت َ ي ْ ن ِ
س َ ل ِ ي ف ِ
ت ِ ن ّ ِ ي ن ٍ
ا ل أ َ ر َ ق ّ َ ي ْ
ف ُ ن ْ د ُ ق ِ ي ّ ا ت ِ
م ُ ج ْ ر ِ م ِ
ت َ ح َ ر ّ ِ ي ا ت ِ
ا ل م ُ ج ْ ر ِ م ا ت ُ
م ُ س ْ ت َ م ْ ل َ ك َ ة ِ
ا ل ب َ ع ْ ث َ ة َ
ا ل أ َ خ ْ م َ ص َ ي ْ
ي ُ ن ْ ه ِ ض ُ
ا ل م ُ ت َ س ا ب ِ ق ِ ي ن َ
أ َ ن ْ ه َ ض ْ ن ا
م ُ ج ْ ر ِ م َ ة ِ
غ َ ز ّ ِ ي ّ َ ت ا ن ِ
ا ل م ُ ت َ د ا ع ِ ي َ ة
ت َ ق ْ ت َ ف ِ ي
م ُ ت َ و َ ق ّ ِ ع َ ت َ ي ْ ن ِ
ح َ ر ِ ج ا ً
ت َ ك ْ ذ ِ ي ب ا ت ُ
ر ا ب ِ ط ِ ي ن َ
أ َ ر َ ق ّ َ ي ْ ن ِ
ا ل أ َ ر َ ق ّ ِ
ا ل أ َ خ ا م ِ ص
ا ل أ َ ر َ ق ّ َ
ا ل إ ِ ي ط ا ل ِ ي ّ َ ت َ ي ْ ن ِ
ا ل آ م ِ ل َ
م ُ ع ْ ط ِ ي َ ة ِ
ح َ ر َ ك ا ت ٌ
أ َ ن ْ ه َ ض َ ت
ع َ ر ّ ا ب ِ
آ م ِ ل ا
م ُ س ْ ت َ م ْ ل َ ك َ ة َ
ص ُ ن ْ د ُ و ق ا
ت َ ط ْ ب ِ ي ع ا ن ِ
م ُ د ِ ي ر ِ ي ّ َ ة ٍ
ا ل م ُ س ْ ت َ م ْ ل َ ك َ ي ْ
د َ ر ّ َ س ُ و ا
ص َ ر ا م َ ة
ت ُ ن ْ ه َ ض ُ و ا
م ُ ج ْ ر ِ م َ
ع ُ م ُ و م ِ ي ّ ِ ي ن َ
إ ِ ي ط ا ل ِ ي ّ َ ة ُ
ا ل ت ّ َ ق ْ د ِ ي م ا ت
ا ل ع ُ م ُ و م ِ ي ّ ا ت
ا ِ خ ْ ت َ ب َ ر ْ ت ُ ن ّ َ
ح َ ر َ ك ِ ي ّ ا ن ِ
م ُ س ْ ت َ م ْ ل َ ك َ ة ً
ص َ ن ا د ِ ي ق َ
ا ل ج َ م ْ ع ِ ي ّ ا ت ِ
ي ُ ص َ ح ّ ِ ح ُ و ن َ
ط َ م ْ س َ
أ َ ر َ ق ّ َ
ا ل م ُ س ْ ت َ م ْ ل َ ك َ
ا ِ خ ْ ت َ ب َ ر ا
ا ل ت ّ َ د ْ ر ِ ي ب ِ ي ّ َ ت ا
ا ل ع ُ م ُ و م ِ ي ّ َ ة ِ
م ُ ع ْ ط ِ ي َ ي ْ
ا ل م ُ ح ا ص َ ر َ ت ا ن ِ
س ُ و م ِ ر ِ ي ّ ا
ا ل إ ِ ع ا ش َ ت َ ي ْ
ح ِ ص َ ص َ
ع َ ر ّ ا ب َ ة ُ
ا ل ت ّ َ ك ْ ذ ِ ي ب َ
ت َ ح ْ ت َ ل ّ ا
ر ا ب ِ ط ا
ا ل أ َ ر ُ ز ّ ُ
ت ُ د َ ر ّ ِ س ْ
ا ل م ُ ت َ س ا ب ِ ق َ ي ْ
ح ِ ص َ ص َ
ا ل ت ّ َ ح َ ر ّ ِ ي ا ت ِ
ا ل م ُ ج ْ ر ِ م ُ
ت َ م ْ و ِ ي ل ِ ي ّ ا ت
ا ل ر ّ ا ب ِ ط ا ت ُ
م ُ ج ْ ر ِ م َ ة
ت َ ح ْ ف ِ ي ز ا ت
ع َ ر ّ ا ب ا ت ُ
أ َ خ ا م ِ ص َ
ا ل ب ا ه ِ ظ ا
إ ِ ع ا ش ا ت ُ
ت ُ ص َ ح ّ ِ ح ا ن ِ
إ ِ ث ا ر َ ت َ ي ْ
م ُ ت َ و َ ق ّ ِ ع َ ة
ا ل س ّ َ ل ِ ي ف َ ي ْ
ت َ د ْ ر ِ ي ب ِ ي ّ ِ ي
إ ِ د ْ م ا ن ا ت
ا ل ا ِ ت ّ ِ ه ا م ِ ي ّ َ ت َ ي ْ
ا ل م ُ ع ْ ط ِ ي ا ت ِ
ض َ ر َ ر
م ُ ح ا ص َ ر َ ت َ ي ْ ن ِ
ت ُ ن ْ ه َ ض ا ن ِ
ب ا ه ِ ظ َ ي ْ
ا ل ف ُ ن ْ د ُ ق ِ ي ّ َ ة ُ
م ُ ع ْ ط ِ ي
ر ُ ز ّ ٌ
ت َ د ْ ر ِ ي ب ِ ي ّ ا ً
ا ل م ا ئ ِ ع َ ة ِ
ت َ ح ْ ف ِ ي ز ا ت ِ
ا ل م ا ئ ِ ع ِ
م ُ د ِ ي ر ِ ي ّ َ ت َ ي ْ ن ِ
ص َ ن ا د ِ ي ق َ
آ م ِ ل ا
