ت َ خ ْ ت َ ب ِ ر ُ و ن َ
ا ل م َ أ ْ م ُ و ل َ ت َ ي ْ ن ِ
ص ُ ن ْ د ُ و ق َ ي ْ
ا ل ت ّ َ ق ا ل ِ ي د ُ
غ َ ز ّ ِ ي ّ َ ت َ ي ْ ن ِ
م ُ ت َ س ا ب ِ ق َ ت ا
ا ل م ُ ج ْ ر ِ م َ ت َ ي ْ ن ِ
ل َ ص ّ َ ق ْ ت ِ
م ُ ت َ و َ ق ّ ِ ع ُ و
ع َ ر ّ ا ب َ ت َ ي ْ ن ِ
ا ل أ َ س ْ ل َ م َ ت ا ن ِ
ت َ م ْ و ِ ي ل ِ ي ّ ٍ
ن ُ ق ْ ت َ ف َ ى
إ ِ ي ط ا ل ِ ي ّ ا ت ِ
ا ل م َ ت ا ه َ ت َ ي ْ ن ِ
ا ل ت ّ ِ ن ّ ِ ي ن ا
م ُ د ِ ي ر ِ ي ّ َ ة ُ
إ ِ ع ا ش َ ت ا ن ِ
ا ل ص ّ َ ن ا د ِ ي ق َ
م َ ت ا ه َ ة ٌ
م ُ ت َ د ا ع ِ ي َ ت َ ي ْ ن ِ
ا ل ث ّ َ ع ْ ل َ ب َ ة َ
ر ِ ي ف ِ
غ َ ز ّ ِ ي ّ ِ
س ُ و م ِ ر ِ ي ّ ا ت
ت ُ ف ْ ن َ ى
م ُ ت َ و َ ق ّ ِ ع ِ
ت َ ك ْ ت ِ ي ل ُ
ت َ ح َ ر ّ ِ ي
ا ل إ ِ د ْ م ا ن ُ
و َ ك ِ ي ل َ ي ْ ن ِ
ا ل ب ِ ع ْ ث َ ت َ ي ْ ن ِ
م ُ ج ْ ر ِ م َ ة
و َ د ّ َ ع ْ ت ِ
ا ل ع ُ م ُ و م ِ ي ّ َ ة ُ
ر ِ ي ف ٌ
ا ِ ت ّ ِ ه ا م ِ ي ّ ا ن ِ
ا ل أ َ خ ْ م َ ص ُ
ا ل م ُ ح ا ص َ ر َ ت َ ي ْ
ا ِ ح ْ ت ِ ي ا ط ِ
ا ل ف ُ ن ْ د ُ ق ِ ي ّ َ ت َ ي ْ
م َ أ ْ م ُ و ل ا ً
ا ل ر ّ ا ب ِ ط َ ت ا ن ِ
م َ ت ا ه َ ة
و َ د ّ َ ع َ
و ُ ك َ ل ا ء ِ
أ َ ر َ ق ّ ا
ت َ ت َ ل ا ف َ ي ْ ن َ
أ َ ب ْ ه َ ي ا
ر ُ ز ّ
ا ل ع ُ م ُ و م ِ ي ّ ُ و
ت َ ط ْ ب ِ ي ع َ
ف ُ ن ْ د ُ ق ِ ي ّ
ا ل ت ّ َ م ْ و ِ ي ل ِ ي ّ ا ت ِ
ا ل إ ِ ع ا ش َ ت َ ي ْ
ف ُ ن ْ د ُ ق ِ ي ّ َ ة ً
ا ل م ُ س ْ ت َ م ْ ل َ ك ا ت ِ
إ ِ ع ا ش َ ة ً
ث َ ع ْ ل َ ب ِ
م ُ ج ْ ر ِ م ِ ي
ت َ د ْ ر ِ ي ب ِ ي ّ
ث َ ع ْ ل َ ب ُ
ي ُ د َ ر ّ ِ س ا
م ُ ج ْ ر ِ م َ ة
م ُ ت َ س ا ب ِ ق ا ً
و َ د ّ َ ع َ ت
أ َ ر ْ ي ا ف ِ
ا ل م َ ش ا ر ِ ف ِ
ص ُ ن ْ د ُ و ق َ
غ َ ز ّ ِ ي ّ َ ت َ ي ْ ن ِ
ا ِ ح ْ ت َ ل َ ل ْ ت ُ ن ّ َ
ا ل ب ا ه ِ ظ ا ت ِ
ث َ ع ْ ل َ ب ا ت ِ
ا ل م ُ ج ْ ر ِ م ِ ي
ا ل ص ّ َ ن ا د ِ ي ق ُ
ا ل م ُ س ْ ت َ م ْ ل َ ك َ ت ا ن ِ
ا ل ت ّ َ م ْ و ِ ي ل ِ ي ّ َ ة َ
ر ا ب ِ ط ا ت ُ
ا ل م ُ س ْ ت َ م ْ ل َ ك ِ ي ن َ
ا ِ ن ْ ت ِ ح ا ل ا ت ِ
ت َ ط ْ ب ِ ي ع َ ي ْ ن ِ
ت َ ط ْ ب ِ ي ع ا
ا ل ع َ ر ّ ا ب ا ت ِ
ا ل م ُ س ْ ت َ م ْ ل َ ك َ ت َ ي ْ
ع ُ م ُ و م ِ ي ّ َ ت َ ي ْ
أ َ ب ْ ه ا
غ َ ز ّ ِ ي ّ َ ت ا ن ِ
و َ ك ِ ي ل ا ت
س َ ل ِ ي ف َ ي ْ
أ َ ب ْ ه َ ي َ ي ْ
إ ِ ي ط ا ل ِ ي ّ َ ي ْ
ا ل ر ّ ا ب ِ ط َ ت َ ي ْ
ي َ ض ْ م َ ح ِ ل ّ ُ و ا
إ ِ ث ا ر ا ت ِ
م ُ ت َ س ا ب ِ ق ُ
ت َ م ْ ل َ ل ْ ن َ
ا ل ت ّ ِ ن ّ ِ ي ن َ ي ْ ن ِ
ا ل ت ّ َ د ْ ر ِ ي ب ِ ي ّ ا ت ِ
ا ل غ َ ز ّ ِ ي ّ َ ة ُ
ا ل س ّ ُ و م ِ ر ِ ي ّ ِ
ا ل إ ِ ع ا ش َ ة ِ
أ َ ر َ ق ّ ا
ح َ ر ِ ج ا ت ِ
ا ل ت ّ َ د ْ ر ِ ي ب ِ ي ّ َ ة َ
ت ُ و َ د ّ ِ ع ْ ن َ
ت َ ن ا ق ُ ض ا ت ُ
أ َ ض ْ م َ ح ِ ل ّ ُ
أ َ ر َ ق ّ ا
ح َ ر ِ ج
ث َ ع ْ ل َ ب َ ت َ ي ْ ن ِ
ل َ م ْ س ُ
م ُ ج ْ ر ِ م ُ و
ا ل أ َ ر َ ق ّ ا ن ِ
ا ل أ َ ر َ ق ّ َ ي ْ ن ِ
م ُ ت َ و َ ق ّ ِ ع ا ت ِ
ب َ ع ْ ث َ ة ٍ
ع َ ر ّ ا ب َ
ل َ م ْ س ِ
ش َ ر ا س َ ة ٍ
ع ُ م ُ و م ِ ي ّ ِ ي ن َ
ا ل س ّ ُ م ْ ع َ ة ِ
أ َ ج ْ ر ا م
ي ُ ن ْ ه ِ ض ْ
م ا ئ ِ ع ٌ
ا ل غ َ ز ّ ِ ي ّ ُ
م ُ ت َ س ا ب ِ ق ِ ي
ا ل ف ُ ن ْ د ُ ق ِ ي ّ ا ت ِ
ا ل م ُ ت َ س ا ب ِ ق ُ
ح َ ر َ ك ِ ي ّ َ ة ُ
م َ أ ْ م ُ و ل َ ت َ ي ْ ن ِ
س َ ل ِ ي ف َ ة ِ
آ م ِ ل ِ ي
ت َ م ْ و ِ ي ل ِ ي ّ ا
ن ُ ن ْ ه ِ ض َ
ج َ م ْ ع ِ ي ّ ا ت ِ
ج َ م ْ ع ِ ي ّ َ ة ِ
م ُ س ْ ت َ م ْ ل َ ك ا ت ٍ
م َ أ ْ م ُ و ل َ ة ِ
م ُ ج ْ ر ِ م ِ ي
م ُ ج ْ ر ِ م َ ة ُ
ت ُ ق ْ ت َ ف َ ى
ا ل م ُ ع ْ ط ِ ي ا ت ُ
ا ل ت ّ َ ق ا ل ِ ي د ِ
ت َ ك ْ ت ِ ي ل ا ت ِ
م ُ د ِ ي ر ِ ي ّ ا ت ِ
ت َ ض ْ م َ ح ْ ل ِ ل ْ
ا ل ر ّ ا ب ِ ط ا ت
ا ِ ن ْ ت ِ ح ا ل ا ت ِ
ا ِ ت ّ ِ ه ا م ِ ي ّ ا ً
ب ا ه ِ ظ َ ي ْ
ج ُ ر ْ م َ ي ْ
ج َ م ْ ع ِ ي ّ َ ة ٍ
س ُ م ْ ع َ ة ٌ
ا ل ت ّ َ ص َ ف ّ ُ ح ا ت ِ
ا ل أ َ ر َ ق ّ َ ي ْ
ج َ م ْ ع ِ ي ّ َ ة َ
ا ل ا ِ ح ْ ت ِ ي ا ط َ ي ْ
ا ل م ُ ح ا ص َ ر ا ت ِ
ا ل س ّ ُ و م ِ ر ِ ي ّ َ ة
ا ل أ َ ر َ ق ّ َ ي ْ
ت َ ك ا م ُ ل ِ ي ّ َ ي ْ ن ِ
ت َ د ْ ر ِ ي ب ِ ي ّ ِ ي
ا ل إ ِ ي ط ا ل ِ ي ّ ا ت ِ
أ َ ر َ ق ّ
ا ل ث ّ َ ع ْ ل َ ب َ
م ُ ع ْ ط ِ ي َ ت َ ي ْ
أ َ ن ْ ه َ ض َ ت ا
ا ل ت ّ َ د ْ ر ِ ي ب ِ ي ّ َ ت َ ي ْ
م ُ ج ْ ر ِ م ٌ
و ُ ك َ ل ا ء ُ
ا ل م ُ د ِ ي ر ِ ي ّ َ ت َ ي ْ ن ِ
ر ا ب ِ ط َ ت َ ي ْ
ت َ ق ْ ل ِ ي د ِ
ا ِ ق ْ ت َ ف َ و ْ ا
ا ل ت ّ َ ك ا م ُ ل ِ ي ّ َ ي ْ
م ُ د ِ ي ر ِ ي ّ َ ت ا ن ِ
م ُ س ْ ت َ م ْ ل َ ك ُ و
ت َ د ْ ر ِ ي ب ِ ي ّ َ ة ً
إ ِ ع ا ش ا ت ٍ
أ َ ر َ ق ّ َ ي ْ
ت َ م ْ و ِ ي ل ِ ي ّ َ ة ِ
ح َ ر َ ك ا ت
ت َ م ْ و ِ ي ل ِ ي ّ َ ة ً
ح َ ر َ ك َ ت َ ي ْ
ص َ ن ا د ِ ي ق ِ
أ َ ر َ ق ّ َ
ت َ د ْ ر ِ ي ب ِ ي ّ ا
ا ل ح َ ر ِ ج َ ة َ
ا ل ت ّ َ م ْ و ِ ي ل ِ ي ّ ُ
ت َ ح ْ ف ِ ي ز ا ت ِ
ا ِ ت ّ ِ ه ا م ِ ي ّ َ ة َ
ت ِ ن ّ ِ ي ن ا ن ِ
ا ل إ ِ ي ط ا ل ِ ي ّ َ ي ْ ن ِ
س َ ل ِ ي ف ا ت
ا ل م ُ ت َ س ا ب ِ ق ِ ي ن َ
ص ُ ن ْ د ُ و ق ِ
ا ل ح ِ ص ّ َ ت َ ي ْ
ر ا ب ِ ط َ ة
ا ل م َ أ ْ م ُ و ل َ ت َ ي ْ
ا ل س ّ َ ل ِ ي ف ا ت ِ
ا ل س ّ ُ و م ِ ر ِ ي ّ َ
ج َ م ْ ع ِ ي ّ َ ة َ
ا ِ ت ّ ِ ه ا م ِ ي ّ َ
ا ل ت ّ َ ح ْ ف ِ ي ز
ج ُ ر ُ و م َ
ت َ ق ا ل ِ ي د َ
ا ل س ّ ُ و م ِ ر ِ ي ّ ا ت ِ
ع َ ر ّ ا ب
ج ُ ر ْ م ا
ا ل س ّ َ ل ِ ي ف َ ت َ ي ْ ن ِ
م َ ت ا ه َ ة ِ
ت ُ ص َ ح ّ ِ ح ْ ن َ
إ ِ ي ط ا ل ِ ي ّ ا ت ِ
ت ُ ف ْ ن َ ي ْ ن َ
ا ل ر ّ ا ب ِ ط ِ
م ُ ج ْ ر ِ م َ ة ِ
د َ ر ّ َ س ْ ت ِ
د َ ر ّ َ س ْ ت ُ م ا
إ ِ ي ط ا ل ِ ي ّ ا ت ٍ
ح َ ر َ ك ِ ي ّ َ ة ِ
ا ل م ُ ج ْ ر ِ م ِ ي
م ُ ت َ و َ ق ّ ِ ع ا ن ِ
ا ل أ َ ب ْ ه َ ى
م َ أ ْ م ُ و ل َ ت َ ي ْ
ا ل ت ّ َ م ْ و ِ ي ل ِ ي ّ ا ت ُ
غ َ ز ّ ِ ي ّ َ ة ِ
ص َ ن ا د ِ ي ق ُ
ا ل ت ّ َ د ْ ر ِ ي ب ِ ي ّ َ ة ُ
ا ل س ّ ُ و م ِ ر ِ ي ّ ِ ي ن َ
و َ ك ِ ي ل ُ
ا ل ف ُ ن ْ د ُ ق ِ ي ّ َ ي ْ ن ِ
ت َ د ْ ر ِ ي ب ِ ي ّ ا ت ٍ
ت َ ق ْ ل ِ ي د ا
ت ِ ن ّ ِ ي ن ِ
إ ِ د ْ م ا ن َ ي ْ ن ِ
إ ِ ي ط ا ل ِ ي ّ َ ي ْ ن ِ
ا ل ح َ ر َ ك ِ ي ّ َ
ا ل ت ّ َ ك ْ ذ ِ ي ب ا ت ِ
ا ل ت ّ َ م ْ و ِ ي ل ِ ي ّ َ ي ْ
م ُ س ْ ت َ م ْ ل َ ك ا ن ِ
ا ل إ ِ ع ا ش ا ت ُ
ت َ س ْ ت َ أ ْ ه ِ ل ُ و ن َ
س ُ و م ِ ر ِ ي ّ ِ ي
ص ُ ن ْ د ُ و ق ِ
غ َ ز ّ ِ ي ّ َ ي ْ
ا ل آ م ِ ل َ ت َ ي ْ
ا ل م ُ ت َ و َ ق ّ ِ ع َ ت َ ي ْ ن ِ
س ُ و م ِ ر ِ ي ّ ِ ي ن َ
ت َ س ْ ت َ أ ْ ه ِ ل ْ
أ ُ ص َ ح ّ ِ ح ُ
