t u t r p q
d w a - r b r l z - n g r m q g r
t z v z - n g r
o t i m
m c l x
m w i t x k r
t r v o - n g r p m c u
t r v z n e - k a k r
t q v z - n g r g r
t r v z n e - k a k r
r p i - m o u p q l e
t q v z k i p x
t r n z k q l u - k r p e p w q g r u
n z v z - k r m
t q v z p e
t z v z p e
v z - z v z x
n z v z
t q p i b z k r
t q y z l u l z p e
n z a m a - k r d e
t q v z p e
t z v z - n g r
t q v z p e b z
n z v z o - n g r m
n z v z p e - k r d r
t q v z p e - k z x
t q m n c - l x b l r p e k r
n z v z - k r n g e
n z v z - k r b o
n z p i l z l r
n z v z p e - k r d r
n a v z m i b z l e
t q r k a l z p e m g r
n z v z - k r b z k r
t q t u t r p q
t r v z n e - k a k r
n a v z m i b z l e
k x l r p r
v z - z v z x
t z y z l u t r p e m q n g
t q y r k r p e n g r
t q v z b e
v z t r n g r
n z n g i - t r p e n g r k r
y a n e - z v z k r
t q p n z ' l e
n z r p i l z n g r
k r l z p e b z k r
t q v o t i t r p e m l e
t q n e p e
t q o l v x t i p e l e
y a p w x t i - z v z b z k r
s c d r
n a m n c t x p o
n z m c - k r d e
t r n z p i - k r p l e u
t q p i p e m
t q v z p x p e
t q p i b z
n z v z - k r b o
t q r v z m i p w q
n z v z - k r b o
t z v z p e
t q v z m i t r p e b z l e
t q v z p x p e
n z v z - z v z b z n g
n z v z - k r n g e
n a n g q d r
r m c t i p e k r
t z v z k i n e d r
n z v z k a i - k r g r
n z v z - k r b o
k x b q n g
n z v z b z n g
t q o - z l i o p e k r
n z y c m n e - k r b z l r
t q m u - n g r g r
x l r k r
t z r t a n g r p e
t q w a i p e l e
t r k r l z w x u
t q m n c - n g r d e
t q p i m e
m z l i   k c
n a y a g o x n g
r m c t i - n g r g r l e
m c l x n g
n z v z p e n g
n a m n c - k a p q n g r
t q m w i t x p e
n z p n a k i p x - m o u l r
m n c - e p e l z l e
n z o - k r m
m c p x m
n z v z k i l r
t q r p i b z l e
t q v z b o
t q m c p e x
t q r p i p e x
l x l v r k i m l e
t q p i m e
t q v z - n q b l q n e n e
t q v z m i t r p e l e n g
n z v z - k z n g
n a a m i n g r - n g r g r
v o m
t q a b r t z - z v z - n g r g r
m c p o
y r n i - e b i r p e n g
n z v z p e n g
n z v z k a i - k r g r
t q p i b z k r
t q v z p e m
n z v z
n z v z
v z p e m
n a d w a p e k r
n z p n u t i t x
n z p r p x k r
t q v z p e m
t z p r o p e n g
n z v z p e n g
n z m n c p e n g
t q v z p e
t q v z p e m
t q m c l a m u
n a p i t x t r - m o p o
t q r p i b z l e
n z k r l z m l r
t z v o p e
n z r p i b z l r
t r s u k a
t z v z k i n e d r
t q o t i p e l e
y r n i - e b i r p e n g
n z r p i - k r m e
t q v z p e - k z x
t q t o p w z b e - n g r n e
m r b r p e
r m c t i l e
n z v z p x n g
k x t q
y c m n e p e
n z v z n e p e l r
n z v z - k r m
t u p x m
v z t x
n a v z m i b z l e
v z - z v z x
l i p e
n z y c m n e k r b z
t z v z k i n e d r
t z v z - n g r
n a v z - k a i n g
n a y a p w x t i m l e
t r n g i u
t z v z o p e n g
t q o b q t r p e
n z v z p x b z n g
t q m n c - n g r d e
n a a l e - k a i p z n g
t q v z t r - m o p w z k r
t z l v c m l r
n z p n a k i p x l r
v z t r l e
t q v z p e m g r
t q v o t x - n g r p w z
t z y c m n e p e b z
n z t u - z v z - k r d e
n z v z p e - k r d r
v z - z v z x
n z b o m - k r d e
n z v z - k z n g
v z p e m
n a p i t x t r - m o p o
t q v z - n q b l q n e n e
n z v z - k r n g e
m n c - e p e l z l e
n z x l r - k r g r
n z w z k r
n z v z - k r n g e
n z m c t r
t q r p n a p e - n g r m l e
t q r p i p e x
t q m c p e x
t z v z o p e n g
n a v z b z n g
t q p i p e b z l e
n z v z k i l r
t z v z p e - k a i n g
t q r p n a p e - n g r m l e
v z m i m q
n z v z - k r n g e
n z m c k r
t q y c o m
n z v z - k r m
t q a s u p e b z
n a n g e l u n e - n g r d r
v z p e m
t q p i p e b z l e
t q p i p e b z l e
t q v z p e - k z x
w x b u p x - n g r m
t q v z - n g r g r
n a y a p w x t i b o
t q r p i p e x
v z t x
n z m c p x
t q v z - n g r g r
t z m c p x p e b z l r
r n g i - b a t r p q
m c t x m
n z y a g o x - k r d e
t q a y z l u - a t e l e
t r v z n e - k a k r
n z m n c l z b z n g
n z v z - n g r m l r
t q v z - n g r g r
t z v z p e
t q v o t x - n g r p w z
t z v z k i n e d r
b z a m u
n a m n c n e - n g r g r
t q a e n z l i t i - n g r g r
n z v z p x b z n g
t z r p i p e
t q t u p x m
n z v z p e n g
t q v z p e m g r
n z t u - z v z - k r d e
n z a b r t z k r
v z x
t z p r e s i n q n g
t q v z m i t r p e l e n g
r m c t i p e k r
d w a l z m g r
m c l z k r
n z v z p x n g
n i b r n g e
n z m c t r
o m i t x p x b z l e
n z v z o - k r m o p w q k r
t q y z l u m i p e - m o u x
m z l e d e
n a l i
t q k r l x l z p e l e
t z n g r l r k i o p e l r
t r v z n e - k a k r
n a p i t x t r - m o p o
