s c d r
s c g u
m n c - m i p e - a m u
m n c - m i p e - a m u
l i p e
b z a m u
m n c - m i p e - a m u
e s z ' n e
r p i - m o u p q l e
n a r p n z '
n a y a p w x t i m l e
m z l e d e n g
a e l w a p x
d w a l z m g r
o b q p x k r
n a y a p w x t i m l e
m c p o
m c p o
n z g l q o l r
m z l e d e
w z t r p o
m c p o
n a m n c - k a p q n g r
n a d w a p e k r
a s u m i p e b o
n a m n c - k a p q n g r
y r k r p x b z l e
n a n g r l r t r k i
r g l q k r
n a p i b z k u
w z t r p o
y r k r p x b z l e
t q d w a p l r k r n g
n a y a p w x t i m l e
n a p i b z k u
n z p n a k i p x l r
t q a s u l e
t r n z p i - k r p o ' u
n a l x n g i t i k u
n a m n c t x p o
r p i o b z l e
n a p i b z k u
n a p i t r - m o u p o
t r n z p i - k r p o ' u
t q p n z ' l e
r p i o b z l e
k x l i
m n c - e p e l z l e
t r k r l z w x u
w x b u p x - n g r m
t r k r l z w x u
r n g i - b a t r p q
m n c l z - n g r m
r p i o b z l e
n a y a p w x t i m l e
m n c l z - n g r m
m n c - e p e l z l e
t q a s u p e b z
n a p i t r - m o u p o
n a m n c t x p o
n z p n a t i - k r b z m u
t z r k a l z p e m
t q a l v c - l z b q - n g r g r
n i p e n g e
n z p n a k i p x - m o u l r
d w a t x t r x
m n c l z - n g r m
n a m n c t x p o
n z d w a o n g r
n a y r k r t x
y c m n e p e
k z t e d e
d w a t r k r
n e d r n g
m n c p e x
y r n i - e b i r p e n g
n z r k a l z m q n g q
m n c p e x
t q n g r l r l z p e
n a p i t x t r - m o p o
m r b r l z m
n a p i t x t r - m o p o
n a l i
n z r p i - a n i - k r m l e
n a p i t x t r - m o p o
n a d w a p e k r
y r n i - e b i r p e n g
n z r p i - a n i - k r m l e
n z r p i b z
s u t x
t z n g r l r k i o p e l r
n i b r n g e
t q r p n a p e - n g r m l e
n z r p i b z
n z d w a t r - k r d e
n a p i t x t r - m o p o
t q n g r l r l z p e
r p i l e
k x b q n g
n z r p i b z
t u l z m c
t z y c m n e - n g r p e m l r
a t u l z n g r
t z y c m n e - n g r p e m l r
t q n e p e
t q n g r l r p x p e m
p i b z l e
k r l z p e b z k r
t z y c m n e - n g r p e m l r
t q l x n g i t i - a t e x
n z r p i - a n i - k r m l e
t r s u k a
n a a g l q p e k r
t z n g r l r k i o p e l r
n z y c m n e
t w z q
t z y c m n e - n g r p e m l r
t q r p n a p e - n g r m l e
n z r p i m l r
n z y c m n e
n a k r k a ' - z v z k u
t q y a p x p e b z
r m c t i l e
n z y c m n e
n z r m c t i l r
n a m n c n e - n g r g r
n z r p i m l r
m c l e
t q y r k r t r - a t e m
n z k r l z m l r
p i b z l e
m c l x n g
a t u l z n g r
n z w z t i - k r b z l e
n z r m c t i l r
n z l x n g i t i - k r g r
r m c t i - n g r g r l e
n z y a g o x - k r d e
m c p x m
n z r p i m l r
r m c t i - n g r g r l e
t r n z p i - k r p l e u
v o m l e
t q r p n a l z m
n z r p i b z l r
m c p x m
n z y c m n e k r b z
y r l q b z k r
t q r k a l z p e - n g r m q g r
n a m n c n e - n g r g r
r m c t i l e
n z r p i m l r
r m c t i p e k r
m c l x n g
r m c t i p e k r
r m c t i p e k r
t z r m c t i p e l r
t z r m c t i p e l r
r m c t i p e k r
n z k r k a ' - k r d e
n z r p i b z l r
n a m n c n e - n g r g r
m c p x m
r p i l e
n a m n c n e - n g r g r
v z m i m q
n a m n c n e - n g r g r
t u o m
n z m n c l z b z n g
t z l v c l z p e - n g r d r
t z l v c l z p e - n g r d r
n z w z t i - k r b z l e
t r t q k a p e p w q l e
n z m n c l z b z n g
v z m i m q
t u t i p x - n g r m
y a p x - z v z k r
v z m i m q
v z m i m q
n z a t u p x - n g r m
n z m n c l z b z n g
v z m i m q
n z m c t x p w z
b r n g e
t q r g l q t i k r
n z m n c l z b z
t z r m c t i p e l r
v z m i m q
b z a m u
v z m i m q
v z m i m q
t z r m c t i p e l r
n a k a t x b z l e
t q n g r l r p x p e k r
v z m i m q
t q m w i t x p e
n z m n c l z b z n g
n z m n c l z b z n g
t q n g r l r p x p e k r
t u t i p x - n g r m
n z m n c l z b z
n z a b r t z k r
t z m w i - n g r d r
n z m c t x p w z
n z a b r t z k r
t z y c m n e t r p e - n g r d r
b z t i p e d e
n z a b r t z k r
d w a - r b r l z - n g r m q g r
n z r p i l r
t q t o p w z b e - n g r n e
m c p x m
t u l z m c
m c l x
t q o t i - a t e m
t z m w x l r n g
t q v z - n q b l q n e n e
t u n e p w z
n a m n c n e - n g r g r
n z w z t r n g
n z r p i l r
n z r p i l r
t q v z - n q b l q n e n e
m c l x
t q v z - n q b l q n e n e
t q m n c - l x b l r p e k r
t q v o t i t r p e m l e
x l r b z l e
n z r p i l r
b r t i t x
t q v z - n q b l q n e n e
n a v z m i b z l e
t q v z - n q b l q n e n e
t q v z - n q b l q n e n e
t q v z - n q b l q n e n e
t q m n c - n g r d e
m c l x
t q m n c - n g r d e
n z y a l z - k r g r
v z m i o l e
t q o b q t r p e
a t w z l r - n g r m l e
n a v z m i b z l e
t q v o t i t r p e m l e
n a v z m i b z l e
n a v z m i b z l e
n a v z m i b z l e
n a v z m i b z l e
t q v z - n q b l q n e n e
n a v z m i b z l e
