t q v z p x p e
t z y c m n e p e b z
n z v z k i l r
t q v z p e b z
t q n g r l r l z p e
v z p e m
a e l w a p x
v z p e m
o t i l e
t q r k a l z p e m g r
v z t r n g r
n a m n c n e - n g r g r
t z v z - n g r
y r n i - e b i r p e n g
d w a - r b r l z - n g r m q g r
n z v z n e - k r g r
t q v z p e m
n a p i t x t r - m o p o
n a l i
n a v z n g
n z v z b z n g
t q v z b o
n z v z - k r n g e
t q v z p e - k z x
v z m i o l e
t z v z p e - k a i n g
x l r b z l e
t q v z p e m g r
x l r b z l e
s c g u
n z v z n e p e l r
t z l v a b e t r p e b z
t q v z k i p x
t w z x
n z r p i l z - k r d r
n z v z - k r m
t q n g i
n z a b r t z k r
n z r l e t i n g r
t q y r k r t r - a t e m
t q v z p e - k z x
n a p i t r - m o u p o
t z v z p e
k r a p w x
m c l x n g
e s z ' n e
n a a t w z l r - n g r g r
n a k a t x b z l e
t z l v c l z p e - n g r d r
n z p w x n g
t z v z p e n g
n z r p w ' a - k r d e
n z r p i m l r
n z v z b z n g
t z r t w z t i p e - k z n g
t z v z p x p e b z n g
t q r p i b z l e
n z v z p x n g
t q v z - n g r g r
n z p n z ' p e m
k r l z m l e
n a m n c n e - n g r g r
n a k a t x b z l e
o t i m
t z y c m n e - n g r p e m l r
n z r p i - a n i - k r m l e
t q v z m i t r p e l e n g
n a v z m i b z l e
n z r p l a m e i t i - k r d e
n a a t w z l r - n g r d e
n z d w a t r - k r d e
t z m n c t x - a l o p e n g
n z v z k a i - k r g r
t z v z o p e n g
n z p r l x l r
n z l x n g i t i - k r g r
n z y a p w x - k r d r
n z w z - k r n g e
n z p n a t i - k r b z m u
v z k i m l e
n z v z p e n g
n z o t r n g r
t u n e p w z
n g r g u
n z v z - n q b l q - k r n g e
n a p i l v z t i
n z a l e b z
t q v z p e b z
n a v z m i b z l e
t z v z - n g r
n z y c m n e - k r b z l r
n z m n c l z b z n g
t q y r n i p e x
v z t x
t q v z p e x
n z a t u p x - n g r m
v z p e m
n a v z n g
t q o - z l i o p e k r
n z n g i - t r p e n g r k r
m n c - e p e l z l e
n z r p i m l r
n z x l r - k r g r
n z p l z p x - k r m a m u
t q m n c - n g r d e
n z m c p x
n z m c p x
v z p x b z k r
t z r m c t i p e l r
t r r b l x p w z u
n z v z p x n g
n z m c p x
t q v z - n g r g r
t q m c p e k r
n z m c t r
n z k q b l q p x - k r m c
v z - z v z x
n z v z
m c l e
t q n g i
n z r k a l z m q n g q
r m c t i p e k r
t q y c o m
n z v z - k r b z
n z v z - k z n g
n e d e
n z k r k a ' k r b z l e
v z t x
t z v z k i n e d r
r m c t i l e
t z v z k i n e d r
t z m w x l r n g
t z v z p e
t z v z p e - k a i n g
m n c l z - n g r m
t q r p i - n g r n
n z v z
v z t x
t q v z - n g r g r
n z l z t r - n g r d e
n z k r k a ' - k r d e
n a v z b z
t z r m c t i p e l r
n z m n c l z b z
t q r p n a l z m
n z d w a o n g r
t q v z p x p e
t q w a i p e l e
m n c t i k r
t q v z p e b z
t q a s u p e b z
t q p i p e b z l e
t q v z m i t r p e b z l e
v z - z v z x
t q m c p e l e
t z v z k i n e d r
n z m c p x
n z v z k i l r
t u p x m
t q v z p e x
n z r p i m l r
m n c l z - n g r m
n z v z - k r m
o b q p x k r
n z v z - k r b o
n z r p i l r
t q p i
t q p i p e b z l e
m c t x m
d w a t r k r
t q p n z ' l e
t r t z r p n a p e u
n z v z
r p n z ' p e
t r t r k a - z l w z p w z u
m r b r t i t r p e
t q m c l a m u
t q r p n a p e - n g r m l e
n z v z p e - k r d r
t q v z - n g r g r
n z t u - z v z - k r d e
m c t r k r
n z v z k i l r
n a p i n e m c
r p i l e
y r l z o
t q m n c
t q v z p e x
n a v z k r
v z p x b z k r
n a y r k r t x
v z p x b z k r
n z y c m n e
n a a l e - k a i p z n g
t z v z p e - k a i n g
r m c t i p e k r
v z - z v z x
n z v z - k r n g e
n z v z o - k r m o p w q k r
b z a m u
n a v z b z
n a y a p w x t i b o
t u t i p x - n g r m
t q v o t x - n g r p w z
t q x n g i - a t e b z k r
t q p i b z k r
t u p x m
t u p x m
n a m n c n e - n g r g r
t z y c m n e - n g r p e m l r
v z p e m
t z y a p x p e n g
n z w z - k r d e
r l r - n g r m e
t q p i m e
b z t i p e d e
t q v z p e x
t z r l x n g i t i - k a i n g
d w a l z m g r
n z v z - z v z b z n g
v z t x
n z y a g o x - k r d e
t q v z m i t r p e b z l e
n z m c t x p w z
t z v z k i n e d r
n z y a p w x - k r d r
t q v z p e x
t q v z p e x
r m c t i - n g r g r l e
n a o k l a t i t r - m o p q g r
n z v z t r n g
t q m c p e k r
y a n e - z v z k r
n z g l q o l r
n a v z n g
t q v z m i t r p e l e n g
n z w z t i - k r b z l e
m n c p e x
b r n g e
n z a l v z t r n g
t q v z d z p e k r
t q y z l u l z p e
t q v z - n q b l q n e n e
t q v o p x p e
n z d w a t r - k r g r
n z p i l z l r
t r p e l e u
t z p r o p e n g
t q v z p e
v z t r n g r
