t q m c p e x
t z m c n g r
n z p n a t i - k r b z m u
n a y a g o x n g
n z y r m
y r l z o
t e k a t r t x b z l e
n z k q b l q p x - k r m c
n z g l q l z - m o u l r
t q a g l q p e k r
t q n g c n e o m
t z a n g c p e b z l r
w a i p n z ' l e
t q k r l x l z p e l e
n g r g u
k r a p w x
t q y c o n g r
n a y c t i p x m
y c t x o p e
t r - r l r - n g r p o u
r l r - n g r m e
n a o k l a t i t r - m o p q g r
t q a e n z l i t i - n g r g r
t q a y z l u - a t e l e
t z y z l u t r p e m q n g
y z l u p x p e m
t q y z l u m i p e - m o u x
t q r w z s o
n z a l e b z
n a a m i n g r - n g r g r
m z ~ n i b r
k r k a ' - l e - b l r k u
n c b l o n g r
r p n z ' p e
n z p n z ' p e m
t z r p n z t r p z n g
n a r l a s z p e l r
t z p r e s i n q n g
t z y c m n e p e b z
v o m
t z l v a b e t r p e b z
r d r n g
n a n g e l u n e - n g r d r
t z r l x n g i t i - a y r n r n g r
n a p i l v z t i
t r o p i l v z u
t q p i
n z p l z p x - k r m a m u
t q m c l a m u
n z r m c - k r b z
n a d r v r - n g r b o
t r n z k q l u - k r p e p w q g r u
n a n g i p e
t r n g i u
y r w i t x p x l e n g
n z k r k a ' k r b z l e
t q m e i t i o
n z v o p x k r
t r v o - n g r p m c u
r l r - n g r m e
n a o k a t r - n g r d e
t q a o k z
n a n g q d r
n a n g q t x k r
n z n g q t i t x p w z
d r t w r n g e l e
n a p i n e m c
n z r p i - k r m e
t q p i t i k r
t q n g i
n a r l x t i b z m e
m z l i   k c
t q o k r
n a y a p w x t i b o
y a p w x t i - z v z b z k r
n a y a p w x t i b o
n a m u p e k u
t q m u - n g r b e
t q a m u k x t r
t r t z r p n a p e u
n z r p n a n e o p e - k r m l r
n g r l x o b z l e
t r r b l x p w z u
n z p r p x k r
p r t r p z
a m y a
n a y a p w x t i b o
n z n g r l r p x - k r m g r
p x i q t x n e
x n g i t x t r l e
t q v z k i p x
n z v z n e - k r g r
t q v z d z p e k r
t q r v z m i p w q
t q v z - e t r - n g r d e
n z v z o - k r m o p w q k r
t q v z n e k r
n z v z - n q b l q - k r n g e
t q v z k i l e
t z p n z - l z b q n g r
n z r p l a m e i t i - k r d e
t z r t a n g r p e
t q y c o m
t r t r k a - z l w z p w z u
b z t i p e d e
n a a t w z l r - n g r d e
n z p r l x l r
n z s u t i p e
t q o - z l i o p e k r
k x t q
n e d e
n e n g e
t q v z p e - k z x
n z y c t i k r
r k a l z m
t q p l c o
t q a e n z l i k r
t z m r g e p e n g
n z r p i l z n g r
t q v z p e x
t q v z p e - k z x
t r t r k a - z l w z p w z u
m r b r t i t r p e
t q v z p e - k z x
t q p r t z
t q v z p e - k z x
o m i t x p x b z l e
t z p e o n g r
p e t r l e
t r p e l e u
k r a p w x
t q v z p e x
r k a l z m
t q v z p e x
t q v z p e - k z x
n z w z - z l w z - k r g r
t q v z p e x
t q v z p e x
t q v z p e - k z x
t q v z p e - k z x
w z t i k r
t q v z p e x
t q v z p e x
t q v z p e x
t q v z p e x
t q v z p e - k z x
t q v z p e x
n z p n u t i t x
t q o t i t r p e m l e
t q o p x p e - n g r d e
t q p n z ' l e
n z a s u n g
k x p r t z
t q m c p e k r
n z d w a t r - m o u - k r g r
t z p n z - l z b q n g r
t q m c p e k r
t q m c p e k r
m z l w e d e n g
n a k a t x b z l e
m c - k z a m u
t q m z n r l x p e
t z v o p e
n z t w z l r
n z r m n q - k r d r
l x l v r k i m l e
n z l i - k r d e
t q m c p e k r
n z p w x n g
t q y z l u l z p e
t q e t u n e p x p e
y a g o x t x
n z r k a t x n g r
t q v o
t q m z n r p e
n z w z - k r d e
t u t r p q
t q t u t r p q
p r o t x k r
t q y r n i p e
m w i t x k r
n z w z - z l w z - k r g r
y a n e - z v z k r
t z s i k l u t i
n z v z d z m q n g
y r m q
t z r l x n g i t i - k a i n g
t z v o p e
n z o t r n g r
y c p x
x l r b z l e
t z p r o p e n g
k r l z p e b o
t r k r l z w a m u
n z r k a t x n g r
t q y a p x p e b z
n a v z b z n g
n a k a t x b z l e
n z n g i - k r d r
n a v z k r
n a v o p e - n g r g r
n z m c - k r d e
t q e t u
n z r m a l v z - k r g r
t q n g i
m c t r k r
t z a y o t i
r l x n g i t i l e
n a p i b z k r
m r b r p e
t q v z p e
t q v z p e
t q v z p e
t q v z p e
n a a t w z l r - n g r g r
t q v z p e
t q v z p e
t q v z p e
n z v z
n g q t i p e l e
t q v z b e
m c t r k r
n z v z - k r b z
v z t r k r
x l r k r
n z v z
n z x l r m l r
n z r p l a m e i t i - k r d e
n z v z
t q w z - n g r g r
n z y c m n e - k r b z l r
n z t u n g r
n z v z
n z v z
n z v z n g
m c t r k r
n z v z
t z v z p e
t z v z p e
t z v z p e
t q v z p e m
t q p r t r p e b z k r
v z t x
v z t x
t q v z p e m
t z v z p e
v z t x
t z v z p e
t q v z p e m
t z v z p e
