n z n g i - t r p e n g r k r
n z v z k i l r
t z v z k i n e d r
n z v z n e p e l r
n z v z n e p e l r
n z p i l z l r
t q p i p e b z l e
n z x l r m l r
t q m c p e k r
n z w z - z l w z - k r g r
t q v z p e
t q y a p x p e b z
k r l z m l e
n z v z - k z n g
n a v z m i b z l e
t z v z p e
m z ~ n i b r
t q o t i p e l e
n a y r k r t x
l x l v r k i m l e
t q v z p e m
t q r p i - n g r n
t q v z p e - k z x
t q v z - n q b l q n e n e
t q n g i
y c m n e p e
y r k r p x b z l e
t q v z - n g r g r
t z p n z - l z b q n g r
n z v z k i o l r
x l r k r l e
t q p i m e
n z v z p e n g
v z p x b z k r
n a v z m i b z l e
n z v z
t q v z p e m g r
v z p e m
w z t i k r
t q v z - e t r - n g r d e
n z v z k a i - k r g r
t z l v c - a t e n g
n z v z - k z n g
y r k r p x b z l e
n a m n c t x p o
n z v z n e p e l r
n g q t i p e l e
t q k r l x l z p e l e
n z v z p e n g
m n c l z - n g r m
t q v z b o
n z v z n e p e l r
t q p i b z k r
a n g c t i k r
y z l u p x p e m
t z p n z - l z b q n g r
t z r t w z t i p e - k z n g
v z - z v z x
t z v z k i n e d r
t r t a k i t r u
t z v z o p e n g
n z v z p e n g
v z t r l e
t z v z - n g r
t q v z p e
v z k i m l e
t q v z p e m
v z t x
t z v z k i n e d r
n a m u p e k u
n z v z n e p e l r
n a y a p w x t i b o
n z m c t x p w z
n z v z
r g l q k r
m c p x m
t q v z m i t r p e l e n g
n z v z k i l r
n e n g e n g
n z v z - k r b z k r
t z v z p e - k a i n g
m c t x m
n z v z - k r n g e
t q v z - n g r g r
t q v z m i t r p e b z l e
n z v z p x b z n g
t q v z p e m
t r k r l z w x u
n z v z - k z n g
n z m c t r
t z y c m n e - n g r p e m l r
t q v z m i t r p e b z l e
m c - k z a m u
t q m n c - n g r d e
v z x
t q a b r t z - z v z - n g r g r
v z k i m l e
n z p r p x k r
t r n z k q l u - k r p e p w q g r u
n z m n c l z b z n g
t z y c m n e - n g r p e m l r
n z y c m n e k r b z
n z t u - z v z - k r d e
t q w z - n g r g r
n a m n c n e - n g r g r
n a l i
t q v z p e
n z v z - z v z b z n g
n z v z - k r n g e
n z v z - k z n g
n z r p i m l r
v z k i m l e
t q w a i p e l e
t z r m c t i p e l r
n z x l r - k r g r
n z v o p x k r
m n c p e x
n z s u t i p e
m n c - m i p e - a m u
t r o p i l v z u
b r t i t x
t u t i p x - n g r m
m c l x
v z t x
t q p i p e b z l e
n z a s u n g
t q a y z l u - a t e l e
t r p e l e u
n z r p i l r
m n c p e x
t q v o t i t r p e m l e
m z l e d e n g
t r r b l x p w z u
t q p i b z k r
t q p i p e m
t z y a p x p e n g
n z v z b z n g
t z v z o p e n g
n z o t r n g r
t r v z n e - k a k r
t q v z - n g r g r
n z v z p e n g
t z m n c t x - a l o p e n g
t q r v z m i p w q
t q v z p e x
t q m z n r p e
n z p n a k i p x - m o u l r
n z r p i b z
m c l x n g
t q p i b z k r
n z v z - k r n g e
t q p i p e b z l e
t q v z n e k r
n z y a p w x - k r d r
n a r p n z '
n z v z - k r b z k r
p i b z l e
n z w z k r
v z t r l e
n z m c k r
n z v z k i l r
n z v z k i o l r
t q v z b o
n a m n c n e - n g r g r
n z v z k i l r
t q n g r l r p x p e k r
r p i l e
n z r p i b z l r
m z l w e d e n g
n z r p i l r
x l r b z l e
n z p r p x - k r d r
t q p r t r p e b z k r
n a v z - k a i n g
t z v z k i n e d r
t q a o k z
t q l x n g i t i - a t e x
t z r l x n g i t i - k a i n g
n z v z - k r b o
n z l i - k r d e
n z v z k i l r
o t i m
n z v z p e - k r d r
v z t r l e
t z v z - n g r
v z t x
t q n g i
n z v z n e p e l r
t z v z n e p e n g
t q a l v c - l z b q - n g r g r
n z v z - z v z b z n g
t r k r l z w a m u
n a l i
n a k r k a ' - z v z k u
t q v z p x p e
n z v z k a i - k r g r
t q v z m i t r p e l e n g
v z - z v z x
n z b o m - k r d e
n z v z - k r m
o m i t x p x b z l e
v z - z v z x
y a g o x t x
v z p x b z k r
t u p x m
t z v z k i n e d r
n a o k l a t i t r - m o p q g r
t z r m c t i p e l r
m n c l v z r n g r
r m c t i l e
v z m i m q
r m c t i p e k r
m c p o
t z v z - n g r
n z p l z p x - k r m a m u
n a p i n e m c
t q p i m e
x l r k r
n z v z - k r n g e
m c t x m
n z v z - n q b l q - k r n g e
v o m
t q v z m i t r p e l e n g
n z v z n e p e l r
t z r t w z t i p e - k z n g
t q m c p e k r
n z v z p x n g
t q m c l a m u
k x l i
n z m n c l z b z
t z v z n e p e n g
m z l i   k c
r l r - n g r m e
x n g i t x t r l e
t q n g r l r p x p e k r
v z p x b z k r
n z m c p x
n z v z - k r b z k r
n e n g e
n z v z - k r b z k r
t q v z p e b z
n g r g u
v z p e m
n z v z - k r m
n z t w z l r
t z v z n e p e n g
n z a b r t z - z v z n g r
n z v z - k r m
v z t r l e
t z v z k i n e d r
