v z p x b z k r
r p i o b z l e
n z v z - k z n g
t q v z p e b z
n z v z p e - k r d r
n z v z p e n g
n z y c m n e
n z v z k i l r
n z v z p e n g
n z m c k r
t q r p i p e x
n z v z k a i - k r g r
t u t i p x - n g r m
v z t x
n z v z - k r n g e
t u p x m
t q v z p e m
t q r p n a p e - n g r m l e
n z t u n g r
t q y r n i p e
n z w z k r
v z t r l e
n z v z
n z v z k a i - k r g r
n z w z t i - k r b z l e
v z m i m q
t z v z p e
t q v z - n g r g r
t z m w i - n g r d r
n z v z - n g r m l r
v z k i m l e
y r n i - e b i r p e n g
t q r k a l z p e m g r
n a v z b z n g
n z y c m n e
n z v z - k r m
v z t r n g r
n a v z b z
n z v z - k r b o
t r t q k a p e p w q l e
t z v z p e - k a i n g
t q v z t r - m o p w z k r
v z p x b z k r
t r k r l z w x u
n a m n c n e - n g r g r
t q a s u p e b z
t q v z p e
t z v z k i n e d r
y a p x - z v z k r
m w x l r t x - z l w z k r
t q m u - n g r g r
t w z q
t r v z n e - k a k r
t z s i k l u t i
k x p c
t z r t w z t i p e - k z n g
r p i l e
n z v z - k r b z k r
t z v z p e - k a i n g
n z a t u p x - n g r m
t q w z t i p e l e
t q p i p e b z l e
n z r p i - a n i - k r m l e
t z v z - n g r
t u o m
n z v z n e p e l r
n z n g i - k r d r
m r b r t i t r p e
m c l x
t z v z - n g r
t r s u k a
n z y a g o x - k r d e
t z r k a l z p e m
n z d w a o n g r
n z r p i m l r
v z x
n z b z - k r g r
t q v z p x p e
m c p x m
t z v z p e
t z v z n e p e n g
n z v z - k r b z k r
n z v z n e p e l r
t q m w i t x p e
m c l x
t z v z o p e n g
n z v z - k r b o
t q v z m i t r p e b z l e
n z r p i l z - k r d r
n a p i t r - m o u p o
v z - z v z x
n a v z n g
m c t r k r
n a v z m i b z l e
n z r p i b z
t q v z p x p e
n z d w a t r - m o u - k r g r
v z t r l e
m c l x
m c t r k r
v z t x
r p i o b z l e
t r v z n e - k a k r
t q v z - n q b l q n e n e
v z - z v z x
t z p r o p e n g
t z v z p e
m z l e d e n g
p r o t x k r
t q n g r l r l z p e
n z v z
m c p o
v z p e m
m n c - e p e l z l e
n z k r l z m l r
t q v z m i t r p e l e n g
a e l w a p x
x l r b z l e
k z t e d e
t u p x m
t q y r k r p e
m n c - m i p e - a m u
n z p n a t i - k r b z m u
t q o t i - a t e m
t z y a p x p e n g
n z v z - z v z b z n g
n z y a l z - k r g r
v z m i m q
n z v z n e p e l r
t u n e p w z
t q v z - n g r g r
t z m n c t x - a l o p e n g
k x b q n g
t q v z p e m
t z v z n e p e n g
t q p i m e
n z v z - k r m
n z v z p x b z n g
t q v z t r - m o p w z k r
n z m c p x
t q n g r l r p x p e k r
m c t x m
t q r g l q t i k r
n a m n c t x p o
n z v z - k r m
t q m c p e x
t z v z p e - k a i n g
m n c - m i p e - a m u
n z r p i b z l r
n z v z - z v z b z n g
t z v z k i n e d r
k r l z m l e
n a v z b z
t q v z p x p e
t r v z n e - k a k r
t q p i b o
t q p i p e b z l e
m n c l z - n g r m
n z v z - k r n g e
n z v z b z n g
n z r p i m l r
l i p e
n z v z k i o l r
b r n g e
t q v z p e b z
n z m n c l z b z n g
t q v z - n q b l q n e n e
n a m n c t x p o
n a m n c n e - n g r g r
y r n i - e b i r p e n g
t q v z m i t r p e l e n g
n z m c k r
n a d w a p e k r
n z r k a t x n g r
t z m c n g r
t z v z - n g r
v z m i o l e
t z v z o p e n g
t q v z - n g r g r
v z t r n g r
n z r p i - a n i - k r m l e
v z p x b z k r
t z v z p e - k a i n g
t q e t u
n a v z b z
n a v z m i b z l e
t z n g r l r k i o p e l r
t q v o t i t r p e m l e
y c m n e p e
r k a l z m
n z v z p e - k r d r
s c d r
t z v z - n g r
n z v z p e n g
v o m
v z p e m
t z v z o p e n g
v z t r l e
v z - z v z x
t q v z t r - m o p w z k r
t z v z - n g r
n a v z n g
t q y r k r p e n g r
t q v z p e m g r
t q y r n i p e x
n z t u - z v z - k r d e
n z r p i l r
n z v z - k r b o
n z v z - k z n g
v z k i m l e
t q p i m e
v z x
n a m n c - k a p q n g r
n z v z p x n g
t q n g r l r p x p e k r
n z v z k i o l r
t q p n z ' l e
n a r p n z '
n z w z - k r n g e
v z t r n g r
t q v z p x p e
t q v z p x p e
b z a m u
n z v z - z v z b z n g
t q n g r l r p x p e m
n z v z - k r n g e
d w a l z m g r
n z r p i b z
t q v z p x p e
t q v z m i t r p e l e n g
t q v z p e
n z v z - k r n g e
n z v z k a i - k r g r
n z v z p e - k r d r
n z m n c l z b z n g
m c p o
t z v z p e - k a i n g
t q v z b o
t z v z p x p e b z n g
v z p x b z k r
n a p i b z k r
t z l v c - a t e n g
t q v z p e
t z v z k i n e d r
v z t r l e
t q v z m i t r p e b z l e
n z v z p x b z n g
t q p i b z
n i p e n g e
n a a g l q p e k r
