n z m u n g r
t z v z - n g r
t q v z p x p e
n z a l e - k r d r l e
n z v z k a i - k r g r
n z b z t i - l x b l r n g
t q r g l q t i k r
t q v z p e
t u n e
t q v z p e b z
t z m u p e - n g r d r
n z m u - k r d r
t q r g l q t i k r
t q w a i p e x
n z y c m n e - k r d e
n z a b r t z l v z l r
n z v z - k r b o
t z y z l u p e - m o p w z n g
t q v z p e - k z x
n a n g q n a m u
n z r p i m
k x t o p w z n e
n z m c t r
n z r p i - a n i - k r m l e
n z m c k r
t q w x b u p x m
t q v z p e
n z w z - k r n g e
b z p n z ' x
n z v z - n g r m l r
n z y c m n e - k r m
t q v z p e m
n z v z - k r m
t w z k i p x l e l e
n z k r k a ' p x - k r m l r
t z m n c t x - a l o p e n g
n z l v c n g
t q v z p e - k z x
k c n g p e
n z a t r k a t i
t u n e p w z
n e n g e n g
n z m n c p e n g
t q v z - n g r g r
n z r p i - a n i - k r m l e
t q p i b z k r
a t a k q t i - l z b q t x k r
t q t u p x m
l c - a p q b z l e
n a p i b z k u
n z p r t z - k r b z k r
t q m c p e x
t q w z t i p e l e
t q r p i b z l e
t z r t w z - k z n g
t q y a g o x p e
t z v z k i n e d r
n z v z k i l r
t z a y z l u
t q p i b z
t q v z p x p e
t q v z m i t r p e b z l e
t q p i b z
n z r p i b z l r
n z r p i l r
n z v z k i o l r
n z v z b z n g
t q o t i - a t e m
n z v z b z n g
k r a l i
t q v z p e - k z x
k r l z t r p z k r
t q m c p e l e
n a v z m i b z l e
t q m n c
t q p i m e
t q y r n i t x p e
t z v z o p e n g
v z p e m
t q a t a t r p e l e
t q r p n a p e - n g r m l e
t q v z p e - k z x
n z p i l z l r
t z v z p e - k a i n g
n a e s z ' m z n g
t q v z p e m g r
o t i b z
n a p i b z k u
v z - z v z x
t z v z p e
n a v e x
v z p x b z k r
t q r k a l z p e - n g r m q g r
n z l x n g i t i - k r g r
t q r p i b z l e
t z v z n e p e n g
t q v z - n q b l q n e n e
t z v z p e - k a i n g
t r v z n e - k a k r
n z v z k i o l r
m c p z
n z r l r - n g r b z
n a v z n g
n a v z n g
n z a y o n g r
n z v z
t z a k i - l z b q p e
a p u l e
n z n g r l r m i p x b z l r
n z r p i b z l r
v z k i m l e
t q v z m i t r p e l e n g
w z t r p o
n z o l i q k r
n z o k a t r k r
t q v z t r - m o p w z k r
t z r l x n g i t i n g
t z v z - n g r
n a v z m i b z l e
t r t q w z p e u
n z v z k a i - k r g r
n z v z k i l r
t z n g r l r k i p e b z l r
t q m r t u - n g r d e
n z v z k i o l r
n z v z - n g r m l r
n a a g l q b z l r
t q m n c - l x b l r p e k r
t z v z k i n e d r
m z t e
n c n q n g q
n z v z p x n g
t z v z p e - k a i n g
r k a l z m
n z m c k r
l a p e
n a k a b o
y r k r t x o
t q w x b u p x
v z p x b z k r
t q r m c t i p e k r
y r m q
n a v z n g
n z a l v z t r p l r
t z a v e a t i p e
n z v z
n z v z p e n g
k x l i
t z a n g c p e l r
n a r t a n g r t i k r
t q y a p w x t i p e m l e
t z v e c p e n g
n z m c t x p w z
n z a m z b l q p x - k r m c
k r k a ' n e p w z k r
n z r m c t i l r
t q r m c t i p e k r
n z v z p x b z n g
n z v z p e n g
t q v z p x p e
n z v z k a i - k r g r
n z w z - k r n g e
t z m n c - n g r d r
n z m c p x
t q v z p x p e
r m c t i - n g r g r l e
p w r k i l v c - n g r g r
n z v z k i l r
n z a t u p x - n g r m
t q v z p e m g r
t q v z p e
t z m n c t x - a l o p e n g
n z v z - k r b o
t q a s u p e
n z v z p e - k r d r
t q p n z ' b q p e l e
v z p e m
n z a p x - n g r m
n z a l v z t r n g
t r v z n e - k a k r
n z v z - k r b z k r
n z m u - k r g r
t q t r k a p e m
t q t w z o p e
t q r p i b o
t q m n c - n g r d e
n z v z k i o l r
t z v z p e
t q d w a p l r k r n g
n z r m c t i l r
w z t r p o
p z t i t x k r
t q t w z p e
o t i l e
t z v z p e
n z o t i p e - k r m
v z p x b z k r
t z m n c - n g r d r
t q v o b e
n z r p i l r
n z v z p e - k r d r
m n c p e x
t q v z p x p e
n z v z p x b z n g
k r l x l z p e l e
n z r p i m
v o k r
t z a o l v z - a t e b z
n z w z - k r g r
v z - z v z x
n a m w i
n z y r b z
n z r p i l z - k r d r
t z v z n e p e n g
n z v z p e - k r d r
n z v z - n g r m l r
n z v z - n g r m l r
t q m c p x b z k r
t q v z p e
t q y r p u t i p x n g r
n z v z k i l r
k x b q g r n g
t q v z p e x
n a v z n g
n z v z - k r b o
n z b z n g
t z v z k i n e d r
t z v z k i n e d r
t q v z - n q b l q n e n e
t r k r l z w x u
v z m i o l e
t q v z - n q b l q n e n e
n z a y o n e p e - k r d r
n z w z t r n g
v z - n q b l q m
v z t r l e
n z v z - k r n g e
m n c l z - n g r m
t q t w z o p e
t q m c p e l e
n z n g i k r
y c m n e k i m l e
v z m i m q
n z v z - k r m
v z k i m l e
y r k r p x b z l e
t z l v c - a t e n g
t q a l v c - l z b q - n g r g r
n z a t u p x - n g r m
k x e t u
v z x
n z a t o l w a - n g r n g
v z t r n g r
t r v z n e - k a k r
n z a p u s r - k r d r
t q r p i p e x
n z v z - k r n g e
n z v z - n g r m l r
t q v z p e x
t q y r p u t i p x n g r
m c l x
n z v z p e n g
y z l u m l e
t z k a p u t r p e
t q k r l z - a t e b z k r
n z v z - k r b o
t z v z p x p e b z n g
n z v z p x b z n g
n a n
t q p i p e m
n z v z n e p e l r
m w i t x k r
n z o - z l i o - k r g r
n z v z k i o l r
n a v z b z
t q r p i p e x
t q v z p x p e
v z t x
t q v z p e b z
p i b z l e
n z r p i m
n z v z p e n g
n e m u n g
t w z t x p o
s c m
t q v z p x p e
t q v z m i t r p e l e n g
t q v z p e b z
v z x
y a p x - z v z k r
t q m u
y a p w x t i - z p w x m a m u
e s z ' t i
t q x l r p e k r
o b q o b z
t q v z b o
t q p i b z
t q v z p e m g r
t z v z n e p e n g
n z v z - z v z b z n g
n z m u - k r g r
p i p e b z
t r t q w z p e u
t q v z p e m g r
t q v z t r - m o p w z k r
v z m i o l e
t z v z - a t e n g
n z v z b z n g
v z - z v z x
t q v z m i t r p e l e n g
n z y r l q b z
t q m i b i
t q v z p e m g r
k c m a
o s o p x b z k r
n z v z p x b z n g
n z v z - k r m
t q n g r l r p x p e k r
n z d w a t r - m o u - k r g r
t q v z p e x
n a p i t x t r - m o p o
a o t i
o m i t x p x b z l e
t z v z p x p e b z n g
n z a b r t z n g r
n z v z n e p e l r
t z m n c - n g r d r
t q k i p o p e
v o m i k r
v z m i o l e
n z v z - z v z b z n g
d w a l z m g r
n a v o p e k r
m q d e
v z x
t q m u - n g r g r
v z k i m l e
n z v z - k r b z k r
k x y r l z
t q t u n e p w z
n z m n e t i
n z v z - k r b z k r
n a o p e k r
n z v z - k r b z k r
t q r p i m l e
m c p x m
n z l x n g i t i - k r g r
n z r p i b z l r
r b l x t x p e l e
m c l z k r
k r l z m g r
n a m n c - k a p q n g r
r p i l e
t u n e p w z
t q p n z ' p e l e
v z - z v z x
n a v z b z
n a v z n g
n z v z - k r n g e
n z v z p x b z n g
v z p x b z k r
t z l z t i t r
n z y c m n e k r b z
t q t u n e p w z
n z v z - k r d r
v z k i m l e
l i p w z
n z v z - k z n g
t z v z p e - k a i n g
t q v z p e - k z x
t q v z b o
r p i m
n a p i t r - m o u p o
v z - z v z x
n g r l r m i m l e
v z t r n g r
n a n g i t x p w z
t q w z t i p e l e
v z k i m l e
t z v z p e
n z k r l z m l r
v z k i m l e
t q v z t r p e
v z m i o l e
r p i l e
t q k u k i - n g r n a m u
n z r p i - a n i - k r m l e
t q p i p e m
t z v z o p e n g
t u l z m c
t q p i p e m
m z k e '
n z y a p w x - k r d r
n a k q t x o m
m w i t x
t r v z n e - k a k r
t q w x b u p x
t q o l i q t i p e b z l e
n z n g i - k r d r
n z v z - k r n g e
o t i b z
t q v z p e b z
n z m c t x p w z
n z v z k a i - k r g r
t z p r p x p e n g
m c l x
n z v z p x b z n g
t q t u p x m
n a v z m i b z l e
t r v z n e - k a k r
n z v z n e p e l r
t z y r n i n e t r p e b z n g
t q v z m i t r p e l e n g
n z v z - k r b o
a l q l i o l e
k x m u l e
n z r p i - a n i - k r m l e
n a r l x t r p z k r
t z v z p x p e b z n g
t q v z p e
p w x p w z
n z r p i b z
n z v z - k z n g
n z p n z ' b z
t q v z b o
w z p x m
t z v z p e
t q v z p e - k z x
y a n e - z v z k r
v z t r n g r
m n c l z - n g r m
n z v z k i
n z r p i - a n i - k r m l e
t q y z l u p e m c
m a l e l e
t q w x b u p x - n g r m
n a p i t x t r - m o p o
t q v z p x p e
n z v z k a i - k r g r
v z - z v z x
n z y c m n e - k r m
t q a t w z l r p e
n z t u n g r
t z y c m n e t r p e - n g r d r
n z k q l u t x
v z - z v z x
t q m c p e k r
t u t x l z m
t q v z p e b z
n z r m c t i l r
r n i p e x
t z v z n e p e n g
n z t w z - k r n g e
t q v z p e x
t q v z p e - k z x
n z v z p x b z n g
t q v z m i t r p e b z l e
n z v z b z n g
n z m c p x b z l r
n z v z p e n g
t z v z k i n e d r
t q o t i m l e
t q p i b z k r
n a b z d r
t q v z m i t r p e l e n g
t q r p i b z l e
n z m c t x p w z
t q v z p e x
v z p e m
n a v z n g
t q v z t r - m o p w z k r
r m c t i - n g r g r l e
v z b o
n z v z
n z - z p q t r - k r d r
m e i t x t a t x p x
n a m w i
y z l u m c
n z m c - k r n g e l e
t q n g r l r l z p e
t q a y r n i p e
t u t x p w z
n z r p i b z l r
t q y r n i p e x
t u t i p x - n g r m
t q v z p e - k z x
t q v z p e x
t q p i m e
t q v z - n g r g r
v z t x
n z m c o m l r
m z l w e n g
w x t x l z
t r v z n e - k a k r
n z a n g i o
y r l q b z k r
m n c l z - n g r m
t z y c m n e t r p e - n g r d r
n z d w a o n g r
n z v o u n e o p e m
n a m n c t x p o
m w x l r - n g r g r
t q v z p e b z
t q y r k r k i p x l e
n z r k a l z m q n g q
t z r m c t i p e l r
k x t o p w z
n z v z p x n g
t q v z p e m
t q v z m i t r p e b z l e
t q v z t r - m o p w z k r
t q p i p e b z l e
t u o m
y c - x b z t r k r
n z d w a t r - m o u - k r g r
t q v z p e m g r
t q t u l z m
r g l q k r
n z v z k a i - k r g r
t z m n c t x - a l o p e n g
t z r k a l z p e m
n z y c m n e - k r g r
v o - n g r m c
n z v z b z n g
n z e t u p e - k r n g e
t u o m
n z v z k i o l r
m r b r l z m
n z v z - k r m
t q l x n g i t i - a t e x
n z v z - n g r m l r
t r v z n e - k a k r
v z - z v z x
r p i o b z l e
t q v z b o
t q p i p e b z l e
t z v z k i n e d r
n z v z
t q v z p e x
n a a g l q p e k r
n a v z n g
n z v z - k z n g
t q p i p e b z k r
k r l z m l e
n z v z k a i - k r g r
t z m c p e
v z t r n g r
t z v z p e
n a a g l q p e k r
t r k r l z t r p w z u
n z r p i b z l r
n z m c k r
t q v z p e m
n z v z n e p e l r
n z v z - k r b o
t z p i p e l r
t q l x n g i t i - a t e x
n a p i b z k u
t z v z n e p e n g
m r l x m q
t z v z p e - k a i n g
t q r p i p e x
t q v z p e m
n a o k i l r
v z t r l e
n a v z n g
n z p n a t i - k r b z m u
n a v z n g
n z v z p x b z n g
r m c t i p e k r
t z a m r b r t r l r
n z m n c p e n g
w z - n g r m l e
p i b z l e
t q m n c - l x b l r p e k r
n a e s z ' m z n g
r p i o l e
t q m c p e x
t q y r k r p e n g r
t q a s u p e
a l w z n q l e
t q t u t x p x m
t z v z o p e n g
m w i t x
n z m c t x p w z
t q a l v c - l z b q - n g r g r
n z d w a t r - k r g r
y r k r p x b z l e
t u l z m c
t z v z - n g r
n z r p i m l r
m c l x
n z v z - k z n g
n a r l r - n g r m e
n z v z p x n g
n z r l z n g
n z r l a s z - a t e - k r d r
t q m c p e l e
t z v z - n g r
t q m c p e k r
n z a b r t z l v z l r
v z - z v z x
t q v z k i l z m l e
r p i l e
n a v z m i b z l e
n z r p l a m e i t i - k r d e
t z v z k i n e d r
y r n i t x
n z a o l v z b z l r
t q v o t i t r p e m l e
n z d w a t r - k r d e
n z y c m n e - k r b o
t z t w z o p e l r
n a p i p x - l z b q n g
n z v z
n a p i b z k u
t q m c p e x
n z s i k a p u - k r d e
n z v z - k r m
t z v z p x p e b z n g
t q v z m i t r p e l e n g
v z t x
t r n z p i - k r p l e u
t q m c p e l e
v z - z v z x
t q y r k r p e
t z y r n i n e t r p e b z n g
n z v z - k z n g
n a a g l q b z l r
y z l u m c
t q v z m i t r p e l e n g
t q v z - n g r g r
t z v z n e p e n g
t q m w i - n g r g r
n z v z - k r b z k r
v z - z v z x
n z v z - k z n g
v z t r n g r
v z p x b z k r
t q t i n g r
t q a m i n g r - n g r g r
n a p i t x t r - m o p o
n a y a - p w z - t i p e x
n z r p i l r
t q v z p x p e
n z a l v z t r n g r
n z v z p e n g
t r b o i u
t q r p n a l z m
n z v z - z v z b z n g
m r g e a m u
n z v z p e n g
n z o - k r d e
t z v z o p e n g
m n c t i k r
t q v z p x p e
n z v z
n e d r
s c m
t q v z p e x
m n c - e p e l z l e
t q y a p x p e b z
n z v z k a i - k r g r
n z o b q - k a p q k r
v z k i m l e
t z y c m n e t r p e - n g r d r
v z t r n g r
k x n z t o p w z
a e l w a p x - p n z
t z k r l z p e - a t e l r
t q v z b z k r
n z r p i l z - k r d r
n z r t w z - k z p q n g
x l r l e l e
t q p i p e m
t q v z p x p e
n z v z - z v z b z n g
t z m n c - n g r d r
t q m c p e x
d w a l z m g r
n z v z k i o l r
n z p r p x n g r
m e l r m q d r n g
n z r p i - a n i - k r m l e
a n g c t i k r
t q v z p e m g r
t q n g r l r p e k r
v z t r l e
t q y r n i t x p e
t q o t i m l e
t q v z - n q b l q n e n e
t z v z - n g r
t r t q k a p e p w q l e
n z r p l a m e i t i - k r d e
k x p c
n a r l x t i t x - p w z k r
n a a g l q b z l r
v o m l e
a t u l z n g r
v z t x
t q y r n i t x p e
v z k i m l e
n z v z p x n g
v o t r p z k r
n z a v z - k r m l e
t q p i p e m
t q p n z ' b q p e l e
n z v z p x b z n g
n z v z - k r b o
l o p x i l e
n z w z k r
t r k a p e
n z v z k a i - k r g r
n z r p i m
n z r p i b z l r
v z p x b z k r
n a v z m i b z l e
n z o l z - k r m l e
o t i b z
t w z q
n z v z p x n g
t q v z p e m g r
t z l v c m l r
m q g u
n z a t u p x - n g r m
n z v z
t q k r k a ' p e b z
t q l u - n g r g u
n z v z - z v z b z n g
v z t r n g r
t q v z m i t r p e l e n g
t z s i k l u n g
t q o t i m l e
n z y c m n e - k r b o
n z v z - k r n g e
n a y r k r t x
m c t x m
n z v z
t z v z k i n e d r
v o t x t r
t z v z k i n e d r
n z v z - n g r m l r
t q r p i p e x
t q m c p e k r
t q v z m i t r p e l e n g
t q m c p e k r
v z k i m l e
n z m a - n q b l q l r
n z v z
t q p i p e m
t q v z p e
n e m u n g
t q v z b o
t q d c - z l w z n g r
t q v z p e
p i m
t u t i p x - n g r m
n z v z p e n g
n z w z t i - k r b z l e
n z k r l z t r p z
k r l c d e n g
t z v z n e p e n g
n a y r k r t x
t q v z m i t r p e b z l e
n z v z k i o l r
t q v z - n g r g r
t q p i p e b z l e
n z v z p x b z n g
n z r p i l r
v z p x b z k r
n z r t w z - k r m l r
t q v z - n g r g r
k r l z - a n g i d r k r
n z l v c - k r m l r
t z y c m n e t r p e - n g r d r
t q a s u p e b z
n z l z t r - n g r d e
t q v z p e b z
n z l v c n g
r p i l e
t q m r b r
n z r m c t i l r
n z v z p x b z n g
t r v z n e - k a k r
n e n g e n g
t z v z p x p e b z n g
n z v z p e - k r d r
t q v z t r - m o p w z k r
r p i l e
n z r p i m l r
k x t r k a
n z l z t r - n g r d e
n z r m c t i l r
m c p x m
m c p o
t z v z p x p e b z n g
t q v z - n q b l q n e n e
n z v z p x n g
n z k a l z m l r
t q t u l z
t q v z p e m
t r v z n e - k a k r
t q y r n i p e x
n a n g i t x p w z
t z r t w z - k z n g
t z v o p e
t q p i m e
t q w a i p e x
t r n z p i - k r p o ' u
n z w z t i - k r b z l e
v z x
t z v z p e - k a i n g
t q a m i n g r - n g r g r
v z t r l e
t z r m c t i p e l r
r m c t i - n g r g r l e
t r p i p e ' u
a l v z t r l e
n z p n a n g
t q p i b z
n z v z
t z v z o p e n g
n z r p i - a n i - k r m l e
t q v z - n q b l q n e n e
t r v z n e - k a k r
k x n a m u
v z t r n g r
t z v z p e
t q v z n e - z v z k r
t q v o t x - n g r p w z
t q l u x
a l e t i k r n g
r k a l z m
r p i b z
t q r b l x t i l e
m c l z k r
t q v z - n q b l q n e n e
n z r p i b z l r
t q r p i b z l e
t q v z p e - k z x
t q p i p e b z l e
n a v z m i b z l e
n z v z b z n g
t q v z m i t r p e b z l e
n z v z - k z n g
t z m n c t x - a l o p e n g
m r v r t i p e
n z p i l z l r
k x l i
n z v z
n z m z n r - k r d e
n z v z b z n g
m c l z k r
m n c - m i p e - a m u
v z t x
t z v z p e - k a i n g
v z t r l e
n z v z p x n g
n a k r k a ' - z v z k u
v z p e m
t q n g r l r p x p e k r
v z m i m q
v o t r p z k r
n z n g i k r
t q v z m i t r p e b z l e
n z r p i m
y r l q t x b o
t z y c m n e - n g r p e m
s c d r
n z v z - n g r m l r
m n c - m i p e - a m u
v z x
n z v z - k r m
t q v z m i t r p e b z l e
n z v z p e n g
t q v z t r - m o p w z k r
n z v z - k r m
r p i b z k r
t q v z p e
t z v z p e
v z k i p e b z k r
v o t r p z k r
n z v z n e p e l r
t q v z p e m
v z p x b z k r
n z l z t i n g
r p i o b z l e
n z y c m n e - k r d e
t q v o t i t r p e m l e
t q a m r b r t r p e l e
t q d w a p l r k r n g
t q m c p e b z k r
t q v o - n g r g r
v z t r l e
m c l z k r
t q v z p e
t r n a n i b q l e u
n z v z - k r b o
t q v z m i t r p e l e n g
t q v z m i t r p e l e n g
n z m n c t x p w z
t q v z m i t r p e b z l e
n z a b r t z l v z l r
t q v z o p e
n z a b r t z n g r
v z x
o t i m
t z v z n e p e n g
t z p i p e b z l r
n z m n c p e n g
p i b z l e
t q m c p e x
v z - z v z x
r g l q p x k r
n z v z - k z n g
m n c t i k r
k x t r k a
t q y r m
n z o t i - k r m l e
n z v z p e - k r d r
t q w x b u - n g a l e l v z k r
t q v z m i t r p e l e n g
t u p x m
n z r p i m l r
t q r p n a p e - n g r m l e
t q v z p e m
n z v z - k r n g e
n z g l q o l r
t q t r k a m i
m n c - e p e l z l e
n z o - k r m
a b r t z l v z k r
n z v z - k r b z k r
n z v z
m c l x
y r l z t i l e
t z a p u l r
n z a p r e s i n - n g r
t q y a g o x p e
r m c t i l e
m n c - m i p e - a m u
t q a l e x
n z o t r n g r
m c l q
n a v z m i b z l e
t z v z - n g r
t q v z p e x
t q r p i b z l e
n z v z - k r m
n z v z - z v z b z n g
n a - a d r v r - n g r b o
t r t q w z p e u
t q y r n i t x p e
t q t u o m
v z m i o l e
t q v z m i t r p e b z l e
t r v z n e - k a k r
t z v z n e p e n g
n a m n c t x p o
t q n g r l r p x p e m
n a - a e n z l i p w z l r
t q v z - n g r g r
n z v z - z v z b z n g
t z v z p e - k a i n g
t q y a p w x t i p e m l e
y a p x - z v z k r
t q t u n e p w z
v z t x
t q m c p e l e
v z m i o l e
n z v z k i o l r
v o m l e
t q v z b o
t z v z - n g r
t q m n c
n e d r n g
t z m n c - n g r d r
t q t u l z
n z v z p e n g
m r k c n g
t z o d u t r - l x b l r - m o u n g
n z v z k i l r
t q o t i - a t e m
n z v z m i - k r g r
y a n e - z v z k r
t q v z p x p e
r p i o b z l e
t q v z m i t r p e b z l e
n z g l q l z m l r
t q v z - n q b l q n e n e
n z v z n e - k r d r
n z r y a p w x - k r b o
y r l q b z k r
n z v z p e - k r d r
v z - z v z x
l r d r
n z t u n g r
v z x
n a r b o m p e n g
x l r x
t q v z p x p e
n z p n a t i l r
t q v z b o
s e x
n z w z - k r g r
n z v z - k r m
r p i l e
n z v z n e p e l r
r m c t i - n g r g r
n z p n z '
d w a l z m g r
t q a m r l z
n z v z - k r m
p i b z l e
t q v z - n g r g r
n z v z k i l r
n a v z b z
r k a l z m q g r
n z r p i b z
v z p e m
v z p x b z k r
y r n i - e b i r p e n g
n a v z
y r l q b z k r
n z y c m n e - k r n g e
t z v o p e
n z v z k i l r
v z x
t z v z p e
y r l z t i l e
t z v z n e p e n g
t z v z - n g r
v o k r
n z r l a s z - k r g r
t q v z p e
t u t x l z m
t q p n z ' l e
n a l i
m n c p e x
n z v z p e n g
t q n g r l r p e k r
m n c - e p e l z l e
v z p x b z k r
t q y a p x p e b z
t q r p n a - n g r m
t q v z - n g r g r
t q v z b o
n z k a l z m l r
n z v z - k z n g
t z s i k l u p x - n g r m l r
n z v z k i l r
t z v z p x p e b z n g
r l i l r m u
t r v z n e - k a k r
m c l x n g
t q v z - n q b l q n e n e
n z r p i m l r
y r p l a b r t q p e
t q v e a p e
n z w z - z l w z - k r g r
m c l x n g
v z m i m q
t q v z p e
n z w z - k r m
t q w z t i p e l e
t q p i m e
n z v z b z n g
v z t x
m c l z k r
t z s i k l u n g
t q v z p e m g r
r m c t i l e
t q m c p e x
t z v z - n g r
t z r l x t i m l r
t z v z - n g r
t q v z - n q b l q n e n e
t q v z - n g r g r
m q d r
r g l q p x k r
t q t u p x m
w x b u p x - n g r m
v z t r l e
t r t q k a p e p w q l e
n z v z p e - k r d r
t q m w i t x p e
v z m i t r l e
t r n z p i - k r p o ' u
t z v z p x p e b z n g
t q n e p e x
r m c t i p e k r
n a v z - m i p e x
n z v z k a i - k r g r
n z v z p x b z n g
n z v z - k r b o
n z l v c p e n g
t q w r k x t r - n g r g r
n a n g r l r t r k i
l a p w z
n z l v c n e - k r d r
t q p i b z
m c l x n g
v z t r l e
t q v z m i t r p e l e n g
t q m c p e k r
t q k r l z - a t e b z k r
n z p r t r - k r n g e
t q k r l z - a t e b z k r
n a p i t r - m o u p o
t q v z b o
n a m n c - k a p q n g r
y r l q b z l e
t q n g r l r p x p e m
n z v z - k r m
v z t r - k z p z
t q v z p e - k z x
t q v z p e
n z a b r t z - z v z n g r
v z - z v z x
r g l q k r
r w z n g r
n z l x n g i t i - k r d e
t q v z t r - m o p w z k r
t q r p i - n g r n
d w a t x t r x
n z v z p e n g
t z v z k i n e d r
r p i l e
t q r p n a - n g r m
t q b r l x - k z p e
n z l r m z t r - k r d e
n z t u - z v z - k r d e
t q r p i - n g r n
r n g i - b a t r p q
t q w z t i p e l e
n a m n c t x p o
v z t r n g r
s c m
o t i l e
t z v z p e - k a i n g
k r l z p e b z k r
t q m r b r
v z p x b z k r
v o m l e
m c p x m l e
n a p i t r - m o u p o
y c m n e p e
n a v z m i b z l e
n z d w a t r - k r d e
r k a t r p q
n z m u - k r d r
t q v z p e m
t r m c p e l e u
y r l q t x b o
t z v z - n g r
t q v z p e k r
n a y r k r t x
r l w x k r
v z k i m l e
v z - z v z x
t q v z p x p e
v z t r n g r
t z k u k i r p e l r
n z v z
n z m c t x p w z
l x e n g e
t q v z p e b z
t z v z n e p e n g
t q v z p e m g r
v z m i m q
n a p i t x t r - m o p o
p i t x m l e
d w a t x t r x
a t w z l r - n g r m
n a d r
a b r t z t x - n g r d e
d r k a ' n g
d w a t r k r
n e d e n g
n z v z k i o l r
v z m i m q
t q v z t r - m o p w z k r
d r l z d e
m n c t i k r
t q r p i p e x
v z p x b z k r
n z v z
t z k u k i - n g r d r
t z v z p e
a e l w a p x
m c p x m
m e i t x t a t x p x
n z v z k a i - k r g r
t z v z p e
m w i t x
m c p o
t q p r o - n g r g r
r m c t i - n g r g r l e
n z v z - z v z b z n g
v z p e m
n a m n c n e - n g r g r
n z v z - k r n g e
t q v z p e b z
n z y c m n e - k r d e
a l v z t r l e
t z v z n e p e n g
n z y r l q t r p z l r
t r l x n g i t i - n g r m a m u u
a s u m i p e b o
k x b q g r
n z v z k i o l r
t z v z o p e n g
t q v z p e
y r b u t i p e n g
n z y c m n e - k r d e
y a p x - z v z k r
t q v z t r - m o p w z k r
t z v z p x p e b z n g
v z t r l e
v z p x b z k r
n z v z p e - k r d r
t q m n c - l x b l r p e k r
n a p i t r - m o u p o
r p i l e
v z t x
n z a b r t z l v z l r
n a k i l z b z l e
n z k q l u k r
r m a l e
n z a y o n g r
n z v z p x b z n g
n z v z k i o l r
p r t z t x b z k r
t q p i b z
t q v z p e
v z m i o l e
n z l x n g i t i - k r d r
t q r k a l z p e - n g r m q g r
n a v z - k a i k r
n z k r l z l r
n a p i t x t r - m o p o
y r n i t x
n a o p e - k a i x
r m c t i l e
k x n z t o p w z
t q v z p e b z
t z v z p e - k a i n g
t q k q l e p e b z l e
t q m n c
p i b z l e
n z v z - k r b z k r
n a v z m i b z l e
n z p w x n g
n a v z n g
t q v z p e
t z v z - n g r
t q v z p e m g r
t q a l v c - l z b q - n g r g r
n a e s z ' m z n g
n a b z t r k i
n a p i b z k u
p n z ' t x d e
d w a l z m g r
n z v z - k z n g
n z v z p e n g
t z v z n e p e n g
n z v z - k r n g e
t q m w i - n g r g r
n z v z b z n g
v z k i m l e
n a m n c t x p o
y r k r t x o
t q v z m i t r p e l e n g
n z w z t r n g
t z l v c m l r
n z m n c l z b z
r y a p w x - z v z k r
t z v z p e
m c l x n g
n z d w a t r - m o u - k r g r
v z m i o l e
r p i - m o u p q l e
n z l c - a p q b z n g r
n a n g r l r t r k i
t q v z p e m
t q v z p x p e
n z v z - k r b o
n z m n c t x p w z
n a v z b z
t q v z - n q b l q n e n e
a s u m i p e b o
t z v z - n g r
t u t i p x - n g r m
t q v z b o
t z m n c - n g r d r
n z l v c n g
m n c t i k r
n z p c t i k r
m c p o
t q r l r p e - n g r m l e
m y a s z p x l e
a b r t z l v z k r
t r n z p i - k r p l e u
t q v z b o
p i b z l e
v z t r n g r
y r l q t x b o
t z v z - n g r
n z v z - k r b z k r
n g r d r
v o k r
d w a s x p x - k z p q g r
v z m i m q
n z o l z - k r m l e
t q v z p e b z
k x t o p w z n e
t z v z o p e n g
n z r p i m l r
v z t x
n a v z n g
n z w z - z l w z - k r g r
n z v z - k r b z k r
t u t i p x - n g r m
n z y c m n e k r b z
t z k r l z p e - a t e l r
n z v z k i l r
t q v z - n q b l q n e n e
t q y r k r t r - a t e m
t u p x m
t q v o p e
v z m i o l e
n a m c k r
n a - a e n z l i m g r
n z v z k a i - k r g r
t z v z o n g
t r s u k a
t r t q w z p e u
k x b q g r
m n c p e x
k x n z y a g o x n g
n z v z k i o l r
t r a y z l u p x p l e u
n a l x n g i t i k u
t r n z p i - k r p o ' u
n z v z
t z v z p e - k a i n g
t q v z p e
n z v z p e - k r d r
v z m i m q
n a v z n g
n z b z - k r g r
t z k r l z p e - a t e l r
t q r y r n g e
m c l x
t q t u n e p w z
m r l x m
n z v z k a i - k r g r
t z v z k i n e d r
t z r k a l z p e m
m n c l v z r n g r
m w x l r t i - z l w z k r
n z d w a t r - k r d e
v z t r l e
t q m r l z - n g r d e
t q r m c t i p e k r
r p i - m o u p q l e
n a p i t r - m o u p o
y a n e - z v z k r
n z v z
t r n z p i - k r p l e u
n a v z b z
n z v z p e n g
t q m u - n g r g r
t q t u t x p e
l i t x t r
v z t x
t q w x b u o - n g r m
t z v o p e
n z r p i b z
n a v z m i b z l e
t q d w a p l r k r n g
n z v z p e k r
n z v z - z v z b z n g
t q p i b z
t q v z - n g r g r
n z v z k i l r
m c p o
x l r b z l e
t q v z p e
n z m n c l z b z
t q v z p e b z
t q t r k a ' n g r
k c m a n g
n z v z - k z n g
t z v o s z p e l r
n z r l z - k r g r
t q m n c
r p i - m o u p q l e
t q r p i b z l e
p z t i t x k r
t q r p i - n g r n
t q v z - n g r g r
v z m i m q
n z l z t i n g
t q v z t r p e k r
v z m i o l e
n z b z t i - a l z u n g
t z v z p e
n z y c m n e - k r b o
d w a l z m g r
t q m r l z p e
n z v z p e - k r d r
t q m c - a t e k r
k r l z m l e
x l r k r
t q v z p e x
t z v z p x p e b z n g
t z a t w z l r p e - n g r m l r
n z v z p e - k r d r
m r t u p e
v z p e m
r m c t i p e k r
n a m n c - k a p q n g r
n z v z b z n g
t q v o b e
t z v z p x p e b z n g
n a v z m i b z l e
t q v z t r - m o p w z k r
n z v z - k r b z k r
n a p i t x t r - m o p o
t q v z p e m g r
n z n g r l r t r n g
v z o
n z p n a n g
v z m i m q
t r t q k a p e p w q l e
n z v z - k r b z k r
n z m c p x
t q p i b z k r
n z r n g i s c - k r d e
m c p x m
n z v z p x n g
r p i - m o u p q l e
n z v z - z v z b z n g
n z v z k i l r
d w a s x p x - k z p q g r
t q v z - n g r g r
n z v z - k r b o
t q m c t i k u n g
t q v z - n q b l q n e n e
t q m c p e l e
t q p i b z k r
v z - z v z x
v z m i t r p e l e
n i b q t i
t q t u
n z t u p e b z
t q v z b o
n a m n c n e - n g r g r
n z r m n q t x n g
n z r m c t i l r
n z t u n g r
t q v z - n g r g r
n g r l a p l x p x k r
t u p e l e
k r n e d r
v z - z v z x
n a b z m i p e l e
n z v z p e n g
t r n z y a g o x - k r g r u
t q v z t r - m o p w z k r
n z a b r t z - k r g r
n z r p i l r
t q m c p e x
w z t r p o
t q p r t r p e b z k r
d z u r d e
v z k i m l e
m w i t x
t z v z p x p e b z n g
n a b z - n g r n
n z p r p x - k r d r
t q v z p e m
n z l u t x p w z n g
t r n z p i - k r p o ' u
t q a s u l e
n z v z k i l r
t r n z a e n z l i l r u
n z r p i m l r
t z v z p x p e b z n g
m c l x
t z a y o t i
n a v z n g
p r o t x k r
n z v z - k r m
n z l x n g i t i - k r d e
t q v e a p e b z
t q v z - n g r g r
n z v z - k r n g e
n z v z p x n g
n a v z b z
y z l u m c
n z d w a t r - k r g r
n z o b q p x b z
n z v z - k r b o
t q v z - n q b l q n e n e
t q r p n a - n g r m
t q v z p e - k z x
v z m i o l e
n a v z b z
e s c t r p e m
m c p o
t q v z p e m
t q n g r l r l z p e
n z v z m q n g
t q v z p e x
t z v z n e p e n g
n z v z p x b z n g
n i b r d e
a m i n g r p e k r
n z v z - n g r m l r
t q r p i b z l e
t q n g r l r p x p e k r
t u t x l z m
x l r b z
n a v z b z
v z t x
n z m c t x p w z
t q v z p x p e
t q e l a p e k r
m c p o
n z v z p x b z n g
n z v z p x b z n g
n z v o t r p q n g
t q v z - n q b l q n e n e
t z k u k i r p e l r
t q v z - n q b l q n e n e
t q v z p e x
t u l z m q g r
n z b z t i - l x b l r n g
n a - a v z m l e
x l r m l e
n z v z - k r b z k r
t r v z n e - k a k r
n z k r l z m l r
n a v z b z
t q y c m n e p e a m u
t u t x l z m
n z t u l z m
n a r b o m p e n g
s c g r
v z t r n g r
n z v z n e p e l r
n z v z n e p e l r
t q l x n g i t i - a t e x
m c o m q
t z l v c l z p e - n g r d r
n z t u - z v z - k r d e
k r l z p e b z k r
g l a l z l e
y c m n e p e
m n c l v z r n g r
t z t w z n e d r
t z m n c - n g r d r
t z m a i l z l r
n z r p i - a n i - k r m l e
v z p e m
t z y c m n e m
t q v z p e - k z x
n a a m i n g r t i - n g r d r
v z - z v z x
n z v z - k r m
n z m n c p e n g
t r v z n e - k a k r
n z v z k i l r
m a l e l e
n z r p i m l r
y r l q t x - m o u x
k q l u t x
n z m c
d w a l z m g r
t z v z - n g r
n a v z d z k r
n z p i b z l r
v o t r p z k r
n a v z n g
n a p i t r - m o u p o
t q r p i l e
n z p r t r - k r n g e
t q a m z b l q t x p x p e m c
n z y r p u t i p x k r
t q v z p e x
n z b z - k r g r
n z r p w a ' - n g r b z l r
t q a s u l e
t z v z o p e n g
t r n z p i - k r p o ' u
n a p i t x p o
t q m c t i p e k r
n z v z - k r b z k r
t z v z p e - k a i n g
v z t r n g r
v z p e m
m r l z p e
v z m
n z v z k i l r
v z x
t z y a p x p e n g
t q v z p e b z
n z m a b r
n z v z - n g r m l r
t r n z p i - k r p o ' u
t q b z q
t q r g l q t i k r
t q p i p e m
r p i - m o u p q l e
k x n z s i k l u n g
e s z ' t i
t q p i b z
t q m n c - l x b l r p e k r
n z v z - z v z b z n g
n z m c p x
n z t u - z v z - k r d e
n z v z b z n g
d w a t x t r x
y c m n e p e
n z v z k i o l r
t q v z t r - m o p w z k r
n z v z p e - k r d r
t z v z n e p e n g
t q v z p x p e
n z v z - k r b z k r
t q p i b z k r
t q v z p e - k z x
n z v z p x b z n g
v z t x
n a r p n z '
m n c l z - n g r m
v z t x
r m c t i l e
v z t r l e
v z k i m l e
n a r l z
n z a b r t z k r
v z p e m
n e m u n g
t z v z k i n e d r
v z m i o l e
n a v z b z
n z v z - k r m
n a p i b z k u
v z t r l e
t q v z m i t r p e l e n g
t r v z n e - k a k r
v o t r p z k r
t z y z l u p e - m o p w z n g
n z r p i b z
k r l a
t q v z o k r
n z y c m n e
t r m w x l r k r u
r m c t i p e k r
t q a s u p e
y r l q t x - m o u x
n z a l v z t r p l r
t z v z o p e n g
n z v z - k r b o
t q w z t i p e l e
n z v z p x n g
r m c t i - n g r g r l e
t z v z p e - k a i n g
t r k r l z w x u
t q v z p e x
v z t x
m c p x m
p r o t x k r
n z m c p x
t q w q p e
t q v z p e b z
t r v z n e - k a k r
k x p l c
s c g u
t q v z p e
t q y c n g r
n z y o l x o m l r
t q m n c
n z v z b z n g
v o - n g r m
t r v z n e - k a k r
t q v z p e - k z x
b l r k q n g e
t z v z n e p e n g
t q v z p e m g r
n z v z p e n g
t q a s u p e b z
v z t r l e
n z w z - k r g r
n z v z - k r b o
n z w r k x t r n g r
v z m i o l e
t q m c p e k r
n z t u n g r
n a g r
v z k i m l e
t q r m c t i p e k r
t q v z - n q b l q n e n e
n z r k a t x n g r
t q r p i p e m
n a l i n g
n a v z b z
t q v o b e
v z m i o l e
t q y r p u t i p x p e
t q v z p e - k z x
d r t w r m
n z y c m n e - k r b o
t a p l x s r g r
t q t u n e p w z
t q v z t r - m o p w z k r
t z y c p e n g r
v z p x b z k r
n z l v c k r
r m c t i p e k r
n z y c m n e - k r m l e
m r b r t i t r p e
n z m c t r
n z v z p x n g
v z p x b z k r
r m c t i p e k r
n z v z - k r m
v z m i o l e
t u t i
t z y c m n e t r p e - n g r d r
t q y r k r t r - a t e m
t q v z m i t r p e l e n g
t q m w a p e
n z y a l z - k r g r
r m c t i - n g r g r l e
n z v z k a i - k r g r
n z v z k a i - k r g r
m c l x n g
n z v z
t z r m c t i p e l r
n o u d e
t z y r n i n e t r p e b z n g
t q a b r t z - z v z - n g r g r
n z v z k a i - k r g r
t z r m c t i p e l r
n z v z p e - k r d r
v z - z v z x
r t w z t x - n r b a l q b o
m w i t x
y r l q t x b o
t q m u k r
y z l u m l e
n z v z - k r b o
n a v z m i b z l e
m c p o
v z p e m
t z v z - n g r
t r v z n e - k a k r
t z y a p x p e n g
n z a p x - n g r b z
n z p n a n g
t q m c p e l e
t r l r p r k r u
t q v z p e b z
k r k a ' - l e - b l r k u
t q v z p x p e
n z r p i - a n i - k r m l e
t u n e p w z
t q r p i b z l e
t q v z b o
t u t x p x m
n z v z - k r b z k r
t q v z p e m g r
n z m c t r
m c t r k r
v z x
t q a l v c - l z b q - n g r g r
y c - n r b a l q
n z v z n e p e l r
e s z - k r d e
t z y a p w x t i p e b z l r
n z v z b z n g
v z t x
t z v z - n g r
t q t u n e p w z
n z v z - k z n g
v z k i m l e
t q v z - n q b l q n e n e
n z v z p x n g
n z y z l u - k r m l r
t q v z - n g r g r
n z v z p e - k r d r
t q m c p e x
n z k r k a ' p x - k r m l r
v z t r n g r
t q v z p e
t q n g r l r p x p e m
n a p i b z k u
t z y a p w x t i p e b z l r
n z v z
d r v r m i n e m l e
n z y c m n e k r b z
v z - z v z k r
n z m n c l z b z n g
p n z ' b z l e
t q m e i p x
n z p e t i
n a k q t x o m
t q v z b o
t q y r n i t x p e
k x l r p r
t q v z m i t r p e l e n g
t q v z t r - m o p w z k r
t q p i p e m
n z v z p x n g
v z m i m q
v z p x b z k r
v z t r n g r
n z v z - n g r m l r
t q y r k r p x k r
n g r d e
n z v z
k q l u t x p e
t q v z p e - k z x
n a n e n g
t z v z - n g r
n z v z - k z n g
r p i o b z l e
n a p i b z k u
n z a o l v z b z l r
n z v z b z n g
t q v o p e k r
n z v z p x b z n g
t z l v c m l r
n a p i t x t r - m o p o
v z k i m l e
n z v z p x b z n g
v z k r
n a n g q k r
o t i b z
n z o b q - k a p q k r
v z m i m q
t q v z p e - k z x
d w a t x t r x
v z m i o l e
t z m n c t x - a l o p e n g
n z y a p w x - k r g r
n z v z n e p e l r
t q a l e k r
t q m u p e k r
t u t i p x - n g r m
n z w z t i - k r b z l e
t q m a l e l e
m c t x m
v z m i m q
n a p i t r - m o u p o
t q v z p e b z
t q n g r l x o p e
t q m n c
m c p x m
t z l v c l z p e - n g r d r
t q v z p e - k z x
r p i m l e
t r t e n g e
n z v z p x n g
t q v z p e - k z x
n z v z k i o l r
r k a t r p q
n a l x n g i t i l e
n z k r k a ' p x - k r m l r
t q v z p e m
k r l z m l e
t q v z p e m g r
n z v z k i o l r
t z n g r l a p l x
t z v z o p e n g
t z v z - n g r
v z t r l e
t z v z o p e n g
r p i - m o u p q l e
v z t x
m c l z k r
n a r b o m p e n g
b z t i p e d e
t q a y r n i p e
v z x
n a m c t r
t z k r l z p e
t q a b r t z - z v z - n g r g r
n z l x n g i t i - k r d e
t q v z b o
n z m c t x p w z
t q v z o p e k r
t z v z o p e n g
n z a t u p x - n g r m
t q v z - n q b l q n e n e
n z m c k r
t q t u l z
t u l z m c
t q k r l z p e l e
t r m c w x u
n z v z p e - k r d r
t q r p i b z l e
t q k r l z - a t e b z k r
v z x
m n c p e x
t z v z p e - k a i n g
t q v z p e m
t q v z p e - k z x
t q a y r n i p e
n z v z - k r n g e
n a n g r l r t r k i
l a n g
n z m c t x p w z
t r n z m c p e l r u
n z v z
t q k r l z - a t e b z k r
t q o l v x t i - a t e l e
n z m n c p e n g
t q m n c - n g r d e
m c t r k r
t q m c p e k r
n e g u n g
d w a s x p x - k z p q g r
n a r l z
n z m u - k r d r
n z a t u p x - n g r m
t q y r n i p e x
t q v z t r - m o p w z k r
n a v o b z k r
m c k r
m c l x
n z m c t x p w z
t q v z p e
m c p x m
l z o k r
t z r m c t i p e l r
n z w z t r n g
n z v z - z v z b z n g
t q r m c t i p e k r
v z m i m q
d w a - r b r l z - n g r m q g r
v z t r n g r
t z v z p e
e s z - k r d e
t z w z n g r
n z m c t r
n z v z - k r b o
t q m r b r
n z v z - k r b z k r
t q m c p e x
t q y r p u t i p x p e
k r l z m g r
t q y r k r p e
k x e t u
t z k u k i - n g r d r
n z r p i b z
v z t x
t z w r k x t r p e n g
l a p e
t q v z p e
n z v z p e - k r d r
e s z ' n e
t z v z o p e n g
t z v z n e p e n g
m c t r k r
t z v z k i n e d r
v z - z v z x
t q p i m e
m c l x
s c d r
r m c t i l e
n z t e l v z l r
v z p x b z k r
n a v z m
r p i - m o p w z
t q v z m i t r p e b z l e
n c b l o   k c
n a m n c n e - n g r g r
n z r p i m
t q v z p e
t q t u o - n g r m
r p i o b z l e
t q v o b e
t q v z b o
t z m n c t x - a l o p e n g
t z p n z ' - n q b l q p e
k r l z l z b z k r
x l r k r
r m c t i p e k r
n z v z
t q v o b e
t z m n c t x - a l o p e n g
t z s i k l u t i
t r n z p i - k r p o ' u
t q m u - n g r g r
n z m e i t r p z
t q v z m i t r p e l e n g
t q r p n a l z m
n e m
t z v z k i n e d r
n a d w a p e k r
t z v o p e n g
k x p i p z
t z v z - n g r
t q p z l e
n z v z k i l r
n z r p i b z l r
n g r l r m i m l e
t u t x l z m
n z m c p x
t q v z m i t r p e b z l e
n z v z b z n g
x l r b z l e
x l r m l e
n z v z n e p e l r
t u p x m
t z v z o p e n g
t q a s u p e
t r k q o p q l e u
t z v z k i n e d r
t z y c m n e - n g r p e m l r
t z r m c t i p e l r
t u l z m c
t q p i p e m
t q v z p e m g r
n z n g i - k r d r
n z v z - k r b z k r
n z r m c t i l r
n z p i b z l r l e
v z m i o l e
r p i l e
m z l w e d e n g
v z t x
v z x
n z v z p e n g
t q v z t r - m o p w z k r
n z v z - k r b z k r
t u o m
n e g u n g
t q m c p e k r
n z v z - k z n g
k r l a
r p i - m o u p q l e
m c t x m
t q r k a w i t i k r
n a v z m i b z l e
n z v z
v z x
n a v z n g
n z a g l q - k r b z k r
n z p n a t i - k r b z m u
n z y z l u - k r m g r
n z w z t i - k r b z l e
n z v z - z v z b z n g
n z w z - k r g r
m c p x m
n z m u - k r d r
t z v z p x p e b z n g
n z l z t i n g
r p i l e
n z y a l z - k r g r
t z v z p e - k a i n g
k z t e n g e
n z m c t r
t z v z k i n e d r
n z x l r b z l r l e
n z m c t x p w z
t z l v c m q n g
t q v z k i p x k r
n z b a o - k r d e
n z r n i b q n g r
m n c t i k r
n e d r n g
t q y r p u p x
v z - z v z x
t q v z m i t r p e b z l e
n z l x n g i t i - k r d e
n z m c t x p w z
t q v z p e x
t q m n c - l x b l r p e k r
t z v z p e - k a i n g
n z p n z ' b z l r
t q r p i b z l e
n z l z t i n g
n z t u - z v z - k r d e
t z v z p e - k a i n g
n z v z - k z n g
t q y a p w x t i p e m l e
n z d w a o n g r
m z ~ n i b r d r
t z v z n e p e n g
n a m n c - k a p q n g r
v z m i m q
t q v z p e x
r p i b o
t z v z n e p e n g
t q v z m i t r p e b z l e
v z t r n g r
w z t r p o
r t r n g r t i b z
t q v z m i t r p e l e n g
t r r l r - n g r p l e u
r p i o b z l e
r m c t i - n g r g r l e
n z v z k i o l r
m n c l v z r n g r
n a - a e n z l i p w z l r
t q v z - n q b l q n e n e
t u n e p w z
t z v z p x p e b z n g
t z v z p e
m n c l v z r n g r
n z v z - k r m
n z m c t r
n z m w x l r n g
n a v z m i b z l e
n z v z k i o l r
n z v z - n g r m l r
t z v z p e - k a i n g
o m i t x p x b z l e
o t i m
n z v z p x n g
n z v z k i l r
t z v z - n g r
r m c t i p e k r
r l a s z k r
t z v z p e
n z n g i k r
n z v z k i l r
t u l z m c
t q v z m i t r p e l e n g
v z t r l e
n a v z m i b z l e
n z r p i - a n i - k r m l e
t q v z p e b z
t z v z - n g r
v z m i m q
t q v z - n q b l q n e n e
x l r k r l e
t q v z p x p e
n z v z p e n g
t q v z b o
v z m i o l e
t q v z m i t r p e l e n g
n a v z - n q b l q l e
o t i m
r p i o b z l e
n a k a b o
t q v z p e
n a v z n g
n z v z n e p e l r
r g l q p x k r
m c l x n g
n a p i b z k u
n z m n c l z b z
n e g u n g
n a v z b z
n z w z k r
n z r p i l z - k r d r
n z v z - k z n g
n z v z - k r b o
t r v z n e - k a k r
n z p n u - l i g r
n z w z - z l w z - k r g r
t q v z p e m
t q v z p e x
n z v z - k r b z k r
v e c l e
n z v z - k r n g e
n z a l v c - k r g r
v z t x
a t u l z n g r
m c t x m
s e k a e n t x k r
v z p e m
t q v z - n q b l q n e n e
v z m i o l e
n g r l r m i m l e
n z r l z - k r b z l e
k x n z y q n g
t q m n c - l x b l r p e k r
p l a m e i t x d e
t q v z p e - k z x
n z v z - k r n g e
n z v z - k r b z k r
m n c t i k r
v z t r l e
t r l r p r k r u
t q m n c - l x b l r p e k r
t u p x m
t r t q w z p e u
x l r k r
t q y r k r t r p e k r
t q m u k r
t q m n c - l x b l r p e k r
n z y r l q
k x m a t q
n g r g u
n z v z - k r m
n z w z k r
n z l v c p e - k r d r
t q v z m i t r p e b z l e
l o l v z o a m u
n a v z n g
t q v z t r - m o p w z k r
t q v z p e m
p n a t i b z k r
d w a t r k r
t q m a i l z p e b z l e
r n g i - b a t r p q
t q y r k r t r - a t e m
n a v z n g
t z n g r l r k i o p e l r
t q v z t r - m o p w z k r
t z v z p e - k a i n g
t u t i p x - n g r m
n z k r l z m l r
v z m i o l e
n z o l z - k r m l e
v z t r l e
n z v z k i l r
n z a b r t z k r
t q v z p e b z
n a p i p x - l z b q n g
r p i - m o u p q l e
v z p e m
y r k r b z k r
m z t r
n z k r k a ' - k r g r
k x t o p w z n e
n z v z k i l r
v z k i m l e
n a m n c - k a p q n g r
n z r p i - k r b o
n z l v c n e n g
n z r v z m i n g r
n e g r
t z v z p x p e b z n g
t q v z b o
t r n z p i - k r p o ' u
n z v z - k z n g
n z r p i l z - k r d r
t z m w x l r n g
t q d c p e
y c t x b z
y c m n e p e
n z v z - k z n g
t q v z - n g r g r
t u t i p x - n g r m
n z a n g i o - k r d r
v z - z v z x
n z v z - k r m
n z v z k i o l r
t r n z p i - k r p o ' u
t z v z - n g r
t q p i b z
n a m z n r p e
t z k u k i n g
t w z q
v z - z v z x
t z v z o p e n g
n z m c k r
a s u m i p e b o
x l r k r l e
t r v z n e - k a k r
o t i - k z p z l e
t q v z t r - m o p w z k r
t q v z - n q b l q n e n e
n z v z p e - k r d r
p r t r p o
n z w z k r
r n g i - b a t r p q
n a a g l q a m u
t u o m
t q v z p e m
v z t r n g r
t q v z m i t r p e b z l e
t q r p i b z l e
m c t x m
n z m u - k r g r
t q r g l q t i k r
k r l z p e a m u
n z v z p x n g
n e d r n g
t q w z t i p e l e
n z v z - k r m
n z r p i b z
m c t r k r
n z v z
m c p o
n z v z n e p e l r
n z v z b z n g
r d r n g
n z r m c t i l r
n z v z p e n g
n z r p i b z l r
t z v z k i n e d r
k c m a
t u o m
n z r p i b z l r
t q v z m i t r p e l e n g
v z t r l e
y z l u m l e
n z m n c l z b z
t q v z b o
n z v z - r b r - k r d r
n a v z m i b z l e
v z p e m
y r l q t x - m o u x
t z v z - n g r
t z v z - n g r
t z r m c t i p e l r
t q e t u n e p x p e
t q v z p e m g r
n z v z - k r b o
t q v z p e m g r
n z m i n g r - k r g r
y r k r t x o
t z r t w z t i p e - k z n g
t r n a k r l z p q l e u
r m c t i l e
t z v z p x p e b z n g
n z m n c p e n g
n z r m c t i n e d r
t q r m c t i p e k r
v z t x
n z v z - k r b z k r
n z t u n g r
n z w z - k r g r
n z v z
t r t q w z p e u
t z r m c t i p e l r
k r l z m l e
y z l u m g r
n a v z b z
n z l z
t q v z p e m g r
t z v z k i n e d r
t q v z - n g r g r
v z t r n g r
a m u k x t r t x
t q v z p e x
n a y a p w x t i m l e
n z v z
t q v z - n q b l q n e n e
v z p e m
k x p w x
n a v z b z
t q t w z o p e
n z v z n e p e l r
n z v z - n g r m l r
t q v o t x - n g r p w z
n z w z - k r n g e
n a m n c t x p o
t q v z m i t r p e b z l e
p n z ' - m o u l e
n z r p i b z
n a m w i
n z v z p e n g
r p i o b z l e
v z m i m q
t z r p i p e m
t q v z p e m
n a - a e n z l i t x k i
m n c l z - n g r m
n z d w a o n g r
n z v z p x b z n g
t q m c p e l e
n a v z b z
t q p i m e
o t i b z l e
d w a s x p x - k z p q g r
t q v z p e - k z x
t z y a p w x t i p e b z l r
t q v z - n q b l q n e n e
n z a l v z t r p l r
n z v z b z n g
t q a s u p e b z
t q y a p w x t i p e m l e
t r n z p i - k r p o ' u
v z t r n g r
t z l v c - a t e n g
n a n g r l r t r k i
t z x l r o p e l r
t z v z n e p e n g
n z y c m n e - k r d e
a e l w a p x - p n z
t z v z k i n e d r
n a v z n g
n a k a b o
n z b o m l r
t q p n z ' p e l e
n z v z b z n g
n z l x p l z t x
t q v z p e - k z x
n z r p i b z
n a v z m i b z l e
t q v z p e - k z x
n a v z b z
n z v z p e - k r d r
x l r b z k r
t q a m z b l q p x m c
t q r k a l z p e - n g r m q g r
n z v z - k r n g e
t q a s u l e
n z m c t r
k x k q l u
t q y a g o x p e
n z o b q - k a p q n g r
n z m c t r
a t u l z n g r
t q a s u p e b z
t a k i t r t x p w z
t q p i m e
t r v z k r u
t q p i b z
n z r p i - a n i - k r m l e
n z r p i b z
v z p e m
r p i o b z l e
d w a t r k r
n e d r
y r l q t x t r k r
v z - n g r b z k r
n z v z p x n g
n z r p i m l r
m r b r t x
n z v z - k r b z k r
n z v z - k r b z k r
t q v z m i t r p e l e n g
v z m i o l e
t q v z t r - m o p w z k r
v z - z v z x
t q v z p e - k z x
n z v z p e - k r d r
t q v z - n g r g r
n z y r l e t i - k r d e
t q n g r l r p e k r
v z x
n z m n c l z b z n g
n z r m c t i l r
k r l z m g r
m c t r k r
t q v z p e b z
t z r t w z t i n g
n z v z p x n g
n z v z - n g r m l r
t q n g r l r p e k r
n z v z k i l r
n z y c m n e - k r m
n z a b r t z - z v z n g r
t z p n a t i b z l r
m c t x m
t q m n c - n g r d e
t r v z n e - k a k r
n z o p x - n g r m
n z n g i n i - k r d e
t z v z p x p e b z n g
k r l z p e b z k r
n a v z n g
t z v z p e - k a i n g
t z v z k i n e d r
m n c t i k r
n z v z - z v z b z n g
t q r p n a - n g r m
l x e g r
t q v z d z k r
t z v z p x p e b z n g
t z r p i b z
n z g l q o l r
d r t w r d e
t q n g r l r p x p e m
r p i b z l e
t z v z p e
n a n g i
v z p e m
v z p x b z k r
y r k r p x b z l e
t q v z b o
t z v z o p e n g
n z v z - z v z b z n g
n z v z - k z n g
r y a p w x - z v z k r
m n c - e p e l z l e
t q v z - n g r g r
t q v z t r - m o p w z k r
n z v z - k r n g e
n z b z t i - l x b l r n g
n z v z - k r b o
p i b z
m c l x n g
r m c t i p e k r
n a v z n g r
n z v z k a i - k r g r
v z t r n g r
n z v z - n g r m l r
v z - m o p w z k r
t q o t i m l e
t q p i b z k r
k x t o p w z t i n g
b z a m u
t z r p i p e l r
n a r k a l z p e m
m n c - e p e l z l e
n z v z - k r b o
t z v z p x p e b z n g
t z v z o p e n g
t q y r p u p x
t q y r p u p x
m n q t i p e l e
t q y r p l a t r p e
n z v z - k z n g
n z y r b z
t q v z t r - m o p w z k r
n z v z - k r b z k r
t z y a p x p e n g
t r n z p i - k r p o ' u
t r s u k a
t q v o m i t r p e k r
v z m i m q
n z v z k i o l r
t z v z p x p e b z n g
n z v z - n g r m l r
n z r p i l z n g r
t q t u l z
n z v z p e n g
t q v z p e b z
t q v z p e m g r
n z r k a l z m q n g q
t q v z - n g r m l e
t r v z n e - k a k r
m c t x m
n z y r l q
e s z ' t i
v z - z v z x
t z v z p e - k a i n g
n z y a n e - k r d r
t z v z p e
n z v z - n g r m l r
t q a y r n i p e
t z v z p e - k a i n g
r p i l e
l v c - a l z u p q
n z v z - z v z b z n g
n e d r
t q r p i p e x
v z t x
n z m c k r
n z m n c l z b z
x l r m l e
t q v z p e - k z x
t q v o t i t r p e m l e
t q v z - n g r g r
t q v z m i t r p e b z l e
n z o t r n g r
n e d r
n z r m c t i l r
r w z - n g r g r
n z v z - k r b o
t q m e i p x
t q m c p e x
n a k a b o
n z v z - k r n g e
n z v z - z v z b z n g
m c l z k r
r p w a ' t x - n g r b o
t z t a v e l r
t q p i m e
t q v z b o
t q p i p e b z l e
m n c l v z r n g r
t u t x l z m
p i b z l e
n a l x n g i t i k u
t q v z p x p e
n z v z - k r n g e
n z r n i b q n g r
n z r p i l r
n a l x n g i t i k u
n z y a l z - k r g r
n z v z k i o l r
n z m c t r p e m l r
n z v z o - k r d r
t r n z a y o t i p e l r u
y r n i t x
t u p x - n g r m
t q v z b o
n z p i p x k r
m n c t i k r
t z v z p e - k a i n g
n z v z p e n g
n z v z - n g r m l r
n z y c m n e
t q y r k r t r - a t e m
t u n e p w z
n z d w a t r - m o u - k r g r
d r t w r d r
t a g l c t x d e
n z v z n e p e l r
n z a o t i k r
v z m i m q
n z v z k i o p e - k z l r
t q n g r l r l z p e
n a m n c - k a p q n g r
t q v z - n q b l q n e n e
v z t x
n z t u - z v z - k r d e
n z v z - k r b z k r
k x o d a
t q v z b o
n a v z - k a i p o
n a p i p x - l z b q n g
n z v z k i o l r
v z p e m
n z v z - k z n g
o m i t x p x b z l e
n z m n c p e n g
r p i o b z l e
n z m c t x p w z
n z w z t r n g
v z k i m l e
t z l v c - a t e n g
m c l z k r
n z m w x l r - k r g r
t z v z p e
n z v z - k r b z k r
e t u t x
t q v z m i t r p e b z l e
n a v z n g
v z x
m c l z k r
n z v z
t z v z o p e n g
t z - z p q t r n g
t q v z t r - m o p w z k r
t q p i b z
t q m n c
v z t r l e
t q m c p e x
t q v z p e x
n z v z - k r b z k r
n z v z n e p e l r
t r s u k a
n a a g l q b z l r
n z v z - k z n g
p r c k r
n z a n g i o - t x p w z l r
n a v z m i b z l e
v z m i m q
r m c t i - n g r g r l e
n z w z n g r
t q y r k r p e
n z y a p w x - k r d r
m w a k r
y c m n e t r p z k r
r p i - m o u p q l e
b z a m u
n z v z - k r n g e
t q v z n e
t q m n c - l x b l r p e k r
r y a p w x - z v z k r
m w x l r t i - z l w z k r
n a m a p u p e b z l e
t z v z o p e n g
n z b o m - k r d e
v z x
n z v z k i o l r
t z v z p e
n z v z - n g r m l r
t q v z p x p e
n z a p u s r - k r d r
t r n z p i - k r p o ' u
n z w z - z l w z - k r g r
t q r p n a - n g r m
n z v z k a i - k r g r
n z v z - z v z b z n g
y a p x - z v z k r
n z v z - k r n g e
n a y a - p w z - t i p e x
t q p i b z
t z m u p e - n g r d r
n g r l r m i m l e
n z v z - n g r m l r
v z m i m q
y c - n r b a l q
n a v z n g
t q v z b o
d w a s x p x - k z p q g r
v z x
t q v z p e m g r
n a m n c n e - n g r g r
e s z - k r d e
n z v z k a i - k r g r
n a y a g o x n g
v z m i m q
t q r p i p e x
v z p e m
n a r l z
t z v z p e
n a l x n g i t i k u
t z m u p e - n g r d r
n e d r n g
n z r p i b z
n z v z b z n g
r m c t i p e k r
v z - z v z x
v z x
t r t u p e u
n z r p i m l r
n z v z k a i - k r g r
t q v z p e m
n z t w z - k r m l e
n z r k a l z m q n g q
n z t a v e t r
v z m i o l e
n z v z b z n g
v z t x
t z k r l z p e - a t e l r
t q k a p u t r - n g r b z
m c l z k r
v z t r l e
n a p i p x - l z b q n g
n z r p i l r
n z w z k r
n a p i t x t r - m o p o
w x l i k i t x p x p n z
n z a g l q n g r
t q m n c
y c m n e p e
n a b z p e - n g r g r
t q v z p e b z k r
t z y r n i n e t r p e b z n g
n a y a - p w z - t i p e x
t q v z p e m g r
k x b q n g
n z v z k i l r
v z p x b z k r
n a t w z b z l r
n z v z p e - k r d r
t q r l r p e b z l e
v z x
n z r p i - a n i - k r m l e
y a n e - z v z k r
n z v z p x b z n g
t q m u k r
y r n i - e b i r p e n g
v z t x
t q l i p e
a b r t z l v z k r
v z p x b z k r
t q y r p u t i p x p e
k r l z m g r
n z v z - k r m
t q v z m i t r p e b z l e
n z v z b z n g
t q v z p x p e
n z y r l q
n z v z - z v z b z n g
n z m n e t i
n z v z - k r b o
n a a l e - k a i p z n g
n z v z - k r m
v z t r l e
r v z m i m
n a p i t r - m o u p o
t q v z p e m g r
k z t e d r
t u t r p z
v o m l e
a m r b r t r l e
t z v z - n g r
n z d w a t r - k r d e
t u p x m
m c l x n g
n a m n c t x p o
n z r k a t x n g r
t q o l v x t i - a t e l e
n a d w a p e k r
t z v z p x p e b z n g
n z v z n e p e l r
v z m i o l e
m c t r p z l e
t q v z m i t r p e b z l e
d r l z d r n g
n z r n i b q - k r d r
t q r p n z ' p e b z
r p i - m o u p q l e
n z r t r n g r - n g r b z
n z v z k a i - k r g r
t q r t w a y z b z
n a v z m i b z l e
t r n g i u
t q v z t r - m o p w z k r
t q v z p e b z
n z v z - k r m
t z l v c m l r
t q v z m i t r p e l e n g
n z v z - z v z b z n g
n z g l q o l r
n z b z s z n g
r p i - r d e
m c t x m
r p i - m o u p q l e
m n c - e p e l z l e
b z p e k r
v z x
p l a m e i t x d e
t q v o n g r g r
r m c t i l e
t q t a b c - z l i n e p e k r
n z m u - k r g r
t q v z p e m
n z r l x t i - k r b z
n a p i t r - m o u p o
n z m n c l z b z n g
o s z b z l e
t z v z n e p e n g
n z a b r t z n g r
n z a t u p x - n g r m
t q v z p e b z
n z m c p x
n z v z - k z n g
m n c - e p e l z l e
n z d w a t r - m o u - k r g r
v o - k a i a m u
t q v z p x p e
t q t z l e
t z y c m n e t r p e - n g r d r
t q v z m i t r p e b z l e
t q v o t x - n g r p w z
n a p i t r - m o u p o
n z v z p e - k r d r
o b q p x k r
t r d o u
t q t w z o p e
t q p i b z k r
n z v o m i n e - k r n g e
t z v z o p e n g
n z v z b z n g
n z y a p w x - k r d r
t q r p i - n g r n
y r n i - e t r t x k r
n z v z - k r m
v z m i o l e
r m c t i l e
m c l x
t q p i p e b z l e
t q m z b l q p x m
m n c p e x
t q a b r t z - z v z - n g r g r
t q v z p x p e
t q v z m i t r p e l e n g
n z v z - k z n g
t z v z p e
n z v z - z v z b z n g
n a v z b z
t q r p i p e b z
n z r l x t i b z l r
n z v z p e - k r d r
t u t x l z m
v z t r l e
t r k r l z - k a k r
t r v z n e - k a k r
v z k i m l e
n a d w a p e k r
t q m c t i a m u
n z o p r t a p x - k r m a m u
m n c - m i p e - a m u
t q v z p e m g r
m n c l v z r n g r
t q v z p e b z
n z m w a n g r
n a o b q - k a p q p x
n a v z m i b z l e
t q r p i p e x
n z v z n e p e l r
n z v z b z n g
v z - z v z x
t q y r w i l x
n z b o m l r
n z y c m n e - k r d e
r p i - m o u p q l e
t q r p n a p e - n g r m l e
n z a b r t z n g r
n z v z p e - k r d r
t q t o p w z b e - n g r n e
v z t r l e
t q v z m i t r p e b z l e
v z t x p e - n g r d e
t q v z p e m g r
w z t r p o
m c p x m
n z k q o - k r m
t q r p i b z l e
k r l z b z l e
t q p n z ' p e l e
t q r p i p e x
n z v z p x n g
t q k a w i o p e k r
n z r l x t i - k r m l r
o t i l e
t r - r m n q u
t q v z m i t r p e b z l e
t z l v c l z p e - n g r d r
n z r p n z ' n g r
t q v z - n g r g r
m z l i   k c
t z p n z - l z b q n g r
n a v z n g
t z p x i b e n g
n a o m i m c
r p w a ' - n g r b z
m c l x n g
n a m n c n e - n g r g r
n z v z p x b z n g
n z i k l a p w z
n z v z n e p e l r
n a a g l q b z l r
t r n z p i - k r p o ' u
r m c t i l e
t r v z n e - k a k r
t q a y z l u p e l e
y r n i t x
t q t o p w z b e - n g r n e
t q v z m i t r p e b z l e
n z v z - z v z b z n g
n a o b q - k a p q p x
n a a g l q p e k r
n z y c m n e - k r d e
t q a s u p e
n i p e n g e
r p w a ' - n g r b o
t q p i p e b z l e
n z v e c p w z n g
t q m w x l r p e k r
m n c p e x
r g l q k r
n a y a p w x t i m l e
n z v z - k r b z k r
n z n g i k r
l v c - a l z u p q
n z m c t r
v z t x
v z - z v z x
t q y r n i t x p e
n z m c k r
v z k i m l e
n z v z - k r m
m c t r k r
r p i l e
k x e t u t i n g
v z t x
t q v z - n g r g r
y a n e - z v z k r
n z v z p e - k r d r
t q v o p w z
n a l i n g
r m c t i - n g r g r l e
s c g u
t q v z p e b z
n z v z p x n g
b x p i z p x
d w a l z m g r
t z v z k i n e d r
t q v z p e b z
t z r k a l z p e m
t q a l v c - l z b q - n g r g r
n z v z b z n g
t q v z p x p e
n z v e c k r
e t u t x
n z v z p e n g
n z b z t i - l x b l r n g
t q p n z ' l e
v z p e m
t q p i b z
n e n g e n g
n z o t r p z n g
n a v z b z
n z o - k r m
n a v z m i b z l e
p i b z l e
n z v z - k z n g
t z v z p e - k a i n g
x l r b z l e
t q v z p e
n z r p i b z l r
t q v z p x p e
t q v z p x p e
n z b z n g
k c m a n g
n z y c m n e - k r m
t z y c m n e t r p e - n g r d r
m w x l r t i - z l w z k r
k x m u l e
t q v z p x p e
v z m i o l e
m c p x k r
t q v z m i t r p e l e n g
n z v z - n g r m l r
t q v z p e m
n z v z - k r n g e
n a v z b z
r k a t r p q
n z t w z t r k r
t q r b l x t x p e
t q v z - n q b l q n e n e
n z m n c p e n g
n a m u - n g r g r
n z m n c l z b z
t q v z t r - m o p w z k r
n i n g e
n z y a l z - k r g r
t q v o t i t r p e m l e
t q p n z ' b q p e l e
n z v z p e - k r d r
n z v z p e - k r d r
t q v z p e
n z v z - k r b z k r
n z a t a k i
y r k r t x o
n z w z k r
t z v z o p e n g
t z v z n e p e n g
t q v z p e x
t r e s a k i p e u
t q a l e p e q
t z y c m n e - n g r p e m l r
a s a - n g r g r
n a v z m i b z l e
n a v z n g
t z v z p x p e b z n g
t q t u p x m
t q n g r l r p x p e k r
n z v z k i l r
t q m c p e l e
m c p x m
t q v z p e m g r
m c t x m
t u n e p w z
n z v z - k r n g e
t q v o n g r
t q y a p x p e b z
t q r p i - a w a p e b z l e
n z v z - n g r m l r
n z v z p e - k r d r
t q v z t r - m o p w z k r
n a v z n g
t q r m c t i p e k r
n z m c k r
n z v z - k r b o
t q v z d z p e - n g r m g r
n z p n a t i - k r b z l r
t q p i b z k r
t q r m c t i p e k r
t q a y r n i p e
n z y r l q
t q v z p e - k z x
t q m c p e l e
t z v z k i n e d r
v z x
t q m u - n g r g r
r m c t i p e k r
t z m c t x p w z
n a - a t u t r p z
t q v z p e b z
a t u l z n g r
t q v z - n q b l q n e n e
n z w r d e
r p i - m o u p q l e
n z r p i b z
m c p x m
t z v z n e p e n g
t q x p l r
n z w z - z l w z - k r g r
r p i o b z l e
t q v z p e x
n a r t w z o b z
t z v z p e - m o u n g
n a v z m i b z l e
t z v z p e - k a i n g
n z y c m n e - k r m
t u l z m c
n z v z k a i - k r g r
n z v z - z v z b z n g
n z v z p x n g
t z v z o p e n g
v z t x
n a m c l e
t z v z p e
t q m c p e l e
t r y c m n e - k a k r
n a p i t x t r - m o p o
t q v o k i p e m l e
n z v z - k r b z k r
t q v z m i t r p e b z l e
t q v z p x p e
n z v z n e p e l r
t q r p i p e x
n z v o - k r g r
t a b c - z v z k r
y r n i t x
t z v z o p e n g
n z r p i m l r
v z p e m
n a p i t x t r - m o p o
n a v z b z
n a v z b z
m c l z k r
n z p i l z l r
n z v z p x b z n g
m n c p e x
t q t u l z
n z r p i b z
n z v z - n g r m l r
t q y r l q o b o
n a v z m i b z l e
t q v z p e x
n z v z n e p e l r
t z v z o p e n g
n z y a - z v z n g
t q v z - n g r g r
m n c - m i p e - a m u
t q v z p e b z
t u o m
t q n g q p e l e n g
m c p o
n z v z b z n g
t u l z m c
t q m c p e x
n z m n c l z b z
n a v z n g
k x t o p w z
n z w z t r n g
y z l u p x m l e
n z y c m n e k r b z
n z x l r b z l r l e
n z v z - k r m
v z - z v z x
n a p i b z k u
k x e t u b z
t q v z p e - k z x
r m c t i - n g r g r l e
t q v z t r - m o p w z k r
n z l v c n g
n z v z - k r n g e
t q m c p e k r
n c t e
v z p e m
v z t r l e
n z v z p x m q n g
n z a y o n e p e - k r d r
n g r l a p l x p x k r
v z k i m l e
n a v z b z
n z v z k a i - k r g r
t z v z p x p e b z n g
m z l w e n g
t z v z p e
v z p x b z k r
v z p x b z k r
a b r t z t x - n g r g r
n z v z k a i - k r g r
t z m a - n q b l q p e l r
n z m n c l z b z
n z v z k a i - k r g r
n a v z n g
k x n z n g q
n z y c m n e - k r b o
t q v z - n q b l q n e n e
n a k a t x b z l e
n z v z p e - k r d r
n i b r g r
t z v z p x p e b z n g
n z v z - z v z b z n g
t q r m c t i p e k r
t z v z n e p e n g
n a a g l q b z l r
v z x
n z r m c t i l r
t q w a i
t r k r l z k r u
t q v z m i t r p e l e n g
t q v z p e b z
v z t r l e
t q p i p e m
n z v z - n g r m l r
t q a m a p e
t z m n c t x - a l o p e n g
k x n z e t u
t r r l r - n g r p l e u
n z m c p x
n z v z - k r b o
t q n g i
t z y r n i n e t r p e b z n g
n z r p i l r
v z m i m q
n z b z - k r g r
t q r p i p e b z l e
n z v z b z n g
r p i o b z l e
m n c p e x
t q v z t r p e b o
t z m r g e n g
t q v z p e m g r
y r l q t x - m o u x
t q v z p e m g r
t z v z p e
t u t i p x - n g r m
k r l z b o
y o l x o m a m u
t q v z p e m
t z l z t r
t q t u l z
n a v z n g
v z m i o l e
v z m i o l e
v z p x b z k r
v z t r n g r
t z v z p e
t z m r g e n g
e t u n e p x - z v z l e
t q r y r - n g r n e
n z p n a k i p x l r
t q a s u l e
t z v z - n g r
n z v z p x b z n g
n z b z s z n g
t z v z p x p e b z n g
n z y c m n e - k r b o
n z k r l z m l r
n z p n a t i - k r b z m u
n z v z - k r n g e
v z p e m
v z x
n z k a l z m l r
t z v z k i n e d r
n z v z p x b z n g
l x e d r
n z b z s z n g
t q p z l e
n z y c m n e - k r m
n a r p n z '
t q v z p e x
m n c - m i p e - a m u
n z r p i b z l r
n z v z - z v z b z n g
l a n g
t q r m c t i p e k r
t z v z p e
n z o t i p e - k r m
n z v z
n z b z - k r g r
t q n g e o k r
n z r m n q t x n g
n z t u - z v z - k r d e
n a v z m i b z l e
m w x l r - n g r g r
n z v z n e p e l r
m c l z k r
t q v z p e m g r
d w a s x p x - k z p q g r
t u n e p w z
k x n z t o p w z
v z t r n g r
m n c t i k r
n a r l x n g i t i - a t e p e x
t q p i p e m
t z r m c t i p e l r
k c p e
n z t u n g r
r m c t i l e
t q v z - n q b l q n e n e
v z t r n g r
t q v z p e m
t q p n z ' p e l e
n a v z b z
o l i q l z k r
t q k r l z l z - a t e b z k r
n z a t u p x - n g r m
t z v z p e - k a i n g
y z l u m g r
n a v z b z
t q r y a p w x p e m
t z n g r l r k i o p e l r
m c l x n g
t q v z - n g r n e
t q m u k r
n z v z - k r m
t z r w z - n g r p e n g
m c l z k r
n z b z t i - l x b l r n g
t r t q w z p e u
v z x
n z m n c l z b z n g
t q v z m i t r p e l e n g
t q p i p e m
n g r d r
t z y a p x p e n g
n z v z k i o l r
t q m c p e k r
t q s i k l u b e - n g r n e
t q r p w a ' - n g r b z m e
v z k i m l e
a s a n e
v z k i p e m l e
n z v z p x b z n g
t q d w a p l r k r n g
m n c l v z r n g r
v z t x
r m c t i l e
n z v z - z v z b z n g
t q v z p e - k z x
n z v z - k r n g e
t r k r c l u u
t u n e p w z
k x t o p w z
t q t u n e p w z
n z v z b z n g
y r n i p e
v z m i o l e
n z v z - k r b z k r
n z t u n g r
o b q p x k r
n z v z p x n g
n z l u t x p w z n g
t q v z p x p e
t q r m c t i p e k r
n z v z - n g r m l r
r p i o b z l e
v z p x b z k r
n z o l v x t i - k r d e
t q n g r l r p x p e m
s c d e
v z b z k r
t q y a g o x
t z m n c - n g r d r
t q p i m e
t q m c p e k r
t q v z t r - m o p w z k r
t z p r t r - m o p w q
t z y a p w x t i p e b z l r
n z v z - k z n g
t r k r l z w x u
t r v z u
t q y o k a e k r
t q r m c t i p e k r
n z v z k i o l r
t z m n c - n g r d r
p i b z l e
t z y a p x p e n g
n z o b q p x b z
n a p i t r - m o u p o
v z p e - k a i p
p l a m e i t x d e
t z v z n e p e n g
t q v z m i t r p e b z l e
m q g r
t q a e n z l i k r
y r n i - e b i r p e n g
n z v z - n g r m l r
n a v z b z
t q p i m e
n z r p i l r
n z v z p x n g
m c t r k r
n z p i l z l r
n a n g r l r k i t r l r
n z y c m n e - k r m
t q v z - n g r g r
t q v z p e m
v z x
m w x l r t x - z l w z k r
t r n z m n e t i u
t z y r n i n e t r p e b z n g
n z m e l z - k r m e
m q n g r m
r y a p w x - z v z k r
d w a - r b r l z - n g r m q g r
t q v z p e - m o u k u
t q d c
t r n z m c l r u
n z p c t i k r
t z y a p w x t i p e b z l r
v z t r n g r
b z t x p n z '
k x p r k i
n a p i t r - m o u p o
n z r p n a - m o u p q n g
n z m c t r
t z v z o p e n g
t r t r k a - z l w z p w z u
n z p i - k r m l r
t q v z m i t r p e l e n g
n z v z k a i - k r g r
t q o b q t r p e
t q v o n e
t z r m c t i p e l r
n z v z p x b z n g
d w a - r b r l z - n g r m q g r
t z v z k i n e d r
t z k r l z p e - a t e l r
t q v z b o
t q v z - n g r g r
n z v z
t q r g l q t i k r
n z v z p e n g
t q k r k a ' - n g r g r
t z v z p x p e b z n g
n z r b o m k r
n a v z b z
v z k i m l e
k r l z p e k r
t q v z p e x
r y a p w x - z v z k r
m e n g a b q
t q r p n a l z m
n a y a p w x t i p x b o
a t u l z n g r
n z v z - k r n g e
y a p x - z v z k r
t q v z p e x
n z v z b z n g
v z p x b z k r
t q v z p e b o
n a p i b z k u
n z p n a
n z r p i m l r
t q p i p e b z l e
t q v z p e
t q d c p x m
t q v z - n g r m o
n z v z k a i - k r g r
t z v z o p e n g
n z b z s z n g
m c t x m
t q a l e x
t q p n z ' b q p e l e
a b r t z l v z k r
n a r l r - n g r m e
n z l v c n g
t r v z n e - k a k r
m e i t x t a t x p x
r p i - m o u p q l e
t q y a p w x t i p e m l e
v z t r n g r
n z p n a n g
n z w z - k r n g e
n z r p i m l r
t z r t w z - k z n g
n a m n c t x p o
y r w i t x - k z l e
v z m i m q
p i b z l e
t q r m c t i p e k r
n z v z - n g r m l r
t u o m
t z a w z t r p e l r
n z v z - z v z b z n g
v z t r n g r
n z n u r d e
n z v z - k r n g e
t z v z n e p e n g
a t u l z n g r
t q t u p x m
t z v z n e p e n g
t z x l r o p e l r
t q y r k r p e n g r
v z t r n g r
t q r m c t i p e k r
n z a b r t z l v z l r
n e m u n g
p l a m e i t x d e
n z v z p x b z n g
t q n g q p e l e
n z v z n e p e l r
t z v z p x p e b z n g
t q m c p e k r
n z v z p e - k r d r
m c l x
n z v o n g
t z v z n e p e n g
n z v z p e - k r d r
m c t r k r
v z m q g r
v z m i o l e
t z a n g i o l r
v z m i o l e
n z d w a t r - k r g r
t z a n g c p e l r
n z l z t r - n g r d e
e t u n e p x
n i b r g r
v z t r l e
t q p i p e m
n z r p n a k i p x n g r
s c d r
s c g u
m n c - m i p e - a m u
m n c - m i p e - a m u
l i p e
b z a m u
m n c - m i p e - a m u
e s z ' n e
r p i - m o u p q l e
n a r p n z '
n a y a p w x t i m l e
m z l e d e n g
a e l w a p x
d w a l z m g r
o b q p x k r
n a y a p w x t i m l e
m c p o
m c p o
n z g l q o l r
m z l e d e
w z t r p o
m c p o
n a m n c - k a p q n g r
n a d w a p e k r
a s u m i p e b o
n a m n c - k a p q n g r
y r k r p x b z l e
n a n g r l r t r k i
r g l q k r
n a p i b z k u
w z t r p o
y r k r p x b z l e
t q d w a p l r k r n g
n a y a p w x t i m l e
n a p i b z k u
n z p n a k i p x l r
t q a s u l e
t r n z p i - k r p o ' u
n a l x n g i t i k u
n a m n c t x p o
r p i o b z l e
n a p i b z k u
n a p i t r - m o u p o
t r n z p i - k r p o ' u
t q p n z ' l e
r p i o b z l e
k x l i
m n c - e p e l z l e
t r k r l z w x u
w x b u p x - n g r m
t r k r l z w x u
r n g i - b a t r p q
m n c l z - n g r m
r p i o b z l e
n a y a p w x t i m l e
m n c l z - n g r m
m n c - e p e l z l e
t q a s u p e b z
n a p i t r - m o u p o
n a m n c t x p o
n z p n a t i - k r b z m u
t z r k a l z p e m
t q a l v c - l z b q - n g r g r
n i p e n g e
n z p n a k i p x - m o u l r
d w a t x t r x
m n c l z - n g r m
n a m n c t x p o
n z d w a o n g r
n a y r k r t x
y c m n e p e
k z t e d e
d w a t r k r
n e d r n g
m n c p e x
y r n i - e b i r p e n g
n z r k a l z m q n g q
m n c p e x
t q n g r l r l z p e
n a p i t x t r - m o p o
m r b r l z m
n a p i t x t r - m o p o
n a l i
n z r p i - a n i - k r m l e
n a p i t x t r - m o p o
n a d w a p e k r
y r n i - e b i r p e n g
n z r p i - a n i - k r m l e
n z r p i b z
s u t x
t z n g r l r k i o p e l r
n i b r n g e
t q r p n a p e - n g r m l e
n z r p i b z
n z d w a t r - k r d e
n a p i t x t r - m o p o
t q n g r l r l z p e
r p i l e
k x b q n g
n z r p i b z
t u l z m c
t z y c m n e - n g r p e m l r
a t u l z n g r
t z y c m n e - n g r p e m l r
t q n e p e
t q n g r l r p x p e m
p i b z l e
k r l z p e b z k r
t z y c m n e - n g r p e m l r
t q l x n g i t i - a t e x
n z r p i - a n i - k r m l e
t r s u k a
n a a g l q p e k r
t z n g r l r k i o p e l r
n z y c m n e
t w z q
t z y c m n e - n g r p e m l r
t q r p n a p e - n g r m l e
n z r p i m l r
n z y c m n e
n a k r k a ' - z v z k u
t q y a p x p e b z
r m c t i l e
n z y c m n e
n z r m c t i l r
n a m n c n e - n g r g r
n z r p i m l r
m c l e
t q y r k r t r - a t e m
n z k r l z m l r
p i b z l e
m c l x n g
a t u l z n g r
n z w z t i - k r b z l e
n z r m c t i l r
n z l x n g i t i - k r g r
r m c t i - n g r g r l e
n z y a g o x - k r d e
m c p x m
n z r p i m l r
r m c t i - n g r g r l e
t r n z p i - k r p l e u
v o m l e
t q r p n a l z m
n z r p i b z l r
m c p x m
n z y c m n e k r b z
y r l q b z k r
t q r k a l z p e - n g r m q g r
n a m n c n e - n g r g r
r m c t i l e
n z r p i m l r
r m c t i p e k r
m c l x n g
r m c t i p e k r
r m c t i p e k r
t z r m c t i p e l r
t z r m c t i p e l r
r m c t i p e k r
n z k r k a ' - k r d e
n z r p i b z l r
n a m n c n e - n g r g r
m c p x m
r p i l e
n a m n c n e - n g r g r
v z m i m q
n a m n c n e - n g r g r
t u o m
n z m n c l z b z n g
t z l v c l z p e - n g r d r
t z l v c l z p e - n g r d r
n z w z t i - k r b z l e
t r t q k a p e p w q l e
n z m n c l z b z n g
v z m i m q
t u t i p x - n g r m
y a p x - z v z k r
v z m i m q
v z m i m q
n z a t u p x - n g r m
n z m n c l z b z n g
v z m i m q
n z m c t x p w z
b r n g e
t q r g l q t i k r
n z m n c l z b z
t z r m c t i p e l r
v z m i m q
b z a m u
v z m i m q
v z m i m q
t z r m c t i p e l r
n a k a t x b z l e
t q n g r l r p x p e k r
v z m i m q
t q m w i t x p e
n z m n c l z b z n g
n z m n c l z b z n g
t q n g r l r p x p e k r
t u t i p x - n g r m
n z m n c l z b z
n z a b r t z k r
t z m w i - n g r d r
n z m c t x p w z
n z a b r t z k r
t z y c m n e t r p e - n g r d r
b z t i p e d e
n z a b r t z k r
d w a - r b r l z - n g r m q g r
n z r p i l r
t q t o p w z b e - n g r n e
m c p x m
t u l z m c
m c l x
t q o t i - a t e m
t z m w x l r n g
t q v z - n q b l q n e n e
t u n e p w z
n a m n c n e - n g r g r
n z w z t r n g
n z r p i l r
n z r p i l r
t q v z - n q b l q n e n e
m c l x
t q v z - n q b l q n e n e
t q m n c - l x b l r p e k r
t q v o t i t r p e m l e
x l r b z l e
n z r p i l r
b r t i t x
t q v z - n q b l q n e n e
n a v z m i b z l e
t q v z - n q b l q n e n e
t q v z - n q b l q n e n e
t q v z - n q b l q n e n e
t q m n c - n g r d e
m c l x
t q m n c - n g r d e
n z y a l z - k r g r
v z m i o l e
t q o b q t r p e
a t w z l r - n g r m l e
n a v z m i b z l e
t q v o t i t r p e m l e
n a v z m i b z l e
n a v z m i b z l e
n a v z m i b z l e
n a v z m i b z l e
t q v z - n q b l q n e n e
n a v z m i b z l e
