n a p i b z k u
n z v z k i o l r
t q p i b z k r
n z m c p x
n z v z n e p e l r
v z b z
n z m n c l z b z
p w x p w z
v z t r n g r
t q v z p e b z
n z m n c l z b z n g
t u o m
v z t r n g r
t q v z - n g r g r
t q d w a p l r k r n g
n z r t w z - k r d r
v z m i m q
n z k q o - k r m
t q r p i b z l e
n z v z - k z n g
t q v z p e x
t q y r k r p e
n z v z - n g r m l r
t q v z p e x
t q v z p e
t q y a p w x t i p e m l e
n z m c p e - k z p z
n a y c t i p x m
t q a m z b l q p x m c
t q v z p x p e
t q v z m i t r p e b z l e
t q y r p u t i p x n g r
n z v z - n g r m l r
t q y a p x p e k r
n z m c t r
t z a m c t i - n g r d e
n z v z - k z n g
t q n g r l r p e k r
n z v z p e n g
a l v z t r l e
t q v z - n q b l q n e n e
n z v z p e n g
n a m n c - k a p q n g r
v z p x b z k r
n z o t i p e - k r m
v z p x b z k r
t q v z p e m g r
t q r m c t i p e k r
t r m c l e u
t q w x l i k i t x p x
m n c l v z r n g r
n a m n c t x p o
n z r m c t i l r
v z k i m l e
y c p x
n z w z n g
n z v z p e n g
t z y a p w x t i p e b z l r
t q v z p e m
l v c - a l z u p q
k x y r l z
x l r b o l e
t q t u l z
t q p i p e b z l e
n z y c m n e - k r b o
n z w a i n e - n g r b z l r
w z n g r
a b r t z t x p e k r
t u t x l z m
n a i p q p x n g r
v z m i m q
n a a g l q p e k r
n z v z k i l r
t z a p u l r
e l a k r
n z w z - k r g r
t r n z m n e t i u
n z v z - k r g r
t r v z n e - k a k r
n z y c m n e
n z p n a t i - k r g r
m z n r y a g w e n g r l c
v z p x b z k r
v z p e m
n a y a g o x n g
t q t u p x m
t r n z l x n g i t i k a l r
n a v z b z
n a v z b z
n z t c n g r l z k r
n a v z b z
t q o b q t r p e
v z p e m
k r k a ' - l e - b l r k u
n z a b r t z n g r
v z t x
n z v z - z v z b z n g
v z x
t q w a i k i
v z p x m
n z m c t x p w z
t z v z p x p e b z n g
t q m c p e l e
t r v z n e - k a k r
a o l v z b z
t q p r t r p e b z k r
m c t r k r
t q o l v x t i p e l e
d w a t x t r x
t q v z p e
a t u l z n g r
n z m w x l r t i - l z b q n g
t z v z p x p e b z n g
a b r t z l v z k r
n z l x n g i t i - k r g r
n z v z - n g r m l r
t q v z p e m
n z d w a t r - k r g r
t u p x m
n z r p i b z l r
t q v z m i t r p e b z l e
n z d w a o n g r
n z v z p x n g
m c l z k r
m e i t x t a t x p x
t q v o b e
p i b z l e
t z k u k i n g
v z x
v z m i o l e
n a r t w z m
m e l z m c
t z v z - n g r
v z p e m
t q v z m i t r p e l e n g
n a y a - p w z - t i p e x
n z v z k i l r
p i b z l e
t q v z m i t r p e b z l e
n z v z p x n g
n z b z n g
n z v z - z v z b z n g
n z v z n e p e l r
v z k i m l e
n z r p i l r
n a t r k a - z l w z l e
t q t u n e p w z
t z y c m n e - n g r p e m l r
t q v z b o
n z r p i l r
t z n g r l r k i o p e l r
t z m n c - n g r d r
t q v z b o
n z r l a l z - k r g r
n a p i p x - l z b q n g
r p i o b z l e
k c m a n g
l v c - a l z u p q
t q m n c - l x b l r p e k r
v z - z v z x
m n c l z - n g r m
o b q o b z
n z y a y o l z - k r m g r
v z x
t q n g r l r l z p e
y c m n e p e
p i b z l e
v z m i o l e
t q w x b u p x - n g r m
t q y r n i p e x
n a p i p x - l z b q n g
n a p i b z k u
t q a m e i b z k r
r k a t r p q
v z k i m l e
n z w z t r n g
n z v z
n a p i t r - m o u p o
v z p e m
n z v z - k r b z k r
t z m n c t x - a l o p e n g
t q a w r k x t r p e l e
n z m n c l z b z n g
n a y a p w x t i b o
n z v z - k r n g e
n z a t w z l r - n g m
m n c l z - n g r m
t q a y r n i p e
x l r m l e
t z v z k i n e d r
n z v z - z v z b z n g
t q b z p e
n z p r p x n g r
m r t u t x
t q v z m i t r p e l e n g
t z v z p e - k a i n g
n z e t u p e - k r n g e
n z d w a o n g r
m n c l z - n g r m
n a v z n g
n z v z k i l r
v z x
n z v z k a i - k r g r
m c l x n g
t q r p i b z l e
n z v z k i o l r
t q m c p e l e
n z y c m n e
n a y a p w x t i b o
t r a y z l u p l e u
n z v z - n g r m l r
t q r l r p e - n g r m l e
v z m i o l e
t z v z - n g r
t q v z p e b z
n a v z m i b z l e
t q m c p e l e
n z p n a k i p x l r
n a o k a t r p q l r
t q p r k i l z m
l x e d e
n z d w a t r - k r d e
x l r k r l e
t q v z - n g r g r
t z v z o p e n g
n z v z - k r n g e
v z m i m q
n z v z p x n g
r g l q k r
t q t u l z
n z v z n e - k r g r
m c l x
n z v z b z n g
p e t i k r
n z v z - k r m
n z v z p x b z n g
t r w z p e l e u
n z x l r b z l r l e
t q t u p x m
n z r p i b z
m c l x n g
v z m i m q
n z v z
y z l u m l e
n z v z - k r n g e
n z t u n g r
t q y r p l a t r n g r
m c t r k r
n a r l z
n z r t r n g r t i o l r
n a v z m i b z l e
n z r p i l r
n z p i l z l r
n z r l z - k r b z l e
m c l x
n a v z m i b z l e
t q p i b o
t q m c p e l e
n z b o m - k r d e
n a v z m i b z l e
n e n g e n g
t q m w i - n g r g r
t q r p i b z l e
t z m n c t x - a l o p e n g
n z m c p x
n z a l v z t r n g
t q m n c - n g r d e
t r t a k i t r u
t q r p i p e x
n z p i l z l r
t q r p i p e x
t q o t i p e l e
n z m c p x
y z l u m g r
t q m n c
t r - r m n q u
t z r t w z t i p e - k z n g
t q r p i b z l e
n z a l v z t r n g
t q r p i p e x
m n c l v z r n g r
m n c t i k r
n z r l e t i n g r
t z y a p x p e n g
v z m i o l e
t q m c p e l e
k x l r p r
t q m n c - n g r d e
n z m c p x
t q a b r t z - z v z - n g r g r
m n c t i k r
n z n g i - t r p e n g r k r
n z p w x n g
t z l v c - a t e n g
y r n i - e b i r p e n g
y z l u m g r
n z m c p x
x l r k r l e
n z m n c p e n g
t q p i b z
t z l v c - a t e n g
v z m i o l e
t u p x m
n z m c p x
t q r p i p e x
t q y r k r p e n g r
n a k r k a ' - z v z k u
n z m n c p e n g
k x n a m u
t q k r k a ' p e
t q p i p e b z l e
n z m c p x
n z m u - k r g r
t q p i p e b z l e
n z o - k r m
t q p i p e b z l e
t q r p i - n g r n
t q r p i p e x
m c l z k r
t z k u k i n g
t q w z t i p e l e
o t i m
t q p i p e b z l e
o t i l e
t z v z p e - k a i n g
t z v z p e - k a i n g
n z x l r - k r g r
t q r k a l z p e m g r
t u p x m
t q p i b z
t z v z p e - k a i n g
t q x n g i - a t e b z k r
m r b r t i t r p e
t z v z p e - k a i n g
t z v z p e - k a i n g
m c t x m
t z v z p e - k a i n g
n z p r t r - k r n g e
t z v z p e - k a i n g
d w a l z m g r
n z w z - k r n g e
t z m n c t x - a l o p e n g
t q v z m i t r p e l e n g
t q y r k r p e
t q p i b z
t q m e i p x
m c t x m
t q v z m i t r p e l e n g
t z v z p e - k a i n g
t q v z m i t r p e l e n g
n z a b r t z - z v z n g r
t q v z m i t r p e l e n g
v z p x b z k r
t z v z p e n g
t z v z p e - k a i n g
t q v z m i t r p e l e n g
t z r t w z t i p e - k z n g
t q y z l u p e k r
v z p x b z k r
t q v z m i t r p e l e n g
t q v z m i t r p e b z l e
t q p i p e m
v z p x b z k r
t q t u n e p w z
t q v z m i t r p e l e n g
v z p x b z k r
n z w z - k r n g e
t u p x m
v z p x b z k r
t q p i p e m
t q v z m i t r p e b z l e
t q v z m i t r p e b z l e
n a v z b z
v z p x b z k r
v z p x b z k r
t q v z m i t r p e l e n g
v z k i m l e
t q p i p e m
t q p i p e m
t q v z m i t r p e b z l e
t z v z p e - k a i n g
t q o l v x t i p e l e
v z p x b z k r
t q v z m i t r p e b z l e
t q t u n e p w z
n z r p w ' a - k r d e
n z v z k a i - k r g r
n z v z k a i - k r g r
t q v z m i t r p e b z l e
n z t u - z v z - k r d e
n z v z k a i - k r g r
t u p x m
k x p c
t q v o t x - n g r p w z
t q t u p x - n g r m
t z r p i p e
m c t x m
n z v z k a i - k r g r
n z v z k a i - k r g r
t q y r n i p e x
v z k i m l e
t w z x
m c t x m
n z v z d z - k r g r
t z v z k i n e d r
v z k i m l e
n a v z b z
n a w x b u n g r
t z v z k i n e d r
n a v z b z
n z t u - z v z - k r d e
n a v z b z
n z v z k i o l r
n z t u - z v z - k r d e
n z w z - k r n g e
t q v z t r - m o p w z k r
t q w a i p e l e
m w i t x k r
n z v z k i o l r
n z v z k i o l r
t u o m
n z v z k i o l r
n z v z k i o l r
t z v z k i n e d r
t z v z k i n e d r
n z v z k a i - k r g r
t q v z t r - m o p w z k r
t q p i m e
v z k i m l e
v z k i m l e
v z k i m l e
t z v z k i n e d r
t q p i m e
t q v z t r - m o p w z k r
t z v z k i n e d r
n z w z k r
t q v z t r - m o p w z k r
n z v z k a i - k r g r
t z v z k i n e d r
t q v z t r - m o p w z k r
v z k i m l e
t z v z k i n e d r
v z k i m l e
n z a l v z t r n g r
n z v z n e p e l r
t q t u p x m
v z k i m l e
n z v z n e p e l r
t z v z k i n e d r
n z v z n e p e l r
n z v z n e p e l r
v z k i m l e
n z v z - n g r m l r
n z v z n e p e l r
v z k i m l e
n a r p n z '
t z v z p x p e b z n g
n z r p i l z - k r d r
t q m u - n g r g r
k r l z m l e
n z v z n e p e l r
t z v z k i n e d r
n z v z n e p e l r
n z v z n e p e l r
n z v z n e p e l r
n z v z - z v z b z n g
t z v z k i n e d r
t q p i m e
n z v z n e p e l r
n z a b r t z - z v z n g r
n a l i
n z a b r t z - z v z n g r
n z v z - z v z b z n g
t z v z k i n e d r
v z - z v z x
n z v z - n g r m l r
v z - z v z x
n z v z - k r b o
a n g c t i k r
n z v z - k r b o
n z v z - k r b o
n z v z - k r b o
t z v z p x p e b z n g
n z v z - k r b o
n z v z p x b z n g
n z v z - z v z b z n g
n z v z - k r b o
t r v z n e - k a k r
t z v z p x p e b z n g
n z v z p x b z n g
t q p i m e
v z - z v z x
t r v z n e - k a k r
n z v z p x b z n g
t q v z - n g r m
n z v z - z v z b z n g
t r v z n e - k a k r
n z v z k i l r
t r v z n e - k a k r
v z - z v z x
t r v z n e - k a k r
t r v z n e - k a k r
n z v z - k r b o
v z - z v z x
t r v z n e - k a k r
n z v z - k r b o
n z v z - k r b o
n z v z - k r b o
n z v z - k r b o
n z v z - z v z b z n g
v z - z v z x
n z v z k i l r
v z - z v z x
n z v z - z v z b z n g
t r v z n e - k a k r
n z m c t r
n z b z - k r g r
t r v z n e - k a k r
n z v z p x b z n g
n z v z k i l r
t q p i b z k r
n z v z p x b z n g
n z v z p x b z n g
t q v o t x - n g r p w z
n z y a p w x - k r d r
n z m c t r
n z v z k i l r
n z v z p x b z n g
n z p r p x - k r d r
t z m c p x p e b z l r
v z - z v z x
n z v z k i l r
n z m c t r
n z v z k i l r
n z v z - k r n g e
t q p i b z k r
n z v z k i l r
n z v z k i l r
v z p e m
n z v z p e - k r d r
n z v z k i l r
n z v z p e - k r d r
v z p e m
t q p i b z k r
v z p e m
v z p e m
n z v z p e - k r d r
t q p i b z k r
v z t r l e
v z p e m
v z t r l e
v z p e m
n z v z p e - k r d r
n z v z p e - k r d r
v z p e m
t q m c p e x
t z v z o p e n g
t q p i b z k r
n z v z - k r n g e
t z v z o p e n g
n z v z p e - k r d r
t q p i b z k r
v z p e m
t z v z o p e n g
n z v z p e - k r d r
v z t r l e
v z t r l e
n z a m a - k r d e
n z m u n g r
t z v z o p e n g
v z t r l e
n z d w a t r - k r g r
v z p e m
t q m c p e x
v z p e m
v z t r l e
n z m c k r
n z v z - k r n g e
t q m c p e x
v z t r l e
v z t r l e
n z v z - k r n g e
n z v z p x n g
n z v z - k r n g e
t q v z b o
n z v z - k r n g e
t q v z b o
n z v z - k r n g e
n z m c k r
n z v z p x n g
n z m c k r
t q v z b o
t q v z b o
t q t w z p e b z l e
n z v z p x n g
n z v z p x n g
n z v z p x n g
n z v z - k r n g e
t q v z b o
v z t r l e
t q v z b o
t q v z b o
n a v z n g
n z v z p x n g
n z v z p x n g
n z v z p e n g
m w x l r t x - z l w z k r
t q v z - n g r g r
n z v z b z n g
n a v z n g
n a v z n g
n z v z - k r b z k r
t q v z - n g r g r
t q v z - n g r g r
t q v z - n g r g r
n a v z - k a i n g
n a v z n g
n z v z - k r b z k r
n z v z p e n g
n z v z t r n g
t z v z n e p e n g
n z v z p e n g
n a v z n g
t q v z b o
n z v z - k r b z k r
t q v z - n g r g r
n z y a p w x - k r d r
n z v z - k r b z k r
n z v z - k r b z k r
n a v z n g
t z v z n e p e n g
n z v z p x n g
t z v z n e p e n g
n z v z - k r b z k r
n z v z p x n g
n z v z b z n g
n z v z p e n g
v z x
t q p i m e
n z v z p e n g
t z v z n e p e n g
t z v z n e p e n g
n a v z n g
t q v z - n g r g r
n z v z b z n g
n z o t r n g r
t z v z n e p e n g
n z v z p e n g
n z v z - k r n g e
t q v z - n g r g r
n z v z p e n g
n z v z p e n g
t q v z - n g r g r
n z v z p e n g
n z v z p e n g
n z v z p e n g
n z v z b z n g
t z v z - n g r
t q v z - n g r g r
n z v z b z n g
n z v z b z n g
n a r l x t i b o
v o k r
n z v z - k z n g
v z t r n g r
n z v z b z n g
n a a l e - k a i p z n g
t z v z - n g r
t q v z - n g r g r
v z x
t q v z p x p e
n z v z - k z n g
v z t r n g r
v z x
n z v z - k z n g
v z t r n g r
t z v z - n g r
v z x
n z v z - k z n g
t z v z - n g r
t z v z - n g r
v z t r n g r
n z v z - k z n g
n z v z o - n g r m
n z v z - k r m
v z t r n g r
t q v o p x p e
v z x
d w a l z m g r
t q v z p x p e
n z l z t r - n g r d e
n z v z - k r m
n z v z - k z n g
t q v z p e m g r
v z t r n g r
t q v z p x p e
n z v z - k r m
t z v z - n g r
n z v z - k r m
t q v z p e m g r
t z v z - n g r
n z v z - k r m
n z v z - k r m
t q v z p x p e
t q v z p e b z
n z v z - k r m
t q v z p x p e
n z v z - k r m
v z t r n g r
n z k u k i n g
t z v z - n g r
n z v z - k r m
t q v z p e b z
n z v z - k r m
n z v z - k z n g
t z v z - n g r
n z b z n g
t q v z p e b z
t q m n c
t q v z p e b z
v z x
t q v z p x p e
t q v z p x p e
t q v z p e m g r
t q v z p e b z
t q v z p e b z
v z x
n z t u n g r
t z v z p e
t q v z p e b z
n z v z - k r m
n z v z - k r m
t q v z p e m g r
t z l v c m l r
t q v z p e b z
v z t x
v z t x
t q v z p e m
t q v z p e m
v z t x
n a v z b z k r
t q v z p e m
t q v z p e m
t z v z p e
t q v z p e m
t q v z p e m
v z t x
t q v z p e m
t q v z p e m
t q v z p e m
t z v z p e
t q v z p e m
t z v z p e
v z t x
t z v z p e
t q v z p e m
v z t x
v z t x
t q p r t r p e b z k r
t q v z p e m
t z v z p e
t z v z p e
t z v z p e
n z v z
m c t r k r
n z v z n g
n z v z
n z v z
n z t u n g r
n z y c m n e - k r b z l r
t q w z - n g r g r
n z v z
n z r p l a m e i t i - k r d e
n z x l r m l r
n z v z
x l r k r
v z t r k r
n z v z - k r b z
m c t r k r
t q v z b e
n g q t i p e l e
n z v z
t q v z p e
t q v z p e
t q v z p e
n a a t w z l r - n g r g r
t q v z p e
t q v z p e
t q v z p e
t q v z p e
m r b r p e
n a p i b z k r
r l x n g i t i l e
t z a y o t i
m c t r k r
t q n g i
n z r m a l v z - k r g r
t q e t u
n z m c - k r d e
n a v o p e - n g r g r
n a v z k r
n z n g i - k r d r
n a k a t x b z l e
n a v z b z n g
t q y a p x p e b z
n z r k a t x n g r
k r l z p e b o
t r k r l z w a m u
t z p r o p e n g
x l r b z l e
y c p x
n z o t r n g r
t z v o p e
t z r l x n g i t i - k a i n g
y r m q
n z v z d z m q n g
t z s i k l u t i
y a n e - z v z k r
n z w z - z l w z - k r g r
m w i t x k r
t q y r n i p e
p r o t x k r
t q t u t r p q
t u t r p q
n z w z - k r d e
t q m z n r p e
t q v o
n z r k a t x n g r
y a g o x t x
t q e t u n e p x p e
t q y z l u l z p e
n z p w x n g
t q m c p e k r
n z l i - k r d e
l x l v r k i m l e
n z r m n q - k r d r
n z t w z l r
t z v o p e
t q m z n r l x p e
m c - k z a m u
n a k a t x b z l e
m z l w e d e n g
t q m c p e k r
t q m c p e k r
t z p n z - l z b q n g r
n z d w a t r - m o u - k r g r
t q m c p e k r
k x p r t z
n z a s u n g
t q p n z ' l e
t q o p x p e - n g r d e
t q o t i t r p e m l e
n z p n u t i t x
t q v z p e x
t q v z p e - k z x
t q v z p e x
t q v z p e x
t q v z p e x
t q v z p e x
w z t i k r
t q v z p e - k z x
t q v z p e - k z x
t q v z p e x
t q v z p e x
n z w z - z l w z - k r g r
t q v z p e - k z x
t q v z p e x
r k a l z m
t q v z p e x
k r a p w x
t z p e o n g r
p e t r l e
t r p e l e u
o m i t x p x b z l e
t q v z p e - k z x
t q p r t z
t q v z p e - k z x
m r b r t i t r p e
t r t r k a - z l w z p w z u
t q v z p e x
t q v z p e - k z x
n z r p i l z n g r
t z m r g e p e n g
t q a e n z l i k r
t q p l c o
r k a l z m
n z y c t i k r
t q v z p e - k z x
n e d e
n e n g e
k x t q
t q o - z l i o p e k r
n z s u t i p e
n z p r l x l r
n a a t w z l r - n g r d e
b z t i p e d e
t r t r k a - z l w z p w z u
t q y c o m
t z r t a n g r p e
n z r p l a m e i t i - k r d e
t z p n z - l z b q n g r
n z v z - n q b l q - k r n g e
n z v z o - k r m o p w q k r
n z v z n e - k r g r
t q v z n e k r
t q v z - e t r - n g r d e
t q v z d z p e k r
t q v z k i p x
t q v z k i l e
t q r v z m i p w q
x n g i t x t r l e
p x i q t x n e
n z n g r l r p x - k r m g r
n a y a p w x t i b o
a m y a
p r t r p z
n z p r p x k r
t r r b l x p w z u
n g r l x o b z l e
n z r p n a n e o p e - k r m l r
t r t z r p n a p e u
n a m u p e k u
t q a m u k x t r
t q m u - n g r b e
n a y a p w x t i b o
y a p w x t i - z v z b z k r
n a y a p w x t i b o
t q o k r
m z l i   k c
n a r l x t i b z m e
t q n g i
t q p i t i k r
n a p i n e m c
n z r p i - k r m e
d r t w r n g e l e
n a n g q t x k r
n z n g q t i t x p w z
n a n g q d r
t q a o k z
n a o k a t r - n g r d e
r l r - n g r m e
n z v o p x k r
t r v o - n g r p m c u
t q m e i t i o
n z k r k a ' k r b z l e
y r w i t x p x l e n g
n a n g i p e
t r n g i u
t r n z k q l u - k r p e p w q g r u
n a d r v r - n g r b o
n z r m c - k r b z
t q m c l a m u
n z p l z p x - k r m a m u
t q p i
n a p i l v z t i
t r o p i l v z u
t z r l x n g i t i - a y r n r n g r
n a n g e l u n e - n g r d r
r d r n g
t z l v a b e t r p e b z
v o m
t z y c m n e p e b z
t z p r e s i n q n g
n a r l a s z p e l r
r p n z ' p e
n z p n z ' p e m
t z r p n z t r p z n g
n c b l o n g r
k r k a ' - l e - b l r k u
m z ~ n i b r
n a a m i n g r - n g r g r
n z a l e b z
t q r w z s o
t z y z l u t r p e m q n g
y z l u p x p e m
t q y z l u m i p e - m o u x
t q a y z l u - a t e l e
t q a e n z l i t i - n g r g r
n a o k l a t i t r - m o p q g r
t r - r l r - n g r p o u
r l r - n g r m e
t q y c o n g r
y c t x o p e
n a y c t i p x m
k r a p w x
n g r g u
t q k r l x l z p e l e
w a i p n z ' l e
t z a n g c p e b z l r
t q n g c n e o m
t q a g l q p e k r
n z g l q l z - m o u l r
n z k q b l q p x - k r m c
t e k a t r t x b z l e
y r l z o
n z y r m
n a y a g o x n g
n z p n a t i - k r b z m u
t z m c n g r
t q m c p e x
