о с ы х ы у
и н ы м
п с ы х ъ о р
м а ш и н э
д з ы о м
и н ы х ы у
б з а к о х ы у
д е б л э
м ы е р
ц у а б з э
и н ы р
ж ъ о т э
н а п ц э
ш а к ӏ о у
д з ы о р
м а ш и н э у
д з ы о у
м ы е х э р
п ц ы х э р
а р г ъ о й ы у
ӏ у г ъ о р
г ъ о ж ь ы п л ъ ы ж ь х ы у
г ъ о ж ь ы п л ъ ы ж ь х ы у
и н ы х э м э
д з а к ӏ о
н а п ц э р
ц ы е р
с а е к ӏ э
с а е х э к ӏ э
д э г у э
ц у а б з э м
о с ы м к ӏ э
д е б л э р
ц ы г ъ о х ы у
г ъ о ж ь ы п л ъ ы ж ь р
щ э д ж а г ъ о
а п с э
г ъ у н д э м
м а ж ь э у
ӏ о н ы г ъ о м а з э
д ж э г о г ъ у э
д ж а б г ъ о м
а п с ы у
б ж ь ы г о
т ф э и м
н ы с э у
б г ъ э п с ы у
г ъ у р г ь э х ы у
ш ъ х ь а н т э
а н а й э м
с э м
т х ы б з э у
м а ж ь э х ы у
н ы с а щ э м
к у ц э
д ж ы х а ш ъ о
д е б л э м к ӏ э
а б а д з ы у
е т ӏ а г ъ о х э р
х а с э у
ӏ у г ъ о м к ӏ э
к ъ у р н э
б ж ь ы г о м
п щ а г ъ у ы у
б а д ж э у
ц ы г ъ о у
ӏ о н ы г ъ о м а з э х ы у
щ ы н а г ъ о м
щ э д ж а г ъ о м
ш а к ӏ о к ӏ э
ӏ у г ъ о х э р
ч ъ у ж ъ ы у
к у ш ъ э м
к ъ у а щ э
ж ъ а б г ъ о м
д ж э г о г ъ у э м
к ӏ о ц ӏ ы м
д ж ы н ы х ы у
а р г ъ о й э р
г о г о н э х э
п ш ъ э д а л х ь э х ы у
б г а л э м к ӏ э
б г ъ э н ы у
а п с э х э м к ӏ э
м э у ш ъ ы ы у
п ч э н ы м
т ф э и х э р
у п ч ӏ э р
б з э у т э у
н а к ӏ э у
а н э б з э х ы у
н а п ц э к ӏ э
ц у а б з э х э р
д а к ъ э х ы у
ш ъ у а к ӏ о у
ӏ у г ъ о к ӏ э
к ъ у а щ э м
п ӏ э х э р
д ж ы х а ш ъ о х э
п ӏ о н ы м к ӏ э
ш ы н а х ь ы к ӏ ы у
б г а н э х э
г ъ у а п э х ы у
б ж ь э п ч ӏ ы у
т ф э и м к ӏ э
е б л э г ъ а п ӏ э х ы у
т е х а к ӏ у э
а х ъ щ а ш ъ х ь ы у
п ч э н ы р
б г ъ э н ы х ы у
д ж э г ъ о г ъ у э м
ж ъ а б г ъ о х э р
г о г о н э х э р
м а ж ь э р
б з ы л ъ ф ы г ъ э у
а п с э х э
ш э п л ъ ы х ы у
б ж ь ы ш ӏ о у
а х ъ щ а п с э х ы у
г ъ о ж ь ы ш э п л ъ э
б г а н э к ӏ э
т х ы б з э р
д з а к ӏ о м к ӏ э
ц у а б з э х э м э
щ э д ж а г ъ о х э р
ж ъ о н ы г ъ у а к ӏ э
б г а л э к ӏ э
ӏ у г ъ о х э к ӏ э
д а к ъ э у
а д ы г э х ы у
ч ы ӏ у н ы у
г ъ о п л ъ а ш ъ у э
а б а д з э х ы у
т ӏ а м ы х э м э
с э
п ӏ э р
ч ъ ы г а й ы у
б г а л э х э
д ж ы х а ш ъ о х э р
т ы р к ъ о у
е л э н э м
к у т л э
м а х ъ э х ы у
а р г ъ о й э х э
н а п ц э х э к ӏ э
т ы р к ъ о р
б ж ь э м
л а л э у
б а д ж э м
ж ъ а б г ъ о к ӏ э
м э л э м к ӏ э
б ж ы м э х э м э
с э х ы у
ц у а б з э х э к ӏ э
п щ а г ъ у э х э
к ӏ о ц ӏ ы х э м э
п ӏ э х э м к ӏ э
д е б л э х э к ӏ э
х а с э м
ч ъ у а к ъ о к ӏ э
с э м э г у
к ъ о л э б з ы у э м
б г ы б з э м
г ъ у р г ь э х э р
б з э у т э м
т х ы б з э х э
ш ы б з ы м
п ч ъ э ӏ у э
к у а н д э х э р
к ӏ ы ш ъ у ы у
г ъ у н д э х э р
п щ а г ъ у э х э р
б з ы л ъ ф ы г ъ э р
б ж ь ы г о к ӏ э
б г ы б з э р
б ж ы м э х э к ӏ э
щ ы н а г ъ о к ӏ э
б а д ж э
ш ъ у т ы р
т ӏ у а к ӏ э х ы у
н ы с э
г ъ у т х ь э п с э р
п а ш ъ х ь э р
б з ы у
е б л э г ъ а п ӏ э р
ш ъ ы н э х ы у
п с ы х ъ о х э м к ӏ э
с ы р э р
к у ш ъ э х э м э
х ь а н т ы к ъ у а к ъ у э р
н а ш э р
л э г ъ у э
ч ӏ ы у н э
е т ӏ а г ъ о х э м э
г ъ о п л ъ а ш ъ у э м
б э д ж э б ы х ы у
п с ы к ъ е ф э х х ы у
п щ ы н э к ӏ э
п ч э н ы х э р
а н а й э х э м э
п ч ъ э ӏ у э м
д ж э г о г ъ у э х э м э
б ж ь а щ э м
п ӏ э х э к ӏ э
н э п к ъ ы у
т э п с э х э р
б г а н э х э м к ӏ э
а р г ъ о й э х э м э
с э х э м к ӏ э
г ъ э з е т м
д а н э х э м к ӏ э
н э ф ы м
о ф и с   п с э у а л ъ э х э р
ш э п л ъ ы у
м э з а й э х э
а р г ъ о й э х э р
б ж ъ а п э х ы у
у п ч ӏ э х э м э
б ж ь ы г о м к ӏ э
б г ъ э п с э х э м э
к у ц э х э м э
п а ш ъ х ь э х э м э
к ъ а у н э х ы у
ж ъ о г ъ у э м к ӏ э
ж ъ а б г ъ о м к ӏ э
б ж ь э п ч ӏ э
ч ӏ ы р э
ж э г ъ у э
б г ъ э п с э
д ж ы н э р
н а п ӏ э х э р
к ъ у р н э х э р
б г ъ э п с э х э р
г ъ о п л ъ а ш ъ у э р
ч ӏ ы у н э м
д е б л э х э м к ӏ э
м а ж ь э к ӏ э
д ж э г ъ о г ъ у э х э р
т х ь э м а т э м
м ы х ъ о м ы ш ӏ э р
н ы к ъ о л ӏ а г ъ э м
б г а л э х э м к ӏ э
л ъ э к ӏ ы у
ш ы б з ы к ӏ э
о ф и с   п с э у а л ъ э к ӏ э
д э г у э х э
б ж ы м э х э
м э т э к х ъ у а й э х э
к ӏ э р а х ъ о
л ъ э г у а н д ж э
