ц ы к I у х э м к ӏ э
м э у ш ъ ы э х э м э
ж ъ э г ъ у а й э х э
б ж ь э м
ж э к ӏ э ш х у э
б ж ь э м а т э к ӏ э
с у р э т х ы у
п э б ж ъ а к ъ о х э р
х ь а н т ы к ъ у а к ъ у ы у
к ӏ э т ы л э х ы у
б г ы р ы п х ы ш ъ х ь э м
п с ы к ъ е ф э х х ы у
г ъ э з е т м
ч ъ у ж ъ ы у
а л ы р э г ъ у ш ӏ э х э
п ӏ о н ы м к ӏ э
б л э г ъ э ж ъ э
б ы р с ы р ы л э м к ӏ э
к ъ а у н э х э м к ӏ э
б л э х э р
б л ы г у э м к ӏ э
т х ь а р к ъ о к ӏ э
н э ӏ а з э х э р
н э б з ы ц ы у
л ъ э м ы д ж э х э м к ӏ э
с э м э г у
з ы у ӏ э ш ы н э р
а б а д з э х э м к ӏ э
т х ы л ъ ӏ ы г ъ ы п ӏ э м к ӏ э
х ь э т ӏ р э п ӏ ы й э х э р
к ъ э б э с к ъ э   ш ӏ о ӏ у э х э м э
б э д з э р э м
б а т ы р э х э р
к ӏ ы ш ъ у э х э м э
н э х ъ у т э р
х ь э н ч э м ы ӏ у э
б л ы г у э х э м э
б э н а н э э
и н ы х э м э
а б а д з э х э к ӏ э
ч ӏ ы у н э м
щ э д ж а г ъ о
ш ъ х ь э ӏ а т ы н г ъ э х э м к ӏ э
ч ы л э к ӏ э
н э ш ъ у х ы у
д э г у э х э р
н ы к ъ о л ӏ а г ъ э м
б г а л э х э
б э д з э н э ш ъ у э к ӏ э
б э щ ы ш ӏ э м к ӏ э
б з ы у к ӏ ь а л ъ э х ы у
г ъ а л э к ӏ э
л а л э у
д ж э ф ы м к ӏ э
н а п ц э к ӏ э
б г ъ э н ы х э к ӏ э
ш ъ х ь э м а ж ь э х э м э
щ ы л э м а з э м
а д ы г э х э м к ӏ э
б г а л э х э м к ӏ э
ӏ а ш ӏ у ӏ у ш ӏ у х э м э
б г а н э х э
г ы н ы п л ъ э х ы у
д ж а б г ъ о м
ж ь ы г ъ о г у э м к ӏ э
ш ъ х ь а н г ъ у п ч ъ э х э р
к ӏ о ц ӏ ы м
ч ӏ ы л ъ э т е п л ъ э м к ӏ э
л э г ъ у э
с а е к ӏ э
б ж ъ э ш ъ у э к ӏ э
ч э щ н ы к ъ о х э м э
ч I а п ц I э х э м э
з ы у ӏ э ш ы н э х э м э
г ъ у к ӏ э
т у т ы н э м к ӏ э
т е х а к ӏ у э х э р
х ь а ц ӏ э б а ц ӏ э х э к ӏ э
ӏ у г ъ о р
ч ы ӏ у н ы у
м э к ъ э к ъ а щ э х э м э
х ь э н ч э м ы ӏ у э х ы у
б а т ы р г ъ э г ъ ы у
ш ъ э ж ъ ы е х э к ӏ э
б ж ъ э м ы й э к ӏ э
ж ь ы к о р е н э м к ӏ э
н а п ц э р
д е б л э х э к ӏ э
н э п э т а л х ь э
п щ ы н э к ӏ э
х ы г ъ э х ъ у н э м к ӏ э
х ы г ъ э х ъ у н э
д э г у э
б э л ы д ж э п с э х ы у
п л ъ ы ж ь г ь э ф э р
х ь а р ы ф х э р
к ъ э б ы п ц ӏ э у
е л э н э х э р
а п к ӏ х а л ъ х ь э х э к ӏ э
с э м к ӏ э
ч ы л э х э к ӏ э
б э н а н э э х э
ш э п л ъ ы у
ш ъ ы н э х ы у
ч ӏ ы р э
п л ъ ы ж ь г ь э ф э х э
ж ъ о р к ъ ы э р
ц ӏ ы ӏ р г ъ э х ы у
ц э л ы х э м к ӏ э
б ж ъ а щ э к ӏ э
ж ы ф л ъ а т э х э р
ӏ а ш ӏ у ӏ у ш ӏ у м
д ж э г о г ъ у э
и н ы м
ӏ э х ъ у а м б э
с э м э г у х ы у
щ ы н а г ъ о к ӏ э
е т ӏ а г ъ о х э р
д з а к ӏ о м к ӏ э
к ӏ э к ӏ ь а щ ы н
п ч ъ э ӏ у э
г ъ о ж ь ы ш э п л ъ э х э м к ӏ э
б э д з э р э х э
х а с э у
к ъ о л э б з ы у э х э к ӏ э
б л э х э
к ъ о л а д ж э х э м к ӏ э
г ъ у ч ӏ ӏ у н э х э м э
х ъ у а н э м к ӏ э
н а л ъ э к ӏ э
у п ч ӏ э к ӏ э
е л э н э х э м к ӏ э
б ы д з ы щ э
п щ а г ъ у э х ы у
а х ъ щ а п с э х э к ӏ э
г ъ у н д э х э м к ӏ э
б ж ь ы н ы ф ы ц э х э м э
н ы б г ъ у э ш ӏ э ф э х э р
п ӏ э х э к ӏ э
х ь э т ӏ р э п ӏ ы й э м
м а ж ь э р
ч ъ у а к ъ о к ӏ э
х ь э т ӏ р э п ӏ ы й ы у
б ж ъ э ш ъ у э х ы у
б ы р с ы р ы л э х э м э
б э р э т ӏ и н э х э
к ӏ ы й ы у
б ж ы х ь а п э х э
б ж ы б э х э к ӏ э
а л т э с э
ч I ы к ъ у э х э
а д ы г э р
б а т ы р г ъ э г ъ э м
и н ы р
г ъ о п э к ӏ ь а к у э х э р
б ж ь а щ э м
м ы х ъ о м ы ш ӏ э х э р
б ы р с ы р ы л э х э м к ӏ э
г ъ о ж ь ы ш э п л ъ э р
ц ы к I у м
п с э о н г ъ э х э м э
а п ш ъ ы ш ъ э р
м э л э х э
ӏ у г ъ о м к ӏ э
х ь э б а д з э у
г ъ у а п э х э р
ш а к ӏ о у
д е б л э м к ӏ э
б з а к о х ы у
ӏ а ш ӏ у ӏ у ш ӏ у к ӏ э
ж э г ъ у э м
а х ъ щ а ш ъ х ь э х э к ӏ э
к ъ у а щ э м
т х ь а р к ъ о м к ӏ э
г ъ о п л ъ а ш ъ у э м
ж ъ а г ъ э к ӏ э
ч ъ ы г х а т э м
к ъ э л э м э м к ӏ э
т ф э и м к ӏ э
б э р э т ӏ и н э м к ӏ э
б ж ъ э у э х э м к ӏ э
к ӏ о ц ӏ ы к ӏ э
х ъ а г ъ э м
б э д з э р э к ӏ э
ш ы п х ъ у ы у
п ч э н ы к ӏ э
ч ъ ы г х а т э х э
б ы д з ы щ э х э к ӏ э
б ж ь ы н ы ф ы ц ы у
ц ы г ъ о х ы у
б э г ь э х ъ э к ӏ э
к у к у н э г ъ э п л ъ э х э м э
б г ъ э п с э
к ъ у а п э х э к ӏ э
б г ъ э к ӏ э с э х ы у
ӏ о н ы г ъ о м а з э
г ъ о ш э г ь   ч ӏ э г ъ ы ч ӏ э л ъ э х ы у
б а т ы р г ъ э г ъ э х э м к ӏ э
Х ь а о
б з э у т э у
к ъ а у м э х э м к ӏ э
б л э м ы у э м к ӏ э
н э ш э г ъ о ж ь э р
н э х ъ у т э м
п ы н д ж м
ц у м п э к ӏ э
н э к ӏ у ш ъ у х э р
к ӏ ы ш ъ у э х э м к ӏ э
а х ъ щ э б э д з э р э к ӏ э
к ъ э б ы п ц ӏ э х ы у
б л ы н ы к ӏ э к ӏ э
х ь а н т ы к ъ у а к ъ у э к ӏ э
х ъ у п х ъ э к ӏ э
а к ъ ы л э р
ш а м г ь э н э х э м э
б э д з э н э ш ъ у э х э м э
н э ӏ а з э х э м э
х ь э н ч э м ы ӏ у э х э м к ӏ э
и н ы х ы у
м э л ы у
б ж ь ы н ы ф ы ц э
х ъ у п ӏ э х э
к ӏ э л э е г ъ а д ж э
щ э н ы й э
б э т ы м к ӏ э
д э г у э х э р
б э д з а у э х э м к ӏ э
б ж ь а щ э к ӏ э
п э г ъ у а н э х э к ӏ э
н ы с а щ э м
а ш ъ о ц у а к ъ э х э
л ъ э к ӏ э м
к ъ у ш ъ х ь э х э
г ъ о п л ъ а ш ъ у э м
л ъ э к ъ у а п ц ӏ э х э к ӏ э
х ь а р з э х э к ӏ э
ж э к ӏ э ш х у э х э м к ӏ э
ч ъ ы г а й ы у
а д ы г э х ы у
ш ъ х ь э м а ж ь э х э м к ӏ э
б г ы р ы п х ы ш ъ х ь э х э р
к у к у н э г ъ э п л ъ э х э р
ш э н ч ъ э м к ӏ э
д э г у э х э
д з а к ӏ о
б л а ш х ъ о х э к ӏ э
м э з а й э х э
б л а б ж ъ э х э р
ч ы л э х э р
б л ы н ы к ӏ э х э к ӏ э
