б э л ъ ф э р
ж ъ о т э х э к ӏ э
б ы р с ы р ы л э х э
м э х ъ а д ж э х э р
а б а с э м к ӏ э
а х ъ щ а л ъ ы у
п ч э н ы у
е б л э г ъ а п ӏ э м
а ш ъ о ц у а к ъ э р
б э л ы д ж э х э к ӏ э
м э т а з э х э м к ӏ э
х а с э м к ӏ э
б ж ъ э ш ъ у э м
к у к у н э г ъ э п л ъ э х э к ӏ э
ж ъ у г ъ э х э к ӏ э
н ы с а щ э х ы у
б ж ь ы г о х э р
т ӏ а м ы х э м к ӏ э
б з э у т э р
п л ъ ы ж ь г ь э ф э м
б з э г у э м
п ч э н ы
т х ь э л ӏ ы к ӏ у э р
к ъ о л а д ж э х э к ӏ э
к ӏ э х ь ы м к ӏ э
ч ъ ы г а й э
ч э л э р
а х ъ ч э б э д з э р э х э м э
к у а н д э к ӏ э
м ы е х э к ӏ э
т х ь э л ӏ ы к ӏ у э х э
ж ъ а п х ъ э к ӏ э
о с ы л ӏ э к ӏ э
л ъ э м ы д ж э р
л ъ э г у а н д ж э х э к ӏ э
ӏ э х ъ у а м б э х э р
н э к ӏ у ш ъ у к ӏ э
л ъ а п с ӏ э х э м к ӏ э
б л ы н ы к ӏ э р
д ж а б г ъ о х э р
а к ъ ы л э х э р
т х ь э м а т э
к ъ у а п э х э р
я т ӏ э у
ж ъ э г ъ у а й э х ы у
г ъ о ж ь ы ш э п л ъ э м к ӏ э
ш ъ х ь э ӏ у х э х э м к ӏ э
а н а й э х ы у
к ъ у а п э х э
а р х ъ у а н э х э р
ш ъ х ь э м а ж ь э р
л ъ э г у а н д ж э к ӏ э
б ж ъ э д ы г ъ у э х э к ӏ э
п х ъ э н к ӏ ы п х ъ э м к ӏ э
г ъ у н д э х э к ӏ э
б э д з а у э к ӏ э
к ъ ы г ъ э х э м к ӏ э
м э л э к ӏ э
б л ы г у э р
а х ъ ч э б э д з э р э м
а ш ъ о ц у а к ъ э х ы у
с у р э т х э м к ӏ э
н э к ӏ э т ӏ э р э х э м к ӏ э
а л ы р э г ъ у ш ӏ э к ӏ э
а л ы р э г ъ у ш ӏ ы у
б а д ж э х э м к ӏ э
к ъ э л э м э х э м э
б ж ъ а п э х э р
а б а д з э
х ь а н т ӏ а р к ъ у х ы у
ц у э к ъ о к ӏ э х ь э х э м к ӏ э
ӏ э б ж ъ а н э х э м к ӏ э
б л а ш ъ х ь э
ж э л ы й э х э м к ӏ э
ӏ у г ъ о х э м к ӏ э
к ъ у а щ э у
н э б з ы ц э к ӏ э
б ж ы х ь а п э х э р
и л ъ э с э к ӏ э
а х ъ щ а л ъ э к ӏ э
к х ъ у л ъ ф ы г ъ э м к ӏ э
х ь э б ы у
б ж ы х ь а п э р
е л э н э
д з а к ӏ о х э к ӏ э
к х ъ у х ы у
т х ь а п э х э
а н э б з э у
л э н ы с т э х э
а к ъ ы л э м
г ы н ы п л ъ э м к ӏ э
х ь а н т ы к ъ у а к ъ у э х э м э
х ь а н т ӏ а р к ъ у ы у
б л э г ъ э ж ъ э к ӏ э
н ы р
ш ъ х ь а н г ъ у п ч ъ э
к ъ э б ы п ц ӏ э м
д ы й э х э м к ӏ э
ж ъ э р ы м э к ӏ э
н э п с э к ӏ э
к у ш ъ э к ӏ э
ш ы р э м к ӏ э
п ы ж ъ э
т ы р к ъ о х э м э
х ь а н т ы к ъ у а к ъ у э х э р
а к ъ ы л э х ы у
н а л ъ э м к ӏ э
к у г ъ а ч ъ э х э р
х ь э т ӏ р э п ӏ ы й э х э м э
а р г ъ э й э х э
б ж ы б э м
г ъ а т х э х э к ӏ э
ч ы ф ы т э к ӏ э
а д ы г э к ӏ э
г ъ о г о г ъ у х ы у
л э г ъ у э м к ӏ э
г ъ а т х э х э
д з а к ӏ о у
к х ъ у л ъ ф ы г ъ э к ӏ э
б з э ш э н э х э м к ӏ э
к ъ о л э б з ы у э м к ӏ э
к у ц э м
л ъ э б ы ӏ у э
к ъ о л а г ь э х э м э
к ъ о л а г ь э х ы у
п ӏ э с т ӏ э к ӏ э ш ы п ы у
к х ъ у л ъ ф ы г ъ э х э к ӏ э
г ь э г у а л ъ э
б ж ь ы ш ӏ о р
н э ш э г ъ о ж ь э
ӏ у г ъ о х ы у
т ӏ а м ы к ӏ э
м а ж ь э х э м к ӏ э
н э х ъ у т э х э м к ӏ э
н э ш ъ у э х э
ж ъ у г ъ э х э м э
п ӏ э х ы у
с ы р э х э м э
т х ы б з э м
ж э у к ъ ы г ъ э х э к ӏ э
н э ш ъ у э к ӏ э
к ъ э б э р т а й э х э
б л а ш х ъ о х ы у
х ь э я т э х э р
ш э к Ӏ у а х ь э х э м к ӏ э
к ъ у ш ъ х ь э х ы у
к ъ у а щ э х э р
б ы л ы м б э л ы д ж э к ӏ э
к ъ э л ъ ы х э м к ӏ э
н э ш э г ъ о ж ь э х э р
д а н э м к ӏ э
х ъ у а н э р
т х ь э м а т э х э к ӏ э
л ъ а п с ӏ э х э р
т ы г ъ у а к ӏ о м к ӏ э
ш ъ х ь а н т э х ы у
а б ы к ъ у ы у
ӏ у с э х э р
н а п ц э х э м к ӏ э
ӏ у с э м
н э ш ъ у ы у
т х ь э м а т э х э м к ӏ э
к ъ э б ы п ц ӏ э х э
п а ш ъ х ь э у
д ж ы н д ж ы ф э к ӏ э
б ж ы х ь э к ӏ э
г ъ у а п э у
х ъ а г ъ э х э м к ӏ э
б з ы х ь а ф э р
к ъ о л а д ж э к ӏ э
г ъ у н д э х ы у
д з ы о х э
к ъ о л а г ь э
ӏ э б ж ъ а н э м к ӏ э
ш ы к ӏ э п ш ы н э
м а ж ь э м
х ъ у п х ъ э у
ш ъ х ь э а т ы н г ъ э у
г ь э г у а л ъ э у
н э ӏ а з э р
к ъ ы ц э м к ӏ э
п ы д ж э р
ч ӏ ы у н э х э к ӏ э
д ж ы н э к ӏ э
п ш ъ э д а л х ь э х э к ӏ э
г ъ у ч ӏ ӏ у н э х э
ӏ э б ы ч ъ у э х э
ж ъ ы п ӏ э м к ӏ э
ц э л ы р
я т ӏ э х э р
ж ъ о р к ъ ы э х э к ӏ э
б ж ы б э м к ӏ э
ж ь ы г ъ о г у э х э р
ж ъ ы п ӏ э р
к ъ ы г ъ э м
д э г ъ н а л ъ э
л ъ э г у а н д ж э х э р
ж ъ о р к ъ ы э х э м к ӏ э
ж ъ а г ъ э х э м к ӏ э
ц у а б з э у
ж а к ӏ ь э у
ӏ э р с х ы у
г ъ о п л ъ а ш ъ у э к ӏ э
н а л ъ э х э к ӏ э
д ж ы х а ш ъ о м к ӏ э
д э г ъ н а л ъ э х э к ӏ э
д ж э г ъ о г ъ у э х э к ӏ э
к у а н д э м
а д ы г э х э
г ъ о ж ь ы ш э п л ъ э х э м э
ч ӏ ы р ы у
п л ӏ э м ы й ы у
т х ы ц ӏ э м к ӏ э
ш а м г ь э н э х э к ӏ э
г ъ а л э
ч ъ у ж ъ э х э м э
п ы н д ж м к ӏ э
х ь э я т э х э м к ӏ э
б ы л ы м б э л ы д ж э м
б э л ъ ф э х э к ӏ э
б л ы г у э х э
ч ӏ ы р ы г ъ ы с э м
ч ъ ы г х а т э р
т ы г ъ у а к ӏ о х э к ӏ э
ч ы л э м
н ы б ы д ж х э р
ӏ э л г ь а н э х э к ӏ э
к ъ о л э б з ы у э к ӏ э
ж э у к ъ ы г ъ э к ӏ э
к ъ э л ъ ы х ы у
к ӏ э р а х ъ о х э
д а е х э
б ы р с ы р ы л э х э
о с ы л ӏ э р
щ ы л э м а з э м к ӏ э
п к ӏ а у э м
а х ъ щ э б э д з э р э х э м э
п х ъ э ц ӏ а к ӏ э х э р
б л э г ъ э ж ъ э х э р
ч ъ ы г л э н ы с т э р
о с ы л ӏ э м к ӏ э
л ъ э м ы д ж э х э к ӏ э
ч ъ ы г а й э м к ӏ э
ц ӏ ы ӏ р г ъ э х э м к ӏ э
х ь э т ӏ р э п ӏ ы й э х э к ӏ э
а п к ӏ х а л ъ х ь э х э м э
ӏ э н т э г ъ у э х э м к ӏ э
п с ы к ъ е ф э х э м к ӏ э
л ъ э б ы ӏ у э х ы у
к ъ э л ъ ы м
п с ы б ы б э х э м к ӏ э
д ж э г ъ о г ъ у х ы у
б ж ь э х э р
н а к ӏ э к ӏ э
ӏ э р с
б л а ш ъ х ь э х э р
б л э м ы у э х э м э
м ы е х э м э
ч ӏ ы л ъ э т е п л ъ э х ы у
х ь а ц э п ӏ а ц э к ӏ э
ш ъ у а к ӏ о м к ӏ э
у н э ч ӏ э г ъ ы у
к у а н д э м к ӏ э
ч ъ у а к ъ о м к ӏ э
б з ы л ъ ф ы г ъ э х э м к ӏ э
г ъ о ш э г ь   ч ӏ э г ъ ы ч ӏ э л ъ э м
к ӏ о ц ӏ ы х э р
а х ъ щ а ш ъ х ь э х э
д ы й д э л ъ ы у
ш ы к ӏ э п ш ы н э м
п а ш ъ х ь э х э
ш а к ӏ о
ц у м п э х э м к ӏ э
а н а н а с э м
л ъ э к ӏ э х э р
ж ь ы к о р е н э х э к ӏ э
л ъ э м ы д ж э х э м э
ш э н ч ъ э
г ъ у б д ж ы у
ж ъ а б г ъ о х ы у
ӏ о ф ш ӏ э н ы у
б э д з а у э х э р
г ъ э з е т х э м к ӏ э
б г ъ э к ӏ э с э м
а р г ъ э й э
б ж ъ а п э х э м э
т х ь э п к ӏ э р
п ч ъ э ӏ у э х э м э
щ э н ы й э х э
х ь а к ӏ э м к ӏ э
б ж ы х ь э х ы у
л э г ъ у э х э
ш ы б з ы х э м к ӏ э
ш ъ у а к ӏ о
ж ъ ы п ӏ э х э м к ӏ э
к ӏ ы ш ъ у э м
я т ӏ э х ы у
м ы е м
ч I а п ц I э р
б ж ы х ь а п э м к ӏ э
ц э л ъ э к ӏ э х э к ӏ э
к ъ э б ы п ц ӏ э к ӏ э
л ъ э к ӏ э х э
б г а н э
щ э д ж а г ъ о р
х ь а л ы г ъ у щ а п ӏ э м к ӏ э
б г ы б з э х ы у
а н е з е м к ӏ э
т э п с э х э м э
ц ы п э у
д ж ы н э х э м к ӏ э
д а н э х э м э
ч ъ ы г х а т э х э к ӏ э
ш ы к ӏ э п ш ы н э р
ц э л ъ э к ӏ э х э
к ъ а у м э к ӏ э
о с ы к ӏ э
о с ы л ӏ э х ы у
м э х ъ а д ж э к ӏ э
к ӏ ы й э м
п ы н д ж
н э к ӏ э т ӏ э р э х э к ӏ э
ч ъ ы г х а т э м к ӏ э
б э н а н э э р
п щ а г ъ у э х э м э
п ч ъ э п с ы х э к ӏ э
х ь а н т ы к ъ у а к ъ у э м к ӏ э
б г ъ э д ж ы б э х э м к ӏ э
а н а й э м к ӏ э
б ж ъ э м ы й э м
щ ы б ж ь э д у м э х э м к ӏ э
щ ы б ж ь э д у м э м к ӏ э
м ы е у
б з э ш э н э м к ӏ э
ч ъ у а к ъ о х э м к ӏ э
т ы г ъ у а к ӏ о к ӏ э
т г ъ э н э г ъ у р г ь э к ӏ э
т э п с э к ӏ э
ч э щ н ы к ъ о х э р
к у ш ъ э х э м к ӏ э
б г ъ э н ы м
п х ъ ы х э м э
д ы й э м к ӏ э
п ы л э м к ӏ э
б ж ы х ь а п э х э м э
ш ъ о у а л ъ э у
к ӏ э н к ӏ э ж ъ а п х ъ э м
к ъ о л э б з ы у э
ш ы п х ъ у э х э р
н э к ӏ ы м а з э х э р
ж ъ у г ъ э х э
м ы ш к ӏ у э
г ъ а л э м к ӏ э
м а з э х э м э
с э м э г у х э
б ж ы м ы у
а м а л э м
ӏ о н ы г ъ о м а з э к ӏ э
ш ӏ о м ы к ӏ ы м к ӏ э
н ы б ы д ж х э к ӏ э
г ъ о ж ь ы п л ъ ы ж ь х э р
д ы й э
а б а д з э х э м э
к ӏ э л э е г ъ а д ж э х ы у
к ъ э б э с к ъ э   ш ӏ о ӏ у э м
а н е з е х э
г ъ о п э к ӏ а к у э
б з ы л ъ ф ы г ъ э х ы у
а х ъ щ а ш ъ х ь э х э м э
н ы к ъ о л ӏ а г ъ э х э м э
ш ъ о у а л ъ э р
т э п с э м к ӏ э
м ы л ы к ӏ э
к ъ а у н э х э м э
ш ъ э ж ъ ы е р
н ы к ъ о л ӏ а г ъ э х ы у
ж ъ а п х ъ э р
п ӏ о н ы у
ш ъ э ж ъ ы е
д а к ъ э к ӏ э
ш э н ч ъ э м к ӏ э
г ъ о ж ь ы п л ъ ы ж ь м к ӏ э
л э г ъ у э х э м э
ж ъ у г ъ э р
т ы г ъ у р ы г ъ у э х э к ӏ э
х ь а н т ӏ а р к ъ у э к ӏ э
г ъ у т х ь э п с э к ӏ э
д э г у э х э м э
т х ь э м а т э у
м э т а з э х ы у
х ь а н т х ъ у п с ы э м к ӏ э
б з э г у э р
ж ь ы х ъ ы р з э х ы у
к ъ у р н э р
т ы г ъ у р ы г ъ у э р
п ы д ж э х э
х ъ у п ӏ э х э м к ӏ э
ч ӏ ы р э х э
б з э у т э м к ӏ э
н э п э т а л х ь э м к ӏ э
щ ы к ӏ э п с э к ӏ э
а п ш ъ ы ш ъ э м
а б ы к ъ у э х э м к ӏ э
ж ъ э р ы м э х э р
б л ы г у э х э м к ӏ э
х ъ у п ӏ э х э к ӏ э
н э ш ъ у х ы у
к у г ъ а ч ъ э х э м э
м а ж ь э х э к ӏ э
к ъ э б э с к ъ э   ш ӏ о ӏ у э к ӏ э
н а ш э х э
ч ъ у а к ъ о у
б э л ы д ж э п с э х э м э
г ъ а л э м
г ъ у р г ь э м к ӏ э
к ъ о л а д ж э м
к ъ а у н э м к ӏ э
л э н ы с т э р
б ж ь ы н ы ф ы ц э м
а х ъ ч э б э д з э р э х ы у
ш ы н а х ь ы к ӏ э х э м э
б ж ь э п ч ӏ э х э р
ж э к ӏ э ф э м
б л а б ж ъ э
о ф и с   п с э у а л ъ э у
к х ъ а н з э г у э х э к ӏ э
е т ӏ а г ъ о х э м к ӏ э
к х ъ а н з э г у э к ӏ э
ш э п л ъ ы х э р
г ъ у к ӏ э к ӏ э
п х ъ э н к ӏ ы п х ъ э к ӏ э
х э г ъ э г у э х э м к ӏ э
т ы р к ъ о м к ӏ э
а п с э х ы у
б э д ж э б ы х э м к ӏ э
х ъ у п х ъ э м
х ъ у п ӏ э
ӏ э н т э г ъ у э х э р
б г а л э х э м э
ц э л ъ э к ӏ э
п щ а г ъ у э х э к ӏ э
п х ъ э ц ӏ а к ӏ э х э м к ӏ э
ӏ о ф ш ӏ э н э х э
х ь а к ӏ э р
п х ъ э н к ӏ ы п х ъ э х э м э
п л ӏ э м ы й э х э р
ш ы б з ы х э м э
б ж ъ а к о м к ӏ э
п ш ъ э д э л ъ э
ӏ у с э м к ӏ э
т э п с э х ы у
ч ъ ы г ы   ш ъ у а м п ӏ
ц у а б з э р
х ь э б э х э м к ӏ э
н а п ц э х э м э
п ӏ о н ы х э м э
а л т э с ы у
х ь э ж ъ у э
к у г ъ а ч ъ э х э
а р х ъ у а н э х э м к ӏ э
п ы н д ж к ӏ э
о р ы ж ъ э р
ш ъ х ь а н г ъ у п ч ъ э х э
т э п с э р
х ъ у а н э х э м э
д е д ж э г ъ у э х э р
е т ӏ а г ъ о х э к ӏ э
п э г ъ у а н э х э м э
а н э д э л ъ ф ы б з э х э м к ӏ э
д а к ъ э х э
п ц ы к ӏ э
б з э г у э к ӏ э
щ ы л э м а з э к ӏ э
г ъ у ч ӏ ӏ у н э х э р
щ ы л э м а з э х э м э
д ж ы х а ш ъ о м
о р ы ж ъ э м к ӏ э
ч ӏ ы у н э м к ӏ э
н э ф ы х э м к ӏ э
к ъ э б э р т а й э
ӏ а ш ӏ у ӏ у ш ӏ у х ы у
ч ы ф ы т э м к ӏ э
х а с э х ы у
х ы б л ы г у э
б э д ж э б ы х э к ӏ э
б а т ы р г ъ э г ъ э х э к ӏ э
б з ы х ь а ф э х э
б з ы у к ӏ а л ъ э х э
ж э г ъ у э р
б г ъ э х э л ъ э к ӏ э
ӏ э л г ь а н э к ӏ э
н а ш э х э р
ж э к ӏ э ш х у э р
к х ъ у л ъ ф ы г ъ э р
с э м э г у х э м э
ш а к ӏ о х э
б л э г ъ э ж ъ э м к ӏ э
б э л ъ ф э
п ӏ э м
ш ы н а х ь ы к ӏ э х ы у
т х ь э м а т э х э м э
м ы ш к ӏ у э м к ӏ э
х ъ у п ӏ э м к ӏ э
б л ы г у э м
к ӏ э т ы л э х э м к ӏ э
н ы б г ъ у э ш ӏ э ф э р
ч э щ н ы к ъ о х э к ӏ э
у п ч ӏ э х э р
я т ӏ э м
х ъ а г ъ э х э м э
н а п ӏ э м
ч ъ у ж ъ э х э к ӏ э
ш ъ у а к ӏ о х э
п ы л ы у
г ъ у а п э м к ӏ э
м э х ъ а д ж э у
м э л э х э м к ӏ э
б ж ь э у
б ж ь а щ э х э к ӏ э
б э л ъ ф э х э м к ӏ э
т а к ъ и к ъ э х э к ӏ э
х ь э н ч э м ы ӏ у э х э м э
д ж ы н д ж ы ф э х э м к ӏ э
ч ӏ ы р э м
п х ъ э т а к ъ э х э р
б л ы г у ы у
м ы ш к ӏ у х ы у
б л э г ъ э ж ъ э р
а х ъ щ а л ъ э р
п ӏ э т е х ъ о х э м э
п щ а г ъ у э х э м к ӏ э
ж э к ӏ э ш х у х ы у
м ы ш к ӏ у э х э р
б э н ы х э р
ч ъ ы г х а т э х э м к ӏ э
х ь э н ч э м ы ӏ у э м
т х ь э к ӏ у м э х э р
ш ы н а х ь ы к ӏ э х э
ӏ о ф ш ӏ э н э х ы у
п ш ъ э д э л ъ э к ӏ э
б а т ы р э м к ӏ э
б ы д з ы щ э к ӏ э
д э г ъ н а л ъ э х э м э
а р г ъ о й э м к ӏ э
к ъ э б ы п ц ӏ э х э м к ӏ э
ӏ о н ы г ъ о м а з э р
п э б ж ъ а к ъ о х э к ӏ э
к у ш ъ э у
п л ъ ы ж ь г ь э ф э х э р
г ь э г у а л ъ э х э р
ж ъ э р ы м э х э м э
к ӏ э к ӏ ь а щ ы н х ы у
ч ӏ ы р э х э м э
х ь а н т ӏ а р к ъ у э х э м к ӏ э
ц у м п э м
б ж ы б э к ӏ э
ч ы л э у
а р х ъ у а н э м к ӏ э
и л ъ э с и п ш ӏ ы у
б г а н э х э р
а р г ъ э й х ы у
п л ъ ы ж ь г ь э ф э к ӏ э
г ъ а т х э х э м к ӏ э
п к ӏ а у э х э м к ӏ э
н ы к ъ о л ӏ а г ъ э м к ӏ э
г ы н ы п л ъ э р
ӏ э б ж ъ а н э к ӏ э
т х ь а п э р
а л ы р э г ъ у ш ӏ э м к ӏ э
ӏ э л д ж а н э х э р
ж ь ы х ъ ы р з э х э к ӏ э
г ъ о ж ь ы п л ъ ы ж ь х э к ӏ э
б л а ш ъ х ь э к ӏ э
ӏ о ф ш ӏ э н э к ӏ э
а б р а д ж ы у
ӏ о н ы г ъ о м а з э х э м э
ж ъ у г ъ э х э м к ӏ э
п ӏ э с т ӏ э к ӏ э ш ы п э х э р
б г ы р ы п х ы ш ъ х ь э х э м э
ч ъ ы г а й э х э
м а з э у
х ы б л ы г у х ы у
д е б л э х ы у
б ж ъ а щ э х э р
н э ф ы х э р
н ы к ъ о л ӏ а г ъ э к ӏ э
т х ь э п к ӏ э к ӏ э
ш а м г ь э н э х э
б э н э н ы г ъ э х э р
б ж ъ э у х ы у
п х ъ э ц ӏ а к ӏ э м к ӏ э
Х ь а о р
о с ы р
ш ъ х ь э ӏ у х э м
ж ъ о г ъ у ы у
п щ а г ъ у э к ӏ э
т х ы ц ӏ э р
а х ъ щ а п с э х э м к ӏ э
п э г ъ у а н э м к ӏ э
ц у а б з э х ы у
е б л э г ъ а п ӏ э м к ӏ э
к ӏ э р а х ъ о р
з э у а п ӏ э х э р
а х ъ ч э б э д з э р ы у
п х ъ э н к ӏ ы п х ъ э р
у п ч ӏ э м к ӏ э
г ы н э х э р
б ж ъ а к о х ы у
б з ы у к ӏ ь а л ъ э х э м э
б з ы л ъ ф ы г ъ э х э р
м э т э к х ъ у а й э
п ч ъ э п с ы р
г ъ у ч ӏ ӏ у н э х ы у
ц у а б з э х э
д ы й д э л ъ э р
ш ъ х ь э а т ы н г ъ э х э к ӏ э
а з э н а д ж а п ӏ э х э м к ӏ э
а б р а д ж э х э р
а н а й э х э
а н э д э л ъ ф ы б з э м к ӏ э
Х ь а о к ӏ э
п ӏ э т е х ъ о м
а н е з е х э м к ӏ э
ж ъ ы р к у э р
б э г ь э х ъ э м
г ъ а т х э у
к ӏ э л э е г ъ а д ж ы у
з ы у ӏ э ш ы н э м к ӏ э
б ж ъ э у э к ӏ э
п э г ъ у а н э х э
б г ъ э д ж ы б э р
х ъ а г ъ э х э к ӏ э
к ӏ э к ӏ ь а щ ы н х э м к ӏ э
б ж ъ а к о м
к ъ у а щ э к ӏ э
ж ъ а б г ъ о х э к ӏ э
а п с э р
т ф э и у
а х ъ ч а ш ъ х ь э х э р
п ы ж ъ э м
б ж ъ а у э х э м к ӏ э
т х ь э п к ӏ э х ы у
г о г о н э м к ӏ э
б ж ъ э ш ъ у э х э к ӏ э
д э г у э р
м ы ӏ э р ы с э п с ы р
х ь э т ӏ р э п ӏ ы й э х ы у
а х ъ щ а п с э к ӏ э
ш ъ ы н э к ӏ э
н а п ц э х ы у
ч ӏ ы р э к ӏ э
б г ъ э д ж ы б э х э
а п к ӏ х а л ъ х ь э р
п ш ъ э р ы л ъ э х э м к ӏ э
п ш ъ э д э л ъ э х э м к ӏ э
х ь э я т э х э к ӏ э
г ъ у т х ь э п с э х э р
г ъ у б д ж э к ӏ э
ш э н ч ъ э х э р
ж ь ы г ъ о г у э х э м к ӏ э
б з ы л ъ ф ы г ъ э
а п с э х э к ӏ э
б з ы л ъ ф ы г ъ э м
е л э н э х э к ӏ э
х ь а р ы ф м
н ы б ы д ж х э м э
г ъ у т х ь э п с ы у
п ч ъ э ӏ у ы у
л ъ э п х ъ а б э м
ж э к ӏ э ш х у э х э
м ы л ы х ы у
ж ъ о г ъ о б ы н э м к ӏ э
е т ӏ а г ъ о х э м э
х ь э ж ъ у э х э м к ӏ э
а з э н а д ж а п ӏ э х э р
ш ъ х ь э ӏ у х э х э к ӏ э
к у а н д э х э м к ӏ э
п с э о н г ъ э к ӏ э
а м а л э х э
б з э у т э х ы у
к ъ у а щ э х э
ӏ а ш ӏ у ӏ у ш ӏ у м к ӏ э
б л а ш ъ х ь э м к ӏ э
ш э к Ӏ у а х ь э м к ӏ э
л ъ э п х ъ а б э х э
н ы с а щ э к ӏ э
п ш ъ э д а л х ь э х э м э
ц а д л ь э х э м э
д ж ы х а ш ъ о к ӏ э
к ъ а у м э х ы у
с а е х э р
м а ш и н э х э р
ж ъ о р к ъ ы э х ы у
б э н а н э э м
б л а ш х ъ о м
а н е з е
ӏ а ш ӏ у ӏ у ш ӏ у х э
а м а л э
о ф и с   п с э у а л ъ э
т е х а к ӏ у э м
ш э к э р х а ф э х э р
н а ш э
ч ъ у а к ъ о х э м э
ч ы ӏ у н э х э
г ъ а л э у
н э х ъ у т э х э
ш ъ х ь а н г ъ у п ч ъ э р
п с э о н г ъ э у
г ъ у р г ь э к ӏ э
б ж ь а щ э х э
м ы ш к ӏ у э х э м к ӏ э
м э х ъ а д ж э х э м э
н а п ӏ э у
х ь а н т ӏ а р к ъ у э м к ӏ э
а д ы г э м
ж э у к ъ ы г ъ э х э р
л ъ э к ъ у а п ц ӏ э х э м к ӏ э
б л а ш ъ х ь э х э м к ӏ э
ш ъ э ж ъ ы е х э м к ӏ э
д ж ы х а ш ъ о у
ж ъ у г ъ ы у
ш э н ч ъ э к ӏ э
ц ы е х э р
б э л ъ ф э х э р
ж ъ о г ъ о б ы н э х э
ш ъ х ь э а т ы н г ъ э м
т х ь а п э у
а д ы г э к ъ э б э м
х ы б л ы г у э р
ж ъ э г ъ у а й э х э м к ӏ э
ж ъ а б г ъ о х э
б а т ы р э к ӏ э
п щ а г ъ у э м к ӏ э
п с ы х ъ о х ы у
б э г ь э х ъ э
г ъ у б д ж э х э
л ъ э к ӏ э х ы у
ж ъ ы р к у э м к ӏ э
п ц ы х э м э
ц у э к ъ о к ӏ э х ь э р
б з ы у к ӏ а л ъ э х э р
г ъ э з е т р
х ь а р ы ф х э к ӏ э
ж ъ о г ъ о б ы н ы у
ц у а б з э м к ӏ э
ц ы к I у у
г ъ о ж ь ы п л ъ ы ж ь у
л ъ э б ы ӏ у э м
к х ъ у э х э м к ӏ э
о с ы х э м э
т ф э и р
п э г ъ у а н э х э м к ӏ э
ц ы е у
у п ч ӏ э м
н э ӏ а з э
л э н ы с т э х э к ӏ э
ш ъ ы н э х э р
х ъ у п х ъ э х э м к ӏ э
н а п ӏ э р
б ж ь ы г о х э м э
б л э у ц э к ӏ э
б э н ы к ӏ э
ш ъ х ь э а т ы н г ъ э х э м к ӏ э
ц у э к ъ о к ӏ э х ь э х э
ш а к ӏ о х ы у
ж ъ а г ъ р
б г ъ э н ы к ӏ э
х ы б л ы г у э м
т х ь э м а т э х э
д ы й э м
д ж э ф ы у
ш а м г ь э н э м
л ӏ ы ж ъ ы г ъ у э
а к ъ ы л э к ӏ э
ч ъ ы г ы   ш ъ у а м п ӏ х ы у
б ж ы х ь э
м э к ъ у о г ъ у м а з э х э м э
щ ы б ж ь э д у м э х ы у
к х ъ а н з э г у х ы у
к ъ э б э с к ъ э   ш ӏ о ӏ у э х э м к ӏ э
к ӏ ы й х ы у
т ы г ъ у р ы г ъ у э х э
г о г о н э р
б э г ь э х ъ э м к ӏ э
г ъ э з е т х э р
и н ы м к ӏ э
к х ъ у л ъ ф ы г ъ э у
а б р а д ж э м к ӏ э
м э х ъ а д ж э х ы у
к ӏ ы й э х э р
д з а к ӏ о х э
ж ъ о г ъ о б ы н э
ж э л ы й э х ы у
ж ъ о р к ъ ы э
м э у ш ъ ы х ы у
л ъ э г у а н д ж э х э
к ъ ы ц э х э м к ӏ э
т х ь э м а т э р
а з э н а д ж а п ӏ э р
б ж ъ э д ы г ъ у э к ӏ э
к ъ э б э р т а й ы у
т х ы л ъ ӏ ы г ъ ы п ӏ э х э м к ӏ э
ж ъ о т э к ӏ э
н э п э т а л х ь э х э м к ӏ э
ӏ э б ы ч ъ у э р
г ъ у а п э х э к ӏ э
м а з э м к ӏ э
х ь а н т ӏ а р к ъ у э х э м э
т х ь а п э х э р
н э к ӏ э т ӏ э р э к ӏ э
ж ъ о р к ъ ы э х э р
х ь э ж ъ у э х э м э
Х ь а о х э р
а н а н а с э к ӏ э
т х ь э п к ӏ э х э м к ӏ э
н ы б ы д ж х ы у
м ы ӏ э р ы с э п с ы м
д э г ъ н а л ъ э у
д ж э г ъ о г ъ у ы у
о с ы л ӏ э х э р
н ы с э х ы у
б ж ъ а у х ы у
х ь а н т ы к ъ у а к ъ у э х э м к ӏ э
б г ъ э к ӏ э с э х э к ӏ э
г ъ у б д ж э х э м э
б ж ь ы г о х э к ӏ э
к ӏ э т ы л э
д ж ы р э у
л ъ э г у а д ж э х э м к ӏ э
г ъ о п э к ӏ а к у э х э м к ӏ э
ч ъ ы г л э н ы с т э м к ӏ э
т х ь э м а т э х э р
п с ы х ъ о
ц ӏ ы ӏ р г ъ э м
б ж ъ э м ы й э х э к ӏ э
ц ы г ъ о
к ъ о л а г ь э х э к ӏ э
ш э н ч ъ э у
к ъ у ш ъ х ь э у
б з ы у у
ж ъ о р к ъ ы э х э м к ӏ э
б л а ш х ъ о м к ӏ э
а д ы г э к ъ э б ы у
б г ы р ы п х э х э
г ъ о п л ъ а ш ъ у э м к ӏ э
б ж ъ а щ э р
щ ы н а г ъ о р
и л ъ э с ы у
н ы х э м к ӏ э
б э д з э р э р
г ъ о п э к ӏ а к у ы у
х э г ъ э г у э х э к ӏ э
г ъ э з е т к ӏ э
е л э н э х э м э
а х ъ ч э б э г э м к ӏ э
п л ӏ э м ы й э х э м э
ш э к Ӏ у а х ь э х э к ӏ э
ӏ а ш ӏ у ӏ у ш ӏ у р
п ш ъ э р ы л ъ э х э р
т ӏ у а к ӏ э м
г ъ о п э к ӏ а к у э х э м э
к х ъ у л ъ ф ы г ъ э х э м э
д з а к ӏ о м
г ъ у б д ж э х э м к ӏ э
х ъ у п х ъ э х э
ж э к ӏ э ф э х ы у
п э г ъ у а н э р
б ж ь ы г о х э
ц ы п э х э к ӏ э
ш ы б з ы р
е л э н э м к ӏ э
ж ъ а п х ъ э м
а н а й э х э к ӏ э
д ж ы х а ш ъ о х э м э
г ы н э р
к у х ы у
п с ы х ъ о к ӏ э
а х ъ ч э б э д з э р э м к ӏ э
н э ш ъ у э
т х ь а р к ъ о
б з ы у к ӏ а л ъ э м к ӏ э
к у ц э у
к ъ а у н э р
б ж ъ а к о
б з ы х ь а ф э х э р
б э н ж ъ ы й э х э к ӏ э
д е д ж э г ъ у э м
к ӏ ы к ъ ы р ж ь э г ъ у ш ӏ у ы ц ӏ э х э м к ӏ э
ч I ы к ъ у э к ӏ э
б а т ы р г ъ э г ъ э р
к ъ э б э р т а й э х э м э
г ъ о ж ь ы ш э п л ъ э х э
п х ъ ы у
б з ы у к ӏ ь а л ъ э х э
м э т э к х ъ у а й э х э м э
г ъ о г о г ъ у ы у
е л э н э х э
ц у м п э х э
м а ш и н э х э м э
б ж ь э м а т э х э р
ш ъ э ж ъ ы е х э м э
б г ы р ы п х ы ш ъ х ь э р
к ъ у р н э м
ч э л э х э
х ь э я т э х э м э
ж а к ӏ ь э х э
к ъ а у м э х э р
ж э л ы й э р
ӏ о н ы г ъ о м а з э х э м к ӏ э
н ы с а щ э м к ӏ э
х ь э ӏ у ы у
ж ы ф л ъ а т э к ӏ э
о с ы х э м к ӏ э
ш ъ х ь э а т ы н г ъ э м к ӏ э
б з ы у п ц ӏ э х э
л э б л э б ы й ы у
б э т ы х э м к ӏ э
х ь а ц ӏ э б а ц ӏ э у
ж ь ы х ъ ы р з э м к ӏ э
б ы д з ы щ ы у
б э д ж э б ы х э м э
к ъ а з м а к ъ б з ы у ы у
н э к ӏ ы м а з э х э м к ӏ э
ч ъ ы г ы   ш ъ у а м п ӏ у
т а к ъ и к ъ э х э р
ц у м п э м к ӏ э
п ӏ о н ы р
ч ы л э х э м э
а л т э с э м
б л э г ъ э ж ъ ы у
г ъ у а п э р
к ъ э б э р т а й э х э р
л э н ы с т э
м а ш и н э м к ӏ э
т х ы б з э
ц ы г ъ о х э р
т х ь а р к ъ о х э
п ӏ э к ӏ э
п с ы х ъ о х э к ӏ э
а н е з е к ӏ э
ж ъ ы п ӏ э
т ы г ъ у р ы г ъ у э м
ж э к ӏ э ш х у э р
у н э ч ӏ э г ъ э м к ӏ э
к у ц э х э м к ӏ э
б г а л э м
к ъ э л э м ы у
п э г ъ у а н э м
ж ъ а г ъ э х э м э
г ь э г у а л ъ э х э
ӏ э р с х э м к ӏ э
ч ъ ы г а й э х э м к ӏ э
ц э л ъ э к ӏ ы у
щ э н ы й э х ы у
т ф э и к ӏ э
б л э у ц э м
ч э р э у а н э м
ж э г ъ у э х э
а н а н а с э х э к ӏ э
б ж ъ а щ э м к ӏ э
к у т л э к ӏ э
а л т э с э х э
б з ы у п ц ӏ э
п л ъ ы ж ь г ь э ф э х э м э
а х ъ ч э б э г э х э
д ж э г о г ъ у э к ӏ э
п к ӏ а у э х э к ӏ э
х ъ у п х ъ э х э к ӏ э
а х ъ ч а ш ъ х ь э р
т ӏ а м ы х ы у
а з э н а д ж а п ӏ э х э к ӏ э
п ш ъ э д а л х ь э х э м к ӏ э
а м а л э х э р
к х ъ у э х э к ӏ э
т ы р к ъ о х ы у
б э л ы д ж э х э р
о с ы л ӏ э х э
б з а к о м к ӏ э
м ы ш к ӏ у ы у
г ъ у б д ж э х э к ӏ э
т у т ы н э к ӏ э
г ъ э з е т х э к ӏ э
п ы н д ж р
х ъ у а н э х э р
с а е р
ц э л ы м
ж ъ о г ъ о б ы н э х э м э
а м а л э х э м э
б ж ы м э х ы у
л ъ э к ӏ э х э к ӏ э
т х ь а п э к ӏ э
ж ъ а г ъ э х э р
х ы   ӏ у ш ъ у ы у
б л э м ы у э р
н ы б г ъ у э ш ӏ э ф э х э м э
к ъ ы ц э х ы у
к ӏ э л э е г ъ а д ж э к ӏ э
к ъ у а п э р
о ф и с   п с э у а л ъ э х э
а д ы г э у
к у ц э р
а п ш ъ ы ш ъ э к ӏ э
н ы б ы д ж у
ж а к ӏ ь э х э м к ӏ э
ш э н ч ъ э х э м к ӏ э
ӏ у г ъ о
х ъ у а н э х э
ӏ э б ы ч ъ у э м
д э г у ы у
а р г ъ э й э х э м к ӏ э
к ъ э б э р т а й э м к ӏ э
ч ъ ы г х а т э у
л ъ э к ӏ э к ӏ э
л э г ъ у х ы у
щ ы л э м а з ы у
щ э д ж а г ъ о х э м к ӏ э
т х ь э л ӏ ы к ӏ у э м к ӏ э
ж э г ъ у э х э к ӏ э
с ы р э у
н э п с э х э к ӏ э
т х ы л ъ ӏ ы г ъ ы п ӏ э х э к ӏ э
б з э г у э х э м э
ӏ о ф ш ӏ э н э х э м к ӏ э
с ы р э м
х ъ у п х ъ э м к ӏ э
ш ъ х ь э м а ж ь э
ж ь ы к о р е н ы у
щ ы к ӏ э п с ы у
г ы н э х э м э
у н э ч ӏ э г ъ э х э р
б ж ы б э х э м э
с ы р э х э к ӏ э
х ь э б а д з э х э к ӏ э
б э н ж ъ ы й э м
б з э у т э х э м э
б э т ы х э м э
п ч э н ы х ы у
ч э р э у а н э х ы у
л э б л э б ы й э м
б г ы б з э х э м к ӏ э
б ж ъ э у э м к ӏ э
ш ъ у т ы к ӏ э
п ч ъ э п с ы х э м к ӏ э
с э м э г у м к ӏ э
к ъ а у м э м
ш э п л ъ ы у
ж ъ о р к ъ ы ы у
н э п э т а л х ь э х э
ӏ о т а л ъ х э
б а т ы р г ъ э г ъ э х э м э
к ъ ы ц э х э
х ь а ц ӏ э б а ц ӏ э х э р
с э х э р
п щ ы н э у
г ъ а л э х ы у
к ъ э б э с к ъ э   ш ӏ о ӏ у э м к ӏ э
п ы н д ж х э м э
б з ы у к ӏ ь а л ъ э р
б г а л э у
ш ъ у т ы х э м э
н э п с э х э м э
т а к ъ и к ъ э х э
ч ӏ ы р ы г ъ ы с э х э р
з ы у ӏ э ш ы н э х э к ӏ э
м а ж ь э х э
н ы б ы д ж
ӏ э л г ь а н э м к ӏ э
л ъ э г у а н д ж э м
к ӏ э л э е г ъ а д ж э х э м э
л ӏ ы ж ъ ы г ъ у э х э
м ы л ы м
г ъ о ж ь ы п л ъ ы ж ь х э м э
ӏ э х ъ у а м б э м
н ы х э к ӏ э
п х ъ ы х э р
д а е х э м э
б э щ ы ш ӏ э х э м к ӏ э
х ь а р з э м к ӏ э
ц а д л ь э х э м к ӏ э
х ь а к ӏ э
п ӏ о н ы к ӏ э
к у т л э х э р
м э х ъ а д ж э х э
п ы ж ъ э к ӏ э
е л э н э х ы у
а н а н а с э м к ӏ э
г ы н э х э м к ӏ э
т х ы ц ӏ э х э к ӏ э
н а л ъ э х э м э
б э н а н э э х э р
т х ь а п э х ы у
б ж ъ а к о к ӏ э
ш э н ч ъ э х э м э
д ж ы н д ж ы ф э
г ъ у а п э м
н э ш э г ъ о ж ь э х ы у
м э к ъ э к ъ а щ э р
л э г ъ у э м
ж ъ о р к ъ ы э х э
п ш ъ э р ы л ъ э м к ӏ э
щ э н ы й э м
е т ӏ а г ъ о р
б э д з э р э
б э щ ы ш ӏ ы у
т х ы б з э х э м э
а к ъ ы л э х э к ӏ э
ӏ э х ъ у а м б э р
н а п ц э м
д э г ъ н а л ъ э р
б э г ь э х ъ э х ы у
б ж ъ э д ы г ъ у э х ы у
б ы р с ы р ы л э к ӏ э
м э к ъ у о г ъ у м а з ы у
х ь э ж ъ у э х ы у
б э н э н ы г ъ э х э
п с ы х ъ о х э м э
х а с э х э м к ӏ э
г ь э г у а л ъ э р
ч э щ н ы к ъ о х э м к ӏ э
б ж ь э к ӏ э
б ы д з ы щ э м к ӏ э
и л ъ э с и п ш ӏ ы к ӏ э
ж ь ы х ъ ы р з э м
к ӏ э р а х ъ о х э м э
б ж ъ э м ы й э х э м э
ц э л ъ э к ӏ э р
н э к ӏ у ш ъ у у
а п к ӏ х а л ъ х ь э х ы у
ч ъ ы г ы   ш ъ у а м п ӏ р
т у т ы н э х э м к ӏ э
п ӏ э т е х ъ о р
ч I ы к ъ у э м к ӏ э
к ӏ э к ӏ ь а щ ы н к ӏ э
ш ъ х ь э ӏ у х э р
б г ы р ы п х э м
ч ъ у ж ъ э м
н э ш ъ у э
б э т ы р
г ъ у т х ь э п с э х э к ӏ э
ж ъ у г ъ э х э м э
н э п с э х э
п к ӏ а у э р
ч ъ у ж ъ э к ӏ э
ж ъ о р к ъ ы э к ӏ э
а н э б з э м
п с ы б ы б ы у
ӏ э б ы ч ъ у э к ӏ э
п л ъ ы ж ь г ь э ф э х э м к ӏ э
г ъ у т х ь э п с э м
к ӏ э р а х ъ о х э р
г ъ у р г ь э у
х э т э р ы к ӏ э х ы у
ж э к ӏ э ф э р
к ӏ э л э е г ъ а д ж э м
ч э щ н ы к ъ о у
н э х ъ у т э х э м э
ц ы е х э
ш ъ у а к ӏ о м
р э х ь э н й э л э к ӏ э
ж ъ ы п ӏ э к ӏ э
к ъ о л а д ж э
ш ы р э х э м э
т х ь э л ӏ ы к ӏ у э к ӏ э
б ж ь э п ч ӏ э х э
м э з а й э
а д ы г э к ъ э б э к ӏ э
п ш ъ э р ы л ъ э х э м э
л ъ э п х ъ а б э х э м к ӏ э
я т ӏ э
ж э у к ъ ы г ъ э х э м к ӏ э
п с ы б ы б э х э р
а р х ъ у а н э к ӏ э
б а т ы р э х э
г о г о н э х э к ӏ э
т а к ъ и к ъ э х э м к ӏ э
а х ъ щ а п с э
к у ц э к ӏ э
ч э р э у а н э х э к ӏ э
б г ы р ы п х э р
а м а л э м к ӏ э
ӏ э б ж ъ а н э м
х ь а к ӏ э к ӏ э
м а з э х э м к ӏ э
ж а к ӏ ь э р
т а к ъ и к ъ э м к ӏ э
ж ъ о р к ъ ы э м к ӏ э
е т ӏ а г ъ о к ӏ э
т ӏ у а к ӏ э х э м э
ч э л ы у
ӏ э р с х э
с а е м
к ъ у ш ъ х ь э м
х ъ а н з э г у э х э к ӏ э
п э б ж ъ а к ъ о х э м к ӏ э
б э щ ы ш ӏ э х э
щ ы к ӏ э п с э х ы у
т ӏ у а к ӏ э у
п ц ы м
щ э д ж э г ъ о у ж э
х ь э н ч э м ы ӏ у э к ӏ э
ш ъ х ь э ӏ у х э х э р
г ъ о п э к ӏ а к у э х э к ӏ э
д э г у э х э к ӏ э
п ы д ж э х ы у
а д ы г э к ъ э б э х ы у
щ ы н а г ъ о х э р
ч ъ ы г а й э к ӏ э
г ы н э
к ъ о л а г ь э у
б г ъ э к ӏ э с э х э р
х ъ а н з э г у х ы у
г ъ о п э к ӏ ь а к у х ы у
т ӏ а м ы м
ц ӏ ы ӏ р г ъ э м к ӏ э
у н э ч ӏ э г ъ э х ы у
щ ы л э м а з э х э м к ӏ э
г ъ о ж ь ы ш э п л ъ э х э
г о г о н э х ы у
а х ъ щ а ш ъ х ь э к ӏ э
п э б ж ъ а к ъ о к ӏ э
ж э г ъ у э х э м к ӏ э
ӏ о н ы г ъ о м а з э х э р
к ӏ ы к ъ ы р ж ь э г ъ у ш ӏ у ы ц ӏ э х э
д з ы о к ӏ э
ӏ э б ы ч ъ у э х э р
п с ы к ъ е ф э х э х э м э
ц ы е х э к ӏ э
ӏ э л д ж а н э р
л э н ы с т э м к ӏ э
б г ъ э д ж ы б э х э к ӏ э
б э д з а у ы у
х ь э ӏ у э х э м э
б з а к о
о р ы ж ъ э х э к ӏ э
г ъ а л э х э м к ӏ э
б ж ъ э д ы г ъ у э х э р
ц ы п э м
п ш ъ э р ы л ъ э р
к ӏ э к ӏ ь а щ ы н х э р
б ж ь э м а т э х э м э
с у р э т у
г ъ у т х ь э п с э м к ӏ э
т г ъ э н э г ъ у р г ь э х э м э
ц а д л ь э х э к ӏ э
ш э н ч ъ э х э
п ӏ о н ы х ы у
п ш ъ э д а л х ь э р
ш ъ у а к ӏ о р
б л э м ы у э х э к ӏ э
я т ӏ э м к ӏ э
л ъ а п с ӏ э х э м э
м а ш и н э х э м к ӏ э
б а д ж э х э м э
ц у э к ъ о к ӏ э х ь ы у
х э т э р ы к ӏ ы у
г ы н э м к ӏ э
а н е з е х э к ӏ э
к ӏ э т ы л э х э м э
м ы х ъ о м ы ш ӏ э х э м к ӏ э
м а з э х э
л ъ э п х ъ а б э х э к ӏ э
ӏ а ш ӏ у ӏ у ш ӏ у х э р
д ы й д э л ъ э м к ӏ э
х ы б л ы г у э х э к ӏ э
б ж ъ э д ы г ъ у э р
ш ъ э ж ъ ы е х ы у
ч ъ ы г л э н ы с т э х ы у
н э ш э г ъ о ж ь э х э м к ӏ э
н э ш ъ у э х э к ӏ э
и н ы х э к ӏ э
г ь э г у а л ъ э м к ӏ э
т х ы л ъ ӏ ы г ъ ы п ӏ э р
ж ь ы к о р е н э р
ӏ э б ж ъ а н э х ы у
к ъ у а п э х э м к ӏ э
б г ъ э п с э х э к ӏ э
ш э к Ӏ у а х ь э к ӏ э
г ы н э к ӏ э
д а е х э р
б э н а н э э х э м к ӏ э
х ъ а г ъ э к ӏ э
к ӏ э х ь ы х э к ӏ э
л ъ э п х ъ а б э х э м э
х ь э н ч э м ы ӏ у э р
к ӏ ы ш ъ у э х э к ӏ э
к ъ ы ц э
г ъ а т х э к ӏ э
п ч э н ы х э м к ӏ э
а х ъ щ а ш ъ х ь э х э м к ӏ э
о ф и с   п с э у а л ъ э х ы у
д з ы о х э р
м ы л ы х э к ӏ э
б л а ш х ъ о х э р
к ӏ ы ш ъ у э х э
г ъ у ч ӏ ӏ у н э м
ш э ч а л ъ э х э м э
т г ъ э н э г ъ у р г ь э х э
м э т э к х ъ у а й э х э р
т х ь э м а т э х э м к ӏ э
к ъ у а п э
ч ӏ ы р ы г ъ ы с ы у
щ ы к ӏ э п с э
я т ӏ э х э к ӏ э
г ъ о г о г ъ у э
т е х а к ӏ у э х э к ӏ э
к х ъ у э м к ӏ э
п л ъ ы ж ь г ь э ф э р
ж ъ у г ъ э х ы у
ӏ э л г ь а н э м
н э ш ъ у э х э м э
ч ъ ы г ы   ш ъ у а м п ӏ х э м к ӏ э
б ж ь ы ш ӏ о м к ӏ э
х ь а л ы г ъ у щ а п ӏ э х э
б ж ъ а п э м
а л т э с э к ӏ э
щ э д ж э г ъ о у ж э х э м э
ш э ч а л ъ э
ш ы п х ъ у э х э м к ӏ э
б ж ъ э ш ъ у э
ж ъ а п х ъ э м к ӏ э
ч э р э у а н э м к ӏ э
б ж ь э х ы у
б л э м
н ы с э х э м э
а ч ъ э г ъ а ш ъ у э х э к ӏ э
г ъ о ш э г ь   ч ӏ э г ъ ы ч ӏ э л ъ э х э к ӏ э
х э г ъ э г у х ы у
г ъ о п л ъ а ш ъ у э р
м а х ъ э р
ч ӏ ы у н э к ӏ э
ж э л ы й э х э р
д э г у э х э м э
а л ы р э г ъ у ш ӏ э
щ э д ж а г ъ о х э м э
г ъ о ж ь ы п л ъ ы ж ь р
л ъ э к ъ у а п ц ӏ э х э
ш ъ у т ы м
г ъ о г о г ъ у э х э р
х ь э б а д з э х ы у
м а з э м
п л ъ ы ж ь г ь э ф ы у
б ж ь а щ э х э м э
п х ъ ы м
н ы с э х э м к ӏ э
ц ы п э х э р
и л ъ э с э м
б ж ъ э ш ъ у э х э м э
е б л э г ъ а п ӏ э
н э п с э р
г ъ э з е т х э м э
б э л ы д ж э
а м а л э х э к ӏ э
ц у э к ъ о к ӏ э х ь э к ӏ э
а н а й э х э р
ш ъ х ь э а т ы н г ъ э х ы у
к ъ э б э р т а й э к ӏ э
ц а д л ь э
ш ъ о у а л ъ э х э к ӏ э
п ӏ э м к ӏ э
е т ӏ а г ъ о х э
а к ъ ы л э х э м к ӏ э
м э х ъ а д ж э х э м к ӏ э
х ь а р з э к ӏ э
ӏ у с э р
ж ъ а б г ъ о у
ж ъ а п х ъ э х э к ӏ э
ж ъ у г ъ э х э м к ӏ э
л ъ э г у а д ж э х э к ӏ э
т е х а к ӏ у э р
ш ӏ о м ы к ӏ ы м
ч I ы к ъ у ы у
к ъ э б э с к ъ э   ш ӏ о ӏ у э х э
ш ъ х ь э ӏ у х э х ы у
ж ъ а г ъ э м
к у г ъ а ч ъ э х э м к ӏ э
т е х а к ӏ у ы у
ш ъ о у а л ъ э х э м к ӏ э
к ӏ э т ы л э х э к ӏ э
д ы й д э л ъ э х э м к ӏ э
б э д з а у э р
д ж ы н э х э к ӏ э
х ь э т ӏ р э п ӏ ы й э
п ч ъ э п с ы к ӏ э
д ж э ф ы к ӏ э
а х ъ ч э б э г э х э р
щ э д ж а г ъ о к ӏ э
ш ъ х ь э а т ы н г ъ э х э
а ч ъ э г ъ а ш ъ у э х э р
п щ ы н э х э м к ӏ э
х ь а л ы г ъ у щ а п ӏ э
а н е з е х э м э
ш ъ ы н э р
х ь э ж ъ у э м к ӏ э
ч ъ ы г ы   ш ъ у а м п ӏ х э р
п х ъ ы х ы у
ж ь ы к о р е н э х э р
г ъ у т х ь э п с э х э м э
а н а й э р
б э д з э н э ш ъ у э м к ӏ э
х ь а р ы ф м к ӏ э
ч ъ у а к ъ о м
ж э к ӏ э ш х у э х э к ӏ э
т е х а к ӏ у э х э м к ӏ э
б э д з а у э
д э г у э к ӏ э
к ӏ ы й э к ӏ э
х ь а н т х ъ у п с ы э х э м к ӏ э
е б л э г ъ а п ӏ э х э к ӏ э
г ъ о п э к ӏ ь а к у э
д а е х э м к ӏ э
к ъ у а щ э р
ш ы б з ы х э р
к у ш ъ э м к ӏ э
т ы г ъ у а к ӏ о х ы у
ш э н ч ъ э х э к ӏ э
л э б л э б ы й э
б ж ь э п ч ӏ э к ӏ э
х ы   ӏ у ш ъ у э х э к ӏ э
ӏ э н т э г ъ у э х э
ч ы ф ы т э
х а с э х э
д е д ж э г ъ у э х э м к ӏ э
а х ъ щ э б э д з э р э х э
ӏ э х ъ у а м б э у
м э к ъ у о г ъ у м а з э
д ж ы н ы х э м к ӏ э
б г ы р ы п х э х э м э
к у к у н э г ъ э п л ъ э м к ӏ э
п а ш ъ х ь э х ы у
х э т э р ы к ӏ э м к ӏ э
щ э н ы й э к ӏ э
п ч ъ э ӏ у э р
б г а л э
б ж ъ а у э р
ж э к ӏ э ш х у э х э м э
л ъ э г у а д ж э х ы у
б ж ъ а щ э у
б ы р с ы р ы л э х э к ӏ э
м э к ъ э к ъ а щ э к ӏ э
п щ ы н э
д е б л э у
ж ъ а г ъ х э р
б л э у ц э р
т ы г ъ у р ы г ъ у э х э р
с э м э г у м
х ь э б э
ш ъ х ь э а т ы н г ъ э р
щ э д ж э г ъ о у ж э м к ӏ э
д ж ы х а ш ъ о х э к ӏ э
б ж ы б ы у
б э н э н ы г ъ э м
г ъ о п э к ӏ а к у э р
а р г ъ о й э к ӏ э
х а с э р
б ж ъ э д ы г ъ у э х э
п ӏ э т е х ъ о х э м к ӏ э
щ ы л э м а з э
ж ъ у г ъ э
б з ы у к ӏ ь а л ъ э х э р
к ъ ы г ъ э х э
х ь а ц э п ӏ а ц э х ы у
о ф и с   п с э у а л ъ э х э к ӏ э
г ъ у н д э
о р ы ж ъ э м
п х ъ э н к ӏ ы п х ъ э х ы у
б ж ъ а п э х э
т ы г ъ у а к ӏ о х э
ш э н ч ъ э у
н э к ӏ ы м а з э х э
н э к ӏ э т ӏ э р э м к ӏ э
ж ь ы к о р е н э м
п к ӏ а у э х э
ш ы п х ъ у э х ы у
х ъ у а н э х ы у
ч ы ф ы т э м
ж ъ ы п ӏ э у
д а е м к ӏ э
б ы р с ы р ы л э р
п ц ы х ы у
н э к ӏ у ш ъ у х э м э
х э г ъ э г у э к ӏ э
а х ъ ч э б э г э
м э з а й э х э к ӏ э
п щ ы н э х ы у
и л ъ э с э р
л ъ э к ъ у а п ц ӏ э к ӏ э
к ӏ э т ы л э х э
п а ш ъ х ь э
а н э д э л ъ ф ы б з э
с ы р э х э р
е б л э г ъ а п ӏ э х э м к ӏ э
о ф и с   п с э у а л ъ э м
т ӏ а м ы х э к ӏ э
ц ы к I у р
к ъ э б э с к ъ э   ш ӏ о ӏ у э
а н э д э л ъ ф ы б з э к ӏ э
к у э р
т х ь э к ӏ у м э у
а х ъ ч а ш ъ х ь э х ы у
п л ӏ э м ы й э
б ы л ы м б э л ы д ж э х э м э
т ӏ а м ы м к ӏ э
ж ъ э р ы м э
ж ъ у г ъ э м
б а т ы р э х э к ӏ э
ж ъ у г ъ э м к ӏ э
б г ъ э д ж ы б э х э м э
б з э у т э
г ы н э х ы у
к ъ у р н э м к ӏ э
щ ы к ӏ э п с э х э м к ӏ э
г ъ о ж ь ы ш э п л ъ э м
а б р а д ж э к ӏ э
ш ы к ӏ э п ш ы н э х ы у
к х ъ у л ъ ф ы г ъ э х ы у
к ӏ ы й э х э м к ӏ э
г ъ у ч ӏ ӏ у н э
ш а м г ь э н э р
т х ы ц ӏ э м
к ъ у а п э у
т х ы б з э х э к ӏ э
м ы л ы х э р
к ӏ ы ш ъ у э р
п ӏ э с т ӏ э к ӏ э ш ы п э х э к ӏ э
л ъ э г у а д ж э х э р
н э б з ы ц э х э р
б ы л ы м б э л ы д ж э м к ӏ э
а к ъ ы л э х э м э
б г а н э х ы у
ӏ э б ж ъ а н э х э
ц ы к I у х э м э
б з э у т э х э
к х ъ а н з э г у э м
п ш ъ э д э л ъ э х э к ӏ э
д ж ы н ы х э м э
х э г ъ э г у э
х ы г ъ э х ъ у н ы у
ӏ э б ы ч ъ у э
ч ы ӏ у н э х э м э
б ж ъ а щ э х э к ӏ э
б ж ь ы н ы ф ы ц э х э к ӏ э
ж ъ у г ъ э х ы у
щ ы н а г ъ о х э
н а п ӏ э
п щ а г ъ у э р
х э к у э к ӏ э
м э т а з э х э к ӏ э
х ь а н т х ъ у п с ы э х ы у
б э щ ы ш ӏ э к ӏ э
г ъ а т х э
ш ӏ о м ы к ӏ ы х ы у
з ы у ӏ э ш ы н э к ӏ э
ч I ы б ж ь э х э м э
х ъ а н з э г у э к ӏ э
к ъ а у н э м
к ӏ ы к ъ ы р ж ь э г ъ у ш ӏ у ы ц ӏ э м к ӏ э
к у к у н э г ъ э п л ъ э х э
б з ы у к ӏ ь а л ъ э х э к ӏ э
н э к ӏ ы м а з э х э к ӏ э
к у ц э х э
г ъ о п л ъ а ш ъ у э х э р
ц ӏ ы ӏ р г ъ э
х ь э б э м
а к ъ ы л э
а р г ъ э й ы у
б а д ж э х ы у
ж э к ӏ э ш х у э м к ӏ э
л ъ э к ъ у а п ц ӏ э х ы у
б э д з э н э ш ъ у э х э
б ж ъ а щ э х э
ж ъ ы р к у э х э м к ӏ э
ӏ э л д ж а н э у
з ы у ӏ э ш ы н э х э р
ц у а б з э к ӏ э
р э х ь э н й э л э х э
г ъ о ж ь ы ш э п л ъ э х э р
к х ъ у э
м э т э к х ъ у а й э к ӏ э
б з ы у р
б ж ы м э м к ӏ э
н а к ӏ э х э м э
к ъ у р н э х э м к ӏ э
ж ь ы х ъ ы р з э х э м э
т ы г ъ у а к ӏ о х э р
х ъ а г ъ э х э р
н ы с а щ э
б г ъ э д ж ы б э к ӏ э
ӏ о н ы г ъ о м а з э х э к ӏ э
л ъ э г у а д ж э у
ш ъ э ж ъ ы е у
а х ъ ч э б э д з э р э х э м к ӏ э
щ э н ы й э х э м э
ж ъ э г ъ у а й э м
ш э к э р х а ф э у
ш ъ ы н э х э к ӏ э
д э г ъ н а л ъ э х э р
л ъ э п х ъ а б э х ы у
х ь э ж ъ у э х э к ӏ э
б л ы г у э х э к ӏ э
б з ы у к ӏ ь а л ъ э м к ӏ э
ч ӏ ы р э р
м ы х ъ о м ы ш ӏ э м
м а ш и н э х ы у
ш ы п х ъ у э
б ж ы м э к ӏ э
б ж ь э м а т э
к у а н д э
ж а к ӏ ь э х э к ӏ э
г ы н ы п л ъ э м
ӏ э б ы ч ъ у э м к ӏ э
а х ъ ч а ш ъ х ь э м к ӏ э
б л э у ц э
н э п к ъ ы х э м э
т х ы ц ӏ э х э м к ӏ э
п х ъ э ц ӏ а к ӏ э х ы у
л э г ъ у э р
ш э к Ӏ у а х ь э м
а х ъ щ а л ъ э х э к ӏ э
ч ы ф ы т э х э к ӏ э
х ь а н т ы к ъ у а к ъ у х ы у
б з ы у п ц ӏ ы у
т ы р к ъ о х э м к ӏ э
а х ъ щ а л ъ э м
б ж ь э х э м э
т х ы ц ӏ э х э р
н э п с э
к у т л э х ы у
н а к ӏ э м к ӏ э
ж ъ у г ъ э х э
п с ы к ъ е ф э х э р
м э т а з э р
м ы е
к ъ э л ъ ы х э м э
г о г о н э
б з ы у м к ӏ э
б ж ъ э д ы г ъ у э м к ӏ э
ц а д л ь э х э р
ж ъ э р ы м э х э к ӏ э
ч ъ ы г л э н ы с т э х э
а л ы р э г ъ у ш ӏ э х э р
а ш ъ о ц у а к ъ э м к ӏ э
ш ъ о у а л ъ э к ӏ э
а х ъ щ э б э д з э р э м к ӏ э
к ӏ э н к ӏ э ж ъ а п х ъ э х э р
м э х ъ а д ж э р
б з ы у п ц ӏ э р
б з э г у э м к ӏ э
с э у
г ъ о ш э г ь   ч ӏ э г ъ ы ч ӏ э л ъ э р
б г ъ э п с э х э м к ӏ э
н э ш ъ у э х э к ӏ э
б а т ы р э р
х ь э ж ъ у э к ӏ э
ш а к ӏ о х э м к ӏ э
ш ъ у а к ӏ о х э м к ӏ э
д э г у э х э к ӏ э
б л э м ы у э х э р
т х ь э л ӏ ы к ӏ у э х э м э
л ъ э г у а д ж э р
м э з а й э м
ш ъ э ж ъ ы е х э р
б г ы р ы п х э м к ӏ э
н э б з ы ц э м
к ъ э л э м э
д э г у э м
а р г ъ э й э х э м э
ӏ у с э х ы у
а х ъ щ э б э д з э р э
к у ц э х ы у
к у э м к ӏ э
р э х ь э н й э л э х э к ӏ э
м а х ъ э х э р
б з ы у к ӏ а л ъ э х э м к ӏ э
б ж ъ э у э х э к ӏ э
а р х ъ у а н э х ы у
н э ш ъ у э х э м к ӏ э
г ъ о п л ъ а ш ъ у э х э
ч э р э у а н э х э
ч ы л э х э
н э б з ы ц э м к ӏ э
б з э ш э н э м
к ъ а з м а к ъ б з ы у э
а н э б з э х э р
б ж ы б э х э р
а к ъ ы л э м
Х ь а о у
г ъ о ш э г ь   ч ӏ э г ъ ы ч ӏ э л ъ э
ӏ э б ы ч ъ у э х э к ӏ э
т у т ы н э
х ь а р з э
г ъ о ж ь ы п л ъ ы ж ь х э р
б л э у ц ы у
х э г ъ э г у э м к ӏ э
н а п ц э м к ӏ э
ч I ы б ж ь э х ы у
а п к ӏ х а л ъ х ь э х э р
н э ӏ а з э х э м к ӏ э
т ы г ъ у а к ӏ о
м э т а з э х э р
ч ӏ ы л ъ э т е п л ъ э м
ч ъ ы г х а т э х ы у
ш ъ х ь э м а ж ь э у
б ы р с ы р ы л э х ы у
ч ы ф ы т э х э м э
б ж ъ э у э х э м э
б г ъ э к ӏ э с э
е л э н э к ӏ э
к ӏ э т ы л э м к ӏ э
а х ъ ч а ш ъ х ь э
ж ъ о р к ъ ы э х э
а п ш ъ ы ш ъ э х ы у
т х ы ц ӏ э
х ь э ж ъ у э р
м э к ъ у о г ъ у м а з э х ы у
п ы ж ъ э х ы у
т х ь а п э х э к ӏ э
п щ а г ъ у э м
м э х ъ а д ж э х э м э
д ж э ф ы х э р
ш ъ у т ы м к ӏ э
х ь а ц э п ӏ а ц э у
н э ӏ а з э к ӏ э
ш ы к ӏ э п ш ы н э к ӏ э
к ъ о л э б з ы у э х э м к ӏ э
а р г ъ э й э х э к ӏ э
ч ъ ы г а й э р
х ь э я т э х ы у
б ж ы х ь а п э х э к ӏ э
б з ы х ь а ф э х э к ӏ э
к ъ а у н э х э р
ж а к ӏ ь э м к ӏ э
л ъ э п х ъ а б э р
ӏ а ш ӏ у ӏ у ш ӏ у
б ж ъ э ш ъ у ы у
б г ъ э х э л ъ э
х ь а к ӏ э м
а ш ъ о ц у а к ъ э к ӏ э
б э т ы х э к ӏ э
т ф э и х э м э
к ъ э б ы п ц ӏ э м к ӏ э
а н а й ы у
б ж ы б э м к ӏ э
ж ъ у г ъ э м к ӏ э
к ъ э б ы п ц ӏ э х э к ӏ э
ж ъ а п х ъ э
х ь а р з э х э м к ӏ э
а п к ӏ х а л ъ х ь э х э м к ӏ э
б ж ь э х э
м а х ъ э х э к ӏ э
ж ъ ы р к у ы у
д з а к ӏ о р
к ӏ э р а х ъ о к ӏ э
б ж ы м э р
п ц ы у
к ӏ ы ш ъ у э к ӏ э
б з ы у к ӏ а л ъ э р
к х ъ у э м
п с э о н г ъ э х э
б з ы х ь а ф э
п с ы к ъ е ф э х э к ӏ э
т ы г ъ у р ы г ъ у э х э м э
н а ш э х ы у
ж э к ӏ э ф э
к ӏ о ц ӏ ы х э к ӏ э
к ъ э л э м э м
м э з а й э х э м к ӏ э
к у ш ъ э р
б э д ж э б ы м
о с ы л ӏ э х э к ӏ э
х э т э р ы к ӏ э к ӏ э
б г а н э х э к ӏ э
а х ъ ч э б э д з э р э х э р
ж ъ о н ы г ъ у а к ӏ ы у
б л э у
ж ъ а г ъ э м к ӏ э
м э к ъ у о г ъ у м а з э х э м к ӏ э
б ж ь ы ш ӏ о х э к ӏ э
б з э у т э х э р
б ж ъ а п э у
б г ъ э д ж ы б э х ы у
а з э н а д ж а п ӏ э м
л ъ а п с ӏ э м к ӏ э
м э х ъ а д ж э х э к ӏ э
ч ы ӏ у н э м к ӏ э
а н а н а с э х э м э
х ь а р з э х ы у
б ж ь э м а т ы у
ӏ э н т э г ъ у э х э м э
т а к ъ и к ъ э р
ц ы п э х э
б ы р с ы р ы л ы у
г ъ о ж ь ы п л ъ ы ж ь у
б ж ь э п ч ӏ э х э м э
с ы р э
ч ы л э х э м к ӏ э
а р х ъ у а н э р
к ъ о л а г ь э м
а л ы р э г ъ у ш ӏ э х э к ӏ э
п с ы х ъ о у
п с ы б ы б э х э к ӏ э
а х ъ ч э б э г э х э м к ӏ э
д ж ы р э р
б э н э н ы г ъ ы у
х ь а р з э р
м а х ъ э у
м а з э р
ж э к ӏ э ф э м к ӏ э
х ь а р ы ф р
т х ы ц ӏ э у
к ъ у р н э х ы у
б ж ь а щ э х ы у
к ӏ о ц ӏ ы х э м к ӏ э
ж ъ а г ъ м
н ы с э х э
д ж э ф ы х ы у
д ж э ф ы х э к ӏ э
п х ъ э т а к ъ э у
к ъ у р н э х э
г ъ о ж ь ы п л ъ ы ж ь х э к ӏ э
ш а м г ь э н ы у
ш э к э р х а ф э х э м к ӏ э
к у ш ъ э
ж э к ӏ э ш х у э х э
б ж ы х ь э х э к ӏ э
ч I ы б ж ь э х э м к ӏ э
б ж ъ э д ы г ъ у э м
д а е х ы у
к ъ э л ъ ы р
ӏ о ф ш ӏ э н э х э м э
г ы н ы п л ъ э х э
а х ъ щ а ш ъ х ь э х ы у
п ӏ о н ы х э м к ӏ э
б ж ы х ь э х э м э
д э г ъ н а л ъ э х э м к ӏ э
а х ъ щ э б э д з э р э х э р
д ж ы н д ж ы ф э м к ӏ э
д з а к ӏ о х ы у
ж ъ э р ы м э р
е т ӏ а г ъ о р
ӏ э х ъ у а м б э к ӏ э
ч ъ ы г х а т э к ӏ э
п ӏ э т е х ъ о к ӏ э
г ъ у р г ь э х э м к ӏ э
х ь а л ы г ъ у щ а п ӏ э м
щ э д ж э г ъ о у ж э х э к ӏ э
г ъ у н д э к ӏ э
и л ъ э с и п ш ӏ ы м
т ы р к ъ о х э к ӏ э
г ъ у а п э
б л а ш ъ х ь э х ы у
д е д ж э г ъ у э х э к ӏ э
п ӏ э с т ӏ э к ӏ э ш ы п э х э м к ӏ э
м э у ш ъ ы э к ӏ э
ш ӏ о м ы к ӏ ы х э р
г о г о н э х э м к ӏ э
а м а л э к ӏ э
ш ъ х ь э ӏ а т ы н г ъ э х э р
б л ы г у э к ӏ э
ӏ э б ы ч ъ у э х э м э
п э г ъ у а н э
к ъ э б ы п ц ӏ э х э м э
а н э б з э м к ӏ э
а х ъ щ а л ъ э м к ӏ э
ж э л ы й э м к ӏ э
б а т ы р э
т ы г ъ у р ы г ъ у ы у
ш э к э р х а ф э х ы у
т х ь э м а т э м к ӏ э
с а е у
п ш ъ э р ы л ъ э к ӏ э
ж ъ э р ы м э х ы у
д ж э г о г ъ у ы у
а н е з е м
б з ы у к ӏ ь а л ъ э к ӏ э
п с ы х ъ о х э р
н э к ӏ э т ӏ э р ы у
т у т ы н э х э к ӏ э
а л ы р э г ъ у ш ӏ э х э м э
ж ъ о т э х э м к ӏ э
т ы г ъ у р ы г ъ у э м к ӏ э
б з э ш э н э х э р
ч ъ ы г л э н ы с т э у
л э г ъ у ы у
ч ы ф ы т э х ы у
т х ь а р к ъ о р
б л а ш х ъ о х э
б г а н э м к ӏ э
ӏ о т а л ъ р
ц э л ы м к ӏ э
ж ы ф л ъ а т ы у
б э д з э р ы у
а р х ъ у а н э х э к ӏ э
з э у а п ӏ э у
х ь э т ӏ р э п ӏ ы й э м к ӏ э
е т ӏ а г ъ о х ы у
н э к ӏ у ш ъ у х э м к ӏ э
л ъ э г у а н д ж э м к ӏ э
ж ъ а г ъ э
п с ы б ы б э м
х ь э б а д з э
г ъ у к ӏ э х э м к ӏ э
п л ъ ы ж ь г ь э ф э х э
л ъ э к ӏ э
о с ы л ӏ э х э м э
ч ъ у а к ъ о
у н э ч ӏ э г ъ э м
м э т э к х ъ у а й э х э к ӏ э
б ы д з ы щ э х э м к ӏ э
а х ъ щ а л ъ э х э м к ӏ э
е т ӏ а г ъ о у
а к ъ ы л э х э
п л ъ ы ж ь г ь э ф э х э м к ӏ э
ш ъ у т ы у
н ы к ъ о л ӏ а г ъ э х э р
з ы у ӏ э ш ы н э м
п х ъ ы х э м к ӏ э
ч ъ ы г л э н ы с т э к ӏ э
ж ъ о г ъ у э х э
т х ь э л ӏ ы к ӏ у э х э м к ӏ э
ж ъ о р к ъ ы э х ы у
к ъ ы г ъ э х ы у
н ы к ъ о л ӏ а г ъ э
б э л ы д ж э х ы у
н э ф ы р
ж ъ у г ъ э
т э п с э
п э б ж ъ а к ъ о у
г ъ у р г ь э р
н ы б г ъ у э ш ӏ э ф э х э
п ӏ э с т ӏ э к ӏ э ш ы п э к ӏ э
х ь э б а д з э р
п ы ж ъ э х э м к ӏ э
ж ъ о т э р
б л ы н ы к ӏ э х э м э
т ы р к ъ о м
х ь а л ы г ъ у щ а п ӏ э к ӏ э
с э м э г у у
к ъ а з м а к ъ б з ы у э р
н ы б г ъ у э ш ӏ э ф э м к ӏ э
к ъ о л а г ь э х э
н э п к ъ ы м
б л э м ы у э х э м к ӏ э
к ӏ о ц ӏ ы х ы у
б з ы у к ӏ а л ъ э х ы у
ц у а б з э х э м к ӏ э
т ы р к ъ о к ӏ э
м э з а й э к ӏ э
х ь а ц э п ӏ а ц э х э к ӏ э
а н э б з э х э м к ӏ э
д е д ж э г ъ у х ы у
ч ъ у ж ъ э х ы у
б з ы у к ӏ а л ъ э х э м э
м э у ш ъ ы э м к ӏ э
п х ъ э н к ӏ ы п х ъ э х э
к ӏ э т ы л э м
д а н э к ӏ э
ц у э к ъ о к ӏ э х ь э х ы у
н э ф ы х ы у
к у г ъ а ч ъ э р
т ф э и х э к ӏ э
г ъ а т х э х э р
д ж э г о г ъ у э х э
г ъ у ч ӏ ӏ у н э р
л ъ э к ъ у а п ц ӏ э м к ӏ э
к ӏ ы к ъ ы р ж ь э г ъ у ш ӏ у ы ц ӏ э у
к у э к ӏ э
л ъ э б ы ӏ у э х э к ӏ э
т х ы б з э м к ӏ э
ц ӏ ы ӏ р г ъ ы у
з э у а п ӏ э х э
а х ъ ч э б э г э р
б ы р с ы р ы л э
н э к ӏ ы м а з э х э м э
б л э у ц э м к ӏ э
х э г ъ э г у ы у
п л ъ ы ж ь г ь э ф э х ы у
щ ы б ж ь э д у м э х э к ӏ э
п л ӏ э м ы й э х э к ӏ э
у н э ч ӏ э г ъ э х э
ш э п л ъ ы х э р
щ э д ж а г ъ о х э
м ы ӏ э р ы с э п с ы х ы у
л э н ы с т э к ӏ э
м а ш и н э х э к ӏ э
б э г ь э х ъ э х э
г ъ о п л ъ а ш ъ у э х э м к ӏ э
б ы д з ы щ э х э
м э т а з э х э м э
т х ь э м а т э м
к у а н д э х ы у
ж ь ы х ъ ы р з э х э
л ъ э б ы ӏ у э х э
п э б ж ъ а к ъ о
ж ъ о г ъ у э
д е д ж э г ъ у э к ӏ э
ӏ э р с у
н э ӏ а з э м к ӏ э
н ы с а щ э х э р
м ы ӏ э р ы с э п с ы х э м к ӏ э
ч э л э х э к ӏ э
б ы д з ы щ э р
т х ь э к ӏ у м э х э
ц а д л ь э к ӏ э
щ ы л э м а з э р
д ж а б г ъ о х э
б г ъ э д ж ы б э х э р
ч ы ӏ у н э х э м к ӏ э
д ж а б г ъ о х э м э
д ж ы н ы м к ӏ э
г ъ у т х ь э п с э х ы у
б л э м ы у э х э
ӏ э л д ж а н э х ы у
б ж ъ э у э х э р
с а е х э
х ь а н т ы к ъ у а к ъ у э
п ӏ о н ы х э к ӏ э
х ы   ӏ у ш ъ у э р
б г ы б з э х э р
л ъ э г у а д ж э х э м э
ш ъ х ь а н т э х э к ӏ э
ӏ э л д ж а н э х э м э
п л ъ ы ж ь г ь э ф э
ч ъ у ж ъ э х э
б г ы р ы п х ы ш ъ х ь ы у
х ь а к ӏ э у
л ӏ ы ж ъ ы г ъ у э к ӏ э
а х ъ щ а ш ъ х ь э р
х ь э т ӏ р э п ӏ ы й э х э м к ӏ э
ч ӏ ы у н э р
н э п к ъ ы х ы у
г ъ у н д э м к ӏ э
т х ь э м а т э х э р
а б р а д ж э р
ц у м п э
м э т а з э к ӏ э
п ы н д ж х э р
т х ь э к ӏ у м э р
ч ъ у а к ъ о х э р
д ж ы н ы м
м э х ъ а д ж э м
х ь э б а д з э х э
м а з э х э р
ц ы п э х э м к ӏ э
б з а к о у
п ц ы р
н э ш ъ у э к ӏ э
ж ъ ы п ӏ э м
н ы м к ӏ э
г ъ о ж ь ы ш э п л ъ э х э м к ӏ э
ш ъ х ь э а т ы н г ъ э
е т ӏ а г ъ о м
х ъ у п х ъ э р
а л т э с э х э м к ӏ э
ш ъ х ь а н г ъ у п ч ъ э х э м к ӏ э
б ж ы х ь а п э у
щ ы б ж ь э д у м э
ж ъ а б г ъ о х э м э
ш ъ х ь э ӏ а т ы н г ъ э р
б з ы у п ц ӏ э х э м к ӏ э
ш а м г ь э н э х э м к ӏ э
п х ъ э т а к ъ э
г ъ о г о г ъ у э х э
т х ы б з э х э м к ӏ э
б ж ь а щ э м к ӏ э
д а к ъ э
а б ы к ъ у э м
б г ъ э д ж ы б ы у
п к ӏ а у э х э р
ш э н ч ъ э х ы у
ж э г ъ у э м к ӏ э
ш а м г ь э н э х э р
ж ь ы г ъ о г у э х э
ч э л э х э м к ӏ э
с э х э м э
щ э н ы й э х э м к ӏ э
ж ы ф л ъ а т э х ы у
ж ъ ы р к у э к ӏ э
а б ы к ъ у э
м э т а з э м к ӏ э
б ж ь а щ э
н э ш ъ у э х э
ш э н ч ъ э
б л ы н ы к ӏ э м к ӏ э
ч э р э у а н э к ӏ э
х ь а ц ӏ э б а ц ӏ э к ӏ э
г ъ у к ӏ э у
ж ъ о н ы г ъ у а к ӏ э р
н ы б ы д ж к ӏ э
г ъ а л э х э р
ш ы р э х э к ӏ э
т х ь э м а т э х э
т ӏ у а к ӏ э м к ӏ э
м э к ъ у о г ъ у м а з э к ӏ э
д ж ы н ы х э р
б ы р с ы р ы л э м
х ы б л ы г у э к ӏ э
и л ъ э с и п ш ӏ ы р
т у т ы н э х ы у
м э к ъ у о г ъ у м а з э х э
к ӏ э н к ӏ э ж ъ а п х ъ э у
ж ъ э р ы м э х э м к ӏ э
ж э л ы й э
ж э к ӏ э ш х у э м к ӏ э
л ъ а п с ӏ э х ы у
ч э щ н ы к ъ о
н ы к ъ о л ӏ а г ъ э у
б ж ы х ь а п э к ӏ э
п х ъ ы р
ӏ э н т э г ъ у э
м э у ш ъ ы э м
м ы ӏ э р ы с э п с ы х э р
б г а н э м
а к ъ ы л э м к ӏ э
д а н э х э
б ж ы х ь э у
к ъ э л э м э х ы у
а р г ъ э й э м к ӏ э
ӏ о ф ш ӏ э н э м к ӏ э
а п ш ъ ы ш ъ э х э р
ӏ э р с к ӏ э
с у р э т х э к ӏ э
ш а м г ь э н э х ы у
т х ь э м а т э
б а т ы р г ъ э г ъ э к ӏ э
х ь а ц ӏ э б а ц ӏ э х ы у
х ь э ӏ у э х э к ӏ э
п л ӏ э м ы й э к ӏ э
ж ь ы х ъ ы р з э к ӏ э
к ъ а у н э х э к ӏ э
б г ы р ы п х ы ш ъ х ь э м к ӏ э
м э т э к х ъ у а й э м
б г ъ э х э л ъ э х э р
к ӏ э н к ӏ э ж ъ а п х ъ э х э
х ь а к ӏ э х э к ӏ э
л э б л э б ы й э х э
к ӏ э х ь ы х ы у
а л т э с э р
б а т ы р э х ы у
г ъ о п э к ӏ а к у э м к ӏ э
б ж ь ы г о х э м к ӏ э
б э н ы м
х э к у э х э м э
н э ш ъ у э м к ӏ э
х ь э б э к ӏ э
б л а ш ъ х ь э х э м э
б ы л ы м б э л ы д ж ы у
б э д з э н э ш ъ у э х э р
у н э ч ӏ э г ъ э к ӏ э
т х ы ц ӏ э х э м э
п х ъ э н к ӏ ы п х ъ э х э р
х ы   ӏ у ш ъ у э х э м э
б ж ь э м а т э х э
а ч ъ э г ъ а ш ъ у э к ӏ э
д ж а б г ъ о м к ӏ э
ӏ э х ъ у а м б э х э к ӏ э
ш ъ х ь э ӏ а т ы н г ъ э м
ш ъ х ь э ӏ а т ы н г ъ э х э
ш э п л ъ ы м
н ы б г ъ у э ш ӏ э ф э х э к ӏ э
ш ъ ы н э м
м ы ш к ӏ у э х э к ӏ э
б г ы б з э у
п э б ж ъ а к ъ о м
ш ъ х ь а н т э к ӏ э
а х ъ ч э б э г э х э м э
г ъ у н д э х э
н э ӏ а з э х э к ӏ э
ц ӏ ы ӏ р г ъ э к ӏ э
ч э л э к ӏ э
ш ы н а х ь ы к ӏ э р
д з а к ӏ о к ӏ э
х ь а ц ӏ э б а ц ӏ э х э м э
а р г ъ о й э м
ч ы л э м к ӏ э
д е д ж э г ъ у э р
т х ь э п к ӏ э х э
н ы к ъ о л ӏ а г ъ э х э м к ӏ э
п л ъ ы ж ь г ь э ф э
б ж ъ а к о х э к ӏ э
щ э д ж а г ъ о у
д ж ы н э х э
б л а б ж ъ ы у
б а т ы р ы у
ц ы г ъ о х э м к ӏ э
к ъ у а п э х э м э
б э н ж ъ ы й ы у
б а т ы р э м
о с ы л ӏ э м
г ъ у н д э р
д ж ы н ы к ӏ э
г ы н ы п л ъ э х э р
н э ш ъ у э р
п щ ы н э р
б г ы б з э м к ӏ э
ӏ э л д ж а н э х э к ӏ э
ӏ э л г ь а н э х э
б э р э т ӏ и н э м
ц ӏ ы ӏ р г ъ э х э к ӏ э
б э д ж э б ы к ӏ э
а к ъ ы л э х э р
п ӏ э с т ӏ э к ӏ э ш ы п э х э м э
б э р э т ӏ и н ы у
ӏ э б ы ч ъ у э х э м к ӏ э
ч э л э м к ӏ э
ч ы ф ы т э р
х ь э н ч э м ы ӏ у ы у
ӏ о т а л ъ х э м э
т а к ъ и к ъ э х ы у
щ э д ж э г ъ о у ж э х э
п с э о н г ъ э м
х ь а н т ы к ъ у а к ъ у э м
б э д з э н э ш ъ у х ы у
х ь э ж ъ у ы у
г ъ о ж ь ы ш э п л ъ э
а р г ъ о й э
х э т э р ы к ӏ э м
н э к ӏ ы м а з э м к ӏ э
ш ы к ӏ э п ш ы н э х э м к ӏ э
м а х ъ э х э м к ӏ э
г ъ о п э к ӏ ь а к у э х э к ӏ э
ш ы н а х ь ы к ӏ э к ӏ э
б л а ш х ъ о у
х ы г ъ э х ъ у н э к ӏ э
ч э л э
г ъ у к ӏ э х э
д а е у
б а д ж э м к ӏ э
п х ъ э н к ӏ ы п х ъ э м
ц ы п э х ы у
к у ш ъ э х ы у
п с э о н г ъ э
ӏ э р с м
к ӏ э х ь ы к ӏ э
м а з э х э к ӏ э
д э г у э х э
и л ъ э с и п ш ӏ ы х ы у
б л э у ц э х э к ӏ э
о р ы ж ъ э к ӏ э
ж ъ о г ъ о б ы н э р
д а н э х э р
б ж ы х ь э м к ӏ э
х ь э н ч э м ы ӏ у э х э р
д ж э ф ы р
к у к у н э г ъ э п л ъ э к ӏ э
ж ъ ы р к у э х э к ӏ э
п ӏ э т е х ъ о у
и н ы у
я т ӏ э к ӏ э
л ӏ ы ж ъ ы г ъ у э х э м к ӏ э
ш ъ х ь э ӏ у х э
х ъ у а н э
б э д з а у э м
б э д з э н э ш ъ у э м
б г ы р ы п х ы у
п ш ъ э д а л х ь э
б ж ъ а у э к ӏ э
б з э ш э н э
л ъ э к ъ у а п ц ӏ ы у
ч ӏ ы л ъ э т е п л ъ э х э к ӏ э
щ ы б ж ь э д у м э к ӏ э
б л э х э м к ӏ э
д ж э г ъ о г ъ у э к ӏ э
х ь э ж ъ у э х э р
ц ы г ъ о м
а х ъ ч э б э д з э р э р
з ы у ӏ э ш ы н э х э
ш ъ х ь а н г ъ у п ч ъ э х э к ӏ э
т х ь э к ӏ у м э х э м к ӏ э
п ч э н ы м к ӏ э
г ъ а л э х э к ӏ э
о ф и с   п с э у а л ъ э х э м к ӏ э
з э у а п ӏ э х ы у
п э г ъ у а н э у
щ ы к ӏ э п с э м к ӏ э
а м а л ы у
б а д ж э к ӏ э
ӏ у с э к ӏ э
а п с э х э р
х ь а н т х ъ у п с ы э к ӏ э
д э г ъ н а л ъ э х э
ж ъ э г ъ у а й э к ӏ э
ч ъ ы г л э н ы с т э х э м э
д ж ы р э х э р
г ъ о г о г ъ у э к ӏ э
г ъ о ж ь ы п л ъ ы ж ь х э м э
п ч ъ э ӏ у э х э м к ӏ э
б э щ ы ш ӏ э м
х э к у э х э
к ӏ э х ь ы х э м э
б л а б ж ъ э х э м к ӏ э
п э б ж ъ а к ъ о х э м э
ж ъ а г ъ
б л э
а д ы г э х э к ӏ э
ж э л ы й э м
ц у э к ъ о к ӏ э х ь э
к ӏ ы к ъ ы р ж ь э г ъ у ш ӏ у ы ц ӏ э х э к ӏ э
ц ы е х ы у
а х ъ щ а л ъ э х э
ӏ у с э х э
к у э х э р
н э ф ы у
д а н э х ы у
ш ы б з ы х э к ӏ э
х ъ у п х ъ э
м э х ъ а д ж э м к ӏ э
а б р а д ж э х э м к ӏ э
п ш ъ э д э л ъ э х э м э
т х ь э м а т э х ы у
д з а к ӏ о х э м э
а р х ъ у а н э
б л ы н ы к ӏ э х э
ж ъ а б г ъ о р
к х ъ а н з э г у э
б ж ъ э м ы й э х э
б л а б ж ъ э х ы у
х ы б л ы г у э м к ӏ э
ж э к ӏ э ш х у э м
б ж ъ а к о х э м к ӏ э
т х ь э м а т э р
ц ӏ ы ӏ р г ъ э р
т у т ы н э х э м э
д а е х э к ӏ э
х ь э ӏ у э х э р
ч ъ ы г ы   ш ъ у а м п ӏ х э к ӏ э
н а к ӏ э р
п ы ж ъ э х э р
а ш ъ о ц у а к ъ э х э м к ӏ э
к ъ о л а д ж э р
ш а к ӏ о х э к ӏ э
г ъ о ш э г ь   ч ӏ э г ъ ы ч ӏ э л ъ э х э р
а н а н а с э р
ж ъ у г ъ ы у
а р г ъ э й э к ӏ э
щ э д ж э г ъ о у ж ы у
б ы р с ы р ы л э х э м к ӏ э
н э к ӏ у ш ъ у р
а л ы р э г ъ у ш ӏ э м
н э ӏ а з э у
к ӏ э х ь ы х э м к ӏ э
г ъ у к ӏ э м к ӏ э
н э ш э г ъ о ж ь э м
б ж ъ э м ы й э х э м к ӏ э
а б а с э р
б з ы у к ӏ а л ъ э
к ъ ы г ъ э х э к ӏ э
б э р э т ӏ и н э х э м к ӏ э
т х ь э п к ӏ э х э к ӏ э
к у э м
б э щ ы ш ӏ э х ы у
б э д з а у х ы у
к ъ э л ъ ы м к ӏ э
б ы л ы м б э л ы д ж э х э к ӏ э
ц у м п э х э р
ч I а п ц I э х э р
п х ъ э ц ӏ а к ӏ э к ӏ э
г ы н э х э к ӏ э
д ж ы р э к ӏ э
о р ы ж ъ ы у
ч ъ ы г а й э х ы у
б а т ы р г ъ э г ъ э
а х ъ ч э б э г э х э к ӏ э
б а т ы р э х э м к ӏ э
к ъ а з м а к ъ б з ы у э х э р
д ж ы н э х ы у
б з ы у п ц ӏ э м
д э г у э м к ӏ э
ц а д л ь э у
х ь э ж ъ у э х э
к ъ у ш ъ х ь э
б ж ъ э м ы й э
б л ы г у э х э р
х ъ а н з э г у э
б э г ь э х ъ э х э р
б л э х ы у
ш ъ о у а л ъ э х э м э
х ъ а г ъ э м к ӏ э
п с ы к ъ е ф э х э х э к ӏ э
ш ъ о у а л ъ э х э
к у э х э к ӏ э
х ы г ъ э х ъ у н э м
ц ы е х э м к ӏ э
ж ь ы г ъ о г у э м
б ы р с ы р ы л э к ӏ э
д ж ы н э м
л э н ы с т э м
ц а д л ь э х ы у
х ь э б а д з э х э р
т у т ы н э м
м ы ӏ э р ы с э п с ы х э м э
ӏ э б ы ч ъ у ы у
б э г ь э х ъ э х э м э
т ӏ у а к ӏ э
л ӏ ы ж ъ ы г ъ у э м
н ы с а щ э х э к ӏ э
б э н ж ъ ы й э к ӏ э
ж ъ о г ъ у э х э м э
ж ъ э г ъ у а й э х э к ӏ э
ш ъ о у а л ъ э
м э т а з э х э
ч э р э у а н э
х ь а ц ӏ э б а ц ӏ э р
т г ъ э н э г ъ у р г ь э х э р
б л а ш ъ х ь э х э
а х ъ щ а ш ъ х ь э х э р
п ш ъ э д э л ъ э х э
б г ъ э к ӏ э с э р
т ы р к ъ о х э
б ж ъ а к о р
ж ъ ы п ӏ э х э р
б э т ы х э р
т х ы л ъ ӏ ы г ъ ы п ӏ э
д з ы о х э к ӏ э
г ъ о п э к ӏ ь а к у э х э м э
ж э л ы й э к ӏ э
м э к ъ у о г ъ у м а з э р
ш э к э р х а ф э р
х ь э б а д з э к ӏ э
б ж ы б э х э
х ь а ц ӏ э б а ц ӏ э
м э х ъ а д ж э х э
г ъ о ж ь ы ш э п л ъ э к ӏ э
п ш ъ э р ы л ъ э м
л ӏ ы ж ъ ы г ъ у э х э р
п х ъ э ц ӏ а к ӏ э х э к ӏ э
ч ы ӏ у н э х ы у
к х ъ у э х э
б з ы л ъ ф ы г ъ э х э к ӏ э
г ъ у н д ы у
х э т э р ы к ӏ э
т х ь э к ӏ у м э м к ӏ э
ж а к ӏ ь э
п щ ы н э м
х ы б л ы г у э х э р
б л э м ы у э
ж ь ы х ъ ы р з э х э м к ӏ э
а п с э м
г ъ у ч ӏ ӏ у н э у
к ӏ ы й э х э к ӏ э
д ы й э х э
и л ъ э с э
а ш ъ о ц у а к ъ э х э р
л ъ э м ы д ж э к ӏ э
а л ы р э г ъ у ш ӏ э х ы у
г ъ о п э к ӏ ь а к у э р
п ӏ э т е х ъ о х э к ӏ э
к ӏ э р а х ъ о у
ж э у к ъ ы г ъ э м к ӏ э
б а д ж э р
п ы н д ж х э
у п ч ӏ э х э м к ӏ э
б з ы у п ц ӏ э м к ӏ э
г ъ о п л ъ а ш ъ у э
н э п э т а л х ь э х э м э
т х ь э л ӏ ы к ӏ у э
ш ъ х ь э м а ж ь э х э р
ч ъ ы г л э н ы с т э х э р
щ ы н а г ъ о у
н а к ӏ э х э к ӏ э
н э к ӏ ы м а з э м
м а ш и н э м
н ы б г ъ у э ш ӏ э ф э х э м к ӏ э
б э л ы д ж э х э м э
ж э л ы й э х э к ӏ э
х ь э б э м к ӏ э
щ э д ж а г ъ о х ы у
п а ш ъ х ь э к ӏ э
б г ы р ы п х ы ш ъ х ь э х э к ӏ э
а н е з е х ы у
г ы н ы п л ъ э х э к ӏ э
х э г ъ э г у э м
ж э у к ъ ы г ъ э р
г ъ о п л ъ а ш ъ у э х э м к ӏ э
а н е з е р
п л ъ ы ж ь г ь э ф э х ы у
т х ь а р к ъ о у
ж ъ о г ъ у э р
а к ъ ы л э м к ӏ э
х э т э р ы к ӏ э х э р
г ъ о п л ъ а ш ъ у э х э к ӏ э
а д ы г э к ъ э б э х э м к ӏ э
ч I а п ц I э х ы у
г ъ э з е т
м э з а й ы у
а б а с э х э р
г ъ э з е т у
б ж ы м э
о с ы х э к ӏ э
б ж ь э м а т э м
д а к ъ э х э м к ӏ э
ж ъ ы р к у э х э р
к ъ ы ц э х э к ӏ э
ӏ э б ы ч ъ у х ы у
а з э н а д ж а п ӏ э
к х ъ у э р
ӏ э н т э г ъ у ы у
щ э д ж э г ъ о у ж э р
н э п э т а л х ь э р
ч э л э х ы у
х ь э ӏ у э
п ы л э к ӏ э
б э р э т ӏ и н э х э к ӏ э
г ъ у р г ь э
а ш ъ о ц у а к ъ ы у
б ж ь ы г о р
а д ы г э
ч ъ у ж ъ э м к ӏ э
ч ӏ ы р э х э р
ч ъ у ж ъ э х э м к ӏ э
ӏ у г ъ о х э
х ь а н т х ъ у п с ы э х э р
м э л э м
ш ы н а х ь ы к ӏ э
б э н ж ъ ы й э х э
л э н ы с т э х э р
г ъ а л э х э
к ъ э л ъ ы к ӏ э
т ф э и х э м к ӏ э
д ж ы н д ж ы ф э х э м э
п х ъ э т а к ъ э х ы у
т э п с э х э к ӏ э
б э л ы д ж э п с э х э р
ш э к э р х а ф э
б л э г ъ э ж ъ э х ы у
к ъ а у м э х э м э
ж ъ о г ъ у э х э м к ӏ э
а ч ъ э г ъ а ш ъ у э х э м э
а х ъ щ а л ъ э х э м э
Х ь а о х э к ӏ э
к х ъ а н з э г у э х э м к ӏ э
б з э у т э х э к ӏ э
г ъ у б д ж э м
ӏ о н ы г ъ о м а з э х э
б ж ь э п ч ӏ э х э м к ӏ э
ц ы е х э м э
д ы й д э л ъ э х ы у
н а к ӏ э х э
ч ъ ы г ы   ш ъ у а м п ӏ к ӏ э
б л э г ъ э ж ъ э м
ш ӏ о м ы к ӏ ы х э м к ӏ э
е л э н э р
б з э ш э н э к ӏ э
н ы с э р
ш э к Ӏ у а х ь э
м э х ъ а д ж э х э к ӏ э
ж ъ а г ъ э р
к ъ э л ъ ы х э к ӏ э
т у т ы н э х э
ж ъ о н ы г ъ у а к ӏ э х э р
ж э к ӏ э ш х у э х э р
л ъ э к ӏ э х э м к ӏ э
ж ы ф л ъ а т э р
н а п ц э х э р
н ы б г ъ у э ш ӏ э ф э х ы у
х ъ а н з э г у э х э р
д а е к ӏ э
н э ф ы к ӏ э
б э н э н ы г ъ э х э к ӏ э
б а д ж э х э
щ ы б ж ь э д у м э м
к ъ у р н э к ӏ э
б л э х э к ӏ э
ч ӏ ы у н э х ы у
м э у ш ъ ы э х э м к ӏ э
г ъ э з е т м к ӏ э
п э б ж ъ а к ъ о х ы у
с э м э г у х э р
п ы д ж э к ӏ э
б г ы р ы п х э х э к ӏ э
к х ъ у л ъ ф ы г ъ э х э м к ӏ э
н э ф ы м к ӏ э
б ж ъ э у э
б ж ь ы н ы ф ы ц э х ы у
а п ш ъ ы ш ъ э х э к ӏ э
т ы г ъ у р ы г ъ у э к ӏ э
щ ы н а г ъ о х э м к ӏ э
х ь э ӏ у э м
ш ъ х ь э ӏ у х ы у
т х ь а р к ъ о х э к ӏ э
ж ъ о н ы г ъ у а к ӏ э х э к ӏ э
ч I а п ц I э х э
ж а к ӏ ь э х э р
а н э б з э х э м э
х ы б л ы г у э х э м э
л ӏ ы ж ъ ы г ъ у э р
м ы ш к ӏ у э к ӏ э
ж э к ӏ э ш х у ы у
х ь а н т х ъ у п с ы ы у
б э л ы д ж э п с э х э
н а ш э к ӏ э
л ъ э г у а н д ж э х э м к ӏ э
щ ы к ӏ э п с э м
т ӏ у а к ӏ э х э р
б ж ь ы ш ӏ о х э р
а х ъ ч а ш ъ х ь э к ӏ э
б з ы у к ӏ ь а л ъ э м
б з э г у ы у
ж ь ы к о р е н э х э м к ӏ э
б ж ъ а щ э х э м э
с э р
а ш ъ о ц у а к ъ э м
ц ы п э х э м э
ш э н ч ъ э х э р
м э т а з э м
е т ӏ а г ъ о х э к ӏ э
н ы с а щ э р
л ъ а п с ӏ э к ӏ э
м а х ъ э х э
а х ъ щ а п с э х э м э
т ы г ъ у а к ӏ о м
п а ш ъ х ь э м
б г ы р ы п х э
ж ъ о т э х э м э
м э х ъ а д ж э х э м к ӏ э
л ъ э б ы ӏ у э р
ч I ы б ж ь э р
ч ӏ ы р э м к ӏ э
с ы р э х ы у
ж ъ о т ы у
д ж ы н э у
п э г ъ у а н э х ы у
а п к ӏ х а л ъ х ь э м
н а л ъ э м
а б а с э х э
х ъ у п ӏ э х э м э
х ь а л ы г ъ у щ а п ӏ э у
н ы с э х э к ӏ э
б э л ы д ж э п с ы у
ш ъ х ь э ӏ у х э к ӏ э
т ӏ а м ы у
ж ъ о г ъ о б ы н э х э м к ӏ э
е т ӏ а г ъ о м к ӏ э
х ъ а г ъ э р
к ъ э б э р т а й э х ы у
ш э н ч ъ э х ы у
а к ъ ы л э х э м к ӏ э
п х ъ э ц ӏ а к ӏ э р
м э з а й э р
а н а н а с э х э
п с э о н г ъ э х ы у
б ж ъ а п э
п щ ы н э х э р
ӏ э л д ж а н э х э м к ӏ э
а л ы р э г ъ у ш ӏ э х э м к ӏ э
м ы л ы х э м э
т ы р к ъ о
ш а к ӏ о х э м э
б а т ы р э к ӏ э
к ъ а у н э у
ж ъ у г ъ э х э р
к у т л э м
ц у э к ъ о к ӏ э х ь э м
а з э н а д ж а п ӏ ы у
ш ъ х ь э ӏ а т ы н г ъ э
л ъ э г у а д ж э х э
г ъ о п л ъ а ш ъ у э х э
д э г у э м к ӏ э
б з ы у п ц ӏ э х ы у
г ъ о ж ь ы ш э п л ъ э м
б ж ы х ь э р
ш э п л ъ ы м
к ъ у р н э х э м э
к ъ ы г ъ э
ӏ э л д ж а н э х э
ж ь ы х ъ ы р з э х э р
ж ъ а г ъ э у
ш э н ч ъ э к ӏ э
с у р э т м к ӏ э
б а т ы р э х э к ӏ э
о с ы у
б г ы б з э
ц у м п э х ы у
к ӏ о ц ӏ ы м к ӏ э
л ъ а п с ӏ э у
с ы р э м к ӏ э
х э к у э м к ӏ э
л ъ э к ъ у а п ц ӏ э х э м э
б а т ы р ы у
б з а к о м
п л ъ ы ж ь г ь э ф э х э к ӏ э
ш ъ х ь э м а ж ь э к ӏ э
х ь а р з э у
к ъ а у м э р
ж э к ӏ э ш х у э к ӏ э
б ж ы б э р
д ж ы н д ж ы ф э р
щ ы л э м а з э х э
а б р а д ж э х э к ӏ э
б ж ь э п ч ӏ э м к ӏ э
б э р э т ӏ и н э х э м э
б э н ы х э к ӏ э
н а л ъ э р
ӏ у с э х э м к ӏ э
а з э н а д ж а п ӏ э х ы у
п ш ъ э д э л ъ э х э р
ц э л ы к ӏ э
л э б л э б ы й э х э м э
п ӏ э у
щ ы к ӏ э п с э х э
к ӏ ы к ъ ы р ж ь э г ъ у ш ӏ у ы ц ӏ э х э м э
к у к у н э г ъ э п л ъ э х э м к ӏ э
н э п э т а л х ь э х э р
б ж ь э р
ш ы п х ъ у э м к ӏ э
ӏ э н т э г ъ у э р
н э к ӏ э т ӏ э р х ы у
б ж ы м э м
б ж ь ы н ы ф ы ц э м к ӏ э
п к ӏ а у ы у
ж э л ы й ы у
д з а к ӏ о х э м к ӏ э
б э д з а у э х э м э
д э г у э р
б г ы б з э к ӏ э
м ы е х ы у
ч ъ у ж ъ э р
а х ъ щ э б э д з э р э х э к ӏ э
а х ъ щ а п с э м к ӏ э
а б р а д ж э м
т а к ъ и к ъ ы у
ж э г ъ у ы у
п с ы б ы б э х э м э
к ъ у а п э х ы у
ш э к Ӏ у а х ь э х э р
х ы   ӏ у ш ъ у э
б г а л э х э р
п щ ы н э х э к ӏ э
н э к ӏ ы м а з э х ы у
н э п к ъ ы м к ӏ э
а н а н а с э х ы у
ш ы н а х ь ы к ӏ э х э р
п ы л э х э м к ӏ э
х ы   ӏ у ш ъ у э м
х ъ у а н э к ӏ э
л ъ э б ы ӏ у э х э м к ӏ э
ч ъ ы г л э н ы с т э х э к ӏ э
х а с э
м э к ъ у о г ъ у м а з э х э к ӏ э
ӏ о ф ш ӏ э н э м
б ж ь э м а т э х э м к ӏ э
ш ъ о у а л ъ э м
р э х ь э н й э л э х э р
к ӏ э л э е г ъ а д ж э х э к ӏ э
ж ь ы к о р е н э к ӏ э
б ж ы х ь э х э м к ӏ э
м ы ӏ э р ы с э п с ы к ӏ э
б э н ж ъ ы й э х э р
т ф э и х ы у
ш э к э р х а ф э к ӏ э
д ы й д э л ъ э
ӏ о н ы г ъ о м а з ы у
х ь э б а д з э м
н а ш э у
б ж ъ а к о х э
г ъ о ж ь ы п л ъ ы ж ь м к ӏ э
а х ъ щ а п с э м
г ъ о п л ъ а ш ъ у х ы у
ч ъ ы г а й э х э к ӏ э
н э б з ы ц э
ш э п л ъ ы к ӏ э
к ъ а у н э к ӏ э
д а к ъ э х э р
г ъ о п э к ӏ ь а к у э х э
б г ы б з э х э
т х ь а п э м к ӏ э
г ъ о п л ъ а ш ъ у ы у
щ ы л э м а з э х э р
б э т ы х ы у
н а п ц э у
а з э н а д ж а п ӏ э к ӏ э
у п ч ӏ э
б г ы р ы п х ы ш ъ х ь э х э м к ӏ э
б э н ы х ы у
л а л э х ы у
д ж э г ъ о г ъ у э
а д ы г э к ъ э б э р
б з э г у х ы у
б г ъ э н ы х э м э
г ы н ы п л ъ э х э м э
щ э д ж э г ъ о у ж э к ӏ э
н а л ъ э у
д ж ы р э х э м э
д ж ы н д ж ы ф э х ы у
ч I ы б ж ь э х э к ӏ э
б ж ъ э у э р
п л ъ ы ж ь г ь э ф э м
б ж ь э х э м к ӏ э
а б р а д ж э
б з э ш э н э х э м э
т ӏ у а к ӏ э р
б г а л э р
Х ь а о х э
а л т э с э х э м э
ш ъ х ь э ӏ а т ы н г ъ э к ӏ э
а д ы г э х э р
ӏ э л г ь а н э х ы у
п л ъ ы ж ь г ь э ф ы у
п с ы к ъ е ф э х э х э
н а л ъ э х э
х э к у х ы у
м э з а й э х э р
д ж ы н д ж ы ф э х э
м э к ъ э к ъ а щ э м к ӏ э
а д ы г э к ъ э б э х э р
ш э к Ӏ у а х ь э х ы у
х ъ у п х ъ э х э р
г ъ у к ӏ э х э к ӏ э
м а з э х ы у
н э к ӏ у ш ъ у х э к ӏ э
ч ӏ ы у н э х э м э
л а л э
о с ы х э р
б ж ъ а щ э х э м к ӏ э
х ь э б э р
н э ш ъ у э х э м э
ч ӏ ы р э х э к ӏ э
н э к ӏ э т ӏ э р э х э р
п к ӏ а у э х э м э
л э б л э б ы й э х э м к ӏ э
к ъ э л э м э х э м к ӏ э
к ӏ э л э е г ъ а д ж э р
п с ы к ъ е ф э х э м
д ж ы н ы у
к х ъ у л ъ ф ы г ъ э х э р
к ӏ э н к ӏ э ж ъ а п х ъ э х э м э
ш э п л ъ ы х э м к ӏ э
а х ъ щ а ш ъ х ь э м к ӏ э
ӏ о т а л ъ х ы у
б ж ь ы ш ӏ о х э
б ж ы б э
ж ъ а п х ъ э х э
а н э б з э р
п ы д ж э х э м к ӏ э
д е д ж э г ъ у э м к ӏ э
ш э ч а л ъ э р
а р г ъ о й э х э м к ӏ э
а х ъ щ а п с ы у
б ж ь ы ш ӏ о к ӏ э
н а п ц э х э
х ы   ӏ у ш ъ у э м к ӏ э
м э х ъ а д ж э
т х ь э п к ӏ э м к ӏ э
п ы ж ъ э х э
е б л э г ъ а п ӏ э у
б г ъ э п с э х ы у
а н а й э к ӏ э
б э д ж э б ы м к ӏ э
ц э л ы х ы у
а р х ъ у а н э х э м э
б з ы у к ӏ ь а л ъ э
м а з э
х ы   ӏ у ш ъ у э х э
п х ъ э ц ӏ а к ӏ э х э
б г ъ э х э л ъ э х э м к ӏ э
е т ӏ а г ъ о у
ж ъ о р к ъ ы э х э к ӏ э
м а ж ь э х э р
к х ъ у э х э р
т е х а к ӏ у э х э м э
г ъ у р г ь э х э
м э х ъ а д ж э р
б э д ж э б ы х э р
т х ь а п э м
ч ъ ы г ы   ш ъ у а м п ӏ х э
б э л ъ ф э м к ӏ э
д ж ы н э м к ӏ э
ш э к э р х а ф э х э к ӏ э
б э л ы д ж э х э
ж ъ о н ы г ъ у а к ӏ э х ы у
л э г ъ у э х э м к ӏ э
а д ы г э м к ӏ э
х ъ у п ӏ э х ы у
ч ӏ ы р ы г ъ ы с э х э к ӏ э
ч ъ у а к ъ о х э к ӏ э
т х ь э м а т э к ӏ э
г ъ у б д ж э х э р
ш ы п х ъ у э х э к ӏ э
г ъ о ж ь ы ш э п л ъ ы у
к ъ э л э м э х э к ӏ э
б ж ь ы ш ӏ о м
х ь а н т х ъ у п с ы э
к ӏ э н к ӏ э ж ъ а п х ъ э х э к ӏ э
х ъ у п х ъ э х ы у
а р г ъ о й э х э к ӏ э
к у а н д э х э
д ж э г о г ъ у х ы у
д а н э р
ч э щ н ы к ъ о х ы у
б ж ъ а у э м к ӏ э
к у г ъ а ч ъ э м
г ъ у ч ӏ ӏ у н э х э к ӏ э
ж ъ о г ъ у э х э р
б ж ы б э м
ц ӏ ы ӏ р г ъ э х э
и л ъ э с э х э м э
п к ӏ а у э к ӏ э
ж ы ф л ъ а т э
с э к ӏ э
т х ы л ъ ӏ ы г ъ ы п ӏ э к ӏ э
з ы у ӏ э ш ы н э х ы у
г ъ а т х э р
п с ы к ъ е ф э х э х э р
к у т л э р
ч ӏ ы л ъ э т е п л ъ э х э м к ӏ э
п щ ы н э х э
б ж ь э м а т э м к ӏ э
к ъ э л э м э х э р
ж ъ э г ъ у а й э
к ӏ ы к ъ ы р ж ь э г ъ у ш ӏ у ы ц ӏ э х ы у
к ӏ э т ы л э х э р
б ж ъ а у э х э м э
г ъ о ж ь ы ш э п л ъ э р
н э п с э х ы у
б э л ъ ф э м
м э х ъ а д ж э м
а д ы г э к ъ э б э х э м э
к у к у н э г ъ э п л ъ э
ж ъ у г ъ э х э к ӏ э
а б ы к ъ у х ы у
б з ы х ь а ф э х э м к ӏ э
п с ы к ъ е ф э х ы у
к ӏ э л э е г ъ а д ж э м к ӏ э
б г ъ э д ж ы б э м
м ы е х э м к ӏ э
ч ӏ ы л ъ э т е п л ъ э х э
д ж э г ъ о г ъ у э р
л ъ э б ы ӏ у ы у
б ж ь ы ш ӏ о х ы у
а н а й э х э м к ӏ э
б л ы н ы к ӏ э х э м к ӏ э
ш ъ ы н э у
м а ж ь э м к ӏ э
к у а н д э х э к ӏ э
б г ы р ы п х ы ш ъ х ь э х э
н э ф ы х э м э
ч ъ у ж ъ э х э р
д а н э у
л э г ъ у э к ӏ э
м ы х ъ о м ы ш ӏ э х э к ӏ э
ч ӏ ы р ы г ъ ы с э х э м к ӏ э
б з а к о х э м э
ц ы е м к ӏ э
б л а ш х ъ о х э м э
н э ш э г ъ о ж ь э к ӏ э
б э н ж ъ ы й э р
п х ъ э т а к ъ э м
п л ъ ы ж ь г ь э ф э м к ӏ э
н э ӏ а з э х ы у
х ь а н т х ъ у п с ы э х э
б л э м ы у х ы у
б з ы у п ц ӏ э к ӏ э
л ъ э п х ъ а б э к ӏ э
д ы й д э л ъ э х э к ӏ э
к ъ ы ц э м
н э ш ъ у ы у
ж ъ о н ы г ъ у а к ӏ э х э м к ӏ э
д а к ъ э р
ш э к э р х а ф э м
о с ы л ӏ э х э м к ӏ э
б ж ъ а щ э м
б ж ъ э ш ъ у э м к ӏ э
б г ы б з э х э м э
х ы г ъ э х ъ у н э х э к ӏ э
г ъ о п л ъ а ш ъ у э х э м э
ӏ э р с р
б г ъ э к ӏ э с э м к ӏ э
н а л ъ э
с э м э г у х э м к ӏ э
т е х а к ӏ у э х э
б л ы г у х ы у
п ӏ о н ы м
к ъ э л ъ ы у
ж э к ӏ э ш х у э х э к ӏ э
м ы х ъ о м ы ш ӏ э х ы у
я т ӏ э х э м к ӏ э
п х ъ э ц ӏ а к ӏ э м
б з ы у к ӏ а л ъ э к ӏ э
п с э о н г ъ э х э м к ӏ э
ш э ч а л ъ э м к ӏ э
д ж а б г ъ о х э м к ӏ э
л ъ э м ы д ж э х ы у
ж э г ъ у э х э м э
к ъ о л э б з ы у э р
ш ъ х ь а н г ъ у п ч ъ э у
о р ы ж ъ э х э м к ӏ э
г ъ о г о г ъ у э х э м к ӏ э
к ӏ ы й э м к ӏ э
н э ш ъ у э х э м к ӏ э
ш ъ о у а л ъ э х ы у
ш ъ ы н э х э м к ӏ э
ш ӏ о м ы к ӏ ы к ӏ э
ч ӏ ы у н э х э м к ӏ э
м э т э к х ъ у а й э р
л ъ э г у а н д ж э р
б ж ь э п ч ӏ э х ы у
ж ъ у г ъ э к ӏ э
х ь э ӏ у х ы у
н ы к ӏ э
и л ъ э с и п ш ӏ ы х э р
б э р э т ӏ и н э х э р
б л э м ы у ы у
м э з а й э м к ӏ э
н э б з ы ц э р
т х ы л ъ ӏ ы г ъ ы п ӏ э у
х ь а л ы г ъ у щ а п ӏ э х ы у
б ж ы м э х э р
к ӏ ы к ъ ы р ж ь э г ъ у ш ӏ у ы ц ӏ э
и л ъ э с э х ы у
б ж ь ы г о у
а к ъ ы л э к ӏ э
л ъ э к ъ у а п ц ӏ э х э р
к ъ э б ы п ц ӏ э р
к у ш ъ э х э р
о с ы л ӏ э
п с ы х ъ о м
б л а ш ъ х ь э м
ӏ э н т э г ъ у э м к ӏ э
б э р э т ӏ и н э р
к ъ э б э с к ъ э   ш ӏ о ӏ у э х э к ӏ э
а б а д з э х э
д ж ы х а ш ъ о р
х ъ у а н э х э м к ӏ э
ш ъ х ь э м а ж ь э х ы у
ӏ э б ж ъ а н э х э м э
ж ъ а г ъ х э
а х ъ ч а ш ъ х ь э х э к ӏ э
к ъ о л а г ь э р
н ы с а щ э х э м к ӏ э
е б л э г ъ а п ӏ э х э р
а б а д з э м к ӏ э
л э б л э б ы й э м к ӏ э
к х ъ а н з э г у э х э р
л ъ э к ъ у а п ц ӏ э р
м ы ӏ э р ы с э п с ы х э к ӏ э
б э д з э н э ш ъ у э х э м к ӏ э
ж ы ф л ъ а т э х э
а л т э с э х э к ӏ э
а н е з е х э р
с а е м к ӏ э
б л э м к ӏ э
ц ы п э р
л э н ы с т э х э м э
к ъ э л э м э х э
м э у ш ъ ы э х э
ш ъ х ь э ӏ у х э м к ӏ э
т э п с э х э
б з э у т э к ӏ э
б г ъ э д ж ы б э м к ӏ э
н ы б г ъ у э ш ӏ э ф ы у
п ӏ э с т ӏ э к ӏ э ш ы п э х э
к у а н д э у
г ъ о ж ь ы п л ъ ы ж ь к ӏ э
ӏ э л д ж а н э м
ч I ы к ъ у э х э к ӏ э
к ӏ э к ӏ ь а щ ы н х э
к у а н д э р
а н э б з э х э
ш ъ х ь э м а ж ь э х э к ӏ э
д ы й э х э м э
к ъ ы ц э р
б г ъ э п с э м к ӏ э
ц ы г ъ о к ӏ э
б г ъ э к ӏ э с э х э м к ӏ э
б ж ь а щ э х э р
ш ъ э ж ъ ы е м
о р ы ж ъ э х э
ж ъ у г ъ э к ӏ э
г ъ у к ӏ э х ы у
х ь а л ы г ъ у щ а п ӏ э х э р
ц э л ъ э к ӏ э м
б г а л э х ы у
н ы с э м
б з а к о х э к ӏ э
а н э д э л ъ ф ы б з э х э к ӏ э
п ч ъ э ӏ у э к ӏ э
б з ы у х э р
ӏ о ф ш ӏ э н э х э р
п с ы б ы б э к ӏ э
ш ъ у а к ӏ о х э м э
ш ы к ӏ э п ш ы н э м к ӏ э
п х ъ э ц ӏ а к ӏ э х э м э
х а с э х э к ӏ э
д ж э г о г ъ у э х э р
б ж ь э
д ж ы р э м к ӏ э
п х ъ э т а к ъ э х э
г ъ о ж ь ы ш э п л ъ э м к ӏ э
б з ы л ъ ф ы г ъ э х э
х ь а ц э п ӏ а ц э х э р
б э н ы р
ш ъ х ь а н т э х э м э
ш ы н а х ь ы к ӏ э х э м к ӏ э
ш ъ о у а л ъ э х э р
н а ш э м к ӏ э
б л э м ы у э к ӏ э
щ ы н а г ъ о х ы у
ч ъ ы г ы   ш ъ у а м п ӏ м к ӏ э
е т ӏ а г ъ о м
п ӏ э х э м э
к ъ у а щ э м к ӏ э
ш ӏ о м ы к ӏ ы х э м э
п ч ъ э ӏ у э х э к ӏ э
а д ы г э к ъ э б э
м э л э
н а к ӏ э
х ь а ц э п ӏ а ц э р
л э б л э б ы й э х э р
н а ш э х э м э
у п ч ӏ э у
а х ъ ч э б э д з э р э к ӏ э
н э х ъ у т э х ы у
б л а ш х ъ о х э м к ӏ э
т х ь а п э х э м к ӏ э
ш ы п х ъ у э х э м э
г ъ о п л ъ а ш ъ у э х э м э
к ъ о л а д ж э у
п э г ъ у а н э к ӏ э
щ ы б ж ь э д у м э р
п ч ъ э п с ы х э м э
м ы л ы у
ж э к ӏ э ф ы у
г ъ а т х э х э м э
ц э л ъ э к ӏ э х э р
ш ъ у т ы х э к ӏ э
х ь э б э х э р
н а л ъ э х э р
т е х а к ӏ у э к ӏ э
а р г ъ э й э м
ӏ у с э
а х ъ щ э б э д з э р э х э м к ӏ э
л ъ э г у а н д ж э х э м э
г ъ о ж ь ы ш э п л ъ э к ӏ э
к х ъ у ы у
ч ӏ ы л ъ э т е п л ъ ы у
п ӏ э с т ӏ э к ӏ э ш ы п э м к ӏ э
ц э л ъ э к ӏ э к ӏ э
г ъ у ч ӏ ӏ у н э м к ӏ э
д е б л э х э м э
к ӏ э т ы л ы у
д ж э г о г ъ у э р
а п ш ъ ы ш ъ ы у
б г ъ э к ӏ э с ы у
ч I а п ц I э м
к ӏ ы й э р
п щ а г ъ у э
б ж ь а щ э х э м к ӏ э
м э з а й э х э м э
и л ъ э с э х э м к ӏ э
д ж э ф ы х э м к ӏ э
б л а ш х ъ о р
щ ы н а г ъ о
ч I ы б ж ь ы у
л а л э к ӏ э
х ъ у п х ъ э х э м э
к у э х э м э
д э г у х ы у
б ы р с ы р ы л э р
а р х ъ у а н э х э
ӏ э б ж ъ а н э р
т х ь э л ӏ ы к ӏ у э м
б ж ы х ь а п э м
м ы ӏ э р ы с э п с ы у
б э л ъ ф ы у
а д ы г э к ъ э б э х э к ӏ э
ӏ э б ж ъ а н э
а х ъ щ а ш ъ х ь э м
п х ъ э н к ӏ ы п х ъ э х э к ӏ э
е т ӏ а г ъ о х ы у
н а к ӏ э х ы у
б э л ы д ж ы у
ч ӏ ы р ы г ъ ы с э х э
б з ы х ь а ф ы у
г ы н э м
п ш ъ э р ы л ъ ы у
б ж ъ э ш ъ у э х э р
ж ъ у г ъ э м
б л э х э м э
б з а к о к ӏ э
т х ь э м а т э х ы у
б э н ж ъ ы й э х э м к ӏ э
к у ц э х э к ӏ э
б г ъ э п с э м
д ж ы н э х э м э
а б ы к ъ у э х э м э
г ы н ы п л ъ э
п с ы х ъ о м к ӏ э
б ж ы б э х э р
х а с э х э м э
м ы е х э
б а т ы р э х э м к ӏ э
щ ы б ж ь э д у м э х э м э
т х ь э п к ӏ э м
к ъ о л а г ь э х э м к ӏ э
х ь э ӏ у э м к ӏ э
ц ы е к ӏ э
д ы й х ы у
ӏ о ф ш ӏ э н э р
д е д ж э г ъ у э
к у ц э х э р
л ъ э м ы д ж ы у
н ы с э х э р
п ч э н ы х э к ӏ э
ж ъ о г ъ у э м
г ъ о ш э г ь   ч ӏ э г ъ ы ч ӏ э л ъ э х э м к ӏ э
к х ъ у л ъ ф ы г ъ э
б э т ы м
г ъ у р г ь э х э м э
б ы л ы м б э л ы д ж э р
б э л ъ ф э к ӏ э
х ь а н т ы к ъ у а к ъ у э х э к ӏ э
п л ӏ э м ы й э м к ӏ э
х ь э я т э к ӏ э
а х ъ щ э б э д з э р э м
б ж ы б э х ы у
п к ӏ а у х ы у
к ӏ э р а х ъ о х ы у
ш ъ х ь э ӏ а т ы н г ъ э х ы у
ш ӏ о м ы к ӏ ы р
б з ы у х э м к ӏ э
ш ы к ӏ э п ш ы н э у
н э ш ъ у э м к ӏ э
б ж ь ы н ы ф ы ц э х э м к ӏ э
м ы е м к ӏ э
и л ъ э с э х э
н ы х ы у
б э т ы у
н ы с э м к ӏ э
б ж ь ы ш ӏ о х э м э
ч ъ ы г а й э х э м э
ц ы е
а п ш ъ ы ш ъ э м к ӏ э
п ы л э х э м э
и л ъ э с и п ш ӏ ы м к ӏ э
ӏ о т а л ъ х э к ӏ э
м а х ъ э к ӏ э
б з ы х ь а ф э к ӏ э
х ы   ӏ у ш ъ у э х э м к ӏ э
ж ъ о г ъ у э к ӏ э
п ӏ э с т ӏ э к ӏ э ш ы п э
б ж ъ э м ы й э р
ж ъ э г ъ у а й э р
т ы г ъ у а к ӏ о р
к ъ ы ц э у
а к ъ ы л э х э м э
Х ь а о х ы у
к ъ у а п э м к ӏ э
л ъ а п с ӏ э р
а ч ъ э г ъ а ш ъ у э
н э п к ъ ы к ӏ э
х ь а ц э п ӏ а ц э м к ӏ э
ш ъ х ь а н т э х э р
х э т э р ы к ӏ э р
а к ъ ы л э х э к ӏ э
х ь а ц э п ӏ а ц э м
т э п с э м
ӏ э б ж ъ а н э х э к ӏ э
х э г ъ э г у э х э м э
б г ъ э х э л ъ э м к ӏ э
б ж ъ а щ э х ы у
б л а ш х ъ о к ӏ э
б ж ъ э д ы г ъ у э х э м э
ӏ о т а л ъ
ш э к Ӏ у а х ь ы у
д ж э г ъ о г ъ у э м к ӏ э
к ӏ ы ш ъ у э м к ӏ э
р э х ь э н й э л э р
а к ъ ы л э
к ъ ы г ъ э х э м э
н э к ӏ э т ӏ э р э м
д ж а б г ъ о
ш ъ у т ы х э р
м э х ъ а д ж э
п ш ъ э д а л х ь э х э
т х ы л ъ ӏ ы г ъ ы п ӏ э х э м э
о ф и с   п с э у а л ъ э р
ш ъ э ж ъ ы е к ӏ э
к ӏ э р а х ъ о х э м к ӏ э
ж ъ о р к ъ ы э х э м э
а ч ъ э г ъ а ш ъ у э х э м к ӏ э
б ж ы м э х э м к ӏ э
б ж ъ а к о х э м э
к ӏ о ц ӏ ы р
к у ш ъ э х э к ӏ э
а н а н а с э х э р
я т ӏ э х э
л а л э х э к ӏ э
ж ъ ы п ӏ э х э к ӏ э
б л ы н ы к ӏ э х ы у
ж ъ о р к ъ ы э х э м э
ж ь ы к о р е н э
а х ъ ч э б э г ы у
б э д з э р э х э м к ӏ э
б л э г ъ э ж ъ э х э
ж а к ӏ ь э м
б ы д з ы щ э х ы у
а б а д з э к ӏ э
ц у м п э х э к ӏ э
д з ы о х э м к ӏ э
д ы й ы у
п ы ж ъ э м к ӏ э
к х ъ у л ъ ф ы г ъ э м
ӏ у г ъ о у
б ж ы х ь э м
г ъ а т х э м к ӏ э
м а з э к ӏ э
а б а с э х ы у
б л а б ж ъ э х э м э
ӏ о ф ш ӏ э н э
к у т л э х э м э
х ъ у п ӏ э х э р
ш э к Ӏ у а х ь э х э м э
т х ы л ъ ӏ ы г ъ ы п ӏ э х э р
д э г у э к ӏ э
х ъ а н з э г у ы у
ц у э к ъ о к ӏ э х ь э м к ӏ э
а х ъ ч э б э д з э р э х э к ӏ э
б л а б ж ъ э х э к ӏ э
б э р э т ӏ и н э к ӏ э
ч ы ӏ у н э х э к ӏ э
б ж ь э м а т э х ы у
а д ы г э к ъ э б э м к ӏ э
м ы ӏ э р ы с э п с ы х э
ч ы ӏ у н э к ӏ э
з э у а п ӏ э р
х ь а р з э х э р
д е б л э х э
ж ъ у г ъ э р
п ч э н ы х э м э
ж э к ӏ э ш х у э м
х ь а р ы ф х э м э
ж ъ а г ъ х ы у
ш э ч а л ъ э х э к ӏ э
б г а н э у
б а т ы р г ъ э г ъ э х э
б э н э н ы г ъ э х э м к ӏ э
н ы к ъ о л ӏ а г ъ э р
ц э л ы х э м э
к ъ ы г ъ э м к ӏ э
м а ш и н э р
г ы н ы у
ц ы г ъ о м к ӏ э
к ъ у р н э х э к ӏ э
л ъ э г у а н д ж э х ы у
ш э н ч ъ э р
к ӏ э н к ӏ э ж ъ а п х ъ э м к ӏ э
к ъ э б ы п ц ӏ э
ӏ а ш ӏ у ӏ у ш ӏ у у
м ы ш к ӏ у э р
ш э п л ъ ы х ы у
б э д з э р э м к ӏ э
б а т ы р э х э
б г ъ э к ӏ э с э к ӏ э
ш ы б з ы х ы у
л ъ э к ъ у а п ц ӏ э
д а н э х э к ӏ э
к ъ а з м а к ъ б з ы у э м
ч ъ у а к ъ о х э
п ш ъ э д а л х ь ы у
б э н ж ъ ы й э х э м э
д з ы о
м э х ъ а д ж э у
г ъ а л э р
ч ӏ ы л ъ э т е п л ъ э р
х ъ а н з э г у э х э
а п с э к ӏ э
ӏ о н ы г ъ о м а з э м
г ъ у б д ж э м к ӏ э
г ъ а т х э х ы у
б з ы х ь а ф э м к ӏ э
ч I а п ц I э х э к ӏ э
щ э д ж э г ъ о у ж э х ы у
ш а к ӏ о р
и н ы х э м к ӏ э
б ж ъ а п э х э к ӏ э
н э к ӏ у ш ъ у м к ӏ э
д ы й д э л ъ э х э р
ч I ы б ж ь э к ӏ э
н ы с а щ э х э м э
к у к у н э г ъ э п л ъ э м
щ э н ы й э х э р
ӏ э х ъ у а м б э х э м э
к ӏ ы к ъ ы р ж ь э г ъ у ш ӏ у ы ц ӏ э р
ж ь ы х ъ ы р з э р
з ы у ӏ э ш ы н э
т ы г ъ у р ы г ъ у э
б ж ь ы г о х ы у
д е б л э м
т г ъ э н э г ъ у р г ь э х ы у
а н э д э л ъ ф ы б з э р
с ы р э х э
х ь а л ы г ъ у щ а п ӏ э х э м э
х ъ а н з э г у э р
д з а к ӏ о х э р
н а к ӏ э х э р
д ы й э к ӏ э
ж ъ э р ы м ы у
г ъ о п э к ӏ ь а к у э м к ӏ э
ш э ч а л ъ э м
г ъ о ш э г ь   ч ӏ э г ъ ы ч ӏ э л ъ э х э м э
ӏ э х ъ у а м б э х ы у
щ ы б ж ь э д у м ы у
д э г у ы у
д ж ы х а ш ъ о х ы у
т ӏ а м ы р
б л а ш ъ х ь э х э к ӏ э
х ъ а н з э г у э х э м э
н ы м
щ э д ж а г ъ о м к ӏ э
ӏ у с ы у
Х ь а о м
б ж ь э м а т э х э к ӏ э
п ы д ж э х э р
к ъ а у н э х э
ш ъ х ь а н г ъ у п ч ъ э х э м э
ш ъ х ь а н т э у
ж э у к ъ ы г ъ э м
б ы р с ы р ы л э м
н э б з ы ц э х э м э
ш ы п х ъ у э х э
т ӏ у а к ӏ э к ӏ э
х э г ъ э г у э х э
н ы к ъ о л ӏ а г ъ э х э
е б л э г ъ а п ӏ э х э
б а д ж э х э к ӏ э
н а п ӏ э х э к ӏ э
ш ъ у а к ӏ о х э к ӏ э
к х ъ а н з э г у э х э м э
о с ы м
б э л ы д ж э м к ӏ э
к ӏ э х ь ы р
с ы р э к ӏ э
х ы г ъ э х ъ у н э р
ч ӏ ы л ъ э т е п л ъ э х э м э
а б а д з э х э р
г ы н ы п л ъ э х э м к ӏ э
к ӏ э р а х ъ о м
ӏ о т а л ъ у
н э х ъ у т э х э р
б ж ы х ь а п э
д ж ы н д ж ы ф ы у
ӏ о т а л ъ м к ӏ э
б ы р с ы р ы л э х э к ӏ э
н ы у
п ы ж ъ э х э к ӏ э
и н ы к ӏ э
ӏ у с э х э м э
л ъ э м ы д ж э м
п с ы б ы б э м к ӏ э
а х ъ ч а ш ъ х ь э х э м к ӏ э
к ӏ ы й э х э м э
д э г у э м
ж ь ы г ъ о г у э р
ӏ о ф ш ӏ э н э х э к ӏ э
н э ш э г ъ о ж ь э х э
г о г о н э х э м э
п ш ъ э р ы л ъ э х э к ӏ э
ч ъ ы г л э н ы с т э
п ш ъ э д а л х ь э к ӏ э
б з э г у э х э
т ӏ а м ы х э р
ж ъ о н ы г ъ у а к ӏ э м
м э к ъ у о г ъ у м а з э х э р
ч ӏ ы л ъ э т е п л ъ э к ӏ э
н э ш э г ъ о ж ь ы у
ж ъ о р к ъ ы э м к ӏ э
т г ъ э н э г ъ у р г ь э м
х ь а ц ӏ э б а ц ӏ э м
п ш ъ э р ы л ъ э х э
т а к ъ и к ъ э м
б ж ъ а щ э
х ь а р з э м
ж ъ а г ъ к ӏ э
е т ӏ а г ъ о х э м к ӏ э
н э ш ъ у э м
д ж э г ъ о г ъ у э х э м э
м ы х ъ о м ы ш ӏ э
щ ы н а г ъ о х э к ӏ э
б з ы л ъ ф ы г ъ э х э м э
д ы й э х э р
б э н а н э ы у
к ъ о л а д ж э х ы у
к ӏ э н к ӏ э ж ъ а п х ъ э к ӏ э
ч э л э м
к ӏ ы й э х э
ч э л э х э м э
ж ъ а п х ъ э х э м к ӏ э
ж ъ а г ъ м к ӏ э
м э х ъ а д ж э к ӏ э
б э л ы д ж э п с э х э м к ӏ э
а п к ӏ х а л ъ х ь э м к ӏ э
б л э у ц э х э
щ ы н а г ъ о м к ӏ э
б э д з а у э х э к ӏ э
щ ы н а г ъ о х э м э
ж ъ о р к ъ ы э
ж ь ы г ъ о г у х ы у
б э н а н э э м к ӏ э
ч I ы к ъ у э р
б ж ъ э ш ъ у э х э
б а т ы р г ъ э г ъ э м к ӏ э
п э б ж ъ а к ъ о х э
д ж ы н ы х э к ӏ э
п с ы б ы б э
с у р э т к ӏ э
ж э к ӏ э ш х у э х э р
п ч э н ы х э р
к ӏ э л э е г ъ а д ж э х э м к ӏ э
з э у а п ӏ э х э к ӏ э
х ь э т ӏ р э п ӏ ы й э х э р
т х ы б з э х э
т г ъ э н э г ъ у р г ь э м к ӏ э
е л э н э х э р
к ъ о л э б з ы у э х э м э
к ӏ о ц ӏ ы к ӏ э
б ж ъ э м ы й э к ӏ э
д ж ы х а ш ъ о х э р
ш э к Ӏ у а х ь э х э
м э з а й э х ы у
п ц ы х э р
ж ъ о н ы г ъ у а к ӏ э к ӏ э
д ж ы н ы х ы у
ч ъ ы г а й э х э р
п х ъ э н к ӏ ы п х ъ э
ш э п л ъ ы р
л ъ э г у а д ж э к ӏ э
х ь э н ч э м ы ӏ у э
п ч ъ э ӏ у э х э
м э к ъ э к ъ а щ э х э р
а р г ъ о й э х э
а б а д з э х э к ӏ э
х ь а н т ы к ъ у а к ъ у э к ӏ э
д ж э ф ы м к ӏ э
н а к ӏ э у
ш ъ х ь э м а ж ь э х э м э
к у к у н э г ъ э п л ъ э х э р
а ш ъ о ц у а к ъ э
т ы г ъ у а к ӏ о х э м э
ш э п л ъ ы к ӏ э
л ӏ ы ж ъ ы г ъ у х ы у
ш ъ у а к ӏ о у
т х ь а р к ъ о х э р
п с э о н г ъ э х э р
с ы р э р
з ы у ӏ э ш ы н э р
п а ш ъ х ь э х э р
х ь а к ӏ э х э
б з ы у п ц ӏ э х э к ӏ э
н а п ц э к ӏ э
б ж ы б э х э м к ӏ э
щ э д ж а г ъ о
н ы к ъ о л ӏ а г ъ э м
с э
б з э у т э м
б ы д з ы щ э
г ъ о ж ь ы ш э п л ъ э р
ш ъ х ь а н т э
н э х ъ у т ы у
х ы г ъ э х ъ у н э х э р
ӏ э н т э г ъ у э к ӏ э
б з ы у х ы у
г ъ а т х э м
е т ӏ а г ъ о х э м э
д ж ы н д ж ы ф э х э р
а б а д з ы у
ж ъ ы р к у э х э
д е д ж э г ъ у ы у
п ч ъ э ӏ у э м
ж ъ а б г ъ о к ӏ э
н э х ъ у т э к ӏ э
ӏ э н т э г ъ у э м
п ы ж ъ ы у
б ж ь а щ э к ӏ э
б э щ ы ш ӏ э
ч ъ ы г х а т э х э
б ж ы х ь а п э х э
б э л ъ ф э х э
т х ы л ъ ӏ ы г ъ ы п ӏ э х ы у
х э к у э р
и н ы х ы у
а н э б з э х ы у
ч э р э у а н э х э р
а б а д з э х э м к ӏ э
л ъ э к ӏ э х э м э
т ы г ъ у а к ӏ о х э м к ӏ э
ш ъ ы н э х ы у
ж э к ӏ э ф э к ӏ э
б ж ъ э ш ъ у э к ӏ э
б г ъ э п с э х э р
ш ъ э ж ъ ы е х э
с э х э м к ӏ э
б г ы р ы п х ы ш ъ х ь э к ӏ э
к ъ а у м э м к ӏ э
б э щ ы ш ӏ э р
е б л э г ъ а п ӏ э р
н э к ӏ у ш ъ у х э
б э г ь э х ъ э к ӏ э
ж ъ о г ъ о б ы н э к ӏ э
м э к ъ э к ъ а щ э м
ж ъ о р к ъ ы э к ӏ э
н а п ӏ э к ӏ э
з э у а п ӏ э м к ӏ э
ч ӏ ы р ы г ъ ы с э р
б з ы у х э
х ь а к ӏ э х э м э
ж ъ о н ы г ъ у а к ӏ э
а х ъ щ а п с э х ы у
б г ъ э н ы у
у н э ч ӏ э г ъ э х э к ӏ э
д ж ы х а ш ъ о х э
л э б л э б ы й э х ы у
о р ы ж ъ э х э м э
а з э н а д ж а п ӏ э х э
п ы д ж э
н ы б г ъ у э ш ӏ э ф э
д э г ъ н а л ъ э х ы у
а ш ъ о ц у а к ъ э х э
б ж ь ы ш ӏ о у
к ъ о л э б з ы у э х э р
у н э ч ӏ э г ъ э р
х ь а л ы г ъ у щ а п ӏ э р
х э т э р ы к ӏ э х э к ӏ э
а х ъ щ а ш ъ х ь э х э к ӏ э
н ы б г ъ у э ш ӏ э ф э х э р
х ь а ц э п ӏ а ц э х э м к ӏ э
а п с э
т ӏ у а к ӏ э х э к ӏ э
а х ъ щ а п с э х э р
ж ь ы к о р е н э м к ӏ э
ч I ы б ж ь э
н а п ӏ э х э р
ч ы л э х э р
х ь а р ы ф х ы у
ц ы е р
ч ы ӏ у н э х э р
с э х ы у
ж ь ы х ъ ы р з э
б л а ш ъ х ь э р
у н э ч ӏ э г ъ э х э м к ӏ э
т х ь а п э х э м э
п а ш ъ х ь э х э к ӏ э
м э к ъ э к ъ а щ э х э м э
к ӏ о ц ӏ ы м
п х ъ э н к ӏ ы п х ъ э х э м к ӏ э
к у т л э х э к ӏ э
х ь а ц ӏ э б а ц ӏ э х э к ӏ э
л а л э р
б г а л э х э
а х ъ щ а п с э х э к ӏ э
б ж ь ы г о
б э д з э н э ш ъ у э р
б э д з э р э х э
ш ы к ӏ э п ш ы н э х э р
а п к ӏ х а л ъ х ь ы у
ӏ о т а л ъ к ӏ э
и л ъ э с э м к ӏ э
ч э щ н ы к ъ о м к ӏ э
б ж ь э п ч ӏ ы у
х ы г ъ э х ъ у н э х э м к ӏ э
х ъ у п х ъ э к ӏ э
к у ш ъ э х э м э
г о г о н э х э
б з ы у к ӏ ь а л ъ э у
л ъ а п с ӏ э м
т ы р к ъ о р
г ъ о ж ь ы п л ъ ы ж ь р
б г ъ э к ӏ э с э х э м э
г ъ у р г ь э х э р
г ъ у а п э х э м к ӏ э
ц а д л ь э м
б з ы х ь а ф э х э м э
т ф э и х э р
ч ӏ ы у н э м
м ы х ъ о м ы ш ӏ э х э м э
г ъ у к ӏ э
к ъ у ш ъ х ь э р
л ъ э б ы ӏ у э х э р
ч I а п ц I э у
х ъ у п ӏ э м
б ж ы б э х э к ӏ э
ж э к ӏ э ш х у э х э м к ӏ э
б г ъ э п с э х э
т х ы л ъ ӏ ы г ъ ы п ӏ э м к ӏ э
б э т ы м к ӏ э
г ъ у а п э х э м э
н э п э т а л х ь э м
б э л ы д ж э п с э х ы у
б ж ь ы н ы ф ы ц э х э р
п ӏ э х э р
а б ы к ъ у э х э к ӏ э
м а х ъ э м к ӏ э
л ъ э к ӏ ы у
ж э к ӏ э ш х у э
ӏ о т а л ъ м
т ы р к ъ о х э р
м э л ы у
ч ъ у а к ъ о к ӏ э
ц ы г ъ о х э м э
ж ъ а г ъ х э м э
ч ъ у ж ъ ы у
б а т ы р э м к ӏ э
н а п ц э
м э л э м к ӏ э
н э к ӏ у ш ъ у х ы у
ӏ у г ъ о х э р
ж ъ у г ъ э х э р
с э м э г у х ы у
а п к ӏ х а л ъ х ь э х э
х ъ у п ӏ э р
к у ш ъ э м
щ э д ж а г ъ о м
г ъ у к ӏ э р
ӏ э х ъ у а м б э
ӏ у г ъ о х э к ӏ э
щ э н ы й ы у
к ъ о л а г ь э м к ӏ э
ж ъ о н ы г ъ у а к ӏ э м к ӏ э
м а х ъ э х ы у
м э у ш ъ ы э х э м э
ц ӏ ы ӏ р г ъ э х ы у
ш э ч а л ъ э х э м к ӏ э
п к ӏ а у э м к ӏ э
б э д з э н э ш ъ у э к ӏ э
ч I ы к ъ у х ы у
х ь а р з э х э
ч I ы б ж ь э м к ӏ э
ш ы п х ъ у э м
н а п ӏ э х э м к ӏ э
ч ъ ы г х а т э
а р г ъ о й э р
ч э л э х э р
л э б л э б ы й э р
т е х а к ӏ у э
г ъ э з е т х э
ш ы п х ъ у э к ӏ э
б л э г ъ э ж ъ э
а н а й э м
б э н ж ъ ы й э
б ы л ы м б э л ы д ж э х э м к ӏ э
ц ы п э
п ч ъ э ӏ у э х э р
н ы с э у
н ы б г ъ у э ш ӏ э ф э к ӏ э
ш ы р э м
х а с э х э р
к ъ а з м а к ъ б з ы у э м к ӏ э
т х ь э к ӏ у м э к ӏ э
р э х ь э н й э л э х э м э
ж ъ ы р к у э
е б л э г ъ а п ӏ э к ӏ э
а л ы р э г ъ у ш ӏ э р
