ӏ о т а л ъ х э р
л ъ э б ы ӏ у э х э м э
Х ь а о м к ӏ э
к ъ а з м а к ъ б з ы у э х э к ӏ э
ж ъ э р ы м э м
ж ъ о т э м к ӏ э
п э г ъ у а н э х э р
ш а м г ь э н э к ӏ э
ч ъ у ж ъ э
б э г ь э х ъ э х э к ӏ э
ц у м п э р
б ж ь ы н ы ф ы ц э р
ж ъ э р ы м э м к ӏ э
к у ы у
м э л э х ы у
м э т э к х ъ у а й э х э м к ӏ э
ш ъ о у а л ъ э м к ӏ э
х ь а р з э х э м э
г ь э г у а л ъ э х э к ӏ э
ж ы ф л ъ а т э м к ӏ э
к ъ а у м э
н э ш э г ъ о ж ь э х э м э
ч ӏ ы р э х ы у
х ь а н т х ъ у п с ы э р
м э т э к х ъ у а й э х ы у
п ч ъ э п с ы х э р
д е б л э х э р
ц а д л ь э х э
п ӏ э т е х ъ о х ы у
к ӏ о ц ӏ ы у
б з ы л ъ ф ы г ъ э м к ӏ э
ц ы к I у х ы у
т х ы ц ӏ э к ӏ э
ш э к э р х а ф э х э
д а е р
ч ӏ ы р ы г ъ ы с э х ы у
ж ъ а г ъ х э к ӏ э
б ж ъ а у э
а х ъ щ а п с э р
ч ъ у а к ъ о х ы у
ӏ э х ъ у а м б э м к ӏ э
б г а н э х э м э
п ш ъ э д э л ъ э м к ӏ э
г о г о н э м
к ӏ э х ь ы х э р
к ӏ ы ш ъ у э
д ж ы р э х э
л ъ э г у а д ж э
н э ӏ а з э х э
к ъ у а щ э х э к ӏ э
н э п э т а л х ь э х э к ӏ э
ж ъ о т э м
б ж ъ э м ы й э х э р
е т ӏ а г ъ о
с ы р э х э м к ӏ э
а м а л э х ы у
д а е
б з э у т э х э м к ӏ э
к ъ ы ц э х э м э
п ы л э х э р
м э к ъ э к ъ а щ э х э
д э г ъ н а л ъ э м к ӏ э
н э к ӏ у ш ъ у
а ч ъ э г ъ а ш ъ у э м
п ч ъ э п с ы х ы у
е т ӏ а г ъ о х э р
б э д з э н э ш ъ у э х э к ӏ э
г ы н ы п л ъ э к ӏ э
п ӏ э т е х ъ о м к ӏ э
г ъ о ж ь ы п л ъ ы ж ь х э м к ӏ э
б з ы у к ӏ э
н э к ӏ э т ӏ э р э х э
х ь э я т э м
б ж ъ э у ы у
а б а с э х э м к ӏ э
д а к ъ э х э к ӏ э
п ы ж ъ э х э м э
е т ӏ а г ъ о
г ъ о п э к ӏ а к у э к ӏ э
т г ъ э н э г ъ у р г ь э р
п ӏ о н ы х э р
у п ч ӏ э х ы у
б ы р с ы р ы л э х э р
т х ь э л ӏ ы к ӏ у ы у
т х ь э к ӏ у м э х э м э
п ш ъ э д э л ъ ы у
п ш ъ э д э л ъ э р
а д ы г э к ъ э б э х э
ж ъ о г ъ о б ы н э х ы у
х ь а ц э п ӏ а ц э х э
ж э к ӏ э ш х у э х э м к ӏ э
а х ъ ч э б э д з э р э х э
п ы л э х э
к ъ э л э м э р
б ж ъ э м ы й ы у
м э к ъ у о г ъ у м а з э м
ч ӏ ы у н э у
а н э б з э к ӏ э
а н э д э л ъ ф ы б з э м
н э п к ъ ы х э к ӏ э
г ъ у к ӏ э м
е т ӏ а г ъ о к ӏ э
л э н ы с т э у
т х ь э м а т э х э м э
г ъ о г о г ъ у э м к ӏ э
д ж ы н д ж ы ф э х э к ӏ э
б а т ы р э х ы у
г ъ у р г ь э х э к ӏ э
б э н э н ы г ъ э х ы у
ш ы б з ы у
ч э р э у а н ы у
ж ь ы г ъ о г у э х э к ӏ э
ш э п л ъ ы м к ӏ э
д з ы о х ы у
б ж ы б э х э
м э у ш ъ ы э х э р
г ъ о ж ь ы ш э п л ъ э х э к ӏ э
х ъ у а н э м
д ж ы н э
х ь а н т х ъ у п с ы э м
ш а м г ь э н э
к ъ о л а д ж э х э м э
б г ы б з э х э к ӏ э
ч ы л э х ы у
к ъ а з м а к ъ б з ы у э х э м э
а н а н а с э х э м к ӏ э
б ж ь ы ш ӏ о х э м к ӏ э
а н э д э л ъ ф ы б з э у
б г ъ э н ы м к ӏ э
б а д ж э х э р
б ж ь э м к ӏ э
х ь э н ч э м ы ӏ у э х э
ж э у к ъ ы г ъ э
а б р а д ж э х ы у
л а л э х э м э
г о г о н ы у
б л э г ъ э ж ъ э х э м к ӏ э
п х ъ ы м к ӏ э
к ӏ э н к ӏ э ж ъ а п х ъ э
ж э г ъ у х ы у
б г ы р ы п х э х э р
ц э л ы у
к ӏ ы ш ъ у э х э р
г ъ о п э к ӏ а к у э м
г ъ у ч ӏ ӏ у н э к ӏ э
к у г ъ а ч ъ э х э к ӏ э
к ъ о л э б з ы у ы у
ц а д л ь э м к ӏ э
ч ъ ы г л э н ы с т э м
х ь а р ы ф к ӏ э
х э т э р ы к ӏ э х э м к ӏ э
п х ъ э т а к ъ э м к ӏ э
н а л ъ э х э м к ӏ э
ш ы р э
м э у ш ъ ы э х э к ӏ э
а н э б з э
Х ь а о х э м к ӏ э
ж э к ӏ э ш х у э х э м э
г ы н ы п л ъ ы у
ж э г ъ у э х э р
п л ӏ э м ы й э х э
х ъ у п ӏ э к ӏ э
д ы й д э л ъ э х э
ж ы ф л ъ а т э х э м э
у п ч ӏ э х э к ӏ э
б э н ж ъ ы й э м к ӏ э
б ж ъ а у э м
х ь э б а д з э м к ӏ э
п л ъ ы ж ь г ь э ф э м к ӏ э
ш ы к ӏ э п ш ы н э х э к ӏ э
х ъ а г ъ э у
д ж э г о г ъ у э м к ӏ э
б а т ы р г ъ э г ъ э х ы у
п х ъ э ц ӏ а к ӏ э
ж э к ӏ э ф э х э м э
н ы б ы д ж х э м к ӏ э
п щ ы н э м к ӏ э
г ъ о п э к ӏ ь а к у ы у
м а ж ь э
л ъ э п х ъ а б э м к ӏ э
п х ъ э т а к ъ э р
ш ъ х ь э ӏ у х э х э м э
е б л э г ъ а п ӏ э х э м э
м а х ъ э
к ъ у а щ э х э м э
к у т л э х э м к ӏ э
ч ӏ ы р ы г ъ ы с э м к ӏ э
ш э ч а л ъ ы у
ӏ э б ж ъ а н э х э р
б з э г у э х э м к ӏ э
н э б з ы ц э х э м к ӏ э
а п с э м к ӏ э
б э щ ы ш ӏ э х э р
б ж ы б э
б а т ы р г ъ э г ъ э х э р
д э г у э х э м к ӏ э
ц ы г ъ о х э
п с ы к ъ е ф э х э х э м к ӏ э
т у т ы н э х э р
ш э н ч ъ э м
г ъ у т х ь э п с э х э м к ӏ э
д а к ъ э м к ӏ э
п л ӏ э м ы й э м
д а н э
п х ъ ы х э к ӏ э
т х ь а р к ъ о х ы у
г ъ о ж ь ы п л ъ ы ж ь х э м к ӏ э
ӏ о т а л ъ х э м к ӏ э
п л ъ ы ж ь г ь э ф э х э р
х ь э я т э
а б а д з э м
ж ъ ы п ӏ э х ы у
ш э п л ъ ы х э к ӏ э
х ь а н т ӏ а р к ъ у э м
с а е х э м э
ш ъ у а к ӏ о х ы у
ш ъ ы н э
п ы л э
д з ы о х э м э
ш а к ӏ о м
д ж ы р э
к у г ъ а ч ъ ы у
л ъ э м ы д ж э
х ъ у а н э у
к у к у н э г ъ э п л ъ ы у
т г ъ э н э г ъ у р г ь э
т х ь а р к ъ о х э м к ӏ э
а б а с э к ӏ э
б э д з э н э ш ъ у э
к ъ э б э с к ъ э   ш ӏ о ӏ у ы у
ш ы р э х э р
ж ъ о г ъ о б ы н э х э р
ч э р э у а н э р
а л т э с э м к ӏ э
м э т а з э у
б з а к о х э р
щ ы к ӏ э п с э х э м э
к ъ у р н э у
п ш ъ э д э л ъ э м
д ы й д э л ъ э х э м э
г ъ о ш э г ь   ч ӏ э г ъ ы ч ӏ э л ъ э к ӏ э
с у р э т м
ш ъ х ь а н т э м
г ъ э з е т х ы у
п к ӏ а у э
д а к ъ э м
х ь а ц ӏ э б а ц ӏ э х э
т х ы л ъ ӏ ы г ъ ы п ӏ э х э
м а ш и н э к ӏ э
ж ы ф л ъ а т э х э к ӏ э
п э б ж ъ а к ъ о х э
д ж ы н ы х э к ӏ э
п с ы б ы б э
с у р э т к ӏ э
ж э к ӏ э ш х у э х э р
п ч э н ы х э р
к ӏ э л э е г ъ а д ж э х э м к ӏ э
з э у а п ӏ э х э к ӏ э
т х ы б з э х э
т г ъ э н э г ъ у р г ь э м к ӏ э
к ъ о л э б з ы у э х э м э
д ж ы х а ш ъ о х э р
ш э к Ӏ у а х ь э х э
м э з а й э х ы у
п ц ы х э р
ж ъ о н ы г ъ у а к ӏ э к ӏ э
д ж ы н ы х ы у
ч ъ ы г а й э х э р
п х ъ э н к ӏ ы п х ъ э
ш э п л ъ ы р
л ъ э г у а д ж э к ӏ э
п ч ъ э ӏ у э х э
м э к ъ э к ъ а щ э х э р
а р г ъ о й э х э
н а к ӏ э у
а ш ъ о ц у а к ъ э
т ы г ъ у а к ӏ о х э м э
ш э п л ъ ы к ӏ э
л ӏ ы ж ъ ы г ъ у х ы у
ш ъ у а к ӏ о у
т х ь а р к ъ о х э р
п с э о н г ъ э х э р
с ы р э р
п а ш ъ х ь э х э р
х ь а к ӏ э х э
б з ы у п ц ӏ э х э к ӏ э
б ж ы б э х э м к ӏ э
о ф и с   п с э у а л ъ э к ӏ э
с э
б з э у т э м
ш ъ х ь а н т э
н э х ъ у т ы у
х ы г ъ э х ъ у н э х э р
ӏ э н т э г ъ у э к ӏ э
б з ы у х ы у
г ъ а т х э м
е т ӏ а г ъ о х э м э
д ж ы н д ж ы ф э х э р
а б а д з ы у
ж ъ ы р к у э х э
д е д ж э г ъ у ы у
п ч ъ э ӏ у э м
ж ъ а б г ъ о к ӏ э
н э х ъ у т э к ӏ э
ӏ э н т э г ъ у э м
п ы ж ъ ы у
б э щ ы ш ӏ э
б э л ъ ф э х э
т х ы л ъ ӏ ы г ъ ы п ӏ э х ы у
х э к у э р
а н э б з э х ы у
ч э р э у а н э х э р
л ъ э к ӏ э х э м э
т ы г ъ у а к ӏ о х э м к ӏ э
ж э к ӏ э ф э к ӏ э
б г ъ э п с э х э р
ш ъ э ж ъ ы е х э
с э х э м к ӏ э
б г ы р ы п х ы ш ъ х ь э к ӏ э
к ъ а у м э м к ӏ э
б э щ ы ш ӏ э р
е б л э г ъ а п ӏ э р
н э к ӏ у ш ъ у х э
ж ъ о г ъ о б ы н э к ӏ э
м э к ъ э к ъ а щ э м
ж ъ о р к ъ ы э к ӏ э
н а п ӏ э к ӏ э
з э у а п ӏ э м к ӏ э
ч ӏ ы р ы г ъ ы с э р
б з ы у х э
х ь а к ӏ э х э м э
ж ъ о н ы г ъ у а к ӏ э
а х ъ щ а п с э х ы у
б г ъ э н ы у
у н э ч ӏ э г ъ э х э к ӏ э
д ж ы х а ш ъ о х э
л э б л э б ы й э х ы у
о р ы ж ъ э х э м э
а з э н а д ж а п ӏ э х э
п ы д ж э
н ы б г ъ у э ш ӏ э ф э
д э г ъ н а л ъ э х ы у
ч ъ ы г ы   ш ъ у а м п ӏ х э м э
б ж ь ы ш ӏ о у
к ъ о л э б з ы у э х э р
у н э ч ӏ э г ъ э р
х ь а л ы г ъ у щ а п ӏ э р
х э т э р ы к ӏ э х э к ӏ э
х ь а ц э п ӏ а ц э х э м к ӏ э
а п с э
т ӏ у а к ӏ э х э к ӏ э
а х ъ щ а п с э х э р
ч I ы б ж ь э
н а п ӏ э х э р
х ь а р ы ф х ы у
ц ы е р
ч ы ӏ у н э х э р
с э х ы у
ж ь ы х ъ ы р з э
б л а ш ъ х ь э р
у н э ч ӏ э г ъ э х э м к ӏ э
т х ь а п э х э м э
п а ш ъ х ь э х э к ӏ э
п х ъ э н к ӏ ы п х ъ э х э м к ӏ э
к у т л э х э к ӏ э
л а л э р
б ж ь ы г о
б э д з э н э ш ъ у э р
ш ы к ӏ э п ш ы н э х э р
а п к ӏ х а л ъ х ь ы у
ӏ о т а л ъ к ӏ э
и л ъ э с э м к ӏ э
ч э щ н ы к ъ о м к ӏ э
а ч ъ э г ъ а ш ъ у э х ы у
б ж ь э п ч ӏ ы у
х ы г ъ э х ъ у н э х э м к ӏ э
к у ш ъ э х э м э
г о г о н э х э
б з ы у к ӏ ь а л ъ э у
л ъ а п с ӏ э м
т ы р к ъ о р
г ъ о ж ь ы п л ъ ы ж ь р
б г ъ э к ӏ э с э х э м э
г ъ у р г ь э х э р
г ъ у а п э х э м к ӏ э
ц а д л ь э м
б з ы х ь а ф э х э м э
т ф э и х э р
м ы х ъ о м ы ш ӏ э х э м э
к ъ у ш ъ х ь э р
л ъ э б ы ӏ у э х э р
ч I а п ц I э у
х ъ у п ӏ э м
б г ъ э п с э х э
г ъ у а п э х э м э
н э п э т а л х ь э м
б ж ь ы н ы ф ы ц э х э р
п ӏ э х э р
а б ы к ъ у э х э к ӏ э
м а х ъ э м к ӏ э
л ъ э к ӏ ы у
ж э к ӏ э ш х у э
ӏ о т а л ъ м
т ы р к ъ о х э р
ц ы г ъ о х э м э
ж ъ а г ъ х э м э
б а т ы р э м к ӏ э
н а п ц э
м э л э м к ӏ э
н э к ӏ у ш ъ у х ы у
ӏ у г ъ о х э р
ж ъ у г ъ э х э р
а п к ӏ х а л ъ х ь э х э
х ъ у п ӏ э р
к у ш ъ э м
щ э д ж а г ъ о м
г ъ у к ӏ э р
ӏ у г ъ о х э к ӏ э
щ э н ы й ы у
к ъ о л а г ь э м к ӏ э
ж ъ о н ы г ъ у а к ӏ э м к ӏ э
м а х ъ э х ы у
ш э ч а л ъ э х э м к ӏ э
п к ӏ а у э м к ӏ э
ч I ы к ъ у х ы у
х ь а р з э х э
ч I ы б ж ь э м к ӏ э
ш ы п х ъ у э м
н а п ӏ э х э м к ӏ э
ч ъ ы г х а т э
а р г ъ о й э р
ч э л э х э р
л э б л э б ы й э р
т е х а к ӏ у э
г ъ э з е т х э
ш ы п х ъ у э к ӏ э
а н а й э м
б э н ж ъ ы й э
б ы л ы м б э л ы д ж э х э м к ӏ э
ц ы п э
п ч ъ э ӏ у э х э р
н ы с э у
н ы б г ъ у э ш ӏ э ф э к ӏ э
ш ы р э м
х а с э х э р
к ъ а з м а к ъ б з ы у э м к ӏ э
т х ь э к ӏ у м э к ӏ э
р э х ь э н й э л э х э м э
ж ъ ы р к у э
е б л э г ъ а п ӏ э к ӏ э
а л ы р э г ъ у ш ӏ э р
ж ъ а г ъ э х ы у
т г ъ э н э г ъ у р г ь э х э к ӏ э
а н а й э х э м э
б з ы л ъ ф ы г ъ э р
д ж ы х а ш ъ о х э м к ӏ э
к ъ о л а д ж э м к ӏ э
н ы к ъ о л ӏ а г ъ э х э к ӏ э
д э г ъ н а л ъ э к ӏ э
к у г ъ а ч ъ э х ы у
к ъ ы г ъ э х э р
х ь э я т ы у
ж ъ ы р к у х ы у
п а ш ъ х ь э х э м к ӏ э
п л ӏ э м ы й э х ы у
щ ы л э м а з э х ы у
ж ъ о н ы г ъ у а к ӏ э х э м э
ш ъ х ь а н г ъ у п ч ъ э м к ӏ э
а з э н а д ж а п ӏ э х э м э
ч э щ н ы к ъ о х э
л ӏ ы ж ъ ы г ъ у ы у
б г ъ э х э л ъ ы у
н э ф ы м
п л ъ ы ж ь г ь э ф э х э м э
г ъ о п л ъ а ш ъ у э
ц э л ъ э к ӏ э х э м э
м а ж ь э у
ц у э к ъ о к ӏ э х ь э х э к ӏ э
т г ъ э н э г ъ у р г ь э у
г ъ у а п э х э
к у т л э м к ӏ э
т х ы ц ӏ э х э
х а с э к ӏ э
щ ы к ӏ э п с э х э р
н э п с ы у
д е б л э х э м к ӏ э
а л т э с э х ы у
б э н ы х э м к ӏ э
х ы г ъ э х ъ у н э х э м э
к ъ э л ъ ы х э р
а н э д э л ъ ф ы б з э х э р
ц ы к I у х э к ӏ э
б ы р с ы р ы л э х ы у
у п ч ӏ э х э м э
ч ы ӏ у н э р
п э б ж ъ а к ъ о р
н э ш ъ у э р
д ж э г ъ о г ъ у э м
ц ы г ъ о х э к ӏ э
а р г ъ э й э р
д е б л э
н ы б ы д ж м к ӏ э
х ь а ц э п ӏ а ц э х э м э
н э п с э х э м к ӏ э
ж ъ а б г ъ о х э м к ӏ э
ш ы р ы у
н э к ӏ ы м а з э у
г ъ у т х ь э п с э р
ж ь ы г ъ о г у э х э м э
г ъ о ж ь ы п л ъ ы ж ь х ы у
х ь а ц э п ӏ а ц э
б з ы у х э м э
б г а н э х э м к ӏ э
ж ъ ы п ӏ э х э
ж ъ а п х ъ э х ы у
ч ы л э р
г ъ о п э к ӏ ь а к у э х э м к ӏ э
ж а к ӏ ь э х э м э
г ъ о п э к ӏ ь а к у э к ӏ э
ӏ а ш ӏ у ӏ у ш ӏ у х э к ӏ э
д а к ъ э х ы у
с у р э т р
б э л ы д ж э п с э х э к ӏ э
б з ы у м
а х ъ ч э б э г э к ӏ э
ж ъ а п х ъ э х э м э
к ӏ ы ш ъ у ы у
ж э к ӏ э ф э х э
ш ъ х ь а н г ъ у п ч ъ э к ӏ э
б г ъ э п с ы у
м а ж ь э х ы у
г ъ о ж ь ы ш э п л ъ э
х ь а ц ӏ э б а ц ӏ э м к ӏ э
н а п ӏ э х э
а п с э х э м к ӏ э
е б л э г ъ а п ӏ э х ы у
д ж э г ъ о г ъ у э х э м к ӏ э
н ы б ы д ж х э
р э х ь э н й э л э х э м к ӏ э
е т ӏ а г ъ о м к ӏ э
ӏ э р с х э р
м ы ш к ӏ у э м
р э х ь э н й э л э х ы у
ш ъ у т ы х э м к ӏ э
ц ы п э к ӏ э
м э х ъ а д ж э м к ӏ э
а б а д з э х ы у
к ъ у р н э
х ь э я т э м к ӏ э
б г ы б з э м
к ъ у р н э х э р
ц э л ъ э к ӏ э м к ӏ э
ж ъ о н ы г ъ у а к ӏ э х э
а к ъ ы л ы у
х ь э т ӏ р э п ӏ ы й э к ӏ э
б г ъ э х э л ъ э р
х э к у э м
ж ь ы г ъ о г у ы у
к х ъ а н з э г у э х э
ж ъ ы р к у э м
ӏ э р с х э к ӏ э
д ж э г ъ о г ъ у э х э р
к у т л э
н э п к ъ ы у
ж э г ъ у э
б э л ы д ж э п с э р
т ы р к ъ о у
г ъ у к ӏ э х э р
х ь э ӏ у э х э
л ъ а п с ӏ э х э к ӏ э
ц у а б з э м
а ш ъ о ц у а к ъ э х э м э
м э т э к х ъ у а й э х э
ч ъ ы г ы   ш ъ у а м п ӏ м
д э г у х ы у
т х ь э л ӏ ы к ӏ у х ы у
х ь э б э х ы у
ӏ э л г ь а н э х э м э
б л ы н ы к ӏ э
б э н э н ы г ъ э х э м э
б а т ы р э х э м э
ж э к ӏ э ш х у х ы у
м ы е х э р
ш ъ х ь э м а ж ь э м
д ж э г о г ъ у э х э м э
г ъ у н д э м
з э у а п ӏ э х э м э
б ж ъ а п э м к ӏ э
б ж ь ы г о м к ӏ э
ц ы п э м к ӏ э
б ж ь ы н ы ф ы ц э к ӏ э
х ъ а г ъ э х э
б ж ь ы г о к ӏ э
м э к ъ э к ъ а щ э х э к ӏ э
к ӏ э т ы л э к ӏ э
ж ъ э г ъ у а й э х э р
б ж ы м э х э к ӏ э
п а ш ъ х ь э р
ж ъ о г ъ у х ы у
ч ӏ ы у н э х э р
х ь э ж ъ у э м
с а е х э к ӏ э
т х ь а п э
с э х э к ӏ э
б з ы у
х ь э ӏ у э х э м к ӏ э
ӏ э н т э г ъ у х ы у
б г а л э м к ӏ э
х ь а н т ӏ а р к ъ у э
а р г ъ о й э х ы у
п щ а г ъ у э х э р
ч ӏ ы р ы г ъ ы с э х э м э
д ж э г о г ъ у э м
п ӏ э х э м к ӏ э
ӏ у с э х э к ӏ э
б э н э н ы г ъ э м к ӏ э
б э л ы д ж э м
т х ь э м а т э к ӏ э
ш ы н а х ь ы к ӏ э х э к ӏ э
г ъ о ш э г ь   ч ӏ э г ъ ы ч ӏ э л ъ э х э
п с э о н г ъ э м к ӏ э
ж ъ э г ъ у а й ы у
х ь а л ы г ъ у щ а п ӏ э х э м к ӏ э
ш э п л ъ ы м к ӏ э
ж ъ а п х ъ э х э р
г ь э г у а л ъ э х э м к ӏ э
щ ы н а г ъ о м
ӏ э х ъ у а м б э х э
а б ы к ъ у э х э р
д з ы о у
т а к ъ и к ъ э х э м э
н ы б ы д ж р
т ӏ а м ы х э м э
а х ъ ч а ш ъ х ь э х э м э
ӏ э л г ь а н э р
б г а л э к ӏ э
ж ъ ы п ӏ э х э м э
б э л ы д ж э р
ж э л ы й э х э м э
ц ы к I у к ӏ э
ж ь ы к о р е н э х э
п ӏ э р
б г а н э к ӏ э
б э д з а у э х э
т э п с э х э р
б ж ь э х э к ӏ э
л ъ э г у а н д ж э у
к ъ о л э б з ы у э м
б ы р с ы р ы л ы у
ч I а п ц I э к ӏ э
а ш ъ о ц у а к ъ э х э к ӏ э
б г ы р ы п х э к ӏ э
д а к ъ э у
т х ь э к ӏ у м э х ы у
ш ъ у т ы р
г ь э г у а л ъ э х ы у
б з э ш э н э х э к ӏ э
б э н э н ы г ъ э
а х ъ ч э б э г э м
к ӏ э к ӏ ь а щ ы н м к ӏ э
к ъ а з м а к ъ б з ы у э х э м к ӏ э
х ь э б э х э к ӏ э
н э п с э м
ц у а б з э х э м э
к ӏ э р а х ъ о м к ӏ э
ш ъ х ь э а т ы н г ъ э х э м э
ш ы б з ы м
т а к ъ и к ъ э к ӏ э
ж ъ о р к ъ ы э р
ж ъ а б г ъ о м
н а п ц э х э к ӏ э
б э д з э р э х э м э
б ж ъ а п э р
н ы с э
а п ш ъ ы ш ъ э х э м э
б г ъ э х э л ъ э х э к ӏ э
т ӏ у а к ӏ э х ы у
б э л ы д ж э п с э м
б г ъ э х э л ъ э х ы у
к у э х э
л ъ э п х ъ а б э у
п ч ъ э п с ы м к ӏ э
ц у а б з э
м ы х ъ о м ы ш ӏ э м к ӏ э
т х ы б з э у
ж ъ а г ъ у
к ъ ы г ъ э к ӏ э
п х ъ э т а к ъ э х э м э
н э п к ъ ы х э р
б г ъ э п с э р
ш ъ х ь а н г ъ у п ч ъ э х ы у
щ э д ж а г ъ о х э р
ч I ы б ж ь э х э
д з ы о р
а б р а д ж э х э
т г ъ э н э г ъ у р г ь э х э м к ӏ э
к ъ а з м а к ъ б з ы у х ы у
ц ы к I у х э р
д ы й д э л ъ э к ӏ э
ч I ы б ж ь э х э р
а к ъ ы л э х э
б э д ж э б ы х ы у
ш ы р э х ы у
ж ъ о т э
ш ы р э к ӏ э
б з э г у э х э к ӏ э
х ъ у п ӏ э у
т х ь э л ӏ ы к ӏ у э х э р
п щ а г ъ у э х э
б л э р
и л ъ э с и п ш ӏ ы х э к ӏ э
н э к ӏ у ш ъ у м
а п с ы у
х ь а ц ӏ э б а ц ӏ э х э м к ӏ э
п л ъ ы ж ь г ь э ф э х э к ӏ э
х ь э б а д з э х э м э
т х ь э м а т э м к ӏ э
е л э н э м
д ж э г о г ъ у э х э к ӏ э
х э к у ы у
т а к ъ и к ъ э
к ъ у ш ъ х ь э х э р
к ӏ ы к ъ ы р ж ь э г ъ у ш ӏ у ы ц ӏ э м
к ӏ о ц ӏ ы х э м э
д а н э х э м к ӏ э
н ы с а щ э х э
б ж ъ а п э х э м к ӏ э
б г ъ э х э л ъ э м
л а л э х э
у н э ч ӏ э г ъ э
б з ы у п ц ӏ э х э р
а х ъ ч а ш ъ х ь э х э
ш э н ч ъ э р
б ы д з ы щ э х э р
к у э
ш э ч а л ъ э к ӏ э
д ы й э р
к ъ у а п э м
к ӏ э к ӏ ь а щ ы н м
к ъ а з м а к ъ б з ы у э к ӏ э
а х ъ щ а л ъ э х э р
х ь э б э х э м э
б ж ъ а у ы у
н а ш э р
ц э л ъ э к ӏ э х э м к ӏ э
г ъ у к ӏ э х э м э
б г ъ э п с э к ӏ э
х ь э б а д з э х э м к ӏ э
б ы л ы м б э л ы д ж э х э р
щ ы к ӏ э п с э р
а к ъ ы л ы у
п с ы х ъ о х э м к ӏ э
к ъ а у н э
п с э о н г ъ э х э к ӏ э
х ь а к ӏ э х э м к ӏ э
ч ӏ ы у н э х э
ж ъ о р к ъ ы э м
г ъ о п э к ӏ а к у э х э р
б ж ъ э ш ъ у э х э м к ӏ э
а п ш ъ ы ш ъ э х э м к ӏ э
т у т ы н ы у
ш ъ х ь а н г ъ у п ч ъ э м
а р г ъ о й э х э р
к ӏ э л э е г ъ а д ж э х э
т ы г ъ у р ы г ъ у х ы у
ж э к ӏ э ф э х э р
х ь э я т э х э
к ӏ э к ӏ ь а щ ы н х э м э
к ъ э б э р т а й э х э к ӏ э
ц у а б з э х э р
з э у а п ӏ э х э м к ӏ э
б э щ ы ш ӏ э х э м э
б ж ь ы г о м
ч ы ф ы т э х э р
п с э о н г ъ э р
х ъ а г ъ э х ы у
г ъ о ж ь ы п л ъ ы ж ь х ы у
ш ъ х ь э ӏ у х э х э
б ж ь э п ч ӏ э м
б э г ь э х ъ э р
м а х ъ э х э м э
г ъ у н д э х э р
т х ь э п к ӏ э х э р
ш ы к ӏ э п ш ы н э х э м э
д ы й д э л ъ э м
п ы н д ж х э м к ӏ э
п ы л э х э к ӏ э
л э н ы с т э х э м к ӏ э
б г ъ э х э л ъ э х э м э
ӏ э н т э г ъ у э х э к ӏ э
а х ъ щ а ш ъ х ь ы у
ж ъ э р ы м э х э
т е х а к ӏ у э м к ӏ э
ӏ о н ы г ъ о м а з э м к ӏ э
а п с э х э
к у а н д э х э р
ӏ э л д ж а н э
з э у а п ӏ э м
б э н э н ы г ъ э к ӏ э
ч I ы к ъ у э х э м э
п а ш ъ х ь э х э м э
т х ь э м а т э м
м ы х ъ о м ы ш ӏ э р
т х ь э к ӏ у м э
ш ы н а х ь ы к ӏ э м к ӏ э
б г ы р ы п х ы ш ъ х ь э х ы у
а р г ъ о й ы у
ш ъ э ж ъ ы е м к ӏ э
ш ы р э р
н э п э т а л х ь э у
т ӏ у а к ӏ э х э м к ӏ э
л ъ э к ъ у а п ц ӏ э м
п ы д ж э х э м э
п щ а г ъ у ы у
о р ы ж ъ э х э р
х ы б л ы г у ы у
п с ы х ъ о р
г ъ о ж ь ы ш э п л ъ э х э м э
к ӏ э р а х ъ о
г ъ о ж ь ы ш э п л ъ э х э р
б л а б ж ъ э х э
б л э г ъ э ж ъ э х э м э
х ы г ъ э х ъ у н э х э
п с ы б ы б э х э
ж э у к ъ ы г ъ ы у
ч ӏ ы л ъ э т е п л ъ э х э р
п ӏ э с т ӏ э к ӏ э ш ы п э х ы у
б э г ь э х ъ э х э м к ӏ э
ч э щ н ы к ъ о м
х ь э ӏ у э р
х ь а н т ӏ а р к ъ у э р
с э м э г у р
ш э к э р х а ф э м к ӏ э
к ъ у а щ э
н э х ъ у т э м к ӏ э
ч ъ ы г а й э м
а б ы к ъ у э к ӏ э
о с ы х ы у
л э г ъ у э х э к ӏ э
ж э л ы й э х э
б а д ж э
п ы н д ж х ы у
о ф и с   п с э у а л ъ э х э р
к х ъ у л ъ ф ы г ъ э х э
к у ц э х э м э
у п ч ӏ э р
х ь э т ӏ р э п ӏ ы й э р
м э к ъ э к ъ а щ э
к у ц э
б з э ш э н э р
п с ы б ы б э р
а х ъ ч э б э д з э р э
а м а л э х э м к ӏ э
к ъ о л э б з ы у х ы у
ж ъ о р к ъ ы э м
б г ъ э н ы х ы у
х ь а н т ы к ъ у а к ъ у э р
м а ш и н э у
г ъ о п э к ӏ а к у х ы у
к ӏ э н к ӏ э ж ъ а п х ъ э х э м к ӏ э
ц у а б з э х э к ӏ э
к ӏ ы й э
б ж ъ а у э х э р
п ы л э х ы у
а х ъ щ э б э д з э р э р
б э н а н э э х ы у
к ъ ы г ъ э р
б э л ы д ж э п с э м к ӏ э
б л а б ж ъ э м к ӏ э
б ж ь ы н ы ф ы ц э х э
п ӏ э с т ӏ э к ӏ э ш ы п э р
ӏ э р с х э м э
д ж ы н э р
ӏ у г ъ о к ӏ э
б з ы л ъ ф ы г ъ э у
ш э н ч ъ э м
г о г о н э х э р
н э б з ы ц э х э
п ы д ж э м к ӏ э
р э х ь э н й э л э м к ӏ э
б ж ь э п ч ӏ э х э к ӏ э
з э у а п ӏ э к ӏ э
ц ӏ ы ӏ р г ъ э х э м э
б ж ы м э х э
м ы е р
о ф и с   п с э у а л ъ э м к ӏ э
к х ъ у э х э м э
м э т э к х ъ у а й э у
б ж ы б э х ы у
б г ъ э н ы х э м к ӏ э
б г ы б з э р
б э л ъ ф э х э м э
п ч ъ э ӏ у э м к ӏ э
х ь а н т х ъ у п с ы э х э м э
ц а д л ь э р
б ж ъ а п э х ы у
х ь э т ӏ р э п ӏ ы й э х э
л ъ э б ы ӏ у э к ӏ э
ш ъ х ь э а т ы н г ъ э х э р
п ы д ж э м
б э н ы х э м э
б ы л ы м б э л ы д ж э х ы у
ш ы б з ы к ӏ э
б а д ж э м
м а ш и н э
ӏ э л г ь а н э у
д з ы о м
м э т э к х ъ у а й э м к ӏ э
ж ъ о г ъ о б ы н э х э к ӏ э
б э г ь э х ъ ы у
б э н а н э э х э к ӏ э
б ж ы м э х э м э
м э к ъ у о г ъ у м а з э м к ӏ э
б а д ж э у
ш ъ х ь э м а ж ь э х э
ж ъ а б г ъ о х э р
т ф э и м
н э ш ъ у э м
л а л э м к ӏ э
ш э н ч ъ э х э
а к ъ ы л э х ы у
ш ы р э х э
м э у ш ъ ы ы у
г ъ у р г ь э х ы у
ш э п л ъ ы р
у п ч ӏ э х э
д е б л э р
б ж ъ э ш ъ у э р
н э к ӏ ы м а з э
п х ъ э т а к ъ э х э м к ӏ э
к ӏ ы ш ъ у х ы у
ж э у к ъ ы г ъ э х э м э
к ъ а у н э х ы у
ш ы н а х ь ы к ӏ ы у
ч э р э у а н э х э м э
ш э н ч ъ э х э к ӏ э
к ӏ э х ь ы у
г ъ у а п э к ӏ э
ш а к ӏ о к ӏ э
б л а б ж ъ э м
о с ы л ӏ ы у
д э г ъ н а л ъ э м
б ж ы б э х э м к ӏ э
х а с э м
б з ы у к ӏ ь а л ъ э х э м к ӏ э
к ъ ы ц э к ӏ э
п ч э н ы м
п ш ъ э д а л х ь э х ы у
а р х ъ у а н ы у
ш ы к ӏ э п ш ы н э х э
с э м
б г ъ э н ы х э р
б ж ь э п ч ӏ э
г ь э г у а л ъ э м
п ч э н ы р
ш а м г ь э н э м к ӏ э
х ы б л ы г у э х э м к ӏ э
п х ъ ы к ӏ э
б г ъ э х э л ъ э х э
о с ы м к ӏ э
а ч ъ э г ъ а ш ъ у э х э
ӏ о н ы г ъ о м а з э х ы у
г ъ о п л ъ а ш ъ у э р
ж ъ а б г ъ о м к ӏ э
х ь а р ы ф х э м к ӏ э
ч э щ н ы к ъ о к ӏ э
ж ъ о г ъ у э м к ӏ э
ж ь ы х ъ ы р з ы у
и л ъ э с э х э к ӏ э
т х ы б з э р
б а т ы р э х э р
а н э б з э х э к ӏ э
б э н ы м к ӏ э
ч ӏ ы у н э
п ш ъ э д а л х ь э х э р
л ъ э м ы д ж э х э р
ш э к Ӏ у а х ь э р
к ӏ э т ы л э р
л ъ э г у а н д ж э
к ӏ ы к ъ ы р ж ь э г ъ у ш ӏ у ы ц ӏ э к ӏ э
м э к ъ э к ъ а щ э х э м к ӏ э
а р г ъ о й э х э м э
м а ж ь э к ӏ э
ш э п л ъ ы х ы у
ӏ э л д ж а н э м к ӏ э
п ш ъ э д а л х ь э м к ӏ э
л ъ э м ы д ж э х э
н э к ӏ ы м а з э к ӏ э
я т ӏ э р
т х ь э п к ӏ э
д ж ы р э х э м к ӏ э
н э ш ъ у э х э р
ц ы г ъ о у
ӏ э л д ж а н э к ӏ э
б г ъ э п с э х э м э
ж ъ э г ъ у а й э х э м э
д ж ы х а ш ъ о
м ы л ы р
б ж ъ а к о у
г ъ у а п э х ы у
