k á a . a y d a
k í l   i s ' a a n g a a s
k í l   í i j a
k í l   i s ' u s
t l a   ç u ' á n g a n g
t a   k ú n 0
x á l   ñ á a t ' e e h l ' a a n g a a ' a h l a n g
t l a   ç u ' á n g ä s e e h l
j a d a h l g w á a y ' a a n g a a ' a h l a n g
k í l   i s ' a a n g a a ' a h l a n g g a a
k í l   i s ' a n g ' u u j a a n g a a
á l j a l a n g   ñ a s a a s d l á a
ñ ' u s ä g ú n g ' w a a . a n g   ñ a s a a s d l á a
t l a   ç u y á a n
ñ ' u s ä g ú n g a n g   ñ a s a a s d l ä ' á n g
k í l   i s ä s a a ' u s
k í l   i s ' a n g ä s g a
x á l   ñ á a t ' e e h l ' a n g ä s
s t ' i ' w á a . a n g   ñ a s a ' á a n g
d a h a n g   ñ a s a a s d l á a n g
t a   k ú n ' a a w a a ' a h l a n g g a a
k y á a m b d a   í n ' a n g ' w a a ' a h l a n s
d l á n ' w a a . a n g   ñ a s a ' á a
x á l   ñ á a t ' e e h l ' w a a ' u j a a
t l a   ç u ' w á a n g
k y á a m b d a   í n ' w a a . a n g   ñ a s a ' á a
s t ' i á n g   ñ a s a a s d l á a
t l a   ç u ' w á a ä s a a . a n g
t l a   ç u ä s á a . a n g
k y á a m b d a   í n ' a n g ' w a a ä s e e h l
t a   k ú n ' a n g ' w ä g a a n g a a
ñ í n y a a n g ' a n g ' w a a ä s a a ' u u j a n g
t a   k ú n . g a n g ' a n g ' w a a . a n g
ñ e e ' w a a . a n g   ñ a s a a s d l ä ' á n g g a n g
k y á a m b d a   í n ' a a n g a a
t l a   ç u ä s á a
x á l   ñ á a t ' e e h l g a
t l a   ç u ' á n g ' w a a ' a h l a n g g a n
s k y á a h l a n g   ñ a s a a s d l á a n g
t a   k ú n ' a n g ' w a a
k í l   i s ' a n g ' w a a ' u u j a a n g a a
d í i g w i i d a n g   ñ a s a a ' á n g g a n g
s k y á a h l ' w a a . a n g   ñ a s a a s d l á a
ñ í i y ä ' w a a . a n g   ñ a s a a ' á n g g a n g
x á l   ñ á a t ' e e h l g a n g ' a n g a n g
t a   k ú n ' a n g
k y á a m b d a   í n ' a n g ä s a a ' u s
k í l   i s ' a n g ' w a a ä s g a
k ú n i i d a n g   ñ a s a a s d l ä ' á n g
s ç á w ' a a n g ' a h l a n g g i i n i i
x á l   ñ á a t ' e e h l ' a a n g a a ' a h l a n g g a a
k á a . a y d ' w a a . a n g   ñ a s a a s d l á a
d l á n a n g   ñ a s a a s d l á a n g
k í l   i s ' w a a ä s a a n g
k í l   i s ' a n g ' w ä g a a n g a a
x á l   ñ á a t ' e e h l ' a a n g a a . a n g
t a   k ú n ' a n g ä s a a s
g i s í i d a n g   ñ a s a a ' á n g
k í l   i s ' w a a ä s a a ' u u j a n g
k y á a m b d a   í n ' a n g ' w a a ' u j a a
k í l   i s ä s a a
á l j a l a n g   ñ a s a a ' á n g
c h í i g a n g a n g   ñ a s a a s d l ä ' á n g
t a   k ú n ' a n g ä s a a ' u s
k ú n i d a a
t l a   ç u ' á n g ' w a a ä s
k í l   i s ' a n g ' w a a ' u u j a n g
d a h a n g   ñ a s a ' á a
s ç á l ' a n g ' a a w a a ' a h l a n g g a a
x á l   ñ á a t ' e e h l ' a n g ' w a a ' a h l a n g g a n
ñ í i y a a . a n g   ñ a s a a s d l ä ' á n g
ñ í i y ä ' w a a . a n g   ñ a s a ' á a
x á l   ñ á a t ' e e h l ' w a a ä s e e h l
x á l   ñ á a t ' e e h l ' a n s
t a   k ú n ä s a a s
t l a   ç u ' w á a ä s a a ' a h l a n s
h l g i h l ' w a a . a n g   ñ a s a ' á a n g
x á l   ñ á a t ' e e h l ' a n g ' w a a ä s a a s
t a   k ú n ' a n g
d l á n a n g   ñ a s a a ' á n g g a n g
x á l   ñ á a t ' e e h l ' w a a ' a h l
x á l   ñ á a t ' e e h l ' w a a
k y á a m b d a   í n ' a n g ' w a a ' u u j a a n g a a
c h í i g a n g a n g   ñ a s a ' á a n g
t a   k ú n ' w a a ' u j a a
ñ í n y a a n g ' a a n g a a ' a h l a n g g a a
t l a   ç u ' á a n g ' a h l
x á l   ñ á a t ' e e h l ' w a a ' a h l a n g g a n g
h l t a n é e . e e h l a n g   ñ a s a a s d l á a
k y á a m b d a   í n ' a n g ' u u j a a n g a a
j a d a h l g w á a y ' w a a . a n g   ñ a s a ' á a n g
t a   k ú n . g a n g ' a n g ' w a a
k y á a m b d a   í n ' a n g
x á l   ñ á a t ' e e h l ' a n g ' w a a n g
j a d a h l g w á a y ' a n g ' w a a ' u u j
j a d a h l g w á a y a n g   ñ a s a ' á a n g
x á l   ñ á a t ' e e h l ' w a a . a n g   ñ a s a a s d l á a n g
c h í i g a n g ' w a a . a n g   ñ a s a a s d l ä ' á n g g a n g
t a   k ú n . g a n g a n g
x á l   ñ á a t ' e e h l ' w a a . a n g   ñ a s a ' á a n g
x á l   ñ á a t ' e e h l ' a n g ä s a a n g
k y á a m b d a   í n ' w a a ' u u j
t l a   ç u g á n g
k y á a m b d a   í n . g a n g ' a n g ' w a a
k á a . a y d ' w a a . a n g   ñ a s a a ' á n g g a n g
k í l   i s ' a n g ' w ä g a a n g a a n
x á l   ñ á a t ' e e h l ' a n g ' w a a ' a h l a n g g a n g
c h í i g a n g ' a n g ' w a a ä s a a ' u u j a n g
k ú n i i d a n g   ñ a s a a ' á n g g a n g
x á l   ñ á a t ' e e h l ' a n g ' w a a ä s a a ' a h l a n s
k y á a m b d a   í n ' a n g ä s e e h l
g a y é e d a n g   ñ a s a a ' á n g g a n g
k í l   i s ' a a w a a . a n g
k í l   í i j a n
n í l a n g   ñ a s a a ' á n g
t l a   ç u ' á a n g a a ' a h l a n g g a a
á l j a l a n g   ñ a s a a s d l á a n g
k í l   i s ' a n g ' w ä g a n
k í l   i s ' w a a ' a h l a n s
h l t a n é e . e e h l ' w a a . a n g   ñ a s a a s d l á a n g
c h í i g a n g g a a n g a a n
t l a   ç u ' w á a ' u s
k í l   i s ' a n g ' a a w a a
k y á a m b d a   í n ' a n g ' w a a ä s a a n g
c h í i g a n g a n g   ñ a s a a s d l ä ' á n g g a n g
x á l   ñ á a t ' e e h l ä s a a n g
k y á a m b d a   í n ' a n g
x á l   ñ á a t ' e e h l
ñ ' u s ä g ú n g ' a n g ' w a a ä s g a
á l j a h l ' w a a . a n g   ñ a s a a s d l ä ' á n g g a n g
á l j a l a n g   ñ a s a ' á a
k í l   i s ' w a a ' a h l a n g g a n g
k y á a m b d a   í n ' a n g ' a a w a a ' a h l a n g g a a
h l g í l a n g   ñ a s a a s d l ä ' á n g
k í l   i s ' w a a
s ç á w ' w a a . a n g   ñ a s a ' á a
t l a   ç u ' á n g ' w a a ' u u j a n g
k á a . a y d ' w a a . a n g   ñ a s a a s d l ä ' á n g g a n g
ñ ' u s ä g ú n g g a a n g a a n
ñ ' u s ä g ú n g ' w a a . a n g   ñ a s a a s d l ä ' á n g
t l a   ç u ' á n g ' u u j a a n g a a
k í l   i s ' w a a s
h l g í l a n g   ñ a s a a ' á n g g a n g
x á l   ñ á a t ' e e l ' a h l a n g g i i n i i
k í l   i s ' a n g ' u u j a n g
t l a   ç u á n g   ñ a s a a s d l ä ' á n g
c h í i g a n g g i i n i i
s ç á w ' w a a . a n g   ñ a s a a s d l ä ' á n g
k y á a m b d a   í n ' u u j a n g
k í l   i s ' a n g ' a a w a a ' a h l a n g g a a
n í l a n g   ñ a s a a s d l á a
k á a . a y d a n g   ñ a s a a ' á n g g a n g
x á l   ñ á a t ' e e h l ' a n g ' w a a ' u s
t a   k ú n ' a n g ' w a a n g
d a h ' w a a . a n g   ñ a s a ' á a
t l a   ç u g á n g g a n g
t l a   ç u ' ú u j a n g
g a t á a . a n g   ñ a s a a ' á n g
k í l   i s ' w a a ä s g a
k í l   í i j ' a h l a n g g a n g
t a   k ú n . g a n g
k y á a m b d a   í n ' w a a . a n g   ñ a s a a s d l ä ' á n g
k y á a m b d a   í n ' u u j
t l a   ç u ' á n g ' w a a s
ñ í n y a a n g ' a n g ' w a a ' a h l a n g g i i n i i
n á a n e e ' w a a . a n g   ñ a s a a s d l á a n g
k y á a m b d a   é e n a a n
s k y á a h l ' w a a . a n g   ñ a s a a ' á n g
d l á n ' w a a . a n g   ñ a s a a s d l ä ' á n g g a n g
t a   k ú n . g a a n g a a
k y á a m b d a   í n ' a a w a a ' a h l a n g g a n g
t l a   ç u ' w á a ' u j a a
s ç á w ' a n g ' w a a ä s a a n g
t a   k ú n ' w a a ä s a a s
k y á a m b d a   í n ' a n g g a n g
h l t a n é e . e e h l ' w a a . a n g   ñ a s a ' á a n g
k y á a m b d a   í n ' w a a ä s a a ' a h l a n s
x á l   ñ á a t ' e e l a a
t l a   ç u y á a ' a h l a n g g a n g
t a   k w á a n a a
j a d a h l g w á a y ' w a a . a n g   ñ a s a ' á a
g a t á a ' a n g ä s a a ' a h l a n s
k y á a m b d a   í n ' a n g ' a a w a a . a n g
á l j a h l ' w a a . a n g   ñ a s a a s d l á a n g
s ç á l ' w a a . a n g   ñ a s a a s d l á a n g
g i s í i d ' w a a . a n g   ñ a s a a ' á n g g a n g
d l á n a n g   ñ a s a a s d l á a
c h í i g a n g ' w a a . a n g   ñ a s a a s d l á a n g
t l a   ç u ' á n g ' a a w a a
j a d a h l g w á a y ' a a n g a a ' a h l a n g g a a
j a d a h l g w á a y ' u u j a a n g a a
n á a n e e ' w a a . a n g   ñ a s a ' á a
x á l   ñ á a t ' e e h l ' a n g a n g
k í l   i s ' w a a ä s a a . a n g
k y á a m b d a   í n . g a n g ' w a a . a n g
x á l   ñ á a t ' e e h l ' a n g ' w a a ä s
t l a   ç u ' á n g ' w a a ä s a a ' a h l a n s
d a h ' w a a . a n g   ñ a s a a ' á n g g a n g
t l a   ç u ' á n g ä s a a ' u s
k á a . a y d a n g   ñ a s a ' á a
d a h ' w a a . a n g   ñ a s a ' á a n g
t l a   ç u ' á a w a a ' a h l a n g
k y á a m b d a   í n ' a n g ' w a a s
s ç á w ' w a a . a n g   ñ a s a a s d l ä ' á n g g a n g
x á l   ñ á a t ' e e l a a . a n g
ñ í i y ä ' w a a . a n g   ñ a s a a s d l ä ' á n g g a n g
t l a   ç u ' á n g ' w a a ä s a a . a n g
s ç á l a n g   ñ a s a a s d l ä ' á n g
t l a   ç u ' á n g ' w a a ä s e e h l
t a   k ú n ' a a n g a a n
d l á n ' w a a . a n g   ñ a s a a ' á n g g a n g
x á l   ñ á a t ' e e h l g i i n i i
k ' a j á a w a n g   ñ a s a a s d l ä ' á n g g a n g
x á l   ñ á a t ' e e h l a n g   ñ a s a ' á a n g
k y á a m b d a   í n ' a n g ' w ä g a a n g a a
x á l   ñ á a t ' e e h l ' a a n g a a s
g a t á a . a n g   ñ a s a ' á a n g
k í l   i s ' a n s
k y á a m b d a   í n ' w a a
x á l   ñ á a t ' e e l a a n
k í l   i s ' a n g ' w a a ä s a a ' u s
t a   k ú n ' a n g ' w a a s
t a   k ú n ' a n g ' w a a ' u u j a a n g a a
t l a   ç u ' á n g ' a a w a a ' a h l a n g
t l a   ç u ä s g a
s k y á a h l ' w a a . a n g   ñ a s a a s d l ä ' á n g g a n g
t l a   ç u ' w á a . a n g   ñ a s a ' á a n g
t l a   ç u ' á a n g ' a h l a n g g a n g
t a   k ú n a n g   ñ a s a a s d l á a
t a   k ú n ' a n g ' w a a ä s a a
k í l   i s ' a n g ä s a a ' u u j a n g
g a t á a ' w a a ' u j a a
n á a n e e ' w a a . a n g   ñ a s a a ' á n g
k y á a m b d a   í n a n g   ñ a s a ' á a
t l a   ç u ' w á a ' u u j
t a   k ú n ' u j a a
j a d a h l g w á a y ' w a a . a n g   ñ a s a a s d l á a
j a d a h l g w á a y ' a n g ' a a w a a n
t l a   ç u ' á n g ' w ä g a n
s ç á l a n g   ñ a s a a s d l á a
j a d a h l g w á a y ' w a a ' a h l a n g g i i n i i
s t ' i ' w á a . a n g   ñ a s a a s d l á a n g
ñ í n y a a n g ' w a a . a n g   ñ a s a a ' á n g
x á l   ñ á a t ' e e h l ' a n g ' w a a ' a h l a n s
ñ e . é e . a n g   ñ a s a a s d l á a n g
k ú n i d ' w a a . a n g   ñ a s a ' á a
t a   k ú n a n g   ñ a s a a ' á n g
x á l   ñ á a t ' e e h l g a n g a n g
j a d a h l g w á a y ' a n g ' w ä g i i n i i
t a   k ú n ' a a n g ' a h l a n g g a n g
