g a t á a ' w a a ' u j a a
g a t á a ' a n g ä s a a ' a h l a n s
j a d a h l g w á a y ' u u j a a n g a a
s ç á w ' a n g ' w a a ä s a a n g
d í i g u d ' a n g ' w a a ä s a a ' a h l a n s
s ç á w ' a a n g ' a h l a n g g i i n i i
x á l   ñ á a t ' e e h l ' a n g ' w a a ä s a a ' a h l a n s
s ç á l ' a n g ' a a w a a ' a h l a n g g a a
d í i g w i i d ' a h l a n g g i i n i i
j a d a h l g w á a y ' a a n g a a ' a h l a n g
ñ í n y a a n g ' a a n g a a ' a h l a n g g a a
c h í i g a n g g i i n i i
j a d a h l g w á a y ' w a a ' a h l a n g g i i n i i
j a d a h l g w á a y ' a n g ' w ä g i i n i i
ñ í n y a a n g ' a n g ' w a a ' a h l a n g g i i n i i
j a d a h l g w á a y ' a n g ' w a a ' u u j
j a d a h l g w á a y ' a a n g a a ' a h l a n g g a a
j a d a h l g w á a y ' a n g ' a a w a a n
ñ í n y a a n g ' a n g ' w a a ä s a a ' u u j a n g
c h í i g a n g ' a n g ' w a a ä s a a ' u u j a n g
x á l   ñ á a t ' e e h l ' a n g ' w a a ä s a a s
h l t a n é e . e e h l ' a n g ' w a a ä s a a ' a h l a n s
ñ ' u s ä g ú n g ' a n g ' w a a ä s g a
k á a . a y d a
k y á a m b d a   í n ' a n g ' w a a ä s a a n g
s ç á a w ' a h l a n g g i i n i i
t l a   ç u ' á n g a n g
t a   k ú n 0
h l t a n é e . e e h l ' a n g ' w a a ä s
s t ' i g á i n i i
x á l   ñ á a t ' e e h l ' a n g ' w a a ä s
k y á a m b d a   í n ' a n g ' w a a ä s e e h l
h l g í l . a n g
k y á a m b d a   í n ' a n g ' w a a ' u u j a a n g a a
s ç á w g i i n i i
h l t a n é e . e e h l ' a n g ' w a a ä s a a . a n g
h l t a n é e . e e h l ' a n g ' a a w a a ' a h l a n g g a a
k á a . a y d a a ' a h l a n g g a a
x á l   ñ á a t ' e e h l g i i n i i
s ç á a l ' a h l a n g g i i n i i
h l t a n é e . e e h l ' a n g ' w a a ' a h l a n g g i i n i i
j a d a h l g w á a y ' a n g ' w a a s
j a d a h l g w á a y ' a n g ' a a w a a ' a h l a n g g a n g
k á a . a y d a a ' a h l a n g g a n g
k í l   i s ' w a a
h l t a n é e . e e h l ' a n g ' w a a s
s t ' i ' á n g ' w ä g i i n i i
k y á a m b d a   í n ' a n g ' a a w a a ' a h l a n g g a a
h l g i h l ' a n g ' w a a ' a h l
á l j a h l ' w a a
h l t a n é e . e e h l ' a n g ' a a w a a ' a h l a n g
d í i g w i i d a a ' a h l a n g
h l t a n é e . e e h l ' w a a ' a h l
s k y á a h l ' w a a
x á l   ñ á a t ' e e h l ' w a a
h l g i h l ' w a a ä s
h l t a n é e . e e h l ' w a a
x á l   ñ á a t ' e e h l ' w a a ' a h l
j a d a h l g w á a y ' a n g ' a a w a a s
x á l   ñ á a t ' e e h l ' a a n g a a ' a h l a n g g a a
h l g i h l ' a n g ' w ä g i i n i i
x á l   ñ á a t ' e e h l
x á l   ñ á a t ' e e h l
ñ í n y a a n g ' a n g ' w a a ä s a a s
á l j a h l ' a n g ' w a a
x á l   ñ á a t ' e e h l ' a a n g a a s
á l j a h l ' a n g ' w a a ' a h l
h l g i h l ' w a a ä s e e h l
ñ í n y a a n g g i i n i i
h l t a n é e . e e h l ' a n g ' w a a . a n g
x á l   ñ á a t ' e e h l ' a n g
j a d a h l g w á a y ' a n g ' w a a ' u u j a n g
n í i h l ' a n g
h l t a n é e . e e h l
x a d á a l ' w a a ' a h l
k y á a m b d a   í n ' a n g ' w a a s
x á l   ñ á a t ' e e h l ' w a a ä s e e h l
h l t a n é e . e e h l ' a n g ' w a a ' u j a a
k í l   i s ' w a a s
h l g i h l ' a n g ' a a w a a ' a h l a n g
h l t a n é e . e e h l ' w a a s
x á l   ñ á a t ' e e h l ' a n g ' w a a
h l t a n é e . e e h l ' a n g
h l t a n é e . e e h l ' a n g
h l t a n é e . e e h l ' a n g ' w a a ' a h l a n s
h l g i h l ' a n g a n g
d a h ' a n g ' w ä g i i n i i
h l g i h l ' w a a ' a h l a n g g i i n i i
á l j a h l ' a n g ' a a w a a ' a h l a n g g a a
h l t a n é e . e e h l ' a a n g ' a h l a n g g i i n i i
h l g i h l ä s a a
x á l   ñ á a t ' e e h l ' a n g ' w a a ' a h l a n s
x a d á a l ' a n g ' w a a
h l t a n é e . e e h l ' w a a n g
k í l   i s ' w a a ' a h l a n s
x á l   ñ á a t ' e e h l ' a a n g a a ' a h l a n g
s k y á a h l ' a a w a a ' a h l a n g
s k y á a h l ' w a a s
s k y á a h l ' a n g ' w a a ' a h l a n s
x a d á a l ' a n g ' w a a
k ú n i d ' w a a
x á l   ñ á a t ' e e h l ' a n s
x á l   ñ á a t ' e e h l ' a n g ' w a a n g
h l g i h l ' a n g ' a a w a a s
x á l   ñ á a t ' e e h l ' w a a ' u j a a
s k y á a h l ' w a a n g
g a y é e d a a ' a h l a n g g a a
n í i h l ' a n g ' a a w a a ' a h l a n g g a a
á l j a h l s
x á l   ñ á a t ' e e h l ' a n g ' w a a ' a h l a n g g a n
h l g é e l a a ' a h l a n g g a a
d l á n ' w a a
x á l   ñ á a t ' e e h l g a
j a d a h l g w á a y ' a n g ' w a a ' a h l a n s
x á l   ñ á a t ' e e h l ' a a w a a ' a h l a n g g a n g
k í l   i s ' a a n g a a s
j a d a h l g w á a y ' a h l
x a d á a l ' a n g ' a a w a a ' a h l a n g g a a
x á l   ñ á a t ' e e h l ' a n g ' w a a ' u s
k í l   i s ' a n g ' a a w a a ' a h l a n g g a a
k í l   i s ' w a a ' a h l a n g g a n g
h l g i h l ' a n g g a a n g a a
k í l   i s ' a n g ' a a w a a
x á l   ñ á a t ' e e h l ' a n g ' w a a ' a h l a n g g a n g
x á l   ñ á a t ' e e h l ' w a a ' a h l a n g g a n g
c h í i g a n g ' a n g ' w a a ä s g a
k y á a m b d a   í n ' a n g ' a a w a a . a n g
j a d a h l g w á a y ' w a a ' a h l
á l j a h l ' a n g ' w a a ä s
j a d a h l g w á a y ' a n g ' w a a . a n g
n í i h l ä s e e h l
s k y á a h l s
s k y á a h l ' a n g ' w a a ä s a a
j a d a h l g w á a y ' a n g ' w a a
h l t a n é e . e e h l ' a n s
k ú n i i d a a ' a h l a n g g a n g
h l g i h l ' a n g ' w a a ä s a a s
h l t a n é e . e e h l ' a a n g a a ' a h l a n g g a n g
n í i h l ' a n g ' w a a ' a h l a n g g i i n i i
á l j a h l ' a n g ' a a w a a
x a d á a l ' a n g ' a a w a a ' a h l a n g
x á l   ñ á a t ' e e h l ' w a a ä s a a s
s k y á a h l ' a h l a n s
x á l   ñ á a t ' e e h l ' a n g a n g
x a d á a l ' a h l a n g g i i n i i
x a d á a l ' w a a ' a h l a n s
h l g i h l ' a n g ' u u j a n g
k í l   í i j a
h l g i h l ' a n g ' u u j a a n g a a
k í l   i s ' a n s
h l g i h l ' w a a ä s a a ' a h l a n s
ñ ' u s ä g ú n g ' a n g g i i n i i
ñ e e ' w a a ä s e e h l
k y á a m b d a   í n ' a n g ' w a a ' a h l a n s
c h í i g a n g ' a n g ' w a a
x á l   ñ á a t ' e e h l ' a n g ' u j a a
g i s í i d ' a n g ' w a a
s k y á a h l ' a h l a n g g a n g
x á l   ñ á a t ' e e h l ' a n g ä s
k y á a m b d a   í n ' w a a
x a d á a l ' w a a s
h l t a n é e . e e h l ' a a w a a . a n g
x á l   ñ á a t ' e e l ' a h l a n g g i i n i i
x á l   ñ á a t ' e e h l ' a a n g a a . a n g
h l t a n é e . e e h l ' a n g a n g
n í i h l ' a a n g ' a h l a n g g i i n i i
x á l   ñ á a t ' e e h l ' a n g g a n g
j a d a h l g w á a y ' a n g ' w a a ' a h l a n g g a n g
ñ í i y ä ' w ä g a a n g a a
h l g i h l ' a n g ' w a a ä s g a
s k y á a h l ' a n g ' u s
x a d á a l ' u j a a
s k y á a h l ' a n g ä s e e h l
h l t a n é e . e e h l ' a a n g a a . a n g
n í i h l ' a n g ' u u
k ú n i d ' a n g ' w a a ' u j a a
k á a . a y d ' a n g ' a a w a a ' a h l a n g g a a
h l t a n é e . e e h l ' w a a ä s g a
k ú n i d a a
n í i h l ' a a n g a a s
s k y á a h l ' w a a ' a h l a n g g i i n i i
á l j a h l ' a a n g ' a h l a n g g a n g
d a h . a n g   ñ a s a a s d l ä ' á n g
h l t a n é e . e e h l ' a n g ä s a a
á l j a h l ' a a n g a a ' a h l a n g g a a
h l g i h l ' a n g ä s a a n g
h l g i h l ' u u j a n g
s k y á a h l ' a a w a a ' a h l a n g g a n g
h l t a n é e . e e h l ' a n g ä s
g a y é e d ' w a a ' a h l
d a h ' a n g ' w a a
s k y á a h l ' w a a ' u u j
h l g i h l ' w a a ' u u j a a n g a a
h l g i h l ä s g a
k í l   i s ' w a a ä s a a n g
k á a . a y d ' a a n g ' a h l
x á l   ñ á a t ' e e h l ' a n g ' u u j a a n g a a
n í i h l ' a n g ' w a a . a n g
h l t a n é e . e e h l ä s a a
á l j a h l ' a a n g ' a h l a n g g a n
g a y é e d ' a h l
g i s í i d ' a n g ' w a a ' a h l a n g g i i n i i
c h í i g a n g ' a n g ' w a a ' a h l a n s
c h í i g a a n g ' a h l a n g g a n g
á l j a h l ' w a a ' u u j
k í l   i s ' u s
á l j a h l ' a a w a a s
t a   k ú n ' a n g ' w a a
h l g í l g a
j a d a h l g w á a y ' w a a ' a h l a n s
x á l   ñ á a t ' e e l a a
s k y á a h l ' a a w a a . a n g
s k y á a h l ' a h l a n g g a n
ñ í i y a a ' a h l a n g g i i n i i
ñ e e ' a n g ä s e e h l
x a d á a l ' w a a ' u s
h l g i h l ' a n g ' w ä g a a n g a a
k ú n i d ' a n g ' w a a ä s e e h l
k y á a m b d a   í n ' a n g
ñ í i y ä ' a a n g ' a h l
d l á n ' w a a . a n g
k y á a m b d a   í n ' a n g
g a t á a ' w a a ' a h l
k ú n i d ' a n g ' a a w a a
x a d á a l ' a n g ' a a w a a s
s k y á a h l ' a n g ' w a a ä s a a s
h l g i h l ä s a a ' a h l a n s
k í l   i s ' a a n g a a ' a h l a n g g a a
ñ í i y ä ' w a a ' a h l
n í i h l ' a a w a a ' a h l a n g g a a
k í l   i s ' a n g ' w a a ä s g a
k y á a m b d a   í n ' a a n g a a
á l j a h l ' a n g g a a n g a a
k y á a m b d a   í n ' a n g ' w a a ' u j a a
h l g i h l ' u u j a a n g a a
s k y á a h l ' w a a ä s a a n g
g i s í i d ' w a a ' a h l a n g g i i n i i
c h í i g a n g ' a n g ' w a a ' a h l a n g g a n
x á l   ñ á a t ' e e h l ' a n g ä s a a n g
g a y é e d ' a n g ' w a a
n é e l ' a h l a n g g i i n i i
n í i h l ' a n g ' a a w a a ' a h l a n g g a n g
s ç á l ' w a a ' a h l
c h í i g a n g ' w a a ä s a a
t l a   ç u ' á a n g ' a h l
s k y á a h l ' a n g ä s a a ' a h l a n s
k y á a m b d a   í n ' a a w a a ' a h l a n g g a n g
n í i h l ' a a n g a a ' a h l a n g g a a
h l t a n é e . e e h l ' a n g ' u u j a n g
h l t a n é e . e e l a a ' a h l a n g
