s ç á l ' w a a . a n g   ñ a s a a s d l á a n g
n á a n e e ' w a a . a n g   ñ a s a ' á a
h l t a n é e . e e l g a n g ' a n g ' w a a . a n g
t l a   ç u ' á n g ä s a a ' u s
n á a n e e ' a a w a a n
g a t á a
n í i h l ' a a n g a a ' a h l a n g g a a
s ç á w ' a n g ' u j a a
k á a . a y d a a ' a h l a n g g a a
j a d a h l g w á a y ' a n g ' a a w a a s
j a d a h l g w á a y ä s a a ' u u j a n g
s t ' i ' á a n g ' a h l a n g g i i n i i
x a d á a l ' a n g ä s a a ' u u j a n g
h l g í l g a n g
k í l   i s ' w a a s
á l j a l a n g   ñ a s a a s d l á a n g
k í l   i s ' w a a
g i s í i d ' a n g ä s a a s
ñ ' u s ä g ú n g a n g
s k y á a h l ' w a a ' u u j
j a d a h l g w á a y g a
g a t á a ä s a a s
k í l   i s ' a n g ' u u j a a n g a a
k í l   i s ' a a n g a a s
k ú n i d ' a a n g ' a h l a n g g i i n i i
g a y é e d a n g ' a n g ' w a a . a n g
ñ e e ' w ä g a n
ñ í i y ä ' w ä g i i n i i
ñ e e ' a a w a a . a n g
k ú n i d ' a n g ä s a a s
t l a   ç u ' á n g ä s e e h l
d í i g w i i d a n g g a n g
k y á a m b d a   í n ' a n g g a n g
ñ í i y ä ' a n g g a n g
s ç á l ' a a n g a a ' a h l a n g g a a
x á l   ñ á a t ' e e h l ' a n g ' w a a ' u s
c h í i g a a n g ' a h l a n g g a n g
x á l   ñ á a t ' e e h l ' w a a
s ç á w ' a a w a a ' a h l a n g g a n g
k ' a j ú u ' a n g ' w a a ' a h l
g a y é e d ' a n g ' w ä g a n
n á a n e e ' a n g ä s a a
ñ í i y ä g i i n i i
g a y é e d ' a n s
t a   k ú n ä s a a ' u s
d l á n ' w a a . a n g   ñ a s a a s d l ä ' á n g g a n g
á l j a h l ' a n g ä s a a s
h l g i h l ä s a a ' a h l a n s
h l g i h l ' u u j a a n g a a
h l g i h l ä s a a s
á l j a h l ä s
ñ í n y a a n g ' a n g ä s a a ' u u j a n g
t a   k ú n ' a a w a a ' a h l a n g g a a
g a y é e d ' a n g ' a a w a a ' a h l a n g g a a
s ç á l g a n g a n g
h l g í l g a
k í l   i s ' w a a ' a h l a n g g a n g
k y á a m b d a   í n ' a n g
h l g i h l ' w a a ' u u j a a n g a a
g i s í i d ' w a a ' u s
s ç á l ' a n s
h l t a n é e . e e h l ' a n g ' w a a ' a h l a n s
h l g i h l ' a n g ' a a w a a ' a h l a n g
c h í i g a n g ä s a a ' u s
d l á n ' a n g ä s a a n g
d l á n ' w a a . a n g   ñ a s a ' á a
s t ' i g á a s
k y á a m b d a   í n ' a n g ' a a w a a ' a h l a n g g a a
c h í i g a n g ' w a a n g
k ' a j ú u
t l a   ç u ' á n g a n g
x á l   ñ á a t ' e e l ' a h l a n g g i i n i i
k y á a m b d a   í n ' a n g ' w ä g a a n g a a
x á l   ñ á a t ' e e h l
ñ í n y a a n g ' a n g ' w a a ' u u j a n g
á l j a h l ' a n g ' w a a ' a h l
c h í i g a n g ' w a a ä s g a
d a h ' a n g ' w a a
g a t á a g a n g ' a n g ' w a a n g
n á a n e e ' a n g ' w ä g i i n i i
g a y é e d ' a n g ' w a a ä s a a ' u s
n á a n e e ' a n g ä s e e h l
h l t a n é e . e e h l ' a a w a a . a n g
g a t á a ' w a a ä s a a
g a t á a ' a n g ' u u
s ç á w ' w a a ä s a a . a n g
t a   k ú n ' a n g
g a y é e d ' a h l
c h í i g a n g g i i n i i
d a h ' a n g
k á a . a y d ' a a w a a
g i s í i d ' w a a ä s a a s
c h í i g a n g ' u j a a
k y á a m b d a   í n ' w a a . a n g   ñ a s a ' á a
x á l   ñ á a t ' e e l a a n
g a t á a ' w a a ' a h l
g i s í i d ' a a w a a ' a h l a n g g a a
n í i h l ä s a a n g
t a   k ú n ' a n g ' w ä g a a n g a a
c h í i g a n g ' w a a ä s a a
h l t a n é e . e e h l ' a n g ' w a a ä s
h l g é e l a a n
d a h a n g   ñ a s a a s d l á a n g
n á a n e e ' a a w a a ' a h l a n g g a n g
d í i g u d ' a n g a n g
k y á a m b d a   í n ' a n g ' w a a ' u j a a
k á a . a y d a a ' a h l a n g g a n g
n á a n e e ' a a w a a s
h l t a n é e . e e l g a n g ' a n g g a n g
k ú n i d ä s a a
ñ e e ' a a n g a a ' a h l a n g g a a
s k y á a h l ' w a a ä s g a
ñ e e ' a n g g a n
ñ ' u s ä g ú n g g a n g ' w a a n g
g i s í i d a a n
k ú n i d ' w a a ä s a a ' u s
d í i g u d
s t ' i ' á n g ' w a a ' a h l
k y á a m b d a   í n ' a n g ' w a a ' u u j a a n g a a
k á a . a y d ' a n g ä s a a
d í i g u d ' a a n g a a . a n g
g i s í i d a n g   ñ a s a a ' á n g
ñ í n y a a n g a a s
d a h ä s g a
k í l   i s ä s a a . a n g
k á a . a y d ' w a a . a n g   ñ a s a a s d l ä ' á n g g a n g
n á a n e e ' a n g g a n
s ç á l ' w a a ' a h l
g a y é e d ' w a a ' a h l a n g g a n
d a h ' a n g ' w a a ' u u j a a n g a a
x á l   ñ á a t ' e e h l ä s a a n g
á l j a h l ä s a a ' a h l a n s
á l j a l a n g   ñ a s a ' á a
s k y á a h l ' w a a ä s a a n g
n á a n e e ' u u j
d a h ' a h l a n g g a n g
k í l   í i j ' a h l a n g g a n g
k á a . a y d a n g   ñ a s a a ' á n g g a n g
d a h a n g   ñ a s a ' á a
k ' a j ú u ' a n g ä s a a n g
d a h ' a n g ä s a a ' u u j a n g
d í i g u d ' a n g ' w a a n g
h l g i h l ' a n g ' w ä g a a n g a a
t a   k ú n ' a n g ' w a a ä s a a
d í i g u d ' w a a . a n g   ñ a s a a ' á n g
s ç á l ' a n g ' w a a ä s a a s
ñ ' u s ä g ú n g a n g   ñ a s a a s d l ä ' á n g
ñ e e g a n g ' a n g ' w a a
h l t a n é e . e e h l ' a a n g ' a h l a n g g i i n i i
ñ e e ' a n g ä s a a ' u u j a n g
n í i h l ' a n g ä s g a
j a d a h l g w á a y ' w a a ' a h l a n g g i i n i i
s k y á a h l ' w a a . a n g   ñ a s a a s d l ä ' á n g g a n g
h l t a n é e . e e l a a ' a h l a n g
k í l   i s ä s a a ' u s
k y á a m b d a   í n ' a a n g a a
g i s í i d ' w a a ä s g a
n á a n e e g a a n g a a n
n á a n e e ' w a a . a n g
s k y á a l g a n g a n g
k ' a j ú u ' a a n g ' a h l a n g g a n g
d l á a n ' a h l a n g g a n g
d a h ' a n g ' u u j a n g
g i s í i d ' a a n g a a s
k ' a j ú u s
ñ ' u s ä g ú n g ' a a n g a a . a n g
k ú n i d ' w a a
t l a   ç u á n g   ñ a s a a s d l ä ' á n g
s k y á a h l ä s a a n g
s ç á l g a n g ' a n g ' w a a . a n g
t l a   ç u ' w á a n g
g a t á a ' a n g ä s g a
s ç á l s
ñ í i y ä g a n g
k y á a m b d a   í n ' a n g ' u s
k ' a j ú u ' a n g ' w a a
t l a   ç u ' w á a . a n g   ñ a s a ' á a n g
x a d á a l ' a a n g a a ' a h l a n g g a n g
n é e l ' a h l a n g g i i n i i
k á a . a y d a n g
h l t a n é e . e e h l ' a n g ' w a a ä s a a ' a h l a n s
d l á n a n g   ñ a s a a ' á n g g a n g
k á a . a y d ' a a n g ' a h l
k á a . a y d ä s a a . a n g
d í i g u d ä s a a s
k ú n i d ä s a a ' u u j a n g
s ç á w ' w a a . a n g   ñ a s a a s d l ä ' á n g g a n g
k á a . a y d ' a n g ' u u j a n g
s ç á w ' a n g ' w a a ä s
g a t á a ' a n g ' w a a ' a h l a n s
s ç á w ' a a n g ' a h l a n g g i i n i i
ñ í n y a a n g ' a n g ' u u j
s ç á w g i i n i i
n á a n e e ' a a w a a
x a d á a l g a n g ' a n g ' w a a
ñ í i y ä ' w a a . a n g   ñ a s a a s d l ä ' á n g g a n g
c h í i g a n g ä s a a s
x á l   ñ á a t ' e e h l g a
k ' a j ú u g a
n í i h l ' a a n g a a s
k ú n i d ' a n g ' w a a ' u j a a
d í i g u d ' a a n g a a s
c h í i g a n g g a n g ' w a a n g
k í l   i s ' w a a ä s a a ' u u j a n g
x a d á a l ' a n g ' w a a
c h í i g a n g ' u s
h l g i h l ' a n g ' w a a ä s a a s
j a d a h l g w á a y ' a n g ' u s
s k y á a h l ' a n g ä s e e h l
j a d a h l g w á a y ' a a n g a a ' a h l a n g
g a y é e d ' a a w a a ' a h l a n g
d a h ' w a a . a n g   ñ a s a a ' á n g g a n g
ñ e e ' a n g ' w a a ä s a a ' u u j a n g
c h í i g a n g g a a n g a a n
ñ í n y a a n g ' a n g g a n
t l a   ç u ' á a w a a ' a h l a n g
ñ ' u s ä g ú n g ä s a a ' a h l a n s
ñ í n y a a n g g a n g g a n g
k á a . a y d ' a n g ' a a w a a ' a h l a n g g a a
k ú n i d
g a y é e d ' a n g g a n g
t a   k ú n ' a a n g ' a h l a n g g a n g
x á l   ñ á a t ' e e h l ' a n g ' w a a ä s a a ' a h l a n s
x a d á a l ' a n g ' u u
ñ í n y a a n g ä s a a . a n g
k y á a m b d a   í n ' a n g
j a d a h l g w á a y ' a n g ' a a w a a n
s k y á a h l ä s a a ' u u j a n g
h l g i h l ' a n g g a a n g a a
x a d á a l ' a n g g a
c h í i g a n g g a n g g a n g
n í i h l ä s e e h l
h l g i h l ' w a a ' a h l a n g g i i n i i
ñ í i y ä ' w ä g a a n g a a
s ç á w ' a a w a a n
g a y é e d ' a n g ' w a a ä s a a s
ñ í i y ä ' a n g ' a a w a a
k ú n i d ' a n g g a a n g a a n
k í l   í i j a
k ' a j ú u ' a a n g a a . a n g
x a d á a l ' a n g ä s
n á a n e e ' a n g ' w a a ' a h l a n g g a n
d l á n ' a n g ' u u j a n g
n á a n e e ' w a a ' u u j
ñ e e ' a n g a n g
h l t a n é e . e e h l ' a a n g a a ' a h l a n g g a n g
g a t á a ' w a a ' a h l a n g g i i n i i
t l a   ç u ' w á a . a n g   ñ a s a a ' á n g g a n g
h l t a n é e . e e h l ' a n g a n g
k ú n i d ' a n g ' w a a ' u u j
