k ' a j ú u ' a n g ' a a w a a ' a h l a n g g a n g
ñ í n y a a n g ' a n g ' w ä g i i n i i
s ç á w ' w a a ' u u j
g a y é e d a a ' a h l a n g g a a
k y á a m b d a   í n ' u u j a n g
s k y á a h l ' w a a n g
d í i g u d
d l á n ' a n g ' w a a ä s a a n g
g a y é e d ä s g a
n á a n e e g a n g ' a n g g a n g
d l á n ' w a a . a n g   ñ a s a a s d l ä ' á n g g a n g
ñ ' u s ä g ú n g ä s a a ' u u j a n g
h l g é e l a a n
n á a n e e ' a n g ä s e e h l
k ú n i d ' a n g ' w a a ' u u j
h l t a n é e . e e h l ' a n g
d a h ' a n g ' w a a ' a h l a n g g a n
ñ í i y a a . a n g   ñ a s a a s d l ä ' á n g
ñ í n y a a n g ' a a n g a a ' a h l a n g
s ç á w ' a n g g a n
k í l   i s ' w a a . a n g   ñ a s a a s d l á a n g
ñ e e g a n g ' a n g ' w a a
k ' a j ú u ' w a a ' u j a a
s ç á w ' a a w a a n
g i s í i d ' a n g ' w a a ' a h l a n g g a n g
s ç á w ' a n g ä s a a ' u s
c h í i g a n g ' a n g ' w a a ä s g a
n á a n e e ' a n g ' w a a
k y á a m b d a   í n ' a n g ' u s
k ú n i d ' a n g ' w a a ' u j a a
g i s í i d ' u j a a
c h í i g a n g g a n g ' w a a n g
k á a . a y d a n g ' a n g a n g
d a h ' a a n g a a ' a h l a n g g a n g
d l á n ' a n g ä s a a n g
k í l   i s ' a n g ' w a a ä s a a ' u s
s t ' i ' w á a . a n g   ñ a s a ' á a n g
g i s í i d ' a n g ä s a a s
k y á a m b d a   é e n ' a h l a n g g a n g
t l a   ç u ' á a n g a a ' a h l a n g g a a
d l á n ' w ä g a a n g a a n
h l t a n é e . e e h l ' a n g ' a a w a a ' a h l a n g g a a
x a d á a l ä s g a
s t ' i ' a h l á n g g i i n i i
d l á n a n g   ñ a s a a ' á n g g a n g
g a t á a ' w a a ' u j a a
k í l   i s ' a a n g a a ' a h l a n g g a a
s ç á w ' w ä g i i n i i
x á l   ñ á a t ' e e h l ' a n g ' w a a ' a h l a n s
k í l   i s ' a n g ' u u j a a n g a a
s k y á a h l ' w a a ' u u j
á l j a h l ' a n g ' w a a ' u u j a n g
d a h ' w a a . a n g   ñ a s a ' á a n g
t a   k ú n . g a n g ' a n g ' w a a
s k y á a h l ' a n g ' w a a ä s a a s
s ç á w g i i n i i
c h í i g a n g ' a n g ä s e e h l
ñ e e g a n g ' a n g g a n g
á l j a h l ' a n g ' w a a ä s
n á a n e e ' a n g
s ç á l ' a n g ' a a w a a s
s ç á w ' a n g g a n g
ñ í i y ä g a a n g a a
d í i g u d ' w a a ' u u j a n g
c h í i g a n g ' w a a . a n g   ñ a s a a s d l á a n g
x á l   ñ á a t ' e e h l ' a n g ' u j a a
ñ ' u s ä g ú n g ' w a a s
k ' a j ú u ' a n g ' w a a ' u j a a
ñ í i y ä ' w a a ä s a a s
d a h ' a n g ' a a w a a n
k y á a m b d a   í n ' a n g ' a a w a a ' a h l a n g g a a
t l a   ç u y á a ' a h l a n g g a n g
h l g i h l ä s a a ' a h l a n s
t l a   ç u ' á n g ä s a a ' u s
k á a . a y d ' a a w a a ' a h l a n g
d í i g w i i d a n g g a n g
x á l   ñ á a t ' e e h l ' w a a ä s e e h l
h l t a n é e . e e h l ' a n g ' w a a ä s a a . a n g
k y á a m b d a   í n . g a n g ' a n g ' w a a
h l g i h l ä s a a s
s k y á a h l ' a n g ' u s
ñ í n y a a n g ' a n g g a a n g a a n
t a   k ú n . g a n g
ñ ' u s ä g ú n g g a a n g a a n
k ' a j ú u ' a n g ä s e e h l
h l g í l a n g   ñ a s a ' á a n g
n é e l ' a h l a n g g i i n i i
x á l   ñ á a t ' e e h l g a n g ' a n g a n g
c h í i g a n g g a a n g a a n
j a d a h l g w á a y ' a n g ' w a a s
g a y é e d ' a n g ' a a w a a ' a h l a n g g a a
ñ e e ' a n g ä s a a . a n g
x á l   ñ á a t ' e e h l ' a n g ä s
k y á a m b d a   í n ' w a a . a n g   ñ a s a ' á a
d a h ' a a w a a n
ñ í i y ä ' w ä g a a n g a a
s ç á w ' w ä g a a n g a a n
g a y é e d ' w a a ä s a a ' u s
j a d a h l g w á a y ' a n g ' w a a ' a h l a n s
ñ e e ' a n g ä s a a ' u s
t a   k ú n ' a n g g a a n g a a n
s ç á a l a a ' a h l a n g
á l j a l g a n g g a n g
s ç á l ' a a n g a a ' a h l a n g g a a
n í i h l ' a n g ä s g a
j a d a h l g w á a y ' a a n g a a ' a h l a n g g a a
h l g i h l ' u u j a n g
x á l   ñ á a t ' e e h l ' a a n g a a s
ñ e . é e ä s
t a   k ú n ' a a w a a ' a h l a n g g a a
h l g i h l ' u u j a a n g a a
á l j a h l ä s a a ' u s
s ç á w ' a n g ä s a a n g
d l á n ' a n g ' u u j a n g
d l á n ' a a n g ' a h l a n g g a n
k í l   i s ' a a n g a a s
k í l   i s ' a n s
h l t a n é e . e e h l ' a n g ' w a a ä s
g i s í i d ' a n g ä s a a . a n g
d a h
ñ e e ' a n g ' u u j
s ç á a l ' a h l a n g g i i n i i
n í l a n g   ñ a s a a s d l á a
g a t á a ' a n g ' u u
k ú n i d ' w ä g a a n g a a n
x a d á a l ' a n g ' w a a . a n g
c h í i g a n g g a n g g a n g
k á a . a y d ' a n g ä s a a
k á a . a y d ' w a a ä s a a ' u u j a n g
h l g i h l ' a n g ' a a w a a ' a h l a n g
n á a n e e ' a n g ' w a a ä s a a . a n g
á l j a h l ' a n g ' a a w a a
d í i g u d ' u u j
s k y á a h l ' a h l a n g g a n
á l j a h l ' a a w a a s
c h í i g a n g ' a n g g a n g
á l j a h l ' a a n g a a n
x á l   ñ á a t ' e e h l
x á l   ñ á a t ' e e h l ' a n g g a n g
k á a . a y d a a . a n g
s ç á w ' a n g ' w a a ' a h l a n s
k ' a j ú u s
n á a n e e ' w ä g a n
n í i h l ' u u j a a n g a a
d a h g a a
t l a   ç u ' ú u j a n g
h l t a n é e . e e h l ä s g a
k í l   i s ä s a a . a n g
k ú n i d ' a n g ' w a a s
n á a n e e ' w a a ' u u j
n í i h l ä s a a n g
g a y é e d ' a n g ' w a a ä s a a ' u s
k ' a j ú u ' w a a ' a h l a n g g a n g
d í i g u d ä s g a
t l a   ç u ' w á a ' u u j
g a t á a ' a n g ' w a a ' u u j a a n g a a
s ç á l ' a n g ' a a w a a ' a h l a n g g a a
n á a n e e ' a n g ' w a a ' a h l a n s
ñ í i y ä ' w a a ä s e e h l
c h í i g a n g ä s a a s
k ' a j ú u ä s a a ' u s
k í l   i s ' w a a
s k y á a h l ' a n g ' w a a ' a h l a n s
k á a . a y d ' u u j a n g
h l t a n é e . e e h l ' w a a
k y á a m b d a   í n . g a n g ' w a a . a n g
k y á a m b d a   í n ' a n g ' u u j a a n g a a
t a   k ú n ' a n g ' w a a n g
s k y á a h l ' a n g ä s
j a d a h l g w á a y a n g   ñ a s a ' á a n g
s k y á a h l ä s a a n g
s ç á a l a a ' a h l a n g g a n g
t a   k ú n . g a n g a n g
g a t á a ' w a a ' a h l a n g g i i n i i
d í i g u d ä s a a s
á l j a l g a
ñ í i y ä ' a n g ä s e e h l
d a h ' a n g ' a a w a a s
ñ í i y ä ' a n g g a n g
s k y á a h l ' a n g ä s a a . a n g
d l á n ' w a a . a n g   ñ a s a ' á a
x á l   ñ á a t ' e e l a a n
ñ í n y a a n g ' a n g ä s a a ' u u j a n g
s t ' i ' á n g ' w ä g i i n i i
g a t á a ' w a a ä s a a
s ç á l ' a a n g ' a h l a n g g a n g
k ú n i d ' a n g ' w a a ä s e e h l
k y á a m b d a   í n ' a n g ' a a w a a . a n g
s t ' i ' á a w a a
j a d a h l g w á a y g a a n g a a n
x á l   ñ á a t ' e e h l ' a a n g a a ' a h l a n g
h l t a n é e . e e h l ' a n g
g i s í i d a a n
s k y á a h l ' a h l a n s
s ç á w ' u u j a a n g a a
t l a   ç u ' á n g ' u u j a a n g a a
x a d á a l ' u j a a
h l g i h l ' w a a ä s e e h l
ñ e e ' a n g g a n
k ' a j ú u ' a n g ' w a a ' a h l
h l t a n é e . e e h l ' w a a . a n g   ñ a s a a s d l á a n g
g a y é e d ä s
d í i g u d ' a a n g ' a h l a n g g a n g
g i s í i d ' a a n g a a s
x á l   ñ á a t ' e e h l ' a n g ' w a a ä s a a ' a h l a n s
d l á a n a a s
n í i h l ' a a w a a ' a h l a n g g a n g
s ç á w ' a n g ' w a a ä s a a . a n g
j a d a h l g w á a y ' a n g ' w a a
h l t a n é e . e e h l ' a n g ä s
k y á a m b d a   í n ' a n g
á l j a h l ' a a n g ' a h l a n g g a n g
t l a   ç u ' á a n g ' a h l a n g g a n g
ñ e . é e ' a h l a n g g i i n i i
á l j a l a n g   ñ a s a ' á a
ñ ' u s ä g ú n g ' w a a ä s a a ' u u j a n g
h l g i h l ' a n g ä s a a n g
s k y á a h l ' w a a s
n á a n e e ' w a a . a n g   ñ a s a a ' á n g
s ç á l ' w a a . a n g   ñ a s a a s d l á a n g
k ú n i d ' a n g g a a n g a a n
d a h ' a n g ä s g a
d a h g a n g
ñ ' u s ä g ú n g g a n g ' a n g a n g
c h í i g a n g ' a n g ' w a a ' a h l a n g g a n
h l t a n é e . e e h l ' a a n g a a ' a h l a n g g a n g
s t ' i ' á n g ' a a w a a ' a h l a n g g a a
s ç á w ' a n g ' u j a a
h l t a n é e . e e h l ' a n g ' u u j a n g
t l a   ç u ä s á a
h l t a n é e . e e h l ' a n g ' w a a ' a h l a n g g i i n i i
d a h ä s
k í l   i s ' a n g ä s a a ' u u j a n g
x a d á a l g a n g ' a n g ' w a a
x á l   ñ á a t ' e e h l g i i n i i
g a t á a ' a a w a a ' a h l a n g g a a
s k y á a h l ' w a a
x á l   ñ á a t ' e e h l ä s a a n g
t a   k ú n ä s a a ' u s
h l t a n é e . e e h l ' a n g ' w a a ' a h l a n s
x á l   ñ á a t ' e e h l ' w a a . a n g   ñ a s a ' á a n g
h l t a n é e . e e h l ä s a a n g
ñ e e ' w a a . a n g   ñ a s a a s d l ä ' á n g g a n g
j a d a h l g w á a y ' a n g ' w a a . a n g
s t ' i ' á n g ' u u j
ñ ' u s ä g ú n g ' a a w a a ' a h l a n g
d í i g u d ä s a a ' u s
k y á a m b d a   í n ' w a a ' u u j
s t ' i ' á n g g a a n g a a n
c h í i g a n g ' w a a ä s a a
