k y á a m b d a   í n a n g   ñ a s a a ' á n g g a n g
c h í i g a n g a n g   ñ a s a a s d l á a n g
ñ e . é e . a n g   ñ a s a a s d l ä ' á n g
x á l   ñ á a t ' e e h l g a n g g a n g
d í i g u d ' a a w a a ' a h l a n g g a n g
s k y á a h l ' a n g ' a a w a a s
á l j a h l ' w a a ' a h l a n g g a n g
g i s í i d ' a a w a a ' a h l a n g g a n g
k í l   i s ' a n g g a n
ñ e e ' w a a ä s a a ' a h l a n s
h l t a n é e . e e h l ' w a a
g a y é e d ' a n g ' w a a ' a h l a n g g i i n i i
s ç á w ' a n g ' u u j a a n g a a
h l t a n é e . e e h l ' a n g ä s e e h l
ñ í n y a a n g ' w ä g a a n g a a
g a y é e d ' w a a ä s a a
ñ ' u s ä g ú n g g a
s ç á l ' a n g ' w a a s
ñ í n y a a n g ' a n g ' a a w a a ' a h l a n g
k ' a j á a w a a n
x a d á a l ' a n g ' w a a ' a h l a n g g a n
d l á a n ' a h l a n g g i i n i i
k í l   i s ' a a n g ' a h l a n g g i i n i i
c h í i g a n g ' w ä g i i n i i
j a d a h l g w á a y ' a n g ä s a a ' u u j a n g
k á a . a y d ' a h l a n g g a n
k á a . a y d ' a n g ' a a w a a n
k y á a m b d a   í n ' w a a . a n g
k á a . a y d ' a n g ' w a a ' u u j
ñ e . é e ä s a a ' u s
t l a   ç u ' á n g ' w ä g a a n g a a
s t ' i ' á a n g ' a h l a n g g a n g
x á l   ñ á a t ' e e h l a n g   ñ a s a a ' á n g g a n g
s ç á w ' a n g ' a a w a a . a n g
g a y é e d ' w ä g a n
h l t a n é e . e e h l ' a a w a a n
á l j a h l ' a a w a a ' a h l a n g g a a
g a y é e d ' a n g ' w a a n g
j a d a h l g w á a y ' w ä g a n
x a d á a l ' a n g ' w a a n g
h l g i h l ' w a a ä s a a n g
d l á n ' a n g a n g
n í i h l ' w a a ä s a a s
d l á n ' a n g ' w a a ä s
k í l   í i j a n g g a n g
ñ í n y a a n g a n g   ñ a s a a s d l á a
s ç á w ' w a a s
g a t á a ' w a a ä s a a ' u u j a n g
g a t á a ' a a n g a a
s ç á w ' a a n g a a ' a h l a n g g a n g
s k y á a h l ' a n s
n í i h l ' w a a n g
t l a   ç u ' á n g ' w a a ' u j a a
g i s í i d ' u u j
t l a   ç u ' á a n g a a . a n g
d í i g u d ' a n g ' u u
ñ í n y a a n g ' a a w a a
n í i h l ' w a a . a n g   ñ a s a a s d l á a
g i s í i d ' a h l a n g g a n g
d l á n ä s a a ' a h l a n s
g a t á a ' w a a n g
k í l   i s ' a n g ' w a a ' u u j
á l j a h l ' a a n g a a . a n g
k á a . a y d ' w a a ' a h l a n g g i i n i i
d í i g u d ' a a n g ' a h l a n g g a n
h l t a n é e . e e h l s
s k y á a h l ' a n g ' w ä g a n
k y á a m b d a   í n ' w ä g a n
t a   k ú n ä s a a n g
ñ í i y a a ä s a a ' u u j a n g
g a y é e d ' a n g ' w a a ' a h l
g i s í i d a a ' a h l a n g
d í i g u d ' a n g g a n
n í l g a
t a   k ú n ' a n g g a n g
k ' a j ú u ' a a n g a a ' a h l a n g
t a   k w á a n a a ' a h l a n g g a n g
ñ í i y ä ' a n g ä s a a s
t l a   ç u á n g   ñ a s a a s d l á a n g
s t ' i ' á n g ' w a a n g
d í i g w i i d ' a h l a n s
k y á a m b d a   é e n ' a h l
k á a . a y d ' w a a ' a h l a n g g a n
t l a   ç u ' w á a s
d a h ' w ä g a a n g a a
ñ í n y a a n g ' a n g ' a a w a a n
á l j a h l ' a a n g a a s
k ú n i d ' a n g ' a a w a a s
n í i h l ' w ä g a a n g a a n
n í i h l ' a n g ' w a a ' a h l a n s
d l á n ' w a a . a n g   ñ a s a ' á a n g
s ç á l ' a n g ' w a a ä s a a n g
x á l   ñ á a t ' e e h l ' a n g ' w a a ' a h l a n g g i i n i i
s ç á l ' w a a . a n g   ñ a s a ' á a
n á a n e e g i i n i i
á l j a h l ' a n g ' w a a n g
x á l   ñ á a t ' e e h l ' a a w a a ' a h l a n g
t a   k ú n ' w a a . a n g   ñ a s a a s d l á a n g
j a d a h l g w á a y ' a n g ' w a a ä s
x a d á a l g a n g
k á a . a y d
k í l   i s ' a n g a n g
j a d a h l g w á a y ' a a n g ' a h l
h l t a n é e . e e h l ' a n g ' w a a ä s e e h l
á l j a h l ' a n g ' a a w a a s
t l a   ç u ' á n g g a n
n í i h l ä s a a s
x a d á a l
t l a   ç u ' á n g ' w a a ' u s
á l j a h l ' a n g g a a n g a a n
n í i h l ' a a n g a a
k y á a m b d a   í n ' u j a a
h l t a n é e . e e h l ' a n g g a
d a h ' w a a ' a h l a n g g a n g
k ú n i d ' a n g g a n g
d a h ' a a n g a a . a n g
t a   k ú n ' a n g ' w a a ä s a a . a n g
s ç á l ' a n g ' w ä g a a n g a a n
k á a . a y d ' a n g ' w a a ä s a a ' u s
c h í i g a n g ' a n g ' w a a ' a h l
k y á a m b d a   í n ' a a w a a n
h l t a n é e . e e h l ' a n g ' u u j
h l t a n é e . e e h l ä s a a s
x á l   ñ á a t ' e e h l g a n g ' a n g ' w a a n g
t l a   ç u ' ú u j a a n g a a
k ' a j ú u ' a h l a n g g a n
d l á n ' w ä g i i n i i
d l á n a n g   ñ a s a a s d l ä ' á n g
t a   k ú n ' w a a ä s a a ' u u j a n g
j a d a h l g w á a y g a n g ' a n g ' w a a
ñ í n y a a n g g a n g a n g
k ' a j ú u ' w ä g i i n i i
k ú n i i d a a n g a a n
c h í i g a n g ' w a a . a n g   ñ a s a ' á a n g
s k y á a l g a n g ' a n g a n g
j a d a h l g w á a y ' a a n g a a ' a h l a n g g a n g
x a d á a l ' a n g ä s e e h l
d l á n . g a n g ' a n g ' w a a . a n g
c h í i g a n g ' a n g
t a   k ú n ' a n g ä s a a n g
t l a   ç u ' á n g
h l t a n é e . e e h l ' a a w a a ' a h l a n g
x a d á a l ' a n s
c h í i g a n g ' a n g ' w a a ä s a a ' a h l a n s
d í i g u d ' u j a a
d a h g a n g ' w a a
ñ e e ' w a a s
s t ' i ' á n g ' w a a ä s a a
k í l   i s ' a n g ' w a a ' a h l a n s
ñ í n y a a n g ' a a n g ' a h l a n g g a n
h l g i h l ' a n g ' w a a ä s a a ' a h l a n s
h l t a n é e . e e h l a n g   ñ a s a a ' á n g
ñ í n y a a n g ' a n g ' w a a ä s e e h l
k y á a m b d a   í n ' a n g ' w a a ' a h l a n g g a n g
h l g i h l ' a a w a a ' a h l a n g g a n g
k ú n i d ä s
ñ í n y a a n g ' a n g ' w a a ' a h l a n s
ñ í i y ä ' a n g ' w a a ä s g a
g a t á a ' a a n g a a n
n í i h l ' a n g ' w a a ä s a a . a n g
ñ í i y ä g a n g ' a n g ' w a a
s ç á l ä s a a
s k y á a h l ' a n g g i i n i i
c h í i g a n g ' a n g ' u u
t l a   ç u ' á n g ' a a w a a s
s t ' i
n á a n e e ' a n g g a a n g a a n
á l j a h l ' w ä g i i n i i
j a d a h l g w á a y ' w ä g i i n i i
ñ ' u s ä g ú n g ' a n g ' w a a ä s a a
d l á n ' a n g ä s e e h l
c h í i g a n g ä s a a . a n g
x a d á a l ä s
s t ' i ' w á a ä s
n á a n e e ' a n g ' u u
c h í i g a n g ä s
h l g í l a n g   ñ a s a a s d l á a
s ç á l ' w a a . a n g   ñ a s a a s d l ä ' á n g
k y á a m b d a   í n ' w a a ' a h l a n g g i i n i i
g a y é e d a n
j a d a h l g w á a y ' w a a ä s a a ' u u j a n g
x á l   ñ á a t ' e e h l ' w a a . a n g
k ' a j ú u ' a a n g ' a h l
x a d á a l ä s a a ' u u j a n g
s k y á a h l ' a n g ' u u j a a n g a a
s k y á a l g a n g ' a n g ' w a a
n í i h l ' a a n g a a n
á l j a h l ' a n g ' w a a ' a h l a n s
d í i g u d ' w a a ' u u j a a n g a a
j a d a h l g w á a y g a n g ' a n g ' w a a n g
t a   k ú n a n g   ñ a s a a ' á n g g a n g
t a   k ú n ' w ä g i i n i i
t a   k ú n ' w a a ' u s
s ç á w ' a n g ' w a a ' u u j a n g
h l g i h l ' w a a ' a h l a n s
k ú n i d ' a n g ' w a a ' a h l a n s
d a h . a n g   ñ a s a a ' á n g
s ç á l ' a a n g a a
h l g i h l ' w a a . a n g
t l a   ç u ' w á a ' a h l a n g g a n
t a   k w á a n a a . a n g
d í i g u d ' a a w a a ' a h l a n g
j a d a h l g w á a y ' w a a
t l a   ç u g á n g ' a n g g a n g
x á l   ñ á a t ' e e h l ' a n g ' a a w a a
d l á n ' a n g g a n g
k í l   i s ' a n g g a n g
k ú n i d a a s
x a d á a l ' w ä g a a n g a a n
d a h ' a n g ' w a a ' u u j
x á l   ñ á a t ' e e h l ä s
k á a . a y d ' a n g g i i n i i
x a d á a l ' a n g ' u s
h l t a n é e . e e h l ' a n g g a a n g a a
n í i h l ' a a n g a a ' a h l a n g
t l a   ç u g á n g a n g
k ' a j ú u ' a a n g a a
c h í i g a n g ' a a n g a a n
n á a n e e . a n g   ñ a s a a s d l á a
k ú n i d ' a n g ' w a a ' u u j a a n g a a
j a d a h l g w á a y ' a n g ' w a a ' u j a a
d a h ' a n g g a n g
k ' a j á a w a a ' a h l a n g
ñ ' u s ä g ú n g a n g   ñ a s a a ' á n g
d l á n ' a n g ' w a a ' a h l
x á l   ñ á a t ' e e h l ' a n g g a n
n í i h l ' w a a . a n g   ñ a s a a ' á n g g a n g
x a d á a l ' a n g ä s g a
g a t á a ä s a a ' u s
j a d a h l g w á a y ' w a a ' u u j a a n g a a
h l t a n é e . e e l g a n g ' w a a . a n g
t l a   ç u ' á n g ' a a w a a ' a h l a n g g a a
ñ ' u s ä g ú n g a n g   ñ a s a a s d l á a
h l g i h l ' w a a . a n g   ñ a s a a ' á n g g a n g
c h í i g a a n g ' a h l
s ç á l ' w a a s
j a d a h l g w á a y g a n g
g a y é e d ' u u j a n g
k í l   i s ' a n g
ñ í i y ä ' a n g ' w a a ä s a a . a n g
d l á n ' w a a ' a h l a n g g i i n i i
ñ í n y a a n g a a n g a a
á l j a h l ' a n g ' u j a a
k ' a j ú u ' a a n g a a s
x a d á a l g a n g ' w a a n g
d l á n
s t ' i ' á n g ' w a a ' u s
k á a . a y d ' w a a ä s
s k y á a h l ' w a a . a n g   ñ a s a ' á a
n á a n e e ' a n g ' w a a ä s a a ' a h l a n s
