y a o
u l i f a a
u l i t a t a
a l i l i p a
u l i b a k i
u l i k a n a
k i l i f a a
u l i k a n a
i l i t a t a
u l i o t a
l i l i o n a
n i l i o n a
h i c h o
k i l i j i b u
i l i o n g e a
k w e p e
i l i n u n u a
u l i a n d a a
n i l i k w i m b a
u a m b e
u p e n d e
u l i s a f i r i
l i l i k w e p a
i l i s a f i r i
u l i b a d i l i
l i e u e
u p e n d e
a l i e u a
a l i p e n d a
a l i o n a
k u s o m a
a l i o n g e a
u k w e p e
i p e n d e
u l i e u a
u l i l i p a
u l i a n d i k i z a
m i n g i n e
k i l i e u a
n i l i l a l a
l i l i l a l a
m o j a w a p o
u l i l a l a
u l i a m b a
m m o j a w a p o
u n u n u e
u s o m e
a s o m e
m m o j a w a p o
l i a m b e
k i k w e p e
c h e n y e w e
i s o m e
u l i a n d i k i s h a
u k w e p e
u a f i k i
l i b a k i
u l i a n d i k i s h a
a b a k i
n i b a k i
n i o t e
u n g a l i s a f i r i
m n g a l i s a f i r i
z i t o
n i l i a m b a
u n u n u e
i n g a l i a f i k i
u n g a l i a f i k i
i k i s a f i r i
z a o
a f a
h u o
z e e
y a o
u f e
k u l e
n z e e
h u f a
h u k o
m w a o
z a f a
w a f a
w a f a
i o t e
y a j a
y a f a
m i z e e
z i j e
i j i b u
h u j a
h u j a
u k a n e
y a j a
a k i f a
w a f a a
u k a j e
f u p i
w a f a a
w a o n e
l a j i b u
z a j a
n j e m a
w a o t a
w a j a
i b a k i
l a i m b a
y a f a a
i k a f a
y a f a a
w a v i v u
l a l i p a
i l i o n a
w a l i p a
z i l i f a a
u t a t e
n a l a l a
z a l i p a
z a e u a
w a l a l a
u o n e
p e u p e
y a e u a
k w e u p e
u j e
i k i a f i k i
v i a m b e
z i n u k e
t w i m b e
k u n u n u a
v i l a l e
u k i f a
z i l a l e
n z u r i
m b o v u
w a l a l e
z a o n a
p a v i v u
t u f a e
h u e u a
m a b i v u
k u z i t o
a k a j e
k u b o v u
t u o n e
w a j i b u
i k a f a e
i k a o n e
m a n d a e
k u v i v u
y a k a f e
n a b a k i
m n a f a a
w a o n a
i n a f a a
m e p e s i
z a k a n a
i k i j a
z i o t e
y a k a o n a
c h a f u
k i k i j a
w a k a n a
v i b a k i
w a t a t a
w a t a t a
i t a f a a
w a o t e
l i k i j a
z i e u e
v i k i j a
c h a f u
k u b a k i
u m e o t a
h u t a t a
m j i n g a
z i n a f a
i p e n d e
z i e u e
w a k a j a
t u n a f a
w a b a k i
k i k a j a
t u o t e
u k i o t a
i l i a m b a
y a j i b u
m m e o t a
y a b a k i
u t a f a a
y a b a k i
t u k a f a
i k i o n a
t w a o t a
i t a o n a
i a n d a e
u k a o t a
z i k a f a
i t a l i p a
u t a l i p a
m k a o t a
u t a o t a
m k i o t a
u t a l i p a
i n a l a l a
u n a o t a
u n a e u a
u t a o t a
z i l i j i b u
m w e m a
m i b a y a
i n a l i p a
a m e l i p a
k u l i p a
h u l i p a
m m e l i p a
m a b a y a
m s o m e
n a s o m a
i t a e u a
a t a e u a
p a t u p u
k w e m a
i k a e u a
m k i l a l a
m l i e u a
u k a l a l e
p a z i t o
p a z i t o
u k a l i p e
y a s o m a
a k a e u a
v i l i t a t a
p a f u p i
w a s o m a
p a b o v u
m i c h a c h e
a n g a l i k u j a
p e n g i n e
p a z u r i
z i k a j e
k u b o v u
h u n u k a
m j e u r i
t u n u n u e
h u n u k a
y a n u k e
t u k a f e
t u k a j e
a i m b a
h u a m b a
