v y e p e s i
m w e n y e w e
u n g a l i j i b u
t u n g a l i o n a
u n a n u k a
m w a o
i n g a l i a n d i k i s h a
k i k a a f i k i
n i n a k u j a
t u o n e
a n g a l i o n a
h u a m b a
m k i l a l a
w a k a a n d i k i s h e
n i n g a l i o t a
u n a a n d a a
v i a n d a e
u m e o t a
z i k i k w e p a
w a f a
z i n g a l i a f i k i
p a j i n g a
n i n g a l i a n d i k a
z i n a a n d a a
p a t u p u
v i k a a n d a a
i k i p e n d a
t u k a a n d i k e
u n g a l i a f i k i
w a n g a l i o n a
y a m e n u n u a
v y a o n g e a
t u f a e
m a p u m b a v u
i k a a n d a e
a n a a n d i k i s h a
z i l i a n d i k a
t u n g a l i b a k i
u k a k w e p e
m k a p e n d e
u b a d i l i
m i c h a f u
w a f a
t u n g a l i t a t a
t u k a f a
y a k a k a n e
n i l i a m b a
w a l i l i p a
w a n u k e
m l i k u j a
u l i a m b a
w a n g e a n d i k i s h a
u m e b a k i
v i n a o n a
u k i a n d i k i z a
i k i n u k a
i l i s a f i r i
y a n g e b a d i l i
p a f u p i
w a j i b u
i k a o n e
z i l i p e
v i n a s a f i r i
n i m e k u f a
n j i n g a
z i t a n u n u a
u t a f a a
a l i l i p a
m a n d a e
c h e n y e w e
t u n g e n u k a
i p e n d e
t u t a k u j a
v i n g a l i k u f a
z i n g a l i k a n a
l i m e a n d i k i s h a
p a z i t o
u m e o n a
k i m e a n d a a
m m e o t a
a t a b a d i l i
i j i b u
z i m e o n g e a
u k a a n d a a
i l i o n a
t u k i o n a
k i n g a l i a n d i k a
z a o
v i n g e l i p a
u n g e k a n a
m k a a f i k i
i t a e u a
i l i a m b a
a n g e s a f i r i
i o t e
a l i e u a
u k a i m b a
n i t a b a d i l i
z i m e k w i m b a
a l i o n a
k w e p e
w a m e k u j a
z i n g e b a d i l i
k w e n y e w e
t u n a o n a
i t a l i p a
u m e b a k i
y a m e a n d i k i z a
w a t a a n d i k i s h a
u k i a n d a a
a k a t a t e
i n g e f a a
u m e o n g e a
u k i f a
z a f a
y a k a b a d i l i
u k a k a n e
w a c h a c h e
v i m e a n d i k i s h a
z i n g a l i a m b a
k i n a e u a
c h a f u
u k a n u n u a
k i m e s o m a
u p e n d e
k i n g a l i o n a
z e e
v i n g e s o m a
l i k a k a n a
z i n g e n u k a
v i n a s o m a
v i m e a n d i k a
u k i o t a
m a c h a f u
i n a a n d i k i z a
z a n u n u a
v i n g a l i k u j a
k w e u p e
m k i e u a
w a t a k u f a
u s o m e
i l i n u n u a
t u k a b a d i l i
k i k a a n d i k i z e
n i t a o t a
y a n g e s a f i r i
i t a n u k a
u n a a n d i k i s h a
l i n g e a m b a
h e s h i m i w a
k i n g e k w e p a
l i a f i k i
y a m e k u f a
t u n u n u e
u k a a n d i k i s h e
t u n g e k w i m b a
n i m e s a f i r i
u m e o n g e a
w a n g a l i l i p a
y a b a k i
n i k i f a a
v i l i p e n d a
w a m e a n d i k i z a
l i k i j a
z a a n d i k i z a
k u h e s h i m i w a
i t a t a t a
i n g a l i a n d i k a
v y e u p e
c h a p e n d a
u k i o n a
i k i j i b u
u k a k a n e
v i k i p e n d a
z i n g a l i l i p a
w a f a a
u a m b e
u k a a n d a e
w a o t e
u k a a n d i k i s h e
k i t a b a d i l i
n i m e a n d i k a
n y i n g i n e
i n a l a l a
v i k i j a
h u n u k a
y a k a n u k a
z i n a k w e p a
u k a n u k e
k i n g e o n a
u k i o n a
z i n u k e
n i n a a m b a
l i k a a n d a e
m n g a l i n u k a
u a n d i k e
t u t a o n g e a
w a k a l i p a
m n a k w e p a
a n a s a f i r i
a l i p e n d a
t u l i s o m a
w a b a d i l i
a k a e u a
a n g e p e n d a
k u m o j a w a p o
z i k a b a d i l i
i k a f a e
y a j i b u
u l i l a l a
u m e o n g e a
w a t a s o m a
t u n g e f a a
t u l i k a n a
u k i a n d i k i s h a
i n g a l i a f i k i
l i k i n u k a
w a o n e
k u z i t o
l i l i l a l a
m k a a n d a a
i n a k w e p a
w a l i o n g e a
u n g e a m b a
u n g e l i p a
i n g e o t a
u k i i m b a
a t a a n d i k a
u n a e u a
u n g e s a f i r i
k i n g e k a n a
u k a n e
n i k a f a a
i k a k w e p e
w a n u k a
z i t a a n d i k a
z i e u e
v i l i b a d i l i
v i l i t a t a
n y i n g i n e
v i n g a l i f a a
k i k a a m b e
u n g a l i o t a
z i a n d i k i s h e
u l i t a t a
t u k i j i b u
w a n u k a
k i l i e u a
k u a n d i k a
t u n g e j i b u
