u m e s a f i r i
w a b a d i l i
a n g e a n d a a
w a n a a n d i k i s h a
v i b a k i
n a p e n d a
a n g e k w i m b a
c h a f u
u k a k a n e
z i a n d i k i s h e
y a b a k i
m t a s a f i r i
z i k i k a n a
a k i t a t a
v i n g a l i k u j a
t u k a a n d i k i z a
i n g e o t a
t u m e b a d i l i
m w a j i b u
a n g a l i l i p a
n a s a f i r i
w a k a a n d i k i s h e
z i k i s a f i r i
z i t a a n d i k a
k i k a b a k i
y a a n d i k i z a
k u b a k i
m n a p e n d a
h u a m b a
i n g e j i b u
n i n a k a n a
m i z e e
k u a n d i k a
t u n g e f a a
m n g e n u n u a
u k a b a k i
i k a k w e p a
y a k a i m b a
u n a a n d a a
z i n g e a n d i k i s h a
p a j i n g a
u n g e l i p a
u n g e s a f i r i
v i k i p e n d a
v i m e j i b u
v y a k a n a
m k a a n d i k a
w a n a a f i k i
u k a k a n e
w a l a l a
a f a
t w a o t a
z i n a p e n d a
z i l i a f i k i
w a t a s o m a
u k a n u k a
y a n g e s a f i r i
k i m e k a n a
l i n g e b a d i l i
i m e k u f a
y a k a b a k i
w a k a n a
y a n g a l i b a k i
a n g e p e n d a
k i m e a n d i k a
m u b o v u
w a n g e n u n u a
h e s h i m i w a
m l i e u a
k i m e n u n u a
u k a o n e
u n g a l i o n g e a
v i k i a n d i k i z a
t u n g e j i b u
u n a a n d i k a
n a s o m a
w a k a j a
c h a t a t a
h u l i p a
h u k o
t u k a a n d i k e
u k a b a k i
a t a b a d i l i
k w e u p e
w a k w e p a
u n a k w i m b a
y a f a a
y a k i a n d i k a
y a o
m w e p e s i
w a m e t a t a
z i k a f a e
k i n g e k a n a
i t a t a t a
u n g e o n g e a
l a l i p a
m i b a y a
z i k a f a
m k a a n d i k i z a
v i l i t a t a
m n g e j i b u
l a i m b a
l i k a t a t e
n i k a s a f i r i
t u n g e o n a
u n g a l i p e n d a
z i k a t a t a
u k a o n g e a
t u n g e l i p a
y a n g a l i k w e p a
z i m e n u k a
t u n g a l i o t a
u n g e k w i m b a
w a p u m b a v u
i t a e u a
m n g a l i a m b a
m u c h a c h e
p a z i t o
y a n g e k w i m b a
a m e a m b a
k i n g e o n a
u t a k w e p a
y a t a n u n u a
u k a o t a
t u n g e a n d i k i z a
k i t a b a d i l i
m a n g a p i
u m e a n d a a
w a k i a m b a
y a l i k u f a
n i n a a m b a
a a m b e
l i n g a l i s a f i r i
u n a k w i m b a
w a f a a
z i n g e a n d a a
w a n g e k a n a
m n g a l i l a l a
l i n a e u a
c h a f u
l i k a a n d i k a
z i l a l e
k u n u n u a
v i n a t a t a
y a n g a l i k w i m b a
u n g a l i o t a
z a o n a
a n a a n d i k i s h a
m b a d i l i
t u k a f e
y a n a o n a
t u k a p e n d e
a k a k a n e
z i l i j i b u
z i e u e
t u l i k a n a
w a m e s a f i r i
w a o t e
k w e m a
l a a n d i k i s h a
z i m e o n g e a
i n g a l i f a a
w a a n d a a
w a k a k a n e
w a k a e u e
u t a f a a
w a l i t a t a
u k a n u k a
u k i a n d i k a
i k a p e n d a
a k a e u a
i n g e p e n d a
i k i s o m a
z a n u k a
m w a o
m j i n g a
v y a a n d i k a
a l i a n d i k i z a
y a s a f i r i
w a m e a n d i k i z a
a k a a f i k i
n i n a b a d i l i
z i k i j i b u
l i k i a f i k i
n i m e a n d i k a
l i k a i m b e
k i p e n d e
i k a f a a
u n g e o n g e a
u t a k a n a
i m e a n d i k i z a
m w e n y e w e
h u t a t a
y a k i j i b u
k i n a a n d a a
n i k i f a a
t u t a p e n d a
z i n g e n u k a
k i k a t a t e
a t a k w i m b a
i t a p e n d a
t u n g e n u k a
p e n g i n e
w a a n d i k e
t u l i o n g e a
i k i k a n a
n i n g a l i a n d i k a
i k i t a t a
i k a a n d a e
y a n a k a n a
u k a a f i k i
l i m e k u f a
t u n g a l i b a k i
i k i n u k a
u m e a m b a
z a s a f i r i
z a l i p a
y a f a
u n g a l i o n g e a
k i k a n u k e
m k a s a f i r i
w a v i v u
t u k a f a
p a z u r i
v i j e u r i
w a s a f i r i
z i n g e a m b a
m k a p e n d e
i k i j a
y a l i s a f i r i
y a n g a l i n u n u a
t u n a n u n u a
v i m e a n d i k a
k i k a a n d i k i z e
u j e
m n g a l i p e n d a
u n g e k a n a
z i t a t a t a
u n a k u j a
z i t a n u n u a
m n g a l i f a a
t u n g a l i j i b u
y a m e a n d i k i z a
l i k a a n d a e
z i l i b a k i
m h e s h i m i w a
m n g e b a k i
z i n g e p e n d a
i n g e f a a
w a t a j i b u
