w a t a a n d i k i s h a
l i k a s o m a
l i t a n u n u a
z i l i o n a
w a k a n a
w a l i k u f a
i t a o n a
u t a o t a
u n g e t a t a
u t a o t a
z i l i b a k i
u n g e t a t a
u n g e t a t a
i k a a m b a
w a n a a n d i k i s h a
l a k w e p a
z i t a a n d i k a
u n g a l i o t a
i k a a m b a
n i k i t a t a
z i t a a n d i k a
i t a n u k a
n i n g a l i a n d i k a
k i n a a n d i k a
y a n a k a n a
l i t a a m b a
l i n g a l i s a f i r i
w a m e t a t a
w a n g e k a n a
w a l i a f i k i
z i n g e b a d i l i
u k a b a k i
m k a a n d i k a
y a n g a l i a n d i k i s h a
a n g a l i k w e p a
u n g e l i p a
v i k a a n d a a
l i n a e u a
n i n a k a n a
l i k a a n d a e
v i l i p e n d a
a n g a l i o n a
a n g e a n d a a
u l i e u a
z i k i a n d a a
u k a b a k i
u k i a n d i k a
a t a s a f i r i
w a k a i m b a
y a k a n u k a
z i k a b a k i
m k a a n d a a
w a t a b a k i
u n g a l i b a k i
i m e t a t a
a n a p e n d a
k i n a a n d a a
l i k i n u k a
v i k a b a k i
l i n g e k w e p a
u n a a n d i k i s h a
k i k a b a k i
z i t a a n d i k i z a
z i n g a l i k a n a
i n g e a n d i k i s h a
a k a e u a
l a i m b a
i k i j a
t u k a a n d i k i s h a
y a n g a l i f a a
y a n g a l i b a k i
i k i p e n d a
i n g e a n d a a
y a l i k u f a
k i k a j a
i l i k w i m b a
a k a s a f i r i
i t a p e n d a
w a f a a
n i k a f a a
u n a a n d i k i z a
i k a f a e
u n a a n d i k i z a
z i n a a n d a a
u n g e k a n a
u n g e k a n a
z i n a o t a
w a n g e a n d i k i s h a
w a k a s o m a
n i n a a n d i k a
y a m e l i p a
z i n g a l i o t a
v i k i a n d i k i z a
u k i a n d i k i s h a
a k a a f i k i
u k i a n d i k i s h a
i k a s o m a
t u k i t a t a
k i n a f a a
u k i a n d i k i s h a
n i n g a l i a n d i k i z a
n i k i a n d i k i z a
w a o t a
w a n g a l i s a f i r i
u t a a n d i k i z a
a k a t a t e
v i t a a n d i k i s h a
v i l i a m b a
z i k a b a k i
t u k a a n d i k i z a
y a k i o t a
u k a n u k a
l i k i a f i k i
i b a k i
u k a n u k a
u n g a l i p e n d a
l i m e a n d i k i s h a
u k i a n d i k i z a
y a l i s a f i r i
a l i l i p a
u k a o n g e a
m n g a l i f a a
w a n g a l i o n g e a
n i t a a n d a a
i n a k w e p a
i k a a n d a e
w a n g a l i o n a
i k i o n a
m k a a n d i k i z a
v i n g e l i p a
v i n g a l i f a a
y a n a o n a
i k a j i b u
m n a a n d i k i s h a
k u l i p a
n i n g a l i o t a
a t a k w i m b a
w a f a a
i k a k w e p a
n i n g e l i p a
n i k a o n a
u k a l i p e
z i t a o n a
a t a e u a
y a m e t a t a
t u l i o n g e a
l i k a f e
z i k i k a n a
t u n g a l i o t a
y a k a n u n u a
u n g e a n d i k i s h a
z i l i a f i k i
u n g a l i a m b a
u n a n u k a
u k i o t a
u n g e a n d i k i s h a
t u k a f a
u n g a l i k w e p a
u k a s a f i r i
v i n a k a n a
z i t a o n g e a
a n a s a f i r i
y a n g a l i n u k a
u n g a l i o n g e a
i n g e o t a
w a f a
l i m e f a a
u n g a l i o n g e a
u t a n u k a
k i k i o t a
w a n g e o t a
l i n g e a m b a
z i n g e a n d i k i s h a
k i n g e a n d i k a
w a n g a l i n u n u a
i n g e f a a
w a k i a m b a
n i t a o t a
z i k a s a f i r i
i k i a m b a
w a f a
i k a e u a
t u n a a n d i k a
w a k i s a f i r i
y a n g a l i k w e p a
i k i n u k a
k i n g e k a n a
z a k a n a
m n g a l i p e n d a
u k a a m b a
a n g a l i k u j a
y a k a i m b a
v i l i a f i k i
w a j a
z i t a n u n u a
z i n a f a
z i n g e k a n a
m l i a m b a
z i n g a l i a m b a
y a n g a l i o n a
w a k a f a e
u t a p e n d a
z i k a n u n u a
w a k a a f i k i
v i k a o n g e a
w a m e a n d i k i z a
v i l i s a f i r i
a n a s o m a
h i c h o
n i k a o n g e a
u t a k w e p a
z i n g a l i k w e p a
m w a a n d i k i z a
u k a n u n u a
v i n g a l i k w e p a
t u n g a l i b a k i
l i n g a l i s o m a
y a t a n u n u a
v i k a s a f i r i
z i n g a l i a f i k i
m n a f a a
a n g e p e n d a
i m e a n d i k i z a
w a o n a
k i n g a l i a f i k i
t u n g e l i p a
t u m e b a d i l i
i m e a n d a a
n a b a k i
z i n g a l i n u k a
y a k i o n a
m n g a l i n u k a
i n g a l i j i b u
w a k a j i b u
w a n u k a
z i n a o n a
w a n g a l i j i b u
w a n g e p e n d a
z i n g a l i n u k a
u k a s o m a
u k a n u n u a
j i n g a
n i k a s a f i r i
k i k a t a t e
u k i p e n d a
i k i a f i k i
u k a a n d a e
y a n g a l i n u n u a
u n a s a f i r i
w a n u k a
z i k a k w e p a
v i m e l i p a
n i k a s a f i r i
v y a a n d i k a
m l i k w e p a
a t a j i b u
i n g a l i k u j a
k i n g a l i o n a
i n g e p e n d a
k i n g a l i n u k a
z a j a
u k a i m b a
u k a a n d a e
k i t a p e n d a
m k i o t a
w a t a k u f a
u p e n d e
n i n a o n g e a
i k i j i b u
z i k a a m b a
w a s a f i r i
t u n g e a n d i k i z a
m k a s a f i r i
y a n g a l i k u j a
v i k i f a a
z i l i s o m a
z i n a j a
h u l i p a
w a t a s o m a
i n g e p e n d a
y a n g a l i k w i m b a
u k a t a t e
a k i k w e p a
m m e l i p a
i t a k w i m b a
w a n u k a
y a m e k a n a
i t a e u a
v y a a n d i k i s h a
c h a t a t a
z i t a a m b a
z i l i j i b u
l i m e o n g e a
k i m e a n d i k a
z i k a i m b a
v i k i p e n d a
y a f a a
z i n a p e n d a
u k a a f i k i
w a k a k a n e
m l i e u a
y a m e a n d i k i z a
v i n a o n a
z a s a f i r i
m n g a l i a m b a
t u k i k a n a
n i t a n u k a
z a a n d i k i z a
z a a n d i k i z a
z i k a a n d a e
z a o n a
z i n g e a n d a a
i k a o t e
z i n g e a n d a a
t u n g a l i k w e p a
m n a n u k a
y a f a a
w a b a k i
z a f a
y a a n d i k i z a
n i k i f a a
t u n a f a
t u t a o n g e a
t u t a p e n d a
t u n g a l i o n a
i k a k a n e
v i t a n u n u a
k i m e k a n a
m t a n u n u a
y a n g e p e n d a
i k a k a n e
u m e a n d a a
t w a o t a
v y a k a n a
a k a a n d i k i s h e
a k a k a n e
w a k a a n d i k i s h e
v i k a a n d i k e
v i n a n u k a
u m e a n d a a
u k i o n a
u m e a n d i k i z a
w a n a a f i k i
z a n u k a
i j i b u
u n g a l i j i b u
v i n g a l i k u f a
i k i s o m a
y a n u k a
k i n a s a f i r i
u k i o n a
m i n g i n e
n i k a i m b a
n a p e n d a
m t a s a f i r i
h u t a t a
y a f a
i t a k u f a
m n a p e n d a
t u n g a l i n u n u a
z i k i s a f i r i
i n a j i b u
v i m e a n d i k i s h a
u n g e p e n d a
y a t a k u f a
n a s a f i r i
z a o n g e a
a l i o n a
u k i f a
z i m e k a n a
z i k a f a e
k u a n d i k a
n i n g a l i e u a
u n g a l i s o m a
y a n g e k w e p a
u k i s a f i r i
u k i s a f i r i
t u k a l i p e
l i n g e k u j a
y a n u k a
n i m e a n d i k a
k i k a a f i k i
l i n g e j i b u
a n g e k w i m b a
k i j i n g a
t u n a o n a
m n a b a k i
l i m e n u k a
z i k a a f i k i
n i k a s o m a
z i k i n u n u a
u t a k w i m b a
z i l i p e
i k a o n e
u n a s o m a
z i n a k w e p a
u n a k w i m b a
i n g e k w i m b a
u k i o n g e a
z i l i p e
u n a k w i m b a
k i k i j a
z i n g a l i k u f a
u n g e o n g e a
v i n a s a f i r i
z i n g e p e n d a
z i t a k u f a
y a j a
u t a a f i k i
u n g e o n g e a
l i m e n u n u a
v i k i s a f i r i
t u k a k w e p a
u n g e o n a
i n g e a m b a
v i n g a l i s o m a
v i k i o n g e a
m w a p e n d a
a n g e s a f i r i
m k a a m b a
v i n g a l i k u j a
v i m e a n d i k a
w a n g e n u n u a
z i n g a l i j i b u
w a t a j i b u
v i n a n u n u a
z i n g e k w e p a
k i m e a n d a a
y a s a f i r i
t u m e a n d i k a
k i n g e k w e p a
k u n u n u a
k u a n d i k i s h a
u k a a n d i k i s h e
y a j a
u n a e u a
u k a a n d i k i s h e
k i k a e u a
z i n g e o n g e a
v i k i j a
k i n a s o m a
n i k a j i b u
y a b a k i
w a j i b u
u k a a n d i k i z e
w a a n d i k e
t u k a a n d i k e
z a n u n u a
y a b a k i
a k a j e
m n g a l i k u j a
n i n a a m b a
m k a a f i k i
y a n g e k w i m b a
w a k w e p a
k i k a a n d i k i z e
t u l i s o m a
i k a n u k e
y a n g e s a f i r i
u n g e k w i m b a
u t a k u f a
k i n g e o n a
k i n a e u a
k i l i e u a
u n a j i b u
y a k i j i b u
z i k a o t e
a m e n u k a
t u n a n u n u a
a i m b a
i m e o n a
z i k i j i b u
u k a k a n e
w a s o m a
u k a k a n e
y a o n g e a
t u n g a l i j i b u
u n a k u j a
w a k a o n g e e
z i n g e n u k a
u t a k u f a
u k a k a n e
a n g e e u a
u n g e b a k i
u n g e s a f i r i
l i m e k u f a
l i k a i m b e
u n g e s a f i r i
w a k w e p a
u n g e a m b a
y a k a k a n e
t u n g e f a a
n i n a k w i m b a
v i t a a f i k i
w a m e n u k a
n i t a s o m a
w a m e s a f i r i
m k i a f i k i
z i k i k w e p a
m n a k w e p a
v i b a k i
m l i k u j a
z i k a k a n e
k i t a j i b u
z i m e o n g e a
u m e o t a
y a m e o n g e a
k i t a e u a
t u k i o n a
m k a a n d i k i s h e
n a s o m a
v i n a s o m a
u t a k u j a
n i k i j i b u
n i n a e u a
u k a o n e
z i k i i m b a
n i n g e o n a
u k i s o m a
a m e a m b a
y a n u n u a
u k a o n e
m a b a y a
z a a m b a
z i n g e a m b a
k i k a o n e
a m e k w i m b a
k i t a k u j a
p a j i n g a
m n g e n u n u a
u k i k w e p a
u m e o n g e a
v i n g e s a f i r i
t w a n u n u a
u m e o n g e a
u m e o n g e a
z i m e k w e p a
y a a m b a
n i n a k u j a
v y a o n g e a
u k i i m b a
t u n g e n u k a
y a k a f e
i n g e j i b u
y a a f i k i
k i m e n u n u a
z i n g e k u f a
t u n g e o n a
y a m e n u n u a
z i k a p e n d e
u m e s a f i r i
w a k a i m b e
k i k a p e n d e
u k a n u k e
t u n g e k w i m b a
m n g e b a k i
n i n g e a f i k i
y a j i b u
v i b a y a
m j i n g a
m w a j i b u
t u k i j i b u
t u t a k u j a
l i m e s o m a
v i a n d a e
z i m e o n a
t u n a i m b a
z i k a j e
y a k w e p a
i k a s o m e
z i m e n u k a
k i k a n u k e
z i t a t e
m m e o t a
c h a p e n d a
u m e o n a
v i k a o n g e e
y a s o m a
u n g e k u j a
n j i n g a
v y a n u n u a
a m e k u f a
z i m e k w i m b a
z i a n d i k i s h e
k i n g e s o m a
z i a n d i k i s h e
v i m e o n g e a
n i m e s a f i r i
u m e b a k i
u n g e e u a
m k i e u a
u m e b a k i
t u k i s o m a
k i n g e j i b u
m a n d a e
u m e b a k i
k u b a k i
u k a j e
u k a n u n u e
i p e n d e
i k a k w e p e
y a m e k u f a
u k a n u n u e
w a k a e u e
w a m e k u j a
h e s h i m i w a
u k a a m b e
t u k i e u a
n i n g e e u a
z i n g e k u j a
i m e k u f a
f u p i
m k a p e n d e
c h a o n g e a
a m e k u j a
m k i i m b a
y a e u a
t u k a p e n d e
z i n g e j i b u
t u m e s a f i r i
u m e a m b a
v i n g e s o m a
m i b a y a
m n g e s o m a
m a n d i k i z e
i k a e u e
i m e s o m a
z a e u a
a l i p e n d a
c h a k w e p a
t u k a f e
k i k a a m b e
v i k a s o m e
k u l e
m n g e j i b u
w a n u k e
u k a s o m e
m m e n u n u a
h u n u k a
u k a k w e p e
u k a k w e p e
u k a i m b e
w a o t e
h u n u k a
k u h e s h i m i w a
k i m e s o m a
a l i o n g e a
m h e s h i m i w a
z i m e s o m a
h e s h i m i w a
n i m e k u f a
t u n g e j i b u
w a v i v u
k u g o n j w a
h e s h i m i w a
i o t e
w a o n e
m a n g a p i
t u k a j e
h u a m b a
y a n u k e
k u g o n j w a
t u f a e
a l i e u a
h u a m b a
w a p u m b a v u
v i p e n d e
v i m e j i b u
u m e s o m a
k w e m a
w a n u n u e
t u k a n e
m i g o n j w a
z i p e n d e
h u j a
u m e e u a
m a b i v u
v i j e u r i
z i o t e
h u j a
w a k w e p e
v i m e k u j a
t u p e n d e
z i n u k e
y a o
h u f a
k w e u p e
m a p u m b a v u
t u n u n u e
v i o n g e e
m p u m b a v u
m w e m a
n z u r i
k w i n g i n e
p a f u p i
t u o t e
p a z i t o
y a k w e p e
v i a m b e
p a z u r i
p a z i t o
z i j e
m a c h a f u
n j e m a
k u z i t o
t u o n g e e
p a v i v u
h u e u a
t w i m b e
c h a f u
m j e u r i
p a c h a f u
m i c h a f u
k u v i v u
p a c h a f u
p a t u p u
p a b o v u
t u o n e
c h a f u
k u c h a f u
m e n g i n e
z e e
m u c h a f u
n y i n g i n e
m s o m e
n y i n g i n e
k w e p e
w a c h a c h e
n z e e
m w e p e s i
k u b o v u
p e n g i n e
m b o v u
z i e u e
z i e u e
k u b o v u
p e u p e
m w a o
m e p e s i
z a o
m i c h a c h e
m i z e e
k w e n y e w e
m u c h a c h e
m u b o v u
y a o
m w e n y e w e
h u k o
p e n y e w e
h u o
