u m e s a f i r i
a n g e a n d a a
w a n a a n d i k i s h a
v i b a k i
n a p e n d a
a b a k i
a n g e k w i m b a
m t a s a f i r i
z i k i k a n a
a k i t a t a
t u k a a n d i k i z a
t u m e b a d i l i
m w a j i b u
a n g a l i l i p a
n a s a f i r i
z i k i s a f i r i
z i t a a n d i k a
k i k a b a k i
y a a n d i k i z a
u n u n u e
k u b a k i
m n a p e n d a
h u a m b a
i n g e j i b u
u l i s a f i r i
n i n a k a n a
m i z e e
m n g e n u n u a
u k a b a k i
i k a k w e p a
y a k a i m b a
z i n g e a n d i k i s h a
v i m e j i b u
v y a k a n a
m k a a n d i k a
w a n a a f i k i
m m o j a w a p o
w a l a l a
a f a
t w a o t a
z i n a p e n d a
z i l i a f i k i
u k a n u k a
k i m e k a n a
l i n g e b a d i l i
i m e k u f a
y a k a b a k i
w a k a n a
y a n g a l i b a k i
k i m e a n d i k a
m u b o v u
w a n g e n u n u a
h e s h i m i w a
m l i e u a
k i m e n u n u a
u k a o n e
u n g a l i o n g e a
v i k i a n d i k i z a
u n a a n d i k a
n a s o m a
w a k a j a
c h a t a t a
h u l i p a
h u k o
u k a b a k i
w a k w e p a
u n a k w i m b a
y a f a a
y a k i a n d i k a
y a o
m w e p e s i
w a m e t a t a
z i k a f a e
u n g e o n g e a
l a l i p a
m i b a y a
z i k a f a
m k a a n d i k i z a
m n g e j i b u
l a i m b a
l i k a t a t e
n i k a s a f i r i
t u n g e o n a
u n g a l i p e n d a
z i k a t a t a
u k a o n g e a
t u n g e l i p a
y a n g a l i k w e p a
z i m e n u k a
t u n g a l i o t a
u n g e k w i m b a
w a p u m b a v u
m n g a l i a m b a
m u c h a c h e
p a z i t o
y a n g e k w i m b a
a m e a m b a
u t a k w e p a
y a t a n u n u a
u k a o t a
t u n g e a n d i k i z a
m a n g a p i
u m e a n d a a
w a k i a m b a
y a l i k u f a
a a m b e
l i n g a l i s a f i r i
u n a k w i m b a
w a f a a
z i n g e a n d a a
w a n g e k a n a
m n g a l i l a l a
l i n a e u a
c h a f u
l i k a a n d i k a
z i l a l e
k u n u n u a
v i n a t a t a
y a n g a l i k w i m b a
z a o n a
m b a d i l i
t u k a f e
y a n a o n a
t u k a p e n d e
a k a k a n e
z i l i j i b u
z i e u e
w a m e s a f i r i
k w e m a
l a a n d i k i s h a
i n g a l i f a a
w a a n d a a
w a k a k a n e
w a k a e u e
w a l i t a t a
u k a n u k a
u k i a n d i k a
i k a p e n d a
i n g e p e n d a
i k i s o m a
z a n u k a
m j i n g a
v y a a n d i k a
a l i a n d i k i z a
y a s a f i r i
a k a a f i k i
n i n a b a d i l i
z i k i j i b u
l i k i a f i k i
l i k a i m b e
k i p e n d e
i k a f a a
u n g e o n g e a
u t a k a n a
i m e a n d i k i z a
h u t a t a
y a k i j i b u
k i n a a n d a a
t u t a p e n d a
k i k a t a t e
a t a k w i m b a
i t a p e n d a
p e n g i n e
w a a n d i k e
t u l i o n g e a
i k i k a n a
i k i t a t a
y a n a k a n a
u k a a f i k i
l i m e k u f a
u m e a m b a
z a s a f i r i
z a l i p a
y a f a
u n g a l i o n g e a
k i k a n u k e
m k a s a f i r i
w a v i v u
p a z u r i
v i j e u r i
w a s a f i r i
z i n g e a m b a
k i l i f a a
i k i j a
y a l i s a f i r i
y a n g a l i n u n u a
t u n a n u n u a
u j e
m n g a l i p e n d a
z i t a t a t a
u n a k u j a
u l i l i p a
m n g a l i f a a
t u n g a l i j i b u
z i l i b a k i
m h e s h i m i w a
m n g e b a k i
z i n g e p e n d a
w a t a j i b u
z i k a a n d i k a
u m e a n d a a
z i t a a n d i k i z a
t u k a l i p e
a t a j i b u
l i n g a l i b a d i l i
u n a s o m a
v i l i s a f i r i
z i l i l a l a
i n g a l i k u j a
t u k i t a t a
u k a n u n u e
w a k a i m b e
w a k a l a l a
k i n g a l i a f i k i
y a j a
w a n g a l i s a f i r i
k i k a b a d i l i
v i k i o n g e a
n a l a l a
m a b a y a
i n g e a n d a a
u k a a n d i k i z e
k i n g e a n d i k a
z i l i s o m a
z i n a l a l a
k i k a p e n d e
v i a m b e
m n g e s o m a
k u b o v u
w a n g a l i o n g e a
u k a l a l e
a t a s a f i r i
l i k a o n g e a
l i n a k w e p a
z i n g a l i n u k a
t u k i s o m a
z a j a
l i m e n u n u a
v i t a a n d i k i s h a
t u n g a l i n u n u a
z i k a b a k i
z i l i o n a
u m e s o m a
v i k i f a a
z i n g e l a l a
v i p e n d e
i n g e p e n d a
u n g e a n d i k i s h a
a m e l i p a
i m e s o m a
y a t a a n d a a
i k i o n a
z i k a i m b a
u t a a f i k i
z i t a o n g e a
w a t a a n d i k a
n i k i t a t a
z i k a k w e p a
u n g e b a k i
u k i s a f i r i
z i k a a f i k i
m a n d i k i z e
n i k i j i b u
z i t o
l i k a f e
p e u p e
y a f a a
u l a l e
z i p e n d e
i k a f a
w a t a b a k i
l i m e s o m a
i k a b a k i
u n g e t a t a
a n g e b a d i l i
n i l i k w i m b a
n i t a n u k a
h i c h o
u t a k u j a
m p u m b a v u
z i t a o n a
u k a k a n e
z i t a k u f a
u k a l i p e
i t a k w i m b a
u l i o t a
u n g a l i a n d i k i z a
c h a o n g e a
u n g a l i b a d i l i
u n g a l i l a l a
z i l i k a n a
y a k i o n a
y a e u a
w a l i a m b a
n i n a e u a
u l i f a a
z i k i l a l a
a t a e u a
a k a a n d a a
i t a a n d a a
v i m e k u j a
l i n g e j i b u
u k a o n a
a s o m e
w a n a l a l a
w a l a l e
u l i k a n a
z i k a j e
v i k i s a f i r i
l i n g e k u j a
m n a f a a
m n g a l i s a f i r i
z i t a t e
z i n a j a
u k i o n g e a
y a t a k u f a
z i k a a m b a
z i n g e k u f a
p a c h a f u
z i j e
k u s o m a
k i t a j i b u
y a m e t a t a
t u p e n d e
z i l i p e
a k a s a f i r i
n i l i l a l a
y a m e o n g e a
v i g o n j w a
w a k i a n d i k a
u k i l i p a
i k a o t e
n i n g a l i a n d i k i z a
z i k a o t e
w a l i p e n d a
w a l i a f i k i
k i k w e p e
k u b o v u
z i l i a n d i k i s h a
k i k a j a
k i k i o t a
z i n g e k u j a
k u v i v u
w a t a t a
u k a n u n u a
z i n g a l i b a d i l i
y a l i a n d a a
w a a n d a a
k u a n d i k i s h a
n i n g e a f i k i
z i a n d i k i s h e
a i m b a
a k a b a k i
u o n e
u k a s o m e
y a b a d i l i
u m e e u a
i k a j i b u
m e n g i n e
i n g e a m b a
a k i k w e p a
i n g e b a d i l i
y a n g a l i k u j a
k i n a f a a
l i k a s o m a
w a n g e o t a
m t a n u n u a
u n a j i b u
l i t a n u n u a
u k a j e
u n g a l i k w e p a
y a k a b a d i l i
t u k i e u a
y a k w e p e
m l i k w e p a
u l i a n d i k i z a
i k a b a k i
l i l i o n a
v i l i a f i k i
l i k a p e n d a
z i l i p e n d a
f u p i
u k a t a t e
u n g e p e n d a
m w a a n d i k i z a
p a b o v u
u t a n u k a
u n g a l i s a f i r i
t u k a n e
t u o t e
n z u r i
a n a s o m a
u k a a n d a e
z i m e k w e p a
u l i e u a
m s o m e
u n g a l i a m b a
k i t a e u a
u n g e t a t a
u n a s a f i r i
z i k i n u n u a
w a k i s a f i r i
u k i s a f i r i
u n a a n d i k i z a
i n g e a n d i k i s h a
z a a m b a
n i n a o n g e a
i t a a n d i k a
z a a n d i k i z a
u n a a n d i k i z a
a k i k a n a
a l i o n g e a
v y a a n d i k i s h a
m l i a n d i k a
m n a b a k i
l i m e f a a
m b o v u
w a k a s o m a
k i n g e j i b u
u n g e e u a
z i n g e l a l a
i m e t a t a
i k i a m b a
a m e k u j a
w a k w e p a
p a v i v u
i k a k a n e
w a k a j i b u
u t a k u f a
i k a a m b a
u l i b a k i
i s o m e
n i o t e
z i l i t a t a
u k a s a f i r i
z i k a b a k i
k i n a a n d i k a
m n a a n d i k i s h a
t u k i k a n a
u l i a n d a a
n i t a l a l a
z i n g a l i k w e p a
y a l a l e
i k a n u k e
m k i a f i k i
u a f i k i
m k i o t a
m k a a n d i k i s h e
w a l i p a
z i n g a l i n u k a
c h a k w e p a
v i l a l e
m m e l i p a
i k a s o m e
u n u n u e
l i e u e
l i k a o t a
z i k a b a d i l i
w a l i a n d a a
z i t a a m b a
v i t a n u n u a
m e p e s i
i k i s a f i r i
u n a o t a
z i m e o n a
w a n g e b a d i l i
v i m e l i p a
p a c h a f u
n i t a s o m a
v i m e o n g e a
i n g e l i p a
l i a m b e
u n g e o n a
v i k a a n d i k e
l i l i k w e p a
n i l i o n a
a k a a n d i k i s h e
t u k a k w e p a
m w a p e n d a
j i n g a
u m e a n d i k i z a
u t a a n d i k i z a
w a s o m a
z i m e s o m a
v i b a y a
m k a l a l a
n i k a s o m a
u t a k u f a
v i n a n u k a
a n g e e u a
w a n u n u e
k i n g a l i n u k a
n i t a a n d a a
t u k a a n d i k i s h a
k u l i p a
z i n g a l i j i b u
i p e n d e
w a k a f a e
y a n g a l i n u k a
n j e m a
y a k a o n a
v i o n g e e
u k a o n e
v i k a o n g e e
y a n g a l i a n d i k i s h a
n i n g e l i p a
h u f a
w a n g a l i j i b u
z i n a f a
u k w e p e
z i n g a l i k u f a
t u b a d i l i
n i n g a l i e u a
v i l i a m b a
t u o n g e e
y a s o m a
w a k a a f i k i
w a n g a l i n u n u a
h u j a
u t a o t a
u t a p e n d a
v y a n u n u a
k i k a o n e
i n a j i b u
t u m e a n d i k a
z i k a l a l a
u n g e k a n a
z i n a o t a
y a a m b a
y a n u k a
m n g a l i k u j a
z i k a n u n u a
p e n y e w e
n i n g e e u a
y a n g e p e n d a
u k i p e n d a
w a l i n u n u a
u l i n u n u a
v i n g e s a f i r i
u p e n d e
i l i t a t a
w a k a n u k a
n i n g e o n a
u f e
z i n g a l i o t a
w a n g e p e n d a
u t a k w i m b a
v i n g a l i s o m a
y a m e k a n a
w a n a b a d i l i
v i b a d i l i
t u n a f a
t u m e s a f i r i
k u c h a f u
u n g e s a f i r i
u i m b e
y a o n g e a
z i n g e o n g e a
z i n g e a n d a a
w a b a d i l i
z i k i i m b a
z i l i f a a
m t a k a n a
w a l i k u f a
w a m e l i p a
w a k a i m b a
n i k a i m b a
m i c h a c h e
k i t a p e n d a
v i k a s a f i r i
w a t a t a
h e s h i m i w a
l i t a a m b a
v i k a l a l a
z i n g e j i b u
i m e a n d a a
k i n a s a f i r i
i a n d a e
u n g e a n d i k i s h a
z i k a a n d i k a
u k w e p e
y a k a n u n u a
n i k i a n d i k i z a
l i k a l i p e
n i n a a n d i k a
w a j a
v i n a n u n u a
n i a m b e
n i k a o n a
m m e n u n u a
y a n u n u a
u t a t e
a k a j e
w a k w e p e
l i k i l i p a
m a b i v u
z i k a k a n e
u k a f a a
v i t a l i p a
k u g o n j w a
u k i a n d i k i s h a
l a j i b u
u n g a l i b a k i
u t a t a t a
v i k a b a k i
u n a b a d i l i
z i o t e
u n g e k u j a
m k a a m b a
m n a n u k a
l i b a k i
a m e k w i m b a
i k a e u e
a m e k u f a
m i n g i n e
w a k i l i p a
w a b a k i
z i n g e k w e p a
l i k i a n d i k a
z i n g e k a n a
l i m e o n g e a
w a o t a
i k a s o m a
v i t a b a d i l i
u k a i m b e
n i b a k i
m k a o t a
u k a t a t a
u t a l i p a
u n g a l i s o m a
v i k a s o m e
k i j i n g a
z i b a d i l i
n z e e
j i n g i n e
k u g o n j w a
y a k a a n d i k a
m u c h a f u
n i n a k w i m b a
u l i b a d i l i
z i k i a n d a a
v i n a k a n a
i n g a l i j i b u
a m e n u k a
a n g a l i k w e p a
u l i a n d i k i s h a
u k i a n d i k i s h a
y a k i o t a
u k i s o m a
l i n g a l i f a a
i n a f a a
y a m e l i p a
u k a a m b e
m m o j a w a p o
a k a o n a
t u t a b a d i l i
y a b a k i
t w i m b e
k i n a s o m a
z i k a s a f i r i
u t a o t a
n i k a o n g e a
y a k w e p a
t w a n u n u a
i b a k i
v i k a o n g e a
z i m e k a n a
y a k a f e
a n g a l i k u j a
i n a l i p a
u k a n u n u e
l i n g e k w e p a
i l i k w i m b a
y a j a
w a k a o n g e e
i t a f a a
i t a o n a
w a m e n u k a
m l i a m b a
y a n g a l i f a a
z i t a k a n a
m i g o n j w a
i m e o n a
w a o n a
l a k w e p a
v i t a a f i k i
i k a k a n e
n i k a s a f i r i
t u k a j e
z a o n g e a
y a n g a l i o n a
m w e m a
u k a a m b a
u l i k a n a
k u l e
z i n a o n a
t u n g a l i k w e p a
n i k a j i b u
a n a p e n d a
a k i f a
k i m e l a l a
k i s a f i r i
h u n u k a
u l i a n d i k i s h a
n a b a k i
k i k a e u a
y a n u k a
l i n g a l i s o m a
v i n g a l i k w e p a
u m e b a k i
w a n u k a
k w i n g i n e
i l i o n g e a
i t a k u f a
u k i k w e p a
i k a a m b a
z i k a p e n d e
k i k i j a
m j e u r i
t u m e l a l a
y a n g e k w e p a
u t a l i p a
z a e u a
i k i a f i k i
m o j a w a p o
y a n u k e
z i l i l i p a
h u j a
y a o
z i k a a n d a e
h u o
t u n a i m b a
u n g e t a t a
k i l i j i b u
h u e u a
i k i a n d i k i z a
u k a k w e p e
u t a a n d i k a
t u n a a n d i k a
l i m e n u k a
z a k a n a
k i n g e s o m a
m k i i m b a
i k a e u a
y a a f i k i
u k a s o m a
t u k i b a d i l i
i n g e k w i m b a
l i f e
k i t a k u j a
