n i ł t e e h
d e i d i i ł t ł ʼ í í s h
n i h i c h ʼ o z h
y i t s ó í
n e i ł t s e e d
y i ł ʼ e e ł
y i ł t ʼ á á h
a d a s i i d ǫ ́ ǫ ́ z
h a d a j i ł k a a ł
d a d o o h d į ́ į ́ ł
d a n i h i d o h
o ł z h i s h
a d a j i t s ʼ ǫ ǫ d
d a n i h i t o ʼ
n d a d i i l t e e ł
y í t ł i z h
d e i i t s ó ó h
s i t s o o ʼ
d a y i i ł t s ó ó d
n d a a ł t s ʼ ǫ ǫ d
h a a ł ʼ e e ł
y i s h ʼ i s h
w o ł t s ʼ ǫ ł
d e i y i i ł t s ą ́
n á á n ó h k á á h
d a n i h i t s i i ʼ
i i s h t e e ł
n e e t ʼ į ́ į ́ ʼ
y i b i d
n d o o ł c h i ł
n i d a a ł c h i d
j o o l t a ł
n d a s o o ł t s ʼ ǫ ́ ǫ ́ d
d e i i l c h o z h
a h o o g ą ́ ą ́ ʼ
d a y i i g i s h
n i d a a ł c h i d
n i h i t o ʼ
n d í í ł c h i ł
n j i s t s ʼ ǫ ́ ǫ ́ d
d a a h c h ʼ i s h
n e i s t s ʼ ǫ ́ ǫ ́ d
i i t e e ł
n i h i b i d
d a n i h i k ą ʼ
h a d a a ł ʼ e e ł
b i l a h
n e i ł t ʼ i ʼ
y i y i i ł h a ł
y i d e e ł
h a c h o ʼ
y í n í z ǫ ́ ǫ ́ z
n d a z h d o o t į ́ į ́ ł
d e i i l t ʼ e e s
d a n i h i c h ʼ í í ʼ
y i i t s ó ó h
d a n i h i z ǫ ʼ
y i d í í ł h į ́ į ́ ʼ
y i y i d
n d o o ł t s ʼ ǫ ł
n i h i k ą ʼ
n i d a s h o o ł c h i d
d a n i h i c h ʼ o o n í
d a n i h i z h í
n i z h i ʼ
d a y i i b á á h
s h i d o h
h a i ł h a a ł
d e i i l k e e d
a j í í s a a l
n d a z h d o o d z į ́ į ́ s
h a i ł g é é s h
d e i i l z é é h
y i s h t ʼ o ł
n i h i t s i i ʼ
h a d a j i ł h a a ł
s h o o ł j į z h
s h i c h a a n
i i d o o ł t ʼ a h
h a d a z h d o o ł t ʼ e e ł
d e i s h í í s h
d a d o o ł t ł ʼ i i z h
h a d a j i ł t ʼ e ʼ
n d a j i ł t ʼ a ʼ
n d a d i i l c h i ł
y i i l t e e h
y i i l t s ó ó d
n i j i s h c h i d
d a ʼ o h c h ʼ i i s h
d a n i h i t s i i g h a ʼ
y i s h d é é h
j o o ʼ a s h
c h ʼ í d a n i i l d l ó ó s h
h a d e i i l k a a ł
d e i ł ą ą h
h a d e i k a a ł
n d a s i i l t s ʼ ǫ ́ ǫ ́ d
d e i i c h a
i i t e e ł
n i h i c h a a n
d e i i b á á h
d a n i h i g h a n
n d i i l t s ʼ ǫ ł
a d a a h t e e ł
j i n e e z k é
d a n i h i t s ʼ í í s
d e i i l k ą ą h
c h ʼ í n í s h á á h
n i h i k ą ʼ
d e i ł j į z h
d i i c h i h
d a j i s t į ́
a c h ʼ o z h
n i t s ʼ i n
a h o h g ą ́
d i i l c h o s h
j i ł d e e ł
n d i i t ł i s h
j i i g i s h
n i h i t s i i ʼ
d a ʼ i i l z h i s h
d i i c h ʼ i s h
a d a j i ł t ʼ é é h
d a ʼ j i s ł į ́ į ́ ʼ
n e i d o o ł t s ʼ ǫ ł
h a d a a ł t ʼ e ʼ
y í ł t s o s
d a n i h i t ʼ ą ą ʼ
h a k a i ʼ
n i h i ł e e t s ʼ a ʼ
d e i s é é h
h a d a a h k a a ł
d a ʼ j i ł e e h
k ʼ i d í l é
y i s h ʼ į ́
n a n i ł t s e e d
n d e i i l t ʼ a ʼ
a d a a s á á ł
n i h i z h í
h a a s h k a a ł
y i n á á ʼ
d a ʼ i i z h d o o ł b į į ł
n i h i c h ʼ i y ą ʼ
h a d e i ł g é é s h
d e i i l d é é h
n i h i k ʼ o s
y i s t ʼ e e s
y i n i ł t s ą ́
n d a a ł ʼ e e ł
d a y i i g i s
n d a j i z h t ł i z h
a d a a s a a l
i i l c h i n
d e i i g a a s
d a j i s h j į z h
d a z h d i ł i d
n i d a j i t i n
n i d a j i ł t é
d a n i h i z ę ę s
d o o c h a h
n d e i d o o d z į ́ į ́ s
d a d i ʼ i l
n a a ł ʼ e e ł
d a o o ł b a ʼ
j i ł ʼ e e ł
j i ł t s o ʼ
d e í ł k e e d
d a d o o ł c h o s h
d a a h t ʼ e e s h
d a ʼ a h i i g ą ́ ą ́ ʼ
d a n i h i k e e ʼ
h a d e i i l t ʼ e ʼ
y i l ʼ i s
w o ł k i ł
a d e i i l t ʼ é é h
d a j i i ł t s ą ́
n i h i g h a n
n i h í t á á ʼ
d a d i i d i ł
d e i d o o c h i h
y i s h j e e h
h a d a s h o o ł g i z h
n a a ł t ʼ i ʼ
y i d i y e e s h n a h
a j í í z ǫ ́ ǫ ́ z
d a j i d e e ł
n i h í t á á ʼ
d e i j e e h
d a y i i ł c h i i ʼ
a d a d o o ł t ʼ o ł
í d a h o o ł ʼ a a h
j i z h g i s h
d a n i h i j á á d
d a j í í s h ǫ ǫ d
y i g o d
d a j i l d é é h
h a k ą ʼ
d a ʼ d i i t ł ʼ ó ó ł
d o o h c h ʼ i s h
d e e s h c h o s h
d e i i l d e e ʼ
d a h o d i i t a ł
y í ł d ó ó h
n d o o t ł i s h
d a n i h i j á á d
n i z h d o o ł c h i ł
y i i l t ʼ e e s
d í í c h a h
d i s é í
n e i l é
n i t s ó í
d a j i ł j į z h
d a j í í ł c h o z h
h a k ʼ i s
n d e e s h t e e ł
y i i g i z h
w o ł t ʼ e e s
h a j i ł ʼ e e ł
d í í ł c h o s h
a k ʼ a h
d o o h c h ʼ i s h
a d a a ł t ʼ á á h
y i y í í ł t ʼ a ʼ
d a d i n o h t ł é é ʼ
h a o o ł t ʼ e ʼ
h a d i i l k a ł
b i t s ó í
j o o ł t s o s
n i h i j á á d
y i i l ʼ e e ł
b i t s i i g h a ʼ
n d a z h d o o t ł i s h
a d e i d o o ł t ʼ a h
y i z é é s
y i i l t s o ʼ
b i b i d
i i ł t ʼ o o d
a z h i ʼ
d a n i h i k é y a h
n a n i t e e ł
w o ł c h o z h
h a i i k a a ł
a t ł ʼ ó
h a d a d i i l g o ł
d a n i h i n á z h i i n
s h i c h ʼ í í ʼ
d e i i t ł í í s h
w o ł t ʼ i h
h a n i k a a ł
n i t s i i g h a ʼ
d a n i h i t s ó ó k é
n i s é é h
d a h o j í l c h i n
d a n i h i z é é ʼ
d a j i i ł b á á h
d a n i h i k é t s í í n
i i l t ʼ é é h
h a a s h t ʼ e ʼ
d a j í ł t s ó ó s
n i d e i i l g i z h
n d e e s t s ʼ ǫ ł
n d í í t i ł
d e i ł ʼ á
d a z h d o o c h ʼ i s h
s h i j ó ó z h
á d a j í ł t s ʼ ó ó z í
d a h o z h d o o t a ł
n i h i n á á ʼ
d e e s h t ł ʼ é é ł
n d e i z d z į ́ į ́ z
y i t s ʼ í í s
n í d e i s h o h
y i j á á d
y i j á á d
n e i d o o ł t e e ł
h a d e e s h k a ł
d a j i z h c h í í ʼ
y i s ʼ i s
n d a d o o ł g i s h
h a z h d o o ł t ʼ e e ł
d a j i ł d l a a d
j i i ł h é
j í ł d ó ó h
j i ł j į z h
n i d á y i ʼ
n i d a a h t i n
j o o l c h ʼ ą ł
n d e e s h t ʼ i h
c h ʼ í n í s h d l ó ó s h
n d a j i z d z į ́ į ́ z
n i ł e e t s ʼ a ʼ
h a d e i d o o k a ł
y i i s h b á á h
s h i n á á ʼ
n i d a a ł g i z h
a d a d o o h t i ł
d a o o h t s ó ó h
d a n i h i z i z
a d a a h ʼ e e ł
c h ʼ í d e e s h á á ł
a d a s o o ł t ʼ a ʼ
a d í í ł t ʼ o ł
h a z ǫ ʼ
n á á d o o h k a h
a j i t ł ʼ ó
n d e e s h t ʼ a h
j i l k e e d
y i ł j i i d
d e í n ó h ʼ e e ł
n i d a j i s h g i z h
n d e i d o o ł t ʼ i h
n i y e ʼ
h a d á y i ʼ
j i n é é ł ʼ į ́ į ́ ʼ
d a ʼ i i d i i l b į į ł
b i t s o o ʼ
w o h c h ʼ i i s h
n i h i k é y a h
a d a j i ł j i i d
n i ʼ d o o c h ʼ ą h
d a d i i t ʼ o ł
n d a z h d o o t i ł
d i i l j į s h
s h i i l g h a s h
y í ł d é é l
n i s h o o ł g i z h
n a a s h t ʼ i ʼ
d a o o ł d é é l
d a n i h í k ʼ a ʼ í
d a j i i ł t s o o d
b i d á y i ʼ
n i l k e e d
d e i i g i z h
d a j í í k ʼ ą ́ ą ́ z
h a j i ł g é é s h
a j i ʼ e e ł
y i d o o ł t ʼ i s
n e i s t ʼ a ʼ
d a z h d i ʼ n í ł d í í n
c h ʼ í d e e s h d l o s h
y i i l d é é l
n i d a ʼ i i c h ʼ ą ą h
n i h i g a a n
n o ł d ó ó h
d a d i i l j į s h
d a z h d o o c h a h
d a n i h í l á z h o o z h
n d a a z h t ł i z h
d a d o o j a h
n i c h ʼ i y ą ʼ
j i g h a a s
n d a s o o ł t ʼ a ʼ
y i ł h i z
n i n á á ʼ
n d a d i i t a s
h a d í í ł h a ł
n í d a s o o h d l į ́ į ́ ʼ
w o ł t ł ʼ é é h
a c h a a n
d a n i h i z é í
a d e e s h t ł ʼ ó ó ł
d a h a z l į ́ į ́ ʼ
n i h i t s ó ó k é
n e i i l g i z h
s h i g a a n
d a j i ł j i i d
d a h o j i t a a ł
s h i n a a l t e ʼ
d i ł h i ł
c h ʼ í d o o ł d l o s h
n i s m á á s
i i l t ʼ á á h
n i d a s h i i l g i z h
b i c h ʼ i y ą ʼ
b i b a d i d i i t ʼ a s h
d a j i k ʼ ę ę h
y í j i h
n d e e s t s i ł
w o ł t s o s
n i d a j i z t ą ́
d e i d o o g i s h
d e i ł h i z
d a ʼ o o ł z h i i z h
d a j i z é é s
d a o o c h ʼ i i z h
a d i i t i ł
n i h i m á y á z h í
b i b a d i d í í n á á ł
y i i t ʼ o o d
d a d o o ł h a s h
b i d a j í ł t ʼ é
a d e e s h t i ł
y i b í z h í
d a j i j o o z b a ʼ
d a ʼ i i d o o ł h o s h
h a t ʼ ą ą ʼ
h á t á á ʼ
d e e s h j į s h
j i d i ʼ i l
i i d o o ł h o s h
d a n i h i n í í ʼ
y í ł ʼ a a d
d a j í í g h a z
d o o ł n á á ł
s h i j é í d í s h j o o l
y i i l ʼ a a d
a d e i i l j i i d
y i i l g h a ł
d e i z í í d
d a a ł t s o ʼ
n i h i n á t ʼ é é z h
n i h i n á t ʼ é é z h
d a ʼ a l z h i s h
h a i i l k a a l
y i s d á d a d i i l ʼ o ł
y i d o o j i h
d a ʼ i i l z h i i z h
n e i d o o ł g i s h
y i d a a ł t ʼ é
d a o o ł ą ą d
a d i i l t ʼ o ł
n d e i d o o ł k a h
a d a j i s t ʼ ó ó d
d í k ó ó h
y i d o o ł d o h
d o o ł d l o s h
d a a ł n á á h
d a z h d o o ł d i ł
c h ʼ í n i i t ʼ a a s h
d e i i l ą ą d
h a j í í ł t ʼ e ʼ
y í n í t i ʼ
j i i ł b a ʼ
n i s o o ł t ʼ i ʼ
n j i s t s e e d
d a j i s ʼ é é l
d a ʼ j i i ł h a a z h
y i i l t ʼ ó ó d
n d a s i i l t s e e d
d o o ł d a h
h a d a a ʼ
h a d e i i l g h a a ł
d a j í ʼ e e ł
y i y í í c h ʼ i i z h
n i h í k ʼ a ʼ í
n á á n í s d z á
w o o ł c h í í h
h a i i l t ʼ e ʼ
a d o o ł j i ł
j í í c h a
n i h a a d a a n í
n i s o o ł t ʼ a ʼ
s h í n i ʼ
j i ł ʼ á
d i i l d o h
n i k e e ʼ
y i i t ʼ ó ó d
n í s h é s h o h
b i k e e ʼ
h a d i i g o ł
h a o o ł g e e d
d a d o o h d i ł
h a d e i d o o ł ʼ o ł
d a d i j o o l
n d e e s h k a h
i i l t ʼ i ʼ
j i d o o g i s h
i i l t ʼ o o d
n a a h ł o ʼ
n i s h i i t ł i z h
y i i t ʼ á á ł
y i s t s ʼ í í d
y i i g i z h
b i d a n i i l t ʼ é
h a y í í ł t ʼ e ʼ
h a b í z h í
y í n í ł d é é l
y i d o o l d a h
y i d o o ł ʼ a a ł
n j i s t ʼ a ʼ
b i n á t ʼ é é z h
d a o o t s o i i
d a a h s é é s
a d a d o o ʼ o ł
w o ł j į z h
n i k é y a h
h a j a a ʼ
d í í t ʼ o ł
n d a d i i d l o h
d a s h o o j é é ʼ
i i c h ʼ i i z h
n i ł j i i d
j í í ł j i d
n a a t ʼ a ʼ
i i n é é h
d a d o o ł d a h
d a h o ł n e ʼ
d í í n í ł h į ́ į ́ ʼ
n i h í n a a í
n a n i l o ʼ
j i d i s é í
y i n á z i z
d a ʼ s i i t ł ʼ ǫ ́
j í í s h i i z h
d í í j i h
n i l d l ó ó s h
c h ʼ í n i i l d l ó ó s h
j i d o o ł j į s h
d e i z h j é é ʼ
d a h o o l n e ʼ
y i i l z é é h
h a t s ʼ í í s
n i d a j i s ʼ n a ʼ
n i h i n í í ʼ
n i h i n í í ʼ
w o h c h a
n i s o o ł t s e e d
y i i l z h í í s h
d i s i i t s ʼ ą ́ ą ́ ʼ
w o ł d e e ł
j i ł j i i d
s h i z á a n i i
n d a d o o ł j o ł
h a d í í k ʼ ę h
d a s o o ł ʼ a a d
y í k ʼ a ʼ í
h a d a j i s x a a l
s é d é é l
n i h i n á z i z
h a d a j i z k a l
o o l z h i i z h
d a y í í ł k ą ą d
n i h í l á t s í í n
n i d e i l é
n e i s k á á ʼ
n d a s o o t a z
d a z h d i y o o ł h é é ł
a n á á ʼ
n i d a j i l é
h a d i i l g h a ł
j o o l k i d
d a o o s h o o z h
d a s o o ł t ł ʼ á
j i y o o n a h
n d a d i i ʼ n e e ł
n i n é i i ʼ n e e h
a j í í ł j i d
d i d o o k o h
d a d i i l z h o h
a s o o ł į ́ į ́ ʼ
y i s h ʼ á
y i s d á d a d o o ł ʼ o ł
h a i i k a l
h á í n í ł ʼ é é l
n d a z h d o o l j o ł
d a o d i i l n i h
d e e s h d o h
y i i d z i i d
y i s h ʼ á
s h i n á z i z
d a h o d o o ł n i h
d a o o s ą ́
n d i i l ʼ o ł
n i s i i t é é l
n d o o ł ʼ o ł
d e e s h d a h
w o h ʼ i s h
y o o n a h
a j á á d
d o o h d z i ł
n a a s h ł o ʼ
d a z h d o o j a h
h á á ł g e e d
n d í í l o h
a j á á d
h a i i l g h a a ł
n í d a s h i i l z h o h
h a z h d o o ł ʼ o ł
s h í n a a í
i i l t ʼ ó ó d
h a z é é ʼ
a n a a l t e ʼ
n d í í ł ʼ o ł
n j i s k á á ʼ
j i z í í d
d a j o o l d é é l
y ó ó n é é h
y i i l ą ą d
n i d a j i ʼ n a ʼ
d a z h d o o l z h o h
h á í n í ł k a a l
b i j a a ʼ
y i y í í ł ʼ a a d
n d e e s h j o ł
b i d e e z h í
b í k ʼ a ʼ í
y o o ʼ n é é h
y í n i i ʼ
d e i d z í í d
n d a s h o o ł j o o l
n i s o o t a z
d a j i s m á á z
a d e e z h í
d a j i z d é é l
n j ó n e ʼ
d e i i l d l á á d
d e i d í n ó o ł ʼ į į ł
d a y í í y i z h
a d a s o o ʼ é é l
a y í í ł t ʼ ó ó d
h o ł n e ʼ
a z h í
n i h i w o l
d a j i i s i i b a ʼ
n d e i i ʼ n é
h o j i t a a ł
n i h i w o l
w o ł z h ó ó h
c h ʼ é é í n í s i d
d a a h d l e e ʼ
n í s h i i l z h o h
n a a s h ʼ n a ʼ
h a d a j i z g e e d
d a h w i i d l e e h
h á á g e e d
n d e e s h ʼ n e e ł
n i d a a s t ʼ a ʼ
n e i i d l o ʼ
d a j í í s h o o z h
a s o o t ł ʼ ǫ ́
w o ł t ʼ o o d
y i s d á d o o ł ʼ o ł
h o n i i l c h i n
h a y í í ł g e e d
n d a z h d o o ʼ n a h
d e i i d z í í d
n i s í n í t a z
d e i s d o
a s é ł į ́ į ́ ʼ
d a o o h b á á h
j i d o o j i h
d i i l z h o h
s é ł h į ́
w o l y é
n d a s i i l k á á ʼ
d i n i i l y i ł
y i i l ʼ á
d a j i z i i d
a d í í n í ł d í í n
y i i d z í í d
k ʼ i d a d o o l á
h ó ó l n e ʼ
d o h s é í
d í n í i l ʼ į į ł
y i z á z í
a y é é l
y i s d z í í d
n d i i ʼ n a h
n i z h d o o l j o ł
d a d i y i i l y é é ł
d e í n í i j á á h
a j i i ł h á á s h
n a a s t ʼ a ʼ
y i i ʼ n i l
b i n i i l t ʼ é
s i i l g h a ł
d a j í ʼ é é s h
d a o o ł d l á á d
a z á a n i i
j o o l d e e ʼ
d i d o o ł j é é ʼ
d a s o o g i s
h á n a a í
y o o ʼ n a h
n i d a s i i ʼ n e ʼ
j í í n i i ʼ
n i s o o ł k á á ʼ
n e i i ʼ n é
n i d a a s ʼ n a ʼ
d e i i d l ó ó z
n í l á z h o o z h
á k ʼ a ʼ í
n i i ʼ n e e z
a d e e s m a s
n d a d o o ʼ n e e ł
y í g h a z
a z é é ʼ
d a j í í ł d l á á d
b í l á t s í í n
h ó l n e ʼ
s o o g i s
n d í í ʼ n e e ł
n i s i i l ʼ é é l
y í n í n i l
d i z h d í í ł j é é ʼ
n i j i z y į ́
n i n á d a a ʼ n e e h
b í l á z h o o z h
n i s i i ʼ n a ʼ
n i z á z í
h a i i k ʼ ę ę ʼ
n i s í n í ł k á á ʼ
a d o o h ʼ o ł
n a a ʼ n a ʼ
a n i m á á s
d e í ʼ é é s h
d i n o h j o o l
n i d a s i i g į ́
j i z g i s
n e i i ʼ n é
n i s é ł k á á ʼ
i i s i i l b ą ́
á l á t s í í n
á n i i l d í í l
y í n í g h a z
n á h ó z o
í í n í t e e l
n a a h n é
n á h í l á á h
n á s h k w i
í i n í n í z i n
n i s í n í y į ́
w o o s ą ́
h a y í í k ʼ ę ę ʼ
o o h n é é h
b i z á z í
d a d e e z k w i h
h w i i l n e ʼ
n i d a a z n e ʼ
y í n í z e e z
j i i n o h b a a h
á n ó ł d í í l
n i s i i ʼ n e ʼ
ł i n i i t s x o
j o o l z h ó ó ʼ
n í d a h o j i z o
d a j í í l ó ó z
n á h w i i d z o
a j í í m á á z
o o m á á z
y i y í í l ó ó z
j í í z e e z
n í d a h o s i i d z o
s i i l n á
o o h m á á s
n i j i z l á
i i ʼ m á á z
j í í l ó ó z
n á n í k w i
í í n í m á á z
