h a y í í k ʼ ę ę ʼ
n i h i k ą ʼ
n d a d o o ł g i s h
h a i i k ʼ ę ę ʼ
d e i d i i ł t ł ʼ i i z h
n i d a j i ʼ n a ʼ
n á á j í t ʼ a a s h
y i d i y o o n a h
d e i ł ą ą h
d e i d i y o o ł h é é ł
a d a d o o ł t ʼ o ł
y i n o ł y é
a d a s i i t ʼ é é l
n d a z h d o o t i ł
d e i ʼ i z
n i d a a s t ʼ a ʼ
a d í í ł t ʼ o ł
d a h o d i i t a ł
d e i i b á á h
y i i t ʼ ó ó d
d a n i h i z é í
s h i n á á ʼ
n e i s t ʼ a ʼ
n á á n í s d z á
a d a a ʼ e e ł
n i s o o ł t ʼ a ʼ
a d i i t i ł
n i s h ó ó s h
d e i s h ǫ ǫ h
a c h ʼ o z h
d a n i h i t s é k ʼ e e
d e i ł ʼ á
n i h i n á á ʼ
b i j a a ʼ
d a n ó o ł ʼ į ́ į ́ ʼ
h á t á á ʼ
n e i d o o ł g i s h
n d a d o o ł j o ł
d e i ł t s o ʼ
h a y í í ł g e e d
n e i i ʼ n é
n d í í d z į ́ į ́ s
w o ł k i ł
w o ł t ʼ o o d
h a z h d o o ł t ʼ e e ł
j o o l t a ł
a s é ł į ́ į ́ ʼ
d a ʼ s i i t ł ʼ ǫ ́
n i d a j i s ʼ n a ʼ
s o o g i s
d a j í ʼ e e ł
d e i i l ą ą d
n i d a ʼ a z h c h ʼ ą ą ʼ
n á h á l á á ʼ
d a a w o d
d a s o o ł ʼ a a d
d e i i l k ą ą h
i i s h n é é h
h á n a a í
n d a d i i t a s
d a o o h j į ́ į ́ h
c h ʼ í d i i t ʼ a s h
h a d a a h k ʼ ę ́ ę ́ h
d a d i i l j į s h
j i ł ʼ e e ł
d a y i i ł c h i i ʼ
n d a a ł ʼ e e ł
n i ł e e t s ʼ a ʼ
d a d o o ł t ł ʼ i i z h
s i i l g h a ł
n í d a h o s i i d z o
d e i s é é h
a d e e s h t i ł
y i i l t s o ʼ
j i ł j i i d
s i i l n á
i i n o ł b į į h
d a d i i d į ́ į ́ ł
s h i c h i d í
y i i b a ʼ
s h i j é í d í s h j o o l
y i s h c h o z h
a d i i l t ʼ o ł
n i d a s h o o ł c h i d
d a ʼ i i z h d o o ł b į į ł
n d e i i ʼ n é
h a j i ł ʼ e e ł
y i s h c h ʼ ą ł
n d e e s h k a h
d a j i c h ʼ i i s h
s h í n a a í
n d a d i i ʼ n e e ł
n í d a j i d l e e h
h á í n í ł ʼ é é l
d o o ł d l o s h
d a j o o l d é é l
d a o o s y e ʼ
n i c h ʼ i y ą ʼ
n d í í ł c h i ł
d o h s é í
y i b í z h í
j i y o o n a h
n ó o ł ʼ į ́ į ́ ʼ
j í í l ó ó z
d o o h c h ʼ i s h
d a j i z h j a a ʼ
y i ł t ʼ o ʼ
n i n é i i ʼ n e e h
n i d a a s ʼ n a ʼ
h a t ʼ ą ą ʼ
y o o ʼ n é é h
b i b a d i d í í n á á ł
i i d o o ł h o s h
d a n i h í k ʼ a ʼ í
k ʼ i d í l é
n á z h n í k e e h
d a ʼ a l z h i s h
d e i s h í í s h
y i s h ʼ į ́
d e i ł h i z
d a h o n i i l c h i n
d e i j e e h
d e i s d o
d a j í í ł d l á á d
d a n i h i k ą ʼ
b i b a ń d i i k a h
o ł z h i s h
y í n í z e e z
n d o o ł c h i ł
y í t ł i z h
n i h i g h a n
b i d a n o ł t ʼ é
d a o o s h o o z h
d a j i ł j i i d
h a j í í ł t ʼ e ʼ
h a d a j i ł h a a ł
d i d o o ł j é é ʼ
h a c h o ʼ
d e i i l t ʼ e e s
h o o ł n e ʼ
n i h i c h ʼ o z h
n i j i s h c h i d
a k ʼ a h
d a n i h i g h a n
n í d a h o j i z o
h a d e i i l g h a a ł
h o n i i l c h i n
i i s i i l b ą ́
h a d í í k ʼ ę h
y í n í g h a z
d o o h d z i ł
y i i d z i i d
d a n i h i z ǫ ʼ
n i s h i i t ł i z h
d a z h d o o c h a h
d e i n i i l y é
n ó s h d a a h
b i d a n i i l t ʼ é
d a ʼ j i i ł h a a z h
n i z h d o o l j o ł
y i s d á d a d o o ł ʼ o ł
i i l t ʼ é é h
d a j i d e e ł
y i t s ó í
n i d a a z n e ʼ
n d a d i i l c h i ł
n d e i d i y o o ł n i h
c h ʼ í n i i l d l ó ó s h
y í l d z i ł
d í n í i b į į ł
s í ł h é
n i d a j i t i n
d a y í í ł k ą ą d
n i s í n í t a z
n i s i i ʼ n e ʼ
n d a j i ł t ʼ a ʼ
d o o ł d a h
d a y í í y i z h
d e i i l d l á á d
s h i z á a n i i
a d a d o o h t i ł
j í ł d ó ó h
d a o o c h ʼ i i z h
i i t e e ł
n a h á ł n i i ʼ
n i s í n í ł k á á ʼ
d a d o o ł d a h
n i ł j i i d
j i d o o ł j į s h
h a d a j i ł t ʼ e ʼ
d a n i h i z h í
y i ł t ʼ á á h
y i s t ʼ e e s
n d e i d o o ł g i s h
á n i i d i n
n d í í ł ʼ o ł
d a j i s t į ́
j o o z ǫ ́ ǫ ́ s
d a n i h i n á z h i i n
d i n i i l y i ł
b i b a d i d i i t ʼ a s h
a d e i i l j i i d
h a i i k a a ł
d e i i d ǫ ́ ǫ ́ z
h a d i i l t ʼ e e ł
j í í z e e z
n i z h i ʼ
n i ł t e e h
n i s i i t é é l
s é ł h į ́
i i l t ʼ i ʼ
d a a h c h ʼ i s h
n i k e e ʼ
s h i d o h
n d o o t ł i s h
í d a h o o ł ʼ a a h
b i b a z h d ó ʼ a a s h
w o ł j į z h
a d a a s á á ł
á d a n o h d i n
w o ł t s o s
n á á n i i k á á h
n i h i z h í
a z é é ʼ
b i d e e z h í
n i h i n á t ʼ é é z h
y i y i i ł h a ł
y i s ʼ i s
i i c h ʼ i i z h
n d í í ʼ n e e ł
d e i d í n ó o ł ʼ į į ł
n i l k e e d
d a n i h i k e e ʼ
d e i i l d é é h
a h o h g ą ́
i i l c h i n
s i t s o o ʼ
y i d o o d į ́ į ́ ł
d a ʼ d i i t ł ʼ ó ó ł
d e i d z í í d
d a h o o l n e ʼ
a n á á ʼ
d e í n ó h ʼ e e ł
y i ł h i z
a d a a h s ǫ ́ ǫ ́ s
y ó ó n é é h
i i n i ł h a a z h
n d i i ʼ n a h
d a j i z d é é l
d o o ł n á á ł
