y i y i i ł t s ó ó d
d a d i i c h a h
n e e z d á
n j i z l o ʼ
d a y o o h n a h
n i h i t s ʼ í í s
a k ʼ é í
y i s t ʼ é
d a j i d l e e ʼ
a d o o ʼ o ł
n i h i z á z í
y i s h d l o o z h
c h ʼ í n i i k a i
d a n i h i z á z í
d e i i c h a
d a h w i i t a a ł
n e i d o o l o h
a d a a h n é é h
y i k ʼ ą ą s
n i h i z é é ʼ
j i i ł t s ó ó d
a a d a a n í
n i h i n á á ʼ
y í ł t ʼ ó ó d
n á h ó h s o
n d e e s h t į ́ į ́ ł
h a i i l g h a a l
n d a z h d o o ł t e e ł
n i h i t s ʼ í í s
h í í c h a h
j i ł m a z
n d i i ʼ n e e ł
í h o o ł ʼ a a h
á j í ł t s ʼ ó ó z í
y i s m a z
y i s d á j í í ł ʼ é é l
y i s h d l e e ʼ
n i h i d á y i ʼ
n d í í ł t ʼ a h
d a j í l ʼ é é s
n i k a i ʼ
y í n í c h a
d a o o h j į ́ į ́ ʼ
j í í y ą ́ ą ́ ʼ
d a n i h i d a a ʼ
d a d i i t s ʼ į ́ į ́ h
n d e i s t ʼ i ʼ
y i j á á d
d i i j i h
h o d o o h t a ł
n e i ł t s ʼ ǫ ǫ d
n i h i k ą ʼ
h ó t a a ł
n á y o o ʼ n a h
n i z h d o o t i ł
d a n i h i b í z h í
h i n i i c h a ʼ
a d a a ł j i i d
d e í ł ʼ á á h
a d a j i ł t ʼ o o d
b i t s i i ʼ
n i d a s o o ł t į ́
d a d i i l g h a s h
n i z h í
n i h i j á á d
j i d i z é é h
d e i k ʼ ę ę h
í d a h o o ł ʼ a a h
d e i s ʼ é é l
y i n í ł d o
d a n i h i c h o ʼ
s h i y é é l
d í í c h ʼ i s h
a d e i s t ʼ a ʼ
n í d a a s d l į ́ į ́ ʼ
d a j í í y ą ́ ą ́ ʼ
y i ł k ą ą h
k ʼ i d i i l y á
c h ʼ é é n ó h s í í d
y i n a a l t e ʼ
j i i ł h a ł
s h é g i s h
d a y í í t ʼ ó ó d
n d a a z t a z
h a d e i i g é é d
n i h i j a a ʼ
n á h w i i l n i h
j í í z i i d
d a j i i l g h a a ł
d e i d o o t ʼ o ł
j i d í í s é í
k ʼ i d a d i i l y é
d i i d i d o o ł j a h
n i h i c h a a n
n i d a ʼ a z t ł ʼ ǫ ́
d a h o h ł e e h
h a a h g é é d
j i l d e e ł
a n i z ǫ ́ ǫ ́ s
d a j i i s o o b a ʼ
y i i l t ʼ á á h
i i t ʼ é é l
n a a ł g i z h
d i d e e s t s ʼ į ́ į ́ ł
d a n i h i w o l
y i y í í g h a z
s h i i j é é ʼ
n í d a s i i k w i
n i l d i n
s í n í k ʼ ą ́ ą ́ z
s h i d á y i ʼ
s h i n á á ʼ
i i ł h a a z h
j i n í ł d o
y i i g i s h
d a n i h i t ł ʼ a a k a ł
d a s i i d é é l
s h o o g i s h
y í t ł i z h
d a z h d o o ł t ʼ i s
a d a s o o ł t ʼ ó ó d
a t s ʼ i n
d í n í k w i h
d a d í n í i l y é é l
i i n i i l b į į h
d z i ʼ i z
d o o ł t ł ʼ í í s h
n i z h d o o l o h
y i y í í ł d l á á d
n i s o o d z į ́ į ́ z
a s i i l c h ą ́ ą ́ ʼ
i i t e e l
n a o o n e ʼ
a d a s i i ʼ m á á z
n í n í ʼ į ́ į ́ ʼ
n d a z h d o o t a s
y i d i y o o h n a h
d e i ł n á á h
h a d e i d o o k ʼ ę h
n d í í ł t e e ł
y o o ł k i ł
d a n i h í t s ą ́ ą ́ ʼ
i i s h t ʼ é é h
a s i i l į ́ į ́ ʼ
h í í n í l g h a l
á n í l d í í l
d i n o h ʼ i l
n í d a h a a d l á á ʼ
b i y é é l
d a n i h a a d a a n í
b i n á á ʼ
y i l d l o o z h
d i d í í n í ł j é é ʼ
n i g o d
j í í z ǫ ́ ǫ ́ z
d a z h n i ʼ į į h
j i n í í ł
d a ʼ d o o t ł ʼ ó ó ł
h a c h ʼ o z h
j i z h t ʼ é é z h
d a o o t i ʼ
d a d i i c h ʼ i s h
n i h í k ʼ a ʼ í
d a d o o h k ó ó h
h a t ł ʼ e h
y i i ʼ n í í ł
d a z h d i z é é h
d a j i t ł e e h
b a a d a a n í
n i s h i i l c h i d
y í n í l d l o o z h
y i i l c h o z h
j í í t ł é é ʼ
d a j i i ł h é
n i d a s i i ʼ n a ʼ
a d é i i t ʼ į ́
á d a d i i ʼ n í í ł
á d a d o o h n í í ł
s í n í ł h į ́
n d e i d o o ł ʼ o ł
w o o ł t s o o d
y i n í í ʼ
d e i d o o ł h a s h
n i d a s i i t ą ́
n e i s t s e e d
n o h t ł ʼ a h
n e i ł ʼ e e ł
a z h d o o ł t ʼ i h
d i t s x i z
d e i i c h ʼ i i z h
á n í s h d í í l
s i t s ʼ i n
d o o h c h i h
h a d a d i i k a ł
d a a ł j i i d
y í l á z h o o z h
n d a h i d o o ł n i h
a d e e s h ʼ o ł
h a i i l t ʼ e ʼ
s h i j a a ʼ
n i s é ł t į ́
n d i i l t e e ł
d e í n í i t ʼ a a h
n d e i d o o ł t ʼ a h
d a d i i d l i d
s h i t ʼ ą ą ʼ
h a t s ó í
d a n i h i k ʼ a h
d a s h i i g i s h
n i d a h i i l n i i h
y i l d é é h
w o ł t a ł
y i i l t ʼ ó ó d
d i ʼ i l
h a c h ʼ i y ą ʼ
s é k ʼ ą ́ ą ́ z
y i z g i s
á d a a d z a
a d i i t ʼ o ł
j i d o o t ʼ o ł
d a h i n i i c h é é h
a d e i d o o ł j i ł
h a j í í k ʼ ę ę ʼ
n i k ą ʼ
d e i s n á
h a i ł t ʼ e ʼ
d e í n ó ł t ʼ é é h
d e e z a ʼ
a d a a h s á á ł
c h ʼ é l d l o o z h
n e i ł t é
í h o o ł ʼ ą ́ ą ́ ʼ
d e i i c h ʼ i s h
w o o l ó ó z
d a o o ł t s o o d
d a h o j i n i i h
a d a s o o ł t ʼ i ʼ
n a h í ł n i i h
í í ł t ʼ i ʼ
d a j i t ʼ o o d
d a y o o d ą ́ ą ́ ʼ
n i h i t s ʼ í í s
í í n í s a a l
s h o o t ʼ é é z h
s é ł n á
n d a z h d o o n e e ł
n i j i z t ą ́
y í n í t ł i z h
a d a s i i l t ʼ a ʼ
d a s h i i l j i d
