y i y i i ł t s ó ó d
d a d i i c h a h
n e e z d á
n j i z l o ʼ
d a y o o h n a h
n i h i t s ʼ í í s
a k ʼ é í
y i s t ʼ é
d a j i d l e e ʼ
a d o o ʼ o ł
n i h i z á z í
y i s h d l o o z h
c h ʼ í n i i k a i
d a n i h i z á z í
d e i i c h a
d a h w i i t a a ł
n e i d o o l o h
a d a a h n é é h
y i k ʼ ą ą s
n i h i z é é ʼ
j i i ł t s ó ó d
a a d a a n í
n i h i n á á ʼ
y í ł t ʼ ó ó d
n á h ó h s o
n d e e s h t į ́ į ́ ł
h a i i l g h a a l
n d a z h d o o ł t e e ł
n i h i t s ʼ í í s
h í í c h a h
j i ł m a z
n d i i ʼ n e e ł
í h o o ł ʼ a a h
á j í ł t s ʼ ó ó z í
y i s m a z
y i s d á j í í ł ʼ é é l
y i s h d l e e ʼ
n i h i d á y i ʼ
n d í í ł t ʼ a h
d a j í l ʼ é é s
n i k a i ʼ
y í n í c h a
d a o o h j į ́ į ́ ʼ
j í í y ą ́ ą ́ ʼ
d a n i h i d a a ʼ
d a d i i t s ʼ į ́ į ́ h
n d e i s t ʼ i ʼ
y i j á á d
d i i j i h
h o d o o h t a ł
n e i ł t s ʼ ǫ ǫ d
n i h i k ą ʼ
h ó t a a ł
n á y o o ʼ n a h
n i z h d o o t i ł
d a n i h i b í z h í
h i n i i c h a ʼ
a d a a ł j i i d
d e í ł ʼ á á h
a d a j i ł t ʼ o o d
b i t s i i ʼ
n i d a s o o ł t į ́
d a d i i l g h a s h
n i z h í
n i h i j á á d
j i d i z é é h
d e i k ʼ ę ę h
í d a h o o ł ʼ a a h
d e i s ʼ é é l
y i n í ł d o
d a n i h i c h o ʼ
s h i y é é l
d í í c h ʼ i s h
a d e i s t ʼ a ʼ
n í d a a s d l į ́ į ́ ʼ
d a j í í y ą ́ ą ́ ʼ
y i ł k ą ą h
k ʼ i d i i l y á
c h ʼ é é n ó h s í í d
y i n a a l t e ʼ
j i i ł h a ł
s h é g i s h
d a y í í t ʼ ó ó d
n d a a z t a z
h a d e i i g é é d
n i h i j a a ʼ
n á h w i i l n i h
j í í z i i d
d a j i i l g h a a ł
d e i d o o t ʼ o ł
j i d í í s é í
k ʼ i d a d i i l y é
d i i d i d o o ł j a h
n i h i c h a a n
n i d a ʼ a z t ł ʼ ǫ ́
d a h o h ł e e h
h a a h g é é d
j i l d e e ł
a n i z ǫ ́ ǫ ́ s
d a j i i s o o b a ʼ
y i i l t ʼ á á h
i i t ʼ é é l
n a a ł g i z h
d i d e e s t s ʼ į ́ į ́ ł
d a n i h i w o l
y i y í í g h a z
s h i i j é é ʼ
n í d a s i i k w i
n i l d i n
s í n í k ʼ ą ́ ą ́ z
s h i d á y i ʼ
s h i n á á ʼ
i i ł h a a z h
j i n í ł d o
y i i g i s h
d a n i h i t ł ʼ a a k a ł
d a s i i d é é l
s h o o g i s h
y í t ł i z h
d a z h d o o ł t ʼ i s
a d a s o o ł t ʼ ó ó d
a t s ʼ i n
d í n í k w i h
d a d í n í i l y é é l
i i n i i l b į į h
d z i ʼ i z
d o o ł t ł ʼ í í s h
n i z h d o o l o h
y i y í í ł d l á á d
n i s o o d z į ́ į ́ z
a s i i l c h ą ́ ą ́ ʼ
i i t e e l
n a o o n e ʼ
a d a s i i ʼ m á á z
n í n í ʼ į ́ į ́ ʼ
n d a z h d o o t a s
y i d i y o o h n a h
d e i ł n á á h
h a d e i d o o k ʼ ę h
n d í í ł t e e ł
y o o ł k i ł
d a n i h í t s ą ́ ą ́ ʼ
i i s h t ʼ é é h
a s i i l į ́ į ́ ʼ
h í í n í l g h a l
á n í l d í í l
d i n o h ʼ i l
n í d a h a a d l á á ʼ
b i y é é l
d a n i h a a d a a n í
b i n á á ʼ
y i l d l o o z h
d i d í í n í ł j é é ʼ
n i g o d
j í í z ǫ ́ ǫ ́ z
d a z h n i ʼ į į h
j i n í í ł
d a ʼ d o o t ł ʼ ó ó ł
h a c h ʼ o z h
j i z h t ʼ é é z h
d a o o t i ʼ
d a d i i c h ʼ i s h
n i h í k ʼ a ʼ í
d a d o o h k ó ó h
h a t ł ʼ e h
y i i ʼ n í í ł
d a z h d i z é é h
d a j i t ł e e h
b a a d a a n í
n i s h i i l c h i d
y í n í l d l o o z h
y i i l c h o z h
j í í t ł é é ʼ
d a j i i ł h é
n i d a s i i ʼ n a ʼ
a d é i i t ʼ į ́
á d a d i i ʼ n í í ł
á d a d o o h n í í ł
s í n í ł h į ́
n d e i d o o ł ʼ o ł
w o o ł t s o o d
y i n í í ʼ
d e i d o o ł h a s h
n i d a s i i t ą ́
n e i s t s e e d
n o h t ł ʼ a h
n e i ł ʼ e e ł
a z h d o o ł t ʼ i h
d i t s x i z
d e i i c h ʼ i i z h
á n í s h d í í l
s i t s ʼ i n
d o o h c h i h
h a d a d i i k a ł
d a a ł j i i d
y í l á z h o o z h
n d a h i d o o ł n i h
a d e e s h ʼ o ł
h a i i l t ʼ e ʼ
s h i j a a ʼ
n i s é ł t į ́
n d i i l t e e ł
d e í n í i t ʼ a a h
n d e i d o o ł t ʼ a h
d a d i i d l i d
s h i t ʼ ą ą ʼ
h a t s ó í
d a n i h i k ʼ a h
d a s h i i g i s h
n i d a h i i l n i i h
y i l d é é h
w o ł t a ł
y i i l t ʼ ó ó d
d i ʼ i l
h a c h ʼ i y ą ʼ
s é k ʼ ą ́ ą ́ z
y i z g i s
á d a a d z a
a d i i t ʼ o ł
j i d o o t ʼ o ł
d a h i n i i c h é é h
a d e i d o o ł j i ł
h a j í í k ʼ ę ę ʼ
n i k ą ʼ
d e i s n á
h a i ł t ʼ e ʼ
d e í n ó ł t ʼ é é h
d e e z a ʼ
a d a a h s á á ł
c h ʼ é l d l o o z h
n e i ł t é
í h o o ł ʼ ą ́ ą ́ ʼ
d e i i c h ʼ i s h
w o o l ó ó z
d a o o ł t s o o d
d a h o j i n i i h
a d a s o o ł t ʼ i ʼ
n a h í ł n i i h
í í ł t ʼ i ʼ
d a j i t ʼ o o d
d a y o o d ą ́ ą ́ ʼ
n i h i t s ʼ í í s
í í n í s a a l
s h o o t ʼ é é z h
s é ł n á
n d a z h d o o n e e ł
n i j i z t ą ́
y í n í t ł i z h
a d a s i i l t ʼ a ʼ
d a s h i i l j i d
y i k ʼ a h
a j i t ł ʼ ó
h a t ʼ ą ą ʼ
n a a h ł o ʼ
d e i z í í d
h a z é é ʼ
y i j á á d
j í í z e e z
y i i l ą ą d
n a a t ʼ a ʼ
w o h ʼ i s h
j o o l k i d
s h i g a a n
j í í ł j i d
j i l k e e d
y i s h ʼ į ́
n á h ó z o
y i i g i s h
o o h n é é h
y i y í í l ó ó z
j í í n i i ʼ
d i i l d o h
y o o ʼ n a h
y i s ʼ i s
y í ł d é é l
h á á ł g e e d
a n i m á á s
j í ł d ó ó h
y i t s i i ʼ
j í í l ó ó z
d o o ł d a h
y i i g i z h
j i i g i s h
i i ʼ m á á z
o o h m á á s
s h i c h a a n
d e i i c h a
n d í í t i ł
y i i l ʼ a a d
w o ł j į z h
y í ł t s o s
d e i i t i ʼ
j i ł j į z h
n a a s h ʼ n a ʼ
y i ł t ʼ o ʼ
n j ó n e ʼ
n i h i w o l
n i t s ʼ i n
n i h i w o l
j i g h a a s
d e i ł h i z
j i i ł b a ʼ
d e i j e e h
a j i z ǫ ́ ǫ ́ s
a d i i t i ł
a c h ʼ o z h
d i ł h i ł
y í ł d ó ó h
j i ł d e e ł
y í n í t i ʼ
j i ł t s o ʼ
d í í c h a h
j o o l t a ł
a h i g ą ́
d e i i d ą ́
d e i ł ą ą h
w o ł t s o s
d a o o s ą ́
b í k ʼ a ʼ í
y í ł ʼ a a d
y í k ʼ a ʼ í
a d i i l t ʼ o ł
w o ł d e e ł
n i j i z y į ́
j i ł ʼ e e ł
n e i s k á á ʼ
a h o h g ą ́
o ł c h i n
h a i k a a ł
s h í n a a í
i i l c h i n
w o ł t ʼ i h
a j i ʼ e e ł
d í í t ʼ o ł
y i ł ʼ e e ł
n i s m á á s
a d e e s h t i ł
n o ł d ó ó h
n á s h k w i
y i s t s ʼ í í d
y i s h c h o z h
d e i s é é h
n i d e i l é
a j í í m á á z
d o o ł n á á ł
j i d i s é í
d a j i s ʼ é é l
d a a h h a a s
d a n i h i j á á d
j i d i ʼ i l
d a s o o ł ʼ a a d
ł i n i i t s x o
s h i z á a n i i
h ó l n e ʼ
j i ł j i i d
a d e e z h í
n i h i z h í
y i s d z í í d
n i s o o t a z
y i ł j i i d
y i i d z í í d
n d í í l o h
n a a ł t ʼ i ʼ
s h i n á z i z
b i d e e z h í
s h i n á á ʼ
n a n i l o ʼ
n i h i k ą ʼ
d a n i h i z ǫ ʼ
y i d o o j i h
i i l t ʼ o o d
d a o o ł ą ą d
n i d a j i ł t é
n i d á y i ʼ
a j í í ł j i d
y i i t ʼ ó ó d
d i i c h i h
y i s h ʼ i s h
d a a ł t s o ʼ
n i h i k ą ʼ
h a i i l k a a l
n i h i n í í ʼ
n j i s k á á ʼ
a n a a l t e ʼ
n i h i n í í ʼ
d e i ł j į z h
y i i d z i i d
n i s é ł k á á ʼ
h a t s ʼ í í s
d e i i g i z h
y í n í z e e z
w o ł t ʼ o o d
i i ł t ʼ o o d
j i z h g i s h
y i i t ʼ o o d
d i i l j į s h
h w i i l n e ʼ
y i t s ʼ í í s
n i l k e e d
d e i i t ł e e h
n d i i ʼ n a h
d a d i j o o l
d e i i l ą ą d
y i ł t ʼ á á h
y i i l t e e h
y i s h t e e h
w o ł z h ó ó h
i i l t ʼ á á h
y í n í z ǫ ́ ǫ ́ z
n j i s t ʼ a ʼ
o ł z h i s h
y i i l t s o ʼ
í í n í t e e l
j o o ł t s o s
y i d o o l d a h
y i s h j e e h
y i i l d é é l
d e e s h d o h
d a j i s t į ́
d a h o j i t a a ł
y o o ʼ n é é h
s h i j ó ó z h
d e e s h d a h
d a d i i d i ł
y i s t ʼ e e s
n i h í t á á ʼ
h a d i i g o ł
d e i ł t e e h
s i i l g h a ł
n i h í t á á ʼ
d e i s h ǫ ǫ h
d a j i z i i d
n i i ʼ n e e z
d i i l z h o h
á l á t s í í n
d a j i d e e ł
y i i g i z h
a d o o ł j i ł
j o o l d e e ʼ
n i d a j i l é
y i i t s ó ó h
d i d o o k o h
y i i l z é é h
n a a ł ʼ e e ł
h a a ł ʼ e e ł
d e í ł k e e d
y i s h d é é h
h o j i t a a ł
y i s h j į z h
d a a h s é é s
d a s o o g i s
n d a d i i d l o h
á n ó ł d í í l
d a j i z é é s
w o ł c h o z h
d e i i b á á h
y i ł c h o z h
í í n í m á á z
j o o z ǫ ́ ǫ ́ s
d a d i ʼ i l
d o o h d z i ł
h a n i k a a ł
y i i l g h a ł
y i i s h g i s h
y i i t ʼ á á ł
d a h o ł n e ʼ
h a i i k a a ł
w o ł t s ʼ ǫ ł
w o ł t ʼ e e s
a d o o h ʼ o ł
y i i l ʼ e e ł
n a n i t e e ł
y i s h t ʼ o ł
d a o o ł b a ʼ
a d e e s m a s
i i s h t e e ł
d e i i g a a s
d a y i i g i s
n á n í k w i
y i n i ł t s ą ́
d e í ʼ é é s h
b i n i i l t ʼ é
n d e i i ʼ n é
d a a ł n á á h
h a i ł h a a ł
n e i ł t ʼ i ʼ
n i s í n í y į ́
n i s h ó ó s h
n i h i c h ʼ i y ą ʼ
n i h i n á á ʼ
n d o o t ł i s h
n e i s t ʼ a ʼ
j i d o o j i h
d a n i h i z i z
n j i s t s e e d
n i h í n a a í
n d i i l ʼ o ł
n i h i k ʼ o s
d e i i d z í í d
d a n i h i t o ʼ
n a a s h t ʼ i ʼ
n i h i g a a n
n i h i n á z i z
n d o o ł ʼ o ł
d i n o h j o o l
n d í í ł ʼ o ł
d a d e e z k w i h
d a a h d l e e ʼ
d a n i h i z h í
y í t ł i z h
n i h i g h a n
d e i i l k e e d
n i s o o ł k á á ʼ
d e i z h j é é ʼ
d a j í ʼ e e ł
d a j i ł j i i d
d a j i z d é é l
n i d a a h t i n
n e i i l g i z h
n i h i c h a a n
n i l d l ó ó s h
y i i l t ʼ ó ó d
j i d o o g i s h
d e i i l d e e ʼ
n e i ł t s e e d
n i d a a z n e ʼ
d e i s h í í s h
n i h i j á á d
n i h i t s i i ʼ
n i d a j i t i n
h a a s h t ʼ e ʼ
d o o ł d l o s h
h a i i l t ʼ e ʼ
y i i b a ʼ
n i h i t s i i ʼ
y i i l t ʼ e e s
h a o o ł g e e d
d a y í í y i z h
y í n í ł d é é l
d a j i k ʼ ę ę h
j o o l z h ó ó ʼ
d a j i ł j į z h
d i n i i l y i ł
n i s i i t é é l
y i i l t s ó ó d
d e e s h j į s h
i i s i i l b ą ́
n i s í n í t a z
á n i i l d í í l
s h i c h ʼ í í ʼ
d a ʼ j i ł e e h
n d o o ł c h i ł
b i c h ʼ i y ą ʼ
d e i i l k ą ą h
y i i s h b á á h
d a o o ł d é é l
n i c h ʼ i y ą ʼ
h a d e i i l t ʼ e ʼ
n d í í ł c h i ł
i i c h ʼ i i z h
d a j i l d é é h
a d e i z ǫ ́ ǫ ́ s
n i h í k ʼ a ʼ í
d a z h d i ł i d
n d e e s h j o ł
d a d o o h d i ł
h a j i ł ʼ e e ł
d a j o o l d é é l
w o ł t ł ʼ é é h
b í l á t s í í n
h a d í í ł h a ł
h a d i i l k a ł
d e i i l d é é h
d i i c h ʼ i s h
d a o o h b á á h
d í í ł c h o s h
n d e e s t s i ł
d e i i d l ó ó z
d i i l c h o s h
n d a d i i t a s
d e i i t s ó ó h
y i d o o ł ʼ a a ł
i i t s ʼ ǫ ́ ǫ ́ d
n i s i i ʼ n e ʼ
h a d e i k a a ł
n d í í ʼ n e e ł
d a j i z h c h í í ʼ
w o o ł c h í í h
a j í í z ǫ ́ ǫ ́ z
a y í í ł t ʼ ó ó d
y i s h c h ʼ ą ł
h a a s h k a a ł
y i i l t s ʼ ǫ ł
y i y i i ł h a ł
n á h w i i d z o
a d a a h ʼ e e ł
h a o o ł t ʼ e ʼ
d a j i s m á á z
a d a a h t e e ł
a s o o t ł ʼ ǫ ́
j o o l c h ʼ ą ł
d i i d į ́ į ́ ł
s h o o ł j į z h
d a j í í s h ǫ ǫ d
a d í í ł t ʼ o ł
d a j í í l ó ó z
n í s h é s h o h
j i i n o h b a a h
y i i s t s é é h
d a h w i i d l e e h
n í d e i s h o h
h a d í í k ʼ ę h
d a n i h i z ę ę s
n d a s o o t a z
d a j í ʼ é é s h
d e i i l t s ą ́
j i y o o n a h
d a n i h i j á á d
n i h i k é y a h
y i d o o ł d o h
d e i ł t s o ʼ
d a n i h i k e e ʼ
d a n i h i z é í
a j í í s a a l
d a j í í ł d l á á d
a d e i i l j i i d
n i s i i l ʼ é é l
n i h a a d a a n í
j i d o o ł j į s h
n d a a ł ʼ e e ł
a d a j i ł j i i d
n d e e s h k a h
h a y í í k ʼ ę ę ʼ
d a d o o ł d a h
a s o o ł į ́ į ́ ʼ
d a n i h i z é é ʼ
d a n i h i n í í ʼ
d e i i l d l á á d
d a a h t ʼ e e s h
n a n i ł t s e e d
d a d i i t ʼ o ł
d a s o o ł t ł ʼ á
d a j i s h j į z h
n i d a j i ʼ n a ʼ
b í l á z h o o z h
s h i n a a l t e ʼ
d a n i h i k ą ʼ
s i t s o o ʼ
n i d a a s ʼ n a ʼ
d a n i h i g h a n
a d a a ł t ʼ á á h
d e i i t ł í í s h
n i s o o ł t ʼ a ʼ
n i h i t s ó ó k é
d a n i h i z h i ʼ
y i d o o ł t ʼ i s
n i ł e e t s ʼ a ʼ
n i d a s i i g į ́
n i t s i i g h a ʼ
y i i l z h í í s h
h á í n í ł ʼ é é l
k ʼ i d í l é
d a d o o ł h a s h
n i s o o ł t ʼ i ʼ
h a j í í ł t ʼ e ʼ
d a o o s h o o z h
j í í s h i i z h
d a s h o o j é é ʼ
s h i c h i d í
d i d o o ł j é é ʼ
d a j i i ł t s ą ́
h a j i ł g é é s h
d a j í í k ʼ ą ́ ą ́ z
n i j i s h c h i d
n i h i c h ʼ o z h
d o o h c h ʼ i s h
d a o o ł d l á á d
d o o h c h ʼ i s h
n i d a j i z t ą ́
n i d a a ł g i z h
n í l á z h o o z h
d a ʼ a l z h i s h
d e i i l t ʼ e e s
d e i d o o c h i h
h á í n í ł k a a l
a d a j i z ǫ ́ ǫ ́ z
d a j i ł d l a a d
a d a d o o h t i ł
d a d i i l z h o h
d a j í í s h o o z h
d a j i i ł b á á h
n i d a a ł c h i d
b i n á t ʼ é é z h
y i y í í ł ʼ a a d
w o h c h ʼ i i s h
d a j í ł t s ó ó s
n d a a z h t ł i z h
n í s h i i l z h o h
d e e s h c h o s h
d e i i d ǫ ́ ǫ ́ s
n e i d z į ́ į ́ s
h a d i i l g h a ł
h a i ł g é é s h
d e i i d ǫ ́ ǫ ́ z
h a d e e s h k a ł
s h i i l g h a s h
d a h o d i i t a ł
a j i i ł h á á s h
h a i i k ʼ ę ę ʼ
j i i j į ́ į ́ h
d e i i l c h o z h
h a d a a h k a a ł
h a d a a ł ʼ e e ł
y i y í í ł t ʼ a ʼ
n i s i i ʼ n a ʼ
n d a d o o ł j o ł
d a j i ł c h o z h
d e i t i ʼ
a s é ł į ́ į ́ ʼ
h a i i l g h a a ł
n d i i l t s ʼ ǫ ł
a d a s o o ʼ é é l
h a y í í ł t ʼ e ʼ
n d o o ł t s ʼ ǫ ł
n í d a h o j i z o
h a i k ʼ ę ́ ę ́ h
h a d a j i z k a l
d a o o t s o i i
d e i j į ́ į ́ ʼ
y í l d z i ł
í c h ʼ i i s h
n i s í n í ł k á á ʼ
d e i i l z é é h
i i d o o ł h o s h
y i i d ǫ ́ ǫ ́ s
y i i t ł ʼ į ́ į ́ ł
n d a a t a z
d a y í í ł k ą ą d
o o l z h i i z h
d a z h d o o j a h
d a n i h i k é y a h
n i s h i i t ł i z h
d a n i h i t ʼ ą ą ʼ
d a ʼ i i l z h i i z h
h a d a j i z g e e d
n d a a ł t s ʼ ǫ ǫ d
a d a s o o ł t ʼ a ʼ
n d i i t ł i s h
n d e i d o o ł k a h
n i s o o ł t s e e d
a d a j i t s ʼ ǫ ǫ d
n d e e s h t e e ł
n d a j i ł t ʼ a ʼ
h a y í í ł g e e d
a d a j i s t ʼ ó ó d
n i d a a ł c h i d
d a n i h i d o h
b i t s i i g h a ʼ
n i d e i i l g i z h
n d e e s h t ʼ a h
h a d a a ł t ʼ e ʼ
y i y í í z i i d
n i d a s i i ʼ n e ʼ
n e i d o o ł g i s h
n d e i i l t ʼ a ʼ
n d e e s h t ʼ i h
d a n i h i t s i i ʼ
n i s h o o ł g i z h
d a a h c h ʼ i s h
d a o o h t s ó ó h
n d a s o o ł t ʼ a ʼ
d e i c h ʼ i s h
n i h i m á y á z h í
h a d a j i ł t ʼ e ʼ
h a d e i ł g é é s h
n d e e s t s ʼ ǫ ł
n d a d i i l c h i ł
d a y i i g i s h
n i d a j i ł c h i d
a d e i i l t ʼ é é h
d e i i l b á á h
h a z h d o o ł ʼ o ł
d a d o o ł c h o s h
n d a j i z d z į ́ į ́ z
a d a a h s ǫ ́ ǫ ́ s
n i z h d o o l j o ł
d a z h d o o c h a h
a d a s i i d ǫ ́ ǫ ́ z
n j i s t s ʼ ǫ ́ ǫ ́ d
d a o o c h ʼ i i z h
y i d í í ł h į ́ į ́ ʼ
d a z h d o o ł d i ł
n d a s i i l k á á ʼ
d a j i c h ʼ i i s h
d a y i i ł c h i i ʼ
n i h í l á t s í í n
j i d i ł h į ́ į ́ h
d a n i h í k ʼ a ʼ í
d a j í í ł c h o z h
y o o t ł ʼ į ́ į ́ ł
h a d a j i ł k a a ł
d a ʼ s i i t ł ʼ ǫ ́
y i d i ł h į ́ į ́ h
h a d e i i l k a a ł
d a ʼ i i l z h i s h
n i h í t s ą ́ ą ́ ʼ
h a a h k ʼ ę ́ ę ́ h
n d a d o o ł g i s h
n i ʼ d o o c h ʼ ą h
d a j i c h ʼ i s h
d a y i i ł t s ó ó d
n d a z h d o o t i ł
d a j i i ł t s o o d
d a d i i d į ́ į ́ ł
n d a d i i ʼ n e e ł
h a d a j i ł h a a ł
d a d i i d į ́ į ́ ł
a h o o g ą ́ ą ́ ʼ
d a h a z l į ́ į ́ ʼ
d e i c h ʼ i i s h
a d a d o o ł t ʼ o ł
n d a d o o ʼ n e e ł
d a d i i l j į s h
n d a j i z h t ł i z h
d í í n í ł h į ́ į ́ ʼ
y i d o o d į ́ į ́ ł
d a h o d o o ł n i h
a d a j i ł t ʼ é é h
h a d a d i i l g o ł
n i d a j i s h g i z h
n i h i ł e e t s ʼ a ʼ
d a n i h i t s ʼ í í s
d i z h d í í ł j é é ʼ
n i z h d o o ł c h i ł
d a h o z h d o o t a ł
d e e s h t ł ʼ é é ł
n i h i n á t ʼ é é z h
n d a d i i l t e e ł
j i n é é ł ʼ į ́ į ́ ʼ
n i h i n á t ʼ é é z h
d a n i h i c h ʼ í í ʼ
n e i s t s ʼ ǫ ́ ǫ ́ d
d e i d o o g i s h
d a z h d o o l z h o h
d e í n í i j á á h
y i y í í c h ʼ i i z h
d a n i h i t s ó ó k é
n d a z h d o o l j o ł
h a d e i d o o k a ł
d a ʼ o h c h ʼ i i s h
h a d e i i l g h a a ł
d a ʼ o o ł z h i i z h
n e i d o o ł t e e ł
c h ʼ í n í s h á á h
n d a s h o o ł j o o l
n d a s i i l t s e e d
n d e e s h ʼ n e e ł
n á á n í s d z á
a d e e s h t ł ʼ ó ó ł
d a ʼ j i i ł h a a z h
d a ʼ j i s ł į ́ į ́ ʼ
y i s d á d o o ł ʼ o ł
d a d o o h d į ́ į ́ ł
d a ʼ d i i t ł ʼ ó ó ł
n d a z h d o o ʼ n a h
i i d o o ł t ʼ a h
h a d e i d o o ł ʼ o ł
d a n i h i n á z h i i n
a d e i d o o ł t ʼ a h
n i d a s h i i l g i z h
n í d a s h i i l z h o h
d a j i i s i i b a ʼ
h a d a s h o o ł g i z h
d í n í i l ʼ į į ł
i i s h n é é h
n i n á d a a ʼ n e e h
n i d a j i s ʼ n a ʼ
n d e i d o o ł t ʼ i h
n e i d o o ł t s ʼ ǫ ł
n i d a s h o o ł c h i d
d a j i j o o z b a ʼ
n d e i d o o d z į ́ į ́ s
d a d i y i i l y é é ł
d a z h d o o c h ʼ i s h
d a n i h i c h ʼ o o n í
d a d o o ł t ł ʼ i i z h
d a ʼ a h i i g ą ́ ą ́ ʼ
n í d a h o h s o
d a n i h i k é t s í í n
n d e i z d z į ́ į ́ z
d a n ó o ł ʼ į ́ į ́ ʼ
d e i d i ł h į ́ į ́ h
d a ʼ i i d o o ł h o s h
n e e t ʼ į ́ į ́ ʼ
d e í n ó ł t s ʼ ǫ ǫ d
h a d a j i s x a a l
d i s i i t s ʼ ą ́ ą ́ ʼ
h a d a a h k ʼ ę ́ ę ́ h
d e i n i i l y é
n i d a ʼ i i c h ʼ ą ą h
k ʼ i d a d o o l á
d a ʼ i i d i i l b į į ł
s h i j é í d í s h j o o l
c h ʼ í d o o ł d l o s h
d a h o j í l c h i n
í d a h o o ł ʼ a a h
d a n i h i t s i i g h a ʼ
c h ʼ í n i i l d l ó ó s h
y i y í í z ǫ ́ ǫ ́ z
d a n i h í t s ą ́ ą ́ ʼ
c h ʼ í d e e s h d l o s h
n d a s o o ł t s ʼ ǫ ́ ǫ ́ d
h a z h d o o ł t ʼ e e ł
c h ʼ í n i i t ʼ a a s h
d e i ʼ i z
n d a z h d o o d z į ́ į ́ s
d e i d i i l t s é é ł
a d í í n í ł d í í n
n d a z h d o o t ł i s h
d a z h d i y o o ł h é é ł
n d a z h d o o t į ́ į ́ ł
á n i i d i n
y i s d á d a d o o ł ʼ o ł
d e í n ó h ʼ e e ł
d e i d í n ó o ł ʼ į į ł
d e i d i i ł t ł ʼ í í s h
y i s d á d a d i i l ʼ o ł
c h ʼ í n í s h d l ó ó s h
h e e s h g h a l
n d a s i i l t s ʼ ǫ ́ ǫ ́ d
h o o ł n e ʼ
d a n i h í l á z h o o z h
d e i i l g h a s h
d e í ł t ʼ é é h
j i n e e z k é
d a ʼ o o ł h á á s h
d a a h ł ą ą h
h a d a z h d o o ł t ʼ e e ł
a j i i ł h a a z h
d a j i z h j a a ʼ
a d a s i i t ʼ é é l
d a ʼ i i z h d o o ł b į į ł
n o o k e e h
n i d a ʼ j i z h c h ʼ ą ą ʼ
n ó s h d a a h
d a j i s n á
d a n i h i t s é k ʼ e e
n á á n á d á á h
y i s h d é é l
d a j i l k ʼ a i i
n ó o ł ʼ į ́ į ́ ʼ
d a d i n o h t ł é é ʼ
k ʼ i d o o l á
n d í í n e e ł
c h ʼ í d a n i i l d l ó ó s h
d a j i y e e c h é é h
i i z h d o o ł b į į ł
w o o ł t s ó ó d
n í d a s o o h d l į ́ į ́ ʼ
d e i i ʼ n i i ʼ
d e i n i i h
d a a l t s ą ́
n á h ó ł n i h
d e í n í i d ǫ ́ ǫ ́ s
d e i d i i ł t ł ʼ i i z h
d a d é e s x é é l
i i z h d o o ł h o s h
n i d a ʼ a z h c h ʼ ą ą ʼ
d a a w o d
n i i t ʼ į į h
c h ʼ í n o o h k a i
á d a n o ł t s ʼ ó ó z í
d e i d i y o o ł h é é ł
d a o o h j į ́ į ́ h
i i n o ł b į į h
ł i k ʼ a i i
c h ʼ í d a n o o ł d l o o z h
d a a h d ą ́
a d a a ʼ e e ł
j i d í n ó o ł ʼ į į ł
d a ʼ i i c h ʼ i i z h
d a ł i n i i k ʼ a i i
h a n o o d a a ʼ
n í d a h w i i l n i h
d a n i i t ʼ į į h
a d o o m a s
d a h i n o o h c h a ʼ
n í d a j i d l e e h
d e i i t ʼ i z
n d e i d i y o o ł n i h
c h ʼ í d i i t ʼ a s h
a h í í n í g ą ́ ą ́ ʼ
a d a a t s ʼ ǫ ǫ d
n a h í n í ł n i i ʼ
j i y o o c h a h
d a ʼ i i d i i l w o s h
b i b a d i d o o h k a h
s h i k é t s í í n
d a j í l c h ʼ ą ą ł
n d e i d o o ł g i s h
