d e i i l t s ą ́
d a d i i d į ́ į ́ ł
a j i i ł h á á s h
d e i i l t ʼ e e s
n i d a a ł g i z h
n i l d l ó ó s h
n á á d o o h k a h
h a d a j i z g e e d
d a y o o ʼ n é é h
h a y í í ł t ʼ e ʼ
a d a a h t e e ł
j i ł d e e ł
d e i c h ʼ i i s h
n i h i n í í ʼ
j i d í n ó o ł ʼ į į ł
n i z h d o o ł c h i ł
d i d o o k o h
j i d ą ́
a d a s i i t ʼ é é l
y i s h ʼ i s h
d a d o o ł c h o s h
d a n i h i z h i ʼ
s h o o ł j į z h
d i i c h i h
d a n i h í k ʼ a ʼ í
a d a s i i d ǫ ́ ǫ ́ z
d í í n í ł h į ́ į ́ ʼ
d a h w i i ʼ n i i h
n i h i ł e e t s ʼ a ʼ
n i d e i i l g i z h
d a j i i ł t s o o d
d a z h d i ł i d
d e i i b á á h
b i t s i i g h a ʼ
d a ʼ o h c h ʼ i i s h
n d e e s h k a h
n i h í t á á ʼ
d a d o o ł t ł ʼ i i z h
w o o ł c h í í h
n d a j i z h t ł i z h
d a j i c h ʼ i i s h
n d i i ʼ n a h
h a i i k a l
h a d e i d o o ł ʼ o ł
b i l a h
n á h á s o
j i i l g h a a ł
a h o o g ą ́ ą ́ ʼ
h a k ą ʼ
y i i l t ʼ ó ó d
b i b i d
d e í n ó h ʼ e e ł
d o o ł d a h
d a z d é e s x é é l
y i d o o ł d o h
d a j í l c h ʼ ą ą ł
y i s t s ą ́
d a n i h i k e e ʼ
b i b a d o o t ʼ a a s h
j i n é é ł ʼ į ́ į ́ ʼ
a d a d o o h t i ł
d o o ł n á á ł
y i s ʼ i s
á k ʼ a ʼ í
c h ʼ í n í s h d l ó ó s h
d a y í í y i z h
a k ʼ a h
n i s h o o ł g i z h
d i i l d o h
d e i i l c h o z h
í c h ʼ i i s h
d a j í ʼ e e ł
n i h i g h a n
i i s h t e e ł
i i l t ʼ ó ó d
a d e e s h t i ł
a d í í n í ł d í í n
n i h i c h ʼ i y ą ʼ
n i s o o ł t ʼ a ʼ
n i h i n á z i z
d e i i d l ó ó z
b i n i i l t ʼ é
h a a s h k a a ł
y i s h z h ó ó ʼ
d a n i h i t s i i g h a ʼ
n i h i n á á ʼ
b i k e e ʼ
d a j í ʼ é é s h
s i t s o o ʼ
n í d e i s h o h
d a d o o h d i ł
d e i j į ́ į ́ ʼ
y i i l t s o ʼ
d i n i i l y i ł
á n i i l d í í l
á d a n o h d i n
h á t á á ʼ
n d a s i i l t s ʼ ǫ ́ ǫ ́ d
y i ł t ʼ o ʼ
n i s h ó ó s h
j o o ʼ a s h
n í l á z h o o z h
y o o n a h
y i s h d é é l
h o ł n e ʼ
n i d a j i ł c h i d
w o ł t ʼ e e s
n i h i n í í ʼ
d a y i i b á á h
á d e i i d z a a
y í t ł i z h
n d í í l o h
d a j i i ł b á á h
d a d o o ł d a h
n j i s t s ʼ ǫ ́ ǫ ́ d
y i s h t ʼ o ł
b í l á z h o o z h
n d a s o o ł t ʼ a ʼ
d a s o o g i s
y i b a d ó y a ʼ
n ó d a a h
w o ł t ʼ o o d
n e i i d l o ʼ
i i c h ʼ i i z h
d a o o s ą ́
d e i z h j é é ʼ
k ʼ i d a d o o l á
d í k ó ó h
n á h ó z o
d o h s é í
a h í í n í g ą ́ ą ́ ʼ
d e i ł t s o ʼ
n a n i t e e ł
y i t s ó í
n e i d o o ł t s ʼ ǫ ł
n a ʼ a z t ł ʼ ǫ ́
n i y e ʼ
h a i ł g é é s h
n d e i i ʼ n é
d e i s d o
d i n i s t s x i z
n d e i d o o ł t ʼ i h
d e i z t ł é é ʼ
d a n i i t ʼ į į h
s h i j é í d í s h j o o l
a j i i ł h a a z h
a d a a h ʼ e e ł
y i s h ʼ á
n d a d i i l c h i ł
n d a a ł t s ʼ ǫ ǫ d
h á á g e e d
s i i l g h a ł
s h i g a a n
d í í ł c h o s h
h a d e i k a a ł
n í d a h w i i l n i h
y i j á á d
a d a a ł t ʼ á á h
d a o o t s o i i
h o h n i i h
n i h i c h ʼ o z h
n d a d o o ʼ n e e ł
n i d a a s t ʼ a ʼ
h o o ł n e ʼ
á n ó ł d í í l
y i s d á d a d o o ł ʼ o ł
d a z h d i y o o ł h é é ł
d a h o j í l c h i n
y i n á z i z
w o ł k i ł
n á z h n í k e e h
d e í n í i l d z í í l
h a t ʼ ą ą ʼ
h a d e i i l g h a a ł
n i ł j i i d
d a ʼ o o ł z h i i z h
n e i d o o ł t e e ł
h a z h d o o ł t ʼ e e ł
í í n í m á á z
d a n i h i c h ʼ o o n í
n i s í n í y į ́
d a ʼ a h o o g ą ́ ą ́ ʼ
h a d a a ʼ
n á h í l á á h
d a a w o d
y i i l t e e h
j í ł d ó ó h
j o o l c h ʼ ą ł
d a j i z i i d
a d a d o o ʼ o ł
n i s é ł k á á ʼ
h a n i k a a ł
n á á n ó h k á á h
h a d e i ł g é é s h
h o j i t a a ł
h a i ł h a a ł
d í n í i l ʼ į į ł
á d a j í ł t s ʼ ó ó z í
n a a s h t ʼ i ʼ
d a z h d o o c h a h
c h ʼ í d a n o o ł d l o o z h
d o o h c h ʼ i s h
b i b a ń d i i k a h
d e i d o o c h i h
n i d a a s ʼ n a ʼ
d a d e e d z a ʼ
j í í s h i i z h
d e i i t ł í í s h
h a d a a h k ʼ ę ́ ę ́ h
n i h i j á á d
n a a s t ʼ a ʼ
j í n e e z
n i h i b i d
á t ʼ į ́
n d e i d i y o o ł n i h
c h ʼ í z h n í ʼ á á z h
d a d e e z k w i h
j i z h g i s h
o ł z h i s h
n i i t ʼ į į h
y i s h c h o z h
d e i i l d l á á d
i i t e e ł
n d a a ł ʼ e e ł
a d e e s m a s
d a ʼ i i l z h i i z h
j i d o o ł j į s h
j i i ł h é
d e i ł t e e h
a d o o m a s
n i d a s h o o ł c h i d
y i s h n á á h
y i l ʼ i s
n é i i k w i
n d í í ł c h i ł
h a b í z h í
j o o ł t s o s
y i y i i ł h a ł
j i ł ʼ e e ł
h a d e e s h k a ł
d a z h d o o c h ʼ i s h
y i i d ǫ ́ ǫ ́ s
c h ʼ í n o o ʼ á á z h
n e i l é
d a j i z h j a a ʼ
h a d a s h o o ł g i z h
n i s o o ł t s e e d
d i ł h i ł
j í í n i i ʼ
n e i i l g i z h
d a h o n i i l c h i n
y í ł d ó ó h
n i s í n í t a z
n d o o ł c h i ł
y i s é é h
d e i d i y o o ł h é é ł
n í s h é s h o h
a d a a ʼ e e ł
d a n i h i z h í
y i d o o l d a h
n á á n i i k á á h
n d e i d o o ł g i s h
n i s o o ł t ʼ i ʼ
y í g h a z
n i h í t s ą ́ ą ́ ʼ
y í j i h
d o o h c h ʼ i s h
d e i i j į ́ į ́ ʼ
d i i l j į s h
d e e s h d o h
n i d a j i s h g i z h
d e í n í i d ǫ ́ ǫ ́ s
y o o ʼ n é é h
n á á n á d á á h
d e i i l g h a s h
n é i i d l e e h
y i y í í ł t ʼ a ʼ
d a n ó o ł ʼ į ́ į ́ ʼ
y i t s i i ʼ
d a n i h i g h a n
j i d o o j i h
d a s i n o o ʼ į ́ į ́ ʼ
n i n á d a a ʼ n e e h
i i t s ʼ ǫ ́ ǫ ́ d
d a n i h i z ę ę s
a j í í ł j i d
b i t s ó í
d a j i s t į ́
b i b a z d o o z h ʼ á á z h
c h ʼ é é í n í s i d
h a j i ł g é é s h
y i s h ʼ á
d i n i i b į į h
d e i d i i ł t ł ʼ í í s h
h a d a j i ł h a a ł
n i h i z h í
i i ʼ m á á z
d a o o h t s ó ó h
n i h i k ą ʼ
d e i i g a a s
h a y í í k ʼ ę ę ʼ
d o o ł d l o s h
d i z h d í í ł j é é ʼ
h ó l n e ʼ
h a d a d i i l g o ł
d a n i h i j á á d
d a ł i n i i k ʼ a i i
h a k ʼ i s
a d o o h ʼ o ł
d e i ł h i z
i i z h d o o ł b į į ł
y i n i ł t s ą ́
n d e i d o o ł k a h
y i n á á ʼ
n i h i t o ʼ
e e s h z h i i z h
n d a a z h t ł i z h
y i s h j e e h
n i i ʼ n e e z
i i l t ʼ i ʼ
d a a h d l e e ʼ
w o ł t ʼ i h
d o o h j i h
d e i z k ʼ ą ́ ą ́ z
n d o o t ł i s h
b i z á z í
a d a j i s t ʼ ó ó d
n d o o ł ʼ o ł
n i d a s i i ʼ n e ʼ
n i s h i i t ł i z h
j i y o o n a h
s h í n a a í
d a o o ł ą ą d
d a j i ł d l a a d
a z h í
y i i s h g i s h
s h i k é t s í í n
y i y í í c h ʼ i i z h
s h i j ó ó z h
n d o o ł t s ʼ ǫ ł
n j ó n e ʼ
n i d á y i ʼ
n a a ʼ n a ʼ
h a d a j i ł t ʼ e ʼ
a h i j o o g ą ́ ą ́ ʼ
d e i i l ą ą d
n í d a s o o h d l į ́ į ́ ʼ
d e i n i i h
y i s d z í í d
y i y í í l ó ó z
h w i i l n e ʼ
h a i i k ʼ ę ę ʼ
h a d í í ł h a ł
d a d i i l j į s h
y i i g i s h
b i d a n i i l t ʼ é
w o o ł t s ó ó d
h a z é é ʼ
y i g o d
n i n á á ʼ
d a j í í s h ǫ ǫ d
d a z h d o o j a h
d a s h o o j é é ʼ
n e i d o o ł g i s h
d a n i h i z i z
h a z ǫ ʼ
h a n o o d a a ʼ
n i t s ó í
a d a a s á á ł
h á n a a í
d a ʼ d i i t ł ʼ ó ó ł
h a d a a ł t ʼ e ʼ
a j i z ǫ ́ ǫ ́ s
a d a s o o ʼ é é l
d a y i i g i s
d a d e e k w i h
a c h ʼ o z h
y í l c h ʼ ą ł
y i s h c h ʼ ą ł
á n ó ł t s ʼ ó ó z í
c h ʼ í n o o h k a i
d a d o o ł h a s h
y i s h j į z h
j i ł j į z h
d i s é í
d a o o h b á á h
n á n í k w i
y í ł ʼ a a d
i i l t ʼ á á h
h a d a z h d o o ł t ʼ e e ł
y i d e e ł
b i n o ł t ʼ é
d a d i j o o l
h a d a j i s x a a l
d a d i i d i ł
d a j í ł t s ó ó s
y i s h h a s h
n e e t ʼ į ́ į ́ ʼ
í d a h o o ł ʼ a a h
d a n i h i j á á d
h a d a d i i l t ʼ e e ł
w o l y é
a z é é ʼ
j i ł t s o ʼ
n d e i i l t ʼ a ʼ
y i s d é í n í ł ʼ é é l
d e i i d ǫ ́ ǫ ́ z
n d e e s t s i ł
n a a ł t ʼ i ʼ
n d a j i z d z į ́ į ́ z
d e i i l k e e d
d e i d o o g i s h
n i h i c h a a n
d i s i i t s ʼ ą ́ ą ́ ʼ
n i s o o t a z
d e í ł t ʼ é é h
n i d a a ł c h i d
i i ł t ʼ o o d
y í n í g h a z
d a o o ł d l á á d
n á s h k w i
ł i n i i t s x o
n i s m á á s
n d i i t ł i s h
j o o l k i d
y í n í z ǫ ́ ǫ ́ z
y í n í t i ʼ
d e i n i i l y é
a d a j i t s ʼ ǫ ǫ d
d a o o ł b a ʼ
d a d é e s x é é l
k ʼ i d a d i d i i l y é é ł
y i b í z h í
d e i i t ł e e h
y i y i d
d a o o ł d é é l
d i i l c h o s h
n j i s t ʼ a ʼ
h a j í í ł t ʼ e ʼ
a d i i t i ł
h a i i l g h a a ł
d a s o o ł ʼ a a d
d a n i h i k é t s í í n
a d í í ł t ʼ o ł
a t ł ʼ ó
c h ʼ í n i i t ʼ a a s h
j i ł j i i d
n i k é y a h
n i h i w o l
a j i t ł ʼ ó
n d a s h o o ł j o o l
h a d i i l t ʼ e e ł
n e i d z į ́ į ́ s
d e i d í n ó o ł ʼ į į ł
d a n i h i n í í ʼ
a n i m á á s
i i n é é h
y i i t ł ʼ į ́ į ́ ł
n i k e e ʼ
j í í ł j i d
d a a h ł ą ą h
d e i ł ą ą h
d a a h h a a s
a d í í n í s h d í í n
b i n á t ʼ é é z h
j i ł ʼ á
a d e i d o o ł t ʼ a h
h a k a i ʼ
n i d a j i t i n
n a n i ł t s e e d
s h i d o h
d e i l ó ó s
y i n i i h
n ó o ł ʼ į ́ į ́ ʼ
y í n í ł d é é l
n i d a ʼ a z h c h ʼ ą ą ʼ
d a n i h i k ą ʼ
í i n í n í z i n
d a j i d e e ł
n a n i l o ʼ
j i l k e e d
d a a h ʼ i z
d a d i i d į ́ į ́ ł
d a j í í g h a z
j o o z ǫ ́ ǫ ́ s
d a j i z h c h í í ʼ
d a d i ʼ i l
d a z h d í n ó o ł ʼ į į ł
n i z á z í
n i d a j i s ʼ n a ʼ
y i i l t ʼ e e s
n a a ł ʼ e e ł
d a j í í l ó ó z
s h i n a a l t e ʼ
d e i d z í í d
j í í c h a
d a a h c h ʼ i s h
n d a z h d o o t į ́ į ́ ł
y i ł ʼ e e ł
h e e s h g h a l
h a o o ł t ʼ e ʼ
d e e s h c h o s h
d e i ʼ i z
n a h í n í ł n i i ʼ
d e e s h j į s h
d a o o c h ʼ i i z h
h a d a j i z k a l
d a h o d i i t a ł
w o ł c h o z h
y i i t ʼ ó ó d
d a h o o l n e ʼ
b i c h ʼ i y ą ʼ
j i d i ʼ i l
d e i t i ʼ
d a h w i i d l e e h
n e i ł t ʼ i ʼ
n d a a t a z
n i d a j i ł t é
y i d i ł h į ́ į ́ h
y i ł t ʼ á á h
b i d e e z h í
j i z g i s
n i d a a h t i n
y i n o ł y é
h a a ł ʼ e e ł
j i g h a a s
d e i j e e h
i i t e e ł
n i d a ʼ j i z h c h ʼ ą ą ʼ
y i i b a ʼ
k ʼ i d í l é
y i y í í ł ʼ a a d
n i h í n a a í
d i d o o ł j é é ʼ
n d a z h d o o l j o ł
y i i t ʼ o o d
d a h o j i t a a ł
h a d i i l g h a ł
d a n i h í t s ą ́ ą ́ ʼ
n á á n o o h k a i
n i l k e e d
d e e s h t ł ʼ é é ł
y i d o o j i h
n i z h i ʼ
j i z í í d
d a d i y i i l y é é ł
n j i s t s e e d
y i i l z é é h
b i j a a ʼ
d a s o o ł t ł ʼ á
n i d e i l é
h a d e i i l t ʼ e ʼ
h a d e i i l k a a ł
d í í c h a h
d a n i n e e z
n d a z h d o o t i ł
d e i d i y o o h n a h
a y í í ł t ʼ ó ó d
n d a d i i t a s
y í c h a
n á á j í t ʼ a a s h
d a j í í s h o o z h
y i s h ʼ į ́
n i h í l á t s í í n
y i d a a ł t ʼ é
d e i i l b á á h
a d a j i z ǫ ́ ǫ ́ z
j í í z e e z
h a d i i l k a ł
n i h i k ą ʼ
h á á ł g e e d
a d e i i l t ʼ é é h
n i d a s h i i l g i z h
n d a d o o ł g i s h
n e i s t ʼ a ʼ
n í s h i i l z h o h
b i b a z h d ó ʼ a a s h
y i ł c h o z h
d o o c h a h
n o o k e e h
n i d a a z n e ʼ
n d a z h d o o t ł i s h
o o m á á z
j i i n o h b a a h
h a d a a h k a a ł
k ʼ i d o o l á
a n á á ʼ
d a z h d o o ł d i ł
d a j í í ł c h o z h
h o n i i l c h i n
j i d i s é í
n d a z h d o o d z į ́ į ́ s
n á y o o h ʼ n a h
y i j á á d
n d e i d o o d z į ́ į ́ s
d a y i i g i s h
d i i l t ł ʼ é é ł
d a d i i l z h o h
n i s o o ł k á á ʼ
d a o o h j į ́ į ́ h
b i b a d i d í í n á á ł
n í d a j i d l e e h
y i s d á d a j i s ʼ é é l
d a j i i ł t s ą ́
a j í í s a a l
n i h i k é y a h
y i z é é s
y i z á z í
n á n i i k e e h
w o ł t ł ʼ é é h
d a h o h n i i h
d o o h d z i ł
i i l t ʼ é é h
d a h a z l į ́ į ́ ʼ
y í n í n i l
b i b a n í z h d í ʼ a s h
d a n i h i n á z h i i n
n i h i t s ó ó k é
a c h a a n
d a ʼ j i i ł h a a z h
d e i ł ʼ á
y i d i y e e s h n a h
w o ł t s o s
d e i i ʼ n i i ʼ
j i i g i s h
a d e i i l j i i d
n i n é i i ʼ n e e h
s h i i l g h a s h
n i s i i l ʼ é é l
d a h í í n í i c h é é h
a z h i ʼ
j i t i ʼ
n i d a s i i g į ́
y i d o o ł ʼ a a ł
d e i s h í í s h
c h ʼ í d e e s h d l o s h
d a j i s ʼ é é l
h a d í í k ʼ ę h
y i d o o d į ́ į ́ ł
i i s i i l b ą ́
y i ł j i i d
y í ł d é é l
d e i d i i ł t ł ʼ i i z h
í i n i d z a a
n e i s t s ʼ ǫ ́ ǫ ́ d
j í í l ó ó z
h w í í n í l n e ʼ
s h i n á á ʼ
y i i l ʼ e e ł
y i i s t s é é h
d a n i h i d o h
y o o t ł ʼ į ́ į ́ ł
y i i g i z h
d a s o o k ʼ ą ́ ą ́ z
y í l d z i ł
y í ł t s o s
c h ʼ í n í y á
n i h i n á t ʼ é é z h
d a n i h i t ʼ ą ą ʼ
o ł c h i n
d a s i i l ʼ é é l
n o ł d ó ó h
d e i d i ł h į ́ į ́ h
d e í ʼ é é s h
d e i i l z é é h
y i s t s ʼ í í d
y i y í í z ǫ ́ ǫ ́ z
d a a l t s ą ́
w o ł j į z h
y i y í í z i i d
d a j i j o o z b a ʼ
d a j i l d é é h
d e i i t i ʼ
d a ʼ i i d i i l b į į ł
n i h i k ʼ o s
o o l z h i i z h
c h ʼ í d a n i i l d l ó ó s h
d e i i l k ą ą h
d a ʼ i i d o o ł h o s h
d i i d į ́ į ́ ł
d a j í í ł d l á á d
y i i g i z h
h á í n í ł ʼ é é l
d e i s o o ł y e ʼ
b i d á y i ʼ
n i s i i t é é l
n i h i n á t ʼ é é z h
y i s x a a s
d a a ł t s o ʼ
d a d i n o h t ł é é ʼ
j i i j į ́ į ́ h
d e i c h ʼ i s h
n a a s h ł o ʼ
h a o o ł g e e d
c h ʼ í j í g h á á h
a s é ł į ́ į ́ ʼ
d í í t ʼ o ł
n i j i z y į ́
y i i l d é é l
s h i c h ʼ í í ʼ
d a ʼ a l z h i s h
d e i i c h a
d e e s h d a h
y i b i d
n d e e s h j o ł
n i ʼ d o o c h ʼ ą h
d e i i g i z h
d a j i z d é é l
j o o l t a ł
y i i d z í í d
n j i s k á á ʼ
n d e i z d z į ́ į ́ z
n á á n í s d z á
d a j i k ʼ ę ę h
á n i i d i n
y i t s ʼ í í s
h a i i l t ʼ e ʼ
y i s h t e e h
s i i l n á
a j í í m á á z
i i l t ʼ o o d
j i y o o c h a h
d a j i l k ʼ a i i
d a j í í k ʼ ą ́ ą ́ z
n a a t ʼ a ʼ
j i i s g h a l
d e í ł k e e d
n d a z h d o o ʼ n a h
n d e e s h t e e ł
n á h ó ł n i h
c h ʼ í d a a l d l ó ó s h
h a d a j i ł k a a ł
n a h á ł n i i ʼ
i i d o o ł t ʼ a h
n i h í k ʼ a ʼ í
w o ł t s ʼ ǫ ł
d a ʼ s i i t ł ʼ ǫ ́
o o h n é é h
n d í í d z į ́ į ́ s
d e i z í í d
n a a s h ʼ n a ʼ
d a o d i i l n i h
d i i l z h o h
n á h ó h ł á á h
n a a h n é
d a n i h i z é é ʼ
h a d i i g o ł
n d a d i i l t e e ł
d e i i d ǫ ́ ǫ ́ s
d a a h s é é s
c h ʼ í n i i l d l ó ó s h
i i d o o ł h o s h
n d a d i i ʼ n e e ł
h a i i k a a ł
c h ʼ í n í s h á á h
b i d a n o ł t ʼ é
d e i n o ł y é
h a a s h t ʼ e ʼ
n í d a h o h s o
j o o l z h ó ó ʼ
s í ł h é
h o n i s h c h i n
a d a a t s ʼ ǫ ǫ d
d a ʼ o o ł h á á s h
w o h c h a
s h i c h a a n
h a i k a a ł
d í í j i h
i i s h n é é h
a d a a s a a l
d e i s é é h
d a n i h i t s i i ʼ
y i i l z h í í s h
d a j i i s i i b a ʼ
d i i c h ʼ i s h
k ʼ i d i d i i l y é é ł
n e i ł t s e e d
n i h í t á á ʼ
b i t s o o ʼ
y i s x a ł
d a ʼ i i z h d o o ł b į į ł
h ó ó l n e ʼ
d a n i h i z ǫ ʼ
b i b a d i d i i t ʼ a s h
á l á t s í í n
d a o o s h o o z h
a j á á d
a d a d o o ł t ʼ o ł
b í l á t s í í n
i i n i ł h a a z h
d a y i i ł c h i i ʼ
c h ʼ í j í l d l o o z h
y o o ʼ n a h
c h ʼ í d e e s h á á ł
n i z h d o o l j o ł
h a d a a ł ʼ e e ł
n i d a j i z t ą ́
y í k ʼ a ʼ í
n i s i i ʼ n a ʼ
d a y i i ł t s o o d
b i b a d i d o o h ʼ a s h
d e í n í i j á á h
a s o o t ł ʼ ǫ ́
ł i k ʼ a i i
d e i i l d e e ʼ
c h ʼ í d o o ł d l o s h
d a ʼ a h i i g ą ́ ą ́ ʼ
j i d o o g i s h
n i j i s h c h i d
n d e e s h t ʼ a h
a j i ʼ e e ł
h a j a a ʼ
n i d a j i l é
n d í í n e e ł
b i b a d i d e e s h á á ł
n i ł t e e h
a h o h g ą ́
n i h i m á y á z h í
n e i i ʼ n é
d e i ł j į z h
w o ł z h ó ó h
n i d a ʼ i i c h ʼ ą ą h
h a i i l k a a l
d a ʼ i i l z h i s h
n i s i i ʼ n e ʼ
a d i i l t ʼ o ł
n d a s o o ł t s ʼ ǫ ́ ǫ ́ d
d e i i t ʼ i z
d a y i i ł t s ó ó d
b i b a d i s o o ʼ á á z h
y i d í í ł h į ́ į ́ ʼ
i i n o ł b į į h
h a a h k ʼ ę ́ ę ́ h
s o o g i s
d a d i i t ʼ o ł
s é ł h į ́
d a h o z h d o o t a ł
n d e e s h t ʼ i h
k ʼ i d í í n í l á
n ó s h d a a h
n á h á l á á ʼ
n í d a h o s i i d z o
a y é é l
i i l c h i n
a n a a l t e ʼ
y i s t ʼ e e s
y i i l ą ą d
d a j i c h ʼ i s h
d í n í i b į į ł
n d a j i ł t ʼ a ʼ
n d a s o o t a z
n a h i i l n i i h
d a n i h i t s é k ʼ e e
n i d a j i ʼ n a ʼ
d a j i s n á
y ó ó n é é h
w o o s ą ́
h á í n í ł k a a l
d i n o h j o o l
y i i s h b á á h
y i i l t s ʼ ǫ ł
a d e e z h í
y i s h d é é h
b i b a d i d o o h k a h
h a i k ʼ ę ́ ę ́ h
y i i t ʼ i z
h a j i ł ʼ e e ł
n i d o o t ʼ a h
s h i c h i d í
y i i d z i i d
y i s d á d o o ł ʼ o ł
d a j i s h j į z h
j i d i ł h į ́ į ́ h
n e i s k á á ʼ
s h i n á z i z
n d a s i i l t s e e d
n i t s i i g h a ʼ
y i s í n í n a h
h a c h o ʼ
d a n i h í l á z h o o z h
y i i t s ó ó h
w o h c h ʼ i i s h
n i j i z l á
w o ł d e e ł
d a j i z é é s
d a n i h i t o ʼ
h a y í í ł g e e d
n i h i t s i i ʼ
y i k ʼ a h
y í n i i ʼ
d a z h d o o l z h o h
h a t s ʼ í í s
d a j o o l d é é l
d e i i t s ó ó h
i i z h d o o ł h o s h
n í n í d á
a z á a n i i
j i i ł b a ʼ
y i i l ʼ á
d e í n ó ł t s ʼ ǫ ǫ d
d e i y i i ł t s ą ́
n i h i g a a n
b i d a j í ł t ʼ é
d a n i h i t s ó ó k é
n i d a a ł c h i d
n á á z h d o o t ʼ a s h
d a j i s m á á z
n i s é n e ʼ
d a ʼ j i s ł į ́ į ́ ʼ
n i t s ʼ i n
n d í í ł ʼ o ł
y i i l g h a ł
d a ʼ i i d i i l w o s h
a h i g ą ́
n á h w i i d z o
j o o l d e e ʼ
d a n i h i k é y a h
n d a d o o ł j o ł
b í k ʼ a ʼ í
a d a j i ł j i i d
d a a h t ʼ e e s h
a s o o ł į ́ į ́ ʼ
d a n i h i t s ʼ í í s
n á h o s i i d z o
h a d e i d o o k a ł
s h i z á a n i i
d e i i d z í í d
y i d i y o o n a h
n a a h ł o ʼ
y i i ʼ n i l
d a j i y e e c h é é h
n d e e s h ʼ n e e ł
y i d o o ł t ʼ i s
a d e e s h t ł ʼ ó ó ł
n d e e s t s ʼ ǫ ł
y i i t ʼ á á ł
h e e s h c h a h
s é d é é l
n d í í ʼ n e e ł
d a z h d i ʼ n í ł d í í n
n d i i l ʼ o ł
h a z h d o o ł ʼ o ł
n í d a h o j i z o
n i c h ʼ i y ą ʼ
a j í í z ǫ ́ ǫ ́ z
á d a n o ł t s ʼ ó ó z í
n i h i t s i i ʼ
h a d á y i ʼ
n í d a s h i i l z h o h
j i n e e z k é
d a o o s y e ʼ
n i h i w o l
d e i s h ǫ ǫ h
y í n í z e e z
d a d o o h d į ́ į ́ ł
n d a s i i l k á á ʼ
d a d o o j a h
d a h i n o o h c h a ʼ
d a j i ł j i i d
d a n i h i c h ʼ í í ʼ
n e i i ʼ n é
n d a d i i d l o h
n i h a a d a a n í
d a n i h i z é í
a j á á d
y i s d á d a d i i l ʼ o ł
y i i l t s ó ó d
n i s é é h
a d a s o o ł t ʼ a ʼ
d a a h d ą ́
d a ʼ i i c h ʼ i i z h
a d a j i ł t ʼ é é h
j i n e e z d á
d a ʼ j i ł e e h
í í n í t e e l
d a j i ł j į z h
d a a ł n á á h
n d i i l t s ʼ ǫ ł
a d o o ł j i ł
d a h o d o o ł n i h
d a j i ł c h o z h
y i ł h i z
w o h ʼ i s h
a d a a h s ǫ ́ ǫ ́ s
d e i i l d é é h
n i s í n í ł k á á ʼ
c h ʼ í d i i t ʼ a s h
s h í n i ʼ
n i ł e e t s ʼ a ʼ
a d e i z ǫ ́ ǫ ́ s
d e i d i i l t s é é ł
d a y í í ł k ą ą d
d i i d í í ł j é é ʼ
n d í í t i ł
d a h o ł n e ʼ
y i i l ʼ a a d
n í d a h i s o o l á á ʼ
o o h m á á s
h o o h c h a h
d e i i d ą ́
