y i y i i ł t s ó ó d
d a d i i c h a h
n e e z d á
n j i z l o ʼ
d a y o o h n a h
n i h i t s ʼ í í s
a k ʼ é í
y i s t ʼ é
d a j i d l e e ʼ
a d o o ʼ o ł
n i h i z á z í
y i s h d l o o z h
c h ʼ í n i i k a i
d a n i h i z á z í
d e i i c h a
d a h w i i t a a ł
n e i d o o l o h
a d a a h n é é h
y i k ʼ ą ą s
n i h i z é é ʼ
j i i ł t s ó ó d
a a d a a n í
n i h i n á á ʼ
y í ł t ʼ ó ó d
n á h ó h s o
n d e e s h t į ́ į ́ ł
h a i i l g h a a l
n d a z h d o o ł t e e ł
n i h i t s ʼ í í s
h í í c h a h
j i ł m a z
n d i i ʼ n e e ł
í h o o ł ʼ a a h
á j í ł t s ʼ ó ó z í
y i s m a z
y i s d á j í í ł ʼ é é l
y i s h d l e e ʼ
n i h i d á y i ʼ
n d í í ł t ʼ a h
d a j í l ʼ é é s
n i k a i ʼ
y í n í c h a
d a o o h j į ́ į ́ ʼ
j í í y ą ́ ą ́ ʼ
d a n i h i d a a ʼ
d a d i i t s ʼ į ́ į ́ h
n d e i s t ʼ i ʼ
y i j á á d
d i i j i h
h o d o o h t a ł
n e i ł t s ʼ ǫ ǫ d
n i h i k ą ʼ
h ó t a a ł
n á y o o ʼ n a h
n i z h d o o t i ł
d a n i h i b í z h í
h i n i i c h a ʼ
a d a a ł j i i d
d e í ł ʼ á á h
a d a j i ł t ʼ o o d
b i t s i i ʼ
n i d a s o o ł t į ́
d a d i i l g h a s h
n i z h í
n i h i j á á d
j i d i z é é h
d e i k ʼ ę ę h
í d a h o o ł ʼ a a h
d e i s ʼ é é l
y i n í ł d o
d a n i h i c h o ʼ
s h i y é é l
d í í c h ʼ i s h
a d e i s t ʼ a ʼ
n í d a a s d l į ́ į ́ ʼ
d a j í í y ą ́ ą ́ ʼ
y i ł k ą ą h
k ʼ i d i i l y á
c h ʼ é é n ó h s í í d
y i n a a l t e ʼ
j i i ł h a ł
s h é g i s h
d a y í í t ʼ ó ó d
n d a a z t a z
h a d e i i g é é d
n i h i j a a ʼ
n á h w i i l n i h
j í í z i i d
d a j i i l g h a a ł
d e i d o o t ʼ o ł
j i d í í s é í
k ʼ i d a d i i l y é
d i i d i d o o ł j a h
n i h i c h a a n
n i d a ʼ a z t ł ʼ ǫ ́
d a h o h ł e e h
h a a h g é é d
j i l d e e ł
a n i z ǫ ́ ǫ ́ s
d a j i i s o o b a ʼ
y i i l t ʼ á á h
i i t ʼ é é l
n a a ł g i z h
d i d e e s t s ʼ į ́ į ́ ł
d a n i h i w o l
y i y í í g h a z
s h i i j é é ʼ
n í d a s i i k w i
n i l d i n
s í n í k ʼ ą ́ ą ́ z
s h i d á y i ʼ
s h i n á á ʼ
i i ł h a a z h
j i n í ł d o
y i i g i s h
d a n i h i t ł ʼ a a k a ł
d a s i i d é é l
s h o o g i s h
y í t ł i z h
d a z h d o o ł t ʼ i s
a d a s o o ł t ʼ ó ó d
a t s ʼ i n
d í n í k w i h
d a d í n í i l y é é l
i i n i i l b į į h
d z i ʼ i z
d o o ł t ł ʼ í í s h
n i z h d o o l o h
y i y í í ł d l á á d
n i s o o d z į ́ į ́ z
a s i i l c h ą ́ ą ́ ʼ
i i t e e l
n a o o n e ʼ
a d a s i i ʼ m á á z
n í n í ʼ į ́ į ́ ʼ
n d a z h d o o t a s
y i d i y o o h n a h
d e i ł n á á h
h a d e i d o o k ʼ ę h
n d í í ł t e e ł
y o o ł k i ł
d a n i h í t s ą ́ ą ́ ʼ
i i s h t ʼ é é h
a s i i l į ́ į ́ ʼ
h í í n í l g h a l
á n í l d í í l
d i n o h ʼ i l
n í d a h a a d l á á ʼ
b i y é é l
d a n i h a a d a a n í
b i n á á ʼ
y i l d l o o z h
d i d í í n í ł j é é ʼ
n i g o d
j í í z ǫ ́ ǫ ́ z
d a z h n i ʼ į į h
j i n í í ł
d a ʼ d o o t ł ʼ ó ó ł
h a c h ʼ o z h
j i z h t ʼ é é z h
d a o o t i ʼ
d a d i i c h ʼ i s h
n i h í k ʼ a ʼ í
d a d o o h k ó ó h
h a t ł ʼ e h
y i i ʼ n í í ł
d a z h d i z é é h
d a j i t ł e e h
b a a d a a n í
n i s h i i l c h i d
y í n í l d l o o z h
y i i l c h o z h
j í í t ł é é ʼ
d a j i i ł h é
n i d a s i i ʼ n a ʼ
a d é i i t ʼ į ́
á d a d i i ʼ n í í ł
á d a d o o h n í í ł
s í n í ł h į ́
n d e i d o o ł ʼ o ł
w o o ł t s o o d
y i n í í ʼ
d e i d o o ł h a s h
n i d a s i i t ą ́
n e i s t s e e d
n o h t ł ʼ a h
n e i ł ʼ e e ł
a z h d o o ł t ʼ i h
d i t s x i z
d e i i c h ʼ i i z h
á n í s h d í í l
s i t s ʼ i n
d o o h c h i h
h a d a d i i k a ł
d a a ł j i i d
y í l á z h o o z h
n d a h i d o o ł n i h
a d e e s h ʼ o ł
h a i i l t ʼ e ʼ
s h i j a a ʼ
n i s é ł t į ́
n d i i l t e e ł
d e í n í i t ʼ a a h
n d e i d o o ł t ʼ a h
d a d i i d l i d
s h i t ʼ ą ą ʼ
h a t s ó í
d a n i h i k ʼ a h
d a s h i i g i s h
n i d a h i i l n i i h
y i l d é é h
w o ł t a ł
y i i l t ʼ ó ó d
d i ʼ i l
h a c h ʼ i y ą ʼ
s é k ʼ ą ́ ą ́ z
y i z g i s
á d a a d z a
a d i i t ʼ o ł
j i d o o t ʼ o ł
d a h i n i i c h é é h
a d e i d o o ł j i ł
h a j í í k ʼ ę ę ʼ
n i k ą ʼ
d e i s n á
h a i ł t ʼ e ʼ
d e í n ó ł t ʼ é é h
d e e z a ʼ
a d a a h s á á ł
c h ʼ é l d l o o z h
n e i ł t é
í h o o ł ʼ ą ́ ą ́ ʼ
d e i i c h ʼ i s h
w o o l ó ó z
d a o o ł t s o o d
d a h o j i n i i h
a d a s o o ł t ʼ i ʼ
n a h í ł n i i h
í í ł t ʼ i ʼ
d a j i t ʼ o o d
d a y o o d ą ́ ą ́ ʼ
n i h i t s ʼ í í s
í í n í s a a l
s h o o t ʼ é é z h
s é ł n á
n d a z h d o o n e e ł
n i j i z t ą ́
y í n í t ł i z h
a d a s i i l t ʼ a ʼ
d a s h i i l j i d
h a d a j i ł h a a ł
n i h i z h í
i i ʼ m á á z
d a o o h t s ó ó h
n i h i k ą ʼ
d e i i g a a s
h a y í í k ʼ ę ę ʼ
d o o ł d l o s h
d i z h d í í ł j é é ʼ
h ó l n e ʼ
h a d a d i i l g o ł
d a n i h i j á á d
d a ł i n i i k ʼ a i i
h a k ʼ i s
a d o o h ʼ o ł
d e i ł h i z
i i z h d o o ł b į į ł
y i n i ł t s ą ́
n d e i d o o ł k a h
y i n á á ʼ
n i h i t o ʼ
n d a a z h t ł i z h
y i s h j e e h
n i i ʼ n e e z
i i l t ʼ i ʼ
d a a h d l e e ʼ
w o ł t ʼ i h
n d o o t ł i s h
b i z á z í
a d a j i s t ʼ ó ó d
n d o o ł ʼ o ł
n i d a s i i ʼ n e ʼ
n i s h i i t ł i z h
j i y o o n a h
s h í n a a í
d a o o ł ą ą d
d a j i ł d l a a d
a z h í
y i i s h g i s h
s h i k é t s í í n
y i y í í c h ʼ i i z h
s h i j ó ó z h
n d o o ł t s ʼ ǫ ł
n j ó n e ʼ
n i d á y i ʼ
n a a ʼ n a ʼ
h a d a j i ł t ʼ e ʼ
d e i i l ą ą d
n í d a s o o h d l į ́ į ́ ʼ
d e i n i i h
y i s d z í í d
y i y í í l ó ó z
h w i i l n e ʼ
h a i i k ʼ ę ę ʼ
h a d í í ł h a ł
d a d i i l j į s h
y i i g i s h
w o o ł t s ó ó d
h a z é é ʼ
y i g o d
n i n á á ʼ
d a j í í s h ǫ ǫ d
d a z h d o o j a h
d a s h o o j é é ʼ
n e i d o o ł g i s h
d a n i h i z i z
h a z ǫ ʼ
h a n o o d a a ʼ
n i t s ó í
h á n a a í
d a ʼ d i i t ł ʼ ó ó ł
h a d a a ł t ʼ e ʼ
a j i z ǫ ́ ǫ ́ s
a d a s o o ʼ é é l
d a y i i g i s
a c h ʼ o z h
y i s h c h ʼ ą ł
c h ʼ í n o o h k a i
d a d o o ł h a s h
y i s h j į z h
j i ł j į z h
d i s é í
d a o o h b á á h
n á n í k w i
y í ł ʼ a a d
i i l t ʼ á á h
h a d a z h d o o ł t ʼ e e ł
y i d e e ł
d a d i j o o l
h a d a j i s x a a l
d a d i i d i ł
d a j í ł t s ó ó s
n e e t ʼ į ́ į ́ ʼ
í d a h o o ł ʼ a a h
d a n i h i j á á d
w o l y é
a z é é ʼ
j i ł t s o ʼ
n d e i i l t ʼ a ʼ
d e i i d ǫ ́ ǫ ́ z
n d e e s t s i ł
n a a ł t ʼ i ʼ
n d a j i z d z į ́ į ́ z
d e i i l k e e d
d e i d o o g i s h
n i h i c h a a n
d i s i i t s ʼ ą ́ ą ́ ʼ
n i s o o t a z
d e í ł t ʼ é é h
n i d a a ł c h i d
i i ł t ʼ o o d
d a o o ł d l á á d
n á s h k w i
ł i n i i t s x o
n i s m á á s
n d i i t ł i s h
j o o l k i d
y í n í z ǫ ́ ǫ ́ z
y í n í t i ʼ
d e i n i i l y é
a d a j i t s ʼ ǫ ǫ d
d a o o ł b a ʼ
d a d é e s x é é l
y i b í z h í
d e i i t ł e e h
y i y i d
d a o o ł d é é l
d i i l c h o s h
n j i s t ʼ a ʼ
h a j í í ł t ʼ e ʼ
a d i i t i ł
h a i i l g h a a ł
d a s o o ł ʼ a a d
d a n i h i k é t s í í n
a d í í ł t ʼ o ł
a t ł ʼ ó
c h ʼ í n i i t ʼ a a s h
j i ł j i i d
n i k é y a h
n i h i w o l
a j i t ł ʼ ó
n d a s h o o ł j o o l
n e i d z į ́ į ́ s
d e i d í n ó o ł ʼ į į ł
d a n i h i n í í ʼ
a n i m á á s
i i n é é h
y i i t ł ʼ į ́ į ́ ł
n i k e e ʼ
j í í ł j i d
d a a h ł ą ą h
d e i ł ą ą h
d a a h h a a s
b i n á t ʼ é é z h
j i ł ʼ á
a d e i d o o ł t ʼ a h
h a k a i ʼ
n i d a j i t i n
n a n i ł t s e e d
s h i d o h
d e i l ó ó s
y i n i i h
n ó o ł ʼ į ́ į ́ ʼ
y í n í ł d é é l
n i d a ʼ a z h c h ʼ ą ą ʼ
d a n i h i k ą ʼ
d a j i d e e ł
n a n i l o ʼ
j i l k e e d
d a d i i d į ́ į ́ ł
j o o z ǫ ́ ǫ ́ s
d a j i z h c h í í ʼ
d a d i ʼ i l
n i z á z í
n i d a j i s ʼ n a ʼ
y i i l t ʼ e e s
n a a ł ʼ e e ł
d a j í í l ó ó z
s h i n a a l t e ʼ
d e i d z í í d
j í í c h a
d a a h c h ʼ i s h
n d a z h d o o t į ́ į ́ ł
y i ł ʼ e e ł
h e e s h g h a l
h a o o ł t ʼ e ʼ
d e e s h c h o s h
d e i ʼ i z
n a h í n í ł n i i ʼ
d e e s h j į s h
d a o o c h ʼ i i z h
h a d a j i z k a l
d a h o d i i t a ł
w o ł c h o z h
y i i t ʼ ó ó d
b i c h ʼ i y ą ʼ
j i d i ʼ i l
d e i t i ʼ
d a h w i i d l e e h
n e i ł t ʼ i ʼ
n d a a t a z
n i d a j i ł t é
y i d i ł h į ́ į ́ h
y i ł t ʼ á á h
b i d e e z h í
j i z g i s
n i d a a h t i n
h a a ł ʼ e e ł
j i g h a a s
d e i j e e h
i i t e e ł
n i d a ʼ j i z h c h ʼ ą ą ʼ
y i i b a ʼ
k ʼ i d í l é
y i y í í ł ʼ a a d
n i h í n a a í
d i d o o ł j é é ʼ
n d a z h d o o l j o ł
y i i t ʼ o o d
d a h o j i t a a ł
h a d i i l g h a ł
d a n i h í t s ą ́ ą ́ ʼ
n i l k e e d
d e e s h t ł ʼ é é ł
y i d o o j i h
n i z h i ʼ
j i z í í d
d a d i y i i l y é é ł
n j i s t s e e d
y i i l z é é h
b i j a a ʼ
d a s o o ł t ł ʼ á
n i d e i l é
h a d e i i l t ʼ e ʼ
h a d e i i l k a a ł
d í í c h a h
n d a z h d o o t i ł
a y í í ł t ʼ ó ó d
n d a d i i t a s
d a j í í s h o o z h
y i s h ʼ į ́
n i h í l á t s í í n
d e i i l b á á h
a d a j i z ǫ ́ ǫ ́ z
j í í z e e z
h a d i i l k a ł
n i h i k ą ʼ
h á á ł g e e d
a d e i i l t ʼ é é h
n i d a s h i i l g i z h
n d a d o o ł g i s h
n e i s t ʼ a ʼ
n í s h i i l z h o h
y i ł c h o z h
n o o k e e h
n i d a a z n e ʼ
n d a z h d o o t ł i s h
o o m á á z
j i i n o h b a a h
h a d a a h k a a ł
k ʼ i d o o l á
a n á á ʼ
d a z h d o o ł d i ł
d a j í í ł c h o z h
j i d i s é í
n d a z h d o o d z į ́ į ́ s
y i j á á d
n d e i d o o d z į ́ į ́ s
d a y i i g i s h
d a d i i l z h o h
n i s o o ł k á á ʼ
d a o o h j į ́ į ́ h
n í d a j i d l e e h
d a j i i ł t s ą ́
a j í í s a a l
n i h i k é y a h
y i z é é s
y i z á z í
w o ł t ł ʼ é é h
d o o h d z i ł
i i l t ʼ é é h
d a h a z l į ́ į ́ ʼ
y í n í n i l
d a n i h i n á z h i i n
n i h i t s ó ó k é
a c h a a n
d a ʼ j i i ł h a a z h
d e i ł ʼ á
w o ł t s o s
d e i i ʼ n i i ʼ
j i i g i s h
a d e i i l j i i d
s h i i l g h a s h
n i s i i l ʼ é é l
a z h i ʼ
j i t i ʼ
n i d a s i i g į ́
y i d o o ł ʼ a a ł
d e i s h í í s h
c h ʼ í d e e s h d l o s h
d a j i s ʼ é é l
h a d í í k ʼ ę h
y i d o o d į ́ į ́ ł
i i s i i l b ą ́
y i ł j i i d
y í ł d é é l
d e i d i i ł t ł ʼ i i z h
n e i s t s ʼ ǫ ́ ǫ ́ d
j í í l ó ó z
s h i n á á ʼ
y i i l ʼ e e ł
y i i s t s é é h
d a n i h i d o h
y o o t ł ʼ į ́ į ́ ł
y i i g i z h
y í l d z i ł
y í ł t s o s
n i h i n á t ʼ é é z h
d a n i h i t ʼ ą ą ʼ
o ł c h i n
n o ł d ó ó h
d e i d i ł h į ́ į ́ h
d e í ʼ é é s h
d e i i l z é é h
y i s t s ʼ í í d
y i y í í z ǫ ́ ǫ ́ z
d a a l t s ą ́
w o ł j į z h
y i y í í z i i d
d a j i j o o z b a ʼ
d a j i l d é é h
d e i i t i ʼ
d a ʼ i i d i i l b į į ł
n i h i k ʼ o s
o o l z h i i z h
c h ʼ í d a n i i l d l ó ó s h
d e i i l k ą ą h
d a ʼ i i d o o ł h o s h
d i i d į ́ į ́ ł
d a j í í ł d l á á d
y i i g i z h
h á í n í ł ʼ é é l
b i d á y i ʼ
n i s i i t é é l
n i h i n á t ʼ é é z h
d a a ł t s o ʼ
d a d i n o h t ł é é ʼ
j i i j į ́ į ́ h
d e i c h ʼ i s h
n a a s h ł o ʼ
h a o o ł g e e d
a s é ł į ́ į ́ ʼ
d í í t ʼ o ł
n i j i z y į ́
y i i l d é é l
s h i c h ʼ í í ʼ
d a ʼ a l z h i s h
d e i i c h a
d e e s h d a h
y i b i d
n d e e s h j o ł
n i ʼ d o o c h ʼ ą h
d e i i g i z h
d a j i z d é é l
j o o l t a ł
y i i d z í í d
n j i s k á á ʼ
n d e i z d z į ́ į ́ z
n á á n í s d z á
d a j i k ʼ ę ę h
á n i i d i n
y i t s ʼ í í s
h a i i l t ʼ e ʼ
y i s h t e e h
s i i l n á
a j í í m á á z
i i l t ʼ o o d
j i y o o c h a h
d a j i l k ʼ a i i
d a j í í k ʼ ą ́ ą ́ z
n a a t ʼ a ʼ
d e í ł k e e d
n d a z h d o o ʼ n a h
n d e e s h t e e ł
n á h ó ł n i h
h a d a j i ł k a a ł
i i d o o ł t ʼ a h
n i h í k ʼ a ʼ í
w o ł t s ʼ ǫ ł
d a ʼ s i i t ł ʼ ǫ ́
o o h n é é h
d e i z í í d
n a a s h ʼ n a ʼ
d i i l z h o h
n a a h n é
d a n i h i z é é ʼ
h a d i i g o ł
n d a d i i l t e e ł
d e i i d ǫ ́ ǫ ́ s
d a a h s é é s
c h ʼ í n i i l d l ó ó s h
i i d o o ł h o s h
n d a d i i ʼ n e e ł
h a i i k a a ł
c h ʼ í n í s h á á h
h a a s h t ʼ e ʼ
n í d a h o h s o
j o o l z h ó ó ʼ
a d a a t s ʼ ǫ ǫ d
d a ʼ o o ł h á á s h
w o h c h a
s h i c h a a n
h a i k a a ł
d í í j i h
i i s h n é é h
d e i s é é h
d a n i h i t s i i ʼ
y i i l z h í í s h
d a j i i s i i b a ʼ
d i i c h ʼ i s h
n e i ł t s e e d
n i h í t á á ʼ
b i t s o o ʼ
d a ʼ i i z h d o o ł b į į ł
d a n i h i z ǫ ʼ
á l á t s í í n
d a o o s h o o z h
a j á á d
a d a d o o ł t ʼ o ł
b í l á t s í í n
d a y i i ł c h i i ʼ
y o o ʼ n a h
n i z h d o o l j o ł
h a d a a ł ʼ e e ł
n i d a j i z t ą ́
y í k ʼ a ʼ í
n i s i i ʼ n a ʼ
d e í n í i j á á h
a s o o t ł ʼ ǫ ́
ł i k ʼ a i i
d e i i l d e e ʼ
c h ʼ í d o o ł d l o s h
d a ʼ a h i i g ą ́ ą ́ ʼ
j i d o o g i s h
n i j i s h c h i d
n d e e s h t ʼ a h
a j i ʼ e e ł
h a j a a ʼ
n i d a j i l é
n d í í n e e ł
n i ł t e e h
a h o h g ą ́
n i h i m á y á z h í
n e i i ʼ n é
d e i ł j į z h
w o ł z h ó ó h
n i d a ʼ i i c h ʼ ą ą h
h a i i l k a a l
d a ʼ i i l z h i s h
n i s i i ʼ n e ʼ
a d i i l t ʼ o ł
n d a s o o ł t s ʼ ǫ ́ ǫ ́ d
d e i i t ʼ i z
d a y i i ł t s ó ó d
y i d í í ł h į ́ į ́ ʼ
i i n o ł b į į h
h a a h k ʼ ę ́ ę ́ h
s o o g i s
d a d i i t ʼ o ł
s é ł h į ́
d a h o z h d o o t a ł
n d e e s h t ʼ i h
n ó s h d a a h
a y é é l
i i l c h i n
a n a a l t e ʼ
y i s t ʼ e e s
y i i l ą ą d
d a j i c h ʼ i s h
n d a j i ł t ʼ a ʼ
n d a s o o t a z
d a n i h i t s é k ʼ e e
n i d a j i ʼ n a ʼ
d a j i s n á
w o o s ą ́
h á í n í ł k a a l
d i n o h j o o l
y i i s h b á á h
y i i l t s ʼ ǫ ł
a d e e z h í
y i s h d é é h
b i b a d i d o o h k a h
h a i k ʼ ę ́ ę ́ h
h a j i ł ʼ e e ł
s h i c h i d í
y i i d z i i d
y i s d á d o o ł ʼ o ł
d a j i s h j į z h
j i d i ł h į ́ į ́ h
n e i s k á á ʼ
s h i n á z i z
n d a s i i l t s e e d
n i t s i i g h a ʼ
h a c h o ʼ
d a n i h í l á z h o o z h
y i i t s ó ó h
w o h c h ʼ i i s h
n i j i z l á
w o ł d e e ł
d a j i z é é s
d a n i h i t o ʼ
h a y í í ł g e e d
n i h i t s i i ʼ
y i k ʼ a h
y í n i i ʼ
d a z h d o o l z h o h
h a t s ʼ í í s
d a j o o l d é é l
d e i i t s ó ó h
i i z h d o o ł h o s h
a z á a n i i
j i i ł b a ʼ
y i i l ʼ á
d e í n ó ł t s ʼ ǫ ǫ d
n i h i g a a n
d a n i h i t s ó ó k é
n i d a a ł c h i d
d a j i s m á á z
d a ʼ j i s ł į ́ į ́ ʼ
n i t s ʼ i n
n d í í ł ʼ o ł
y i i l g h a ł
d a ʼ i i d i i l w o s h
a h i g ą ́
n á h w i i d z o
j o o l d e e ʼ
d a n i h i k é y a h
n d a d o o ł j o ł
b í k ʼ a ʼ í
a d a j i ł j i i d
d a a h t ʼ e e s h
a s o o ł į ́ į ́ ʼ
d a n i h i t s ʼ í í s
h a d e i d o o k a ł
s h i z á a n i i
d e i i d z í í d
n a a h ł o ʼ
y i i ʼ n i l
d a j i y e e c h é é h
n d e e s h ʼ n e e ł
y i d o o ł t ʼ i s
a d e e s h t ł ʼ ó ó ł
n d e e s t s ʼ ǫ ł
y i i t ʼ á á ł
s é d é é l
n d í í ʼ n e e ł
n d i i l ʼ o ł
h a z h d o o ł ʼ o ł
n í d a h o j i z o
n i c h ʼ i y ą ʼ
a j í í z ǫ ́ ǫ ́ z
á d a n o ł t s ʼ ó ó z í
n i h i t s i i ʼ
h a d á y i ʼ
n í d a s h i i l z h o h
j i n e e z k é
n i h i w o l
d e i s h ǫ ǫ h
y í n í z e e z
d a d o o h d į ́ į ́ ł
n d a s i i l k á á ʼ
d a h i n o o h c h a ʼ
d a j i ł j i i d
d a n i h i c h ʼ í í ʼ
n e i i ʼ n é
n d a d i i d l o h
n i h a a d a a n í
d a n i h i z é í
a j á á d
y i s d á d a d i i l ʼ o ł
y i i l t s ó ó d
n i s é é h
a d a s o o ł t ʼ a ʼ
d a a h d ą ́
d a ʼ i i c h ʼ i i z h
a d a j i ł t ʼ é é h
d a ʼ j i ł e e h
í í n í t e e l
d a j i ł j į z h
d a a ł n á á h
n d i i l t s ʼ ǫ ł
a d o o ł j i ł
d a h o d o o ł n i h
d a j i ł c h o z h
y i ł h i z
w o h ʼ i s h
a d a a h s ǫ ́ ǫ ́ s
d e i i l d é é h
n i s í n í ł k á á ʼ
c h ʼ í d i i t ʼ a s h
s h í n i ʼ
n i ł e e t s ʼ a ʼ
a d e i z ǫ ́ ǫ ́ s
d e i d i i l t s é é ł
d a y í í ł k ą ą d
n d í í t i ł
d a h o ł n e ʼ
y i i l ʼ a a d
o o h m á á s
d e i i d ą ́
n á á d o o h k a h
d a y o o ʼ n é é h
d a h w i i ʼ n i i h
n á h á s o
j i i l g h a a ł
d a z d é e s x é é l
y i s t s ą ́
b i b a d o o t ʼ a a s h
y i s h z h ó ó ʼ
á d a n o h d i n
j o o ʼ a s h
d a y i i b á á h
á d e i i d z a a
y i b a d ó y a ʼ
n ó d a a h
n a ʼ a z t ł ʼ ǫ ́
d i n i s t s x i z
d e i z t ł é é ʼ
h o h n i i h
n i d a a s t ʼ a ʼ
n á z h n í k e e h
d e í n í i l d z í í l
d a ʼ a h o o g ą ́ ą ́ ʼ
n á h í l á á h
a d a d o o ʼ o ł
n á á n ó h k á á h
á d a j í ł t s ʼ ó ó z í
b i b a ń d i i k a h
d a d e e d z a ʼ
n a a s t ʼ a ʼ
j í n e e z
c h ʼ í z h n í ʼ á á z h
y i s h n á á h
n é i i k w i
c h ʼ í n o o ʼ á á z h
d a h o n i i l c h i n
n á á n i i k á á h
y í g h a z
d e i i j į ́ į ́ ʼ
n é i i d l e e h
d a s i n o o ʼ į ́ į ́ ʼ
b i b a z d o o z h ʼ á á z h
c h ʼ é é í n í s i d
d i n i i b į į h
e e s h z h i i z h
d o o h j i h
d e i z k ʼ ą ́ ą ́ z
a h i j o o g ą ́ ą ́ ʼ
b i d a n i i l t ʼ é
a d a a s á á ł
d a d e e k w i h
y í l c h ʼ ą ł
á n ó ł t s ʼ ó ó z í
b i n o ł t ʼ é
y i s h h a s h
h a d a d i i l t ʼ e e ł
y i s d é í n í ł ʼ é é l
y í n í g h a z
k ʼ i d a d i d i i l y é é ł
h a d i i l t ʼ e e ł
a d í í n í s h d í í n
í i n í n í z i n
d a a h ʼ i z
d a j í í g h a z
d a z h d í n ó o ł ʼ į į ł
d a h o o l n e ʼ
y i n o ł y é
n á á n o o h k a i
d a n i n e e z
d e i d i y o o h n a h
y í c h a
n á á j í t ʼ a a s h
y i d a a ł t ʼ é
b i b a z h d ó ʼ a a s h
d o o c h a h
h o n i i l c h i n
n á y o o h ʼ n a h
d i i l t ł ʼ é é ł
b i b a d i d í í n á á ł
y i s d á d a j i s ʼ é é l
n á n i i k e e h
d a h o h n i i h
b i b a n í z h d í ʼ a s h
y i d i y e e s h n a h
n i n é i i ʼ n e e h
d a h í í n í i c h é é h
í i n i d z a a
h w í í n í l n e ʼ
d a s o o k ʼ ą ́ ą ́ z
c h ʼ í n í y á
d a s i i l ʼ é é l
d e i s o o ł y e ʼ
y i s x a a s
c h ʼ í j í g h á á h
j i i s g h a l
c h ʼ í d a a l d l ó ó s h
n a h á ł n i i ʼ
n d í í d z į ́ į ́ s
d a o d i i l n i h
n á h ó h ł á á h
b i d a n o ł t ʼ é
d e i n o ł y é
s í ł h é
h o n i s h c h i n
a d a a s a a l
k ʼ i d i d i i l y é é ł
y i s x a ł
h ó ó l n e ʼ
b i b a d i d i i t ʼ a s h
i i n i ł h a a z h
c h ʼ í j í l d l o o z h
c h ʼ í d e e s h á á ł
d a y i i ł t s o o d
b i b a d i d o o h ʼ a s h
b i b a d i d e e s h á á ł
b i b a d i s o o ʼ á á z h
k ʼ i d í í n í l á
n á h á l á á ʼ
n í d a h o s i i d z o
d í n í i b į į ł
n a h i i l n i i h
y ó ó n é é h
y i i t ʼ i z
n i d o o t ʼ a h
y i s í n í n a h
n í n í d á
d e i y i i ł t s ą ́
b i d a j í ł t ʼ é
n á á z h d o o t ʼ a s h
n i s é n e ʼ
n á h o s i i d z o
y i d i y o o n a h
h e e s h c h a h
d a z h d i ʼ n í ł d í í n
d a o o s y e ʼ
d a d o o j a h
j i n e e z d á
d i i d í í ł j é é ʼ
n í d a h i s o o l á á ʼ
h o o h c h a h
