b á ²
n g ó ¹
b á ²
l ǿ ²
r ó n ²
r ø g ²
l i ó g ¹
Ɂ u ǿ Ɂ ¹
n g o ¹
Ɂ é ²
Ɂ l ǿ g ²
Ɂ n ó Ɂ ¹
n g ē ³
k ó g Ɂ ¹
Ɂ ó Ɂ ¹ ³
l ø ³ + l i ú Ɂ ²
n ǿ Ɂ ²
i é ²
i é ²
n g i é Ɂ ¹
c h i e g ³
b ø ¹ + h m e ³
d s ø ³ + l é ²
Ɂ ǿ Ɂ ¹
Ɂ n á Ɂ ¹ ²
d s á g Ɂ ¹
m i ³ + h n í ¹
l ø ² + l i ú Ɂ ²
l e g ²
Ɂ ḗ Ɂ ²
n g o ²
h m ḗ Ɂ ²
g u á i ²
n g ē ¹
h l é g ²
k ú g Ɂ ²
h o g ¹
Ɂ ó Ɂ ²
Ɂ u é n Ɂ ²
l i u g ²
h l é g ²
Ɂ ǿ n g ²
g o g Ɂ ³
m i ³ + n í Ɂ ¹
l i g ²
Ɂ ó Ɂ ²
b ø ² + l ē n Ɂ ²
g u u ¹ + d s ē n ¹ ³
Ɂ l u g ²
n i á n g ¹
g u u ² + d s ē n ¹ ³
k u u ³
g u u ² + d s ē n ¹ ³
k i u g Ɂ ¹
g u ø n ¹ ²
Ɂ é n ²
h ḗ n ²
g u i u g Ɂ ¹
Ɂ m ǿ i ²
k ø g ²
Ɂ o g Ɂ ³
l ø ¹ + l i u Ɂ ¹ ³
b ø ² + h m e ²
k i i ³ + t á g ¹
m i ¹ + r ø ³
n g i e ¹
h n i a ¹
Ɂ l ø a Ɂ ¹
h ú g ²
c h i ó Ɂ ¹
ø g ³
c h i ² + m é Ɂ ²
t s o g ¹
m i ³ + d s i í ¹
r ø n Ɂ ³
k á n ²
t ø ³ + Ɂ é n Ɂ ¹
c h i e g ²
Ɂ n g i o ¹ ²
h n i o ³
k ø ¹ + k a n g ¹ ³
h n i o ³
t ø ² + g u g Ɂ ¹ ²
h n i o ³
k u u ²
m i ¹ + r ø ³
g u i u ¹ ³
h n ø ¹ ²
h n g i á Ɂ ²
l i Ɂ ²
b ø ² + h m e ²
m i ² + r ø ³
Ɂ ó Ɂ ¹ ²
n g ē Ɂ ²
t s ǿ n ²
k i i ² + t o g ³
m i ² + g u g ¹
Ɂ m é i ¹
l ē Ɂ ²
n g ē Ɂ ²
c h i ¹ + n g i u ³
h ḗ Ɂ ²
n i o ²
t s é n ²
k ø ¹ + h i n Ɂ ³
t ø n g ²
h i ú g Ɂ ²
h u a n Ɂ ³
n u n g ²
Ɂ n g i o ¹ ³
g u ø n Ɂ ¹ ²
m i ² + Ɂ ḗ Ɂ ²
Ɂ m é i ¹ ²
h l á i ²
k ø ¹ + k a n g ¹ ³
Ɂ á n ²
h n ó Ɂ ²
h n o ³
c h i ó n ²
b u Ɂ ¹ ³
t i ¹ + d s ø ³
g u i a n g ¹
n i á ¹ ²
m i ³ - b ø ² + l ḗ n Ɂ ²
h n i o ¹
h u ø ¹ ²
h u g ²
m i ¹ + g a n ¹
g ø i ¹ ²
g u i o n Ɂ ³
m i ² + h l í Ɂ ²
t i ² + d s o ¹
Ɂ n g i e n g ¹
g u i u ¹ ³
Ɂ ø a ²
d s i i ³ + l é ²
Ɂ ǿ Ɂ ¹ ²
m i ² + Ɂ n i o ¹
k a n g ²
c h i ² + n g i o ³
n g o Ɂ ¹
c h i ¹ + m e Ɂ ¹ ³
t ø a ¹ ³
m i ² + d s í g ²
k i i Ɂ ¹
h u a n Ɂ ³
Ɂ o ¹ ²
t s ø ³ + k u e n Ɂ ¹ ²
h ú Ɂ ²
h m ó Ɂ ¹ ²
m i ² + d s i ú g ²
Ɂ u e n ¹
g u i o n ³
c h i ² + n g i o ³
g u i o n ³
t ø a ¹ ³
t s ø ² + k u e n Ɂ ¹ ²
m i ² + g a n ¹
Ɂ m ǿ i ²
u ² + l i a n ¹
k a Ɂ ¹ ²
c h i ¹ + l a n Ɂ ¹ ³
Ɂ l ø a Ɂ ¹ ²
g u i o n ³
g u i e n g ¹
h a ² + Ɂ a n ³
l a g ¹ ³
g u Ɂ ²
m i ¹ + g a n ¹
d s ø ² + t o g Ɂ ¹ ²
c h i ² + n g i u ³
t i ¹ + d s i o g ³
h n ø a ¹ ²
t é n g ¹
c h i ² + d s í ²
k i á Ɂ ²
d s é i ¹ ²
m i ¹ + h o g ³
Ɂ o g ¹ ²
t o g Ɂ ¹ ²
t ó Ɂ ¹ ²
Ɂ o n Ɂ ³
t s ø n g ¹ ³
h n g i u ¹ ³
t i ó n ²
g u i u g Ɂ ²
l ē Ɂ ³
Ɂ ø Ɂ ²
c h i e g ³
n g a i ³
c h i ³ + d s á n ²
m i ³ - g u u ² + d s ḗ n ¹ ³
h n ē Ɂ ³
Ɂ o g ¹
Ɂ e n ¹
t ø n g ³
m i ¹ + Ɂ a i ¹
k u ø i n ¹ ³
t i ² + d s ø ³
Ɂ n g i e n g ³
h u ø ¹ ³
h ē Ɂ ²
s i á n ²
c h i o g Ɂ ¹
n g a i ³
h u g ²
n g i e ¹
i e ¹ ³
h é i n ²
g u a i ¹ ³
h l i a n ¹
t s é n Ɂ ²
m i ¹ + n i Ɂ ³
h n g i a n g Ɂ ³
Ɂ i e n ¹
s i o g ³
s i o g ³
b e n ¹ ³
b u Ɂ ¹
t a n g Ɂ ³
h u g ²
k ø ² + h i n Ɂ ³
k u ø i n ³
s i u g ³
k i u g Ɂ ²
i e ¹ ²
s i o g ³
t u g Ɂ ²
h n g i o ¹ ²
l o g ¹ ²
m i ³ + h l ē n Ɂ ¹
k i e g ³
m i ¹ + Ɂ m a Ɂ ¹ ³
c h i a n Ɂ ¹ ²
s i ú g Ɂ ¹ ²
t i á n ²
t e i ³
n g i e Ɂ ³
h n ē Ɂ ³
g u e n ²
t s o g Ɂ ¹
k o n ³
t i ² + d s ø a ¹ ²
k o n ³
m i ¹ + k u u Ɂ ¹ ³
h n g i u ¹ ²
n i n g ²
h n g i a n g Ɂ ³
h n i o Ɂ ²
k i a n g ¹
