m i ³ - Ɂ ē n Ɂ ¹ ²
Ɂ n á Ɂ ¹ ²
m i ³ - b e n ¹ ²
c h i ¹ + d s a n ³
m i ³ - h u u Ɂ ³
h u a n Ɂ ¹ ³
m i ² + d s í g ²
m i ³ - Ɂ e ²
h a i n Ɂ ³
c h i ² + n g i u ³
m i ³ - Ɂ u a n Ɂ ¹ ²
m i ³ - t s o g Ɂ ²
t s ē n Ɂ ³
s i a n Ɂ ¹ ²
m i ³ - t s e n ³
b a ¹ ²
m i ³ - Ɂ u a n ²
k i i ² + t o g ³
m i ³ + h n í ¹
c h i ¹ + n g i u ³
m i ³ - t s o g Ɂ ²
m i ³ - t s é n Ɂ ²
Ɂ ó Ɂ ²
k a Ɂ ¹ ²
n ø Ɂ ³
m i ³ - c h i o Ɂ ³
n g ē Ɂ ²
m i ² + t i á n ²
Ɂ l i e Ɂ ¹ ²
m i ² + h l ē n Ɂ ³
n g a i ³
m i ³ - t ǿ Ɂ ²
l i Ɂ ²
t o Ɂ ¹ ²
Ɂ u ø Ɂ ¹ ³
h n g i u ¹ ²
m i ³ - n g o ²
t s a n Ɂ ¹ ²
t s á i Ɂ ¹ ²
g u i u ¹ ³
Ɂ e i Ɂ ²
Ɂ e i ¹ ³
Ɂ a n ¹ ³
m i ³ - h ē n ¹ ²
s e ¹ ²
t s e n Ɂ ¹ ³
c h i ² + d s í ²
m i ³ - Ɂ e n Ɂ ¹ ²
m i ³ - l ø ² + l i u Ɂ ¹ ²
k i a n g ¹
h á n Ɂ ²
m i ³ - t s ē n Ɂ ³
Ɂ é n ²
h i e g Ɂ ³
m i ² + h l í Ɂ ²
h n g i o ¹ ²
k a n g ²
m i ³ - n g i e ²
m i ³ - Ɂ e i ¹ ³
h l i a n ¹ ²
t a g Ɂ ¹ ²
m i ³ - m i ² + d s i a n ¹ ²
m i ³ - Ɂ a i Ɂ ¹ ²
m i ³ - d s i o Ɂ ¹ ²
m i ³ - m i ² + Ɂ a i ¹
m i ³ - k á i Ɂ ¹ ²
m i ³ - t s ø Ɂ ²
n g i e ¹
m i ³ - t a ¹ ²
m i ³ - Ɂ l i a n Ɂ ²
s i u Ɂ ¹ ³
i a Ɂ ³
s i u g Ɂ ²
m i ³ - Ɂ á i Ɂ ¹ ²
m i ³ - n g ē Ɂ ²
m i ³ - d s i o g ³
m i ³ - m i ² + g a n ¹
g u i o n ³
Ɂ a n ³
Ɂ m é i ¹
m i ³ - k o ¹ ²
t s i g ³
c h i ó Ɂ ¹
t o g Ɂ ²
h i a n ²
g u i u ¹ ³
h u u Ɂ ³
h e n Ɂ ³
m ē Ɂ ³
h n g i e Ɂ ¹ ²
g u i u g Ɂ ²
Ɂ a ¹ ²
m i ³ - t i ² + d s ø ³
m i ³ - d s ē n ¹ ³
c h i o g Ɂ ³
n g ó ¹
Ɂ i a n ¹
k á n ²
h a n ¹ ³
m i ³ - h i e g Ɂ ²
s i u Ɂ ¹ ³
m i ³ - h é n ²
m i ³ - t a n g Ɂ ²
Ɂ ǿ n g ²
m i ³ - n g ē ³
m i ¹ + Ɂ ē Ɂ ³
m i ³ - m i ² + c h i a n ³
h l é g ²
m i ³ - Ɂ l i a n Ɂ ¹ ²
m i ³ - Ɂ a g Ɂ ³
h n ē Ɂ ³
m i ³ - Ɂ ḗ Ɂ ²
m i ³ - k i e g ²
m i ¹ + Ɂ ē Ɂ ³
m i ² + k u e n ¹ ³
m i ³ - t s ø Ɂ ¹ ²
n i o ²
h o ¹ ³
m i ³ - t s á i Ɂ ¹ ²
l a n Ɂ ¹ ²
m i ³ - h a ¹ ²
g ø Ɂ ¹ ²
m i ³ - g u i a n ¹ ³
m i ³ - h n g i u ¹ ²
m i ³ - k a n ¹ ²
m i ³ - i é ²
Ɂ u a n Ɂ ¹ ²
h l á i ²
k o n ³
d s i ó Ɂ ¹ ²
m i ³ - t ø ² + g u g Ɂ ¹ ²
k u u ³
m i ³ - t i u ¹ ²
Ɂ i u Ɂ ³
Ɂ u a n ¹ ³
t i ¹ + d s ø ³
m i ³ - h i o Ɂ ³
m i ³ - b ú Ɂ ²
m i ³ - h i n ²
m i ² + h m ē ³
t s ø Ɂ ²
m i ³ - c h i ² + n g i u ³
t a g ¹ ²
h o g Ɂ ¹ ²
t s ø Ɂ ¹ ³
s i á n ²
g u i e n g ²
t s ø ² + k u e n Ɂ ¹ ²
m i ³ - n i e ²
n g ē ¹ ³
m i ³ - Ɂ u ø i ¹ ²
m i ³ - n g i o Ɂ ²
g u i a n ¹ ³
t s ǿ n ²
m i ³ - h a n g ¹ ²
c h i ² + m é Ɂ ²
k o n ³
Ɂ m e i ³
k i á Ɂ ²
k u u ²
m i ³ - Ɂ n o Ɂ ¹ ²
Ɂ l u g ²
h ē Ɂ ²
m i ³ - h u a n Ɂ ³
m i ³ - h m ø Ɂ ¹ ²
t ó Ɂ ¹ ²
k ø ² + h i n Ɂ ³
m i ³ - Ɂ e n Ɂ ¹ ³
d s i a g ¹ ³
m i ³ - h m o n g Ɂ ²
m i ³ - h n g i o Ɂ ³
m i ³ - n a ²
m i ³ - t a n Ɂ ¹ ²
n i á ¹ ²
n e i ³
m i ³ - k i a n ¹ ²
m i ³ - c h i o Ɂ ³
g u i a n g ¹
m i ¹ + d s ē n ¹ ³
m i ³ - h l ø a ¹ ²
Ɂ a n Ɂ ¹ ³
m i ³ - n g ø Ɂ ³
m i ³ - m i ² + Ɂ o g ¹ ³
k u a n ¹ ²
Ɂ é ²
t ø n g ¹ ³
m i ³ - s i u g ³
l a n ³
m i ³ - t i ² + l e Ɂ ¹
n g i e Ɂ ¹ ³
m i ³ - d s i o Ɂ ¹ ²
m i ³ - g u e n Ɂ ²
d s e n ³
m i ³ - Ɂ i a g ¹ ²
n g a Ɂ ¹ ²
m i ³ - t ø ² + Ɂ e n Ɂ ³
m i ³ - n g o ²
h n ø a ¹ ²
t s a ³
Ɂ m a i ¹ ²
m i ² + Ɂ m a Ɂ ¹ ³
h á g ¹ ²
m i ³ - Ɂ i e n ¹ ²
m i ³ - Ɂ u ǿ Ɂ ¹ ²
m i ³ - t i a n ¹ ²
n i á n g ¹
m i ³ - Ɂ i a ¹ ²
l i ó g ¹
c h i e n Ɂ ¹ ²
c h i u n Ɂ ²
m i ³ - m i ² + k a n ³
n g i é Ɂ ¹
Ɂ ø Ɂ ²
h n ø ¹ ²
d s é i ¹ ²
m i ² + k u e n ¹ ³
h i a n ²
t ø a ¹ ³
d s o g Ɂ ¹ ²
m i ³ - Ɂ l ǿ g ²
h n g i a n g Ɂ ³
k i e n ¹
m i ³ - n g o Ɂ ³
m i ³ - t s ø Ɂ ²
h ú g ²
m i ³ - c h i o n ³
c h i o g ¹ ²
m i ² + h i n Ɂ ³
m i ³ - h m ē Ɂ ³
m i ³ - c h i o n Ɂ ¹ ³
t s ø ³ + k u e n Ɂ ¹ ²
m i ¹ + c h i a n ³
m i ² + c h i a n ³
m i ³ - Ɂ e i n ¹ ³
s i á n ²
h e n ²
g u i o n Ɂ ³
Ɂ ó Ɂ ¹ ²
m i ³ - h n g i e n g ³
m i ³ - c h i o g ¹ ²
m i ³ - l ø ² + l i u g Ɂ ³
m i ³ - c h i á g ¹ ²
m i ³ - Ɂ u a i Ɂ ¹ ²
m i ² + d s i ú g ²
h ú Ɂ ²
h u g ²
Ɂ m e i ³
m i ³ - Ɂ i o ¹ ²
Ɂ ǿ Ɂ ¹
Ɂ l i Ɂ ¹ ³
