l i g ²
l i Ɂ ²
t a g Ɂ ¹ ²
Ɂ ó Ɂ ¹ ³
h e n ¹ ²
n g i e ¹
t a g Ɂ ¹ ³
s i o g ³
s i o g ³
s i o g ³
n g i e ¹
n g ē ³
h e n ²
k i e g ³
Ɂ n á Ɂ ¹ ²
l a g ¹ ³
t s ē n Ɂ ²
Ɂ m a ¹ ³
t é n g ¹
s i u g ³
Ɂ u e n ¹
k u ø i n ³
b u Ɂ ¹
h i a n ²
k i i n ²
n g ē ¹ ²
k a n ¹ ³
k a n ²
t i a g ¹
m i ³ - s i o g ³
c h i u n Ɂ ³
s i u g ³
h u Ɂ ³
h u Ɂ ³
h i a n ¹ ³
t s ē n Ɂ ³
c h i u n Ɂ ²
d s á g Ɂ ¹
r o n ³
t s ē n ¹ ³
h a n ¹ ³
m i ³ - k a n ¹ ²
Ɂ n i Ɂ ¹
k u g Ɂ ³
k u ø i n ²
Ɂ e n ¹ ³
c h i o g ¹ ²
m i ² + Ɂ o g ¹ ³
h é n Ɂ ¹
h i a n ¹ ²
m i ³ - h e n ²
t s e n Ɂ ¹
t o Ɂ ³
k i i ³ + t á g ¹
m i ³ - k u ø i n ²
n g ē ²
h o g Ɂ ¹ ²
n g i e Ɂ ¹ ²
h n g i a Ɂ ³
t s e n Ɂ ¹ ³
c h i o g ¹ ³
m i ³ - s i u g ³
l ē Ɂ ²
m i ³ - c h i u n Ɂ ²
m i ³ - Ɂ l í Ɂ ¹ ²
t ø ³ + Ɂ é n Ɂ ¹
m i ³ - l a n ²
h o g Ɂ ¹ ²
h u Ɂ ³
m i ³ - m i ² + Ɂ o g ¹ ³
t i a n ¹ ³
t o n ³
m i ³ - r o n ³
l e n ²
m i ³ - k o g Ɂ ³
m i ³ - c h i o g ¹ ²
Ɂ u ø Ɂ ¹ ²
m i ³ - t s ø Ɂ ²
k i e n g ¹ ³
h i a n ²
m i ³ - k i a n ¹ ²
m i ³ - h i a n ¹ ²
n g ē ¹ ³
m i ³ - t s e n Ɂ ¹ ²
k o ¹ ²
m i ³ - b a n ¹ ²
h e n ¹
t s e n Ɂ ¹ ²
g u ø n Ɂ ¹
m i ³ - n i e ²
m i ³ - h u Ɂ ²
m i ³ - n a ²
h i a n ²
n i e ²
h á n Ɂ ¹
c h i o g ¹ ²
t s ø Ɂ ²
h e n Ɂ ³
k i a n ¹ ³
m i ³ - h n g i e n g ³
m i ³ - t i ² + l e i 2 ¹
m i ³ - h l i ú g ²
n g ē ³
m i ³ - n g ē ¹ ³
Ɂ e ²
m i ³ - k o ¹ ²
k a n ¹ ³
m i ³ - n g ē ³
n g a Ɂ ¹ ²
g u ø i ¹
t s e n Ɂ ¹ ²
h o ¹ ³
t e n g ¹ ²
d s i a n Ɂ ¹ ²
Ɂ n i a Ɂ ¹ ²
Ɂ ø g ³
t s e n Ɂ ¹ ³
m i ³ - h e n ¹ ²
m i ³ - t i ² + l e Ɂ ¹
n g i e ¹
k i e n g ²
Ɂ e ¹ ²
n g ē ¹ ³
m i ³ - h n g i ó Ɂ ²
m i ³ - Ɂ ē n ¹ ²
g ø Ɂ ¹ ²
d s i a n Ɂ ¹ ²
h e n Ɂ ³
t e n g ¹ ³
s i a n Ɂ ¹
t o Ɂ ²
m i ³ - Ɂ l ǿ g ²
g u ø n ²
m i ³ - n g a Ɂ ¹ ²
l a n ³
h e n Ɂ ³
m i ³ - h e n Ɂ ³
d s i o Ɂ ¹ ³
d s i o Ɂ ¹ ²
Ɂ u a n Ɂ ¹ ²
m i ³ - d s i o Ɂ ¹ ²
k ø i n ¹
m i ³ - Ɂ e ²
m i ³ - t s ø Ɂ ²
m i ³ - h n o Ɂ ¹ ²
l e n ²
m i ³ - h n g i a Ɂ ¹ ²
m i ³ - t o n ²
d s u g Ɂ ¹
m i ³ - h i ú g Ɂ ²
h n g i a Ɂ ²
m i ³ - n g i é ²
m i ³ - Ɂ n o Ɂ ¹ ²
m i ³ - h n o Ɂ ¹ ²
h n g i o ¹ ³
m i ³ - h n g i á Ɂ ²
m i ³ - Ɂ m a ²
h l é g ²
h o g ¹
h n o ³
l ǿ ²
h u g ²
m i ³ - h i ú Ɂ ²
l e g ²
n g o ²
s e ¹ ²
Ɂ é ²
ø g ³
t a g ¹ ²
Ɂ ø Ɂ ²
n g o ¹
i é ²
h l é g ²
Ɂ m o Ɂ ¹ ³
b á ²
t i a n ¹ ³
i é ²
b á ²
Ɂ ø a ²
n e i ³
h n i a ¹
t s o g ¹
h n i o ³
Ɂ ǿ Ɂ ¹
Ɂ e n ¹
h m ḗ Ɂ ²
t u g Ɂ ²
t a g ¹ ³
t i o Ɂ ¹ ²
t s e n ³
h ḗ Ɂ ²
Ɂ e ²
n ø Ɂ ³
n g ó ¹
g u Ɂ ²
k u u ³
k o n ³
Ɂ l ǿ g ²
m i ³ - n i ó Ɂ ¹ ²
Ɂ e n ²
Ɂ á n ²
k o n ³
m ē Ɂ ³
h u g ²
Ɂ e n ¹ ³
m ē Ɂ ³
k á n ²
n i o ²
Ɂ i e n ¹
r ó n ²
h ú Ɂ ²
Ɂ ó Ɂ ²
k o n ³
i a Ɂ ³
h n ø ¹ ²
k i e Ɂ ³
t e i ³
k i á Ɂ ²
Ɂ ḗ Ɂ ²
k o n ³
k i e n ¹
k i e Ɂ ³
n g ē Ɂ ²
m a i ¹ ²
k u u ²
k i e Ɂ ³
Ɂ ó Ɂ ²
h a i ¹ ²
h n ó Ɂ ²
g o g Ɂ ³
l i ¹ ³
t i u ¹ ³
Ɂ u ǿ Ɂ ¹
t s ǿ n ²
k i e g ²
Ɂ n ó Ɂ ¹
s e ¹ ²
h u u Ɂ ³
t o Ɂ ¹ ²
s i u g ³
t e n g ¹
Ɂ ǿ Ɂ ¹ ²
l i ó g ¹
t ó Ɂ ¹ ²
t ø a ¹ ³
h o g Ɂ ¹ ²
k i o Ɂ ³
Ɂ ó Ɂ ¹ ²
t e i ³
t o n ¹ ³
