m i ² + Ɂ o g ³
k u ø i n ¹ ²
m i ² + Ɂ o g ¹ ³
Ɂ e n g ¹ ³
m i ¹ + k o n ³
t a n g Ɂ ²
m i ³ - l ø ² + l i u g Ɂ ³
n i u Ɂ ³
m i ³ - l ø ² + l i u g Ɂ ³
s i á n ²
m i ² + k á n ¹ ²
h n ē Ɂ ³
h ē n ¹ ²
d s i ó Ɂ ¹ ²
n g i e Ɂ ³
c h i o g Ɂ ³
h n g i e Ɂ ¹ ²
t i a g ¹ ²
t o g Ɂ ²
m i ² + h o g ³
m i ² + k i o n Ɂ ¹
d s o g Ɂ ¹ ²
k a i Ɂ ¹ ²
t s ø ² + k u e n Ɂ ¹ ²
h i é g Ɂ ¹ ²
n g i o Ɂ ¹ ²
t i ² + l i ³
g u e n ¹ ²
Ɂ m o Ɂ ¹ ²
g u ø n ¹ ²
m i ¹ + h l ē n Ɂ ³
m ē Ɂ ³
t s o ¹ ²
m i ¹ + c h i a n ³
d s e n ³
m i ² + t i á n ²
Ɂ a n ³
m i ¹ + Ɂ ē Ɂ ³
m i ² + Ɂ m a Ɂ ¹ ³
k o n ³
Ɂ a ¹ ²
Ɂ e i Ɂ ²
h o g ¹ ²
m i ¹ + h n i a ¹ ³
t a g Ɂ ¹ ²
h n o Ɂ ¹ ³
m i ¹ + k u e n ¹ ³
m i ¹ + Ɂ ē Ɂ ³
t ø n g ¹ ²
m i ¹ + Ɂ ē Ɂ ³
k i e n ¹
g u i a n ¹ ³
m i ² + k u e n ¹ ³
m i ² + h m ē ³
m i ¹ + h n i a ¹ ³
k u ø i n ²
m i ² + Ɂ l i u g ³
Ɂ m e i ³
k ē n ²
d s i á g Ɂ ¹ ²
h a n Ɂ ¹
h u ø ¹ ³
m i ³ - r ø g ²
g u e n ²
Ɂ e n g ¹ ³
m i ³ - k u ² + h m a Ɂ ¹ ²
s i u g Ɂ ²
h u u ³
m i ³ - m i ² + g u g ¹
k a i Ɂ ³
c h i o g Ɂ ³
k i e g ²
m i ³ - m i ² + d s i í ¹
m i ² + h n i ³
m ē Ɂ ³
Ɂ i u Ɂ ³
m i ³ - t ø ² + g u g Ɂ ¹ ²
m i ¹ + t a n ¹ ³
m i ³ - g u i ú ²
h m ø Ɂ ³
g u i a n ¹ ²
Ɂ u ø Ɂ ¹ ³
Ɂ e ²
m i ¹ + d s ē n ¹ ³
m i ¹ + l e i ¹ ³
h l i u g ¹ ³
m i ³ - l ø ² + l i u Ɂ ¹ ²
m i ² + h i n Ɂ ³
h i u g ¹
m i ³ + c h i a n ¹ ²
m i ¹ + l e i ¹ ³
t o Ɂ ¹ ²
Ɂ i u Ɂ ³
Ɂ ē n ¹ ²
m i ³ - l ø ² + l i u Ɂ ¹ ²
m i ² + h l ē n Ɂ ³
m i ² + g a n ¹ ³
m i ³ - n ǿ Ɂ ²
m i ² + d s i u g ³
Ɂ m e i ³
Ɂ e n ¹ ³
s i u g Ɂ ²
b i ¹ ³
Ɂ l a n Ɂ ¹ ²
m i ³ - b ú Ɂ ²
m i ³ - t i ² + l í Ɂ ¹
m i ² + k u e n ¹ ³
g u i e n g ²
Ɂ l i u Ɂ ²
m i ³ - h n g i í Ɂ ²
d s i o g ³
Ɂ m a ¹ ³
t i u ¹ ³
m i ² + d s i u g ³
m i ³ - m i ² + d s i ú g ²
c h i u n Ɂ ³
Ɂ n a i Ɂ ¹ ³
n ø Ɂ ³
h u u Ɂ ³
m i ³ - d s ø ² + t o g Ɂ ¹ ²
m i ¹ + t i ³
Ɂ a n ¹ ³
t i á n Ɂ ¹
s i u g ³
Ɂ m a i ¹ ²
Ɂ u g ¹ ³
m i ³ - Ɂ u ǿ Ɂ ¹ ²
Ɂ l i a n Ɂ ²
m i ³ + d s ē n ¹ ²
m i ³ - k i i ² + t o g ³
c h i o ¹ ²
m i ³ - g u á i ²
t e n g ¹
m i ² + k i o n Ɂ ¹ ³
k i e n g ¹ ²
h o g Ɂ ¹ ²
k a n ²
Ɂ l i u Ɂ ¹ ²
m i ² + c h i a n ³
Ɂ i u Ɂ ³
Ɂ m o Ɂ ¹ ³
k i a Ɂ ¹ ³
l a n Ɂ ¹ ²
d s e n ²
n g i e ¹ ³
k o n ³
m i ² + t a n ¹ ³
h i u g Ɂ ³
m i ¹ + t i a n ³
k i o Ɂ ³
Ɂ e i n ¹ ³
m i ² + t i ³
m i ² + l e i ¹ ³
t s ē n Ɂ ²
m i ³ - c h i ² + n g i o ³
h m a Ɂ ¹ ³
m i ² + d s i a g Ɂ ³
h a g ¹ ³
m i ³ - h m á Ɂ ²
s e i ¹ ³
Ɂ l i u Ɂ ¹ ²
c h i ² + k i a n ³
m i ³ - g ǿ i ¹ ²
c h i o n ³
Ɂ i e n ²
n g i e Ɂ ¹ ³
h u ø i n ¹ ³
m i ³ - u ² + l i a n ¹
Ɂ l i e Ɂ ¹
m i ³ - n g á Ɂ ¹ ²
m i ² + l e i ¹ ³
h ø g ²
t ø n g ¹ ³
m i ³ - c h i ² + n g i u ³
ø g ¹ ³
h ē n Ɂ ¹ ³
k i o n Ɂ ¹ ²
m i ³ - u ² + l i a n ¹
m i ³ - t ø ² + Ɂ e n Ɂ ³
m i ² + t a n ¹ ³
m i ³ - m i ² + h n i a n g ³
m i ³ - k u ú ²
Ɂ e n g ²
m i ³ - Ɂ ḗ Ɂ ²
s e ¹ ²
t i ² + l i ³
h á g ¹ ²
c h i u n Ɂ ¹ ²
m i ³ - u ² + l i a n ¹
t a g Ɂ ¹ ³
c h i o Ɂ ³
t s á i Ɂ ¹ ²
h n g i í Ɂ ²
t s o n ¹ ²
d s e n ³
m i ³ - m i ² + g a n ¹
Ɂ e i ¹ ³
m i ³ - c h i ² + n g i u ³
m i ³ - n i ó Ɂ ¹ ²
m i ³ - c h i ² + m e Ɂ ¹ ²
s i u Ɂ ¹ ²
t s ē n Ɂ ³
m i ³ - k ø g Ɂ ²
d s ē n ¹ ³
m i ³ - n g ø Ɂ ³
m i ³ - c h i ² + d s á n ²
Ɂ e i ¹ ³
m i ³ - n i é ¹ ²
m i ³ - r ø n Ɂ ³
Ɂ l a n Ɂ ¹ ³
m i ² + t i a n ³
t i o Ɂ ¹ ²
l i ¹ ²
t a g Ɂ ¹ ²
Ɂ m a i ¹ ³
h á i n Ɂ ¹ ²
i a Ɂ ³
h a i n Ɂ ³
Ɂ u a n ¹ ³
m i ³ - h m o n g Ɂ ²
m i ³ - Ɂ ú g Ɂ ²
h n a Ɂ ¹ ²
m i ³ - h n ø ¹ ²
Ɂ e n ¹ ³
t s o g ¹ ³
h n i a ¹ ²
m i ³ - c h i ² + l a n Ɂ ¹ ²
m i ³ - g o g Ɂ ¹ ²
m i ³ - n g o ²
m i ³ - n g o ²
m i ³ - Ɂ n ø i ²
m i ³ - b u Ɂ ¹ ²
m i ³ - m i ² + h l ē n Ɂ ¹
m i ³ - n i á n g ¹ ²
m i ³ - l ø g ²
k i e Ɂ ³
m i ³ - h m ǿ Ɂ ¹ ²
m i ³ - c h i ² + l a n Ɂ ¹ ²
m i ³ - k ø g Ɂ ²
c h i u n Ɂ ²
m i ³ - t s ø n g ¹ ²
t s a ³
m i ³ - m i ² + g a n ¹
m i ³ - m i ² + Ɂ o g ¹ ³
s i u Ɂ ¹ ²
Ɂ e n ²
h i e g Ɂ ³
t a g ¹ ³
d s ē n ¹ ³
m i ³ - h u ø i n ²
m i ³ - h n g i u ¹ ²
m i ³ - s é i ²
m i ³ - h n i o ³
m i ³ - n g o Ɂ ³
s i i Ɂ ¹
t a g ¹ ²
m i ³ - h ḗ n ²
h u ø ¹ ³
m i ³ - t i ² + d s ø ³
m i ³ - n g ē Ɂ ²
l i ¹ ³
m i ³ - m i ² + g a n ¹
m i ³ - h u a n Ɂ ³
m i ³ - h m ø Ɂ ²
m i ³ - m i ² + Ɂ a i ¹
k i a n ¹ ²
m i ³ - h n i á ¹ ²
m i ³ - m i ² + k i o n Ɂ ¹
Ɂ l i e Ɂ ¹ ²
m i ³ - g u g ¹ ²
t s ø Ɂ ¹ ³
m i ³ - m i ² + h o g ³
m i ³ - n g i e ²
m i ³ - n g ē Ɂ ²
m i ³ - g u i e n Ɂ ¹ ²
m i ³ - m i ² + Ɂ a i ¹
m i ³ - i é ²
k i e n ¹ ³
m i ³ - k ø i n ¹ ²
k i e Ɂ ³
s i u Ɂ ¹ ³
m i ³ - Ɂ i ú Ɂ ¹ ²
h u u Ɂ ³
h u a n Ɂ ¹ ²
m i ³ - t ǿ Ɂ ²
m i ³ - m i ² + h i n Ɂ ³
m i ³ - k i ó n ²
n g ē ¹ ²
h u e n ¹ ³
m i ³ - k á n ²
h u a n Ɂ ¹ ³
Ɂ e n ¹ ³
m i ³ - Ɂ a g Ɂ ²
h n g i a Ɂ ³
Ɂ i e i Ɂ ¹ ³
k i u Ɂ ³
m i ³ - h u g ²
h e n ¹ ²
m i ³ - k u ø i n ¹ ²
m i ³ - h l á n ²
Ɂ e n ¹ ³
m i ³ - m i ² + c h i a n ³
m i ³ - m i ² + g a n ¹ ³
m i ³ - g u i e n g ²
m i ³ - Ɂ a g Ɂ ³
h a ¹ ²
m i ³ - l i o Ɂ ¹ ²
m i ³ - c h i á g ¹ ²
h l a i ¹ ³
m i ³ - t i ú Ɂ ¹
m i ³ - k i ó Ɂ ¹ ²
m i ³ - Ɂ o n Ɂ ³
Ɂ e i ¹ ³
k i e n Ɂ ¹ ³
k i e Ɂ ³
t a n Ɂ ¹ ²
m i ³ - h n g i o Ɂ ³
m i ³ - m i ² + d s i a g Ɂ ³
n e i ³
d s i a g ¹ ³
m i ³ - Ɂ u ø Ɂ ¹ ³
m i ³ - g ø i ¹ ²
k i a Ɂ ¹ ³
Ɂ a n Ɂ ¹ ³
t e i ³
Ɂ u u ¹
h a i ¹ ²
m i ³ - Ɂ á n ¹ ²
t s o g ¹
m i ³ - k u u ²
m i ³ - h i ú Ɂ ²
m i ³ - t o g Ɂ ¹ ²
h i n Ɂ ³
m i ³ - m i ² + l i a g ¹ ³
m i ³ - Ɂ n á Ɂ ¹ ²
m i ³ - h n ē Ɂ ³
m i ³ - d s é i ¹ ²
m i ³ - l a g ¹ ²
t i a g ¹
m i ³ - k ø i n ¹ ²
Ɂ a n ¹ ³
d s i a n Ɂ ³
h i u g Ɂ ¹
m i ³ - g u i a n Ɂ ²
m i ³ - l ē Ɂ ²
m i ³ - g u Ɂ ¹ ²
k o n ³
d s i a g ¹ ²
m i ³ - h l i u g ¹ ²
m i ³ - n i o ²
m i ³ - n g i o Ɂ ²
m i ³ - h é n ²
m i ³ - h m ø Ɂ ¹ ²
Ɂ l i a n Ɂ ¹
m i ³ - h u u Ɂ ³
m i ³ - k u ø i n ²
m i ³ - t s é n Ɂ ²
m i ³ - Ɂ u a n ²
m i ³ - h u g ²
c h i o g ¹ ³
k i e n Ɂ ¹ ³
m i ³ - b a ²
h l i a n ¹ ²
m i ³ - g u i e Ɂ ²
s i u Ɂ ¹ ³
m i ³ - h ø Ɂ ¹ ²
m i ³ - Ɂ é i Ɂ ¹ ²
m i ³ - l o Ɂ ²
m i ³ - t s o g Ɂ ²
h a i n Ɂ ²
m i ³ - g u a i ¹ ²
m i ³ - h n g ē Ɂ ¹ ²
m i ³ - s i o g ³
m i ³ - d s á g Ɂ ¹ ²
m i ³ - k i á Ɂ ²
m i ³ - g u u Ɂ ¹ ²
d s e n ¹ ³
m i ³ - h o g Ɂ ¹ ²
m i ³ - h l ø a ¹ ²
m i ³ - t i ² + l i Ɂ ¹
t s e n ¹ ²
m i ³ - Ɂ u a i ¹ ²
t s e n ³
m i ³ - g u i e Ɂ ¹ ²
m i ³ - h m ē Ɂ ³
m i ³ - m i ² + t i a n ³
s e ¹ ²
m i ³ - l o ¹ ²
t o n ¹ ³
m i ³ - m i ² + k a n ³
m i ³ - t ø n g ²
m i ³ - Ɂ á n ²
m i ³ - c h i a g Ɂ ²
m i ³ - h l e g ²
m i ³ - Ɂ u ø i ¹ ²
m i ³ - Ɂ i o ¹ ²
b a ¹ ²
m i ³ - b e n ¹ ²
m i ³ - Ɂ ø a ²
m i ³ - g u i a n ¹ ³
s i a n Ɂ ¹ ²
m i ³ - m i ² + h n i ³
m i ³ - m i ² + d s i a n ¹ ²
m i ³ - Ɂ l i Ɂ ¹ ²
m a i ¹ ²
m i ³ - Ɂ u a i Ɂ ¹ ²
m i ³ - n g a i ¹ ²
d s i a n ¹ ³
m i ³ - n ø Ɂ ²
t i a n ¹ ³
m i ³ - k á i Ɂ ¹ ²
m i ³ - h ē n ¹ ²
i a n ¹ ²
m i ³ - h o g ¹ ²
m i ³ - t s o g Ɂ ²
m i ³ - i e ¹ ²
m i ³ - h i e g Ɂ ²
h i a n ¹ ²
c h i o g ¹ ²
n g i o Ɂ ³
m i ³ - h o g ¹ ²
m i ³ - h m ē Ɂ ³
d s i ó Ɂ ¹
m i ³ - t s o g Ɂ ²
m i ³ - h i u g Ɂ ³
m i ³ - n g i e ¹ ²
m i ³ - s e i ¹ ²
c h i o n Ɂ ¹ ³
m i ³ - h n á Ɂ ¹ ²
m i ³ - Ɂ l i a n Ɂ ²
m i ³ - k a n ¹ ²
k a n ¹ ³
m i ³ - Ɂ m ē Ɂ ²
m i ³ - Ɂ á i Ɂ ¹ ²
m i ³ - k a i Ɂ ¹ ²
h u e n ¹ ³
c h i e n Ɂ ¹ ²
m i ³ - h ē n ¹ ²
m i ³ - Ɂ o Ɂ ¹ ²
m i ³ - h m a Ɂ ¹ ³
m i ³ - g u e n ²
m i ³ - h n á i Ɂ ²
d s i a n ¹ ²
m i ³ - h i u g Ɂ ³
m i ³ - d s i o g ³
m i ³ - d s á n Ɂ ¹ ²
h a n ¹ ³
m i ³ - h u a n Ɂ ¹ ²
m i ³ - h i u g Ɂ ³
g ø i ²
m i ³ - k i e g ²
m i ³ - s i u g ³
m i ³ - Ɂ u g ¹ ³
m i ³ - Ɂ e n ¹ ²
k i i n ²
m i ³ - Ɂ l i u Ɂ ²
m i ³ - h o g ¹ ²
t i a n ¹ ²
s i u g ³
m i ³ - c h i u n Ɂ ³
m i ³ - c h i u n Ɂ ²
m i ³ - Ɂ l i a n Ɂ ¹ ²
s i a n Ɂ ¹ ³
h e i n Ɂ ³
m i ³ - h n i o Ɂ ²
m i ³ - Ɂ e n ¹ ²
m i ³ - Ɂ i e i Ɂ ²
m i ³ - t s á i Ɂ ¹ ²
m i ³ - t i á n Ɂ ¹ ²
m i ³ - c h i o Ɂ ³
m i ³ - t a n g Ɂ ²
t s a n Ɂ ¹ ²
m i ³ - k a n ¹ ²
m i ³ - Ɂ a i Ɂ ²
m i ³ - h o g Ɂ ¹ ²
m i ³ - Ɂ ē n Ɂ ¹ ²
t s ø Ɂ ¹ ³
m i ³ - d s ē n ¹ ³
m i ³ - Ɂ i a ¹ ²
m i ³ - h a i n Ɂ ²
m i ³ - c h i o n ³
m i ³ - s i a n ³
m i ³ - Ɂ l i e Ɂ ¹ ²
m i ³ - l a n ²
m i ³ - h l i a n Ɂ ¹ ³
t s ø ¹ + k u e n Ɂ ¹ ²
m i ³ - h a n Ɂ ¹ ²
m i ³ - t a g ¹ ²
k a n g ¹ ³
m i ³ - Ɂ a n Ɂ ¹ ²
m i ³ - r a n g ²
m i ³ - l i ¹ ²
m i ³ - l i e Ɂ ³
m i ³ - t s ē n Ɂ ³
m i ³ - h i o Ɂ ³
m i ³ - c h i o Ɂ ³
m i ³ - Ɂ e i n ¹ ³
t s o n ¹ ²
m i ³ - c h i o n Ɂ ¹ ³
m i ³ - h e n Ɂ ²
m i ³ - h n i a ¹ ²
m i ³ - t o g Ɂ ²
m i ³ - d s a n ¹ ²
m i ³ - n i Ɂ ¹ ²
m i ³ - h e i n ¹ ²
m i ³ - Ɂ e Ɂ ¹ ²
m i ³ - h l a i ¹ ²
g u i a n ¹ ³
m i ³ - t i u n ¹ ²
m i ³ - n e i ¹ ²
m i ³ - Ɂ a i Ɂ ¹ ²
m i ³ - Ɂ e n ¹ ²
m i ³ - t a g ¹ ²
m i ³ - Ɂ i e n ¹ ²
k u g Ɂ ³
m i ³ - t s ē n Ɂ ¹ ²
m i ³ - h e n ²
c h i ¹ + d s a n ³
m i ³ - t a n Ɂ ¹ ²
m i ³ - t i u ¹ ²
m i ³ - d s i a n Ɂ ³
m i ³ - k o n ³
m i ³ - d s i a g ¹ ²
m i ³ - h a ¹ ²
m i ³ - c h i o g ¹ ²
m i ³ - h i n Ɂ ³
t i a n ¹
m i ³ - t a ¹ ²
m i ³ - t a i ³
m i ³ - h ø n ²
m i ³ - d s i a n ¹ ²
m i ³ - t a g Ɂ ¹ ²
s i u g Ɂ ²
m i ³ - Ɂ i a g ¹ ²
m i ³ - h a n Ɂ ¹ ²
m i ³ - t i o Ɂ ¹ ²
k u a n ¹ ²
m i ³ - Ɂ e i ¹ ³
m i ³ - h a n ¹ ³
m i ³ - d s i ¹ ²
m i ³ - k u a n ¹ ²
m i ³ - r o n ³
m i ³ - t s ø Ɂ ²
m i ³ - t s o n ¹ ²
m i ³ - t i a n ¹ ²
m i ³ - Ɂ e n Ɂ ¹ ²
h i a n ²
m i ³ - i a Ɂ ³
l o g ¹ ³
h i a n ¹ ³
m i ³ - d s i o Ɂ ¹ ²
Ɂ n i Ɂ ¹
m i ³ - n e i ³
m i ³ - k o g Ɂ ³
m i ³ - h a i ¹ ²
Ɂ i é i Ɂ ¹
m i ³ - c h i o g ¹ ²
c h i ² + d s a n ¹ ²
m i ³ - t e i ²
m i ³ - h a i ²
m i ³ - t e i ¹ ²
t e ¹ ³
b a ²
m i ³ - t s e n ³
h e n ²
m i ³ - t a ²
t s i Ɂ ¹ ²
h é n Ɂ ¹
h o g Ɂ ¹ ²
Ɂ l i Ɂ ¹ ³
t s ē n ¹ ²
m i ³ - t i a n ¹ ²
h i a n ¹ ²
h i a n ²
r o n ³
m i ³ - n g o ²
m i ³ - h n a Ɂ ¹ ²
m i ³ - k i a n ¹ ²
m i ³ - h i n ²
m i ³ - Ɂ u a n Ɂ ¹ ²
Ɂ a n ²
m i ³ - t s e n Ɂ ¹ ²
m i ³ - Ɂ e n Ɂ ¹ ³
n e i ³
h a n ³
m i ³ - k i u Ɂ ²
b a n ¹ ²
t s i g ³
Ɂ i a n ¹
h u Ɂ ³
m i ³ - t s e n Ɂ ¹ ²
m i ³ - Ɂ e n g ²
m i ³ - h i a n ¹ ²
t s e n Ɂ ¹ ³
h n a Ɂ ¹ ³
t s e n Ɂ ¹
h o g Ɂ ¹ ²
m i ³ - t i ² + l e i 2 ¹
n g i e Ɂ ¹ ²
t s ē n ¹ ³
h á g Ɂ ¹ ²
h u Ɂ ³
m i ³ - b a n ¹ ²
m i ³ - g u e n Ɂ ²
m i ³ - t ø ² + g u g Ɂ ¹ ²
d s e n ¹ ³
l a g ¹ ³
l i ²
m i ³ - h a n g ¹ ²
m i ³ - h n g i e n g ³
t i a n ¹ ³
g u ø n ¹ ³
d s i ¹
Ɂ e n Ɂ ¹ ³
Ɂ e n ¹ ³
m i ³ - t s ø Ɂ ²
t s ø Ɂ ¹ ²
h i ²
m i ³ - Ɂ o Ɂ ¹ ²
t o Ɂ ³
m i ³ - Ɂ n i u Ɂ ²
m i ³ - k i a n ¹ ²
h a n ¹ ³
m i ³ - Ɂ a g Ɂ ³
Ɂ u ø Ɂ ¹ ²
m i ³ - n i e ²
h á n Ɂ ²
n g ē ²
m i ³ - h u Ɂ ²
k i e n g ¹ ³
m i ³ - t i ² + l e Ɂ ¹
m i ³ - n g ē ¹ ²
m i ³ - n g ē ¹ ³
m i ³ - t s ø Ɂ ¹ ²
h u Ɂ ¹ ³
h u Ɂ ³
l ē Ɂ ²
m i ³ - h l i ú g ²
g u ø n Ɂ ¹
h i a n ²
m i ³ - h u ø i n ²
c h i o g ¹ ²
l i o g ¹ ³
m i ³ - l ø Ɂ ²
n g ē ¹ ³
m i ³ - k u g Ɂ ¹ ³
m i ³ - n g ē ³
t s e n Ɂ ¹ ²
Ɂ o Ɂ ¹ ²
m i ³ - n a ²
k u a n ¹ ²
m i ³ - h e n ¹ ²
l e n ²
k i e n g ¹ ³
Ɂ ø g Ɂ ³
b u Ɂ ¹ ³
c h i a g Ɂ ¹ ²
m i ³ - k o ¹ ²
h i a n ²
k i a n ¹ ³
m i ³ - n g a Ɂ ¹ ²
t s e n Ɂ ¹ ²
d s i a n Ɂ ¹ ²
l ó Ɂ ¹
g u i u g Ɂ ¹
t o n ³
m i ³ - Ɂ ē n ¹ ²
m i ³ - d s i o Ɂ ¹ ²
Ɂ n i a Ɂ ¹ ²
m i ³ - h n g i a Ɂ ¹ ²
m i ³ - h n g i a Ɂ ²
d s i a n Ɂ ¹ ²
g u ø n Ɂ ¹
k u g Ɂ ¹ ³
Ɂ u a n Ɂ ¹ ²
h e n ¹
h e n ³
t e n g ¹ ²
k o ¹ ²
n g a Ɂ ¹ ²
m i ³ - h e n Ɂ ³
h á n Ɂ ¹
h ø n ³
m i ³ - h i a n ¹ ²
m i ³ - c h i o g ²
s i a n Ɂ ¹
n i e ²
Ɂ i a n ¹ ²
m i ³ - c h i o g ¹ ²
n g o ²
m i ³ - u ² + n i o ¹ ³
n g ē ¹ ³
Ɂ u a n ¹ ³
h e n Ɂ ³
k a n ¹ ³
u ² + n i o ¹ ³
m i ³ - Ɂ e ²
d s i o Ɂ ¹ ³
Ɂ i a n Ɂ ¹ ³
d s i o Ɂ ¹ ²
d s i o Ɂ ³
k i e n g ²
t s e n Ɂ ³
t s e n Ɂ ¹ ³
m i ³ - h m o Ɂ ³
n g ē ³
m i ³ - t s i Ɂ ³
m i ³ - t s ø Ɂ ²
h n g i a Ɂ ²
m i ³ - Ɂ m a ²
g u ø n ²
h e n Ɂ ¹ ²
Ɂ u a n Ɂ ¹ ²
n g ē ³
n g i e ¹
d s u g Ɂ ¹
h e n Ɂ ³
g ø Ɂ ¹ ²
t ø n g ²
m i ³ - t o n ²
t s ø Ɂ ²
Ɂ e ²
t e n g ¹ ³
t s í Ɂ ²
g u ø i ¹
h o ¹ ³
Ɂ e ¹ ²
h e n Ɂ ³
h e n Ɂ ²
Ɂ e n Ɂ ²
h ø n ¹
h u Ɂ ¹ ²
t o n ³
k ø i n ¹
t o n ³
l a n ³
l e n ²
n a ¹ ³
m i ³ - Ɂ l í Ɂ ¹ ²
m i ³ - h n o Ɂ ¹ ²
t o Ɂ ²
m i ³ - h n g i á Ɂ ²
m i ³ - h n g i ó Ɂ ²
m i ³ - h n o Ɂ ¹ ²
m i ³ - Ɂ n o Ɂ ¹ ²
m i ³ - Ɂ l ǿ g ²
m i ³ - n g i é ²
Ɂ ø g ³
h n g i o ¹ ³
m i ³ - h i ú g Ɂ ²
