e s c o n d e r í a s
s e l e c c i o n a r í a m o s
s u a v i z a b a s
s e   g a n a s e n
a f i a n z a r a n
d e s f a s a d a s
c o n s t a b a s
s e l e c c i o n a b a i s
c o m p e n d i a b a n
z u r c i m o s
e n r i p i á s e m o s
a r r e b a t a r í a m o s
r e n d e r i c é
m o n e t a r i z á r e m o s
e s c o n d i e s e s
d e s i n s e c t a r o n
p r o y e c t a r e m o s
n o   r e n d e r i c e s
a g u s a n a r a i s
i n s t r u m e n t a r í a i s
n o   b e r r e é i s
n o   e m p a l m e m o s
c o m p a c t a r í a n
n o   i n s t r u m e n t e s
e m b r u t e c e r í a m o s
p r o s p e r a s e
s e l e c c i o n a r e
e n r i p i a b a s
a c o r t a
e x p u g n a r á s
p r o y e c t a r í a s
e n m e n d a r a
n o   o s   g a n é i s
a m o l d a s e
e n f r a s c a d o s
a r r e b a t a r e
s e   a p a c i g u a r á
g u s t á s e m o s
l e n g ü e t e a r e
a f i a n z á s e m o s
s e   d e s l e n g u a r a n
s e   d e s l e n g u a r á n
n o   o s   e n f r a s q u é i s
s u a v i z a r í a i s
n o   e x p u g n é i s
m o n e t a r i z á r a m o s
c o n e x i o n a s e
n o   e n c e s t e s
e n c e s t a n
b l a s o n a s
i n s t r u m e n t a s e
a m o l d á s e m o s
v o l a n t e e n
c o n s e j a s t e
n o   d e s i n s e c t e n
e n c a l a b o c e m o s
c o n s t a m o s
m o n e t a r i z a b a n
l e n g ü e t e a d
c o m p a c t a d o s
c o n s t a n
m o r t i f i c a b a s
v e n t o s e a m o s
r e c o n q u i s t e s
c u m p l a
d e s f a s a b a
e n c a l a b o c e m o s
h e l e n i z a r e m o s
b l a s o n a
e m b o t a s
c o m p u l s a
h e l e n i z a b a
v e n t o s e a r
a c o r t a s
p r a c t i c a r é i s
e n r i p i e m o s
m a l e f i c i a s e
d e s f a s a d a
s e l e c c i o n a r o n
v e n t o s e a r í a
p r o y e c t a b a
f l o r e z c a
l e n g ü e t e a r e i s
a r r e d r a s t e i s
m u e s t r e a r á s
g o l p e t e á r a m o s
z u r c í s
r e n d e r i z a s e
n o   a f i a n c e
m a n t u v e
a m o l d a r e n
p r o f a n é i s
t a r á b a m o s
i n d u c e n
t a r á s e m o s
a m o j a m a r í a
m a n t e n é i s
a s f a l t a b a i s
e m b o t a r é
a t u r a d a
a t u r a r
r e n d e r i z a r o n
a f i a n z ó
c o n s e j a r á s
c u m p l i r í a
t a r a b a
p r a c t i c a d o s
t e   e n f r a s q u e s
l i m i t a r é i s
h e l e n i z a r é i s
a g u s a n a r é
t r u n q u e
g o l p e t e a r í a m o s
r e n d e r i z a b a i s
g o l p e t e e
z u r c i s t e i s
n i n g u n e á b a m o s
p r o s p e r a r o n
r e p a r t í a
e n t r e l a c e
h e l e n i z o
n o   i n m o v i l i c e s
n o   a r r e d r e n
o c u l t a r é i s
a f i a n z a r a
t a r e
c o n s e j a d o
e n r i p i a r o n
f l o r e c i e r e i s
v e n t o s e a r a
z u r c i e s e s
n o   v o l a n t e e n
p r o s p e r a d o s
p r o y e c t a
i n m o v i l i z a d a
f l o r e c i e s e n
a t u r a r í a s
s e   e n f r a s c a b a
f l o r e c e
s u a v i z a d o s
r e p a r t i r í a m o s
l i m i t e
c o m p u l s a b a i s
a m o j a m a r a i s
m o n e t a r i z a d a
c u m p l a m o s
c a l i g r a f i a b a n
e m b r u t e c e s
m o r t i f i q u e
m a l e f i c i e n
e m b o t e
c a l i g r a f i a d
p r o y e c t a r é
m e n s a j e e
e n r i p i á r e m o s
c u m p l í a
a p a c í g u a t e
s a t i n a r e m o s
h e l e n i z a s t e i s
p r o f a n e m o s
m o r t i f i c a r í a
i n s t r u m e n t e
e n m e n d a r é i s
z u r c i s t e
m e   d e s l e n g u a r e
g u s t a b a
b l a s o n a r
n o   v o l a n t e e
e n r i p i a
e s c o n d e r á s
e n t r e l a z a r í a m o s
p r o s p e r e m o s
n i n g u n e á r e m o s
m e   g a n a r a
a f i a n c e n
r e c o n q u i s t a s t e i s
i n m o v i l i z á s e m o s
m o n e t a r i z a r o n
v o l a n t e á i s
v e n t o s e a
e n t r e l a c é i s
t a r a r e
g o l p e t e a r o n
n o   s e   a p a c i g ü e
a c o r t a r í a n
e n m e n d á s e m o s
v o l a n t e a r o n
a r r e d r a r e n
n o   e n r i p i e n
l i m i t a b a n
c o m p e n d i a r á n
e n t r e l a z a m o s
o c u l t a r í a s
g u s t á r e m o s
o c u l t a r e n
m o n e t a r i z a d o
e m b r u t e c i e s e s
s a t i n e
n o   h e l e n i c é i s
a s f a l t a r e n
n i n g u n e á i s
c o m p u l s a s e s
a s f a l t a r o n
e n m e n d a r a s
t e   a p a c i g u a r á s
a c o r t a d o s
m a n t e n g o
s e l e c c i o n a r a s
c a l i g r a f i a r e n
a i r e a r
e x p u g n e m o s
i n m o v i l i z a r a s
z u r c e
u r b a n i z a s t e
n i n g u n e a n
e n t r e l a z a
e m b r u t e c í a
a r r e b a t a r o n
e n f r a s q u é m o n o s
e n r i p i a r á n
u r b a n i z a n d o
p r o f a n a r o n
c o n e x i o n a b a s
r e p a r t i d o s
d e s n a c i e r e s
e n c e s t a r í a n
d e s t r u i s t e
i n d u z c a s
c o n s e j a s t e i s
e n t r e l a c e n
i n s t r u m e n t á r e m o s
o s   e n f r a s q u é i s
p r a c t i c a s t e
s e l e c c i o n a d a s
e x c l u y e s e
a f i a n z a r e i s
m e n s a j e a
e x p u g n a n d o
c o n e x i o n a b a i s
e m p a l m e
m a l e f i c i é
n o   n i n g u n e e s
m e   d e s l e n g u a s e
c o n s e j a r í a m o s
e n c e s t a r á
d e s n a c i é s e m o s
s e   e n f r a s c a s e
i n m o v i l i z a s e n
d e s i n s e c t a r é i s
n i n g u n e a r í a
