m a n t e n e d
n o   e n m e n d é i s
n o   c a l i g r a f í e
e x c l u y e n d o
d e s t r u y e n d o
m a n t i e n e
a s f a l t a r í a m o s
e m p a l m a r í a n
e m p a l m a r a
g o l p e t e a b a
g a n a r s e
c o m p a c t a r í a s
l i m i t a r í a
l i m i t a r í a n
e m p a l m a r a i s
g o l p e t e a r a s
a r r e b a t a r í a
a s f a l t a r e
g o l p e t e a
a s f a l t a d a
a r r e b a t a b a
a r r e b a t a r í a s
o c u l t a r í a
r a p a r í a
a c o r t a r í a
p a u p e r i z a b a n
c o m p a c t a
a r r e b a t a r í a
p a u p e r i z a r e
p a u p e r i z a r e
g o l p e t e a b a i s
c o m p a c t a m o s
a s f a l t a r
c o m p u l s a r í a m o s
p a u p e r i z a r a i s
v o l a n t e a b a
a r r e b a t a r í a n
c o m p a c t a m o s
a m o j a m a b a s
v o l a n t e a b a
a m o l d a b a
v o l a n t e a r í a
a r r e b a t a r a
p r o f a n a b a
e m b o t a b a s
a m o l d a r í a
v o l a n t e a r í a s
p a u p e r i z a r e s
a c o r t a r í a m o s
e m p a l m a d o s
d e s n a t o s
e m p a l m a n
r a p a r í a
p a u p e r i z a r e n
p a u p e r i z a m o s
p r o f a n a r í a
a c o r t a b a
p r o f a n a r í a n
e m p a l m a d
c o m p a c t a d a
o c u l t a r a
r a p a r í a n
p a u p e r i z a n
c o m p u l s a r a
c o m p a c t a s
a m o j a m a b a i s
e m b o t a r a
e n c a l a b o z a r í a m o s
m o n e t a r i z a r í a
e m b o t a r í a i s
a s f a l t a d
e n t r e l a z a b a
e x p u g n a r í a
a r r e b a t a
a r r e b a t a m o s
e n r i p i a b a
v o l a n t e a r a s
e n c a l a b o z a b a
a t u r a b a
v o l a n t e a b a n
a c o r t a r í a i s
p r o f a n a r a s
a f i a n z a r a i s
l i m i t a r a i s
a m o l d a b a n
a m o l d a r a
c o m p u l s a r a i s
t a r a b a
a i r e a r í a m o s
t r u n c a r í a
e m p a l m a s e s
a i r e a r í a
e n t r e l a z a r í a i s
a g u s a n a r í a s
m o n e t a r i z a r í a
m o n e t a r i z a r í a s
e m p a l m e m o s
p r o f a n a r a
m a l e f i c i a r í a s
a r r e b a t a r e m o s
p r a c t i c a b a
a t u r a r í a n
s u a v i z a r í a
b l a s o n a r í a s
e x p u g n a r í a n
a s f a l t e m o s
a r r e b a t a r e s
m a l e f i c i a r í a
i n d u c i e n d o
a c o r t a b a n
g o l p e t e a s e
c o n s t a r í a m o s
e m p a l m á b a m o s
o c u l t a
a s f a l t a s e s
g o l p e t e e n
m o n e t a r i z a b a s
v o l a n t e a r a n
p a u p e r i z a s e
a r r e b a t a s
u r b a n i z a b a
c a l i g r a f i a r í a i s
e m p a l m e
t r u n c a r í a
p r a c t i c a r í a i s
s a t i n a b a
v o l a n t e a r e m o s
l i m i t a r
a f i a n z a d a
e n t r e l a z a b a i s
e x p u g n a r í a i s
p r a c t i c a b a s
a m o j a m a r e
v o l a n t e a r e i s
a f i a n z a r e n
b l a s o n a r í a i s
m a l e f i c i a r í a n
e m b o t a
a m o j a m a r a n
e m b o t a r a n
e m p a l m a r é
e m b o t a r e
c o m p e n d i a r í a
r a p a
g o l p e t e a d a s
a m o j a m a r e s
c o m p a c t a s e
c o m p u l s a s
a r r e b a t a r
e n r i p i a r a s
r e p a r t í a s
p r o f a n a r a n
a t u r a r í a i s
e n r i p i a b a i s
m a l e f i c i a r a
a f i a n z a s
c a l i g r a f i a r a
a s f a l t a r á s
a m o j a m a r e i s
t r u n c a r í a i s
e n r i p i a r a
t a r a r í a n
e n c a l a b o z a r e m o s
p r o f a n a r e
e m b o t a d a
r a p a m o s
m u e s t r e a r í a
h e l e n i z a b a s
e x p u g n a r a
a t u r a r a
c u m p l i r í a s
e n c a l a b o z a r e s
a s f a l t ó
e n t r e l a z a r e n
c a l i g r a f i a r a i s
a i r e a r a
a g u s a n a r a
t e   a p a c i g u a r í a s
a f i a n z a d o s
a c o r t a r e m o s
l i m i t a n
c u m p l a
c o m p a c t a r á s
e x p u g n a r a i s
a m o l d a r e m o s
m o n e t a r i z a m o s
a c o r t a
c o m p a c t a s e n
a g u s a n a r a
m o n e t a r i z a r e s
a t u r a b a i s
m u e s t r e a r í a i s
e m b o t a r o n
p r o y e c t a r í a i s
c o m p e n d i a r í a i s
h e l e n i z a r e
m a l e f i c i a r e i s
p r o s p e r a m o s
g o l p e t e a s t e i s
v o l a n t e a r
a s f a l t o
m e n s a j e e m o s
p r o s p e r a r a i s
r a p a m o s
a r r e b a t a d o s
e n c e s t a b a
a t u r a m o s
e x p u g n a r e m o s
s e   a p a c i g u a r í a n
u r b a n i z a r a n
a s f a l t e n
c u m p l i m o s
m u e s t r e a b a i s
m a l e f i c i a m o s
i n m o v i l i z a b a
m u e s t r e a r a
p r a c t i c a r e m o s
r a p a r e
e x p u g n a m o s
p a u p e r i z á r e m o s
o s   a p a c i g u a r í a i s
p a u p e r i z o
s u a v i z a m o s
t r u n c a b a i s
e n t r e l a z a n
m o r t i f i c a r í a s
p r o s p e r a m o s
c o m p a c t a s t e
c o n s t a r a s
e x p u g n a r e
a m o j a m a n
c o n s t a m o s
u r b a n i z a r o n
c a l i g r a f i a m o s
v o l a n t e a s e
a t u r a r e m o s
m a l e f i c i a
a s f a l t e n
v o l a n t e a d o s
c o m p e n d i a r a s
c o n s t a b a i s
l i m i t á b a m o s
a c o r t a r o n
e n c a l a b o z a d a s
m e n s a j e a r í a m o s
l e n g ü e t e a r í a m o s
c o m p e n d i a b a i s
m o r t i f i c a r í a i s
a m o l d a r o n
l i m i t a s e
