r e n d e r i z a s t e
m a n t u v i e r e n
m o n e t a r i z a d o s
p r o f a n e
t r u n c a b a i s
a i r e a s e i s
t e   e n f r a s c a r e s
t r u n c a r í a
n o   e n t r e l a c e
v e n t o s e a r í a i s
h e l e n i z a b a s
z u r c í
d e s n a c e r í a n
a t u r a r a
s u a v i z a r
c o m p u l s a s
i n s t r u m e n t a r a i s
b l a s o n a s e s
d e s t r u y a
v e n t o s e a s e n
e n c a l a b o c e n
m o n e t a r i z a r í a
e n c a l a b o z a r e m o s
v o l a n t e a r
n o   s e l e c c i o n e
r e n d e r i z á s e m o s
e n c e s t ó
c o n s e j a r e
e n c e s t a r a i s
d e s f a s a r í a n
l e n g ü e t e a b a
h e l e n i z a n d o
p e r d í a s
g u s t a
e x p u g n a r á
e n m e n d a s t e
i n d u j e s e
p r o f a n a r é i s
d e s n a c i e r a n
c a l i g r a f i a r a i s
c a l i g r a f í a
m u e s t r e a s e
n o s   e n f r a s c a r í a m o s
l e n g ü e t e a r í a n
u r b a n i z á i s
v o l a n t e a r á n
c o n s e j a b a i s
m o r t i f i c a n
o s   g a n é i s
a c o r t a b a
p r o s p e r a r a i s
n o   t e   a p a c i g ü e s
c o n s e j a s e n
b e r r e a b a
c o m p e n d i e
t e   g a n a s
i n s t r u m e n t a n
p r o y e c t a r í a i s
p e r d i e r a
c a l i g r a f i á i s
e m b r u t e z c a s
c o n s t e
e m p a l m á b a m o s
t e   e n f r a s c a s t e
c a l i g r a f i a r é i s
e m b o t a r a
p r a c t i c a b a
n o   m a l e f i c i é i s
r e p a r t i é r a m o s
a r r e d r a s e
a r r e b a t a r e m o s
v o l a n t e á b a m o s
c o n s t a
a m o l d a r o n
e n m e n d a r a i s
b e r r e é
d e s n a t o s
l i m i t e m o s
g u s t a r é
l i m i t a r í a n
e n t r e l a z a s t e i s
m u e s t r e á s e m o s
r e c o n q u i s t a r e
e n f r á s q u e s e
n o   p r o y e c t e n
e x p u g n a s
i n d u c i e n d o
a m o l d á i s
s e l e c c i o n á i s
p i e r d a n
a s f a l t e m o s
t r u n q u e
m o r t i f i c a m o s
o c u l t a r í a
v e n t o s e a r e
c o n e x i o n a r e i s
a r r e d r a r e m o s
d e s n a z c a n
a m o l d a b a
e x c l u y a m o s
a m o j a m é
m o n e t a r i c e
r e n d e r i z a m o s
r e n d e r i z a r í a
z u r c i r í a s
e n c a l a b o z a r í a m o s
c o n e x i o n a m o s
a t u r a r í a n
c a l i g r a f í o
e m b r u t e c e m o s
c o n s e j a r é
c u m p l e s
e n r i p i a b a
m o r t i f i c a r í a i s
e n r i p i a r a
b l a s o n a s e i s
m u e s t r e a r á n
e n c a l a b o z á r e m o s
s a t i n a
n o s   a p a c i g ü e m o s
a r r e d r e
c u m p l a
e n c e s t a b a
d e s i n s e c t a s e s
e n t r e l a z ó
m a n t e n g a
u r b a n i c é
g o l p e t e a d a s
c o n e x i o n a s e s
a i r e a r í a m o s
c o m p e n d i a r í a i s
p a u p e r i z a s e
p r o s p e r é i s
n o   m o n e t a r i c é i s
a f i a n z a r e n
r e n d e r i z a r a s
e n t r e l a z a b a
g a n a r s e
a f i a n z a r a i s
b l a s o n e
a f i a n z a d a
c o m p a c t a s e n
l e n g ü e t e é
a m o l d a s e
s e   e n f r a s c a s e n
i n d u z c a m o s
p r o s p e r a m o s
p r o s p e r a d o
m a n t i e n e
s e l e c c i o n á r e m o s
c u m p l i e s e s
p a u p e r i z o
u r b a n i c e
s a t i n o
v o l a n t e a s e
n i n g u n e a r e i s
c o m p u l s e s
b e r r e e n
r e c o n q u i s t á r e m o s
d e s n a z c á i s
n o   p r o f a n e s
a i r e a r é
r e p a r t i r
a r r e b a t a s e n
a i r e a r a
b e r r e a s e n
r e c o n q u i s t a d
n o   r a p e n
e x c l u y a m o s
c o n s t a m o s
a m o l d a r á
c o m p e n d i a b a i s
m o n e t a r i z a m o s
c o n s t e m o s
a c o r t a r o n
r a p a r e n
g u s t e
e n t r e l a z a r á
e n t r e l a z a r í a i s
n o   c o n e x i o n e
s e l e c c i o n e n
n o   d e s f a s e m o s
o s   d e s l e n g u á i s
c o n s e j a r e n
a r r e b a t a s
e n c a l a b o z a r e s
z u r z a
a c o r t a r í a
m a n t e n i d a s
m e n s a j e o
b l a s o n a d o
b e r r e a r e
m u e s t r e a b a i s
e m p a l m a n
r e c o n q u i s t a r í a
c o m p e n d i a r e
d e s i n s e c t o
d e s t r u y a
s a t i n a d
n o   c o m p e n d i e n
a r r e d r a s e
s u a v i z á b a m o s
e m b r u t e c i d o s
c o m p u l s a n d o
d e s t r u y e
i n m o v i l i z a r á s
e m b o t a d a
e s c o n d i e s e
a r r e b a t á s e m o s
d e s f a s a m o s
c o n s t e m o s
m u e s t r e á b a m o s
h e l e n i z á i s
b e r r e á b a m o s
n o   t r u n q u e m o s
c o n e x i o n a b a
l e n g ü e t e a r í a
r e c o n q u i s t a r e
a g u s a n a r é i s
c a l i g r a f i a m o s
h e l e n i z a d o s
r e c o n q u i s t ó
n i n g u n e a r a n
s e   g a n a r a
r e n d e r i z á i s
c o n e x i o n á r a m o s
d e s i n s e c t a s t e
e x c l u y e n d o
e m b o t a r í a i s
e s c o n d i e r e n
e m b o t a b a s
p r o s p e r a m o s
n o   c u m p l á i s
l i m i t a r é
a m o j a m e m o s
m o r t i f i c a d o
n o   c u m p l a n
d e s t r u y a s
e s c o n d a
m e n s a j e a r í a m o s
e m p a l m e
s a t i n a b a
r e c o n q u i s t e m o s
n i n g u n e e
h e l e n i c e
e n c a l a b o z a s t e i s
n o   c a l i g r a f í e
n o   i n m o v i l i c e m o s
n o   b l a s o n é i s
d e s t r u y e n d o
m e n s a j e a r í a n
t a r e n
i n s t r u m e n t á s e m o s
p r o s p e r a r á n
u r b a n i z a r o n
a t u r a b a
m e   e n f r a s c a r é
a c o r t e m o s
s e l e c c i o n a d
e m p a l m a s e s
u r b a n i z a s e n
n o   c o m p a c t e m o s
p r o f a n a b a
l i m i t a r í a
m o r t i f i c a b a n
d e s f a s a r í a s
a t u r a r a n
r e n d e r i c e s
a r r e b a t e s
m o n e t a r i z a r e s
d e s f a s a s e
t e   e n f r a s c a r í a s
s u a v i z a r á
e m b r u t e c i é s e m o s
t r u n c ó
p r o f a n á r a m o s
c o m p a c t a s
p r o f a n a r í a
z u r c i e s e n
a r r e b a t a r í a
e x c l u y e r o n
c o n s t e
p r o s p e r e n
i n d u c i m o s
a r r e d r a s
p r o s p e r o
g o l p e t e a s t e i s
e x p u g n a s t e
a i r e a d o
p r o y e c t a r e
s e   d e s l e n g u a r a
m o n e t a r i z a r é
c u m p l i d o
p a u p e r i z a r a i s
e n m e n d a s e n
m o r t i f i c a s t e i s
p r a c t i q u e
e x p u g n a r e m o s
n o   p r o f a n e m o s
o c u l t a
c o n s t a r e
a m o j a m á i s
a r r e b a t a
u r b a n i z a d a s
b e r r e a r a i s
b l a s o n a r í a i s
e m b o t a r a n
r e c o n q u i s t é i s
p r o y e c t ó
c o n e x i o n a d
e m b r u t e c i s t e
c o n e x i o n a d o
r e p a r t a m o s
n o   r e c o n q u i s t e n
n o   t r u n q u e s
g o l p e t e a b a i s
a t u r a r í a i s
c u m p l i r é
n o s   a p a c i g u á r e m o s
n o   t a r e
z u r z á i s
n o   p i e r d a
c o m p e n d i e m o s
c o m p e n d i a r e n
e n r i p i é i s
t r u n c á i s
r a p a r í a
m o r t i f i q u é i s
a m o l d a r a
d e s t r u y o
d e s i n s e c t a r í a
v e n t o s e a r í a n
e x p u g n a r a
m a n t u v i e s e
l e n g ü e t e a b a i s
h e l e n i z a r e
e n c e s t a d
a s f a l t ó
a c o r t a r e m o s
g u s t ó
c o m p e n d i a n d o
r a p a
r a p a d a
g a n a d a s
e m b o t a s t e
a g u s a n a r a
a r r e d r a b a n
n o   c o n s t e s
r e c o n q u i s t a r e n
m e n s a j e a d
e n c a l a b o z a b a
e x p u g n a r e n
c u m p l i e s e
u r b a n i z a m o s
c o n s t a
r e c o n q u i s t a b a
a t u r a
f l o r e c e r á
e n t r e l a c e n
s e l e c c i o n ó
a g u s a n a r í a s
e m p a l m a r í a n
a g u s a n a r a
r e p a r t a m o s
a f i a n z a r á
n o   p r o y e c t e m o s
p r o y e c t a d o s
o c u l t a r é
d e s f a s a r e i s
a t u r a n d o
i n s t r u m e n t a r e n
e m b r u t e c i d a s
a s f a l t a d a
c o m p e n d i a s
r e p a r t e
m a l e f i c i a d a s
p r a c t i c a b a s
s e l e c c i o n e
a m o j a m a r e i s
p r o y e c t a
d e s i n s e c t ó
h e l e n i c e n
e n t r e l a z a r á s
m o n e t a r i c e s
o s   d e s l e n g ü é i s
z u r c i r é
p a u p e r i z a r e
r a p á r e m o s
i n m o v i l i c e n
a f i a n z a s t e
a c o r t a
c o n s t e s
n o   a r r e d r é i s
c o n s t o
a f i a n c e n
g u s t a s t e
i n d u j e s e s
n o   e n c a l a b o c e n
o s   e n f r a s c a r é i s
r e p a r t i r á
m a l e f i c i a r í a
n o   e n m e n d é i s
r a p a r e i s
a t u r a r e
d e s i n s e c t e m o s
p r a c t i c a r í a i s
p r o s p e r á b a m o s
g o l p e t e e n
a i r e e n
e n r i p i a r e n
c a l i g r a f i a r í a i s
m a l e f i c i e m o s
d e s n a c e r á n
n o   r e p a r t a s
c o m p a c t a d a
m a n t u v i e r a n
d e s n a c i e r a i s
t a r a r e n
l i m i t a s e
c o n s t e
g u s t a r a s
n o   b e r r e e
p a u p e r i z a n
l e n g ü e t e é i s
a r r e b a t a r í a s
m o n e t a r i z a b a s
e n m e n d a r á
a s f a l t a r í a m o s
n i n g u n e a b a i s
d e s f a s é
n o   z u r z a m o s
l i m i t á i s
a f i a n z á r a m o s
c a l i g r a f i a r á n
u r b a n i c é i s
a g u s a n á r e m o s
a g u s a n e m o s
n o   s u a v i c e n
n o   z u r z á i s
z u r c i e r a i s
s e   d e s l e n g u a r í a n
c o n s t a r í a m o s
n o   t e   d e s l e n g ü e s
u r b a n i z a r e s
v o l a n t e a r í a s
p r o s p e r e
t a r a r í a n
p r o f a n e n
e m p a l m a r a
o c u l t á i s
a s f a l t a d
n o   f l o r e z c a n
n o   c o n s e j é i s
e n c e s t é i s
m a n t u v i e s e i s
c o n s t a r é i s
r e p a r t i e r o n
t r u n q u é
c o m p a c t a s t e
e m b o t a s e
d e s i n s e c t a r e n
e x p u g n a r í a n
f l o r e c e
n o   r e n d e r i c e
d e s i n s e c t a s e
c u m p l i e r a s
m a l e f i c i a r í a n
s e l e c c i o n a m o s
l e n g ü e t e a r á s
n o   n i n g u n e e m o s
v o l a n t e a r e m o s
d e s f a s a s e n
c o m p e n d i a r í a
a m o j a m a r á s
m a n t e n í a
e s c o n d i e r a s
m u e s t r e e
n o   m a n t e n g a
m a n t e n g a
r e c o n q u i s t a n d o
e n c e s t a b a n
m e   g a n a s e
v o l a n t e a b a n
v o l a n t e a b a
o c u l t á b a m o s
a s f a l t a r á s
e m b o t a r e
p r o f a n a r a s
o c u l t a r a
a c o r t a b a n
a s f a l t e n
d e s f a s a r í a
u r b a n i z a n
d e s f a s á r e m o s
l e n g ü e t e a r a
m u e s t r e a s e i s
n o   a g u s a n é i s
s a t i n á r a m o s
l e n g ü e t e a m o s
n i n g u n e a r á
z u r c i e s e
i n s t r u m e n t a d o
s a t i n a s t e
e n c a l a b o z a d
e n t r e l a z á r e m o s
c o m p u l s a r a
p a u p e r i z a r e s
t e   a p a c i g u a r í a s
d e s n a c e r
b l a s o n ó
b l a s o n a s e
p a u p e r i z a b a n
e m b r u t e z c a m o s
m a l e f i c i a r a
b l a s o n a r í a s
l i m i t ó
n o   a f i a n c e m o s
m a l e f i c i e
g u s t é i s
c o n e x i o n a r é i s
c o n s t a r e m o s
f l o r e c i e r a n
s e   a p a c i g u a n
v o l a n t e a r a n
p e r d e r e m o s
e n c a l a b o z a s t e
c u m p l i m o s
c o m p a c t a
c u m p l i s t e
n o   d e s i n s e c t e m o s
r e c o n q u i s t a s e
a g u s a n o
a m o j a m a b a s
t r u n c a s e
m e n s a j e a r é i s
o c u l t a s e
n o s   g a n a r e m o s
i n m o v i l i c e m o s
d e s t r u y e r e
p r o y e c t a r a i s
a t u r a d
t r u n c a r í a i s
a r r e b a t a r í a n
c o n e x i o n a s e n
a s f a l t a r
c o m p e n d i á i s
t e   d e s l e n g u a r á s
s e   d e s l e n g u a b a
g o l p e t e a s e
p e r d í a
m e n s a j e a b a n
u r b a n i z a r a n
n o   v e n t o s e é i s
g u s t a d o
r e n d e r i z a s
c o n s e j a r o n
o s   a p a c i g u a s e i s
v o l a n t e o
e n c a l a b o z a d a s
l i m i t a n
t e   g a n a r e s
e n m e n d a r í a m o s
s e l e c c i o n a b a
a f i a n z a s
a m o l d a r é
p r o y e c t e s
a m o j a m a b a i s
r e n d e r i z a r a
a s f a l t a r e
c o m p u l s é
m o n e t a r i z a r á
i n d u z c a n
r e c o n q u i s t a r í a s
u r b a n i z a s e i s
i n s t r u m e n t a r é
v o l a n t e a n d o
d e s f a s a b a s
f l o r e c e r e m o s
a r r e d r a r a s
m u e s t r e a r a
m o r t i f i c a s e
m u e s t r e a r í a
i n d u c í a m o s
r e p a r t i e r e i s
e s c o n d i e r e
c o n s e j a r á
a f i a n z a d o s
a t u r a r e m o s
l i m i t a s t e
r e p a r t a n
v o l a n t e a r e i s
s u a v i z a d a
d e s i n s e c t a r a i s
a g u s a n a r e
m a l e f i c i a r á s
b e r r e a
t e   g a n a r í a s
v o l a n t e a d o s
e m b r u t e c í a s
a r r e d r e m o s
e x p u g n o
a s f a l t e n
d e s i n s e c t a r á s
n o   s u a v i c é i s
a r r e d r a r í a i s
e x p u g n a m o s
o c u l t e m o s
c o n e x i o n e
m u e s t r e e
r e p a r t i e r e
n o   p r a c t i q u é i s
n o   c o m p e n d i e m o s
p r a c t i c a r á n
c o n s t ó
t a r a b a
i n m o v i l i z a
m a l e f i c i a r é
c o m p u l s a r a i s
l e n g ü e t e a r í a m o s
m a l e f i c i a m o s
a r r e d r a r e s
c o n s t a b a i s
a m o j a m a r e
r e n d e r i z a r í a s
m o r t i f i c a r e i s
e m p a l m a d o s
o c u l t a d a s
z u r c e
a s f a l t a s e s
p e r d e r í a s
e s c o n d i s t e i s
e s c o n d i e r e s
c a l i g r a f i é
a c o r t a r í a m o s
a s f a l t o
t r u n q u é i s
e n c a l a b o z a s e s
c o n e x i o n e s
c o n s t a s e s
e n m i e n d e
d e s t r u y e r e s
a m o l d o
a c o r t a r í a i s
s e l e c c i o n e m o s
n o   e m b o t e n
i n d u j e s e i s
n o   v o l a n t e é i s
p a u p e r i c e
e n t r e l a z a b a i s
r e p a r t i e r e n
m e n s a j e á r e m o s
s u a v i z a m o s
d e s i n s e c t e s
e x p u g n a r a i s
m a l e f i c i a n
t e   d e s l e n g u a r a s
t a r a n
a m o j a m a r e s
a r r e b a t e n
r a p a m o s
r e n d e r i z a s e i s
e n r i p i e
m e n s a j e a r
e n f r a s c a o s
m u e s t r e e s
c o m p a c t a r á s
o s   a p a c i g u a b a i s
d e s f a s e m o s
m a l e f i c i e
c o m p e n d i a r é
p r o f a n a r a
r e p a r t i e r a s
a r r e d r a r á
e n m e n d a b a
b l a s o n é
l e n g ü e t e a s e
n i n g u n e a r e s
l i m i t a r a i s
t e   e n f r a s c a b a s
a r r e b a t a d o s
z u r c í a
l i m i t a r
n o   e x c l u y a m o s
d e s f a s a r a s
a m o j a m a n
s e   e n f r a s c a b a n
g u s t a n d o
a f i a n c e
v o l a n t e a r í a
m e   g a n a r e
t r u n c a r í a
c a l i g r a f i a s e s
a i r e e s
a t u r a s t e
m e n s a j e á i s
d e s i n s e c t é i s
a r r e d r a d a
e n c e s t a m o s
m o r t i f i c a r a
c u m p l i e r e i s
e x p u g n a d o s
r a p a r á n
n i n g u n e e
n o   m o r t i f i q u e m o s
z u r c i d a s
e x p u g n a r e
a t u r a m o s
a f i a n z a r é
s a t i n a d o
m u e s t r e a r í a i s
e m b r u t e c i e r a i s
m e n s a j e a b a
m e   a p a c i g u a r e
l i m i t á s e m o s
m u e s t r e a d a s
n o   e x p u g n e s
m e   e n f r a s q u é
e m p a l m a r a i s
s e   g a n a r í a
r e p a r t a n
i n s t r u m e n t a r á s
e x p u g n a r í a i s
i n m o v i l i z a b a
e x p u g n a r í a
m a n t u v i é r e m o s
c o m p a c t a m o s
t a r á r a m o s
c o n s e j a r
r a p a d o s
a m o l d a s t e i s
a t u r a r e s
c o n e x i o n ó
o c u l t é
n o   c o m p u l s é i s
n o   c a l i g r a f í e s
s u a v i z a r í a
d e s i n s e c t a m o s
c o m p a c t a r í a s
d e s t r u y e r a
d e s t r u i r é i s
r e c o n q u i s t o
e n c a l a b o z á s e m o s
n o   h e l e n i c e s
d e s i n s e c t a b a n
e n c e s t a r e
e x p u g n e n
m e   e n f r a s c a r a
a c o r t á r a m o s
a r r e d r a d a s
r a p e n
