g a n a o s
n o   t a r e
t e   g a n a s
m a n t i e n e
n o   r a p e n
n o   p i e r d a
n o   a t u r e s
m e   g a n a r e
s e   g a n a r a
n o   b e r r e e
t e   g a n a r e s
n o   c u m p l a
o s   g a n é i s
m e   g a n a s e
n o   e m b o t e n
n o   p r o y e c t e
n o   c o n s t e s
n o   a i r e é i s
n o   g u s t é i s
n o   e m p a l m e
n o   c u m p l a n
s e   g a n a r í a
c a l i g r a f í o
n o   r e n d e r i c e
n o   e s c o n d a s
n o   z u r z a m o s
n o   c o n s e j e n
n o   s u a v i c e n
n o   e x p u g n e s
n o   e n t r e l a c e
n o   r e p a r t a s
n o   p r o f a n e s
n o   t r u n q u e s
n o   c u m p l á i s
n o   m a n t e n g a
n o   a f i a n c e s
t e   g a n a r í a s
n o   p r o y e c t e n
n o   c o n e x i o n e
n o   s u a v i c é i s
n o   a r r e d r é i s
n o   c o m p u l s e n
n o   e m b r u t e z c a
n o   e x c l u y a m o s
n o   b l a s o n é i s
s e   a p a c i g u a n
n o   a g u s a n é i s
n o   h e l e n i c e s
n o   f l o r e z c a n
n o   s e l e c c i o n e
m e   e n f r a s q u é
n o   c o m p a c t e s
n o   c o n s e j é i s
n o s   g a n a r e m o s
e n f r a s c a o s
n o   a r r e d r e m o s
n o   v e n t o s e é i s
n o   s e   d e s l e n g ü e
n o   c o m p e n d i e n
m e   e n f r a s c a r e
o s   d e s l e n g u á i s
m e   e n f r a s c a r é
n o   v o l a n t e é i s
n o   c o m p u l s é i s
m e   a p a c i g u a r e
n o   p r o f a n e m o s
n o   d e s f a s e m o s
m e   e n f r a s c a r a
s e   d e s l e n g u a b a
n o   e x p u g n e m o s
n o   t r u n q u e m o s
n o   a f i a n c e m o s
n o   d e s n a z c a m o s
n o   p r o y e c t e m o s
n o   d e s i n s e c t e s
n o   e n c a l a b o c e s
n o   e n c a l a b o c e n
n o   p r a c t i q u é i s
o s   d e s l e n g ü é i s
s e   e n f r a s c a s e n
t e   e n f r a s c a s t e
t e   e n f r a s c a r e s
n o   m a l e f i c i é i s
t e   e n f r a s c a b a s
s e   e n f r a s c a b a n
n o   r e c o n q u i s t e n
s e   d e s l e n g u a r a
n o   c o m p a c t e m o s
t e   d e s l e n g u a r a s
n o   m o r t i f i q u e s
n o   t e   a p a c i g ü e s
n o   r e n d e r i c e m o s
n o   s e l e c c i o n é i s
o s   e n f r a s c a r é i s
o s   e n f r a s c a r e i s
n o   m o n e t a r i c é i s
n o   c o m p e n d i e m o s
n o   p a u p e r i c e m o s
o s   a p a c i g u a s e i s
t e   e n f r a s c a r í a s
n o s   a p a c i g ü e m o s
t e   d e s l e n g u a r á s
s e   a p a c i g u a r í a n
t e   a p a c i g u a r í a s
o s   a p a c i g u a b a i s
d e s n a t o s
n o   t e   d e s l e n g ü e s
n o   d e s i n s e c t e m o s
o s   a p a c i g u a r í a i s
n o   n i n g u n e e m o s
s e   d e s l e n g u a r í a n
n o   n o s   d e s l e n g ü e m o s
n o   m o r t i f i q u e m o s
n o   z u r z á i s
n o   i n m o v i l i c e m o s
n o s   a p a c i g u á r e m o s
n o s   e n f r a s c a r í a m o s
n o   c a l i g r a f í e s
n o   c a l i g r a f í e
n o   e n m e n d é i s
a i r e e
r a p e
r a p a
a t u r a
p e r d í
t a r e n
z u r c í
t a r a n
a t u r a d
r a p e n
z u r c e
g u s t e
z u r z a
s a t i n a
a i r e ó
g u s t a
c u m p l a
t a r a s e
g u s t ó
s a t i n o
i n d u c e
a t u r e n
a m o l d o
b e r r e é
c o n s t o
a i r e e n
a i r e e s
p i e r d a n
c o n s t e
c o n s t e
c o n s t e
d e s f a s é
b e r r e a
c o n s t a
a i r e a n
c o n s t a
e m b o t a
a i r e a d
r a p a d a
r a p a r á
r a p a r e
a c o r t a
c o n s t ó
t r u n c ó
e n r i p i e
b e r r e e n
l i m i t ó
g u s t a d o
o c u l t é
z u r c í a
t a r a b a
o c u l t a
p e r d í a
c u m p l e
i n d u c i r
e x c l u y o
d e s f a s o
e n r i p i e
b e r r e e n
a m o l d a r á
e n r i p i é
g a n a d a s
p e r d i d a s
z u r z á i s
z u r c i r é
e s c o n d a
p e r d i e r a
s a t i n a d o
z u r c i r á
a t u r a r e
a t u r a r e
e n c e s t e
e n m i e n d e
s a t i n a d
g u s t é i s
t a r a r e n
a m o l d a d
d e s t r u y e
b e r r e e s
r a p a r e n
c o n s t a r
a g u s a n o
e x p u g n o
r a p a r á n
r a p a m o s
d e s f a s a s
r a p a m o s
b l a s o n e
b l a s o n é
b l a s o n o
r a p a r í a
d e s t r u y a
r a p a r í a
b l a s o n ó
a i r e a d o
r e p a r t e
e n r i p i e n
i n d u c í a
r a p a d o s
e x p u g n ó
a g u s a n e
p e r d í a s
g u s t a r é
e m p a l m e
c o m p u l s é
e n c e s t ó
c o m p u l s e
f l o r e c e
a i r e a r é
l i m i t a r
r e p a r t e
p r o s p e r e
d e s t r u y a
a t u r a r a
m u e s t r e e
m u e s t r e e
t r u n q u é
a m o j a m é
a r r e d r e
a f i a n c e
t r u n q u e
l i m i t a n
p r o f a n e
a i r e a r a
c u m p l e s
a s f a l t o
a t u r a b a
a s f a l t ó
p r o s p e r o
g o l p e t e a
