d e s t r u i r é
c o m p a c t a s e
f l o r e c i é s e m o s
c u m p l i e r o n
c o n s e j á r a m o s
e m p a l m a d
p r o y e c t a s e n
m o r t i f i c a r e n
c o m p e n d i a r e m o s
c o n s e j a s e
e n r i p i a r a s
n o   e m b r u t e z c a
d e s i n s e c t á r e m o s
s u a v i c e m o s
e x c l u y e r e
a m o j a m a r á
o s   e n f r a s c a r e i s
a r r e b a t a b a
r e n d e r i z a
n o   e m p a l m e
r e c o n q u i s t á b a m o s
v o l a n t e a b a
r a p e
l e n g ü e t e e m o s
c u m p l i r á s
c o n s t é i s
b e r r e a d a
m a n t u v i m o s
a r r e b a t a r a
m u e s t r e a r é
d e s f a s a s e i s
e n t r e l a z a r e n
n o   n o s   d e s l e n g ü e m o s
a r r e b a t a r í a
e m p a l m e m o s
s e l e c c i o n e n
e x c l u í s
c o n e x i o n o
i n s t r u m e n t e m o s
i n d u c e
s u a v i c e m o s
n o   a f i a n c e s
r a p a r í a n
h e l e n i c e
m a n t e n d r í a
a i r e a s t e
a m o l d a d
e n m e n d a s e
a i r e ó
m e n s a j e e m o s
a m o l d a b a n
p e r d i m o s
n i n g u n e a
p r a c t i c a s e s
p a u p e r i z a r e n
c o m p e n d i a r
a r r e b a t a r e s
b e r r e a s t e i s
a g u s a n e
p a u p e r i z á r e m o s
r a p a r e
i n m o v i l i z á b a m o s
i n m o v i l i z á i s
n o   m o r t i f i q u e s
n o   p a u p e r i c e m o s
s u a v i z a d
e s c o n d a n
g o l p e t e a
p a u p e r i c é i s
n i n g u n e a r
e n r i p i a b a i s
b e r r e a b a n
b l a s o n á s e m o s
l i m i t á b a m o s
s a t i n a d a s
a i r e a n d o
p e r d í
n o   e s c o n d a s
s e l e c c i o n é
d e s t r u y á i s
n o   e x p u g n e m o s
n o   p r o y e c t e
a i r e e
p r o f a n a r í a n
z u r c i r á
l e n g ü e t e a d a
e s c o n d í a m o s
m a l e f i c i á s e m o s
r a p a r í a
e s c o n d i e n d o
d e s n a z c a m o s
d e s n a c e r á
e x c l u y o
c o m p u l s e
p r o s p e r a d a
r a p a m o s
n o   a i r e é i s
c o m p u l s a r á n
l e n g ü e t e a s t e i s
n o   e n c a l a b o c e s
b l a s o n á r e m o s
e x c l u y e r a
z u r c i e r e
d e s n a c i é r a m o s
s u a v i z a r e
p r o f a n a r á
e n c a l a b o z a r é
i n d u j i s t e
c o n s e j a r a n
i n m o v i l i z a r e i s
a m o j a m a r á n
n o   d e s n a z c a m o s
l e n g ü e t e a s e n
c u m p l e
a c o r t á i s
m o n e t a r i z a r í a s
m a l e f i c i a r í a s
h e l e n i z a s e n
i n m o v i l i z a r o n
c a l i g r a f i a r a
a t u r á r a m o s
o s   a p a c i g u a r í a i s
e s c o n d e r á
a c o r t e m o s
e n c e s t a d a s
e n m e n d a d o
c o n e x i o n a r
t r u n c a d o
c o m p u l s a r í a m o s
m a n t e n e d
r e n d e r i c e m o s
v e n t o s e a r é i s
b e r r e e s
e m b o t a
a r r e d r a b a s
a i r e a r í a
p r o y e c t a r
e x p u g n ó
c o n e x i o n a d a s
m a l e f i c i a
g o l p e t e é i s
d e s n a c e s
e m b o t a r o n
i n d u c í a
d e s f a s o
e n r i p i a r
n o   c o m p a c t e s
n o   a t u r e s
n o   g u s t é i s
a t u r a r e
a t u r a b a i s
r e c o n q u i s t a d a
v e n t o s e e
n o   c u m p l a
m o r t i f i c a r í a s
e n r i p i á r a m o s
p a u p e r i z a r e
a r r e b a t a r
d e s t r u y e s e i s
s a t i n a r o n
c a l i g r a f i a d a s
e m p a l m a r é
e m p a l m a n d o
e x c l u y e r a i s
a r r e d r a n d o
c o m p a c t e
p a u p e r i z a m o s
a i r e a r e n
t r u n q u e s
n o   c o m p u l s e n
t a r a s e
c o n s e j e m o s
g a n a o s
c o n e x i o n a r a s
c o n s t a s e
e n c e s t a r a
u r b a n i z a b a
n o   s e   d e s l e n g ü e
i n d u c i r
a m o l d a r é i s
b e r r e e n
n o   a r r e d r e m o s
i n m o v i l i c é i s
a m o l d a r e m o s
r a p a r á
a m o l d a r í a
l e n g ü e t e e
d e s f a s a s
z u r c i r í a i s
p r o f a n a r a n
e n r i p i e
d e s f a s e n
e n c e s t e
a m o j a m á s e m o s
d e s i n s e c t a r
c o n s t a r
i n m o v i l i z a s t e i s
m o n e t a r i z a r á s
r e n d e r i z a
s e   a p a c i g u a r í a n
r e n d e r i z á r a m o s
v e n t o s e a r í a
a i r e a n
g o l p e t e a r a s
m o n e t a r i z a r í a
n o   r e n d e r i c e m o s
i n m o v i l i z a m o s
r e p a r t e
e x p u g n a d a
a i r e a d
a f i a n z á i s
e n m e n d a m o s
s u a v i z a s e s
n o   c o n s e j e n
c o n s t a r a s
e n t r e l a z a d a s
m e   e n f r a s c a r e
m e n s a j e a d a s
e s c o n d e r í a i s
e x c l u y e r a
a f i a n c e m o s
a r r e b a t é i s
c o m p e n d i a r a s
a m o j a m a r a n
c o m p u l s a s e
c u m p l i r í a s
g o l p e t e a b a
a t u r e n
e n r i p i e n
d e s t r u í a m o s
d e s i n s e c t a b a i s
n o   d e s i n s e c t e s
m o r t i f i c a s e
p e r d i d a s
r e p a r t í a s
p r a c t i c a r e m o s
n o   s e l e c c i o n é i s
m o n e t a r i c e n
a r r e b a t a m o s
d e s t r u i r í a n
m a l e f i c i a r e i s
e n t r e l a z a n
p e r d a m o s
b l a s o n o
p r o s p e r e s
a t u r a d a s
c o m p a c t a m o s
v o l a n t e a r a s
p r o f a n a r e
e n r i p i é
