r e n d e r i z a s t e
m a n t u v i e r e n
s e l e c c i o n é
m o n e t a r i z a d o s
p r o f a n e
t r u n c a b a i s
a i r e a s e i s
t r u n c a r í a
v e n t o s e a r í a i s
s e l e c c i o n e n
h e l e n i z a b a s
t r u n c a d o
d e s t r u y e s e i s
z u r c í
d e s n a c e r í a n
a t u r a r a
s u a v i z a r
c o m p u l s a s
z u r c i r á
i n s t r u m e n t a r a i s
b l a s o n a s e s
d e s t r u y a
v e n t o s e a s e n
e n c a l a b o c e n
m o n e t a r i z a r í a
e n c a l a b o z a r e m o s
v o l a n t e a r
r a p a r í a n
r e n d e r i z á s e m o s
s u a v i z a r e
e n c e s t ó
c o n s e j a r e
e n c e s t a r a i s
d e s f a s a r í a n
l e n g ü e t e a b a
h e l e n i z a n d o
i n d u c í a
p e r d í a s
g u s t a
e x p u g n a r á
g o l p e t e é i s
e n m e n d a s t e
i n d u j e s e
p r o f a n a r é i s
e x p u g n ó
d e s n a c i e r a n
c a l i g r a f i a r a i s
c a l i g r a f í a
m u e s t r e a s e
c o m p u l s a r á n
l e n g ü e t e a r í a n
u r b a n i z á i s
f l o r e c i é s e m o s
v o l a n t e a r á n
c o n s e j a b a i s
a r r e b a t a r
m o r t i f i c a n
a c o r t a b a
p r o s p e r a r a i s
a r r e b a t a m o s
c o n s e j a s e n
b e r r e a b a
c o m p e n d i e
a g u s a n e
i n s t r u m e n t a n
m a n t u v i m o s
d e s t r u i r í a n
p r o y e c t a r í a i s
p e r d i e r a
c a l i g r a f i á i s
e m b r u t e z c a s
c o n s t e
e m p a l m á b a m o s
c a l i g r a f i a r é i s
l e n g ü e t e e m o s
e m b o t a r a
p r a c t i c a b a
b e r r e a s t e i s
r e p a r t i é r a m o s
a r r e d r a s e
i n s t r u m e n t e m o s
m o n e t a r i z a r á s
h e l e n i c e
a r r e b a t a r e m o s
d e s n a c e s
v o l a n t e á b a m o s
m e n s a j e a d a s
c o n s t a
a m o l d a r o n
e n m e n d a r a i s
b e r r e é
r e c o n q u i s t á b a m o s
b e r r e a b a n
l i m i t e m o s
g u s t a r é
l i m i t a r í a n
e n t r e l a z a s t e i s
m a n t e n d r í a
m u e s t r e á s e m o s
r e c o n q u i s t a r e
e n f r á s q u e s e
b e r r e a d a
c o n s e j a s e
e x p u g n a s
i n d u c i e n d o
a m o l d á i s
s e l e c c i o n á i s
p a u p e r i z a m o s
p i e r d a n
c o n e x i o n a d a s
a f i a n c e m o s
a s f a l t e m o s
c a l i g r a f i a r a
a r r e d r a n d o
t r u n q u e
m o r t i f i c a m o s
o c u l t a r í a
v e n t o s e a r e
c o n e x i o n a r e i s
a c o r t e m o s
p e r d í
a r r e d r a r e m o s
d e s n a z c a n
e n m e n d a s e
a m o l d a b a
e x c l u y a m o s
a m o j a m é
m o n e t a r i c e
r e n d e r i z a m o s
r e n d e r i z a r í a
m a n t e n e d
z u r c i r í a s
a r r e b a t a r í a
e n c a l a b o z a r í a m o s
e n m e n d a d o
c o n e x i o n a m o s
a t u r a r í a n
r e n d e r i c e m o s
e m b r u t e c e m o s
c o n s e j a r é
c u m p l e s
a r r e b a t a r e s
e n r i p i a b a
m o r t i f i c a r í a i s
e n r i p i a r a
b l a s o n a s e i s
m u e s t r e a r á n
e n c a l a b o z á r e m o s
i n d u j i s t e
s a t i n a
a r r e d r e
c u m p l a
e n c e s t a b a
d e s i n s e c t a s e s
e n t r e l a z ó
m a n t e n g a
u r b a n i c é
g o l p e t e a d a s
c o n e x i o n a s e s
a i r e a r í a m o s
c o m p e n d i a r í a i s
p a u p e r i z a s e
p r o s p e r é i s
r e p a r t í a s
a f i a n z a r e n
c o m p u l s a s e
a f i a n z á i s
r e n d e r i z a r a s
e n t r e l a z a b a
g a n a r s e
a f i a n z a r a i s
b l a s o n e
a f i a n z a d a
c o m p a c t a s e n
l e n g ü e t e é
a m o l d a s e
i n d u z c a m o s
p r o s p e r a m o s
p r o s p e r a d o
s e l e c c i o n á r e m o s
c o n e x i o n a r
c u m p l i e s e s
p a u p e r i z o
u r b a n i c e
s a t i n o
v o l a n t e a s e
n i n g u n e a r e i s
e n c e s t e
c o m p u l s e s
n i n g u n e a r
b e r r e e n
r e c o n q u i s t á r e m o s
v e n t o s e a r í a
d e s n a z c á i s
a i r e a r é
r e p a r t i r
c o n s e j e m o s
a r r e b a t a s e n
a i r e a r a
b e r r e a s e n
r e c o n q u i s t a d
r e c o n q u i s t a d a
b l a s o n o
e x c l u y a m o s
c o n s t a m o s
a m o l d a r á
c o m p e n d i a b a i s
m o n e t a r i z a m o s
c o n s t e m o s
s u a v i z a d
a m o j a m a r á
a c o r t a r o n
r a p a r e n
z u r c i r í a i s
g u s t e
e n t r e l a z a r á
e n t r e l a z a r í a i s
v o l a n t e a b a
s e l e c c i o n e n
p a u p e r i z a r e
e n r i p i e
c o n s e j a r e n
r a p e
a r r e b a t a s
e n c a l a b o z a r e s
z u r z a
a c o r t a r í a
m a n t e n i d a s
m e n s a j e o
a t u r a b a i s
b l a s o n a d o
b e r r e a r e
m u e s t r e a b a i s
e m p a l m a n
e n r i p i e n
r e c o n q u i s t a r í a
c o m p e n d i a r e
d e s i n s e c t o
d e s t r u y a
s a t i n a d
d e s f a s e n
a r r e d r a s e
s u a v i z á b a m o s
d e s i n s e c t á r e m o s
e m b r u t e c i d o s
c o m p u l s a n d o
d e s t r u y e
i n m o v i l i z a r á s
e m b o t a d a
e s c o n d i e s e
