c o n s t a r é i s
c u m p l i r í a s
e n r i p i a r e n
r e c o n q u i s t a n d o
d e s f a s á r e m o s
r e c o n q u i s t á r e m o s
m u e s t r e a r a
t e   d e s l e n g u a r a s
t e   g a n a s
c o m p e n d i a r a s
s a t i n a d a s
s e   g a n a r í a
a r r e b a t a r í a
s e   g a n a r a
t a r a r í a n
a m o l d a r a
n o   g u s t é i s
a s f a l t a r
r e n d e r i z a r í a s
r e p a r t i e r e
a g u s a n a r e
c o m p u l s a r í a m o s
h e l e n i z a d o s
g o l p e t e a
p r o s p e r a d a
p r o f a n a r a n
n o   m o r t i f i q u e m o s
e m p a l m á b a m o s
d e s n a t o s
t a r a b a
r a p a
m a l e f i c i a r e i s
e n t r e l a z a b a
n o   m o r t i f i q u e s
e m p a l m a d o s
g a n a d a s
e x p u g n a s t e
c o m p e n d i e
n o   p r o y e c t e m o s
a r r e d r a r a s
t e   e n f r a s c a r í a s
e x c l u y e r a
g o l p e t e a d a s
a t u r a r e m o s
d e s f a s a r í a n
u r b a n i z a n
s e   e n f r a s c a s e n
d e s n a c i é r a m o s
d e s i n s e c t e m o s
m o n e t a r i z a r é
c o m p u l s e s
c o n s e j a r á
a i r e a n d o
e n t r e l a z a r í a i s
a f i a n z á i s
l i m i t a r í a n
f l o r e c e
d e s i n s e c t á r e m o s
e n m e n d a s e n
r a p a r í a n
a m o l d a r á
r a p a d o s
o s   a p a c i g u a r í a i s
a m o l d a r é
d e s f a s a r í a s
i n d u j e s e i s
b e r r e a s e n
e m p a l m a n d o
a c o r t a
r e p a r t a n
t e   d e s l e n g u a r á s
a m o j a m é
m u e s t r e a s e i s
i n d u j e s e
n o   p r o f a n e s
n o   s e l e c c i o n e
e n m e n d a b a
c o m p u l s a r a i s
v o l a n t e a r í a s
r e n d e r i z á r a m o s
a i r e a r í a
d e s f a s a b a s
b e r r e a b a n
e m b r u t e c i é s e m o s
e n c a l a b o z a r í a m o s
c u m p l i r á s
n o   e n t r e l a c e
n o   c o m p e n d i e m o s
a m o l d a r e m o s
p r a c t i c a r e m o s
d e s t r u y o
c u m p l i d o
p r o y e c t a
p r o y e c t a d o s
a g u s a n a r í a s
i n d u c i m o s
r e c o n q u i s t ó
e n c a l a b o z a d
m o n e t a r i c e n
d e s t r u i r é
a r r e d r a s e
e m b o t a d a
a c o r t e m o s
c a l i g r a f i a m o s
p e r d í a s
g u s t ó
c o m p e n d i á i s
c o n s t o
t r u n c a r í a
n o   b l a s o n é i s
m o n e t a r i z a r í a
b l a s o n a s e i s
n o   s e l e c c i o n é i s
t a r a s e
i n m o v i l i z a r e i s
n o   c o n e x i o n e
a c o r t a r í a i s
m a n t e n í a
m o n e t a r i z a r e s
p r o f a n a r á
a r r e d r a d a s
m o r t i f i c a r e i s
t r u n q u é i s
p r o s p e r e n
b e r r e a b a
m o n e t a r i z a r í a
p r a c t i c a b a
p r o f a n e
d e s t r u y e r e s
m e n s a j e á i s
c o n s t é i s
m a l e f i c i a r í a s
c o n s t a
c o n s e j a b a i s
p r o s p e r e
a t u r a r e s
e x c l u y e r a
s e l e c c i o n e
d e s i n s e c t o
a i r e a n
n o   c u m p l a
m u e s t r e a s e
n o   e s c o n d a s
e x p u g n a r á
e x p u g n a m o s
s e   a p a c i g u a r í a n
p e r d í
p r o y e c t e s
d e s t r u i r é i s
c o m p u l s e
p e r d í a
e s c o n d i e r e
d e s t r u y a
b l a s o n o
e x c l u y a m o s
v o l a n t e a r í a
a f i a n c e n
o c u l t a r é
r e c o n q u i s t a r e
n o   c o m p u l s e n
d e s t r u y e n d o
i n d u c e
a c o r t á i s
a m o l d a b a n
a r r e b a t a s
e n c e s t a d
a m o j a m a r á
m a l e f i c i a r á s
a t u r a m o s
c o m p a c t a s e
m o r t i f i c a r í a i s
r e p a r t a m o s
n o   r e n d e r i c e
e n m e n d a s t e
a t u r a r a n
g u s t a n d o
m e   e n f r a s q u é
n o   d e s i n s e c t e s
a m o j a m a b a i s
c o n s t ó
e n r i p i e
v o l a n t e a d o s
e s c o n d i e r e n
a f i a n z a d a
e m p a l m a s e s
c o m p u l s a s
m o r t i f i c a r e n
c o m p e n d i a r
a m o j a m a r á s
p r o f a n a r e
n o   a i r e é i s
c o n e x i o n a r é i s
t r u n c a s e
r a p a r í a
a r r e b a t a r í a n
p a u p e r i c e
a t u r a s t e
e n c e s t a r a
c u m p l i e r e i s
m e n s a j e a r í a m o s
n o   p r a c t i q u é i s
l e n g ü e t e a s t e i s
a m o l d o
e x p u g n a r a
m o r t i f i c a s e
c u m p l i m o s
f l o r e c e r á
n o   p r o y e c t e n
e n r i p i a b a i s
a m o j a m a r e i s
c u m p l i s t e
p r o y e c t a r a i s
n o   s u a v i c e n
a r r e b a t a s e n
r e p a r t i e r e n
v o l a n t e a r
v o l a n t e a r e i s
u r b a n i c é i s
a r r e b a t á s e m o s
a s f a l t e n
o c u l t á i s
a s f a l t o
e m b o t a r e
a c o r t a r o n
a g u s a n e m o s
s e l e c c i o n e n
c o n s t a
c o m p e n d i a r í a
d e s t r u y á i s
e x c l u í s
m o r t i f i c a b a n
a f i a n z a r e n
r e n d e r i z a
d e s f a s a m o s
r e n d e r i z a s t e
e m b o t a r a n
m e   e n f r a s c a r a
a m o j a m a n
o s   g a n é i s
r e c o n q u i s t é i s
n o   t r u n q u e m o s
t e   e n f r a s c a b a s
n o   r e p a r t a s
d e s n a c e r á n
e s c o n d í a m o s
n o   r e n d e r i c e m o s
n o   i n m o v i l i c e m o s
m e n s a j e a d
o s   a p a c i g u a b a i s
v o l a n t e a b a
