o c u l t e m o s
h e l e n i z a r e
b l a s o n a d o
n o   a r r e d r é i s
e n c a l a b o z a r e s
p r a c t i c a r í a i s
i n m o v i l i z a s t e i s
z u r z á i s
e x c l u y e n d o
e x p u g n a r í a i s
p a u p e r i z o
e x c l u y o
m o r t i f i c a n
d e s n a c i e r a n
n o   e x p u g n e m o s
m a n t e n i d a s
e m b o t a r e
r e c o n q u i s t a d
e n c e s t a r a
m o n e t a r i z a r í a
v o l a n t e a r á n
p r o s p e r a d a
e m p a l m a s e s
c o n s t e
t e   d e s l e n g u a r á s
e s c o n d i e r a s
c o n e x i o n a r
s e l e c c i o n a b a
m o r t i f i c a s e
e n r i p i e n
m u e s t r e á b a m o s
e x p u g n a r a
e x p u g n a r e
l e n g ü e t e a r í a
n o   a f i a n c e s
a r r e b a t a
r e n d e r i z a r a
c o m p a c t a
e x c l u y a m o s
n o   s e l e c c i o n e
p a u p e r i z a s e
n o   p r o f a n e s
e x p u g n a r á
a t u r a r e m o s
c o n s e j a b a i s
g o l p e t e é i s
s u a v i z a r
t e   e n f r a s c a b a s
n o   t e   a p a c i g ü e s
n o   z u r z a m o s
n o   r e p a r t a s
a c o r t a r e m o s
s e   d e s l e n g u a r a
d e s t r u í a m o s
c o n s t ó
s e l e c c i o n a d
e n r i p i a r a
d e s f a s á r e m o s
a f i a n z á i s
a t u r a r a
i n m o v i l i z á i s
d e s n a c e r í a n
b l a s o n ó
n i n g u n e e
a i r e a s e i s
v e n t o s e a r é i s
r e p a r t i e r o n
u r b a n i z a r a n
e n m e n d a r á
a s f a l t e n
i n m o v i l i c e n
s e   e n f r a s c a s e n
m u e s t r e e
e n m i e n d e
s e l e c c i o n ó
h e l e n i z a n d o
n o   e n m e n d é i s
a f i a n z a d a
r e p a r t i e r e n
o c u l t á i s
n o   b e r r e e
r e c o n q u i s t a n d o
g u s t é i s
i n m o v i l i z a r á s
p a u p e r i z a m o s
o c u l t a d a s
c o n s t o
n o   t e   d e s l e n g ü e s
p a u p e r i c e
n o   n o s   d e s l e n g ü e m o s
a r r e d r a s e
o c u l t a r í a
c u m p l a
v o l a n t e a b a
m e   g a n a s e
t a r a s e
v o l a n t e a s e
e n c a l a b o z a d
t r u n c a b a i s
g o l p e t e a b a i s
l i m i t a r é
l e n g ü e t e a r í a n
i n d u j i s t e
n o   e s c o n d a s
a r r e b a t a s e n
n o   a t u r e s
e s c o n d í a m o s
c o m p a c t a s e
m u e s t r e e
c o n s t a r a s
c o n e x i o n a b a
m e   e n f r a s c a r e
a f i a n z a r á
e m b r u t e c i d o s
t a r a r í a n
e n t r e l a z a b a i s
m a n t e n e d
r e n d e r i z á i s
c o n e x i o n a r e i s
m o r t i f i c a r e i s
r e c o n q u i s t a r e
c o m p u l s a r a i s
t r u n q u é
n o   p r o y e c t e
e x c l u y e r o n
r a p a r e n
n o   s u a v i c é i s
m e n s a j e á i s
e n t r e l a z a b a
n o   e m p a l m e
p r o s p e r o
n o   m o r t i f i q u e s
n i n g u n e e
n o   a g u s a n é i s
a f i a n c e n
e n r i p i a r e n
f l o r e c i é s e m o s
n o   r e n d e r i c e m o s
n o s   g a n a r e m o s
n o   c u m p l a
u r b a n i z a m o s
m a l e f i c i a m o s
e n t r e l a z ó
p e r d e r í a s
r e c o n q u i s t a r í a
r e n d e r i z a
o c u l t a r é
e n t r e l a z á r e m o s
a m o l d a r a
n o   c o n s e j e n
e s c o n d i e n d o
e m b o t a b a s
n o   t r u n q u e s
p a u p e r i z a r e n
b e r r e e s
a i r e e s
d e s n a c i é r a m o s
c o n s e j a s e n
n o   e x c l u y a m o s
g u s t a n d o
c u m p l i e s e s
h e l e n i z a s e n
c o n s t a s e
n o   r a p e n
e n c a l a b o z a s t e
m u e s t r e a s e i s
a c o r t a r o n
z u r c i d a s
o c u l t a
r e p a r t í a s
i n d u c e
c a l i g r a f i a d a s
e n t r e l a z a s t e i s
e m b r u t e c i e r a i s
g o l p e t e a s e
v o l a n t e a r e m o s
e m p a l m á b a m o s
a m o l d a b a n
c o n s e j e m o s
e n c a l a b o z a s t e i s
s a t i n a
d e s i n s e c t e m o s
r e p a r t a n
c o n s t a r é i s
i n s t r u m e n t a r é
r e c o n q u i s t a s e
n o   b l a s o n é i s
d e s i n s e c t a b a n
a r r e d r a r a s
b l a s o n é
a c o r t a b a
r e c o n q u i s t ó
l e n g ü e t e a m o s
b l a s o n e
p e r d i m o s
f l o r e c e r e m o s
t r u n q u e
b l a s o n a r í a s
a m o j a m a r á n
c o m p u l s a r a
m o n e t a r i c e n
i n d u c i e n d o
g a n a r s e
a g u s a n a r é i s
m u e s t r e a b a i s
m e n s a j e a b a n
r e c o n q u i s t á r e m o s
c o n s t a r
t r u n c a d o
a i r e a n
e n c a l a b o z á s e m o s
u r b a n i z a b a
l e n g ü e t e é i s
e x p u g n a r í a n
a f i a n c e
c o n s t a r í a m o s
r a p a
a f i a n z a s t e
a f i a n z á r a m o s
n o   c o n e x i o n e
e m b o t a
r e c o n q u i s t a r e n
p r a c t i c a s e s
r a p a r á
c o n s e j a r é
u r b a n i z a s e i s
a g u s a n á r e m o s
a r r e d r a d a
r e p a r t e
z u r c i r í a s
c o n s e j á r a m o s
e n c a l a b o z a r é
a t u r a r a n
m u e s t r e á s e m o s
d e s i n s e c t a r í a
r e p a r t a m o s
a t u r a b a
d e s n a c i e r a i s
s e   a p a c i g u a n
s e l e c c i o n e n
i n m o v i l i c é i s
e m p a l m e
e x c l u y e r e
m o n e t a r i z a r á s
m e   e n f r a s q u é
c o n e x i o n a s e s
z u r c i e s e
g u s t a s t e
c o n s e j a r
d e s f a s a r í a
