r e n d e r i z a r a i s
s u a v i z a r a n
l i m i t a r e
e n m e n d a r e
a i r e a b a i s
e x p u g n a r á n
t a r a d a
s u a v i z a r á s
m e n s a j e a r í a
p e r d e r á
c o n e x i o n e n
l i m i t a r e n
m a n t e n d r á n
z u r c i e n d o
e n c e s t a b a s
d e s f a s e
e m b r u t e c e
t r u n c a s e n
t a r a d
g u s t a s e n
b l a s o n a r a
m o r t i f i c a r a i s
e x c l u y e s e n
m e n s a j e a b a i s
t e   a p a c i g u a s
e m b r u t e c e r í a
a g u s a n a b a i s
n o   p r o s p e r e s
c u m p l i é r a m o s
c o m p u l s a s e
v o l a n t e a r a i s
d e s t r u i r á
d e s t r u y e r e n
p r o f a n e
t a r ó
d e s f a s a r a
c o m p u l s a b a s
u r b a n i z a s e s
o c u l t a d o
s u a v i c e
r e p a r t i r í a
n o   p i e r d a n
m a n t e n d r í a m o s
a f i a n z a r í a
s e l e c c i o n a s t e
z u r c í a
m o r t i f i c a n d o
n o   i n d u z c á i s
a m o j a m a r e
e m b o t a r í a n
g o l p e t e o
z u r c i e r a
n o s   g a n á b a m o s
a m o l d a b a
a i r e a r e
p e r d e r í a
d e s t r u í a s
a r r e d r e s
a r r e d r á r a m o s
c u m p l i e r e
s e   g a n a r e n
p a u p e r i z a r á
m a n t e n d r é
r a p a d
m o r t i f i c a
l e n g ü e t e a r á n
g u s t e n
z u r c e n
c a l i g r a f i a m o s
v e n t o s e a r e
n o   a g u s a n e
n o   n o s   a p a c i g ü e m o s
m a n t e n d r á
h e l e n i z a b a
u r b a n i z a r a s
h e l e n i z a r a s
c o n s e j a r í a n
g a n é m o n o s
b l a s o n a d a s
m o n e t a r i z a s t e
a t u r a r a s
r e c o n q u i s t a s t e
n o   e x c l u y a n
p r o f a n e n
e m p a l m á r e m o s
v o l a n t e a r e s
n o   r a p é i s
v e n t o s e a b a
e n m e n d a d o s
r a p a s t e
p r o f a n a b a i s
p e r d á i s
c o n e x i o n a s
a g u s a n a r o n
b l a s o n a r a i s
c u m p l i e s e i s
a m o j a m ó
c o n e x i o n a r é
p a u p e r i z a r o n
m e n s a j e a r a i s
a f i a n z a r e
o c u l t a b a
n o   p r o s p e r e n
m e   e n f r a s c a s e
e x p u g n a r é i s
e s c o n d a
r e p a r t a s
m u e s t r e á r e m o s
v o l a n t e a s e
c o m p a c t e s
e x c l u í a
z u r c i m o s
e n r i p i a d o s
l i m i t a r á
t r u n c a n
a m o j a m a m o s
g u s t a s e
e n c a l a b o c e
o s   g a n a s e i s
s u a v i c é
b e r r e a s t e
e n m e n d a b a n
i n d u j e r e
a s f a l t a d o s
i n d u c í a n
e m b o t a r
g o l p e t e a r í a
r e n d e r i z á b a m o s
e n m i e n d a s
m u e s t r e o
a m o l d a r a
a r r e b a t e
d e s i n s e c t e
p a u p e r i z á r a m o s
s e l e c c i o n e
e m p a l m e
e s c o n d a m o s
p r o f a n a d o s
c o m p e n d i a r a
p r o y e c t á b a m o s
a g u s a n e m o s
r a p a s e
i n d u j e r e i s
c o m p e n d i a d o s
p r o y e c t a s e
t e   e n f r a s c a s
d e s f a s á b a m o s
l i m i t a r í a i s
d e s n a c e
n i n g u n e a d a
a f i a n z a r e m o s
g o l p e t e a d o
n o   t a r e s
a c o r t a r e
n o   c o n s t e m o s
n o   a f i a n c e n
e n r i p i a s e i s
v e n t o s e a r e s
e n m e n d a r á s
b e r r e a r í a
i n m o v i l i z a r é i s
p r o f a n a r a
s e   e n f r a s c a r o n
r e c o n q u i s t e
d e s n a c i e s e i s
c o n e x i o n a
e n t r e l a z á i s
s a t i n a r á
e m b r u t e c i d a
m e   a p a c i g u a r í a
t e   e n f r a s c a r á s
e n t r e l a z a r a
e x p u g n a s e
a c o r t o
m o r t i f i c a b a
d e s f a s a d
p r a c t i c a r a
p r a c t i c a s
c o n s t a r í a n
m o r t i f i c a d o s
a t u r a r é
i n s t r u m e n t a r
e m b r u t e c i e s e
e n t r e l a z a
a f i a n z a r a
m u e s t r e a r e s
o c u l t a r
p r a c t i c a d o
s e l e c c i o n e s
o c u l t a s t e
s e l e c c i o n e
m e n s a j e a n
n i n g u n e a r e m o s
n o   z u r z a s
i n d u z c á i s
c o m p e n d i a
z u r c i r e m o s
i n d u j e r a s
e n m e n d a r á n
p r o s p e r a r á
p r o f a n a
e x p u g n a r í a s
a m o j a m á r e m o s
a r r e b a t a r a s
r e n d e r i z a r a n
s e   e n f r a s c a r í a
a m o l d a s e i s
m a n t é n
n o   n i n g u n e e n
e m p a l m a r í a
e m b r u t e c i e s e n
t r u n c a r é
n o   e s c o n d a n
a r r e b a t e
b e r r e a r í a m o s
p r o f a n a
c o n s t a r e s
r e p a r t i d a s
a s f a l t a s e i s
m e   d e s l e n g ü é
n i n g u n e a
n i n g u n e a b a n
m o r t i f i c a r á n
e n c e s t a r í a
t r u n c a n d o
t a r a s t e
g u s t a r í a n
g o l p e t e e n
e n r i p i a s t e i s
m a n t u v i e r a s
c u m p l i s t e i s
b e r r e a r e n
m o r t i f i c a r o n
p a u p e r i z a r a s
a g u s a n a r í a
t a r a r a s
c o m p u l s e
c o m p a c t a r a i s
r e p a r t i e n d o
c o m p u l s a r e
a r r e b a t a d
c a l i g r a f i e m o s
f l o r e c e r í a
e m b r u t e c i e r e n
m e n s a j e a
e x c l u i r í a
t a r a
c a l i g r a f i a b a
a g u s a n a r e i s
e n c e s t e m o s
m o n e t a r i z a s
l i m i t a b a
a c o r t a r é i s
p a u p e r i z a s t e
l e n g ü e t e a s e i s
g o l p e t e é
d e s n a z c o
r e n d e r i z a r e
n o   a i r e e
r e c o n q u i s t e
m a n t u v i e r a i s
c o m p e n d i a r e s
m a n t e n í a m o s
m a n t e n e m o s
a r r e d r a r á s
a r r e d r a r í a
m e n s a j e e
l e n g ü e t e a r a
s e   a p a c i g u a s e n
e x c l u y e s e i s
e x c l u y e s e s
e x c l u i d o s
n o s   a p a c i g u a r í a m o s
d e s f a s a r é
e m b o t é
a s f a l t e
p r a c t i q u e n
p r o f a n é
c u m p l i d a
m e   e n f r a s c a b a
p e r d í a n
s a t i n a r a n
m u e s t r e é
c o n s t a s t e
m o n e t a r i z o
a s f a l t a r á
c o m p u l s a s e i s
d e s t r u y e s e
l e n g ü e t e e m o s
g o l p e t e a r a
n o   a r r e b a t e
g u s t e n
g u s t a b a
s u a v i z a r e
e n c a l a b o z á r a m o s
n o   p r o s p e r é i s
p r o y e c t a s e i s
a s f a l t a s e
v o l a n t e a s e n
p r o y e c t é
i n d u j i s t e i s
o s   d e s l e n g u a s t e i s
e m b o t a s e
p e r d i ó
e m b o t a r e s
c o n s t a d a s
n o   c o m p u l s e
e n c a l a b o z a r í a s
t a r á i s
s e   e n f r a s c a r í a n
o c u l t e
u r b a n i z a r a i s
m a l e f i c i e
e n r i p i a r a i s
r a p a r a n
c o m p a c t a b a i s
l i m i t a b a s
p r a c t i q u é
n o   m a n t e n g á i s
i n d u c i r e m o s
e n r i p i a r a n
i n s t r u m e n t ó
c o n s t a r e n
p e r d i d o
a m o j a m e
c a l i g r a f i a s e
c o n s t á r e m o s
g u s t e
c o n s e j a b a n
m u e s t r e e
c o n s e j a d o s
i n m o v i l i z a s
i n d u c í s
m e   d e s l e n g ü e
e n c e s t á s e m o s
b l a s o n é i s
p r a c t i c a r í a n
a m o j a m a r e m o s
s e   g a n e
o s   e n f r a s c a r í a i s
n i n g u n e a b a s
e x p u g n á b a m o s
m a l e f i c i a s e n
s u a v i z a r e s
c o m p e n d i a b a s
a m o l d a s e n
u r b a n i z á s e m o s
e n m e n d á r e m o s
b l a s o n a r e m o s
n o   p a u p e r i c é i s
c o n s t a r í a
i n m o v i l i c e m o s
n o   s a t i n e s
h e l e n i c e m o s
r e n d e r i z a r e
a t u r a s e s
a s f a l t a b a
a c o r t a r e i s
a r r e b a t a r é i s
p r o y e c t a r í a m o s
a g u s a n a r a s
l i m i t a r e s
e n t r e l a z a s e
a g u s a n á s e m o s
p r o s p e r a r a n
c o n e x i o n á i s
p r o y e c t a m o s
z u r z a m o s
l i m i t a b a
g o l p e t e á r e m o s
p r a c t i c a n
a c o r t a d
p r a c t i q u e n
c u m p l i r é i s
s e   d e s l e n g u a s e n
e m b r u t e z c a
g u s t o
e x p u g n a r a
r e n d e r i c e
s a t i n a s e n
a g u s a n e
v e n t o s e é i s
l e n g ü e t e a b a n
i n m o v i l i z a r a
a s f a l t a r a i s
p r o s p e r a r e s
o c u l t e
a i r e a r a n
v e n t o s e a d
v o l a n t e a b a s
c a l i g r a f í e
a i r e a r í a s
p r o s p e r a b a
e m b o t e n
r a p a r o n
r e p a r t i s t e i s
m e n s a j e a r á
p r o s p e r a r í a s
m o r t i f i c o
n o   c o n s t e
n o   i n s t r u m e n t e n
e n t r e l a c e s
r a p a b a s
p r o s p e r a r é
a r r e d r a s t e
s e l e c c i o n a s e
a g u s a n a r í a
t a r a r é i s
b l a s o n a b a
m u e s t r e a r í a m o s
a t u r a b a n
c u m p l i d
l e n g ü e t e a d o s
c o m p e n d i a s e s
b l a s o n a r e
e n c a l a b o z a r a s
f l o r e c i e s e
e m p a l m a r é i s
g u s t a d o s
p e r d e r é i s
p r a c t i c á r a m o s
v o l a n t e a s t e
r e c o n q u i s t á r a m o s
t a r e m o s
e x p u g n e
d e s f a s a r e
i n s t r u m e n t a s t e
n o   m o n e t a r i c e
v e n t o s e a s
v e n t o s e a r í a m o s
b e r r e e
c o n s e j a d
c o m p a c t e m o s
c o m p e n d i a r e i s
a g u s a n a r í a m o s
s u a v i z a r é
a m o j a m a s e
e x p u g n e
g o l p e t e a d o s
n i n g u n e a r í a i s
a s f a l t a r í a
m e n s a j e á s e m o s
u r b a n i c e n
a f i a n z o
c u m p l í a s
s e   d e s l e n g u a r á
d e s f a s a r e
n o   c o n s e j e
a i r e e
s a t i n e s
r a p a s e n
e n c e s t a m o s
d e s t r u í s
a i r e e m o s
e m b r u t e c i e r a n
f l o r e c e r í a
f l o r e c i d a
p r o f a n a n
e n m e n d a d
a i r e a r a s
n o   f l o r e z c á i s
d e s f a s a r o n
e x c l u y é r e m o s
c o m p e n d i a r í a s
e n m e n d a d a
a r r e b a t a r a
m e n s a j e é
s u a v i z a r í a
m a n t e n i d a
d e s i n s e c t á r a m o s
r a p a r í a s
c o m p a c t a r é
i n s t r u m e n t a r í a
e m b r u t e c e
m a l e f i c i e n
n o   i n d u z c a n
m o n e t a r i z a n
g o l p e t e a d a
m e n s a j e e n
b l a s o n e
f l o r e c e r á s
i n m o v i l i c e
c o m p e n d i a r é i s
n o   e x p u g n e n
m u e s t r e a r í a s
a r r e b a t a b a i s
c o n s e j a n
e n t r e l a c é
e n t r e l a z a n d o
d e s f a s a r í a i s
g u s t a r
p r o y e c t a d o
g o l p e t e a r e n
m a l e f i c i a r á n
b l a s o n a n
f l o r e c i m o s
b e r r e a r é
a m o l d a r a n
a f i a n z a m o s
n o   e n c e s t e m o s
t r u n q u e m o s
s a t i n a s t e i s
l i m i t á r e m o s
a c o r t a r á n
l i m i t a s e
s e l e c c i o n é i s
a f i a n z a s e s
c o n s e j a s
s a t i n e n
a m o j a m o
d e s t r u y e r a n
c o m p u l s e n
a r r e d r a r
m e n s a j e a r á s
v o l a n t e a r é
a r r e d r a d o
a s f a l t a b a
d e s n a c í a n
s e l e c c i o n a b a
d e s n a c í a s
a m o j a m a r e n
r e c o n q u i s t e n
d e s f a s a r
m u e s t r e a d o
a s f a l t a r a s
d e s t r u y é r a m o s
o s   a p a c i g ü é i s
s e l e c c i o n a b a n
e m b r u t e c e r e m o s
l i m i t a r a
d e s n a c i e s e n
m u e s t r e a r í a
e n c e s t e m o s
t a r a d o
e n c e s t a s e
s a t i n a b a n
o s   a p a c i g u a r e i s
m e   e n f r a s c o
m o n e t a r i z a r í a i s
g u s t a s
e n m i e n d e
g o l p e t e e s
b l a s o n a b a n
e x c l u i m o s
f l o r e c í a
c u m p l e n
o c u l t a s e
r a p a d a s
a f i a n z a b a n
e n r i p i a s e
e n m e n d a b a s
t r u n c a s e i s
n o   s u a v i c e
p i e r d e
m o n e t a r i z a r í a n
a p a c i g u a o s
e n t r e l a z a r é i s
a r r e b a t a b a s
e n m e n d a r e
s e l e c c i o n a r e n
e m p a l m a d a s
e n r i p i a r í a
d e s t r u i d
m o r t i f i q u e n
a m o j a m e
e n t r e l a z a d a
p r o s p e r e
m o r t i f i c a m o s
e m b r u t e z c a
l i m i t e n
g o l p e t e a r í a
a c o r t a r é
e x c l u y á i s
p a u p e r i z a m o s
a r r e b a t a r e
n o   c a l i g r a f i é i s
v e n t o s e a r e n
a i r e a r a i s
t a r a m o s
h e l e n i z a m o s
z u r c i d a
a t u r a
e s c o n d i d a
s e   g a n a b a n
c a l i g r a f i a r a
s e l e c c i o n a r a
n o   o s   d e s l e n g ü é i s
g u s t a r a
m o r t i f i c a r a n
c o m p a c t a r í a
m u e s t r e e m o s
m e n s a j e a r í a i s
m e   e n f r a s c a r í a
f l o r e c í a s
l e n g ü e t e e n
n o   d e s t r u y a n
p r o s p e r a s
n o   e n c e s t e
e m b o t a s e i s
m u e s t r e á i s
n o   a r r e b a t é i s
s e l e c c i o n a s t e i s
m a n t e n d r í a n
n o   u r b a n i c e n
e n c a l a b o z a r á n
m o n e t a r i z a s e i s
n o   a g u s a n e n
a m o j a m a s e n
a c o r t a r e s
i n s t r u m e n t a r e
n i n g u n e a r a
a r r e d r a r í a m o s
n o   e n m i e n d e s
n o   e s c o n d a m o s
e x p u g n a
p r o f a n a r é
r e n d e r i z a r í a i s
t r u n c a r á n
n o   r e c o n q u i s t e s
c a l i g r a f í a n
e m b o t a r a i s
e n t r e l a c e
v o l a n t e e
e m b o t a r í a s
p r o s p e r e
z u r c i r á n
u r b a n i c e m o s
m e n s a j e a s e s
t r u n c á r a m o s
u r b a n i z a r í a n
n o   v e n t o s e e m o s
h e l e n i c é
i n d u c í a
m u e s t r e a r o n
e m p a l m a
m u e s t r e a r e
a f i a n z a s e
m o n e t a r i z a
e n m e n d é i s
e m b r u t e z c a m o s
c o n e x i o n a r í a s
c o n s e j a b a s
c o m p u l s a r
r e n d e r i z a r é i s
p r a c t i c á i s
e s c o n d i e r e i s
e n m i e n d e
p a u p e r i z a r í a i s
a g u s a n a r á
p r o s p e r a r í a
a t u r e
l e n g ü e t e a s t e
a f i a n z a r í a
t a r a r á
n o   a t u r é i s
p r o f a n a b a
p a u p e r i z a b a
d e s l é n g ü e s e
p r a c t i c a r e i s
l e n g ü e t e a
b e r r e ó
a r r e b a t e m o s
i n m o v i l i z a b a
p r o y e c t a d
d e s t r u i m o s
c o n s e j e
i n d u z c a m o s
e n t r e l a z a s
e n c a l a b o z a r é i s
s e l e c c i o n a d o s
d e s n a c í a
p a u p e r i c é
m e n s a j e e s
o c u l t a r e s
a t u r e m o s
p r o y e c t a s t e
c u m p l i e r a
d e s f a s a
n i n g u n e a r a i s
m e n s a j e á b a m o s
e n t r e l a z a r a
i n m o v i l i z a s e
c o n s e j ó
r e n d e r i z a r í a
a m o l d a r á s
g u s t a d
p r o s p e r é
b l a s o n a r á s
n o   n i n g u n e e
e n c a l a b o z a r e
n i n g u n e a n d o
d e s t r u i d a s
v o l a n t e a s t e i s
p r o y e c t e m o s
r e c o n q u i s t á i s
e m b r u t e z c á i s
a f i a n z á b a m o s
e m b r u t e c i s t e i s
c o m p a c t é i s
m a n t u v o
n o s   g a n á r a m o s
n o   d e s i n s e c t e
e x c l u í a i s
a m o j a m a s
d e s n a t a s
a m o l d a
a m o j a m a r í a m o s
u r b a n i z a r í a i s
d e s n a c i é r e m o s
p r a c t i q u é i s
e m b r u t e c i e r e s
e x c l u y e r a n
n o   e m b o t é i s
d e s f a s a r é i s
e m b o t a b a
a r r e d r a b a i s
t e   g a n a b a s
m o r t i f i c a d a
e n c e s t a s
n o   d e s t r u y a m o s
r a p á r a m o s
e n c a l a b o z a b a n
v o l a n t e a r í a
r e p a r t í a
v o l a n t e é i s
m u e s t r e a b a n
a m o l d a r e i s
a c o r t a b a
n o s   d e s l e n g u á b a m o s
c o n s t á r a m o s
o c u l t a s e n
d e s f a s á s e m o s
a r r e d r a b a
e m b r u t e c e r é
v o l a n t e a r a
v e n t o s e a r e i s
a f i a n z a s e i s
s a t i n a r í a i s
i n s t r u m e n t a b a n
a m o l d a r í a s
c o n s e j e n
v o l a n t e a r í a n
a m o l d e n
s a t i n a n
a r r e d r a b a
a s f a l t a
c a l i g r a f i a r í a s
d e s t r u i r í a m o s
e x p u g n é
b l a s o n a m o s
e x c l u i r
o c u l t a r e m o s
d e s t r u y e s e
i n d u j e r a
c u m p l á i s
e m b o t a n d o
c o m p e n d i a r á s
c o n e x i o n a d o s
r e n d e r i z a b a s
e n r i p i e
e n t r e l a z a r í a n
a s f a l t a r í a s
n o   a r r e b a t e n
p r a c t i c a
e m b r u t e c e n
p r o y e c t a r e s
c o n s t a r á s
e x p u g n e n
c o m p u l s a d o
g o l p e t e a r í a n
c o m p e n d i e m o s
p r o s p e r á r e m o s
n o   a m o l d e
g u s t a r a
p r o s p e r a r a
a t u r a r í a m o s
i n d u z c a
e n c a l a b o z o
a i r e e n
e n c e s t a r a
a r r e d r e n
e x p u g n á i s
e n c a l a b o z a b a
r e n d e r i c e n
r e n d e r i z a s e s
n o   p r o s p e r e
o c u l t a d o s
e m b r u t e c i m o s
i n s t r u m e n t a d a s
p r a c t i c a d a s
e m b o t a d o
c o m p u l s á r e m o s
b l a s o n a s t e
o c u l t a r á s
n o   v o l a n t e e s
m a n t e n í a
e x p u g n a b a s
s e   d e s l e n g ü e n
p r o f a n a s t e
a f i a n z a r o n
s a t i n a n d o
c o m p u l s e m o s
p r o f a n a s e
e n r i p i a r é
e m b o t e n
n o   c o n e x i o n e n
a p a c i g u a d a
i n s t r u m e n t a r a
g o l p e t e a r á s
d e s f a s a b a i s
d e s n a c i ó
p a u p e r i z a r e i s
a r r e d r a r í a n
d e s i n s e c t a n
s e l e c c i o n a r e
o c u l t a r o n
s e l e c c i o n a s e s
s u a v i z a r o n
r a p á b a m o s
c o n s t a r e
e x p u g n á r a m o s
v o l a n t e e s
a s f a l t a s t e i s
a m o l d a b a i s
t r u n c a s e s
a m o j a m a n d o
m o n e t a r i z a r a
a r r e d r a r a n
p e r d i e r e
t a r a r í a
v o l a n t e a d a
e m b o t a
a g u s a n a s e s
a g u s a n a d
a t u r a s e
p a u p e r i z a r
p e r d í a m o s
d e s i n s e c t a b a s
e x c l u y e
r a p a
d e s i n s e c t a r e i s
u r b a n i z a m o s
e n f r a s c a d a
d e s i n s e c t a r í a i s
c u m p l a n
a c o r t a r a n
e n c e s t a s t e i s
d e s n a c i s t e
e n m e n d é
s u a v i z á r a m o s
p e r d e r í a n
e n t r e l a z a s e s
a r r e b a t a s e s
b l a s o n a r o n
v o l a n t e á s e m o s
e n m i e n d a
c o m p a c t a
c a l i g r a f i a r í a
l e n g ü e t e a b a
v e n t o s e á r a m o s
a i r e a b a s
p e r d e r í a i s
e x c l u y é r a m o s
m o n e t a r i z a r e
m o n e t a r i z a r e i s
n i n g u n e a r e
p r o f a n á b a m o s
l e n g ü e t e a s e
n o   f l o r e z c a
o s   g a n a b a i s
p i e r d e n
g o l p e t e a m o s
m o n e t a r i z a r a
c o m p e n d i a d
t e   g a n e s
p r o s p e r a r á s
m o n e t a r i z a s e
c o n s e j a d a s
r e n d e r i z a r e i s
a r r e d r a r í a
g o l p e t e a r é i s
o c u l t a r a n
c o m p u l s a
d e s t r u y e s e s
n o   i n m o v i l i c e
n i n g u n e a b a
e n m e n d a r e i s
e n c a l a b o c e
m a l e f i c i a r e s
e n c a l a b o z á b a m o s
n o   r e c o n q u i s t e m o s
e s c o n d o
z u r c i e r a
m a l e f i c i á b a m o s
o s   d e s l e n g u a r í a i s
d e s f a s a r a
e m b r u t e c e r á
m o n e t a r i z a d
a g u s a n a b a
a c o r t a r e n
t a r é i s
i n m o v i l i c e
n o   e n t r e l a c e s
e n c a l a b o z a d o
r e p a r t i é s e m o s
e n c e s t a r e m o s
h e l e n i z á r a m o s
n o   a m o l d e n
m e   e n f r a s q u e
a t u r á s e m o s
h e l e n i z a n
s a t i n a r é i s
p r a c t i c a d
e m b r u t e c e r
t r u n c a d a
a c o r t a s e
f l o r e c i e r e n
t r u n c a r a
n o   u r b a n i c e m o s
n o   c o n e x i o n e m o s
f l o r e c i d o s
r e c o n q u i s t a d a s
s u a v i z a r í a n
e n r i p i á i s
a m o l d a n d o
p r a c t i c a r o n
s u a v i z á r e m o s
n o   v e n t o s e e
s u a v i z a s t e
i n m o v i l i z á r e m o s
c u m p l i r í a m o s
e n m e n d a r
i n d u j e r a
m a l e f i c i a r a n
o s   a p a c i g u a r a i s
c o n s e j e n
a i r e á i s
v o l a n t e a d o
s e   g a n e n
r e c o n q u i s t a
i n m o v i l i z a r é
m u e s t r e é i s
n o   a t u r e n
i n m o v i l i z a s e
i n s t r u m e n t a b a s
c o m p u l s á s e m o s
n o   u r b a n i c e
p a u p e r i z a r á n
e m b o t a b a i s
e n c e s t a s e i s
m o r t i f i c a r e m o s
s u a v i z a r á n
r a p a s t e i s
d e s l e n g u a r s e
o c u l t a n d o
a g u s a n a r e n
h e l e n i z a r e i s
a g u s a n a r á n
c o m p a c t a b a n
e s c o n d a s
i n s t r u m e n t a d
p e r d e r í a
i n d u j e r e n
h e l e n i z a r e
a t u r a r á
e n m e n d á i s
e m b o t a b a n
a s f a l t á s e m o s
e m b r u t e c i e r a s
a m o j a m a b a
a r r e d r a r é
f l o r e c i e r a i s
l i m i t a b a i s
n o   t r u n q u e
a m o l d a b a s
r a p a n d o
e n t r e l a z a r é
a s f a l t a d a s
c u m p l a m o s
n o s   e n f r a s c a m o s
c o n e x i o n a r a n
e n c a l a b o z ó
n o s   e n f r a s q u e m o s
i n m o v i l i c é
h e l e n i z a b a i s
c o m p a c t e n
e m b r u t e z c a n
h e l e n i z a r í a
i n s t r u m e n t a m o s
d e s t r u i d a
c o m p u l s a d a s
m a n t u v i e s e
s e l e c c i o n o
n i n g u n e a d a s
r e p a r t i e s e
l i m i t a r e
e n t r e l a z a m o s
e s c o n d e r í a
p r o f a n a m o s
r a p a r é i s
s e   a p a c i g u a r o n
g o l p e t e a r a i s
r e p a r t i é r e m o s
n o   c o n s t e n
c o m p u l s a d a
a t u r a r a
c o n e x i o n a d a
i n d u j e r e s
p a u p e r i z á b a m o s
s u a v i z a s t e i s
e m b o t a r í a m o s
e m b r u t e c i ó
n i n g u n e e m o s
a i r e a r í a i s
v e n t o s e a s t e
e n c a l a b o z a r e n
s e   a p a c i g u a r e
m a l e f i c i a n d o
c o n s e j a s e s
d e s f a s a r á
r e n d e r i z a d o s
v e n t o s e e n
r e n d e r i z a r á
e x c l u i r á
d e s l e n g u a o s
a s f a l t a r á n
c o m p e n d i e
b l a s o n a n d o
v o l a n t e a r e
m o n e t a r i z a b a
p e r d i s t e
z u r z a
n o   a m o j a m é i s
b e r r e é i s
n o   t r u n q u e n
e m b o t a d o s
c u m p l i e r a
s e l e c c i o n a s
r e c o n q u i s t e
m e n s a j e a b a
d e s n a c e r í a m o s
d e s f a s a b a
m o r t i f i q u e n
o c u l t a r e i s
v o l a n t e a r í a m o s
n i n g u n e a r á n
u r b a n i z a r e m o s
c a l i g r a f i á s e m o s
l e n g ü e t e a r e m o s
e m b o t a s e s
m o n e t a r i z a
s u a v i z a
a c o r t a s e
a r r e d r á r e m o s
e n r i p i a n
n o   r a p e
t e   a p a c i g u a s e s
c o n e x i o n a r í a
d e s f a s ó
i n m o v i l i z a b a i s
n o   c o n e x i o n e s
e x c l u y e r e n
d e s n a c i e r o n
s a t i n á i s
s a t i n a r e i s
p e r d i e s e i s
l e n g ü e t e e
c o n s t e n
a m o j a m a b a n
s e   a p a c i g u a r á n
c o n s t a r á n
p r o y e c t e
c o m p e n d i e s
e n t r e l a z a s e n
m e n s a j e é i s
n o   p r o y e c t é i s
a r r e b a t a s t e
l e n g ü e t e a d o
m a n t e n í a n
e n c a l a b o z a r a n
a m o l d a d o
d e s i n s e c t a d o s
a f i a n z a d
c o m p a c t á i s
g o l p e t e a r á n
m a l e f i c i a m o s
g u s t a r á s
m u e s t r e a m o s
t e   d e s l e n g ü e s
p e r d i e r a
c o m p e n d i a s t e
n o   g o l p e t e e s
n i n g u n e a d o s
e s c o n d i e r e
g u s t á r a m o s
e m p a l m a r a
c o n s e j á s e m o s
n o   c o n s e j e s
n o   r a p e s
a f i a n z a
r e n d e r i c é i s
a s f a l t a m o s
e n c a l a b o z a s e
p r o y e c t á s e m o s
r a p a s e
c o m p e n d i a d a s
e n t r e l a z a r a i s
p r o y e c t a n
r e c o n q u i s t é
r e n d e r i z a r á s
v e n t o s e a r a
a f i a n z á r e m o s
a m o l d a m o s
r a p a r á s
t a r a d a s
d e s f a s a n
b e r r e a b a
u r b a n i z a r á n
p r a c t i c á b a m o s
t r u n c a r o n
d e s i n s e c t a
u r b a n i z ó
n o   e m b r u t e z c a n
c u m p l í a n
e m b o t a r é i s
n o   l i m i t é i s
r e n d e r i z a b a n
t r u n q u e n
e n t r e l a z á b a m o s
p r o y e c t a r í a
s e   d e s l e n g u a r e
e n m e n d a r a
o c u l t a r e
m o r t i f i c a r í a n
m a n t u v i e r a
n o   s u a v i c e m o s
a r r e d r e n
a r r e d r á i s
a m o j a m a s t e i s
e m b r u t e z c a n
e x c l u y e s e
d e s f a s a d o s
e n c a l a b o z a r í a
a r r e b a t a r í a i s
a m o l d é i s
d e s t r u i m o s
r e c o n q u i s t a r a
m a n t e n d r e m o s
t r u n q u e n
m e   a p a c i g u a s e
l i m i t a r í a s
e s c o n d e
m e n s a j e a n d o
e m b r u t e c e r í a i s
f l o r e z c a m o s
p r o s p e r ó
m e n s a j e a r e
p r a c t i c a r e
n o   f l o r e z c a m o s
n i n g u n e a r o n
d e s i n s e c t a d
l i m i t a r í a
t r u n c a m o s
z u r c i e s e i s
a g u s a n a d o s
z u r c i e r e s
t a r a r a n
n i n g u n e o
n i n g u n e e n
e s c o n d a
n o   o c u l t e
a c o r t a r í a
a m o j a m a r í a n
p r o f a n a r a i s
l i m i t a r a s
e n m e n d e m o s
n i n g u n e a r í a m o s
d e s f a s a s t e
m o n e t a r i z a r á n
e x c l u y e r e
i n m o v i l i z a
g u s t a r á
e m b o t a d
p e r d i e r a i s
n o   d e s i n s e c t é i s
a m o l d ó
n o   c o m p u l s e s
i n s t r u m e n t é i s
m e n s a j e a s
e x p u g n e s
c a l i g r a f i é i s
f l o r e z c a
g u s t a r a n
s e l e c c i o n a r
g o l p e t e a r e
v e n t o s e a b a i s
s u a v i z a r e i s
s e   a p a c i g u a b a
u r b a n i c e s
c u m p l o
d e s f a s a r á s
p r o f a n o
s u a v i z a d o
e s c o n d í a
e s c o n d e r é
o c u l t á r e m o s
p r a c t i q u e
i n d u c i r í a s
o s   g a n a r a i s
d e s n a c i e n d o
e n t r e l a c e
d e s t r u y e r a i s
s e l e c c i o n a
d e s f a s e m o s
m e   a p a c i g u o
e x p u g n a r í a
t a r a r e s
c o n s t a r a
m a l e f i c i a d
h e l e n i z a s t e
a g u s a n a r e
p r o s p e r á s e m o s
r e p a r t í a n
v e n t o s e a r o n
n o   u r b a n i c é i s
m a l e f i c i a r e
b e r r e e
a r r e d r a r e i s
p r o s p e r a r e
d e s i n s e c t a r e m o s
e x c l u y e r a s
d e s t r u i r í a s
c u m p l i e r a n
r e c o n q u i s t a r a n
h e l e n i z a s e
g u s t a m o s
a m o j a m a r í a s
r e c o n q u i s t a b a s
f l o r e c e r í a m o s
p r o y e c t e
m e n s a j e a r e s
d e s i n s e c t a r a
p i e r d a
p a u p e r i z a
l e n g ü e t e a r a s
c o n e x i o n a r e
p r a c t i c a b a i s
t r u n c a s e
p r o s p e r a r a s
a r r e d r a r a i s
n o   c u m p l a s
e n t r e l a z a s t e
n o   o s   a p a c i g ü é i s
m u e s t r e a b a
e n r i p i a s e n
e x p u g n a s e n
m a l e f i c i a r o n
n o   c o m p a c t e n
a f i a n z a n d o
t r u n c a r á
a m o l d a r í a
p r o s p e r a s e s
m o n e t a r i z a r é i s
d e s i n s e c t a s e n
d e s t r u i r í a i s
v o l a n t e a s e s
a m o l d é
m a l e f i c i a
m o n e t a r i z a d a s
p r a c t i c a r a
t r u n c a r e n
n i n g u n e a d
n o   m a n t e n g a n
e m p a l m á s e m o s
e n c e s t a r e n
a s f a l t é i s
p r o f a n a b a s
n o   z u r z a
e n f r a s c á n d o s e
u r b a n i z a r í a
t a r a s e i s
n o   o c u l t e n
s e   a p a c i g u a r í a
m u e s t r e a s
i n m o v i l i z a r í a s
d e s i n s e c t e n
e x p u g n a b a n
d e s n a c i e r e i s
r e p a r t i r í a s
s a t i n a r
c o m p u l s a r o n
n o   t a r e n
m u e s t r e e m o s
c a l i g r a f i a s t e i s
n o   s e   d e s l e n g ü e n
m e   a p a c i g ü é
i n s t r u m e n t a r í a
c o n s e j a r é i s
a g u s a n e n
e n t r e l a z a r á n
p r o y e c t a r a s
c o m p e n d i a r a i s
s a t i n a d o s
a m o j a m a d
a i r e é
t e   d e s l e n g u a s t e
c o n e x i o n a b a n
i n s t r u m e n t a r a
l i m i t e
c o m p e n d i a r í a n
i n d u c i r á n
m u e s t r e e n
h e l e n i z a r e s
r e c o n q u i s t e m o s
a t u r ó
o s   e n f r a s c a r a i s
r a p a n
m e n s a j e a r e n
b l a s o n a r é
r e c o n q u i s t a b a i s
u r b a n i z a b a
e n c e s t á i s
n o   a s f a l t e n
a r r e b a t a d a
s e   g a n a r í a n
n o   c o n s e j e m o s
c o m p a c t a r e s
p a u p e r i z a
c o m p a c t é
n o   s e   g a n e n
c a l i g r a f i e m o s
a t u r a d o s
m a n t e n g a m o s
v o l a n t e a
b e r r e o
t a r a r e m o s
a f i a n z a s e
a r r e d r a d
m e   d e s l e n g u a r í a
e s c o n d i e r a
i n d u c i r í a i s
e n c e s t e
f l o r e c í a m o s
e m p a l m a s t e
l i m i t a s
c o m p a c t a d o
m a l e f i c i a b a
i n m o v i l i z a r a n
e x c l u y e r e i s
v e n t o s e a r a n
e n c e s t e
n o   r e p a r t á i s
m o r t i f i q u e m o s
c o m p a c t a s e i s
a c o r t a b a s
s a t i n a b a
d e s f a s e n
d e s f a s a r e n
e n c e s t a b a i s
i n s t r u m e n t a r é i s
u r b a n i z a s
p a u p e r i z a d a
c o n e x i o n e m o s
p a u p e r i c e n
l e n g ü e t e a r í a
r a p a b a
e x c l u i s t e
a g u s a n a b a s
p r a c t i c a r
d e s t r u y a
s e l e c c i o n a s e n
a m o l d a r e
c o m p u l s a s e n
m e n s a j e a d o s
n o s   d e s l e n g u a r e m o s
e n m e n d a r e m o s
i n s t r u m e n t a r e s
c o n s e j a r í a s
s e   g a n a r á
b e r r e a r á s
r e n d e r i c e m o s
t r u n c a r
a m o j a m a r o n
s a t i n á b a m o s
t r u n c a r e s
n o   b l a s o n e s
i n s t r u m e n t e n
a c o r t a r á
e m p a l m a r o n
e s c o n d i d o s
b e r r e á r a m o s
n o   p r a c t i q u e
a g u s a n a r e m o s
a c o r t é i s
t a r a
p r o f a n a r e s
r e c o n q u i s t a m o s
c o n s t a s e
p r a c t i c a r á
i n d u c i r í a m o s
m o r t i f i c a r e
s u a v i c e s
r e p a r t i e r a
a r r e d r a n
i n m o v i l i c e s
f l o r e c i ó
n o   p e r d a m o s
n o   e m b r u t e z c a s
c o n s t a r e i s
g o l p e t e a m o s
n i n g u n e a r í a
r e p a r t i e r e s
c o n s t a r o n
c o m p a c t a b a
f l o r e c e r í a s
r e p a r t i r á s
a m o l d e
e m b r u t e c é i s
a c o r t a b a i s
a s f a l t a r é i s
n o   a c o r t é i s
n o   p a u p e r i c e s
i n d u c í a i s
g u s t a s e
i n s t r u m e n t e
p r o s p e r a b a n
v e n t o s e a b a n
p a u p e r i z a r í a
s e l e c c i o n a r e m o s
d e s f a s e s
c o n e x i o n a r í a
f l o r e c í a i s
p e r d i e n d o
v o l a n t e a d a s
r e p a r t i r é i s
d e s n a c i e r a
r e n d e r i c e
p r o y e c t a r a
d e s t r u y e n
u r b a n i z o
n o   r e n d e r i c é i s
c o m p u l s e n
n o   e m p a l m e s
b e r r e a n
p a u p e r i z a d a s
a m o l d e m o s
u r b a n i z a d o s
a r r e d r e
u r b a n i z a r í a m o s
c o m p a c t a r a n
h e l e n i z a s
v e n t o s e e s
v e n t o s e a r e m o s
a r r e b a t ó
s a t i n a b a i s
p r o y e c t a r e i s
c o m p a c t á s e m o s
e m b o t é i s
a r r e b a t a d a s
g o l p e t e a r e
z u r c i r í a n
e n f r a s c a d a s
e n c a l a b o z a r í a i s
p r o y e c t a b a i s
e n c e s t a r í a m o s
n o   m u e s t r e e m o s
c a l i g r a f i a r í a n
m e n s a j e a r í a
a i r e a r á
a m o j a m a d o
e n r i p i a d a s
c a l i g r a f i a r e
e m b r u t e c í
c u m p l i r í a
n o   a s f a l t e m o s
m a l e f i c i á r a m o s
m a l e f i c i a r á
c o m p u l s a r e s
a i r e a r í a n
n o   e n c e s t e n
c o n e x i o n a s e i s
s u a v i z á s e m o s
n o   m o r t i f i q u e
s e l e c c i o n a
a g u s a n a r á s
d e s n a c í a
o s   e n f r a s c á i s
n o   e m b r u t e z c a m o s
e s c o n d e
d e s i n s e c t e m o s
m e   d e s l e n g u o
c u m p l í
e s c o n d é i s
v e n t o s e á s e m o s
c u m p l i e s e
a m o j a m a d a s
b e r r e a r a n
p i e r d a
i n s t r u m e n t a s e
c o m p e n d i a s t e i s
l e n g ü e t e á b a m o s
p r a c t i c a s e
e n m e n d á r a m o s
n o   e m b o t e m o s
d e s i n s e c t a
m o r t i f i c a s e s
o s   d e s l e n g u a s e i s
i n d u j e
c o n s e j é
c a l i g r a f i a r á s
n o   m u e s t r e é i s
a c o r t a d a
c u m p l i r í a i s
e n m e n d e m o s
d e s f a s á r a m o s
e n m i e n d e s
a r r e b a t e m o s
e x p u g n a s e
i n s t r u m e n t a
m a n t u v i e s e n
p a u p e r i z á s e m o s
a t u r e s
i n s t r u m e n t a s e n
e m p a l m e m o s
c o n e x i o n e n
t a r e
c o n e x i o n a r a
e n r i p i ó
r e p a r t i r á n
v o l a n t e a d
d e s f a s e
m o r t i f i c a s t e
a r r e d r a
b l a s o n e m o s
e n c e s t a r e s
p r o s p e r a n d o
l i m i t e m o s
e m b o t a r e i s
m a l e f i c i a r e m o s
c u m p l i r
a r r e d r é
s e l e c c i o n a r á s
p a u p e r i z a d
r e c o n q u i s t a r á n
u r b a n i z á r e m o s
e m b r u t e c e r í a n
d e s n a c e r í a i s
c o m p a c t a b a
i n s t r u m e n t a
a f i a n z a b a
r e c o n q u i s t a r á s
r e n d e r i z a b a
c o m p e n d i a m o s
e s c o n d i e r o n
e n m e n d a s e
c o n s e j a b a
e x p u g n a r
m o r t i f i q u e
s a t i n a r e
p r o f a n e m o s
p r o s p e r a r é i s
i n s t r u m e n t a r í a m o s
c o m p u l s a m o s
u r b a n i z a
t r u n c a r e
p e r d a m o s
a g u s a n a s e i s
f l o r e c i d a s
p r o s p e r á i s
e x p u g n a b a
r a p a b a n
t a r a r a
a m o l d á r a m o s
a m o j a m a r a
s a t i n á s e m o s
e m b o t a m o s
e n r i p i a r á
e n m i e n d a
p r a c t i c a r í a m o s
c o n s e j a r a
v e n t o s e a r á s
m u e s t r e a
c a l i g r a f i a r í a m o s
p r o f a n a s e n
c o m p a c t a r a
r e n d e r i z a r a
n o   l e n g ü e t e e
d e s n a c e d
l i m i t e
e x c l u y a n
n o s   e n f r a s c á r a m o s
p i e r d a
r e p a r t i d a
g u s t a r e
i n s t r u m e n t a r e i s
c o n s e j a r e
a i r e a r á s
p e r d e r
p r o f a n a s e s
s e   e n f r a s c a r e
e n c e s t a s e s
s a t i n a r e
n o   i n s t r u m e n t e
c o n e x i o n á b a m o s
l i m i t a s e n
r e n d e r i z á r e m o s
p a u p e r i z a r í a s
v e n t o s e a s e i s
r a p e n
e s c o n d á i s
c o n e x i o n a r í a i s
c o m p u l s a r í a s
p r a c t i c a m o s
p r o s p e r a
e m b o t a r á s
t a r a b a n
o s   g a n á i s
e n c e s t a r e i s
n o   p e r d á i s
i n s t r u m e n t a b a i s
p r o y e c t a b a n
c u m p l e
p r a c t i c a m o s
e n r i p i a s e
c o m p e n d i a s e
t e   a p a c i g u a r e s
e x p u g n a b a i s
v e n t o s e a b a
t e   d e s l e n g u a r e s
g o l p e t e a n
a f i a n z a r a s
d e s f a s a r a i s
p a u p e r i z a s e i s
p r o y e c t á r e m o s
e x c l u i d o
c o n s e j é i s
v e n t o s e a s e s
c u m p l í s
c o n s e j o
m a l e f i c i á i s
v e n t o s e e m o s
c o m p e n d i á b a m o s
c o m p a c t e
e n c e s t a d o s
d e s t r u y é r e m o s
i n s t r u m e n t a d o s
e n r i p i a m o s
z u r z o
m a l e f i c i a s
r a p a d o
d e s t r u í a
m a l e f i c i a s e
l e n g ü e t e a s e s
a r r e d r a r e
m o n e t a r i z a b a i s
m e   d e s l e n g u a r é
c o m p a c t a r í a i s
a g u s a n ó
t r u n c a d
r e n d e r i z a r e s
g á n a t e
s a t i n a s e
d e s t r u y e r a s
c o n s e j á b a m o s
d e s i n s e c t a r á n
c o m p a c t a r á n
e n c a l a b o z a r á s
r e n d e r i z a d o
m e   g a n a r é
p r o y e c t a r á s
z u r z a m o s
c u m p l í a m o s
a i r e a b a
n o   p a u p e r i c e n
a r r e d r a r á n
i n d u j e r e
n o s   d e s l e n g u á r a m o s
t r u n c a r a n
d e s f a s a r í a
h e l e n i z a r á
m o r t i f i c a r é i s
u r b a n i z a d a
i n s t r u m e n t á r a m o s
b l a s o n a r e n
p i e r d e s
m a n t i e n e s
m o r t i f i c á r a m o s
o s   d e s l e n g u a b a i s
n o   b l a s o n e
p r a c t i q u e s
l e n g ü e t e a n d o
n o s   g a n a m o s
a t u r e
p r o f a n á r e m o s
p a u p e r i z a r á s
c o n s t a d o s
a m o j a m é i s
n o   i n s t r u m e n t é i s
g o l p e t e á b a m o s
n o   r e p a r t a n
d e s i n s e c t e n
b l a s o n a r á
n o s   a p a c i g u a m o s
s u a v i z a r a i s
a m o j a m a r é i s
r a p a r a i s
n o   s u a v i c e s
l i m i t a
d e s n a c í
p r a c t i q u e
p r a c t i c a s e n
c o n s t a s e i s
i n s t r u m e n t a b a
r a p a r a s
l e n g ü e t e a r a i s
n o   t e   g a n e s
n o   m e n s a j e e
m o r t i f i c ó
e n t r e l a z a b a s
e n r i p i a r í a i s
b l a s o n a s e n
o s   e n f r a s c a s e i s
n i n g u n e a s
l i m i t é i s
p r o s p e r a r a
p r a c t i q u e m o s
e x p u g n a r é
o c u l t a
m u e s t r e a b a
n o   e n r i p i e s
s e l e c c i o n a d o
z u r c i e r a n
a f i a n z a d o
s a t i n a r a i s
r e n d e r i z a n
m a n t e n d r í a s
s e l e c c i o n a r í a
e n c e s t a r á n
e m b o t á i s
e m b o t á b a m o s
l e n g ü e t e a r e s
e s c o n d i ó
a r r e b a t a n
s e   g a n a b a
m o r t i f i q u e s
m a n t u v i é s e m o s
n o   e n r i p i e m o s
m a l e f i c i a s t e i s
p r o s p e r a r í a i s
e x c l u y ó
m a n t u v i e r a
a i r e e m o s
l e n g ü e t e á r e m o s
e n c e s t a d o
o c u l t e m o s
r e n d e r i z o
a t u r a s t e i s
n o   s a t i n e m o s
z u r c i é r e m o s
r a p e m o s
l e n g ü e t e e s
n o   z u r z a n
a m o l d a r e s
m o r t i f i c a r í a
n o   d e s n a z c á i s
z u r c i d o
p r o s p e r a s t e
a i r e á b a m o s
a p a c i g u a d a s
n o   a c o r t e
a i r e a r é i s
f l o r e c e r í a n
f l o r e c i d o
a c o r t e s
f l o r e z c a n
d e s i n s e c t a s t e i s
p r o y e c t a r á n
p r o f a n a r á n
e n r i p i a r e i s
i n d u c e
c o n s t é
p r o f a n a d a s
o s   g a n a s t e i s
p r o s p e r a r í a
d e s n a c e
e m b o t á r e m o s
p r o s p e r a b a
f l o r e z c a
a s f a l t a d o
p r o f a n a s
g u s t e
f l o r e c e r í a i s
t e   g a n a r a s
a c o r t a r
i n d u c i r í a
n o   e x c l u y a s
u r b a n i z a d o
r e p a r t i r e m o s
m o n e t a r i z ó
m u e s t r e a r a s
e x c l u í
a r r e b a t é
e n t r e l a z a b a n
c o m p a c t á r e m o s
g u s t á i s
n i n g u n e a s t e i s
i n s t r u m e n t a r á n
p r o y e c t á r a m o s
m a l e f i c i a r e
z u r c í a m o s
b e r r e a r í a s
a g u s a n e s
r e p a r t i m o s
c o m p u l s a r a n
a f i a n z a n
p r o f a n e
o c u l t a d a
a s f a l t á r e m o s
n o   e n r i p i e
e s c o n d i e s e i s
a s f a l t a r í a i s
v o l a n t e a s
l i m i t a n d o
a m o l d a s t e
e x p u g n é i s
e n c e s t a r é
m o n e t a r i z á i s
u r b a n i z a r í a s
t r u n c a m o s
f l o r e c i s t e
z u r c i e r e
p r o f a n a r e n
c o n e x i o n a s t e i s
z u r z a s
f l o r e c i e s e i s
n o   p r o f a n é i s
c o m p u l s a b a
c o n s t a d a
s a t i n a r í a
a g u s a n a
b l a s o n a r a n
p r o f a n a s e i s
h e l e n i z a r á s
c u m p l a n
a m o j a m á b a m o s
l i m i t a s t e i s
g u s t a d a s
s e   d e s l e n g u a s e
d e s f a s a s e
r e p a r t i r í a
d e s l e n g u a d o
m a n t e n g a n
c a l i g r a f i a r o n
a r r e d r a r a
d e s n a z c a n
p r o y e c t a d a
m a n t u v i e r o n
i n s t r u m e n t a s
v o l a n t e ó
e x c l u y a n
i n m o v i l i z a r í a n
p e r d i e r e s
g o l p e t e a s t e
d e s i n s e c t a r á
a s f a l t a r e i s
a m o l d a r a s
p r a c t i c a r a s
u r b a n i z a
s e l e c c i o n á s e m o s
n o   l e n g ü e t e e s
l i m i t a r e i s
m a n t u v i e r e s
o c u l t é i s
e n c e s t a s t e
b e r r e a s e
m o n e t a r i z a r a s
m o r t i f i c a r á s
t a r o
m a l e f i c i a b a i s
g o l p e t e a r á
b e r r e a r a s
r e p a r t í a m o s
c o m p a c t a r í a
o c u l t a s e i s
a i r e a s e n
c u m p l i e r e n
a r r e b a t a r a n
a r r e b a t a b a n
g o l p e t e a b a n
h e l e n i z a r
p e r d i s t e i s
p r a c t i c á s e m o s
p r o y e c t a r e
a m o j a m e n
a m o l d e
b e r r e a m o s
d e s f a s a r e s
g o l p e t e a n d o
a m o j a m a s e s
p e r d e r á s
n o   e x p u g n e
e n t r e l a z a r
c u m p l i ó
a f i a n z a r í a i s
m e n s a j e a s e
a m o l d e n
p a u p e r i z a r é
s a t i n e m o s
l e n g ü e t e a r a n
p e r d i e s e s
g a n á n d o s e
m e n s a j e e m o s
a r r e b a t a
o c u l t a m o s
c o n s e j a m o s
t r u n c a
s e   e n f r a s c a r e n
e x p u g n a d a s
p e r d i e r e
t a r a r e i s
c o m p u l s a r í a
e n r i p i a d
n o   d e s n a z c a n
m o r t i f i c a r a s
g o l p e t e e
i n m o v i l i z a n
a g u s a n a b a
e m p a l m a m o s
s e l e c c i o n á b a m o s
t r u n c o
n i n g u n e a m o s
i n m o v i l i z á r a m o s
a g u s a n á b a m o s
d e s t r u í a
c o m p u l s e
o s   d e s l e n g u a r é i s
e n c a l a b o z a s
e n c e s t á r a m o s
d e s t r u i r í a
n o   m u e s t r e e
h e l e n i z á b a m o s
c o n s e j a m o s
c o m p a c t e m o s
e s c o n d i é r a m o s
e m p a l m é
m u e s t r e a d
d e s l e n g ü é m o n o s
p r o y e c t e m o s
e x c l u í a n
m e   g a n o
n o   r e p a r t a
i n d u j e r o n
d e s t r u i r
v e n t o s e e m o s
a s f a l t a r í a n
g o l p e t e e m o s
e m b r u t e c i e r e i s
s e l e c c i o n a s e
m a l e f i c i a s t e
s e   a p a c i g u a r e n
e n m e n d a r í a s
c o m p u l s a r í a i s
p r o y e c t á i s
a i r e a b a
e n r i p i a r é i s
n o   e m p a l m é i s
p e r d i e r e n
d e s n a c i m o s
n o   a m o j a m e
a m o j a m a r a
e m p a l m a m o s
a f i a n z a r í a n
m e n s a j e a s t e
l i m i t a m o s
s a t i n a r í a s
b l a s o n a s e
p r a c t i c a r a i s
o c u l t o
a m o l d a d a s
n o   l i m i t e n
n i n g u n e a r a s
e m p a l m a b a i s
p e r d í a
s a t i n é
p r o f a n a d o
s e   d e s l e n g u a r o n
g o l p e t e a r e m o s
i n m o v i l i z a d o
p i e r d o
d e s i n s e c t a s
b e r r e a r á n
r a p ó
p a u p e r i z a r í a n
m u e s t r e a
c o n s t e n
e n c a l a b o z a b a s
m a l e f i c i a r í a
d e s t r u y e s
e m p a l m á i s
e n c e s t a
p r o y e c t a b a s
d e s l é n g ü e n s e
e x c l u i d a s
t r u n c a r a s
a r r e b a t a r e n
m u e s t r e ó
a r r e b a t a b a
g o l p e t e a r a
t r u n c a r é i s
i n m o v i l i z a d
c u m p l i r á n
r e c o n q u i s t a d o s
s e l e c c i o n a r a
b e r r e a r í a n
i n d u z c a n
r a p o
n o   l e n g ü e t e e m o s
e n c a l a b o z a r í a
e n c a l a b o z a r
n o   m e n s a j e e m o s
m u e s t r e a d o s
n i n g u n e a s e
i n s t r u m e n t a r á
c o n s t a s e n
c o n e x i o n é
a t u r o
a r r e d r a m o s
s e l e c c i o n a r í a n
c u m p l i e n d o
l i m i t a r a n
e n m e n d a b a i s
p a u p e r i z a r í a m o s
c o m p e n d i ó
h e l e n i z a d
n o   c o m p e n d i é i s
o s   a p a c i g u a s t e i s
m a n t e n g a s
l i m i t a r í a m o s
u r b a n i z a b a i s
c a l i g r a f i a b a
u r b a n i z a b a n
g u s t a d a
a f i a n c e m o s
m a l e f i c i é i s
e m p a l m a r á
t r u n c a b a
a s f a l t a n
c u m p l i r e m o s
d e s i n s e c t a r í a n
e m p a l m e s
c o m p a c t a r e i s
e s c o n d e r í a n
e n t r e l a z a d o s
a r r e d r e m o s
l i m i t a d o s
a i r e é i s
e x c l u i r í a
d e s n a t a
c u m p l i e r a i s
m o r t i f i c a r e
a f i a n z a m o s
s e l e c c i o n a r á
n i n g u n e a r a
c o n e x i o n a s t e
n o   g u s t e s
e m b r u t e c e r é i s
c o n s t a r a n
p r o s p e r a d a s
m e n s a j e a r a
b l a s o n á i s
d e s n a c i e r a s
i n s t r u m e n t a s t e i s
g u s t a r á n
m o n e t a r i c e m o s
g a n a d a
c o n s e j a b a
a c o r t a d a s
r e c o n q u i s t a n
e s c o n d e n
s a t i n a s e s
p r o y e c t e
c o m p e n d i a r í a m o s
e m p a l m á r a m o s
i n s t r u m e n t a b a
m e n s a j e a s e
e n c a l a b o z a n
m e n s a j e e n
g o l p e t e a s e n
a m o j a m a r
n i n g u n e á r a m o s
a t u r a r e i s
a f i a n z a b a i s
a t u r a r o n
o c u l t a r í a
s u a v i z a r e m o s
d e s n a z c a
h e l e n i c e m o s
r e c o n q u i s t a b a n
e s c o n d e s
d e s i n s e c t a r e s
e x c l u i d a
p r a c t i c a b a n
o s   d e s l e n g u a r e i s
p a u p e r i z a d o
s e l e c c i o n a r a i s
e n m e n d a d a s
e s c o n d e r é i s
a c o r t a n d o
e n c a l a b o z a s e
e n r i p i a r e s
c o n e x i o n a r e
s u a v i c é i s
c a l i g r a f i a r a n
p r o y e c t a r á
p r o y e c t a r é i s
i n d u j é r e m o s
a c o r t e
c u m p l i d o s
m u e s t r e a s e s
d e s t r u i r e m o s
n o   d e s n a z c a
c o n e x i o n a r á n
d e s i n s e c t a s e
d e s i n s e c t a r e
v o l a n t e a r e n
b l a s o n a r a
u r b a n i z a r é i s
d e s n a c e r í a s
m e n s a j e a r é
p a u p e r i z a s
e m b o t a r a
e m b r u t e c í a
a c o r t a r í a s
m a l e f i c i ó
g o l p e t e a s e i s
o c u l t a r a i s
v e n t o s e a n d o
u r b a n i z a r í a
s a t i n a r a
r a p a s e s
c a l i g r a f i a d o s
p r o s p e r a d
h e l e n i c e n
s e l e c c i o n a r é i s
c o m p e n d i a s e n
p r a c t i c a s e
h e l e n i z a r í a n
e n r i p i a s t e
d e s n a c i s t e i s
h e l e n i z a r o n
a c o r t a n
v e n t o s e a r é
a t u r a s e n
m u e s t r e a r á
p r o s p e r a r
g o l p e t e a r e s
h e l e n i z a r í a i s
a i r e a r e m o s
h e l e n i c é i s
n o   a m o j a m e s
c o n s e j e s
n o   a g u s a n e s
e s c o n d i s t e
b e r r e a r e s
a g u s a n a s
e s c o n d í a
h e l e n i z a
p r a c t i c a n d o
e m b o t a r á n
v e n t o s e e n
p r o y e c t a b a
c o m p u l s a s t e
i n m o v i l i z a r í a i s
p a u p e r i z a n d o
e n t r e l a z a r a n
e n m i e n d o
f l o r e c e r á n
r e n d e r i z a m o s
m a l e f i c i e m o s
c o m p a c t a r o n
e n c e s t e n
g o l p e t e e
n o s   d e s l e n g ü e m o s
p r o f a n e s
p r a c t i c a s e i s
n o   a r r e d r e
e m p a l m a r a n
m a n t e n d r í a i s
m a l e f i c i a r í a i s
z u r c i r í a
n o   a r r e b a t e s
m a n t u v i é r a m o s
c a l i g r a f í e
m o r t i f i c á i s
m o n e t a r i z a r e m o s
d e s i n s e c t a d a s
n o   r e p a r t a m o s
c o n s e j a r e s
m u e s t r e a r
e m p a l m a r e
m o n e t a r i c e n
m a l e f i c i a s e s
m e n s a j e a d o
n o   s e l e c c i o n e s
s u a v i z a n
l e n g ü e t e a r í a i s
n i n g u n e a m o s
p r o f a n a n d o
i n d u c i d o
e x p u g n a r e
e x p u g n a d
e m b o t a b a
s a t i n a r a
p r o y e c t a r a
a c o r t e n
t a r a d o s
v e n t o s e a r á
a m o j a m a
e m p a l m a d o
i n d u c i r í a
p r o y e c t a s e s
m a n t e n i e n d o
r e c o n q u i s t a r
m a n t e n d r í a
e n t r e l a z a r í a
n o   d e s t r u y á i s
a r r e d r é i s
d e s i n s e c t a b a
r e p a r t i e s e n
a c o r t á r e m o s
e x p u g n a m o s
p r o s p e r a s e i s
c a l i g r a f i a b a s
a c o r t e
e n c a l a b o c e n
s e   e n f r a s c ó
a c o r t á b a m o s
s e   e n f r a s c a
c o m p u l s a r é i s
b l a s o n e m o s
e x c l u y a
i n s t r u m e n t é
e n r i p i a s e s
r e n d e r i c e
i n d u c i r á
c o n s e j a r a
t r u n c a r í a m o s
g o l p e t e a s
t r u n c a r í a s
i n m o v i l i z a n d o
m e   a p a c i g u a b a
a g u s a n á r a m o s
a t u r á r e m o s
e m p a l m a r e i s
n o   t e   e n f r a s q u e s
c o m p u l s e m o s
e n m e n d a s t e i s
c o n s t a r í a i s
t r u n c a r e m o s
m e n s a j e a b a s
n o   l i m i t e
s a t i n a r í a m o s
e n c e s t e s
a r r e b a t á b a m o s
n o   l e n g ü e t e é i s
t r u n c a r a i s
s a t i n a r á n
c o n e x i o n a r á s
o s   e n f r a s c a b a i s
s e   d e s l e n g ü e
f l o r e c í a
e n r i p i a r í a m o s
c u m p l a s
n o   a m o l d e m o s
c o n e x i o n a r o n
c o m p u l s á b a m o s
s u a v i z a s
m a l e f i c i a r í a m o s
t r u n c a d o s
e n m e n d a r e s
m a n t u v i e r e i s
v e n t o s e ó
n o   b e r r e e n
h e l e n i z a d a s
g u s t a r í a m o s
m e   a p a c i g u a r é
e n m e n d a r í a
p r a c t i c á r e m o s
e s c o n d i d o
n o   e n m e n d e m o s
c o n s e j a r í a i s
f l o r e c e m o s
m u e s t r e á r a m o s
n o   h e l e n i c e m o s
r e n d e r i z a r é
r a p a s e i s
z u r c i d o s
a m o j a m a r é
c o n s t a r é
e m p a l m a s e n
v e n t o s e é
n o   g u s t e m o s
n i n g u n e a s e s
e n f r a s c a d o
n o s   g a n á s e m o s
p e r d i d a
e m p a l m a s e
o s   g a n a r é i s
e m b o t a r í a
m a l e f i c i a r é i s
b e r r e á r e m o s
p r o f a n a s e
d e s n a c i e s e
t a r a r á s
a r r e d r a r í a s
h e l e n i z a r a
d e s i n s e c t a d o
g u s t a r í a i s
e x c l u í a
e n m e n d a m o s
f l o r e c e n
l e n g ü e t e a r e n
h e l e n i z á s e m o s
r e n d e r i z a b a
s u a v i z a r í a s
r e n d e r i z a r e m o s
o c u l t a n
s a t i n é i s
c o n s e j a s e i s
p r o f a n a r e
p r o f a n a r í a
e m b r u t e c í a m o s
r a p e
p e r d i é r a m o s
c a l i g r a f i a n d o
c u m p l i e r e s
i n s t r u m e n t a r í a s
n o   p r o y e c t e s
e m p a l m a r í a
e m p a l m a r á s
m e   d e s l e n g u a r a
b e r r e a r é i s
m e n s a j e a m o s
p r o s p e r a
r e n d e r i z a r í a n
z u r z a n
a g u s a n a r a n
a r r e b a t á i s
c o n e x i o n a r á
e n c e s t a r í a i s
e n r i p i a r a
e n r i p i a
b e r r e a r e
e n m e n d a s e i s
g o l p e t e ó
g u s t a r e i s
e n c e s t a r
c o n s e j á r e m o s
i n d u c i d
o s   d e s l e n g u a r a i s
r e c o n q u i s t a d o
e x p u g n á r e m o s
n o s   e n f r a s c á b a m o s
f l o r e z c á i s
e s c o n d e r í a m o s
h e l e n i z a s e s
d e s f a s a b a n
n o   f l o r e z c a s
p r a c t i c a r e n
e x p u g n a r e i s
e m b o t a r e
n i n g u n e a s e n
p a u p e r i z a r a n
e s c o n d i d a s
b l a s o n a b a s
n o   t a r e m o s
t a r a r
h e l e n i z a r í a
p e r d e d
g u s t a r í a
c o m p e n d i a n
o c u l t a s
c o n e x i o n a r í a m o s
l e n g ü e t e a n
c o n e x i o n a n d o
s u a v i z o
a g u s a n a b a n
e n t r e l a z a r e s
c o m p e n d i e
a f i a n c é
e x c l u y a s
n o   s e l e c c i o n e n
t a r a s e
c a l i g r a f i a d o
r e p a r t e n
i n s t r u m e n t e
p e r d é i s
a m o j a m e m o s
o c u l t a r í a m o s
a c o r t a r a
d e s n a z c a m o s
l i m i t a s e i s
n o   s a t i n e
r e c o n q u i s t a r a s
n o   m u e s t r e e n
a f i a n z a s t e i s
n o   i n d u z c a s
d e s n a z c a
a c o r t a r a s
n o s   e n f r a s c á r e m o s
d e s t r u y a m o s
e n c e s t o
l e n g ü e t e e
p r o f a n a r í a i s
e n r i p i a s
b l a s o n a r í a m o s
s e   e n f r a s c a r á
d e s f a s a d o
e n r i p i a r e m o s
e n m i e n d e n
m o r t i f i c á r e m o s
p a u p e r i z a r í a
a g u s a n a s e
n o   g o l p e t e é i s
c o n e x i o n e
e n c e s t á b a m o s
e x p u g n á s e m o s
p r a c t i c a r e s
c o m p e n d i a
t a r a r á n
b l a s o n á r a m o s
a s f a l t a b a s
d e s t r u y é s e m o s
m o r t i f i c a r á
l i m i t a r o n
m o r t i f i q u e
a m o l d a d o s
n o   p r o s p e r e m o s
a m o j a m e s
r a p a r e
m e n s a j e a r e
s e l e c c i o n á r a m o s
v o l a n t e a n
t r u n c a b a s
e x p u g n a d o
v o l a n t e a r e
a i r e a s e
v e n t o s e a
l e n g ü e t e a r e
d e s t r u í a n
e s c o n d i e r a i s
e m b r u t e c e d
p r a c t i c a r í a s
h e l e n i z á r e m o s
m a n t e n g a n
i n d u z c o
a s f a l t a
u r b a n i z a r e
g u s t e m o s
d e s f a s a r í a m o s
s u a v i z á i s
m a n t u v i e s e s
e n c a l a b o z a
c o n s e j a r á n
e n c e s t á r e m o s
e n r i p i a r e
s e l e c c i o n a d a
t r u n c a d a s
b e r r e a r a
n o   m a l e f i c i e
a f i a n z a r e s
e m b r u t e c i é r e m o s
n o s   a p a c i g u á b a m o s
r e p a r t o
p a u p e r i z a b a s
n o   m a l e f i c i e s
a f i a n c e
p e r d e r á n
m u e s t r e a r e i s
e x c l u y e r e s
n o   a t u r e m o s
b l a s o n a
c a l i g r a f i a r e m o s
c o n s t a b a
e n c e s t a r e
m o n e t a r i z a s e
n o   a c o r t e m o s
d e s n a c e r é
a g u s a n a r í a i s
c o n s e j a r e i s
m a n t u v i e r e
e n c a l a b o z a s e n
n o   i n m o v i l i c e n
p e r d i e s e
a s f a l t é
m o n e t a r i z a r e
z u r c i r
r e c o n q u i s t a s e
m a l e f i c i a s e i s
a t u r á b a m o s
e n c a l a b o z a n d o
p r a c t i c ó
a i r e a r e
i n d u z c a
f l o r e z c a m o s
v o l a n t e á r a m o s
m o r t i f i c a d
t a r a s e s
l e n g ü e t e á i s
a t u r e m o s
n o   d e s f a s e n
f l o r e c i s t e i s
l i m i t a d a s
u r b a n i z a r é
t a r a r í a s
v o l a n t e a
m o r t i f i c a d a s
b e r r e a s
g o l p e t e a r
e n r i p i a d o
s e l e c c i o n a m o s
l e n g ü e t e a b a s
m e n s a j e a m o s
e n t r e l a z a r e
e n c e s t a s e
a i r e a r í a
v e n t o s e e
i n m o v i l i z a r a
s e   a p a c i g ü e
e m p a l m a r í a s
i n s t r u m e n t a r o n
c o m p a c t a n d o
p r o s p e r a r í a n
a s f a l t a r é
s a t i n a m o s
m a n t u v i s t e i s
a p a c i g u á n d o s e
s e l e c c i o n a r é
c o n s e j a r e m o s
e n t r e l a z a r o n
g u s t a
n o s   d e s l e n g u a m o s
n i n g u n e e m o s
c o n e x i o n a r a i s
s u a v i z a s e
e x p u g n a s e i s
a i r e a r o n
n o   s e   e n f r a s q u e n
p e r d i é s e m o s
z u r z a n
r e n d e r i z a r í a m o s
a m o l d e s
n o s   d e s l e n g u a r í a m o s
p r o s p e r a b a s
n o   m o r t i f i q u é i s
e n c a l a b o z a d a
z u r c i d
b l a s o n a b a i s
e n r i p i a b a n
e n r i p i a m o s
c o m p e n d i a r a n
g u s t a r e m o s
o c u l t a m o s
e n m i e n d e n
g u s t a b a i s
l e n g ü e t e a
a c o r t a s e n
s u a v i c e
r a p e m o s
b l a s o n a m o s
p r o y e c t a r e n
n i n g u n e e
d e s n a c i e r e
e s c o n d i e r a n
o s   a p a c i g u á i s
r e c o n q u i s t a r e m o s
c o n s t a b a
r e c o n q u i s t a r í a
m a l e f i c i a b a
d e s i n s e c t a d a
a f i a n c e s
t r u n c a r e
e m p a l m a r í a i s
e m p a l m a d a
m o n e t a r i c e
p r a c t i c a b a
e n t r e l a z a r e
a t u r e n
s e   g a n a r a n
b e r r e a r í a
p r o y e c t a d a s
e s c o n d e r í a
a m o j a m a m o s
s a t i n a r á s
v e n t o s e á b a m o s
a r r e b a t a r é
r e p a r t i s t e
e x p u g n a n
n o   e n c a l a b o c e m o s
p r o f a n a r
m o r t i f i c a b a
c u m p l i d a s
r e n d e r i z a s e
i n s t r u m e n t a m o s
p r a c t i c a d a
e n r i p i a d a
l e n g ü e t e a r é
a t u r a d o
b e r r e a r o n
a s f a l t a m o s
e s c o n d i e s e
d e s n a c í a m o s
s e l e c c i o n a r í a s
s e   a p a c i g u a s e
s u a v i z ó
p r o s p e r a s e n
p a u p e r i z á i s
s e   e n f r a s c a n
n o   p i e r d a s
m o n e t a r i z a r
m u e s t r e a s e
a c o r t a s t e
r e c o n q u i s t a r é
n o   s a t i n é i s
i n m o v i l i c e n
n o   a s f a l t e s
t a r a b a i s
e n t r e l a z a r e i s
d e s n a z c a
a m o l d a s e s
e n r i p i e s
a m o j a m e n
p r o f a n a r e m o s
a g u s a n á i s
e n m i e n d a n
e n m e n d a b a
v e n t o s e á i s
i n m o v i l i z ó
e n t r e l a c e m o s
m o n e t a r i z a r a n
e m p a l m a r a s
i n d u z c a
a f i a n z a r é i s
c o n e x i o n a r í a n
p a u p e r i c e s
e x p u g n a
a f i a n z a r á n
z u r c í a s
s a t i n a r í a n
l e n g ü e t e á r a m o s
f l o r e c e d
i n d u j é s e m o s
i n s t r u m e n t a r í a n
m u e s t r e a s t e
e s c o n d a m o s
t r u n c a r a
d e s l e n g u á n d o s e
a f i a n z a r í a m o s
c o m p u l s a d
v o l a n t e a b a i s
n o   e s c o n d a
n o   e m b r u t e z c á i s
c o n s e j a n d o
m o n e t a r i z a s t e i s
n i n g u n e a r á s
a m o j a m a d a
r a p a r a
b e r r e á s e m o s
e n c a l a b o z a r á
c o m p a c t e
t a r e
p r o f a n á i s
r e p a r t a
d e s n a c i e r e
a r r e d r a s e n
n o   m o n e t a r i c e n
n o   d e s f a s e
o s   g a n a r í a i s
m u e s t r e a n
t e   d e s l e n g u a s e s
l e n g ü e t e e n
r a p a s
t r u n c á b a m o s
e m p a l m a s t e i s
n o   s e   e n f r a s q u e
z u r c i r í a
r e n d e r i z a d a s
e m p a l m a s e i s
m o r t i f i c a r a
d e s t r u i d o s
b l a s o n a r í a
o c u l t a s e s
c o n s e j a s e
b e r r e e m o s
c o m p a c t ó
e m b o t a r e m o s
a i r e a m o s
a s f a l t a b a n
a m o l d a r í a i s
i n m o v i l i z a r á
e n m e n d ó
e n c a l a b o z a r o n
v o l a n t e e m o s
r e c o n q u i s t a r á
e n t r e l a z a s e i s
v e n t o s e a m o s
c a l i g r a f i á r a m o s
m o n e t a r i z a r í a m o s
n o   d e s n a z c a s
v o l a n t e a r a
p r o y e c t a n d o
e n c e s t a r í a s
c o m p e n d i a d a
s a t i n e n
p a u p e r i z a s e s
n o   r e n d e r i c e n
a i r e a s e
a t u r é
m a n t e n g a
c o m p u l s a r a
c u m p l i m o s
f l o r e c i e r a s
c o m p e n d i é
n o   v e n t o s e e s
v o l a n t e a r á s
e m b o t a r e n
p a u p e r i z a r a
c a l i g r a f i a s e i s
e s c o n d e m o s
n o   b l a s o n e n
m o n e t a r i z a m o s
h e l e n i z a r a n
a c o r t a s e s
e n c e s t a r é i s
e s c o n d i é s e m o s
r e p a r t a
a c o r t á s e m o s
o c u l t á s e m o s
u r b a n i z a s e
o c u l t a r í a i s
f l o r e z c o
o c u l t a d
c o m p e n d i a m o s
a s f a l t a s t e
t a r a r a i s
a m o l d a m o s
t e   g a n a s e s
m o n e t a r i c é i s
c o m p a c t a r í a m o s
h e l e n i z a r e n
d e s t r u y e r o n
r e n d e r i z a r e n
m o r t i f i c a r é
g u s t á b a m o s
a m o l d a d a
n o   e n m i e n d e n
s a t i n a r e s
a m o j a m a s e i s
a t u r a s e
e m b r u t e c í a i s
e n c a l a b o z a r í a n
t r u n q u e m o s
v e n t o s e e
z u r c i e s e
m o r t i f i q u é
a p a c i g u a d o s
p a u p e r i c e
c o m p e n d i a r o n
a g u s a n a d a
m u e s t r e a s e n
h e l e n i z a r á n
i n d u c e s
m e   g a n a b a
e n r i p i a r e
u r b a n i z a r á
e n m e n d a s e s
e x p u g n a r í a m o s
f l o r e c e s
a r r e b a t a m o s
p r a c t i c a r í a
r a p a r é
c o n e x i o n á s e m o s
c o m p e n d i a r e
r e p a r t i r í a i s
n o   r a p e m o s
d e s t r u i d o
a r r e d r o
m u e s t r e a r e n
c o m p e n d i á s e m o s
g o l p e t e a s e s
e m b o t a r í a
c o n e x i o n a r e m o s
b e r r e a r
r e c o n q u i s t a r í a m o s
n o   l i m i t e s
p e r d i e s e
g u s t a r o n
a t u r e
p r o f a n a b a n
e m p a l m e n
c o m p a c t o
e m b r u t e c e r á s
l i m i t a r á n
g o l p e t e a r í a i s
e m p a l m é i s
i n d u c i r é
m o n e t a r i z a r a i s
r e n d e r i z a d a
s e   a p a c i g u ó
l i m i t a s e s
i n d u c i d o s
c o n s t a r í a s
u r b a n i z a b a s
d e s i n s e c t a r e
i n d u c i d a s
m o n e t a r i z a r e n
e m p a l m a r e
s a t i n a
b e r r e a s e i s
n i n g u n e a s t e
i n m o v i l i z a r í a
a m o l d a r á n
e x c l u i s t e i s
c o m p a c t á b a m o s
i n m o v i l i z a d a s
t a r a r o n
u r b a n i z a r a
n o   i n s t r u m e n t e m o s
h e l e n i z a r a i s
i n s t r u m e n t e m o s
n i n g u n e a r e n
c o m p u l s a d o s
a i r e o
n o s   d e s l e n g u á s e m o s
s e   g a n a n
a i r e a d a s
v e n t o s e a d o
m a l e f i c i á r e m o s
d e s n a c i e r a
v e n t o s e a s e
e n c a l a b o z a r a
e m p a l m a s e
c o m p e n d i a d o
e x p u g n a s t e i s
m e n s a j e ó
a s f a l t a r e s
s e   g a n a
s e l e c c i o n e m o s
c o m p a c t a s e s
a s f a l t a s
a m o j a m e
t a r á r e m o s
c o m p u l s á r a m o s
e x c l u y e s
m a n t e n d r á s
n o   n i n g u n e é i s
t e   g a n a s t e
c a l i g r a f í a s
t a r a b a s
e x c l u i r e m o s
a r r e d r ó
u r b a n i c e
p r a c t i c a r á s
s a t i n a r é
t r u n c a r e i s
e s c o n d e d
s e   e n f r a s q u e n
e m b r u t e c i e r e
m o r t i f i c a
l e n g ü e t e a r é i s
t e   g a n a r á s
e n r i p i á b a m o s
u r b a n i z a r a
a r r e b a t a r á s
s e   d e s l e n g u a b a n
g o l p e t e a b a
d e s i n s e c t á s e m o s
l i m i t a d o
e m p a l m a b a s
i n d u c i r á s
a f i a n z a b a s
e m p a l m a b a n
p r o f a n a m o s
s a t i n e
c o m p a c t á r a m o s
a t u r a s
d e s t r u y e s e n
u r b a n i z á b a m o s
n o   g o l p e t e e n
t a r é
s e   d e s l e n g u a n
r e p a r t i e r a
z u r c i r á s
e s c o n d i é r e m o s
e n c a l a b o c e s
r e c o n q u i s t a r o n
e n r i p i a n d o
b e r r e e
t a r e m o s
a t u r a r á n
e m p a l m a r e n
c o m p e n d i a b a
a r r e b a t a s e
t e   a p a c i g ü e s
n o   g o l p e t e e m o s
p a u p e r i z a b a i s
c o m p u l s a r a s
v o l a n t e a r é i s
r e n d e r i z a s t e i s
s u a v i c e n
n o   b e r r e e s
a m o l d a
e m p a l m a r
n o   a m o l d é i s
e n m e n d a r í a n
c o m p u l s a r e m o s
e n m e n d a n d o
a p a c í g ü e s e
i n m o v i l i z a d o s
t a r e s
a g u s a n a r í a n
m e   a p a c i g u a r a
e n c e s t a n d o
e m b o t ó
c a l i g r a f i a r á
a i r e e
r e p a r t i d
d e s n a c i e s e s
h e l e n i z a s e
u r b a n i z a r e i s
c o m p e n d i a r a
l i m i t e s
n o   p r o f a n e n
e s c o n d í
s u a v i z a r é i s
m a l e f i c i a r a
g u s t a r e n
s a t i n á r e m o s
p e r d i é r e m o s
g u s t a m o s
u r b a n i z a r e
l i m i t o
d e s i n s e c t a r í a
p r o y e c t o
c o n e x i o n á r e m o s
d e s t r u i s t e i s
h e l e n i z a r a
p a u p e r i z a b a
e x c l u y a
t a r e n
e m b o t o
s a t i n e
m a l e f i c i a d o s
p r o y e c t a m o s
m e n s a j e a r o n
h e l e n i z a b a n
i n m o v i l i z a r e n
z u r c i r í a m o s
a i r e a s t e i s
p r a c t i c a s t e i s
n i n g u n e a s e
e m b r u t e c i e s e i s
b e r r e a r í a i s
e m p a l m a b a
c o n s t á i s
n o   n o s   e n f r a s q u e m o s
c a l i g r a f i a d a
c o m p a c t a d
c o m p a c t a s t e i s
t r u n c a r í a n
p r a c t i c a r a n
c o n e x i o n é i s
h e l e n i z a r í a m o s
a i r e a b a n
n o   m u e s t r e e s
m e n s a j e a r a n
e n m e n d a r í a
e n r i p i e n
e m b r u t e c e r á n
a i r e á r e m o s
p r o y e c t a s t e i s
n o   d e s f a s e s
c o m p u l s a r í a
d e s n a c e m o s
c o n e x i o n a r e n
s a t i n a s e
c a l i g r a f i a r
e n f r á s c a t e
c o m p a c t e n
d e s n a c é i s
m e   g a n e
d e s t r u í a i s
s u a v i z a b a
m a l e f i c i o
d e s f a s a r e m o s
a c o r t a r a
e x c l u y e
n i n g u n e a s e i s
e n m e n d a r a n
p r o s p e r a r í a m o s
d e s n a z c a s
v e n t o s e a n
r e p a r t í a i s
r a p e s
v e n t o s e a r a i s
m u e s t r e a r e m o s
e x c l u y a
a c o r t a s e i s
e n c a l a b o z á i s
n o   p r a c t i q u e m o s
b e r r e a s e s
e m p a l m a r e m o s
a f i a n z a s e n
c o m p e n d i á r a m o s
n o   a m o j a m e m o s
d e s i n s e c t a m o s
m a l e f i c i e s
c a l i g r a f í e s
i n d u j é r a m o s
t r u n c a s t e
a i r e a d a
r e c o n q u i s t a r e i s
f l o r e c i e r e
n o   m o r t i f i q u e n
m o n e t a r i z á b a m o s
i n d u c í a s
a g u s a n a s e
f l o r e c i e r o n
p r o y e c t e n
c o n s e j á i s
s e   a p a c i g u a r a
m u e s t r e a r a
b l a s o n a r í a
d e s l e n g u a d a
d e s i n s e c t a r a s
e m b o t a n
a m o l d a r í a m o s
s e   g a n a r e
c o m p e n d i e n
e m b o t e m o s
e n r i p i a b a
s u a v i z a r a
p r o y e c t a r í a
l i m i t a d a
i n d u c i r í a n
r e p a r t í
a t u r a r é i s
b l a s o n a b a
r e c o n q u i s t a m o s
s u a v i z a d a s
a c o r t a m o s
m a l e f i c i a r
e x c l u i m o s
e n c e s t é
p r a c t i c a r e
t e   e n f r a s c a s e s
a s f a l t e
n o   c o m p a c t e
n o   s e   a p a c i g ü e n
r a p e
a c o r t é
f l o r e c i e r a
m o r t i f i c á b a m o s
t e   d e s l e n g u a s
l e n g ü e t e a r o n
n o   l i m i t e m o s
g u s t a s t e i s
n o   o c u l t e m o s
a i r e a s e s
e m b r u t e c i e s e
i n d u c i r é i s
m a l e f i c i a d o
l i m i t a r á s
o c u l t a r a
p r o s p e r e n
a g u s a n a s t e
m u e s t r e a b a s
n o   o c u l t e s
o c u l t a r á n
d e s f a s a
d e s n a c i e r e n
d e s t r u y a n
c o m p a c t a r a s
b e r r e a b a i s
n o   e x c l u y á i s
v o l a n t e á r e m o s
t r u n c á r e m o s
l e n g ü e t e a r
r a p a r e m o s
n o   g u s t e
c o m p e n d i a s e
c o m p e n d i e n
o c u l t a r á
a c o r t a r a i s
a s f a l t a n d o
b l a s o n a r á n
n o   h e l e n i c e
e m b r u t e c i d o
i n m o v i l i z a b a n
n o   a i r e e m o s
i n m o v i l i z a r í a
b l a s o n a d o s
r a p a b a
e n t r e l a z a r í a s
e m b r u t e c i e n d o
c o n s e j a r í a
s a t i n a m o s
e n c e s t a d a
g u s t a r í a s
n o   o c u l t é i s
n o   c a l i g r a f í e n
n o   e n c a l a b o c e
e n c e s t e n
b l a s o n á b a m o s
s e l e c c i o n a n d o
c o n e x i o n a r a
f l o r e c i é r a m o s
p r o f a n a r í a s
i n s t r u m e n t e n
s e   a p a c i g u a b a n
a g u s a n é i s
v e n t o s e a d a
c o m p u l s á i s
i n m o v i l i z a r e
m a l e f i c i a b a n
b e r r e a r á
e m b o t a s t e i s
a r r e d r a
e n t r e l a z a b a
s u a v i z a r e n
c u m p l i é r e m o s
t r u n c a s
p r o f a n a r í a m o s
m a l e f i c i a b a s
a t u r á i s
c o m p e n d i é i s
e n t r e l a z a d
c o m p u l s a b a
c o m p a c t a r
v o l a n t e é
d e s f a s e
b l a s o n a r e
c a l i g r a f í e n
d e s t r u y e
r e c o n q u i s t a r a i s
t e   a p a c i g u a r a s
a s f a l t a r a n
i n d u j e r a n
a i r e á s e m o s
h e l e n i z a m o s
e m b o t e
n o   e m b o t e
i n m o v i l i z a r í a m o s
c o n s t a b a n
n o   e n c e s t é i s
e n m e n d a r o n
e x c l u i r í a i s
b l a s o n a d a
d e s i n s e c t á b a m o s
m a n t e n e r
e n c a l a b o c é
c o n s e j a r a s
c u m p l i e s e n
t e   e n f r a s c a r a s
m e   g a n a r í a
t r u n q u e
e m p a l m a s
m u e s t r e a n d o
h e l e n i z a d o
d e s i n s e c t a b a
a r r e d r á s e m o s
i n m o v i l i z a r e s
s e   e n f r a s c a r a
e m b o t e s
a m o j a m a b a
p r o s p e r a b a i s
n i n g u n e a r é i s
e n c e s t a r a s
u r b a n i z a s t e i s
p e r d i d o s
c a l i g r a f i a r í a
c a l i g r a f i á r e m o s
b l a s o n a s t e i s
l i m i t a r e m o s
d e s f a s a r a n
a m o l d a r a i s
s e l e c c i o n a r í a i s
a i r e á r a m o s
l e n g ü e t e a r á
o s   g a n a r e i s
d e s f a s a n d o
z u r z a
e m b o t a r a s
e m b r u t e c i e r e
r e c o n q u i s t a s
i n m o v i l i z a r a i s
v e n t o s e a s t e i s
a t u r a b a
g o l p e t e a b a s
n o   c o m p a c t é i s
p a u p e r i z a r e m o s
d e s n a c e r e m o s
c a l i g r a f i a r e i s
e m p a l m a
o c u l t a b a
p a u p e r i z a d o s
a t u r a r e n
r e p a r t i e s e s
m e n s a j e a r a
c o m p a c t a r e n
s u a v i z a n d o
g o l p e t e a d
m a n t e n g a m o s
c a l i g r a f í a
m e n s a j e á r a m o s
c o n e x i o n a m o s
h e l e n i z ó
c o m p a c t a d a s
c o n s e j e
t a r a r í a
c o n s t á s e m o s
a c o r t ó
t r u n c a b a n
p r o s p e r á r a m o s
r e n d e r i z a r á n
d e s n a c e r á s
a r r e d r e
m u e s t r e a r e
a c o r t a m o s
d e s f a s a s e s
a s f a l t á b a m o s
v e n t o s e a r í a s
a c o r t a d o
a t u r a b a s
s u a v i z a r a
f l o r e c é i s
a f i a n z a r
s e   g a n a r á n
a r r e b a t a r á n
a r r e b a t e n
a s f a l t a r a
a r r e d r a d o s
t a r a r e
c u m p l i é s e m o s
s e l e c c i o n a n
e s c o n d í a n
d e s f a s a s t e i s
a m o l d á r e m o s
n o   c o n e x i o n é i s
p a u p e r i c e
v e n t o s e á r e m o s
c o m p a c t a s e
t a r a s
e s c o n d í a i s
v e n t o s e a s e
n o   u r b a n i c e s
p r a c t i c a
p e r d i e r e i s
n o   l e n g ü e t e e n
e n c a l a b o z a r e
b e r r e a s e
r a p é i s
p a u p e r i c e m o s
b e r r e a
e n t r e l a z a r a s
z u r c i r é i s
a t u r a r a i s
d e s t r u y a n
e n r i p i e m o s
n o   a g u s a n e m o s
g u s t a r é i s
m a n t u v i e r e
d e s f a s a m o s
m o r t i f i c a r
g u s t a r e s
t a r a r í a i s
p i e r d a s
p a u p e r i z ó
m o r t i f i c a r í a m o s
f l o r e c i e r a
r e p a r t e s
n o   b l a s o n e m o s
h e l e n i z a
m a n t e n d r é i s
n o   a c o r t e n
o c u l t e s
a g u s a n e
a s f a l t a r í a
c a l i g r a f i á b a m o s
d e s i n s e c t a r í a s
s a t i n a b a s
e n r i p i a r á s
m e n s a j e a s t e i s
o c u l t ó
l i m i t á r a m o s
c o n s t a d o
p a u p e r i z a s e
n o   t a r é i s
a s f a l t a r e m o s
e x c l u i r é
s a t i n a s e i s
c o m p a c t a r e m o s
a i r e a s
s e l e c c i o n a r a n
d e s i n s e c t é
g o l p e t e a
z u r c i e r o n
n i n g u n e a r í a s
c o m p u l s a r á s
n i n g u n e é
m o r t i f i q u e m o s
a t u r é i s
a s f a l t e m o s
p r a c t i c a r í a
n o   c o m p u l s e m o s
m a l e f i c i a r a s
p a u p e r i z a r é i s
d e s i n s e c t a r a n
a f i a n z a d a s
a r r e b a t a n d o
n o   c o m p e n d i e
s e   d e s l e n g u ó
c u m p l i r í a n
r e p a r t i m o s
n i n g u n e e s
n o   e m p a l m e n
e n t r e l a z a r e m o s
p r o s p e r a s e
n o s   g a n e m o s
c a l i g r a f i a s e n
n o   e n t r e l a c e m o s
a m o j a m a s t e
e n c e s t a r o n
i n m o v i l i z a s t e
p r a c t i c a r é
a i r e a d o s
c o n e x i o n e m o s
a m o l d a r
c o m p a c t a n
r e p a r t i e r e
z u r c i e r e n
c o n s e j a
l e n g ü e t e a m o s
m u e s t r e a m o s
b e r r e a r e m o s
n o   a i r e e s
c o n s t a n d o
a g u s a n a s t e i s
d e s t r u i r á n
e x c l u i r á n
a t u r a s e i s
m u e s t r e a s t e i s
m o n e t a r i z á s e m o s
s e l e c c i o n a r e i s
p a u p e r i z a s e n
u r b a n i z a r á s
u r b a n i z a r e n
g a n a d o s
e n r i p i a r í a
s u a v i z a s e
s e   d e s l e n g u a r e n
p r o y e c t a s e
a s f a l t e
b e r r e á i s
s a t i n a r e n
a m o l d á b a m o s
m o n e t a r i z a s e n
u r b a n i z a d
c a l i g r a f i a b a i s
f l o r e z c a n
i n m o v i l i z a r
s u a v i z a s e i s
n o   m e n s a j e é i s
a m o l d a s
m e   a p a c i g ü e
p r a c t i q u e m o s
g u s t a b a n
e n f r á s q u e n s e
e x c l u i r í a m o s
s e   a p a c i g ü e n
r e p a r t i ó
c o n e x i o n a s e
d e s n a c í a i s
a f i a n z a b a
r e n d e r i c e n
n o   e n t r e l a c é i s
c o n e x i o n a r e s
c o m p a c t a r e
m o n e t a r i c é
a r r e d r a s e i s
p a u p e r i c e m o s
d e s i n s e c t á i s
m e n s a j e a s e n
u r b a n i c e m o s
c o m p e n d i á r e m o s
p r a c t i c o
b l a s o n e s
r e p a r t i e s e i s
p a u p e r i z a r a
i n s t r u m e n t a r a n
e n c a l a b o z a m o s
s e l e c c i o n a r á n
b l a s o n a r a s
s u a v i z a b a n
c o m p u l s ó
a p a c í g ü e n s e
c o n s t a d
c a l i g r a f i a s t e
a r r e d r a r o n
n o   c a l i g r a f i e m o s
a m o j a m a d o s
n o   d e s t r u y a s
r e c o n q u i s t a r e s
c o n s e j a r í a
i n d u j i m o s
t a r a n d o
n o   m e n s a j e e n
g o l p e t e a r é
e n c e s t a r í a
n o s   d e s l e n g u a m o s
r e p a r t i e s e
e x c l u i r é i s
e m b r u t e c i é r a m o s
i n s t r u m e n t á b a m o s
c o m p e n d i a r í a
p r o s p e r e m o s
t r u n c á s e m o s
m e n s a j e a r e i s
d e s i n s e c t a r í a m o s
c o n e x i o n a b a
u r b a n i z a s e
c o m p a c t a r é i s
n o   v o l a n t e e m o s
n o   a s f a l t e
i n m o v i l i z a s e s
n o   a r r e b a t e m o s
p a u p e r i c e n
n o s   g a n á r e m o s
r a p a r a
v e n t o s e a r á n
p r o y e c t a r a n
m o r t i f i c a r e s
s e l e c c i o n a r e s
h e l e n i z a r í a s
a r r e b a t a s e i s
e n c a l a b o z a r e i s
n o   a i r e e n
e m b r u t e c i e r a
a g u s a n a s e n
a p a c i g ü é m o n o s
e x p u g n a r a s
c o n s t a s t e i s
c o m p a c t a r á
e n c a l a b o z a
a r r e b a t a r á
e n c e s t a r á s
c o m p e n d i o
c a l i g r a f i a r é
f l o r e c i e r e
b l a s o n a d
a m o l d a n
n o   s e l e c c i o n e m o s
a m o j a m á r a m o s
e m p a l m a r e s
s e   a p a c i g u a r a n
h e l e n i z a d a
t e   d e s l e n g u a b a s
l e n g ü e t e á s e m o s
c o n e x i o n a
s u a v i z a r a s
g u s t a r e
n o   a m o j a m e n
a f i a n z a r á s
s u a v i c e
m e n s a j e a r á n
e m b r u t e c í a n
g o l p e t e a r í a s
r e n d e r i z a n d o
e m b r u t e z c o
e n t r e l a z a r í a
e m b o t á r a m o s
t a r a s t e i s
i n s t r u m e n t á i s
s a t i n ó
e n c a l a b o z a r a
r a p é
n o   m a n t e n g a s
a m o j a m a r í a
b e r r e a d o s
e m b o t a r á
g a n a d o
g u s t a s e i s
e n c a l a b o z a b a i s
s e   d e s l e n g u a r í a
c o m p u l s a r í a n
c o n s e j e
n o   p a u p e r i c e
r e c o n q u i s t a r a
e n t r e l a z o
c o m p u l s o
c o n s t a r é i s
c u m p l i r í a s
e n r i p i a r e n
r e c o n q u i s t a n d o
d e s f a s á r e m o s
r e c o n q u i s t á r e m o s
m u e s t r e a r a
t e   d e s l e n g u a r a s
t e   g a n a s
c o m p e n d i a r a s
s a t i n a d a s
s e   g a n a r í a
a r r e b a t a r í a
s e   g a n a r a
t a r a r í a n
a m o l d a r a
n o   g u s t é i s
a s f a l t a r
r e n d e r i z a r í a s
r e p a r t i e r e
a g u s a n a r e
c o m p u l s a r í a m o s
h e l e n i z a d o s
g o l p e t e a
p r o s p e r a d a
p r o f a n a r a n
n o   m o r t i f i q u e m o s
e m p a l m á b a m o s
d e s n a t o s
t a r a b a
r a p a
m a l e f i c i a r e i s
e n t r e l a z a b a
n o   m o r t i f i q u e s
e m p a l m a d o s
g a n a d a s
e x p u g n a s t e
c o m p e n d i e
n o   p r o y e c t e m o s
a r r e d r a r a s
t e   e n f r a s c a r í a s
e x c l u y e r a
g o l p e t e a d a s
a t u r a r e m o s
d e s f a s a r í a n
u r b a n i z a n
s e   e n f r a s c a s e n
d e s n a c i é r a m o s
d e s i n s e c t e m o s
m o n e t a r i z a r é
c o m p u l s e s
c o n s e j a r á
a i r e a n d o
e n t r e l a z a r í a i s
a f i a n z á i s
l i m i t a r í a n
f l o r e c e
d e s i n s e c t á r e m o s
e n m e n d a s e n
r a p a r í a n
a m o l d a r á
r a p a d o s
o s   a p a c i g u a r í a i s
a m o l d a r é
d e s f a s a r í a s
i n d u j e s e i s
b e r r e a s e n
e m p a l m a n d o
a c o r t a
r e p a r t a n
t e   d e s l e n g u a r á s
a m o j a m é
m u e s t r e a s e i s
i n d u j e s e
n o   p r o f a n e s
n o   s e l e c c i o n e
e n m e n d a b a
c o m p u l s a r a i s
v o l a n t e a r í a s
r e n d e r i z á r a m o s
a i r e a r í a
d e s f a s a b a s
b e r r e a b a n
e m b r u t e c i é s e m o s
e n c a l a b o z a r í a m o s
c u m p l i r á s
n o   e n t r e l a c e
n o   c o m p e n d i e m o s
a m o l d a r e m o s
p r a c t i c a r e m o s
d e s t r u y o
c u m p l i d o
p r o y e c t a
p r o y e c t a d o s
a g u s a n a r í a s
i n d u c i m o s
r e c o n q u i s t ó
e n c a l a b o z a d
m o n e t a r i c e n
d e s t r u i r é
a r r e d r a s e
e m b o t a d a
a c o r t e m o s
c a l i g r a f i a m o s
p e r d í a s
g u s t ó
c o m p e n d i á i s
c o n s t o
t r u n c a r í a
n o   b l a s o n é i s
m o n e t a r i z a r í a
b l a s o n a s e i s
n o   s e l e c c i o n é i s
t a r a s e
i n m o v i l i z a r e i s
n o   c o n e x i o n e
a c o r t a r í a i s
m a n t e n í a
m o n e t a r i z a r e s
p r o f a n a r á
a r r e d r a d a s
m o r t i f i c a r e i s
t r u n q u é i s
p r o s p e r e n
b e r r e a b a
m o n e t a r i z a r í a
p r a c t i c a b a
p r o f a n e
d e s t r u y e r e s
m e n s a j e á i s
c o n s t é i s
m a l e f i c i a r í a s
c o n s t a
c o n s e j a b a i s
p r o s p e r e
a t u r a r e s
e x c l u y e r a
s e l e c c i o n e
d e s i n s e c t o
a i r e a n
n o   c u m p l a
m u e s t r e a s e
n o   e s c o n d a s
e x p u g n a r á
e x p u g n a m o s
s e   a p a c i g u a r í a n
p e r d í
p r o y e c t e s
d e s t r u i r é i s
c o m p u l s e
p e r d í a
e s c o n d i e r e
d e s t r u y a
b l a s o n o
e x c l u y a m o s
v o l a n t e a r í a
a f i a n c e n
o c u l t a r é
r e c o n q u i s t a r e
n o   c o m p u l s e n
d e s t r u y e n d o
i n d u c e
a c o r t á i s
a m o l d a b a n
a r r e b a t a s
e n c e s t a d
a m o j a m a r á
m a l e f i c i a r á s
a t u r a m o s
c o m p a c t a s e
m o r t i f i c a r í a i s
r e p a r t a m o s
n o   r e n d e r i c e
e n m e n d a s t e
a t u r a r a n
g u s t a n d o
m e   e n f r a s q u é
n o   d e s i n s e c t e s
a m o j a m a b a i s
c o n s t ó
e n r i p i e
v o l a n t e a d o s
e s c o n d i e r e n
a f i a n z a d a
e m p a l m a s e s
c o m p u l s a s
m o r t i f i c a r e n
c o m p e n d i a r
a m o j a m a r á s
p r o f a n a r e
n o   a i r e é i s
c o n e x i o n a r é i s
t r u n c a s e
r a p a r í a
a r r e b a t a r í a n
p a u p e r i c e
a t u r a s t e
e n c e s t a r a
c u m p l i e r e i s
m e n s a j e a r í a m o s
n o   p r a c t i q u é i s
l e n g ü e t e a s t e i s
a m o l d o
e x p u g n a r a
m o r t i f i c a s e
c u m p l i m o s
f l o r e c e r á
n o   p r o y e c t e n
e n r i p i a b a i s
a m o j a m a r e i s
c u m p l i s t e
p r o y e c t a r a i s
n o   s u a v i c e n
a r r e b a t a s e n
r e p a r t i e r e n
v o l a n t e a r
v o l a n t e a r e i s
u r b a n i c é i s
a r r e b a t á s e m o s
a s f a l t e n
o c u l t á i s
a s f a l t o
e m b o t a r e
a c o r t a r o n
a g u s a n e m o s
s e l e c c i o n e n
c o n s t a
c o m p e n d i a r í a
d e s t r u y á i s
e x c l u í s
m o r t i f i c a b a n
a f i a n z a r e n
r e n d e r i z a
d e s f a s a m o s
r e n d e r i z a s t e
e m b o t a r a n
m e   e n f r a s c a r a
a m o j a m a n
o s   g a n é i s
r e c o n q u i s t é i s
n o   t r u n q u e m o s
t e   e n f r a s c a b a s
n o   r e p a r t a s
d e s n a c e r á n
e s c o n d í a m o s
n o   r e n d e r i c e m o s
n o   i n m o v i l i c e m o s
m e n s a j e a d
o s   a p a c i g u a b a i s
v o l a n t e a b a
