p a m p a k u n a p
p ' u y ñ u k u n a h i n a
y a y a y h i n a
y a y a n k u k u n a p u r a
ñ a w p a n c h i k k u n a t a
u t u r u n k u k u n a w a n
p ' u y ñ u n k u n a n t i n
a y p a n k i
w a k c h a y k i k u n a p a q
p h a l l c h a p a q
p a m p a y k i p u r a
y a y a h i n a
p a m p a y k i c h i k n i n k a
p a m p a n k u k u n a r a y k u
y a y a y k i p u r a
p i s i r q a n c h i k
w a k c h a
y a y a y n i n t i n
q ' i p i y k u
y a r q a y n i n h i n a
p i s i y n i y k i c h i k k a m a
p h u t i y k u
a w k i k u n a n k a
p h u t i y n i n w a n
ñ a w p a y k i c h i k k u n a
p h a l l c h a y n i n t i n
p i s i y n i n k u n t i n
ñ a w p a n c h i k k u n a r a y k u
a w k i y p i
p a m p a y k u n a
y a r q a y n i y k u n a r a y k u
p h a l l c h a n k u n a
y a y a n c h i k k u n a n n a q
p a m p a y k i k a m a
p h u t i s q a n c h i k
ñ a w p a l l a
y a y a y k i m a n
y a r q a y n i y k i c h i k n i n k a
y a r q a y n i n k a m a
y a y a y k i c h i k m a n
ñ a w p a n k u n a m a n
s a y a s q a n c h i k
y a y a n k u k u n a p u r a
y a y a y k u k u n a p a q
u t u r u n k u n c h i k k u n a l l a
p h a l l c h a p i
y a y a n k u k a m a
s a y a y n i y n i n t i n
u t u r u n k u k u n a p i
p a m p a p a q
s a y a n k i c h i k
a w k i n i n t i n
ñ a w p a y k i n k a
p a m p a y k i m a n
p h a l l c h a n k u n a t a
a w k i y k i k u n a m a n t a
a w k i n p a
w a k c h a y k i r a y k u
u t u r u n k u n r a y k u
y a r q a y n i y k u n a k a m a
y a y a n c h i k l l a
s a y a y n i y k i c h i k k u n a p i
p ' u y ñ u y k u p i
p h u t i y n i y k i k u n a m a n
p h a l l c h a n k u p a q
s a y a n q a
w a k c h a n c h i k k u n a w a n
w a k c h a y k u k u n a m a n t a
w a k c h a t a
y a y a n c h i k
p a m p a y k i p a q
y a y a y k i n k a
p i s i y n i n k u k u n a m a n
p i s i y n i y k u k u n a w a n
p ' u y ñ u y p i
p ' u y ñ u n k u p a
a w k i y k u k u n a n k a
p ' u y ñ u n c h i k r a y k u
a w k i m a n t a
ñ a w p a y k u n a n n a q
ñ a w p a n m a n t a
p a m p a n h i n a
p a m p a y k i c h i k r a y k u
p h a l l c h a n k u k u n a t a
a y p a n k i c h i k
m a y l l a k u y
a w k i n l l a
p h a l l c h a y k i c h i k k u n a w a n
p a m p a n c h i k k u n a w a n
p ' u y ñ u n c h i k k u n a p a q
w a k c h a y k i k u n a n t i n
p h u t i y n i y k u k u n a n n a q
p h a l l c h a n k u k u n a n t i n
p a m p a r a y k u
p a m p a n
y a r q a n k i c h i k
p h u t i y n i y k u k a m a
p h a l l c h a m a n t a
l l u l m i r q a n i
a w k i y k u m a n t a
p h a l l c h a n k u k u n a w a n
p a m p a n p a q
p a m p a n k a
w i ñ a n
w i ñ a r q a n i
ñ a w p a y k u h i n a
y a y a n k u n a w a n
p a m p a n c h i k k u n a l l a
s a y a y n i y k u n a m a n t a
u t u r u n k u n c h i k k u n a p a q
p h u t i y n i y k i k u n a k a m a
w a k c h a y k i k u n a w a n
w a k c h a y k i p a
y a y a y k i n k a
ñ a q c h ' a q
p h u t i y n i y k i c h i k m a n
y a y a n c h i k k u n a m a n t a
a w k i y k i c h i k k u n a l l a
p ' u y ñ u y k i p u r a
y a r q a y n i y k i k u n a w a n
p a m p a y k i c h i k l l a
a w k i n c h i k k u n a l l a
u t u r u n k u k u n a h i n a
p a m p a n k u k u n a p u r a
p ' u y ñ u n k u n a n n a q
ñ a w p a y k u p u r a
m a y l l a k u r q a n i k u
w a k c h a y k i c h i k k u n a n k a
w a k c h a m a n t a
p a m p a n p u r a
y a y a n k u t a
p i s i y n i y w a n
y a y a y k i c h i k k u n a p i
p h u t i y n i y k u m a n
s a y a y n i y k a m a
y a r q a y n i y k u h i n a
p h u t i y k u n a n t i n
s a y a y k u n a k a m a
y a y a n k u l l a
a w k i n k u n a k a m a
y a y a y k u
s a y a r q a n k u
ñ a w p a y n i n k a
ñ a w p a n k u k u n a n n a q
p h a l l c h a n c h i k k u n a r a y k u
y a y a y k i c h i k h i n a
w a k c h a y k u k u n a t a
ñ a w p a y k i c h i k k u n a p
s a y a y n i y k i k u n a m a n t a
ñ a w p a n c h i k k u n a p
s a y a y n i y
p a m p a n c h i k k u n a p i
ñ a w p a y k i c h i k k u n a m a n t a
s a y a y n i y p u r a
y a y a n k u n a m a n t a
u t u r u n k u y k u t a
q ' i p i y l l a
a m a u p y a c h u n k u c h u
p h a l l c h a y n i n k a
y a y a n k a
y a y a y k i r a y k u
y a r q a y n i n k u n a r a y k u
p h u t i y n i y k u
s a y a s q a n i k u
y a r q a y n i y m a n t a
q ' i p i y k i
y a y a n k u n a p i
p a m p a p i
y a y a n c h i k k u n a
c h ' a c h u n k i c h i k
w a k c h a n k u n a m a n t a
y a r q a y k u n a n t i n
p i s i y n i n c h i k n i n k a
c h ' a c h u n k u
p i s i y n i y k i p u r a
c h ' a p h c h a r q a n k i c h i k
w a k c h a n c h i k p a q
y a y a n k u
y a y a y k i r a y k u
y a r q a s q a n k i
w i ñ a s p a
c h ' a c h u s a q k u
y a y a y k i k u n a m a n
s a y a y n i y k u m a n t a
a w k i n k u n a p i
p h a l l c h a y k i k u n a h i n a
ñ a w p a n c h i k k u n a l l a
a w k i k u n a t a
w a k c h a y k i c h i k k u n a r a y k u
y a r q a y n i y k i c h i k p a
y a r q a s a q
y a y a y k i p a q
ñ a w p a n k u n a
ñ a w p a k u n a h i n a
a w k i w a n
y a y a n c h i k l l a
p i s i y n i y k i c h i k m a n
u t u r u n k u k a m a
u y a r i r q a n
p a m p a y k i c h i k k u n a p u r a
p ' u y ñ u y h i n a
a w k i n k u n a p a q
p h u t i y n i y k u k u n a n t i n
p h a l l c h a n p i
w a k c h a y k i k u n a l l a
p h a l l c h a y m a n
p i s i y n i n k u k u n a p u r a
q ' i p i n c h i k h i n a
ñ a w p a n c h i k w a n
u t u r u n k u n h i n a
p h u t i y n i y k i l l a
y a r q a y k u n a p i
p a m p a n k u t a
s a y a y n i y k i c h i k r a y k u
l l u l m i y
y a y a n k u n a n k a
a w k i n k u p u r a
p a m p a y k i c h i k k u n a n t i n
l l u l m i n i
l l u l m i s a q
a m a u n i c h u n k u c h u
p h a l l c h a y k i c h i k k a m a
p a m p a y k u n a h i n a
p ' u y ñ u y k i k u n a p
p h u t i y n i n c h i k k u n a w a n
q ' i p i y k u n a w a n
a m a c h ' a c h u c h u n c h u
y a r q a y n i n c h i k t a
p a m p a n c h i k m a n t a
s a y a y n i n k u k u n a n n a q
p a m p a k u n a m a n t a
w a k c h a k u n a p
u t u r u n k u y k u n a h i n a
q ' i p i y r a y k u
l l u l m i r q a n k i
w i ñ a c h u n
y a y a y k u n a l l a
p h u t i s q a n k i
m a y l l a k u r q a n i
y a y a n k u n a n n a q
p a m p a y k u k u n a p
u p y a n k u
ñ a w p a n n a q
p ' u y ñ u y k i k u n a t a
p h a l l c h a y k u p a
y a r q a y n i n k u k u n a p u r a
p a m p a n k u k u n a p a q
ñ a w p a y k u k u n a p u r a
p ' u y ñ u y k u n a l l a
s a y a y t a
