p ' u y ñ u y k i k u n a p
p a m p a y m a n
c h ' a p h c h a s q a n i k u
y a y a n c h i k k u n a m a n
p h u t i y n i y k i c h i k p a q
y a r q a y n i y k i c h i k k u n a t a
a w k i k u n a k a m a
u t u r u n k u y p a
p h u t i y n i y k i k a m a
y a y a
p i s i y n i y k u p i
p h u t i y n i n k u n a w a n
y a r q a y n i y k i c h i k h i n a
p i s i y n i y k u k u n a n k a
ñ a w p a y k i c h i k w a n
y a r q a y n i y n i n n a q
p i s i y k u n a l l a
w a k c h a n c h i k k u n a h i n a
s u p i n k i
u t u r u n k u k u n a h i n a
w a k c h a y k i p i
p h u t i y n i y k i r a y k u
p h u t i s p a
a w k i n k u k u n a m a n
ñ a w p a n c h i k n i n k a
p h a l l c h a m a n t a
ñ a w p a y k i k u n a n t i n
a m a p h u t i y c h i k c h u
w a k c h a y k u n a k a m a
u n i r q a n i
p h a l l c h a y k u w a n
w a k c h a n k u n a t a
p a m p a k u n a m a n t a
y a y a n k u k u n a p u r a
ñ a w p a n k u k u n a t a
ñ a w p a k u n a p a q
p h u t i n q a k u
p ' u y ñ u n c h i k k u n a p a q
w a k c h a y k i c h i k k u n a l l a
y a y a n w a n
w a k c h a y k i c h i k
a w k i n k u n a p i
a w k i k u n a t a
y a y a y k i c h i k r a y k u
q ' i p i y k i c h i k k u n a n n a q
p a m p a n c h i k p a
q ' i p i k u n a n k a
y a r q a y k u n a p i
y a r q a y n i n c h i k r a y k u
ñ a w p a n l l a
l l u l m i n a
p h u t i y n i y k i c h i k l l a
c h ' a p h c h a y
a y p a n k u
q ' i p i y k i c h i k r a y k u
a w k i y k u w a n
y a y a y k u k u n a p
a w k i y k u k u n a m a n t a
s a y a y n i y k i p u r a
p a m p a y k u n t i n
ñ a w p a n k u k u n a p u r a
ñ a w p a y k u k u n a r a y k u
y a r q a y n i y k i k u n a n n a q
u p y a s q a n k u
a w k i n p a
p i s i r q a n k i c h i k
s a y a y n i n k u l l a
p a m p a n p a q
p h u t i y n i y k u k u n a
c h ' a c h u n i
p h a l l c h a y k i t a
p h u t i y n i y k i c h i k k u n a p a q
a w k i m a n
q ' i p i y k u n a k a m a
u t u r u n k u y k u k u n a m a n
u t u r u n k u k u n a r a y k u
a m a c h ' a p h c h a y c h u
s a y a y k u n a k a m a
ñ a w p a y k i n k a
l l u l m i r q a n i
y a y a y k i r a y k u
p h u t i y k u
p i s i y h i n a
u t u r u n k u n h i n a
y a y a y k i c h i k h i n a
y a y a y w a n
w a k c h a y k i c h i k k u n a n k a
p a m p a k u n a n t i n
a w k i y k i t a
s a y a s q a
p a m p a y k i c h i k k u n a n n a q
i s p a p a k u y k u
p a m p a n k u k u n a r a y k u
w a k c h a y k i c h i k k u n a r a y k u
w a k c h a y k i c h i k
ñ a w p a k u n a p u r a
m a y l l a k u y
y a y a n k u k u n a t a
p h u t i y n i y k u k u n a n n a q
s a y a y n i y n i n t i n
w a k c h a r a y k u
w a k c h a y p a q
w a k c h a k u n a p a q
ñ a w p a k u n a p
p a m p a n k u n n a q
u t u r u n k u n k u k u n a l l a
s a y a y n i y k i c h i k k u n a h i n a
y a y a n k u n a k a m a
p h u t i y n i n k u n t i n
p h a l l c h a n c h i k k u n a r a y k u
u t u r u n k u y k u t a
y a r q a y n i n h i n a
p h u t i y n i y k u k u n a r a y k u
y a y a y k i n k a
y a r q a y n i y k i k a m a
a w k i y k u n a p u r a
y a y a p a q
p a m p a n k a
p h a l l c h a r a y k u
w i ñ a r q a n i
y a r q a y n i y l l a
a w k i y k u n a p i
u t u r u n k u n k u h i n a
u n i n i
p i s i q
y a r q a y n i n k a m a
ñ a q c h ' a s p a
ñ a w p a n m a n t a
ñ a w p a n k u p a q
q ' i p i y k i p u r a
p a m p a y k u n a m a n t a
y a r q a y n i y k u p i
y a r q a y n i y k u h i n a
a w k i n k u k a m a
w a k c h a y w a n
p ' u y ñ u y k i k u n a r a y k u
p h a l l c h a y k i k u n a m a n
y a y a n k u k a m a
p a m p a y k i c h i k k u n a n t i n
y a r q a y n i y k u p u r a
p i s i y n i n c h i k k u n a n t i n
s a y a y n i y k u n a h i n a
a w k i n k u n a k a m a
ñ a w p a y k i t a
ñ a w p a k u n a h i n a
a w k i h i n a
p ' u y ñ u n k u p a
u t u r u n k u n c h i k k u n a p a q
y a y a y k u n a k a m a
q ' i p i y k i k u n a k a m a
p h a l l c h a n k u k u n a w a n
ñ a w p a m a n t a
p ' u y ñ u l l a
y a y a n c h i k l l a
w a k c h a n k u k u n a m a n t a
p ' u y ñ u n k u k u n a
s a y a y n i y k u k u n a t a
p h a l l c h a y k i k u n a m a n t a
s a y a y n i y k i k u n a m a n t a
w a k c h a y k i c h i k k u n a r a y k u
ñ a w p a p u r a
a w k i k u n a m a n t a
y a y a n k u
a m a l l u l m i c h u n c h u
w a k c h a y k i n n a q
w a k c h a n c h i k p u r a
y a y a p
y a y a y k u h i n a
p a m p a y k i k u n a p u r a
u t u r u n k u n k u p a q
y a y a y k i c h i k k u n a w a n
p a m p a y k i k a m a
p a m p a y k i c h i k k u n a n n a q
p a m p a n k u k u n a n t i n
w a k c h a n k u k u n a w a n
ñ a w p a n k u k u n a n n a q
p a m p a y k u n a
u t u r u n k u k u n a p i
p a m p a y k u n a n k a
y a y a n k u n a m a n t a
q ' i p i y k i c h i k k u n a w a n
p ' u y ñ u y k u p a q
q ' i p i y k i k u n a p
y a y a n k u t a
ñ a w p a n n i n n a q
y a r q a y n i y k i l l a
s a y a y m a n
y a y a l l a
w a k c h a k u n a p
p a m p a y k i p u r a
p h u t i y c h i k
y a r q a s q a n c h i k
a w k i m a n t a
w a k c h a y k u k u n a m a n t a
y a y a y k u r a y k u
q ' i p i n k u k u n a p
u t u r u n k u n k u n a h i n a
a w k i y k u h i n a
y a y a y k i k u n a n t i n
ñ a w p a y k u h i n a
p h u t i y p i
p a m p a y k u t a
p h a l l c h a y k i c h i k k u n a m a n
ñ a w p a n k u k u n a m a n
ñ a w p a n r a y k u
ñ a w p a y k i m a n t a
p i s i y n i n k u k u n a k a m a
p i s i y n i n k u n a n t i n
p a m p a y k u p u r a
p a m p a y k i k u n a
p ' u y ñ u y k i k u n a l l a
c h ' a p h c h a n c h i k
s a y a y
w a k c h a n k u n a m a n t a
u t u r u n k u y k u n a t a
a w k i k a m a
u t u r u n k u k a m a
p h u t i y n i y k i n k a
ñ a q c h ' a s a q
s a y a y n i y k u n k a
p ' u y ñ u n p u r a
p a m p a p a q
p ' u y ñ u p u r a
p ' u y ñ u y h i n a
ñ a w p a n k u k u n a m a n
p ' u y ñ u n k u n a n t i n
a w k i y k i h i n a
w a k c h a p i
p h a l l c h a y k u n a m a n
ñ a q c h ' a n a
p i s i y n i n k u k u n a t a
p h u t i y n i n k u k u n a m a n
p i s i y n i y k u m a n
p ' u y ñ u n k u n a n n a q
p h a l l c h a n k u n a m a n t a
u t u r u n k u n
y a y a y h i n a
p h u t i n k i c h i k
s a y a r q a n k i
y a y a n k u t a
p h u t i y n i y k u k u n a n t i n
p a m p a p i
a w k i y m a n
a w k i p a q
p ' u y ñ u n c h i k k u n a n n a q
ñ a w p a t a
m a y l l a k u r q a n i k u
ñ a w p a n h i n a
y a y a k u n a
q ' i p i y k i k u n a h i n a
