q ' i p i y k i t a
y a y a n k u l l a
y a r q a y n i y k u r a y k u
y a y a n c h i k k u n a
y a r q a y n i n k u r a y k u
ñ a w p a k u n a p u r a
p ' u y ñ u y k i k u n a l l a
a w k i y k i c h i k k u n a p
y a y a y k i p a q
y a y a l l a
p a m p a k u n a n t i n
w a k c h a y k i r a y k u
p h u t i y n i y k i c h i k k u n a p a q
p h u t i n k i c h i k
w a k c h a y k u n a r a y k u
y a r q a n a
p a m p a y k u k u n a n n a q
y a y a y k i r a y k u
w a k c h a y k u k u n a p
y a y a y m a n
w i ñ a n
w a k c h a y k a m a
p ' u y ñ u y p i
p a m p a y k i k u n a p a q
p a m p a y
u t u r u n k u n c h i k k u n a l l a
p h u t i y n i y p a q
w a k c h a y k i c h i k w a n
a w k i y k i c h i k k u n a l l a
w a k c h a y k u k u n a n t i n
p a m p a y k i k a m a
y a y a n k u k u n a m a n t a
u t u r u n k u y k u k u n a m a n
a w k i n k u n a h i n a
a w k i y p i
y a y a n c h i k k u n a m a n
y a r q a y n i y k i c h i k k u n a t a
y a y a y k u k u n a k a m a
s a y a y
w i ñ a r q a n i
s a y a y n i y k i h i n a
ñ a w p a l l a
p a m p a p a q
w a k c h a n c h i k k u n a
a w k i n k u k u n a n k a
p a m p a n p a q
u y a r i y k u
y a y a n k u k u n a p u r a
p h a l l c h a y k u n a m a n
p h u t i y n i y k u n a w a n
p i s i n k i
u y a r i y
u t u r u n k u n k u p a q
p h u t i n k i c h i k
l l u l m i r q a n i
ñ a w p a y k i n k a
a w k i n k u n a p a q
ñ a w p a n k u k u n a l l a
w a k c h a y k u n a
ñ a w p a n c h i k n i n k a
ñ a w p a n k u n a n k a
w i ñ a s p a
p a m p a y k i c h i k p a q
a w k i n k u r a y k u
a w k i y k i t a
y a r q a y n i n k a m a
s a y a y n i y k i c h i k k u n a p a q
p ' u y ñ u y k u p a q
y a r q a y n i n k u k u n a p u r a
y a y a y m a n t a
m a y l l a k u r q a n i
p a m p a y k u p u r a
a w k i y k i k u n a m a n t a
p a m p a n k u w a n
q ' i p i n t i n
s a y a y n i y k u n a m a n t a
ñ a w p a n k u k u n a p u r a
p ' u y ñ u n p u r a
s a y a y n i y k i c h i k r a y k u
w a k c h a y k i c h i k
s a y a y k u n a k a m a
w a k c h a y k i c h i k k u n a n k a
y a y a y k i k u n a p i
ñ a w p a y k i c h i k k u n a n n a q
p i s i y n i y k i c h i k k u n a m a n
u t u r u n k u y k u n a h i n a
s a y a y n i y k u k u n a m a n
y a r q a y n i y n i n n a q
s a y a y n i n k u n k a
w a k c h a n k u k u n a h i n a
w a k c h a y k i k u n a m a n
p ' u y ñ u y k i k u n a r a y k u
w a k c h a y k i c h i k
c h ' a p h c h a n c h i k
i s p a p a k u n k i c h i k
s a y a n k u
p a m p a y k i t a
y a r q a s q a n c h i k
s a y a y n i n k u n a l l a
q ' i p i n k a
ñ a w p a p u r a
a w k i n l l a
y a r q a y n i y k i m a n
m a y l l a k u r q a n i k u
y a y a n p a
w a k c h a y k i n n a q
p a m p a y k i w a n
p i s i y
ñ a w p a n k u p a q
s a y a y n i y k u k u n a
y a r q a y n i y k i k u n a p a q
y a y a y k i h i n a
q ' i p i y k i c h i k r a y k u
p h u t i y n i y k i k u n a k a m a
y a r q a y n i y k u p i
y a y a y k i c h i k k u n a p a q
p h a l l c h a y k u w a n
w a k c h a y p a q
y a y a y k i p i
y a y a y k i k u n a n t i n
y a y a y k u
a w k i y k u n a w a n
p i s i y k u n a h i n a
w a k c h a n c h i k k u n a w a n
u t u r u n k u k u n a h i n a
q ' i p i y k i c h i k k u n a n k a
p ' u y ñ u y k i k u n a t a
ñ a w p a y k u k u n a h i n a
y a r q a y k u
p ' u y ñ u n
ñ a w p a y k u k u n a p u r a
p i s i y n i n k u n t i n
p ' u y ñ u n c h i k h i n a
p ' u y ñ u n k u k u n a m a n t a
w a k c h a y p i
p h u t i y n i n c h i k n i n t i n
u t u r u n k u y k u k u n a p
p a m p a y k u n t i n
p a m p a k u n a h i n a
s a y a y n i y k u
p a m p a y k i k u n a n k a
ñ a w p a y k i c h i k k u n a l l a
u t u r u n k u y k i t a
p h u t i y n i y k i c h i k k u n a t a
u t u r u n k u n c h i k k u n a p a q
u t u r u n k u n h i n a
s a y a s q a n i
c h ' a c h u n k u
p i s i y n i n c h i k k u n a n t i n
p a m p a n k u n a m a n
p h u t i y n i y k i k u n a t a
a w k i n k u n a m a n t a
p ' u y ñ u n c h i k m a n t a
y a y a p a q
p i s i y h i n a
l l u l m i y
w a k c h a
p i s i y n i n t a
u t u r u n k u n k u k a m a
p ' u y ñ u n k u t a
a w k i y k i c h i k k a m a
y a y a n p a
w i ñ a n k i c h i k
a w k i y k i k u n a m a n
p h u t i y n i y k i c h i k l l a
p a m p a n c h i k k u n a m a n t a
s a y a r q a n k i
w a k c h a n c h i k k u n a n n a q
y a r q a y k u n a n t i n
p h u t i y n i n p i
u t u r u n k u y m a n
p i s i n i
ñ a w p a y
ñ a w p a y k i c h i k k u n a p u r a
w a k c h a n c h i k p u r a
p ' u y ñ u n c h i k k u n a p u r a
p a m p a y k u p u r a
c h ' a p h c h a n i
u p y a s q a n k u
w a k c h a y k i c h i k p a q
y a y a y k u k u n a p
y a y a n k u r a y k u
p h u t i y n i y k i n t i n
p a m p a k u n a n t i n
m a y l l a k u s q a n k i
p h u t i y k a m a
p ' u y ñ u y k i k u n a p a q
y a y a n k u n a
a w k i n p a
u t u r u n k u n c h i k k u n a p i
y a y a k u n a p
p h u t i y n i y k i r a y k u
a w k i y k a m a
p i s i s q a n i
a m a c h ' a c h u c h u n k u c h u
w a k c h a y k i k u n a m a n
c h ' a p h c h a y
u t u r u n k u y k i k u n a l l a
p ' u y ñ u y k u n a l l a
y a r q a y n i y k u n a m a n
s a y a y n i y k u n k a
y a y a y h i n a
y a y a n k u k a m a
p i s i y n i y k u k u n a n k a
p a m p a p a q
y a r q a n q a
ñ a w p a k u n a m a n
y a r q a y n i y k u k u n a p u r a
y a y a h i n a
a w k i y k u h i n a
a w k i y k u k u n a m a n t a
p ' u y ñ u y k u k u n a
q ' i p i y k i k u n a r a y k u
s a y a y n i y k a m a
a w k i k u n a m a n t a
y a y a y k i k u n a m a n
y a y a n k u n a m a n t a
u t u r u n k u y k u n a t a
p h a l l c h a n k u k u n a n t i n
p h a l l c h a y k u h i n a
p ' u y ñ u y k i c h i k k u n a h i n a
w a k c h a n c h i k k u n a p i
a w k i n k u n a n k a
p ' u y ñ u y k i c h i k k u n a m a n
y a y a y k u p a q
y a r q a s a q k u
p a m p a t a
a m a l l u l m i c h u n c h u
a w k i y n i n t i n
w a k c h a n k u k u n a t a
y a y a y k i c h i k k u n a t a
ñ a w p a y l l a
u t u r u n k u k u n a r a y k u
y a r q a y n i y k u n a k a m a
q ' i p i y k i k u n a h i n a
p a m p a y k i m a n
a w k i n p a
y a r q a y n i n c h i k k u n a m a n t a
u p y a s q a n k i
p i s i y n i y k u n a l l a
a w k i y k u n a p i
y a r q a y n i n k a
a w k i k u n a t a
ñ a w p a y k i c h i k
a w k i h i n a
a w k i n k u k a m a
p i s i y n i n c h i k w a n
ñ a w p a n n i n n a q
y a y a n c h i k k u n a m a n t a
p a m p a y k i k u n a p u r a
