ë s n i w a g w e : n i '
ë h n i ' h a s d ë h
w ë n ö d e : g a ' t a
ë ö d i n i n ö '
y ö d e : g a ' t a
ë o n ö t o w ä s
h i y a ' d a : h a '
s n y a h s a : '
e d w a ' e o d o : g o ’
d w a h d ë : d i h
e d w a y a k a '
ë o n ö h s ä : t
s n y a s h e : d a s
w a y a ' j e : n ë t
d ë o n ö d ë j o : ö s
d w a d i : w a h s y ö : n i h
o d i y a ' j e : n ë ' ö h
o n ö h d ö : n i h
ë j i s w a d i : w a h s y ö : n i '
s n y a d e w a t a '
g y a d ë n o w a ’ h ö h
w a y ë n ö h d ö : n y ö : '
w a n i y a d ö :
h o ' k n i ' e o d o : g o ’
ë d w a g e o ' j i : y a k
ë g y e h
o n j ä : d ö h
ë ö s g a t g w ë h
ë y ö a d a h s e d
h o d o i s h ë '
d w a y ë n t w a s
d i s w a d e ' h a : s d ö '
s e h n y a d a h t e : w a d
ë s w ë ’ n i g o : s y ö : ’
d e d w a : s n y e '
g a h s e d t a '
h ë n ö j ë n ö : w ö ' s e h
ë h s e ' h o t s i '
ë w ë n ö d o : t g a '
e s n y ë n i h ë : '
s e h n i : w a h s y ö : n i ‘
h o ' w a d j n i y ö d ë '
d ë y ë h s o w e : g
s n i y ö t a '
k n i j o ' y a : s
d ë s w ë n i s o h d a ' e : g
g n i y ö t a '
y a t g w e : n y ö s
w a ë n ë n o e : t a '
h o ' t g a d ë n ö : n y o : '
d e y ö w ë n y e h
d w a y a d ö : n y ö h
ë g a y a k a '
o ' s a h s a w ë '
w a ë n ö d a ö d ö : '
e s w a t a ' d ö : '
k n i i w a g w e : n y ö s
ë w ë n ö t g ë h j i s
h o ' g y a h d ë : d i '
h o ' g a h d ë : d i '
o y a ' j e : n ë ' ö h
o n ö d e h g a g d ö h
ë w ö t ä g ö : d ë '
w a s d a : h a ’
ë y ë n ö g ä : g o '
ë d w a y ë n t o '
e s w a h s a k
e d w a n i y ö d ë '
ë g y a ' j e : n ë t
d e s a ' s a ë y ë s
h o ' g y a : d ö '
s a g a h s y ö : n i '
ö g w a y e : h
e s n y a d a ö d i y o s
h o ' g e ' e o d o : g o ’
ë s w a y ë ' h i k
h o ' g ë n ö ' g e ä d
w o d i y ë ' h i k
ë s a h d ë : d i '
w ö ' ö k n y ö ' e : s h a '
ë w ë n ö h d ö : n y ö : '
w ö ' ö k n i n ö ' k w ë h
h o n o e : d ö h
w a y a t g w e : n i ’
s w a d a t e : w a t a '
h o d i y o : h
ë g a h a ' d a : n ö : '
ë d w a d o w ä : t a '
w ë n ë n i : h ë h
w o ' o y ë ' h i k
s n y ë n ö ' g e ä : d ö h
d ë s w a d ë j o : ö s
ë w ö h d ë : d i '
ë h n y a d o w ä : t a '
t s a d a t e : w a t a '
ö k n i g ö h ë h
h o ' g y a d ë n y e : d
y ö d i : w a h s y ö : n i h
ë y ö d e k ö : n i '
ë w ë n ö : s h e : d
o n ö d ë n o : d
w a d a : w i h
ë k n i n o e t
s w ë d a ' ö h
h o ' w ë n ö s d a ë ’
ë o n ö t o w ä s
ö k n y a d ö s w e ' d a n i h
d ë y ö g w a e : d
d ë y ö t a : g
ë y e y e : n ö : '
h o ' s n e g o : s ä h
e d w a j ë : '
h o d i y ë '
e s w a y a ' d a : ë '
h o t g a n y e : h
ë y e s w a ë h
ë y o n ö d e t g ä d ë h
h o ' w a t g a n y e : '
ë s e t a : ë '
h o t i s g a t g w ë h
h o ' g a d ë n o w a ’ h ö : ’
ë s w ö d a h t e : w a d
ë w ö g ö ' e : s h a '
h o ' d i d w a d ë n ö : n y o : '
ë y a j o ’ d a : d
ë g ë n ö h d ö : n y ö : '
d ë ö t a : g
ë j i s w a a h s y ö : n i '
w a d i g ë h
ë w ö d a ö d ö : '
h o ' s e g e o d ë : '
ë ö d i n i y ö d ë '
s e s w a ë s
s n i g e o ' j i : y a ' s
d ë n ö d ë n ö : n y o h
w a d e h g a : g
h o ' k n i y a ' j e : n ë t
d ë h n i : s n y e : '
o n ö k d a n i h
h o n ö t g a n y e : h
h o ' w ë n ö t ä h g ö : d ë '
ë s n y a d e : g a t
w a ' j e
g o ’ n y ö d a : t
h o ' t o n ö d ë : j o ö s
o d i h s ë h s e h
d w a d ë n y e : t a '
ë ö d i w a g w e : n i '
h o ' d i s n y a d ë n ö : n y o : '
h o ' s ë ’ n i g o : s y ö : ’
ë s a ' n i g ö : h ë h
h n i y ë n t w a s
ë y ö g w a y ë ' h i k
h o ' w a d i y a ' j e : n ë t
d w a t g ë h j i s t a '
d ë y a g o d ë : j o ö s
d e o d i e : t a ’
h o ' g e y ë ' h e t
ë w ö d o w ä : t a '
ë y ö t g a ë : y ö : ’
h o d i y ë '
s n y a d o w ä : s
h n i y a ' d a : h a '
h o ' g e g a n y a k
d e y a g o n y a h s ö s
h ë n ö t a i n e '
d ë g y a t a : g
s ë n o e : d ö h
y ö d a : w i h
s y e n ö : s
ë d w a d i y o '
ë s w a d a w ë '
e s n i n o w a : e ’
h o ' g ä n ë d a : g
h o ' s n i n i n ö '
ö g w a y ë '
ë h n y a d a ö d ö : '
n ë ö : j e : '
w o n ö h j ö k
d e y e : s n y e '
k n i g ë h
w a d i g w a : '
ë s w a g a y ë h
w a n i g w a : '
g y a d ë n y e : t a '
w a ' e k ö n i '
e s n y a d a w ë '
w a ë n ö d o : w i '
ë y o n ö h d ö : '
ë g a d a ö d i y o s
s e j i s d o t a '
ë d w a : s h e : d
s n y a t g ë ö s
h ë n ö s h e : d a s
ë d w a d e y ë : s
e d w a t g a ë : y ö : ’
t a d i : w a e s
ë y a h s y ö : n i '
ë s n y a d i y o '
w a ' ö ' e : s h a '
ë ’ n i g o : s y ö : ’
s a h s e h d a : n ö h
w a g w a : '
d w a ' e o d o : g w a s
s n i a : w i : '
s w a y ë '
g o t a : '
ë g y a t i s
ë g e t a : ë '
h o ' d i s w o n y a h s i '
w a d e y ë s t a '
h o ' s a j ä : d a k
w a ' e y ë n t o '
d e y a g o ' s a ë y ë s
h o ' g a t š o : w i '
e s n y a t i s
s i w a g w e : n y ö s
w ö ' ö g y a h j ö k
y ë n i : h ë h
h o ' s y o n y a h s i '
e s n i : y a k
h o ' g a y a d ö :
ö g w ë d e t g ä d e '
s a j ä : d ö h
w o ' o n ö d ö s w e ' d ë '
s a d ö s w e ' d a n i h
h o ' d i y ö g w a d ë j o ö s
ë d w ë n ö h d ö : n y ö : '
ë w ö d ë n o : d ë '
ë w ë n ö t s ë n
d ë w ë n ö w ë n y e : '
n e s n i y e : '
s w a n i y ö t a '
o ' s a h s y ö n i '
h a d i
ë s w ë n i h ë : '
h o ' g y ë n ö h d ö : n y ö : '
ö g w a d a ö d i y o s d ö h
d ë s w a d ë n ö : n y o : '
o ' s a d e h g a : g
h o ' w a t g ë h
y e
d ë y ö k n y a d ë : j o ö s
w a y a t g a ë : y ö : ’
h o ' w a s d a ë ’
ö g w a s h ä : s
o ' w ë n ö t g a n y e : '
ë y a g o ' n i g ö h ë h
ë h n i g a n y a k
h o ' g ë n o e : t a '
