w a ' e n o e t
h o t
h a d i
w a : d ë : g w a d
g n i y ö t a '
W a ë n ö h s o h
ë y ö a d a h s e d
w a a y e n ö : '
ë s w ë i : d a '
h o ' s n i n i n ö '
h o ' s n i h s a : g
d e n i s g a t g w ë s
n o ' w a j e : '
ë w ë n ö d o : t g a '
w a ' ö d w ë : d e d
ö g y a d ë n o : d
e s w a h g w a '
h o ' j ë : h d a : d
w o ' o g a y ë h
ë y ( ö ) t g a n y e : '
h o ' d i s n i : d a t
ë d w ë h s o w e : g
w a a n ö ' j o : d ë '
d e o d i ' s a ë y ë h
d e s n i s g a t g w ë s
ë s ë n i h ë : '
h o t i s g a t g w ë h
s a d a o d o : '
h o ' d i h n i : d a t
s h a h s y ö : n i '
ë h s a h s o h
a g y o ’ d e ’
d e y a g o ' s a ë y ë s
h o ' t s y a w ë n y e : '
s w ë n j o ' y a : s
h o ' j a g o a d ë : j o ö s
h o ' w a d j n i y ö d ë '
ë s n i j i s d o : d ë '
o ' g a h s a w ë '
s n ë ’ n i g o : s y ö ’
o ' j o d i ' s a ë y ë h
ë s n i i : w a e g
a g e i d a ' ö h
ë w a g a t o w ä s
w a ö ' e : s h a '
d ë w ö g a d ë j o : ö s
t s a d a t e : w a t a '
w a ' j e
e s n i j i s d o : d ë '
d e y a g w o n y a h s ö s
w o : g a y ë h
h o ' t ë n ë n i s o h d a : ' e : g
ë d i s n y a d e ' h a : s d ö : '
T a i : w a e s
ë s e g e o d ö : '
d ë : h d a : s
ë d i d w a d e ' h a : s d ö : '
o ' w ë n ö t a ' d ö : '
ë s a d o t g a '
ë d i h n y a d e ' h a : s d ö : '
ë y o n ö d e t g ä d ë h
ö k y n ë d e t g ä d e '
h o ' d i y ö g w a d ë j o ö s
d w a d i i : w a e s
h o ' s ë n i s o h d a ' e : g
ë h s n ö ' j o : d ë '
ë y e y e h
h ë n j o ' y a : s
h o ' g y a d ë n y e : d
ë w ö d i ' h a s d ë h
ë d w ö d i : w a e g
h o ' s y o n y a h s i '
h o ' t g a t
n e o d i y e : ë h
w a ' ö ' e : s h a '
o ' s a d e h g a : g
s n i j i s d o t a '
ë y a g o ' n i g ö h ë h
h o ' g y a d o i s h ë : '
d e y ö g y a d ë j o n i h
k n i i w a g w e : n y ö s
o ' w ë n ö h s a w ë '
ë o d i g a : y ë h
ë ö d i ' h a s d ë h
o ' s a h s a w ë '
d e y a g o d ë j o n i h
i : g y a ' s
h o ' g a s g a t g w ë h
ë s e t a : ë '
h o ' d i s n y a d ë n ö : n y o : '
ë j i s w a a h s y ö : n i '
w ë n ö t g ë h j i : s t a '
w a ' e y ë n t o '
s n i g e o ' j i : y a ' s
d ë y ö k n y a d ë : j o ö s
ë g e t a : ë '
ö g e g a y ë h
t a d i : w a e s
d ë o n ö d ë j o : ö s
h o ' s a j a ' d a : w i t
w ö ' ö k n y ö ' e : s h a '
h o ' w ë n ö j ë n ö : w ö ' s
d i s w a d e ' h a : s d ö '
d ë o n ö d ë j o : ö s
h o ' w a d ë n o w a ’ h ö : ’
s n i
o y ë '
o t a : '
o h s a : '
ë g y e h
d ë y e g
d ë g e g
s w a y ë '
k n o e ' s
w a h s a k
w a j ë : '
ë ö h s e d
w a h s o h
ë g e g ë '
o s h ä : s
k n i g ë h
ö g w a y ë '
d ë h n i g
g o t a : '
ë ö : t g ë h
ë w ö h s o h
s e s w a ë s
h o d i y ë '
w a n e g e ä '
k n i
y e y e n ö : s
d ë ö t a : g
h o d i y ë '
y a h s o : s
s n i t a : '
ë y o : d a '
w a d i g ë h
ö k n i y ë '
o g a : y ë s
w a d a : w i h
g o d i y o : h
ë n i y a d ö :
d ë n ö t a : g
d ë g a t a : g
ë n ö h s o h
w o n ö h j ö k
o d i y e : h
ë ö d e : g a t
ë y e s w a ë h
w a d a : w ë h
y e a : w i '
ë y a : t g ë h
w a g w a : '
d ë s e g
o d i y e : h
w o h s ä : t
ë g y a t i s
ë s w a t i s
ë ö : y a k
d ë w ö t a : g
e s w a t i s
s n o w a : e s
o d o i s h ë '
w a n i y a d ö :
s ë n i : h ë h
h o d i t a : '
ë k n i n o e t
y ö d e : g a ' t a
d w a g w a e '
y ö d a : w i h
e d w a j ë : '
e s w a y a d ö :
ë n ö s d a ë ’
w ö ' ö d a w ë '
d ë y ö t a : g
ë o h s ä : t
w o n ö k d ë '
ë ö d ë : g w a d
w a d e h g a : g
y ë n i : h ë h
w a : s h e : d
e d w a h s a k
e s w a h s a k
ë d w a h s o h
a g a h s a : '
ë g a y a k a '
s n y a s h ä : s
ë n i g w a : '
ë d w a h s a k
ë g a s d a ë ’
w a ' e : y a k
h o ' g a h s o h
ë k n i s w a ë h
s a d ë n o : d
w a y a : d ö '
ë s w a : y a k
h a t a i n e '
ë s n y a : d ö '
ë d w a n i n ö '
ë g a y e n ö : '
ë y a d o : w i '
ë h n i ä ' t ë '
o n j ä : d ö h
g o d ë n o : d
w a j e : s a d
w a ' e y a d ö :
ë g y a h s a k
ë g a : t g ë h
ë n i h s a : g
ë y o d i h s ë s
ë y o y ë ' h i k
h o d i y o : h
ë y o n ö h j ö k
e s w a : t s ë n
s w a j ä : d ö h
h o ' w a t i s
s ä n ë d a : s
s a h d ë : d i h
o n ö s h ä : s
ë s n o e t
h o h s ë h s e h
s a s d a : h a ’
ë g a g w a : '
w a ë n ö t i s
s n i g w a e '
w ë n ö y a : s
ö g w a y e : h
w a t g ë h
ë ö d i n i n ö '
h o d o i s h ë '
w a d i n i n ö h
ë y o n ö k d ë '
e s n y a t i s
ë h n y a t i s
g y a t g ë ö s
e d w a s w a ë h
w a y a h s o h
ö g a h s ä : t
ë n i y e n ö : '
ë d w a g w a : '
a g a h j ö ’ ö h
h a d i g w a e '
n e d w a y e : '
ë y ö : s h e : d
h o n ö d ë n o : d
s w a d ë n o : d
w a d i y e n ö : s
ë d w a d i y o '
ë s w a s w a ë h
ë n i n ö ' n o s
