ë s w a d e y ë : s
ë g a d ë n o : d ë '
w o ' o n ö t o w ä s
s w a d e y ë s t a '
ë s n i j i s d o : d ë '
ö k n ö ' k w ë h
ë y ö g y a h j ö k
h o ' d i h n i : d a t
ë y o n ö h j ö k
y a h s a ' k a '
d i s w a d e ' h a : s d ö '
w o ' o n ö d ö s w e ' d ë '
s a h s e d t a '
ë d w a t a ' d ö : '
e d w a y a k a '
h o n d i n ö k d a n i h
o d i y e : h
w a h s a k
o n ö s h ä : s
h o d i y ö : d i : h
e s w a d o i s h ë : '
h ë n ö j ë n ö : w ö ' s e h
w a ' j e
h a h s e h d a : n ö h
e s n y a d i y o '
e h n y a h s e d
ë y o y ë ' h i k
d ë y e g
s w a t o w ä s t a '
ë d i d w a d e ' h a : s d ö : '
w a d i y e n ö : s
ë s w a s w a ë h
ë s e g e o d ö : '
y ö d e : g a ' t a
s a w a d i : w a h s y ö : n i ‘
h o ' s n e g o : s ä h
h o n ö h d ö : n i h
e s w a i h s a : g
ë s w a : y a k
s ë n o e : d ö h
h n i ' e o d o : g w a s
d w a h d ë : d i h
d ë s w ë : h d a : d
s ë n i : h ë h
ë d w ë ’ n y ö d a : t
y e a : w i '
g a n e g e : h a '
h a ' h a : s d e '
h o ' w ë n ö t ä h g ö : d ë '
ë h n y a d ë ' n i k ö : '
s w a s g a n e : s
h ë n ö j a ' d a : w i t a '
h o ' g y ë n ö h d ö : n y ö : '
h o ' w a d i j i o d a g o '
h a d i
ö g w ë d e t g ä d e '
d e s w a d ë j o n i h
ë s n i y e h
ë g a y e h
n e y ö k n i y e : ë h
h o ' w a d i n o w a : e ’
d e g e h g w a '
w a ë n ö d ë ' n i k ö : '
ë k n i y a ' d a : ë '
ë j i d w a d a h t e : w a d
g a ä ' t ë h
ë ö d ë : g w a d
ë ö d i n i y ö d ë '
w a ' a g o h d ö : '
s a k n i h s y ö : n i '
s a t g a n y e : h
o ' s a d e h g a : g
e d w a d e h g a : g
h a d ë n i n ö h
h o ' s a j a ' d a : w i t
e h n y a d a w ë '
h o ' k n i n ö ' n o s
ë w ë n ö s g a n e : g
s a j ä : d ö h
ë g ë n ö h d ö : n y ö : '
h o ' g a y e n ö : '
e s n y a t o w ä s
s e d w a h s y ö : n i '
ë h n y a d a ö d i y o s
ë o y ë : d a t
w a y a d ë n i n ö '
ë ö d i ' e o d o : g o ’
o n ö h d ö : n i h
ë ö : y a k
h n y a d o t g a ' w a s
d ë s t a t
e d w a j ë : '
o s h ä : s
y ö d a : w i h
w a d a ö d ö : '
d e y ö w ë n y e h
d w a t g ë h j i s t a '
g n i y ö t a '
ë y a g o ' n i g ö h ë h
ö k n i g ö h ë h
h o n d i g a : y ë s
d ë g e g
h n i g e o ' j i : y a ' s
h o ' g a h s o h
w ë n ö d e : g a ' t a
s n y a t g ë ö s
d w a y a d ö : n y ö h
ë g a h a ' d a : n ö : '
ë d w a : s h e : d
e h n i y e n ö : '
s n i n ö ' n o s t a '
h o ' w ë n ë n o e : t a '
s w a d a t e : w a t a '
h o ' d i d w ë h s o w e : g
d w a d i : w a h s y ö : n i h
ë s w a d e w a d ë '
e d w a t g a ë : y ö : ’
h o ' s a d a ö d i y o s
h n y a d e y ë s t a '
h ë n j o ' y a : s
ë w ö a j o ’ d a : d
ë h n y a d o t g a '
ë n i n ö ' n o s
ë s n y a d a ö d ö : '
w a ë n ö d w ë : d e d
g o n o e : d ö h
ö k y n ë d e t g ä d e '
s a h d ö : n i h
w ë n ë n ö g ä g w a s
T a i : w a e s
h o ' g a j i o d a g o '
d ë y ö t a : g
ë n ö s d a ë ’
d e y a w ë n y e h
d ë g a : s n y e : '
h o ' d i s n i : d a t
h o ' s a d i y o '
w a : d ë : g w a d
g o t a : '
w ö ' ö : s h e : d
h o ' j e h g w a t
h n i w a g w e : n y ö s
ë s w ë j o ' y a : k a '
h o ' g y e n ö : '
d e o d i ' s a ë y ë s
d w a d w ë d e t a '
ë y ë ’ n i g o : s y ö : ’
w o d i y ë : d a t
w a y a d a ö d ö : '
d e o d i e : t a ’
ö g w a y e : h
w o ' o n d i n ö k d ë '
s w a d ë n o : d
ë s w a y ë ' h i k
k n i ' h a : s d e '
w a d i h a ' d a : n ö : '
ë y o d i y ë : d a t
ë d w a h s o h
ë w ö d ë : g w a d
h o ' g a t g ë h
ë n i y a ' j e : n ë t
ë s w ö d a h t e : w a d
e s w a d ë n o w a ’ h ö : ’
d ë o n ö d ë j o : ö s
w a ' e k ö n i '
h o ' g e g a n y a k
ë w ö d i ' h a s d ë h
ë y o n ö ' k w ë h
d ë y o n ö d ë j o : ö s
k n i y ë n t w a s
h n y a t š o : w i h
ë y a d ë n o : d ë '
g ä n ë d a : s
h o ' t ë n o n y a h s i '
w o n ö h j ö k
d ë y ö g y a d ë j o : ö s
d ë y o d ë j o : ö s
w o : g a y ë h
s n i j i s d o t a '
s w a d e k ö : n i : h
e s a g a y ë h
w a y a : t s ë n
s n o w a : e s
d ë n ö d ë n ö : n y o h
w ö ' ö d a ö d ö : '
ë s w a t g a n y e : '
d e s n y ë h s o w e : s
ë w ö d ë n o : d ë '
ë d w a t ä h g ö : d ë '
s n y a s h ä : s
h o ' w a t i s
ë d w ë h s o w e : g
ö k n i y ö : d i : h
g o t s ë h d ö h
ë h n i g a n y a k
s ä ' t ë h
ë s n y a d e : g a t
ë w ö d i g e o d ö : '
ë s n o e t
d ë d w a : s n y e : '
ë s n i i : w a e g
s a s i : w a h s y ö : n i ‘
d w ë n ö g ä g w a s
s a s a d a h t e : w a d
ë d w a d o w ä : t a '
h o n ö ' g e ä : d ö h
ë h n y ë n i h ë : '
s n y a d e w a t a '
h o ' w a d i j i s d o : d ë '
ë y e s w a ë h
h o ' w a d j n i y ö d ë '
ë s y a ' d a : ë '
ë s ë n i h ë : '
d e y a g w o n y a h s ö s
ë k n ö ' j o : d ë '
e d w a d ë n y e : d
e d w a n i y ö d ë '
ë y e y e h
ë g a y a k a '
h o ' g y a h d ë : d i '
h n i y ë n t w a s
ö g w a n ö k d a n i h
d ë s e g
h o ' g e y ë ' h e t
g a d e w a t a '
h o ' d w a d i h g w a t
ë y ö t g w e : n i ’
g o n ö ' j o : d
h a d i y e n ö : s
w a y e : n ö : '
h o ' w a d ë n o w a ’ h ö : ’
s a d ë n y e : t a '
e s w a n ö ' k w ë h
o ' w ë n ö h s a w ë '
s a d a o d o : '
w a d i ' e o d o : g o ’
w ë n ë n i : h ë h
h o ' w a d o : w i '
h ë n ö d ë n i n ö h
g o d i y o : h
h o ' k n i n o w a : e ’
h o ' s e ' h o t s i '
s n y a h s a : '
e h n y ë n ö ' g e ä d
ë s w a d ë ' n i k ö : '
s a h d ë : d i h
ë ö y a ' d a : ë '
n e o d i y e : ë h
w a d a : w ë h
ë k n i s w a ë h
