ā   s e k a h a ̉ t o w a t c h i k
k ẻ   w ẻ   k i s s i n a m u k u n e y i k w ā
w ẻ   t i p i s k a m u k u n o o k o p u n
k i s s i n a m u k u n o o k o p u n
ā   s a k e h u k e e t c h i k
k i s a s t ā m u k u n o o k o p u n
k ẻ   t i p i s k a m u k u n o o k o p u n
t i p i s k a m u k u n o o k o p u n
ā   i t ā y i m u k e e t c h i k
i t ā y i m a ̉ k o o k
p ā s e w a y ẻ
k ẻ   p i p o o n o o t o o k w ā
k ẻ   w ẻ   k i s s e c h e w u n o m u k u n o o k o p u n
n a ā n a p u n
s e k a h a ̉ t o w a y ẻ
s e k a h a ̉ t o w i m a ̉
p u s u s t a ̉ w i m a y ẻ
p u s u s t a ̉ w i m a ̉
k ẻ   n a t a ̉ t a n a n
s a k e h i m a ̉ t a n a n
n a t i k a ̉ k ā k
g a   k ẻ   n a ā n a n a p u n
g a   k ẻ   s e k a h a ̉ t a ̉
k i t t a   k ẻ   w ẻ   m e y o o s k u m e e y e w ā t o o k w ā
ā   k ẻ   w ẻ   k i s s e c h e w u n o m u k u n e y i k ā t o o k w ā
k e k e s k u m o p u n e e k
n a u m o p u n e e k
s a k e h i m a ̉
i s i t i s s a ̉ h u m o w i m a ̉ w a w
i s i t i s s a ̉ h u m ā n a n
k ẻ   s e k a h a ̉ t u m o p u n
g a   k e k e s k a ̉ t a w a w
ā   w ẻ   k i m e w ủ k e p u n
g a   n a u m o o w a ̉ p u n
k i t t a   m e y o o s k u m e e y i k ā t o o k w ā
s a k e h a ̉ t a w a w
ā   k ẻ   w ẻ   m i s p o o n o m u k u n e y i k ā t o o k w ā
g a   i s i t i s s a ̉ h u m a ̉ t a w a w
p ā s e w u m o o w a ̉ p u n
g a   i s i t i s s a ̉ h u m u m o p u n
g a   s e k a h a ̉ t u m o p u n e e k
s e k a h a ̉ t o w a ̉ t a n a n o w u k
s e k a h a ̉ t o w a ̉ t a n a n u k
k i t t a   k ẻ   w ẻ   m e y o o s k u m e e y i k ā t o o k w ā
ā   n a u m ủ k
ā   k ẻ   n a u m ủ k
p ā s e w a ̉
ā   s a k e h u m w a ̉ p u n
g a   n a a ̉ t a n a n
g a   n a ā n a n a p u n
s a k e h ā n a p u n
k ẻ   k e k e s k u m o o w a ̉ p u n
n a ā n a n o w
k ẻ   s a k e h u m o p u n e e k
g a   k ẻ   p ā s e w ā n a n
ā   k ẻ   s a k e h ủ k i k e p u n
ā   n a t a t
k e k e s k o w a ̉ k o o k
k e k e s k o w e ẻ k o o k
k e k e s k o w a ̉ k
s a k e h ā n a n o w
p ā s e w ā n a p u n
p ā s e w a ̉
k ẻ   s e k a h a ̉ t a ̉ t a w a w
s e k a h a ̉ t o w a ̉ k o o k
ā   i t ā y i m ủ k i k e p u n
g a   p ā s e w a n a n
s a k e h a ̉ t a n a n
i s i t i s s a ̉ h u m o w a ̉ k o o k
ā   t i p i s k a m u k ủ k w ā
p u s u s t a ̉ ā n a p u n
i t ā y i m u m o p u n
ā   k ẻ   n a ủ k w a ̉ p u n
k ẻ   n a u m o o w a ̉ p u n
k ẻ   n a u m o p u n e e k
g a   k ẻ   p ā s e w ā n a n a p u n
k i t t a   k ẻ   m i s p o o n o o k o p u n ā
k ẻ   p ā s e w u m o p u n e e k
ā   k i m e w ủ k w ā
ā   i t ā y i m ủ k i k
g a   k e k e s k a ̉ t a n a n o w
ā   k ẻ   p ā s e w u m w a ̉ p u n
ā   k ẻ   p ā s e w ủ k w a ̉ p u n
s e k a h a ̉ t ā n a n a p u n
k ẻ   k e k e s k u m o p u n
k ẻ   p ā s e w a ̉ t a n a n o w
g a   k ẻ   i t ā y i m u m o p u n
g a   k ẻ   n a ā n a w a p u n
ā   k ẻ   s e k a h a ̉ t ủ k i k e p u n
g a   k ẻ   s e k a h a ̉ t a ̉
k ẻ   n a a ̉ t a n a n
k ẻ   s e k a h a ̉ t o w a n a n o w u k
i s i t i s s a ̉ h u m o w a y ẻ
i s i t i s s a ̉ h u m o w i m a y ẻ
p u s u s t a ̉ ā n a n o w
k ẻ   p u s u s t a ̉ ā n a n
n a a ̉ t a w a w
k ẻ   p ā s e w a ̉ t y u k
p u s u s t a ̉ w a ̉ t a n a n o w u k
p u s u s t a ̉ w a ̉ t a n a n u k
g a   s a k e h ā n a n
k i t t a   w a p ủ k w ā
g a   p ā s e w ā n a w a p u n
ā   w ẻ   m i s p o ỏ k e p u n ā t o o k w ā
g a   k e k e s k ā n a p u n
g a   n a ā n a p u n
g a   k ẻ   p ā s e w a n a n o w
k i t t a   k ẻ   s a k e h ủ k w a ̉ p u n
g a   i t ā y i m a ̉ t a n a n
g a   i t ā y i m a ̉ t a n a n o w
k i t t a   k ẻ   n a ủ k w a w
k i t t a   k ẻ   n a ủ k i k
ā   k ẻ   i t ā y i m ủ p u n
k ẻ   p ā s e w a n a n
k i t t a   p u s u s t a ̉ u m w a ̉ p u n
k i t t a   p u s u s t a ̉ ủ k i k e p u n
ā   k ẻ   s a k e h u m ủ k
ā   k e k e s k ủ k i k
s e k a h a ̉ t ā n a p u n
s e k a h a ̉ t a ̉
ā   i s i t i s s a ̉ h u m ủ k w a ̉ p u n
k ẻ   i s i t i s s a ̉ h u m o w a n a n u k
i s i t i s s a ̉ h u m ā n a p u n
g a   k ẻ   k e k e s k a ̉
k i t t a   w ẻ   p i p o ỏ k w ā
k i t t a   w ẻ   p i p o o n o o k w ā
ā   k ẻ   i t ā y i m ủ k i k e p u n
g a   i t ā y i m u m o p u n e e k
k i t t a   k ẻ   s e k a h a ̉ t u m w a ̉ p u n
k i t t a   k ẻ   s e k a h a ̉ t ủ k w a ̉ p u n
ā   k ẻ   p u s u s t a ̉ u m ủ k
k ẻ   n a a ̉
k ẻ   s e k a h a ̉ t o w a ̉ t a w a w
p u s u s t a ̉ a ̉
k ẻ   i t ā y i m u m o p u n
g a   k ẻ   s e k a h a ̉ t o w a ̉ t a n a n u k
k ẻ   i s i t i s s a ̉ h u m a ̉ t a n a n o w
k ẻ   i s i t i s s a ̉ h u m ā n a n a p u n
k i t t a   k ẻ   p ā s e w ủ k e p u n
k ẻ   w ẻ   k i s s i n a m u k ủ k w ā
k ẻ   p u s u s t a ̉ t a ̉ t y u k
k i t t a   w ẻ   w a p ủ k w ā
ā   k ẻ   w ẻ   k i s s i n a m u k ủ k
k i t t a   k ẻ   k e k e s k u m w a ̉ p u n
m i s p o o n o o t o o k w ā
k ẻ   w a p u n o o k w ā
k ẻ   k e k e s k ā n a p u n
g a   k ẻ   k e k e s k ā n a p u n
k i t t a   k i s s i n a m u k ủ k e p u n
g a   k ẻ   n a ā n a p u n
g a   p ā s e w a ̉ t a n a n
g a   p ā s e w a ̉ t a n a n o w
k i t t a   w ẻ   p i p o o n o o t o o k w ā
k ẻ   i t ā y i m a ̉ t a n a n o w
k i t t a   w ẻ   k i s s i n a m u k ỏ k
k i t t a   k ẻ   w ẻ   w a p u n o o k w ā
g a   s e k a h a ̉ t ā n a n
i s i t i s s a ̉ h u m a ̉ t a n a n
i s i t i s s a ̉ h u m a ̉ t a n a n o w
k ẻ   p u s u s t a ̉ a ̉ t a n a n o w
ā   p u s u s t a ̉ u m ủ k e p u n
g a   k e k e s k o w a ̉ t a n a n o w
ā   t i p i s k a m u k ủ k e p u n ā t o o k w ā
k ẻ   k e k e s k ā n a w a p u n
ā   w ẻ   k i s s i n a m u k u n o o k w ā
g a   k ẻ   s e k a h a ̉ t a ̉ t a w a w
k i t t a   n a u m ủ k e p u n
g a   s e k a h a ̉ t o w a ̉ t a n a n o w u k
ā   w ẻ   t i p i s k a m u k ủ k e p u n ā t o o k w ā
k i t t a   k e s i k a m u k u n o o k o p u n
g a   k ẻ   p u s u s t a ̉ ā n a p u n
ā   k ẻ   i s i t i s s a ̉ h u m ủ k i k
g a   k ẻ   n a t a ̉ t a n a n o w u k
k i t t a   w ẻ   t i p i s k a m u k ủ k w ā
ā   k ẻ   k e k e s k u m ủ k e p u n
ā   k ẻ   p ā s e w u m ủ k e p u n
g a   n a t a ̉ t a n a n
k i t t a   w ẻ   k i s s i n a m u k ủ k w ā
k ẻ   t i p i s k a m u k u n o o k w ā
k ẻ   w ẻ   k e s i k a m u k ủ k w ā
g a   k ẻ   i t ā y i m a n a n
ā   w ẻ   k i s s i n a k e p u n ā t o o k w ā
k ẻ   i s i t i s s a ̉ h u m a ̉
k i t t a   k e s i k a m u k u n e y i k e p u n
g a   s e k a h a ̉ t o w a ̉ t a n a n o w
g a   k ẻ   i s i t i s s a ̉ h u m ā n a p u n
k ẻ   s e k a h a ̉ t ā n a p u n
ā   w ẻ   m i s p o o n o o k w ā
k ẻ   k e s i k a m u k ủ k e p u n ā
g a   k e k e s k o w a n a n
k i t t a   k ẻ   w ẻ   m i s p o o n o o k w ā
g a   k ẻ   i s i t i s s a ̉ h u m o w a n a n u k
ā   n a ủ k w a w
k i t t a   k ẻ   t i p i s k a m u k ỏ k
k i t t a   k ẻ   t i p i s k a m u k ủ k
g a   k ẻ   s e k a h a ̉ t a ̉ t a n a n
g a   k ẻ   s e k a h a ̉ t a ̉ t a n a n o w
k i t t a   k ẻ   w ẻ   m i k e s k ā t o o k w ā
k i t t a   k ẻ   k i s s i n a m u k ủ k e p u n
g a   k ẻ   i t ā y i m a n a n o w u k
k i t t a   k ẻ   k i s s i n a m u k ủ k e p u n
k ẻ   i s i t i s s a ̉ h u m o w a ̉ t a w a w u k
ā   p ā s e w u m ủ k e p u n
k ẻ   s e k a h a ̉ t ā n a p u n
k i t t a   k ẻ   s a k e h ủ k w a w
e y   w ẻ   k e s i k a m u k ủ k e p u n ā
k i t t a   i s i t i s s a ̉ h u m u m ủ k e p u n
k i t t a   k ẻ   k i s s i n a m u k u n o o k w ā
k ẻ   s e k a h a ̉ t a ̉ t a w a w
ā   t i p i s k a m u k ủ k
k ẻ   s a k e h a ̉
k i t t a   w ẻ   k e s i k a m u k ủ k w ā
ā   k i s s i n a k e p u n
n a t a y ẻ
n a t i m a ̉ w a w
k i t t a   k ẻ   k i s a s t ā m u k u n o o k o p u n
g a   k ẻ   p u s u s t a ̉ u m o p u n e e k
g a   s a k e h a ̉ t a n a n o w u k
k ẻ   w ẻ   k i s a s t ā m u k u n o o k o p u n ā
k i t t a   k ẻ   w ẻ   k i s s i n a m u k ủ k w ā
i t ā y i m ā n a n o w
k ẻ   i s i t i s s a ̉ h u m o w a n a n o w
k ẻ   p u s u s t a ̉ ā n a p u n
k i t t a   k i s s i n a m u k u n o o k o p u n ā
k i t t a   k ẻ   i t ā y i m ủ p u n
k ẻ   k e s i k a m u k u n o o k w ā
k i t t a   k i s s i n a m u k ủ k e p u n
k i t t a   p i p o o n e y i k e p u n
k ẻ   m i s p o o n o m u k u n o o k o p u n ā
ā   w ẻ   m i s p o o n o m u k ủ k e p u n ā
g a   k ẻ   i s i t i s s a ̉ h u m ā n a p u n
k i t t a   k ẻ   w ẻ   k i s s i n a m u k u n o o k o p u n
k i t t a   k ẻ   w ẻ   p i p o o n o o t o o k w ā
k i t t a   w ẻ   m i s p o o n e y e k o p u n
ā   p ā s e w ủ k w a w
k i t t a   k ẻ   p u s u s t a ̉ u m ủ k e p u n
k i t t a   w ẻ   k i s s i n a m u k ủ k e p u n ā
k i t t a   w ẻ   m i k e s k a k e p u n
g a   k ẻ   i s i t i s s a ̉ h u m o w a ̉ t a n a n o w u k
k i t t a   w ẻ   k i s s i n a m u k ủ k e p u n
p u s u s t a ̉ w i m a y ẻ
g a   p u s u s t a ̉ a ̉ t a n a n
g a   i t ā y i m a ̉ t a n a n o w
k ẻ   i t ā y i m a ̉ t a w a w
k e k e s k a ̉
k i t t a   k ẻ   w ẻ   t i p i s k a m u k u n o o k o p u n ā
k i t t a   w ẻ   t i p i s k a m u k ủ k
ā   k ẻ   p u s u s t a ̉ ủ k w a w
g a   p ā s e w a ̉ t a n a n o w u k
ā   w ẻ   k i s s i n a m u k ủ k e p u n ā
