k i s s e c h e w u n o m u k u n e y e e t o o k w ā
k e k e s k u m o p u n e e k
s e k a h a ̉ t o w i m a ̉
p u s u s t a ̉ w i m a ̉
s a k e h ā n a p u n
m i s p o o n o o t o o k w ā
i t ā y i m u m o p u n
s e k a h a ̉ t ā n a p u n
i s i t i s s a ̉ h u m o w a ̉ t a n a n o w
s e k a h a ̉ t ā n a n a p u n
p ā s e w a y ẻ
s a k e h a ̉ k ủ k w a w i k
k i m e w u n e y e e t o o k w ā
t i p i s k a m u k u n e y e e t o o k w ā
p i p o o n o o k o p u n
i t ā y i m a n a n o w u k
s e k a h a ̉ t ủ t a n
k e k e s k o w i m a w a
s e k a h a ̉ t o w i m a w a
i t ā y i m a n a n
p ā s e w i m a w a
s a k e h i m a ̉ t a n a n
i s i t i s s a ̉ h u m o w i m a w a
t i p i s k a m u k u n o t o o k w ā
p ā s e w i m a w a
i s i t i s s a ̉ h u m o w i m ā o
k i s s i n a m u k u n e y e k o p u n
m i s p o o n o o k o p u n
m e y o o s k u m e e k o p u n
i s i t i s s a ̉ h u m o w a w a w
i s i t i s s a ̉ h u m o w i m ā w u k
k e k e s k o w a t a n
i s i t i s s a ̉ h u m o w i m a ̉
i s i t i s s a ̉ h u m o w a w u k
i s i t i s s a ̉ h u m o w i m a ̉
i s i t i s s a ̉ h u m o w a w u k
i s i t i s s a ̉ h u m o w a ̉ k ủ k
k e k e s k o w a w a w u k
s a k e h i m a w a w a
p ā s e w a t a n
i s i t i s s a ̉ h u m u m w u k
m i k e s k a k o p u n
s e k a h a ̉ t o w i m a w a w a
i s i t i s s a ̉ h u m u m w u k
p u s u s t a ̉ w a ̉ k ủ k
n ỏ t ā p u y e y e k o p u n
k e s i k a m u k u n e y e p u n
k i s s e c h e w u n o m u k u n
p ā s e w i m a n a n o w a
i s i t i s s a ̉ h u m o w a w
n a t i k a ̉ k ā k
k i s a s t ā m u k u n o p u n
s e k a h a ̉ t o w a w u k
s e k a h a ̉ t o w a w u k
k e k e s k o w a t a k
p ā s e w i m a ̉ w a w
i t ā y i m i k
w a p u n e y e k o p u n
k e k e s k o w a w u k
s e k a h a ̉ t o w a ̉ t y
k i s s i n a y e k o p u n
i t ā y i m ā n a w a w
p u s u s t a ̉ w ā o
k i s s i n a m u k u n
i t ā y i m a ̉
p u s u s t a ̉ w ā w u k
p u s u s t a ̉ w ā w u k
k e k e s k o w ā w u k
n ỏ t ā p u y e y e p u n
i t ā y i m a t a k
n a t i m a w a
n ỏ t ā p u y e y e w
s a k e h a ̉ t a w a w
s e k a h a ̉ t o w a w
m i k e s k a y e p u n
s a k e h a ̉ t a w a w
n a t a w a w u k
n ỏ t ā p u y e p u n
k e k e s k o w a ̉ t y
k e k e s k o w i k
p i p o o n e y e p u n
p ā s e w i k
k e k e s k u m w u k
p u s u s t a ̉ u m
i t ā y i m u m w u k
k i s s i n a y e w
p ā s e w a ̉
s a k e h
n a u m o o k
p u s u s t a ̉ w
k e k e s k o w ā o
p u s u s t a ̉ ā n
i t ā y i m a w u k
p ā s e w a w u k
n a t a t a k
p i p o o n e y e w
p ā s e w u m
p ā s e w u m w u k
s e k a h a ̉ t o w
k e k e s k u m
p ā s e w ā w u k
s a k e h ā w u k
s a k e h a ̉ t y
p ā s e w u m
n a t i m ā w u k
s a k e h a w
p ā s e w a w
p ā s e w a w
n a t
w a p u n
n a ā n
n a t ā o
n a u m
k i t t a   i s i t i s s a ̉ h u m u m ủ k e p u n
g a   k e k e s k a ̉ t a w a w
g a   p ā s e w a n a n
g a   i t ā y i m a ̉ t a n a n
g a   i t ā y i m a ̉ t a n a n o w
k i t t a   k e s i k a m u k u n e y i k e p u n
k i t t a   k i s s i n a m u k ủ k e p u n
k i t t a   k ẻ   k i s s i n a m u k ủ k e p u n
i s i t i s s a ̉ h u m o w i m a y ẻ
i s i t i s s a ̉ h u m o w a y ẻ
k i t t a   w ẻ   k i s s i n a m u k ủ k w ā
g a   p ā s e w ā n a w a p u n
k i t t a   k ẻ   w ẻ   t i p i s k a m u k u n o o k o p u n ā
g a   k ẻ   i s i t i s s a ̉ h u m o w a ̉ t a n a n o w u k
e y   w ẻ   k e s i k a m u k ủ k e p u n ā
ā   w ẻ   t i p i s k a m u k ủ k e p u n ā t o o k w ā
k ẻ   i s i t i s s a ̉ h u m o w a ̉ t a w a w u k
g a   k ẻ   p ā s e w ā n a n a p u n
k i t t a   k ẻ   s a k e h ủ k w a ̉ p u n
ā   w ẻ   m i s p o o n o m u k ủ k e p u n ā
k i t t a   k ẻ   k i s a s t ā m u k u n o o k o p u n
k i t t a   k ẻ   w ẻ   m i k e s k ā t o o k w ā
k i t t a   k ẻ   w ẻ   k i s s i n a m u k u n o o k o p u n
k i t t a   w ẻ   p i p o o n o o k w ā
k i t t a   w ẻ   p i p o ỏ k w ā
g a   s e k a h a ̉ t u m o p u n e e k
ā   k ẻ   i s i t i s s a ̉ h u m ủ k i k
k ẻ   w ẻ   k i s a s t ā m u k u n o o k o p u n ā
k i t t a   k ẻ   p ā s e w ủ k e p u n
k i t t a   k i s s e c h e w u n o m u k ủ k e p u n ā
k i t t a   w ẻ   k i s s i n a m u k ủ k e p u n ā
ā   k ẻ   n a u m ủ k
k ẻ   m i s p o o n o m u k u n o o k o p u n ā
s e k a h a ̉ t o w a ̉ t a n a n u k
s e k a h a ̉ t o w a ̉ t a n a n o w u k
k i t t a   k ẻ   w ẻ   w a p u n o o k w ā
k i t t a   k ẻ   w ẻ   m e y o o s k u m e e y e w ā t o o k w ā
k ẻ   k e s i k a m u k ủ k e p u n ā
k i t t a   k ẻ   s e k a h a ̉ t ủ k w a ̉ p u n
k i t t a   k ẻ   s e k a h a ̉ t u m w a ̉ p u n
k i t t a   w ẻ   k i s s i n a m u k ỏ k
g a   k e k e s k o w a ̉ t a n a n o w
k i t t a   k i s s i n a m u k u n o o k o p u n ā
k i t t a   k ẻ   w ẻ   k i s s i n a m u k ủ k w ā
ā   i t ā y i m ủ k i k e p u n
k ẻ   p u s u s t a ̉ ā n a n
p u s u s t a ̉ ā n a n o w
ā   k ẻ   s a k e h ủ k i k e p u n
p u s u s t a ̉ ā n a p u n
k i t t a   k ẻ   k i s s i n a m u k ủ k e p u n
k i t t a   k ẻ   k i s s i n a m u k u n o o k w ā
k i t t a   w a p ủ k w ā
ā   k ẻ   k e k e s k u m ủ k e p u n
ā   k ẻ   w ẻ   k i s s i n a m u k ủ k
ā   k ẻ   p ā s e w u m w a ̉ p u n
ā   k ẻ   p ā s e w ủ k w a ̉ p u n
ā   w ẻ   k i s s i n a m u k u n o o k w ā
ā   p u s u s t a ̉ u m ủ k e p u n
k i t t a   k ẻ   p u s u s t a ̉ u m ủ k e p u n
g a   k ẻ   p u s u s t a ̉ u m o p u n e e k
ā   k ẻ   s e k a h a ̉ t ủ k i k e p u n
g a   k ẻ   n a ā n a w a p u n
g a   k ẻ   p ā s e w a n a n o w
k ẻ   k e k e s k u m o p u n
ā   k ẻ   p u s u s t a ̉ u m ủ k
g a   k ẻ   i s i t i s s a ̉ h u m ā n a p u n
g a   s e k a h a ̉ t o w a ̉ t a n a n o w
k i t t a   k ẻ   w ẻ   m i s p o o n o m u k u n o o k o p u n ā
k ẻ   w ẻ   k e s i k a m u k ủ k w ā
k ẻ   w ẻ   m i s p o o n o m u k ủ k e p u n ā
ā   k i m e w ủ k w ā
k i t t a   p u s u s t a ̉ u m w a ̉ p u n
k i t t a   p u s u s t a ̉ ủ k i k e p u n
ā   k ẻ   i t ā y i m ủ p u n
ā   w ẻ   k i s s i n a k e p u n ā t o o k w ā
k i t t a   w ẻ   k i s s i n a m u k ủ k e p u n
k i t t a   k ẻ   k e k e s k u m w a ̉ p u n
ā   i t ā y i m ủ k i k
k i t t a   w ẻ   w a p ủ k w ā
ā   s a k e h u m w a ̉ p u n
k ẻ   w ẻ   k i s s i n a m u k u n e y i k w ā
k i t t a   w ẻ   m i s p o o n e y e k o p u n
ā   k ẻ   p ā s e w u m ủ k e p u n
s e k a h a ̉ t o w a y ẻ
g a   n a u m o o w a ̉ p u n
i s i t i s s a ̉ h u m o w i m a ̉ w a w
k i t t a   k ẻ   t i p i s k a m u k ỏ k
k i t t a   k ẻ   t i p i s k a m u k ủ k
k i t t a   w ẻ   k i s a s t ā m u k ủ k e p u n ā
k i t t a   k i s s i n a m u k ủ k e p u n
k i t t a   m i s p o o n o m u k u n e y e k o p u n
k ẻ   t i p i s k a m u k u n o o k w ā
g a   k e k e s k a ̉ t a n a n o w
p ā s e w a ̉
ā   i s i t i s s a ̉ h u m ủ k w a ̉ p u n
ā   w ẻ   k i s s i n a m u k ủ k e p u n ā
g a   k ẻ   k e k e s k a ̉
s a k e h a ̉ t a n a n
k ẻ   p ā s e w a ̉ t y u k
w ā   w ẻ   k i s s e c h e w u n o m u k ủ k e p u n ā
k i t t a   k ẻ   n a ủ k i k
k i t t a   k ẻ   n a ủ k w a w
k ẻ   k e k e s k ā n a w a p u n
p u s u s t a ̉ w i m a y ẻ
k ẻ   s a k e h u m o p u n e e k
p ā s e w u m o o w a ̉ p u n
ā   k ẻ   n a ủ k w a ̉ p u n
k i t t a   k ẻ   k i s a s t ā m u k u n o o k o p u n ā
k i t t a   k ẻ   k i s a s t ā m u k ủ k e p u n ā
k i t t a   p i p o o n e y i k e p u n
ā   k ẻ   s a k e h u m ủ k
k i t t a   w ẻ   k i s s e c h e w u n o m u k u n e y e k o p u n
ā   s e k a h a ̉ t o w a t c h i k
k i t t a   k ẻ   k i s a s t ā m u k ủ k w ā
g a   i s i t i s s a ̉ h u m o w a n a n u k
k i t t a   k ẻ   w ẻ   m i s p o o n o o k w ā
k ẻ   i s i t i s s a ̉ h u m o w a ̉ t a n a n
g a   p ā s e w a ̉ t a n a n
g a   p ā s e w a ̉ t a n a n o w
k i t t a   k ẻ   t i p i s k a m u k u n e y e k o p u n
i s i t i s s a ̉ h u m o w a ̉ k o o k
g a   k ẻ   i s i t i s s a ̉ h u m ā n a p u n
g a   k ẻ   i t ā y i m a n a n o w u k
k i t t a   k i s s i n a m u k u n e y i k e p u n
k i t t a   k i s s i n a m u k u n e y e k o p u n
g a   k ẻ   i s i t i s s a ̉ h u m o w a n a n u k
g a   k ẻ   i s i t i s s a ̉ h u m o w a n a n o w u k
k ẻ   i s i t i s s a ̉ h u m ā n a n a p u n
k ẻ   i s i t i s s a ̉ h u m a ̉ t a n a n o w
k ẻ   k e k e s k u m o o w a ̉ p u n
k ẻ   p ā s e w a n a n
k ẻ   m i s p o o n o m u k u n o o k w ā
k i s s i n a m u k u n o o k o p u n
k i t t a   n a u m ủ k e p u n
g a   k ẻ   p u s u s t a ̉ ā n a p u n
s a k e h a ̉ t a w a w
k i t t a   k ẻ   i t ā y i m ủ p u n
