k i t t a   k ẻ   w ẻ   m i k e s k a t o o k w ā
s e k a h a ̉ t o w a ̉ k o o k
g a   k ẻ   p ā s e w a ̉ t y u k
ā   k ẻ   w ẻ   k e s i k a m u k u n e y i k
ā   i t ā y i m u m ā k e p u n
k i t t a   w ẻ   t i p i s k a m u k ủ k
ā   s e k a h a ̉ t u m a n
ā   w ẻ   m i s p o ỏ k e p u n ā t o o k w ā
k i t t a   k ẻ   i s i t i s s a ̉ h u m ủ k
g a   i t ā y i m ā n a p u n
k ẻ   n a a ̉
k i t t a   k ẻ   w ẻ   m i s p o o n o m u k u n o t o o k w ā
i s i t i s s a ̉ h u m o w a w
k i t t a   k e s i k a m u k u n e y i k w ā
k i t t a   k ẻ   w ẻ   n ỏ t ā p u y e y e k o p u n
k e k e s k o w a w a w u k
k i t t a   k ẻ   t i p i s k a m u k u n
s e k a h a ̉ t o w a ̉ t a n a n u k
ā   k ẻ   w ẻ   k i s s i n a m u k u n e y i k
k i t t a   w ẻ   k i m e w u n e y e k o p u n
g a   k ẻ   i s i t i s s a ̉ h u m u m o o w a ̉ p u n
k i t t a   w ẻ   k i s s e c h e w u n o m u k u n e y e k o p u n
ā   w ẻ   n ỏ t ā p u y i k ā t o o k w ā
ā   k ẻ   w ẻ   k i s s i n a k
g a   k ẻ   s a k e h a n a n o w u k
ā   n a u m ā k e p u n
k ẻ   p u s u s t a ̉ a ̉ t a w a w
k ẻ   i t ā y i m a w a w
k ẻ   s a k e h a ̉
ā   w ẻ   m i s p o o n o o k w ā
ā   n a ủ m ā k
ā   p ā s e w ā k
k i t t a   k e k e s k u m a p a n
ā   k ẻ   s a k e h u m ủ k
k i t t a   k i s a s t ā m u k u n e y i k e p u n
k i t t a   w ẻ   k i m e w u n o o k o p u n ā
w ẻ   m i s p o o n e y e k o p u n
ā   k ẻ   n a ủ k w a ̉ p u n
k i t t a   w ẻ   k e s i k a m u k ủ k w ā
k e k e s k o w a ̉ t a n a n
k i t t a   k ẻ   w ẻ   p i p o o n e y e w
w ẻ   w a p u n o o k o p u n
g a   k ẻ   p u s u s t a ̉ t a ̉ t y
k i t t a   s a k e h ā w u k
ā   k ẻ   n a u m ủ k
n a ā n a p u n
k e k e s k o w a ̉ k ủ k w a n i k
k i t t a   k e s i k a m u k u n
k i s s i n a y e w
k i t t a   n ỏ t ā p u y e y i k e p u n
k i t t a   w ẻ   k i s s i n a y i k ā t o o k w ā
g a   i t ā y i m u m o p u n e e k
g a   k ẻ   i t ā y i m ā w u k
g a   p ā s e w a ̉ t y u k
n a t a y ẻ
k ẻ   i t ā y i m ā w u k
k i t t a   k i s s i n a y e w ā t o o k w ā
p ā s e w ā n a p u n
ā   k ẻ   w ẻ   m i s p o o n o m u k ủ k e p u n
k i t t a   n ỏ t ā p u y e y e k o p u n
k i t t a   w ẻ   m i k e s k a y e p u n
k ẻ   k i s s i n a p u n
ā   k ẻ   p i p o ỏ k ā t o o k w ā
s e k a h a ̉ t ā n a p u n
g a   k ẻ   p ā s e w a w
k ẻ   w ẻ   k i s a s t ā m u k u n e y e w
ā   k e k e s k o w ā k
k i s a s t ā m u k u n o p u n
k i t t a   k ẻ   w ẻ   k i s s i n a y i k w ā
k i t t a   k ẻ   k e s i k a m u k u n e y e w ā t o o k w ā
k i t t a   k ẻ   w ẻ   m i s p o o n o m u k u n o t o o k w ā
k ẻ   i s i t i s s a ̉ h u m a ̉
k i t t a   p u s u s t a ̉ w ā o
k i t t a   k ẻ   p u s u s t a ̉ u m ủ k e p u n
ā   k ẻ   w ẻ   n ỏ t ā p u y i k
g a   k ẻ   i s i t i s s a ̉ h u m o w a w u k
g a   p u s u s t a ̉ w ā w u k
k i t t a   m i k e s k a y i k e p u n ā
g a   i s i t i s s a ̉ h u m o w a ̉ t y u k
k ẻ   n a u m o o w a ̉ p u n
k ẻ   p ā s e w a ̉ t a n a n o w
ā   k ẻ   w ẻ   m i s p o o n o m u k ủ k e p u n
w ẻ   k e s i k a m u k u n o t o o k w ā
ā   k ẻ   s e k a h a ̉ t ủ k i k e p u n
k i t t a   k ẻ   w ẻ   k i s s e c h e w u n o m u k u n o p u n
k e k e s k o w a ̉ k ā k o o k
k ẻ   i s i t i s s a ̉ h u m a ̉ t a w a w
k i t t a   k ẻ   w ẻ   w a p ủ k ā t o o k w ā
k i t t a   k ẻ   w ẻ   m e y o o s k u m e e k e p u n ā
k i t t a   n ỏ t ā p u y e y e w ā t o o k w ā
k i t t a   w ẻ   n ỏ t ā p u y i k
i s i t i s s a ̉ h u m o w a w a w
g a   k ẻ   p u s u s t a ̉ w a w
k i t t a   k ẻ   p ā s e w u m a n
k i t t a   k i m e w u n
k i t t a   k i s a s t ā m u k u n e y e p u n
ā   n a t a t c h i k
k i t t a   k ẻ   k i s s e c h e w u n o m u k ủ k ā t o o k w ā
k i t t a   t i p i s k a m u k u n
k i t t a   k ẻ   k i s s i n a m u k u n e y e w ā t o o k w ā
k ẻ   s e k a h a ̉ t ā n a p u n
k i t t a   n ỏ t ā p u y e w
k i t t a   k ẻ   w ẻ   k i s s i n a k ā t o o k w ā
ā   p ā s e w u k
k i t t a   k e s i k a m u k u n e y e w ā t o o k w ā
k i t t a   k ẻ   w ẻ   m e y o o s k u m e e y i k ā t o o k w ā
w ẻ   t i p i s k a m u k u n e y e e t o o k w ā
k ẻ   m i s p o o n o m u k u n o o k o p u n ā
k i t t a   k ẻ   w ẻ   m i s p o o n o m u k u n o o k o p u n ā
ā   w ẻ   m i k e s k a k ā t o o k w ā
k i t t a   s e k a h a ̉ t o w ā o
k i s s i n a m u k u n
n a u m o p u n e e k
ā   k i s s i n a k w ā
k e s i k a m u k u n e y e p u n
k ẻ   p u s u s t a ̉ u m w u k
k i t t a   k ẻ   m i k e s k a k w ā
k i t t a   k i s s e c h e w u n o m u k u n o p u n
k ẻ   w ẻ   w a p u n
g a   n a ā n a n a p u n
g a   k ẻ   s a k e h a ̉
i s i t i s s a ̉ h u m o w a w u k
p ā s e w u m o o w a ̉ p u n
m e y o o s k u m e e k o p u n
k i t t a   n ỏ t ā p u y e y i k e p u n
i s i t i s s a ̉ h u m u m w u k
g a   p u s u s t a ̉ ā n a w a w
g a   k ẻ   i s i t i s s a ̉ h u m a ̉ t a w a w
k i t t a   w a p u n e y e w
k i t t a   w ẻ   k e s i k a m u k u n e y e k o p u n
i s i t i s s a ̉ h u m o w i m a ̉
ā   w ẻ   t i p i s k a m u k ủ k e p u n ā t o o k w ā
k i t t a   k ẻ   i s i t i s s a ̉ h u m o w ủ k
k ẻ   k i s s i n a m u k u n e y e p u n
k i t t a   w a p u n o o k o p u n ā
g a   k ẻ   n a t a ̉ t y
ā   k ẻ   w ẻ   k i s s i n a m u k ủ k
k i t t a   w a p u n o t o o k w ā
ā   w a p u n e y i k
k i t t a   k ẻ   k i m e w u n o o k o p u n ā
ā   t i p i s k a m u k u n e y i k w ā
ā   k i s s i n a k ā t o o k w ā
g a   n a a ̉ t a n a n
g a   k ẻ   i s i t i s s a ̉ h u m o w a n a n u k
w ẻ   t i p i s k a m u k u n o o k o p u n
ā   k ẻ   w ẻ   t i p i s k a m u k ỏ k e p u n
k i t t a   k ẻ   k i s s i n a w
g a   n a t a n a n o w u k
k ẻ   k i s s e c h e w u n o m u k u n
k i t t a   k ẻ   w a p u n e y e w
k i t t a   w ẻ   m e y o o s k u m e e k e p u n ā
ā   k i s s i n a y i k ā t o o k w ā
k ẻ   t i p i s k a m u k u n o o k o p u n
i s i t i s s a ̉ h u m a ̉ t a n a n o w
k ẻ   p i p o o n o o t o o k w ā
g a   p u s u s t a ̉ w a n a n o w u k
g a   k ẻ   k e k e s k a ̉
k i t t a   k ẻ   w ẻ   k i s s i n a m u k ủ k w ā
ā   k ẻ   p u s u s t a ̉ u m u p u n
ā   k ẻ   m i s p o ỏ k e p u n
ā   k ẻ   w a p u n e y i k e p u n
i t ā y i m a w u k
ā   i s i t i s s a ̉ h u m ủ k w a ̉ p u n
k i t t a   w ẻ   k i s s e c h e w u n o m u k u n e y i k ā t o o k w ā
g a   s e k a h a ̉ t o w a ̉ t y
k ẻ   k e s i k a m u k ủ k e p u n ā
k i t t a   k i m e w u n e y e p u n
k i t t a   k ẻ   t i p i s k a m u k ỏ k
k i t t a   w ẻ   p i p o o n o o t o o k w ā
k e k e s k o w a t a n
w ẻ   n ỏ t ā p u y e w
g a   k ẻ   s a k e h a ̉ t y u k
ā   w ẻ   m e y o o s k u m e e y i k e p u n
k i t t a   w ẻ   m i s p o o n o m u k u n e y i k ā t o o k w ā
k i s s i n a m u k u n e y e k o p u n
k i t t a   k ẻ   k i s s e c h e w u n o m u k ủ k
k i t t a   k ẻ   p u s u s t a ̉ u m ā k e p u n
k i t t a   w ẻ   k i s s i n a k ā t o o k w ā
s a k e h ā n a n o w
k i t t a   k ẻ   w ẻ   k i s s i n a y i k e p u n ā
k i t t a   k i s a s t ā m u k ủ k w ā
k i t t a   m i k e s k a k e p u n
k i t t a   k e s i k a m u k ủ k e p u n ā
k i t t a   k ẻ   i s i t i s s a ̉ h u m o w u k e e t
k i t t a   k ẻ   k i s a s t ā m u k u n o o k o p u n
s a k e h a ̉ t a w a w
g a   k ẻ   s e k a h a ̉ t o w a w u k
ā   w ẻ   t i p i s k a m u k u n e y i k ā t o o k w ā
n a t a t a k
k i s s e c h e w u n o m u k u n
p u s u s t a ̉ w a ̉ t a n a n u k
k i t t a   k ẻ   m i k e s k a y e w
g a   p u s u s t a ̉ a ̉ t a n a n
k i t t a   w ẻ   m e y o o s k u m e e y i k e p u n
ā   k ẻ   m i k e s k a y i k e p u n
k i t t a   k ẻ   k i s s i n a m u k ủ k e p u n
i s i t i s s a ̉ h u m o w i m ā w u k
i t ā y i m a n a n o w u k
k i t t a   k ẻ   n a t ủ k
k e k e s k o w a t a k
k i t t a   k ẻ   w ẻ   w a p ủ k e p u n ā
k i t t a   k ẻ   k i m e w u n
k i t t a   k ẻ   k i m e w u n e y i k e p u n ā
ā   w ẻ   t i p i s k a m u k u n e y i k
k i t t a   k ẻ   k i m e w u n e y i k
k ẻ   i t ā y i m a ̉ t y
g a   k ẻ   k e k e s k o w a w
k i t t a   k ẻ   w ẻ   w a p u n o o k w ā
k ẻ   w ẻ   m e y o o s k u m e e w
k i t t a   w ẻ   p i p o o n o o k w ā
g a   k ẻ   p ā s e w a n a n o w u k
k i t t a   w ẻ   k i s s i n a m u k ỏ k
k i t t a   k ẻ   s a k e h u m u n
k i t t a   k ẻ   i t ā y i m ủ p u n
k i t t a   w ẻ   t i p i s k a m u k u n e y e p u n
ā   k ẻ   w ẻ   n ỏ t ā p u y e y i k
ā   k ẻ   w ẻ   k i s s e c h e w u n o m u k u n e y i k ā t o o k w ā
p u s u s t a ̉ ā n a p u n
g a   i s i t i s s a ̉ h u m o w a ̉ t a w a w u k
k i t t a   p i p o o n o p u n
k e k e s k o w a w u k
g a   i t ā y i m a ̉ t y u k
g a   i t ā y i m a ̉ t a n a n
g a   s e k a h a ̉ t o w a ̉ t a n a n o w
k i t t a   p ā s e w ủ k
k ẻ   w ẻ   k i s s i n a m u k u n e y i k e p u n ā
ā   k ẻ   s e k a h a ̉ t u m a p a n
n a ā n a n o w
ā   s e k a h a ̉ t o w u t c h i k
k ẻ   k e k e s k ā n
ā   w a p ủ k ā t o o k w ā
ā   w ẻ   m e y o o s k u m e e k e p u n
k ẻ   s e k a h a ̉ t ā n a p u n
g a   k e k e s k o w a ̉ t a n a n o w
ā   k ẻ   n a u m u n
g a   k ẻ   p ā s e w a w u k
ā   t i p i s k a m u k ủ k e p u n
k e k e s k o w a ̉ k u n i k
p u s u s t a ̉ w i m a ̉ t a n a n
g a   k ẻ   i t ā y i m a ̉ t a n a n
ā   w ẻ   k i s s i n a m u k u n o o k w ā
k i t t a   w ẻ   k i m e w u n
k i t t a   k ẻ   w ẻ   t i p i s k a m u k u n o o k o p u n ā
k i t t a   w ẻ   n ỏ t ā p u y e y i k w ā
ā   w ẻ   k i s a s t ā m u k u n e y i k
k i t t a   k ẻ   w ẻ   t i p i s k a m u k u n e y e w ā t o o k w ā
ā   m i k e s k a k ā t o o k w ā
i t ā y i m ā n a w a w
k i t t a   k ẻ   w ẻ   k i s s e c h e w u n o m u k ủ k ā t o o k w ā
k e k e s k u m
