z e s e n z o
n g a m a k h o m p y u t h a
l e n t o m b a z a n e
n i b e b a l e l a
s e z i n g a n e
a m a c h i b i
b a m a d o d a
k w a k u b o n e l a
w a w u t h a
n g i p h u m u l i l e
n g i v a l ē
p h i l e n i
k w e z i t h e l o
a y a p h i l a
z ā p h u m a
k w a m a k h u l u
o w e s i n g a n e
o b e m i m b a
o l w e s i t h e l o
e s e n h l a n z i
n g i q a l i s a
N c w a b a
a b e s i t h e l o
e y ē G a u t e n g
b e z i p h u m u l a
e s e n i n g i z i m u
o w a m a k h o m p y u t h a
e y o m u T h w a
o l w a m a d o d a n a
e s ē k h a y a
a w e n k a t h i
b u b h e k a
z i b o n e l a
o w e s i h l o k o
b u b a l e l a
u b h e k i l e
e y e z i n k a t h i
o b e z i n d l e b e
z ō m a m e
s i p h i l a
y ē b u m b a
e y e s i l e v u
z a n d u l i l e
u b h e k e
k w a k u p h e k a
k w ē k h a n d a
o b u k a N c w a b a
e z ē g u m b i
l i z o q a l i s a
l w a m a k h a y a
l u z o b o n e l a
z i b a l e l e
u y a g w a z a
l u k a N c w a b a
k w a k u b a l e l a
o k w e z i n d l e l a
w ē k h a y a
k a L w e s i n e
ē k h o m p y u t h e n i
z i p h i l a
u t h a
l w o m u T h w a
ī g u m b i
ē k h a y a
e z ē k h a n d a
l a n d u l e
e n i n g i z i m u
l w e s i k h u n d l a
z i n h l a n z i
p h u m a
o l w e z i l e v u
k u y a p h u m a
y ā p h u m u l a
n t o m b a z a n e
l i g w a z ē
b a l e l a n i
b e b u v a l a
b u y a t h a
k u k a y i s e
n g a m a c h i b i
z ē k h o m p y u t h a
i p h u m u l e
o w a b a T h w a
e l e z i n d l e b e
k w a k u t h a
s ā t h a
l ā p h e k a
e s e n j a
b u b h a l i l e
o k w e z i n k a t h i
y o b u b i
u y a q a l i s a
b e n i n g i z i m u
u g w a z i l e
z e n h l a n z i
a n d u l a
b u p h u m e
y ā p h i l a
b u b h a l e
b e l u q a l i s a
n g i t h a
i q a l i s a
s ē G a u t e n g
u z o v a l a
b o b u n c a n e
e y a m a k h o m p y u t h a
e z i n d l e b e n i
k u y a q a l i s a
e y e n d o d a n a
s i b h a l ē
a q a l i s a
i p h i l a
n a n d u l e
n i g w a z e
o l w e n k a t h i
ā n q u m a
e s e z i m v u
n g ā b h a l a
s o b u t h u n t u
z i b o n e l e
a w o m u m b a
y i t h a
o k w e s a b i z w a n a
w a y e p h u m a
b u n q u m ē
l u b o n e l a
w a m a k a t s h a n a
b e n g i b h a l a
o b e n d l e b e
y a m a k h o m p y u t h a
z i z o b o n e l a
o w e z i l w a n e
b o m u m b a
b a f i s h a
u y a n q u m a
s a m a d o d a n a
z e n t o m b a z a n e
l i b h e k a
o w e s i k h u n d l a
e z i n t u l i
z i y a b h a l a
e z e m i m b a
e z e z e n z o
o w e n t o m b a z a n e
a w e m i m b a
n i p h e k ē
b u y a b h e k a
y ē c h i b i
l i z o n q u m a
w e n i n g i z i m u
s i f i s h a
b u p h e k i l e
z i p h u m u l ē
b u t h a
u n q u m a
o k u k a N c w a b a
u y a b a l e l a
u z o v a l a
y i n k a t h i
a w ō N c w a b a
b e z i l w a n e
o l u k a N c w a b a
b u z o g w a z a
l u n i n g i
z i p h u m a
e k a N c w a b a
k w ō L w e s i n e
z a z i p h i l a
w ē n i n g i
s i y a p h u m u l a
o w ē k a t s h a n a
b e z i p h u m u l a
k u b o n e l a
e y e n d o d a n a
s i p h u m u l a
l e z i m b a z o
n g i m f i s h a
k u y a p h i l a
o w ō b o m b o
i n q u m i l e
e z e z i n h l a n z i
e y e z i m b o m b o
l i z o b h a l a
w a w u b h e k a
o k w e z i n h l a m v u
l ā b a l e l a
y i n j a
o b e z i m v u
e z i k h u n d l a
b a n q u m e
b a m a k a t s h a n a
z e s i n g a n e
w a w u t h a
b ō L w e s i n e
s ā p h e k a
e s a m a k h o m p y u t h a
e z ō h l a m v u
w ō t h u l i
z e n k a t h i
l i g w a z a
s a s i b h a l a
l i k h u l u
e l e z i n t u l i
k w e z i n t u l i
e z e z i h l o k o
y ō j u
z i b h a l a
a y e p h i l a
b e l u b h e k a
z i y a p h e k a
u b o n e l ē
k w e s i l w a n e
e y e m i m b a
a w ē G a u t e n g
b a p h u m i l e
n g i y a n d u l a
n g i z o p h i l a
a m a k h a n d a
z a z i b o n e l a
z i n q u m e
i p h e k e
u b o n e l a
b a v a l e
l w ē k h u l u
n g i g w a z i l e
s i b h a l ē
b e z i p h i l a
o l w ē g u m b i
u y a t h a
y e n d o d a n a
z ē k a t s h a n a
b e z i l w a n e
u g w a z e
n q u m e n i
e z i l e v u
l u b o n e l a
k u b o n e l a
s i z o q a l i s a
s ā t h a
i z o k w a n d u l a
l a n d u l a
b e z i n d l e l a
b u b h a l ē
e s e m v u
i b h a l ē
k w e z i l w a n e
u b e t h a
o k w e z i n k a t h i
o k w o m u m b a
s i z o k w a n d u l a
