b e y i b o n e l a
o w e n k a t h i
l a b a T h w a
e y ō t h u l i
a g w a z e
b a z o q a l i s a
m a k h o m p i y u t h a
w ū h l a m v u
e y ō b o m b o
ī c h i b i
k w ā q a l i s a
n a n i t h a
a m a k h a y a
w ō t h u l i
o k w e n d l e b e
n h l a n z i
k w ā p h u m u l a
a b e b h e k a
e s ō y i s e
y ē n i n g i
ā p h u m u l a
w a y e p h u m u l a
a m a c h i b i
z a m a k h u l u
b a l e l a
y a y i p h u m a
z i b h e k a
b a m a c h i b i
u q a l i s e
y ē k h o m p i y u t h a
e l i k a L w e s i n e
o l w e n h l a n z i
y o b u b i
e b h e k a
w ā p h i l a
l u b o m b o
y i s i l w a n e
a w a m a k h o m p y u t h a
p h u m u l e n i
b e k w a n d u l a
w ā p h u m a
s i p h u m ē
y ā b h a l a
a w e z a b i z w a n a
u b h a l i l e
u b e q a l i s a
i y a p h u m a
e y e z i n d l e b e
y e z i h l o k o
b e k u p h i l a
s a s i b a l e l a
l e z i t h e l o
u p h i l ē
i y a p h i l a
i g w a z ē
k a y i s e
b e z i n t u l i
n g ā v a l a
z o b u b i
m n i n g i
s ā p h u m u l a
n q u m a n i
a n d u l i l e
ī k h o m p y u t h a
s i y a b h e k a
b a p h u m a
ē G a u t e n g
u y a q a l i s a
b e w u p h u m u l a
k u z o p h i l a
n g a m a k h a y a
w a m a k h o m p i y u t h a
s e m i m b a
k w e s i l w a n e
o w ō j u
l ē b u m b a
y a n d u l a
y a m a k h o m p y u t h a
n g i b h e k ē
b e b e b h a l a
s i y a b o n e l a
l w e s i l e v u
k u n q u m a
n i p h e k i l e
k u p h u m u l ē
o l w ō h l a m v u
w ē g u m b i
k u n q u m i l e
n g a n d u l ē
s i b h a l a
l u y a b h e k a
z a n d u l a
l w e s e n z o
n g ā n d u l a
s e z i l w a n e
w a m a k h a y a
b e z i q a l i s a
w e s a b i z w a n a
s i q a l i s e
e n d l e l a
b u z o v a l a
s a s a n d u l a
k u n q u m ē
b a b u v a l a
z ē n i n g i
a m a d o d a n a
k w e z i h l o k o
e y e z i t h e l o
l e n d o d a
z ō j u
i y a b o n e l a
b a z o g w a z a
e b a l e l a
w o b u t h u n t u
l i z o b o n e l a
l w ā q a l i s a
b ō m a m e
k a N c w a b a
l w e z i n j a
u y a b h e k a
b e z i m v u
e l e z i m v u
k u p h u m a
k u b h e k a
n i y a q a l i s a
o w ō t h u l i
e z e n h l a n z i
e l e n d l e b e
o k w a b a T h w a
k w e z a b i z w a n a
b e b a l e l a
i y a q a l i s a
y a y i b h e k a
b a m a k h u l u
u b h a l i l e
e l a m a b u m b a
e z a m a d o d a n a
e s o m u m b a
i p h i l e
e s e s i h l o k o
e z i n d l e l a
s i g w a z a
b e s a b i z w a n a
e z ō j u
w a w u v a l a
o b e n t o m b a z a n e
e z ē k h a y a
a w ē k h o m p y u t h a
k u q a l i s i l e
n i n g i z i m u
z e z i n t u l i
v a l e
e y ē b u m b a
o k u k a L w e s i n e
o k w o m u T h w a
u y a b h a l a
u z o g w a z a
l o m u m b a
o w o b u t h u n t u
k u p h e k ē
a w e m v u
w a w u b a l e l a
u p h i l a
s i y a p h e k a
z i z o q a l i s a
u p h u m i l e
a m a b u m b a
e z ē g u m b i
o b e z e n z o
z e s i t h e l o
l a n d u l a
z i b h e k ē
b ā n d u l a
ē b u m b a
z a z i b h e k a
k u y a b h a l a
k a y i s e
b u b a l e l ē
y e z i l w a n e
n g i p h u m ē
p h u m e
n i g w a z i l e
l u v a l a
e l e s a b i z w a n a
z e n j a
k w e n d o d a n a
u b u b i
a b ō N c w a b a
k w a m a c h i b i
i s i l e v u
l i k h o m p y u t h a
ō j u
z a n d u l i l e
u b h e k a
o b ē k a t s h a n a
b e s i p h u m u l a
e l ē k a t s h a n a
e y ē g u l a
l w e s i t h e l o
b e z a n d u l a
s e n d l e b e
z i p h i l e
a y e b h a l a
k w a n d u l a
e b a l e l a
e s i k h u n d l e n i
k u y a b o n e l a
w o m u T h w a
e z a m a c h i b i
b ō L w e s i n e
s i b h a l e
n i z o p h e k a
z e n d l e l a
a w e z i k h u n d l a
e s e z i n k a t h i
k u n q u m e
b u p h i l a
n i b o n e l a
z e z i n d l e b e
i z o n q u m a
b u b o n e l a
s i t h a
k u y a t h a
k u k a m a m e
o k w ē k h a n d a
i q a l i s a
a b e s i h l o k o
y a y i p h u m u l a
s i n i n g i
s i q a l i s a
o k w o b u n c a n e
z ā p h i l a
z o b o y a
k w a n d u l a
b e s i t h e l o
l w ā p h u m u l a
o l w ō N c w a b a
u v a l e
l w ē n i n g i
n q u m a
o m u m b a
z ā q a l i s a
l w a l u p h e k a
u b h a l a
z i y a p h i l a
w a y e b o n e l a
a z o v a l a
w ē b u m b a
e s a m a k h o m p i y u t h a
i p h e k e
l w o b u b i
s ē k h a y a
o k w a m a g u m b i
w e s i l e v u
w o b u n c a n e
n g i n q u m a
y a m a k h a y a
w a n d u l ē
k u b h e k a
l w o b u n c a n e
m a g u m b i
z i p h u m a
o b a m a c h i b i
i g w a z a
e s e n d o d a
s i y a b o n e l a
b a z o b h a l a
e z e s i t h e l o
z i z o p h e k a
s i b e b a l e l a
z i z o k w a n d u l a
o l w e m v u
o k u k a m a m e
y e z i m v u
b ē g u m b i
u b e p h e k a
l u y a v a l a
z i p h u m ē
n i b h a l i l e
z a m a b u m b a
n i y a b a l e l a
o b a m a g u l a
m a k a t s h a n a
y e z i h l o k o
s ō y i s e
a b e b o n e l a
b e m v u
o b ē g u l a
w a m a c h i b i
e s i t h e l w e n i
n a n i g w a z a
a m a d o d a
b u p h u m ē
a y e v a l a
y ī k h o m p i y u t h a
b e v a l a
o w e z a b i z w a n a
k w e m i m b a
u n q u m a
e y e n d l e b e
z e n i n g i z i m u
l e z i l e v u
n g i p h u m e
n g i p h e k ē
s e m v u
b ō h l a m v u
a w ē g u m b i
l u b h e k a
o b e z i n t u l i
k u t h ē
i t h a
e z i t h e l o
o l u n i n g i
g w a z a
w a w a n d u l a
u p h u m a
b e l u b a l e l a
s i p h e k a
z i t h ē
o m f i s h a
e z a m a k a t s h a n a
k u y a p h u m u l a
z e z i t h e l o
l ō y i s e
k u p h e k ē
l w e z i n t u l i
o b ē k h o m p y u t h a
k w e s i t h e l o
b o b o y a
u v a l i l e
s ē k h o m p i y u t h a
y e n t o m b a z a n e
z i v a l i l e
s i y a q a l i s a
b u p h u m u l ē
e z i n k a t h i
w a m a g u l a
e l a m a g u m b i
i z i n t u l i
b e l i t h a
b e y i v a l a
z i y a b o n e l a
e z e n t o m b a z a n e
e s e m i m b a
o w o b o y a
e z o b o y a
b a z o p h e k a
s a s i b o n e l a
w e z i m b a z o
y ā q a l i s a
i z i n j a
o w e n t o m b a z a n e
k u n q u m a
n i p h u m u l a
y e z i m v u
o l w ē G a u t e n g
s ā q a l i s a
b e y i b h e k a
i g w a z a
o l u f i s h a
y ā g w a z a
i p h u m ē
z ā g w a z a
e y o b u b i
z i m b o m b o
k u b o n e l a
k w e z i n g a n e
w ā b o n e l a
b e l i p h u m u l a
e q a l i s a
a b e z i n k a t h i
i z o b o n e l a
k w o b u n c a n e
s e m b a z o
o l w a m a c h i b i
b e s i n g a n e
z e z i t h e l o
e y e s i h l o k o
l i b h a l e
o k w ō m a m e
o k w e z i n h l a m v u
n i p h i l ē
y ō t h u l i
w ā b h a l a
l e z a b i z w a n a
k u g w a z a
k u b a l e l a
o b a m a d o d a n a
s ō h l a m v u
l ō t h u l i
o w ē k h a y a
z e z i n h l a m v u
o w o m u m b a
e z a b i z w a n e n i
e s ō b o m b o
a n d u l i l e
y a y i p h i l a
u p h u m ē
w e m i m b a
e y e z i n j a
e z ō t h u l i
e z o b u n c a n e
y a y a n d u l a
u b e g w a z a
a y a b a l e l a
z a z i b h a l a
y e n d l e l a
i z o p h i l a
k w ō j u
s i z o b o n e l a
w e n d l e b e
b ē b u m b a
z ē k h a n d a
e s e s i l w a n e
b u t h u n t u
y i m b a z o
l i p h i l e
w e s i n g a n e
w a n d u l e
k u q a l i s a
b a g w a z a
k u z o p h u m a
i n h l a n z i
n g i b h a l a
n i n q u m e
b e b u p h e k a
a b h e k ē
o w ē k h o m p i y u t h a
b a b e p h u m a
u t h i l e
e s a m a k h a n d a
w a w u p h u m a
b e b u b h a l a
o w ē G a u t e n g
o w ē k h a n d a
o k w a m a b u m b a
u b e p h u m a
w a w u b h a l a
n ā b h e k a
z a m a k a t s h a n a
z i p h i l e
o k w e m v u
z ō h l a m v u
k u y a b o n e l a
n i n q u m i l e
b e w u t h a
k w a n d u l a
n i q a l i s e
k u m a m e
w e m i m b a
L w e s i n e
l w ā b h e k a
e s e z i l w a n e
z e n t o m b a z a n e
z i p h i l ē
n ā p h u m u l a
i y a b h e k a
e y e s i t h e l o
l w e z a b i z w a n a
n i t h a
o b e s i h l o k o
y i n d o d a
u y a b o n e l a
a b o n e l a
b a T h w a
l a m a g u l a
y e s i n g a n e
z o m u m b a
z i z o b o n e l a
s i t h a
s i n q u m e
s a s i p h u m a
u p h u m u l a
n g i q a l i s ē
e z e s i k h u n d l a
b e k u q a l i s a
u p h i l e
a g w a z i l e
n i p h e k a
u b h a l a
n g i t h a
s i v a l a
p h u m u l e
w a w u p h i l a
w ā q a l i s a
o k w a m a k h o m p i y u t h a
u n q u m i l e
n g i y a p h i l a
n g i p h e k e
o w e z i n h l a m v u
e z i n i n g i
y o m u m b a
e l e n d o d a
a p h u m a
b ē G a u t e n g
o l w e s i l e v u
p h u m u l a
s i b o n e l ē
z i z o k w a n d u l a
b a m a d o d a n a
s i b h e k e
n g a n g i p h u m u l a
a b o n e l ē
a p h i l a
k w e n i n g i z i m u
o w e z i l e v u
y a m a b u m b a
a z o p h e k a
i m v u
o w o b o y a
z a b a T h w a
k w ā b h a l a
b e z i n k a t h i
i z i l w a n e
n g a n g i b h a l a
n i b h e k e
e l ō y i s e
b a p h i l e
z i n q u m e
y e z e n z o
w ē k h a n d a
k w a m a k h a y a
s i p h u m u l a
i b h e k e
b a p h u m u l e
w ē n i n g i
a w e s i k h u n d l a
o w ō m a m e
z e s i l w a n e
o k a N c w a b a
k w o b u n c a n e
o k w ē c h i b i
n g ō y i s e
b e w a n d u l a
a b a m a b u m b a
u t h i l e
u p h u m u l e
u z o b o n e l a
l e z i n j a
a b e z i n d l e l a
o l w e n t o m b a z a n e
e n h l a n z i n i
b ē g u l a
z i k h u n d l a
y a m a b u m b a
o k w ō L w e s i n e
l a l i b h e k a
l i z o b h e k a
a y e b h e k a
i y a p h i l a
a w e z i n d l e b e
l u k a y i s e
u p h u m e
b e l u t h a
e z a b i z w a n a
e z ō L w e s i n e
o w e n d l e l a
y e z i n h l a m v u
u y a p h i l a
l u v a l ē
a v a l e
e z e n d l e l a
l a m a c h i b i
o l w ē k h o m p i y u t h a
u b h a l e
u p h i l i l e
w e n j a
y e n k a t h i
b a b h e k a
b u g w a z a
z i b h a l a
b e z i m b a z o
z ā p h u m a
e z e n k a t h i
e z i m b o n j e n i
k w a m a k a t s h a n a
n a n d u l a
o w a m a k h u l u
l i y a n d u l a
k u b h a l i l e
n g i y a p h e k a
ī k a t s h a n a
k w a k u b h a l a
a n q u m e
w a n d u l a
e l i k a m a m e
w ā n d u l a
w e s i l w a n e
a w ē n i n g i
l a n d u l a
u q a l i s a
e y e z i l w a n e
l u f i s h a
a b e s a b i z w a n a
l u p h u m ē
b u p h i l a
i t h a
s i p h u m u l e
u p h u m u l a
s e s i n g a n e
b a z o p h u m a
l a m a b u m b a
a w e s i T s w a n a
z a z i n q u m a
a w o b u n c a n e
b u g w a z e
b e w u b o n e l a
u n q u m a
l u p h e k e
k w a m a k h o m p i y u t h a
z e s i T s w a n a
a p h u m u l i l e
i b h a l a
s i p h u m u l e
o w a m a k a t s h a n a
k u v a l a
b a y a g w a z a
e z i n d l e b e
s a m a b u m b a
l u p h i l a
o w ō y i s e
a b e t h a
a b e z i m b o m b o
z a m a k h a n d a
z i v a l e
b e b e p h e k a
s e s i l w a n e
o w e s i k h u n d l a
o l w e z i m v u
a w ō h l a m v u
b e l i b h a l a
y e n d l e b e
b e l i g w a z a
s i b a l e l ē
i g w a z i l e
z ē c h i b i
e y e z i m v u
i y a n d u l a
e z e s i T s w a n a
y e z i n t u l i
ē k h a y a
b ē k h a y a
o k a L w e s i n e
b a n q u m a
n i b h a l ē
l e z i k h u n d l a
o w a m a k h u l u
z i p h e k ē
b u n q u m a
s a m a k a t s h a n a
w a y e q a l i s a
a p h u m u l e
o k w a m a k h a n d a
o l w e n i n g i z i m u
k w a k u t h a
s i p h u m u l i l e
ō N c w a b a
e z o m u m b a
e z e n t o m b a z a n e
a p h e k a
s i p h u m u l a
b a b u p h e k a
k w e n j a
w e n t o m b a z a n e
y i z i l e v u
o w e m v u
a b ō b o m b o
o w o b u n c a n e
e s a m a d o d a
l i y a n q u m a
o w e z i n d l e b e
n g u L w e s i n e
o w e n h l a n z i
o k w e s i h l o k o
e y e s e n z o
z i y a v a l a
w a w u q a l i s a
s i g w a z a
ē g u l a
a b ē g u l a
w e n h l a n z i
n g i y a b o n e l a
z e s i T s w a n a
y ē k h a n d a
b e y i p h u m a
u z o b h a l a
k w e n t o m b a z a n e
e z ē b u m b a
o k w ē k h u l u
z i q a l i s a
b e z i n j a
b u p h u m u l i l e
e y o b u t h u n t u
i q a l i s i l e
n i b h a l e
e s ē k h a n d a
e y e z i m b a z o
u y a g w a z a
s a n d u l ē
s a m a g u m b i
y o b o y a
l i c h i b i
l e s e n z o
s ō t h u l i
b u y a p h e k a
k u p h e k a
w e s a b i z w a n a
l u p h u m i l e
a b o n e l e
i g w a z e
u z o p h u m u l a
b u b i
k w a m a k h o m p i y u t h a
y ē G a u t e n g
p h i l a
n i z o g w a z a
e l e z a b i z w a n a
l ā p h u m a
s i b e p h e k a
n i b o n e l ē
n g ō N c w a b a
b a m a k h a n d a
n d o d a
b ō t h u l i
u g w a z i l e
o k w o b o y a
o w e m v u
u q a l i s i l e
e z e z a b i z w a n a
u q a l i s e
a b h a l ē
o k w ē k h a n d a
l i y a b h e k a
e y e z i n h l a m v u
b e k u p h u m a
y i n t o m b a z a n e
i n d o d a n a
w a m a k h o m p y u t h a
a b e z i h l o k o
n ā p h u m a
n i n q u m ē
a w a m a b u m b a
z i b h a l e
e z e z i n d l e l a
b u b h e k a
n i b e n q u m a
a b a T h w a
o w e z i t h e l o
o k w e n j a
e y o b u n c a n e
a b ē k h o m p y u t h a
e l e s i h l o k o
w ē g u m b i
e z a m a g u m b i
n i y a n q u m a
s i v a l ē
n g i p h u m u l e
i b a l e l e
y e n d o d a n a
ē k h o m p y u t h a
b e n g i t h a
n a n i q a l i s a
y ā p h e k a
k u t h a
s o b u b i
b ō N c w a b a
b e s i p h e k a
e y ō j u
n i p h i l e
a n q u m i l e
l a l i v a l a
i y a p h u m u l a
e n t o m b a z a n e n i
l i b h a l i l e
k u b h a l a
z i v a l i l e
l w ē k h o m p y u t h a
y e z i l e v u
n i p h u m a
n g i z o n q u m a
b e b e b h e k a
z ō N c w a b a
o k w a m a k h a y a
o b ō N c w a b a
i b h e k a
l ō h l a m v u
i p h u m e
a w a m a g u l a
i p h u m a
i m f i s h a
u b o n e l a
s a s i n q u m a
b e z i k h u n d l a
a b e m i m b a
l u b h a l a
l i k h a n d a
ē k h a n d a
b a z o p h u m u l a
s e z i k h u n d l a
e s e z i n j a
l u z o q a l i s a
s i y a n d u l a
s a n d u l e
e y a m a g u m b i
w ē k a t s h a n a
l i p h e k a
o k w e s i l w a n e
b a b e p h e k a
u p h u m u l a
e l e z i n k a t h i
w ā g w a z a
o k w o b u n c a n e
z i b h e k e
b e n g i p h i l a
e z o b u b i
o w e n d l e b e
o k w e n t o m b a z a n e
e n q u m a
s a s i v a l a
i p h u m u l a
o w ē c h i b i
a b ē k h a n d a
a b e n d l e l a
s e z a b i z w a n a
n q u m e
o k u n i n g i
o k w o m u T h w a
b a m a g u l a
e m i m b e n i
e s i l e v i n i
k u q a l i s a
z i p h u m u l a
b a n d u l a
k w e n d l e l a
e s e s i l e v u
u p h u m u l ē
y ō y i s e
u v a l ē
o w o b u n c a n e
s e n h l a n z i
n i g w a z a
l ō m a m e
e z ē k h o m p y u t h a
y e z i n h l a n z i
l u b h a l ē
o l w a m a b u m b a
b a y a v a l a
o l w ē k a t s h a n a
i b h a l i l e
l w e n k a t h i
y e z i n g a n e
k w a k u b h a l a
z i y a p h u m a
s i b h e k a
z ō t h u l i
b a v a l ē
e z e n d l e b e
l ā b h e k a
n g a n g i v a l a
e y e n h l a n z i
y o b u n c a n e
s i b h e k a
o k w e z i l w a n e
e l i f i s h a
y e s i n g a n e
b ē g u l a
b e k u b h a l a
k u z o p h u m u l a
i b h e k ē
e z o b u n c a n e
s i b h a l i l e
z i y a b o n e l a
w e n k a t h i
z i n h l a m v u
b ā p h e k a
l i b h a l ē
k u N c w a b a
b ē k h a y a
l e z i n d l e l a
b u n i n g i
y e s i l e v u
b a l e l e n i
a w e s a b i z w a n a
n a n i v a l a
e l e z i n d l e l a
l a l i p h u m a
o w e n i n g i z i m u
y ā b o n e l a
o k w e s e n z o
k w a n d u l i l e
z i p h u m ē
o k w ē k h o m p i y u t h a
n g i y a b a l e l a
w ā n q u m a
o k w e n t o m b a z a n e
z e z i l e v u
o w e z i m v u
w e s e n z o
u k w a n d u l a
u z o b h e k a
w a w u g w a z a
a b a n d u l a
b e s i b h a l a
n g a m a k a t s h a n a
b o y a
l u n q u m a
a p h i l e
s ō L w e s i n e
o k w e z i n j a
o k w ō N c w a b a
w a w u q a l i s a
b e t h a
s e z i n d l e l a
b u z o p h i l a
y e z i n d l e b e
n g i b a l e l e
k u z o k u t h a
b h a l a
a t h ē
b e b e t h a
p h i l e
k w e z i n d l e b e
ī k h a n d a
w e z e n z o
n i z o k w a n d u l a
y ī g u m b i
b e k u n q u m a
e l o b o y a
z ā n q u m a
n g i b h a l ē
i p h e k a
s i n q u m a
e s i k a y i s e
e z a m a d o d a
a b e z e n z o
z i p h e k e
y a y i b h a l a
a b e n j a
e z e n d l e b e
k u t h e
s ā n q u m a
a p h e k e
s i b o n e l e
e y a m a d o d a
e l ē k h u l u
z i y a n d u l a
i z i n d l e b e
k u p h i l a
a z o n q u m a
i m b a z o
e l e z e n z o
l i p h e k a
k u t h a
b ā t h a
u z o k w a n d u l a
e z e n z o
s i b e p h u m u l a
u z o b h e k a
n i v a l ē
e s e z i t h e l o
i b o n e l ē
k a N c w a b a
a w e s i n g a n e
z i l e v u
e z ō t h u l i
i y a b a l e l a
e m a g u m b i n i
n i b a f i s h a
o k w e m v u
n i y a g w a z a
z i y a t h a
l u z o k u t h a
b e n j a
z i n d l e l a
u p h u m u l ē
e k a y i s e
o k w ē k h o m p i y u t h a
l a l i p h u m u l a
l i y a b a l e l a
o w ō h l a m v u
o w e z i n g a n e
n g i b h e k a
a y a n d u l a
e y e n i n g i z i m u
l w a m a c h i b i
i z o b h e k a
z i p h e k ē
o b e n j a
e y ē k h o m p i y u t h a
a b e z i n h l a n z i
e l e s i l e v u
q a l i s e
l i q a l i s ē
y ī b u m b a
b e s i v a l a
b a m a k h o m p y u t h a
n g i b h e k a
a b e n h l a n z i
z i v a l a
z i b h a l a
y a m a k h a n d a
w ā b h e k a
k w e m v u
u b a l e l a
b h a l a n i
b u y a b o n e l a
o b a m a d o d a
l u p h e k i l e
n g i b h a l e
ē k h u l u
z e z e n z o
e l e z i n g a n e
i v a l e
e s e n d l e l a
u n q u m i l e
k a N c w a b a
z ē k h o m p i y u t h a
z i n j a
b a z o k u t h a
w e n d o d a
s e z e n z o
b a y a p h i l a
e y e n d o d a
e l e z i m b a z o
n g i v a l i l e
l a l i t h a
b e s a b i z w a n a
l ē g u l a
e z e z i m b a z o
e l a m a g u l a
l w a l u p h u m u l a
a b o b u b i
o k w e s i n g a n e
k u t h i l e
s i b h a l i l e
w e s i h l o k o
o w e z a b i z w a n a
k w a k u p h e k a
l w e n h l a n z i
z i p h u m a
o l u k a m a m e
e s i k a L w e s i n e
e y e n k a t h i
l i q a l i s i l e
y e z a b i z w a n a
o k w ē k h a y a
u p h i l a
l i k a t s h a n a
l ā p h u m u l a
y e s i l w a n e
n g u y i s e
s i p h e k a
o k w ē b u m b a
n i z o b h a l a
n a n d u l i l e
y a y i b h a l a
l u q a l i s e
s i y a p h e k a
ā b h e k a
n i p h u m u l i l e
z i m f i s h a
y ē k h o m p y u t h a
o b o b o y a
l w e s i h l o k o
e z e s i h l o k o
k w ā b o n e l a
l w o b o y a
b ē k h a n d a
l a n d u l i l e
w a m a d o d a
z i p h u m e
w ū t h u l i
o k w e z i n t u l i
n i p h u m a
n g i p h u m a
l ā n d u l a
k u g w a z ē
z i p h e k e
k u g w a z e
b a m a k h a y a
o k w ō y i s e
o l w e s e n z o
e z ō N c w a b a
k w a k u n q u m a
z e m v u
e z o b o y a
i n k a t h i
e y e n t o m b a z a n e
a b h a l e
y i z i n t u l i
b a z o b o n e l a
b e k u b a l e l a
e z ō y i s e
s a s i p h u m u l a
s a s i g w a z a
u z o b a l e l a
z a z a n d u l a
e z i k a L w e s i n e
z ē G a u t e n g
s o b u n c a n e
b u t h ē
o k w e n d l e l a
w a m a d o d a n a
o k w ē G a u t e n g
l i y a t h a
a v a l a
o l w e n d l e l a
u b o y a
b e b u b h e k a
l w e z i t h e l o
o l w ē n i n g i
k u y a p h u m a
e l e z i h l o k o
y i z i n g a n e
o k w a m a d o d a
n g i b h e k e
e s e s e n z o
z i p h u m u l ē
y a m a k h a n d a
n ā v a l a
e z e z i n g a n e
o k w e z i m v u
o l w ō y i s e
w e z e n z o
o w e z i l w a n e
i p h u m i l e
i s i h l o k o
e z e n j a
y e m b a z o
l u y a g w a z a
k u p h u m ē
e z e n d o d a
z a z i v a l a
n i p h u m e
o k w a b a T h w a
l o b u b i
b u b h e k i l e
b a m a k h o m p i y u t h a
b e n d o d a
n g a n g i n q u m a
n i y a n d u l a
z e z a b i z w a n a
ō y i s e
ā g w a z a
k w e z e n z o
u v a l e
b a b h e k i l e
u g w a z a
b u y a b h a l a
a b o m u m b a
b e s i b a l e l a
k u p h u m a
e b o n e l a
k a L w e s i n e
s a n d u l ē
n g a m a d o d a n a
z i y a t h a
i p h u m u l i l e
l e m b a z o
o w e z i h l o k o
k u z o q a l i s a
e z a m a b u m b a
k w o b u t h u n t u
a w a m a k h a n d a
w e s i l w a n e
o m f i s h a
l w e z i m b o m b o
y i s i k h u n d l a
k w e s i h l o k o
s a m a d o d a
k w a k u g w a z a
s i q a l i s e
z i v a l ē
e b h a l a
e z a m a g u m b i
o k w ē g u l a
l w e m i m b a
o b e z i m b a z o
a n d u l a
e y e n d l e l a
w e n d o d a n a
e z i k a y i s e
s e z i n h l a m v u
z ā q a l i s a
o w e z i m v u
y ē k h a y a
l u b a l e l a
y i m i m b a
w a y e p h i l a
z o m u T h w a
a w e z i n h l a m v u
e z i m b a z o
e b u n c a n e n i
y ō N c w a b a
s e s i l e v u
b u b h a l a
l u b h a l e
k u z o k w a n d u l a
z ō h l a m v u
o w ō j u
i b h a l e
a y e b o n e l a
i q a l i s ē
s i p h u m a
z a n d u l ē
k w ā p h u m a
ā p h i l a
l e n i n g i z i m u
b e k u b h a l a
b e z i n h l a m v u
y i z i n h l a n z i
z i p h e k a
b e k u p h e k a
s i t h i l e
s a s i b o n e l a
o b e m b a z o
o w e z i n d l e l a
n i y a b h e k a
o b a m a k h a y a
l ē n i n g i
k u b a l e l a
a w a m a k h o m p i y u t h a
y a m a c h i b i
n g i p h i l i l e
a b h e k a
s a m a c h i b i
l w ē g u l a
a b e n d l e b e
o w e s i t h e l o
y e m i m b a
y e z i n t u l i
w e n t o m b a z a n e
l w e n d l e l a
b a p h u m ē
u m a m e
b e k u v a l a
b a m a k h u l u
u b e t h a
i b a l e l a
l i v a l a
e y e z i m b o m b o
u z o k u t h a
b e y a n d u l a
e s e s a b i z w a n a
e y e m b a z o
y ā b h e k a
e z i m v i n i
o b o b u b i
k w ā n q u m a
s i b o n e l a
k a m a m e
k u b h e k ē
o w e s a b i z w a n a
o l w e s i l w a n e
o k w e s i n g a n e
e z e s a b i z w a n a
u p h e k ē
l o m u T h w a
z i y a b h e k a
i y a v a l a
ō N c w a b a
l i z o b a l e l a
e n d o d e n i
s i k a y i s e
e y a m a g u l a
z ē k a t s h a n a
b e y i b h a l a
z e z i m b o m b o
o w e z i n t u l i
k w e z i n h l a n z i
k w ā b a l e l a
n i z o b o n e l a
z e s a b i z w a n a
l a l i g w a z a
i z i n h l a n z i
e l a m a k h a y a
i b h a l a
n i p h u m ē
u b e b h e k a
s a m a k h u l u
n i t h e
i z o b a l e l a
b e n g i b o n e l a
o l w ē k h a n d a
n d l e l a
b e n g i p h u m a
n i z o q a l i s a
s ē k h u l u
l i g u m b i
b a k a y i s e
l u b o n e l ē
b h e k e
b o n e l e n i
b a g w a z i l e
u z o b h e k a
o b a b a T h w a
b ā q a l i s a
o k w o b u t h u n t u
n t o m b a z a n e
o k w o b u b i
k w a k u p h u m a
n i v a l a
b u q a l i s e
s o b o y a
u p h u m u l ē
z i z o b a l e l a
l e n k a t h i
z i g w a z a
k w ē g u l a
s i g w a z a
b e s i l w a n e
k a y i s e
l e n d l e l a
e l ē n i n g i
l i t h e
e y e z i l w a n e
n g i b o n e l a
b u k a L w e s i n e
e m a d o d a n e n i
b ā p h u m u l a
e y e z i n h l a n z i
o b u n i n g i
u b o n e l ē
a w o b o y a
z a m a d o d a
l w a l u t h a
o k w e m i m b a
a b e n t o m b a z a n e
w e z i n j a
i b a l e l ē
a w o b u t h u n t u
e p h e k a
b a n d u l a
a m a k h u l u
s e n d l e l a
w a y a n d u l a
z ō b o m b o
s i b h e k ē
w ā p h u m a
u b e b a l e l a
l u y a p h u m u l a
l u j u
o k w a m a k h a n d a
p h e k a
e s ō h l a m v u
o k w e z i n j a
o w a m a g u l a
o l w ō m a m e
y ō L w e s i n e
k a m a m e
w ū b o m b o
w a n d u l e
a b e z i n t u l i
l ō b o m b o
e z e m v u
z i z o p h e k a
o l w e m i m b a
w e s i l e v u
s i g w a z e
b e z i n k a t h i
n g i q a l i s e
w a m a g u l a
w a y e t h a
k u y a n q u m a
w o b o y a
s i p h i l ē
p h u m a n i
b ā b a l e l a
a n q u m ē
l u p h u m u l i l e
s i y a t h a
s i p h i l a
u z o q a l i s a
u z o g w a z a
k u z o q a l i s a
w e z i n t u l i
l w e z i h l o k o
n i b h e k i l e
b e s i T s w a n a
y i m v u
z i y a q a l i s a
y e z i m b o m b o
n g i t h ē
w e s i t h e l o
b a g w a z ē
e z e s i t h e l o
k u g w a z a
u y a v a l a
z i b h a l ē
y e z i n d l e l a
b u v a l ē
a b ē k h a y a
k u y a p h u m u l a
l i z o k w a n d u l a
m u T h w a
o k w a m a c h i b i
z i g w a z i l e
z e z i h l o k o
n g u m a m e
b a z o b h e k a
w a n d u l ē
z ā p h e k a
e s ō t h u l i
o k w a m a k h u l u
l i p h i l a
a b e n t o m b a z a n e
s i b o n e l a
e z i l w a n e
u v a l a
e y o b o y a
w ē k h o m p i y u t h a
a m a d o d a
s i b h a l a
o b ō m a m e
a b a f i s h a
o k w e z a b i z w a n a
o k w e n h l a n z i
k u v a l e
n i b a n i n g i
b ē k h o m p y u t h a
n g i p h e k a
n a n i b o n e l a
e s a b i z w a n a
s ā b a l e l a
i b h e k e
s i q a l i s ē
o w ō m a m e
n g i n q u m ē
a b a m a k h u l u
l u q a l i s a
b u z o n q u m a
l w e z i l w a n e
y e z i m b a z o
u p h i l ē
y e s a b i z w a n a
y ē g u m b i
w e z i l w a n e
o l w a b a T h w a
e z e n d o d a n a
i z i n d l e l a
e s i h l o k w e n i
o b u k a m a m e
e n d o d a
s e n d o d a
w e z i l e v u
e z e z i n j a
y i z i m b o m b o
u p h u m a
e y o m u m b a
y i s i l e v u
b e y a n d u l a
o b e n d o d a
o b e n k a t h i
b e n g i g w a z a
l ē k a t s h a n a
e m v i n i
z ē k h o m p y u t h a
ā b o n e l a
s i b e b h a l a
o b ē g u m b i
n g a n d u l e
b a b e n q u m a
l a m a k h u l u
l w ā b o n e l a
s i y a p h i l a
o l w e s i h l o k o
l e z i n d l e b e
e y e s i l w a n e
b a z o b a l e l a
b a b e p h u m u l a
o k w e z i m b o m b o
k w ē c h i b i
b e l u b o n e l a
n g i b o n e l e
y a y i t h a
b e p h u m a
b a q a l i s e
n i b e q a l i s a
z i z o k u t h a
l u z o p h u m a
e y e n j a
u k u b o n e l a
n g i z o b o n e l a
i y a b o n e l a
a m a k h u l u
i g w a z i l e
z e z i m v u
l i b a l e l e
l u z o b a l e l a
s a n d u l a
o l w e n t o m b a z a n e
l w a l u b h a l a
l u q a l i s a
b e k u b a l e l a
e z a m a d o d a
y e s i t h e l o
b e s e n z o
e z a m a d o d a n a
l i z o p h u m a
n g a m a k h a n d a
e s e z i k h u n d l a
e y ē k h a y a
z ā b h e k a
e z e z i n j a
n i y a p h i l a
e y e z i h l o k o
w a w u v a l a
l w ā v a l a
e y ē k h o m p y u t h a
o b ō L w e s i n e
o w e s e n z o
s e z i h l o k o
o l w e z i n t u l i
e z e s i l w a n e
u y a p h e k a
b e n g i n q u m a
w e m b a z o
l u z o k w a n d u l a
w a m a g u m b i
y a n d u l e n i
e y ē g u m b i
ē k a t s h a n a
w e z i n d l e b e
k u b h a l a
n g i p h i l e
p h e k e
o w e z i n g a n e
e s ō N c w a b a
o w e s i l e v u
b a b h a l a
e n i n g i
y o m u T h w a
b a b u q a l i s a
e z i k a N c w a b a
b e z i p h e k a
s i b a l e l e
n g i g w a z a
u y a n d u l a
b e y i p h u m u l a
s i n q u m a
z e z i h l o k o
s e s i k h u n d l a
e y e z e n z o
e y a m a d o d a n a
l w ē c h i b i
e s e s i k h u n d l a
e l ē g u m b i
i y a b h a l a
k u b o n e l a
z e n t o m b a z a n e
b e k u g w a z a
o k w e s i T s w a n a
k u b a l e l e
l w a l u b o n e l a
u y a b o n e l a
z a z i t h a
b ō h l a m v u
o b e z i k h u n d l a
s a m a k h a n d a
n i p h i l a
l w e z i n h l a m v u
k w e s i t h e l o
p h e k a n i
a w e z e n z o
l i v a l ē
i n d l e b e
o w ē k h u l u
s i T s w a n a
e y e s i l w a n e
s i z o k u t h a
u b o n e l a
n j a
e z a m a k h o m p i y u t h a
b o b u t h u n t u
a y e p h u m a
v a l a n i
s ē b u m b a
e m a k h o m p y u t h e n i
k u p h u m a
o w e z i k h u n d l a
o l w o b u n c a n e
e y ē c h i b i
b e s i b h e k a
z i b o n e l a
b e w u b h a l a
l e s i T s w a n a
a v a l ē
k w ā b h e k a
k w e m b a z o
s ā b o n e l a
y a n d u l a n i
u z o n q u m a
z i p h i l a
u p h u m u l e
s i t h e l o
l w a m a b u m b a
o k a m a m e
e z e s i l e v u
ē c h i b i
o l w ō t h u l i
n g i y a p h u m a
e z e z i k h u n d l a
y ī G a u t e n g
w e z i k h u n d l a
z i p h e k a
o k w e n d l e l a
n g i y a b h e k a
z a m a k h o m p y u t h a
n g a n g i p h u m a
i p h u m e
y i z i h l o k o
z i q a l i s e
i y a p h e k a
b o n e l e
o k w e s i l w a n e
z e s i l e v u
u b h a l ē
k u k a L w e s i n e
b a n d u l a
y ō m a m e
w ā p h i l a
b a g w a z e
n ā q a l i s a
b a m a k h a y a
b e n g i p h e k a
i y a p h u m a
e m v u
s i n q u m a
i b h e k ē
k w e z i m v u
l u p h u m e
l u p h i l i l e
n i p h i l a
e z e z e n z o
i g w a z a
z a m a k h o m p y u t h a
o l w e s i n g a n e
o b e n h l a n z i
k u g w a z i l e
u y a t h a
b a p h u m u l a
z i z o b h a l a
e z e m b a z o
s i b e v a l a
l i t h ē
i z o p h u m u l a
ē n i n g i n i
o l w o b u t h u n t u
k a y i s e
y i z i t h e l o
e y e n t o m b a z a n e
u v a l a
i p h u m ē
e s a m a b u m b a
l i z o p h i l a
b a m a k a t s h a n a
s i y a n q u m a
s a s i q a l i s a
o l w e z i k h u n d l a
ō m a m e
y ō m a m e
y a b a T h w a
s i z o v a l a
b e k w a n d u l a
s a m a g u l a
w e z i m b a z o
k w ā b a l e l a
l w a m a k a t s h a n a
u z o p h u m a
o k w e z i l w a n e
z e s i k h u n d l a
b e y i q a l i s a
u b o n e l a
n g u b u t h u n t u
o w e s i l e v u
b ē n i n g i
e n j e n i
i n q u m a
s a s i p h e k a
o k w a m a g u l a
e y ō h l a m v u
u z o p h e k a
z e z i k h u n d l a
e y e z i n g a n e
o b ē b u m b a
a m a k a t s h a n a
k w a k u b h e k a
z i b a l e l e
y e z i m b o m b o
l ā t h a
z e s a b i z w a n a
i b o n e l a
y e n j a
y a y i n q u m a
u y a b h a l a
w e z a b i z w a n a
b a t h a
k u b a l e l e
l e z i n k a t h i
l u t h a
e z ē k h o m p y u t h a
y a m a d o d a
u z o q a l i s a
b e z i p h i l a
z a z i q a l i s a
o w e s i l w a n e
s e n z o
l e z i n h l a n z i
n g i p h u m u l a
u b e p h i l a
e z ē k a t s h a n a
u m u T h w a
o l w e n d l e b e
y ā b a l e l a
l a n d u l a
o k w ō h l a m v u
a z o k w a n d u l a
l u p h u m a
s i b h e k a
l a l i p h i l a
u p h i l a
s a m a k h o m p i y u t h a
o w e z i h l o k o
o k w e s e n z o
z a n d u l a
a w e z i l e v u
o l w ō b o m b o
e y ē g u m b i
b e z i n d l e b e
b a p h e k a
b a b a T h w a
b u z o b a l e l a
k u y a g w a z a
y e z i n k a t h i
z a z i p h u m a
e t h a
s a n d u l e
s a n d u l i l e
l i z o k u t h a
k w ā p h i l a
a n d u l e
e y e z i k h u n d l a
z e n j a
w e m v u
a b o m u T h w a
y i s e
a n d u l e
n i b a l e l a
n g i y a b h a l a
n g i y a t h a
l i n q u m i l e
e z e z i n t u l i
z e z i n h l a m v u
l u v a l i l e
b ā p h i l a
l w a m a g u l a
b a k a m a m e
ī k h u l u
z ā p h e k a
w ē k a t s h a n a
k w a m a k h u l u
b ē n i n g i
b u q a l i s a
l o b u n c a n e
s a s i b h e k a
s ō j u
i n q u m a
k u b h e k a
e z a m a k h a n d a
e z ō m a m e
b a p h i l i l e
o b e z i n h l a n z i
y ā t h a
o b u n c a n e
z e z a b i z w a n a
a b e b a l e l a
i z o p h u m u l a
i z o b h e k a
y i z i n j a
k w a m a g u m b i
u y a b h e k a
k u z o b h a l a
u b h a l a
w a n d u l a
o k w ē c h i b i
y ī g u l a
o k w e z a b i z w a n a
k w ā v a l a
e z ē k h a n d a
b e n g i v a l a
w e z i n d l e b e
n g i b h a l a
s a s i n q u m a
o m n i n g i
e z e z i l w a n e
y e m v u
k u p h u m a
o k w e z i m v u
i b a l e l a
k w e z i l e v u
e s i T s w a n a
i n i n g i
o b e s i l w a n e
n d o d a n a
o b ō t h u l i
b e m b a z o
a b e z i k h u n d l a
n i b e v a l a
s i y a g w a z a
b e z i b h e k a
m i n i n g i
o b e z i n d l e l a
e b o n e l a
b e z i p h u m a
i q a l i s e
y a y i b a l e l a
z a m a k h o m p i y u t h a
o k w e s i k h u n d l a
w e z i n j a
e l ē G a u t e n g
b e k u g w a z a
s i y a p h i l a
k w o b u b i
n a n i n q u m a
n g i q a l i s i l e
e l e n t o m b a z a n e
n g ā p h u m u l a
e s a m a k h u l u
o w ē b u m b a
b a n d u l ē
o k w ō N c w a b a
s i n q u m i l e
e k a L w e s i n e
u t h ē
w a m a k a t s h a n a
k w e z i k h u n d l a
i b a l e l a
b ā b h e k a
e z e s a b i z w a n a
b e z i t h e l o
z i v a l a
w a w u b h e k a
b u b h e k ē
o l w e z i m b a z o
e z ō N c w a b a
k w a k u b h e k a
z i m f i s h a
e y e z i m b a z o
k w e n d l e b e
z e z i n d l e l a
l w e s i n g a n e
e z e n t o m b a z a n e
e z o b u t h u n t u
l u g w a z a
b e z a n d u l a
z i p h e k a
e l e z i l w a n e
z i z o p h u m u l a
o k w e n d l e b e
u b h e k i l e
l e s a b i z w a n a
a p h u m e
e y ō m a m e
y e s i l e v u
b u p h u m a
b h e k a
s ō m a m e
e z e s i n g a n e
b e z i n d l e b e
b ō j u
k u z o p h u m a
k u g w a z e
e z e n j a
e z ō L w e s i n e
b ā p h u m a
o l w e n d o d a n a
s i p h u m u l a
k w e s e n z o
o k w a m a k a t s h a n a
k u b h a l e
u p h e k ē
e l a b a T h w a
u p h u m u l i l e
z a m a c h i b i
n i z o b h e k a
o w e s i t h e l o
u k u g w a z a
y e s i t h e l o
a z o p h i l a
n a n i b h a l a
z a z i g w a z a
o b e s i T s w a n a
k u y a v a l a
a n d u l ē
s ā b h a l a
e z a m a k h u l u
b e b a n d u l a
k u p h i l e
a w e z i m v u
w ē k h a n d a
o w e s i n g a n e
e k a L w e s i n e
e m a k h u l w i n i
b e k u p h u m a
k u y a b h e k a
b ē k h u l u
b e w u p h e k a
b ā v a l a
s ā n d u l a
l o b o y a
k w e z i l w a n e
s i y a b a l e l a
e y a m a c h i b i
b a b e t h a
s a s i b a l e l a
s a n d u l a
i n q u m a
k w ē k h o m p y u t h a
b u q a l i s a
n g i n q u m e
y a m a g u m b i
s i p h u m u l i l e
k w ē k h u l u
e g w a z a
b u p h u m u l a
a b a k a y i s e
e s e z i n g a n e
o w e n k a t h i
e y a m a b u m b a
u b h e k a
u g w a z a
y a y i g w a z a
o w ē k h o m p y u t h a
e s e z i m b o m b o
l w a m a k h o m p i y u t h a
s i p h u m i l e
o k a N c w a b a
o l w o b u b i
z i p h u m i l e
n g u N c w a b a
e z i n d l e l e n i
k w e z i n j a
o k u n i n g i
l w a l u q a l i s a
a b e z i n g a n e
e y ē c h i b i
y e s a b i z w a n a
e z e n h l a n z i
a b a m a d o d a n a
b e z i m b o m b o
k u y a g w a z a
l u y a p h e k a
a k a L w e s i n e
k u z o p h i l a
w a w u n q u m a
o b a m a k h o m p y u t h a
s e s i h l o k o
a b e v a l a
l u y a b h a l a
z e z i n t u l i
ō h l a m v i n i
ē k h o m p i y u t h e n i
u k u b h e k a
z o b u t h u n t u
w a y e n q u m a
z ā b h a l a
e y e z a b i z w a n a
o k w ō t h u l i
b a z o n q u m a
z i b h e k a
a w a m a k h a y a
e v a l a
o l w e z i n k a t h i
l w a l u b h e k a
y e s i T s w a n a
l i y a p h u m a
k u p h u m ē
w a b a T h w a
u b h a l i l e
s i v a l e
l w a l u n q u m a
e l a m a c h i b i
z a z i p h u m a
s i z o b h a l a
k u z o v a l a
k u p h u m u l i l e
m f i s h a
b a t h e
i p h i l a
b e w u q a l i s a
o l w e m b a z o
ā b a l e l a
b e l u p h u m a
b e n g i p h u m u l a
u y a n d u l a
b e p h i l a
l ā v a l a
e z a m a c h i b i
u y a n q u m a
u b h e k ē
u b e b o n e l a
s ā b a l e l a
y a y i b o n e l a
k u z o b h e k a
e z i m b a z w e n i
a b ē k h o m p i y u t h a
z i g w a z e
i p h e k ē
q a l i s e n i
z i q a l i s a
b e l i b a l e l a
u p h e k a
o b e z i l w a n e
a b e s i n g a n e
k w e z i n t u l i
y a y a n d u l a
b e l i p h u m a
e z e z i n t u l i
y e z i t h e l o
y e z i m b a z o
s e z i n d l e b e
n g i p h u m a
o k a y i s e
e s e z i m b a z o
y ē k h u l u
k w ō L w e s i n e
e z ō h l a m v u
i p h u m i l e
k u f i s h a
a y a q a l i s a
z i k a y i s e
b e b e b o n e l a
e y ē k h a n d a
w a m a k h a n d a
s i y a b h a l a
n g a m a d o d a
e s e n t o m b a z a n e
a y a g w a z a
o l w e z i n g a n e
e z a m a g u l a
y a y i p h e k a
a b e z i t h e l o
o k w e z i m b a z o
b e b e p h u m a
k w e m i m b a
k u t h a
a n d u l a
z e n z o
k w a k u v a l a
k u p h u m e
o w a m a b u m b a
w e s i k h u n d l a
l ē c h i b i
e y a m a k h a n d a
b u t h a
z e n d l e l a
y ā n d u l a
a y a t h a
z i q a l i s e
w e z i t h e l o
y a m a d o d a
l w a n d u l e
k u z o k w a n d u l a
k u q a l i s ē
s i y a n d u l a
l i b o n e l e
l i k a m a m e
u b u n c a n e
n i t h ē
o k w ē k h u l u
u p h i l i l e
a w e n d l e b e
e z e n i n g i z i m u
k w ā p h e k a
e p h i l a
w ō b o m b o
b ā v a l a
e y e z i t h e l o
e y e s i h l o k o
k u n q u m e
b e z i b h e k a
e z i k h u n d l e n i
i z i m b o m b o
z a m a k h u l u
b ō N c w a b a
b a b u b o n e l a
w o b u n c a n e
o k w ō t h u l i
e y ō t h u l i
u z o q a l i s a
a b ē n i n g i
e l a m a k h o m p i y u t h a
s i n q u m e
e y e n d o d a
o l w ō j u
u b h e k a
l ē G a u t e n g
l i y a v a l a
y e n d l e l a
a k a m a m e
o k w e n i n g i z i m u
y e n i n g i z i m u
a m a n i n g i
e s i n g a n e n i
i b o n e l ē
s e z i n t u l i
l u p h i l ē
k u y a b a l e l a
l u b h e k a
e y a b a T h w a
b e k u p h u m u l a
a w ē k a t s h a n a
w e z i n h l a n z i
k u y a b a l e l a
y i z i n d l e b e
e l ō L w e s i n e
l ā p h i l a
k u b h e k i l e
n i t h i l e
l i p h u m u l a
w a w u b o n e l a
w ē c h i b i
s i t h ē
b e y i b a l e l a
u n q u m i l e
s i z o k u t h a
o k w ē n i n g i
s i k a N c w a b a
e m u m b e n i
i s i T s w a n a
b u y a q a l i s a
ō b o m b o
o l w e z i n h l a m v u
s i z o q a l i s a
k w e n d o d a
e y a m a k a t s h a n a
k u n q u m a
w o m u m b a
w a n d u l a
b e z e n z o
w ā p h u m a
s i q a l i s a
e s ō m a m e
n i q a l i s i l e
k u b h a l a
e z ō j u
o k w e z i k h u n d l a
z i z o g w a z a
s i p h i l ē
b e w u p h u m a
l u t h i l e
e y e m i m b a
k u y a p h e k a
z ā b h e k a
u y a b h e k a
b u v a l i l e
l u z o p h e k a
l u k a L w e s i n e
u p h e k a
u b a l e l a
w e z i h l o k o
i t h i l e
a b o b u n c a n e
b u g w a z ē
l u b a l e l e
n i g w a z a
u y i s e
y i z i n d l e l a
a w e n d l e l a
l i p h u m u l ē
u v a l i l e
e z e z i l w a n e
z i p h e k i l e
ī k h a y a
y o b u t h u n t u
l u y a p h u m a
s ē k h a n d a
b u p h i l e
a t h i l e
u y a b h a l a
u z o g w a z a
u t h ē
k w e z i m b o m b o
y ē G a u t e n g
k u t h a
z i y a n q u m a
o l w e z i l w a n e
z i t h ē
k u z o n q u m a
z e s i l w a n e
o b o b u t h u n t u
i z i l e v u
n i p h i l i l e
a y a p h u m u l a
b ō y i s e
i v a l a
z i y a b h a l a
l w ē G a u t e n g
k u z o b h a l a
i g w a z ē
y ē c h i b i
i b o n e l a
n g a m a g u m b i
i p h u m u l ē
n g i p h u m i l e
n i z o n q u m a
b a k a L w e s i n e
s ā p h i l a
o b e s e n z o
z i p h i l i l e
a b a m a d o d a
i p h u m u l a
a w e n i n g i z i m u
e y a m a k h u l u
k u p h u m u l a
e n k a t h i n i
i b h e k i l e
b a b e v a l a
e z o m u T h w a
a w e n t o m b a z a n e
n g i p h i l a
g w a z e
b e z i g w a z a
i b h a l a
b u n q u m i l e
y ō j u
b e g w a z a
o w e z i n h l a n z i
w ē k h a y a
w ō m a m e
a p h u m ē
a w ō m a m e
o k w a m a g u l a
b e b e q a l i s a
z i k a L w e s i n e
w e z a b i z w a n a
y a y i q a l i s a
y a y i g w a z a
a w e z i n j a
e l e s i k h u n d l a
e y a m a k h u l u
l e m i m b a
w ā p h u m u l a
z i b o n e l e
b e s i T s w a n a
l i n q u m a
e z o b u b i
l u z o g w a z a
a p h u m u l e
b u p h e k e
e s e z a b i z w a n a
b a p h u m u l i l e
o k w e n k a t h i
k u t h e
l w ā p h i l a
s i z o n q u m a
s i b h e k a
l u y a n q u m a
s i l e v u
a n d u l a
s i q a l i s i l e
y i z i k h u n d l a
s i z o k w a n d u l a
e z e s i T s w a n a
l w o b u t h u n t u
s i b a l e l a
s i b e b o n e l a
n i z o v a l a
k w ē g u l a
z i z o b h a l a
b e m v u
b a b h a l ē
b a y a q a l i s a
n g i b a l e l ē
z i q a l i s i l e
a b ō y i s e
e s ē k a t s h a n a
b e l u b h a l a
y ā p h e k a
z e z i m b o m b o
l w ē k h o m p i y u t h a
o b e z a b i z w a n a
l e s i k h u n d l a
y e s i T s w a n a
w e z i n k a t h i
b ā b o n e l a
w ā b a l e l a
i t h e
w e z i n t u l i
o b o m u T h w a
y a y i b h e k a
e z e s i l w a n e
a w ō t h u l i
e s e z e n z o
z i t h e
z i t h i l e
e k a y i s e
b e z i n h l a m v u
y i t h e n i
z e z i l e v u
u n q u m a
ī n i n g i
e s i h l o k o
y a m a g u l a
z i y a q a l i s a
l i q a l i s a
o k w ē g u m b i
o k w ē g u l a
ā t h a
o l w e z i n h l a n z i
s e s a b i z w a n a
s i b e n q u m a
e l ō m a m e
z i b h e k ē
w ō L w e s i n e
u b e b h a l a
l u y a n d u l a
p h i l a n i
s i t h i l e
a w e z i h l o k o
o k w e z i n h l a n z i
a z o p h u m u l a
z ā n d u l a
y ā p h i l a
l e s i l w a n e
z a m a g u m b i
o k w e z i k h u n d l a
l e s i l e v u
o w e z i n j a
l w e n j a
o w e n d l e b e
o w e z i n t u l i
s a n d u l i l e
e z i k a m a m e
s i b a n d u l a
b e n g i b h e k a
s i b e g w a z a
z i b o n e l a
e z i k a y i s e
i q a l i s a
u k u p h u m u l a
e y ō j u
a m a k h a n d a
u n q u m ē
z e n i n g i z i m u
m i m b a
e n h l a n z i
m a k h u l u
k u v a l ē
l a m a k a t s h a n a
a q a l i s i l e
a y e p h e k a
b a t h ē
k w ō j u
e m i m b a
k w ā v a l a
l u z o n q u m a
o w a m a k a t s h a n a
l w e z e n z o
s i y a b h a l a
y i s i T s w a n a
o k w e z e n z o
e y e n i n g i z i m u
n g i y a p h u m u l a
z i k a N c w a b a
l e n d o d a n a
e y a m a d o d a n a
e z e s i n g a n e
z ē G a u t e n g
o w o m u T h w a
o k w e s a b i z w a n a
a m a k h o m p y u t h a
z o b o y a
e z ē c h i b i
o w a m a g u m b i
e t h a
n g i z o b a l e l a
i p h e k i l e
o l w a m a k h u l u
a w e n d o d a
z i y a p h i l a
a y e q a l i s a
s i y a n q u m a
z i y a p h u m u l a
z i z o p h u m a
z ā b a l e l a
l ō L w e s i n e
m a n i n g i
l i v a l e
o l w ē k h u l u
a b ē g u m b i
o l w ē g u l a
o b e s a b i z w a n a
z i p h u m u l e
s i z o p h e k a
b e b u n q u m a
z ē c h i b i
e s o b u t h u n t u
b e b a n d u l a
u t h e
z i n q u m ē
z ā v a l a
a y a p h e k a
k u y a b h a l a
w ā t h a
n i b h e k a
u n q u m ē
z e s i l e v u
ū t h u l i
b e n d o d a n a
l w a n d u l ē
n g a n g i b o n e l a
k w o b o y a
z e z i n h l a n z i
n ā b o n e l a
i n d o d a
y i n d l e l a
b e z i g w a z a
u y a v a l a
w ē k h u l u
a z o b a l e l a
i n q u m a
u g w a z a
e y ē k a t s h a n a
a v a l i l e
e y e z i n g a n e
e z e n d l e l a
l u g w a z ē
e y ō N c w a b a
a b ē k h u l u
l u t h a
l i p h e k e
e y e z i n t u l i
w a w u b h a l a
l w a n d u l i l e
u b e b o n e l a
y ē b u m b a
a n d u l a
s ā q a l i s a
l a l i q a l i s a
e z e n t o m b a z a n e
e z a m a b u m b a
k w e n i n g i z i m u
y e n t o m b a z a n e
o l w o m u T h w a
b a y a b a l e l a
y ē k a t s h a n a
b u g w a z i l e
n g i p h e k i l e
e y o b o y a
e p h u m a
o k w e m b a z o
o k w e s i h l o k o
a m a f i s h a
e n q u m a
z e z i m b a z o
e y ē k h o m p y u t h a
b a m a b u m b a
n i q a l i s a
e z a m a k h o m p y u t h a
k u b h e k e
n i b e b h a l a
e l i k a y i s e
k w ē k a t s h a n a
u b h a l a
e y e n h l a n z i
w e z i m v u
o b a m a k a t s h a n a
l w ā p h u m a
o w e s i l w a n e
u y a n q u m a
z i y a p h u m u l a
z ā g w a z a
k w a n d u l i l e
u t h a
o k w e z e n z o
l i b h a l a
l u p h u m u l e
z a m a k h o m p i y u t h a
b e y i p h i l a
n g i b h a l i l e
n i z o p h u m a
e y a m a k h a n d a
z i k a y i s e
b a k a N c w a b a
s i z o p h i l a
z i z o q a l i s a
z e z i n k a t h i
y e z i n h l a n z i
k u z o n q u m a
k u n q u m ē
w e n t o m b a z a n e
w ē G a u t e n g
u z o b o n e l a
o k w ē k h o m p y u t h a
n g i n q u m i l e
z i n q u m a
e z e s e n z o
u z o p h u m a
z i n q u m i l e
a b e s i k h u n d l a
a b a T h w a
k u v a l i l e
a b e m b a z o
e y o m u m b a
w ō y i s e
s ā p h e k a
o w e n h l a n z i
b u b h a l a
k w e n t o m b a z a n e
i s i n g a n e
k w e z i n h l a m v u
w ē k h o m p y u t h a
w a w u b o n e l a
i p h e k a
o k u k a N c w a b a
k u q a l i s ē
b h e k e n i
b e z i b a l e l a
y i z i l w a n e
a w e z i n t u l i
e m b a z o
b ē k h o m p i y u t h a
b ē k h o m p y u t h a
i y a t h a
b ā p h e k a
ā v a l a
b e n g i b a l e l a
k u n i n g i
y e n j a
u n q u m ē
e y e n j a
b e p h e k a
a w e s i l e v u
a b e n k a t h i
z i g w a z a
y ā g w a z a
s i z o b a l e l a
k u y a q a l i s a
s i b a l e l ē
l e z i n g a n e
u z o p h i l a
z ā p h u m u l a
b e z e n z o
b e n d l e l a
b e p h u m u l a
e s ō j u
e y e s i T s w a n a
e y ē b u m b a
i b a l e l a
o w a b a T h w a
b u t h e
l i y a b h a l a
b ā p h u m u l a
s i t h ē
z a z i q a l i s a
i v a l a
s i g w a z e
u b e n q u m a
e m i f i s h a
a b o n e l e
a n d u l e
l u b o n e l e
o w e m i m b a
z o b u n c a n e
z i n q u m ē
i z o v a l a
a m a g u l a
y o b u t h u n t u
y ā p h u m u l a
b e y i t h a
o k w o b u b i
z i t h i l e
z i b h e k a
l u p h e k a
k w a m a k h o m p y u t h a
l w ō b o m b o
b a b u b h a l a
b e k u t h a
s i p h e k a
s i p h e k ē
l w ō L w e s i n e
z e z i n k a t h i
z i t h a
z i p h u m u l e
a w e z i t h e l o
s i b h e k e
y ē k h u l u
z a z i b o n e l a
k u b h e k i l e
w a m a g u m b i
k u z o b o n e l a
o b ē k h u l u
l u b h e k i l e
k w o m u m b a
s e z i m b a z o
b e y i g w a z a
a b a l e l e
o b a m a k h u l u
o k w e s i t h e l o
l w a m a k h a n d a
w e m v u
b e l i q a l i s a
y a y i n q u m a
w a m a b u m b a
k u p h u m u l ē
z i p h i l ē
b a b h a l i l e
p h u m u l a n i
z i t h a
i t h a
s e s i t h e l o
b a b o n e l a
y ō h l a m v u
k w a k u p h u m u l a
w ā v a l a
e n j a
w o b o y a
s i v a l a
e z e z a b i z w a n a
y ā v a l a
o w e m b a z o
b e n k a t h i
ī g u l a
u t h a
b a m a d o d a
w a w u p h u m a
s i g w a z i l e
l i p h i l ē
o b e z i n g a n e
b e y i p h e k a
i n q u m ē
e z ē k h a y a
o b ē c h i b i
b u n c a n e
o k w ē k h a y a
s o m u T h w a
s ā b h a l a
k u p h i l a
a p h e k ē
y i n t o m b a z a n e
k u g w a z a
y ē k h o m p y u t h a
b e l u n q u m a
b e z i n t u l i
k w o b o y a
i b o n e l e
b a p h e k ē
z o b u t h u n t u
z e n t o m b a z a n e
u y a p h u m a
u b e b h a l a
n i n q u m a
e n t o m b a z a n e n i
z ā p h i l a
a b e s i l w a n e
u b e p h u m a
z ā t h a
k w e m b a z o
u m u m b a
k w a m a k h a y a
y e z i t h e l o
k w a n d u l e
i t h i l e
l w ā b a l e l a
b u p h i l ē
w ō m a m e
a w e z i n d l e l a
z o b u b i
n g ā g w a z a
e l e z i n j a
l i n q u m a
b a b h e k e
w e z i n g a n e
b o n e l a n i
b a p h u m e
l e m v u
k w a m a k h o m p y u t h a
e z ē k h u l u
o m u T h w a
ū h l a m v u
i z o p h e k a
k w e n d l e b e
l i k h a y a
y a m a k a t s h a n a
k w o m u T h w a
a b a l e l a
k u b h a l i l e
n a n i p h u m a
o k w a m a k a t s h a n a
a b a l e l e
a q a l i s e
k w a m a d o d a n a
n g i g w a z ē
e p h u m u l a
n g i z o p h u m u l a
e y e s i k h u n d l a
u g w a z ē
u b u t h u n t u
e z e z i l e v u
l e s i t h e l o
n g i z o k w a n d u l a
o l u k a L w e s i n e
s e z i t h e l o
n g ā b a l e l a
z i b o n e l ē
k w ā p h i l a
k u p h u m u l a
u z o k u t h a
b ā b h a l a
s i z o p h u m u l a
i y a g w a z a
k u p h u m u l e
z e m b a z o
s i g w a z ē
n i y a t h a
i y a b a l e l a
b e z i b a l e l a
a w a m a d o d a n a
b u z o p h u m u l a
b e w u b a l e l a
s a n d u l a
b e l a n d u l a
w a y e b h e k a
y ē g u m b i
w o b u b i
u y a p h u m a
s i t h e
l w ā n q u m a
w a m a d o d a
z i b o n e l ē
b e n q u m a
b e b e g w a z a
y ē g u l a
n i y a b h a l a
a q a l i s ē
e s i k a m a m e
b ē k h u l u
o b e z i h l o k o
l u b h a l i l e
b u p h e k a
u y a v a l a
l u p h u m a
k w a n d u l ē
b e l u p h i l a
o w e n d o d a
e y e n t o m b a z a n e
w ā p h i l a
u b e g w a z a
u z o b a l e l a
k w ā b h e k a
e y a m a k h a y a
s i z o g w a z a
o b e n d l e l a
l w o m u m b a
a b a k a N c w a b a
s e n t o m b a z a n e
e q a l i s a
k w e z i n d l e b e
w o m u T h w a
u p h u m ē
l i z o v a l a
b e k u n q u m a
b u n q u m a
a b ē G a u t e n g
n i b e p h i l a
k a m a m e
u z o p h u m u l a
l i p h u m ē
o k w e z i n g a n e
ē k h o m p i y u t h a
s i b h a l e
a b a m a k h a n d a
l ā n q u m a
z a n d u l a
a z o g w a z a
s i b a l e l e
o w ē g u m b i
n g ā p h u m a
n g i v a l e
l w ā n d u l a
n i p h e k e
b a b e b a l e l a
o k a L w e s i n e
w a w u p h e k a
b a n i n g i
i y a n q u m a
b e n h l a n z i
a b a m a k h o m p i y u t h a
n i b e b h e k a
k u y a v a l a
z ō y i s e
e z e z i t h e l o
b e l i n q u m a
b u q a l i s ē
k u p h i l i l e
o k w o b o y a
i y a t h a
e s i l e v u
w e n t o m b a z a n e
l i y a g w a z a
w e n d o d a n a
w ā n q u m a
l ē k h o m p y u t h a
k w a m a k a t s h a n a
a b e z i n h l a m v u
l i G a u t e n g
i s i k h u n d l a
y e s i l w a n e
e z i n j a
m b a z o
y o b o y a
l ē k h a y a
w ō j u
b e b u p h i l a
l i y a q a l i s a
u p h u m i l e
ō t h u l i
n ā g w a z a
l i y a b o n e l a
e z e s e n z o
e z e z i n h l a m v u
z a z i p h u m u l a
e p h u m u l a
a y a b o n e l a
a w e m b a z o
o m f i s h a
e z ē k a t s h a n a
e y a m a c h i b i
b ā g w a z a
k w ā p h e k a
i n j a
e y e z i n d l e b e
k w e n h l a n z i
o k a y i s e
b e k u q a l i s a
i b h a l e
l u b a l e l ē
z e m i m b a
e n g i m f i s h a
y a y i b a l e l a
o w e n d o d a n a
g w a z a n i
o w e s e n z o
n i z o p h u m u l a
l i n i n g i
e m b a z w e n i
o b e z i n j a
o w ē k h a y a
k w a b a T h w a
s ā p h u m a
w e z i n k a t h i
l u t h u l i
b u k a y i s e
m a k h o m p y u t h a
u y a b a l e l a
l e s i h l o k o
n g u b o y a
w e n d o d a
e y ē k h u l u
a w e z i l w a n e
k u z o g w a z a
e y a b a T h w a
z ō j u
y i t h a n i
b u z o q a l i s a
b a p h e k i l e
l a l i b a l e l a
a b ō L w e s i n e
z e s i h l o k o
b o b o y a
b e z i n g a n e
l w a m a g u m b i
s ā p h i l a
n i z o k u t h a
o w e n j a
s i b h a l a
l i p h u m u l a
e s a b a T h w a
a z o k u t h a
e m a c h i b i n i
e z ē n i n g i
e z i m b o m b o
l e n j a
e z i n i n g i
w ā n d u l a
e y a m a k h o m p y u t h a
o k w ō m a m e
i p h i l ē
o k w a m a d o d a
o l w ō L w e s i n e
y ā q a l i s a
k u k a y i s e
u p h u m e
a b a m a k h o m p y u t h a
l u t h e
u p h i l ē
u p h u m a
l w a l u v a l a
i z o k w a n d u l a
u b h a l a
u p h u m i l e
k w ō y i s e
z ā b o n e l a
s i y a b h e k a
k w ē k h o m p i y u t h a
l e z i l w a n e
z i p h u m u l a
u p h e k i l e
o l w e s i k h u n d l a
e z e m b a z o
z a z a n d u l a
u v a l i l e
n g ā n q u m a
b a y a b o n e l a
z a m a k h a y a
b e w u g w a z a
s i p h e k e
e l e n k a t h i
e b u t h u n t w i n i
o k w a m a k h o m p y u t h a
l ē g u m b i
b e b h a l a
o w a m a k h a y a
e l e s i t h e l o
s i v a l ē
n g ā b h e k a
o k w ō y i s e
z i n d l e b e
e s i f i s h a
a y a b h a l a
u p h e k i l e
b u z o k w a n d u l a
e y ō y i s e
b e z i b h a l a
l w e z i m v u
e g w a z a
u p h e k a
s i p h u m a
e l a m a k a t s h a n a
w e z i h l o k o
e l ō N c w a b a
s i b h a l a
ū b o m b o
b e l i p h e k a
s e z i n k a t h i
w ā b o n e l a
l e n t o m b a z a n e
k w e s i T s w a n a
b e z i n h l a n z i
u z o k w a n d u l a
a p h u m e
b e s i k h u n d l a
y ō h l a m v u
n i b o n e l e
a z o q a l i s a
n i b e t h a
u y a n d u l a
w a m a c h i b i
e z e m v u
a w e z i n h l a n z i
w e s e n z o
m a g u l a
b e n d o d a
u y a b a l e l a
u q a l i s ē
l w ō h l a m v u
y ē k a t s h a n a
o k w e m b a z o
a w a m a g u m b i
n i z o b a l e l a
z e z i l w a n e
i v a l i l e
y a m a k h u l u
e s e z i l e v u
b e w u v a l a
a t h e
ī G a u t e n g
u y a p h u m a
a b o b o y a
a b e z i m b a z o
s e z i n h l a n z i
z a m a g u l a
e s ē k h o m p y u t h a
e z ē g u l a
l u q a l i s i l e
o k w o b u t h u n t u
b u b o n e l ē
k u v a l i l e
s i p h u m u l ē
o l w a m a g u l a
n g i n q u m a
s i z o n q u m a
z e z i m v u
u k u n q u m a
y o m u T h w a
e y e z i n t u l i
o b e n d o d a n a
z i p h u m u l i l e
l w ē b u m b a
w a m a k h u l u
k u y a n q u m a
o w ē b u m b a
n g a m a k h u l u
k w ā q a l i s a
ā p h e k a
n i b a l e l ē
e y e s i t h e l o
a w o m u T h w a
o k w e s i l e v u
b e b u p h u m a
k u b o n e l ē
a b a m a k h a y a
u z o n q u m a
w o m u m b a
s i z o b h e k a
w ā b h e k a
e n d l e b e
s i p h u m u l ē
b ā b o n e l a
n i b h e k a
b e b e b a l e l a
l o b u t h u n t u
o b e n t o m b a z a n e
o l w e z a b i z w a n a
s a s i b h e k a
z e n d o d a
z ō N c w a b a
z i y a b a l e l a
a b e p h e k a
w ā p h u m u l a
b a v a l a
w ā g w a z a
s i p h u m a
z ē b u m b a
e l a m a k h a n d a
u b a n d u l a
o k w a m a k h u l u
l u v a l e
i p h u m a
k w ō m a m e
o w a m a k h o m p y u t h a
n g i g w a z a
z i y a p h u m a
b e b u b a l e l a
b e n t o m b a z a n e
s i p h u m i l e
o w ē n i n g i
l w ē k h a y a
i z o p h i l a
u b o n e l a
i q a l i s a
b e s i q a l i s a
y i s a b i z w a n a
n i b h a l a
b u g w a z a
l i q a l i s a
b e z i n d l e l a
y a m a k h o m p i y u t h a
u b a l e l e
o w ō L w e s i n e
a y e g w a z a
u b a l e l ē
o w e n d l e l a
e z i n h l a n z i n i
z i p h i l i l e
s e n t o m b a z a n e
u k u p h u m a
e y e z i k h u n d l a
z ō L w e s i n e
e z a m a k h o m p y u t h a
u b e b a l e l a
l i k a L w e s i n e
o k w e s i k h u n d l a
e z a m a k h u l u
e s i l w a n e n i
k w e z i n k a t h i
k u v a l a
e y ē k a t s h a n a
y ō y i s e
z e z e n z o
b e y i t h a
a w e z i m b a z o
y e s e n z o
o w e s a b i z w a n a
b e n d l e b e
l i b o n e l a
l w a m a k h u l u
a w ē b u m b a
b u n q u m e
u b a n d u l a
y ā n q u m a
e s a m a k a t s h a n a
k w ā g w a z a
a b e n d o d a n a
a y a p h u m a
o l w a m a d o d a
k u k a L w e s i n e
o k w ē k a t s h a n a
z i z o b h e k a
a b e z i n j a
i m i m b a
s i z o p h u m a
b ē c h i b i
n i b a l e l a
k w o b u t h u n t u
n g ō m a m e
l a l a n d u l a
l u p h i l a
o k w e s i l e v u
a p h u m u l a
a y a v a l a
l u y a p h i l a
s i y a q a l i s a
e s e z i h l o k o
u p h u m u l i l e
z i y a n q u m a
b u y a n d u l a
y ī k h o m p y u t h a
z ā v a l a
i b a l e l ē
b e s i h l o k o
o w ē k h a n d a
e s a b i z w a n e n i
k w e z i m b o m b o
e y a m a g u l a
e s ē k h u l u
e s e z i n d l e l a
k w ō y i s e
s i y a p h u m a
z ē k h a y a
e z e z i n d l e b e
o l w e z i n d l e b e
k u z o b h e k a
b e z i b h a l a
s i p h e k a
y a b a T h w a
u p h i l i l e
i z o p h u m a
k w e z i t h e l o
b u b h e k e
z i y a p h e k a
z ē n i n g i
k w ō h l a m v u
o k w e z i h l o k o
l i k a N c w a b a
k w e z i n d l e l a
l u p h u m u l a
w a y e p h e k a
m a m e
z i m v u
z ō t h u l i
a b e n q u m a
k u b a l e l ē
i g w a z a
o w e s i T s w a n a
b e z i p h u m a
e s e s i t h e l o
e s e z i n h l a m v u
s i p h e k e
b u k a m a m e
n g i z o b h e k a
n g a b a T h w a
s i y a p h u m a
e z e n d o d a
a b h e k e
s ā b h e k a
m a f i s h a
u v a l a
l w ō t h u l i
o w ō b o m b o
k w a m a b u m b a
k w e m v u
y ā p h u m a
b e z a b i z w a n a
i n t o m b a z a n e
s i z o p h i l a
e z ō b o m b o
n i p h u m i l e
b e s i l e v u
y i z i m b a z o
z a z i p h i l a
a y e t h a
b e z i m b a z o
s i b a l e l a
z i z o p h u m u l a
a z o b o n e l a
e m f i s h a
k u p h e k e
b a b o n e l ē
u q a l i s a
e l a m a k h u l u
o w e z e n z o
k w ō t h u l i
s ā n d u l a
b e y i v a l a
l e z e n z o
w e s i n g a n e
i z o p h u m a
e n i n g i z i m u
a n d u l ē
y e n d o d a
o w e z i n k a t h i
e z e z i h l o k o
n i p h u m u l a
i b h e k i l e
b e z i m v u
e l i k a N c w a b a
e b h e k a
b e z i h l o k o
l i b h e k a
l i p h u m u l i l e
k w a k u q a l i s a
w e n i n g i z i m u
i n t o m b a z a n e
s i q a l i s a
w a n d u l ē
b e s a n d u l a
s i p h u m e
o k w e z i m b a z o
s i z o g w a z a
s a s i p h u m a
k w e s i T s w a n a
k u k a m a m e
u z o b o n e l a
o k w o m u m b a
o k w e s i T s w a n a
u k u q a l i s a
z e z i n j a
l w e z i m b a z o
ō m a m e
e z o m u T h w a
n g i b a l e l a
ā n d u l a
k u t h i l e
b ā b h e k a
b e s i n q u m a
l w e z i n d l e b e
b e s i t h e l o
e l e s e n z o
a k a N c w a b a
e z e z i m v u
k w e z i m b a z o
b a y a b h e k a
w ā q a l i s a
u b e p h u m u l a
y ā b h a l a
o k w e z i n g a n e
n g i b o n e l a
k a N c w a b a
u b e v a l a
m i f i s h a
z ē k h o m p i y u t h a
u b h e k ē
s i p h e k i l e
e s o b u b i
e l e n d l e l a
n i y a b o n e l a
b u y a v a l a
o k w e z i n d l e l a
z a n d u l a
z a z i t h a
n a n i b a l e l a
e z e z i m b o m b o
z i p h e k a
b e z i l e v u
b e z i v a l a
e l e z i k h u n d l a
b e m i m b a
k a N c w a b a
a w ō y i s e
l u q a l i s ē
l i q a l i s e
a w ē k h a y a
s i v a l a
e s e z i n h l a n z i
e y ē k h o m p i y u t h a
o k w ō L w e s i n e
k u q a l i s e
n g i b o n e l ē
b o n e l a
n i y a p h e k a
z i q a l i s a
k u n q u m i l e
i y a q a l i s a
n g i z o q a l i s a
k u b h e k e
a b a n i n g i
e y ō y i s e
a b a k a L w e s i n e
o l w e z i n d l e l a
u b h e k a
y e m b a z o
k w ā n d u l a
w ā t h a
u b a l e l ē
k w e s a b i z w a n a
ī b u m b a
u p h u m a
y a m a k h o m p i y u t h a
b ē k h o m p i y u t h a
n i y a p h u m a
b e m b a z o
l ē k h a n d a
k w ā n q u m a
y i z i n h l a m v u
e y e n t o m b a z a n e
w ē k h o m p i y u t h a
w e s i T s w a n a
e n k a t h i
e y e z i n j a
n g i t h i l e
o b u k a y i s e
e l e z i n h l a n z i
z i p h u m a
e z ō y i s e
o w e z i k h u n d l a
u b h e k a
i z i t h e l o
a y e n q u m a
s a m a k h o m p y u t h a
o b o y a
n i b e p h u m u l a
l i g w a z a
l i b h a l a
k a y i s e
u z o p h i l a
o w a m a k h o m p i y u t h a
e z i l e v i n i
n i q a l i s a
k u g w a z ē
s i b o n e l e
e m i n i n g i
k u y a p h i l a
n a n a n d u l a
l u b h e k e
y ī k a t s h a n a
a w ē g u l a
w ō N c w a b a
n g i z o v a l a
o b ō j u
o w e z i m b o m b o
b e z i b o n e l a
z ō y i s e
l i n q u m ē
y a m a k h u l u
w ō N c w a b a
s i b h e k i l e
i z a b i z w a n a
l ā b h a l a
n i p h u m u l ē
o w e m b a z o
e z ē G a u t e n g
e s ē c h i b i
u p h e k i l e
b e l i b o n e l a
u q a l i s a
e y a m a d o d a
i z o b o n e l a
s i q a l i s a
l e z i n t u l i
k u p h u m u l a
l w ā g w a z a
e l a m a d o d a
n ā n d u l a
w a n d u l a
o m n i n g i
p h u m e n i
e n d l e b e n i
u n q u m e
e z ō b o m b o
e l o b u t h u n t u
e s ō L w e s i n e
z a m a b u m b a
o b e s i k h u n d l a
u t h ē
o w e n d o d a
e y ō h l a m v u
b a q a l i s ē
e s i b a f i s h a
y ē k h o m p i y u t h a
k u v a l ē
y e s i k h u n d l a
o k w a m a d o d a n a
b e y i p h e k a
e z e z i m b o m b o
u q a l i s a
z e n d o d a n a
z i b a l e l a
e z e z i n k a t h i
e s a m a k h a y a
u v a l a
n g i z o b h a l a
a w ē k h u l u
z e n d l e b e
y ō t h u l i
i z i m v u
o w e z i m b o m b o
n i b a n d u l a
a b e q a l i s a
o w ō N c w a b a
a b e b h a l a
i n d l e l a
e y e z e n z o
i z o g w a z a
z i g w a z ē
e s a m a c h i b i
l i z o p h e k a
l i b a l e l ē
s a s a n d u l a
e l e s i l w a n e
b e n d l e l a
u z o k u t h a
m v u
k a m a m e
y e z e n z o
z i b h a l i l e
o w e s i h l o k o
ē c h i b i n i
u b e p h i l a
k w ō N c w a b a
z i b h a l i l e
b e y i p h i l a
o w a m a c h i b i
y a y i p h u m a
e z i n h l a n z i
b a v a l i l e
w e z i m v u
s ā n q u m a
a b ē k a t s h a n a
z ā b a l e l a
o w ē g u m b i
s i p h e k ē
u g w a z e
a w a m a k a t s h a n a
e y ō L w e s i n e
a w ō b o m b o
a v a l e
e s a m a d o d a n a
w a m a k h a y a
s i n q u m a
e s i k h u n d l a
l u y a q a l i s a
z i n q u m a
k u q a l i s a
b ō y i s e
n d l e b e
b ō L w e s i n e
e s ē g u m b i
e l ē k h a y a
y i z a b i z w a n a
o k w e z i n t u l i
a m a g u m b i
z i g w a z e
b e z i t h a
n i g w a z ē
y e z i k h u n d l a
a b e z i m v u
o b e s i l e v u
b e b o n e l a
b u p h u m i l e
b e k u b h e k a
o k w a m a k h o m p i y u t h a
i y a v a l a
e l o m u T h w a
o k w a m a k h a y a
a b e z i n d l e b e
e z e z i n g a n e
s i g w a z ē
a w e s e n z o
l u n q u m i l e
e l ō j u
e p h u m a
l u g w a z a
u y a p h u m u l a
k w a m a c h i b i
o w o m u T h w a
b u z o k u t h a
k w e z i n d l e l a
u b e p h u m u l a
z e z i l w a n e
k w ō h l a m v u
y e n t o m b a z a n e
e s e m b a z o
e z a m a k h a y a
e z i k a N c w a b a
n g i p h i l ē
l w e n t o m b a z a n e
u m n i n g i
b u y a b a l e l a
y e s i h l o k o
s i z o v a l a
a m a k h o m p i y u t h a
l i p h i l a
o w e z i n j a
k w ō t h u l i
e z e n d o d a n a
w ē c h i b i
s i k h u n d l a
z o b u n c a n e
e z i n j e n i
ē b u m b e n i
z ō m a m e
ē g u m b i n i
l u k a m a m e
e m a b u m b e n i
e s e n z w e n i
l w ō m a m e
e z ō m a m e
e z i n g a n e n i
e s i T s w a n e n i
n g a m a g u l a
a b ō m a m e
ō L w e s i n e
o k u k a m a m e
e z i k a m a m e
z i k a m a m e
z i k a m a m e
a w ō L w e s i n e
b ō m a m e
k a m a m e
w ō L w e s i n e
n g i g w a z e
n g a n g i g w a z a
a w ō j u
e y ō m a m e
e s ē n i n g i
e k a m a m e
o b u k a L w e s i n e
e k a m a m e
l u n q u m e
a m a g u m b i
v a l e n i
e z ē n i n g i
o k u k a L w e s i n e
a w e n j a
e s a m a g u l a
z a m a g u l a
k a L w e s i n e
s i k a L w e s i n e
s ē n i n g i
k a L w e s i n e
s e z i m v u
w a w u n q u m a
e l e m v u
y i n i n g i z i m u
l i n q u m e
e z i k a L w e s i n e
e z a m a g u l a
o w ō L w e s i n e
k a L w e s i n e
a b e n i n g i z i m u
l a m a g u m b i
z i k a L w e s i n e
n g i v a l a
e l i n i n g i
z a z i n q u m a
u n q u m e
e z e z i n h l a m v u
e z i n t u l i n i
e z e z i m v u
l w e n i n g i z i m u
k ō m a m e
s e z i n j a
o b a m a g u m b i
z i n i n g i
l ō j u
o k w e n i n g i z i m u
n g a n g i b a l e l a
e z i m v u
e z i n g a n e
e z i n h l a m v u
e y ō L w e s i n e
ē k h u l w i n i
l e z i n h l a m v u
b a m a g u m b i
e s i k a N c w a b a
a m a g u l a
o w a m a g u m b i
n ā n q u m a
o w e n i n g i z i m u
l w ō j u
e z i h l o k w e n i
l u n q u m a
s e s e n z o
i n q u m e
n g a n g a n d u l a
k u n i n g i
y a n d u l e
k w a k u n q u m a
e s e z i n t u l i
z e m v u
e s o b u n c a n e
i n q u m e
n g u b u n c a n e
w e z i n h l a m v u
n g a n d u l a
z i z o n q u m a
o l w a m a g u m b i
y i z i m v u
w e n j a
y i z e n z o
b e n i n g i z i m u
e z ē G a u t e n g
o w e z i n h l a m v u
o l w e n j a
a b e s e n z o
z i k a N c w a b a
e l e s i n g a n e
o l u k a y i s e
z ā n q u m a
u L w e s i n e
z i n g a n e
q a l i s a n i
e l o b u n c a n e
e z i t h e l w e n i
k w a m a g u l a
k w e z i n h l a m v u
o l w e z i n j a
n g a n g i p h e k a
e m a k h o m p i y u t h e n i
k w ō N c w a b a
e l o m u m b a
u m f i s h a
o k w e n j a
e y a m a g u m b i
u n q u m a
e k a N c w a b a
b a b u n q u m a
o w ē n i n g i
u z o n q u m a
z e s e n z o
b e w u n q u m a
e z a b a T h w a
o w ō N c w a b a
z i n i n g i
ō h l a m v u
o b o b u n c a n e
o l w e z e n z o
y a m a g u m b i
n i v a l e
e l ē g u l a
w ō j u
l e s i n g a n e
ē g u m b i
m u m b a
i z o n q u m a
e l a m a d o d a n a
e z o m u m b a
m a d o d a n a
o k u k a y i s e
a b a b a T h w a
e s e z i n d l e b e
a w a m a k h u l u
k w ē n i n g i
e s ē g u l a
l u g w a z e
a w a m a d o d a
a w a m a c h i b i
a w e n t o m b a z a n e
k w e z i m v u
m f i s h a
o w e m i m b a
i s i l w a n e
z a m a d o d a n a
n g i t h e
b e z i n j a
k u k a N c w a b a
s a b a T h w a
z a n d u l e
z a m a d o d a n a
z a n d u l e
w a y e v a l a
y e z i n h l a m v u
a g w a z e
e m a d o d e n i
e l e n h l a n z i
b h a l e n i
s a s i g w a z a
z ē g u m b i
o w e z e n z o
l w a m a d o d a n a
z a m a d o d a
k w e z i n j a
l a m a d o d a n a
s o m u m b a
o l w o m u m b a
s e z i m b o m b o
s a s i q a l i s a
k w e z i n g a n e
e l e z i m b o m b o
e y ō N c w a b a
y a m a g u l a
b e n j a
a w e n h l a n z i
b o b u n c a n e
o k u k a y i s e
k w e z e n z o
e z e z i n d l e b e
w a m a d o d a n a
l i g w a z e
e l e n t o m b a z a n e
b ā n q u m a
e l ō b o m b o
e n d l e l e n i
z o m u m b a
l a m a d o d a
o w ē G a u t e n g
n g i z o g w a z a
z a m a c h i b i
e y e m v u
e n d o d a n e n i
e n g i m n i n g i
l u v a l a
z e z i n h l a n z i
a b ō h l a m v u
z i v a l e
n a n d u l a
k w e n j a
o k w e n t o m b a z a n e
e l e s i T s w a n a
s e z i l e v u
b ā n q u m a
o k w e n t o m b a z a n e
m a c h i b i
l e n h l a n z i
e n t o m b a z a n e
k u v a l e
z e n h l a n z i
w ē G a u t e n g
b a b e b o n e l a
y i s e n z o
b e z i n q u m a
l w e z i n h l a n z i
w a b a T h w a
b e s i n g a n e
b e y i n q u m a
z ē g u l a
e n t o m b a z a n e
o w a m a d o d a n a
e l e m b a z o
w e z i m b o m b o
l e z i m b o m b o
e z e z i l e v u
k w e n t o m b a z a n e
o b a m a b u m b a
a b a l e l ē
z ē g u l a
a m a b u m b a
o w e n t o m b a z a n e
