n k a t h i
b ē G a u t e n g
y i n d l e b e
n g a n d u l a
z i g w a z i l e
l ō j u
n g i b a l e l a
b a n d u l i l e
u p h e k ē
k w e n t o m b a z a n e
e n g i m n i n g i
b u b o n e l e
o k w ē g u m b i
s i p h i l e
s i l w a n e
e z ō m a m e
k u v a l e
o b ē k h a y a
y i n i n g i z i m u
e z a b a T h w a
u b h a l ē
y ē g u l a
b u z o p h e k a
s a b i z w a n a
b e w u n q u m a
n g i z o g w a z a
i n q u m i l e
u m f i s h a
i b h e k a
k w ā p h u m a
w e z i l e v u
b u p h u m a
s i b a n i n g i
l ā b o n e l a
o l u k a y i s e
n a n d u l a
b a b u n q u m a
z i n q u m i l e
w a w u n q u m a
n g a n g i g w a z a
l i p h u m i l e
n g a m a b u m b a
b u v a l e
k w e n d o d a
i z i m b a z o
y a m a g u m b i
s e z i m b o m b o
a b ē c h i b i
w e z i l w a n e
e z i t h e l w e n i
s i n q u m ē
o k w e n t o m b a z a n e
k w ā t h a
u b h a l ē
l w e m b a z o
i p h i l a
z i b a l e l a
y a y i t h a
e y ō N c w a b a
e l a m a d o d a n a
z i k a L w e s i n e
z i k a N c w a b a
i b h e k a
b a m a b u m b a
s i q a l i s ē
b u p h u m u l a
k w ō b o m b o
b h a l e n i
i p h u m u l e
o k w e z i t h e l o
o l w e z i n j a
z a n d u l ē
s ē c h i b i
l w a m a d o d a n a
o w e z i n h l a m v u
z i z o n q u m a
u y a t h a
ē k h u l w i n i
y ē n i n g i
e s ē n i n g i
o k w e z i t h e l o
n i b a l e l e
n i p h e k a
b a n q u m i l e
b e k u b h e k a
b e y i p h u m u l a
n g a n g i p h e k a
n i v a l e
l i p h u m a
b u y a p h u m u l a
a b ō t h u l i
u b h e k e
s i b h e k i l e
z e z i m b a z o
k w ē k h u l u
e y ē g u l a
s i v a l i l e
k w e z i n h l a m v u
a w a m a k h u l u
o k u k a m a m e
o w e z i m b a z o
n g i y a v a l a
b e s i h l o k o
b a b u p h u m u l a
k w e s i l e v u
a b e g w a z a
l i n i n g i
n g i v a l a
o w a m a d o d a
w e z i n d l e l a
a w e n j a
b a b h e k ē
z i z o b a l e l a
s i p h e k i l e
k u f i s h a
l u v a l a
y e z i l e v u
e z e z i n d l e b e
k w a k u g w a z a
m a k h a y a
z a m a c h i b i
e z i n g a n e n i
z i k a m a m e
o b e z i n k a t h i
o k w e n d o d a n a
e z e z i l e v u
z i y a v a l a
l u g w a z e
u p h i l e
b e y i q a l i s a
a n q u m a
s ā p h u m a
o w e n i n g i z i m u
w a w u p h e k a
k w a n d u l e
n g i v a l a
s i t h a
e l e z i l e v u
o w a m a k h a n d a
k w ē k h a n d a
s i y a b a l e l a
s ā g w a z a
b o b u b i
n g i p h u m u l a
b a y a b h a l a
ī k h o m p i y u t h a
w e z i n h l a m v u
i z o q a l i s a
l u k a m a m e
l a m a d o d a
b ō b o m b o
i z o v a l a
o w a m a g u m b i
l a n d u l ē
b u z o b h a l a
z a n d u l e
b e b u q a l i s a
u z o b h a l a
o w ō y i s e
z e n d o d a n a
l i z o g w a z a
b ō b o m b o
a k a y i s e
k w ō N c w a b a
w a b a T h w a
k u v a l a
o l w e z i m b o m b o
e y e s i n g a n e
b a m a k h o m p y u t h a
o l w o b o y a
y ā p h u m a
z a z i n q u m a
o w e z i l e v u
e m a b u m b e n i
u g w a z ē
y i n d o d a n a
l w a l u p h i l a
e y e s i T s w a n a
o l w a m a k h o m p y u t h a
w a m a k h o m p y u t h a
w e n h l a n z i
e z i n t u l i n i
n g i y a g w a z a
z i z o v a l a
o b ō y i s e
e y e m b a z o
s i p h i l a
z i v a l a
o b a m a b u m b a
k ō y i s e
w a w u p h i l a
z i q a l i s a
i y a p h u m u l a
z a z i b h e k a
b e y i b o n e l a
s i n q u m ē
z a m a d o d a n a
o l w a m a g u m b i
e z a m a k h o m p i y u t h a
b e l w a n d u l a
l e z i n h l a m v u
u z o n q u m a
k u b o n e l e
s i b a l e l a
s a s i p h e k a
b e s i l w a n e
n g a n d u l a
k w ē G a u t e n g
i z i h l o k o
z a z i b a l e l a
u n q u m a
i z o g w a z a
e z ē k h u l u
b e s i n g a n e
a b ō h l a m v u
w e s i T s w a n a
a p h u m u l ē
a y e b a l e l a
k w e n t o m b a z a n e
e k a N c w a b a
z ē k h a y a
e s e z i n d l e b e
b ā g w a z a
b ā p h u m a
o b e s i t h e l o
n ā n q u m a
o k w ē k a t s h a n a
b o b u t h u n t u
z a z i b a l e l a
y i s e n z o
n i t h a
n a n d u l ē
s e z i m v u
k u b h a l a
w ē k h u l u
o w e n t o m b a z a n e
i s i l w a n e
i n q u m e
s i b o n e l a
b e b e p h u m u l a
z e z i k h u n d l a
a b e n d o d a
y a y i p h u m u l a
k w a m a g u l a
a y a n d u l a
l a m a g u m b i
l u p h e k ē
e n t o m b a z a n e
b a y a n q u m a
y i s i t h e l o
