l w a l u b a l e l a
k u z o b o n e l a
k w o m u T h w a
b e s i h l o k o
u b a l e l e
a b ō h l a m v u
l i y a p h u m u l a
b e z i q a l i s a
u t h a
u p h u m u l a
n g a n d u l a
e z a m a g u l a
n g i g w a z e
b a b e p h i l a
o w o m u m b a
s ā g w a z a
s ē k a t s h a n a
k u n q u m a
s i p h i l a
l i g w a z e
b ā b h a l a
i p h e k i l e
z i y a g w a z a
s i p h i l i l e
o l w o b o y a
k w a k u n q u m a
b a n q u m i l e
u L w e s i n e
w ā p h e k a
u y a t h a
z i b a l e l ē
w e z i l e v u
y e n h l a n z i
o k w a m a k h o m p y u t h a
l i b o n e l a
l i p h u m e
b ā n q u m a
b e y i n q u m a
e y o b u b i
s i y a g w a z a
a w e n t o m b a z a n e
k u q a l i s e
w a w u p h u m u l a
ū j u
l w ē k a t s h a n a
k w e z i k h u n d l a
l a n d u l ē
e l ē c h i b i
b e s i t h a
e m a k h a y a
k w ē G a u t e n g
z i z o p h u m a
k u p h i l ē
e s i l w a n e
a b h a l a
u g w a z ē
k u z o k u t h a
k ō y i s e
i z o v a l a
b u p h e k a
b e n d l e b e
y ō b o m b o
b a m a g u m b i
k u p h i l e
e l a m a k h o m p y u t h a
k w e z i m v u
b e l u p h e k a
i b h a l i l e
u z o p h u m a
a b e s e n z o
y ē k h a y a
y e n t o m b a z a n e
o w o b u b i
i p h u m u l a
z a z i b h e k a
n g i z o p h u m a
s i n q u m ē
k w ō b o m b o
l i b a l e l a
z a z i b h a l a
u z o v a l a
n ā n q u m a
z e m b a z o
i b a l e l e
l i g u l a
a b o b u t h u n t u
k w a k u v a l a
ē g u m b i n i
y o m u m b a
i p h i l a
b e n d o d a n a
e z e z i m b a z o
s e z i l e v u
s e z i m v u
k w a k w a n d u l a
a b e p h u m a
b a p h e k e
e y e z i n k a t h i
y e m v u
e y ē g u l a
u p h u m ē
o k w ō b o m b o
l u p h u m u l a
n g u b u n c a n e
e z e z i n d l e l a
o w ō y i s e
m a k h a y a
n i v a l e
y i z i m v u
s i g w a z a
k w ā g w a z a
o w a m a k h a n d a
b a b u b h e k a
u b o n e l e
i p h u m u l a
b e k u b h e k a
y ā p h u m a
l i t h i l e
m f i s h a
w ā n d u l a
a b ō t h u l i
b u b o n e l e
o w e n i n g i z i m u
e l ē g u l a
y e z i n d l e b e
l i n q u m e
l u p h e k ē
w e z i k h u n d l a
k w a k w a n d u l a
k w e s a b i z w a n a
b e s i l w a n e
s a b i z w a n a
e n t o m b a z a n e
o k w ē b u m b a
n k a t h i
y i s e n z o
a w ō L w e s i n e
ā b h a l a
w e n d l e l a
o k w e z i n d l e b e
e y ō N c w a b a
y o b u n c a n e
a w a m a k h u l u
e z a m a k h a n d a
u k u b h a l a
a w ō j u
b e n t o m b a z a n e
b e z i n j a
b u y a p h u m u l a
z i z o p h i l a
a b a b a T h w a
l w ē k h a n d a
e l e z i m b o m b o
b a y a n d u l a
n ā p h e k a
k u b h e k a
n g i y a g w a z a
e p h i l a
s i q a l i s i l e
l e z i h l o k o
z i t h a
y i z e n z o
o l w ē k h a y a
o w ē G a u t e n g
u b e b h e k a
z i v a l e
b ā g w a z a
l i b u m b a
e s ē g u l a
e y ē k h u l u
e s i k a N c w a b a
b a b u p h u m u l a
b e z i v a l a
e y e s i T s w a n a
b o b u b i
b e w u n q u m a
k w a m a g u l a
z i q a l i s ē
y ē k h a n d a
e z e s i h l o k o
z i z o g w a z a
i b h a l ē
w ā b a l e l a
z e z i n h l a n z i
m a d o d a n a
s i y a t h a
b e l i v a l a
u b a l e l a
k w a k u p h i l a
z i z o v a l a
k w e n k a t h i
i v a l a
n g a n g i b a l e l a
e z a b a T h w a
s i b e t h a
n g a n d u l i l e
s i p h i l e
e l o b u n c a n e
o b e z i t h e l o
e n d o d a n e n i
y a y i t h a
k w e n j a
i g w a z e
w a m a k h u l u
z ē b u m b a
k u p h u m e
s e n d o d a n a
ē k h a n d a
e l a m a d o d a n a
b u p h e k ē
o l w a m a k a t s h a n a
o l w ē b u m b a
z i p h i l a
a b e n d o d a
k u p h u m u l e
e k a m a m e
b o m u m b a
s i v a l a
l w a l u p h i l a
e y e s e n z o
a p h i l i l e
k u z o v a l a
e z i t h e l w e n i
l u g w a z i l e
o w e z i l e v u
e y e z i l e v u
z i p h u m u l i l e
b e z i m b o m b o
o w ō t h u l i
y ē n i n g i
o w e z i t h e l o
k w ā n d u l a
z a m a k a t s h a n a
e s e n z w e n i
l w ā p h e k a
o b ē k h a y a
y a y i v a l a
b a b e b o n e l a
o k w ō h l a m v u
z i v a l a
ī k h o m p i y u t h a
u b h e k ē
i p h u m u l e
u z o p h u m u l a
a b ō m a m e
a w e s i h l o k o
e y a m a g u m b i
k w a m a k h a n d a
a p h u m u l ē
ō j w i n i
