n g a n g a n d u l a
z i t h e l o
w a m a d o d a n a
b e n j a
e l e z i m b o m b o
e y e s i l e v u
e y ō m a m e
o l w e s a b i z w a n a
k w ē G a u t e n g
u p h i l a
b u z o b o n e l a
z i g w a z a
k u n i n g i
o w a m a k h o m p i y u t h a
b a b e b h a l a
e l ē c h i b i
n g a m a b u m b a
n i v a l e
i q a l i s e
o w a m a g u m b i
k w ā g w a z a
n g i z o p h e k a
i p h i l i l e
l w a l w a n d u l a
e z e z i l e v u
u t h i l e
u z o b h a l a
e l e n h l a n z i
n g a n g i p h e k a
e z a m a k h a n d a
o w o b u b i
e s ē n i n g i
e l a m a k h o m p y u t h a
k u f i s h a
n ā n q u m a
b e l i b h e k a
k w ē k a t s h a n a
k w a k u n q u m a
o w e m i m b a
n g a m a g u l a
ō y i s e
w e z i n d l e l a
y e m i m b a
a w ē k h a n d a
o k w ō h l a m v u
ā b h a l a
k w ā b o n e l a
k w a k w a n d u l a
k u p h e k a
y o m u m b a
o l u k a y i s e
y e n t o m b a z a n e
k u p h i l a
z e n k a t h i
e b h a l a
e l i n i n g i
k w ā n d u l a
e z i k a L w e s i n e
l w a l u p h i l a
e y ē k h u l u
k u p h i l e
k w ō b o m b o
b u z o p h e k a
ē b u m b e n i
e l ē b u m b a
a b e s i T s w a n a
o k w ē k h o m p y u t h a
s i z o b a l e l a
k w a m a g u l a
k w ē k h a y a
z a z i p h u m u l a
l w e s i T s w a n a
z a n d u l e
z i b h a l e
w a m a k h o m p i y u t h a
w ā v a l a
b ē c h i b i
z a m a c h i b i
o k u k a y i s e
k u z o b o n e l a
o k w e z i n d l e b e
e l ē k h o m p i y u t h a
e z e z i n h l a m v u
s e n d o d a n a
y a m a k a t s h a n a
w e n d l e l a
l ā q a l i s a
e y o b u b i
a n d u l i l e
z i p h u m i l e
k w e z i l e v u
o w e n t o m b a z a n e
b ō t h u l i
b a b e q a l i s a
e z i m f i s h a
e m a k h a n d a
z ē k h u l u
l u g w a z i l e
i t h a
y i n d l e b e
o w a m a c h i b i
l u z o b h e k a
e y e m v u
a b e z i l w a n e
k w ō N c w a b a
s a b a T h w a
z i q a l i s ē
k u p h u m u l e
e z i k a m a m e
b e z i t h e l o
l i g u l a
z e z i n d l e l a
s ē k a t s h a n a
e z e z i m b a z o
o k w ō b o m b o
z i k a L w e s i n e
b a p h e k e
l i b h e k ē
e n t o m b a z a n e
l w e n d o d a n a
e m a d o d e n i
o l w o m u m b a
a w e s i h l o k o
o k u k a y i s e
z i b a l e l ē
z a m a d o d a n a
w ē k h u l u
u p h u m u l i l e
o l w e n d o d a
u z o p h e k a
i p h u m u l e
y e z i n k a t h i
m u m b a
e z i n t u l i n i
k w e z i m v u
a m a g u l a
u b a l e l e
y ī c h i b i
k u v a l a
m f i s h a
b e y i n q u m a
u g w a z i l e
s ā v a l a
b u z o b h e k a
e z i n j e n i
o w a m a k h a n d a
b e b u q a l i s a
i z o q a l i s a
b e s i n g a n e
k u p h i l i l e
z i n q u m i l e
n g a m a k h o m p i y u t h a
n g i z o g w a z a
e k a m a m e
b u p h u m a
e y e n d l e b e
b e n t o m b a z a n e
i g w a z e
b h e k a n i
u p h i l a
i z i m b a z o
e m a k h o m p i y u t h e n i
k w a m a d o d a n a
l ē k h o m p i y u t h a
s ē n i n g i
k w e n k a t h i
k w ē k h a n d a
b ā g w a z a
o w e z i n h l a m v u
a b ō t h u l i
n g a n d u l a
e l ō t h u l i
n a n i b h e k a
i b h a l a
b e s i l e v u
o k w ē k a t s h a n a
e z e z i m v u
o k w e z i m b o m b o
b e k u p h e k a
i z o g w a z a
w ā p h e k a
y ā b h e k a
e s ē k h o m p i y u t h a
k w a b a T h w a
k u z o p h e k a
o w ē g u l a
z a z i n q u m a
a p h e k e
o k w e n j a
ō h l a m v u
b e w u p h i l a
n g i v a l a
l w e s i l w a n e
e z i n g a n e
z i k a m a m e
e z i n h l a m v u
e z e n k a t h i
e l ē g u l a
b ā n q u m a
s i v a l a
k u p h e k a
s a s i g w a z a
y i z e n z o
e k a m a m e
b a m a k h a n d a
b u v a l e
b ā p h u m a
s o m u m b a
ē g u m b i
w a n d u l i l e
e l o b u n c a n e
u z o b h a l a
u g w a z ē
b o b u b i
i p h u m a
k u b h e k a
i p h i l a
o b e s i t h e l o
z i z o p h u m a
i p h u m u l a
b a b h e k ē
a b ō h l a m v u
y e z i n d l e b e
i p h i l i l e
y e n h l a n z i
a w e n t o m b a z a n e
w ā b h a l a
o l w e z i m b o m b o
k u p h u m u l a
o b ō y i s e
s e z i m v u
y a y i p h i l a
l w a m a d o d a n a
o k w ō b o m b o
b e l i v a l a
s a s i p h e k a
b o m u m b a
k w e z i h l o k o
b a n d u l i l e
u k u b h a l a
n g u b u n c a n e
l a m a d o d a
u b e b h e k a
i p h e k ē
w e s i k h u n d l a
k w ō b o m b o
u z o p h u m u l a
o w a m a d o d a
e y o m u T h w a
y i z i m v u
