b e k u p h u m u l a
e l e m b a z o
k u y a n d u l a
y ō N c w a b a
a t h a
u z o p h i l a
k a m a m e
k w ā p h u m u l a
l i b a l e l a
o w a m a c h i b i
z i n k a t h i
e m a b u m b e n i
k w ē b u m b a
o w a m a k h o m p i y u t h a
b e k u b o n e l a
k u g w a z i l e
u k u b a l e l a
u q a l i s i l e
w ā n d u l a
e s e n z w e n i
e y e z i n d l e l a
i t h a
k w a m a g u l a
u n q u m a
l a m a g u m b i
u b a l e l ē
i p h i l i l e
b u p h e k ē
o b ē k h a y a
a p h i l e
k w a k u b o n e l a
e s e z i n t u l i
o k w e n j a
u z o n q u m a
i y a n d u l a
o w e z i l e v u
z a z i n q u m a
e l e n h l a n z i
u g w a z ē
z a m a d o d a
b e b u q a l i s a
o b a m a b u m b a
e l o b u b i
z ā n d u l a
i z o g w a z a
o l w e z e n z o
b a m a g u m b i
b a n d u l e
b a b u n q u m a
w ō j u
e y e m b a z o
e y ē g u l a
k u m u T h w a
z e n h l a n z i
k u y a n d u l a
s e z i m b o m b o
s e z i n j a
s o m u m b a
e y e z i l e v u
k w ā b h a l a
b ā g w a z a
a n d u l i l e
k w e n h l a n z i
o k w ē k h o m p y u t h a
b ē c h i b i
s i n q u m ē
z ē k h u l u
b e z i p h e k a
b e b u b o n e l a
o l w e z i n j a
e s a m a g u l a
k w e s i n g a n e
u g w a z ē
w e s i t h e l o
n g i p h e k a
k u y a p h e k a
o w e z i n d l e b e
a n q u m a
u b h e k e
b a n q u m i l e
i p h i l a
e z i k a L w e s i n e
b h a l e
w ā p h u m u l a
l u z o b h a l a
e z ē G a u t e n g
z i z o n q u m a
k ō m a m e
y a m a k a t s h a n a
b u p h u m u l a
k u p h i l i l e
k u b a l e l a
ō b o n j e n i
u z o v a l a
a w e n j a
b ē g u m b i
e n t o m b a z a n e
i p h i l a
y e n k a t h i
e l e m v u
q a l i s a
e l e s i n g a n e
u p h i l a
e s i l w a n e
s i n g a n e
l ō j u
i y a p h u m u l a
b u z o p h e k a
i v a l a
z i y a g w a z a
l w e z i n h l a n z i
s ā v a l a
e z e z i m b a z o
s a s i t h a
n g a m a b u m b a
l u v a l a
b o b u t h u n t u
k w e n d o d a
k u b a T h w a
w ā q a l i s a
k u p h e k e
b a b e b h a l a
i z o q a l i s a
k w e s i k h u n d l a
i n q u m e
z i q a l i s a
a b o b u t h u n t u
l i b u m b a
n g i z o p h u m a
w a b a T h w a
k u p h e k i l e
b e l i v a l a
s i v a l i l e
a w ē k h a n d a
n g i z o p h e k a
n g a n g i b a l e l a
i y a b h a l a
e z i n g a n e
y e z i l w a n e
z a m a d o d a n a
i p h u m u l e
b e y i g w a z a
m a d o d a n a
l ā b o n e l a
u q a l i s ē
a b h a l a
e y a m a g u m b i
l w a l u p h i l a
k w ō b o m b o
u b o n e l e
ē k h u l w i n i
k u p h u m u l e
m a c h i b i
u v a l ē
l e n h l a n z i
u t h i l e
o w ō L w e s i n e
e z i m f i s h a
y a m a g u l a
w e z i m b o m b o
k u b h e k a
k w ē k h u l u
a m a k a t s h a n a
w a m a k h o m p i y u t h a
k w a n d u l ē
o k w e n t o m b a z a n e
z ē k h a y a
a p h e k e
q a l i s a n i
ā b h a l a
w e n j a
u z o p h e k a
b e y i n q u m a
b e y i p h u m u l a
y e z i n k a t h i
e y e s i l e v u
l w e s i l w a n e
o l w a m a g u m b i
l i b h e k e
ō h l a m v u
b ō m a m e
u y a q a l i s a
l ē k h o m p i y u t h a
l a m a d o d a n a
s i b e t h a
k u p h i l ē
k w ā g w a z a
i p h u m u l a
k w ē k a t s h a n a
u b h e k ē
b a n d u l a
b a m a k h o m p y u t h a
w e n k a t h i
o w o b u b i
a m a g u m b i
v a l a
k u z o g w a z a
k w a k u p h u m a
e s e n k a t h i
o l w o m u m b a
o w a m a k h a n d a
n a n i p h i l a
a z o b h e k a
b o b u b i
u b a l e l a
a y a b h e k a
w ā b a l e l a
e z i n j e n i
e m a k h o m p i y u t h e n i
z a m a d o d a n a
k u q a l i s a
b a b h e k ē
z ē k h a n d a
u p h e k a
a b ē c h i b i
o k w ō b o m b o
b a m a k h o m p i y u t h a
b e l u p h e k a
k w ā n d u l a
z i t h e
k w o b u b i
l w e n d o d a
n g i b a l e l a
z ē k h u l u
n ā b a l e l a
a n d u l e
z a m a c h i b i
s e s e n z o
b e y i b h e k a
e l ē k h o m p i y u t h a
e y ē k h a y a
i b h e k a
w ā b h a l a
b e z i m b o m b o
i y a p h e k a
e z a m a k h a y a
a w a m a c h i b i
k u y i s e
o w ē c h i b i
b e y i b a l e l a
ē g u m b i n i
i q a l i s ē
k u p h i l a
y a m a d o d a n a
z e n d o d a n a
y ā v a l a
z i l w a n e
k w ē k h o m p y u t h a
z a m a k h a y a
l i p h u m e
