n z l v c n e n g
n a m n c - n g r g r
t q r k a l z p e - n g r m q g r
t q y a p w x t i p e m l e
t r n z m n e t i u
t z p x i b e n g
n z r t w z - k r m l r
n z r t a n g r t i - k r g r
n e d e
n e m
n e g r
n a v z k r
n z v z o - k r d r
t r n z y a g o x - k r g r u
w a i p n z ' l e
n a n g i
t z r l x t i m l r
l a p e
t r n z k q l u - k r p e p w q g r u
n a m c l e
n z t q n g
n z r p n a k i p x n g r
t q a m z l r p i p e l e
n z l v c - k r m l r
t r n z m n e t i u
t z r t w z t i p e - k z n g
n z a n g i o
t r o p i l v z u
t q a m a - a t e k r
t q n g y a p e
t q m n c - l x b l r p e k r
t q k r l z - a t e b z k r
y r l q t x t r k r
n z w a i n e - n g r b z l r
l i t x t r
n z w z - z l w z - k r g r
t z m n c t x - a l o p e n g
t q y r k r k i p x l e
t q v z - n q b l q n e n e
t q v z - n q b l q n e n e
t q m n c - l x b l r p e k r
t q v z m i t r p e l e n g
t q v z m i t r p e l e n g
r m c t i - n g r g r l e
t q r p n a p e - n g r m l e
t q v z m i t r p e b z l e
m n c - m i p e - a m u
n a r t a n g r t i k r
n z o - k r d e
n z w z - k r g r
n a m n c n e - n g r g r
n z v z - z v z b z n g
n z v z - z v z b z n g
t q w x b u p x - n g r m
t q v o t x - n g r p w z
t q k r l z - a t e b z k r
b z p e k r
t q m n c - n g r d e
t z m n c - n g r d r
o m i t x p x b z l e
t q v z m i t r p e b z l e
n z y a p w x - k r d r
t q m n c - n g r d e
t z m r g e n g
n z m c - k r d e
t r - r m n q u
t z v z p x p e b z n g
y a g o x t x
t z m r g e n g
t r v z n e - k a k r
n z y a l z - k r g r
t z v z p x p e b z n g
t q y a p x p e b z
n z m u - k r d r
r t a n g r t i b z
l o p x i l e
n z w z t i - k r b z l e
t z r m c t i p e l r
t q m c p e k r
m r k c n g
n g r l r m i m l e
t z r m c t i p e l r
n z p i l z l r
y r b q o a m u
n z a b r t z l v z l r
t r v z n e - k a k r
n z y r b q - k z n g
n a v z m i b z l e
t z l v c - a t e n g
t q m c p e
n z v z - n g r m l r
t q v z t r - m o p w z k r
t z m n c - n g r d r
t z m w i p e n g
t r v z n e - k a k r
m n c l z - n g r m
n z v z - k r b z k r
n z v z - k r b z k r
t q m c p e k r
k r a p w x
n z v z - k r b z k r
n z m n c l z b z
y c - n r b a l q
n a v z
n z m c t x p w z
t z v z o p e n g
n z k q o - k r m
y r k r t x o
t q r m c t i p e k r
t q v z t r - m o p w z k r
t q x l r p e k r
t q v z t r - m o p w z k r
n a e s z ' m z n g
n z v z p x b z n g
n z v z p x b z n g
t q t r k a p e m
n a k a t x b z l e
n a v z m i b z l e
t q n g i
t q t u n e p w z
y a n e - z v z k r
t q v z t r - m o p w z k r
t q w z t i p e l e
n z v z p x b z n g
n z v z p x b z n g
n z r p i m l r
n z v z p e - k r d r
n z v z p x b z n g
n z d w a o n g r
t q v z p e m g r
n z v z - k r b o
t q v z p e - k z x
t q v z p e x
a s u m i p e b o
t q m w i t x p e
t q v z p e - k z x
t q p i b z k r
n z v z p e - k r d r
t q v z p e x
t q v z p e - k z x
t q y r n i p e x
n a v z b z k r
n z m n c p e n g
t q v z p e x
d w a l z m g r
t z v z p e - k a i n g
t q v z p e - k z x
t q v z p e x
t q v z p e x
t z v z p e - k a i n g
r k a l z m q g r
n z v z k i o l r
n z r p i m l r
t q m c p e k r
n z r p i m l r
n a v z m i b z l e
a s u m i p e b o
n z l v c p e n g
t q v z p e - k z x
t q m c p e x
t q p i b z k r
t q m c p e l e
d w a l z m g r
d w a l z m g r
r m c t i p e k r
t q v z - n g r g r
t q m w a p e
t q v z p e - k z x
t q v z p e x
t q v z - n g r m
n z m c t x p w z
t q m c p e x
n a y a g o x n g
t q o t i m l e
t q v z p x p e
t q v z - n g r g r
n z v z n e p e l r
t q v z p e - k z x
t q m c p e x
n z p r p x n g r
n z v z n e p e l r
t q o t i m l e
t q p i b z k r
t q m c p e x
t q m e i p x
t q v z p x p e
t q t u n e p w z
t q m c p e l e
t z v z n e p e n g
r p i o b z l e
t q a l e x
t q m n c - k a p q n g r
t q m c p e x
t q m c p e x
n z r m c t i l r
n z v z n e p e l r
n z v z n e p e l r
n z v z n e p e l r
n z v z n e p e l r
t q v z p x p e
y c m n e p e
t q v z p x p e
t q p i b z k r
n z v z - k r m
n z r p i l r
m n c t i k r
t q m c p e l e
n z v z - k r m
t q v z p e
n z v z k i o l r
y r l q b z k r
r k a l z m q g r
y c m n e p e
t q t w z o p e
t q v z p x p e
n z k r l z m l r
n z v z k i o l r
m n c p e x
t z v z - n g r
v z m i o l e
n z m c p x
v z m i o l e
t z v z - n g r
v z m i o l e
r m c t i l e
n z v z - k r b o
n g r d r
v z m i o l e
r m c t i l e
v z m i o l e
r m c t i l e
d w a l z m g r
m n c p e x
t q v z p x p e
t q v z p x p e
t q v z p x p e
t q v z p x p e
t q v z p x p e
v z m i o l e
n z o - k r m
t q v z p x p e
v z m i o l e
n z n g i k r
v z m i o l e
v z m i o l e
k r l z m g r
m n c t i k r
t z v z - n g r
t z v z - n g r
v z k i m l e
