t q t u p x m
n z v z - k r b z k r
n z v z - k r b z k r
t r n z p i - k r p o ' u
m z ~ n i b r d r
n a k q t x o m
b z t i p e d e
n a p i l v z t i
r m n r - n g r b z
n z a m z b l q p x - k r m c
a w i t x p e
n z k a t x p x - k r b z l e
m r b r l z m
m n c - k u
t q a e n z l i k r
t z t w z n e d r
t z r t w z t i n g
t q a l v c - l z b q - n g r g r
t z a k i - l z b q p e
v z - n g r b z k r
n z v z - k r m g r
x l r b o l e
t q r p n a p e - n g r m l e
n z w a i n e - n g r b z l r
n z w z - k r g r
n z d w a t r - m o u - k r g r
n z r l x t i - k r m l r
m r k c n g
n z r l z n g
b z t x p n z '
b o o n g r
n z w z - k r g r
a c l v e l e
n z y a l z - k r g r
y a g o x t x
n z t u - z v z - k r d e
n z b r l c l v z n e p x - k z p q
t q y r k r t r - a t e m
b r n g e
t q l x n g i t i - a t e x
y z l u m c
n a o k a t r p q l r
t q y r k e l v z q
n z p i l z l r
m r l z p e
t z a y o t i
t q v z p e - k z x
n z y c m n e k r b z
n z r p i - a n i - k r m l e
x l r b z l e
t q v z p e x
t q v z p e - k z x
m w x l r t x - z l w z k r
e t u t x
n z p r p x - k r d r
o b q p x k r
n z r m c t i - k r d r
t r d o u
t q v z p e - k z x
t q v z p e - k z x
m z ~ n i b r
n z a y o n e p e - k r d r
n z r p i - a n i - k r m l e
t q v o t x - n g r p w z
d w a t x t r x
l i p e
t q v o t x - n g r p w z
n z a l v z t r n g r
n e d r n g
d w a t x t r x
t z m c p x p e b z l r
n a n g i t x p w z
r g l q k r
t q v o b e
n z m n c - l x b l r - k r g r
m c t r k r
k x e t u
t z y z l u p e - m o p w z n g
n z r p i - a n i - k r m l e
n a n g i t x p w z
d w a - r b r l z - n g r m q g r
n z r p i - a n i - k r m l e
d w a t x t r x
t z m n c - n g r d r
m c t r k r
a p u l e
d w a s x p x - k z p q g r
n z r p i - a n i - k r m l e
t z y r n i n e t r p e b z n g
y r n i - e b i r p e n g
t u t x l z m
m c t r k r
m n c - m i p e - a m u
t q d w a p l r k r n g
n a p i b z k u
m c t r k r
m n c - m i p e - a m u
t q v z p e
m n c - m i p e - a m u
p r o t x k r
n e m u n g
m c t r k r
m c t r k r
t q v z p e
n z r p i - a n i - k r m l e
m n c - m i p e - a m u
m n c - m i p e - a m u
a s u m i p e b o
n z v z p e n g
n z p n a k i p x l r
n z v z p e n g
n z v z
n z n g i - k r d r
t q m c p e x
v z - z v z x
n z v z p e n g
t q p i p e m
n z w z t r n g
t q p i p e m
t q v z p e m
t q v z p e m
n z v z - k z n g
n z v z b z n g
n a p i b z k u
n z v z p x n g
t q v z p e m
t q v z p e m
n z v z b z n g
n z v z b z n g
e t u t x
n z e t u p e - k r n g e
n z v z p x n g
t q p i p e m
m n c - m i p e - a m u
m c t r k r
n z m n c - k r n g e
t z t a v e l r
n a p i t x t r - m o p o
n z r p i l z - k r d r
n z r p i - a n i - k r m l e
t q v z p e b z
n a v z n g
n a v z n g
t q p i p e m
t q v z p e b z
t q v z p e b z
t q y r k r p e n g r
t q v z p e b z
t q v z p e b z
v z - z v z x
t q v z p e b z
n a v z n g
t q v z p e b z
t q v z p e b z
t q v z p e b z
t q v z p e b z
t q v z p e b z
t q v z p e b z
n z v z p x b z n g
t q v z p x p e
t q v z p x p e
v z k r
t q v z p x p e
n z v z p x b z n g
t q v z p x p e
t q v z p e b z
t q v z p e b z
t q v z p e m g r
t q v z - n g r g r
t q v z p x p e
v z - z v z x
t q v z p x p e
t q v z - n g r g r
t q v z p e m g r
n z v z p x b z n g
v z - z v z x
n z v z - n g r m l r
t q v z p x p e
m w x l r t i - z l w z k r
t q v z p x p e
n z v z - n g r m l r
n z v z - n g r m l r
n z l x n g i t i - k r d e
t q v z - n g r g r
t q v z - n g r g r
n a p i t x t r - m o p o
t q v z - n g r g r
t q v z p x p e
n z v z - n g r m l r
t q m c p e x
t q v z p x p e
v z - z v z x
t q v z p x p e
n z m n c p e n g
t q v z p x p e
t q v z - n g r g r
n z m u - k r g r
t q v z p e m g r
t q v z p e b z
t q m e i p x
t q v z p x p e
m n c p e x
t q r p i p e x
n z v z - n g r m l r
v z - z v z x
n z v z - n g r m l r
t q v z - n g r g r
n z m n c p e n g
t q m c p e x
t q v z p x p e
t q v z - n g r g r
t z m n c t x - a l o p e n g
t q r p i p e x
t q v z - n g r g r
t q v z - n g r g r
n z y c m n e - k r d e
t q m c p e k r
v z - z v z x
n z v z k i l r
t q v z - n g r g r
n z m w i n g r
t q v z p x p e
m n c l v z r n g r
t q r p i p e x
t q v z - n g r g r
t z v z p e - k a i n g
t q v z p x p e
t q v z p x p e
t q m c p e x
t q n g r l r l z p e
v z t x
t q m c p e
t q r p i p e x
v z t x
n z v z - z v z b z n g
n a l x n g i t i k u
t q m c p e k r
r y a p w x - z v z k r
v z - z v z x
t z v z p e - k a i n g
v z - z v z x
t z v z p e - k a i n g
n z v z - z v z b z n g
v z - z v z x
n z v z k a i - k r g r
t q r p i p e x
n z v z - z v z b z n g
v z - z v z x
n a v z b z
n z v z - z v z b z n g
