n z a n g i o
n a p i b z k u
t z v z p e - k a i n g
t r n z p i - k r p o ' u
t q r k a w i t i k r
n a p i t x t r - m o p o
n a r l x t i b o
b x p i z p x
n e n g e
y c t x o p e
t q v z d z p e - n g r m g r
t q v z p e b o
t q v z k i l e
d w a l z m g r
d a b u k r
t z r m c t i p e l r
t w z t r l e
b x t r t x p w z
n a v z
n z m c o m l r
m q n g r m
k x t r m r l z u
t q r g l q t i k r
t z m n c t x p e n g
m n c p w z k r
k x n z a l v z t i n g
t q r g l q t i k r
t z l v c m q n g
m c t e
n z x l r b z l r l e
t q r p w a ' - n g r b z m e
t z r m c t i p e l r
t q t o p w z b e - n g r n e
n z v z - k r b z
t q d w a p l r k r n g
n z b o m l r
t z t a v e t r l r
t z p r p x p e n g
r k a l z m
t q v z p e x
t q a m a o p e
t q v z p e - k z x
t z a p u l r
t q v z p e - k z x
t z r m c t i p e l r
t z r m c t i p e l r
n a n g r l r t r k i
n a y a p w x t i b o
t z r m c t i p e l r
t q r m c t i p e k r
n z v z n g
p l a m e i t x d e
t q t u l z
t q r m c t i p e k r
t q m c p e k r
n z p n a n g
t q k q l e p e b z l e
t q t u p x m
n z l v c n g
n z l z t i n g
b o m l e
m c k r
n e g u n g
a t u l z n g r
y r n i t x
a l v z t r l e
t q x p l r
n z p n a n g
t q v z p e
n z l i - k r d e
t z v z o p e n g
t q v z p e
t q y r l w r p x - n g r m
n z n g i n i - k r d e
n z t u n g r
n a k a b o
n z r p i l z - k r d r
t q b z p e
n z w z k r
t q v z p e
t q m c p e k r
m n c - k a p q - n g r g r
t q a l v c - l z b q - n g r g r
n z v z t r n g
n z v z p e n g
n z m c t r
t q v z p e
t q v z p e
n z m w a n g r
n z t u n g r
n z v z p e n g
n z v z p e n g
n z v z p e n g
n z v z p e n g
n a k a b z
n z m c k r
n z w z - k r n g e
n z v z b z n g
n z v z p e n g
n z m n c p e n g
n z m c k r
n z v z b z n g
n z m c k r
n a n g i
n z v z b z n g
n z v z b z n g
n z v z b z n g
n z v z p x n g
n z v z b z n g
n z v z b z n g
n z m n c p e n g
n z v z p x n g
n z v z p x n g
n z v z p x n g
n z v z b z n g
n a v z b z
n z v z p x n g
n z v z p x n g
n z v z - k r n g e
n z v z - k r b z k r
n z v z b z n g
n z v z b z n g
n z v z b z n g
n z v z p x n g
n z v z p x n g
n z v z b z n g
n z v z p x n g
n z v z p x n g
n z m c k r
t q p n z ' l e
n a v z n g
n z m c k r
n z v z b z n g
v z x
n z v z b z n g
n z v z b z n g
t z v z - n g r
n a v z n g
n z v z p x n g
v z x
n a v z n g
v z x
n z v z b z n g
n z v z b z n g
t z v z - n g r
n z v z - k z n g
n a v z n g
n a v z n g
n a v z n g
t z v z - n g r
v z x
n z v z p x n g
n z v z - k z n g
n z m n c p e n g
n a v z n g
n z v z - k z n g
n a v z b z
n a v z b z
n a v z n g
n z v z - k z n g
n z v z - k z n g
v z x
n z v z p x n g
n a v z n g
n z v z - k r n g e
y c p x
n a v z b z
n z v z - k z n g
v z x
n z d w a t r - m o u - k r g r
n z v z - k z n g
n z v z - k r n g e
n z v z - k z n g
n z v z - k z n g
n a v z b z
n z v z - k r b z k r
v z x
v z x
t z v z o p e n g
n z m n c p e n g
v z x
n z v z - k r b z k r
n z v z - k z n g
n a v z b z
n z v z - k r b z k r
t z v z - n g r
n z v z - k r m
n a v z b z
n z v z - k z n g
n a v z b z
n z v z - k r m
t z v z p e - k a i n g
t z v z - n g r
n z v z - k z n g
n z m c t r
v z x
n z v z - k r n g e
v z x
n g r d r
n z v z - k r n g e
n z v z - k r n g e
n z r p w ' a - k r d e
v z x
t z v z o p e n g
n a v z n g
n z m n c p e n g
n a v z n g
t z v z - n g r
t q m u k r
n z v z k a i - k r g r
n z v z - k r n g e
n z v z - k r m
n a v z b z
n z v z - k r n g e
t q v z - n g r g r
t z v z - n g r
v z x
n z v z - k r b z k r
n z v z - n g r m l r
n z v z - k r m
n z v z - k r b z k r
t z v z - n g r
n a v z b z
n z v z - k r n g e
n z v z - k r b z k r
n z v z - k r n g e
n z v z - k r n g e
n z v z - k r m
v z x
n z m c t r
n z v z - k r b z k r
n a v z b z
t q v z - n g r g r
n z m c t r
t z v z - n g r
t z v z - n g r
n z v z - k r n g e
n z a b r t z k r
n z v z - k r m
n z v z - k r n g e
n z v z - k r m
n z v z - k r n g e
t z v z p e - k a i n g
n z v z - k r n g e
n z v z - k r m
t z v z - n g r
n z v z - k r n g e
t q v z - n g r g r
n z v z - k r m
t q v z - n g r g r
