n a n g i t x p w z
n z m n c l z b z
t z v z p e - k a i n g
t u t i p x - n g r m
t z v z p e - k a i n g
t z v z p e - k a i n g
t z v z p e - k a i n g
t z v z p e - k a i n g
t q v o t x - n g r p w z
t r m w x l r k r u
k r n e d r
n a r l a s z p e l r
t z l v c n e n g
t q v z p e x
t q v z p e - k z x
t q v z p e x
t q v z p e - k z x
t q v z p e - k z x
t q v z p e - k z x
t q x p l r
t q m c t i p e k r
k q l e p e l e
t q y r k r k i p x l e
t z m n c t x p e n g
m n c t x p w z k r
t z a o l v z - a t e b z
t r n g i u
t z n g r l a p l x
t z m a t q
n a v z m g r
r n i p e x
t q v z o p e k i
t z v z k i p x l r
m n q t i p e l e
v z m
n z x p e n g r
r m n r - n g r b z
t q t r k a ' n g r
t q a l e x
r k a l z m
a m i n g r p e k r
n z w r d e
n a n g q d r
n z w z k r
t q m r l z p e
n z r m n q t x n g
t q m w i - n g r n a m u
n z v z d z m q n g
t r t a k i t r u
r p i m
r p i b z
r p i b z l e
t q w x b u p x
n z v z n g
t q v z b e
t r t q w z p e u
t q w q p e
n a p i p x - l z b q n g
t r r l r - n g r p l e u
t q w r k x t r - n g r g r
t q r m c t i p e k r
n a k a t x b z l e
k x t o p w z t i n g
n z p n z ' b z
t z l v c m l r
t q m r l z - n g r d e
n z v z p e n g
n z v z p e n g
w z t r p o
t q v z p e
n z l x n g i t i - k r g r
t q m c p e x
t q m c p e x
n z t u n g r
n z v z b z n g
t q v z p e m
v z x
n z v z b z n g
t q v z p e m
n z v z b z n g
n z v z b z n g
n z v z b z n g
v z x
t q v z p e m
t q r p w a ' - n g r b z m e
n z v z b z n g
n z v z b z n g
n z v z b z n g
t q m c p e
t q v z p x p e
n z v z b z n g
t q v z p x p e
t q v z p e m g r
t q v z p x p e
n z v z
n z v z
t q m c p e x
n z v z
t z v z p e
t z v z - n g r
t z v z - n g r
n z v z o - n g r m
n z v z p x b z n g
n z v z p x b z n g
t q p i p e m
n z v z p x b z n g
n z v z p x b z n g
n z v z p x b z n g
t z v z - n g r
n z v z p x b z n g
n z v z p x b z n g
n z v z p x b z n g
n z v z p x b z n g
n z v z p x b z n g
n z v z p x b z n g
t q m c p e x
n z v z p x b z n g
n z v z p x b z n g
n z v z p x b z n g
n z v z p x b z n g
n z v z p x b z n g
n z m c p x
n z v z p x b z n g
t q v z p e b z
v z t r n g r
n z v z p x b z n g
n z m c p x
t z v z n e p e n g
n z m c p x
n z v z - k r m
n z v z - k r m
n z v z p x b z n g
n a v z n g
n z v z - k r m
n z v z - k r m
n z v z - k r m
n z v z - k r m
n z v z - k r m
n z v z - k r m
t q v z - n g r g r
n z v z - n g r m l r
n z v z - n g r m l r
n z v z n e p e l r
n z v z - k r m
n z p r p x n g r
n z v z - n g r m l r
t z v o p e
n z v z - n g r m l r
n z v z - k r m
n z v z - n g r m l r
n z v z - k r m
n z v z n e p e l r
n z v z - k r m
v z t x
n z v z - n g r m l r
n z v z n e p e l r
n z v z - k r m
n z v z - k r m
n z v z - k r m
n z v z - n g r m l r
n a b z t r k i
n z v z - n g r m l r
n z v z - n g r m l r
n z v z - n g r m l r
t q t u l z
n z v z - n g r m l r
t z v z p x p e b z n g
n z v z - k r m
t z v z p x p e b z n g
n z v z - n g r m l r
n z v z - n g r m l r
n z v z - n g r m l r
n z m c t r
n z v z - n g r m l r
n z v z - n g r m l r
n z v z - n g r m l r
n z v z - n g r m l r
n z v z - k r m
n z v z - n g r m l r
n z v z - n g r m l r
n z v z - k r m
n z d w a t r - k r g r
n z v z - k r m
n z v z - k z n g
n z m c k r
n z v z - k r m
n z m c t r
n z v z - n g r m l r
n z v z - k r m
t z v z p x p e b z n g
n z v z k i l r
n z m c t r
n z t u n g r
n z m n c l z b z
n z v z - k r m
n z m n c l z b z
n z v z - k z n g
t q p i b z
t q p i b z
n z m c t r
t z v z o p e n g
t q p i b z
t z v z o p e n g
p n z ' - m o u l e
n z v z p e - k r d r
t q v z b o
t q m n c
t q p i b z
n z m c t r
t q p i b z
t q y r p u t i p x n g r
n z v z - k r m
m z l e n g e
n z m c k r
n a v z n g
n z v z - k r m
t q v z b o
t q v z b o
t q v z b o
n z m n c l z b z
n a m c k r
n a v z n g
n z b z n g
n z m n c l z b z
n z m c t r
t q p i b z
n z v z - z v z b z n g
n z v z - z v z b z n g
n z v z - z v z b z n g
n a v z b z
n z r p i l r
n z m n c l z b z n g
t q m c p e l e
n a v z b z
n z v z - z v z b z n g
n z v z - k r n g e
n z m n c l z b z n g
m n c l v z r n g r
n z v z - z v z b z n g
n z v z - z v z b z n g
n z v z - k r n g e
n z v z - z v z b z n g
n z v z - k r n g e
n z v z - k r n g e
n z r p i l r
n z v z - k r n g e
n z v z - k r n g e
n z v z - k r n g e
n z v z - z v z b z n g
n z v z - k r n g e
