n z v z b z n g
t q v z p x p e
v z p x b z k r
n z t u n g r
v z p x b z k r
v z p x b z k r
v z p x b z k r
v z p x b z k r
n z v z p e n g
t q v z p e b z
n z w z k r
t q v z p x p e
t q v z p x p e
n z v z b z n g
n z v z p e n g
n z t u n g r
n z v z b z n g
t q o t i m l e
t q v z p x p e
n z v z b z n g
n z v z b z n g
t z v z - n g r
n z v z b z n g
n a p i b z k u
t q p i b z k r
t z v z - n g r
n z v z p e n g
t q v z p e b z
n z v z b z n g
n z v z b z n g
n a p i b z k u
n z v z b z n g
n z v z b z n g
n z v z - k r m
v z p x b z k r
n z v z b z n g
t q v z p x p e
t z v z o p e n g
n z v z - k r m
n z v z b z n g
n z r p i m l r
t z v z o p e n g
n z v z p e n g
n z v z b z n g
n z v z - k r m
t z v z - n g r
t q v z p x p e
t z v z - n g r
n z v z b z n g
t q v z p x p e
t z v z - n g r
t z v z - n g r
n z v z - k r m
n z v z p e n g
n a p i b z k u
t z v z - n g r
t z v z - n g r
n z v z p e n g
n z v z b z n g
n z v z p e n g
n z v z b z n g
t q v z p x p e
n z v z - k r m
n z v z k i l r
t q p i p e m
n z v z b z n g
n z v z k i l r
n z t u n g r
n z m c k r
n z v z k i l r
n z v z - k r m
t z v z - n g r
n z v z - k r m
t q o t i m l e
n z v z k i l r
d w a l z m g r
r k a t r p q
n z r p i m l r
n z v z - k r m
n z v z k i l r
t q o t i m l e
t q r p i p e x
n z v z k i l r
n z v z k i l r
n z v z k i l r
n z v z - k r m
n z v z k i l r
n z v z - k r m
n z v z k i l r
n z r p i b z
t q r p i p e x
n z v z - k r m
t q v z p x p e
n z v z k i l r
n z v z - k r m
t q y r p u p x
n z v z k i l r
r k a t r p q
t q v z p e m g r
t q v z p e m g r
n z v z k i l r
n z v z - k r m
m n c t i k r
t z v z o p e n g
t z v z o p e n g
t q v z p x p e
n z v z - k r m
t z v z o p e n g
n z v z - k z n g
n z r p i b z
t q m c p e x
t q o t i - a t e m
n z v z - k z n g
t q o t i p e l e
t q v z p e x
t z v z o p e n g
t q r p i p e x
t q v z p e x
n z v z - k z n g
n z r p i m l r
n z v z - k z n g
n z v z - k z n g
n z v z - k z n g
n z v z - k z n g
n z v z - k z n g
n z r p i b z
t z v z o p e n g
t q v z p x p e
t q m c p e l e
t q r p i p e x
t z v z o p e n g
n z v z - k z n g
t z v z p e - k a i n g
t q m c p e l e
n z w z t r n g
n z v z p e n g
t q a s u p e b z
n z v z p e n g
t z v z o p e n g
n z k r l z m l r
n z v z p e n g
t z v z o p e n g
t q m c p e x
t z v z o p e n g
t z v z o p e n g
t z v z o p e n g
n z v z p e n g
t q r p i p e x
t z v z o p e n g
n z v z - k z n g
n z v z - k z n g
t z v z o p e n g
n z v z - k z n g
n z v z - k z n g
n z v z - k z n g
n z v z - k z n g
t q m c p e
n z v z - k z n g
t q v z p e x
n z v z - k z n g
t q v z p x p e
n z a b r t z k r
n z v z p x n g
n z v z - k r b o
n z v z - k r b o
n z m w a n g r
n z v z - k r b o
t z v z p e - k a i n g
n z r p i b z l r
n z v z p e n g
t q m c p e l e
t q v z p e m g r
n z v z - k r b o
t q v z p e m g r
n z v z - k r b o
n z v z - k r b o
t q r p i b z l e
t r t q w z p e u
n z v z - k r b o
n z v z - k r b o
t q t u n e p w z
n z v z - k r b o
t q m c p e l e
n z v z - k r b o
t q m c p e x
n a d w a p e k r
n z v z k i o l r
n z v z - k r b o
n z v z k i o l r
t q v z p x p e
t q v z p x p e
n z v z p e - k r d r
n z a b r t z k r
n z v z k i o l r
t q r p i b z l e
t z v z p e - k a i n g
n z v z k i o l r
n z v z - k r b o
n z w z t r n g
n z v z k i o l r
n z v z k i o l r
t q v z p x p e
n z v z k i o l r
t q t u n e p w z
t q v z p x p e
n z v z k i o l r
t q t w z o p e
n z v z p e n g
t q v z p x p e
t q v z p e m g r
n z v z k i o l r
t q r p i b z l e
n z v z p e n g
t q v z p e m g r
n z v z k i o l r
n a m n c t x p o
n z v z k i o l r
n z v z n e p e l r
t q v z p e m g r
n z v z p e n g
t q m a l e l e
t q t u n e p w z
n z v z k i o l r
r m c t i p e k r
r m c t i p e k r
r m c t i p e k r
n z v z k i o l r
n a y c t i p x m
t q t r k a p e m
n z v z p x n g
t q a y r n i p e
n g r l r m i m l e
n z v z p x n g
t q v z p e m g r
n z m c t x p w z
n z v z p x n g
n z v z p x n g
r m c t i p e k r
r m c t i p e k r
r m c t i p e k r
r m c t i p e k r
n z m n c l z b z
t q v z p e m g r
n z r m c t i l r
n z r m c t i l r
n z r m c t i l r
n z v z p x n g
t z v z k i n e d r
r m c t i p e k r
n z r m c t i l r
n a y c t i p x m
n z v z p x n g
n z v z p x n g
n z m c t x p w z
t q m w i t x p e
n z v z p x n g
n z v z p x n g
n z v z p x n g
n z v z p x n g
t z v z n e p e n g
n a m n c t x p o
n z v z p x n g
n z v z p x n g
t q v z p e x
n z m c t x p w z
n z m n c l z b z
t z v z k i n e d r
n a m n c t x p o
n z v z p x n g
n a m n c t x p o
n z v z p x n g
t z v z n e p e n g
n a m n c t x p o
n z v z p x b z n g
t z r y z k r n g
n z a b r t z n g r
t q o t i - a t e m
n z v z p x n g
n z v z p x b z n g
n z v z p x b z n g
n z v z - k r n g e
n z r k a t x n g r
t z v z o p e n g
n z v z p x b z n g
n z v z p x b z n g
m n c l v z r n g r
t z v z n e p e n g
m n c l z - n g r m
n z v z p x b z n g
t q v z - n g r g r
t z v z n e p e n g
n z v z - k r n g e
n z v z - k r n g e
n z v z - k r n g e
n z r p i b z l r
t q m w i t x p e
t q v z - n g r g r
t q w z t i p e l e
n z v z - k r n g e
t q v z - n g r g r
t z v z n e p e n g
n z v z p x b z n g
t r k r l z w x u
n a v z m i b z l e
n z r p i b z l r
n a v z m i b z l e
n z m c t x p w z
n z v z - k r n g e
n a v z m i b z l e
t q v z - n g r g r
n z v z - k r n g e
m n c l z - n g r m
t z v z k i n e d r
n z v z - k r n g e
t z v z n e p e n g
n z v z - k r n g e
t z v z k i n e d r
n z v z - k r n g e
n a v z m i b z l e
t z v z k i n e d r
t z v z k i n e d r
t z v z k i n e d r
n a v z m i b z l e
m n c l z - n g r m
t q v z - n g r g r
k r l z p e b z k r
t z v z k i n e d r
n a v z m i b z l e
t z v z k i n e d r
t z v z k i n e d r
t z v z k i n e d r
t z v z k i n e d r
n a v z m i b z l e
t q w a i p e x
t q v z - n g r g r
n a v z m i b z l e
t z v z n e p e n g
t z x l r o p e l r
n a v z m i b z l e
n z r p i b z l r
n a v z m i b z l e
n z v z - k r n g e
n z v z p e - k r d r
t q v z p e m g r
t q v z p e m g r
n z v z n e p e l r
t r t q w z p e u
n a v z m i b z l e
n z v z n e p e l r
t z r m c t i p e l r
t q p i p e b z l e
n a v z m i b z l e
n z v z n e p e l r
t z v z n e p e n g
t q p i p e b z l e
n a v z m i b z l e
n z v z n e p e l r
n z v z n e p e l r
n a v z m i b z l e
n z v z n e p e l r
t z v z n e p e n g
n z v z n e p e l r
n z v z n e p e l r
t q p i p e b z l e
n z v z n e p e l r
m n c l z - n g r m
n z v z n e p e l r
n z v z n e p e l r
t z v z k i n e d r
t z v z n e p e n g
n z v z p x b z n g
v o t r p z k r
n z m c t x p w z
n z r p i b z l r
n z v z p x b z n g
w x b u p x - n g r m
n z v z p x b z n g
t q p i p e b z l e
t q v z - n g r g r
t q v z - n g r g r
n z v z p x b z n g
n a v z m i b z l e
n a v z m i b z l e
n z v z p x b z n g
n z v z p x b z n g
n z v z p x b z n g
n z r p i b z l r
t z v z n e p e n g
t q v z - n g r g r
t q v z - n g r g r
t q v z - n g r g r
t r v z n e - k a k r
n z m n c l z b z n g
t q v z - n g r g r
t q v z - n g r g r
n a m n c t x p o
t q p i b z k r
t q v z - n g r g r
t q v z - n g r g r
t z v z n e p e n g
t q v z - n g r g r
t q p i b z k r
n a v z m i b z l e
n a l i n g
n z v z - n g r m l r
n z v z - n g r m l r
t z v z p x p e b z n g
n z v z - n g r m l r
t z v z n e p e n g
n z v z - n g r m l r
n z v z - n g r m l r
t z v z n e p e n g
n z v z - n g r m l r
n z v z - z v z b z n g
t q p i b z k r
n z v z - n g r m l r
t z v z p x p e b z n g
n z v z - n g r m l r
e s z - k r d e
t z v z n e p e n g
n z v z - n g r m l r
n z v z - n g r m l r
n z v z - n g r m l r
n z v z - n g r m l r
n z v z - n g r m l r
n z v z - n g r m l r
t z v z n e p e n g
n z v z - z v z b z n g
n z v z - n g r m l r
t z v z k i n e d r
t q p i b z k r
n z v z - n g r m l r
n z v z - n g r m l r
n z v z - k r n g e
n z v z - z v z b z n g
n z v z - n g r m l r
t q m w i t x p e
n z v z - n g r m l r
n z v z - z v z b z n g
t z m n c - n g r d r
t q p i b z k r
t q m n c - n g r d e
t q r p i - n g r n
n z v z - z v z b z n g
t q m n c - n g r d e
n z p r p x - k r d r
t z v z n e p e n g
t z v z n e p e n g
n z r n i b q n g r
t q n g r l r p e k r
n z m c t x p w z
n z v z - k r n g e
n z v z - k r b z k r
r p i - m o u p q l e
n z v z - k r b z k r
n z v z - k r b z k r
t z v z p x p e b z n g
n z v z - k r b z k r
n z v z n e p e l r
t q p i p e b z l e
n z v z - k r b z k r
t z r m c t i p e l r
n z v z - k r b z k r
n z v z - k r b z k r
d w a t x t r x
n z v z - k r b z k r
t q n g r l r l z p e
n z v z - k r b z k r
n z v z - k r b z k r
n z v z - k r b z k r
n z v z - k r b z k r
n z v z k a i - k r g r
n z v z - k r n g e
n z m n c l z b z n g
n z v z - k r b z k r
t r v z n e - k a k r
n z v z - k r b z k r
n z v z - k r b z k r
n z v z - k r b z k r
n z d w a o n g r
n z v z - k r b z k r
n z v z - k r b z k r
n z v z - k r b z k r
t q n g r l r l z p e
t z m w i - n g r d r
n z m n c l z b z n g
t q m w i - n g r g r
e t u t x
t z r m c t i p e l r
t z v z n e p e n g
t q p r t r p e b z k r
n z v z - k r n g e
t z v z n e p e n g
t r v z n e - k a k r
m n c - e p e l z l e
r p i - m o u p q l e
n z v z p e - k r d r
n z y c m n e - k r m
n z v z - k r n g e
n z v z - k r n g e
n z m n c p e n g
n z m n c l z b z n g
t q p i b z k r
t z v z n e p e n g
n z v z p e - k r d r
n z v z - z v z b z n g
n z v z - z v z b z n g
t z m n c - n g r d r
t z v z p x p e b z n g
t z v z p x p e b z n g
t z v z p x p e b z n g
n z v z - z v z b z n g
n z v z - z v z b z n g
t z v z p x p e b z n g
t z v z p x p e b z n g
n z v z - z v z b z n g
n z y c m n e - k r m
t z v z p x p e b z n g
n z v z - z v z b z n g
n z v z - z v z b z n g
n z v z p e - k r d r
n z v z p e - k r d r
t z v z p x p e b z n g
t z v z p x p e b z n g
n z v z - z v z b z n g
n z v z p e - k r d r
n z y c m n e - k r m
t z v z p x p e b z n g
n z v z p e - k r d r
t z v z p x p e b z n g
t z v z p x p e b z n g
t u t i p x - n g r m
n z v z p e - k r d r
m n c - e p e l z l e
n z m n e t i
t z v z p x p e b z n g
n z m n c l z b z
n a y a p w x t i b o
m n c l v z r n g r
t q v z t r - m o p w z k r
t q v z t r - m o p w z k r
t q v z t r - m o p w z k r
n z v z k a i - k r g r
t u t i p x - n g r m
n a p i t r - m o u p o
r n g i - b a t r p q
n z v z p e - k r d r
n z v z p e - k r d r
n z v z p e - k r d r
n z m n c l z b z n g
t r v z n e - k a k r
n z v z k a i - k r g r
n z v z k a i - k r g r
t u t i p x - n g r m
n z a t u p x - n g r m
n z m n c p e n g
n a p i t r - m o u p o
n z p n a k i p x l r
n z v z p e - k r d r
t z m w i - n g r d r
n z v z p e - k r d r
t q m w i - n g r g r
n a p i t r - m o u p o
d w a t x t r x
n z v z p e - k r d r
t z m w i - n g r d r
n z v z k a i - k r g r
n z v z k a i - k r g r
y c - n r b a l q
t r v z n e - k a k r
n z t a v e t r
n z v z - k r n g e
t z s i k l u n g
n z y a p w x - k r d r
m c k r
n z w z - k r n g e
n z v z p e - k r d r
t z m n c - n g r d r
t q r p n a - n g r m
n z o l z - k r m l e
t q n g r l r p x p e m
t u t i p x - n g r m
n z w z - k r n g e
t r v z n e - k a k r
t q r p n a - n g r m
t q m r l z - n g r d e
t q m w i - n g r g r
t z r t w z - k z n g
n a p i t x t r - m o p o
n a p i p x - l z b q n g
n z o t i p e - k r m
n z n g i k r
t q w z t i p e l e
t q m c p e x
t z r t w z - k z n g
n z a l v z t r p l r
n z d w a t r - k r d e
a e l w a p x - p n z
n z p r p x - k r d r
n z m n c l z b z n g
t r v z n e - k a k r
t q v z m i t r p e l e n g
t r v z n e - k a k r
t q v o t i t r p e m l e
t q v z m i t r p e l e n g
t q v z m i t r p e b z l e
t q v z m i t r p e b z l e
t q v z m i t r p e l e n g
t q v z m i t r p e l e n g
t q v z m i t r p e l e n g
t q v z m i t r p e b z l e
t q v z m i t r p e b z l e
t q v z m i t r p e b z l e
t q v z m i t r p e b z l e
t q v z m i t r p e b z l e
t q v z m i t r p e b z l e
t q v z m i t r p e b z l e
t q v z t r - m o p w z k r
t q v z m i t r p e l e n g
t q v z t r - m o p w z k r
n z m n c p e n g
t q m w x l r p e k r
t q v z m i t r p e l e n g
t q v z t r - m o p w z k r
n z v z k a i - k r g r
t z k r l z p e - a t e l r
n z d w a t r - k r d e
t q v z m i t r p e l e n g
t q v z t r - m o p w z k r
t q v z m i t r p e l e n g
r p i o b z l e
t q v z m i t r p e l e n g
t q v z m i t r p e l e n g
t r n z p i - k r p o ' u
t q v z m i t r p e l e n g
n z p n a t i - k r b z m u
t q v z m i t r p e b z l e
t q v z t r - m o p w z k r
t z k r l z p e - a t e l r
t q v z m i t r p e b z l e
t q v z t r - m o p w z k r
t q v z t r - m o p w z k r
n z p r p x - k r d r
t q v z t r - m o p w z k r
r m c t i - n g r g r l e
t r v z n e - k a k r
t q v z t r - m o p w z k r
r m c t i - n g r g r l e
t q v z t r - m o p w z k r
r m c t i - n g r g r l e
t q v z t r - m o p w z k r
n a m n c - k a p q n g r
t q v z t r - m o p w z k r
t q v z t r - m o p w z k r
n z g l q o l r
r m c t i - n g r g r l e
r m c t i - n g r g r l e
n z v z - k r n g e
t z m n c n g r
r m c t i - n g r g r l e
r m c t i - n g r g r l e
n z m n c p e n g
r p i o b z l e
t q n g r l r p x p e k r
n a l x n g i t i k u
t r n z p i - k r p o ' u
r m c t i - n g r g r l e
t q v z m i t r p e b z l e
n z r p i - a n i - k r m l e
t q o l v x t i - a t e l e
t q y r p u t i p x n g r
t q v z - n q b l q n e n e
t r v z n e - k a k r
n z r p i - a n i - k r m l e
t q v z - n q b l q n e n e
n z m n c p e n g
t q v z - n q b l q n e n e
t q v z - n q b l q n e n e
t z v z p e - k a i n g
t q v z - n q b l q n e n e
t q v z - n q b l q n e n e
t q v z - n q b l q n e n e
n z r p i - a n i - k r m l e
t q v z - n q b l q n e n e
t q v z - n q b l q n e n e
n z b z - k r g r
n z r p i - a n i - k r m l e
t z m n c t x - a l o p e n g
y a p x - z v z k r
t z v z p e - k a i n g
n a m n c n e - n g r g r
n z r p i - a n i - k r m l e
n z v z k a i - k r g r
t q a m a o p e
n z w z - k r n g e
t r v z n e - k a k r
n a k a t x b z l e
n a m n c - k a p q n g r
n a m n c - k a p q n g r
t z v z p e - k a i n g
t r n z p i - k r p l e u
t z v z p e - k a i n g
n z r p i - a n i - k r m l e
t z v z p e - k a i n g
t r v z n e - k a k r
n z y a g o x - k r d e
t z m n c t x - a l o p e n g
n z a l v z t r n g
t z l v c l z p e - n g r d r
t z m n c t x - a l o p e n g
a b r t z l v z k r
v o t r p z k r
t z m n c t x - a l o p e n g
n z a b r t z n g r
n z m u - k r g r
t z v z p e - k a i n g
m n c - m i p e - a m u
n z y c m n e - k r d e
m n c - m i p e - a m u
n z w z t i - k r b z l e
m n c - m i p e - a m u
n z v z t r n g
t z n g r l r k i o p e l r
n z m u - k r g r
n z m n c p e n g
n a m n c n e - n g r g r
t q m e i p x
m n c - m i p e - a m u
t q r l r p e - n g r m l e
t z y c m n e t r p e - n g r d r
n z y c m n e - k r d e
n a a g l q p e k r
m n c - m i p e - a m u
n z e t u p e - k r n g e
t z y z l u p e - m o p w z n g
n z y c m n e - k r d e
n a m n c - k a p q n g r
d w a - r b r l z - n g r m q g r
t z v z p e - k a i n g
n a m n c - k a p q n g r
t u t i p x - n g r m
n a a g l q p e k r
n z d w a t r - m o u - k r g r
t q k q l e p e b z l e
m e i t x t a t x p x
r p i o b z l e
t q v z p e - k z x
n z k a l z m l r
n a y a p w x t i b o
t q m r l z x
