t q a s u l e
n z r p i b z l r
t z y a p x p e n g
n z v z - n g r m l r
n z v z - k r b z k r
n z v z p e - k r d r
n z v z p e - k r d r
t q w z t i p e l e
n z v z p e - k r d r
n z r p i b z l r
n z v z - k r b z k r
n z r p i b z l r
r k a l z m g r
r k a l z m q g r
t u t i p x - n g r m
n z r p i b z l r
n z v z - k r b z k r
t q v z p e x
t q v z p e - k z x
n z v z p e - k r d r
t z v z k i n e d r
n z v z - k r b z k r
o s z b z l e
t z v z k i n e d r
t q r g l q t i k r
n z v z p e - k r d r
t z v z k i n e d r
t q r m c t i p e k r
n z v z p e - k r d r
n z r p i b z l r
t q v z - n g r g r
n z d w a o n g r
t z v z k i n e d r
t q v z p e - k z x
t z v z p x p e b z n g
n z w r k x t r n g r
t z v z p x p e b z n g
t z v z k i n e d r
t q w z t i p e l e
m w a k r
t z v z p x p e b z n g
m n c l z - n g r m
n z k r l z m l r
t z r m c t i p e l r
y r k r p x b z l e
t a b c - z v z k r
t z v z p e - k a i n g
n z v z - k r n g e
n a v z m i b z l e
t q v z - n g r g r
n z w z t r n g
n a p i b z k u
t q m r l z p e
t u t i p x - n g r m
t q m c p e k r
n a d w a p e k r
n z v z - k r b z k r
t q v z - n g r g r
t z v z k i n e d r
n a v z m i b z l e
d w a l z m g r
t q y a p x p e b z
t z v z k i n e d r
n a v z m i b z l e
m c t e
t z v z k i n e d r
t q v z p e k r
n z m u - k r g r
d w a l z m g r
t z v z p x p e b z n g
t z v z k i n e d r
y a g o x t x
n a v z m i b z l e
y r l q b z l e
n z d w a o n g r
n a v z m i b z l e
t z r m c t i p e l r
n a v z m i b z l e
a b r t z l v z k r
d w a l z m g r
t z v z n e p e n g
t q v z p e - k z x
r p i o b z l e
n a v z m i b z l e
y z l u m c
e t u t x
t q v z - n g r g r
t q r p i b z l e
t q v z - n g r g r
n z v z - k r b z k r
n z v z k i o l r
t z v z p x p e b z n g
n z v z p x b z n g
t q r p i b z l e
n a d w a p e k r
t q v z - n g r g r
n z w z k r
n z v z k i o l r
t q v z p e - k z x
n z r m c t i l r
t q v z - n g r g r
n z v z k i o l r
t z s i k l u t i
n z v z - k r b z k r
n a e s z ' m z n g
t z n g r l a p l x
t q v z p e b z
n z v z d z m q n g
n z v z n e p e l r
t q r m c t i p e k r
n a v z m i b z l e
n z d w a o n g r
n z v z n e p e l r
t z v z n e p e n g
n z v z n e p e l r
t q v z p e x
t q p i p e b z l e
n z w z k r
t q v z p e - k z x
t z v z n e p e n g
t q m c p e l e
n z v z - k r n g e
n z r p i m l r
n z v z b z n g
n z p r p x n g r
n z v z p x b z n g
n z v z p x b z n g
t z v z k i n e d r
n z v z - k r n g e
n z v z - k r n g e
n z v z - k r n g e
a t u l z n g r
n z r p i m l r
k r l z m g r
k x y r l z
k r l z p e b z k r
n z v z p x b z n g
n z r m c t i - k r d r
n z k a l z m l r
t q v z p e x
d w a t x t r x
n z v z n e p e l r
n z v z p x b z n g
n z v z - k r n g e
n z v z - k r n g e
n a v z m i b z l e
t q t u n e p w z
n z r p i m l r
t z t a v e l r
n z l v c k r
n z r p i m l r
n z r p i m l r
n a v z m i b z l e
n z v z p x b z n g
n z v z p x b z n g
r p i o b z l e
n z v z p x b z n g
n z v z p x b z n g
t q y r n i p e x
n z v z p x b z n g
n z m n c p e n g
n z v z p x b z n g
n z r p i m l r
n z m c t x p w z
n z v z n e p e l r
t q r p i b z l e
n z w z k r
n z a b r t z n g r
k x t o p w z
t q m c p e l e
t q m c p e x
n z r m c t i l r
t q v z p e x
t q m c p e l e
t q r p i b z l e
n z r m c t i l r
t q r p i b z l e
t q r p i b z l e
n z v z n e p e l r
t z k r l z p e
t q m c p e l e
n a m n c t x p o
n z v z b z n g
t q m c p e l e
n z m n c p e n g
n z r m c t i l r
n z r m c t i l r
n a p i b z k u
n z l v c p e n g
n z m c t x p w z
n z v z - k z n g
t z v z n e p e n g
n z m n c p e n g
n z v z b z n g
n z v z - k z n g
t q r p i b z l e
n z v z - k z n g
a e l w a p x
n z v z - k r n g e
n z v z - k z n g
n z m c t x p w z
r m c t i p e k r
n z v z n e p e l r
n z v z b z n g
n z v z n e p e l r
n z v z n e p e l r
n z v z b z n g
n z v z k i o l r
n z r m c t i l r
d w a l z m g r
n z v z n e p e l r
n z v z k i o l r
n z v z k i o l r
o t i b z l e
n z v z k i o l r
t q v z - n g r g r
t z v z o p e n g
n z r m c t i l r
t q v z - n g r g r
r k a l z m
t z v z o p e n g
n z v z k i l r
t q v z p e x
n z l v c n g
t q v z p e b z
t z v z n e p e n g
p n z ' b z l e
n z v z - k r b o
n z a l v z t r l r
t u p x m
n z v z n g
n a m n c t x p o
n z r m c t i l r
n z v z k i l r
t q p n z ' l e
n z m c t x p w z
r m c t i p e k r
d r t a ' d r
a l v z t r l e
v z t r n g r
r m c t i p e k r
t q v z p e m g r
n z l z t i n g
r g l q p x k r
n z r p i l r
t q v z p e m g r
n z v z - k r d r
n z m c t x p w z
n z v z k i l r
n z v z k i l r
n z r p i l r
t z v z o p e n g
n z r p i b z
n z l v c n g
t q r p i p e x
n z r l z n g
n z m c t x p w z
k x m a t q
n z r b o m k r
n z t u n g r
n z m c t r
y z l u m l e
n z r p i l r
r m c t i l e
t z v z o p e n g
t q v z p e b z
t q v z p e m g r
n z v z b z n g
r m c t i l e
t q v e a p e
t q v z p e b z
t z v z o p e n g
t z v z o p e n g
t z v z o p e n g
t q r y r - n g r n e
t z v z o p e n g
r m c t i p e k r
n z v z - k r b o
t q v z p e m g r
t q p i b o
r m c t i p e k r
n z v z - k r b o
t z v z o p e n g
t z v z o p e n g
n z r m c t i l r
t q k r l z p e l e
n z v z - k r b o
n z v z - k r b o
n z v z p e n g
t q v z p e b z
v z t r n g r
k i l z n e d e
d w a t r k r
t q v z p e b z
t q v z p e m g r
d w a t r k r
d w a t r k r
t q v z p e b z
t q v z p e m g r
n z m c t x p w z
n z r p i b z
v z m i o l e
t q v z p e b z
t q m c p e l e
d w a t r k r
n z r p i b z
n z m c t x p w z
v z m i o l e
n z r p i b z
v z m i o l e
t q v z p e m g r
n z m c t x p w z
a l v z t r l e
m r b r t x
t q p i b z k r
n a y r k r t x
n z r p i b z
d r l z d e
t q v z p e b z
t q r p i p e x
m z l i   k c
v z k i m l e
t q p i b z k r
v z t r n g r
v z m i o l e
t q p i b z k r
t q r p i p e x
o l i q l z k r
v z p x b z k r
x l r k r l e
t q p i b z k r
v z k i m l e
t q m n c
n z t u n g r
n z v z - k r b o
k x y r l z
t q m c p e l e
t z v z - n g r
n z a b z o l r
k x p l c
v z m i o l e
v z m i o l e
n z r p i b z
v z k i m l e
n z v z k i l r
n z v z p x n g
n z r p i b z
v z m i o l e
n z v z k i l r
n z v z p x n g
n z v z p x n g
v z t r n g r
t z v z - n g r
o t i l e
n z v z p x n g
l x l v r k i m l e
n z v z p x n g
n z m n c k r
n z v z k i l r
n z v z k i l r
v z k i m l e
n z v z p x n g
n z v z p x n g
n z v z p e n g
n z t u n g r
n z v z p x n g
n z v z p x n g
n z v z p e n g
v z p x b z k r
n z v z p e n g
t z v z - n g r
v z t r n g r
t q v z p e - k z x
t q v z p e x
n z v z p e n g
t q d c
v z k i m l e
n z v z p e n g
t q t u p x m
v z p x b z k r
v z p x b z k r
v z t r n g r
t z v z - n g r
t q v z p e x
t q v z p e - k z x
m r t u t x
t z v z - n g r
r m c t i l e
n z v z - k r m
n z m c k r
v z t r n g r
v z p x b z k r
v z t r l e
m c l x
t q v z p e x
t q p i b z k r
v z t r n g r
r g l q p x k r
t q r p i p e x
m c l x n g
t q m r b r
n z t u n g r
t q t w z p e
t q v z p x p e
n z n g i - k r d r
n z v z p x n g
m c l x n g
t q r p i p e x
t q p i p e m
n z v z p x n g
t q v z p x p e
n z v z p x n g
n z v z p e n g
t q m c p e x
p i b z l e
n z v z p x n g
t q m c p e x
t q m c p e x
n z v z p e n g
t q v z p x p e
t q p i p e m
t q m c p e x
t q v z p x p e
v z t r l e
n z m c t r
t q r p i p e x
w z t r p o
n z v z p x n g
m c l x n g
w z t r p o
t q v z p e - k z x
m n c t i k r
t q v z p x p e
v z p x b z k r
k x t o p w z
m n c t i k r
t q v z p x p e
t q m e i p x
m c l z k r
m c l x n g
t q v z p e - k z x
t q v z b o
v z t r l e
m c l x
n z n g i k r
m c l z k r
m c l z k r
m c l z k r
t q v z b o
m c l z k r
t u p x m
t q v z b o
t u n e p w z
t q v z b o
v z t r l e
v z t r l e
v z t r l e
p i b z l e
t q v z b o
t w z t r k r
v z t r l e
o t i b z
n a r l z
n z r p i l r
m c l x n g
y c m n e p e
m c l z k r
v z t r l e
y c m n e p e
t q r p i p e x
n e n g e n g
t q v z p e m
t u p x m
m c p z k r
m c l x
t q v z p e m
m c l x n g
t q r p i p e x
t r t e d e
r m c t i l e
m c l x n g
n z m c k r
n a k a b z
v z p e m
t q v z p e m
t q v z p e m
t q v z p x p e
t q v z p e m
n z m c k r
v z t r l e
m c l x n g
n z m c k r
v z t r l e
t q v z p e m
t q v z p e m
n z m c p x
n z m c k r
n z m c p x
v z t r l e
t q v z p e m
n z p n z '
t q m c p e
n z m c t r
k c m a n g
m n c p e x
n a v z b z
r p i l e
n a v z n g
t q a s u p e
n a v z b z
m n c p e x
k x g l r
n a v z n g
n z v z - k r m
n z v z - k r m
t u p x m
n z m c k r
m c l x
v z p e m
n z v z - k r m
n a v z n g
t q p i p e m
n a v z n g
n z v z - k r m
n a v z n g
n z v z - k r m
n a v z n g
t q p i p e m
v z p e m
v z p e m
n a v z n g
n a v z n g
t u n e p w z
v z p e m
t q v z b o
t r s u k a
m n c p e x
v z p e m
v z m i m q
m c p o
n a v z n g
v z p e m
v z p e m
t w z t x p o
m n c p e x
n z v z - k r m
v z p e m
n z v z - k r m
n a v z b z
n a v z b z
n a v z b z
n z v z - k r m
n z v z - k r m
n z v z - k r m
t q p i b z
r p i l e
n z m c k r
t q p i b z
t q p i p e m
v z m i m q
t q p i p e m
m n c p e x
t q v z p e
m c l x
t q p i m e
n a v z b z
t q p i b z
t q p i m e
v z p e m
t q p i b z
v z p e m
v z m i m q
r p i l e
x l r k r
t q v z p e x
t q v z p e - k z x
v z p e m
t q m n c
t u p x m
m c t r k r
m r l x m q
n a r l z
v o m l e
t z l v c m l r
m z k e '
v z b z
t r s u k a
m c l x
w z t r p o
t z v z - n g r
m c t r k r
v z p e m
t z v z - n g r
v z p e m
t q v z p e
t q v z p e
v o m l e
t z v z - n g r
m c l z k r
m c l x
t q v z b o
n a m r l z
t q n g i
t q v z t r p e
t q v z p e
m c t x m
m c t r k r
t q v z b o
t q m n c
m c t r k r
t q v z p e
m c t r k r
n a m c k r
m c t r k r
t q p i b z
m c t x m
t q v z p e
t q b z p e
t q v z p e
t q p i b z
t q v z p e
m c p x m
t q p i b z
t q v z p e
m c l x
t q p i m e
t q p i m e
m c l x
n z r p i m
y r n i t x
n z m c p x
m c p o
v z t r l e
m c t x m
n z m c p x
n z r p i m
n z m c t r
v z - z v z x
t q p i b z
v z - z v z x
v z m i m q
v z m i m q
n z m c p x
n z m c t r
v z m i m q
t q v o b e
m c p o
t q v o b e
n a v z b z
m c t x m
n a v z - k a i k r
n a v z k r
t q v z b o
m c p x m
v z p e m
t q p i m e
v z - z v z x
t q v z b o
m c p x m
v z - z v z x
m c p o
t q p i m e
t q t u l z
t z v z p e
t z v z p e
e t u t x
t z v z p e
m c l x
t z v z p e
t z v z p e
t z v z p e
t z v z p e
t z v z p e
t z v z p e
t z v z p e
t z v z p e - k a i n g
t z v z p e - k a i n g
v z - z v z x
v z m i m q
v z m i m q
t z v z p e
v z - z v z x
v z m i m q
n z r p i m
v z - z v z x
m c p x m
t q m n c
r p i - m o p w z
v o k r
v z m i m q
n a v z n g
n z m c k r
k x l r p r
m w i t x
v z m i m q
o t i m
m w i t x
t z m n c - n g r d r
n z m c p x
t z m n c - n g r d r
v z t x
m c l x
k x p r k i
t z v z p x p e b z n g
t z v z p x p e b z n g
m w i t x
n z m c p x
m c o m q
v z t x
v z t x
v z t x
v z t x
v z t x
t q v z p e m
t q v z p e m
t q v z p e m
t q v z p e m
v z t x
t q t u p x m
t q v o b e
m c t x m
m c t x m
m c p o
m c t x m
n z v z
m c t x m
n z v z
m c p x m
n z v z
n z v z
n z v z
n z v z
n a m c l e
t w z x
o t i m
v z x
v z x
v z x
v z x
v z x
v z x
v z x
n z v z
n z v z
n z v z
n z v z
n z v z
n z v z
n z v z
n z v z
