m n c - m i p e - a m u
m n c - m i p e - a m u
m c t x m
t u p x m
t u t i p x - n g r m
t u p x m
r p i - m o u p q l e
t q n g r l r p e k r
r m c t i - n g r g r l e
r p i - m o u p q l e
m c p o
t r t q w z p e u
t q v z - n q b l q n e n e
n z y c m n e - k r m
n z y c m n e - k r m
n z y c m n e - k r m
r p i - m o u p q l e
t z m w x l r n g
t z m n c t x - a l o p e n g
n z r p i - a n i - k r m l e
r p i - m o u p q l e
n z a t u p x - n g r m
r p i o b z l e
n z r m c t i l r
t q o t i p e b z l e
t q r p i p e x
t q r p i p e x
t q t u p x m
n z a t u p x - n g r m
t q v z t r - m o p w z k r
n z r m c t i l r
t q v z t r - m o p w z k r
m c t r k r
n z m c t x p w z
t z r m c t i p e l r
n z a t u p x - n g r m
n z r m c t i l r
p i b z l e
r p i o b z l e
t q r p i b z l e
t q t u p x m
t q m u k r
n a m n c n e - n g r g r
m c t r k r
n a m n c n e - n g r g r
t q t u p x m
n z m n c l z b z
t q t u p x m
r p i o b z l e
n z m c t r
n z m n c l z b z
r p i o b z l e
r p i o b z l e
n z r p i m
v z m i m q
n z r p i m l r
t q m n c
t r v z n e - k a k r
n z r p i l z - k r d r
n z r p i l z - k r d r
t q t u p x m
t q t u p x m
n z a b r t z n g r
v z p x b z k r
n z m n c - k r n g e
t z m n c n g r
t q v z b o
r p i o b z l e
n z r p i l r
n z w z t i - k r b z l e
t q v o t i t r p e m l e
t z v z k i n e d r
n z w z - k r n g e
t z v z k i n e d r
n z t w z - k r n g e
t z v z k i n e d r
t q m c p e x
t q v z b o
n z m n c p e n g
n z w z - k r n g e
t z v z k i n e d r
v z m i o l e
t w z t r k r
n a v z m i b z l e
t q t u p x m
n z m n c l z b z n g
n z v z - k r b o
t q v z p e b z
n a v z m i b z l e
t q v z p e b z
v z t r l e
n z v z - k r b o
v z - z v z x
t q v z - n g r g r
t q v z p e b z
n a v z m i b z l e
v z m i o l e
v z t r l e
n a v z b z
v z t r l e
v z m i o l e
t q v z p e b z
t q v z m i t r p e l e n g
n a v z b z
n z b z n g
t q m r l z
t q v z - n g r g r
t q v z m i t r p e l e n g
t q v z m i t r p e l e n g
v z k i m l e
t q v z m i t r p e l e n g
v z k i m l e
n z m n c l z b z n g
t z v z p e - k a i n g
r p i o b z l e
t q v z p e m g r
t q v z - n g r g r
t z v z p x p e b z n g
t q v z p e m g r
t q v z p e m g r
n z v z - k r m
t q t u p x m
t z v z p e - k a i n g
v z x
v z k i m l e
t z v z p x p e b z n g
v z t x
v z t x
t z v z p e - k a i n g
n z p r p x - k r d r
v z t x
n z v z k a i - k r g r
t q v z p e m
t q v z p e m
n z v z - k r b z k r
v z t x
t q v z p e m
n a v z n g
t z v z n e p e n g
t q v z p e m
t z v z o p e n g
t z v z n e p e n g
n a v z n g
t z v z n e p e n g
n z v z n e p e l r
t q t r k a p e m
v z t r n g r
n a v z n g
n z v z n e p e l r
n z v z n e p e l r
v z t r n g r
n z w z t i - k r b z l e
n z p i l z l r
n z m w a n g r
n z v z p x b z n g
n z v z p x b z n g
n z v z - z v z b z n g
t q m c p e l e
n z l v c n g
n z v z p x b z n g
n z v z - z v z b z n g
n z l x n g i t i - k r g r
t w z x
n z v z p x n g
n z v z k i o l r
n z v z p x n g
t q v z p e
m r k c n g
n z p i l z l r
n z v z - k z n g
v z k r
t q v z p e
n z v z p e n g
n z a b r t z n g r
t q v z b e
n z l v c p e - k r d r
n z v z p e n g
n z v z
n z v z b z n g
n z v z b z n g
n z v z p e n g
n z v z b z n g
n z p n a n g
t z m n c - n g r d r
n z a b r t z k r
n z o b q - k a p q n g r
n z p n a
t q a b r t z - z v z - n g r g r
t q m n c - n g r d e
x l r k r
t q m n c - n g r d e
d w a t x t r x
n z d w a t r - k r d e
d w a s x p x - k z p q g r
d w a l z m g r
b o m l e
n z y c m n e - k r d e
t z p r o p e n g
d r t w r g r
n z t u n g r
m w x l r t x - z l w z k r
l v c - a l z u p q
k x l i
t r y c m n e - k a k r
t q m n c - n g r d e
m w i t x k r
n z p r p x - k r d r
n z m r l z k r
t q m n c - n g r d e
n z a b r t z k r
t q v z p e - k z x
n z t u n g r
n z y c m n e - k r d e
m w i
m w i - n g r g r
n z t u n g r
t q v z p e - k z x
t q v z p e x
t q y r k r p e
t q m n c - n g r d e
a t u l z n g r
t q v z p e x
n z m n c - k r g r
n z m n c - l x b l r - k r g r
n a n g i t x p w z
t z x l r o p e l r
t q v z p e x
t q v z p e - k z x
n z r m n q t x n g
n a m c l e
t q v z p e - k z x
t q v z p e x
n a k a b z
t q v z p e - k z x
t q v z p e x
t z m n c - n g r d r
n z t u n g r
y z l u m g r
n z a l v z t r l r
t z m n c - n g r d r
a t u l z n g r
t q r m c t i p e k r
t r n z p i - k r p l e u
l v c - a l z u p q
d w a l z m g r
d w a t x t r x
n z d w a t r - k r d e
t q d w a p l r k r n g
n z t u n g r
n a y a p w x t i b o
