n z v z b z n g
t q r p i b z l e
t z m n c - n g r d r
t q r p i b z l e
v o t r p z k r
n z v z b z n g
v z p x b z k r
v z p x b z k r
t q v z p x p e
t q l i p e
v z p x b z k r
v z p x b z k r
v z p x b z k r
m n c l z - n g r m
v z p x b z k r
v z p x b z k r
v z p x b z k r
v z p x b z k r
n z v z k i l r
v z p x b z k r
v z p x b z k r
n z v z - k r m
v z p x b z k r
n z v z k i l r
y r l q b z k r
n z v z k i l r
n z v z k i l r
n z v z k i l r
n z v z k i l r
n z v z - k z n g
n z v z k i o l r
n z v z k i l r
n z v z k i l r
n z v z k i l r
n z v z p e n g
n z v z k i l r
n z v z k i o l r
n z v z p e n g
n z t u n g r
t q p i b z k r
n z v z k i l r
n z v z p e n g
n z v z - k r b o
n z v z k i l r
n z v z p e n g
n z v z k i l r
n z v z k i l r
n z v z - k z n g
n z v z - k z n g
n z r p i m l r
n z v z k i l r
n z v z p e n g
n z v z - k z n g
a l v z t r l e
v z p x b z k r
t q m c p e x
n z v z - k r m
n z v z - k z n g
n z v z - k z n g
m n c l v z r n g r
n z m n c l z b z
d w a t r k r
n z v z p x n g
n z v z - k r m
n z v z k i o l r
t q m c p e l e
n z v z - k r m
n z v z - k r m
n z v z - k r m
n z v z - k r m
n z v z - k r m
n z v z - k r m
n z v z - k r m
n z r m c t i l r
t q p i p e m
n z v z - k z n g
t q r p i p e x
n z v z - k r m
n z v z - k r m
n z v z b z n g
d w a l z m g r
n z v z - k r m
n z v z p x n g
t z v z o p e n g
t q p i p e m
n z v z - k r m
n z v z k i l r
t q v z p x p e
n z v z - k r m
n z m n c n g r
n z v z p x n g
n z v z p x n g
n z v z - k r m
n z v z k i l r
n z v z n g r
n z v z p x n g
y r l q t x b o
n z v z - k r m
t q v z p x p e
t z l v c m q n g
t z l v c m l r
t q p i b z k r
t q v z p x p e
t q p n z ' l e
t q v z p x p e
t q v z p x p e
n a v z m i b z l e
n z v z b z n g
t q p i b z k r
t q o t i m l e
t q v z p x p e
t q v z p x p e
t q r p i p e x
n z v z p e n g
t q v z p x p e
n z r p i m l r
m n c l v z r n g r
n z v z b z n g
t q v z p x p e
n z v z p e n g
n z v z b z n g
n a v z m i b z l e
n z v z p e n g
t z m n c n g r
n z v z p e n g
n z v z p e n g
t q a y r n i p e
t z v z - n g r
n z v z b z n g
n z v z p x n g
n z v z b z n g
n z v z p e n g
n z v z p e n g
n z m c t x p w z
n z v z k i o l r
n z m c t x p w z
n z v z p x n g
n z v z k i l r
t q r p i p e x
n z m n c l z b z
k c m a n g
t q y r n i p e x
n z v z b z n g
n z v z p e n g
n z r p i m l r
v z t r n g r
n z r p i m l r
v z t r n g r
x l r b z l e
v z t r n g r
n z v z k i o l r
n z v z k i o l r
r p i o b z l e
v z t r n g r
t q r p i p e x
n z v z p e n g
n z v z p e n g
t q p i p e m
t q r p i p e x
n z v z p e n g
v z t r n g r
v z t r n g r
n z v z p e n g
d w a l z m g r
t q v z p e b z
v z t r n g r
v z t r n g r
t q p i p e m
n z v z p e n g
v z t r n g r
v z t r n g r
x l r b z l e
n z p i l z l r
v z t r n g r
n z v z p e n g
v z t r n g r
v z t r n g r
t q v z p e b z
v z t r n g r
v z t r n g r
t z v z o p e n g
r p i o b z l e
v z t r n g r
t z v z o p e n g
t q y r n i p e x
t q t u p x m
d r t w r d r
t q v z p e m
t z v z o p e n g
n z v z b z n g
r m c t i l e
t q v z p e m
t q v z p e m
d w a t r k r
t q v z p e m
n a v z n g
n a p i t r - m o u p o
t q v z p e m
t q a m r l z
t q v z p e m
t q v z p e m
t q t u n e p w z
d w a l z m g r
n a v z n g
t q v z p e m
n z v z b z n g
t z v z o p e n g
t q v z p e m
n a v z n g
t q v z p e m
t q v z p e m
m r b r p e
n z t u n g r
t q v z p e m
d w a l z m g r
r p i o b z l e
t q v z p e m
t q v z p x p e
t q v z p e m
t q v z p x p e
d w a t r k r
n z a b z o k r
n z r p i b z
t q v z p e b z
t q v z p e m
n a v z n g
t q v z p e b z
t q v z p e b z
t q v z p e b z
t q v z p e b z
t q r p i p e x
t q v z p e m
t q p i p e m
t q v z p e b z
n a v z n g
n a v z n g
t q v z p e m
t q m c p e l e
n a r b o m p e n g
l r d r
n a v z n g
t q m c p e x
k r l z m g r
t q v z p e m
r p i o b z l e
t q p i p e m
t q a s u l e
n a v z n g
n z m u n g r
t q v z p e m
t u l z m c
t q m c p e x
t q m c p e x
t z v z - n g r
t q v z p e b z
t q t u p x m
v z p x b z k r
t q m c p e x
n a r l z
n z r p i l r
n z v z b z n g
n z r p i l r
t q v z p e b z
t q v z p x p e
t r t e g r
t q v z p x p e
t q v z p e b z
t q v z p e b z
t q v z p e b z
m n c t x d e
t z v z - n g r
n a v z n g
t q p i m e
t q p i m e
n z m c k r
t q v z p e b z
n z r p i l r
t q v z p e b z
n z r p i l r
v z - z v z x
p i b z l e
t q p i p e m
d w a t x t r x
r m c t i l e
t q v z b o
r m c t i l e
n z r p i m l r
n a v z n g
t q p i m e
x l r b z l e
t q p i m e
t q b z p e
t q p i m e
p i b z l e
n z m c k r
n a v z n g
n z w z k r
n z n g i k r
n z r p i l r
b z a m u
n a v z n g
n z m c k r
t u n e p w z
v z m i o l e
n a v z n g
b z t i p e d e
v z k i m l e
v z m i o l e
v z m i o l e
t q v o b e
v z m i o l e
v z p x b z k r
n a v z n g
t q v z p x p e
v z m i o l e
n a v z n g
t q v z p e b z
t q m c p e x
v z m i o l e
t z v z - n g r
t z v z - n g r
v z m i o l e
t z v z - n g r
t q v z b o
t q v z p e - k z x
x l r m l e
t q v z b o
m c l x n g
t q v z b o
m c l x n g
t q v z p e - k z x
n z v z - k r m
m c l x n g
m c l x n g
m c l e
m c l x n g
t q a m r l z
t q m c p e x
m c l x n g
v z t r l e
v z t r l e
p i b z l e
v z t r l e
n a d w a p e k r
v z k i m l e
v z t r l e
v z k i m l e
v z t r l e
v z t r l e
v z t r l e
t q v z b o
t q v z b o
m c l x n g
v z m i o l e
m c l z k r
t q p i m e
n z r p i l r
t q v z p e b z
t q v z b o
e s z ' n e
d w a t x t r x
d w a t r k r
n a v z n g
m c l z k r
m c l z k r
m c l z k r
p i b z l e
v z m i o l e
t u t x l z m
t z v z - n g r
t q p i b z
v z m i o l e
v z t r l e
v z t r l e
t q p i b z
v z t r l e
v z k i m l e
v z t r l e
t q p i m e
v z t r l e
n z r m c t i l r
m c l z k r
m c l z k r
x l r k r l e
v z t r l e
t q v z p e x
t z v z - n g r
t z v z - n g r
t z v z p e
t z v z - n g r
n z r m c t i l r
t q v z p e - k z x
t q v z p e - k z x
r g l q k r
m n c t i k r
m c t r k r
t u t x l z m
t q v z p e x
t q a s u p e
t q m r b r
n a v z - k a i p o
t q v z p e - k z x
x l r k r
t q v z p e - k z x
t q v z p e x
t q v z p e - k z x
t q v z p e x
t z v z - n g r
p i b z l e
t z v z - n g r
t q v z p e x
t q v z p e x
t q v z p e - k z x
t u t x l z m
t q v z p e - k z x
t q v z p e - k z x
x l r b z
t u p x m
t q v z p e - k z x
t q v z p e x
t q v z p e - k z x
t q v z p e x
t q v z p e - k z x
v z t r l e
x l r k r
t q v z p e - k z x
t q v z p e - k z x
t z v z - n g r
t q v z p e x
t q v z p e - k z x
t q t u l z
t z v z - n g r
t q v z p e x
t z v z - n g r
m z t e
v z t r l e
x l r k r l e
t z v z - n g r
t u l z m c
n a v z b z
v z m i o l e
t q v z b o
t q v z p e
m c t r k r
t z v z - n g r
t q v z b o
t z v z - n g r
n z m c p x
v z p e m
t q v z b o
t q v z b o
b z a m u
t q v z b o
m n c t i k r
m c l x n g
x l r k r
n g r d e
v z p e m
v z p e m
t q v z p e - k z x
t q v z p e x
m c t r k r
t q v z b o
m c t r k r
o t i m
v z p e m
m c l x n g
m c p x m
t q v z b o
v z m i o l e
t q v z b o
v z p e m
v z p e m
t q v z p e
m n c p e x
v z p e m
t q v z t r p e
n z m c p x
v z t r n g r
x l r k r
t q p i b z
t q p i b z
m c t r k r
v z k i m l e
v z k i m l e
t z v z p e
t z v z p e
v z k i m l e
v z k i m l e
v z m q g r
m c t r k r
t q v z b o
k x e t u
v z k i m l e
v z t r n g r
v z k i m l e
v z k i m l e
v z k i m l e
v z k i m l e
v z k i m l e
v z k i m l e
v z k i m l e
v z k i m l e
v z k i m l e
v z p e m
v z k i m l e
t z v z p e
t z v z p e
v z k i m l e
t z v z p e
v z p e m
v z k i m l e
v z p e m
m n c k r
r p i l e
o t i l e
n z p n z '
t z v z p e
v z k i m l e
m c t r k r
t q v z p e
n z m c p x
t z v z p e
t z v z p e
n z m c p x
t z v z p e
v z p e m
k x l i
v z p e m
m c t r k r
t q p i b z
v z p e m
x l r k r
v z m i o l e
v z p e m
d r l z d e
t q p i b z
v z p e m
t q v z p e
y r n i t x
n z m c p x
n z m c t r
n z t u n g r
n z m c p x
k x e t u
m z l e d e
v z k r
n g r d r
v z p e m
r p i l e
v z p e m
n z m c t r
t r s u k a
t u p x m
n z m c t r
m c p x m
v z - m o p w z k r
v z b z k r
m c p x m
n z m c t r
m c t x m
e t u t x
t z v z p e
t z v z p e
v z m i m q
v z m i m q
v z m i m q
v z m i m q
t z v z p e
v z m i m q
v z m i m q
v z m i m q
v z m i m q
v z m i m q
v z m i m q
v z m i m q
v z m i m q
t z v z p e
t q n g i
t q v z p e
r p i l e
t q v z p e
t q v z p e
t u p x m
t q v z p e
t q v z p e
n g r d r
m c p x m
y r n i t x
t u o m
m n c p e x
m n c p e x
t q v z p e
m c t x m
m c t x m
t q v z p e
v z t r k r
r p i l e
r m c t i - n g r g r l e
m n c p e x
m c t x m
m c t x m
m c t x m
b r n g e
m c l x
t q m n c
m c t x m
n a v z b z
n a v z b z
n a v z b z
n a v z b z
m c l x
t q m n c
n a v z b z
t q v z p e
m c l x
t q m n c
m c t x m
t q v z p e
n a v z b z
m c l x
t r t e d e
m c l x
n z m c t r
v z m i m q
m c l x
v z m i m q
m c l x
n a v z b z
n z a t a k i
v z m i m q
n a v z b z
t q m n c
n a v z b z
t q m n c
n a v z b z
n a v z b z
m c p o
m c p o
t u o m
t q m n c
m c p o
o t i m
m c p o
n a v z b z
m c - k z a m u
m c p o
y c m n e p e
m c k r
y c m n e p e
t q m n c
t q m n c
n z r p i b z
r m c t i l e
n z r p i b z
t z r p i b z
n z r p i b z
r m c t i l e
v z - z v z x
v o m l e
r m c t i l e
r m c t i l e
r m c t i l e
r m c t i l e
r m c t i l e
r m c t i l e
v z - z v z x
n z m n c t x p w z
v z - z v z x
v z - z v z x
v z - z v z x
v z - z v z x
v z - z v z x
v z - z v z x
n o u d e
v z - z v z x
v z - z v z x
v z - z v z x
v z - z v z x
v z - z v z x
v z - z v z x
v z - z v z x
v z - z v z x
n g r g r
n a l i
v z x
v e x
v z x
v z x
v z x
v z x
v z x
v z x
v z x
v z x
m c p x m
n a m w i
v z x
v z x
v z x
v z x
v z x
v z x
v z x
m c p x m
v z x
v z x
m c p x m
n a m w i
m c p x m
n z v z
n z r p i m
v o k r
v z x
v z x
v z x
v z t x
v z t x
v z t x
v z t x
v z t x
v z t x
v z t x
v z t x
v z t x
v z t x
v z t x
v z t x
v z t x
v z t x
v z t x
v z t x
v z t x
n z y r l q
n z r p i m
n z v z
n z v z
n z r p i m
n z v z
n z v z
n z v z
n z v z
n z v z
n z v z
n z v z
n z v z
n z v z
n z v z
n z v z
n z v z
