t q v z m i t r p e b z l e
t q v z t r - m o p w z k r
t z m n c - n g r d r
t q v z t r - m o p w z k r
n a y c t i p x m
y c - n r b a l q
t q v z t r - m o p w z k r
n z v z - z v z b z n g
t q m c p e k r
n z v z - n g r m l r
n z v z - n g r m l r
g l a l z l e
n z v z - n g r m l r
n z v z - n g r m l r
n z v z - n g r m l r
t q v z t r - m o p w z k r
k a m
t q v z t r - m o p w z k r
n z v z k a i - k r g r
n z w z - k r n g e
n z v z - r b r - k r d r
n z v z - n g r m l r
t q v z - n g r g r
n z v z k a i - k r g r
t q v z t r - m o p w z k r
t q v z t r - m o p w z k r
n g r l r m i m l e
n z v z k a i - k r g r
n z w z - k r n g e
t q m n c - l x b l r p e k r
t q v z - n g r g r
t w z q
t q v z - n g r g r
t q v z - n g r g r
t q v z m i t r p e b z l e
w x b u p x - n g r m
t q v z - n g r g r
n z v z n g r
n a - a d r v r - n g r b o
d r v r m i n e m l e
n z p r t r - k r n g e
t q v z b z k r
t q v z t r - m o p w z k r
n z v z k a i - k r g r
n z m n c - k r n g e
k x b q g r n g
n z m w i n g r
n z r p i l z - k r d r
t q m c p e k r
n z v z k a i - k r g r
t z m n c t x - a l o p e n g
t q v z - n q b l q n e n e
n z m w x l r t i - l z b q n g
t r m w x l r k r u
n z v z k a i - k r g r
n z r m c t i - k r d r
t z m u p e - n g r d r
a b r t z l v z k r
t q t w z p e b z l e
n z v z k a i - k r g r
t q v z m i t r p e b z l e
n z v z k a i - k r g r
n z w r d e
n z l u t x p w z n g
t z m u p e - n g r d r
n e d r n g
n e d r
n e g u n g
t q a c l v e x
v o t r p z k r
r m c t i - n g r g r l e
n z p r p x - k r d r
n z r k a l z m q n g q
n z y c m n e - k r d e
r m c t i - n g r g r l e
n z r p i l z - k r d r
t q v z m i t r p e b z l e
n z r l z - k r b z l e
t q v z m i t r p e b z l e
t q v z m i t r p e b z l e
n z p r p x - k r d r
t q v z m i t r p e b z l e
n z a l v c - k r g r
t z l v c m q n g
t z l v c l z p e - n g r d r
t z l v c n e n g
t z l v c m l r
n z l v c n e - k r d r
t q v z m i t r p e b z l e
n a y a p w x t i b o
t q v z m i t r p e b z l e
n z d w a t r - k r d e
t q d w a p l r k r n g
n z b z - k r g r
n z t u - z v z - k r d e
t z l v c l z p e - n g r d r
r m c t i p e k r
n z m c p x
t r t e n g e
n z o b q p x b z
o b q o b z
t q v z - n q b l q n e n e
n c n q n g q
t q m n c - l x b l r p e k r
t q m u - n g r g r
n z v e c k r
t q w z t i p e l e
n z l v c p e - k r d r
t u t i p x - n g r m
t q n g r l r l z p e
m n c - m i p e - a m u
t z m n c t x - a l o p e n g
t r y c m n e - k a k r
t q w q p e
r m c t i - n g r g r l e
k q l e p e l e
t q r k q t i p e
t r k q o p q l e u
t q v z - n q b l q n e n e
t q k r l z - a t e b z k r
n z k a l z m l r
n a m n c - k a p q n g r
t z m n c t x - a l o p e n g
t q v z - n q b l q n e n e
t q v z - n q b l q n e n e
n z y c m n e - k r d e
n z d w a t r - k r d e
t q m u - n g r g r
t q y r k r p e n g r
t q y r k r t r - a t e m
k x n a m u
n z y c m n e - k r d e
n z d w a t r - k r d e
t q v z - n q b l q n e n e
t q v z - n q b l q n e n e
t z m c p x p e b z l r
m n c - m i p e - a m u
t q v z - n q b l q n e n e
t q v z - n q b l q n e n e
r m c t i - n g r g r l e
t u t i p x - n g r m
t q v z - n q b l q n e n e
l c p e
t q w a i p e x
t q v z m i t r p e l e n g
b z t i p e d e
n z b z t i - l x b l r n g
n z p r p x - k r d r
m n c - m i p e - a m u
n z t a v e t r l r
t z a n g c p e l r
l r d r
t q v z - n q b l q n e n e
m n c - m i p e - a m u
t q v z m i t r p e l e n g
t z k r l z p e - a t e l r
t z x l r o p e l r
n e d r
n e n g e
n e g u n g
n e d r n g
t u t i p x - n g r m
n z a l v z t r n g
t z m n c t x - a l o p e n g
n a p i t r - m o u p o
t q v z m i t r p e l e n g
n a m n c n e - n g r g r
n z r p i l z - k r d r
t q v z - n q b l q n e n e
n z t w z - k r n g e
t q v z m i t r p e l e n g
b l r k q n g e
n z m c p x
n a p i t r - m o u p o
d r t q n g e
m n c - m i p e - a m u
t q v z - n q b l q n e n e
l i p w z
l i t x t r
m w i t x k r
y c - n r b a l q
n a y c t i p x m
n a m n c - k a p q n g r
n a m n c n e - n g r g r
n a m n c n e - n g r g r
t q v z m i t r p e l e n g
t u t i p x - n g r m
t q y a p x p e b z
t q w z t i p e l e
n a m n c - k a p q n g r
n z o l v x t i - k r d e
t z x l r o p e l r
t q a l v c - l z b q - n g r g r
n z l i - k r d e
t z y z l u p e - m o p w z n g
n a m n c - k a p q n g r
n z y a p w x - k r g r
t u t i p x - n g r m
m n c - m i p e - a m u
m n c - e p e l z l e
m z ~ n i b r
t q v o t x - n g r p w z
n z w z - k r g r
n z w z - z l w z - k r g r
n z m u - k r d r
m n c - m i p e - a m u
n a m n c n e - n g r g r
t q n g r l r l z p e
t q a l v c - l z b q - n g r g r
t u t i p x - n g r m
n z w z - k r g r
k r l a
t u t i p x - n g r m
t u t i p x - n g r m
n z b r l c l v z n e p x - k z p q
y r k r p x b z l e
k a l z m l e
n z a n g i o - k r d r
n a l x n g i t i k u
t q l x n g i t i - a t e x
n z t u - z v z - k r d e
t q w z t i p e l e
n z p n a t i - k r b z m u
n a y a p w x t i m l e
t z r t w z t i p e - k z n g
m n c l v z r n g r
m n c - e p e l z l e
t q w z t i p e l e
m n r n g e
m n r g r
m n r g r n g
t q d w a p l r k r n g
n z a p u s r - k r d r
p n a t i b z k r
n z r p n a - m o u p q n g
t r t z r p n a p e u
n z r p n a n e o p e - k r m l r
t z k r l z p e - a t e l r
m n c l v z r n g r
m w x l r t i - z l w z k r
n a l x n g i t i k u
t q l x n g i t i - a t e x
n z b o m - k r d e
t z y c m n e p e b z
n z y c m n e k r b z
t z y c m n e - n g r p e m
n z y c m n e - k r m
y c m n e t r p z k r
n z b a o - k r d e
t q v o t x - n g r p w z
k r l z p e b z k r
t q m e i p x
p l a m e i t x d e
v o t r p z k r
m n c - e p e l z l e
m n c l v z r n g r
k c p e
k c m a
t q o p x p e - n g r d e
n a p i t r - m o u p o
r m c t i p e k r
t q m c p e b z k r
e s c t r p e m
n g r l r m i m l e
n a a l e - k a i p z n g
t q a l e x
n z w z t i - k r b z l e
n z n g r l r t r n g
b o o n g r
n z b o m - k r d e
t q t i n g r
t z l v c l z p e - n g r d r
n z r m n q - k r d r
n a p i t r - m o u p o
k z t e d r
n z m c p x
r m c t i p e k r
n z m w i p e - k r n g e
n z n g i - k r d r
k r l z p e b z k r
p w x p w z
n z m w a - k r g r
t q v z - n q b l q n e n e
n z p c t i k r
t a g l c t x d e
n z r t a n g r t i - k r d r
n z r p i l z n g r
n z a y o n e p e - k r d r
b l e t i p x - l x b l r n g
y c t x b z
t q y c n g r
t q y c o n g r
n a y c t i p x m
y c - n r b a l q
y c t x o p e
y c t r p e n g r
t q y c o m
n z r p i - a n i - k r m l e
n z m c p x b z l r
r m c t i p e k r
t q m c - a t e k r
m c p x m l e
t q m c t i p e k r
t r m c p e l e u
t q m c t i a m u
n z m c o m l r
n z m c p e - k z p z
m c p z k r
n z m c p x
n z m c - k r n g e l e
n z r m c t i n e d r
t r n z m c p e l r u
t q v z - n q b l q n e n e
t q v z - n q b l q n e n e
t q v z - n q b l q n e n e
t q v z - n q b l q n e n e
a t u l z n g r
n z p c t i k r
k x t r k a
n z p n u - l i g r
t q v z - n q b l q n e n e
m n c l v z r n g r
t q v z - n q b l q n e n e
n z r t r n g r - n g r b z
n z y a g o x - k r d e
n z w a i n e - n g r b z l r
t q v z - n q b l q n e n e
n a y r k r t x
t q y r k r p e n g r
n a p i t r - m o u p o
t q l u - n g r g u
t q l u x
n z r l z n g
n z n g i n i - k r d e
n a p i t r - m o u p o
n z l x n g i t i - k r g r
n z y c m n e - k r d e
t z m n c - n g r d r
y a p x - z v z k r
n z t u - z v z - k r d e
t q v z - n q b l q n e n e
d w a l z m g r
n a p i t x t r - m o p o
n z p n a k i p x l r
n z y c m n e k r b z
n z y c m n e - k r m
m n c - e p e l z l e
t q o t i - a t e m
n z e t u p e - k r n g e
t q a e n z l i k r
p w r k i l v c - n g r g r
m n q t i p e l e
n a k q t x o m
n z k q o - k r m
n z r p i - a n i - k r m l e
t q a l v c t r - l z b q p e
m r k c n g
t q r k a l z p e m g r
n z r p i - a n i - k r m l e
n a t q n g e
n e d r n g
n e m u n g
t q v o t i t r p e m l e
n z n g i - k r d r
t q r k a l z p e - n g r m q g r
n z r p i - a n i - k r m l e
n z y c m n e k r b z
n a m a p u p e b z l e
n a n g r l r t r k i
t z n g r l r k i o p e l r
t q d w a p l r k r n g
d w a l z m g r
n z y c m n e - k r m
n a p i t x t r - m o p o
n z m u - k r g r
n z r p i b z
n z a m z b l q p x - k r m c
t q a m z b l q p x m c
t q o l v x t i - a t e l e
n g r l x o b z l e
t q v o t i t r p e m l e
a t u l z n g r
m n c l v z r n g r
t q v o t x - n g r p w z
n i b r d e
k x n z y a g o x n g
n a r y z k r - n g r g r
n z m u - k r g r
t z r t a n g r p e
p r t z t x b z k r
t q r p n a p e - n g r m l e
n z r p i - a n i - k r m l e
t z x l r o p e l r
n g r d r
n g r d e
t z o d u t r - l x b l r - m o u n g
d r t q d r
d r t q g r
n a o k a t r p q l r
n a o k a t r - n g r d e
r m c t i p e k r
n z m c p x
n e d r
n e m u n g
n z r m n q t x n g
b r n g e
n a t q d e
y r l z o
n z m c p x
r m c t i p e k r
n z m u - k r g r
n z r p w ' a - k r d e
m n c l v z r n g r
t z y r n i n e t r p e b z n g
y r n i - e b i r p e n g
t q y r n i t x p e
x l r k r l e
a s u m i p e b o
t q a s u p e b z
n z m u - k r g r
v o t r p z k r
n z b z - k r g r
p x i q t x n e
n a p i l v z t i
n z w z - k r g r
n z r p i - a n i - k r m l e
n i b r n g e
m y a s z p x l e
a m y a
r y a p w x - z v z k r
b x p i z p x
x l r k r l e
x l r b z k r
x l r b o l e
x l r l e l e
t q o t i p e m l e
t q o t i - a t e m
t r n z k q l u - k r p e p w q g r u
t z a k i - l z b q p e
t r n z p i - k r p l e u
b x t r t x p w z
n a n g r l r k i t r l r
n a n g r l r t r k i
t z n g r l r k i p e b z l r
n z n g r l r p x - k r m g r
t q n g r l r p x p e m
t z n g r l r k i o p e l r
n a p i p x - l z b q n g
n z a n g i o - k r g u
n z a n g i o - t x p w z l r
v z m i t r p e l e
t q v z n e
t q v z t x p e
t q v z - n g r n e
v z o
n z v z o - n g r m
n z v z k i o p e - k z l r
t q v z d z k r
n z v z m q n g
v z - m o p w z k r
t q v z p e b o
t q v z k i l e
v z - n g r b z k r
t q v z - n g r m l e
n a v z d z k r
t q v z n e - z v z k r
n z v z m i - k r g r
v z k i p e m l e
t q v z d z p e - n g r m g r
n a v z - m i p e x
v z m i t r l e
n z v z - k r m g r
t q v z o p e
v z p x m
n z v z p x m q n g
v z - z v z k r
r v z m i m
t q r v z m i p w q
n a v z - k a i p o
n z v z k i
n z v z n e - k r g r
t q v z t x
t q v z t r p e k r
v z - n q b l q m
t q v z k i p x
t q v z p e - m o u k u
t q v z - n g r m o
v z b z k r
t q v z t r p e b o
n z v z o - k r m o p w q k r
n z v z - k r b z
t z v z o n g
n z r k a t x - k r d r
n z g l q o l r
r g l q k r
k a o m a m u
t z p n z - l z b q n g r
t r n z p i - k r p o ' u
t q p r t r p e b z k r
k x t o p w z n e
t q r k a w i t i k r
t q k a w i o p e k r
n a a g l q p e k r
t q w x b u p x - n g r m
t q y r k e l v z x
t q y r k e l v z q
n z k a l z m l r
r n g i - b a t r p q
n z r l a s z - a t e - k r d r
a t u l z n g r
y r p l a b r t q p e
t r s u k a
t q a s u p e b z
n a - a m r l z t r - n g r b z l r
k x t r m r l z u
t q m r l z x
t r t e g r
t r t e d r
t r t e g r n g
n z d w a t r - k r g r
a s u m i p e b o
t q a s u p e b z
t r s u k a
t q n g r l r l z p e
n a p i t x t r - m o p o
n a p i t x t r - m o p o
n z x l r b z l r l e
x l r k r l e
k c m a n g
k c m a
t z r t w z t i n g
t w z k i p x l e l e
t z t w z n e d r
n a r t w z m
t w z t r l e
n z t w z t r k r
n z t c n g r l z k r
n z l x n g i t i - k r d e
n z a l v z t r p l r
n z r n i b q n g r
n z y c m n e - k r n g e
n z y r l q t r p z l r
t q r p w a ' - n g r b z m e
y r w i t x p x l e n g
n a p i t x t r - m o p o
n z r p i - a n i - k r m l e
t q v o t i t r p e m l e
n z r l x t i b z l r
n z r l x t i - k r b z
n a r l x t i b o
n z r l x t i - k r m l r
y a p x - z v z k r
n a p i t x t r - m o p o
n z r p i b z
t z m n c t x - a l o p e n g
n z a b r t z - z v z n g r
m r b r l z m
n z y a l z - k r g r
t z k u k i r p e l r
t q k q l e p e b z l e
n a k a b o
n z y r l e t i - k r d e
r m c t i p e k r
n z m c p x
n z m e l z - k r m e
n z g l q o l r
r g l q k r
n z a g l q - k r b z k r
n z g l q l z - m o u l r
t q r g l q t i k r
a g l q t r p q g r
n a a g l q a m u
t q a g l q p e k r
n z x l r - k r g r
t z m n c t x - a l o p e n g
t q v o t i t r p e m l e
t q a m z n r p e l e
n z r p l a m e i t i - k r d e
y r n i - e b i r p e n g
t q y r n i t x p e
n z a y c n g r l r t i k r
t q w x b u p x - n g r m
n c b l o n g r
n z m c p x
r m c t i p e k r
n z w z t i - k r b z l e
r d r n g
n g r d r
n g r g u
n g r d e
n z r p i b z
n a p i t x t r - m o p o
n z r p i b z
t r n z p i - k r p l e u
n a p i t x t r - m o p o
n z p n a t i - k r b z m u
t q o l v x t i - a t e l e
n z w z t i - k r b z l e
r m n r - n g r b z
t q y r p u t i p x n g r
n z t u - z v z - k r d e
m n c l v z r n g r
m n c - e p e l z l e
n i b r g r
m z ~ n i b r
p i p x - l z b q
n z r p i l z n g r
t r n z y a g o x - k r g r u
l a p w z
t z t a v e t r l r
t q y r l w r p x - n g r m
n z d w a t r - m o u - k r g r
n a p i t x t r - m o p o
s e k a e n t x k r
t q k q l e p e b z l e
n z m c p x
d r t w r n g e l e
n a y a p w x t i b o
a t u l z n g r
d w a - r b r l z - n g r m q g r
t q n g r l r p x p e k r
t q n g r l r p x p e m
n a a g l q p e k r
n z r p i b z
o b q o b z
n z o b q p x b z
t z y c m n e t r p e - n g r d r
n z r p i - a n i - k r m l e
t z p n a t i b z l r
n a r l x t r p z k r
t r n z p i - k r p o ' u
t q n g r l r p x p e k r
t q n g r l r p x p e m
t q p r t r p e b z k r
t a p l x s r g r
t q t o p w z b e - n g r n e
n z a o l v z b z l r
n z r l z - k r b z l e
n z l z t r - n g r d e
a s u m i p e b o
t q a s u p e b z
n z l c - a p q b z n g r
n a y a - p w z - t i p e x
r m c t i p e k r
n z y r p u t i p x k r
n z r p i b z
e s z ' n e
n a - a e n z l i m g r
t q m e i p x
p l a m e i t x d e
n z d w a t r - k r g r
n z d w a t r - m o u - k r g r
n z d w a t r - k r g r
n z d w a t r - m o u - k r g r
k c m a n g
k c m a
t r n z p i - k r p o ' u
n z a l v z t r p l r
n z a l v z t i n g
k x n z a l v z t i n g
t r n z p i - k r p o ' u
n z t e k q t r n g r
m n c - e p e l z l e
m n c l v z r n g r
n z k q b l q p x - k r m c
a w i t x p e
a w i t x - n g r b z k r
n a k q t x o m
t r t r k a - z l w z p w z u
t q y r p u t i p x p e
r n g i - b a t r p q
t r n z p i - k r p o ' u
d w a s x p x - k z p q g r
n z d w a t r - m o u - k r g r
n a y a - p w z - t i p e x
t z m n c t x - a l o p e n g
t q t o p w z b e - n g r n e
a s a - n g r g r
d w a s x p x - k z p q g r
n z y a l z - k r g r
e s z ' n e
t q a m r b r t r p e l e
m r b r l z m
t r t q k a p e p w q l e
n a p i t x t r - m o p o
n z r p i b z
a t u l z n g r
a e l w a p x - p n z
d w a - r b r l z - n g r m q g r
a t u l z n g r
v o t r p z k r
n z m c p x
r m c t i p e k r
t q x n g i - a t e b z k r
n z b o m l r
t z r p i p e l r
t q t r k a m i
n z a t r k a t i
t q t r k a ' n g r
t r t r k a - z l w z p w z u
t q v z m i t r p e b z l e
t q a m a o p e
p w x p w z
n z y c m n e - k r b z l r
t r n z p i - k r p o ' u
t q n g r l r p x p e k r
t q n g r l r p x p e m
y r b u t i p e n g
n z r p i b z
m z ~ n i b r d r
n z r n i b q n g r
x n g i t x t r l e
t z y a p w x t i p e b z l r
t z n g r l r k i o p e l r
t q n g r l r p x p e m
y a p w x t i - z p w x m a m u
r y a p w x - z v z k r
n a y a p w x t i p x b o
n z r y a p w x - k r b o
t q w x l i k i t x p x
n z r p i b z
d r t w r g r
n z g l q o l r
n a o k l a t i t r - m o p q g r
n a p i p x - l z b q n g
y r l q t x - m o u x
n a o b q - k a p q p x
m n q t i p e l e
t r n z p i - k r p o ' u
t z y c m n e t r p e - n g r d r
m e i t x t a t x p x
n a - a e n z l i t x k i
d a b u k r
n z r k a k r b z
n z k a t x p x - k r b z l e
n z k a p x m l r
n z k a t x - k r b z l e
n a k a m l e
n z r k a t i p x m q n g
n z k a l z - n g r m l r l e
t q r k a b z
n a k a b z k r
t z y r n i n e t r p e b z n g
t q y r n i t x p e
n z g l q o l r
t q r g l q t i k r
n a k a b o
t q n g c n e o m
r m c t i p e k r
t r l r p r k r u
