m a k x t x b z l e
w x b u p x - n g r m
t q v z p e b z k r
e l a
t z m w i p x - n g r m
r n g i - b a t r p q
d w a s x p x - k z p q g r
d w a s x p x - k z p q g r
t q s i k l u b e - n g r n e
t z y c m n e t r p e - n g r d r
n z r m c t i n e d r
k x n z y q n g
a m i n g r p e k r
n a a m i n g r - n g r g r
p z t i t x k r
p l a m e i t x d e
n z r n i b q - k r d r
n z m w x l r t i - l z b q n g
m z ~ n i b r d r
m a l e l e
n a v z - m i p e x
t q v z d z k r
t q v z k i p x k r
v z - n q b l q m
t q v z o k r
t q v z t x
t r v z u
t r - r m n q u
n a t r k a - z l w z l e
m w x l r t i - z l w z k r
t z v z p e - k a i n g
m e n g a b q
k x n z t o p w z
n a a g l q p e k r
o s z b z l e
n a r l z
l x l v r k i m l e
d w a s x p x - k z p q g r
n z y r l q
t q r g l q t i k r
t q r w z s o
n i b q t i
n z a t r k a t i
m e i t x t a t x p x
t q m u - n g r b e
t r t q k a p e p w q l e
t z v z p e - k a i n g
n e m u n g
n e d e
n z r p i - a n i - k r m l e
t q t r k a
t z y c m n e - n g r p e m l r
t z y c m n e - n g r p e m l r
n a e s z ' m z n g
n z r p i l z n g r
p i p x - l z b q
t q m w i - n g r g r
t z y c m n e - n g r p e m l r
d w a - r b r l z - n g r m q g r
o b q o b z
n z r p i - a n i - k r m l e
m q n g r m
n z l i - k r d e
t q m a l e l e
t r p i p e ' u
n z a t u p x - n g r m
t z v z p e - k a i n g
t q v z - n q b l q n e n e
m w x l r t x - z l w z k r
t q t r k a p e m
n g q t i p e l e
t q d w a p l r k r n g
n a l i n g
t q v z - n q b l q n e n e
n z a t u p x - n g r m
t q v z - n q b l q n e n e
t q v z - n q b l q n e n e
n a p i t x t r - m o p o
y r l q t x b o
t q v z - n q b l q n e n e
t q v z - n q b l q n e n e
t q v z - n q b l q n e n e
r l r - n g r m e
t q v z - n q b l q n e n e
t q v z - n q b l q n e n e
n z p r l x l r
n a m n c n e - n g r g r
m r b r t i t r p e
t z r m c t i p e l r
n a m n c n e - n g r g r
r g l q p x k r
r m c t i - n g r g r l e
n a a g l q p e k r
t q n g r l r p x p e k r
n a r l r - n g r m e
t q v z - n q b l q n e n e
n a p i t x t r - m o p o
t q v z m i t r p e b z l e
a p u l e
t r - r m n q u
t z r m c t i p e l r
n z b z t i - l x b l r n g
t q y a p w x t i p e m l e
r g l q p x k r
m n c - m i p e - a m u
t q v z m i t r p e b z l e
t z v z p e - k a i n g
t q v z m i t r p e b z l e
t q v z t r - m o p w z k r
t q m c p e k r
n z a t u p x - n g r m
t z m c p x p e b z l r
m n c l z - n g r m
n a m n c - k a p q n g r
r k a l z m
a w i t x - n g r b z k r
n a m n c - k a p q n g r
r k a t r p q
n z y c m n e
n z v z k a i - k r g r
v z p x b z k r
t z m r g e n g
n z y c m n e
t z x l r o p e l r
t z k u k i - n g r d r
n z v z - z v z b z n g
n z d w a t r - k r d e
n z x l r b z l r l e
t q v z m i t r p e b z l e
n z l x n g i t i - k r d e
t z k u k i - n g r d r
t q n g r l r p x p e m
r p i - m o u p q l e
n z v z - z v z b z n g
n z w z - k r n g e
n z m n c l z b z n g
m w x l r t x - z l w z k r
n z a l v z t r n g
n z y c m n e - k r b o
r t a n g r t i b z
n z v z - n g r m l r
n z v z n e p e l r
n z a b r t z l v z l r
t q k r k a ' p e
m n c l z - n g r m
n e d r n g
t z v z p x p e b z n g
n z y c m n e - k r b o
n z a o l v z b z l r
n z v z - k r n g e
n a m n c t x p o
t z v z p x p e b z n g
m n c - e p e l z l e
n z v z - z v z b z n g
m n c - e p e l z l e
n z v z - z v z b z n g
t z v z p x p e b z n g
n z v z - z v z b z n g
m n c - e p e l z l e
n z r n i b q n g r
t z v z p x p e b z n g
n z v z - z v z b z n g
t q r g l q t i k r
d w a t x t r x
t r t e n g e
t q p i p e b z l e
t z v z p x p e b z n g
t z v z p x p e b z n g
t z v z p x p e b z n g
n z v z - n g r m l r
n z v z n e p e l r
t z y a p x p e n g
t z v z p x p e b z n g
n z v z n e p e l r
t r v z n e - k a k r
n z v z - k r n g e
t z v z p x p e b z n g
t r v z n e - k a k r
n z v z - n g r m l r
t q n g r l r l z p e
t r v z n e - k a k r
n z v z n e p e l r
n z v z - n g r m l r
n z v z - n g r m l r
n a m n c t x p o
n z v z - n g r m l r
n z v z - k r n g e
t r v z n e - k a k r
n z v z n e p e l r
t q p i p e b z l e
n z v z - z v z b z n g
n z v z - z v z b z n g
n z v z - k r n g e
n z v z - k r n g e
t z v z o p e n g
n z v z - k r n g e
t q p i p e b z l e
t r v z n e - k a k r
n a y a g o x n g
n z v z - k r n g e
t r v z n e - k a k r
d w a t x t r x
n z v z - k r n g e
d w a t x t r x
t q r m c t i p e k r
k x e s z '
n z v z - k r n g e
n z v z n e p e l r
s c d r
t q v z - n g r g r
n z v z n e p e l r
r m c t i p e k r
t r v z n e - k a k r
n z v z - k r n g e
t q y r k r p e
t q m w i p e k r
t z k u k i n g
n z m n c l z b z n g
k r l z m g r
n z v z - k r n g e
n z v z n e p e l r
n z v z n e p e l r
t q m c p e k r
t q r m c t i p e k r
n z v z p x b z n g
n z v z p x b z n g
n z v z n e p e l r
n z v z p x b z n g
n z v z - z v z b z n g
t q v z - n g r g r
t q v z - n g r g r
t z v z o p e n g
n z r m c t i l r
n z l v c p e n g
n z r m c t i l r
d w a t x t r x
n z r m c t i l r
n z v z - k r b z k r
n z v z - k r n g e
n a m n c t x p o
n z v z - k r b z k r
t z v z o p e n g
t z v z o p e n g
t q m w i t x p e
t z v z k i n e d r
t r n g i u
n z v z - k z n g
n z v z - z v z b z n g
n z v z - k r b z k r
t z v z k i n e d r
