n a v z b z
v z t x
v z p e m
n a v z b z
v z x
n z v z - k r m
n z v z - k r m
t q v z p e
t q v z p e
t q v z p x p e
t q v z p x p e
n z r p i b z
t q v z p e m
t q v z p e m
v z t x
n z v z
m c l x
v z p e m
v z t r n g r
t q a y r n i p e
v z t r n g r
v o m l e
v z t r n g r
n z a b z - k r b z k r
t q t r k a p e m
t q v z - n q b l q n e n e
n z m i n g r - k r g r
d w a - r b r l z - n g r m q g r
t q v z - n q b l q n e n e
t q v z - n q b l q n e n e
d w a - r b r l z - n g r m q g r
d w a s x p x - k z p q g r
n z m c t r
v z m i m q
t q t u l z
t u l z m c
m c p o
v z m i m q
v z m i m q
v z t r l e
v z t r l e
m c t r k r
t q m n c
n z y r l q
x l r m l e
n a v z n g
t q a s u l e
n z y r l q
k x t q
t q p i b z
v z k i m l e
m c p x m
r p i l e
r p i l e
t q p i p e m
d r l z d e
t z v z p e
m c t r k r
t z v z - n g r
n z m c k r
t q v z b o
t q p i b z
n z v z k i l r
t u l z m c
p i b z l e
p i b z l e
t q p i b z
d w a t r k r
s c m
t q v z b o
m c l x n g
t q v z b o
m n c p e x
m c l x n g
w z t r p o
t q v z p x p e
t q v z p x p e
m r l x m
m r l x m q
m c l x n g
t z v z p e
r m c t i l e
t z v z k i n e d r
t q t u p x m
n z v z p x n g
r p i o b z l e
n z v z p e - k r d r
v z m i o l e
v z m i o l e
n z w z k r
n z r p i m l r
v z m i o l e
n z t u n g r
v z m i o l e
v z m i o l e
t q o t i p e l e
n z v z - k r b o
v z p x b z k r
t q v z p e b z
k x b q n g
t z n g r l r k i o p e l r
r m c t i l e
n z v z k i o l r
n e n g e
n e g r
n e d e
r p i o b z l e
n z v z k i o l r
r p i o b z l e
n a p i b z k u
n z m c t x p w z
t q t u n e p w z
d w a l z m g r
r p i - m o u p q l e
n z v z - k z n g
t q r p i b z l e
y z l u m c
t q m c p e x
n z v z k i o l r
t q v z p e - k z x
t q v z p e x
n z v z k i o l r
d w a t x t r x
d w a l z m g r
t u t i p x - n g r m
t q m c p e x
n z v z b z n g
n z v z b z n g
k x n z s i k l u
t q s i k l u b e - n g r n e
t z l v c - a t e n g
r p i o b z l e
n z v z p e n g
t r v z n e - k a k r
t r v z n e - k a k r
n z v z p e n g
t r t r k a - z l w z p w z u
n z v z n e p e l r
n z v z n e p e l r
n z v z n e p e l r
n a p i t r - m o u p o
t z n g r l r k i o p e l r
t z n g r l r k i o p e l r
t z n g r l r k i o p e l r
r g l q p x k r
t z t a v e l r
t z v z o p e n g
k x b q g r n g
t z m n c - n g r d r
t q v z t r - m o p w z k r
t q v z t r - m o p w z k r
t q r p i b z l e
t z m n c - n g r d r
t z v z o p e n g
t r k r l z - k a k r
n z v z - k r n g e
n z v z - k r n g e
k r l z p e b z k r
n z m n c p e n g
t z m n c - n g r d r
t q v z p e m g r
t z l v c - a t e n g
n z v z - k r b z k r
n z v z - k r b z k r
n z v z p e - k r d r
y c m
t z r k a l z p e m
m z l i   k c
t z l v c - a t e n g
m n c t i k r
n z r p i b z l r
n z r p i b z l r
n a b z t r k i
t z t w z o p e l r
d r t q g r
n a n g r l r t r k i
t q n e p e x
t z v z n e p e n g
t z v z n e p e n g
t q y a p x p e b z
n z v z - k r b z k r
n z a l v z t r n g r
m e n g a b q
p n a t i k r
n z x l r b z l r l e
t q e t u n e p x p e
b z a m u
t q v z m i t r p e b z l e
t q v z m i t r p e b z l e
t q y r k r p e
t q v z t r - m o p w z k r
t q v z p e m g r
t z m w i - n g r d r
t q v z t r - m o p w z k r
t q v z t r - m o p w z k r
t z r m c t i p e l r
t q v z t r - m o p w z k r
t q v z b z k r
m n c l v z r n g r
n z y c m n e k r b z
n z v z k a i - k r g r
t q a b r t z - z v z - n g r g r
t q a s u p e b z
n a k a t x b z l e
n z v z k a i - k r g r
n z p n a t i - k r g r
n z p n a t i - k r b z m u
n z p n a t i l r
n z r p n a n e o p e - k r m l r
n z r p n a k i p x n g r
t r t z r p n a p e u
n a p i t r - m o u p o
t z m w i p e n g
n z v z k a i - k r g r
n z v z k a i - k r g r
n z v z k a i - k r g r
n z v z k a i - k r g r
m n c l v z r n g r
t q r g l q t i k r
t q e t u n e p x p e
n z a l v z t r n g
n a p i t r - m o u p o
n z v z k a i - k r g r
n z m n c l z b z n g
n z a b z l r
n a b z m i p e l e
b z p n z ' x
b z a m u
n a b z - n g r n
b z t x p n z '
t q m z n r p e
t z v z p x p e b z n g
t q d c - z l w z n g r
t q d c p x m
n z y a l z - k r g r
n z v z - n g r m l r
n z m e l z - k r m l e
n z v z k a i - k r g r
t z r t w z - k z n g
n z m n e t i
t q v o t x - n g r p w z
t q m r l z - n g r d e
n a p i t r - m o u p o
t q y r k r t r - a t e m
n z v z k a i - k r g r
n z v z k a i - k r g r
n z v z d z - k r g r
n z v z - n g r m l r
t q p n z ' b q p e l e
n z v z - z v z b z n g
