e t u t x
t q y r k r p e
t q m n c - l x b l r p e k r
n z p r t r - k r n g e
t q l i p e
y r k r t x o
p l a m e i t x d e
t q m w i - n g r g r
n z y a g o x - k r d e
t q k r k a ' p e b z
t z v z - a t e n g
b z a m u
t q v z p e b z k r
t q t r k a p e m
t q t o p w z b e - n g r n e
t q a s u l e
n z r t a n g r - k r d r
n z o t i p e - k r m
t q m n c - l x b l r p e k r
t z - z p q t r n g
n z k q l u t x
t z x l r o p e l r
t q m a l e l e
t q o l v x t i p e l e
n a a l e - k a i p z n g
k r l z m g r
t q v z p e - k z x
n g r d r
t q v z p e - k z x
k x t r k a
t z x l r o p e l r
t a b c - z v z k r
t q t a b c - z l i n e p e k r
x l r k r
t q v z p e - k z x
b z p e k r
k x b q g r
t q p r t r p e b z k r
n z w z - k r g r
n z w z - z l w z - k r g r
t q m n c - l x b l r p e k r
n z y r l q
n a l i
n z p i l z l r
t q a b r t z - z v z - n g r g r
r l w x k r
t q v z p e - k z x
x l r k r
m c l e
n z w z k r
a l q l i o l e
t q a m r l z
t q o l v x t i p e l e
t q v z p e x
n z a y o n g r
t q p n z ' b q p e l e
t z p n z - l z b q n g r
t q r p n a l z m
t q v z p e - k z x
t q v z p e - k z x
t q v z p e x
t q r p n a p e - n g r m l e
t u o m
l x l v r k i m l e
n z p w x n g
m c p z k r
k r l z m l e
t z r t w z - k z n g
t q m r l z p e
t z m w i p e n g
n z d w a t r - k r g r
n z d w a t r - m o u - k r g r
n c t e
p w x p w z
v o m l e
n z l r m z t r - k r d e
t z m r g e n g
n z m n c p e n g
n z r p w ' a - k r d e
n z b z n g
t z x l r o p e l r
t q y r l q o b o
x l r m l e
t q v z p e - k z x
t z r y z k r n g
n z e t u p e - k r n g e
a b z o k r
t q r g l q t i k r
v z - m o p w z k r
v z b z k r
t q m r l z - n g r d e
t q n g q p e l e
n z p n z '
t r t e g r
y z l u m g r
r k a l z m
d r t w r d r
n z n g i k r
m z t e
o b q p x k r
v o m l e
t q a b r t z - z v z - n g r g r
t q y a g o x p e
n z p n a
t q y r p u t i p x p e
t q y r p u t i p x n g r
t q m n c - l x b l r p e k r
n z o - k r m
t q k i p o p e
n z l x n g i t i - k r d r
n z p r t z - k r b z k r
t q r k a w i t i k r
t q m r l z p e
n z a b r t r - k r b z k r
n z p n a k i p x l r
n z r p n a - m o u p q n g
t q n g r l r p x p e k r
t q r p n a l z m
l x e d e
n z a l v z t r n g
n z y r p u t i p x k r
t q y r p u t i p x n g r
t q y r p u t i p x p e
v o m l e
k r l z m l e
m n c p e x
o t i b z
y r k r p x b z l e
n a y r k r t x
t q a m a p e
t a k i t r t x p w z
n z y a p w x - k r d r
n a n g r l r t r k i
t q w a i p e l e
t q a b r t z - z v z - n g r g r
n a r l x t i b z m e
n z r l x t i - k r b z
t q n g r l r p x p e k r
x l r b z
t z l v c l z p e - n g r d r
n z l v c - k r m l r
n z l v c n e n g
n z l v c n e - k r d r
y r n i - e b i r p e n g
k x o d a
m r b r p e
t z t a v e l r
r t a n g r t i b z
m z l e d e
t z k u k i r p e l r
t z k u k i r p e l r
n z t e l v z l r
x l r m l e
t z a y o t i
l o p x i l e
n z r p n a k i p x n g r
n z r p n a n e o p e - k r m l r
d w a l z m g r
d w a s x p x - k z p q g r
t z k u k i r p e l r
d w a s x p x - k z p q g r
n z v z - k r d r
x l r m l e
x l r m l e
t z v z b e n g
t z w r k x t r p e n g
n o u d e
n z b o m - k r d e
k x p i p z
y r n i - e b i r p e n g
r y a p w x - z v z k r
t q y a p w x t i p e m l e
n z a y o n g r
n g r d e n g
n g r g u
n z o b q - k a p q k r
n z l v c n g
x l r k r
n z p n u t i t x
t z l v c l z p e - n g r d r
n a e s z ' m z n g
k x e s z '
n z y c m n e - k r m
t q m n c n e t r p e m g r
t q m n c - k a p q n g r
m n c n e - m o u - n g r g r
t r m n c k r u
m n c - e p e l z l e
n a m n c - k a p q l z - n g r m a m u
n z m n c t i p x m l r
n a m n c - n g r g r
n z m n c p e - k r g r
m n c - k u
m n c p w z k r
t q m n c t r p
m n c l v z r n g r
t z m n c t x p w z
n a m n c - k a p q t r n g
m n c t i o m g r
m n c m i b z l e
n a m n c n e - n g r g r
n z m n c l z b z n g
l r d r
m a l e l e
n z r m n q t x n g
t u o m
n z r m c t i - k r d r
n z p r p x n g r
x l r k r
t r r l r - n g r p l e u
n a r l r - n g r m e
o s o p x b z k r
t z r t a n g r p e
n z l v c n g
n z p c t i k r
n z p n a n g
m n c l z - n g r m
m n c l v z r n g r
m n c - m i p e - a m u
m n c - e p e l z l e
n a m n c t x p o
n z p i b z l r l e
t q p n z ' b q p e l e
t z p n z - l z b q n g r
d r t a ' d r
k c m a n g
k c m a
n z m w x l r t i - l z b q n g
k r l z p e b z k r
t r k r l z w x u
n z k r l z m l r
n z o l z - k r m l e
n z r p i l z n g r
t r n z p i - k r p l e u
t q r p i - n g r n
p i p x - l z b q
t u o m
d z t u d r
t r - r m n q u
n z b o m - k r d e
t q r p n a p e - n g r m l e
o s z b z l e
t q y r p l a t r p e
t q y r p l a t r n g r
y r p l a b r t q p e
m n q t i p e l e
x l r k r l e
x l r l e l e
x l r b o l e
t z l v c l z p e - n g r d r
r p w a ' t x - n g r b o
r p w a ' - n g r b z
t q r p w a ' - n g r b z m e
n z r p w a ' - n g r b z l r
r p w a ' - n g r b o
t q m w i t x p e
y r l z o
t z l v a b e t r p e b z
t w z q
n z y a p w x - k r d r
a t u l z n g r
n z y r l e t i - k r d e
n z y c m n e - k r m
t z y c m n e t r p e - n g r d r
d w a - r b r l z - n g r m q g r
d w a s x p x - k z p q g r
n z o t r n g r
n z y a n g r n g a t x - z l w z p e - n g r d r
n z m n c - k r d r
n a b o
n a g r
n a n
n a d r
n z m c t r
t r t r k a - z l w z p w z u
t q m w a p e
a b z o k r
m n c - e p e l z l e
n z m n c l z b z
n a m n c t x p o
m n c - m i p e - a m u
m z l w e n g
n z y c m n e k r b z
t z y c m n e t r p e - n g r d r
n z k r l z m l r
t r k r l z w x u
o t i b z
n z r m n q - k r d r
t q p i b z
r p i o b z l e
t q r p i b z l e
n z r p i b z
d r t w r d e
n a n e n g
n z a n g i o - k r d r
t q y a p w x t i p e m l e
t z y a p w x t i p e b z l r
r y a p w x - z v z k r
n z m c t r
n z r l a l z - k r g r
d w a l z m g r
d w a - r b r l z - n g r m q g r
t q y o k a e k r
n z m w i p e - k r n g e
n z y c m n e
y a p x - z v z k r
t z y a p x p e n g
n z y a l z - k r g r
y r n i - e t r t x k r
t z r t w z t i p e - k z n g
n z p n a n g
d w a l z m g r
m n c k r
t q n e p e
t q p i b z
r p i o b z l e
n z r p i b z
t q r p i b z l e
m r b r t i t r p e
t r t e n g e
r l i l r m u
l i t x t r
k r a l i
t q l i t r p e b z
m c t e
t q a m z b l q p x m c
a b r t z t x - n g r g r
n z b z s z n g
b z p n z ' x
n a b z p e - n g r g r
k r l z m g r
m q n g r m
t q l u - n g r g u
w a i p n z ' l e
t z w a i s z - n g r d r
t q w a i k i
n z r p l a m e i t i - k r d e
t q m e i t i o
n z m e i t r p z
m e i t x t a t x p x
n z a l v z t r n g
n z p r l x l r
x l r k r l e
n z l x p l z t x
v z m q g r
n z - z p q t r - k r d r
n a r l z
t u o m
t q y a p w x t i p e m l e
r y a p w x - z v z k r
n z a t o l w a - n g r n g
n z y c m n e
n a v e x
t q r p i - n g r n
n a a g l q p e k r
k x n z y a g o x n g
t z y r n i n e t r p e b z n g
e t u n e p x
k x e t u t i n g
t q v o t x - n g r p w z
t q v o b e
v o t r p z k r
t q s i k l u b e - n g r n e
t r n a n i b q l e u
t q m r b r
n z m c t r
m w x l r t i - z l w z k r
t q m r b r
v o t r p z k r
y z l u m l e
t z a m c t i - n g r d e
n z m c t r
y r k r t x o
n z y c m n e k r b z
y a p w x t i - z p w x m a m u
t q r y a p w x p e m
t z y a p w x t i p e b z l r
n a y a p w x t i p x b o
r y a p w x - z v z k r
y a g o x t x
t q y r p u t i p x n g r
t q y r p u t i p x p e
t q t w z o p e
t z r t w z t i p e - k z n g
t r t r k a - z l w z p w z u
t z m r g e p e n g
t q o t i m l e
n z m c t r
n z m a b r
d w a - r b r l z - n g r m q g r
d w a s x p x - k z p q g r
e l a
a t u l z n g r
b r n g e
w z t r p o
t q w z t i p e l e
t r n z a y o t i p e l r u
n z r p i b z
r p i o b z l e
t q p i b z
g l a l z l e
w z t r p o
t q w z t i p e l e
t r t q w z p e u
k x n z y q n g
n e d r n g
n g r l a p l x p x k r
t q m w i t x p e
x n g i t x t r l e
x l r k r
t z t a v e t r l r
t r k q o p q l e u
t q a t a t r p e l e
s c g u
d r l z d r n g
d z b e d e
w x l i k i t x p x p n z
n z a m a - k r d e
n a k i l z b z l e
k i l z n e d e
n z v z p e k r
v z - n q b l q m
n a v z - m i p e x
t q r v z m i p w q
t z v z o n g
v z b o
t q v z n e - z v z k r
n z v z n e - k r g r
t q v z - n g r n e
n z v z - k r m g r
t q v z o p e k r
n a v z k r
t q v z p e b o
t q v z - e t r - n g r d e
t q v z n e k r
n z v z k i o p e - k z l r
r v z m i m
t q v z - n g r m o
t q v z k i l z m l e
t q v z d z k r
n z v z o - k r d r
n z v z o - k r m o p w q k r
n a v z
v z - n g r b z k r
t q v z - n g r m
n a v z b z k r
n z v z k i
t q v z t x
t r v z u
n z v z p x m q n g
t r v z k r u
v z - z v z k r
n a v z - n q b l q l e
n z v z t r n g
t q v z k i p x k r
t q v z k i p x
v z o
t q v z o k r
v z k i p e b z k r
n a v z d z k r
n a a g l q b z l r
n z g l q o l r
n a a g l q p e k r
t z y c m n e t r p e - n g r d r
n a m n c n e - n g r g r
m n c - e p e l z l e
m n c l z - n g r m
m n c - m i p e - a m u
t q a m i n g r - n g r g r
m q g r
m q g u
m q d e
k x n z s i k l u n g
k x n z s i k l u
y c - n r b a l q
t q y c o n g r
y c t x b z
t q y c n g r
y c p x
t q y c o m
x l r k r l e
k x k q l u
r p i o b z l e
n z r p i b z
n e n g e n g
n e d e
n e m u n g
n e m
n e n g e
b z t i p e d e
n z b z s z n g
n z b z s z n g
b z t i p e d e
t q y r k r p e n g r
n z p n a t i - k r b z m u
t q r p n a - n g r m
n z o t i p e - k r m
y r n i - e b i r p e n g
t z t a v e t r l r
n z t a v e t r l r
t z t a v e t r p e l r
n z r t r n g r - n g r b z
n z r t r n g r t i o l r
t q n g q p e l e n g
n a n g q n a m u
n z n g q t i t x p w z
t q n g q n a m u
n z e s z ' m z n g
k q l u t x
m r k c n g
b o m l e
m n c - m i p e - a m u
n a m n c t x p o
m n c l v z r n g r
m n c - e p e l z l e
a e l w a p x
a e l w a p x - p n z
r l r - n g r m e
n a r l r - n g r m e
e s z ' t i
e s z - k r d e
n z l z t r - n g r d e
t z k r l z p e - a t e l r
n z k r l z m l r
m r b r t i t r p e
a t u l z n g r
m n c - e p e l z l e
n z m n c l z b z
n a m n c t x p o
m n c - m i p e - a m u
m n c l z - n g r m
n a m n c n e - n g r g r
m n c l v z r n g r
t q m u - n g r b e
n a m u - n g r g r
m u l z p e k r
a m u k x t r t x
n z m c t r
t q r p i - n g r n
a t u t r p e l e
n z o p x - n g r m
y o l x o m a m u
t z y z l u p e - m o p w z n g
m z n r y a g w e n g r l c
y r m q
n z m c t r
n a m n c t x p o
n a m n c n e - n g r g r
m n c l v z r n g r
n z m n c l z b z
t r s u k a
a s u m i p e b o
n a l i n g
x l r k r l e
w x b u p x - n g r m
t q r t a n g r n e
n z r t a n g r t i - k r g r
n z r t a n g r t i - k r d r
t q a m z b l q t x p x p e m c
n z a m z b l q p x - k r m c
m n c l v z r n g r
m n c l z - n g r m
m n c - m i p e - a m u
m n c - e p e l z l e
n z m n c l z b z
n a a g l q p e k r
n a a g l q b z l r
n z g l q o l r
n z y a l z - k r g r
y a p x - z v z k r
t q y a p x p e b z
n z r p i b z
r p i o b z l e
n c n q n g q
t r o p i l v z u
n z p n a t i - k r b z m u
t q r p n a - n g r m
n g q t i p e l e
n a r l z
n a m n c n e - n g r g r
n a m n c t x p o
m n c - e p e l z l e
m n c - m i p e - a m u
m n c l z - n g r m
n z y r l q
r k a t r p q
m n c - e p e l z l e
m n c l z - n g r m
n a m n c t x p o
m n c - m i p e - a m u
m n c l v z r n g r
n z m n c l z b z
r l a s z k r
n z a n g i o - t x p w z l r
k c m a n g
k x e t u
t r n g i u
k x e t u
k x l i
k x n z t o p w z
t o p w z t r
m r b r t i t r p e
k r l x l z p e l e
t q k r l x l z p e l e
n z y c t i k r
t z a n g c p e l r
p r t z t x b z k r
n a r b o m p e n g
k i l z n e d e
n a k i l z b z l e
p z t i t x k r
n a - a e n z l i t x k i
n a - a e n z l i m g r
n a - a e n z l i p w z l r
t q a e n z l i t i - n g r g r
t r n z a e n z l i l r u
m n r g r n g
m n r g r
t r k q o p q l e u
m z l w e n g
t q a m r l z
n a a m i n g r - n g r g r
a m i n g r p e k r
t q r p i - n g r n
n z m n e t i
k r l a
k r l c d e n g
k r a p w x
n z r p n z ' n g r
t q r p n a l z m
n z p n z ' p e m
t r p e l e u
t z p e o n g r
t q r p n a - n g r m
n z p n a t i - k r b z m u
r p i o b z l e
n z r p i b z
t q p i b z
r p i o b z l e
n z r p i b z
t q p i b z
t q r p i b z l e
t q p i b z
t q r p i b z l e
n z r p i b z
t r n z k q l u - k r p e p w q g r u
m n c l z - n g r m
m n c l v z r n g r
m n c - m i p e - a m u
r p i o b z l e
t q p i b z
m a k x t x b z l e
t q p i b z
t z m u p e - n g r d r
t q o t i - a t e m
t q o t i m l e
n z a t a k i
k r l a
m e i t x t a t x p x
n i b q t i
t r n a n i b q l e u
t r t q k a p e p w q l e
r k a t r p q
t r t e g r n g
t r s u k a
n e g u n g
n e d r
l i p e
n e m u n g
n e d r
n e n g e n g
t r - r m n q u
r n g i - b a t r p q
n z m c - k r n g e l e
n z r m c - k r b z
n z m c p x b z l r
t q m c p x b z k r
t q m c t i a m u
t q m c t i k u n g
n z r m c t i n e d r
n z m c t r
n z m c p e - k z p z
t r m c p e l e u
t q m c - a t e k r
n z m c t r p e m l r
t q m c l a m u
y a p x - z v z k r
t z y a p x p e n g
t q y a p x p e b z
n z m c t r
t z y z l u p e - m o p w z n g
a o l v z b z
n z m c t r
n z p n a t i - k r b z m u
t q r p n a - n g r m
n a w r k x t r
p r o t x k r
o b q o b z
n z o b q p x b z
t q o b q t r p e
m z ~ n i b r d r
t z p r e s i n q n g
k x r t c
t q r w z s o
k x b q g r n g
y r k r p x b z l e
k z t e d e
t q v o b e
l i p w z
n z m c
l x e n g e
l x e d r
n z r p i b z
t q p i b z
t q r p i b z l e
b l e t i p x - l x b l r n g
k r a t q
n a o b q - k a p q p x
t r n z p i - k r p l e u
k x m u l e
n z b z s z n g
b z t i p e d e
k x n a m u
y c p q t i p e k r
n z a t r k a t i
t q t r k a m i
n a t r k a - z l w z l e
n z m c t r
t q r p i m l e
t z r p i b z
t q r p i p e b o
t z p i p e b z l r
t q p i b z
r p i m l e
n z p i - k r m l r
r p i - r d e
t q r p i p e m l e
t q r p i l e
r p i o l e
t r p i p e ' u
t q r p i p e m
n z r p i b z
n a p i n e m c
t q p i t i k r
r p i o b z l e
n z r p i - k r m e
r p i b o
m e n g a b q
t q t r k a
n a y a p w x t i m l e
