b r t i t x
t q v z p e - k z x
t q v z p e - k z x
t q v z p e - k z x
t q v z p e - k z x
t q v z p e - k z x
y z l u m c
e t u t x
n z a l v z t r n g r
n z r l z n g
n a n g i t x p w z
t q y r p u t i p x n g r
n z d w a t r - m o u - k r g r
a c l v e l e
t q m r l z x
n z r m c t i - k r d r
m z ~ n i b r d r
n a a g l q p e k r
n z w z - k r g r
n z w z - k r g r
t z a k i - l z b q p e
y a g o x t x
m n c - k u
v z - n g r b z k r
n z v z - k r m g r
t q l x n g i t i - a t e x
b z t x p n z '
t q p r t r p e b z k r
n z y a l z - k r g r
n z k a t x p x - k r b z l e
t q y r k r t r - a t e m
n z w z t i - k r b z l e
r m n r - n g r b z
b z t i p e d e
m r k c n g
n a o k a t r p q l r
t q v z t r - m o p w z k r
n z a m z b l q p x - k r m c
n a y a p w x t i b o
n a a g l q p e k r
n a p i l v z t i
t q v z p e x
b o o n g r
t q y r k e l v z q
a w i t x p e
t q v z t r - m o p w z k r
t z a y o t i
n z r l x t i - k r m l r
n z b r l c l v z n e p x - k z p q
d w a - r b r l z - n g r m q g r
t q v z t r - m o p w z k r
n z o l z - k r m l e
d w a - r b r l z - n g r m q g r
m z ~ n i b r
t z y r n i n e t r p e b z n g
l v c - a l z u p q
x l r b o l e
t q v z t r - m o p w z k r
t z l v c l z p e - n g r d r
t q v o t x - n g r p w z
t q v z t r - m o p w z k r
n z w a i n e - n g r b z l r
n z n g i - k r d r
t z r t w z t i n g
t z t w z n e d r
v z x
v z t x
n z r p i m
v z k r
k x l i
n z v z
m c p o
m c t x m
o t i b z
v z t x
t q m n c
v z m i m q
v z t x
n e d r
v z t x
t u p x m
t q v z b o
t q v z b o
t u p x m
m c t r k r
m c t r k r
n z m c t r
t q v z p e m
n a v z b z
t q m c p e l e
n z m c p x
n a v z b z
t q v z p e
t q v z p e m
t q v z p e m
t q v z p e
t q v z p e m
t q t u p x m
n a v z n g
n z m c p x
t q t u p x m
t q t u p x m
n a v z n g
n a v z n g
t q v z p e b z
t q v z p e b z
n z r m c t i l r
t q v z p e b z
v z t r l e
t q m u k r
v z t r l e
v z t r n g r
v z t r l e
r g l q k r
n z m c t x p w z
t q v z p e b z
r k a t r p q
v z - z v z x
t q p i p e m
k r l z m g r
n z m c k r
e s z ' n e
n z v z p x b z n g
n z w z k r
p i b z l e
n z v z p x b z n g
n z t u n g r
r k a t r p q
t q v z p e b z
n z m c t x p w z
n z t u n g r
n z m n c l z b z
n z v z p x b z n g
n z r p i b z
t q v z p e x
t q v z p e x
n z t u n g r
t q v z p e x
t q m c p e x
n z m c t x p w z
t q v z p e x
t q r p i p e x
n z r p i b z
n z t u n g r
m r l z p e
n z r p i b z
n z v z p e n g
n z v z p x b z n g
n a p i b z k u
n z v z - k r b o
t q p i b z k r
n z v z p x b z n g
n a p i b z k u
n z v z p e n g
n z v z p e n g
t q p i b z k r
t q p i b z k r
t q p i b z k r
n z v z p e n g
n z v z p e n g
n z m c t x p w z
t q m c p e x
n z v z p e n g
n z v z - k r b o
a p u l e
n z v z - k r b o
n z v z p e n g
t q p i b z k r
n z v z - k r b o
n z v z p e n g
v z p x b z k r
v z p x b z k r
n z v z p e n g
t q p i b z k r
n z v z - k r b o
n z v z p e n g
n z v z p e n g
n z v z - k r b o
t q m c p e x
n z r p i l r
v z p x b z k r
k x t r k a
n z v z p e n g
v z p x b z k r
n z v z - k r m
v z m i o l e
m n c t i k r
v z t r n g r
n z v z - k r m
t q v z p x p e
v z p x b z k r
n z v z - k r m
v z m i o l e
n z v z p e n g
n z v z p x n g
t q m e i p x
n z v z - k r m
n z v z - k r m
t q m c p e x
t q m c p e l e
n z m n c l z b z
n a p i b z k u
t q v z p x p e
n z v z p x n g
n z v z - k r m
n z v z - k r m
n z m n c l z b z
n z v z k i l r
t q m c p e l e
t q v z p x p e
n z v z - k r m
t q v z p e b z
n z v z p x n g
n z v z p x n g
n z v z b z n g
t q v z p x p e
n z v z k i l r
v z m i o l e
n z v z k i l r
n z v z p x n g
n z v z k i l r
n z v z p x n g
n z v z p x n g
t q v z p x p e
n z v z k i l r
t q r p i p e x
n z v z b z n g
t q r p i p e x
n z v z k i l r
n z v z k i l r
n z v z p x n g
n z v z - k r m
n z r m c t i l r
t q y r p u p x
t q r p i p e x
n z v z b z n g
n z v z k i l r
n z v z p x n g
v o t r p z k r
v o t r p z k r
v z k i m l e
t q v z p x p e
n z v z k i l r
n z v z k i l r
t q v z p x p e
d w a l z m g r
n z v z k i l r
n z v z k i l r
t q v z p x p e
n z v z p x n g
