m z l i   k c
s c m
n z r m n q t x n g
t q v z b z k r
n z a b r t z l v z l r
n g r d r
n z d w a t r - m o u - k r g r
t q r p n a p e - n g r m l e
n z m w i p x m
t q m w i - n g r n a m u
t z v z p e - k a i n g
k q l u t x p e
b z a m u
n z r l a s z - a t e - k r d r
n z o b q b z n g
k x t o p w z t i n g
t z v z p e - k a i n g
n a v e x
t q r p i p e b z
b z a m u
t r k r l z - k a k r
t q m n c - l x b l r p e k r
t z n g r l r k i p e b z l r
t z v z p e - k a i n g
t z p n z - l z b q n g r
n z p n a t i - k r b z l r
k x n z n g q
n a m n q q
t z y c m n e - n g r p e m l r
n z a t o l w a - n g r n g
n z t w z t r k r
t q v z p e x
t q v z t r - m o p w z k r
n z d w a t r - m o u - k r g r
t q v z t r - m o p w z k r
r n g i - b a t r p q
n z o l i q k r
t q v z t r - m o p w z k r
t q v z t r - m o p w z k r
t q v z t r - m o p w z k r
t q v z t r - m o p w z k r
e l a
t q v z t r - m o p w z k r
n a b z m i p e l e
s c m
t q v z t r - m o p w z k r
l x e n g e
t q v z t r - m o p w z k r
v z o
t q v z - n g r m l e
t q t o p w z b e - n g r n e
t q k r l z l z - a t e b z k r
t q r p i p e m
t r k q o p q l e u
t q p i p e b z l e
t q p i p e b z l e
t q m c t i k u n g
n z m c p x b z l r
t q v z t r - m o p w z k r
a t u t r p e l e
v z x
v z t x
m c l x
v z t x
m c p o
m c p x m
r p i l e
v z p e m
v z p e m
r p i l e
v o m l e
m c l x n g
t q m n c
v z m i m q
n z v z
v z m i m q
n a m w i
v z m i m q
t q v z b o
a p u l e
m c l e
m c l x n g
m c l x n g
m c t r k r
n a v z n g
n z m c k r
m c t r k r
t q p i p e m
t z v z p e
n z m c t r
v z t r l e
t z v z p e
n a v z b z
t q a s u l e
n a k a b o
p i b z l e
n a v z b z
p i b z l e
n z w z k r
t q p i b z
k i l z n e d e
t q v z b o
t q v z b o
t q p i b z
t u l z m c
t q v z p e
t u l z m c
t q t u l z
x l r m l e
m n c p e x
w z t r p o
y z l u m c
y r k r t x o
v z t r l e
n z r p i b z
t q p i b z
t q v z p e m
r m c t i l e
t q v z p e m
y r l q b z k r
v z k i m l e
m n c t i k r
t q t u p x m
t q y r k r p e
n z t u n g r
v z m i o l e
r m c t i l e
v z m i o l e
d w a t r k r
v z m i o l e
t q o t i p e l e
v z m i o l e
v z m i o l e
d r k a ' n g
n z y r l q
t q v z p e
t z v z - n g r
d r t q g r
k r l z m l e
t q m c p e x
t z r p i p e m
n z r p i m l r
v z t r n g r
y a p x - z v z k r
a b r t z l v z k r
v z p x b z k r
t q p i p e b z l e
t z t a v e l r
v z t r n g r
t q v z p x p e
t q v z p x p e
v z t r n g r
n z v z p x n g
n z v z p e n g
n z v z p e n g
t z v z - n g r
t q v z p x p e
y r l z t i l e
n z v z b z n g
t q v z p x p e
n z p n a n g
n z v z b z n g
n z a b r t z k r
n z m c t x p w z
t z v z - n g r
t q v z p e b z
y r l q t x b o
r p i o b z l e
t q p i p e b z l e
r p i o b z l e
t z k r l z p e
r p i o b z l e
t q o t i m l e
r p i o b z l e
n z g l q o l r
t q p i b z k r
y c - n r b a l q
t q p i p e b z l e
d w a t x t r x
n a p i b z k u
t q p i b z k r
n z v z - k z n g
n z v z - k z n g
r g l q p x k r
t r k r l z w x u
t z v z o p e n g
n z v z - k z n g
n z v z k i l r
n z v z - k r m
n z v z - k r m
r m c t i p e k r
t q m c p e x
r m c t i p e k r
r m c t i p e k r
r m c t i p e k r
n z k r l z m l r
n z k r l z m l r
n z m c t x p w z
r m c t i p e k r
k x t o p w z n e
r m c t i p e k r
n z m c t x p w z
n z m c t x p w z
n z m n c l z b z
m n q t i p e l e
t r k r l z w x u
n z v z p x b z n g
n z m c t x p w z
n a d w a p e k r
n a d w a p e k r
n z v z p x b z n g
n z a b r t z k r
n z v z p x b z n g
n z v z p x b z n g
t q v z p e m g r
t q m w i t x p e
k r l z p e b z k r
t q v z p e m g r
t q v z p e m g r
t z v z o p e n g
n a d w a p e k r
t q v z p e m g r
n z r p i b z l r
t q v z p e m g r
t z m w x l r n g
n z v z p x b z n g
n z r m c t i l r
n z r p i b z l r
t q t u n e p w z
n z m n c l z b z
n z m n c l z b z
n z m c t x p w z
n z v z - k z n g
n z v z - k z n g
t q v z p e m g r
n z b o m l r
n z v z - k z n g
t q v z p e m g r
n a m n c t x p o
n z v z - k z n g
k r l z p e b z k r
n z v z - k z n g
n z m n c l z b z
n z v z k i o l r
t q m w i t x p e
n z v z k i o l r
n z v z k i o l r
t q y r n i p e x
n z l v c p e n g
n z v z k i o l r
