y r m q
n a w r k x t r
k x k q l u
t q r m c t i p e k r
t q r m c t i p e k r
m e l z m c
n z w z - z l w z - k r g r
m e i t x t a t x p x
t q m r b r
t q p i b o
t q a m r l z
n a n e n g
t q v z p e b o
n z v z b a t r - k r b z l r
n z d w a t r - k r g r
d r t w r n g e l e
t z m w i p x - n g r m l r
n z r k a t x n g r
t q o t i t r p e m l e
n z m w i p e - k r n g e
n z o t i - k r m l e
n z m z l r p i - k r n g e
t r t q w z p e u
r p w a ' - n g r b o
n z n g r l r p x - k r m g r
t q y r k e l v z x
t q v z p e m
e t u n e p x - z v z l e
y c t x o p e
t q y c o n g r
t o p w z t r
t q v z p e m
y o l x o m a m u
r p i - r d e
t u t i p x - n g r m
t q m c p e k r
t q p r t z
s c d r
t q v z p e x
t q v z p e x
n z d w a t r - k r g r
t z r t w z t i n g
n a y r k r t x
t q m c p e k r
t q w x b u p x - n g r m
t q v z p e x
n z m e l z - k r m l e
n z k a t x - k r b z l e
t q v z p e x
p r t r p z
t w z l e
t q v z p e x
t z s i k l u p x - n g r m l r
n a i p q p x n g r
t q m c t i a m u
n z v z p e - k r d r
n z v z - k r d r
t q m w i - n g r g r
n z v z p e - k r d r
n z e t u p e - k r n g e
n z v z p e - k r d r
n z v z p e - k r d r
t q p n z ' b q p e l e
n z g l q l z m l r
t z l v c l z p e - n g r d r
t q w a i k i
n z a n i t x p w z
n z v z p e - k r d r
y a p x - z v z k r
t q r k a l z p e m g r
n z v z p e - k r d r
y a p x - z v z k r
t r m c w x u
n z v z p e - k r d r
t r n z y a g o x - k r g r u
v z d e
t r k r c l u u
y a p x - z v z k r
n z v z p e - k r d r
n z v z p e - k r d r
r p i - m o u p q l e
r p i - m o u p q l e
n z v z p e - k r d r
v z x
v z x
v z x
v z x
v z t x
n z v z
v z t x
m c l x
v z t x
t q v z p e m
n z v z b z n g
m w i t x
m w i t x
n z m c t r
t q v z p e
m c t x m
t q v z p e
r p i l e
m c t x m
t q v z p e m
t q v z p e m
t q v z p e m
t q v z p e m
t q v z p e m
t q v z p e m
t q v z p e m
m c p x m
m c p x m
n a r p n z '
m c l x n g
t z v z p e
v z t r l e
t z v z p e
k q l u t x
n z m c p x
x l r m l e
t q v z p e
v z p e m
n a v z n g
t q p i p e m
n z w z k r
n z w z k r
t q p i p e m
n z w z k r
r g l q k r
n z r p i l r
m c p x k r
v z k i m l e
v z k i m l e
n a r p n z '
v z t r n g r
t r t e d r
v z k i m l e
n z v z - k r m
p i b z l e
v z m i m q
o s z b z l e
l x e g r
n z v z - k r m
n z r p i b z
v z t r n g r
t z v z - n g r
v z t r n g r
n z v z - k r m
n z r p i l r
v z t r n g r
m n c p e x
t q m n c
v z t r n g r
v z - z v z x
x l r k r l e
t q v z p e b z
t q v z p e b z
v z - z v z x
t q p i p e m
n z t u n g r
v z t r n g r
t q v z p e b z
r k a t r p q
t q r p i p e x
n z v z - k r m
n z m c k r
v z t r n g r
t z l v c m l r
t q v z p x p e
t q v z p x p e
t q r p i p e x
t q v z p x p e
t q v z p x p e
t q r p i p e x
t q v z p x p e
t u n e p w z
t q v z p x p e
t q v z p x p e
t u l z m c
t z v z o p e n g
t q v z p x p e
d w a t r k r
d r t w r d r
n z p n a n g
t u n e p w z
t q t u p x m
o t i l e
t q y r k r p e
t q o t i m l e
n z v z p x b z n g
t q v z p e b z
t q v z p e b z
t q p n z ' l e
t q v z p e b z
t q v z p e b z
n z v z k i l r
t q v z b e
n z r p i l r
t q o b q t r p e
n z v z k i l r
n z r p i m l r
k r l z b z l e
n z v z p x b z n g
k x n z t o p w z
n z v z k i l r
n z r p i m l r
n z r p i m l r
n z v z k i l r
n z v z k i l r
n z v z k i l r
n z v z k i l r
t q v z p e b z
n z v z k i l r
t q r p i p e x
n z v z k i l r
t q v z p e b z
n z r p i m l r
t q v z p e b z
v z p x b z k r
t q v z p e b z
t q v z p e b z
v z p x b z k r
v z p x b z k r
t z v z - n g r
v z p x b z k r
t q v z p e b z
t q v z p e b z
n z v z - k r b o
v z k i m l e
t q r p i p e x
r m c t i p e k r
r m c t i p e k r
n z v z p x n g
t q v z p e b z
n z v z - k r b o
n z v z p x n g
n z v z p x n g
n z v z p x n g
n z v z - k r b o
n z v z - k r b o
t q r p i p e x
n z v z - k r b o
t q r p n a l z m
n z v z p x n g
n z v z p x n g
n z v z p x n g
t q r p i p e x
a l v z t r l e
k r l z m l e
t q p i p e b z l e
n z v z p x n g
