t q t u n e p w z
n a p i p x - l z b q n g
s c g u
k r l x l z p e l e
n a v e x
y c - n r b a l q
l r d r
t q n g q p e l e n g
t q m n c t r p
l x e d r
t q a t a t r p e l e
t q r p i m l e
t z p i p e b z l r
n z m e i t r p z
t q v z - n g r n e
n z v z k i o p e - k z l r
r v z m i m
n z v z n e - k r g r
n z a m z b l q p x - k r m c
a s u m i p e b o
t z m w x l r n g
t q v z p e - k z x
t q v z p e - k z x
t z t a v e l r
d r l z d r n g
a m u k x t r t x
t z m w x l r n g
n z p w x n g
t z t a v e t r p e l r
a b r t z t x - n g r g r
t q v z t r - m o p w z k r
n z r t r n g r - n g r b z
t q v z p e
n z t a v e t r l r
n a a g l q b z l r
t q m c p e k r
t q m c p e k r
m c l e
t q r m c t i p e k r
t q w a i k i
t z w a i s z - n g r d r
n z r p w ' a - k r d e
m z t e
l x e d e
n a r b o m p e n g
t q m r l z p e
n a k r k a ' - z v z k u
k x o d a
v z x
v z x
v z x
v z x
t q a s u l e
v z x
n z t u n g r
v z x
v z x
v z x
v z x
v z x
t q v z p e
v z x
v z x
t q v z p e
v z x
v z x
n z m n c n g
t z v z p e
n z m n c t x p w z
v z x
t z v z p e
v z x
t z v z p e
t z v z p e
t z v z p e
v z x
v z x
v z x
v z x
t q v z p e m
t q v z p e m
t q v z p e b z
t q v z p e b z
t q v z p e b z
n z a t a k i
t q v z p e b z
t q v z p e b z
t q v z p e b z
t q v z p e b z
t q y r n i p e x
t q v z p x p e
t q v z p x p e
t q v z p x p e
t q v z p x p e
t q v z p x p e
t q v z p x p e
t q v z p x p e
t q v z p x p e
t q v z p x p e
t q v z p x p e
t q v z p e m g r
v z t x
v z t x
n z l x n g i t i - k r d r
v z t x
v z t x
v z t x
v z t x
v z t x
n z v z
v z t x
v z t x
v z t x
v z - z v z x
v z - z v z x
n z v z
v z t x
v z t x
v z t x
v z - z v z x
v z t x
v z t x
v z - z v z x
v z t x
v z t x
v z - z v z x
v z - z v z x
v z - z v z x
v z p e m
v z - z v z x
v z - z v z x
v z - z v z x
v z - z v z x
v z p e m
v z p e m
v z p e m
v z - z v z x
v z - z v z x
t q r p i p e x
t z v z p e - k a i n g
v z p e m
t q v z b o
t q v z b o
t z v z - n g r
t q v z b o
t q v z b o
n z v z p e n g
t q v z b o
t q v z b o
n z v z p e n g
n z v z p e n g
t q v z b o
n z v z p e n g
t q n e p e
n z v z p e n g
t q v z b o
n z v z p e n g
t q v z b o
t z v z k i n e d r
t q v z b o
t z v z k i n e d r
t q v z b o
n z v z p e n g
t q v z b o
n z v z p e n g
t q v z b o
t q v z b o
t q v z b o
t q v z b o
n z v z p e n g
t z v z k i n e d r
n z v z p e n g
t z v z o p e n g
n z v z p e n g
n z v z p e n g
t z v z k i n e d r
n z v z p e n g
t z v z k i n e d r
n z v z p e n g
t z v z o p e n g
t z v z k i n e d r
n z v z p e n g
t z v z k i n e d r
t z v z k i n e d r
t z v z k i n e d r
t z v z p x p e b z n g
t z v z p x p e b z n g
n z v z p e n g
t z v z o p e n g
t z v z k i n e d r
t z v z k i n e d r
t z v z o p e n g
t z v z k i n e d r
t z v z p x p e b z n g
n z v z p e n g
t z v z p x p e b z n g
t z v z o p e n g
t q p i p e m
t z v z k i n e d r
n z v z p e n g
t q v z - n g r g r
n z v z p e n g
t z v z o p e n g
t z v z p x p e b z n g
t z v z p x p e b z n g
t z v z o p e n g
t z v z o p e n g
t z v z o p e n g
t z v z o p e n g
t z v z o p e n g
t z v z o p e n g
t z v z p x p e b z n g
t q r p i p e x
t z v z n e p e n g
t z v z o p e n g
v z t r l e
t z v z n e p e n g
v z t r l e
v z t r l e
t z v z n e p e n g
v z t r l e
t z v z n e p e n g
v z t r l e
v z t r l e
v z t r n g r
t z v z n e p e n g
t z v z n e p e n g
v z t r n g r
v z t r n g r
v z t r n g r
t q m r l z p e
n z v z k i l r
v z t r l e
n z v z k i l r
t z v z n e p e n g
v z t r n g r
v z t r l e
v z t r n g r
t q v z m i t r p e b z l e
v z t r n g r
v z t r n g r
t z v z n e p e n g
v z t r n g r
n z v z k i l r
n z v z k i l r
v z t r n g r
t z v z n e p e n g
n z v z k i l r
v z t r l e
n z v z k i l r
