n z v z p e n g
d w a l z m g r
k r l z m g r
n z v z p e n g
n z v z b z n g
n z k q o - k r m
d w a l z m g r
y r k r t x o
a b r t z l v z k r
p r o t x k r
r p i o b z l e
r p i o b z l e
r p i o b z l e
t q y r n i p e x
t q p i p e b z l e
n z k r l z m l r
y r l z t i l e
n a m n c t x p o
n g r l r m i m l e
a b r t z l v z k r
n z m n c l z b z
t z r p i p e m
n z v z - k r b o
v z k i m l e
n z k r l z m l r
t q r p i b z l e
t q r p i b z l e
t q r p i b z l e
n a v z m i b z l e
t q r p i b z l e
n z v z - k r b o
n z r p i b z l r
t q r p i b z l e
n z r p i b z l r
n z r p i b z l r
t q r p i b z l e
n z r p i b z l r
n z v z b z n g
t q w a i p e x
n z d w a o n g r
n z a y o n g r
n z r p i b z l r
n z r m c t i l r
t q y a g o x p e
n z m c t x p w z
n z v z n e p e l r
t z v z o p e n g
t z v z k i n e d r
t z v z o p e n g
d w a l z m g r
n z v z n e p e l r
n z v z b z n g
n z m c t x p w z
n z v z n e p e l r
t z v z o p e n g
k i l z n e d e
l x e n g e
t z v z k i n e d r
n z r p i b z l r
n a v z m i b z l e
n a d w a p e k r
d w a l z m g r
n z m c t x p w z
t z v z o p e n g
t z v z o p e n g
n z m c t x p w z
n z v z p x n g
n z v z p x b z n g
t z v z o p e n g
t u t i p x - n g r m
n z v z p x b z n g
t q v z p e m g r
n z g l q o l r
n z r m c t i l r
n z d w a o n g r
n z m n c p e n g
t q v z p e m g r
t q v z p e m g r
n z v z p x b z n g
t q v z p e m g r
t q v z p e m g r
t q v z p e m g r
n z v z p x b z n g
n z m c t x p w z
t q v z p e m g r
t z v z o p e n g
t z v z o p e n g
r m c t i p e k r
n a y a g o x n g
n z m c t x p w z
t q v z p e m g r
n z v z p x n g
t q v z p e m g r
t q v z p e m g r
n z r m c t i l r
n z m n c p e n g
t z v z o p e n g
n z m c t x p w z
n a y a g o x n g
n z m n c p e n g
v o t r p z k r
r m c t i p e k r
t z v z o p e n g
a t u l z n g r
n a m n c t x p o
y r l q b z l e
t q v z p e m g r
n g r l r m i m l e
n z v z p x n g
t q p i p e b z l e
t q v z p e m g r
n z v z n e p e l r
t z v z o p e n g
n z m c t x p w z
n a m n c t x p o
t z v z k i n e d r
t q p i p e b z l e
n a v z m i b z l e
t q p i p e b z l e
t z v z o p e n g
r m c t i p e k r
n z p n a n g
t q p i p e b z l e
n z v z n e p e l r
t q m c p e l e
t q y r n i p e x
t q p i p e b z l e
a t u l z n g r
t z v z k i n e d r
r m c t i p e k r
n z v z p x b z n g
n z v z p x n g
t q p i p e b z l e
n a m n c t x p o
n a m n c t x p o
n z m c t x p w z
n a v z m i b z l e
n z v z b z n g
t q r p i b z l e
t q p i b z k r
n z m n c p e n g
t q m c p e l e
t q r p i b z l e
n z v z p x b z n g
n a v z m i b z l e
n z v z p x b z n g
t q m c p e l e
n z m n c l z b z
n a v z m i b z l e
n z v z - k r n g e
n a v z m i b z l e
r p i o b z l e
n z m n c p e n g
n z v z - k r n g e
n z v z p x b z n g
n a v z m i b z l e
n z v z - k r n g e
n z v z - k r n g e
n a v z m i b z l e
n z v z - k z n g
t z v z o p e n g
n z v z - k r n g e
n z v z - k r n g e
n z v z - k r n g e
n z v z - k r n g e
n a v z m i b z l e
n z d w a o n g r
n z r k a t x n g r
n z v z - k r n g e
n a v z m i b z l e
n z v z - k r n g e
n z v z - k r n g e
n z m c t x p w z
n a v z m i b z l e
n a v z m i b z l e
n z v z - k r n g e
t q m n c - n g r d e
n z v z n e p e l r
n a v z m i b z l e
x l r b z l e
t q m c p e l e
n z v z - k r n g e
n z v z - k r b z k r
n z v z k i o l r
n z v z p x b z n g
n a p i b z k u
n z v z k i o l r
t q r p n a - n g r m
n z v z - k r n g e
n z v z p x b z n g
n z o t i p e - k r m
n z v z - k z n g
n z v z p x b z n g
t q o t i p e b z l e
m n c l z - n g r m
t q v z p e b z k r
n z v z p x b z n g
n z r p i b z l r
n z v z p x b z n g
n z v z p x b z n g
n z v z k i o l r
t z m w x l r n g
n z v z - k r b z k r
t q v z p e k r
n z v z p x b z n g
n z v z p x b z n g
n z v z k i o l r
t q m w i t x p e
t q w z t i p e l e
n z v z k i o l r
t z v z k i n e d r
t q m c p e l e
n z v z k i o l r
n a d w a p e k r
t z v z k i n e d r
n z d w a o n g r
t z v z k i n e d r
t q m w i t x p e
n a v z m i b z l e
t z v z k i n e d r
n z v z k i o l r
t q w z t i p e l e
t z v z k i n e d r
t z v z k i n e d r
t q w z t i p e l e
t z v z k i n e d r
t q w z t i p e l e
n z l v c p e n g
n z v z - k r b z k r
t z v z k i n e d r
n a v z m i b z l e
t z v z k i n e d r
n z v z - k r b z k r
n z v z k i o l r
d w a l z m g r
n z v z k i o l r
t z v z k i n e d r
t z v z o p e n g
t z v z k i n e d r
n z v z - k r b z k r
n a d w a p e k r
n z m n c l z b z
n a k i l z b z l e
t q v z p e m g r
t q v z p e m g r
t z v z n e p e n g
n z v z - k r b z k r
t z r k a l z p e m
n z y c m n e k r b z
n z v z - k z n g
y z l u m l e
n z v z - n g r m l r
n z v z - k r b z k r
n z v z k i o l r
n a p i t x t r - m o p o
n z d w a o n g r
n a p i b z k u
t q p i p e b z l e
n z p r p x n g r
n z v z - k r b z k r
n z v z - k r b z k r
n z v z - n g r m l r
n a v z m i b z l e
n z v z - n g r m l r
k r l z p e b z k r
n z v z k i o l r
n z v z - n g r m l r
n a v z m i b z l e
t q p i p e b z l e
n z v z k i o l r
t z r m c t i p e l r
t z r m c t i p e l r
n z m n c l z b z
t r v z n e - k a k r
t z v z p x p e b z n g
t q r g l q t i k r
k r l z p e b z k r
n z m n c l z b z n g
m z l e d e n g
t z v z p x p e b z n g
t r v z n e - k a k r
n z v z - k r b z k r
n a d w a p e k r
t z v z p e - k a i n g
n z v z n e p e l r
n a y a p w x t i b o
n z v z n e p e l r
n z a b r t z n g r
n z m n c l z b z
n z v z n e p e l r
n z m n c l z b z n g
n z v z n e p e l r
t z l v c - a t e n g
n a v z m i b z l e
n z a b r t z n g r
n a d w a p e k r
n z v z n e p e l r
n z v z k i o l r
n z v z n e p e l r
m n c l z - n g r m
n z k r l z m l r
n a v z m i b z l e
n a v z m i b z l e
n z v z n e p e l r
n z v z - k z n g
n z m z n r - k r d r
t z v z n e p e n g
n z v z n e p e l r
t z v z n e p e n g
n z v z - k z n g
n z v z p e - k r d r
n z v z - k z n g
n z m n c p e n g
n z m n c l z b z n g
t r v z n e - k a k r
t r v z n e - k a k r
t r v z n e - k a k r
m n c l z - n g r m
t z v z n e p e n g
n z v z n e p e l r
n z v z - n g r m l r
t z v z n e p e n g
t r v z n e - k a k r
t r v z n e - k a k r
t q y r k r p e n g r
t z v z p x p e b z n g
t z v z n e p e n g
t z r m c t i p e l r
t z v z p x p e b z n g
n z l z t r - n g r d e
n z v z - k r b z k r
t q p i b z k r
n z v z - k z n g
n z v z - n g r m l r
t r v z n e - k a k r
t z v z n e p e n g
t r v z n e - k a k r
t r n z p i - k r p o ' u
n z v z - n g r m l r
t r v z n e - k a k r
n z w z - k r n g e
n a v z m i b z l e
t r v z n e - k a k r
t z v z n e p e n g
n z p r p x n g r
t r n z p i - k r p o ' u
t r v z n e - k a k r
n z v z p e - k r d r
n z v z - n g r m l r
n g r l r m i m l e
n z v z p e - k r d r
n z v z - n g r m l r
t q o t i - a t e m
n a n g r l r t r k i
n z v z p e - k r d r
n z v z p e - k r d r
m n c l z - n g r m
t z r m c t i p e l r
n z k a l z m l r
t z v z n e p e n g
n z v z p e - k r d r
n z v z - n g r m l r
n z v z p e - k r d r
y r l q t x b o
r y a p w x - z v z k r
t z m n c - n g r d r
n z v z - n g r m l r
t q m n c - n g r d e
n z m n c l z b z n g
t q m n c - n g r d e
n z m n c p e n g
t z v z n e p e n g
n z v z - k z n g
t z v z n e p e n g
t z v z n e p e n g
n a n g r l r t r k i
n z v z - k z n g
n z y a l z - k r g r
t q p i b z k r
t q m n c - n g r d e
t z l v c - a t e n g
t z v z p x p e b z n g
n a p i t x t r - m o p o
t z v z p x p e b z n g
n z y c m n e - k r d e
t q r p i - n g r n
n z p r p x - k r d r
n z w z t r n g
m n c l v z r n g r
y a p x - z v z k r
t z l v c - a t e n g
n a v z m i b z l e
r p i - m o u p q l e
m n c - e p e l z l e
n z v z - k z n g
n z m n c l z b z n g
r p i - m o u p q l e
r p i - m o u p q l e
t q r g l q t i k r
r p i - m o u p q l e
m n c - e p e l z l e
n z y a l z - k r g r
n z t w z - k r m l e
t z v z p x p e b z n g
t q v o t x - n g r p w z
n z y a p w x - k r d r
m n c l v z r n g r
n a v z m i b z l e
n z w z - k r n g e
y r l q t x - m o u x
t z v z p x p e b z n g
n z y a p w x - k r d r
n z r k a t x n g r
n z y c m n e - k r b o
m n c - e p e l z l e
n z v z - z v z b z n g
m n c - m i p e - a m u
n a p i t x t r - m o p o
m w x l r - n g r g r
n z v z - k z n g
t z r m c t i p e l r
n a v z m i b z l e
y r k r p x b z l e
n a p i t x t r - m o p o
n z v z - z v z b z n g
n z t u - z v z - k r d e
r p i - m o u p q l e
n z v z - k z n g
t z m w i - n g r d r
n z v z - z v z b z n g
t z r m c t i p e l r
n z v z - z v z b z n g
n z v z - z v z b z n g
n z a b r t z n g r
t z m n c - n g r d r
n z y a g o x - k r d e
m n c l v z r n g r
n z v z - z v z b z n g
t z y a p x p e n g
m n c l v z r n g r
n z v z - z v z b z n g
n z w z t i - k r b z l e
n z v z - z v z b z n g
t q p n z ' b q p e l e
n z v z - z v z b z n g
n z v z - z v z b z n g
n z v z - z v z b z n g
n z v z - z v z b z n g
n z v z - z v z b z n g
n z v z - z v z b z n g
n z a b r t z - z v z n g r
t q v z t r - m o p w z k r
n z r k a t x n g r
n z v z - z v z b z n g
t z t a v e t r l r
m n c - e p e l z l e
n z v z - z v z b z n g
n g r l r m i m l e
n z v z - z v z b z n g
r y a p w x - z v z k r
t z r m c t i p e l r
n z y c m n e - k r d e
n z v z - z v z b z n g
t z x l r o p e l r
n z r p i l z - k r d r
t z v z p x p e b z n g
t z v z p x p e b z n g
t z k u k i r p e l r
t q n g r l r p x p e m
t z v z p x p e b z n g
t z v z p x p e b z n g
n z v z k a i - k r g r
t q v z t r - m o p w z k r
k x t o p w z t i n g
n z y c m n e k r b z
n z w z - k r n g e
t z v z p x p e b z n g
t z v z p x p e b z n g
t q v z m i t r p e l e n g
t z m n c - n g r d r
n z v z k a i - k r g r
t q v z m i t r p e l e n g
t q m n c - l x b l r p e k r
n z v z k a i - k r g r
t q v z t r - m o p w z k r
t q v z m i t r p e l e n g
n z v z - k r b z k r
n z o l v x t i - k r d e
k r l z p e b z k r
t q v z m i t r p e l e n g
n z v z k a i - k r g r
n z v z k a i - k r g r
t q v z m i t r p e l e n g
n z v z k a i - k r g r
t z m n c - n g r d r
n z v z - k z n g
t q v z m i t r p e l e n g
n a p i p x - l z b q n g
n a y a p w x t i m l e
t q v o t i t r p e m l e
t q v z m i t r p e l e n g
n z v z k a i - k r g r
r m c t i - n g r g r l e
n z w z t i - k r b z l e
n z v z - k z n g
n a p i t r - m o u p o
t z k u k i - n g r d r
t q v z t r - m o p w z k r
t q v z m i t r p e l e n g
r m c t i - n g r g r l e
t q v z m i t r p e l e n g
t q v z m i t r p e l e n g
n z t u - z v z - k r d e
n a y a p w x t i m l e
n z k a l z m l r
n z v z k a i - k r g r
n z v z k a i - k r g r
r m c t i - n g r g r l e
n z r p i - a n i - k r m l e
n z v z k a i - k r g r
t q d w a p l r k r n g
n z r l z - k r b z l e
t q v z - n q b l q n e n e
t z m n c - n g r d r
n z v z k a i - k r g r
n z v z k a i - k r g r
n z p r t r - k r n g e
t q v z m i t r p e b z l e
t q v z - n q b l q n e n e
t q v z m i t r p e b z l e
n a p i t r - m o u p o
t q v z m i t r p e b z l e
t q v z m i t r p e b z l e
t q v z - n q b l q n e n e
t q v z m i t r p e l e n g
t q v z m i t r p e b z l e
t q v z m i t r p e b z l e
t q v z - n q b l q n e n e
t q v z - n q b l q n e n e
t q v z m i t r p e b z l e
n z v z - k r b z k r
t q v z m i t r p e b z l e
t q v z m i t r p e b z l e
t z k r l z p e - a t e l r
t q v z m i t r p e b z l e
t q v z - n q b l q n e n e
n z v z k a i - k r g r
t q v z - n q b l q n e n e
t q v z - n g r g r
t q v z - n q b l q n e n e
n a p i t r - m o u p o
r m c t i - n g r g r l e
t q v z - n q b l q n e n e
t q v z - n q b l q n e n e
n z v z k a i - k r g r
t q v z - n q b l q n e n e
n a m c k r
n z v z k a i - k r g r
t q v z - n q b l q n e n e
n z v z k a i - k r g r
d w a l z m g r
n z a t u p x - n g r m
t q v z - n q b l q n e n e
t q v z t r p e k r
t q m n c - l x b l r p e k r
t q n g r l r p e k r
t q v z - n g r g r
t q v z - n g r g r
t q v z - n q b l q n e n e
n z v z k a i - k r g r
m n c - m i p e - a m u
t r k r l z w x u
t q v z - n g r g r
t q v z - n q b l q n e n e
t q y a p w x t i p e m l e
n a m n c - k a p q n g r
t z m n c - n g r d r
t z r m c t i p e l r
n z v z - k r b z k r
t q v z - n q b l q n e n e
m n c - m i p e - a m u
t q n g r l r p x p e m
t q m r l z - n g r d e
t q v z - n q b l q n e n e
t q v z - n q b l q n e n e
t q v z t r - m o p w z k r
n z v z - k r b z k r
t q v z - n g r g r
n a m n c n e - n g r g r
t q v z - n g r g r
t z y a p x p e n g
t q v z - n g r g r
r m c t i - n g r g r l e
t q v z - n g r g r
n a a g l q p e k r
t z k r l z p e - a t e l r
n a p i t r - m o u p o
n a m n c n e - n g r g r
t q y a p x p e k r
t q v z - n g r g r
t q v z - n g r g r
t q m w i - n g r g r
m n c - e p e l z l e
m n c - e p e l z l e
t q v z - n g r g r
n z v z k a i - k r g r
t q v z - n g r g r
t q v z - n g r g r
n a m n c n e - n g r g r
t q v z - n g r g r
t r n z p i - k r p l e u
n a y a - p w z - t i p e x
t q m n c - l x b l r p e k r
n z v z k a i - k r g r
t q e t u n e p x p e
n a m n c n e - n g r g r
n z o l z - k r m l e
t q p i p e b z l e
n z r p i - a n i - k r m l e
n z v z - k r b z k r
t z m n c t x - a l o p e n g
t z m n c t x - a l o p e n g
t q v z t r - m o p w z k r
n a p i t r - m o u p o
t z x l r o p e l r
t q v z - n g r g r
n a a g l q b z l r
t z m n c t x - a l o p e n g
t q m n c - l x b l r p e k r
n a a g l q p e k r
m n c - e p e l z l e
t z v z p e - k a i n g
m n c - m i p e - a m u
r p i - m o u p q l e
t q v z t r - m o p w z k r
n z r p i - a n i - k r m l e
t q v z t r - m o p w z k r
t q v z t r - m o p w z k r
n z p n a t i - k r b z m u
t z y c m n e t r p e - n g r d r
t q v o t i t r p e m l e
t q v z t r - m o p w z k r
m n c - e p e l z l e
t q y r k r t r - a t e m
n z v z - k r b z k r
t q v z t r - m o p w z k r
n a m n c n e - n g r g r
n a a g l q b z l r
n z r p l a m e i t i - k r d e
t q m w i p e k r
t q n g r l r l z p e
n a m n c n e - n g r g r
n a k q t x o m
t q v z t r - m o p w z k r
n a p i t r - m o u p o
t z n g r l r k i o p e l r
n z b z t i - l x b l r n g
t q v z t r - m o p w z k r
t z k r l z p e
n a p i t r - m o u p o
n a a g l q b z l r
n a p i t r - m o u p o
y a p x - z v z k r
n a p i t r - m o u p o
y c - n r b a l q
t z x l r o p e l r
t z k r l z p e - a t e l r
n z w a i n e - n g r b z l r
n z a t u p x - n g r m
n a p i t r - m o u p o
n a p i t x t r - m o p o
d r k a ' n g
n a p i t r - m o u p o
t q v z t r - m o p w z k r
t z n g r l r k i o p e l r
m a l e l e
n a p i t x t r - m o p o
t q a b r t z - z v z - n g r g r
n a p i t r - m o u p o
t q r k a l z p e m g r
n a m n c - k a p q n g r
n a p i t x t r - m o p o
t z n g r l r k i o p e l r
t q t o p w z b e - n g r n e
n z m n c - k r d r
t q r k a l z p e - n g r m q g r
n a p i t x t r - m o p o
t q p n z ' p e l e
t z p n z - l z b q n g r
r d r n g
t z v z p e - k a i n g
n a m n c - k a p q n g r
n z m u - k r g r
d w a s x p x - k z p q g r
t z n g r l r k i o p e l r
t q m n c - l x b l r p e k r
t q t z l e
n z w z t r n g
t z p n z - l z b q n g r
t q p i b z k r
t q a b r t z - z v z - n g r g r
n a p i t x t r - m o p o
n a k a t x b z l e
t q n g r l r p x p e m
n a m n c - k a p q n g r
t r k q o p q l e u
t q p i b z k r
r m c t i p e k r
t q n g r l r l z p e
t q y a p x p e b z
n z l v c n g
t r k r l z w x u
t z l v c l z p e - n g r d r
n z a b r t z - z v z n g r
n a m n c - k a p q n g r
t q n g r l x o p e
t z y c m n e - n g r p e m l r
t r t q w z p e u
n a p i t r - m o u p o
t q p i b z k r
a m i n g r p e k r
d w a - r b r l z - n g r m q g r
n z p r t r - k r n g e
d w a l z m g r
t r k r l z w x u
t z y c m n e - n g r p e m l r
n z x l r b z l r l e
t q n g r l r l z p e
t q p i p e b z k r
t q p r t r p e b z k r
r k a l z m
t r k r l z w x u
t z n g r l a p l x
n z y a p w x - k r d r
n z r l z - k r g r
d w a - r b r l z - n g r m q g r
n z p i l z l r
d w a - r b r l z - n g r m q g r
t q v z p e - k z x
n z b z - k r g r
n e g u n g
t q v z p e - k z x
t q n g r l r p x p e k r
t q n g r l r p x p e k r
t q v z p e - k z x
t q v z p e - k z x
t q v z p e - k z x
t q v z p e - k z x
t q k q l e p e b z l e
n z n g i - k r d r
