n z d w a t r - k r d e
n g r d r
t q t u p x m
m c l x
t q v z b o
r k a t r p q
n z a n g i o - k r g u
t q v z p e x
t q v z p e x
v z - z v z x
k x e s z '
n a y a p w x t i b o
t q b z p e
n z v z - n g r m l r
n z d w a t r - m o u - k r g r
n z v z - z v z b z n g
n z t u n g r
v z t r l e
v z x
n z v z
t q v z p e m g r
n z k a t x - k r b z l e
n z d w a t r - k r d e
t q a b r t z - z v z - n g r g r
t q t u n e p w z
n a v z m i b z l e
r n i p e x
n a r t w z m
n z m c k r
n a v z n g
n a v z m i b z l e
v z k i m l e
t q t u n e p w z
n a v z b z
m c p x m
x l r m l e
n z r m c t i l r
t q v z p e b z
n a v z m i b z l e
t z v z - n g r
t q r p n a - n g r m
t z m n c - n g r d r
n z m c p x
r m c t i p e k r
n z m c t x p w z
n z v z - k r b z k r
y r l z o
n a v z b z
n a n g i
t z v z p x p e b z n g
n z v z p e - k r d r
m e i t x t a t x p x
t q t u p x m
a b r t z l v z k r
y r n i t x
a w i t x - n g r b z k r
v z t r n g r
t z v z n e p e n g
t q y r n i t x p e
n z v z - k r m
n a v z m i b z l e
t q a y r n i p e
v z p x b z k r
n z v z - k r b o
n a v z b z
t z v z o p e n g
t q v z p e m g r
v z p x b z k r
t q o t i m l e
n a t r k a - z l w z l e
n z m n c l z b z
t q v z - n g r g r
n z w z t r n g
t q v z t r - m o p w z k r
t z v z p e
k x p r k i
v z m i m q
y z l u m g r
d r t q d r
v z - z v z x
v z p x b z k r
p r t z t x b z k r
n z w z - k r n g e
t q v z - n g r n e
t r v z n e - k a k r
v z k i m l e
n z g l q o l r
t z m w i - n g r d r
t z r y z k r n g
t q v z p x p e
t q v z p x p e
t q p i p e m
n a v z n g
v z m i m q
t q v z - n g r g r
t u o m
t z y r n i n e t r p e b z n g
t z v z p e - k a i n g
t q m n c n e t r p e m g r
n z t u n g r
o t i b z
t z r l x n g i t i n g
n z m n c p e n g
e s z ' n e
n a m n c - k a p q n g r
t q v z p x p e
t q v z p x p e
n z p n a n g
m n q t i p e l e
n z p r p x k r
r m c t i p e k r
b x p i z p x
n z v z - n g r m l r
m c l z k r
n z v z p x n g
t q p i b z k r
n z y c m n e - k r m
y c t r p e n g r
v z - z v z x
t q v z - n q b l q n e n e
v z t r n g r
v z p x b z k r
p i b z l e
n z r p i - a n i - k r m l e
o b q o b z
n z m c k r
t q o t i m l e
n z l z t i n g
n z v z - k r b z k r
r p i l e
r p i - m o u p q l e
k x k q l u
t z m w i p x - n g r m
v z p e m
n z m c t x p w z
t z v z n e p e n g
t q v z p e
k x l i
t q p i b z k r
m n c l v z r n g r
t q m c p e x
n z v z - k r n g e
n a y c t i p x m
y c m n e t r p z k r
n z v z - k r m
n e g u n g
t q v z p e - k z x
t q m u k r
t z v z o p e n g
a s u m i p e b o
n z v z - k r n g e
t u n e p w z
t q v z m i t r p e b z l e
t q v z m i t r p e b z l e
t q v z m i t r p e b z l e
x l r k r
n a m a p u p e b z l e
n z m c t x p w z
n z v z - k r n g e
t q v z p e m g r
n z t u - z v z - k r d e
n z v z
v z m i o l e
v z x
t r v z n e - k a k r
n a m n c t x p o
v z m i o l e
t z v z o p e n g
m c l x
t z v z k i n e d r
t r t z r p n a p e u
t q n g r l r p x p e k r
n z w z - k r n g e
n z v z k a i - k r g r
n a p i b z k u
t z v z p e - k a i n g
t q t u p x m
t z v z n e p e n g
t q v z - n q b l q n e n e
t q v z m i t r p e b z l e
t q v z - n g r g r
n a v z n g
t q p i p e b z l e
n z a b r t z k r
n a v z n g
n z v z - k r m
t q v z p e - k z x
m c l z k r
t q v z - n g r g r
t z k r l z p e - a t e l r
m z l w e n g
k x n a m u
n z m n c l z b z n g
t z v z o p e n g
n z v z - k r n g e
n z v z p e - k r d r
n z r l x t i - k r b z
n z v z k i o l r
n a p i t x t r - m o p o
t z v z p e - k a i n g
m n r n g e
n z v z n e p e l r
n a p i p x - l z b q n g
k c m a n g
n a v z n g
m n c - m i p e - a m u
n z v z - k r b z k r
a s a - n g r g r
t z v z p x p e b z n g
t z v z o p e n g
m c t x m
n z v z p x n g
v z m i o l e
r m c t i l e
m c p x m
m c p x m
n z v z - k r n g e
t z r m c t i p e l r
t q v z p e - k z x
n z g l q o l r
n z v z k i l r
v z p x b z k r
t r k r l z w x u
n z v z b z n g
y r b u t i p e n g
n z v z n e p e l r
n z r p i m l r
v z x
m n c l v z r n g r
d r v r m i n e m l e
n z v z - k r b z k r
t z v z p e
n a v z m i b z l e
t q v z t r - m o p w z k r
m c p o
t q v z - n q b l q n e n e
m n c - e p e l z l e
n z l z
k x m r n a
n a p i t r - m o u p o
n z v z k i l r
n z v z - k r b z k r
t q t u p x m
k x y a g o x
n z y c m n e
v z k i m l e
n z v z - k r n g e
n a p i t r - m o u p o
n z m c p x b z l r
n z t u n g r
