r p i - m o u p q l e
d w a t r k r
n a p i t r - m o u p o
n a p i t r - m o u p o
m w i t x
r p i - m o u p q l e
m w i t x
t r n z p i - k r p o ' u
n z r p i - a n i - k r m l e
n a p i t x t r - m o p o
n z r p i - a n i - k r m l e
m c t x m
m c t x m
m c p x m
n a y a p w x t i m l e
t q v z - n q b l q n e n e
v z m i m q
m c p x m
t q v z - n q b l q n e n e
t q v z - n q b l q n e n e
n a p i b z k u
m c l x
r m c t i p e k r
n a p i b z k u
n a p i b z k u
t q v z t r - m o p w z k r
t q v z t r - m o p w z k r
t q m n c
m n c - e p e l z l e
t q v z m i t r p e b z l e
r p i l e
t q v z m i t r p e b z l e
t q v z m i t r p e b z l e
t q v z m i t r p e b z l e
m c l x n g
t z v z p e - m o u n g
t z v z p e - k a i n g
t q p i b z k r
n z y c m n e - k r b o
t z v z p e - k a i n g
t z n g r l r k i o p e l r
t q p i b z k r
n a m n c t x p o
m n c p e x
o t i l e
t q m c p e k r
t z x l r o p e l r
t q p i b z k r
t q m w i - n g r g r
t q p i p e b z l e
n z t u n g r
n z m c t r
n z d w a o n g r
m n c l z - n g r m
t q m c p e l e
m n c - e p e l z l e
v z k i m l e
t q p i p e b z l e
v z t x
v z k i m l e
v z k i m l e
n z r p i m l r
v z k i m l e
v z t x
v z t r n g r
t q p i p e m
n z m c p x
v z p x b z k r
v z t r n g r
m n c - e p e l z l e
v z t x
t z n g r l r k i o p e l r
t q v z - n g r g r
v z p x b z k r
n a v z m i b z l e
r p i o b z l e
n a v z m i b z l e
n a v z m i b z l e
v z p x b z k r
n z m n c k r
n z r p i l z - k r d r
t q w z t i p e l e
t z v z k i n e d r
n z m c k r
t z v z k i n e d r
t z v z o p e n g
n z v z - k r b z k r
t z v z o p e n g
n z v z - k r b z k r
v z t r l e
n z v z - k r n g e
v z - z v z x
n a v z m i b z l e
t q v z p e m g r
n z v z - k r n g e
t q v z p e m g r
t q w z t i p e l e
n z a b r t z - z v z n g r
t q v z p x p e
n z v z - k r m
t q v z p x p e
n z r p i l r
m r t u t x
t q v z p x p e
n z v z - k r b z k r
t q v z p x p e
n z r p i l r
n z r p i b z
t z v z o p e n g
n z v z k i l r
v z - z v z x
n z y c m n e k r b z
n z v z k i l r
n z v z - n g r m l r
n z r p i l r
v z x
n z v z n e p e l r
n z y a l z - k r g r
n z w z - k r n g e
v z p e m
t z v z p x p e b z n g
n z v z - n g r m l r
n z v z p e - k r d r
v z x
t z v z - n g r
v z x
t z v z - n g r
k x e t u
t z v z - n g r
t z v z - n g r
n z v z k i o l r
n z v z k i o l r
v z x
n z v z k i o l r
n z m n c p e n g
n z v z p e - k r d r
t q d w a p l r k r n g
n z v z p e - k r d r
t z v z n e p e n g
t w z l e
t w z t r k r
n z v z t r n g
n z v z p x n g
t z v z p e
n z m z l r p i - k r n g e
m n c l v z r n g r
t q v z p e b z
n z v z p x n g
t q a m r l z
t q v z p e b z
t q v z p e b z
n z m n c p e n g
m c o m q
n z w z k r
n z v z - z v z b z n g
n z v z b z n g
a t u l z n g r
n z t u - z v z - k r d e
n z v z - z v z b z n g
k r l z m g r
n z r k a t x n g r
t z v z p e
t z x l r o p e l r
n z v z
n z v z p e n g
n a v z n g
n a k i l z b z l e
n z v z p e n g
n z r k a t x n g r
n z v z p e n g
t q v z p e
t q v z p e
t z p n z - l z b q n g r
t q v z p e
t u n e p w z
n z m n c n g
n a m n c n e - n g r g r
k x n z t o p w z
t q r m c t i p e k r
n a m n c n e - n g r g r
n z m n c - l x b l r - k r g r
t q m c p e k r
t q r m c t i p e k r
r y a p w x - z v z k r
n z e t u p e - k r n g e
t u l z m c
t q m c p e k r
n z p r t r - k r n g e
t q y r k r t r - a t e m
t r k r l z w x u
n a m n c n e - n g r g r
n z t w z - k r m l e
t r k r l z w x u
n a m n c n e - n g r g r
n z a n g i o
n z d w a t r - k r g r
m n c - e p e l z l e
n z r k a t x n g r
n z m n c p e n g
t z r t w z t i p e - k z n g
n z m w i p e - k r n g e
n z t a o k r
n a m n c n e - n g r g r
n z m n c p w z n g
t q v z p e x
n z p i l z l r
n z r k a t x - k r d r
t q a s u p e
t q v z p e x
a e l w a p x
t r n z p i - k r p l e u
t q m c p e k r
k x p w x
t q a l v c - l z b q - n g r g r
t q v z p e x
t q b z p e
n z p r p x n g r
a b r t z t x p e k r
a b r t z t x - n g r g r
a b r t z t x - n g r d e
t q r m c t i p e k r
t q m c p e k r
t q r m c t i p e k r
t q r p n a - n g r m
n e d r n g
t q m r b r
t z t w z o p e l r
n z p w x n g
n z a y o n g r
n z o l v x t i - k r d e
t q v z t r p e k r
n z y c m n e - k r d e
t q v z p e - k z x
t q v z p e x
a s u m i p e b o
t q v z p e x
t q v z p e x
k x m a t q
t q y a g o x
n z d w a t r - m o u - k r g r
n z - z p q t r - k r d r
n z d w a t r - k r g r
n z d w a t r - m o u - k r g r
n z l x n g i t i - k r d r
m w x l r - n g r g r
n z m z n r - k r d r
k r l z p e k r
t z m c n g r
o l i q l z k r
t z l v c m l r
