n a d w a p e k r
n z v z
v z m i m q
t z m n c - n g r d r
t r v z n e - k a k r
n z r p i m l r
m n c - e p e l z l e
n z v z p x b z n g
v z m i m q
v z p e m
n a p i t x t r - m o p o
n z x l r b z l r l e
t z m n c t x - a l o p e n g
v z t r l e
n a v z m i b z l e
o t i m
t r v z n e - k a k r
n z m c t r
t z r m c t i p e l r
n z v z n e p e l r
m c l x
n z m c k r
n a v z m i b z l e
n z m c t r
n z r p i b z l r
a b r t z l v z k r
v z t r l e
n a v z b z
k r l z p e b z k r
v z m i m q
t z v z p e
r g l q p x k r
v z p e m
r m c t i p e k r
t z v z p x p e b z n g
t q v z p e m
d w a l z m g r
o t i b z
v z t r l e
k x t o p w z
t z v z - n g r
t q v z p e
v z t r l e
n z r p i m l r
t q y a p x p e b z
t z v z n e p e n g
t z v z o p e n g
v z m i m q
t q p i m e
m c l x n g
n z b z t i - l x b l r n g
e t u t x
n z r p i b z l r
v z x
t q m c p e k r
v z p e m
m c l x n g
o t i m
v z m i o l e
n z v z
v z t x
r p i - m o u p q l e
w z t r p o
n a m n c t x p o
v z t r l e
n z v z - k r b o
n a m n c - k a p q n g r
m c l z k r
n z v z n g
n z r m c t i l r
n z k r l z m l r
n z v z - z v z b z n g
t q v z b o
m c t x m
t z v z k i n e d r
t z t w z o p e l r
m c t x m
t z v z p e - k a i n g
t q v z b o
t z v z p x p e b z n g
r m c t i l e
n a v z m i b z l e
n z v z - k r n g e
n z v z p x b z n g
m c l z k r
n z m c k r
n z v z p e n g
n z r p i b z l r
n a k i l z b z l e
t q v z p e x
t z v z p e
m c l x
n z v z k a i - k r g r
t z m w i - n g r d r
m n c - m i p e - a m u
t q v z - n g r g r
t q p i p e m
t q v z t r - m o p w z k r
n a m n c n e - n g r g r
t q p i b z
v z p e m
n z v z p x n g
r p i l e
n z r p i - a n i - k r m l e
a t u l z n g r
t q v z p e b z
t q n g r l r p x p e k r
n z r p i m
t z v z p e - k a i n g
n a p i b z k u
t q v z p e
n z v z k i o l r
n z v z p x n g
t q v z m i t r p e l e n g
v z k i m l e
n z v z p x n g
t q v z - n g r g r
n z v z - k r b z k r
n z v z - z v z b z n g
n z m c p x
t q v z p e m g r
t z v z n e p e n g
n z v z - k r n g e
n z v z k i l r
t q v z p e m
t q r p i p e x
n z v z - z v z b z n g
r p i - m o u p q l e
m c p o
d w a t r k r
t q p i p e m
t z y a p x p e n g
n z v z p e - k r d r
m c p x m
t z r m c t i p e l r
n a p i t r - m o u p o
n z v z - k r n g e
t z m n c t x - a l o p e n g
n z r p i b z l r
m c t r k r
n z m n c p e n g
t q v z b o
t q r p i p e x
v z p x b z k r
n z l v c k r
t q v z p e
t q p i p e m
t z v z n e p e n g
t u p x m
n z v z k a i - k r g r
t q v z p e
n z v z k a i - k r g r
v z t r l e
t q p i p e b z l e
t q v z p e k r
m c l z k r
n z v z
v z m i m q
t q o b q t r p e
m c t x m
m c l x
v z x
v z - z v z x
m c l x n g
n z v z - z v z b z n g
n z m z n r - k r d r
n z v z p e - k r d r
t q r p i b z l e
v z t r n g r
d w a l z m g r
t z v z k i n e d r
t q r p i p e x
t z v z - n g r
n z v z
n z v z - n g r m l r
t q w z t i p e l e
n a v z m i b z l e
t q v z m i t r p e b z l e
v z t r n g r
n z m c t r
t q r p i - n g r n
t q v z p e m
v z p e m
t r s u k a
m c l x
t q y a p w x t i p e m l e
t z r k a l z p e m
t q v z p e m g r
n z v z p x b z n g
t q v z t r - m o p w z k r
t q r p i p e x
v z k i m l e
n z t u n g r
n z v z n e p e l r
n z v z - k r b z k r
n z m c t x p w z
t q p i b z
n a p i t x t r - m o p o
v z t r n g r
r m c t i p e k r
n z r p i - a n i - k r m l e
n z r p i m l r
r m c t i p e k r
n z m c k r
n z v z - k r b o
n z a b r t z n g r
n z v z
n z d w a o n g r
t q v z p e x
r m c t i p e k r
m c l x
n z w z - k r n g e
r m c t i p e k r
n z v z b z n g
n a p i b z k u
d w a t r k r
t q v z p e b z
n z o t i p e - k r m
n a v z b z
n z v z p e - k r d r
n z m c k r
n z r p i l r
n z v z p x n g
r g l q p x k r
t q v z p e
n z v z - k z n g
t z v z p x p e b z n g
n z v z - n g r m l r
t u p x m
t q v z p e b z
m c t r k r
d w a l z m g r
t u t i p x - n g r m
n a v z n g
m c l z k r
v z m i o l e
t q v z m i t r p e l e n g
n z v z - z v z b z n g
t q v z p e b z
v z p e m
n z a l v z t r n g
t q m n c - l x b l r p e k r
n z v z
n a p i t x t r - m o p o
m n c p e x
n z v z - k r b z k r
n z v z k i o l r
m c p o
n z m c t x p w z
n z n g i - k r d r
