n z v z n e p e l r
k c m a
o t i l e
m c - k z a m u
n a r t w z o b z
t z r t w z - k z n g
d w a l z m g r
t q n g r l r l z p e
y c p x
t q v z p e
n z v z
r p i o b z l e
n z m n c - k r g r
t q v z p e x
m n c - e p e l z l e
n z l x n g i t i - k r d r
t q p i b z
t r n z p i - k r p o ' u
t z a n g c p e l r
n z k a p x m l r
n z v z b z n g
t z p e o n g r
o t i l e
n a v z n g
v z p x b z k r
x l r m l e
t z v z p e - k a i n g
r m c t i p e k r
y r n i - e b i r p e n g
t r v z n e - k a k r
n z v z k i o l r
t q v z p e b z
k i l z n e d e
t q v z p e m g r
n z v z - z v z b z n g
n a r l x t r p z k r
n z v z k i o l r
t z v z p x p e b z n g
t q m c p e k r
n z r l z - k r b z l e
t q a s u l e
y r n i t x
t q v z m i t r p e b z l e
n z w z - z l w z - k r g r
b z a m u
t q v z m i t r p e l e n g
r k a t r p q
n z v z p e n g
t z x l r o p e l r
t z v z - n g r
n a p i b z k u
v z p x b z k r
n z v z p e - k r d r
n a p i t r - m o u p o
t q p i m e
n z v z - k r n g e
n z v z p e n g
k x e t u b z
m n c - m i p e - a m u
n z m n c p e n g
k x t q
n z v z k a i - k r g r
n e d r
n z v z - k r b z k r
v z m
t q p r t z
n a v z b z
t z m n c t x - a l o p e n g
n z v z - n g r m l r
n z r l x t i - k r b z
n z v z b z n g
n z m c t r
t u t i p x - n g r m
n z r p i l r
v z m i o l e
t u o m
t z v z p e - k a i n g
m c t r k r
n a m n c t x p o
y a p x - z v z k r
t z v z p e - k a i n g
t q w z t i p e l e
n z e t u p e - k r n g e
t q p i p e m
e l a
t z v z - a t e n g
t z n g r l r k i o p e l r
n z a b r t z k r
t q v z m i t r p e l e n g
r k a t r p q
n a a g l q b z l r
t o p w z t r
t q y a p x p e b z
t q p i m e
n z v z - k r n g e
t r t e g r
n z m n c l z b z n g
n z a b r t z l v z l r
t q v z m i t r p e b z l e
m n c - e p e l z l e
s c m
r p i o b z l e
t z y c m n e - n g r p e m l r
t q t o p w z b e - n g r n e
m c l x
n a p i t r - m o u p o
n z o l z - k r m l e
n z m n c l z b z
t z - z p q t r n g
n z v z - z v z b z n g
t q r p n a - n g r m
y r p l a b r t q p e
n z w z - k r n g e
v z t r n g r
n z v z - k r b z k r
t q v z p e b z
t q v z - n g r g r
m c p o
t q v z p e m g r
r g l q p x k r
y r l q t x - m o u x
t q m w i - n g r g r
r p i o b z l e
n z a b r t z l v z l r
t q m c p e k r
t q v o b e
t q v z - n g r g r
t q r m c t i p e k r
m c l x n g
t q r p i - a w a p e b z l e
n z v z - n g r m l r
t q p i b z
v z x
n z v z - k r m
t q p i p e b z l e
n z y r l q
v z t r l e
n z r p i m l r
t q o t i - a t e m
t q m w i - n g r g r
v z t r n g r
n z v z n e p e l r
w z t r p o
r p i b z
y r n i t x
t q m w i p e k r
t q m n c
v z t x
t q m c p e b z k r
d w a l z m g r
x l r m l e
n z b z - k r g r
n z v z p e - k r d r
n e d r n g
r l x n g i t i l e
t q v z p e - k z x
n a p i t r - m o u p o
v z m i o l e
t z v z p x p e b z n g
n z r p i b z l r
n a v z n g
t z v z p e
x l r b z l e
n z m c
t q a m z b l q p x m c
n z v z n e p e l r
t z k u k i r p e l r
t z v z n e p e n g
m n q t i p e l e
n z v z
p r o t x k r
m n c t i t x p w z k r
n z v z k i o l r
t z v z p x p e b z n g
t q m n c - n g r d e
n z r p i m l r
t z v z p x p e b z n g
b z t x p n z '
t q v z b o
n g r l r m i m l e
t z v z p e - k a i n g
n z o t r n g r
v z - z v z x
r p i l e
r m c t i - n g r g r l e
a t u l z n g r
r p i l e
s c d r
t q p n z ' l e
n z v z p x n g
m c l q
n z a b r t z n g r
t w z q
n z r p i m l r
t q v z m i t r p e b z l e
n a r l x t i b o
v o m l e
r y a p w x - z v z k r
n z d w a t r - m o u - k r g r
t q v z p e m g r
t z r m c t i p e l r
t q v z p e x
n z v z - k z n g
y r l z t i l e
t q m c p e x
t q y a p w x t i p e m l e
t q y a g o x p e
n a v z n g
n a m n c - k a p q n g r
v z t r l e
n a m n c - k a p q n g r
n z v z - k r b o
n z a l v z t r p l r
m n c p e x
n z p r t r - k r n g e
n z v z - k r b z k r
n z a l v z t r n g r
t z t a v e l r
t q a y r n i p e
n a r l a s z p e l r
n z l z t i n g
n a p i b z k u
t q v z p e x
n z v z p e - k r d r
t q v z p e x
t q r p i p e b z
t z y c m n e - n g r p e m l r
n z y a l z - k r g r
t q m c t i k u n g
n z m c t x p w z
e t u n e p x - z v z l e
m c l e
v z k i m l e
n z v z p e n g
n z v z p e n g
x l r k r l e
n a m n q q
n z k a o b z l r l e
x l r k r l e
t q w z t i p e l e
t q v z p x p e
n z v z - k r m
b z p n z ' x
n z r t w z - k r m l r
t z v z p x p e b z n g
r g l q p x k r
n z v z - z v z b z n g
r m c t i p e k r
n z o b q b z n g
t q v z p e b z
