n a m c t r
t r n z m c p e l r u
t q m c t i a m u
n a m c l e
n z m c - k r n g e l e
a b r t z l v z k r
k c m a
m z l i   k c
x l r b z l e
n z w z t r n g
t q r m c t i p e k r
d w a t x t r x
d w a l z m g r
n a r p n z '
m w i t x k r
t q m w i t x p e
t z m w i p x - n g r m l r
t z m w i p x - n g r m
t q m w i t x p e
t z k u k i - n g r d r
n z p r t r - k r n g e
n z a b r t z k r
t q v z p e x
t z y c m n e t r p e - n g r d r
t z y c m n e - n g r p e m l r
y c m n e p e
r m c t i - n g r g r l e
t q m c p e k r
r m c t i - n g r g r l e
x l r k r l e
t q a b r t z - z v z - n g r g r
k r l z m l e
t q k q l e p e b z l e
t q v z p e - k z x
n z d w a t r - k r g r
n z i k l a p w z
t q a c l v e b o
o m i t x p x b z l e
t q m n c - l x b l r p e k r
t z a m c t i - n g r d e
r m c t i - n g r g r l e
r m c t i - n g r g r
l x e d e
r m c t i - n g r g r l e
n z v z n g
t q v z p e x
v e x
n a y a p w x t i b o
t z y a p w x t i p e b z l r
t q y c o n g r
y c t x o p e
y c t r p e n g r
y c t x b z
t q y c n g r
d w a - r b r l z - n g r m q g r
m c p z k r
k x n z t o p w z
t q m w i t x p e
n a m w i
t q y a g o x p e
t r t q w z p e u
r m c t i - n g r g r l e
t r n z m n e t i u
n z m n e t i
t z m w i p e n g
m z l i   k c
k c m a
o b q b z k r
n z r n i b q n g r
t r l r p r k r u
v z b z
n a m w i
m w i t x k r
y c m n e p e
t z y c m n e t r p e - n g r d r
t z y c m n e - n g r p e m l r
r d r n g
r y a p w x - z v z k r
m e l z m c
x l r m l e
m z n r y a g w e n g r l c
o b q p x k r
n z a n g i o - k r g u
v o t r p z k r
n a b z t r k i
t r m c l e u
n z a b z l r
n a b z - n g r n
b z t i p e d e
t z l v c l z p e - n g r d r
t z l v c - a t e n g
t q y r k r p e n g r
y r k r t x o
t q y r k r p x k r
d r k a ' n g
n z p n z '
n a r b o m p e n g
n a y a g o x n g
t q r t w a y z b z
n z k r l z l r
y r k r p x b z l e
t z y a p w x t i p e b z l r
n a y a p w x t i b o
d w a s x p x - k z p q g r
d w a t x t r x
d w a l z m g r
d w a - r b r l z - n g r m q g r
b o o n g r
n z r l z - k r g r
v o m l e
t q t o p w z b e - n g r n e
t o p w z t r
n z r m n q t x n g
t r - r m n q u
m c p z
n a r t a n g r t i k r
t z r l x n g i t i n g
n a y a p w x t i b o
d w a t x t r x
d w a s x p x - k z p q g r
k x t q
t z y z l u p e - m o p w z n g
l z o k r
n z l z
n z r l z - k r b z l e
t z l z t r
t z l z t i t r
y r l q t x - m o u x
n a k a m l e
n z k a t x - k r b z l e
n a k a b z k r
n z k a l z m l r
n z r k a b z
n a k a b o
n z k a t x p x - k r b z l e
r k a t x m
k a o m a m u
n z p n a n g
t z y c m n e t r p e - n g r d r
y c m n e p e
n a b z d r
t z l v c - a t e n g
t z l v c l z p e - n g r d r
y r l q t x - m o u x
t z p r o p e n g
x l r k r l e
n a y a p w x t i b o
y z l u m c
d r t q d r
d r t q d e
n z k a l z m l r
r k a t r p q
p r o t x k r
t q p r t r p e b z k r
m z l w e n g
m z l w e d e n g
n z o l z - k r m l e
n z k a t x - k r d e
a c l v e l e
n a m z n r p e
t q m z n r l x p e
k r l a
y r m q
n z m n c l z b z
n z m n c l z b z n g
n z m w a n g r
n z p n a n g
t q o t i - a t e m
t q o t i m l e
n z b z n g
t q l x n g i t i - a t e x
n z p n a t i - k r b z m u
t q w x l i k i t x p x
w x l i k i t x p x p n z
r p w a ' - n g r b z
r p w a ' - n g r b o
n z r p w a ' - n g r b z l r
r g l q k r
n a a g l q p e k r
n z g l q o l r
n a a g l q b z l r
t z p r p x p e n g
t z p r t r p e - k z n g
t z m w x l r n g
k x k q l u
t q a s u l e
n z v z d z m q n g
t q v z o p e
t q v z n e - z v z k r
t z v z k i p x l r
v z - n q b l q m
n a v z - n q b l q l e
n z v z m i - k r g r
n a v z m g r
v z - n g r b z k r
t z v z - a t e n g
t q v z k i l e
t q r v z m i p w q
t r v z k r u
t q v z b e
v z b o
v z t x p e - n g r d e
n z v z n e - k r g r
t q v z k i p x k r
t r v z u
t q v z d z p e - n g r m g r
v z - z v z k r
n z v z - k r m g r
v z d e
t q v z - n g r n e
n z v z n e - k r g r
t q v z o p e k i
n a v z - k a i p o
t q v z o p e k r
t q v z - e t r - n g r d e
t q v z p e - m o u k u
n z v z k i o p e - k z l r
n a v z
t q v z p e b o
v z p e - k a i p
n z v z b a t r - k r b z l r
t q v z t x p e
n a v z b z k r
t q v z n e
v z p x m
t q v z p e b z k r
t q v z k i p x
t q a s u p e b z
d w a t x t r x
d w a s x p x - k z p q g r
k q l e p e l e
t r k q o p q l e u
t z a n g c p e l r
a n g c t i k r
n z m n c l z b z n g
x l r b z l e
x l r k r l e
x l r b o l e
t q m z n r p e
m r b r l z m
m z n r y a g w e n g r l c
p w x p w z
t r t q w z p e u
n z w z t i - k r b z l e
x l r k r l e
t q b r l x - k z p e
y r w i t x p x l e n g
v z m q g r
t q r b l x t x p e
r b l x t x p e l e
t q r b l x t i l e
t z l v c - a t e n g
t q w a i p e x
t q n g r l r l z p e
n g r l r m i m l e
t q n g r l r p x p e m
k r k a ' - l e - b l r k u
k x b q n g
k x b q g r n g
n a a g l q b z l r
n a a g l q a m u
n z g l q o l r
n a a g l q p e k r
n z g l q l z m l r
s c g r
s c d e
k c n g p e
t q p r t r p e b z k r
p r o t x k r
t z p r t r - m o p w q
p r t r p z
p r c k r
n a y a - p w z - t i p e x
y a p x - z v z k r
t u t x l z m
n z a t u p x - n g r m
k x l r p r
n z a l v z t i n g
n z y r m q n g
a w i t x p e
n z p n a n g
t q w a i k i
w a i p n z ' l e
n z w a i n e - n g r b z l r
n z t u - z v z - k r d e
r m a l e
n z w z t i - k r b z l e
n a a m i n g r t i - n g r d r
n a a m i n g r - n g r g r
n z a n i t x p w z
n z a n i t x p w z n g
v o m l e
t q x p l r
y r l z t i l e
t q r p n a l z m
t q p n z ' l e
t q k a p u t r - n g r b z
t q a m z b l q p x m c
t r t e n g e
t q v z p e - k z x
d w a t x t r x
n z d w a t r - k r d e
d w a l z m g r
d w a t x t r x
d w a l z m g r
n z w z t i - k r b z l e
t z p n a t i b z l r
r m c t i - n g r g r l e
t w z q
t q t w z o p e
n a e s z ' m z n g
t r d o u
t r d o - k z u
p i b z l e
d r t w r d e
d r t w r n g e l e
d r t w r d r
r k a t r p q
t q y r m
n z y r m
t q r y r n g e
t q r y r - n g r n e
m e i t x t a t x p x
t q a m e i b z k r
t q m e i t i o
n z m e i t r p z
y a g o x t x
n z k r l z t r p z
t r n a k r l z p q l e u
t r k r l z t r p w z u
k r l z b z l e
n z k r l z t i
k r l z l z b z k r
t a g l c t x d e
t r t r k a - z l w z p w z u
l v c - a l z u p q
t q v z p e - k z x
n z o l z - k r m l e
t a p l x s r g r
n z y c m n e - k r m
t z y c m n e - n g r p e m l r
t z y c m n e t r p e - n g r d r
n a k q t x o m
n z k q o - k r m
r m c t i - n g r g r l e
n a r l z
n z n g r l r p x - k r m g r
n a n g r l r k i t r l r
t q n g r l r l z p e
t q m r l z - n g r d e
m r l z p e
x l r b z l e
t q r l x t i p e b z k r
n a r l x t r p z k r
t z r l x t i m l r
n a r l x t i t x - p w z k r
t q t a b c - z l i n e p e k r
t a b c - z v z k r
n a r l a s z p e l r
v o t r p z k r
t z r y z k r n g
n a r y z k r - n g r g r
e t u t x
t q v z p e x
t q v z p e - k z x
n a l i
n z k a l z m l r
n a k a b o
r k a t r p q
n z l x p l z t x
n z l z t r - n g r d e
n g r l r m i m l e
t z m a t q
x l r k r l e
t z y z l u p e - m o p w z n g
y a p x - z v z k r
y a n e - z v z k r
n a y a - p w z - t i p e x
t z r t a n g r p e
v o m l e
x l r m l e
t r - r m n q u
m n q t i p e l e
t q y r p u t i p x p e
t q y r p u p x
l x e n g e
n c b l o   k c
t z t u l r t r p e m
t z k u k i r p e l r
n z b o m - k r d e
n z w z t i - k r b z l e
n g r l r m i m l e
t q n g r l r p x p e m
t q v z p e x
t q v z p e - k z x
n a i p q p x n g r
o s o p x b z k r
r k a l z m
k x t o p w z t i n g
t q n g r l r l z p e
t q n g r l r p x p e m
t r n g i u
y r l q b z l e
y r l q t x - m o u x
n a a g l q b z l r
n a a g l q p e k r
m z t e
m z t r
t r k r c l u u
n z m n c l z b z
n z k a l z m l r
r k a t r p q
t r t q w z p e u
n a a g l q b z l r
n a a g l q p e k r
n z a t a k i
n o u d e
t w z q
t q y r n i t x p e
n z s i k a p u - k r d e
t r t e d e
t q v o t x - n g r p w z
e t u n e p x
e t u n e p x - z v z l e
k x e t u b z
t z t a v e l r
m r b r l z m
t z t a v e l r
t r m c w x u
l o l v z o a m u
t q p r k i l z m
t q a c l v e x
t q o p x p e - n g r d e
n a y a g o x n g
p i b z l e
s c d r
m c k r
n a n g q n a m u
n z n g q t i t x p w z
t q n g q p e l e n g
n a n g q t x k r
m r k c n g
y a p x - z v z k r
n a k q t x o m
n z k q o - k r m
t z r t w z t i n g
t w z q
t z r t w z - k z n g
n a r t w z o b z
r t w z t x - n r b a l q b o
t z t w z n e d r
o b q t r p z
o b q k i m c
n a r l x t i t x p o
t q t z l e
t u t x l z m
t q t u p x m
t q t u n e p w z
x l r k r
n a o k a t r p q l r
n a o k a t r - n g r d e
n z r l z - k r b z l e
n z l z t r - n g r d e
t q p r t r p e b z k r
p i b z l e
t z m a i l z l r
o t i b z l e
t q o t i - a t e m
t q o t i p e m l e
t q o t i t r p e m l e
t q o t i m l e
p i b z l e
n z l z t r - n g r d e
n z r l z - k r b z l e
t q n g y a p e
n z a b r t z k r
s e k a e n t x k r
y o l x o m a m u
n z o b q - k a p q k r
t r n a n i b q l e u
t z k r l z p e - a t e l r
n z m n c l z b z
t q m n c - n g r d e
t z k u k i r p e l r
k r l x l z p e l e
t q k r l x l z p e l e
d r t a ' d r
n z n u r d e
t z t a v e t r l r
n z m n c l z b z n g
n g r l a p l x p x k r
n a a g l q p e k r
r g l q k r
n z g l q o l r
t r n z k q l u - k r p e p w q g r u
n z k q l u t x
n a l i
m n r g r
m n r g r n g
n z k r k a ' p x - k r m l r
n a k r k a ' - z v z k u
m w x l r t x - z l w z k r
k x t o p w z n e
t q t o p w z b e - n g r n e
n z p e t i
t z p e o n g r
n a n e n g
t z y r n i n e t r p e b z n g
y r l z t i l e
o s z b z l e
t r t e d e
t r t e d r
t q r p n a l z m
t q p n z ' l e
n a y a g o x n g
n a y a - p w z - t i p e x
y a p x - z v z k r
y a n e - z v z k r
t z k r l z p e - a t e l r
n a y a - p w z - t i p e x
n z y a - z v z n g
y a n e - z v z k r
y a p x - z v z k r
n a p i p x - l z b q n g
t q o t i m l e
n z a w i t x m
a w i t x - n g r b z k r
t q a w i p e b z k r
a w i t x p e
t q r p n a l z m
t q a m a - a t e k r
t q a m a o p e
n z a b r t z k r
t q n g r l x o p e
k x n g r l x o b z l e
n g r l x t x o
n a - a d r v r - n g r b o
y r k r p x b z l e
y r k r t x o
t q y r k r p e n g r
o b q p x k r
n z o b q p x b z
n z w a i n e - n g r b z l r
p i p x - l z b q
n a p i p x - l z b q n g
t q d c - z l w z n g r
t q d c p x m
r l x n g i t i l e
p i b z l e
p i b z l e
t r t q k a p e p w q l e
n a m r l z
m r l z p e
t q m r l z x
n a - a m r l z t r - n g r b z l r
t q m r l z - n g r d e
y c - n r b a l q
n a y c t i p x m
n z y r l q
t q s i k l u b e - n g r n e
t z s i k l u p x - n g r m l r
n u t i t x k r
n z p n u t i t x
t q m n c - n g r d e
n z m n c l z b z n g
t q m e i p x
n z m n c l z b z n g
n z m n c l z b z
t q p i t i k r
t q r p i p e b o
t q p i p e b z k r
n z p i - k r m l r
r p i o l e
n z r p i - k r b o
t r p i p e ' u
p i t x m l e
t q p i p e m l e
t q r p i p e b z l e
r p i b o
t q r p i m l e
n z p i p x k r
r p i b z k r
r p i b z l e
r p i - r d e
n z r p i b z
p i p e b z
t q r p i l e
n g r l r m i m l e
t q n g r l r p x p e m
t q n g r l r l z p e
n z m n c l z b z n g
n z m n c l z b z
t q m n c - n g r d e
n e d e
n e n g e n g
n e m u n g
n e g u n g
n e g r
n e n g e
m z l e d e n g
m z l e d e
p i b z l e
t r r l r - n g r p l e u
n a r l r - n g r m e
t q r l r p e - n g r m l e
n z y o l x o m l r
n z b z - k r g r
m r t u p e
t q m r t u - n g r d e
v o k r
t r t z r p n a p e u
n z r p n a k i p x n g r
n z p n a t i l r
n z r p n a n e o p e - k r m l r
n z p n a t i - k r b z m u
n z p n a t i - k r g r
k x o d a
n a p i l v z t i
n z m n c l z b z n g
t q m n c - n g r d e
m w x l r t x - z l w z k r
t q a m z n r p e l e
y c - n r b a l q
n i b r g r
r d r n g
y a p x - z v z k r
n a y a - p w z - t i p e x
t q v e a p e b z
d w a - r b r l z - n g r m q g r
n g r l a p l x p x k r
y r p l a b r t q p e
t q y r p l a t r n g r
x l r k r
t q m a l e l e
t q m u k r
t z m u p e - n g r d r
t r o p i l v z u
n a p i l v z t i
n z v o u n e o p e m
l c d e p w z
t q t u n e p w z
t u t x l z m
n z a t u p x - n g r m
t q t u p x m
m a l e l e
t r n z y a g o x - k r g r u
t q a s u l e
t r k q o p q l e u
t z k r l z p e - a t e l r
n g r l r m i m l e
t q n g r l r l z p e
l a n g
n z r l z n g
k c m a n g
t q y r w i l x
p i b z l e
v o k r
x l r b z l e
t q y r k e l v z q
t q y r k e l v z x
m q n g r m
n a w r k x t r
n a n g i
n z m n c l z b z n g
t q m n c - n g r d e
t q m n c - n g r d e
t q p z l e
b l e t i p x - l x b l r n g
t r n z y a g o x - k r g r u
t q t u n e p w z
n z a t u p x - n g r m
t q p n z ' l e
t q r p n z ' p e b z
p n z ' b z l e
n z p n z ' p e m
p n z ' t x d e
t q r p n a l z m
t z t a v e t r l r
v o k r
t q k r l z - a t e b z k r
t z k r l z p e - a t e l r
t u t x l z m
t q t u n e p w z
t q t u p x m
n e g u n g
n e n g e n g
n e m u n g
t q v o b e
t q v o t x - n g r p w z
k x p l c
l x e g r
n z t e k q t r n g r
n z p n a
n a p i p x - l z b q n g
p r o t x k r
t q p r t r p e b z k r
n z p l z p x - k r m a m u
b z t i p e d e
t z l v a b e t r p e b z
t q a m z b l q t x p x p e m c
n z a m z b l q p x - k r m c
t q m z b l q p x m
t q v o b e
t q v o t x - n g r p w z
t z s i k l u t i
t q e t u n e p x p e
x l r k r
n a m a p u p e b z l e
n z a p r e s i n - n g r
t u t x l z m
n z a t u p x - n g r m
t z t a v e t r p e l r
m w a k r
p r t r p o
t r b o i u
e s z ' n e
e s z ' t i
e s z - k r d e
m r l x m
m r l x m q
t u t x l z m
t q t u p x m
t q t u n e p w z
t w z x
m e n g a b q
t q v o b e
t q v o t x - n g r p w z
v o k r
k r l c d e n g
k x n z y q n g
r l w x k r
n z w z t r n g
v z m
t q t w z p e b z l e
n z v z m q n g
v o k r
t z - z p q t r n g
m z k e '
t q w a i
t q v z m i t r p e b z l e
d r t w r g r
k q l u t x
t q v o b e
t q v o t x - n g r p w z
k x n z s i k l u
t z v z p e - k a i n g
t z v z p e - k a i n g
t z v z p e - k a i n g
t q y a p x p e b z
n z m c
