n z v z
n z v z
n z v z
n z v z
t u o m
t q v z p e m
t q v z p e m
n a v z n g
n a v z - k a i n g
n z v z - k r m
m c l x
v z t x
l v c - a l z u p q
t z v z p x p e b z n g
t z v z p x p e b z n g
t z v z p x p e b z n g
t q t r k a p e m
n z v z
t z m w i - n g r d r
o t i b z
t u l z m c
n g r d e
n z a t u p x - n g r m
m w i t x
m c t x m
t q p i m e
m c p o
v z t x
m c p x m
v z t x
m n c p e x
v z - z v z x
r g l q k r
k x l i
m w i t x
v z p e m
v z p e m
v z t r l e
v z t r l e
n z y r l q
n a v z b z
p i b z l e
n z m c p x
v z m i m q
t q v z b o
t q v z b o
t q v z b o
n z m c k r
t q v z p x p e
v z p x b z k r
t u t i p x - n g r m
t q v z p e
t z v z p e
t q r p i p e x
t q v z p e x
t u t i p x - n g r m
t u t i p x - n g r m
t q v z p e
t q v z p e b z
n z v z k i l r
m z t e
n z v z b z n g
v z k i m l e
t q m c p e x
n z v z b z n g
t z v z - n g r
v z p x b z k r
v z p x b z k r
t q t r k a p e m
r m c t i l e
n z v z k i l r
n z r p i m l r
t q y r n i t x p e
t u n e p w z
r m c t i l e
t u n e p w z
v z k i m l e
v z k i m l e
v z m i o l e
n z v z b z n g
n z v z k i l r
n z v z p x n g
n z v z p x n g
t q v z p e - k z x
n z m n c k r
k x t r k a
n z r m c t i l r
n z r p i b z l r
t q v z p e - k z x
t u t i p x - n g r m
t q v z p e - k z x
n z r m c t i l r
t q v z p e - k z x
t q b z p e
n z m c t r
n z v z - k r m
n e d r n g
t q v z p e x
t z m r g e n g
r g l q p x k r
n z a b z o k r
n z r m c t i l r
a b z o k r
n z v z p x b z n g
n z v z p x b z n g
t z v z o p e n g
t z v z o p e n g
r l w x k r
t q m c p e k r
n z v z - k r b o
t q a s u l e
n z v z - k r b o
t q v z p e m g r
n z v z - k r b o
t q v z p e m g r
r m c t i p e k r
n z v z - k r b o
d w a l z m g r
t q m c p e k r
t r t e g r
n z v z - k r b o
n z m c t x p w z
k r l z m l e
n a y a p w x t i b o
t q v z p e m g r
n z m c t r
t q m c p e k r
n z m n c p e n g
n z m c t x p w z
n z m n c p e n g
n z v z - k r n g e
k r l z m l e
t z v z o p e n g
t z v z o p e n g
t z v z k i n e d r
n a r l z
t q v z t r - m o p w z k r
t q o l v x t i p e l e
t q v z t r - m o p w z k r
t q o l v x t i p e l e
y r n i - e b i r p e n g
n z v z - k r n g e
n z v z k i o l r
t z v z p x p e b z n g
t q m w i p e k r
t r v z n e - k a k r
t z v z p x p e b z n g
l r d r
l x e d e
t q y r n i t x p e
n z v z k a i - k r g r
n a v z m i b z l e
n a v z m i b z l e
t z r k a l z p e m
t z m n c - n g r d r
n z v z - n g r m l r
t q v z t r - m o p w z k r
t q v z t r - m o p w z k r
t q v z t r - m o p w z k r
t q v z t r - m o p w z k r
k q l u t x
n z v z k a i - k r g r
t q v z p e k r
t z l v c - a t e n g
n z a b r t z l v z l r
n z w z - k r n g e
b z p e k r
n z v z - n g r m l r
n z v z - n g r m l r
n a v z m i b z l e
d z t u d r
t z m w x l r n g
n z v z n e p e l r
n z m c t r
r p i - m o u p q l e
t z m n c - n g r d r
t q v z - n g r g r
r p i - m o u p q l e
n z w z - k r n g e
t q v z - n g r g r
t q r g l q t i k r
n z m n c l z b z n g
n z o t i p e - k r m
n z v z n e p e l r
t q y r k r p e
n z v z n e p e l r
n z v z n e p e l r
t z m n c - n g r d r
t z m w x l r n g
n a y a p w x t i b o
n z r p i l z n g r
t q m c p e k r
t q r m c t i p e k r
n z v z - k z n g
n z l v c n g
y z l u m l e
t q m r l z p e
t q r m c t i p e k r
t r v z n e - k a k r
t r v z n e - k a k r
t r p e l e u
n z v z - k z n g
n z y c m n e - k r m
t z y c m n e t r p e - n g r d r
m w x l r - n g r g r
t q r m c t i p e k r
y r l q t x - m o u x
n z p r t z - k r b z k r
t q n e p e
n z k r k a ' - k r g r
m w i
t r v z n e - k a k r
t q r k a w i t i k r
m r b r p e
t z y c m n e t r p e - n g r d r
n z y c m n e k r b z
t q n g r l r p e k r
k c m a
k c m a n g
t r v z n e - k a k r
t q m n c - n g r d e
n z p n a k i p x l r
t z k u k i - n g r d r
t r v z n e - k a k r
n a p i t r - m o u p o
n a p i t r - m o u p o
x l r k r l e
n z m n c l z b z n g
t z r t w z - k z n g
n z p n a k i p x l r
r m c t i - n g r g r l e
n z v z - z v z b z n g
t z x l r o p e l r
n z y c m n e k r b z
n z v z - z v z b z n g
n z v z - z v z b z n g
n z v z - z v z b z n g
n z v z - z v z b z n g
n z v z - z v z b z n g
n z v z - z v z b z n g
t z m w i - n g r d r
t z k u k i - n g r d r
n z v z k a i - k r g r
b z t i p e d e
n z b z s z n g
n z v z - k z n g
n a p i t r - m o u p o
n a p i t r - m o u p o
n z v z k a i - k r g r
n a d r
