k r l x l z p e l e
n z a l v c - k r g r
n z a n g i o - k r g u
t q v z p e m
t q v z p e m
t q v z p e m
t q a m z b l q p x m c
t q v z p e m
t q v z p e m
t q v z p e m
n a m z n r p e
t q v z p e m
n a b z - n g r n
t q m c t i p e k r
t q m c p x b z k r
m n r g r
m n r g r n g
t r t q k a p e p w q l e
t q a m z n r p e l e
t q v z k i p x
t q v z n e
v z p x m
k q l e p e l e
k x e t u b z
t q p r t z
t z p e o n g r
t q p i t i k r
n z m e i t r p z
t z p r o p e n g
m w x l r t x - z l w z k r
t z m n c t x - a l o p e n g
n z o t r n g r
n z v z d z m q n g
o m i t x p x b z l e
n z p n a t i - k r b z m u
t q k q l e p e b z l e
n z k q o - k r m
n z w z - k r g r
n a y a - p w z - t i p e x
t q v z m i t r p e b z l e
n z r n i b q n g r
t q v z m i t r p e b z l e
m w x l r - n g r g r
n a m n c - k a p q n g r
t q v z m i t r p e b z l e
n z d w a t r - k r g r
t z k r l z p e - a t e l r
n a m n c - k a p q n g r
n z k r l z l r
p r t r p z
t q v z m i t r p e l e n g
t q v z - n q b l q n e n e
t q v z - n q b l q n e n e
n a a g l q b z l r
t z n g r l r k i o p e l r
t q v z m i t r p e l e n g
t q v z m i t r p e l e n g
n a r l r - n g r m e
t q v o t x - n g r p w z
t q v z m i t r p e l e n g
r m c t i - n g r g r l e
n a p i t x t r - m o p o
t q n g r l r p x p e m
t q n e p e x
t q d c p x m
t q t w z p e b z l e
n z p r t r - k r n g e
m n c t i o m g r
n a m n c - n g r g r
n a m n c n e - n g r g r
n a p i t x t r - m o p o
t z n g r l r k i o p e l r
t q n g r l x o p e
n z v z d z - k r g r
t q v o t i t r p e m l e
r p i - m o u p q l e
t q m z b l q p x m
r y a p w x - z v z k r
t r n z p i - k r p o ' u
n a p i t r - m o u p o
t q y r n i p e x
t z k u k i - n g r d r
t q y r k e l v z q
r p i - m o u p q l e
l c d e p w z
n a a g l q p e k r
n a k a t x b z l e
t r v z n e - k a k r
t r v z n e - k a k r
t z v z p e - k a i n g
t q m w i p e k r
n z v z p e n g
t r v z n e - k a k r
n z y a n e - k r d r
t z v z p e - k a i n g
n z v z p e n g
n z v z - z v z b z n g
t z v z p e - k a i n g
n z v z p e n g
n z v z p e n g
n z v z p e n g
t q m c p e k r
t q m n c - n g r d e
k r l z p e b z k r
t q r m c t i p e k r
n a k i l z b z l e
t q v z p e - k z x
t q v z p e x
n z v z p e n g
t q m c p e x
n g r l r m i m l e
n z v z - k r b z k r
n z v z p e - k r d r
a m i n g r p e k r
t q v z p e x
t z k u k i r p e l r
r k a l z m
n z k a l z m l r
n z v z p e n g
n z v z p e n g
n z v z p e n g
t q v z p e x
t q v z - n g r g r
n z v z p e n g
n z v z p e n g
t q w z t i p e l e
n z v z p e n g
t q m r l z x
n z v z p x n g
n z v z p e n g
n z p r p x n g r
n z v z p x n g
r m c t i p e k r
n z v z - n g r m l r
t q a s u p e
t q y a p x p e b z
n z v z p e n g
t q r m c t i p e k r
n a m n c t x p o
n a m c k r
y a p x - z v z k r
t q m c p e x
d w a l z m g r
n z v z p x n g
t z v z k i n e d r
n z p i l z l r
m z l i   k c
v z t r n g r
t u t x l z m
n z v z k i o l r
v z t r n g r
v z t r n g r
n z v z k i o l r
n z v z k i o l r
t q v z p e m g r
t q v z p e m g r
t q p i p e b z l e
n a v z m i b z l e
n a v z m i b z l e
t u n e p w z
n z v z p x n g
n z g l q o l r
n z v z p x n g
t q p i p e b z l e
n z o l z - k r m l e
t q m c p e x
d w a l z m g r
t u n e p w z
r p i o b z l e
n z a y o n g r
t r t e d r
n z p n z '
t q p i p e b z l e
t q v z p e b z k r
t z v z n e p e n g
n z v z - k r b z k r
t q v z p e - k z x
t q v z p e x
t z v z n e p e n g
n z v z k i o l r
t q v z p e x
t q v z p e - k z x
t q m c p e l e
n z v z p x n g
t z v z o p e n g
r l x n g i t i l e
t z v z n e p e n g
t q r p i p e x
t q v z p e - k z x
t q m c p e x
t q v z p e - k z x
n a d w a p e k r
n a y a g o x n g
t q b z p e
t z v z o p e n g
t q m c p e x
t q v z p e x
t q v z p e - k z x
n z m n c p e n g
r p i o b z l e
t q v z p e - k z x
t q v z p e x
t q m c p e x
t q o t i m l e
t q v z p e m g r
y a p x - z v z k r
t q m c p e x
r p i o b z l e
t q v z p e - k z x
t q v z p e x
n z v z p x n g
r p i o b z l e
n z v z p x n g
v z p x b z k r
n z v z p x n g
n z v z p x n g
n z v z p x n g
n z v z p x n g
t q v z p e x
r m c t i p e k r
v z p x b z k r
m z k e '
x l r b z k r
k x l r p r
k q l u t x
n a v z m i b z l e
n z l v c n g
n z v z p x b z n g
y r k r t x o
n z v z k i l r
d w a t r k r
t z v z - n g r
d w a t r k r
n z v z k i l r
t r k r l z w x u
n z v z k i l r
r k a l z m
n z m n c l z b z
n z v z k i l r
n z v z k i l r
v z t r n g r
n z v z k i l r
n z v z k i l r
n z v z p e - k r d r
n z v z k i l r
n z v z p e n g
n z v z k i l r
n z v z - k r n g e
t z v z - n g r
d w a t r k r
