t u o m
n a m n c t x p o
m c p o
n a m n c t x p o
t q a s u p e
t q r p i p e x
n a l i n g
r p i l e
t q a s u l e
r m c t i l e
r m c t i l e
t q v z - n q b l q n e n e
t q v z - n q b l q n e n e
m c t x m
m n c t i k r
t q m w i t x p e
t r d o u
m c t x m
t q v z - n q b l q n e n e
t q p i b z k r
t q p i b z k r
n z r p i - a n i - k r m l e
t r k r l z w x u
t q p i b z k r
t q v z t r - m o p w z k r
t q p i b z
t q p i b z k r
t r k r l z w x u
m c t r k r
n z r p i - a n i - k r m l e
t q m c p e x
n z r p i m l r
t z r m c t i p e l r
t q p i m e
t q m w i - n g r g r
t q p i p e m
t q p i p e m
t q n g r l r l z p e
t q m w i - n g r g r
n a m n c - k a p q n g r
t r v z n e - k a k r
m n c p e x
t u t i p x - n g r m
m c l z k r
t q v z m i t r p e l e n g
n a m w i
t r v z n e - k a k r
t q m c p e k r
n a m n c - k a p q n g r
t q p i m e
m n c p e x
n z r p i b z l r
t q p i m e
t q m c p e x
n z w z k r
t q w a i
t q v z m i t r p e l e n g
n a m n c - k a p q n g r
m c p x m
m c l x
n z w z k r
t q v z b o
t z r t w z - k z n g
v z t x
v z t x
t q v z m i t r p e b z l e
v z m i o l e
n z m n c l z b z n g
v z t x
t q v z b o
m n c l z - n g r m
t q v z m i t r p e b z l e
t q v z m i t r p e b z l e
v z t x
v z x
v z t x
v z m i o l e
v z m i o l e
v z x
t q p i p e b z l e
v z t r l e
v z t r l e
v z x
t u t i p x - n g r m
t q v z p x p e
v z m i m q
n z m n c l z b z
t z v z p e - k a i n g
v z t r n g r
n z m n c l z b z n g
t z v z p e - k a i n g
t z v z p e - k a i n g
t z v z p e - k a i n g
v z t r n g r
v z t r l e
t q t u l z
n z m n c l z b z
n a v z m i b z l e
v z k i m l e
t u t i p x - n g r m
t q v z p x p e
t z v z p e - k a i n g
t z v z p e - k a i n g
n a v z m i b z l e
t u t i p x - n g r m
n z m n c p e n g
n z w z t r n g
t z v z n e p e n g
n z m n c p e n g
t q m c p e k r
n z v z k i l r
t q p i p e b z l e
v e x
t q r m c t i p e k r
t z v z n e p e n g
n z w z t r n g
t q v z - n g r g r
n a v z m i b z l e
t z v z n e p e n g
t z v z o p e n g
t z v z o p e n g
n z v z p x n g
t q v z - n g r g r
t z v z o p e n g
t z v z o p e n g
t z v z n e p e n g
t z v z p e - k a i n g
t z v z p e n g
n z v z p e - k r d r
n z v z k i o l r
t z v z o p e n g
t z v z n e p e n g
t z v z n e p e n g
v z p e m
t z v z o p e n g
n z v z k i l r
t z v z o p e n g
n z v z - n g r m l r
n z v z p e - k r d r
n z v z p e - k r d r
n z v z - n g r m l r
n z v z p x n g
t q v z - n g r g r
t q v z p e x
n z v z p e - k r d r
n z v z p x n g
t z v z o p e n g
n z v z - n g r m l r
n z v z k i o l r
v z p e m
t q v z - n g r g r
n z v z - n g r m l r
v z p e m
n z v z - n g r m l r
n z v z k i o l r
n z v z - k r m
t z v z o p e n g
t z v z o p e n g
n z v z k i o l r
n z v z - n g r m l r
v z p e m
v z - z v z x
n z v z - n g r m l r
n z v z - k z n g
t q v z - n g r g r
n z v z k i o l r
t q v z - n g r g r
n z v z - n g r m l r
n z v z - k r b o
n z v z k i o l r
t q v z - n g r g r
n z v z k i o l r
t q n g r l r p e k r
n z v z - k z n g
n z v z - n g r m l r
n z v z k i o l r
y c m n e p e
n z v z k i o l r
n z v z - k z n g
t q v z - n g r g r
n z v z - n g r m l r
t q v z - n g r g r
n z v z - n g r m l r
t z v z o p e n g
n z v z - n g r m l r
t q v z - n g r g r
t z v o p e
n z v z - k z n g
n z y c m n e
n z v z - n g r m l r
t z v z o p e n g
t q v z p e m g r
t q v z p e m
n z v z k i o l r
n z m c t x p w z
t q v z - n g r g r
n z v z - n g r m l r
t q v z p e m g r
t q v z - n g r g r
t q v z p e m
n z v z - k r m
n z v z n e p e l r
n z m c t x p w z
t q v z p e m
n z v z n e p e l r
t q v z p e - k z x
t q v z p e m g r
n z v z - k r m
t z v z - n g r
n z v z n e p e l r
t q v z p e m g r
t q v z p e b z
n z v z n e p e l r
n z v z n e p e l r
t z v z - n g r
n z v z
t q v z p e b z
t q v z p e m g r
t q v z p e b z
t q v z p e b z
n z v z - k r m
n z v z n e p e l r
n z v z - k r n g e
n z m n c p e n g
n z v z
t z v z - n g r
n z v z
n z v z
n z v z n e p e l r
t q v z p e m g r
n z v z
n z v z
t z v z p x p e b z n g
n z v z p x b z n g
n z v z n e p e l r
n z v z
t z v z - n g r
t q m w x l r p e k r
t q m r l z - n g r d e
n z v z n e p e l r
n z v z
n z m c t x p w z
n z v z
t q v z p e m g r
n z v z - k r n g e
n z m c t x p w z
v z - z v z x
t z v z p e
t q v z p e m g r
n z v z p x b z n g
