t q o t i m l e
t u n e p w z
t q r p n a - n g r m
r p i - m o u p q l e
r p i - m o u p q l e
r m c t i - n g r g r l e
r p i - m o u p q l e
t q a s u p e b z
p e t r l e
n z p n z ' b z l r
n z t q n g
t q m n c t r p
m n c n e - m o u - n g r g r
d a p u d e
t q v z m i t r p e b z l e
t z y c m n e t r p e - n g r d r
t q d w a p l r k r n g
k r n e d r
k r l z p e a m u
n y z d e
r v z m i m
n z a v z - k r m l e
n z v z k i
n a v z m
v z m i t r p e l e
t q v z d z p e k r
n z v z o - n g r m
n a v z b z n g
n a v z - m i p e x
n z v z - n q b l q - k r n g e
t z v z b e n g
n z k q b l q p x - k r m c
t q v o t x - n g r p w z
n c b l o n g r
t q v z m i t r p e b z l e
n z r t w z - k r m l r
t w z k i p x l e l e
n a r t w z m
t z r p i p e l r
t q v z m i t r p e b z l e
t q v z m i t r p e b z l e
t q v z m i t r p e b z l e
t q v z m i t r p e b z l e
t q v z m i t r p e b z l e
t q v z m i t r p e b z l e
t q v z m i t r p e b z l e
r p i b z
t q r p i - a w a p e b z l e
t q v z m i t r p e b z l e
t q v z p e x
n z r p i l z n g r
t z a m r b r t r l r
t q v z m i t r p e b z l e
t q v z m i t r p e b z l e
n z a t u p x - n g r m
n z k a p x m l r
n z k a o b z l r l e
t q o b q l z p e x
t z p r e s i n q n g
k r n e d r
b z p n z ' x
b z t x p n z '
m c l e
n a - a b z b z l r
k x t o p w z n e
t q v o t i t r p e m l e
n z r m n q t x n g
k x n z e t u
t q m c p e k r
n z m e i t r p z
n a l x n g i t i k u
n y z d r
m c - k z a m u
n z o b q b z n g
n z r l x t i - k r b z
n z a t u p x - n g r m
t z s i k l u n g
m a l e t r p e x
p z t i t x k r
n z m n c - k r g r
x l r m l e
v z b z k r
r n g i - b a t r p q
v o t r p z k r
d r t q g r
n z o l i q k r
n z a l v z t r p l r
x l r m l e
n z a b z - k r b z k r
n a r l x t i b o
n z g l q o l r
x l r m l e
n g r l r m i m l e
y c m
r k a l z m
t q a y r n i p e
t q v z p e - k z x
t r t q k a p e p w q l e
t u t i p x - n g r m
n z m i n g r - k r g r
n g r l r m i m l e
n a a g l q b z l r
t r d o - k z u
n a p i b z k u
t q v z p e x
m a l e l e
n a m n c n e - n g r g r
t q m c p e b z k r
n a a g l q p e k r
n a m n c n e - n g r g r
t q m c p e k r
y r m q
k q l u t x p e
n z o b q - k a p q k r
t q t o p w z b e - n g r n e
p r o t x k r
n a p i p x - l z b q n g
n a p i p x - l z b q n g
r g l q k r
n g r l r m i m l e
y r n i - e b i r p e n g
n a p i b z k u
p l a m e i t x d e
n z o l v x t i - k r d e
d w a t x t r x
y a p x - z v z k r
r l x n g i t i l e
x l r k r
n a k a b o
n z t e l v z l r
t r n z p i - k r p l e u
v o t r p z k r
x l r k r l e
n a p i b z k u
t q y r n i p e x
t q y r k r t r - a t e m
t r n z p i - k r p o ' u
t r n z p i - k r p l e u
t q m n c
t q v z p e
d w a t x t r x
t q v z p e
d w a t x t r x
t q m n c
t z p n z - l z b q n g r
n a m n c n e - n g r g r
n z a y o n g r
n a k a t x b z l e
n z r t w z - k r d r
k x t r k a
y r k r p x b z l e
t u t i p x - n g r m
t r t e g r
n a p i b z k u
m c l x n g
t r n z p i - k r p o ' u
t r n z p i - k r p l e u
t z m n c t x - a l o p e n g
t q p n z ' b q p e l e
t z m n c t x - a l o p e n g
y r w i t x - k z l e
n a p i t x t r - m o p o
d w a t x t r x
t z n g r l r k i o p e l r
t q p n z ' l e
t r n z p i - k r p o ' u
n a p i t x t r - m o p o
m c l x n g
t q v z p e m
p n z ' - m o u l e
t r n z p i - k r p o ' u
t z n g r l r k i o p e l r
k r l z m g r
t q m n c
t z n g r l r k i o p e l r
t z n g r l r k i o p e l r
n z v z p e n g
n z v z p e n g
t q m c p e x
t q k r l z - a t e b z k r
n z o t i - k r m l e
n z r p i - a n i - k r m l e
n a v z m i b z l e
n a v z m i b z l e
t q v z p e m
t z n g r l r k i o p e l r
r y a p w x - z v z k r
t q k r l z - a t e b z k r
n a p i b z k u
t q v o t x - n g r p w z
t z p n z - l z b q n g r
n a v z m i b z l e
t u t x l z m
t q v z p e b z
t q m n c - n g r d e
t z k r l z p e - a t e l r
n z r p i - a n i - k r m l e
t r n z p i - k r p o ' u
m c l x n g
t q v z p e m g r
t q r k a l z p e - n g r m q g r
n z k r l z m l r
t q v z p e b z
n z r p i - a n i - k r m l e
t q v z p x p e
a p u l e
n z r p i - a n i - k r m l e
n a p i b z k u
n z r p i - a n i - k r m l e
m n c - e p e l z l e
x l r k r l e
t z m n c t x - a l o p e n g
n z v z p x n g
n a v z m i b z l e
a m i n g r p e k r
m c l x n g
t u n e p w z
t q m w i t x p e
t z k r l z p e - a t e l r
t u n e p w z
k r l z m l e
n a v z m i b z l e
n a v z m i b z l e
t r n z p i - k r p o ' u
n a p i b z k u
t q v z - n g r g r
n a v z m i b z l e
t r n z p i - k r p o ' u
n z k a l z m l r
t r n z p i - k r p o ' u
y a p x - z v z k r
t q v z - n g r g r
t q p i p e m
n z a t u p x - n g r m
n a k a t x b z l e
t q p i p e b z l e
n z k r l z m l r
n z r p i l z - k r d r
k x p i p z
n a v z m i b z l e
n z v z p x n g
n a v z n g
n a p i t x t r - m o p o
n z v z - k z n g
t r n z p i - k r p o ' u
t r n z p i - k r p o ' u
t q m n c - n g r d e
n a m n c - k a p q n g r
t q v o t i t r p e m l e
n a v z m i b z l e
