n a v z n g
t q v z b o
n a v z b z
t q m c p e x
n z m c t r
t q v z b o
n a v z b z
n a v z n g
a b r t z l v z k r
v z t r l e
n a v z m i b z l e
n a v z n g
t q p n z ' p e l e
t q p i b z k r
n a v z m i b z l e
t q v z b o
t z n g r l r k i o p e l r
n a v z b z
n z r p i l r
o t i l e
n a v z m i b z l e
n a v z b z
n z r p i b z
t q v z - n g r g r
n z m c p x
n z m c p x
t q m c p e x
n a v z n g
n z v z - n g r m l r
n z r p i b z
n z v z p e - k r d r
n a v z n g
n z v z - n g r m l r
t q v z - n g r g r
n z v z p e - k r d r
k r l z m g r
t q p n z ' b q p e l e
t z v z p x p e b z n g
t z v z p x p e b z n g
t q v z b o
n a v z m i b z l e
n a n g r l r t r k i
n a v z m i b z l e
t q v z - n g r g r
t q p i b z
n z m c p x
t q y r n i p e x
n a v z m i b z l e
t q r m c t i p e k r
t q v z - n g r g r
n a v z m i b z l e
t z v z p x p e b z n g
n a v z m i b z l e
n z v z n e p e l r
t z r m c t i p e l r
t q m c p e
v z p e m
t q m c p e l e
n z v z p e - k r d r
v z p e m
n z v z p e - k r d r
n z v z p e - k r d r
w z t r p o
t q v z b o
v z p e m
n z m c p x
v z t r n g r
v z p e m
t z v z p x p e b z n g
n z v z p e - k r d r
v z p e m
v z t r n g r
n z v z n e p e l r
v z t r n g r
n a v z n g
t q p i b z
v z p e m
t z v z p x p e b z n g
t z v z o p e n g
n z a l v z t r n g
n z v z n e p e l r
v z p e m
t q v z p e m g r
n z v z k i l r
n z v z p e - k r d r
v z p e m
n z v z p e - k r d r
v z t r n g r
m c l x
t q v z - n g r g r
n z v z p e - k r d r
t q v z - n g r g r
t z v z o p e n g
t z v z o p e n g
v z - z v z x
v z t r n g r
t z v z o p e n g
n z v z n e p e l r
v z - z v z x
n z v z - k r b o
t z v z o p e n g
t q m c p e l e
n z a l v z t r l r
n z v z n e p e l r
t z v z o p e n g
v z p e m
v z p e m
n z v z - k r b o
n z v z - k r m
t q v z p e m g r
v z t r l e
t q v z p x p e
n z v z - k r b o
v z t r n g r
t q w z t i p e l e
t z v z o p e n g
t z k r l z p e
n z v z n e p e l r
t q v z p e m g r
t q m c p e k r
t q m c p e l e
n z r p i m
m c l x
t q v z p x p e
n z v z n e p e l r
t q r m c t i p e k r
n z a b r t z n g r
t q p i b z
n z v z - k r m
t q p i b z
v z t r n g r
v z t r l e
n z v z p x b z n g
t q v z p x p e
t q v z p x p e
n z v z - k r m
n z v z p x b z n g
a t u l z n g r
n z a b r t z n g r
t z v z n e p e n g
n z v z - k r m
v z - z v z x
n z v z - k r n g e
v z - z v z x
n z v z - k r m
t q w z t i p e l e
n z v z - k r m
t q v z p x p e
t q p i b z
n z v z - k r m
n z v z p x b z n g
t z v z - n g r
n z v z - k r m
t q y a p w x t i p e m l e
n z v z - k r m
t q p i b z
t z v z - n g r
t q v z p e x
d w a t r k r
t z r m c t i p e l r
v z - z v z x
t q a s u p e
t z v z n e p e n g
t z v z n e p e n g
n a v z m i b z l e
n z w z - k r n g e
v z - z v z x
n z v z - k z n g
t z v z - n g r
t q r p i - n g r n
n z v z - k r n g e
n z v z p x b z n g
n z v z - k r n g e
t z v z - n g r
t z r m c t i p e l r
n z v z p x n g
n z v z p x n g
n z v z - k z n g
n z v z - k r n g e
t z v z - n g r
t z v z - n g r
n z l v c p e n g
v z t r l e
n z v z p x b z n g
t z v z - n g r
t q v z p e b z
n a n g r l r t r k i
n z v z p x n g
n z v z p x n g
t z v z - n g r
t q v z p e b z
n z v z p x n g
t q v z p e b z
t z n g r l a p l x
t q p i p e m
n z v z p x n g
n z v z - k z n g
n z v z p x n g
t z v z p e
n z v z - k z n g
t q v z p e b z
n z v z p x n g
t q t w z p e
d w a l z m g r
n z m c k r
t q v z p e b z
n z v z p x b z n g
t q m n c - l x b l r p e k r
t z v z p e
n z v z b z n g
n z v z - k r b z k r
t q p i p e m
t z v z p e
n a y r k r t x
n z m c p x
t z v z p e
t z v z p e
n z v z b z n g
n z v z - k r b z k r
t z v z p e
n z k u k i n g
n z v z - k r b z k r
t z v z p e
n z m c k r
n z y a p w x - k r d r
n z v z b z n g
n z y c m n e k r b z
n z v z p e n g
n z v z p e n g
n z v z p e n g
t q v z p e m
n z v z p e n g
t q m c p e k r
t q v z p e m
t q v z p e m
t z v z p e
n z v z b z n g
t q m c p e x
n z a b r t z - z v z n g r
v z t r l e
t q r p i - n g r n
n z v z p e n g
n z v z b z n g
n z m c k r
n z m c t x p w z
n z m c k r
t q v z p e m
t q v z p e
n z v z - k r b z k r
n z v z p e n g
n z m c k r
n z w z t r n g
t q p i p e m
n a p i b z k u
n z v z - z v z b z n g
t u n e p w z
t q v z p e
t q v z p e m
n z v z - k r b z k r
v z b z
n z m n c - k r d r
t q m z n r p e
t q v z p e m
t q v z p e m
n z m c k r
n z t u n g r
t q v z p e m
v z t r l e
n z v z - k r b z k r
t q v z p e
n z v z - k r b z k r
t q v z p e m
m n c - k a p q - n g r g r
n z v z - z v z b z n g
t q v z p e
k x b q g r n g
t z r m c t i p e l r
n z v z - k r b z k r
t q p i p e m
t q v z p e
t q v z p e
n z v z - z v z b z n g
n z m c t r
n z r m c t i l r
t q v e a p e
n z t u n g r
t q p i p e b z l e
t q v z p e m
t u p x m
n z r l a l z - k r g r
n z y c m n e - k r d e
t q m n c - l x b l r p e k r
n z v z - z v z b z n g
n z v z - k r d r
t z l v c m l r
n z v z
n z v z - z v z b z n g
t q v z p e - k z x
n z v z
n z v z
n z m u - k r g r
m c l x
t q p i b o
n z l v c k r
n z v z
t q v z p e x
t u p x m
n z v z
n z v z
t u l z m c
n z v z
n a m n c n e - n g r g r
t z r t w z t i p e - k z n g
n z v z
n z v z
n z v z
t q v z p e k r
k c m a n g
t q p i p e b z l e
n a e s z ' m z n g
o l i q l z k r
n z v z - z v z b z n g
t q o t i p e b z l e
n z p n a k i p x l r
n z a r l a p x - k r d e
n z m n c k r
n z y r l q b z
t q d c
n z w z k r
t q p i p e b z l e
t q v z p e - k z x
t q v z p e x
t q v z p e - k z x
n z r b o m k r
n z m z n r - k r d r
n a v z - k a i k r
t q v z p e x
t q m n c
t r m c l e u
n z l v c n g
t q p i p e b z l e
n z o t i p e - k r m
m n c - e p e l z l e
t q m n c
d w a - r b r l z - n g r m q g r
n z v z m q n g
t q m n c
t w z t r k r
d w a l z m g r
t q m c p e l e
d w a t r k r
v o m l e
n z m w a n g r
n z p i l z l r
t z t a v e l r
n z o t i p e - k r m
n z w z k r
t q v z p e x
t q p n z ' l e
t q r p n a l z m
t u p x m
m c p o
n z m n c p e n g
n z n g i k r
t z r l x t i m l r
n a r l x t i t x - p w z k r
n a r l x t r p z k r
t q r p w x m z
n z t u - z v z - k r d e
n z x l r m l r
n z w z t r n g
t q b z p e
n a r l z
t q y a p x p e k r
n z k r l z m l r
t z y z l u p e - m o p w z n g
t z r t a n g r p e
n z y a g o x - k r d e
n z n g i - k r d r
n z m n c l z b z n g
m n c l z - n g r m
r k a l z m g r
t u p x m
n z r p l a m e i t i - k r d e
n a - a d r v r - n g r b o
t q o l v x t i p e l e
m c p o
t r t e d e
r m c t i - n g r g r l e
n a l i
b z p e k r
n z y a p w x - k r d r
n a n g r l r t r k i
t z m a i l z l r
n a a g l q p e k r
n z g l q o l r
t q m r b r
n z r l e t i n g r
t q p i p e b z l e
n z m n c p e n g
n a m c l e
t q m c - a t e k r
n a m c t r
t z m c t x p w z
n z m c p e - k z p z
n z y c m n e - k r d e
n z y r l q
n z r p i l z - k r d r
t q r t w a y z b z
n a y a p w x t i b o
t q v z p e - k z x
m c p z k r
n z p n z '
n z a m z b l q p x - k r m c
n z v z - k r b z
n z p w x n g
t q r p i p e x
n z a l v z t r n g r
m r l z p e
n z n g q t i t x p w z
n a n g q n a m u
n i b r g r
d w a - r b r l z - n g r m q g r
y r w i t x p x l e n g
y r k r b z k r
n z r p n a n e o p e - k r m l r
n z p n a t i l r
n z p n a t i - k r g r
t r t z r p n a p e u
t q m n c - n g r d e
t q k a p u t r - n g r b z
n z y a l z - k r g r
m q n g r m
m c t r k r
l o l v z o a m u
v z m
t r t e d e
t z a m c t i - n g r d e
t q y r n i t x p e
n a a m i n g r t i - n g r d r
n g r l r m i m l e
t q m e i p x
m z l i   k c
t q m n c - n g r d e
t q r g l q t i k r
n z y r m q n g
t q n g r l r l z p e
t q m r l z - n g r d e
m r l z p e
n z b o m - k r d e
t r l r p r k r u
d w a s x p x - k z p q g r
n a n g r l r k i t r l r
o b q b z k r
k x n g r l x o b z l e
t q r k a l z p e m g r
n a r l z
n g r l r m i m l e
n z r l z - k r g r
t q n g r l r p e k r
m c p o
n z t u n g r
n z r l z n g
t r n a k r l z p q l e u
n z k r l z t r p z
k r l z l z b z k r
n z k r l z t i
k r l z b z l e
n a a g l q b z l r
m r k c n g
v o m l e
n g r l a p l x p x k r
y r p l a b r t q p e
t q o t i - a t e m
o t i b z l e
m c p o
t w z t x p o
t r n z m n c p e u
t q m n c t x p w z k r
m n c t x d e
t q m n c - k a p q n g r
n z a t u p x - n g r m
m z l i   k c
k c m a
n a p i l v z t i
r m c t i - n g r g r l e
n z y c m n e - k r b o
t q d c - z l w z n g r
n a o k a t r p q l r
t q v z p e - k z x
y a g o x t x
t q e t u n e p x p e
n z t a o k r
p w x p w z
t z a y o t i
t q a o k z
n z r l z - k r b z l e
n z g l q o l r
n z d w a t r - k r d e
d w a l z m g r
d w a t x t r x
x l r b z l e
x l r k r l e
d w a s x p x - k z p q g r
n z a p r e s i n - n g r
t q y r k r p x k r
t q b r l x - k z p e
n a y a g o x n g
t z l v c l z p e - n g r d r
e t u t x
n a y a - p w z - t i p e x
y a p x - z v z k r
k x m r n a
n z a b r t z k r
n a y c t i p x m
y r l q t x - m o u x
n z r k a t x - k r d r
e s z ' t i
n z t u - z v z - k r d e
y r k r p x b z l e
m c p o
t q v z p e - k z x
t q y r p u p x
t q y r p u t i p x p e
n z p i l z l r
r b l x t x p e l e
t q r b l x t x p e
t q m a l e l e
t q r p n a - n g r m
n a y a p w x t i b o
n e n g e n g
m z k e '
t u t x l z m
t q t u n e p w z
n a y a p w x t i b o
t z y a p w x t i p e b z l r
y c t r p e n g r
y c t x b z
t z p r p x p e n g
r m c t i - n g r g r l e
e t u n e p x
n z r l z - k r b z l e
t z l z t i t r
t z l z t r
n z l z
b z t i p e d e
t q v o t x - n g r p w z
n a a g l q p e k r
v o t r p z k r
n z d w a t r - k r g r
t q k r l x l z p e l e
t q t u n e p w z
t q t u p x m
t q p r t r p e b z k r
y r l q t x - m o u x
t q m n c - n g r g r
n z a b r t z k r
n z r k a l z m q n g q
n z p n z ' p e m
t q r p n a l z m
t q m w i t x p e
n a r l x t i t x p o
t q t u p x m
t u t x l z m
t q t u n e p w z
m r b r l z m
n z k a l z m l r
v o m l e
t r t q w z p e u
x l r k r
t q a c l v e b o
t q t u n e p w z
n z a t u p x - n g r m
p r o t x k r
t z p r t r - m o p w q
t q m w i t x p e
m w i t x k r
m e n g a b q
t a p l x s r g r
t z y c m n e - n g r p e m l r
y r l z t i l e
w a i p n z ' l e
m r l x m
r m c t i - n g r g r l e
n z r p w a ' - n g r b z l r
n z y c m n e - k r m
t z y c m n e t r p e - n g r d r
y a p x - z v z k r
n z l v c n e - k r d r
t z l v c l z p e - n g r d r
t z l v c - a t e n g
n z l v c n e n g
x l r k r
l v c - a l z u p q
n u t i t x k r
t q v z p e - k z x
k x n z t o p w z
k x t o p w z n e
t q x p l r
o b q p x k r
p r o t x k r
t q p r t r p e b z k r
t u p x m
y c - n r b a l q
n z t a v e t r l r
n a p i p x - l z b q n g
t z r y z k r n g
t q y a p w x t i p e m l e
a b r t z t x - n g r d e
n z a l v z t i n g
t r - r m n q u
m n q t i p e l e
t q m n c - n g r d e
n z m n c l z b z n g
p i b z l e
m z l e d e
m z l e d e n g
t q r l r p e - n g r m l e
n z k a l z m l r
n z r k a l z m q n g q
t q r y r n g e
n z y r m
t w z q
n z m n c l z b z
n z m n c l z b z n g
d r t q d r
t z y c m n e t r p e - n g r d r
y c m n e p e
n z m n c l z b z n g
n z k q l u t x
n z l x n g i t i - k r d e
p i b z l e
x l r k r l e
t z r t w z - k z n g
r t w z t x - n r b a l q b o
t r k q o p q l e u
m z l w e n g
m z l w e d e n g
a e l w a p x
n z m n c p w z n g
n o u d e
r k a t x m
k a o m a m u
n a k a b o
n a k a b z k r
n z r k a b z
n a k a m l e
p i b z l e
n z a n i t x p w z n g
n z o - k r m
n a b z d r
t q a s u p e b z
y c m n e p e
n z i k l a p w z
t w z q
t z t a v e t r l r
t r b o i u
k r l z m l e
t r n g i u
n z y c m n e - k r b o
n z a b r t z k r
n c b l o   k c
t q v z p e x
t q m r t u - n g r d e
n z o l z - k r m l e
p i b z l e
t q a s u l e
a w i t x p e
t z t a v e t r p e l r
k x o d a
n z p r t r - k r n g e
m z t e
m z t r
n z m n e t i
l x e d e
n z r k a t x n g r
n a y a p w x t i b o
t q r p n a - n g r m
r p i b z l e
t q r p i m l e
t r p i p e ' u
t q r p i l e
n z r p i - k r b o
t q r p i p e b o
n z p i p x k r
n z r p i b z
d r l z d r n g
n z t u - z v z - k r d e
t q v o b e
t q o p x p e - n g r d e
t q m e i t i o
n z v z k i o p e - k z l r
t q v z o p e k r
n z v z - k r m g r
t q v z n e - z v z k r
t q v z - n g r n e
n z v z n e - k r g r
t q r v z m i p w q
v z b o
t q v z k i l e
t q v z k i p x k r
n a v z
n a v z - k a i p o
t z v z k i p x l r
v z t x p e - n g r d e
t r v z u
t q v z o p e k i
n a v z b z k r
t r - r m n q u
n z p n a
n z v o u n e o p e m
t q t u n e p w z
t q t u p x m
t u t x l z m
t r o p i l v z u
v o k r
n z a w i t x m
a w i t x - n g r b z k r
m z n r y a g w e n g r l c
k r l c d e n g
t q v z p e x
p r t r p o
t q m c p e l e
t z r m c t i p e l r
n z v z - k r b z k r
t z r m c t i p e l r
t z v z p e - k a i n g
t z r m c t i p e l r
t z r m c t i p e l r
t z v z p e - k a i n g
t z v z p e - k a i n g
t z v z p e - k a i n g
t z v z p e n g
l v c - a l z u p q
t z v z p e - k a i n g
t q v o t x - n g r p w z
n z m c t x p w z
a l v z t r l e
n z v z k i o l r
t z v z p e - k a i n g
t u n e p w z
n z v z k i l r
n z v z k i l r
n z v z b z n g
t q v z p x p e
v z t r n g r
v z t r n g r
v z - z v z x
v z t x
v z t x
