m w i t x
y z l u m l e
k x t o p w z
m w i t x
m c t x m
n a p i t x t r - m o p o
n a o b q - k a p q p x
m c t x m
t r s u k a
n a p i t x t r - m o p o
r p i - m o u p q l e
m c t x m
n a p i t x t r - m o p o
t u t i p x - n g r m
m c t x m
n a p i t x t r - m o p o
m c l x n g
m c t x m
m w i t x
m c l x n g
t u t i p x - n g r m
t r n z p i - k r p o ' u
t r n z p i - k r p o ' u
t r n z p i - k r p o ' u
r m c t i l e
n z r p i - a n i - k r m l e
m c l x
m c l x n g
t r n z p i - k r p o ' u
t r n z p i - k r p o ' u
m c l x n g
m c p x m
m n c l z - n g r m
m c p x m
m n c - e p e l z l e
m c l z k r
n a p i t r - m o u p o
v z k i m l e
m c p x m
v z k i m l e
n z r p i - a n i - k r m l e
a t u l z n g r
m c l x
m c l z k r
r p i o b z l e
v z k i m l e
n z r m c t i l r
l x l v r k i m l e
t q m n c p e k r
r p i l e
t q o b q t r p e
v z m i o l e
n z r m c t i l r
n z r m c t i l r
r g l q p x k r
m n c - m i p e - a m u
v z m i o l e
v z m i m q
v z p x b z k r
v z m i o l e
r k a l z m
n a m n c t x p o
v z p x b z k r
v z m i m q
v z m i o l e
r p i - m o p w z
v z p x b z k r
t q r p i b z l e
v z p x b z k r
n z r m c t i l r
t q r p i b z l e
t q m n c - l x b l r p e k r
t q v z t r - m o p w z k r
t q t u l z
t q v z t r - m o p w z k r
m n c l z - n g r m
t q v z t r - m o p w z k r
m c t r k r
n z m c t x p w z
t q m n c - l x b l r p e k r
t r v z n e - k a k r
m c t r k r
n z m c t x p w z
t q n g i
v z m i m q
n z r m c t i l r
t r v z n e - k a k r
t q v z t r - m o p w z k r
t r v z n e - k a k r
m c l x
k x y r l z
m n c - m i p e - a m u
v z m i o l e
t q v z t r - m o p w z k r
t z r k a l z p e m
n z r m c t i l r
m c l x n g
t q m n c - l x b l r p e k r
t q r p i b z l e
r p i o b z l e
t q r p i b z l e
t q r p i b z l e
m c l x
m c l z k r
t q v z t r - m o p w z k r
n z a b z o l r
n z r m c t i l r
t q v z t r - m o p w z k r
t q v z - n q b l q n e n e
r m c t i l e
t q v z m i t r p e l e n g
r m c t i p e k r
t q v z - n q b l q n e n e
t q v z m i t r p e b z l e
r m c t i p e k r
t q v z - n q b l q n e n e
t q v z - n q b l q n e n e
t q r k a l z p e - n g r m q g r
m n c t i k r
n z r p i m l r
m n c p e x
m n c p e x
n z d w a o n g r
t q v z - n q b l q n e n e
n z w z - k r g r
t q r k a l z p e - n g r m q g r
t q v z m i t r p e l e n g
n z w z - k r g r
n a y a p w x t i m l e
m n c - e p e l z l e
t q v z m i t r p e l e n g
t q v z m i t r p e b z l e
r m c t i p e k r
t q v z m i t r p e l e n g
t q v z m i t r p e l e n g
v z x
n z r p i m l r
m n c p e x
n a k a b z
n a p i t r - m o u p o
t q v z m i t r p e b z l e
t q v z m i t r p e b z l e
t q v z - n q b l q n e n e
n z v z k a i - k r g r
n z v z k a i - k r g r
t q n g q p e l e
n z r p i b z
n z r p i m l r
n z v z k a i - k r g r
t q v z m i t r p e b z l e
n z v z k a i - k r g r
r m c t i p e k r
n z v z k a i - k r g r
t q p i b z k r
v z m i m q
n z v z k a i - k r g r
t q v z - n q b l q n e n e
n z a b r t z l v z l r
t q v z m i t r p e b z l e
n z m c t x p w z
t q v z - n q b l q n e n e
n z m c t x p w z
t z v z k i n e d r
m n c p e x
n z v z k a i - k r g r
v z x
n z v z k a i - k r g r
t q y a p x p e b z
t z v z k i n e d r
t q v z - n q b l q n e n e
n z r p i m l r
n z v z k a i - k r g r
t z v z k i n e d r
t z v z k i n e d r
n a p i t r - m o u p o
t q p i b z k r
t z v z k i n e d r
t z v z k i n e d r
v z t x
n z d w a o n g r
d w a l z m g r
d w a t r k r
n z v z k a i - k r g r
t q m e i p x
t q r p i p e x
n z v z k a i - k r g r
v z x
t z v z k i n e d r
v z x
t q v z m i t r p e b z l e
t z v z k i n e d r
r p i l e
v z t x
k r l z p e b z k r
v z t x
t q p i b z k r
t q p i m e
m n c l z - n g r m
n z r p i b z
n z r p i b z l r
t z v z k i n e d r
t q r p i p e x
t q r p i p e x
t q p i m e
t q p i b z k r
n z m c t x p w z
n z r p i b z l r
n z l v c n g
m c l x
v z x
t q m c p e x
t q p i m e
n a d w a p e k r
n z m c t x p w z
m c l x
n z v z k i o l r
t q r p i p e x
n z r p i l r
v z x
t q r p i p e x
t q a l v c - l z b q - n g r g r
n z r p i l r
n z w z - z l w z - k r g r
n z r p i b z
t r n z p i - k r p o ' u
n z m c t x p w z
n z v z k i o l r
t q p n z ' b q p e l e
n a v z m i b z l e
n z r p i l r
v z t x
n z v z k i o l r
t q m c p e l e
m c t r k r
n a v z m i b z l e
n a v z b z
n a p i t r - m o u p o
t q m r l z p e
y r n i t x
n z v z k i o l r
k i l z n e d e
n z v z - n g r m l r
n a v z n g
n a v z n g
n z v z - n g r m l r
t q p i m e
n a v z m i b z l e
n a v z n g
n a v z n g
t q r p i p e x
