n z v z - k z n g
t r n z p i - k r p l e u
n a m n c t x p o
t q m c p e l e
n z r l x t i - k r b z
t q p i b z k r
n z v z - k r m
n a v z b z
n z m c k r
n a m n c - k a p q n g r
t q v z - n g r g r
t z v z - n g r
m w x l r - n g r g r
t q m c t i a m u
d w a s x p x - k z p q g r
t z v z n e p e n g
v z t r n g r
t q m n c
n z v z k i
n a v z b z
t q p i p e b z l e
t q y a p x p e b z
v z m i o l e
m n q t i p e l e
l o p x i l e
n z v z - n g r m l r
n z v z k i o l r
d w a t x t r x
v z x
t q v z - n g r m
t z v z p x p e b z n g
n z b z s z n g
n z v z - k r m
n z v z p e n g
t z m n c t x - a l o p e n g
t z v z o p e n g
n z w z - k r n g e
n z v z p e n g
n z a l v z t r n g
t q m c p e k r
t q t u p x m
t q m a l e l e
t z r m c t i p e l r
t q p i m e
a b r t z t x p e k r
t q v z p e
v z p x b z k r
t z r t w z t i p e - k z n g
n a l i n g
n z a t u p x - n g r m
t q p i p e b z l e
n z v z k a i - k r g r
r k a t r p q
n a v z n g
n z m n c p e n g
t r v z n e - k a k r
n z v z - k r b o
n z v z - k r b z k r
t q v z m i t r p e b z l e
n z a b r t z l v z l r
t q v z p e m
t r t e g r
n z v z k i o l r
v z x
y r m q
t q v z p e m g r
t q v z d z k r
t q p n z ' l e
t q r p i p e x
n z v z k a i - k r g r
n z v z p e - k r d r
v z - n q b l q m
n a m n c n e - n g r g r
t q o l v x t i p e l e
n z a l v z t r n g
t q v z p e x
r m c t i l e
n z v z - z v z b z n g
t q v z t r - m o p w z k r
t r v z n e - k a k r
n z v z p e - k r d r
n z t e l v z l r
x l r b z
n a v z m i b z l e
m a l e l e
t q p i p e m
n z y a n g r n g a t x - z l w z p e - n g r d r
k i l z n e d e
t q o t i - a t e m
t q v z k i p x k r
n z m n c l z b z n g
t z m w i p x - n g r m l r
t z a m c t i - n g r d e
n z m c p x
o t i b z
v z x
n a o b q - k a p q p x
n z v z k i o l r
t q x l r p e k r
t z m r g e n g
t z v z p e
n z v z b z n g
a t u t r p e l e
t q m c p e x
y z l u m l e
n z b z n g
t q r p n a - n g r m
y r l q t x b o
n z v z p e - k r d r
n z w z k r
n z v z k i l r
x l r b z l e
n a v z b z
t r p e l e u
d w a t x t r x
t q m n c - n g r d e
r l i l r m u
t u t i p x - n g r m
n z v z - z v z b z n g
t q m c p e x
m n c l z - n g r m
t q v z p e b z
n z v z - k r b z k r
t q r k a l z p e - n g r m q g r
n z o t r n g r
v z t r l e
n z r p i - k r m e
n a m n c n e - n g r g r
v o t r p z k r
t q v z k i l z m l e
n z v z
t q y r l q o b o
n z a t u p x - n g r m
n z v z - k r m
t z v z p e
n z v z p e n g
n z v z p e n g
n z v z p x b z n g
n e d r n g
n a v z - m i p e x
v z t r l e
n a m n c - k a p q n g r
n z r k a t x n g r
n z r p i l z - k r d r
t z k u k i r p e l r
t q y r n i t x p e
t z p n z - l z b q n g r
n z v z - k r m
t q p i b z k r
n a v z b z
n z y a g o x - k r d e
n z y c m n e - k r m
t q p i b z
t q v z t r - m o p w z k r
t q r m c t i p e k r
v z t x
n z v z - k r b z k r
n z m n c - k r g r
n z v z k i l r
n z v z - z v z b z n g
n z m c
n e n g e n g
n z r n i b q n g r
t q v z t r - m o p w z k r
n z e t u p e - k r n g e
n z v z n e p e l r
n a v z m i b z l e
m w x l r t x - z l w z k r
t u p x m
t q m n c - k a p q n g r
n z r p w a ' - n g r b z l r
t q v z p e x
m c t r k r
t z v z n e p e n g
t q v z p e b o
v z p e m
n z w z t r n g
t q m n c
v z x
t z v z - n g r
v z p x b z k r
t q v z b o
y r n i - e b i r p e n g
n i b q t i
t q v z t r - m o p w z k r
t q m c p e x
n z a l v z t r n g r
n z v z - z v z b z n g
n a v z n g
d w a - r b r l z - n g r m q g r
n z m n c - k r n g e
t q m c p e l e
m c k r
m n c p e x
t r t q k a p e p w q l e
t q v z - n q b l q n e n e
n a m n c t x p o
t q r k a l z p e - n g r m q g r
n z a b r t r - k r b z k r
t q v z m i t r p e l e n g
t q v z p e - k z x
m n r g r n g
n z v z p x n g
t q v z p e
t q p n z ' b q p e l e
r m c t i p e k r
t q v z b o
m c t x m
v z k i m l e
n z p n a k i p x l r
n z m n e t i
v z t r n g r
t q n g r l r l z p e
n z v z p x n g
t q a e n z l i t i - n g r g r
n z v z p x n g
n z m c t r
n z v z n e p e l r
t q r p n a p e - n g r m l e
v z x
t q a p u l e
t q n g q n a m u
t q v z m i t r p e b z l e
t q w a i p e l e
x l r b o l e
x l r k r
r p i l e
n z l v c n g
n z v z - k r b z k r
t z r m c t i p e l r
t z m n c - n g r d r
t z v z k i n e d r
n z y r l e t i - k r d e
r p i l e
t z y a p w x t i p e b z l r
m n c l v z r n g r
t q k r k a ' p e
t r m n c k r u
n z v z p e - k r d r
n z m n c n g r
v z m i o l e
m z ~ n i b r d r
v z t x
n z r p n a - m o u p q n g
n z v z n e p e l r
n z v z - k r m
t z r m c t i p e l r
v z p e m
t z x l r o p e l r
t q v z p e m g r
