k r l z m l e
n g r m u
k r n e d r
r l x n g i t i l e
r m c t i - n g r g r
d r t w r n g e l e
t q r m c t i p e k r
t q r p w x m z
t q m r b r
v z d e
o l i q l z k r
n a b z - n g r n
n z v z - k r g r
n z v z d z - k r g r
m n c - k a p q - n g r g r
n z t u - z v z - k r d e
n z l u t x p w z n g
t z r t w z - k z n g
n z l z t r - n g r d e
n z p w x n g
n z s i k a p u - k r d e
t r m c l e u
t q m n c - n g r g r
t q d c - z l w z n g r
t q a m z b l q p x m c
n a l i n g
n z w a i n e - n g r b z l r
n z p n z ' b z
t q a m r b r t r p e l e
t q m z n r p e
n z o k a t r k r
n z y a l z - k r g r
n z r t a n g r t i - k r g r l e
t q r t w a y z b z
m r g e a m u
n z y r b z
n z r t a n g r - k r d r
t z t u l r t r p e m
k r k a ' - l e - b l r k u
t z a n g c p e b z l r
t q n e p e x
n a r l x t i t x p o
k x k q l u
t q y r k r p x k r
m n c t i t x p w z k r
m n c - m i p e - a m u
p z t i t x k r
t q o l z p e b z
t q w x b u p x - n g r m
t q r p i p e b z l e
p i p e b z
p i t x m l e
t q r p i - a w a p e b z l e
b z t x p n z '
n z n g i - k r d r
r p i - m o u p q l e
t q v z p e x
k x m a t q
n z v z n e - k r g r
t q v z - n g r m l e
v z k i p e m l e
t q v z t r p e k r
v z m i t r p e l e
v z p x m
m n c - m i p e - a m u
t q m n c - l x b l r p e k r
t q v z t r - m o p w z k r
t q v z t r - m o p w z k r
t q v z t r - m o p w z k r
t q v z t r - m o p w z k r
t q v z t r - m o p w z k r
t q v z t r - m o p w z k r
t q k r k a ' - n g r g r
t q v z t r - m o p w z k r
t q v z t r - m o p w z k r
t q v z t r - m o p w z k r
r p i - m o u p q l e
a w i t x p e
m n c l v z r n g r
t z r k a l z p e m
n a n g q t x k r
n z v z - k r b o
n z v z - k r b o
n z r p i - a n i - k r m l e
n z v z
n e d r
v z x
v z x
m c l x
s c g u
t u o m
v z t x
v z t x
t z v z p e
t z v z p e
k x e t u
t q t u l z
e t u t x
n a m w i
m c t x m
v z x
v z p e m
r p i l e
t u p x m
n g r g u
t q p i
t z v z p e
t z v z p e
t z v z p e
m c l z k r
m c l z k r
m c t r k r
v z t r l e
n a v z n g
m r l z p e
t q v z p e
m z l e n g e
t q t u l z
t q v z p e
t q v z p e
t q v z p e
t q v z p e
t q v z p e
t q v z p e
t q v z p e
t q v z p e
k z t e n g e
n z m c k r
n z m c t r
n z b z n g
n z m c t r
t q v z p e
v z m i m q
v z m i m q
t u l z m c
o b q o b z
n z t q n g
o t i l e
n z r p i b z
v z t r l e
v z t r l e
n z v z - k r b o
n z v z - k r b o
n z v z - k r b o
n z v z - k r b o
t q v z p e b z
n z y r l q
v z m i o l e
t z v z - n g r
d w a t r k r
v z k i m l e
m n c t i k r
v z m i o l e
t u t x l z m
v z m i o l e
t z k u k i n g
e s z ' n e
m r b r l z m
n z y c m n e
t z a p u l r
m n c p e x
t z r p i p e
v z p x b z k r
v z p x b z k r
t q v z p e b z
y r l q b z k r
t q v z p e b z
t q v z p e b z
t z m w x l r n g
y r l q t x b o
n z v z - k r m
t q v z p x p e
a t u l z n g r
v z t r n g r
v z t r n g r
t q v z p x p e
n z p i l z l r
t q v z p x p e
v z - z v z x
t q r p i - n g r n
v z t r n g r
v z t r n g r
v z - z v z x
n z m c t x p w z
n a p i b z k u
r p i o b z l e
b z t i p e d e
v z - z v z x
d w a t x t r x
v o t r p z k r
n a m n c t x p o
r p i o b z l e
t q r p i - n g r n
b z t i p e d e
r p i o b z l e
d w a t x t r x
t z k u k i n g
n z v z t r n g
t q r p i p e x
n z v z k i l r
r p i o b z l e
r p i o b z l e
r p i o b z l e
y c - n r b a l q
n z t a v e t r
r p i o b z l e
n a m u - n g r g r
r p i - m o u p q l e
t q a y r n i p e
n z v z n g r
n z m n c l z b z
v z t r n g r
t q m c p e l e
t r v z k r u
t q m c p e l e
y r k r t x o
d w a l z m g r
t q a y r n i p e
t q m u p e k r
n z v z k i o l r
n z o b q p x b z
n z r p i b z l r
n z v z k i o l r
n z r p i b z l r
t q m c p e l e
n z r p i b z l r
n z r p i b z l r
n z a b z o k r
t q r p i b z l e
n z r p i b z l r
n z v z k i l r
n z a l v z t r n g r
n z m n c l z b z
n z m n c l z b z
n z v z k i l r
n z v z k i l r
t z r p i p e l r
m n c l v z r n g r
t z v z o p e n g
n z v z - k r b o
n z v z - k r b o
n z v z k i l r
n z v z p e n g
n z v z - k r b o
n z m c t x p w z
n z v z - k r b o
n z v z - k r b o
n z m c t x p w z
n z m c t x p w z
n z v z - k r b o
