t q r p i m l e
n z r p i - k r b o
t r p i p e ' u
n z p i p x k r
t q p i p e b z k r
t q p i p e m l e
p i t x m l e
r p i b o
p i p e b z
r p i o l e
r p i b z k r
t q r p i p e b z l e
t q r p i l e
r p i b z l e
n z r p i b z
t q r p i p e b o
d r t w r d e
d r t w r n g e l e
t q y r k e l v z q
t q y r k e l v z x
y r k r t x o
t q y r k r p e n g r
y r k r p x b z l e
n a m w i
t q m w i t x p e
t q m w i t x p e
n z o b q - k a p q k r
t q n g r l r p x p e m
n g r l r m i m l e
t q m e i p x
n a n g r l r k i t r l r
n z n g r l r p x - k r m g r
n z r k a l z m q n g q
t z k u k i r p e l r
t q w a i k i
n z w a i n e - n g r b z l r
w a i p n z ' l e
n z m n c - l x b l r - k r g r
t q v z k i p x
t q v z n e
v z p x m
t q v z p e b z k r
t q v z o p e k r
n a v z m g r
t q v z d z p e - n g r m g r
n z v z d z m q n g
t q v z o p e
v z - z v z k r
n z v z m i - k r g r
n z v z n e - k r g r
t q v z k i p x k r
n a v z b z k r
t q v z - n g r n e
n a v z
t q v z n e - z v z k r
n z v z - k r m g r
t z v z k i p x l r
v z t x p e - n g r d e
t r v z u
t q r v z m i p w q
n z v z k i o p e - k z l r
v z b o
n a v z - k a i p o
t q v z o p e k i
n a v z - n q b l q l e
t q v z - e t r - n g r d e
v z p e - k a i p
t q v z p e - m o u k u
t q v z t x p e
n z v z n e - k r g r
v z - n g r b z k r
t q v z b e
v z - n q b l q m
t q v z k i l e
v z d e
t q v z p e b o
t r v z k r u
n z v z b a t r - k r b z l r
r p w a ' - n g r b o
r p w a ' - n g r b z
n z r p w a ' - n g r b z l r
n a m a p u p e b z l e
m r l x m q
m r l x m
n z r k a l z m q n g q
r k a t r p q
n z k a l z m l r
n z a l v c - k r g r
p i b z l e
t q v o t x - n g r p w z
t q v o b e
n z v o u n e o p e m
x l r k r l e
m z l w e d e n g
m z l w e n g
n z m w i p e - k r n g e
m w i t x k r
t z m w i p x - n g r m
t q m w i t x p e
t z m w i p x - n g r m l r
w x l i k i t x p x p n z
t q w x l i k i t x p x
n z r m n q t x n g
t r - r m n q u
n z o l z - k r m l e
n z a t u p x - n g r m
t q t u n e p w z
t u t x l z m
t q t u p x m
t q v o t x - n g r p w z
t q t w z o p e
n a y a p w x t i b o
p r o t x k r
t q p r t r p e b z k r
n z p n u t i t x
m z l e d e n g
m z l e d e
x l r b z l e
n a p i l v z t i
d w a l z m g r
x l r k r
n a w r k x t r
y r k r t x o
t q y r k r p x k r
t q y r k r p e n g r
m n q t i p e l e
t r - r m n q u
p i b z l e
t q o t i m l e
y r l z t i l e
y r m q
t r n g i u
m r l z p e
k x e t u b z
e t u n e p x - z v z l e
t q e t u n e p x p e
n z e t u p e - k r n g e
e t u n e p x
n a p i l v z t i
t r o p i l v z u
n u t i t x k r
t z k r l z p e - a t e l r
n a n g i
t q a s u p e b z
m e n g a b q
y r l q t x - m o u x
n z s i k a p u - k r d e
n z l x n g i t i - k r d r
p n z ' b z l e
t q p n z ' l e
p n z ' t x d e
t q r p n a l z m
n z p n z ' p e m
t q r p n z ' p e b z
t r n z m n e t i u
n z m n e t i
t z t a v e t r l r
n z a l v z t i n g
s e k a e n t x k r
y o l x o m a m u
b l e t i p x - l x b l r n g
n a l i
k x n z t o p w z
t r n z y a g o x - k r g r u
n z y r m
t q r y r - n g r n e
t q r y r n g e
t q y r m
n z k q o - k r m
n a k q t x o m
n a o k a t r p q l r
n a o k a t r - n g r d e
o b q p x k r
n z o b q p x b z
t q m n c p e k r
n z p r t r - k r n g e
m r t u p e
t q a c l v e b o
t q p z l e
n z r b o m k r
n a y a p w x t i b o
t z k r l z p e - a t e l r
t q o t i t r p e m l e
t q o t i p e m l e
t q o t i m l e
o t i b z l e
m q n g r m
v o k r
n z r k a t x n g r
m w i t x k r
n a m w i
p r o t x k r
t q p r t r p e b z k r
t r k q o p q l e u
n a a g l q b z l r
n a a g l q p e k r
n z g l q o l r
r g l q k r
y r w i t x p x l e n g
m c k r
v o k r
t r b o i u
t q r l x t i p e b z k r
t z r l x t i m l r
n a r l x t r p z k r
n a r l x t i t x - p w z k r
t q t u n e p w z
t q t u p x m
t u t x l z m
k x n z t o p w z
t o p w z t r
t q t o p w z b e - n g r n e
t r k r c l u u
n a i p q p x n g r
n z l z t r - n g r d e
n z r l z - k r b z l e
t q v o b e
t q v o t x - n g r p w z
n z t e k q t r n g r
s c d r
t q m c t i p e k r
t q m c p x b z k r
m c p x k r
t q m c t i a m u
t r n z m c l r u
n z m c - k r n g e l e
n z m c o m l r
t r n z m c p e l r u
m c t e
t r m c p e l e u
t z m c t x p w z
n z m c p e - k z p z
n a m c l e
t q m c - a t e k r
n a m c t r
n z a b r t r - k r b z k r
n z w z t i - k r b z l e
n z a m z b l q p x - k r m c
t q a m z b l q t x p x p e m c
t q m z b l q p x m
n z r n i b q n g r
v o k r
t q n g r l x o p e
n g r l x t x o
k x n g r l x o b z l e
r l w x k r
t q k a p u t r - n g r b z
n g r l r m i m l e
t q n g r l r p x p e m
t z p n a t i b z l r
n z a l v z t r p l r
k c m a
m z l i   k c
t q m r b r
n z r k a t x n g r
n a k q t x o m
n z k q o - k r m
x l r b z l e
x l r b o l e
k r l x l z p e l e
n z l z t r - n g r d e
k q l u t x
n a p i p x - l z b q n g
n z w z t i - k r b z l e
v o k r
n a - a m r l z t r - n g r b z l r
n a m r l z
m r l z p e
n z p n a t i - k r b z m u
t r t z r p n a p e u
n z r p n a k i p x n g r
n z p n a t i l r
n z r p n a n e o p e - k r m l r
n z p n a t i - k r g r
m r b r l z m
m w x l r t x - z l w z k r
t q m z n r p e
t z - z p q t r n g
k x n z t o p w z
k x t o p w z n e
t q t o p w z b e - n g r n e
l a n g
n a r y z k r - n g r g r
t z r y z k r n g
m z k e '
r m c t i - n g r g r l e
t z t a v e t r l r
n z a n g i o - k r g u
n z a t u p x - n g r m
t q t u p x m
t q t u n e p w z
t q p r t r p e b z k r
p r o t x k r
t z p r t r - m o p w q
p r c k r
p r t r p z
n z y a l z - k r g r
t q y r p u p x
t q y r p u t i p x p e
r m c t i - n g r g r l e
n z y o l x o m l r
p i b z l e
n z t a v e t r l r
n z m z l r p i - k r n g e
t z m c p x p e b z l r
t z k u k i r p e l r
p i b z l e
d r t q d e
y r l q t x - m o u x
n z p l z p x - k r m a m u
m e l z m c
k r k a ' - l e - b l r k u
t q a m z b l q p x m c
d r l z d e
d r l z d r n g
t q s i k l u b e - n g r n e
k x n z s i k l u
t z s i k l u p x - n g r m l r
d r t w r g r
t q v z p e x
n a m z n r p e
t q m z n r l x p e
s c g r
s c d e
t q a m a o p e
t q a m a - a t e k r
t z p r o p e n g
t q p r k i l z m
n z d w a t r - k r d e
d w a l z m g r
t q v z p e x
n z a t a k i
n z a b r t z k r
t q v z p e x
t u t x l z m
n z a t u p x - n g r m
t q m a l e l e
t q e t u n e p x p e
t z k r l z p e - a t e l r
t r t r k a - z l w z p w z u
r m c t i - n g r g r l e
t z y r n i n e t r p e b z n g
n a p i p x - l z b q n g
n z p r t r - k r n g e
t q k q l e p e b z l e
y c - n r b a l q
t q t u p x m
t u t x l z m
t q t u n e p w z
t r k r l z t r p w z u
t r n a k r l z p q l e u
k r l z l z b z k r
k r l z b z l e
n z k r l z t i
n z k r l z t r p z
t q v e a p e b z
t z y a p w x t i p e b z l r
n a y a p w x t i b o
n z a b r t z k r
t q w x b u p x - n g r m
n z p n a n g
r k a t r p q
n a r l r - n g r m e
t q r l r p e - n g r m l e
t r r l r - n g r p l e u
n a k r k a ' - z v z k u
n z k r k a ' p x - k r m l r
n z w z - k r g r
n z p n a n g
p i b z l e
n z p w x n g
m r b r l z m
t z m w x l r n g
p i b z l e
t r t e d r
p i b z l e
t q t z l e
n a a g l q p e k r
n a a g l q b z l r
m a l e l e
t q n g r l r p x p e m
n a a g l q b z l r
n a a g l q p e k r
r m c t i - n g r g r l e
t q k r l z - a t e b z k r
t z k r l z p e - a t e l r
n g r l r m i m l e
t z m a t q
n z k a l z m l r
r k a t r p q
n a k a b o
t q x p l r
t u t x l z m
t q t u p x m
t q t u n e p w z
t z m a i l z l r
m r k c n g
t z p e o n g r
n z p e t i
k r l c d e n g
m n c - k a p q - n g r g r
t q t a b c - z l i n e p e k r
t a b c - z v z k r
n a b z - n g r n
b z t i p e d e
n z a b z l r
n z a p r e s i n - n g r
t z k u k i - n g r d r
n z p r t r - k r n g e
n z y r m q n g
t z l v a b e t r p e b z
o b q p x k r
t q y r w i l x
n a b z d r
t z r t a n g r p e
n z w z t i - k r b z l e
k c n g p e
n z p n a t i - k r b z m u
t a g l c t x d e
v o k r
n z w a i n e - n g r b z l r
t r d o - k z u
t r d o u
y r l q b z l e
y r l q t x - m o u x
n z w z t i - k r b z l e
n z r l z - k r b z l e
n z l z t r - n g r d e
k c m a
m z l i   k c
n a l i
n z p n a
n z y c m n e - k r b o
n i b r g r
t q a b r t z - z v z - n g r g r
t u t x l z m
n z a t u p x - n g r m
k x k q l u
t r t q k a p e p w q l e
m w a k r
r m c t i - n g r g r l e
a l v z t r l e
t q a s u l e
r m a l e
t r n a n i b q l e u
t r l r p r k r u
o s z b z l e
p i b z l e
n z o l v x t i - k r d e
k x g l r
n z l x p l z t x
r m c t i - n g r g r l e
n z a n i t x p w z
t q v o b e
t q v o t x - n g r p w z
n o u d e
t q l x n g i t i - a t e x
t q a m z n r p e l e
t z a n g c p e l r
a n g c t i k r
m z t e
m n c t i o m g r
n a m n c - n g r g r
t z m n c t x p e n g
m n c t x o p w z
m n c t x p e
n z m n c t x p e p w z
m n c t i t x p w z k r
m n c p w z k r
t r m n c k r u
n a m n c - k a p q l z - n g r m a m u
m n c t x d e
t r n z m n c p e u
t q m n c t x p w z k r
t q m n c - k a p q n g r
l c d e p w z
t q y r n i t x p e
n z b z - k r g r
t a p l x s r g r
n a y a p w x t i b o
t z y a p w x t i p e b z l r
o b q t r p z
o b q k i m c
n e g u n g
n e m u n g
n e n g e n g
n e d e
n e g r
n e n g e
n a p i p x - l z b q n g
p i p x - l z b q
t q m r l z x
k q l e p e l e
t r k q o p q l e u
t q r b l x t i l e
t q r b l x t x p e
r b l x t x p e l e
n z y c m n e - k r b o
k x m r n a
t z p r t r p e - k z n g
t z p r p x p e n g
n a - a d r v r - n g r b o
n g r l r m i m l e
n e m u n g
n e g u n g
n e n g e n g
n z m e i t r p z
t q m e i t i o
m e i t x t a t x p x
t q a m e i b z k r
t z r l x n g i t i n g
k x b q n g
k x b q g r n g
t q p r t z
t w z q
m n r g r n g
m n r g r
y c - n r b a l q
n a y c t i p x m
r m c t i - n g r g r l e
d r k a ' n g
n z o l z - k r m l e
n g r l a p l x p x k r
n a a m i n g r - n g r g r
n a a m i n g r t i - n g r d r
t q v o t x - n g r p w z
t q v o b e
k x n z y q n g
e s z ' t i
e s z ' n e
e s z - k r d e
t q o t i m l e
t q a s u l e
n g r l a p l x p x k r
t q y r p l a t r n g r
y r p l a b r t q p e
n z k r l z l r
n a e s z ' m z n g
n z x l r m l r
n z r p l a m e i t i - k r d e
k x y r l z
n z p n a n g
t z m w x l r n g
n z g l q l z m l r
n a a g l q b z l r
n a a g l q a m u
n a a g l q p e k r
n z g l q o l r
n z - z p q t r - k r d r
t z m c n g r
t r n z k q l u - k r p e p w q g r u
n z k q l u t x
d w a l z m g r
n z r k a t x - k r d r
n c b l o   k c
n z b o m - k r d e
t r n z y a g o x - k r g r u
t z t a v e t r p e l r
n z w z - k r g r
n z g l q o l r
n a a g l q p e k r
r g l q k r
n z y a - z v z n g
r d r n g
a l v z t r l e
t q r p n a l z m
t q p n z ' l e
l o l v z o a m u
n z y a l z - k r g r
k x p l c
d r t w r d r
n g r l r m i m l e
t q n g r l r p x p e m
t z s i k l u t i
n z m e l z - k r m l e
t q p n z ' l e
t q r p n a l z m
b o o n g r
n z v z m q n g
y z l u m c
a l v z t r l e
t q a b r t z - z v z - n g r g r
n z m w a n g r
m w x l r t i - z l w z k r
n a r l x t i t x p o
n z n u r d e
n z t a o k r
t q a b r t z - z v z - n g r g r
k x o d a
a b r t z t x p e k r
a b r t z t x - n g r d e
a b r t z t x - n g r g r
t q r p w x m z
r k a l z m q g r
r k a l z m g r
t r t e d e
n z w z t r n g
m z n r y a g w e n g r l c
t z t u l r t r p e m
t q r p n a l z m
m w x l r t x - z l w z k r
l v c - a l z u p q
k x t q
n z p n a k i p x - m o u l r
v o t r p z k r
k x m a t q
n z a r l a p x - k r d e
t r t e d e
o l i q l z k r
e t u t x
k x l r p r
n a n e n g
n z w z - k r g r
l x e d e
r m c t i - n g r g r
n a r b o m p e n g
d w a l z m g r
t q m n c - l x b l r p e k r
n z d w a t r - k r g r
t q r t w a y z b z
k x p w x
t q b r l x - k z p e
n z a l v z t r n g r
r l x n g i t i l e
k x p r k i
n z r m c t i - k r d r
t z y c m n e - n g r p e m l r
n z y c m n e - k r m
t z y c m n e t r p e - n g r d r
r m c t i - n g r g r l e
y r w i t x - k z l e
n z d w a t r - k r g r
t q m z n r p e
n z d w a t r - k r g r
m z n r y a g w e n g r l c
n z d w a t r - k r g r
n z k a t x - k r d e
a c l v e l e
l x e g r
n z y c m n e - k r b o
n z d w a t r - k r g r
t z y c m n e - n g r p e m l r
t z y c m n e t r p e - n g r d r
y c m n e p e
r m c t i - n g r g r l e
y a g o x t x
n z y a l z - k r g r
t z y c m n e - n g r p e m l r
t z y c m n e t r p e - n g r d r
y c m n e p e
n z w z - k r g r
y c t x o p e
t q y c o n g r
t q y c n g r
y c t x b z
y c t r p e n g r
n z w z t r n g
n z l z t i n g
t z y c m n e t r p e - n g r d r
y c m n e p e
k x y r l z
n z w z - k r g r
n z r p w ' a - k r d e
n a y a g o x n g
n z w z - k r g r
n z w z t r n g
l x l v r k i m l e
n z o - k r m
m c p z k r
t q n g y a p e
t q m r t u - n g r d e
t q m u k r
t z m u p e - n g r d r
n z w z t r n g
n z p i - k r m l r
t q m r b r
t z m n c p e n g
t r m c w x u
n z v z d z - k r g r
t z y z l u p e - m o p w z n g
t q o l v x t i p e l e
t z v z p e - m o u n g
t z v z p e n g
n z y a n e - k r d r
l x e n g e
t z m w i p e n g
m z t r
t q d c p x m
t q d c - z l w z n g r
n z r k a t x n g r
t q k i p o p e
o b q b z k r
n z m n c p w z n g
n z r l a l z - k r g r
m c p z
n z i k l a p w z
n z r k a t x n g r
n z r k a t x n g r
b z p e k r
t q v e a p e
n z e t u p e - k r n g e
t q e t u n e p x p e
n z m n c n g
t q v z p e - k z x
t z y z l u p e - m o p w z n g
k r l z p e k r
t q r m c t i p e k r
t q r m c t i p e k r
t q v z p e - k z x
n z a b z o l r
t q v z p e - k z x
t q v z p e - k z x
t q v z p e - k z x
t q v z p e - k z x
t q v z p e - k z x
n z a l v z t r l r
t q v z p e - k z x
t q k r l z p e l e
t q r m c t i p e k r
n a r l a s z p e l r
k r l a
t q r m c t i p e k r
t q r m c t i p e k r
t q r m c t i p e k r
p r t r p o
t q a o k z
n z r l z n g
t q r m c t i p e k r
n z w r k x t r n g r
r k a l z m
t q r m c t i p e k r
d r t a ' d r
n z p i l z l r
n z p i l z l r
x l r b z l e
l v c - a l z u p q
n z p i l z l r
v z m q g r
x l r b z l e
o s o p x b z k r
n z a n g i o
n a v z - k a i k r
n a v z - k a i n g
v z m
r p i - m o p w z
n z m n c t x p w z
m r t u t x
t w z t x p o
m c o m q
v e x
