t q v z p e - k z x
t z v z p x p e b z n g
n z v z - z v z b z n g
n a d w a p e k r
t q y r n i t x p e
t q v z t r - m o p w z k r
n z v z k i o l r
t q v z p e m g r
t q m a l e l e
t z v z n e p e n g
t z k u k i - n g r d r
v z x
t q p r t r p e b z k r
n z v z n e p e l r
t q p i b z k r
t q k r l x l z p e l e
n z v z - k r b o
k x e t u
t q m c p x b z k r
n z v z k a i - k r g r
n z v z p x b z n g
y r n i t x
n a v z n g
t q v z p e b z
v z p x b z k r
t r n a n i b q l e u
t q p i p e m
t q v z m i t r p e l e n g
t q v z p e
y r n i - e b i r p e n g
n z v z
t q v z t r - m o p w z k r
d z t u d r
t q v z p e - k z x
t z m w i p e n g
t u o m
n z v z n e p e l r
t z v z o p e n g
v z x
n z o t r n g r
v z t r n g r
n z r p i l r
t z v z p e
n z v z - z v z b z n g
d r t w r d r
t z v z p x p e b z n g
t z m c p x p e b z l r
n z k r l z m l r
t q t r k a m i
n z v z
n z v z p e - k r d r
t z v z k i n e d r
n z m n c p e n g
t q v z p e
v z p e m
t z r m c t i p e l r
m n c - m i p e - a m u
m n c - e p e l z l e
t q v z p e x
t q v o b e
v z x
n z v z p x n g
t q v z p e - k z x
n z m n c - k r g r
t q v z p e
n z e t u p e - k r n g e
t q v z p e b z
v z m i m q
n z m n c l z b z n g
t q m u - n g r g r
t z r k a l z p e m
v z t r l e
t q a s u l e
t q m c p e l e
t q m u
v z - z v z x
y a p w x t i - z p w x m a m u
k x n z s i k l u
n z v z k i o l r
v z - z v z x
v z p x b z k r
t z v z p e
n a y a p w x t i p x b o
n z v z - k r m
t q m n c
v z x
v z t r l e
n a - a e n z l i m g r
v z x
t q y r p u t i p x p e
t q v z p e - k z x
n z v z - k r n g e
t q v z - n q b l q n e n e
t r n z p i - k r p o ' u
n a p i t r - m o u p o
n a p i t r - m o u p o
t q y r k r p e
v z t x
n a m w i
n a v z b z
n z v z k i l r
t q r k a l z p e - n g r m q g r
n z r m n q - k r d r
r p i - m o u p q l e
m r b r t i t r p e
n z v z - k r m
n z r p i b z
v z t r n g r
v z m i m q
n a v z m i b z l e
m w x l r t i - z l w z k r
n z y c m n e - k r m
n z v z - k r b z k r
t q r g l q t i k r
m n c n e - m o u - n g r g r
t q v z p e m
n z v z b z n g
n z v z p e n g
n e n g e
t q t w z o p e
t z v z n e p e n g
v z t r l e
t q k r k a ' p e b z
n z v z - n g r m l r
n a v z b z
n z v z - k r m
r p i l e
x l r k r
n z g l q o l r
m r b r t i t r p e
b z p n z ' x
n z v z - k r b z k r
t z v z - n g r
n z v z b z n g
t q w z t i p e l e
t r n z p i - k r p o ' u
t q l u - n g r g u
n z m c t r
r p i o b z l e
n z v z k i l r
t q n g r l r p x p e m
t q v z - n g r m o
m n c l v z r n g r
n z v z p e - k r d r
n z v z p x b z n g
r p w a ' - n g r b z
t q v z m i t r p e l e n g
t r v z n e - k a k r
t z r t w z - k z n g
n z r p i l z - k r d r
p i b z l e
t z v z p e - k a i n g
n z m c t r
m c l x
t r m c p e l e u
n a k a b o
v z p e m
n z l v c - k r m l r
t q p i p e b z l e
m c t r k r
t z v z o p e n g
n a l i
v z p x b z k r
t z m n c t x - a l o p e n g
n z v z - k r m
r m c t i p e k r
n z v z - k r m
t q v z p e - k z x
a b r t z t x - n g r d e
t q m r l z - n g r d e
n z v z - k r n g e
a t u l z n g r
n z a y o n g r
t z v z - n g r
t r o p i l v z u
t q v z k i p x
n a d w a p e k r
t z v z n e p e n g
n z r p n a n e o p e - k r m l r
t q y r l q o b o
t q p i b z
t z a m c t i - n g r d e
n a v z b z
t q r p i p e b o
v z - z v z x
t q v z t r - m o p w z k r
v z m i m q
v o t r p z k r
n a v z m i b z l e
t z r t w z t i p e - k z n g
v z - z v z x
m c p o
n z a b r t z l v z l r
t u p x m
x l r b o l e
n z r n i b q n g r
t q a b r t z - z v z - n g r g r
n z r p n z ' n g r
n e n g e n g
t u t x l z m
v z x
v z t r n g r
n z r m c t i l r
t q v z m i t r p e b z l e
t q v z t r - m o p w z k r
n z r p i - a n i - k r m l e
t q v z b o
t r t r k a - z l w z p w z u
e t u n e p x
n z v z - k z n g
n z m c t x p w z
n z m c k r
t z r t a n g r p e
t q r p i - n g r n
m c l x n g
n e d r
v z k i m l e
t q v z p e b z
t q m c p e l e
v z k i m l e
t q p n z ' p e l e
t q r p i p e x
n a y a p w x t i b o
v z p e m
r p w a ' - n g r b o
n z v z - k z n g
t q v z m i t r p e l e n g
t q v z - n g r g r
t r v z n e - k a k r
t q p i p e b z k r
n z v z - k z n g
p i b z l e
t q v z p e m
v z p e m
v z x
t q y a g o x p e
n z v z b z n g
n z v z p e - k r d r
t q v z m i t r p e b z l e
t z v z p x p e b z n g
n z y c m n e - k r b o
n z v z p x n g
n a v z k r
t z t a v e t r l r
n z o t i p e - k r m
t q a e n z l i t i - n g r g r
n z a b r t r - k r b z k r
n z v z n e p e l r
n a p i t x t r - m o p o
t r m n c k r u
m c l x n g
t q v z p x p e
v z p e m
t z v z o p e n g
d r t w r d e
v z k i m l e
t q p i m e
t q v z b o
k x n z s i k l u n g
n z v z n e p e l r
v z k i m l e
v z x
r m c t i l e
t z y a p w x t i p e b z l r
n z v z - k z n g
n z v z - k r b z k r
n z r p i b z l r
n g r d r
t q m n c - n g r d e
t z v z p e - k a i n g
t q p i b z k r
n z o t i p e - k r m
t q m u p e k r
m c l z k r
m c l x n g
t q a y r n i p e
n z r l x t i - k r b z
t r n z p i - k r p o ' u
n z t u n g r
t z v z - n g r
t q r p n a - n g r m
v z b o
m q g u
l x e n g e
t q p i p e m
t q v z b o
n z v z - k r b z k r
m n c l v z r n g r
v z k i m l e
n a v z b z
p n z ' b z l e
n z v z - k r b z k r
v z t r l e
t z v z p e - k a i n g
n z r p i m l r
t z v z k i n e d r
t q v z p e m
n z v z - k r b z k r
n z v z k i l r
x l r m l e
v z k i m l e
t q p i b z k r
t z v z p x p e b z n g
t q r t a n g r n e
t q a p u l e
t q y a p x p e b z
m c p x m
d w a t x t r x
n a - a e n z l i t x k i
t q v z b o
t q n g r l r l z p e
t q v z t r - m o p w z k r
n z v z - n g r m l r
t q v z n e k r
v z - z v z x
r m c t i - n g r g r l e
t q v z - n g r g r
t z v z n e p e n g
v z k i m l e
t q y r n i t x p e
t r v z n e - k a k r
t q m n c
t z v z n e p e n g
t z v z - n g r
d r t a ' d r
o t i l e
n z v z p e n g
n z r p i l z n g r
n z v z b z n g
v z p e m
t q v z - n g r g r
v z - z v z x
t r n z p i - k r p o ' u
n z p n a k i p x l r
a b r t z l v z k r
n z a o l v z b z l r
t r v z n e - k a k r
x l r k r
m z l w e n g
n z l v c n g
n z m c t r p e m l r
m c t x m
n z r p w a ' - n g r b z l r
t r v z n e - k a k r
k x p i p z
t q y c o n g r
t q v z m i t r p e l e n g
r y a p w x - z v z k r
m c l x n g
t q v z p e
n z v z - k r m
t r v z n e - k a k r
n z v z n e p e l r
t u n e p w z
t q r g l q t i k r
n z l v c n e n g
t q t u p x m
m n c p e x
t q v z p e x
n z v z p e k r
n z v z p e n g
n z r p i l r
n z v z p e n g
n z m c t r
n z v z p x b z n g
n z v z - k r m
t q a y r n i p e
m c p x m
w z t r p o
v z k i m l e
t q v z t r - m o p w z k r
n z v z - k r m
a l q l i o l e
n z y c m n e k r b z
n z v z - k r m g r
n a p i t x t r - m o p o
n z v z
n z v z k a i - k r g r
p i b z l e
n z r p i - a n i - k r m l e
n z v z p e - k r d r
t q v z p e - k z x
y r l z o
t q v z p x p e
v z k i m l e
t z v z o p e n g
t q v z b o
t q m n c - n g r d e
t q m w a p e
v z t x
t q m n c - n g r d e
t u t i p x - n g r m
t q v z m i t r p e b z l e
e t u t x
t q v z p e m
t q n g q n a m u
t q v z - n q b l q n e n e
n z m c p x
v z m q g r
t q v z m i t r p e l e n g
t q t u n e p w z
t q v z - n g r g r
t q p n z ' p e l e
v z x
t q a b r t z - z v z - n g r g r
r y a p w x - z v z k r
n z m n c l z b z
t q v z - n q b l q n e n e
t z - z p q t r n g
n z v z p x n g
t q v z - n g r g r
t z v z p e
m c l x
n z v z
t z p e o n g r
m n c - e p e l z l e
n z p n a n g
n z v z - n g r m l r
r p w a ' t x - n g r b o
n z r m c t i l r
t q v z p e k r
v z t x
t z v z p e - k a i n g
m r b r p e
t q k r k a ' p e
t q m c p e l e
t q v z - n q b l q n e n e
o s o p x b z k r
t q v z p e
n z m w a n g r
n z v z p x b z n g
n z v z k i o l r
t q v z p e x
n z k q l u t x
t q m n c
n a m n c n e - n g r g r
m n c - e p e l z l e
t q v z p e x
t z v z k i n e d r
n z v z - k r b z k r
n z n g i n i - k r d e
n z t a v e t r
t q m n c - l x b l r p e k r
o m i t x p x b z l e
n z v z p e n g
n z v z - k r b z k r
v z t r n g r
t z v z - n g r
n z m n c l z b z n g
t q v z t r - m o p w z k r
n z a t o l w a - n g r n g
n z k a l z m l r
t q v z m i t r p e b z l e
m c p x m
t z v o p e
t q v z p e m
k r l a
t z v z p e
n z b z t i - l x b l r n g
m c t x m
n a m n c n e - n g r g r
m n c l z - n g r m
t r v z n e - k a k r
t r p e l e u
t z v z p e - k a i n g
n z m n c p w z n g
t q m c p e k r
y o l x o m a m u
n a m n c t x p o
t q p i m e
t q v z m i t r p e b z l e
v z p x b z k r
m n c - e p e l z l e
v z k i p e b z k r
n a v z - n q b l q l e
n z v z k i l r
n z v z - k r b o
v z t r l e
n z v z - n g r m l r
n z k r l z m l r
v z t r n g r
a t u l z n g r
t z v z - n g r
k x e t u t i n g
n z v z p x n g
n z v z p e - k r d r
n z a n g i o - k r d r
t z v z p e - k a i n g
n z v z p x n g
t z y c m n e - n g r p e m l r
v z t r l e
v z p x b z k r
v z t r n g r
t q e t u n e p x p e
d w a t x t r x
n z v z - k r b o
t r v z n e - k a k r
t q v z p e m
t q r p i b z l e
v z t x
t r n z p i - k r p l e u
t q v z b z k r
t z y c m n e t r p e - n g r d r
m n c - e p e l z l e
n z k r l z m l r
n a v z m i b z l e
t q r y a p w x p e m
n z m c p x b z l r
n z v z k i o l r
x l r l e l e
y r l q t x - m o u x
m c l x
m c t r k r
n z y r p u t i p x k r
r p i o b z l e
v z x
t q o t i m l e
m q d e
v z m i o l e
n z v z p x b z n g
k x b q g r n g
m n r g r
n z v z - k r b o
n g r l r m i m l e
n z g l q o l r
t q v z - n g r g r
y r l q t x - m o u x
n z b z s z n g
v z p x b z k r
k x m u l e
n z - z p q t r - k r d r
r p i o l e
v z k i m l e
t z v z - n g r
t q m c p e x
t q y r p l a t r n g r
t q v z p e
t z v z o p e n g
v z k i m l e
t z v z p e
m a l e l e
n a v z b z
t q v z - n q b l q n e n e
t q d w a p l r k r n g
n z m n c p e - k r g r
t q m c p e k r
n a p i t r - m o u p o
m c p x m
t q v z p x p e
x n g i t x t r l e
n z v z b z n g
n a y a g o x n g
n z v z k a i - k r g r
t q r m c t i p e k r
n z v z p e - k r d r
v z t r n g r
n z p n a n g
t q v z o p e k r
t q v z p e x
m r b r t i t r p e
r p i l e
n z v z p e n g
m c t e
w a i p n z ' l e
t q v z b o
t z m n c - n g r d r
v z m i o l e
n a v z n g
m n c l z - n g r m
t z v z - a t e n g
n z v z p x b z n g
n z m c p x
t q v z p e x
t q m c p e k r
t q v z m i t r p e l e n g
v z m i o l e
v z m i m q
t z v z p e
n z m c t r
t z v z p e - k a i n g
y r l q t x b o
n a k i l z b z l e
n z m n c l z b z
n z m n c l z b z
n z p i l z l r
n z v z - k r n g e
n z m w i p e - k r n g e
m c t x m
n g r l r m i m l e
n g r l a p l x p x k r
t q y c o m
n z y a g o x - k r d e
r p i b o
t q n g r l r l z p e
t q v z p e - k z x
m c p o
n z m n e t i
t q v z - n g r g r
m c l x n g
n z v z k i o l r
n z b z n g
r k a t r p q
t q p i m e
t z v z o p e n g
t q m n c - n g r d e
d w a t x t r x
k i l z n e d e
t q v z p e m g r
k r a t q
t r k q o p q l e u
n a p i b z k u
t q v z b o
n a - a e n z l i p w z l r
t q v z - n g r g r
n z p r t r - k r n g e
t z v z p e - k a i n g
n z v z p e n g
k x e s z '
m n q t i p e l e
t q v z p e m
n e d r
t q p i m e
v z t x
t q p i b z
t q r p n a - n g r m
t q v z t r - m o p w z k r
n z m c t r
t q m c p e l e
v z p e m
t q v z p e b z
n z p i b z l r l e
n z v z n e p e l r
n z r p i m
n z r p i b z
d w a - r b r l z - n g r m q g r
y a p x - z v z k r
n z x l r b z l r l e
n z r t r n g r t i o l r
n z v z - n g r m l r
n z v z - z v z b z n g
t z m n c t x - a l o p e n g
t z v z k i n e d r
v z x
t q v z p e m
m c t x m
n z v z
k x r t c
n z m n c p e n g
n z y a p w x - k r d r
m n c l v z r n g r
n a p i b z k u
t q r p n a l z m
n z v z - k r b z k r
n z v z k i l r
n a r l r - n g r m e
n z v z k i l r
n z v z - k r b z k r
o t i b z
n z v z k i l r
t z r m c t i p e l r
t q v z p e m g r
t q v z p e x
n z r p i - k r m e
t q v z p e b z k r
n a v z m i b z l e
v z p x b z k r
v z t r n g r
t q r p n a l z m
n z k r k a ' - k r g r
t q m e i t i o
t u n e p w z
m e i t x t a t x p x
m c t r k r
m c t r k r
t q m n c p e k r
v z t r l e
t o p w z t r
n z v z k i o l r
t z r m c t i p e l r
n z r p i m l r
t q v z - n q b l q n e n e
t z p n z - l z b q n g r
t u o m
n z v z k i l r
v z x
t q a m z b l q t x p x p e m c
n z v z o - k r m o p w q k r
n z a l v z t r p l r
t q x l r p e k r
n c t e
t q m n c n e t r p e m g r
t q m c p e l e
n z v z k i o l r
n a r l x t i b z m e
n z v z n e p e l r
t q n g q p e l e
t z v z - n g r
t z m n c p e n g
t z a n g c p e l r
n a w r k x t r
t q v z p x p e
t q v z b o
n a p i b z k u
m c t x m
t q v z t r - m o p w z k r
t q v z p e m
v z - z v z x
t z v z n e p e n g
t z m w i - n g r d r
y c m n e p e
t q v z t r - m o p w z k r
n z v z - k r m
n e m
n z v z p x n g
t q m c p e x
t q v z p e
t q d w a p l r k r n g
t q r m c t i p e k r
n z v z - k r m
n z a b r t z n g r
t q y r p u t i p x n g r
t q r p n a - n g r m
t q v z p e - k z x
d w a - r b r l z - n g r m q g r
n z v z p e n g
t q p i t i k r
p i b z l e
n a b z p e - n g r g r
n z e t u p e - k r n g e
n z v z - k r n g e
k x n z y a g o x n g
n z a b r t z k r
r p i o b z l e
n z v z p x n g
n z a m a - k r d e
n a p i b z k u
v z p x b z k r
r l i l r m u
k x e t u
t q v z p e m g r
n z a l v z t r n g
t q m c p e x
t z v z n e p e n g
n g r g r
p r t z t x b z k r
t q v z p e m g r
t q v z p e m
d w a l z m g r
r m c t i l e
n z v z n e p e l r
