t u t x l z m
t r t z r p n a p e u
t r b o i u
t q a s u p e b z
n z a l v z t i n g
o t i b z l e
d w a t x t r x
n z a w i t x m
n a y a g o x n g
n z v z m q n g
t q v z p e - k z x
y c - n r b a l q
t z l z t r
l x e d e
n z r k a l z m q n g q
n z v z n e - k r g r
t q m r b r
t q r p w x m z
n a n g r l r k i t r l r
n z a n i t x p w z n g
p r o t x k r
t z a y o t i
n z v o u n e o p e m
t q v z k i p x k r
m r l x m
t q v e a p e
n z m n e t i
t q p r t r p e b z k r
t q m n c - n g r d e
t q k r l x l z p e l e
t q m z n r p e
x l r k r
t z v z p e - k a i n g
m n c t x d e
n a v z b z k r
t q y r p u p x
t q v z - n g r n e
m e n g a b q
m z t e
n z r p i l z - k r d r
b z t i p e d e
n z w z - k r g r
t z r l x t i m l r
t q r p i l e
n z a t u p x - n g r m
t q r b l x t x p e
n z g l q o l r
n z y c m n e - k r b o
t z m c t x p w z
t z v z p e - k a i n g
t z l v c - a t e n g
n a b z d r
n z r k a t x n g r
t r t e d e
a b r t z t x - n g r d e
n z m c t x p w z
n z r k a b z
n z m n c p w z n g
d w a s x p x - k z p q g r
t u p x m
t z l z t i t r
m c p o
m w i t x k r
n z k a l z m l r
d r t q d r
r k a l z m g r
n z y a p w x - k r d r
m z l w e d e n g
k x o d a
k a o m a m u
t q t u n e p w z
t q t u p x m
t q v o t x - n g r p w z
t q m n c - n g r g r
t w z t x p o
k x t o p w z n e
r p i b z l e
n a v z
n z a m z b l q p x - k r m c
n z l z
n z r k a l z m q n g q
t q t u n e p w z
t q t u n e p w z
t q m r l z - n g r d e
n a r l x t r p z k r
r m c t i - n g r g r l e
t q v z n e - z v z k r
t a p l x s r g r
n z a t u p x - n g r m
n z k q l u t x
t r l r p r k r u
t q r p n a - n g r m
t q o p x p e - n g r d e
t r n z m n c p e u
t u t x l z m
n z m n c l z b z n g
l x l v r k i m l e
n a k a m l e
m r l z p e
e s z ' t i
n a v z - k a i k r
n z t a v e t r l r
n z v z - k r m g r
n i b r g r
t q d c - z l w z n g r
n a a m i n g r t i - n g r d r
n a r l x t i t x p o
m z l i   k c
n z a b r t z k r
t r n a k r l z p q l e u
k x n g r l x o b z l e
t q m n c - l x b l r p e k r
l v c - a l z u p q
t q v z p e - k z x
t q x p l r
t r - r m n q u
n z a r l a p x - k r d e
n a k a b o
t q m n c - n g r d e
n o u d e
t q m c p e k r
n a y a p w x t i b o
t q a s u l e
n z p w x n g
n z m n c l z b z
t z v z k i p x l r
t q m n c
o b q p x k r
n z m n c l z b z n g
t z y c m n e t r p e - n g r d r
t z y c m n e - n g r p e m l r
k x y r l z
n z r p i b z
k r l z l z b z k r
l v c - a l z u p q
t q r p n a l z m
m z t r
v z t x p e - n g r d e
n z p i l z l r
n z a b r t z k r
n a y a p w x t i b o
t z r m c t i p e l r
n z x l r m l r
n z m n c p e n g
t z p r t r - m o p w q
y r k r p x b z l e
n u t i t x k r
t r - r m n q u
p i b z l e
n g r l r m i m l e
v z - z v z x
n c b l o   k c
y r l q t x - m o u x
t z t a v e t r p e l r
n z m c p e - k z p z
n z v z - k r b z k r
t q v z p e - k z x
k r l z m l e
t z v z p e n g
n z o l z - k r m l e
t z v z p e - k a i n g
r k a t x m
t r v z u
y a g o x t x
d w a s x p x - k z p q g r
t q r p i p e b o
t q o t i - a t e m
n a n g r l r t r k i
v z m
k x m r n a
t q y r n i t x p e
p r o t x k r
t w z q
p i b z l e
m n c - k a p q - n g r g r
m z l w e n g
t q v z p e - k z x
n a y c t i p x m
m q n g r m
t q n g q p e l e
n z d w a t r - k r d e
a w i t x p e
t q m n c t x p w z k r
e t u n e p x
n z a b r t z k r
n z l v c n e - k r d r
v z t x
v z t x
t r o p i l v z u
t q m n c - k a p q n g r
n z y c m n e - k r b o
n a - a d r v r - n g r b o
n z y c m n e - k r m
t q m c p e l e
t z t a v e l r
y a p x - z v z k r
n z a l v z t r n g r
t z l v c l z p e - n g r d r
n z p n a
n a a g l q p e k r
n z w z - k r g r
t q r v z m i p w q
t r t q w z p e u
y c m n e p e
t z v z p e - k a i n g
t z r m c t i p e l r
t w z t r k r
t q y a p w x t i p e m l e
t q m w i t x p e
t z v z p e - k a i n g
t q t u n e p w z
t z y z l u p e - m o p w z n g
v z t r n g r
n z i k l a p w z
n a y a - p w z - t i p e x
n z p i l z l r
t q p n z ' l e
v o t r p z k r
t q v z p e - k z x
n e n g e n g
n z y c m n e - k r d e
n a p i p x - l z b q n g
n z p r t r - k r n g e
y c m n e p e
t z r m c t i p e l r
m r b r l z m
t q m a l e l e
n z k a l z m l r
m r l z p e
v z t r n g r
p r t r p o
n z r l a l z - k r g r
t q m e i p x
k x n z t o p w z
t z r t w z - k z n g
t q b r l x - k z p e
t q r p n a l z m
t q e t u n e p x p e
r m c t i - n g r g r l e
n z r l z n g
k x b q g r n g
k r l c d e n g
n z v z k i l r
t q r m c t i p e k r
n z r p w a ' - n g r b z l r
t q v z p e - k z x
n z a b z o l r
t r m c l e u
n z b o m - k r d e
n z t u - z v z - k r d e
