n a b z m i p e l e
b z a m u
n a o k l a t i t r - m o p q g r
n a p i p x - l z b q n g
n z r p i b z
t z m u p e - n g r d r
t r r l r - n g r p l e u
n z a l v c - k r g r
m n c t x p e
t q v o t x - n g r p w z
t q a l v c t r - l z b q p e
t z y a p x p e n g
n z r p i b z
e s z ' n e
n z k q b l q p x - k r m c
n a o b q - k a p q p x
t q v z k i p x
n z v z p x m q n g
n z v z m i - k r g r
t q v z - n g r m l e
t q v z t x
t q y r k r p e n g r
n a y r k r t x
t z a o l v z - a t e b z
p i p x - l z b q
t q o p x p e - n g r d e
n a a g l q a m u
n z g l q l z - m o u l r
n z a g l q - k r b z k r
a g l q t r p q g r
n z t e k q t r n g r
r n i p e x
n z a b z o k r
t z o d u t r - l x b l r - m o u n g
y a p w x t i - z p w x m a m u
t q v z t r - m o p w z k r
y r b u t i p e n g
n z r p i b z
t z y a p x p e n g
n z g l q o l r
n z o - z l i o - k r g r
n a o p e - k a i x
n z o t r n g r
t r n z m c p e l r u
m c - k z a m u
m c p x m l e
t r m c p e l e u
n z m c p e - k z p z
t q m c t i p e k r
n z m c p x b z l r
t q v z t r - m o p w z k r
t q v z t r - m o p w z k r
n z y c t i k r
n z r p i b z
t q r t a n g r n e
n a r t w z m
n z r l z - k r b z l e
t z m c p x p e b z l r
n z r k a l z m q n g q
k x n z y a g o x n g
t q d w a p l r k r n g
m n r g r
n z b z - k r g r
n z y r p u t i p x k r
n z o b q - k a p q k r
n z o b q p x b z
o b q o b z
s c m
t q a s u p e b z
t r s u k a
n z t a v e t r l r
m r b r l z m
n z w z t r n g
n a n g r l r t r k i
t r n a n i b q l e u
n z d w a t r - m o u - k r g r
k r l z p e b z k r
y r l z o
t q a s u p e b z
t z r l x n g i t i n g
k a l z m l e
t z m w i p x - n g r m
n z k a p x m l r
n z k a l z - n g r m l r l e
n z r k a t i p x m q n g
n z k a t x - k r b z l e
n z r t r n g r t i o l r
n z d w a t r - k r g r
k c n g p e
n z e s z ' m z n g
t z n g r l r k i o p e l r
t q w q p e
l v c - a l z u p q
n a y c t i p x m
a b r t z l v z k r
n a y a - p w z - t i p e x
t q n g r l r p x p e k r
y r w i t x - k z l e
t z m n c t x - a l o p e n g
n z m e l z - k r m e
r k a l z m g r
b z a m u
t q r p n a p e - n g r m l e
t q n g r l r p e k r
t z k r l z p e - a t e l r
n z w z - k r n g e
t z v z p e - k a i n g
t z v e c p e n g
t z v z p e - k a i n g
n z r p w ' a - k r d e
t z m n c t x - a l o p e n g
t q y c n g r
t q o t i p e m l e
t z v z p e - k a i n g
n z y a p w x - k r d r
t q v z - n q b l q n e n e
n z a b r t z l v z l r
n a p i t x t r - m o p o
t q v z - n q b l q n e n e
k c m a
t q v z t r - m o p w z k r
v o t r p z k r
t q n g r l r p x p e k r
t z v z p e - k a i n g
t q m n c - n g r d e
t q v z - n q b l q n e n e
t q v z - n q b l q n e n e
n z y a p w x - k r g r
t z v o p e
n z w z - k r n g e
n z o t r p z n g
t z v z p e - k a i n g
t z k r l z p e - a t e l r
n a m n c - k a p q n g r
n a m n c - k a p q n g r
n z w z t r n g
t q v z - n q b l q n e n e
t z v z p e - k a i n g
t q v z - n q b l q n e n e
n a m n c - k a p q n g r
t q v z - n q b l q n e n e
t r b o i u
n z m w a - k r g r
t z m u p e - n g r d r
t r t e n g e
n a m n c - k a p q n g r
r m c t i - n g r g r l e
t q v z - n q b l q n e n e
t q n g r l r p e k r
t q m c p e b z k r
t z m w i - n g r d r
t q v z t r - m o p w z k r
t z r y z k r n g
t q n g r l r p x p e m
t q v z m i t r p e l e n g
t z m u p e - n g r d r
t q v z m i t r p e l e n g
t z v z p e - k a i n g
m e i t x t a t x p x
t q m c p e k r
t q r m c t i p e k r
n z v z p e - k r d r
n z w z - k r n g e
t z v z p e - k a i n g
k x n a m u
t q m w i - n g r g r
n z v z k a i - k r g r
n a - a e n z l i m g r
n a p i t x t r - m o p o
n z t a o k r
n a m n c n e - n g r g r
r m c t i - n g r g r l e
n z b z - k r g r
t q v z m i t r p e l e n g
t r v z n e - k a k r
n z v z k a i - k r g r
t q w a i p e x
t z v z p e - k a i n g
n z v z p e - k r d r
t r v z n e - k a k r
t q m n c - n g r d e
n z w z t i - k r b z l e
t q v z m i t r p e b z l e
t r v z n e - k a k r
t u t i p x - n g r m
n z w z - k r n g e
t z r m c t i p e l r
n a p i t x t r - m o p o
t q v z m i t r p e l e n g
n a m n c t x p o
n a p i t r - m o u p o
t q v z m i t r p e l e n g
n z v z k a i - k r g r
t q v z m i t r p e b z l e
t q y r n i t x p e
t q v z m i t r p e l e n g
t z v z p e n g
t z v z p e - k a i n g
n z w z - z l w z - k r g r
t r v z n e - k a k r
t z m n c t x - a l o p e n g
t q v z m i t r p e b z l e
n z v z - k r g r
n z v z k a i - k r g r
n z k a l z m l r
r m c t i - n g r g r l e
t q v z m i t r p e b z l e
t r v z n e - k a k r
n e d r
n z r k a t x n g r
n a p i t r - m o u p o
n g r l r m i m l e
t q v z m i t r p e b z l e
t q v z m i t r p e b z l e
t q m c p e k r
t r v z n e - k a k r
n a p i t r - m o u p o
t q v z m i t r p e b z l e
t q n g r l r l z p e
t q v z m i t r p e b z l e
t u t i p x - n g r m
t q a s u l e
t q v z m i t r p e b z l e
t q m n c - n g r d e
n z p n a k i p x - m o u l r
n z a b r t z n g r
n z v z - z v z b z n g
y r n i t x
t q v z m i t r p e b z l e
t q m n c - n g r d e
m n c - m i p e - a m u
n z v z - z v z b z n g
t r v z n e - k a k r
t u t i p x - n g r m
t r k r l z w x u
r m c t i - n g r g r l e
n z o t i p e - k r m
m n c - m i p e - a m u
n a p i t r - m o u p o
k x m r n a
t q v z t r - m o p w z k r
n z v z n e p e l r
t z m n c - n g r d r
r m c t i - n g r g r l e
t r v z n e - k a k r
t q m c p e k r
t z a p u l r
n z v z - z v z b z n g
t z x l r o p e l r
n z m n c l z b z n g
