m c t x m
t z v z n e p e n g
t z v z k i n e d r
t z v z n e p e n g
t z v z p e
v z - z v z x
t q v z b o
t q v z b o
t z v z n e p e n g
t z v z n e p e n g
t z v z n e p e n g
v z - z v z x
m c p x m
t z v z n e p e n g
t z v z n e p e n g
n z v z k i o l r
t z v z n e p e n g
t z v z k i n e d r
t z v z n e p e n g
n z v z - k r b z k r
t q v z b o
t z v z n e p e n g
t z v z n e p e n g
t z v z k i n e d r
t z v z n e p e n g
t z v z n e p e n g
t z v z k i n e d r
t q v z b o
t z v z n e p e n g
m c t x m
t z v z n e p e n g
n z r p i l r
t q v z b o
n z v z - k r b z k r
n z r p i l r
n z v z - k r b z k r
t q v z b o
t q v z b o
t z v z k i n e d r
t q v z b o
t z v z n e p e n g
t z v z k i n e d r
n z v z - k r b z k r
v z - z v z x
t z v z k i n e d r
n z v z - k r b z k r
t q v z b o
m c t x m
t z v z k i n e d r
t q v z b o
t z v z k i n e d r
t u t i p x - n g r m
t z v z n e p e n g
t z m n c - n g r d r
t q v z b o
n z v z k i o l r
t z v z n e p e n g
t q t w z p e
t z v z k i n e d r
t z v z k i n e d r
n z v z k i o l r
t q v z b o
t z v z k i n e d r
t z v z n e p e n g
t q v z b o
t z v z n e p e n g
t q v z b o
n z v z k i o l r
t u t i p x - n g r m
n z r p i l r
n z v z - k r b z k r
t z v z k i n e d r
t q v z b o
n z v z - k r b z k r
n z v z k i o l r
m c t x m
n z v z k i o l r
n z v z k i o l r
n z v z - k r b z k r
n z v z k i o l r
n z v z k i o l r
t q v z b o
n z v z k i o l r
n z v z - k r b z k r
n z d w a o n g r
n z v z - k r b z k r
n z v z - k r b z k r
n z v z - k r b z k r
n a l i n g
n z v z k i o l r
n z v z k i o l r
t q v z b o
t z v z k i n e d r
t q v z b o
n z v z k i o l r
n z r n i b q n g r
t q v z b o
n z v z k i o l r
t z v z k i n e d r
m c p x m
n z v z k i o l r
n z v z k i o l r
n z v z - k r b z k r
m c l x n g
t q m n c - n g r d e
n z v z k i o l r
m c t x m
n z v z k i o l r
n a v z b z
t q p i b z
t q m n c - n g r d e
m c t x m
v z p e m
t q m n c - l x b l r p e k r
t z s i k l u n g
v z p e m
w x b u p x - n g r m
t q m n c - n g r d e
m n c l z - n g r m
t q p i b z
m n c l z - n g r m
m c p x m
n z v z k i o l r
m c t x m
t q v z b o
t u p x m
m n c l z - n g r m
m n c p e x
m n c l z - n g r m
t q v o b e
m c p x m
t q p i p e m
t q p i b z
t q p i b z
t q m w i t x p e
m n c l z - n g r m
t q p i b z
t q m w i t x p e
n z r m c t i l r
t z m n c - n g r d r
m c t x m
t u p x m
t q m n c - n g r d e
m c p x m
n z l x n g i t i - k r g r
n z r m c t i l r
t q m n c p e k r
t q p i b z
t q p i b z
n z w z t i - k r b z l e
t z m n c - n g r d r
t z r t w z - k z n g
m c p x m
t q v z m i t r p e l e n g
m c p x m
t u p x m
t q v z m i t r p e l e n g
n z r p i m l r
t q p i p e m
n z m n c l z b z
m n c p e x
m c p x m
n z v z n e p e l r
n z r m c t i l r
m c p x m
t q m c p e l e
m n c l z - n g r m
m w a k r
t z l v c - a t e n g
t q v z m i t r p e l e n g
m c p x m
t q p i b z
t q v z m i t r p e l e n g
n z r m c t i l r
t q p i b z
t z m n c - n g r d r
t z m n c - n g r d r
n z w z t i - k r b z l e
n z v z n e p e l r
n z o t i p e - k r m
n z w z t i - k r b z l e
n z r m c t i l r
n z y c m n e
t q m w i t x p e
t q v z m i t r p e l e n g
t q v z m i t r p e l e n g
t q v z m i t r p e l e n g
t q v z m i t r p e l e n g
n z v z n e p e l r
t q w z t i p e l e
m c p x m
t q v z m i t r p e l e n g
n z v z n e p e l r
t q v z m i t r p e l e n g
v o k r
n z r p i m l r
t q m c p e l e
n z v z n e p e l r
t q v z m i t r p e l e n g
n z r p i m
t q p i b z k r
m n c k r
t q v z m i t r p e l e n g
t q v o t x - n g r p w z
m n c p e x
t q v z m i t r p e l e n g
n z v z n e p e l r
t q p i b z k r
t q v z - n q b l q n e n e
n z v z n e p e l r
t q v z m i t r p e l e n g
n z v z n e p e l r
m n c p e x
n z v z n e p e l r
t q p i b z k r
n z v z n e p e l r
t z m w i - n g r d r
t q v z m i t r p e l e n g
n z v z n e p e l r
r t a n g r t i b z
t q v z m i t r p e l e n g
n z v z n e p e l r
t q v z - n q b l q n e n e
t q p i b z k r
t q m c p e l e
t z m w i - n g r d r
t z m w i - n g r d r
n z v z n e p e l r
t q p i b z k r
n z v z n e p e l r
t q v z m i t r p e l e n g
t q v z m i t r p e l e n g
n z v z n e p e l r
t q m u k r
t q m c p e l e
n z v z n e p e l r
t q p i b z k r
n z v z n e p e l r
n z v z n e p e l r
n z v z n e p e l r
t z l v c l z p e - n g r d r
n z v z n e p e l r
t u p x m
t q r k a l z p e - n g r m q g r
t q v z - n q b l q n e n e
t q v z - n q b l q n e n e
m n c p e x
t q v z - n q b l q n e n e
t q v z m i t r p e l e n g
n z v z n e p e l r
t z m r g e n g
n z m n c l z b z
n z m n c l z b z
t q p i b z k r
t q v z - n q b l q n e n e
n z y c m n e
n a m n c n e - n g r g r
t q v z - n q b l q n e n e
n z v z n e p e l r
n z r p i m
t q v z - n q b l q n e n e
t q v z - n q b l q n e n e
n z v z n e p e l r
n z m c t x p w z
t q v z - n q b l q n e n e
n z r p i b z
t q m c p e l e
n z r p i m l r
n z o b q p x b z
n a r t a n g r t i k r
t q v z - n q b l q n e n e
o t i l e
n a m n c n e - n g r g r
r p i l e
t z m u p e - n g r d r
t q m c p e l e
n z m c t x p w z
n a m n c n e - n g r g r
t q v z - n q b l q n e n e
t q v z - n q b l q n e n e
t q v z - n q b l q n e n e
n z r p i m l r
n a v z m i b z l e
t q v z - n q b l q n e n e
t q v z - n q b l q n e n e
v z k i m l e
t q v z - n q b l q n e n e
t q p i p e b z l e
r p i l e
n a v z m i b z l e
v z k i m l e
t q v z - n q b l q n e n e
v z p x b z k r
n z r p i b z
t q p i p e b z l e
r p i l e
t q r p i p e x
v z k i m l e
n a v z m i b z l e
t z m u p e - n g r d r
n z r p i b z
n z r p i b z
t q v z - n q b l q n e n e
t q t u l z
v z k i m l e
v z k i m l e
n z r p i b z
n a m n c n e - n g r g r
n a v z m i b z l e
n a v z m i b z l e
t q m w a p e
n a m n c t x p o
v z k i m l e
n a v z m i b z l e
n a v z m i b z l e
m w i t x k r
v z k i m l e
v z k i m l e
r p i l e
n a v z m i b z l e
t q p i p e b z l e
v z k i m l e
v z p x b z k r
v z k i m l e
v z k i m l e
v z k i m l e
n z w a i n e - n g r b z l r
v z k i m l e
n z r p i b z l r
v z k i m l e
n a v z m i b z l e
n a v z m i b z l e
n a v z m i b z l e
n a v z m i b z l e
v z k i m l e
v z k i m l e
t q p i p e b z l e
n a v z m i b z l e
v z p x b z k r
v z k i m l e
v z k i m l e
n z y c m n e - k r m
v z k i m l e
n z m c t x p w z
n a v z m i b z l e
v z p x b z k r
n z r p i b z l r
n a v z m i b z l e
n z m n c l z b z
n a v z m i b z l e
t q r p i p e x
v z k i m l e
t q w z t i p e l e
n a v z m i b z l e
n a v z m i b z l e
v z p x b z k r
n z y c m n e - k r m
t q p i p e b z l e
n a v z m i b z l e
n a v z m i b z l e
k x l i
v z k i m l e
v z p x b z k r
n a v z m i b z l e
n a m n c t x p o
v z p x b z k r
v z p x b z k r
t q v z b z k r
n a v z m i b z l e
n z p n a k i p x - m o u l r
n z r p i b z l r
r k a l z m q g r
t z m n c t x - a l o p e n g
t q v z t r - m o p w z k r
n z r p i b z l r
v z p x b z k r
n z r p i b z l r
n z y c m n e - k r m
n a v z m i b z l e
n a v z m i b z l e
v z p x b z k r
n z r p i b z l r
t q r p i p e x
v z p x b z k r
t z m n c t x - a l o p e n g
t z m n c t x - a l o p e n g
n z k r l z m l r
v z k i m l e
v z p x b z k r
p i b z l e
p i b z l e
t q y r n i t x p e
n a v z m i b z l e
t q v z t r - m o p w z k r
r p i l e
v z p x b z k r
t q y r n i t x p e
v z p x b z k r
v z p x b z k r
t q v z t r - m o p w z k r
v z p x b z k r
v z p x b z k r
t z m n c t x - a l o p e n g
v z p x b z k r
n a v z m i b z l e
n a v z m i b z l e
t q t u n e p w z
t z m n c t x - a l o p e n g
t q v z t r - m o p w z k r
t q v z t r - m o p w z k r
t q r p n a - n g r m
n z m c t x p w z
t q v z t r - m o p w z k r
n z m c t x p w z
t z m n c t x - a l o p e n g
v z p x b z k r
n a m n c t x p o
v z p x b z k r
t q v z t r - m o p w z k r
n z m c t x p w z
t q v z t r - m o p w z k r
k x l i
t q v z t r - m o p w z k r
t q v z t r - m o p w z k r
m n c t i k r
m n c t i k r
n z m c t x p w z
t q v z m i t r p e b z l e
r m c t i l e
t q v z t r - m o p w z k r
t q v z t r - m o p w z k r
r m c t i l e
m n c t i k r
p i b z l e
t q v z m i t r p e b z l e
n z d w a t r - k r d e
m n c t i k r
v z t r l e
p i b z l e
t q v z m i t r p e b z l e
t q v z m i t r p e b z l e
t z r t w z t i p e - k z n g
n z g l q o l r
t q v z t r - m o p w z k r
m n c t i k r
v z t r l e
v z t r l e
t q v z m i t r p e b z l e
t q v z m i t r p e b z l e
t q r p n a - n g r m
r p i l e
r m c t i l e
n z o t i - k r m l e
t q v z m i t r p e b z l e
t q v z m i t r p e b z l e
t q v z m i t r p e b z l e
n z a b r t z l v z l r
v z t r l e
t q v z m i t r p e b z l e
t q v z m i t r p e b z l e
t u t x l z m
v z t r l e
t q v z m i t r p e b z l e
v z t r l e
k x y r l z
r m c t i l e
t z m n c t x - a l o p e n g
v z t r l e
t q v z m i t r p e b z l e
o t i m
t q o t i m l e
v z t r l e
v z t r l e
v z m i o l e
n z r p i - a n i - k r m l e
t q o t i m l e
v z m i o l e
v z m i o l e
v z t r l e
v z m i o l e
v z t r l e
v z t r l e
v z t r l e
n z d w a t r - k r d e
v z t r l e
t q t u n e p w z
v z m i o l e
t q t u n e p w z
r m c t i l e
n z g l q o l r
r m c t i l e
v z t r l e
n z y a p w x - k r d r
v z t r l e
v z m i o l e
v z t r l e
r m c t i l e
v z m i o l e
v z m i o l e
n e d r
v z m i o l e
r m c t i l e
v z t r l e
t q n g r l r p x p e m
p i b z l e
n a r l z
v z m i o l e
m n c t i k r
v z m i o l e
v z m i o l e
n a p i b z k u
v z m i o l e
v z m i o l e
n g r d r
v z t r l e
t q t u n e p w z
v z m i o l e
v z m i o l e
v z t r l e
p i b z l e
t q n g r l r p x p e m
t q t w z o p e
t z r m c t i p e l r
v z m i o l e
n a p i b z k u
m c t r k r
v z t r l e
v z m i o l e
v z m i o l e
t q t u n e p w z
v z t r l e
v z m i o l e
n a p i t x t r - m o p o
n z a b r t z n g r
r m c t i - n g r g r l e
v z m i o l e
v z m i o l e
t z y a p x p e n g
n a p i b z k u
n a p i t x t r - m o p o
t q n g r l r p x p e m
t q x l r p e k r
v z m i o l e
v z m i m q
n a p i b z k u
t z r m c t i p e l r
n a m n c - k a p q n g r
n z y c m n e - k r d e
t q n g r l r l z p e
n a p i t x t r - m o p o
v z m i m q
t q n g r l r p e k r
n e d r
t q o t i p e b z l e
n a m n c - k a p q n g r
t q o t i m l e
v z m i m q
t z r m c t i p e l r
m r l x m q
t z r m c t i p e l r
v z m i m q
m c t r k r
m w i t x k r
m c t r k r
p w x p w z
v o m l e
t q o t i m l e
r m c t i p e k r
t z y c m n e - n g r p e m l r
v z m i m q
v z m i m q
v z m i m q
n z k q o - k r m
v z m i m q
t q n g r l r l z p e
r m c t i p e k r
v z m i m q
n z y c m n e - k r d e
n a p i t r - m o u p o
n z y c m n e - k r b o
v z m i m q
n a d w a p e k r
n z y a l z - k r g r
n a p i t r - m o u p o
t q r p i b z l e
r m c t i p e k r
v z m i m q
n a y a g o x n g
t q r p i b z l e
t q r p i b z l e
v z m i m q
t q l x n g i t i - a t e x
v z m i m q
n e d r
t q r p i b z l e
r m c t i p e k r
v z m i m q
t q o t i - a t e m
t q o t i - a t e m
r m c t i p e k r
v z m i m q
t q r p i b z l e
r m c t i p e k r
v z m i m q
v z m i m q
n a p i t r - m o u p o
n z y c m n e - k r d e
r m c t i p e k r
v z m i m q
v z m i m q
v z m i m q
r m c t i p e k r
v z m i m q
m c p o
t q v o t i t r p e m l e
t q r p i b z l e
n z y a l z - k r g r
t z y c m n e - n g r p e m l r
o t i b z
y c m n e p e
y c m n e p e
e s z ' n e
t q t r k a p e m
v z m i m q
v z m i m q
t u l z m c
m c p o
t r v z n e - k a k r
n a y c t i p x m
k r l z m g r
t q y r k r p e
t r v z n e - k a k r
t r v z n e - k a k r
o t i b z
m c l z k r
v o m l e
t q v o t i t r p e m l e
t r v z n e - k a k r
t r v z n e - k a k r
t q t r k a p e m
t r v z n e - k a k r
t r v z n e - k a k r
t r v z n e - k a k r
t r t q w z p e u
t r v z n e - k a k r
k r l z m g r
t r v z n e - k a k r
t r v z n e - k a k r
t r v z n e - k a k r
t r v z n e - k a k r
m c l z k r
t r v z n e - k a k r
t r v z n e - k a k r
d r t q n g e
m c l z k r
m c l z k r
m c l z k r
t u l z m c
m c l z k r
m c p o
t u n e p w z
t q y a p x p e b z
t r t q w z p e u
t u n e p w z
t q o l v x t i - a t e l e
t u l z m c
d w a l z m g r
n g r g u
m c p o
m c p o
d w a l z m g r
m c p o
m n c - e p e l z l e
t q r p n a p e - n g r m l e
m c p o
m n c - e p e l z l e
t u n e p w z
m n c - e p e l z l e
t q k r l z - a t e b z k r
m c p o
d w a l z m g r
w z t r p o
m c p o
m c p o
t q a y r n i p e
d r t w r d r
d w a l z m g r
m c p o
n z a b r t z k r
d w a t r k r
r k a l z m q g r
r p i o b z l e
r g l q k r
m n c - m i p e - a m u
k r l z p e b z k r
r p i o b z l e
a b r t z l v z k r
n a k a t x b z l e
t q y a g o x p e
d w a t r k r
d w a t r k r
r p i o b z l e
x l r k r
r p i o b z l e
t r k r l z w x u
r p i o b z l e
t u o m
t u o m
a t u l z n g r
x l r b z l e
v o t r p z k r
t u o m
t r n z p i - k r p o ' u
r p i o b z l e
n a y a p w x t i m l e
a t u l z n g r
a t u l z n g r
v o t r p z k r
a t u l z n g r
t r n z p i - k r p o ' u
n a y a p w x t i b o
v o t r p z k r
r p i - m o u p q l e
y r k r t x o
y z l u m c
k c m a
t q a s u p e b z
y a p x - z v z k r
r p i - m o u p q l e
y r k r p x b z l e
t r s u k a
t r s u k a
r p i - m o u p q l e
k c m a
y r l q b z k r
d a p u d e
e s z - k r d e
o b q o b z
k x t o p w z
a s u m i p e b o
t q a s u p e
y c - n r b a l q
x l r b z
y a n e - z v z k r
r k a t r p q
y a n e - z v z k r
s c d r
s c d r
e s z ' n e
e s z ' t i
