x l r b z l e
t q v z p x p e
n z v z - k r m
t q v z p x p e
n z r p i m l r
n z v z - k r m
d w a t r k r
x l r b z
n z v z k i o l r
n z v z k i o l r
n z v z p x b z n g
t z m n c - n g r d r
d z b e d e
t q p i m e
t q v z p e x
t q v z p e - k z x
t q v z p x p e
m n c t i k r
t q r p i p e x
m n c t i k r
t q v z p x p e
r p i o b z l e
t q v z p e - k z x
t q v z p x p e
n a n g i
t q o t i m l e
t q v z p x p e
t q v z p e x
t q v z p e - k z x
n z v z k i o l r
t q v z p e - k z x
t q v z p e x
n z v z - k r b o
n z n g i - k r d r
t q v z p e - k z x
t q v z p e x
t q r p i p e x
n z v z k i o l r
t q o t i - a t e m
n z v z k i o l r
r p i o b z l e
m r b r l z m
t q o t i m l e
d w a l z m g r
t q o t i m l e
t q v z p x p e
t u l z m c
n z v z k i o l r
n a l i n g
v z p x b z k r
t q m c p e x
t q v z p e - k z x
t q v z p e - k z x
t u t x l z m
w z t r p o
t q m c p e x
m n c t i k r
t q m c p e x
n z p n a n g
k r l z m l e
t u l z m c
v z p x b z k r
t q v z p e - k z x
t q v z p e x
t q m c p e x
m n c t i k r
n z v z k i o l r
n z v z - k r b o
a t u l z n g r
d w a t r k r
t q m c p e l e
t q p i b z k r
t z v z o p e n g
n z v z k i o l r
n z m n c l z b z
t q v z p e x
t q v z p e - k z x
m n c p e x
t q v z p x p e
t q r p i p e x
t q m c p e x
t q m c p e x
v z p x b z k r
t q r p i p e x
n z m n c l z b z
v z p x b z k r
r m c t i l e
t q r p i p e x
d w a l z m g r
n z t u n g r
n z v z - k r b o
n z v z k i o l r
n z p i l z l r
n z r p i m l r
r k a t r p q
r m c t i l e
n z r p i b z
e s z ' n e
t q v z p x p e
v z m i o l e
n z r p i b z
e s z ' n e
t q p i b z k r
t u o m
v o t r p z k r
t q v z p e - k z x
t q v z p e x
v z k i m l e
t q m c p e l e
v z k i m l e
t q v z p x p e
t q t u n e p w z
n z r p i l r
r p i o b z l e
v z m i o l e
v z p x b z k r
v z k i m l e
t q m c p e x
n z r p i l r
t q v z p x p e
n z r p i m l r
m n c t i k r
t q v z p e - k z x
v z p x b z k r
v z p x b z k r
n z v z - k r b o
t q p i m e
n z m n c l z b z
t q p i m e
v z m i o l e
v o t r p z k r
n a p i b z k u
d w a t r k r
r m c t i l e
t q p i m e
t z v z o p e n g
r m c t i l e
v z p x b z k r
t q p i m e
v z t r n g r
v z t r n g r
r m c t i l e
t q t u p x m
v z t r n g r
m n c t i k r
v z p x b z k r
r m c t i l e
v z t r n g r
v z p x b z k r
v z t r n g r
k r l z m g r
r m c t i l e
v z p x b z k r
n z t u n g r
n z r p i l r
v z m i o l e
v z p x b z k r
v z k i m l e
t q p i m e
t u o m
n z r p i b z
n z m n c l z b z
n z r p i b z
v z m i o l e
v z k i m l e
n z r p i b z
v z k i m l e
v z k i m l e
v z k i m l e
v z k i m l e
v z k i m l e
v z k i m l e
v z k i m l e
v z m i o l e
v z k i m l e
m c l x n g
v z k i m l e
a s u m i p e b o
t u p x m
v z k i m l e
v z t r n g r
v z p x b z k r
v z k i m l e
n z r p i l r
v z k i m l e
v z k i m l e
v z k i m l e
v z t r n g r
v z m i o l e
t q v z b o
v z t r n g r
t q p i b z k r
n z r p i m l r
v z t r n g r
v z t r n g r
v z m i o l e
n z r p i m l r
v z p x b z k r
v z t r n g r
t q p i m e
r m c t i l e
t q t u p x m
v z k i m l e
m c k r
v z m i o l e
t q m c p e x
n z m c t r
m c l x n g
m n c p e x
p i b z l e
m c t r k r
m c l x n g
t q t u p x m
m c l x n g
v z m i o l e
v z k i m l e
n z t u n g r
m c l x n g
n z m c t r
r g l q k r
v z p x b z k r
v z m i o l e
n z m n e t i
v z m i o l e
t q v z b e
t q t u n e p w z
n e d r n g
v z p x b z k r
n z r p i m l r
v z p x b z k r
m c t r k r
m n c p e x
m c l z k r
v z m i o l e
m n c p e x
y r n i t x
p i b z l e
m c t r k r
v z m i o l e
t u o m
t q t u n e p w z
v z m i o l e
x l r k r
n a l i n g
t q r p i p e x
t q r p i p e x
p i b z l e
t q m c p e
v z m i o l e
m c l z k r
m c l z k r
n a k a b z
t q r p i p e x
t q p i p e m
m n c p e x
p i b z l e
m c t r k r
t q p i p e m
t q p i m e
m c t r k r
b r n g e
n z t u n g r
m c t r k r
t q p i p e m
n a v z n g
v z m i o l e
n a v z n g
t q p i m e
n a v z n g
m r k c n g
n a v z n g
n a v z n g
t q p i p e m
n a v z n g
n a v z n g
n a m c l e
n a v z n g
n a v z n g
v z m i o l e
n z m c t r
x l r k r
n a v z n g
t q a s u l e
n a v z n g
k x t o p w z
t r t e d r
m c t r k r
y z l u m c
n z m c p x
p i b z l e
m c p x m
t q p i p e m
m c p x m
e s z ' t i
m c p x m
k x l i
t q t u p x m
n a v z n g
m n c p e x
n e m u n g
m c p x m
t q t u p x m
m w i t x
v z m i m q
r p i l e
r p i l e
n z m c t r
k c m a
n a v z n g
n a m w i
v z t r n g r
t q m u k r
k c m a
m c t x m
n e d r
t q p i p e m
v z t r n g r
t q p i b z
v z t r n g r
m c t x m
v z m i m q
m c t r k r
m c t x m
m c l z k r
v z t r n g r
m c t x m
m c t x m
n a v z n g
m c l z k r
n a v z n g
n a v z n g
n z m c p x
n a v z n g
o t i b z
r p i l e
k x p c
n z m c p x
s u t x
m c t x m
v z t r l e
s c d r
v z t r l e
v z t r l e
o t i b z
v z t r l e
v z t r l e
n z m c p x
v z t r l e
v z t r l e
v z t r l e
v z t r l e
v z t r l e
v z t r l e
v z t r l e
v z t r l e
v z t r l e
r p i l e
v z t r l e
m c t x m
r p i l e
t q m u k r
a p u l e
m w i t x
m c l x
k x l i
k x t o p w z
e t u t x
n a v z b z
y c m n e p e
v e x
v z t r l e
y c m n e p e
n z m c p x
v z - z v z x
t q p i b z
n z r p i m
v z t r l e
v z m i m q
t q v z b o
t q v z b o
t q v z b o
t q v z b o
o t i m
t q v z b o
v z m i m q
t q v z b o
e t u t x
t q v z b o
t q v z b o
v z m i m q
v z m i m q
v z m i m q
v z m i m q
s c d r
m c l x
v z m i m q
t q v z b o
v z m i m q
t q v z b o
t q v z t r - m o p w z k r
v z m i m q
t q v z t r - m o p w z k r
t q v z b o
t q r p i b z l e
t q v z b o
t q v z b o
t q v z b o
v z - z v z x
m c t x m
n a v z b z
n a v z b z
v z k r
n a v z b z
n a v z b z
n a v z b z
r p i l e
t u p x m
v z m i m q
m c l x
t u p x m
m c p o
t u p x m
m c p o
m c p o
m c p o
m c p o
t z m c t x p w z
t u p x m
v z - z v z x
t z v z p e - k a i n g
t q v z b o
t q p i b z
m c p o
m c l x
v o m l e
m w i t x
y a g o x t x
t u p x m
t q v z m i t r p e l e n g
m c p o
t q v z m i t r p e l e n g
t q v z m i t r p e l e n g
t q v z m i t r p e l e n g
v z m i m q
t q v o b e
t q v z - n q b l q n e n e
l i p e
n z y c m n e - k r m
t q v o t i t r p e m l e
t q n g r l r p e k r
m c p o
v z - z v z x
v z p e m
v o m l e
v z - z v z x
v z - z v z x
t u p x m
n z v z - z v z b z n g
t q r m c t i p e k r
v z - z v z x
y c p x
t u o m
v z - z v z x
n z m n c t x p w z
n z v z n e p e l r
k x e t u
t q v z - n g r g r
n z p n a
t q m r l z
t u o m
v z - z v z x
v z t x
v z p e m
v z - z v z x
t q v z - n g r g r
n a v z b z
v z p e m
t q v z p e m g r
v z p e m
v z t x
t z v z k i n e d r
n z v z - k r m
n z v z - k r m
v z p e m
v z p e m
t q a y r n i p e
t q m w i t x p e
t z v z n e p e n g
n z v z p x b z n g
t z v z p e - k a i n g
v z t x
n a v z b z
n g r d r
n a v z b z
n a v z b z
v z p e m
v z p e m
n z v z - k r m
t z v z k i n e d r
t q a s u p e b z
m c p o
n z v z p e n g
t q p i b z k r
t z m w x l r n g
v z p e m
v z p e m
t q p i b z k r
n z v z p e n g
n z v z - k z n g
n z v z p e n g
v z p e m
t z v z p e - k a i n g
n z t a v e t r
n z v z p e n g
t q a s u p e
n z v z k i l r
n z v z p e n g
n z v z k i l r
v z p e m
t z v z - n g r
n a v z b z
n a v z b z
n z v z p e n g
v z p e m
n z v z k i l r
n z v z k i l r
n a v z b z
n z v z p e n g
n a v z b z
v z m i m q
n z v z k i l r
n z v z k i l r
v z p e m
n z v z b z n g
n z m c k r
t q r p i b z l e
n z m c k r
v z p e m
n z w z k r
t z v z - n g r
v z p e m
t q v z p e b z
v z p e m
t u n e p w z
t q v z p e b z
v z p e m
n z v z b z n g
n z v z b z n g
t q v z p e b z
v z p e m
n z m c k r
t q v z p e b z
t q v z p e b z
t q v z p e b z
t q v z p e b z
v z p e m
n z m c k r
v z t x
t q v z b o
t q a s u p e
t q v z p e b z
n z m n c k r
v z t x
t q v z p e b z
n z w z k r
t q v z p e b z
n z v z b z n g
t q v z p e b z
t q v z p e m
v z p e m
n z m c t r
t q v z p e m
n a v z b z
t q v z p e b z
t q v z p e m
n z m c k r
t q p i b z k r
t q p i b z k r
t q m n c
n z y r l q
t q v z p e m
n z v z b z n g
n z v z b z n g
t u o m
t q v z p e b z
n z v z b z n g
n z v z b z n g
n z v z b z n g
n z v z b z n g
n z v z b z n g
n z v z k i l r
n z v z k i l r
n z v z b z n g
v o m l e
n z v z k i l r
n z v z b z n g
t q v z p e
n z v z k i l r
t q v z p e
n z v z b z n g
n z v z b z n g
n z v z b z n g
n z v z b z n g
t q m n c
v z t x
n z v z b z n g
t q v z p e
t u o m
t q m e i p x
t q v z p e m
t z v z p e
n z v z k i l r
n z v z k i l r
n z v z k i l r
t q m n c
n z v z k i l r
n z v z k i l r
v z t x
v z t x
n z v z k i l r
t q v z p e m
n z v z - k r b o
t u n e p w z
v z t x
t q v z b o
n a t r k a - z l w z l e
v z t x
t q p i b z
t q p i b z
n z m c t r
t q p i b z
t z v z p e
t q v z p e m
m c p x m
v z t x
t u n e p w z
m c p x m
n z a n g i o
m c p x m
t q m n c
n z o - k r m
v z t x
v z t x
t u n e p w z
v z t x
t q v z p e m
s c m
n z y c m n e
t q m n c
n z y c m n e
n g r d r
t q t u l z
m c l x
t q v z b o
t q v z b o
t q v z t r - m o p w z k r
m c l x
n z m c t r
v o k r
n z v z
t z y r n i n e t r p e b z n g
v z x
v z x
v z x
v z x
v z x
v z x
v z x
v z x
v z x
v z x
n z v z p e n g
v z t x
n z v z p e n g
n z v z p e n g
n z v z p e n g
n z v z p e n g
n z v z p e n g
n z v z p e n g
n z v z p e n g
n z v z p e n g
n z v z p x b z n g
n z v z p e n g
t q v z p e
v z x
v z t x
v z x
v z x
v z x
t q v z p e
v z x
v z t x
v z x
t q v z p e
t q v z p e
v z x
t q v z p e
t q v z p e
t q v z p e
t q v z p e
t q v z p e
t q v z p e
n a v z
t q v z p e
n z v z b z n g
n z v z b z n g
t z v z p e
t q v z p e m
t z v z p e
t z v z p e
t z v z p e
n z v z b z n g
t q v z p e
t q v z p e m
t q v z p e
t q v z p e m
t q v z p e
t z v z p e
t z v z p e
t z v z p e
t q v z p e m
n z v z
n z v z
n z v z
t q v z p e m
n z v z
n z v z
n z v z
t q v z p e m
t q v z p e
n z v z
n z v z
n z v z
n z v z
n z v z
n z v z
n z v z
t q v z p e m
n z v z
n z v z
t q v z p e m
t q v z p e m
t z v z p e
t z v z p e
t z v z p e
t z v z p e
t z v z p e
n z v z
n z v z
n z v z
