t q v z t r p e
t q v z p e - k z x
n z a t a k i
t q v z p e - k z x
t z s i k l u t i
t q v z p e - k z x
m z l e d e
y r w i t x - k z l e
t q m n c - l x b l r p e k r
t z m a t q
t q r y r - n g r n e
k x m a t q
d r t a ' d r
t q k r l z p e l e
t q y a p x p e b z
n z r m c t i l r
s c d e
s c g r
e s z ' n e
t q p r t r p e b z k r
v z b z
n z l x n g i t i - k r d r
t q v z p e x
t z v z p e - k a i n g
n z a y o n g r
t r m n c k r u
n z t u - z v z - k r d e
t q o l v x t i p e l e
n z v z n g
n a n g q t x k r
n a r y z k r - n g r g r
o s o p x b z k r
y z l u m c
n z w r k x t r n g r
m r t u t x
n z l x p l z t x
t q a b r t z - z v z - n g r g r
n z k a t x - k r d e
k x p l c
t z p n a t i b z l r
t r s u k a
t q m c p e x
n z w z t i - k r b z l e
n z w z - k r g r
t r r l r - n g r p l e u
t z t w z o p e l r
b o o n g r
t q m c p e l e
n z k r k a ' p x - k r m l r
n z m c o m l r
t q v o t x - n g r p w z
t a b c - z v z k r
t q m c p e l e
n a a g l q a m u
n z a b r t r - k r b z k r
a b r t z t x - n g r g r
n a k q t x o m
n z k q o - k r m
t z m c n g r
t z k u k i r p e l r
t z l v a b e t r p e b z
n z d w a t r - k r g r
n a k i l z b z l e
x l r b o l e
t z v z p e - k a i n g
t z m u p e - n g r d r
m w a k r
n z y o l x o m l r
t q r k a l z p e - n g r m q g r
t q p z l e
t q t w z o p e
t q m z n r l x p e
o b q t r p z
o b q k i m c
t q m c p e k r
n a k a b o
n z t e k q t r n g r
r p w a ' - n g r b z
n a r t w z o b z
n z w z t i - k r b z l e
t q v z - e t r - n g r d e
n a v z - n q b l q l e
n a v z m g r
t q v z d z p e - n g r m g r
t q b z p e
n a k a t x b z l e
n z y a - z v z n g
n z v z
n z v z
n z v z
v z x
v z x
v z x
v z x
v z t x
n z v z
v z t x
n z v z
n z v z
n z v z
n z v z
v z t x
v z t x
m c l x
m c l x
m c p o
v z t x
m c p o
v o m l e
m c p o
o t i m
v z p e m
v z p e m
v z p e m
m c l x
m w i t x
v z p e m
t u p x m
v z p e m
v o m l e
v z p e m
v z p e m
v z p e m
v z p e m
m c l x
v z p e m
v z p e m
v z p e m
t u p x m
m w i t x
m c t x m
v z p e m
m c t x m
m c p o
m c l x
r p i l e
t q p i m e
t u p x m
m c t x m
m w i t x
r p i l e
v z p e m
m c t x m
v z p e m
m c p o
m c l x
e t u t x
m c t x m
t u p x m
m c t x m
r p i l e
o t i m
m c t x m
t q p i m e
m c t x m
m c l x
v z m i m q
n a v z b z
n z m c p x
n a r l z
t q m n c
n a v z b z
n z m c t r
n a v z b z
n a v z b z
m n c p e x
m n c p e x
n a v z b z
m n c p e x
n z m c p x
n z m c p x
n z m c t r
v z t r l e
n a m r l z
n z m c p x
t q v z p e
n a v z n g
t q m n c
v z t r l e
v z - z v z x
p i b z l e
t q v z p e
n a v z n g
m c t r k r
n a v z n g
t u n e p w z
p i b z l e
n a v z n g
m c t r k r
n a v z n g
n a v z n g
t q v z p e
m c l z k r
t q v z p e
t q v z p e
n a v z n g
n a v z n g
k x t o p w z
m c t r k r
m c l z k r
m c t r k r
t z v z p e
t q v z p e
n z m c k r
x l r k r
m c l z k r
m c t r k r
n z m c k r
t z v z p e
t q v z p e
m c l z k r
t z v z p e
t z v z p e
t z v z p e
n a v z n g
m c t r k r
n z m c k r
m c p x m
m c p x m
n z m c p x
n z m c k r
t q p i m e
t q m n c
t z v z p e
n a v z n g
t z v z p e
t u n e p w z
t z v z p e
t z v z p e
n z m c k r
p i b z l e
t q v z p e
m c l x n g
t z v z p e
t q v z p e
x l r k r
n z m c k r
t z v z p e
t q v z b o
t q p i m e
t q v z b o
t q v z b o
t q p i m e
m c p x m
t q p i m e
m c l x n g
t q v z b o
m r b r t x
t q v z b o
m c p x m
