n z a l v z t r n g r
t e k a t r t x b z l e
n z n g r l r m i p x b z l r
t q t o p w z b e - n g r n e
n z a m a - k r d e
t q y r p l a t r n g r
n z - z p q t r - k r d r
n z a b r t z - z v z n g r
n z a c l v e - k r b o
n a r l r - n g r m e
t q r p n a l z m
t q v z b e
t q y c m n e - n g r g r
n z a b r t z - z v z n g r
k x n z s i k l u
n z v z p e k r
v z t x p e - n g r d e
v z t r p z
n a a g l q b z l r
a y c n g r l r - a l o l e
n a n g i p e
n z r n g i s c - k r d e
n a r l x t i b z m e
n z b z s z n g
t q m z n r p e
r k a m
t q r l x t i p e b z k r
r g l q p x k r
t r n z y a g o x - k r g r u
t q m n c - l x b l r p e k r
d w a s x p x - k z p q g r
n a r l x t i t x - p w z k r
n z r p i - a n i - k r m l e
t z y c m n e - n g r p e m l r
t z l v a b e t r p e b z
n a e s z ' m z n g
t z y c m n e t r p e - n g r d r
n z r m a l v z - k r g r
n a p i p x - l z b q n g
t q v z m i t r p e l e n g
n z d w a t r - k r g r
n a b z d r
t z y a p w x t i p e b z l r
t q v z m i t r p e l e n g
t q v z m i t r p e l e n g
n z m n c - k r d r
t z y r n i n e t r p e b z n g
t q v z m i t r p e b z l e
t q v z m i t r p e l e n g
t z y c m n e - n g r p e m l r
n z v z k a i - k r g r
n a m n c n e - n g r g r
n a y a g o x n g
n a v z n g r
l c d e p w z
n a m n c - k a p q n g r
n a m n c n e - n g r g r
t z n g r l r k i o p e l r
n a p i p x - l z b q n g
n a a g l q p e k r
t z p x i b e n g
n z n g i - k r d r
t q n g r l r p x p e k r
n z v z k a i - k r g r
n a a g l q b z l r
n a o k i l r
n a p i t r - m o u p o
t z v z p e - k a i n g
n z y c m n e k r b z
a m r b r t r l e
t r n z p i - k r p o ' u
r y a p w x - z v z k r
t q r k a l z p e m g r
n z v z k a i - k r g r
t r k q o p q l e u
n z y a l z - k r g r
t z v z p x p e b z n g
t z v z p x p e b z n g
n z a t u p x - n g r m
n z p n a t i - k r b z m u
n z y c m n e - k r b o
t z m n c - n g r d r
t z m r g e p e n g
t q d w a p l r k r n g
n z t u - z v z - k r d e
n z v z - k r b z k r
b r n g e
n a m n c - k a p q t r n g
n z m n c t x p e p w z
t q m n c t x p w z k r
m n c t x p w z k r
n z l x n g i t i - k r d r
n z y c m n e - k r m
n a r y z k r - n g r g r
n a k a t x b z l e
n z v z - z v z b z n g
n z v z - z v z b z n g
n z v z - k r b z k r
n z t u - z v z - k r d e
m n c - e p e l z l e
n z v z p e - k r d r
n z m n c l z b z n g
t r v z n e - k a k r
t q v z - n g r g r
t q v z - n g r g r
r p i - m o u p q l e
n z m u - k r d r
t q m c p e k r
y a o m q g r
t q m c p e k r
t z r m c t i p e l r
t q n g r l x o p e
n a v z m i b z l e
t z v z k i n e d r
t z v z k i n e d r
t z v z k i n e d r
t z v z k i n e d r
t q v z p e x
t z v z k i n e d r
r l i l r m u
a b r t z l v z k r
t q y r p u t i p x p e
y a p x - z v z k r
n z v z - n g r m l r
n z v z k i o l r
n a e s z ' m z n g
m n c - e p e l z l e
t q m u - n g r g r
n z v z - k r n g e
t q r p i b z l e
n z v z - k r n g e
t q m z b l q p x m
n z k r l z m l r
n z v z - n g r m l r
y z l u m c
r p i - m o u p q l e
t q v z p e b z k r
n z v z - k r n g e
t q r p i b z l e
t q r p i b z l e
m n c l z - n g r m
t q v z p e m g r
w z t r p o
n z o p x - n g r m
t q v z p e m g r
d w a l z m g r
t q r p i b z l e
n z n g i - k r d r
n z d w a o n g r
n z v z k a i - k r g r
n a b o m l r
a l w z n q l e
n z m n c l z b z
n a l i n g
n z v z - n g r m l r
n z v z n e p e l r
t q v z p e - k z x
t z v z p e - k a i n g
t q m w i t x p e
t q v z p e - k z x
a t u l z n g r
k r l z m g r
t z s i k l u t i
t q v z b o
t q v z b o
n z v z k i l r
t q p i p e b z l e
t q v z b o
t q v z b o
n a m n c t x p o
t q v z b o
t q v z b o
t q m c p e l e
t q v z b o
r m c t i p e k r
n z v z k i l r
t q v z b o
t q m c p e l e
n z v z k i l r
n z y r l q
n z v z k i l r
t q r p i p e x
t q r p i p e x
t q r p i p e x
t q v z b o
t q m n c - n g r g r
t q v z b o
n z a b r t z k r
n z v z b z n g
t q v z b o
n z v z b z n g
n z v z b z n g
n z v z k i l r
n z v z b z n g
t q o t i - a t e m
t q v z p x p e
t z v z - n g r
n z v z p e n g
n z v z k i l r
n z v z k i l r
n z v z k i l r
t q v z b o
n z v z p e n g
n z v z k i l r
n z v z p e n g
t z v z - n g r
n z v z b z n g
n z v z b z n g
n z v z p e n g
t q v z b o
t z v z - n g r
n z v z k i l r
n z v z k i l r
n z v z p e n g
n z v z k i l r
n z v z k i l r
n z r p i m l r
t q v z b o
n z v z k i l r
a l v z t r l e
n z v z k i l r
n z v z k i l r
t q v z b o
n z r b o m k r
n z v z p e n g
t z v z o p e n g
t q v z b o
t q v z b o
n z v z k i l r
n a p i b z k u
n z v z k i l r
n z v z k i l r
n z v z k i l r
n a p i b z k u
t q v z b o
t q v z b o
t z v z o p e n g
t z v z o p e n g
e s z ' n e
t q r p i p e x
n z v z - k z n g
t q v z p e b z
n z v z - k z n g
t q v z p e b z
n z v z b z n g
n z v z b z n g
n a p i b z k u
t q v z p e b z
n z v z p x n g
n z v z b z n g
