g l a l z l e
n a b z t r k i
n a - a d r v r - n g r b o
n a r l x t r p z k r
n z t c n g r l z k r
n z l v c n e - k r d r
t z l v c n e n g
n a n g r l r k i t r l r
t q y a p x p e b z
t z p n a t i b z l r
t z r t w z t i p e - k z n g
t q l u - n g r g u
t z v z o n g
v z - z v z k r
v z k i p e m l e
t q v z p e - m o u k u
v z - n q b l q m
n z a b r t z - z v z n g r
n z b z t i - l x b l r n g
k x t o p w z
t z y r n i n e t r p e b z n g
v e c l e
n z r t a n g r t i - k r d r
t q r k a b z
n z p r t r - k r n g e
y r l q t x - m o u x
k r l a
n z a l v z t i n g
n z r m c t i n e d r
n z d w a t r - k r g r
n z x l r - k r g r
n z b a o - k r d e
n z r p i - a n i - k r m l e
m n c t i o m g r
t z m n c t x - a l o p e n g
t z m n c t x - a l o p e n g
m w x l r t i - z l w z k r
s c g r
t q a m r b r t r p e l e
n z m w i p e - k r n g e
t q v z - n q b l q n e n e
t q m n c - l x b l r p e k r
t q v z m i t r p e b z l e
t q v z m i t r p e l e n g
t q v z m i t r p e l e n g
t q v z m i t r p e b z l e
n z r k a t x - k r d r
t q v z m i t r p e l e n g
t q v z m i t r p e l e n g
n z v z - r b r - k r d r
k c p e
t q v z m i t r p e l e n g
t q v z m i t r p e b z l e
t q v z - n q b l q n e n e
t q v z - n q b l q n e n e
t q v z - n q b l q n e n e
t q v z - n q b l q n e n e
t q v z - n q b l q n e n e
n z w z t i - k r b z l e
t q v z t r - m o p w z k r
n z t u - z v z - k r d e
p l a m e i t x d e
n z o b q p x b z
t q l u x
t q v z t r - m o p w z k r
t q v z - n g r g r
n a m n c - k a p q n g r
t q v z m i t r p e b z l e
n z y c m n e k r b z
t q v z m i t r p e b z l e
t q v o t i t r p e m l e
n z y a l z - k r g r
n z v z - z v z b z n g
n z v z - z v z b z n g
n a y a p w x t i m l e
t z m c t x p w z
t q v o t i t r p e m l e
d r k a ' n g
t q v z - n g r g r
n c b l o   k c
n z v e c k r
m w i - l x l r t x p w z m u
m n c - e p e l z l e
t q v z - n g r g r
a b r t z l v z k r
t z v z p x p e b z n g
t u t i p x - n g r m
t r v z n e - k a k r
t q v z - n g r g r
t r v z n e - k a k r
t q n g r l r p e k r
n z v z - k r n g e
y a n e - z v z k r
n z v z k a i - k r g r
n z v z - n g r m l r
t q r m c t i p e k r
n z v z - k r n g e
n a l i
t z m n c - n g r d r
t z v z n e p e n g
t q t w z p e b z l e
n z y c m n e - k r m
n z v z p e - k r d r
n z v z - k r b z k r
t r v z n e - k a k r
t q n g r l r l z p e
t q t u n e p w z
n z v z k a i - k r g r
t q y r n i t x p e
t z v z k i n e d r
t q m n c - n g r d e
t q p r t r p e b z k r
n z y c m n e - k r n g e
x l r b z l e
n a p i t r - m o u p o
n z v z - k r b z k r
t z l v c m l r
m n c l v z r n g r
n z p c t i k r
t q t u n e p w z
n z v z
t q t u n e p w z
t q p i p e b z l e
n z a b r t z n g r
n z g l q o l r
t z v z n e p e n g
t q w z t i p e l e
m n c l v z r n g r
r k a t r p q
n z a o l v z b z l r
n z v z p e - k r d r
n z v z - k r b o
n z v z - k r b o
t z v z k i n e d r
t q p i b z k r
t z v z p x p e b z n g
r k a l z m
t q l x n g i t i - a t e x
t q a y r n i p e
t z v z k i n e d r
t q t u n e p w z
t z v z p e - k a i n g
n z v z p e n g
n z v z p e n g
n z v z p e n g
n z v z - k z n g
t z v z o p e n g
t z v z o p e n g
m c k r
t z r t a n g r p e
t z v z p e - k a i n g
n z v z k i o l r
n z v z k i o l r
n z v z - k z n g
n z v z k i o l r
n z v z k i o l r
n z v z p x b z n g
n z v z k i o l r
n z v z k i o l r
n z v z b z n g
n z v z k i o l r
n z v z k i o l r
n z v z k i o l r
n z v z k i o l r
t z m w x l r n g
n z v z k i o l r
n z v z k i o l r
n z v z k i o l r
n z g l q o l r
t q v z p e b z
n z v z n g r
n z w z k r
t q m c p e x
t q a s u p e b z
n z m n c l z b z
n z m n c l z b z
t q v z p e m g r
t q v z p e m g r
t q v z p e m g r
n z v z n e p e l r
t z a n g i o l r
n z v z p e n g
t q v z p e m g r
n z v z p x b z n g
n z v z - k r b o
n z m n c l z b z
n z v z p x b z n g
n z v z - k r b o
n z v z - k r b o
n z v z - k r b o
n z v z - k r b o
n a t r k a - z l w z l e
n z v z p x b z n g
t q r p i p e x
r p i o b z l e
t q v z p e m g r
t q m u - n g r g r
v z t r n g r
t q v z p e b z
v z t r n g r
t q v z p e - k z x
v z t r n g r
v z t r n g r
n a m n c t x p o
r p i o b z l e
n z p i l z l r
n z v z n e p e l r
v z t r n g r
t q v z p e - k z x
r p i o b z l e
n z m u - k r g r
t q v z p e x
d z b e d e
t q v z p e x
n z v z n e p e l r
a t u l z n g r
t q m c p e x
d r t q n g e
t q r p i p e x
v z p x b z k r
n z v z - k z n g
t q v z p e - k z x
v z t r n g r
t q v z p e - k z x
t q v z p e x
v z t r n g r
n z v z - k z n g
v z t r n g r
t q v z p e b z
m n c t i k r
n a v z m i b z l e
n z v z b z n g
t q m c p e l e
n a v z m i b z l e
n z v z p x b z n g
v z t r n g r
t u o m
n z v z b z n g
n a v z m i b z l e
n z v z b z n g
t q v z p e - k z x
t q v z p e x
t q m c p e x
n z v z b z n g
t q v z p e b z
n z m n c l z b z
n z v z b z n g
n z v z b z n g
t q v z p e - k z x
t q v z p e x
