r k a t r p q
w z t r p o
k x l r p r
t q t u n e p w z
t q t u l z
m n c - m i p e - a m u
m w i t x
m r l x m q
t q t u n e p w z
d w a l z m g r
t z r m c t i p e l r
n z r m c t i l r
a t u l z n g r
n z w z t i - k r b z l e
r m c t i - n g r g r l e
t z m n c t x - a l o p e n g
d w a l z m g r
m c l x
v z m i m q
m c p x m
m c p x m
t z r m c t i p e l r
t q v z t r - m o p w z k r
m c l x
t q v z t r - m o p w z k r
v z m i m q
t r v z n e - k a k r
v z m i m q
t r v z n e - k a k r
t r v z n e - k a k r
v z m i m q
l v c - a l z u p q
n a y a g o x n g
m c l x n g
n a p i b z k u
n a p i b z k u
m n c p e x
t z m n c - n g r d r
v z - z v z x
v z - z v z x
v z - z v z x
v z - z v z x
v z - z v z x
t q t w z p e
n z m n c l z b z
y c m n e p e
m c t r k r
m n c l z - n g r m
n z k r l z m l r
n a k a t x b z l e
m c t r k r
v z t x
v z p x b z k r
t q v z m i t r p e l e n g
v z t r l e
v o m l e
t q v z m i t r p e l e n g
t q v z - n q b l q n e n e
v z p x b z k r
t z a y o t i
t q t w z o p e
t q m c p e l e
v z t r l e
t q m c p e l e
v z p x b z k r
v z t r l e
t z s i k l u n g
t q v z - n q b l q n e n e
v z m i o l e
t q r p i b z l e
n z t u - z v z - k r d e
n z y a p w x - k r d r
t q r p i b z l e
t q v z m i t r p e b z l e
v z m i o l e
t z y c m n e - n g r p e m l r
p i b z l e
t q v z m i t r p e b z l e
v o m l e
t u l z m c
v z m i o l e
n z v z - k r b o
n z v z - k r b o
t q r p i p e x
n z v z p e - k r d r
t z y c m n e - n g r p e m l r
t q a m r l z
t q m n c
m n c k r
n z y c m n e - k r b o
n z d w a o n g r
k r l z m g r
t q m n c
n a m n c n e - n g r g r
n z v z p e - k r d r
n a v z m i b z l e
n z m n c p e n g
t z v z o p e n g
n z y c m n e - k r m
n z v z - k r b z k r
t q m n c - l x b l r p e k r
n a v z m i b z l e
n z v z - k r b z k r
t q x l r p e k r
n z y r b q - k z n g
v z t r n g r
n z m c k r
b r t i t x
t q v z b o
k r l z m g r
v z t r n g r
n a v z m i b z l e
n z l x n g i t i - k r d e
n z m u - k r g r
t z v z p x p e b z n g
n z m w i p e - k r n g e
t z v z p x p e b z n g
n z v z - k r b z k r
t q p i b z
n a v z b z
t q v z b o
t q v z b o
t z r t w z t i p e - k z n g
n z v z n e p e l r
n z v z k i o l r
n z t u - z v z - k r d e
n z m w i n g r
n z v z n e p e l r
n z v z k i o l r
n z v z - k r m
n z v z - z v z b z n g
n z v z - z v z b z n g
t z v z n e p e n g
n z r p i l r
n z v z n e p e l r
v o m l e
n a v z n g
t q p i p e m
n z v z n e p e l r
n z v z k i o l r
n z o l v x t i - k r d e
k r l z m g r
t q p i p e m
t q n g i
t q v z p x p e
v z p e m
o t i b z
n a r l z
t q v z p x p e
t z v z - n g r
t q v z p e b z
v z p e m
t z v z - n g r
n z p r p x n g r
n z v z - n g r m l r
n z v z p x n g
n z v z k i l r
t q v z - n g r g r
t q v z - n g r g r
t q v z p e b z
n z a n g i o - k r d r
t q v z p e m g r
n z v z
n z v z p x b z n g
n z v z p x b z n g
n z v z p x b z n g
m a l e l e
t z l v c - a t e n g
n z v z p x b z n g
t z v z p e
t z v z p e
n z v z
y r k r p x b z l e
t q o t i - a t e m
n z k q l u k r
n z v z b z n g
t q v z p e m
t q y a g o x p e
n a l i
n z v z p e n g
n z v z p e n g
t q v z p e m
v o m l e
n z b o m l r
n z m c - k r d e
t q m c p e b z k r
t q v z p e
y c m
t q y r n i p e x
n z m u - k r d r
t q d w a p l r k r n g
r k a l z m g r
r k a l z m q g r
r k a l z m q g r
t q d w a p l r k r n g
n z v z - r b r - k r d r
t z m c n g r
n z r m c t i - k r d r
e t u t x
n z e s z ' m z n g
o t i m
n z n g i k r
y z l u m c
o t i m
n z l v c p e n g
n z m w a - k r g r
n a e s z ' m z n g
n z k a t x - k r d e
y z l u m c
m w a k r
k x t r k a
t q a e n z l i k r
t q y r p u t i p x p e
a l w z n q l e
k x t r k a
e t u t x
m r l z p e
n z b a o - k r d e
r k a t r p q
b r n g e
n z d w a t r - m o u - k r g r
n z n g i k r
t q t r k a p e m
n z m a - n q b l q l r
n z r t a n g r t i - k r d r
t q r t a n g r n e
y a n e - z v z k r
n z p n a n g
n z p i l z l r
n z a n g i o
t z r l x n g i t i n g
t r n z k q l u - k r p e p w q g r u
k x e t u
t r n z p i - k r p o ' u
n z n g i - t r p e n g r k r
n z w z - z l w z - k r g r
p w x p w z
t r n z k q l u - k r p e p w q g r u
t q a m z l r p i p e l e
n z m u - k r d r
t z a n g i o l r
m e i t x t a t x p x
n z y r p u t i p x k r
n z r t a n g r t i - k r g r
n z w z - k r g r
d a p u d e
n a p i t x t r - m o p o
t z n g r l r k i o p e l r
n a n g r l r t r k i
d r t q n g e
