n a v z n g
t z v z p e - k a i n g
s c d r
r p i - m o u p q l e
t q y r n i p e x
t q v z p e m g r
n z v z - k r n g e
t z v z n e p e n g
n z v z - k r m
n z r p i m
n a v z n g
t q v z p e m
n z v z b z n g
n z v z k a i - k r g r
n z v z k i o l r
t q t u p x m
v z m i m q
t z r p i p e l r
b z a m u
v z m i m q
n z v z - z v z b z n g
n z v z p x n g
t q v z - n g r g r
n z r p i m
n z v z k a i - k r g r
t q p i m e
t q v z p x p e
d w a l z m g r
m c t x m
n z v z - k z n g
n z v z p e n g
n a v z n g
n z v z b z n g
n z v z - k r b o
t q m n c - l x b l r p e k r
t z v z o p e n g
t q m w i p e k r
t q v z b o
n z v z - k z n g
t r v z n e - k a k r
t q a l v c - l z b q - n g r g r
n a p i t x t r - m o p o
t q r k a l z p e - n g r m q g r
n z v z k a i - k r g r
n z v z p e - k r d r
n z v z b z n g
m c k r
n z r m c t i l r
t q v z p e m
t q v z m i t r p e b z l e
t u p x m
t z v z p x p e b z n g
n z v z - k r n g e
n z r p i m l r
t q m n c - n g r d e
m c p o
r m c t i l e
t q r m c t i p e k r
t q v z m i t r p e l e n g
n z v z - k r n g e
n z v z - k r b o
t z r y z k r n g
v z t r k r
t q m n c
t z v z n e p e n g
t z y c m n e - n g r p e m l r
t z v z k i n e d r
v z t r n g r
t q r p i p e x
t z y c m n e - n g r p e m l r
t z v z - n g r
n a v z n g
n z r m c t i l r
v z - z v z x
t q v z m i t r p e l e n g
m c t r k r
n z v z - k r m
n z v z p e n g
d w a t r k r
t z k u k i - n g r d r
n z v z k i l r
r p i l e
n a v z m i b z l e
t q v z - n g r g r
n z v z k i l r
t q v z p e x
t q a s u p e
n z v z n e p e l r
m c t r k r
v z t r n g r
t q v z - n g r g r
t q v z m i t r p e l e n g
t q p i p e b z l e
n z v z - k z n g
y r l q t x b o
t z r k a l z p e m
n a l i n g
t q v z p x p e
v z p e m
t q v z - n g r g r
v z t x
m c l x
v z k i m l e
d r l z d e
r g l q p x k r
n a p i t x t r - m o p o
t u p x m
r g l q p x k r
n z r p i l r
n a m n c - k a p q n g r
n z v z - k r b z k r
t z v z p x p e b z n g
t q v z m i t r p e b z l e
v z m i o l e
t z v z o p e n g
n a v z b z
t q v z - n q b l q n e n e
n a v z m i b z l e
n z m n c - k r n g e
t z v z n e p e n g
v z k i m l e
n z v z - z v z b z n g
v z x
n z v z n e p e l r
t z v z n e p e n g
n z v z p e - k r d r
t q v z p e m
v z - z v z x
v z t r n g r
v z m i m q
n z v z p x b z n g
n a v z m i b z l e
n z v z
t r v z n e - k a k r
n z v z b z n g
n z v z p e - k r d r
n a v z m i b z l e
t q v z t r - m o p w z k r
v z t r l e
l v c - a l z u p q
n a k r k a ' - z v z k u
t z v z o p e n g
n z v z - k r b o
t q v z p e m g r
t r v z n e - k a k r
v z x
n z v z - k r b z k r
n z v z k i l r
v z k i m l e
t z v z p x p e b z n g
v z t x
m c p x m
m n c t i k r
n z v z
n z v z
t q v z b o
t q n g r l r l z p e
t q v z t r - m o p w z k r
n z v z - n g r m l r
v z - z v z x
v z k i m l e
r m c t i - n g r g r l e
t q v z - n g r g r
t z v z n e p e n g
v z k i m l e
t q y r n i t x p e
t r v z n e - k a k r
t z v z n e p e n g
t q m w x l r p e k r
t z v z - n g r
n z v z p e n g
m c l z k r
n z v z b z n g
v z p e m
t q v z - n g r g r
v z - z v z x
t r n z p i - k r p o ' u
n z p n a k i p x l r
n z r p i m l r
t r v z n e - k a k r
v z t r n g r
x l r k r
m c t x m
t z v z p e - k a i n g
n z v z k i o l r
t r v z n e - k a k r
t z v z - n g r
t q v z m i t r p e l e n g
t q v z m i t r p e l e n g
m c l x n g
t q v z p e
t q v z m i t r p e b z l e
n z v z - k r m
t r v z n e - k a k r
n z v z n e p e l r
t u n e p w z
t q r g l q t i k r
t u l z m c
t q t u p x m
m n c p e x
n z v z - k r n g e
t q v z p e x
m c t x m
n z v z p e n g
n z r p i l r
n z v z - k z n g
n z v z p e n g
n z v z p x b z n g
n z v z - k r m
t q a y r n i p e
m c p x m
t q r m c t i p e k r
n z v z p e - k r d r
v z k i m l e
t q v z p e x
t q v z t r - m o p w z k r
n z v z - k r m
n a p i t x t r - m o p o
n z v z
n z v z k a i - k r g r
p i b z l e
n z r p i - a n i - k r m l e
n z v z p e - k r d r
t q v z p x p e
v z k i m l e
t z v z o p e n g
t q v z b o
v z t x
t q m n c - n g r d e
n z m c k r
t q v z m i t r p e b z l e
n z v z k i l r
t q v z - n q b l q n e n e
t q v z p e m
t q v z - n q b l q n e n e
n z m c p x
v z t x
t q v z m i t r p e l e n g
t q t u n e p w z
t q v z - n g r g r
v z x
t q v z m i t r p e b z l e
t q v z - n q b l q n e n e
v z m i m q
r m c t i l e
n z v z p x n g
t q v z - n g r g r
n z r p i m
t z v z p e
m c l x
