m c p o
m c p o
m c l x
m c l x n g
m c p x m
r p i - m o u p q l e
n a p i t r - m o u p o
t q v z p x p e
v z m i o l e
t q v z m i t r p e b z l e
v z m i o l e
n a p i t r - m o u p o
n a p i t x t r - m o p o
m n c p e x
n z m c t x p w z
n z m c p x
n z m c p x
v z m i m q
v z m i o l e
m c t x m
t q v z - n q b l q n e n e
t q p i p e b z l e
v z p x b z k r
v z p x b z k r
v z x
v z x
o t i b z
r p i o b z l e
r p i l e
t q m n c - l x b l r p e k r
t q m n c - l x b l r p e k r
r m c t i p e k r
d w a t r k r
t z v z p e
t z v z p e
v z t x
t z v z p e
t z v z p x p e b z n g
t q m c p e k r
t z v z p x p e b z n g
t z v z k i n e d r
t z v z p x p e b z n g
n z w z - k r n g e
t z r m c t i p e l r
t z v z p e
t q p i m e
n z r m c t i l r
n a v z b z
t q p i p e b z l e
n a v z m i b z l e
r p i o b z l e
t q p i p e b z l e
v z t r n g r
v z t r l e
t q r p i b z l e
t q v z m i t r p e l e n g
n z y a p w x - k r d r
n z v z k i l r
t q v z m i t r p e l e n g
n z v z k i l r
n z v z - k r m
n z v z - k r m
n z m c k r
t q v z m i t r p e l e n g
n z v z k i l r
t r v z n e - k a k r
n z m c k r
t q v z p e m g r
t q m c p e x
n z v z - k r m
t z r m c t i p e l r
n z r p i - a n i - k r m l e
t z v z p e - k a i n g
n z m c k r
n z m c k r
t q m c p e l e
n z v z - k r m
t z y a p x p e n g
n z v z - k r n g e
n z y a p w x - k r d r
n z m c k r
t q v z p e m g r
n z v z - k r m
m c t r k r
n z v z
n z m c k r
n z v z - k r m
n a n g r l r t r k i
t q v z p e b z
t q v z p e
n z v z - k r m
n z v z - k r b z k r
t z v z p e - k a i n g
n z y a p w x - k r d r
t q v z t r p e
n z m c k r
t q v z p e
t q v z p e m
n z v z
n z v z
t u t i p x - n g r m
t z v z n e p e n g
t q v z p e
n z v z - k r b z k r
t q v z p e
t q v z p e
t q m c p e x
t q m c p e x
t q v z p e b z
t q v z p e m
t q v z p e m
n z v z - k r b z k r
t q v z p e m
n z m c k r
t z v z n e p e n g
n z v z
n z v z p x b z n g
n z r p i b z l r
n z v z p x b z n g
t q v z p e m
t q v z p e
n z v z
t q v z p e
n z v z n e p e l r
n z r p i m l r
n z v z p x b z n g
t q v z p e m
t q v z p e m
n z v z - k z n g
t q v z p e m
n z v z
n z v z
t q r p i p e x
n z v z
t q y a p x p e b z
n z v z
t q v z p e m
n z r p i l r
n z v z k a i - k r g r
t q p i p e b z l e
t q m c p e x
t q v z p e m
t q v z p e
n z v z - k z n g
n z v z
t q t w z p e
n z v z
n z m c k r
t q t u l z
t q v z p e
n z v z
n z v z
n z v z
t q v z - n g r g r
t q v z - n g r g r
n z v z
t q v z p e m
n z v z - k r b o
n z v z - k z n g
n z v z - k z n g
t q m c p e x
n z v z
n z v z
t q v z p e m
n a v z n g
t z v z - n g r
n z v z n e p e l r
t q v z p e m
t q v z p e m
t q v z p e
t q v z p e m
n a v z n g
t z v z - n g r
n z v z p e n g
t z v z - n g r
t z v z - n g r
t z v z - n g r
n z v z p e n g
t q v z - n g r g r
n z v z p x n g
t z m w i - n g r d r
t q r k a l z p e m g r
t z v z - n g r
n a v z n g
n z v z p x n g
t q m n c
t q v z p e m
n z v z p e - k r d r
n a v z n g
n a v z n g
n z a b r t z - z v z n g r
n z v z p e - k r d r
n z v z p e n g
t z v z - n g r
t z v z - n g r
n z v z p e - k r d r
t z v z - n g r
t z v z - n g r
t z v z - n g r
n a v z n g
t q v z p e - k z x
n a v z n g
t z v z - n g r
n z p r p x - k r d r
t q v z p e - k z x
t q v z p e x
t q v z p e x
t z m n c - n g r d r
n z p i l z l r
t q v z p e - k z x
t z m n c - n g r d r
n z v z - z v z b z n g
t z m n c - n g r d r
n z v z - z v z b z n g
n z v z - z v z b z n g
n z r m c t i - k r d r
t z m n c - n g r d r
n z r p w ' a - k r d e
n z v z - z v z b z n g
n z v z - z v z b z n g
n z v z - z v z b z n g
n z v z - z v z b z n g
n z v z - z v z b z n g
n z v z - z v z b z n g
n z v z - z v z b z n g
n z v z - z v z b z n g
t q v z p e - k z x
t q v z p e x
n z v z - z v z b z n g
t q v z p e - k z x
t q v z p e x
v z - z v z x
t q n g r l r p x p e k r
n z m n c - k r d r
n z y c m n e - k r d e
t q v z p e - k z x
t q v z p e x
n z v z - z v z b z n g
n z v z - z v z b z n g
n z w z t r n g
n z v z - z v z b z n g
n z l v c p e n g
t q v z p e x
n z y c m n e - k r d e
t q v z p e x
t q v z p e x
n z v z - k r d r
t q v z p e - k z x
t q v z p e x
t u p x m
