r p i - m o u p q l e
m w i t x k r
n a p i t r - m o u p o
n z r p i - a n i - k r m l e
t q t u l z
x l r k r
x l r k r
n a p i b z k u
r p i o b z l e
o t i l e
t u t i p x - n g r m
n z d w a t r - k r d e
n z d w a t r - k r d e
n z d w a t r - k r d e
t q t u n e p w z
m w i t x k r
m c p o
n a m n c - k a p q n g r
t q p i b z
t r v z n e - k a k r
t r v z n e - k a k r
t q p i b z
m c p o
t q v o b e
y r n i t x
m c t x m
n z r p i m
v z m i m q
t r v z n e - k a k r
m c t x m
t q p i b z k r
v z m i m q
v z m i m q
n a m n c t x p o
v z m i m q
t q n g r l r l z p e
t z m n c t x - a l o p e n g
v z m i m q
t q v o t i t r p e m l e
n z r p i m
y r w i t x - k z l e
t z m n c t x - a l o p e n g
t q p i p e b z l e
n z a b r t z n g r
t q m w a p e
t q n g i
n z m c t x p w z
t q v z t r - m o p w z k r
v z m i o l e
t q v z - n q b l q n e n e
t q v z m i t r p e b z l e
t z m n c - n g r d r
t q v z b o
t q v z m i t r p e b z l e
t q v z m i t r p e b z l e
v z k i m l e
t q v z m i t r p e b z l e
t q v z m i t r p e b z l e
t q v z - n q b l q n e n e
t q v z - n q b l q n e n e
t q v z - n q b l q n e n e
m n c l z - n g r m
t q v z - n q b l q n e n e
t z m n c - n g r d r
t q m n c - n g r d e
t q m n c - n g r d e
n z m c t x p w z
n z p r p x - k r d r
m c l z k r
n z y c m n e - k r d e
m c l x
m c p x m
m c p x m
n a v z m i b z l e
n a v z m i b z l e
n a v z m i b z l e
t z m n c - n g r d r
t z v z k i n e d r
a t u l z n g r
t q p r t r p e b z k r
t q m n c
n z v z - k r b o
m n c - k a p q - n g r g r
n z v z - k r b o
m n c p e x
s u t x
t z m n c - n g r d r
r k a l z m
v z t r l e
n g r l r m i m l e
t q v z m i t r p e l e n g
t q m n c
n z v z - k r b o
n g r l r m i m l e
v z t r l e
t q m n c - n g r d e
n z m c t r
n z y c m n e
n z y c m n e - k r d e
n z v z k i o l r
t q m c p e x
t q v z p x p e
t q m c p e k r
n z y a p w x - k r g r
t z v z p x p e b z n g
n z v z k i o l r
n z v z k i o l r
v z - z v z x
t z v z p x p e b z n g
n z v z k i o l r
n z w z k r
t z v z p e - k a i n g
v z t x
t q m n c - n g r d e
n a v z b z
v z t x
t z v z p e - k a i n g
n z v z p e - k r d r
n z v z - k r b z k r
v z t r n g r
t z a p u l r
n z v z - k r b z k r
v z t r n g r
t q m c p e x
n z v z p e - k r d r
t q v z p e b z
n z v z k a i - k r g r
t q m r b r
n z y c m n e - k r n g e
n z v z n e p e l r
n z p r p x - k r d r
n z v z n e p e l r
n z v z n e p e l r
n z v z n e p e l r
n z v z k a i - k r g r
t q a l v c - l z b q - n g r g r
n z v z - n g r m l r
v z x
n z w z t i - k r b z l e
n z v z k i l r
n z v z k i l r
t z x l r o p e l r
v z x
n z v z k i l r
t z v z n e p e n g
t q v z p e m
t q m n c - l x b l r p e k r
t q v z p e m
t z v z p e
t q v z - n g r g r
t q v z p e
t q v z p e m
v z x
n z t u n g r
t q v z p e m g r
t q v z p e m g r
t q v z p e m g r
n a v z n g
t q v z - n g r g r
n z v z p x b z n g
t q k r l z - a t e b z k r
n z v z p x b z n g
t q v z p e m g r
n z v z - k r n g e
n z v z - z v z b z n g
t z t a v e l r
n z v z p x b z n g
n a v z n g
t z v z - n g r
n z v z - k r n g e
v e c l e
n z v e c k r
a t u l z n g r
n z v z - k z n g
n z v z - k z n g
n z v z - k z n g
n z v z
m c k r
n z v z b z n g
n z v z b z n g
n z v z
n z v z b z n g
n z v z p e n g
t q k q l e p e b z l e
n z v z p e n g
n z v z b z n g
t q m c p e k r
t q r m c t i p e k r
d r t q g r
t r n z p i - k r p l e u
n z d w a t r - m o u - k r g r
m q n g r m
n c b l o   k c
n z w z - k r g r
n z y a p w x - k r d r
t q m u - n g r g r
a t u l z n g r
n c n q n g q
k x k q l u
x l r b z l e
n z p n a n g
n z p n a t i - k r b z m u
r k a t r p q
n z r p w ' a - k r d e
n z r n i b q n g r
v o m l e
a l v z t r l e
n z m u - k r g r
n z l v c n g
t q y a g o x p e
n z x l r - k r g r
n z w z - k r g r
n z n g i - k r d r
t w z q
t z r t w z t i p e - k z n g
n z y a g o x - k r d e
n z d w a t r - m o u - k r g r
n z d w a t r - k r g r
t z s i k l u n g
p w r k i l v c - n g r g r
n z x p e n g r
o t i m
n z n g i - k r d r
n z b z - k r g r
t z a y o t i
t z p r p x p e n g
n z p r l x l r
n z m u - k r g r
d w a - r b r l z - n g r m q g r
n z v z n g r
n z m u - k r g r
n z d w a t r - m o u - k r g r
n z d w a t r - k r g r
x l r b z l e
k r l z m g r
n z y r l q
r m c t i - n g r g r
t q r k a l z p e m g r
n z a o l v z b z l r
n z a b z o k r
t q t w z p e b z l e
t z r t a n g r p e
n z p r t r - k r n g e
n z s i k a p u - k r d e
m w x l r t i - z l w z k r
t z r y z k r n g
t q m r t u - n g r d e
k q l e p e l e
t q r k q t i p e
t r k q o p q l e u
