r m c t i l e
t q v z p e b z
t q y r n i p e x
t q v z p e b z
t q p i b z k r
d w a l z m g r
t q v z p e b z
t q v z p e b z
d w a l z m g r
t q v z p e b z
n z v z b z n g
n z r m c t i l r
v z k i m l e
t q v z p e b z
d w a l z m g r
t q y r n i p e x
n z v z b z n g
v z k i m l e
t q v z p x p e
d w a l z m g r
t z v z k i n e d r
d w a l z m g r
n z r p i m l r
k z t e n g e
d w a l z m g r
n z m n c p e n g
v z k i m l e
v z k i m l e
a b z o k r
v z k i m l e
n z v z - k z n g
t q v z p e b z
t q v z p e b z
t q v z p e b z
t z v z o p e n g
t q v z p e b z
v z k i m l e
r p i o b z l e
n z m u n g r
n z v z - k z n g
b z t i p e d e
v z k i m l e
v z k i m l e
n z v z - k z n g
v z k i m l e
v z m i o l e
v z m i o l e
t q v z p x p e
v z m i o l e
t z v z - n g r
n a v z n g
t z v z - n g r
t q v z p x p e
d w a t r k r
n e d r n g
t z v z - n g r
t z v z - n g r
t q v z p x p e
t q v z p x p e
t q v z p x p e
t z v z - n g r
t q v z p x p e
t q v z p x p e
t q v z p x p e
v z p x b z k r
n z l v c n g
t q v z p e m
t q v z p e m
t q v z p e m
t q v z p e m
t q v z p e m
t q v z p e m
t q v z p e m
t q v z p e m
t q v z p e m
t z v z k i n e d r
t q v z p e m
t q v z p e m
t q v z p e m
t q v z p e m
v z t r n g r
t q v z p e m
v z m i o l e
t q v z p e m
t z v z - n g r
t q v z p e m
t q v z p e m
t z v z - n g r
t z v z - n g r
t q v z p e m
t z v z - n g r
t z v z - n g r
v z k i m l e
t z v z - n g r
p i b z l e
v z p x b z k r
v z t r n g r
v z t r n g r
t q m c p e x
t z v z - n g r
v z m i o l e
v z m i o l e
v z m i o l e
v z p x b z k r
t q l i p e
p z t i t x k r
v z t r n g r
v z m i o l e
p i b z l e
v z m i o l e
v z m i o l e
v z t r n g r
v z m i o l e
v z t r n g r
v z t r n g r
v z p x b z k r
v z t r n g r
t q v z p x p e
x l r b z l e
v z t r n g r
v z t r n g r
v z t r n g r
v z t r n g r
n z v z p x n g
n z v z p x n g
n z v z p x n g
n z v z p x n g
r p i o b z l e
n z v z p x n g
n z v z p x n g
n z v z p x n g
n z v z p e n g
n z v z p e n g
v z p x b z k r
n z v z p e n g
n z v z p e n g
n z v z p e n g
y r l q t x b o
v z p x b z k r
x l r b z l e
n z r p i m l r
v z k i m l e
t q v z p x p e
t q v z p e m
n e g u n g
t q m c p e l e
n z r p i m l r
v z p x b z k r
t q v z p x p e
v z t r n g r
v z t r n g r
v z t r n g r
v z t r n g r
t q v z p e b z
v z m i o l e
n z v z p e n g
t q v z p e b z
v z t r n g r
n z v z p e n g
v z t r n g r
n z v z p e n g
n z v z p e n g
n z v z p e n g
t q v z p e b z
v z t r n g r
v z t r n g r
n z v z p e n g
v z t r n g r
n z v z p e n g
n z v z p e n g
n z v z p e n g
v z t r n g r
n z v z p e n g
t q v z p e b z
n z v z p e n g
v z t r n g r
n z v z p e n g
n z v z p e n g
n z v z p e n g
n z v z p e n g
x l r k r l e
a t u l z n g r
t q v z p e b z
k r l z m g r
t r m c w x u
v z m i m q
t z m n c n g r
n z p i l z l r
v z m i m q
x l r b z l e
n z r p i b z
m c l z k r
n z r p i m l r
k x t r k a
n a v z n g
n z r p i b z
n z r p i b z
n z r p i l r
n z m c k r
m c l z k r
m c l z k r
m c t r k r
n z r p i l r
m c t r k r
n z r p i l r
t q p i m e
m c t r k r
n z v z p e n g
n z v z p e n g
m c l z k r
m c t r k r
t q p i m e
m c l z k r
o b q o b z
m c l x n g
m c l x n g
m c l z k r
t q v z p e m
m c l z k r
t u l z m c
n z v z - k r b z
t z v z - n g r
t z v z - n g r
t q v z p x p e
m c l x n g
e s z ' n e
t z v z - n g r
t z v z - n g r
t z v z - n g r
m c - k z a m u
t z v z - n g r
m c l x n g
m c l z k r
n z r p i b z
x l r m l e
m c t r k r
t z v z - n g r
n z r p i m l r
v z m i m q
v z m i m q
n a v z n g
n z y c m n e
v z m i m q
n z r p i b z
m c l x n g
n a v z n g
n a v z n g
v z t r l e
n a v z n g
n a v z n g
m c l x n g
v z t r l e
n a v z n g
v z t r l e
n a v z n g
v z t r l e
m c t r k r
n a v z n g
n z b z n g
t q p i m e
n a v z n g
m c l x n g
x l r k r l e
l i p w z
m n c p e x
t u l z m c
y r k r t x o
n z v z p x n g
n z v z p x n g
n z v z p x n g
r g l q k r
m c l x n g
n z m c t r
n z m c t r
n z t q n g
n z m c t r
t q p i m e
n z m c t r
r m c t i l e
t q v o b e
t q b z p e
m w i t x k r
t r s u k a
m c l x n g
v z m i m q
v z m i m q
v z m i m q
t q v z p e
n a v z n g
v z t r l e
t q v z p e
t q v z p e
t q v z p e
t q v z p e
n a v z n g
t q v z p e
t q v z p e
t q v z p e
t q v z p e
t q v z t r p e
t q v z p e
t q v z p e
y r k r t x o
t q v z p e
d r l z d e
t q v z p e
v z t r l e
m n c t i k r
v z t r l e
v z t r l e
v z t r l e
t q v z p e
v z t r l e
t q v z p e
n z m c p x
n a v z n g
n a v z - k a i n g
n a v z n g
v z t r l e
v z m i o l e
n a v z n g
n a v z n g
v z t r l e
n z m c p x
v z t r l e
n a v z n g
t u t x l z m
p i b z l e
p i b z l e
v z t r l e
v z m i o l e
t z r p i p e
v z m i o l e
r g l q k r
p i b z l e
t q v z b o
t q v z b o
t q a s u p e
v z m i o l e
t z v z p e
t z v z p e
t q v z b o
t q v z b o
t z v z p e
t q v z b o
t z v z p e
t z v z p e
t z v z p e
t z v z p e
n z m c p x
w z t r p o
t z v z p e
t z v z p e
t z v z p e
t z v z p e
t z v z p e
t z v z p e
t z v z p e
t z v z p e
t q p i m e
n z v z n g r
t z v z p e
t z v z p e
n z m c t r
k r l z m l e
t z v z p e
r l x n g i t i l e
t z v z p e
y r n i t x
n a v z - k a i p o
n z m c k r
n z m c p x
p i b z l e
t r t e d e
v o t r p z k r
t q t u p x m
x l r k r
n z m c t r
m n c p e x
m c t x m
m n c p e x
m n c p e x
t u t x l z m
t q v z b o
t q v z b o
t q v z b o
n a v z b z
v z d e
t q v z b o
n z m c p x
t q a s u l e
t u t x l z m
n a v z b z
n z m c p x
y c m n e p e
t q v z b o
m n c p e x
n z m c p x
m n c p e x
t q v z b o
t q v z b o
m c t x m
m r b r l z m
t q v z b o
t q v z b o
t q v z b o
t q v z b o
t q v z b o
t q p i m e
t q v z b o
k q l u t x
t q v z b o
t q p i p e m
m c t x m
k c m a n g
y c m n e p e
m c t x m
t q t u p x m
m c t x m
v z t r l e
v z t r l e
n z r p i b z
m n c t i k r
n z r p i b z
n z r p i b z
o t i b z
n a v z b z
n a v z b z
r p i l e
n a v z b z
n a v z b z
m n c t i k r
n a v z b z
v z m i o l e
n a v z b z
t q p i b o
r p i l e
m c t x m
t q p i m e
r p i l e
m c t x m
r p i l e
t u t x l z m
o t i l e
t u l z m c
m c t r k r
n z y r l q
x l r k r
n a v z b z
v z t r l e
n z t u n g r
v z t r l e
v z t r l e
m c k r
t r t e g r
m n c - k a p q - n g r g r
n z m c k r
m c t x m
n z t u n g r
n z r p i l r
n z m c k r
t u l z m c
n a v z b z
m c t x m
n a v z b z
l i p e
t q t u l z
v z m i m q
m c t r k r
t q v z p e
a e l w a p x
v z m i m q
v z m i m q
t q v z p e
t q v z p e
v z m i m q
m c t r k r
y r n i t x
v z m i m q
t q v z p e
v z m i m q
v z m i m q
t u p x m
n z r p i l r
n z r p i l r
x l r k r
x l r b z
t q p i b z
m z l e n g e
b z t i p e d e
v z t r l e
v z p e m
n z p n z '
v z p e m
v z p e m
m r l z p e
v z p e m
v z p e m
v z p e m
v z p e m
v z p e m
v z p e m
v z p e m
v z p e m
t z r p i b z
v z p e m
v z p e m
v z p e m
v z p e m
v z p e m
v z p e m
v z p e m
v z p e m
v z p e m
v z m i m q
t z a p u l r
t q p i m e
t u o m
n z m c k r
n z y r l q
k x e t u
t q m r b r
m c p x m
t u p x m
t z v z p e
m c p x m
m c p x m
n a v z b z
m c p x m
v z t r k r
m c p x m
v z - z v z x
n e d r
m z l e d e
t q t u l z
v z - z v z x
t q p i b z
m c p x m
m c p x m
m c p x m
v z - z v z x
n g r d e
v z - z v z x
m c p x m
v z - z v z x
v z - z v z x
n z m n c k r
v z - z v z x
v z - z v z x
v z - z v z x
v z - z v z x
v z - z v z x
v z - z v z x
r p i l e
v z - z v z x
m c l e
v z - z v z x
v z - z v z x
v z - z v z x
t q p i b z
t q p i b z
m w i t x
b z t i p e d e
e s z ' n e
k x e t u
t u p x m
v o m l e
m c p o
b r n g e
k x e t u
t q p i b z
m c p o
m z t e
m c t x m
m c p o
n z t u n g r
t q p i b z
t q a m r l z
v z m i m q
m c p o
v z m q g r
v z m i m q
e t u t x
m c p o
t u o m
t q p i b z
t u p x m
m c p o
k x l i
v z k r
b z a m u
k r a p w x
o t i l e
t q t u l z
v o k r
t q p i b z
n g r d r
b z a m u
s c g u
n g r d e
n g r g u
m c l x
t q r p n a - n g r m
m c l x
m c l x
v z t x
m c l x
v z t x
v z t x
v z t x
n g r d r
n o u d e
m c l x
n z v z
m w i t x
v z t x
n z v z
n z v z
t r m c l e u
n z v z
m c l x
n z v z
n z v z
o t i m
v z x
v z x
v z x
v z x
e t u t x
v z x
v z x
v z x
v z x
v z x
v z x
v z x
v z x
v z x
v z x
v z x
v z x
v z x
t u o m
v z t x
v z x
v z t x
v z x
v z x
v z t x
o t i m
v z x
n z v z
v z t x
m c l x
n z v z
v z x
v z x
n z v z
t q n g i
n z v z
n z v z
n z v z
n z v z
n z v z
n z v z
v z t x
v z t x
v z t x
v z t x
v z t x
v z t x
v z t x
t q v z p e m
n z v z - k r m
n z v z - k r m
m c l x
n z v z - k r m
n z v z - k r m
n z v z - k r m
n z v z - k r m
n z v z - k r m
n z v z - k r m
n z v z - k r m
n z v z - k r m
n z v z - k r m
n z v z - k r m
n z v z - k r m
n z v z - k r m
n z v z - k r m
n z v z - k r m
n z v z - k r m
n z v z - k r m
n a r l z
n z v z - k r m
n z v z - k r m
t q p i p e m
n z v z - k r m
v z - z v z x
t q p i p e m
v z - z v z x
v z - z v z x
v z - z v z x
v z - z v z x
v z t x
m c l x
v e x
n z v z
n z v z
v z t x
v z t x
t u o m
y c - n r b a l q
t u n e p w z
n z r p i m
n a m w i
n z v z
t q p i p e m
v z t x
v z t x
t q a m r l z
t q p i p e m
t q p i p e m
t q r p w x m z
t q p i p e m
n a v z b z
n a v z b z
n a m w i
n z r p i m
n a m w i
t u n e p w z
n z r p i m
t u n e p w z
t q p i
t q n g i
n g r g r
v z x
t q m n c
t q m n c
t q m n c
t q m n c
t q m n c
t q m n c
t q m n c
t q m n c
n z m n c t x p w z
v z t x
n z v z
n z v z
n z v z
n a l i
