v z m i o l e
n a v z n g
n z v z p x b z n g
n z m c p x
t q v z p e x
v z m i m q
t q v z m i t r p e l e n g
n z v z
v z m i o l e
v z m i m q
t z v z p e
t z v z p e - k a i n g
y r l q t x b o
n z v z - k r n g e
n z m w i p e - k r n g e
v z m i o l e
m c t x m
n g r l r m i m l e
t z v z - n g r
t q n g r l r l z p e
m c p o
r m c t i l e
t q v z - n g r g r
n z a b r t z n g r
m c l x n g
n z v z k i o l r
d w a t r k r
t q p i m e
t z v z o p e n g
t q m n c - n g r d e
t q v z b o
t q v z - n g r g r
t z v z p e - k a i n g
n z v z p e n g
t q v z p e m
n z v z p x n g
t q p i m e
v z t x
t q v z t r - m o p w z k r
v z - z v z x
v z p e m
t q v z p e b z
n z v z n e p e l r
t z v z k i n e d r
n z v z p x b z n g
n z r p i m
t r n z p i - k r p o ' u
n z x l r b z l r l e
t q v z p e m g r
n z v z - n g r m l r
n z v z - z v z b z n g
t z v z k i n e d r
t q v z t r - m o p w z k r
v z x
v z p x b z k r
t q v z p e m
n z v z - k r b z k r
n z v z p e n g
m c t x m
n z v z
n z m n c p e n g
n z v z - k r b z k r
n z v z k i l r
n z e t u p e - k r n g e
n z v z k i l r
v z x
n z v z - k r b z k r
n z v z k i l r
t z r m c t i p e l r
t q v z p e m g r
t q v z p e x
t q v z p e b z k r
n a v z m i b z l e
v z p x b z k r
v z t r n g r
n z k r k a ' - k r g r
t u n e p w z
m c t r k r
m c t r k r
n z v z p e n g
v z t r l e
n z v z k i o l r
t z r m c t i p e l r
n z r p i m l r
t q v z - n q b l q n e n e
n z v z k i l r
v z x
n z v z - z v z b z n g
t q v z p x p e
n z v z - k r m
t z v z p e
n z v z k i o l r
n a v z m i b z l e
n z v z n e p e l r
t z v z - n g r
t q v z - n g r g r
t q v z p x p e
t q v z b o
m c t x m
v z p e m
t q v z t r - m o p w z k r
t q v z p e m
v z - z v z x
t z v z n e p e n g
t z v z n e p e n g
n a v z b z
t q v z p x p e
t q v z t r - m o p w z k r
n z v z - k r m
t z v z k i n e d r
n z v z p x n g
t q m c p e x
t q v z p e
n z v z - k r m
t q e t u n e p x p e
n z a b r t z n g r
n z m c p x
n z v z p e n g
p i b z l e
n z e t u p e - k r n g e
n z v z - k r n g e
n z a b r t z k r
n z v z p x n g
r m c t i l e
v z p x b z k r
t q v z p e m g r
t q v z p e m
t z v z o p e n g
t q m c p e x
t z v z n e p e n g
t q v z p e x
t q v z p e m g r
t q v z p e m
d w a l z m g r
r m c t i l e
t q v z p e m
n z v z n e p e l r
t q m u - n g r g r
t q y r n i p e x
t z v z b e n g
v z - z v z x
n z r p i - a n i - k r m l e
t q p i p e b z k r
t r n z p i - k r p o ' u
t q m n c
n z r m c t i l r
n z r p i - a n i - k r m l e
n z r m c t i l r
t q m c p e l e
n z m w a n g r
t q v z p e x
d w a t r k r
t q m n c
n z k a l z m l r
n z b z t i - l x b l r n g
n g r l r m i m l e
t q r m c t i p e k r
t z v z - a t e n g
t q m c p e l e
t z m n c t x - a l o p e n g
t q m n c
t q m c p e l e
t q p n z ' l e
m z l e d e
t z m w i - n g r d r
n z y c m n e
n a l x n g i t i k u
t u t i p x - n g r m
m n c p e x
o t i m
d w a t x t r x
v z b z k r
d w a t x t r x
a b r t z l v z k r
t q m w a p e
t u t i p x - n g r m
t q p n z ' p e l e
t z y r n i n e t r p e b z n g
d w a t x t r x
t q m c p e x
n a e s z ' m z n g
d w a t x t r x
t q v z p e m g r
n a p i b z k u
n a p i b z k u
n a p i b z k u
t z m w i - n g r d r
t q d w a p l r k r n g
n a p i b z k u
x l r k r
p n z ' b z l e
o t i l e
y c m n e p e
e t u t x
t q m c p e k r
n a p i b z k u
n z r p i l z n g r
v z - n q b l q m
p z t i t x k r
t r p i p e ' u
o t i m
t q v z o k r
t q v z p e - k z x
o b q p x k r
t q l i p e
v e x
t q v o b e
d w a s x p x - k z p q g r
n a m n c n e - n g r g r
r t a n g r t i b z
v o t r p z k r
n a a g l q p e k r
o b q o b z
n z a t r k a t i
t r t q k a p e p w q l e
t z y c m n e t r p e - n g r d r
x l r k r l e
n e m u n g
t q o t i m l e
n a a m i n g r - n g r g r
n a r l r - n g r m e
t q v z k i p x k r
m n c l z - n g r m
m w x l r t x - z l w z k r
m a k x t x b z l e
n a r l z
w x b u p x - n g r m
l x l v r k i m l e
t q w a i
k c m a n g
n z v z - z v z b z n g
n z y r l q
y c m n e p e
t q p i b z
d w a l z m g r
t r v z u
d w a s x p x - k z p q g r
n z p r l x l r
r n g i - b a t r p q
t q a m r l z
n z r n i b q - k r d r
m e n g a b q
m w x l r t x - z l w z k r
t q v z p e - k z x
k i l z n e d e
m q n g r m
r l r - n g r m e
t z m w i p x - n g r m
t r n g i u
n a v z - m i p e x
a m i n g r p e k r
t q m w i t x p e
t q s i k l u b e - n g r n e
t q p i b z k r
r k a l z m
t q a y r n i p e
e l a
t q v z d z k r
t q r p n a - n g r m
m n c - e p e l z l e
n e d e
n z o - k r m
k x n z y q n g
t r t e n g e
n a t r k a - z l w z l e
n z w z k r
r k a t r p q
t r - r m n q u
t q y a p w x t i p e m l e
p l a m e i t x d e
m z ~ n i b r d r
d w a s x p x - k z p q g r
n i b q t i
n z p i - k r m l r
n z l x n g i t i - k r d e
y c m n e p e
t q r w z s o
n a m n c n e - n g r g r
p i p x - l z b q
x l r m l e
n z m w x l r t i - l z b q n g
m n c l z - n g r m
t r - r m n q u
t q v z t x
a o l v z b z
x l r b z
t q m u - n g r b e
m c p z k r
n z a n g i o - t x p w z l r
n a m n c t x p o
n g q t i p e l e
n z r m c t i n e d r
t z m r g e n g
t z x l r o p e l r
m n c - m i p e - a m u
t q t r k a p e m
n z w z - k r n g e
t q r p i - n g r n
t z y a p x p e n g
d w a - r b r l z - n g r m q g r
k x n z t o p w z
m e i t x t a t x p x
t q e t u n e p x p e
v z k i m l e
p w x p w z
t z a y o t i
t q y o k a e k r
t q v z n e - z v z k r
t r s u k a
n z a l v z t r n g
t r t e g r n g
t q y a p w x t i p e m l e
t q w z t i p e l e
v z - m o p w z k r
t q r p i p e m
t q p i b z
t z p r e s i n q n g
n z a l v z t r n g r
t q v z t r p e
n z t e l v z l r
v z - z v z k r
y r k r p x b z l e
t q y r p u t i p x p e
n z l x p l z t x
n a m n c t x p o
m n c l v z r n g r
n z l i - k r d e
y c t x b z
n a m n c - k a p q t r n g
t z x l r o p e l r
n z l r m z t r - k r d e
t q o t i - a t e m
m w x l r t i - z l w z k r
m n c - k u
n z m n c - k r d r
l o p x i l e
t q v z p e - k z x
r p i o b z l e
t q p i b z k r
n z r k a l z m q n g q
t q p r t r p e b z k r
n z r m c - k r b z
t q x n g i - a t e b z k r
x l r m l e
a l v z t r l e
t q m n c - k a p q n g r
n z l z t r - n g r d e
y z l u m l e
n z r p i b z
t z r p i b z
m n c p w z k r
n z y r l e t i - k r d e
n z l v c n e - k r d r
n e d r n g
a p u l e
t q m c p e l e
n a m n c n e - n g r g r
r l w x k r
t q n g r l r p x p e k r
a t u t r p e l e
y a p x - z v z k r
t q v z p e - k z x
t z m u p e - n g r d r
t q r p n a p e - n g r m l e
r p i - r d e
n z r p i b z
d w a s x p x - k z p q g r
y r n i - e b i r p e n g
n z r p n a k i p x n g r
t r n a n i b q l e u
t z p n z - l z b q n g r
t z l v c l z p e - n g r d r
m n c l z - n g r m
n z r k a t x n g r
t q y c n g r
t z l v a b e t r p e b z
t z l v c l z p e - n g r d r
n a m n c t x p o
m n c m i b z l e
n a a g l q p e k r
y c p x
t q y r p u t i p x n g r
t z a n g i o l r
t q v z k i l z m l e
y r p l a b r t q p e
n z p c t i k r
n z m c t r
n z o b q p x b z
n z r k a t x n g r
m n c - e p e l z l e
n z w z - k r g r
t q p n z ' b q p e l e
t q r p i - n g r n
t a k i t r t x p w z
n z b z s z n g
m n c - m i p e - a m u
m n c - m i p e - a m u
t q m c - a t e k r
n z m c t r
m r b r p e
t q m c p e k r
n z p i l z l r
n z a l v z t r p l r
t q x l r p e k r
t q v z p e - k z x
t q m a l e l e
t q p r t r p e b z k r
t q p i b z k r
t q k r l x l z p e l e
k x e t u
t q m c p x b z k r
n a g r
t r n a n i b q l e u
v o m l e
a b z o k r
y r n i - e b i r p e n g
n z y c m n e - k r m
d z t u d r
t q v z p e - k z x
t z m w i p e n g
t u o m
n z r l a l z - k r g r
n z o t r n g r
d r t w r d r
t q r v z m i p w q
t z m c p x p e b z l r
n z k r l z m l r
t q t r k a m i
n z m n c p e n g
m n c - m i p e - a m u
m n c - e p e l z l e
t q v o b e
t q v z p e - k z x
n z b z s z n g
t q m w i t x p e
y a p w x t i - z p w x m a m u
k x n z s i k l u
t q y a p x p e b z
n a y a p w x t i p x b o
n a - a e n z l i m g r
n z v z p x m q n g
t q y r p u t i p x p e
t q v z p e - k z x
t q y r k r p e
n a m w i
n z r m n q - k r d r
m r b r t i t r p e
n z r p i b z
m w x l r t i - z l w z k r
n z y c m n e - k r m
t q r g l q t i k r
m n c n e - m o u - n g r g r
n e n g e
t q t w z o p e
k x n a m u
n z g l q o l r
m r b r t i t r p e
b z p n z ' x
n z a b z o k r
t q w z t i p e l e
t q l u - n g r g u
n z m c t r
r p i o b z l e
t z y z l u p e - m o p w z n g
t q v z - n g r m o
m n c l v z r n g r
r p w a ' - n g r b z
t z r t w z - k z n g
r y a p w x - z v z k r
n z m c t r
t q m c p e k r
t r m c p e l e u
n z l v c - k r m l r
n a l i
t r n z k q l u - k r p e p w q g r u
t q v z p e - k z x
a b r t z t x - n g r d e
t q m r l z - n g r d e
a t u l z n g r
n z a y o n g r
n z o t i p e - k r m
t r o p i l v z u
t q v z k i p x
n z r p n a n e o p e - k r m l r
t q y r l q o b o
n z r t a n g r t i - k r d r
t q p i b z
t z a m c t i - n g r d e
t q r p i p e b o
v o t r p z k r
t z r t w z t i p e - k z n g
x l r b o l e
t q a b r t z - z v z - n g r g r
n z r p n z ' n g r
n e n g e n g
k x b q g r
v o m l e
e t u n e p x
t z r t a n g r p e
t q r p i - n g r n
n e d r
r p w a ' - n g r b o
t q y a g o x p e
n g r d e n g
n a n g q n a m u
n a v z k r
t z t a v e t r l r
n z o t i p e - k r m
t q a e n z l i t i - n g r g r
k r l a
n z a b r t r - k r b z k r
t r m n c k r u
d r t w r d e
k x n z s i k l u n g
t q r p i b z l e
t z y a p w x t i p e b z l r
w x l i k i t x p x p n z
t q p i b z k r
n z o t i p e - k r m
n z p n a k i p x - m o u l r
t q a y r n i p e
n z r l x t i - k r b z
t q r p n a - n g r m
v z b o
m q g u
l x e n g e
m n c l v z r n g r
e t u t x
x l r m l e
t q p i b z k r
t q r t a n g r n e
t q a p u l e
t q y a p x p e b z
t q v z p e - k z x
n a - a e n z l i t x k i
n z m n c t i p x m l r
t q v z - e t r - n g r d e
t q v z n e k r
p r o t x k r
d r t a ' d r
n z r p i l z n g r
n a b o
n c n q n g q
n z a o l v z b z l r
m z l w e n g
n z l v c n g
n z m c t r p e m l r
n z r p w a ' - n g r b z l r
k x p i p z
t q y c o n g r
r y a p w x - z v z k r
n z p n a t i - k r b z m u
n z l v c n e n g
n z v z p e k r
n z m c t r
w z t r p o
n g r g u
a l q l i o l e
n z y c m n e k r b z
n z v z - k r m g r
t q v z p e - k z x
y r l z o
t q m n c - n g r d e
n z o p x - n g r m
t q n g q n a m u
k r l z m l e
n a a g l q p e k r
v z m q g r
n z m c t r
t q a b r t z - z v z - n g r g r
r y a p w x - z v z k r
n z m n c l z b z
n z p r t z - k r b z k r
t z - z p q t r n g
t z p e o n g r
m n c - e p e l z l e
n z p n a n g
r p w a ' t x - n g r b o
t q k r k a ' p e
o s o p x b z k r
n a y r k r t x
n z e s z ' m z n g
n z k q l u t x
t z v z o n g
t z y c m n e t r p e - n g r d r
n a m n c n e - n g r g r
m n c - e p e l z l e
n z n g i n i - k r d e
t q m n c - l x b l r p e k r
o m i t x p x b z l e
n z m n c l z b z n g
n z a t o l w a - n g r n g
t z v o p e
k r l a
d w a l z m g r
n a n
t q m r b r
n a m n c n e - n g r g r
m n c l z - n g r m
t r p e l e u
n z p n z ' p e m
n z m n c p w z n g
t q m c p e k r
y o l x o m a m u
x l r k r l e
n a m n c t x p o
t z y a p x p e n g
m n c - e p e l z l e
v z k i p e b z k r
n a v z - n q b l q l e
n z k r l z m l r
a t u l z n g r
k x e t u t i n g
n z a n g i o - k r d r
n a a l e - k a i p z n g
t q r p i b z l e
t r n z p i - k r p l e u
t q v z b z k r
t z y c m n e t r p e - n g r d r
m n c - e p e l z l e
n z k r l z m l r
t q r y a p w x p e m
n z m c p x b z l r
m z l w e n g
x l r l e l e
n z y r p u t i p x k r
r p i o b z l e
t q o t i m l e
m q d e
k x b q g r n g
o s z b z l e
m n r g r
n z g l q o l r
n z b z s z n g
k x m u l e
n z - z p q t r - k r d r
n z y a l z - k r g r
r p i o l e
t q y r p l a t r n g r
m a l e l e
n a v z n g r
n z m n c p e - k r g r
x n g i t x t r l e
n a y a g o x n g
n z p n a n g
t q v z o p e k r
m r b r t i t r p e
t u o m
m c t e
w a i p n z ' l e
m n c l z - n g r m
b l e t i p x - l x b l r n g
n z m c t r
n a k i l z b z l e
n z m n c l z b z
n z m n c l z b z
t q y a p w x t i p e m l e
n g r l a p l x p x k r
t q y c o m
n z m w i n g r
n z y a g o x - k r d e
r p i b o
t q v z p e - k z x
n z m n e t i
n z b z n g
r k a t r p q
k i l z n e d e
t q p i b z
k r a t q
t r k q o p q l e u
n a - a e n z l i p w z l r
n z p r t r - k r n g e
k x e s z '
m n q t i p e l e
t q v z p e - k z x
n e d r
x l r m l e
t q p i b z
t q r p n a - n g r m
t z k u k i r p e l r
n z r p i b z
n z m c t r
t z y z l u p e - m o p w z n g
n z p i b z l r l e
n z r p i b z
d w a - r b r l z - n g r m q g r
y a p x - z v z k r
n z r t r n g r t i o l r
n z d w a t r - k r g r
n z l v c p e n g
t r k r l z w x u
k x r t c
n z y a p w x - k r d r
m n c l v z r n g r
y r n i - e t r t x k r
t q o b q t r p e
t q r p n a l z m
t q y a g o x
n a r l r - n g r m e
o t i b z
n z r p i - k r m e
t q m c p e k r
t q v z p e - k z x
t q r p n a l z m
k r a l i
t q m e i t i o
m e i t x t a t x p x
t q m n c p e k r
t o p w z t r
n z a b r t z - k r g r
t q k i p o p e
n a d r
t z p n z - l z b q n g r
t u o m
n a m n c - k a p q l z - n g r m a m u
t q a m z b l q t x p x p e m c
n z v z o - k r m o p w q k r
n c t e
t q m n c n e t r p e m g r
n a r l x t i b z m e
t q n g q p e l e
n z p n a t i - k r b z m u
t z m n c p e n g
t z a n g c p e l r
n a w r k x t r
k z t e d e
y c m n e p e
n e m
t q r m c t i p e k r
t q y r p u t i p x n g r
a e l w a p x - p n z
t q r p n a - n g r m
t q v z p e - k z x
d w a - r b r l z - n g r m q g r
t q p i t i k r
k c m a n g
n a b z p e - n g r g r
t q r p w a ' - n g r b z m e
k x n z y a g o x n g
r p i o b z l e
n z a m a - k r d e
r l i l r m u
k x e t u
n z a l v z t r n g
t q p n z ' b q p e l e
n e n g e n g
k c m a
n g r g r
t q n g r l r p x p e k r
p r t z t x b z k r
