t q a s u p e b z
n z y r l q
n z y c m n e - k r d e
n a n g i t x p w z
t q a s u p e
m c p o
l v c - a l z u p q
m n c t i k r
n a p i t x t r - m o p o
t q n g r l r p e k r
t q v z - n q b l q n e n e
t q v z - n q b l q n e n e
m w x l r t x - z l w z k r
n z m c t x p w z
n z d w a t r - k r d e
m c t x m
y r n i p e
n z m n c l z b z n g
t q n g r l r p x p e m
t z s i k l u t i
m c p x m
r m c t i l e
t q t u p x m
n z a b r t z k r
r g l q k r
r m c t i - n g r g r l e
m c p x m
r m c t i p e k r
n z r m c t i l r
n z l x n g i t i - k r d e
r m c t i - n g r g r l e
n z m c t r
t q n g r l r p e k r
n a l i
m r l z p e
n z m c t r
n z m c t r
n z m c t r
n z m c t r
n z m c t r
n z m c t r
n z m c t r
n z m c t r
t r v z n e - k a k r
n z m c t r
n z m c t r
v z - z v z x
t z v z k i n e d r
t z v z k i n e d r
t z v z k i n e d r
t z v z k i n e d r
v z - z v z x
t z v z k i n e d r
t q y r k r p e
t q p i b z k r
t q m w i - n g r g r
n z v z k a i - k r g r
t q m n c
t q y r p u p x
t q d c p e
n z v z k a i - k r g r
v z - z v z x
n z v z k a i - k r g r
n z v z k a i - k r g r
n z v z k a i - k r g r
n z r p i l r
n z v z k a i - k r g r
t q v z t r - m o p w z k r
t q p i p e m
n z v z k a i - k r g r
n z r p i m l r
n z v z k a i - k r g r
t q n g r l r p x p e m
t u o m
t z l v c - a t e n g
t q v z b o
t q v z b o
t q v z b o
v z k i m l e
t u o m
n a v z m i b z l e
t u o m
n z r p i b z l r
n z m c k r
n a v z m i b z l e
n a v z m i b z l e
v z t r l e
t q v z m i t r p e b z l e
n a v z b z
n a v z b z
t q m r l z - n g r d e
m c t r k r
n z o l v x t i - k r d e
v z t r l e
n a v z b z
t q v z m i t r p e l e n g
t q v z m i t r p e l e n g
v z t x
t q m c p e l e
v z t r n g r
m c t r k r
v z x
n z v z - k r b o
t q m c p e l e
v z p x b z k r
t q v z p x p e
n z v z k i o l r
v z x
t q v z p x p e
t q v z p x p e
n z l x n g i t i - k r g r
n z v z k i o l r
t q r m c t i p e k r
v z p x b z k r
n z v z - z v z b z n g
n z v z - z v z b z n g
n z v z - z v z b z n g
t q m c p e l e
n a v z n g
v z m i o l e
n z v z - k r m
n z v z - z v z b z n g
t q a m r l z
d w a s x p x - k z p q g r
t z v z p e - k a i n g
n a v z n g
n z v z - n g r m l r
n z v z - n g r m l r
n z v z p e - k r d r
n z v z n e p e l r
n z v z - n g r m l r
n z v z n e p e l r
n z v z n e p e l r
t z v z p e - k a i n g
t z v z n e p e n g
n z v z - n g r m l r
n a y c t i p x m
n z v z k i l r
n a v z n g
t q m c p e x
n z v z - n g r m l r
d w a s x p x - k z p q g r
t q m c p e x
n z v z - k r b z k r
t z v z p x p e b z n g
t z v z p x p e b z n g
t q v z p e b z
t z v z - n g r
t z v z - n g r
t z v z - n g r
t z v z o p e n g
n z v z b z n g
t z v z o p e n g
n z v z b z n g
t z v z p e
t q v z - n g r g r
t q v z p e m g r
t q v z p e m
t q v z p e m g r
t q v z p e m
t q v z p e m
n z l v c p e - k r d r
n z v z p x b z n g
t q m c p e x
t q v z p e
n z v z p e n g
n z v z p e n g
n z w z k r
n z v z
n z v z
n z v z
d w a s x p x - k z p q g r
t q a b r t z - z v z - n g r g r
n a r l z
y z l u m g r
t q m c p e x
y z l u m g r
t q p r t r p e b z k r
d w a s x p x - k z p q g r
n z n g i - t r p e n g r k r
n a e s z ' m z n g
r l a s z k r
m w x l r t i - z l w z k r
o s z b z l e
o l i q l z k r
d w a l z m g r
t z m r g e p e n g
t q a b r t z - z v z - n g r g r
n g r l a p l x p x k r
v z m
p n z ' - m o u l e
t q m r l z p e
n z r l x t i - k r m l r
n a r l x t i b z m e
n a r l x t i t x p o
n z r l x t i - k r b z
n z m a b r
t q m n c - l x b l r p e k r
n z l x n g i t i - k r d r
t q p i b z
r p i o b z l e
t q r p i b z l e
n z r p i b z
t z n g r l a p l x
d w a l z m g r
t q v z p e - k z x
p i p x - l z b q
t q r p i - n g r n
t r n z p i - k r p l e u
n z r p i l z n g r
t q v z p e x
t q v z p e x
n z r p i b z
r p i o b z l e
t q p i b z
t q v z p e x
r p i o b z l e
t q r p i b z l e
t q p i b z
t q v z p e - k z x
t q v z p e - k z x
t q v z p e - k z x
n z v z n g
t q a m a p e
t z l v c m l r
t q n g r l r p x p e k r
k x r t c
t z l v c l z p e - n g r d r
t z p n z - l z b q n g r
t q r p n a l z m
n a a g l q b z l r
n a a g l q p e k r
n z g l q o l r
t q d c - z l w z n g r
t q m c p e
n z r p n a - m o u p q n g
t z p i p e b z l r
n z p i - k r m l r
r p i b z
n z r p i b z
t q r p i m l e
t r p i p e ' u
t q r p i p e m l e
t q r p i - a w a p e b z l e
t q p i b z
r p i - r d e
t q p i p e m l e
t q r p i p e m
t q r p i p e b o
r p i b o
