t q r p i p e x
t z y a p x p e n g
m c t x m
t q v z p e
m r k c n g
t q r p i b z l e
b z t i p e d e
t q m r l z - n g r d e
n z v z k i o p e - k z l r
v z p e m
w x l i k i t x p x p n z
t q v z - n g r g r
t q m n c - n g r d e
t q e t u
n z o t i p e - k r m
m w a k r
v z x
n a n g q t x k r
n a o k a t r p q l r
t q p r t r p e b z k r
t z s i k l u t i
n z w z t r n g
t q r v z m i p w q
t q v z - n g r g r
y c m n e p e
n a m c k r
n a v z n g
v z t x
t q v z p e x
n a m n c - k a p q n g r
n a r l z
n z m n c p e n g
w z t r p o
n a n g r l r k i t r l r
v z t x
v z t x
t q m w i t x p e
t r v z n e - k a k r
n z o b q p x b z
t z y a p w x t i p e b z l r
n g r l x t x o
n a v z n g
t q p i b z
t q r p i p e b o
t z v z p x p e b z n g
t q v z p e b z
d r t a ' d r
t q v z p e
t z y c m n e - n g r p e m l r
t r v z u
t q p r t r p e b z k r
n z v z p x b z n g
n z v z - k r b z k r
t q v o b e
t z l v c l z p e - n g r d r
m n c l z - n g r m
n a m w i
n z v z p x b z n g
m q n g r m
a l v z t r l e
t q v z p e x
n z v z p e n g
n z a l v z t r l r
t q p i b z k r
n z a b r t z k r
t q r l r p e - n g r m l e
n z a l v z t i n g
n z v z p e n g
v z m i m q
n z v z p x b z n g
t z m n c - n g r d r
n z m n c l z b z n g
t q r p i l e
t z v z n e p e n g
n z v z p e n g
t z p r t r - m o p w q
n z v z - z v z b z n g
a t u l z n g r
m c t r k r
t q m n c - l x b l r p e k r
t q v z p e - k z x
n z a l v z t r n g r
t u l z m c
t u p x m
t q r t w a y z b z
t q v z b o
t z v z - n g r
n z p n a k i p x - m o u l r
r g l q p x k r
t q p i m e
d r t q d r
n z v z
n a k a b o
n z v z m i - k r g r
k x m a t q
n a v z m i b z l e
r t w z t x - n r b a l q b o
n z v z p e n g
t q m n c t x p w z k r
n z v z - k r b z k r
n c b l o   k c
t w z q
t z v z p e - k a i n g
n z w r k x t r n g r
k a o m a m u
t q v o b e
n z v o u n e o p e m
n z v z k a i - k r g r
n z v z - z v z b z n g
n z r p i m l r
t z v z p x p e b z n g
v z b z
n z l v c - k r m l r
v z k i m l e
t q v z - n q b l q n e n e
n z l z t r - n g r d e
m c l x
t q r p i p e x
t q v z p e x
t q p i p e b z l e
n a y a p w x t i m l e
t q p i p e m
n z v z - k r n g e
n z v z k a i - k r g r
n a d w a p e k r
t z a y o t i
d w a l z m g r
t z m w i p e n g
n z v z k i o l r
t q v z - n q b l q n e n e
t z m u p e - n g r d r
m n c - k a p q - n g r g r
n z r p i - a n i - k r m l e
v z x
m r b r l z m
n z m c p x
n z m c k r
n e n g e n g
t z m a i l z l r
n z r p i b z l r
t q v z p e b z
t r v z n e - k a k r
v z m i m q
p r o t x k r
v z k i m l e
n z y r m q n g
n z v z - k z n g
t q n g r l r p e k r
m n c - e p e l z l e
t q v z p e b z
t r v z n e - k a k r
t q r k a l z p e - n g r m q g r
r p i - m o u p q l e
t z v z k i n e d r
n z r m c t i l r
n z r p i m l r
n g r l r m i m l e
t q r p w x m z
n a p i t x t r - m o p o
n z r l a l z - k r g r
n z r k a l z m q n g q
a w i t x - n g r b z k r
t q v z t r - m o p w z k r
n z m w a n g r
t z v z p x p e b z n g
t q n g q p e l e
t q p i p e m
t q w z t i p e l e
x l r b o l e
y c t x b z
m n c - m i p e - a m u
p n z ' b z l e
n z d w a t r - k r g r
t q v o b e
n z y c m n e k r b z
n z m c t r
a t u l z n g r
t u n e p w z
t q v z p e m g r
v z t r n g r
t q p i p e m
t q v z - n q b l q n e n e
t q v z m i t r p e b z l e
v o t r p z k r
y a n e - z v z k r
t r t q w z p e u
t q t u n e p w z
t z v z k i n e d r
t q k r l z p e l e
t r n z y a g o x - k r g r u
n a n g r l r t r k i
t q a m z b l q t x p x p e m c
n z v z n e p e l r
n a v z n g
n z m c t r
n z v z - k r b o
t q m z n r p e
n z r p i b z l r
m c l x n g
t q v z p e m
t z m n c t x - a l o p e n g
t q p z l e
t q v z o p e
n z r p i b z l r
r k a l z m
m c p o
t q m c p e k r
t z v z - n g r
n a p i t x t r - m o p o
v o m l e
t q o t i - a t e m
m n c l z - n g r m
m c l z k r
n z v z - k r n g e
n z r p i - k r b o
n z d w a o n g r
t q m c p e l e
m n c - e p e l z l e
t q m n c - l x b l r p e k r
t u n e p w z
t z r m c t i p e l r
t q r p n a - n g r m
t q v z m i t r p e b z l e
t q v z b o
v z t r l e
k r l z m l e
t q r b l x t x p e
t q v z p x p e
t z v z o p e n g
t z m c p x p e b z l r
t q a m a - a t e k r
n z d w a o n g r
n a m a p u p e b z l e
k x b q g r n g
n a m n c n e - n g r g r
e t u t x
r m c t i - n g r g r l e
t r s u k a
v z m i m q
m r t u t x
m c l x n g
t z v z p e
t q o p x p e - n g r d e
n z v z - z v z b z n g
r m c t i p e k r
t q v z b o
n z v z p e - k r d r
t q p n z ' l e
n a a m i n g r t i - n g r d r
n a v z m g r
