n z w r d e
n z n g i - t r p e n g r k r
v z m
p n z ' - m o u l e
n z v z d z m q n g
n z v z o - n g r m
n a n g i t x p w z
t r t a k i t r u
n z y c b l q n g
t r m w x l r k r u
n z a y c n g r l r t i k r
t q w q p e
t q x p l r
t q m r l z p e
n z x p e n g r
t q v z p e x
t q y r k r k i p x l e
n a b z t r k i
t q v z p e x
t q v z p e x
t z n g r l a p l x
t q m c t i p e k r
t z m a t q
t q t r k a ' n g r
t q m r b r
t q v z p e x
t q v z p e x
t q v z p e x
r n i p e x
k r n e d r
m n c t x p w z k r
t z m n c t x p e n g
t q a l e x
k q l e p e l e
t z v z k i p x l r
t q v z o p e k i
n a n g q d r
n z r m c t i l r
n z m n c n g
t z a o l v z - a t e b z
n a r l a s z p e l r
n z k r k a ' p x - k r m l r
n a k a t x b z l e
t z l v c n e n g
n z d w a t r - m o u - k r g r
r k a l z m
n a v z m g r
r p i b z
r p i m
r p i b z l e
r m n r - n g r b z
n z v z - k r n g e
n z r m n q t x n g
n z v z
n z v z
n z v z
v z x
v z x
t q m n c
m c p o
v z t x
m c t x m
k c m a
n a l i
y c p x
n g r g u
m c t r k r
m c p x m
m c t r k r
m c p x m
n a v z n g
y r n i p e
v z t r l e
t z v z p e
m r l z p e
n z m c k r
t q v z b e
n z v z - k r m
r g l q k r
t q v z p e
t z v o p e
t q v z b o
t q v z b o
n a v z b z
t q v z b o
n a v z b z
n a v z b z
e s z ' t i
v z t r l e
n z r p i m l r
n z r p i l r
v z - z v z x
v z - z v z x
v z - z v z x
v z m i o l e
t q m c p e x
n z v z p e n g
t q m c p e x
t q p i p e m
r m c t i l e
y z l u m l e
t q v z p e m
t q v z p e m
v z k i m l e
n e n g e n g
t q d c p e
n a v z n g
t q m c p e x
t q t u p x m
t q a s u l e
t q a m r l z
n z r m c t i l r
t q v z - n g r m
n z r m c t i l r
n a y r k r t x
n z r m c t i l r
m n c t i k r
k x t r k a
n z m n c l z b z
t q a s u p e
n z m n c l z b z
t q m c p e l e
t q m c p e l e
t q m c p e l e
n z a y o n g r
t q m c p e l e
n z r m c t i l r
n z r m c t i l r
t q m c p e x
t q o t i m l e
n z v z - k r n g e
y r l q t x b o
n z v z - k r b o
n z v z - k r n g e
n z v z - k r n g e
v z p x b z k r
n z v z p e n g
n z v z k i l r
v z p x b z k r
n z g l q o l r
v z p x b z k r
v z p x b z k r
n z m n c p e n g
d w a l z m g r
n z v z - k r n g e
n z v z - k r n g e
d r k a ' n g
n z r m c t i l r
t z v z - n g r
t z v z - n g r
n z m n c p e n g
n z m n c p e n g
n z v z - k r n g e
n z v z - k r b o
n z m n c p e n g
t z v z - n g r
n z v z - k r n g e
n z v z n g
n z v z - k r b o
n z v z - k r n g e
n z v z - k r n g e
r p i o b z l e
a t u l z n g r
n z p i l z l r
d w a l z m g r
r p i o b z l e
t q v z p x p e
t q v z p e m
t q v z p x p e
a s u m i p e b o
t q y r k r p e
t q v z p x p e
t r n g i u
n z r m c t i l r
n z v z - k r n g e
n z r m c t i l r
n z v z - k r b o
n z v z - k r b o
n z v z - k r b o
t q r p n a - n g r m
n z v z - k r b o
t q r p n a - n g r m
n z m n c l z b z
t z v z o p e n g
t z v z o p e n g
t q m c p e
n z m n c l z b z
t z v z o p e n g
t z v z o p e n g
t q y r n i p e x
t q w x b u p x
n z r m c t i l r
n z m c t x p w z
v z t r n g r
n z b z s z n g
y r k r p x b z l e
r m c t i p e k r
m n q t i p e l e
n z m n c p e n g
n z v z k i o l r
r m c t i p e k r
n z l v c n g
n z v z - k r n g e
n z v z - k r n g e
n z v z - k r n g e
n z v z - k r n g e
r m c t i p e k r
n a d w a p e k r
n z v z - k r n g e
n z v z - k r n g e
n z v z - k r b o
n a y c t i p x m
t q o b q t r p e
n z v z k i o l r
n z v z - k r n g e
n a m n c t x p o
n z v z - k r n g e
n z v z - n g r m l r
n z v z - k r n g e
r m c t i p e k r
n z v z k i o l r
t q r p n a l z m
n z m c t x p w z
n z v z - k r n g e
n z v z - k r n g e
m n c l z - n g r m
n z v z - k r n g e
n z v z - k r n g e
m n c l z - n g r m
n z m c t x p w z
r m c t i p e k r
n z v z k i o l r
n a m n c t x p o
n z m c t x p w z
n z r p i b z l r
n z m c t x p w z
n a m n c t x p o
t q v z p e b z
n a m n c t x p o
n z v z p x b z n g
n z r p i b z l r
t q r g l q t i k r
t q r p i b z l e
n a d w a p e k r
t z m w x l r n g
n z v z n e p e l r
t q r p i b z l e
t z v z n e p e n g
m n c l z - n g r m
t q t u n e p w z
