n z w z - k r g r
n z v z - k r m
t q v z p x p e
n z v z - k r m
n z r p i b z l r
n z v z - k r m
n z v z - n g r m l r
n z r p i m l r
n z v z k i o l r
n z v z k i o l r
v z t r l e
t q p i b z
n z v z - k z n g
t q p i b z
n z m c t r
n z v z k i o l r
n z w z - k r g r
m n c p e x
n z v z k i o l r
t q v z p x p e
n z m c t r
n z r p i b z l r
m n c p e x
n z v z - k r m
t q m c p e
n a v z n g
t q v z p x p e
n z v z - k r m
n z m n c p e n g
t q p i b z k r
n z r p i b z l r
n z m c p x
n z v z - n g r m l r
y r w i t x - k z l e
t z t a v e t r l r
m n c p e x
t q v z t x p e
t q p i b z
n z v z - k r m
n z v z - k r m
n a v z n g
n z v z - k r b z k r
t q v z p x p e
n z r p i b z l r
t z v z p x p e b z n g
n z v z - n g r m l r
n z v z - k r m
n a v z n g
t q v z p x p e
n z m c p x
t q p i b z
n z v z - k r m
n a v z n g
t q p i p e b z l e
t z v z p x p e b z n g
n z v z - k r m
n z m n c p e n g
n z v z - k r m
t q v z p x p e
n z v z k i o l r
n z v z k i o l r
n z m n c p e n g
n z m c p x
n z m n c p e n g
t q v z p x p e
v z t r l e
n z v z k i o l r
n a v z n g
t q v z p x p e
v z t x
n z v z - n g r m l r
v z t r l e
n z v z - n g r m l r
n z m n c p e n g
t z v z p x p e b z n g
t z v z p x p e b z n g
n z v z - k r m
t z y a p x p e n g
n z v z - n g r m l r
r m c t i p e k r
n z m n c p e n g
n z r p i b z l r
v z t x
t q v o t i t r p e m l e
m n c p e x
n z r p i b z
n a v z n g
v z t x
n z r p i b z l r
n z v z - n g r m l r
n z r p i b z
t z v z p x p e b z n g
n z v z - n g r m l r
k r l z p e b z k r
n z m n c p e n g
d w a t x t r x
n a v z n g
n z v z p x b z n g
t z v z p x p e b z n g
n a v z n g
n z v z p x b z n g
t z v z o p e n g
d w a t x t r x
n z k r l z m l r
t z v z p x p e b z n g
t q r p i b z l e
n z v z - k r m
n a v z n g
n z r p i b z l r
t z v z p x p e b z n g
b z t i p e d e
r m c t i p e k r
t q r p i b z l e
m n c t i k r
t z v z p x p e b z n g
n z d w a o n g r
n z v z p x b z n g
n a n g i
t z v z p x p e b z n g
v z t x
t z v z p e - k a i n g
v z t x
t z v z p x p e b z n g
n z k r l z m l r
t z v z o p e n g
n z v z p x b z n g
t q p i b z
r m c t i p e k r
t q p i p e b z k r
n z v z p x b z n g
t q n g r l r l z p e
n z r p i b z
n z v z p x b z n g
r p i l e
n z v z - k r b o
v z t x
t q a b r t z - z v z - n g r g r
n z r p i b z
n z k r l z m l r
t z v z n e p e n g
n z v z p x b z n g
n z v z p x b z n g
t z v z o p e n g
n z d w a o n g r
n z v z - k r b z k r
n z v z p x b z n g
v z t r l e
t z l v c - a t e n g
t q r p i b z l e
t q n g r l r l z p e
n z v z p x b z n g
n z v z p x b z n g
n z v z - k r b o
v z t r l e
t z v z o p e n g
t z v z p x p e b z n g
t q r p i b z l e
n z v z p x b z n g
n z w z - k r g r
n z v z - k r n g e
n z r p i b z
n z v z - k r b o
t z v z p e - k a i n g
n z v z - k r b o
t q r p i b z l e
n a m c k r
t z v z n e p e n g
t q v z t r - m o p w z k r
t z v z p x p e b z n g
n z v z p x b z n g
t z v z o p e n g
t z v z n e p e n g
n a v z n g
n z v z - k r b z k r
n z r m c t i l r
n z v z - k r n g e
t z v z o p e n g
t q r p i b z l e
n z v z p x b z n g
v z t x
t z v z n e p e n g
t q p i b z
t q r p i b z l e
n z v z - k r b o
n z v z - k r b o
t q m c p e l e
n z r p i m
v z t r n g r
t z v z n e p e n g
r p i l e
n z v z - k r b o
t q p i b z
t z v z o p e n g
n z v z - k r b z k r
n z v z - k r n g e
v z t x
n z p n a k i p x - m o u l r
t z v z o p e n g
t z v z o p e n g
t q y r k r p e n g r
n z v z - k r n g e
t z m n c - n g r d r
n z r p i b z
t q m c p e l e
n z d w a o n g r
t z v z n e p e n g
n z v z - k r b o
n z v z - k r b z k r
m w i t x
n z o t i - k r m l e
v z t r n g r
t z m n c - n g r d r
t q r p i b z l e
v z t r n g r
t z y a p x p e n g
n z v z - k r n g e
m n c t i k r
n z v z - k r b z k r
n z v z - k r b z k r
n z v z - k r b o
n z v z - k r n g e
o t i l e
v z t r l e
t z m n c - n g r d r
n z v z - k r n g e
t z v z o p e n g
t z v z p e - k a i n g
r m c t i p e k r
t z v z o p e n g
n z r m c t i l r
v z t r n g r
n z v z - k r b z k r
p i b z l e
n a m r l z
v z t r n g r
t q m n c - n g r d e
t q m n c
n z v z - k r n g e
r p i l e
v z t r n g r
n z v z - k r b o
n z d w a o n g r
n z v z - k r b o
n z v z - k r n g e
t z v z n e p e n g
t z v z n e p e n g
v z t r n g r
n z v z n e p e l r
n z v z - z v z b z n g
n z l z t r - n g r d e
t z v z o p e n g
t q p n z ' p e l e
t q a s u p e
v z t r n g r
n z v z p x b z n g
m c t r k r
n z v z - k r b z k r
n z r m c t i l r
n z v z - k r b z k r
v z t r l e
r m c t i p e k r
n z v z p x b z n g
n z v z - k r b z k r
v z t r n g r
t q m c p e l e
t z n g r l r k i o p e l r
r p i o b z l e
t z m n c - n g r d r
n z v z - z v z b z n g
y r n i t x
n z v z - z v z b z n g
n z a t u p x - n g r m
n z v z n e p e l r
v z t r l e
t z m n c - n g r d r
r p i - m o p w z
n z v z n e p e l r
n z v z - z v z b z n g
t q m c p e l e
n z t u - z v z - k r d e
n z v z n e p e l r
n z r m c t i l r
n z v z - z v z b z n g
v z t r l e
t q m c p e l e
n z r p i m
p i b z l e
n z v z - z v z b z n g
t z m w i - n g r d r
t q m c p e l e
t q v o b e
t q y a p x p e b z
n z v z - z v z b z n g
t z r m c t i p e l r
n z v z - k r b z k r
n z v z n e p e l r
r p i o b z l e
n z v z - z v z b z n g
v z t r n g r
t z v z p e - k a i n g
n z v z n e p e l r
n z v z n e p e l r
n z v z n e p e l r
n z v z n e p e l r
n z v z n e p e l r
p i b z l e
n z r l z - k r b z l e
t z r m c t i p e l r
n z v z - z v z b z n g
n z p r p x - k r d r
n z v z - z v z b z n g
n z v z n e p e l r
n z w z - k r n g e
t z r m c t i p e l r
v z m i o l e
n z v z n e p e l r
m w i t x
v o k r
t r k r l z w x u
t q m n c - n g r d e
m c l x
r p i l e
d w a t r k r
n z v z n e p e l r
t q m c p e l e
n z v z n e p e l r
n z m n c l z b z n g
n a d w a p e k r
r p i l e
t z r m c t i p e l r
m c t r k r
v o k r
n z v z - z v z b z n g
t r v z n e - k a k r
t q v z t r p e k r
n z y a p w x - k r d r
n z m n c l z b z n g
t q m n c - n g r d e
m c t r k r
n z v z - z v z b z n g
n z w z - k r n g e
v z t r l e
n a v z b z
t z r m c t i p e l r
n z m n c l z b z n g
t q m n c - n g r d e
m c t r k r
m c t r k r
n z v z - z v z b z n g
t z r m c t i p e l r
v z t r l e
v z t r l e
m c t r k r
v z t r l e
n a v z b z
n z m n c l z b z n g
t q v z t r - m o p w z k r
n a p i p x - l z b q n g
v z k i m l e
n z v z - z v z b z n g
n z y a p w x - k r d r
n a d w a p e k r
n a v z b z
v z m i o l e
m c t x m
t q y r k r t r - a t e m
t q n g r l r p x p e k r
n z m n c l z b z n g
n a v z b z
n z y a p w x - k r d r
n a v z b z
m w x l r t x - z l w z k r
t z r m c t i p e l r
t r v z n e - k a k r
n a v z m i b z l e
v z t r l e
v z t r l e
n z m n c l z b z
m c t r k r
t r v z n e - k a k r
t q p r t r p e b z k r
t q v z t r - m o p w z k r
t r v z n e - k a k r
t q v z b o
t q n g r l r p x p e k r
t z r m c t i p e l r
t q p n z ' b q p e l e
t z r m c t i p e l r
t q v z t r - m o p w z k r
t q v z t r - m o p w z k r
n a v z b z
t q n g r l r p x p e k r
x l r k r l e
t r v z n e - k a k r
t r v z n e - k a k r
t r v z n e - k a k r
t r v z n e - k a k r
n a v z b z
m c l x
t q p n z ' l e
m c l z k r
t r v z n e - k a k r
n z m n c l z b z
t q v z t r - m o p w z k r
t q v z b o
t r v z n e - k a k r
t q w z t i p e l e
t q v z b o
t q v z t r - m o p w z k r
r m c t i l e
n z m n c l z b z
m c l z k r
n a p i t x t r - m o p o
n a p i b z k u
t q v z b o
t r v z n e - k a k r
n a v z m i b z l e
y r n i t x
n a v z m i b z l e
t q m n c - l x b l r p e k r
x l r k r l e
m c l z k r
m c p z
t q v z t r - m o p w z k r
n a v z m i b z l e
n a v z m i b z l e
t q v z b o
t q v z t r - m o p w z k r
t q v z t r - m o p w z k r
n a v z m i b z l e
t q v z b o
n a v z b z
v z - z v z x
r p i o b z l e
m c l z k r
t q v o t x - n g r p w z
o t i m
n z y c m n e - k r d e
m c l z k r
n a v z m i b z l e
t r v z n e - k a k r
t q v z b o
m c l x
x l r m l e
m c t r k r
v z m i o l e
n a d w a p e k r
v z m i o l e
v z m i o l e
n a v z m i b z l e
r m c t i l e
y r k r p x b z l e
n a m n c t x p o
n a m n c t x p o
n g r l r m i m l e
v z m i o l e
r m c t i l e
t q m n c - l x b l r p e k r
n a p i t x t r - m o p o
r m c t i l e
v z m i o l e
r m c t i l e
n a p i p x - l z b q n g
m c l z k r
t q v z m i t r p e b z l e
v z m i o l e
t q m n c - l x b l r p e k r
t q v z m i t r p e b z l e
n a v z m i b z l e
n a v z m i b z l e
t q v z b o
t q v z m i t r p e b z l e
t q v z m i t r p e b z l e
t q v z b o
v z - z v z x
n a v z m i b z l e
m c l z k r
m c t x m
v z m i o l e
v z m i o l e
t q m n c - l x b l r p e k r
t q m n c p e k r
t q v z m i t r p e l e n g
n a m n c n e - n g r g r
t q v z b o
n a v z m i b z l e
m c t x m
n a m n c t x p o
v z - z v z x
n a v z m i b z l e
v z p x b z k r
m c l x
v z m i o l e
t q v z m i t r p e b z l e
m c l x
n a p i t x t r - m o p o
t q m n c - l x b l r p e k r
n a m n c n e - n g r g r
t q v z b o
m c l x
n a v z m i b z l e
n a m n c n e - n g r g r
n a a g l q b z l r
t q v z t r - m o p w z k r
t q v z m i t r p e b z l e
t q v z m i t r p e b z l e
n a p i t x t r - m o p o
d w a l z m g r
v z - z v z x
t z v z k i n e d r
r m c t i - n g r g r l e
n z y c m n e - k r d e
n a p i t x t r - m o p o
t z v z k i n e d r
t q v z m i t r p e b z l e
v z p x b z k r
t q v z m i t r p e l e n g
y r l z t i l e
n a v z m i b z l e
t z v z k i n e d r
m c l x n g
v z p x b z k r
t w z q
n a v z m i b z l e
t q v z m i t r p e b z l e
v z - z v z x
v z - z v z x
v z - z v z x
n a p i t x t r - m o p o
t q v z m i t r p e b z l e
t q v z m i t r p e b z l e
t q v o t i t r p e m l e
n z m c t x p w z
n z m c t x p w z
v z - z v z x
r m c t i - n g r g r l e
v z p x b z k r
d w a t r k r
v z - z v z x
v z - z v z x
m c p o
v z p x b z k r
o t i b z
v z p x b z k r
t z v z k i n e d r
m c p o
n a m n c n e - n g r g r
t z v z k i n e d r
n a v z m i b z l e
n z m c t x p w z
t q v z m i t r p e b z l e
t q v z m i t r p e l e n g
t z v z k i n e d r
v z p x b z k r
n z m c t x p w z
n a p i t x t r - m o p o
n a v z m i b z l e
t z v z k i n e d r
t z v z k i n e d r
r m c t i - n g r g r l e
v z p x b z k r
m c l x n g
m c t x m
t z y a p w x t i p e b z l r
n a d w a p e k r
n z m c t x p w z
n z m c t x p w z
t z v z k i n e d r
v z p x b z k r
v z - z v z x
t z v z k i n e d r
t q v z m i t r p e l e n g
x l r b z l e
n z m c t x p w z
v z p x b z k r
n z m c t x p w z
t q t u l z
t z v z k i n e d r
m c t x m
t z v z k i n e d r
m n c l z - n g r m
a b r t z l v z k r
n z m c t x p w z
t z v z k i n e d r
n a p i b z k u
m c t x m
t q a s u p e
t q o t i - a t e m
t q v z m i t r p e l e n g
m c p x m
m c p x m
t q v z m i t r p e l e n g
d w a t x t r x
d w a l z m g r
t r n z p i - k r p o ' u
n z m c t x p w z
t q n g r l r p x p e m
t q o l v x t i - a t e l e
t q t u l z
v z m i m q
n a y a p w x t i m l e
t q v o t x - n g r p w z
n a n g r l r t r k i
n z m c t x p w z
t q r p n a l z m
m r l x m q
t u t i p x - n g r m
m c t x m
n e d r n g
m c t x m
k x t o p w z
v z m i m q
m c l x n g
m c p x m
t z m n c t x - a l o p e n g
k x t o p w z
m c p x m
n a n g r l r t r k i
n z r p i - a n i - k r m l e
n a m w i
m n c - e p e l z l e
m n c l z - n g r m
m c p o
m c t x m
v z m i m q
m c p o
v z m i m q
d w a t r k r
d w a l z m g r
m n c - e p e l z l e
m n c l z - n g r m
v z m i m q
m c t x m
t q e t u n e p x p e
a e l w a p x
t q t u l z
v z m i m q
v z m i m q
m c l x n g
v z m i m q
n z r p i - a n i - k r m l e
n a n g r l r t r k i
m w i t x
t z m n c t x - a l o p e n g
m c p x m
t q y a g o x
m c p o
m c p o
v z m i m q
n z m c t x p w z
v z m i m q
n a p i b z k u
m c p o
n z y c m n e - k r b o
t z m n c t x - a l o p e n g
m n c l z - n g r m
m c p x m
t q t u p x m
m c l x n g
n z r p i - a n i - k r m l e
n a m n c - k a p q n g r
y c m n e p e
v z m i m q
n z y a g o x - k r d e
n g r l r m i m l e
v z m i m q
m c l x n g
v z m i m q
t r n z p i - k r p o ' u
t q o b q t r p e
t q t u l z
n z r p i - a n i - k r m l e
r g l q p x k r
n z y c m n e - k r b o
t q t u p x m
n z r p i - a n i - k r m l e
n z r p i - a n i - k r m l e
n z r p i - a n i - k r m l e
t z m n c t x - a l o p e n g
m c p x m
m c l x n g
e t u t x
m n c l z - n g r m
k c m a
t u t i p x - n g r m
y a n e - z v z k r
t r n z p i - k r p o ' u
o b q p x k r
t q a s u p e
t r n z p i - k r p o ' u
t r n z p i - k r p o ' u
o t i b z
m c l x n g
t q v z - n q b l q n e n e
m c l x n g
n a y a p w x t i b o
t u t i p x - n g r m
o t i b z
m c o m q
t q v z - n q b l q n e n e
y z l u m l e
t r n z p i - k r p o ' u
y a p x - z v z k r
t q v z - n q b l q n e n e
t q v z - n q b l q n e n e
t q v z - n q b l q n e n e
t q v z - n q b l q n e n e
t q v z - n q b l q n e n e
t q v z - n q b l q n e n e
w z t r p o
t q v z - n q b l q n e n e
t q v z - n q b l q n e n e
t q v z - n q b l q n e n e
n a y a g o x n g
t r n z p i - k r p o ' u
t r n z p i - k r p o ' u
t q v z - n q b l q n e n e
n a p i t r - m o u p o
t r n z p i - k r p o ' u
t u p x m
n a p i t r - m o u p o
n a p i t r - m o u p o
t q v z - n q b l q n e n e
y a p x - z v z k r
y c p x
n a p i t r - m o u p o
v o m l e
t r n z p i - k r p o ' u
t u n e p w z
w z t r p o
n a p i t r - m o u p o
w z t r p o
t u p x m
t r s u k a
m n c - m i p e - a m u
t u n e p w z
y r l q t x - m o u x
m n c - m i p e - a m u
t u p x m
k x e t u
k x n z t o p w z
t u n e p w z
r p i - m o u p q l e
t u p x m
m n c - m i p e - a m u
t u n e p w z
r p i - m o u p q l e
t u n e p w z
r p i - m o u p q l e
r p i - m o u p q l e
