t q o l v x t i p e l e
t q a m a p e
t z l v c m q n g
n o u d e
n z w z - z l w z - k r g r
t z v z p e - m o u n g
n z d w a t r - m o u - k r g r
n z p r l x l r
t q p i p e b z l e
n z r p w ' a - k r d e
n z w z t r n g
t q m c p e k r
n z l v c n g
n a n g r l r t r k i
k i l z n e d e
n e m u n g
n a m n c t x p o
n z p i - k r m l r
a b r t z t x p e k r
b o m l e
t q m n c - l x b l r p e k r
t q v z p e x
m n r g r n g
t q n g r l r l z p e
t q m c p e x
y r m q
t u l z m c
n a p i n e m c
t q t a b c - z l i n e p e k r
m c - k z a m u
n z o l z - k r m l e
t r k r l z w x u
t q a m z b l q p x m c
b z t i p e d e
m z n r y a g w e n g r l c
t q l i t r p e b z
y c p q t i p e k r
n a v z
n z y a n g r n g a t x - z l w z p e - n g r d r
t r n z a e n z l i l r u
t z m w x l r n g
t q m w i - n g r g r
n a v z b z k r
n z v z k i
t q v z p e b o
v z o
v z - n g r b z k r
t z r t w z t i p e - k z n g
t q r k a w i t i k r
t q m n c - l x b l r p e k r
n z r m c t i l r
n z g l q o l r
t q p i m e
n z r m c t i - k r d r
n z b o m - k r d e
t r r l r - n g r p l e u
n a a g l q p e k r
n z r p l a m e i t i - k r d e
t q v z t r - m o p w z k r
n a o b q - k a p q p x
n z r p n a - m o u p q n g
n a y a p w x t i b o
t q m c t i a m u
n z m c p e - k z p z
n z m c - k r n g e l e
t z k r l z p e - a t e l r
k r l z p e b z k r
n a m n c - n g r g r
t q a m i n g r - n g r g r
v z t x
v z x
v z t x
v z x
v z t x
n z v z
n z v z
n a l i
n z v z
v z m i m q
n z v z
v z m i m q
v o k r
v z p e m
m c l x
v z p e m
n z r p i b z
n z r p i b z
t q t u p x m
x l r b z
v z m i m q
v z - z v z x
v z m i m q
v z m i m q
m c p x m
n z y r l q
m c t r k r
v z t r n g r
v z m i m q
v z t r l e
v z t r l e
v z t r n g r
v z t r l e
v z - z v z x
v z t r l e
v z - z v z x
t u n e p w z
v z - z v z x
v z - z v z x
v z - z v z x
v z m i m q
v z - z v z x
v z - z v z x
v z m i m q
b z a m u
v z t r l e
v z m i m q
t q n g i
v z - z v z x
n a v z b z
v z m i m q
t q v z p x p e
y r n i t x
m c t x m
p i b z l e
m z l e d e
t q v z p x p e
t q p i b z
k x l i
t z v z p e
t z v z - n g r
t q v z p x p e
t q p i m e
t q v z p x p e
t q v z p x p e
m c l x n g
t u n e p w z
t q p i b z
p i b z l e
t q m n c
x l r k r
v z m i m q
n z m c p x
t z v z p e
t q b z p e
m c l x n g
t q p i m e
t q p i b z
v z m i m q
t q v z p x p e
t q v z p e m
n z m c t r
v z - z v z x
n z m c t r
n z m c t r
y r n i t x
t u t x l z m
n z m c k r
n z r p i m
m c l x n g
t q p i m e
v z t r n g r
t q v z b o
t q v z p e m
m c l x n g
n z r p i l r
v z k i m l e
v z t r n g r
v z k i m l e
v z k i m l e
v z - z v z x
v z t r n g r
v z t r n g r
t q p i p e m
n z r p i l r
v z t r n g r
n z r p i l r
m c l x n g
t q o t i m l e
m c l x n g
v z k i m l e
n z r p i b z
n z r p i l r
v z k i m l e
r g l q k r
v z t r n g r
v z k i m l e
t q v z p x p e
v z k i m l e
n z v z - k r m
t q v z p e m
t q v z p e m
t q v z p e m
n z v z - k r m
n z v z - k r m
n z m a b r
n z v z - k r m
t q v z p e m
v z k i m l e
n z v z - k r m
n z v z - k r m
n z v z - k r m
t q v z p e m
t q p i p e m
v z k i m l e
v z k i m l e
n a p i b z k u
v z k i m l e
v z k i m l e
n z v z - k r m
n z v z - k r m
t q p i p e m
n z v z - k r m
n z v z - k r m
m c l x n g
n z v z k i l r
t q p i b z
n z v z - k r m
t q v z p e m
t q v z p e m
t q m n c
n z v z - k r m
v z k i m l e
t q m n c
t q v z p e m
n z v z - k r m
n z v z b z n g
v z k i m l e
t q v z p x p e
x l r k r
m n c t i k r
n z v z - k r m
t q v z p e m
n z v z - k r m
v z t r n g r
n z v z k i l r
n z v z k i l r
d w a t r k r
v z t r n g r
n z v z k i l r
v z t r n g r
t q v z p e m
n z v z k i l r
t q p i p e m
n z v z k i l r
m c l x n g
m n c t i k r
n z v z k i l r
t q v z p e m
n z v z k i l r
v z m i o l e
