m c p o
m n c l z - n g r m
m n c l z - n g r m
n z v z - n g r m l r
t z m n c - n g r d r
m c p o
t q r p i - n g r n
t z m n c - n g r d r
t z m n c - n g r d r
m n c l z - n g r m
n a v z b z
t z m n c - n g r d r
t z m n c - n g r d r
m c p o
t q o t i m l e
n a k a b o
y c m n e p e
n z v z - n g r m l r
t z v z p e - k a i n g
t q p i p e b z l e
t q y a p x p e b z
t q a y r n i p e
n z v z p e - k r d r
t q v z m i t r p e l e n g
m w i t x k r
t q o t i m l e
t q v z m i t r p e l e n g
n z v z - z v z b z n g
n z v z k a i - k r g r
t q v z m i t r p e l e n g
t q v z m i t r p e l e n g
t q v z m i t r p e l e n g
t q v z m i t r p e l e n g
t q v z m i t r p e l e n g
t q v z m i t r p e l e n g
t q v z m i t r p e l e n g
m n c k r
t q v z m i t r p e l e n g
v o k r
t q v z m i t r p e l e n g
t q w x b u p x
t q v z m i t r p e l e n g
n z v z - z v z b z n g
t q v z m i t r p e l e n g
t q v z m i t r p e l e n g
t q v z m i t r p e l e n g
t u p x m
t q v z m i t r p e l e n g
v o k r
t z v z p e - k a i n g
t q p i p e b z l e
t q v z m i t r p e l e n g
t z l v c - a t e n g
t q t o p w z b e - n g r n e
t q o t i - a t e m
t q p i p e b z l e
n a p i p x - l z b q n g
m c t r k r
t q m u - n g r g r
n a d w a p e k r
y c m n e p e
t u p x m
t q v z m i t r p e l e n g
t q v z m i t r p e l e n g
n z t u - z v z - k r d e
t q v z m i t r p e l e n g
t q v z m i t r p e l e n g
t z m r g e n g
t q k i p o p e
n a p i p x - l z b q n g
t q r k a l z p e m g r
t q p i p e b z l e
t q o t i p e b z l e
t u p x m
t q v z m i t r p e l e n g
m c t r k r
m c t r k r
t z m w i - n g r d r
t q p i p e b z l e
t u p x m
t q v z m i t r p e l e n g
t q m u k r
v z k i m l e
t u t i p x - n g r m
n z m c t x p w z
t r t q w z p e u
t q o t i m l e
n z m n c l z b z n g
t q m n c - n g r g r
t u t i p x - n g r m
n z t u - z v z - k r d e
r m c t i p e k r
t z r t w z t i p e - k z n g
t q p i p e b z l e
n z y c m n e - k r m
t z r m c t i p e l r
n z m n c l z b z
r m c t i p e k r
t r t q w z p e u
t z m w i - n g r d r
n z d w a o n g r
v z k i m l e
n z v z - k r b z k r
n z y c m n e - k r m
n z v z - k r b z k r
n z m n c l z b z
n z d w a o n g r
n z y c m n e - k r m
n z m n c l z b z
t z m n c t x - a l o p e n g
t z m w i - n g r d r
n a m n c n e - n g r g r
n z m c t x p w z
n z v z - k r b z k r
t q v o t x - n g r p w z
v z k i m l e
n z v z - k r b z k r
n z v z - k r b z k r
n z v z - k r b z k r
t q r p n a - n g r m
r m c t i p e k r
n z v z - k r b z k r
v z k i m l e
r m c t i p e k r
t q o t i - a t e m
v z k i m l e
v z k i m l e
t z r m c t i p e l r
t z m n c t x - a l o p e n g
t z l v c l z p e - n g r d r
t z r m c t i p e l r
v z k i m l e
v z k i m l e
n z y c m n e
n a m n c n e - n g r g r
n z m c t x p w z
n z v z - k r b z k r
v z k i m l e
n z v z - k r b z k r
n z v z - k r b z k r
n z v z - k r b z k r
n z m n c l z b z
t q r p n a - n g r m
k q l u t x p e
n z m c t x p w z
t z m n c t x - a l o p e n g
v z k i m l e
t q p i b z
n z m c t x p w z
v z k i m l e
n z v z - k r b z k r
v z k i m l e
n a m n c n e - n g r g r
t q w z t i p e l e
n z v z - k r b z k r
t z r m c t i p e l r
n z y c m n e
n z v z - k r b z k r
v z k i m l e
n z m c t x p w z
v z k i m l e
n z m c t x p w z
v z k i m l e
v z k i m l e
t z r m c t i p e l r
v z k i m l e
n z m n c l z b z
n z v z - k r b z k r
t q p i b z
n a m n c n e - n g r g r
m n c t i k r
v z k i m l e
m n c - e p e l z l e
t z m n c t x - a l o p e n g
t z m n c t x - a l o p e n g
v z k i m l e
v z k i m l e
n z v z n e p e l r
n a p i t x t r - m o p o
t z m n c t x - a l o p e n g
n z v z n e p e l r
n a p i t x t r - m o p o
m n c t i k r
v z k i m l e
m n c t i k r
v z k i m l e
t z m u p e - n g r d r
n z v z n e p e l r
n z v z n e p e l r
t q o l v x t i - a t e l e
m n c t i k r
n z v z n e p e l r
t q w z t i p e l e
n z o t i - k r m l e
n a m n c n e - n g r g r
n a m n c n e - n g r g r
n z v z n e p e l r
n z v z n e p e l r
m n c t i k r
n a p i t x t r - m o p o
n z v z n e p e l r
n z v z n e p e l r
n z v z n e p e l r
m n c t i k r
n z r m a l v z - k r g r
n a m n c - k a p q n g r
v z k i m l e
n z v z n e p e l r
n z v z n e p e l r
n z v z n e p e l r
t q v z t r - m o p w z k r
m n c t i k r
m n c t i k r
n z v z n e p e l r
t q p i b z
n z v z n e p e l r
n z v z n e p e l r
v o m l e
t q v z t r - m o p w z k r
n a y a g o x n g
t q n g r l r p x p e m
t q v z t r - m o p w z k r
t q v z t r - m o p w z k r
v z - z v z x
t q v z t r - m o p w z k r
t q v z t r - m o p w z k r
t z m r g e p e n g
t q v z t r - m o p w z k r
t q v z b z k r
t q t u l z
t q v z t r - m o p w z k r
n z v z n e p e l r
n z v z n e p e l r
t q v z t r - m o p w z k r
t q v z m i t r p e b z l e
t q p i b z
m n c - e p e l z l e
n z v z n e p e l r
n z v z n e p e l r
n z v z n e p e l r
t z y c m n e - n g r p e m l r
r m c t i p e k r
t q v z t r - m o p w z k r
t q n g r l r p e k r
m n c - e p e l z l e
m n c - e p e l z l e
t z m u p e - n g r d r
n a m n c - k a p q n g r
t z r t w z - k z n g
t q n g r l r p x p e m
t q v z t r - m o p w z k r
m n c - e p e l z l e
n z v z n e p e l r
n a m n c - k a p q n g r
t q p i b z
t q v z t r - m o p w z k r
t q n g r l r p x p e m
n z v z n e p e l r
t q x l r p e k r
t q a s u p e
t q v z m i t r p e b z l e
n z v z n e p e l r
t q n g r l r p e k r
t q v z m i t r p e b z l e
t z m n c t x - a l o p e n g
t z v z k i n e d r
t q y r n i t x p e
t q y r n i t x p e
v o m l e
t z v z k i n e d r
t q n g r l r l z p e
t q v z m i t r p e b z l e
v z - z v z x
t z v z k i n e d r
t q v z m i t r p e b z l e
t q y r p u t i p x p e
t z v z k i n e d r
t q v z m i t r p e b z l e
v z - z v z x
t q v z m i t r p e b z l e
v z - z v z x
t z v z k i n e d r
t q n g r l r l z p e
t z v z k i n e d r
t q v z m i t r p e b z l e
t z v z k i n e d r
t q v z m i t r p e b z l e
t z v z k i n e d r
e s z - k r d e
t q v z m i t r p e b z l e
t z v z k i n e d r
n z o b q p x b z
t q v z t r - m o p w z k r
n z y c m n e - k r b o
t z v z k i n e d r
t q p i b z k r
t z v z k i n e d r
n a y a p w x t i m l e
t z v z k i n e d r
r m c t i l e
t q v z m i t r p e b z l e
n a a g l q b z l r
v o t r p z k r
t z v z k i n e d r
t q v z m i t r p e b z l e
t q v z m i t r p e b z l e
n z r n i b q n g r
t z v z k i n e d r
t z y c m n e - n g r p e m l r
t z v z k i n e d r
t z v z k i n e d r
n z o t i p e - k r m
t z v z k i n e d r
t z v z k i n e d r
v z t r l e
t q t u n e p w z
m z l w e n g
n z v z k i o l r
n z r m c t i l r
t q r p n a p e - n g r m l e
t q p i b z
n z y c m n e - k r d e
t q p i b z
v z t r l e
t z v z k i n e d r
t q p i b z k r
t q t u n e p w z
t q p i b z
n z v z k i o l r
n z y a l z - k r g r
m w i t x k r
v z t r l e
n z v z k i o l r
t q v z m i t r p e b z l e
v o t r p z k r
v z t r l e
n z v z k i o l r
n a y c t i p x m
t r v z n e - k a k r
n z a b r t z - z v z n g r
v z t r l e
n z v z k i o l r
n z v z k i o l r
n z v z k i o l r
n z r m c t i l r
n z y a l z - k r g r
t z v z k i n e d r
n z r m c t i l r
t r v z n e - k a k r
t r v z n e - k a k r
v z t r l e
n z v z k i o l r
v z t r l e
t u l z m c
v z t r l e
n z v z k i o l r
t q l x n g i t i - a t e x
n z v z k i o l r
t q t u n e p w z
v z t r l e
n z a l v z t r n g r
t r v z n e - k a k r
n z v z k i o l r
n z v z k i o l r
v z t r l e
v z t r l e
v o t r p z k r
t r v z n e - k a k r
v z t r l e
n z r m c t i l r
t r v z n e - k a k r
t r v z n e - k a k r
n z v z k i o l r
v z t r l e
v z t r l e
t r v z n e - k a k r
t r v z n e - k a k r
r m c t i - n g r g r l e
t r v z n e - k a k r
t z y r b q t i
t q n g r l r p x p e k r
t r v z n e - k a k r
v z t r l e
v z t r l e
r m c t i l e
t r v z n e - k a k r
m c l z k r
t q p i b z
t q t u n e p w z
n z r p i m
r m c t i l e
n z r m c t i l r
m c l z k r
t z y c m n e t r p e - n g r d r
n z d w a t r - k r d e
n z v z k i o l r
t r v z n e - k a k r
t q t u n e p w z
t q m n c - l x b l r p e k r
n z v z k i o l r
n z a b r t z n g r
v z t r l e
t r v z n e - k a k r
t u l z m c
r m c t i l e
t q p i b z k r
t q p i b z
t r v z n e - k a k r
w x b u p x - n g r m
n z a t u p x - n g r m
v z t r l e
v z t r l e
n z v z k i o l r
n z v z k i o l r
n z v z k i o l r
v z t r l e
v z t r l e
t r v z n e - k a k r
n z v z k i o l r
m c l z k r
m c l z k r
t q p i b z k r
n z y c m n e - k r d e
n z r p i m
v z t r l e
m c l z k r
m c l z k r
r m c t i l e
n z y c m n e - k r d e
n z d w a t r - k r d e
t q p i b z k r
t r t e d e
r m c t i l e
w z t r p o
t q p i b z k r
r m c t i l e
n z m u - k r d r
t q m n c - l x b l r p e k r
n a a g l q p e k r
t q p i b z k r
r m c t i l e
n z v z k i o l r
n a l i n g
o b q o b z
k c m a
r p i l e
n z k q o - k r m
r p i l e
l c d e p w z
t q d w a p l r k r n g
t q r p i b z l e
v z p x b z k r
n z r p i - a n i - k r m l e
m n c - m i p e - a m u
n z a b r t z - z v z n g r
t q m n c p e k r
r p i l e
v z p x b z k r
n z r p i l r
n z l x n g i t i - k r g r
t z n g r l r k i o p e l r
t r n z y a g o x - k r g r u
t q r p i b z l e
v z m i o l e
t q r p i b z l e
m c l z k r
v z m i o l e
t u l z m c
n z r p i - a n i - k r m l e
r p i l e
t q r p i b z l e
n z y a l z - k r g r
m c l z k r
v z p x b z k r
v z m i o l e
n a r l z
m r l x m q
t q v z - n q b l q n e n e
v z p x b z k r
r p i l e
t q r p i b z l e
t q v z - n q b l q n e n e
t q r p i b z l e
v z m i o l e
v z m i o l e
v z m i o l e
v z p x b z k r
v z p x b z k r
v z p x b z k r
v z p x b z k r
v z p x b z k r
n a v z m i b z l e
v z m i o l e
v z m i o l e
v z m i o l e
t q v z - n q b l q n e n e
v z p x b z k r
n a v z m i b z l e
t q v z - n q b l q n e n e
t q v z - n q b l q n e n e
k x e t u
t q v z - n q b l q n e n e
v z m i o l e
v z m i o l e
v z m i o l e
d r t q n g e
n z r p i m l r
n z p n a k i p x - m o u l r
v z p x b z k r
t q v z - n q b l q n e n e
v z p x b z k r
v z p x b z k r
v z p x b z k r
n a v z m i b z l e
n z r p i l r
v z m i o l e
t q v z - n q b l q n e n e
n a v z m i b z l e
v z p x b z k r
v z m i o l e
n z r p i l r
v z m i o l e
v z m i o l e
v z p x b z k r
v z p x b z k r
v z p x b z k r
r t a n g r t i b z
v z m i o l e
n a v z m i b z l e
t q v z - n q b l q n e n e
v z p x b z k r
n a v z m i b z l e
v z p x b z k r
n a v z m i b z l e
v z p x b z k r
n a v z m i b z l e
v z m i o l e
y z l u m c
t q v z - n q b l q n e n e
v z p x b z k r
t q v z - n q b l q n e n e
a t u l z n g r
n a y a p w x t i b o
n a v z m i b z l e
v z m i o l e
n z k q l u k r
n a v z m i b z l e
t u o m
n a v z m i b z l e
o t i l e
n z r p i l r
t u t x l z m
n a v z m i b z l e
a t u l z n g r
d r t w r d r
t u n e p w z
n a v z m i b z l e
n z r p i l r
n a v z m i b z l e
t q v z - n q b l q n e n e
t q v z - n q b l q n e n e
n a v z m i b z l e
n z r p i m l r
a t u l z n g r
n a v z m i b z l e
n a v z m i b z l e
n a v z m i b z l e
n a v z m i b z l e
n a v z m i b z l e
n z r p i m l r
n a v z m i b z l e
n a v z m i b z l e
v z m i o l e
t u o m
n a v z m i b z l e
t q v z - n q b l q n e n e
n z r p i l r
n a v z m i b z l e
n a b o m l r
p w x p w z
v z m i o l e
n a v z m i b z l e
n a v z m i b z l e
t u n e p w z
n a v z m i b z l e
a t u l z n g r
p i b z l e
n z r p i l r
p i b z l e
v z m i o l e
d w a s x p x - k z p q g r
n a k a t x b z l e
t q a s u p e b z
r y a p w x - z v z k r
n a v z m i b z l e
n a k a t x b z l e
t q v z - n q b l q n e n e
t q k r l z - a t e b z k r
o t i m
n z y c m n e k r b z
t q v z - n q b l q n e n e
t z y r n i n e t r p e b z n g
t q v z - n q b l q n e n e
t q v z - n q b l q n e n e
d w a t r k r
n z k r l z m l r
d w a t r k r
r k a t r p q
p i b z l e
n z k r l z m l r
t u n e p w z
w z t r p o
v z m i o l e
n e d r n g
k x t o p w z
t q v z - n q b l q n e n e
n a p i t r - m o u p o
n a p i t r - m o u p o
v z m i o l e
n z r p i m l r
r p i l e
n z r p i l r
n a r l z
n z w z t i - k r b z l e
t r s u k a
d w a t r k r
n a p i t r - m o u p o
t u o m
n z r p i b z
y a p x - z v z k r
t u t x l z m
d w a l z m g r
a t u l z n g r
p i b z l e
p i b z l e
p i b z l e
a b r t z l v z k r
n z w z t i - k r b z l e
v z m i m q
n z r p i b z
n z l x n g i t i - k r d r
t z s i k l u n g
k x l i
n z w z t i - k r b z l e
v z m i m q
p i b z l e
t r s u k a
n z r p i b z
v z m i m q
n z r p i b z
d w a l z m g r
v z m i m q
v z m i m q
v z m i m q
r p i - m o u p q l e
n z r p i b z
n a p i b z k u
v z m i m q
n z w z t i - k r b z l e
v z m i m q
n a p i t r - m o u p o
v z m i m q
n e m u n g
v z m i m q
v z m i m q
v z m i m q
d w a l z m g r
v z m i m q
v z m i m q
x l r k r
v z m i m q
n z r p i b z
v z m i m q
v z m i m q
v z m i m q
v z m i m q
v z m i m q
s c d r
r p i o b z l e
n a p i b z k u
r p i o b z l e
v z m i m q
n a r y z k r - n g r g r
r p i o b z l e
k x y r l z
v z m i m q
v z m i m q
r p i o b z l e
y r k r p x b z l e
o t i - k z p z l e
v z m i m q
v z m i m q
v z m i m q
a t u l z n g r
n z a b r t z k r
r k a l z m q g r
t r n z p i - k r p o ' u
n a p i b z k u
r p i o b z l e
r p i o b z l e
t r n z p i - k r p o ' u
t r n z p i - k r p o ' u
n z a b r t z k r
d a p u d e
n z a b r t z l v z l r
n a a g l q b z l r
r p i o b z l e
n e d r
n e d r
y a n e - z v z k r
d w a l z m g r
k z t e d e
n a p i b z k u
s c d r
n a p i b z k u
y a n e - z v z k r
o t i b z
n z r p i b z l r
y c - n r b a l q
n z r p i b z l r
n z r p i b z l r
o t i b z
n z r p i b z l r
n z r p i b z l r
k r l z m g r
k r l z m g r
o t i b z
t z s i k l u t i
n z g l q o l r
n z r p i b z l r
n z r p i b z l r
r p i - m o u p q l e
a s u m i p e b o
d w a l z m g r
n e d r
n z g l q o l r
x l r b z l e
r p i - m o u p q l e
k x l i
r p i - m o u p q l e
t r k r l z w x u
k r l z p e b z k r
n g r d r
n e g u n g
a s a n e
r g l q k r
e s z ' n e
e s z ' t i
n g r g u
e s z ' n e
