v z - z v z x
n z v z - z v z b z n g
n a v z b z
n z v z - z v z b z n g
t q v z - n g r g r
t q v z p x p e
t z v z p e - k a i n g
t q m c p e x
v z - z v z x
t q r p n a - n g r m
t q m r l z
n z v z k i l r
v z - z v z x
t z v z p e - k a i n g
t z v z p e - k a i n g
n a m n c t x p o
a e l w a p x - p n z
t z v z p e - k a i n g
t q p i p e b z l e
n z v z - z v z b z n g
n z v z - z v z b z n g
n z v z - z v z b z n g
t q m u k r
v z - z v z x
n z v z - z v z b z n g
n a v z b z
n z v z - z v z b z n g
n a v z b z
t q n g r l r l z p e
n z v z - k r m
t q p i m e
n z v z - z v z b z n g
n z v z k a i - k r g r
n z v z k i l r
m n c p e x
t q r p i p e x
n a m n c t x p o
n z v z - z v z b z n g
t q p i p e b z l e
k c m a
n z b o m - k r d e
v z - z v z x
m n c l v z r n g r
n z v z - z v z b z n g
n z v z k i l r
n z v z k i l r
n z y c m n e - k r d e
t q p i m e
n z v z - z v z b z n g
n z v z k i l r
v z x
v z t r n g r
v z t r n g r
v z t x
v z t x
t z m n c - n g r d r
n z v z k i l r
n z v z k i l r
n z v z k i l r
n z v z k i l r
n z v z k i l r
n z v z k i l r
t q p i m e
n z v z k i l r
k x t r k a
v z t r n g r
n z v z k i l r
t z m w x l r n g
n z v z k i l r
m c t r k r
t q p i m e
k c m a
v z t x
v o t r p z k r
n z v z - k r b z k r
t q p i m e
n z v z k i l r
n z w z t i - k r b z l e
k x l i
n z l v c p e - k r d r
m n c l v z r n g r
t z v z p x p e b z n g
n z v z - k r b z k r
t q p i m e
t z v z n e p e n g
t r t q w z p e u
v z t x
t z v z p x p e b z n g
t z v z o p e n g
t z v z p x p e b z n g
v o t r p z k r
t q m w i - n g r g r
t z v z p x p e b z n g
t q m w i t x p e
n z v z - k r b z k r
n z w z - k r n g e
t z v z o p e n g
n a m n c n e - n g r g r
t q n g r l r p x p e m
n z v z p e - k r d r
t q p i m e
t q y r k r p e
t q n g r l r p x p e m
n z w z - k r n g e
t z v z o p e n g
t z v z o p e n g
n z v z - k r b o
t z v z n e p e n g
n z v z - k r b o
v z p e m
m n c l z - n g r m
v z t x
n z v z p e - k r d r
n z p n a n g
t z v z o p e n g
t z v z p x p e b z n g
t z v z o p e n g
t z v z o p e n g
t z v z o p e n g
t z v z p x p e b z n g
n z v z - k r b z k r
t z v z o p e n g
t z v z o p e n g
t z v z p x p e b z n g
t z v z o p e n g
v z t x
n z p n a k i p x - m o u l r
m n c p e x
t z v z o p e n g
n z v z - k r b z k r
t z v z o p e n g
n z v z k i o l r
n z v z p e - k r d r
n z v z p e - k r d r
n z v z - k r b z k r
t z v z p x p e b z n g
n z v z - k r b o
n z v z - k r b o
n z v z - k r b o
n z v z - k r b o
n z v z - k r b o
t z v z p x p e b z n g
t z v z n e p e n g
t z v z n e p e n g
t z v z p x p e b z n g
n z v z - k r b o
n z v z k i o l r
n z v z k a i - k r g r
n z v z - k r b o
n z v z - k r b z k r
n z v z k i o l r
n z v z - k r b o
t z v z n e p e n g
n z v z - k r b z k r
n z v z - k r b o
n z v z p e - k r d r
t z v z n e p e n g
n a m n c n e - n g r g r
n z v z - k r b z k r
t z v z p x p e b z n g
n z v z p e - k r d r
n z v z p e - k r d r
t z v z n e p e n g
n z m n c l z b z n g
t z v z p x p e b z n g
t z v z p x p e b z n g
m n c p e x
t q r p i p e x
n z v z p e - k r d r
n z v z - k r b o
n z v z p e - k r d r
n z v z - k r b o
t z v z n e p e n g
t z v z n e p e n g
n z a n g i o - k r d r
e s z ' n e
t q n g r l r p x p e m
t r n z p i - k r p l e u
t z v z n e p e n g
t z v z n e p e n g
n z v z - k r b o
v z t x
n z v z - k r b o
t z v z n e p e n g
v z x
t q p i p e b z l e
t z v z p x p e b z n g
n z v z p e - k r d r
n z v z p e - k r d r
t q w z t i p e l e
v z t x
n z v z p e - k r d r
t z v z p x p e b z n g
m n c l z - n g r m
t z v z n e p e n g
n z m n c l z b z n g
t z v z o p e n g
t q p i m e
n z v z p e - k r d r
t z v z p x p e b z n g
n z v z p e - k r d r
t z v z n e p e n g
t z v z n e p e n g
n z m n c l z b z n g
n z v z - k r b z k r
t q v z b o
t z v z n e p e n g
t z v z n e p e n g
t z m n c t x - a l o p e n g
v z t x
t z v z p x p e b z n g
n z l x n g i t i - k r g r
t z s i k l u n g
n z v z p e - k r d r
n z m c p x
t q y a g o x p e
n z v z p e - k r d r
t q v z b o
t z v z n e p e n g
v z t x
n z m n c l z b z n g
t z v z n e p e n g
v z t x
t q v z b o
n z v z k i o l r
t q v z b o
n z m n c l z b z n g
n z r p i b z
v z t x
n z v z n e p e l r
t z v z n e p e n g
n z v z n e p e l r
t q a y r n i p e
t q v z b o
x l r k r
n z r p i b z l r
t z m n c t x - a l o p e n g
t z v z n e p e n g
n z m n c l z b z n g
m n c l z - n g r m
v z t r l e
t q v z b o
t z v z n e p e n g
t q v z b o
n z m n c l z b z n g
t z m n c t x - a l o p e n g
t q v z b o
v z t x
t q m n c p e k r
n z v z k i o l r
n z t u n g r
t q p i b z k r
t q m n c
t q m c p e l e
n z m n c l z b z
n z v z n e p e l r
t q v z b o
n z v z n e p e l r
n z v z k i o l r
m n c l z - n g r m
n z v z n e p e l r
t q m w i t x p e
t q p i b z k r
t z v z k i n e d r
n z v z k i o l r
t q m c p e l e
t q v z b o
n z v z k i o l r
n z v z k i o l r
t q p i p e b z l e
t z m n c t x - a l o p e n g
n z v z n e p e l r
n z v z n e p e l r
t q m w i t x p e
n a m n c n e - n g r g r
t q v z b o
n z v z k i o l r
n z v z n e p e l r
t q v z - n q b l q n e n e
n z v z n e p e l r
t z m u p e - n g r d r
n z r p i l r
v z t r l e
t q m c p e l e
t q v z b o
t z l v c l z p e - n g r d r
n z m c p x
t q v z b o
n z m c p x
n z v z n e p e l r
m n c l z - n g r m
n z v z k i o l r
v z t x
t q m c p e l e
n z v z k i o l r
t r t q w z p e u
t q p i b z k r
n z v z n e p e l r
t z v z k i n e d r
t q v z b o
n z v z n e p e l r
t q m n c
t z v z k i n e d r
t z m u p e - n g r d r
n z r n i b q n g r
n z v z n e p e l r
n z r p i b z
t q v z b o
t z v z k i n e d r
t q v z b o
t q m c p e l e
n z m c t r
n z v z n e p e l r
t z m w x l r n g
t z v z k i n e d r
n z y c m n e - k r d e
t z v z k i n e d r
t z v z k i n e d r
n z r p i b z l r
t z v z k i n e d r
n e d r
n z r p i b z l r
r m c t i - n g r g r l e
r m c t i - n g r g r l e
t q v z - n q b l q n e n e
t q v z - n q b l q n e n e
v z t x
t q p i b z k r
n z r p i b z l r
n z v z n e p e l r
t z v z k i n e d r
n z r p i b z l r
t q o t i p e b z l e
t z v z k i n e d r
t q v z - n q b l q n e n e
t z v z k i n e d r
n z r p i m
t z v z k i n e d r
n z w z t i - k r b z l e
t z r m c t i p e l r
a t u l z n g r
t q m n c
b r t i t x
n z m n c l z b z
t q v z - n q b l q n e n e
t q v z - n q b l q n e n e
t z v z k i n e d r
v z t r l e
n z r p i b z
t q v z - n q b l q n e n e
n z r p i b z
e s z - k r d e
a t u l z n g r
n z m c t r
t z m w i - n g r d r
a t u l z n g r
t q m n c - n g r d e
t z v z k i n e d r
t z v z k i n e d r
t q v z - n q b l q n e n e
t z r t w z - k z n g
v z t r l e
n z r p i b z l r
t q r p n a - n g r m
t q v z - n q b l q n e n e
n a l i n g
p i b z l e
t z v z k i n e d r
n z y c m n e
t z v z k i n e d r
t z v z k i n e d r
p i b z l e
t q p i b z k r
v z t r l e
v z t r l e
t q n g r l r p e k r
n z m c t r
t z m n c - n g r d r
n a m n c - k a p q n g r
t q m n c
n z y c m n e - k r d e
n z m c p x
t q v o t i t r p e m l e
n z m c t x p w z
t q v z - n q b l q n e n e
n g r d r
t z m w i - n g r d r
k r l z p e b z k r
n z r p i l r
t q v z - n q b l q n e n e
n z r p i l z - k r d r
n z m n c l z b z
v z t r l e
t q v z - n q b l q n e n e
k x l i
v z t r l e
v z t r l e
t z m w i - n g r d r
n z r p i m l r
r m c t i - n g r g r l e
t z m n c - n g r d r
v z t r l e
v z t r l e
e s z ' n e
n z r p i b z
r m c t i - n g r g r l e
t q m a l e l e
t q t u p x m
n z o t i p e - k r m
n z r p i m l r
r m c t i - n g r g r l e
n z d w a t r - k r d e
k r l z m g r
n z r p i m l r
t q t u p x m
t u t x l z m
d w a l z m g r
t q m n c
t q t u p x m
t q v z m i t r p e l e n g
v z t r l e
v z t r l e
t q v z m i t r p e l e n g
v z m i o l e
v z t r l e
v z t r l e
t z r m c t i p e l r
t q v z m i t r p e l e n g
t q r p i b z l e
t q v z m i t r p e l e n g
n z r p i m l r
r m c t i - n g r g r l e
v z m i o l e
t q v z m i t r p e l e n g
t q v z m i t r p e l e n g
m n c t i k r
v z t r l e
r m c t i - n g r g r l e
t q y r p u p x
t q p i b z k r
n a p i t x t r - m o p o
n z r m c t i l r
t q v z m i t r p e l e n g
v z m i o l e
n z m c t x p w z
t q v z m i t r p e l e n g
t q v z m i t r p e l e n g
t q v z m i t r p e l e n g
r m c t i - n g r g r l e
v z k i m l e
m n c t i k r
t q m r l z - n g r d e
d w a l z m g r
v z t r l e
t q t u p x m
t q v z m i t r p e l e n g
n z m c t x p w z
t q v z m i t r p e l e n g
p i b z l e
n z y c m n e - k r m
n z r m c t i l r
v o t r p z k r
t q v z m i t r p e l e n g
t q v z m i t r p e l e n g
r m c t i p e k r
v z m i o l e
n z y c m n e - k r m
v o k r
n z r m c t i l r
t q v z m i t r p e l e n g
n z m c t x p w z
n z d w a t r - k r d e
m c l x n g
r m c t i - n g r g r l e
t r v z n e - k a k r
n z m c t x p w z
t q v z m i t r p e l e n g
o b q o b z
v o t r p z k r
x l r k r
t q y r n i t x p e
t r v z n e - k a k r
t r v z n e - k a k r
t r v z n e - k a k r
v z m i o l e
n a m w i
t q v z m i t r p e b z l e
t q v z m i t r p e b z l e
t q t u l z
t q r p i b z l e
y a p x - z v z k r
t r v z n e - k a k r
v z m i o l e
v z k i m l e
m n c t i k r
t q a s u p e b z
v z m i o l e
n z r m c t i l r
t q v z m i t r p e b z l e
m c l x n g
t q v z m i t r p e b z l e
t q r p i b z l e
v z k i m l e
v z p x b z k r
t q v z m i t r p e b z l e
t q v z m i t r p e b z l e
m n c t i k r
v z p x b z k r
t q v z m i t r p e b z l e
t q v z m i t r p e b z l e
r m c t i p e k r
v z k i m l e
v z k i m l e
n a v z m i b z l e
v z k i m l e
n a v z m i b z l e
v z p x b z k r
v z m i o l e
n a v z m i b z l e
t q v z m i t r p e b z l e
t q v z m i t r p e b z l e
t q v z m i t r p e b z l e
n a v z m i b z l e
t q v z m i t r p e b z l e
v z p x b z k r
n a p i b z k u
t q v z m i t r p e b z l e
v z p x b z k r
t q v z t r - m o p w z k r
t r v z n e - k a k r
v z m i o l e
v z m i o l e
n a v z m i b z l e
n a v z m i b z l e
m n c t i k r
t q t r k a p e m
k x y r l z
v z p x b z k r
t q v z t r - m o p w z k r
v z m i o l e
n a v z m i b z l e
m n c t i k r
v z k i m l e
v z p x b z k r
v z m i o l e
p i b z l e
t q v z m i t r p e b z l e
v z p x b z k r
t q r p i b z l e
t q o t i m l e
n z a b r t z k r
v z k i m l e
v z m i o l e
r m c t i p e k r
t q v z t r - m o p w z k r
m c l x n g
v z k i m l e
t q v z t r - m o p w z k r
v z p x b z k r
v z p x b z k r
n a v z m i b z l e
v z k i m l e
n z m c t x p w z
v z k i m l e
v z p x b z k r
v z m i o l e
n a v z m i b z l e
t q v z t r - m o p w z k r
n a v z m i b z l e
n a v z m i b z l e
v z p x b z k r
t q v z t r - m o p w z k r
v z k i m l e
t q v z t r - m o p w z k r
t q v z t r - m o p w z k r
n a v z m i b z l e
v z k i m l e
n a v z m i b z l e
v z p x b z k r
t q v z t r - m o p w z k r
r m c t i p e k r
v z k i m l e
n a v z m i b z l e
t q p i b z
n a v z m i b z l e
v z p x b z k r
t r v z n e - k a k r
v z p x b z k r
m c l z k r
v z m i o l e
t q v z b z k r
v z k i m l e
v z m i o l e
v z m i o l e
t q v z m i t r p e b z l e
v z m i o l e
t q v z t r - m o p w z k r
n a v z m i b z l e
v z k i m l e
n a v z m i b z l e
t q v z m i t r p e b z l e
v z k i m l e
n a v z m i b z l e
v z k i m l e
m c l x n g
v z p x b z k r
n a v z m i b z l e
m c l z k r
n a v z m i b z l e
t q p i b z
t r v z n e - k a k r
t r v z n e - k a k r
n a v z m i b z l e
v z p x b z k r
v z k i m l e
p i b z l e
r m c t i p e k r
v z m i o l e
t u t i p x - n g r m
e s z ' t i
v z k i m l e
v z k i m l e
y r k r p x b z l e
m c p x m
t q p i b z
t q t u n e p w z
r p i o b z l e
t z y a p x p e n g
m w i t x k r
r p i - m o u p q l e
n z o t i - k r m l e
n a d w a p e k r
r p i l e
m w i t x
m n c - e p e l z l e
r p i l e
t u t i p x - n g r m
x l r b z
t r k r l z w x u
m c t x m
r p i l e
m c l z k r
t q o l v x t i - a t e l e
y c m n e p e
r m c t i p e k r
w x b u p x - n g r m
m c l z k r
r m c t i p e k r
t r n z p i - k r p o ' u
m c l z k r
t u l z m c
v z m i m q
t q o t i - a t e m
r p i l e
r p i l e
t q p i b z
m n c - e p e l z l e
m c p x m
v z m i m q
m c p x m
v z m i m q
t q o t i - a t e m
v z m i m q
v o m l e
t q p i b z
v z m i m q
r p i o b z l e
n a y c t i p x m
v z m i m q
v z m i m q
t q p i b z
n a p i t x t r - m o p o
m c p x m
v z m i m q
r p i l e
v z m i m q
t q t u n e p w z
r p i o b z l e
v z m i m q
v z m i m q
t q o t i m l e
v z m i m q
t q o t i m l e
n a p i t x t r - m o p o
r p i o b z l e
r p i o b z l e
d w a t r k r
t r n z p i - k r p o ' u
l v c - a l z u p q
v z m i m q
t u l z m c
v o m l e
m c p o
t u p x m
r m c t i l e
s c d r
n a k a t x b z l e
m c p o
r m c t i l e
m c p o
r m c t i l e
v z m i m q
t q o t i m l e
r m c t i l e
m c p o
m c p o
m c p o
m c p x m
t u p x m
m c t x m
r m c t i l e
t q a s u p e
m c p o
t u p x m
d w a t r k r
r k a t r p q
t u p x m
m c p o
s c d r
r m c t i l e
d w a t r k r
r m c t i l e
r m c t i l e
m w i t x
t u p x m
m c t x m
m c t x m
m c p x m
m c t x m
n a p i t r - m o u p o
m w i t x
r p i - m o u p q l e
m c t x m
m c p o
t u p x m
n a p i t r - m o u p o
m c p x m
m w i t x
m c t x m
t u o m
t u o m
t u o m
n a y a p w x t i b o
o t i b z
k x t o p w z
t u n e p w z
t u n e p w z
o t i b z
t u n e p w z
t u n e p w z
