n z v z
n z v z p x b z n g
n z v z
n z v z p x b z n g
n z v z
n z v z n e p e l r
n z v z
n z v z p x b z n g
n z v z p x b z n g
n z v z
n z v z p x b z n g
t z v z - n g r
t z v z - n g r
n z v z
n z v z p x b z n g
n z m n c k r
t z v z - n g r
n z v z - k r n g e
n z v z p x b z n g
t z v z p e
n z v z
n z v z p e n g
n z v z - k r n g e
n z v z p x b z n g
n z v z k a i - k r g r
n z r p i l z - k r d r
n z w z t r n g
t z v z - n g r
n z v z p x b z n g
n z m n c p e n g
n z v z - k r n g e
t z y c m n e - n g r p e m l r
n z v z - k r n g e
t z v z p e
n z v z - z v z b z n g
n z w z t r n g
n z v z - k r n g e
n z v z - k r n g e
t z v z - n g r
t z v z p e
n z v z - k r n g e
t z v z - n g r
n z v z k a i - k r g r
n z v z p e n g
t q m n c
n z v z - z v z b z n g
n z v z - z v z b z n g
v z - z v z x
t q v z p e - k z x
v z - z v z x
n z v z k a i - k r g r
t q v z p e x
n z v z - z v z b z n g
t u p x m
n z p n a t i - k r b z m u
v z - z v z x
n z v z k a i - k r g r
n z v z p e n g
n z v z - k r n g e
n z v z - k r g r
n a m n c n e - n g r g r
n z v z - z v z b z n g
n z v z - z v z b z n g
n z v z - k r n g e
n z v z p e n g
n z v z b z n g
n z v z - z v z b z n g
n z v z p e n g
n z v z p e n g
n z v z p e n g
n z o t i - k r m l e
n z v z b z n g
n z v z b z n g
n z v z p e n g
v z - z v z x
n z v z p e n g
n z v z p e n g
n z v z p e n g
v z - z v z x
n z v z p e n g
n z v z p e n g
n z v z p e n g
v z - z v z x
n z m c t x p w z
n z v z b z n g
v z - z v z x
n z v z b z n g
n z v z b z n g
n z v z b z n g
n z v z b z n g
n z v z b z n g
n z v z - k r b z k r
t q m n c - l x b l r p e k r
t q v z p e - k z x
n z v z b z n g
n z v z b z n g
n z m c t x p w z
n z v z b z n g
n z w z - k r n g e
n z v z - k r b z k r
t z m w i - n g r d r
n z v z - k r b z k r
n z v z - k r d r
n z v z b z n g
t q p i p e b z l e
n z v z b z n g
t u l z m c
t q v z p e x
t q v z p e - k z x
t q t u n e p w z
v z - z v z x
n z v z - k r b z k r
n z r p i l z - k r d r
n z v z - k r b z k r
t q v z p e x
t w z x
t q v z p e x
t q m r b r
n z v z - k r b z k r
n z v z - k r b z k r
t r m c w x u
n z v z - k r b z k r
t q a b r t z - z v z - n g r g r
v z - z v z x
t z m w i - n g r d r
t q v z p e
t q v z p e x
n z a l v z t r n g
r p i o b z l e
t z v o p e
t q v o t i t r p e m l e
n z w z - k r n g e
n z r k a t x n g r
t z m c n g r
n a o p e k r
n z v z t r n g
t q v z p e
t q v z p e x
t q m c p e k r
t q r m c t i p e k r
t r - r m n q u
t q v z p e - k z x
n z p n a
t z x l r o p e l r
t q v z p e
t q v z p e - k z x
k r l z p e b z k r
k x k q l u
n z r p i l z - k r d r
n z a b r t z n g r
n z l v c n g
t q m n c - n g r d e
t q m u - n g r g r
k x l i
k c n g p e
n z a n g i o
n z x p e n g r
t q v z p e
t q t u l z
t q a b r t z - z v z - n g r g r
t z m w x l r n g
t q v z p e
k r l z m g r
o b q p x k r
t q v z p e - k z x
n z k a l z m l r
t q v z p e
r k a t r p q
t q m n c - n g r d e
t q m n c - n g r d e
l v c - a l z u p q
t z a p u l r
n z r p i l z n g r
t q v z p e
t q v z p e
t q m n c - n g r d e
n z w z - k r n g e
r p i o b z l e
t z m n c p e n g
n a m c l e
n z t a o k r
t q v z p e
n z o l v x t i - k r d e
k x p c
t q v z p e
t q v z p e - k z x
t q v z p e x
n z a b r t z n g r
n z r p i b z
n z y r l q
n z m r l z k r
n z d w a t r - m o u - k r g r
t q v z p e x
n z t w z - k r n g e
t q m n c - n g r d e
m w i - n g r g r
t q y a g o x
t r v z u
y z l u m g r
k r l z m g r
t q m n c - l x b l r p e k r
t z p r p x n g r
n g r l r m i m l e
t q o t i p e l e
n z w z t i - k r b z l e
t z m w x l r n g
t q t u l z
n z o b q - k a p q n g r
r k a t r p q
s u t x
k x r t c
t r t a k i t r u
t z m n c - n g r d r
k r l z p e b z k r
t q b z p e
t q n g r l r p x p e m
t z n g r l r k i o p e l r
n z k a l z m l r
n z p i l z l r
n z y r l q t r p z l r
t z r y z k r n g
n g r l r m i m l e
t q m r t u - n g r d e
n z b o m - k r d e
t q v z p e - k z x
n z m n c n g
t z m n c - n g r d r
r p i o b z l e
t z v o p e
t q v z p e - k z x
t q v z p e - k z x
t q v z p e x
t q v z p e
n e n g e n g
t q v z p e - k z x
t q o t i - a t e m
t q t r k a p e m
t q t r k a p e m
t z m n c - n g r d r
t z v e c p e n g
n z y c m n e - k r d e
t q v z p e x
t q v z p e - k z x
n z y c m n e - k r b z l r
t q w a i p e x
n z y c m n e - k r d e
t q r t a n g r n e
n z a l v z t r l r
n z y c m n e - k r d e
n z b z n g
t q v o t i t r p e m l e
n z r p w ' a - k r d e
n a k a b z k r
n z r k a k r b z
n z k a l z - n g r m l r l e
n z k a t x - k r b z l e
n z k a p x m l r
n z r k a t i p x m q n g
n z d w a t r - m o u - k r g r
n z d w a t r - k r g r
n z r k a l z m q n g q
k x p r k i
t q v z b e
t z m c p x p e b z l r
t u t x l z m
t q v z p e x
t q v z p e - k z x
n z m n c - k r g r
n z a p u s r - k r d r
n z k a t x - k r d e
n z r n i b q n g r
t z m n c - n g r d r
n z a t u p x - n g r m
t z r l x n g i t i n g
n z w z - k r n g e
n z p n a t i - k r b z m u
t z y c m n e t r p e - n g r d r
n z b z - k r g r
o t i b z
t z m n c - n g r d r
o t i m
m z ~ n i b r
n i b r g r
n z y a p w x - k r d r
t z a y o t i
n z a b z o k r
k x n a m u
o t i m
n z p r p x - k r d r
n z p w x n g
t q m c p e b z k r
n z r p i b z
t r n z p i - k r p o ' u
n a p i t x t r - m o p o
t r l r p r k r u
p w r k i l v c - n g r g r
t w z t r k r
t q r p w x m z
n z a t u p x - n g r m
n z a t u p x - n g r m
n z m w a n g r
n z w z - k r n g e
t z x l r o p e l r
o t i m
n z y a p w x - k r d r
t q y r k r p e n g r
n a y r k r t x
t q a l v c - l z b q - n g r g r
d w a - r b r l z - n g r m q g r
d r t q d r
d r t q g r
d w a t x t r x
t r n z p i - k r p o ' u
e s z ' t i
n z p r p x - k r d r
n z t w z l r
m w i t x k r
n z r m n q t x n g
n z r p i b z
n a p i t x t r - m o p o
m n c l v z r n g r
x l r k r
y c m n e t r p z k r
t z y c m n e - n g r p e m
t z y c m n e p e b z
n z m u - k r d r
r m c t i p e k r
n z m u - k r g r
m n c l v z r n g r
n z p r p x - k r d r
n z a b r t z k r
t q o t i p e m l e
n a t q n g e
y r b u t i p e n g
d r l z d r n g
t z y a p w x t i p e b z l r
t q x n g i - a t e b z k r
n z t a v e t r l r
k x t o p w z n e
y a p w x t i - z p w x m a m u
n a y a p w x t i p x b o
r y a p w x - z v z k r
n c b l o n g r
a s a - n g r g r
y r w i t x - k z l e
n z y a g o x - k r d e
t q y r n i t x p e
t z y r n i n e t r p e b z n g
m e i t x t a t x p x
t r y c m n e - k a k r
k x n z t o p w z
k x t o p w z n e
t q t o p w z b e - n g r n e
n a m a p u p e b z l e
p z t i t x k r
t q p z l e
r k a l z m g r
y r n i t x
n z y a p w x - k r g r
n z p r p x - k r d r
t z p r o p e n g
n z y c m n e k r b z
o b q o b z
n z o b q p x b z
n a l x n g i t i k u
n z n g i - t r p e n g r k r
m n c - e p e l z l e
n z n g i k r
k c m a
k c m a n g
t q o t i - a t e m
n z m z l r p i - k r n g e
b z a m u
n z m e l z - k r m e
t q r p n a p e - n g r m l e
t q r p n a - n g r m
n a - a e n z l i m g r
n z m c p x
r m c t i p e k r
d z b e d e
t r b o i u
t z m u p e - n g r d r
n z n g r l r t r n g
n z m w a - k r g r
n z s i k a p u - k r d e
n z g l q o l r
n a p i t x t r - m o p o
t q w x l i k i t x p x
t q a e n z l i t i - n g r g r
t r n z a e n z l i l r u
t r t z r p n a p e u
n z r p n a - m o u p q n g
p n a t i b z k r
t q r p n a - n g r m
n e m u n g
d w a t x t r x
d w a s x p x - k z p q g r
n z d w a t r - k r d e
n z a n g i o - k r g u
n z a n g i o - t x p w z l r
m a l e l e
n a t r k a - z l w z l e
n z y c m n e - k r m
a b r t z l v z k r
t z m w i p x - n g r m
n z m w i p x m
t q m w i - n g r n a m u
l v c - a l z u p q
t q n g r l r p x p e m
t q n g r l r p x p e k r
n z r l x t i - k r b z
n z r l x t i b z l r
t r n z p i - k r p o ' u
n a p i t x t r - m o p o
t q w x b u p x - n g r m
n a k a b o
m n q t i p e l e
t z k u k i r p e l r
n z w z - z l w z - k r g r
x l r k r l e
t z r y z k r n g
r m c t i - n g r g r
m n c - e p e l z l e
k x y a g o x
t q y r n i t x p e
r p i - m o u p q l e
a w i t x - n g r b z k r
t r t q k a p e p w q l e
n z r p i b z
n a p i t x t r - m o p o
t r n z k q l u - k r p e p w q g r u
t z n g r l r k i o p e l r
k c m a n g
r p i - m o u p q l e
n a p i t x t r - m o p o
t z p n z - l z b q n g r
n z l c - a p q b z n g r
n z t u n g r
n g r l a p l x p x k r
n z g l q o l r
t r n z p i - k r p o ' u
t q t r k a m i
n z a t r k a t i
t q t r k a ' n g r
n z r p i l z n g r
p i p x - l z b q
n a r y z k r - n g r g r
n z o b q - k a p q k r
n z t u - z v z - k r d e
t z m u p e - n g r d r
r m c t i p e k r
m r b r l z m
r m c t i p e k r
n a p i t x t r - m o p o
t q t u p x m
t r t e n g e
n z r m n q - k r d r
t q r p i - n g r n
n a p i p x - l z b q n g
r l a s z k r
b l r k q n g e
n z y r p u t i p x k r
n i b r d e
m n c l v z r n g r
n z a b r t z l v z l r
x l r l e l e
x l r b z k r
x l r k r l e
l i p w z
n z a l v c - k r g r
t z l v c l z p e - n g r d r
t q w z t i p e l e
n i b q t i
a t a k q t i - l z b q t x k r
x n g i t x t r l e
t q n g c n e o m
n z n g r l r p x - k r m g r
t q n g r l r p x p e m
n a n g r l r t r k i
n z m c p x
n z a t o l w a - n g r n g
k x t r k a
t r s u k a
t q a s u p e b z
n z l x n g i t i - k r d e
t q a o k z
t a g l c t x d e
t q r p n a p e - n g r m l e
t q r p n a - n g r m
r m c t i p e k r
t q m a l e l e
r n g i - b a t r p q
k a l z m l e
t z p r t r - m o p w q
n a p r o m
t r n a n i b q l e u
t z s i k l u n g
m r n y z n g e
n y z ' d r
n y z d r
n z y r l e t i - k r d e
t q y r p u t i p x p e
n a r t w z m
t w z k i p x l e l e
k q l e p e l e
t r k q o p q l e u
k c m a
n z d w a t r - k r d e
t q r p i - n g r n
n a y a - p w z - t i p e x
n z y c t i k r
r n i p e x
n z r l z - k r b z l e
y c p q t i p e k r
r n g i - b a t r p q
d w a s x p x - k z p q g r
d w a t x t r x
n z d w a t r - k r d e
n z a y c n g r l r t i k r
n a - a m r l z t r - n g r b z l r
n z y c m n e - k r m
n z l z t i n g
v o t r p z k r
t q w q p e
n i b r n g e
y c m
t q s i k l u b e - n g r n e
y r l z o
n z m w x l r t i - l z b q n g
t r m w x l r k r u
n g r d e
n g r g u
r d r n g
m c p z k r
t z m c t x p w z
t r m c p e l e u
n z m c p x b z l r
t r n z m c p e l r u
n z m c p e - k z p z
m c p x m l e
n z m c p x
m c - k z a m u
t q m c t i p e k r
n a y a - p w z - t i p e x
n z l z t i n g
t z l z t r
n z l z
t z l z t i t r
n z r l z - k r g r
t q r p n a - n g r m
n e d r n g
n z r p l a m e i t i - k r d e
t q a c l v e x
n z k q l u k r
t q o l v x t i - a t e l e
t q a l v c t r - l z b q p e
t r t e g r n g
t r t e g r
n g r l x o b z l e
t r r l r - n g r p l e u
t q r l r p e - n g r m l e
n z p r p x k r
t q m c p e l e
n z o - z l i o - k r g r
n z o t r n g r
n a o p e - k a i x
n z o t r p z n g
n z m c p x
t q n g r l r p x p e m
t q n g r l r p x p e k r
m z l w e d e n g
m z l w e n g
p r t z t x b z k r
b z a m u
n a b z m i p e l e
n a b z p e - n g r g r
y c t r p e n g r
t q y c n g r
y c - n r b a l q
t q y c o m
x l r m l e
t q k a w i o p e k r
n a o k l a t i t r - m o p q g r
n z w z - z l w z - k r g r
t q v o t x - n g r p w z
y r w i t x p x l e n g
n z k q b l q p x - k r m c
m n r g r n g
m n r g r
m n r n g e
v o m l e
a g l q t r p q g r
n a a g l q a m u
n z a g l q - k r b z k r
n z g l q l z - m o u l r
t q t r k a
t q t u n e p w z
n a y c t i p x m
y c - n r b a l q
t q k a b z k r
t q t u p x m
n a p i t x t r - m o p o
m n c l v z r n g r
m n c - e p e l z l e
s c m
t z y z l u p e - m o p w z n g
k x m r n a
x l r k r l e
n z r p i b z
n a p i t x t r - m o p o
r p i - m o u p q l e
v o m l e
b l e t i p x - l x b l r n g
n z a p x - n g r b z
d r v r m i n e m l e
n z a b r t z l v z l r
t z y c m n e - n g r p e m l r
t q t u p x m
a t u l z n g r
n z y r l w r t r - k r b z l r
k x b q n g
k x b q g r n g
k x e t u
n z t u n g r
n z t u n g r
t z y a p x p e n g
t z y a p x p e n g
t z a n g c p e l r
m n c n e - m o u - n g r g r
n z m n c p e - k r g r
m n c t x p e
t q m n c n e t r p e m g r
m n c - e p e l z l e
n z k q o - k r m
n a k q t x o m
y r n i - e b i r p e n g
t z a o l v z - a t e b z
t q a l v c - l z b q - n g r g r
y a p x - z v z k r
n z y a - z v z n g
t q o p x p e - n g r d e
t q w z t i p e l e
x l r k r
t q t u p x m
n z t u n g r
e s z ' n e
m n q t i p e l e
n z e s z ' m z n g
n z a l v z t r p l r
k x t o p w z
t z m u p e - n g r d r
t r n a n i b q l e u
t q a s u p e b z
t a p l x s r g r
t q a m z b l q p x m c
t z m a t q
n a r l a s z p e l r
n z r t r n g r t i o l r
p x i q t x n e
n a y a p w x t i m l e
n a t q d e
d r t w r g r
n z d w a t r - k r d e
d w a t x t r x
t q d w a p l r k r n g
t q m e i p x
n z a y o n e p e - k r d r
v o m l e
v o m l e
y a p x - z v z k r
t z y a p x p e n g
t q n g r l r p x p e k r
t q n g r l r p x p e m
s e k a e n t x k r
n g r d e
n g r d r
n a o b q - k a p q p x
n z v z - k r b z k r
k x p r t z
n z v z - k r b z k r
t z a n g r l v z n e o p e l r
t w z q
t q r k a l z p e m g r
n a o b q - k a p q p x
e s c t r p e m
t q a s u p e b z
a s u m i p e b o
t q v z t x p e
t q v z t r p e k r
t q v z - n g r m o
n z v z k i
v z m i t r p e l e
v z - m o p w z k r
n a v z - k a i p o
t q v z n e
t q v z t r p e b o
t q v z - n g r n e
t q v z o p e
n a v z d z k r
n z v z m q n g
n z v z p x m q n g
n z v z k i o p e - k z l r
r v z m i m
t q v z - n g r m l e
n z v z m i - k r g r
v z b z k r
t q v z t x
n z v z o - n g r m
n z v z o - k r m o p w q k r
v z b z
t q v z d z k r
t q v z k i p x
t z m u p e - n g r d r
n z v z - k r b z k r
n z v z - k r b z k r
k a o m a m u
n z v z - k r b z k r
t q t i n g r
n z v z - k r b z k r
n z v z - z v z b z n g
k x n z y a g o x n g
t z l v c l z p e - n g r d r
d r t w r n g e l e
n z v z - k r b z k r
n z t e k q t r n g r
n z v z - k r b z k r
k x t o p w z
k z t e d r
n a k a t x b z l e
n g r d e
r d r n g
n g r g u
n a a l e - k a i p z n g
t z o d u t r - l x b l r - m o u n g
l r d r
a m y a
m y a s z p x l e
t q v o t x - n g r p w z
t q m c p e l e
n e g u n g
n e d r
k x e s z '
k q l u t x
e t u t x
n a p i b z k u
n z v z - k r m
n z v z - k r m
n z v z - k r m
n z v z - k r m
n z y c m n e
