t z v z p x p e b z n g
n z v z - z v z b z n g
n a d w a p e k r
t q y r n i t x p e
t q v z t r - m o p w z k r
a b r t z l v z k r
n z v z k i o l r
t q v z p e m g r
n z r p i l r
t z v z n e p e n g
t z k u k i - n g r d r
v z x
n z v z - k r m
n z v z n e p e l r
n z v z p x n g
n z v z - k r b o
n z v z k a i - k r g r
n z v z p x b z n g
y r n i t x
n a v z n g
v z m i m q
t q v z p e b z
v z p x b z k r
t q p i p e m
t q v z m i t r p e l e n g
t q v z p e
n z v z
t q v z t r - m o p w z k r
t z v z n e p e n g
t q m c p e l e
t z v z p e - k a i n g
n z v z n e p e l r
t z v z o p e n g
n z m c p x
v z x
n a v z m i b z l e
v z t r n g r
n z r p i l r
t z v z p e
n z v z - z v z b z n g
t z v z p x p e b z n g
n z v z
v z t x
n z v z p e - k r d r
t z v z k i n e d r
n z v z k i o l r
n z v z b z n g
t q v z p e
v z p e m
t z r m c t i p e l r
n z v z p x n g
t q v z p e x
v z t r n g r
v z x
n z v z p x n g
n a v z n g
n z m n c - k r g r
t q v z p e
n z e t u p e - k r n g e
n z v z n g r
t q v z p e b z
r m c t i l e
v z m i m q
n z m n c l z b z n g
t q y r n i p e x
t z r k a l z p e m
v z t r l e
t q a s u l e
t q m c p e l e
t q m u
v z - z v z x
n z v z k i o l r
v z - z v z x
v z p x b z k r
t z v z p e
n z v z - k r m
t q m n c
n a p i t x t r - m o p o
v z t x
v z x
v z t r l e
n a v z n g
v z x
n a v z n g
t q a l v c - l z b q - n g r g r
t z v z p x p e b z n g
n z v z - k r n g e
t q v z - n q b l q n e n e
t r n z p i - k r p o ' u
n a p i t r - m o u p o
n a p i t r - m o u p o
v z t x
n a v z b z
n z v z k i l r
t q r k a l z p e - n g r m q g r
n z v z - z v z b z n g
r p i - m o u p q l e
n z v z - k r b z k r
n z v z - k r m
t q t u n e p w z
v z t r n g r
t r n z p i - k r p o ' u
v z m i m q
n a v z m i b z l e
n z v z - k r b z k r
t q v z p e m
n z v z b z n g
n z v z p e n g
t z v z n e p e n g
v z t r l e
t q k r k a ' p e b z
n z v z - n g r m l r
n a v z b z
t z v z n e p e n g
n z v z - k r m
r p i l e
n z b z - k r g r
n z v z p e - k r d r
t z v z - n g r
v z p e m
n z v z - k r b z k r
t z v z - n g r
n z v z p e - k r d r
n z v z b z n g
t r n z p i - k r p o ' u
n z v z k i l r
t q n g r l r p x p e m
n a p i t r - m o u p o
n z v z p e - k r d r
n z v z p x b z n g
t q v z m i t r p e l e n g
t r v z n e - k a k r
n z r p i l z - k r d r
p i b z l e
t z v z p e - k a i n g
m n c p e x
m c l x
n a k a b o
v z p e m
t q p i p e b z l e
m c t r k r
t z v z o p e n g
v z p x b z k r
t z m n c t x - a l o p e n g
n z v z - k r m
r m c t i p e k r
n z v z - k r m
n z v z - k r n g e
t q l x n g i t i - a t e x
t z v z - n g r
n a d w a p e k r
t z v z n e p e n g
t q v z p e m
n a v z b z
v z - z v z x
t q v z t r - m o p w z k r
n z x l r b z l r l e
v z m i m q
n z v z p x b z n g
n a v z m i b z l e
m c p o
t q v z p x p e
n z a b r t z l v z l r
t u p x m
n z r n i b q n g r
n z v z - k r n g e
t u t x l z m
v z x
v z t r n g r
n z r m c t i l r
t q v z p x p e
t q v z m i t r p e b z l e
t q v z t r - m o p w z k r
t q v z b o
t r t r k a - z l w z p w z u
y r l q t x - m o u x
n z v z k i o l r
n z v z - k z n g
n z m c t x p w z
n z m c k r
m c l x n g
n z a b r t z n g r
v z k i m l e
t q v z p e b z
t q m c p e l e
v z k i m l e
t q p i p e b z l e
t q p n z ' p e l e
t q r p i p e x
n a y a p w x t i b o
v z p e m
t q v z m i t r p e b z l e
t q p i p e m
n z v z - k z n g
t q v z m i t r p e l e n g
t q v z - n g r g r
t r v z n e - k a k r
n z v z - k z n g
p i b z l e
t q v z p e m
v z p e m
v z x
n z v z b z n g
t q v z m i t r p e b z l e
n z v z p e - k r d r
t q v z m i t r p e b z l e
t z v z p x p e b z n g
n z m c t x p w z
n z y c m n e - k r b o
n z v z p x n g
t z m n c t x - a l o p e n g
n z v z n e p e l r
n a p i t x t r - m o p o
m c l x n g
t q v z p x p e
v z p e m
t z v z o p e n g
v z k i m l e
t q p i m e
t q v z b o
n z v z n e p e l r
v z k i m l e
v z x
r m c t i l e
n z v z - k z n g
n z v z - k r b z k r
n z r p i b z l r
n g r d r
t q m n c - n g r d e
t z v z p e - k a i n g
t q m u p e k r
m c l z k r
n z d w a t r - m o u - k r g r
m c p o
m c l x n g
n z t u n g r
t z v z - n g r
t q p i p e m
t q v z b o
n z v z - k r b z k r
v z k i m l e
n a v z b z
n z v z - k r b z k r
v z t r l e
n a v z m i b z l e
t z v z - n g r
t z v z p e - k a i n g
n z r p i m l r
t z v z k i n e d r
t q v z p e m
