v z t r n g r
n z v z p e n g
m z k e '
n z v z p e n g
n z v z p e n g
n z v z p e n g
y r k r t x o
n z v z p e n g
n z v z p e n g
n z v z p e n g
n z v z p e n g
n z v z p e n g
t u l z m c
m n c t i k r
n z v z p e n g
m z t r
t q v z p e b z
t q v z p e b z
k r a p w x
t u l z m c
v z t r n g r
t q v z p e b z
m n c t i k r
t q v z b o
t u l z m c
t u n e p w z
t u n e p w z
t q v z b o
t q v z b o
n z v z p e n g
n z v z p e n g
n z r p i m l r
n z r p i m l r
n z m c t r
n z r p i m l r
v z k i m l e
r p i o b z l e
v z k i m l e
v z k i m l e
v z k i m l e
t q a s u l e
t r t e g r
v z k i m l e
n z m c k r
k x t r k a
n z m c t r
n z m c k r
t r t e d e
t q v z p e b z
o t i l e
v z t r n g r
v z t r l e
n z m c p x
n z m n c k r
n a y r k r t x
d r l z d e
m c t r k r
n z m c k r
n z v z n g r
w z t r p o
m c t r k r
n z v z b z n g
n z v z b z n g
n z m c k r
m c l z k r
v z k i m l e
n a r p n z '
n a v z n g
n z m c p x
m n c p e x
n a v z n g
x l r m l e
n a v z - k a i n g
v z m i o l e
n a v z n g
b r n g e
t q v z b o
n a v z n g
n a v z n g
m c l z k r
n a v z n g
y z l u m c
l x e g r
n a v z n g
n a v z n g
m n c p e x
n a v z n g
n a v z n g
n a v z n g
n z r p i m l r
n a v z n g
n z r p i m l r
v z t r k r
n z r p i m l r
n a v z n g
n z t u n g r
m c l z k r
m r b r l z m
v z m i o l e
v z m i o l e
n a v z n g
v z t r l e
n z r p i l r
v z m i o l e
v z m i o l e
n z r p i l r
v z m i o l e
v z m i o l e
v z m i o l e
v z m i o l e
n z r p i l r
v z m i o l e
v z m i o l e
v z m i o l e
n o u d e
v z m i o l e
n z r p i l r
n z m c k r
v z m i o l e
v z m i o l e
v z m i o l e
t u t x l z m
m c l z k r
v z m i o l e
v z k i m l e
m c l z k r
d r k a ' n g
n a v z n g
m c l z k r
v z m i o l e
v z k i m l e
v z m i o l e
v z m i o l e
v z t r l e
v z m i o l e
o t i l e
v z t r l e
v z t r l e
v z t r l e
v z t r l e
v z t r l e
v z t r l e
v z t r l e
v z t r l e
v z t r l e
n z r p i l r
n z t q n g
n z r p i l r
b z t i p e d e
t q p i b z
v z m i o l e
n a m n c t x p o
t u t x l z m
n z r p i m l r
n z t u n g r
v z t r l e
m c l x n g
v z t r l e
t r t e d e
v z t r l e
n z m c p x
v z t r l e
v z t r l e
m n c p e x
m c l x n g
m c l x n g
m c l x n g
m c l x n g
n z m c p x
n z m c p x
b z a m u
t u n e p w z
p i b z l e
b z t i p e d e
m c k r
p i b z l e
k r l z m g r
n z m c t r
n a v z n g
n a v z n g
a b z o k r
p i b z l e
n a v z n g
p i b z l e
r p i l e
r p i l e
v z t r l e
r p i l e
v z t r l e
r p i l e
r p i l e
r p i l e
r p i l e
r g l q k r
x l r b z
n g r d e
t q v o b e
o t i b z
n a v z n g
t r s u k a
x l r k r
v z t r l e
m c t r k r
v z - z v z x
x l r k r
n z r p i b z
x l r b z l e
m c l z k r
m n c p e x
m c t r k r
m n c p e x
e s z ' t i
x l r k r
m c l z k r
t q v z b o
t q v z b o
t q v z b o
t q v z b o
v z m i m q
m c t r k r
v z m i m q
m c t r k r
k z t e d r
v z m i m q
v z - z v z x
v z m i m q
n g r g u
v z m i m q
v z m i m q
k q l u t x
v z m i m q
v z m i m q
n e g u n g
n a v z n g
v z - z v z x
v z m i m q
v z m i m q
v z m i m q
v z m i m q
v z - z v z x
n a v z n g
k r l z m g r
v z m i m q
y r n i t x
v z m i m q
m r l z p e
v z m i m q
v z - z v z x
v z - z v z x
p i b z l e
p i b z l e
k x l i
t q t u l z
v z - z v z x
n a v z - k a i k r
m z l e d e
p i b z l e
m c l z k r
e s z ' n e
k x e t u
r g l q k r
b z a m u
v z k r
v z - z v z x
v z - z v z x
v z t r l e
y r n i t x
v z - z v z x
v z - z v z x
n a v z b z
v z - z v z x
v z t r l e
n z t u n g r
v z - z v z x
m c l x n g
n z r p i b z
v z p e m
n z r p i b z
m c l x n g
v z - z v z x
v z - z v z x
m n c p e x
m c l x n g
v z - z v z x
v z - z v z x
m c t r k r
v z - z v z x
m c t r k r
v z - z v z x
m c l x n g
t q v z b o
t q v z b o
m c t r k r
t q v z b o
t q v z b o
n z r p i b z
t q v z b o
t u p x m
t q v z b o
v z - z v z x
t q v z b o
t q v z b o
v z - z v z x
n z r p i b z
o t i m
n z r p i b z
t q v z b o
t q v z b o
n a v z b z
n a v z b z
n a v z b z
n a v z b z
n a v z b z
n a v z b z
n a v z b z
n a v z b z
n z m c p x
n a v z b z
n a v z b z
m c p o
v z - z v z x
m c t x m
v z - z v z x
k x e t u
v z - z v z x
t q p i b z
m c p x m
t u t x l z m
n z r p i b z
n z r p i b z
t u p x m
t q t u l z
n a v z b z
m c p x m
v z t r l e
v z p e m
v z p e m
v z p e m
v z p e m
v z p e m
v z p e m
v z p e m
v z p e m
v z p e m
v z p e m
m c p x m
v z p e m
e t u t x
v z p e m
v z p e m
v z m i m q
v z p e m
v z p e m
v z p e m
m c p x m
v z p e m
v z p e m
t u p x m
m c p x m
n g r d e
m c p x m
v z m i m q
m c t x m
v z m i m q
n a m w i
v z m i m q
t u p x m
t q a b r t z - z v z - n g r g r
n a v z b z
v z m i m q
n a v z b z
v z - z v z x
n a v z b z
n a v z b z
m c p o
v z m i m q
t z r p i b z
m c p o
t q v z b o
t q v z b o
v z m i m q
v z m i m q
m c t x m
t q t u l z
m c p x m
t q p i b z
n e d r n g
n z m c t r
l i p e
m c p o
m c p o
t q y a p w x t i p e m l e
t u t x l z m
t q v z m i t r p e l e n g
t q v z m i t r p e l e n g
m c t x m
t q v z m i t r p e l e n g
t q v z m i t r p e b z l e
m c p o
t q m n c - l x b l r p e k r
n z y c m n e - k r m
m c p x m
m c p o
n z m c p x
m c l e
n z v z
n z v z
m c t x m
t z r m c t i p e l r
t q v z - n q b l q n e n e
n z m c p x
t q d w a p l r k r n g
t z m n c - n g r d r
e t u t x
t u p x m
n z m c t r
t q v z - n g r g r
t q v z - n g r g r
n z m c t r
v z p e m
y c - n r b a l q
m c t x m
n z v z p e - k r d r
v o k r
n z m c t r
e s z ' n e
k x e t u
t q y r k r p e n g r
v z m i m q
t q m u - n g r g r
n a v z b z
m c t x m
o b q o b z
m c t x m
t z k a p u t r p e
m w i t x
m c t x m
t q r m c t i p e k r
t q m c p e k r
t q a w r k x t r p e l e
t q v z p e m g r
t q r m c t i p e k r
n a v z b z
t q t u l z
o t i m
n e d r
t q r p n a - n g r m
m c p x m
m c t x m
m c l x
t q v z p e x
t q v z p x p e
t q v z p e x
t z m n c n g r
t q v z p e - k z x
n z v z p x n g
n g r d r
m w i t x
n g r d r
m c l x
v o m l e
t q v z p x p e
t q v z p x p e
t q v z p x p e
t q v z p x p e
t q v z p x p e
t q v z p x p e
n z v z p x n g
n z v z p x n g
n z v z p x n g
n z v z p x n g
n z v z - k r m
n z v z - k r m
n z v z - k r m
n z v z - k r m
n z v z p x n g
n z v z - k r m
n z v z - k r m
n z v z - k r m
n z v z - k r m
n z v z - k r m
n z v z p x n g
n z v z - k r m
n z v z - k r m
n z v z - k z n g
n z v z - k r m
n z v z - k r m
n z v z - k r m
n z v z - k r m
n z v z - k r m
t q p i b z
n z v z - k r m
t z v z - n g r
t z v z - n g r
n z v z - k r m
t z v z - n g r
n z v z - k r b o
n z v z - k z n g
t q v z p x p e
t q p i p e m
t q v z p x p e
m c p o
t q l i p e
n z v z p x n g
m c t x m
t q v z p x p e
v z x
t q m c p e l e
n z v z - k r m
t q m c p e l e
v z x
n z v z - k r b o
t q r p w x m z
n z v z - k r m
n z v z - k r m
t q b z p e
m c l x
v z p e m
t q p i b z
t q v z p e m
t q y r n i p e x
t q v z p e m
t q v z p e m
t q v z p e m
t q v z p e m
t q v z p e m
t q y r n i p e x
t q v z p e m
t q v z p e m
m c l x
t q t u p x m
m c l x
t q p i p e m
m c l x
t q p i p e m
t q n g i
t q v z p e m
n z b z n g
t q p i p e m
t q p i p e m
t q v z p e m
t q p i p e m
t q v z p e m
k c m a n g
t q t u p x m
v z p e m
v z t x
v z t x
v z t x
v z t x
v z t x
n a m w i
t q m c p e x
t q v z p e m
t q v z p e m
t q v z p e m
t q v z p e m
t q v z p e m
t q v z p e m
t q v z p e m
v z x
t q v z p e m
t q v z p e m
v z x
v z x
t z v z - n g r
v z x
v z x
v z x
v z x
v z x
v z x
v z x
v z x
t z r p i p e
v z x
n z y r l q
t q t u p x m
v z x
v z x
t q p i m e
v z x
t q p i m e
v z x
t q p i m e
v z x
t q p i m e
v z x
v z x
v z x
v z t x
v z x
t q p i m e
v z x
v z x
v z t x
v z x
v z t x
v z t x
t q v o b e
v z t x
v z t x
v z t x
v z t x
v z t x
t q p i m e
t q p i m e
t q a s u p e
t q p i m e
n z y r l q
t q p i m e
t z v z - n g r
t z v z - n g r
t z v z - n g r
t z v z - n g r
t q v z p e
t q v z p e
t z v z - n g r
t z v z - n g r
t q v z p e
t q v z t r p e
t z v z - n g r
t q p i p e m
t z v z p e
t q p i p e m
t z v z p e
t z v z p e
t q p i b z
t z v z - n g r
t z v z p e
t z v z p e
t q v z p e
t z v z p e
t u o m
v z t x
v z t x
v z t x
v z t x
v z t x
v z t x
t z v z p e
t z v z p e
t q v z p e
v z t x
t z v z p e
t z v z p e
t z v z p e
t z v z p e
t z v z p e
t z v z p e
v z t x
t z v z p e
t z v z p e
t z v z p e
t q v z p e
t q v z p e
t q v z p e
t q v z p e
t q v z p e
t q v z p e
t q v z p e
t q v z p e
t q v z p e
t q v z p e
t q v z p e
t z v z - n g r
t z v z - n g r
t z v z - n g r
t z v z p e
t z v z - n g r
n z v z - k r m
n z v z - k r m
n z v z - k r m
t z v z p e
t z v z - n g r
n z v z - k r b o
t z v z p e
t z v z - n g r
t z v z - n g r
t q p i m e
n a v z - k a i p o
n z r p i b z
t q p i m e
n a n g i
n z v z - k r m
t q v z p e
t z v z p e
t z v z p e
n z r p i m
n z r p i m
n z r p i m
t u o m
t q p i
s c g u
t q p i b z
n z p n z '
t u o m
t u o m
t q p i b z
v e x
m c l x
n z y r l q
m c l x
v z x
n z y c m n e
m c l x
v z x
t q m r b r
n a m w i
t q v z p e m
t q v z p e m
t q a m r l z
n z v z
t q m n c
n z v z
n z v z
n z v z
n z v z
n z v z
t q m n c
t q m n c
t q n g i
t q a m r l z
t q m r b r
t q m n c
t q m n c
t q m n c
t q m n c
t q v z p e
t q v z p e
n z v z
n z v z
n z v z
n z v z
t q v z p e
n g r g r
n z m n c t x p w z
n z v z
n z v z
n z v z
t q m n c
n z v z
n a l i
n z v z
n z v z
n z v z
n z v z
n z v z
t q n g i
n z v z
