o s z b z l e
m n r g r
n g r l r m i m l e
n z g l q o l r
n z b z s z n g
k x m u l e
n z - z p q t r - k r d r
n z y a l z - k r g r
r p i o l e
t q y r p l a t r n g r
m a l e l e
n a v z n g r
n z m n c p e - k r g r
t q m c p e k r
x n g i t x t r l e
n a y a g o x n g
t q r m c t i p e k r
n z p n a n g
t q v z o p e k r
m r b r t i t r p e
t u o m
m c t e
w a i p n z ' l e
m n c l z - n g r m
t z v z - a t e n g
b l e t i p x - l x b l r n g
n z m c t r
n a k i l z b z l e
n z m n c l z b z
n z m n c l z b z
t q y a p w x t i p e m l e
n g r l a p l x p x k r
t q y c o m
n z m w i n g r
n z y a g o x - k r d e
r p i b o
t q v z p e - k z x
n z m n e t i
n z b z n g
r k a t r p q
k i l z n e d e
t q p i b z
k r a t q
t r k q o p q l e u
n a - a e n z l i p w z l r
n z p r t r - k r n g e
k x e s z '
m n q t i p e l e
t q v z p e - k z x
n e d r
x l r m l e
t q p i b z
t q r p n a - n g r m
t z k u k i r p e l r
n z r p i b z
n z m c t r
t q m c p e l e
t z y z l u p e - m o p w z n g
n z p i b z l r l e
n z r p i b z
d w a - r b r l z - n g r m q g r
y a p x - z v z k r
n a p i b z k u
n z r t r n g r t i o l r
n z d w a t r - k r g r
t z m n c t x - a l o p e n g
n z l v c p e n g
t r k r l z w x u
k x r t c
n z y a p w x - k r d r
m n c l v z r n g r
y r n i - e t r t x k r
t q o b q t r p e
t q r p n a l z m
t q y a g o x
n a r l r - n g r m e
o t i b z
n z r p i - k r m e
t q m c p e k r
t q v z p e - k z x
t q r p n a l z m
k r a l i
t q m e i t i o
m e i t x t a t x p x
t q m n c p e k r
t o p w z t r
n z a b r t z - k r g r
t q k i p o p e
n a d r
t z p n z - l z b q n g r
t u o m
n a m n c - k a p q l z - n g r m a m u
t q a m z b l q t x p x p e m c
n z v z o - k r m o p w q k r
n c t e
t q m n c n e t r p e m g r
t q m n c
t q m c p e l e
n a r l x t i b z m e
t q n g q p e l e
n z p n a t i - k r b z m u
t z m n c p e n g
t z a n g c p e l r
n a w r k x t r
k z t e d e
y c m n e p e
n e m
t q r m c t i p e k r
t q y r p u t i p x n g r
a e l w a p x - p n z
t q r p n a - n g r m
t q v z p e - k z x
d w a - r b r l z - n g r m q g r
t q p i t i k r
k c m a n g
n a b z p e - n g r g r
t q r p w a ' - n g r b z m e
k x n z y a g o x n g
r p i o b z l e
n z a m a - k r d e
r l i l r m u
k x e t u
n z a l v z t r n g
t q p n z ' b q p e l e
n e n g e n g
k c m a
n g r g r
t q n g r l r p x p e k r
p r t z t x b z k r
t z v z p x p e b z n g
n z v z - z v z b z n g
n a d w a p e k r
t q y r n i t x p e
t q v z t r - m o p w z k r
a b r t z l v z k r
n z v z k i o l r
t q v z p e m g r
n z r p i l r
t z v z n e p e n g
t z k u k i - n g r d r
v z x
n z v z - k r m
n z v z n e p e l r
n z v z p x n g
n z v z - k r b o
n z v z k a i - k r g r
n z v z p x b z n g
y r n i t x
n a v z n g
v z m i m q
t q v z p e b z
v z p x b z k r
t q p i p e m
t q v z m i t r p e l e n g
t q v z p e
n z v z
t q v z t r - m o p w z k r
t z v z n e p e n g
t q m c p e l e
t z v z p e - k a i n g
n z v z n e p e l r
t z v z o p e n g
n z m c p x
v z x
n a v z m i b z l e
v z t r n g r
n z r p i l r
t z v z p e
n z v z - z v z b z n g
t z v z p x p e b z n g
n z v z
v z t x
n z v z p e - k r d r
t z v z k i n e d r
n z v z k i o l r
n z v z b z n g
t q v z p e
v z p e m
t z r m c t i p e l r
n z v z p x n g
t q v z p e x
v z t r n g r
v z x
n z v z p x n g
n a v z n g
n z m n c - k r g r
t q v z p e
n z e t u p e - k r n g e
n z v z n g r
t q v z p e b z
r m c t i l e
v z m i m q
n z m n c l z b z n g
t q y r n i p e x
t z r k a l z p e m
v z t r l e
t q a s u l e
t q m c p e l e
t q m u
v z - z v z x
n z v z k i o l r
v z - z v z x
v z p x b z k r
t z v z p e
n z v z - k r m
t q m n c
n a p i t x t r - m o p o
v z t x
v z x
v z t r l e
n a v z n g
v z x
n a v z n g
t q a l v c - l z b q - n g r g r
t z v z p x p e b z n g
n z v z - k r n g e
t q v z - n q b l q n e n e
t r n z p i - k r p o ' u
n a p i t r - m o u p o
n a p i t r - m o u p o
v z t x
n a v z b z
n z v z k i l r
t q r k a l z p e - n g r m q g r
n z v z - z v z b z n g
r p i - m o u p q l e
n z v z - k r b z k r
n z v z - k r m
t q t u n e p w z
v z t r n g r
t r n z p i - k r p o ' u
v z m i m q
n a v z m i b z l e
n z v z - k r b z k r
t q v z p e m
n z v z b z n g
n z v z p e n g
t z v z n e p e n g
v z t r l e
t q k r k a ' p e b z
n z v z - n g r m l r
n a v z b z
t z v z n e p e n g
n z v z - k r m
r p i l e
n z b z - k r g r
n z v z p e - k r d r
t z v z - n g r
v z p e m
n z v z - k r b z k r
t z v z - n g r
n z v z p e - k r d r
n z v z b z n g
t r n z p i - k r p o ' u
n z v z k i l r
t q n g r l r p x p e m
n a p i t r - m o u p o
n z v z p e - k r d r
n z v z p x b z n g
t q v z m i t r p e l e n g
t r v z n e - k a k r
n z r p i l z - k r d r
p i b z l e
t z v z p e - k a i n g
m n c p e x
m c l x
n a k a b o
v z p e m
t q p i p e b z l e
m c t r k r
t z v z o p e n g
v z p x b z k r
t z m n c t x - a l o p e n g
n z v z - k r m
r m c t i p e k r
n z v z - k r m
n z v z - k r n g e
t q l x n g i t i - a t e x
t z v z - n g r
n a d w a p e k r
t z v z n e p e n g
t q v z p e m
n a v z b z
v z - z v z x
t q v z t r - m o p w z k r
n z x l r b z l r l e
v z m i m q
n z v z p x b z n g
n a v z m i b z l e
m c p o
t q v z p x p e
n z a b r t z l v z l r
t u p x m
n z r n i b q n g r
n z v z - k r n g e
t u t x l z m
v z x
v z t r n g r
n z r m c t i l r
t q v z p x p e
t q v z m i t r p e b z l e
t q v z t r - m o p w z k r
t q v z b o
t r t r k a - z l w z p w z u
y r l q t x - m o u x
n z v z k i o l r
n z v z - k z n g
n z m c t x p w z
n z m c k r
m c l x n g
n z a b r t z n g r
v z k i m l e
t q v z p e b z
t q m c p e l e
v z k i m l e
t q p i p e b z l e
t q p n z ' p e l e
t q r p i p e x
n a y a p w x t i b o
v z p e m
t q v z m i t r p e b z l e
t q p i p e m
n z v z - k z n g
t q v z m i t r p e l e n g
t q v z - n g r g r
t r v z n e - k a k r
n z v z - k z n g
p i b z l e
t q v z p e m
v z p e m
v z x
n z v z b z n g
t q v z m i t r p e b z l e
n z v z p e - k r d r
t q v z m i t r p e b z l e
t z v z p x p e b z n g
n z m c t x p w z
n z y c m n e - k r b o
n z v z p x n g
t z m n c t x - a l o p e n g
n z v z n e p e l r
n a p i t x t r - m o p o
m c l x n g
t q v z p x p e
v z p e m
t z v z o p e n g
v z k i m l e
t q p i m e
t q v z b o
n z v z n e p e l r
v z k i m l e
v z x
r m c t i l e
n z v z - k z n g
n z v z - k r b z k r
n z r p i b z l r
n g r d r
t q m n c - n g r d e
t z v z p e - k a i n g
t q m u p e k r
m c l z k r
n z d w a t r - m o u - k r g r
m c p o
m c l x n g
n z t u n g r
t z v z - n g r
t q p i p e m
t q v z b o
n z v z - k r b z k r
v z k i m l e
n a v z b z
n z v z - k r b z k r
v z t r l e
n a v z m i b z l e
t z v z - n g r
t z v z p e - k a i n g
n z r p i m l r
t z v z k i n e d r
t q v z p e m
n z v z - k r b z k r
n z v z k i l r
v z k i m l e
t z v z p x p e b z n g
v z t x
m c p x m
m n c t i k r
d w a t x t r x
n z v z
n z v z
t q v z b o
t q n g r l r l z p e
t q v z t r - m o p w z k r
n z v z - n g r m l r
v z - z v z x
v z k i m l e
r m c t i - n g r g r l e
t q v z - n g r g r
t z v z n e p e n g
v z k i m l e
t q y r n i t x p e
t r v z n e - k a k r
t z v z n e p e n g
t q m w x l r p e k r
t z v z - n g r
n z v z p e n g
m c l z k r
n z v z b z n g
v z p e m
t q v z - n g r g r
v z - z v z x
t r n z p i - k r p o ' u
n z p n a k i p x l r
n z r p i m l r
a b r t z l v z k r
t r v z n e - k a k r
v z t r n g r
x l r k r
m c t x m
t z v z p e - k a i n g
n z v z k i o l r
t r v z n e - k a k r
t z v z - n g r
t q v z m i t r p e l e n g
t q v z m i t r p e l e n g
m c l x n g
t q v z p e
t q v z m i t r p e b z l e
n z v z - k r m
t r v z n e - k a k r
n z v z n e p e l r
t u n e p w z
t q r g l q t i k r
t u l z m c
t q t u p x m
m n c p e x
n z v z - k r n g e
t q v z p e x
m c t x m
n z v z p e n g
n z r p i l r
n z v z - k z n g
n z v z p e n g
n z v z p x b z n g
n z v z - k r m
t q a y r n i p e
m c p x m
t q r m c t i p e k r
n z v z p e - k r d r
v z k i m l e
t q v z p e x
t q v z t r - m o p w z k r
n z v z - k r m
n a p i t x t r - m o p o
n z v z
n z v z k a i - k r g r
p i b z l e
n z r p i - a n i - k r m l e
n z v z p e - k r d r
t q v z p x p e
v z k i m l e
t z v z o p e n g
t q v z b o
t q m w a p e
v z t x
t q m n c - n g r d e
n z m c k r
t u t i p x - n g r m
t q v z m i t r p e b z l e
n z v z k i l r
t q v z - n q b l q n e n e
t q v z p e m
t q v z - n q b l q n e n e
n z m c p x
v z t x
t q v z m i t r p e l e n g
t q t u n e p w z
t q v z - n g r g r
t q p n z ' p e l e
v z x
t q v z m i t r p e b z l e
t q v z - n q b l q n e n e
v z m i m q
r m c t i l e
n z v z p x n g
t q v z - n g r g r
n z r p i m
t z v z p e
m c l x
n z v z
n z v z - n g r m l r
t z y r n i n e t r p e b z n g
t q v z p e k r
v z t x
t z v z p e - k a i n g
m r b r p e
t q v z - n q b l q n e n e
d w a t x t r x
t q v z p e
n z v z p x b z n g
n z v z k i o l r
n a p i t x t r - m o p o
t q v z p e x
t r v z n e - k a k r
t z v z k i n e d r
n z v z - k r b z k r
n z t a v e t r
n a v z n g
n z v z p e n g
n z v z - k r b z k r
v z t r n g r
t z v z - n g r
t q v z t r - m o p w z k r
t q v z m i t r p e b z l e
m c p x m
t q v z p e m
m c p o
t z v z p e
m c t x m
t q v z - n g r g r
t r v z n e - k a k r
t z v z p e - k a i n g
n z v z - k r b o
t q p i m e
t q v z m i t r p e b z l e
n z v z k i l r
v z p x b z k r
n z v z k i l r
n z v z - k r b o
v z t r l e
n z v z - n g r m l r
n z v z p e - k r d r
v z t r n g r
t z v z - n g r
n z v z p x n g
n z a t u p x - n g r m
n z v z p e - k r d r
n z v z p e n g
t z v z p e - k a i n g
n z v z p x n g
t z y c m n e - n g r p e m l r
v z t r l e
v z p x b z k r
v z t r n g r
t q e t u n e p x p e
d w a t x t r x
x l r b z l e
n z v z - k r b o
t r v z n e - k a k r
t q v z p e m
v z t x
n a v z m i b z l e
n z v z k i o l r
v z p e m
t q v z m i t r p e b z l e
y r l q t x - m o u x
m c l x
m c t r k r
v z x
v z m i o l e
n z v z p x b z n g
n z v z - k r b o
t q v z - n g r g r
y r l q t x - m o u x
n z v z - k r m
n z m c p x
v z p x b z k r
m c l z k r
v z k i m l e
t z v z - n g r
t q m c p e x
t q v z p e
t z v z o p e n g
v z k i m l e
t z v z p e
n a v z b z
n z v z - z v z b z n g
t z k u k i n g
t q v z - n q b l q n e n e
t q d w a p l r k r n g
n z r p i - a n i - k r m l e
n a p i t r - m o u p o
m c p x m
t q v z p x p e
n z v z b z n g
m c p x m
t q n g r l r p e k r
t q v z b o
n z v z k a i - k r g r
n z v z p e - k r d r
v z t r n g r
t q v z p e x
t z v z p e - k a i n g
r p i l e
t z v z p x p e b z n g
n z v z p e n g
v z t r l e
m c l x
t q v z b o
t z m n c - n g r d r
v z m i o l e
n a v z n g
n z v z p x b z n g
n z m c p x
t q v z p e x
v z m i m q
t q m c p e k r
t q v z m i t r p e l e n g
n z v z
v z m i o l e
v z m i m q
t z v z p e
t z v z p e - k a i n g
y r l q t x b o
n a e s z ' m z n g
n z p i l z l r
n z v z - k r n g e
n z m w i p e - k r n g e
v z m i o l e
m c t x m
n g r l r m i m l e
t z v z - n g r
t q n g r l r l z p e
m c p o
r m c t i l e
t q v z - n g r g r
n z a b r t z n g r
m c l x n g
n z v z k i o l r
d w a t r k r
t q p i m e
t z v z o p e n g
t q m n c - n g r d e
d w a t x t r x
t q v z p e m g r
n a p i b z k u
t q v z b o
t q v z - n g r g r
t z v z p e - k a i n g
n z v z p e n g
t q v z p e m
n z v z p x n g
t q p i m e
v z t x
t q v z t r - m o p w z k r
v z - z v z x
v z p e m
t q v z p e b z
n z v z n e p e l r
t z v z k i n e d r
n z v z p x b z n g
n z r p i m
t r n z p i - k r p o ' u
n z x l r b z l r l e
t q v z p e m g r
n z v z - n g r m l r
n z v z - z v z b z n g
t z v z k i n e d r
t q v z t r - m o p w z k r
v z x
v z p x b z k r
t q v z p e m
n z v z - k r b z k r
n z v z p e n g
m c t x m
n z v z
n z m n c p e n g
n a p i b z k u
n z v z - k r b z k r
n z v z k i l r
n z e t u p e - k r n g e
n z v z k i l r
v z x
n z v z - k r b z k r
n z v z k i l r
t z r m c t i p e l r
t q v z p e m g r
t q v z p e x
t q v z p e b z k r
n a v z m i b z l e
v z p x b z k r
v z t r n g r
n z k r k a ' - k r g r
t u n e p w z
m c t r k r
m c t r k r
n z v z p e n g
v z t r l e
n z v z k i o l r
t z r m c t i p e l r
n z r p i m l r
t q v z - n q b l q n e n e
n z v z k i l r
v z x
n z v z - z v z b z n g
t q v z p x p e
n z v z - k r m
n z a l v z t r p l r
t q x l r p e k r
t z v z p e
n z v z k i o l r
n a v z m i b z l e
n z v z n e p e l r
t z v z - n g r
v z k i m l e
t q v z - n g r g r
t q v z p x p e
t q v z b o
n a p i b z k u
m c t x m
v z p e m
t q v z t r - m o p w z k r
t q v z p e m
v z - z v z x
t z v z n e p e n g
t z v z n e p e n g
t z m w i - n g r d r
n a v z b z
t q v z p x p e
t q v z t r - m o p w z k r
n z v z - k r m
t z v z k i n e d r
n z v z p x n g
t q m c p e x
t q v z p e
t q d w a p l r k r n g
n z v z - k r m
t q e t u n e p x p e
n z a b r t z n g r
n z m c p x
n z v z p e n g
p i b z l e
n z e t u p e - k r n g e
n z v z - k r n g e
n z a b r t z k r
n z v z p x n g
r m c t i l e
n a p i b z k u
v z p x b z k r
t q v z p e m g r
t q v z p e m
t z v z o p e n g
t q m c p e x
t z v z n e p e n g
t q v z p e x
t q v z p e m g r
t q v z p e m
d w a l z m g r
r m c t i l e
t q v z p e m
n z v z n e p e l r
