n g r l r m i m l e
n z l v c p e n g
t q t o p w z b e - n g r n e
n z m n c - k r d r
t q t r k a p e m
l i p e
t q b z p e
t q r g l q t i k r
n z m w i p e - k r n g e
n a y a - p w z - t i p e x
n z m n c p e n g
t q r g l q t i k r
n z w z - k r g r
o m i t x p x b z l e
n g r d r
n z l i - k r d e
n z m n c l z b z n g
n z a l v z t r p l r
m c l e
n z d w a t r - m o u - k r g r
n g r d e
v z b z k r
n a p i p x - l z b q n g
t q v z t r - m o p w z k r
t q v z t r - m o p w z k r
t q v z t r - m o p w z k r
t q v z t r - m o p w z k r
t q v z t r - m o p w z k r
t q r m c t i p e k r
n z p i l z l r
n z r p i - a n i - k r m l e
t q m r b r
n a y a p w x t i m l e
t u n e p w z
o t i l e
t u n e p w z
y r k r t x o
n a y a p w x t i b o
t q r m c t i p e k r
t q v z m i t r p e b z l e
t q r p i p e x
t q d w a p l r k r n g
r m c t i - n g r g r l e
t r n z p i - k r p o ' u
n z v z k a i - k r g r
m w x l r - n g r g r
t u t i p x - n g r m
o t i m
t q v z - n q b l q n e n e
t q n g r l r p e k r
l v c - a l z u p q
t z v z p e - k a i n g
t r n z p i - k r p o ' u
t z l v c - a t e n g
t z v z p x p e b z n g
t z m w x l r n g
t q v z - n g r g r
t q v z - n g r g r
t z v z p x p e b z n g
n z v z - n g r m l r
n z m n c l z b z n g
n z v z - n g r m l r
n z v z - n g r m l r
t q m w i - n g r g r
t z v z k i n e d r
t r v z n e - k a k r
n z w z - k r n g e
t r v z n e - k a k r
t r v z n e - k a k r
t z r k a l z p e m
n z r m c t i l r
t q v z p e m g r
t r v z n e - k a k r
t r v z n e - k a k r
n z r m c t i l r
t r v z n e - k a k r
t q v z p e m g r
d w a l z m g r
n z v z - k z n g
n z v z n e p e l r
n z r m c t i l r
n z v z n e p e l r
n z v z - k z n g
n z v z - k r n g e
n z v z b z n g
n z v z - k r n g e
m n c p e x
n z v z b z n g
n z v z p x n g
n z v z p x n g
n z m n c p e n g
t q v z p e m g r
t u t i p x - n g r m
r g l q p x k r
r m c t i p e k r
n g r l r m i m l e
y r k r t x o
v z k i m l e
n z v z k i o l r
n z r p i b z l r
t z v z o p e n g
t z v z o p e n g
t z v z o p e n g
n z v z - k r b o
n z v z - k r b o
t z v z o p e n g
n z v z n e p e l r
n z v z n e p e l r
n z v z - k r b o
n z v z p x b z n g
n z v z - k r b o
n a v z m i b z l e
n a v z m i b z l e
n z v z - k r b o
n z v z p x b z n g
t q m c p e x
n z v z - k z n g
d w a t x t r x
n z v z - k r m
t q v z p x p e
n z v z b z n g
n z v z - k r m
n z r p i m l r
t q v z p e b z
t z v z o p e n g
k x t r k a
t z v z o p e n g
t q v z p e m
p i b z l e
t q v z p e x
t z v z - n g r
n z v z k i l r
n z v z k i l r
n z v z k i l r
t q v z p e m
v z k i m l e
v z t r l e
v z t r l e
t z v z o p e n g
t q v z p e x
n z m c t x p w z
v z m i o l e
m w i t x
v z k i m l e
v z k i m l e
v z p x b z k r
v z k i m l e
m w i t x
v z - z v z x
n z m c
r m c t i l e
r m c t i l e
r g l q k r
v z p x b z k r
n a v z b z
v z p x b z k r
t q v z b o
t q v z b o
v z p e m
t q v z p e
t q v z p e
v z p e m
n a v z n g
n z m n c k r
t q v z b o
n z m c k r
v z m i m q
t q m n c
d w a t x t r x
t q m n c
t u l z m c
t q m n c
m c p x m
t q m n c
t q p i m e
m c t x m
t z v z p e
m c p o
m c l x
b z a m u
n z v z
n z m c p x
v z t x
n z v z
v z t x
n z v z
v z t x
n z v z
n z v z
n a m n c - k a p q n g r
t z l v a b e t r p e b z
t q m n c p e k r
n z r p i b z
r p i o b z l e
t q p i b z
t q r p i b z l e
t u o m
n z p c t i k r
t r n a n i b q l e u
t r t e g r n g
n z p r p x n g r
p r o t x k r
t q m w i t x p e
n a m w i
n a r l z
k c m a n g
n z l x p l z t x
r t a n g r t i b z
n z r p n z ' n g r
n z p n z ' p e m
t q r p n a l z m
t r s u k a
y r l z o
t q n g r l r p x p e k r
n z r p n a k i p x n g r
n z r p n a n e o p e - k r m l r
n z b o m - k r d e
t r o p i l v z u
n e m u n g
n e d e
n e n g e
n e m
n e n g e n g
b l e t i p x - l x b l r n g
n z a n g i o - k r d r
l r d r
n a m n c t x p o
m n c - m i p e - a m u
m n c - e p e l z l e
m n c l v z r n g r
n z r l a l z - k r g r
t q p r t r p e b z k r
t q p i b z
r p i o b z l e
t q r p i b z l e
n z r p i b z
t q v z - n q b l q n e n e
x n g i t x t r l e
t q w a i k i
t z w a i s z - n g r d r
w a i p n z ' l e
t r - r m n q u
n z r l x t i - k r b z
n a r l x t i b z m e
t q s i k l u b e - n g r n e
n a g r
n a b o
n a n
n a d r
n a n e n g
