n z a y c n g r l r t i k r
n a p i t x t r - m o p o
n z t u - z v z - k r d e
t q s i k l u b e - n g r n e
t q a c l v e x
t r n a n i b q l e u
b l r k q n g e
n a p i t x t r - m o p o
t z y a p w x t i p e b z l r
t r v z u
n z d w a t r - k r d e
t z p r t r - m o p w q
n a p r o m
t q n g r l r p x p e m
n z n g r l r p x - k r m g r
t q n g c n e o m
t z p n z - l z b q n g r
d w a t x t r x
d w a s x p x - k z p q g r
t q r p n a p e - n g r m l e
t r k q o p q l e u
k q l e p e l e
t q t i n g r
r m c t i p e k r
n g r l x o b z l e
d r v r m i n e m l e
n a p i t x t r - m o p o
a w i t x - n g r b z k r
t z m a t q
t q m a l e l e
a t a k q t i - l z b q t x k r
m n c - e p e l z l e
n a b z p e - n g r g r
t q r p n a - n g r m
t z l z t r
t z l z t i t r
n z r l z - k r g r
n z p r p x - k r d r
x l r k r l e
x l r b z k r
x l r l e l e
n g r d r
n g r d e
d r t w r g r
n a m a p u p e b z l e
r m c t i p e k r
t z r y z k r n g
n i b r d e
n z a t r k a t i
t q t r k a m i
n a l x n g i t i k u
t r n z p i - k r p o ' u
n z k q o - k r m
n a k q t x o m
t z l v c l z p e - n g r d r
t q t o p w z b e - n g r n e
k x n z t o p w z
k x t o p w z n e
n a o b q - k a p q p x
l r d r
n z m w a n g r
t q r p i - n g r n
s e k a e n t x k r
t q k a w i o p e k r
n a t q d e
x n g i t x t r l e
t w z q
n z b o m - k r d e
t z a n g r l v z n e o p e l r
b l e t i p x - l x b l r n g
n z a l v z t r p l r
t a p l x s r g r
t q t u p x m
t r n z p i - k r p o ' u
n z p n a t i - k r b z m u
n z l x n g i t i - k r d e
t q t u p x m
a t u l z n g r
n a p i t x t r - m o p o
t u t x l z m
n z t u n g r
t q w z t i p e l e
n a y a - p w z - t i p e x
t z y c m n e p e b z
t z y c m n e - n g r p e m
n z y c m n e k r b z
n z r l x t i b z l r
n z r l x t i - k r b z
n z v z - z v z b z n g
n z v z - z v z b z n g
n a - a m r l z t r - n g r b z l r
k c m a n g
t q r p n a - n g r m
k z t e d r
t z l v c l z p e - n g r d r
r d r n g
n z d w a t r - m o u - k r g r
t r n z a e n z l i l r u
n z a b r t z l v z l r
k x t o p w z n e
t r n z p i - k r p o ' u
k r l z p e b z k r
t r n z k q l u - k r p e p w q g r u
n a k a b o
y a p x - z v z k r
m y a s z p x l e
t w z k i p x l e l e
k a o m a m u
n z y a p w x - k r d r
l i p w z
n z y c m n e - k r b z l r
t z m n c - n g r d r
n z a t u p x - n g r m
m z l w e n g
m z l w e d e n g
m n c - e p e l z l e
n z m n c p e - k r g r
t q m n c n e t r p e m g r
d r t w r n g e l e
t q m r t u - n g r d e
n z s i k a p u - k r d e
n z m c p x
t r y c m n e - k a k r
t q n g r l r p x p e m
t q n g r l r p x p e k r
y c m
n z d w a t r - k r d e
t r m c w x u
t q t u p x m
t q t r k a p e m
n z r p l a m e i t i - k r d e
n z l z t i n g
n z p w x n g
t q m w i - n g r n a m u
r m c t i p e k r
n z m z l r p i - k r n g e
n z a n g i o - t x p w z l r
n z a n g i o - k r g u
t q w x l i k i t x p x
t z m n c - n g r d r
a s a - n g r g r
t q x n g i - a t e b z k r
n z y c m n e - k r d e
r p i - m o u p q l e
n z l c - a p q b z n g r
x l r k r l e
t a g l c t x d e
y c p q t i p e k r
n z r p n a - m o u p q n g
t q o t i - a t e m
m n c l v z r n g r
m n c - e p e l z l e
m n c l v z r n g r
n z m c p x
n c b l o n g r
n z y r l e t i - k r d e
y r w i t x p x l e n g
t z y z l u p e - m o p w z n g
t q m e i p x
t q p z l e
e s c t r p e m
m n q t i p e l e
t q y c o m
y c - n r b a l q
y c t r p e n g r
n z r m n q t x n g
x l r k r
t z x l r o p e l r
n z m u - k r d r
r y a p w x - z v z k r
n a y a p w x t i p x b o
d w a t x t r x
t q r p i - n g r n
n z o l v x t i - k r d e
n i b r g r
t r k r l z w x u
n z y c m n e - k r m
r d r n g
n g r d e
n g r g u
n z p r p x - k r d r
t r l r p r k r u
m n r n g e
n z r p i l z n g r
t z y r n i n e t r p e b z n g
t q y r n i t x p e
t z m n c p e n g
r p i - m o u p q l e
n z y a - z v z n g
y a p x - z v z k r
m n c l v z r n g r
n z a p x - n g r b z
n z d w a t r - k r d e
t z v o p e
t r t q k a p e p w q l e
n a p i t x t r - m o p o
k x b q n g
n z m n c - k r g r
n z k a t x - k r d e
r p i - m o u p q l e
n z m c p x
r m c t i p e k r
m w i t x k r
t z p r o p e n g
n z p n a t i - k r b z m u
t q v o t i t r p e m l e
d r t q d r
d r t q g r
t q y r p u t i p x p e
n a a l e - k a i p z n g
m n c l v z r n g r
t q o t i - a t e m
t z m u p e - n g r d r
n a y a p w x t i m l e
o t i b z
n z r p i - a n i - k r m l e
p r t z t x b z k r
t z k u k i r p e l r
t z n g r l r k i o p e l r
n i b r n g e
t r n z p i - k r p o ' u
n z a y o n e p e - k r d r
t q m n c - l x b l r p e k r
t r t e g r
t r t e g r n g
t r k r l z w x u
v o m l e
r k a t r p q
n z v z o - k r m o p w q k r
r v z m i m
n z v z k i
v z m i t r p e l e
v z b z k r
t q v z t r p e k r
n z v z m q n g
n z v z o - n g r m
t q v z t r p e b o
t q v z - n g r n e
n z v z k i o p e - k z l r
n a v z - k a i p o
v z b z
t q v z d z k r
t q v z t x p e
n a v z d z k r
t q v z - n g r m o
n z m w x l r t i - l z b q n g
t r m w x l r k r u
n z n g r l r t r n g
d r l z d r n g
n z y r l q t r p z l r
