t q r p i p e x
n z v z k i l r
n z v z k i l r
n z v z p x n g
n z v z p x n g
n z v z k i l r
n z v z - k r b o
n z v z k i l r
t q v z p x p e
t q v z p e - k z x
n z v z p e n g
t q v z b o
t q v z p e m
t z v z - n g r
t q v z p x p e
t q v z p x p e
t q v z p e m
t q v z p e b z
t q v z p e b z
v z k i m l e
n z r p i m l r
m n c p e x
v z k i m l e
n z v z p x n g
t q v z p x p e
t q m c p e x
v z t r n g r
x l r k r
t q v o b e
v z t r n g r
v z t r n g r
m n c t i k r
m n c t i k r
v z t r n g r
t z v z - n g r
t q m c p e l e
v z t r n g r
v z t r n g r
v z t r n g r
v z k i m l e
t q p i p e m
n a p i b z k u
v z t r n g r
v z t r n g r
v z k i m l e
t z v z - n g r
n z v z p x n g
n z r m c t i l r
n a p i b z k u
t z v z o p e n g
n z v z p e n g
p i b z l e
n z v z k i o l r
t z v z - n g r
n z a b z o k r
v z k i m l e
v z k i m l e
v z k i m l e
t q m c p e x
n z v z p e n g
n e n g e n g
t z v z o p e n g
t q v z p e
t z v z - n g r
t q p i p e m
v z p x b z k r
t z v z - n g r
t q v z p e x
t q v z p e - k z x
v z k i m l e
n z v z p e n g
m n c t i k r
k r l z m l e
t q p i b z k r
v z k i m l e
n z v z k i o l r
v z k i m l e
v z p x b z k r
v z p x b z k r
t q r p i p e x
n z v z p e n g
n z r p i b z l r
t z v z o p e n g
t q m c p e x
t q m c p e x
t q v z p e x
t z v z o p e n g
n z v z k i o l r
t q t u l z
t q v z p e
t z v z o p e n g
n z v z k i o l r
n z v z - k r m
t z v z k i n e d r
n z v z k i o l r
t z v z o p e n g
n z v z k i o l r
t z v z - n g r
t q v z p e x
t z v z k i n e d r
t q v z p e x
m n c t i k r
t q v z p e x
t z v z o p e n g
n z v z p x b z n g
t z v z k i n e d r
v z p x b z k r
n z v z p x n g
t z v z k i n e d r
t q o t i m l e
n z v z p x n g
k x t r k a
n z v z p x n g
n z v z k i o l r
t q v z p e
n z r m c t i l r
n z v z p e n g
v z t r n g r
n z r p i m l r
t q v z p e
t z v z o p e n g
n z v z p x n g
t q t u l z
n z v z p e n g
n a v z m i b z l e
t z v z k i n e d r
t z v z - n g r
n z m n c l z b z
n z o t r n g r
n z o - z l i o - k r g r
n a o p e - k a i x
t q r p i b z l e
t q v z p e x
t q v z p e
t z a p u l r
n a v z m i b z l e
r k a l z m
t q v z p e
n a v z m i b z l e
t q v z p e
n a v z m i b z l e
n z v z p x b z n g
t q v z p e
n z k r l z m l r
n z v z p x b z n g
n z v z p e n g
n z v z - k r m
t z v z n e p e n g
n z v z - k r m
p i b z l e
y r n i t x
n z v z p x b z n g
n z v z p x b z n g
n z v z p e n g
t z v z n e p e n g
n z v z - k r m
n a o b q - k a p q p x
n z v z p e n g
t z v z k i n e d r
n z m n c p e n g
t z v z n e p e n g
t r t q w z p e u
n a v z m i b z l e
t z v z k i n e d r
n z v z - k r m
s u t x
t z v z k i n e d r
m n c t i k r
t u l z m c
t z v z o p e n g
t r k r l z w x u
n a v z m i b z l e
n z m r l z k r
n z r m c t i l r
n z w z t r n g
t z v z - n g r
n z v z p x b z n g
n a v z m i b z l e
t q v z p e - k z x
n a m n c t x p o
t q v z p e - k z x
t q v z p e x
t q v z p e - k z x
r p i o b z l e
t z v z n e p e n g
t z v z p x p e b z n g
n z v z p x b z n g
n z r m c t i l r
t q p i p e b z l e
n z v z p x b z n g
t z v z p x p e b z n g
t z v z n e p e n g
t z v z n e p e n g
t z v z n e p e n g
n a v z m i b z l e
r p i o b z l e
n a v z m i b z l e
n z m n c l z b z
r k a l z m g r
m n c - m i p e - a m u
t q m w i t x p e
k x e t u
t z v z p x p e b z n g
t q v z p e m g r
t q m w i t x p e
n z v z n e p e l r
t z m u p e - n g r d r
t z v z p x p e b z n g
n a v z m i b z l e
n z v z - z v z b z n g
n z d w a o n g r
n z v z - z v z b z n g
t z v z n e p e n g
n z v z - k r b z k r
n z v z - k z n g
n z v z - k r b z k r
n z v z - n g r m l r
n z v z - n g r m l r
t q p i p e b z l e
n z v z - n g r m l r
t q v z p e m g r
n z v z - n g r m l r
n z v z - n g r m l r
n z w z t r n g
t q v z p e m g r
t q v z p e m g r
n z v z - n g r m l r
n z v z - n g r m l r
n z v z - n g r m l r
n z v z - n g r m l r
n z v z - n g r m l r
n z v z - n g r m l r
n z r k a t x n g r
n z v z - k r b z k r
m n c l z - n g r m
n z v z - k z n g
n a m n c t x p o
t z v z n e p e n g
n z v z - n g r m l r
n z k a l z m l r
n z v z - k z n g
t r b o i u
k x p r t z
n z v z - k z n g
n z v z - k z n g
n z v z p e - k r d r
n z v z n e p e l r
t q t u n e p w z
n z v z n e p e l r
n z m n c l z b z n g
t z m u p e - n g r d r
n z v z n e p e l r
n z v z n e p e l r
n a k a t x b z l e
n z v z - k r b z k r
n z v z - k r b z k r
n z v z p e - k r d r
n z v z - k r b z k r
n z v z - k z n g
n z v z - z v z b z n g
t z s i k l u n g
m n c - m i p e - a m u
t r v z n e - k a k r
t q v z - n g r g r
n a d w a p e k r
n z v z - k r b z k r
n z v z - k r b z k r
t q a s u p e b z
t r s u k a
n z v z n e p e l r
n z v z - k r b z k r
n z v z n e p e l r
n z v z - k r b z k r
n z v z - k r b z k r
n g r l r m i m l e
n z t w z l r
n z o l z - k r m l e
n z v z - k r b z k r
n z o b q - k a p q n g r
t q v o t x - n g r p w z
n z w z - z l w z - k r g r
n z r k a l z m q n g q
k x y a g o x
n y z ' d r
m r n y z n g e
n z v z - k r b z k r
t q r m c t i p e k r
t z k r l z p e - a t e l r
t q y a g o x
n z v z - k r n g e
n z v z - z v z b z n g
n z v z - k r b z k r
t q m c p e k r
t q r m c t i p e k r
n z o t i - k r m l e
v o m l e
n e d r n g
n z v z - k r g r
n z v z - k r n g e
t z v z p e n g
t z v z p e - k a i n g
n z v z - k r n g e
n z v z - k r n g e
n z v z - k r n g e
r p i o b z l e
n z m n c l z b z n g
t q p i p e b z l e
n z v z - k r d r
n z v z - k r n g e
t q n g r l r p x p e m
t z n g r l r k i o p e l r
n z m n c l z b z n g
n z v z - k r n g e
n z v z p e - k r d r
n z v z - k r n g e
n z m n c l z b z n g
t q a o k z
n z v z p e - k r d r
t q r m c t i p e k r
n z v z p e - k r d r
n z v z t r n g
n z m n c n g
t q n g r l r p e k r
t q m w x l r p e k r
n z v z p e - k r d r
t q r m c t i p e k r
n z v z p e - k r d r
t q p i p e b z l e
n a y r k r t x
t r v z n e - k a k r
n z m c t x p w z
t q m c p e k r
m w i - n g r g r
n z v z k a i - k r g r
n z w z - k r n g e
n z v z k a i - k r g r
t u t i p x - n g r m
t z v z p e - k a i n g
t q m r b r
n z v z k a i - k r g r
t z v z p e - k a i n g
t z r t w z - k z n g
t q m w i - n g r g r
n z a b r t z n g r
t z v z p e - k a i n g
n z a t u p x - n g r m
t z v z p e - k a i n g
n z v z k a i - k r g r
n z v z p e - k r d r
n z w z - k r n g e
t z r m c t i p e l r
t z v z p e - k a i n g
t q v z m i t r p e b z l e
t z v z p e - k a i n g
n z k a p x m l r
n z r k a t i p x m q n g
t q v z m i t r p e b z l e
t q p r t r p e b z k r
t z v z p e - k a i n g
t z v z p e - k a i n g
t q v z m i t r p e b z l e
n z w z - k r n g e
n a m n c - k a p q n g r
t q v z m i t r p e b z l e
t q v z m i t r p e b z l e
n z w z - k r n g e
n z y c t i k r
n z p n a
t z k r l z p e - a t e l r
t q v z m i t r p e b z l e
n a m n c - k a p q n g r
n z r p i b z
t q v z - n q b l q n e n e
t q v z m i t r p e b z l e
t q t u l z
t u t i p x - n g r m
t q r p w x m z
m e i t x t a t x p x
t r v z n e - k a k r
n z b z n g
t r v z n e - k a k r
t z v z p e - k a i n g
t z v z p e - k a i n g
t q v z - n q b l q n e n e
n z m c t x p w z
t u t i p x - n g r m
t z v z p e - k a i n g
t q v z - n q b l q n e n e
r m c t i - n g r g r l e
n a m n c - k a p q n g r
t q v z m i t r p e l e n g
n z r p w ' a - k r d e
m w x l r - n g r g r
t q m c t i p e k r
t z m c t x p w z
t r n z m c p e l r u
m c p z k r
t r m c p e l e u
n z m c p x
m c p x m l e
m c - k z a m u
n z m c p e - k z p z
t q v z m i t r p e l e n g
t q v z m i t r p e l e n g
t q v z m i t r p e l e n g
k c m a n g
t q v z m i t r p e b z l e
n z a b r t z n g r
t q n g r l r l z p e
t q v z - n q b l q n e n e
n z t e k q t r n g r
n z b z - k r g r
t q n g r l r p e k r
n z a g l q - k r b z k r
n a a g l q a m u
d z b e d e
t q v z - n q b l q n e n e
t q v z m i t r p e b z l e
n z o t i p e - k r m
n z y c m n e - k r d e
n z n g i - t r p e n g r k r
r m c t i - n g r g r l e
t z x l r o p e l r
r m c t i - n g r g r l e
n z m w a - k r g r
t z m w i - n g r d r
n z r p i b z
n a p i t x t r - m o p o
n z b z - k r g r
t z v z p e - k a i n g
n z t a v e t r l r
n a y c t i p x m
k x m r n a
y r l z o
t q v z - n q b l q n e n e
t u p x m
m r b r l z m
t q v z m i t r p e b z l e
t q r k a l z p e m g r
t z v e c p e n g
t q v z t r - m o p w z k r
t z m c p x p e b z l r
t z r y z k r n g
t r r l r - n g r p l e u
n z t a o k r
t q a s u p e b z
t q v z t r - m o p w z k r
t q v z - n q b l q n e n e
t q v z t r - m o p w z k r
b z a m u
k r l z p e b z k r
t z m c n g r
t q v z t r - m o p w z k r
t q v z t r - m o p w z k r
n z r p i l z n g r
t q v z t r - m o p w z k r
n a o k l a t i t r - m o p q g r
t q m c p e b z k r
t z m n c t x - a l o p e n g
n z y r p u t i p x k r
t q y r n i t x p e
r k a t r p q
t z m w i - n g r d r
r m c t i p e k r
n g r l r m i m l e
n z r p i - a n i - k r m l e
v o t r p z k r
o b q o b z
n z o b q p x b z
n a p i t r - m o u p o
t q m n c - n g r d e
n z d w a t r - k r g r
n z y a p w x - k r d r
n z w z t i - k r b z l e
t q v z t r - m o p w z k r
n a k a t x b z l e
n z e s z ' m z n g
t r t e n g e
n z r p i - a n i - k r m l e
t q m n c - n g r d e
t z m n c t x - a l o p e n g
t z r l x n g i t i n g
y r w i t x - k z l e
t q m n c - n g r d e
t q v z t r - m o p w z k r
n z o b q - k a p q k r
t q v z t r - m o p w z k r
n z y c m n e - k r m
t q n g r l r p x p e m
t q v z t r - m o p w z k r
t q m n c - n g r d e
t q v z t r - m o p w z k r
t q w q p e
n z a b r t z l v z l r
t z m n c - n g r d r
t q n g r l r p x p e k r
t q m n c - n g r d e
t q v z t r - m o p w z k r
x l r k r l e
t q o p x p e - n g r d e
n z y r l q t r p z l r
d r l z d r n g
n z n g r l r t r n g
t r m w x l r k r u
n z m w x l r t i - l z b q n g
n a v z d z k r
n z v z o - n g r m
t q v z - n g r n e
n z v z m q n g
n a v z - k a i p o
r v z m i m
t q v z t r p e k r
n z v z k i
v z b z k r
t q v z - n g r m o
n z v z o - k r m o p w q k r
t q v z d z k r
t q v z t r p e b o
v z b z
v z m i t r p e l e
t q v z t x p e
n z v z k i o p e - k z l r
r k a t r p q
v o m l e
t r k r l z w x u
t r t e g r n g
t r t e g r
t q m n c - l x b l r p e k r
n z a y o n e p e - k r d r
t r n z p i - k r p o ' u
n i b r n g e
t z n g r l r k i o p e l r
t z k u k i r p e l r
p r t z t x b z k r
n z r p i - a n i - k r m l e
o t i b z
n a y a p w x t i m l e
t z m u p e - n g r d r
t q o t i - a t e m
m n c l v z r n g r
n a a l e - k a i p z n g
t q y r p u t i p x p e
d r t q d r
d r t q g r
t q v o t i t r p e m l e
n z p n a t i - k r b z m u
t z p r o p e n g
m w i t x k r
r m c t i p e k r
n z m c p x
r p i - m o u p q l e
n z k a t x - k r d e
n z m n c - k r g r
k x b q n g
n a p i t x t r - m o p o
t r t q k a p e p w q l e
t z v o p e
n z d w a t r - k r d e
n z a p x - n g r b z
m n c l v z r n g r
n z y a - z v z n g
y a p x - z v z k r
r p i - m o u p q l e
t z m n c p e n g
t z y r n i n e t r p e b z n g
t q y r n i t x p e
n z r p i l z n g r
m n r n g e
t r l r p r k r u
n z p r p x - k r d r
n g r g u
r d r n g
n g r d e
n z y c m n e - k r m
t r k r l z w x u
n i b r g r
n z o l v x t i - k r d e
t q r p i - n g r n
d w a t x t r x
n a y a p w x t i p x b o
r y a p w x - z v z k r
n z m u - k r d r
t z x l r o p e l r
x l r k r
n z r m n q t x n g
y c t r p e n g r
t q y c o m
y c - n r b a l q
m n q t i p e l e
e s c t r p e m
t q p z l e
t q m e i p x
t z y z l u p e - m o p w z n g
y r w i t x p x l e n g
n z y r l e t i - k r d e
n c b l o n g r
n z m c p x
m n c l v z r n g r
m n c l v z r n g r
m n c - e p e l z l e
t q o t i - a t e m
n z r p n a - m o u p q n g
y c p q t i p e k r
t a g l c t x d e
x l r k r l e
n z l c - a p q b z n g r
r p i - m o u p q l e
n z y c m n e - k r d e
t q x n g i - a t e b z k r
a s a - n g r g r
t z m n c - n g r d r
t q w x l i k i t x p x
n z a n g i o - k r g u
n z a n g i o - t x p w z l r
n z m z l r p i - k r n g e
r m c t i p e k r
t q m w i - n g r n a m u
n z p w x n g
n z l z t i n g
n z r p l a m e i t i - k r d e
t q t r k a p e m
t q t u p x m
t r m c w x u
n z d w a t r - k r d e
y c m
t q n g r l r p x p e m
t q n g r l r p x p e k r
t r y c m n e - k a k r
n z m c p x
n z s i k a p u - k r d e
t q m r t u - n g r d e
d r t w r n g e l e
n z m n c p e - k r g r
m n c - e p e l z l e
t q m n c n e t r p e m g r
m z l w e d e n g
m z l w e n g
n z a t u p x - n g r m
t z m n c - n g r d r
n z y c m n e - k r b z l r
l i p w z
n z y a p w x - k r d r
k a o m a m u
t w z k i p x l e l e
m y a s z p x l e
y a p x - z v z k r
n a k a b o
t r n z k q l u - k r p e p w q g r u
k r l z p e b z k r
t r n z p i - k r p o ' u
k x t o p w z n e
n z a b r t z l v z l r
t r n z a e n z l i l r u
n z d w a t r - m o u - k r g r
r d r n g
t z l v c l z p e - n g r d r
k z t e d r
t q r p n a - n g r m
k c m a n g
n a - a m r l z t r - n g r b z l r
n z v z - z v z b z n g
n z v z - z v z b z n g
n z r l x t i - k r b z
n z r l x t i b z l r
n z y c m n e k r b z
t z y c m n e - n g r p e m
t z y c m n e p e b z
n a y a - p w z - t i p e x
t q w z t i p e l e
n z t u n g r
t u t x l z m
n a p i t x t r - m o p o
a t u l z n g r
t q t u p x m
n z l x n g i t i - k r d e
n z p n a t i - k r b z m u
t r n z p i - k r p o ' u
t q t u p x m
t a p l x s r g r
n z a l v z t r p l r
b l e t i p x - l x b l r n g
t z a n g r l v z n e o p e l r
n z b o m - k r d e
t w z q
x n g i t x t r l e
n a t q d e
t q k a w i o p e k r
s e k a e n t x k r
t q r p i - n g r n
n z m w a n g r
l r d r
n a o b q - k a p q p x
k x n z t o p w z
k x t o p w z n e
t q t o p w z b e - n g r n e
t z l v c l z p e - n g r d r
n a k q t x o m
n z k q o - k r m
t r n z p i - k r p o ' u
n a l x n g i t i k u
t q t r k a m i
n z a t r k a t i
n i b r d e
t z r y z k r n g
r m c t i p e k r
n a m a p u p e b z l e
d r t w r g r
n g r d r
n g r d e
x l r l e l e
x l r b z k r
x l r k r l e
n z p r p x - k r d r
t z l z t r
n z r l z - k r g r
t z l z t i t r
t q r p n a - n g r m
n a b z p e - n g r g r
m n c - e p e l z l e
a t a k q t i - l z b q t x k r
t q m a l e l e
t z m a t q
a w i t x - n g r b z k r
n a p i t x t r - m o p o
d r v r m i n e m l e
n g r l x o b z l e
r m c t i p e k r
t q t i n g r
t r k q o p q l e u
k q l e p e l e
t q r p n a p e - n g r m l e
d w a s x p x - k z p q g r
d w a t x t r x
t z p n z - l z b q n g r
t q n g c n e o m
n z n g r l r p x - k r m g r
t q n g r l r p x p e m
n a p r o m
t z p r t r - m o p w q
n z d w a t r - k r d e
t r v z u
t z y a p w x t i p e b z l r
n a p i t x t r - m o p o
b l r k q n g e
t r n a n i b q l e u
t q a c l v e x
t q s i k l u b e - n g r n e
n z t u - z v z - k r d e
n a p i t x t r - m o p o
n z a y c n g r l r t i k r
