o t i m
o t i m
n a m a p u p e b z l e
n i b r g r
n z v z - z v z b z n g
n z v z - z v z b z n g
t z l z t r
t z l z t i t r
n z r l z - k r g r
s e k a e n t x k r
t q n g c n e o m
n a p i t x t r - m o p o
t q t u p x m
t q r p i - n g r n
t q t o p w z b e - n g r n e
k x t o p w z n e
k x n z t o p w z
n a p i t x t r - m o p o
n z a y c n g r l r t i k r
n z m c p x
m y a s z p x l e
t z p r t r - m o p w q
n a p r o m
t q t i n g r
n a k q t x o m
n z k q o - k r m
n z t u n g r
t q a c l v e x
k x y a g o x
k c m a n g
t r k r l z w x u
t r n a n i b q l e u
t a g l c t x d e
n z l c - a p q b z n g r
t q r p i - n g r n
t a p l x s r g r
t r v z u
n g r d r
n g r d e
t q k a w i o p e k r
n a p i t x t r - m o p o
t r k r l z w x u
t q a s u p e b z
t z y a p w x t i p e b z l r
t r k q o p q l e u
k q l e p e l e
t z m a t q
m n c - e p e l z l e
n a b z p e - n g r g r
k a o m a m u
t q r p n a - n g r m
d r v r m i n e m l e
n a o b q - k a p q p x
t q m a l e l e
n a y c t i p x m
x l r b z k r
x l r k r l e
x l r l e l e
b l r k q n g e
k z t e d r
t q t r k a m i
n z a t r k a t i
n z m c p x
r m c t i p e k r
n g r l x o b z l e
t r n z p i - k r p o ' u
e s c t r p e m
x n g i t x t r l e
k x p r t z
n z m c p x
t z m c n g r
l r d r
t u t x l z m
t q o p x p e - n g r d e
t q a s u p e b z
t r s u k a
k x b q n g
t q t u p x m
t r n z p i - k r p o ' u
n z d w a t r - k r d e
t q w x l i k i t x p x
n i b r n g e
r d r n g
n a p i t x t r - m o p o
d r t q g r
d r t q d r
n a p i t x t r - m o p o
r p i - m o u p q l e
t z p n z - l z b q n g r
r m c t i p e k r
t q s i k l u b e - n g r n e
a w i t x - n g r b z k r
y r w i t x p x l e n g
n a v z - k a i p o
t q v z - n g r m o
t q v z d z k r
t q v z t r p e b o
t q v z t x p e
n z v z o - n g r m
t q v z t r p e k r
v z b z
n z v z o - k r m o p w q k r
n z v z k i o p e - k z l r
r v z m i m
n z v z k i
v z m i t r p e l e
n a v z d z k r
t q v z - n g r n e
n z v z m q n g
v z b z k r
a t u l z n g r
t q t u p x m
y r l z o
t w z q
r m c t i p e k r
d r t w r g r
t r n z k q l u - k r p e p w q g r u
n i b r d e
n z l z t i n g
r m c t i p e k r
t q w z t i p e l e
n z y r l q t r p z l r
t z m u p e - n g r d r
k x t o p w z n e
k x m r n a
b l e t i p x - l x b l r n g
n z y a - z v z n g
y a p x - z v z k r
t r n z p i - k r p o ' u
a t a k q t i - l z b q t x k r
l v c - a l z u p q
d w a s x p x - k z p q g r
d w a t x t r x
t q r p n a p e - n g r m l e
n z a l v z t r p l r
t r n z m c p e l r u
m c p x m l e
t z m c t x p w z
m c p z k r
n z m c p e - k z p z
t q m c t i p e k r
n z m c p x
m c - k z a m u
t r m c p e l e u
n c b l o n g r
n z d w a t r - k r d e
y a p x - z v z k r
n a y a - p w z - t i p e x
n z y r l e t i - k r d e
t q m w i - n g r n a m u
t r t e g r n g
t r t e g r
d r t w r n g e l e
t z a n g r l v z n e o p e l r
k c m a n g
n a - a m r l z t r - n g r b z l r
b z a m u
d w a t x t r x
n a t q d e
l i p w z
n a k a b o
n z d w a t r - k r d e
n z a b r t z l v z l r
t z n g r l r k i o p e l r
t q n g r l r p x p e m
m z l w e d e n g
m z l w e n g
n z r l x t i b z l r
n z r l x t i - k r b z
t w z x
n z t u - z v z - k r d e
m n r n g e
m n c l v z r n g r
t q t r k a p e m
t z l v c l z p e - n g r d r
y c p q t i p e k r
n a y a p w x t i p x b o
r y a p w x - z v z k r
x l r k r l e
t q n g r l r p x p e m
n z n g r l r p x - k r m g r
n z r p i l z n g r
t z r y z k r n g
t q o t i - a t e m
m n q t i p e l e
t q p z l e
n z t e k q t r n g r
n z m n c p e - k r g r
t q m n c n e t r p e m g r
m n c - e p e l z l e
t r n z p i - k r p o ' u
n z m w a n g r
n z a n g i o - k r g u
n z a n g i o - t x p w z l r
t z m u p e - n g r d r
x l r k r l e
m n c l v z r n g r
n z b o m - k r d e
k r l z p e b z k r
n z s i k a p u - k r d e
m n c l v z r n g r
t w z k i p x l e l e
n z t a o k r
t r r l r - n g r p l e u
n z a b r t z l v z l r
l v c - a l z u p q
r d r n g
n g r d e
n g r g u
n a l x n g i t i k u
t q m e i p x
t q v o t x - n g r p w z
t z l v c l z p e - n g r d r
t q y c o m
y c - n r b a l q
y c t r p e n g r
k x r t c
n a y a p w x t i m l e
t r l r p r k r u
t q o t i - a t e m
t z k u k i r p e l r
o t i b z
t r b o i u
t z y z l u p e - m o p w z n g
n z a p x - n g r b z
m r b r l z m
n z o b q p x b z
o b q o b z
n z r p n a - m o u p q n g
x l r k r
t q x n g i - a t e b z k r
r p i - m o u p q l e
t r t e n g e
n z m z l r p i - k r n g e
t r m c w x u
v o m l e
n z o l v x t i - k r d e
n z a y o n e p e - k r d r
t q t u l z
t z m n c p e n g
v o t r p z k r
n a a l e - k a i p z n g
t q a o k z
t q y r p u t i p x p e
y r w i t x - k z l e
n z b z n g
n z k a p x m l r
n z r k a t i p x m q n g
t q r p n a - n g r m
n z y c t i k r
