n g r g r
s c d r
b z a m u
t q v z t r p e
n c t e
t q k i p o p e
t r t e g r n g
o t i b z
t z r y z k r n g
n z a l v z t r n g r
t q v z t r - m o p w z k r
t q m c p e k r
t q m c p e k r
t q m n c p e k r
v z t r n g r
n z r k a t x n g r
n z l r m z t r - k r d e
t z m u p e - n g r d r
n a y a g o x n g
o s z b z l e
m c t e
t q n g q p e l e
t q m c p e k r
t q v z t r - m o p w z k r
t q r p i - n g r n
m a l e l e
v z - m o p w z k r
a l v z t r l e
t q v z t r - m o p w z k r
t q t u n e p w z
t q y r p u t i p x p e
t q t u n e p w z
t q k r k a ' p e b z
t z x l r o p e l r
k x n z y a g o x n g
t q e t u n e p x p e
n a v z n g r
t o p w z t r
y a p x - z v z k r
d w a t x t r x
n z - z p q t r - k r d r
t q p r t r p e b z k r
p r t z t x b z k r
n z p i l z l r
n z t e l v z l r
v z t r n g r
v z t r n g r
t z l v c l z p e - n g r d r
n z b z n g
t z a n g i o l r
t q y a g o x
n z m n c - k r d r
n z d w a t r - k r g r
v z t r n g r
t q v z p e x
n z e t u p e - k r n g e
t q r m c t i p e k r
n z p n a n g
m n c l z - n g r m
t q m e i t i o
m e i t x t a t x p x
n z r t r n g r t i o l r
t q y r n i t x p e
t z y r n i n e t r p e b z n g
m n q t i p e l e
n z l v c n e - k r d r
t q v z p e x
t q o t i - a t e m
n z o b q p x b z
t q o b q t r p e
n z b z s z n g
t q v z p e x
t z p n z - l z b q n g r
t q p n z ' b q p e l e
n z v z p x n g
n z r k a l z m q n g q
d w a t x t r x
t q v z p e x
r k a t r p q
t q v z p e x
n z p c t i k r
n z b z s z n g
n z l z t r - n g r d e
t z a y o t i
n e d r n g
t q v z p e x
n z r p i - a n i - k r m l e
n z l i - k r d e
y r n i - e t r t x k r
t q r k a l z p e - n g r m q g r
n z y a l z - k r g r
t q y r p u t i p x n g r
n z a l v z t r n g
y a p x - z v z k r
t z y z l u p e - m o p w z n g
t q v z p e x
n z p i b z l r l e
k z t e d e
t z l v c l z p e - n g r d r
t q v z p e x
t q r p i p e m
t z r p i b z
r p i - r d e
r p i o l e
r p i b o
n z r p i b z
n z r p i - k r m e
t q p i t i k r
a b r t z l v z k r
k x m u l e
n z y c m n e
t a k i t r t x p w z
t q y a p w x t i p e m l e
v z t r n g r
k r a l i
r l i l r m u
d w a t x t r x
n a - a e n z l i p w z l r
a t u t r p e l e
t q r p n a l z m
a e l w a p x - p n z
n z m c p x
n a e s z ' m z n g
n z a l v z t r p l r
t r s u k a
k r a t q
n z m n e t i
n g r l a p l x p x k r
n a m n c - k a p q t r n g
m n c - k u
t q m n c - k a p q n g r
m n c p w z k r
m n c m i b z l e
n z m n c p e - k r g r
n a m n c - k a p q l z - n g r m a m u
t q m n c n e t r p e m g r
d w a - r b r l z - n g r m q g r
t q a m z b l q t x p x p e m c
n e m
n z r p n a k i p x n g r
t q e t u n e p x p e
w a i p n z ' l e
n a d r
n a a g l q p e k r
a b r t z l v z k r
m w x l r t i - z l w z k r
y r p l a b r t q p e
t q y r p l a t r n g r
t q r p n a l z m
d w a s x p x - k z p q g r
m n r g r
y r k r p x b z l e
n a w r k x t r
n z a l v z t r n g
y c t x b z
t q y c n g r
y c p x
t q y c o m
t q n g r l r p e k r
n z m c p x
n z r k a t x n g r
n z y r l e t i - k r d e
t z m n c p e n g
n e d r
x n g i t x t r l e
t q y r p u t i p x n g r
t u t x l z m
t q n g r l r p x p e k r
t z p n z - l z b q n g r
t q p n z ' b q p e l e
t r k r l z w x u
k c m a n g
k c m a
t z l v a b e t r p e b z
m r b r p e
n z a m a - k r d e
n z l x p l z t x
t r k q o p q l e u
t q y o k a e k r
t q r p w a ' - n g r b z m e
t q v z p e x
n a r l r - n g r m e
t q y a p w x t i p e m l e
t q r p n a p e - n g r m l e
n z r m c - k r b z
t q m c - a t e k r
y z l u m l e
n z m c p x
t q v z n e - z v z k r
v z - z v z k r
t q v z k i l z m l e
t q v z o p e k r
n z v z o - k r m o p w q k r
t q r k a l z p e - n g r m q g r
t q y r n i p e x
d w a - r b r l z - n g r m q g r
l o p x i l e
n z p r t r - k r n g e
t z a n g c p e l r
k x r t c
t z k u k i r p e l r
t q n g r l r p x p e k r
n a k i l z b z l e
a p u l e
b l e t i p x - l x b l r n g
n a b z p e - n g r g r
k i l z n e d e
t z p r e s i n q n g
n a r l x t i b z m e
v z x
v z x
v z x
v z x
v z x
v z x
v z x
v z x
v z x
v z x
v z x
v z x
v z x
v z x
v z x
n z m c p x
m c l x
m c p o
m c l x
n z v z
m c l x
n z v z
n z v z
m c l x
n z v z
n z v z
n z v z
n z v z
n z m c p x
n z v z
n z v z
n z r p i m
v z t x
v z t x
v z t x
v z t x
v z t x
m c p o
v z t x
v z t x
v z t x
