t z m r g e n g
n z m n c - k r n g e
n a k a t x b z l e
n z v z - n g r m l r
t z x l r o p e l r
t q v z m i t r p e l e n g
t q v z m i t r p e l e n g
n a m n c n e - n g r g r
n z r p i l z - k r d r
t q v z m i t r p e l e n g
n z p n a k i p x l r
t q v z m i t r p e l e n g
t q v z m i t r p e l e n g
a b r t z l v z k r
n a m n c n e - n g r g r
n z v z - z v z b z n g
t q v z m i t r p e l e n g
y r k r p x b z l e
t q v z - n g r g r
t q v z - n g r g r
t z v z p x p e b z n g
n a y a p w x t i m l e
t q v z - n g r g r
n z v z k a i - k r g r
n z v z k a i - k r g r
n z d w a t r - k r d e
t q n g r l r l z p e
n z d w a t r - k r d e
n z p i l z l r
n z v z k a i - k r g r
t q o t i - a t e m
t z l v c - a t e n g
m r k c n g
n z n g i n i - k r d e
k r l a
n z y c m n e - k r d e
r m c t i p e k r
n z m u - k r g r
m n c - e p e l z l e
n z y c m n e - k r d e
n z m u - k r g r
n z v z k a i - k r g r
t q t r k a ' n g r
n z b a o - k r d e
n a y a p w x t i b o
n a y a p w x t i b o
n a t q n g e
n z y c m n e - k r d e
r m c t i - n g r g r l e
n z k a l z m l r
t q n g r l r l z p e
n a p i t r - m o u p o
r m c t i - n g r g r l e
n z d w a t r - k r d e
n z y c m n e - k r d e
m n c - e p e l z l e
r m c t i - n g r g r l e
n z m w i n g r
r m c t i - n g r g r l e
w x b u p x - n g r m
n z v z - z v z b z n g
o m i t x p x b z l e
n a m n c n e - n g r g r
m w x l r t i - z l w z k r
m n c - e p e l z l e
n z a p u s r - k r d r
n z l i - k r d e
m n c - e p e l z l e
n z v z k a i - k r g r
n z a b r t z l v z l r
n z t u - z v z - k r d e
n z v z - z v z b z n g
n z k a l z m l r
n a p i t x t r - m o p o
y a p x - z v z k r
t z m u p e - n g r d r
n z w z - k r g r
n z p r p x - k r d r
k x t o p w z n e
m n c - e p e l z l e
n z w r d e
t z m u p e - n g r d r
n z y c m n e - k r b o
m n c - m i p e - a m u
n z w z - z l w z - k r g r
n z w z - k r g r
n z t u - z v z - k r d e
m n c - m i p e - a m u
t z x l r o p e l r
t q v z m i t r p e b z l e
t q v z m i t r p e b z l e
t q v z m i t r p e b z l e
m n c - m i p e - a m u
t z k r l z p e - a t e l r
t q v z m i t r p e b z l e
t q v z m i t r p e b z l e
y r k r t x o
n z v z k a i - k r g r
t q v z m i t r p e b z l e
n z w z - k r g r
y a p x - z v z k r
t q v z m i t r p e b z l e
a e l w a p x - p n z
n z l v c p e - k r d r
m n c - m i p e - a m u
n z w z - z l w z - k r g r
t z k r l z p e - a t e l r
n a m n c - k a p q n g r
t q m n c - l x b l r p e k r
t r n z p i - k r p o ' u
t q v z m i t r p e b z l e
n a p i t x t r - m o p o
g l a l z l e
t z y c m n e - n g r p e m l r
t q v z m i t r p e b z l e
t q v z m i t r p e b z l e
t q v z m i t r p e b z l e
t z k u k i r p e l r
t q v z m i t r p e b z l e
a t u l z n g r
m n c - m i p e - a m u
n a o b q - k a p q p x
t r n z p i - k r p o ' u
t r n z p i - k r p o ' u
p w r k i l v c - n g r g r
n z m w i p e - k r n g e
t q v o t x - n g r p w z
t z y c m n e - n g r p e m l r
m n c - e p e l z l e
n z y a p w x - k r d r
m n c - m i p e - a m u
t r n z p i - k r p o ' u
n z r n i b q n g r
m e i t x t a t x p x
m n c l v z r n g r
n z t u - z v z - k r d e
t q v o t x - n g r p w z
m n c - m i p e - a m u
t q m n c - l x b l r p e k r
n z y a g o x - k r d e
n z o l v x t i - k r d e
t q v z - n q b l q n e n e
m n c - m i p e - a m u
t q v z - n q b l q n e n e
k q l e p e l e
t q r k q t i p e
t r k q o p q l e u
n e g u n g
n e d r
n e d r n g
t q y r p u t i p x n g r
t q v z - n q b l q n e n e
t q m n c - l x b l r p e k r
n z r p i - a n i - k r m l e
t r n z p i - k r p o ' u
t q v z - n q b l q n e n e
t q v z - n q b l q n e n e
t q v z - n q b l q n e n e
n z w z - k r g r
t q m u - n g r g r
r g l q k r
n z g l q o l r
t q r g l q t i k r
t q v z - n q b l q n e n e
t q v z - n q b l q n e n e
t q v z - n q b l q n e n e
n z m u - k r d r
n a p i t x t r - m o p o
t q v z - n q b l q n e n e
n a p i t x t r - m o p o
n z t u - z v z - k r d e
n z l u t x p w z n g
n z r p i - a n i - k r m l e
t q v z - n q b l q n e n e
t q v z - n q b l q n e n e
t q v z - n q b l q n e n e
n a m n c - k a p q n g r
n z w z t i - k r b z l e
t r y c m n e - k a k r
t u t i p x - n g r m
n z r p i - a n i - k r m l e
n z w z t i - k r b z l e
t q v z t r - m o p w z k r
n z v z k a i - k r g r
t q v z t r - m o p w z k r
t q v z t r - m o p w z k r
n a p i t x t r - m o p o
n z y r l q t r p z l r
t q v z b z k r
t q v z t r - m o p w z k r
n a p i t x t r - m o p o
t q v z t r - m o p w z k r
n z p r p x - k r d r
t q v z t r - m o p w z k r
t q v z t r - m o p w z k r
t q v z t r - m o p w z k r
t q v z t r - m o p w z k r
t q v z - n q b l q n e n e
t z m w i p e n g
n a a g l q p e k r
t u t i p x - n g r m
t q v z - n q b l q n e n e
n a p i t x t r - m o p o
n z l v c n e n g
n z l v c n e - k r d r
n z a l v c - k r g r
t z l v c m l r
t z l v c m q n g
t z l v c n e n g
t z l v c l z p e - n g r d r
n z l v c - k r m l r
t r t e n g e
m n c l v z r n g r
n z r p i - a n i - k r m l e
t q v z - n q b l q n e n e
n z a y o n e p e - k r d r
n z y a p w x - k r g r
n e d r
n e m u n g
t q v z t r - m o p w z k r
t q v z - n q b l q n e n e
t q a e n z l i k r
t q v z - n q b l q n e n e
n z b z - k r g r
n z r p i - a n i - k r m l e
t q v o t i t r p e m l e
t q a m z n r p e l e
t q v z - n q b l q n e n e
t q v z - n q b l q n e n e
t r n z k q l u - k r p e p w q g r u
t q v z - n q b l q n e n e
t q v z - n q b l q n e n e
n z w z t i - k r b z l e
n z r m n q t x n g
t u t i p x - n g r m
n z r p i - a n i - k r m l e
n z n g r l r t r n g
t z m n c t x - a l o p e n g
t q v z - n q b l q n e n e
t z m n c t x - a l o p e n g
t z m n c t x - a l o p e n g
n z r l z n g
t z m n c t x - a l o p e n g
t r n z p i - k r p o ' u
n z r p i - a n i - k r m l e
t z r t a n g r p e
n z r m c t i - k r d r
n a p i t x t r - m o p o
n z b o m l r
t z m n c t x - a l o p e n g
t q v z - n q b l q n e n e
y r b u t i p e n g
t q r p n a p e - n g r m l e
n z r t a n g r t i - k r d r
t z y z l u p e - m o p w z n g
k a l z m l e
a t u l z n g r
n c n q n g q
t q r p n a p e - n g r m l e
t q x n g i - a t e b z k r
n z r n i b q n g r
d w a s x p x - k z p q g r
a t u l z n g r
t u t i p x - n g r m
t r n z p i - k r p o ' u
n z b o m - k r d e
t z m n c t x - a l o p e n g
k c p e
k c m a
n i b r n g e
d a b u k r
t z n g r l r k i o p e l r
t z n g r l r k i o p e l r
t q n g r l r p x p e m
n a n g r l r k i t r l r
n z n g r l r p x - k r m g r
t z n g r l r k i p e b z l r
t z m n c t x - a l o p e n g
n z m w x l r t i - l z b q n g
t r m w x l r k r u
t z m c p x p e b z l r
t q r k a l z p e m g r
a s a - n g r g r
n z m c - k r d e
n z m u - k r g r
t q v o t x - n g r p w z
n z l x n g i t i - k r d e
n z l x n g i t i - k r g r
d r t q d r
d r t q g r
n z p r t r - k r n g e
n z t e k q t r n g r
k x n a m u
t q k q l e p e b z l e
n z x l r - k r g r
n a - a e n z l i m g r
n z v e c k r
t z m n c t x - a l o p e n g
n a y a - p w z - t i p e x
t q m u - n g r g r
t q y c n g r
n z r m n q - k r d r
t u t i p x - n g r m
n z m u - k r d r
n z y c m n e - k r b z l r
t q a l v c - l z b q - n g r g r
t q t r k a m i
n z a t r k a t i
t r t r k a - z l w z p w z u
d w a s x p x - k z p q g r
m n r g r n g
m n r g r
m n r n g e
l c p e
n z b z - k r g r
n z w z t i - k r b z l e
y c - n r b a l q
n a y c t i p x m
n z b o m - k r d e
r g l q k r
r g l q p x k r
n z g l q o l r
t u t i p x - n g r m
n i b r d e
k z t e d r
a t u l z n g r
k x n z y a g o x n g
t q a l v c - l z b q - n g r g r
n z a o l v z b z l r
t u t i p x - n g r m
y c m n e t r p z k r
t q m c p e b z k r
t q v o t x - n g r p w z
k c m a
k c m a n g
n a a g l q p e k r
r m c t i p e k r
n z m c p x
p w x p w z
v z m i t r p e l e
v z b z k r
n a v z k r
n a v z b z k r
n z v z o - k r m o p w q k r
n z v z - k r b z
t z v z o n g
n z v z o - k r d r
t q v z t r p e b o
t q v z n e
n z v z n e - k r g r
t q v z - n g r n e
n a v z d z k r
t q v z n e - z v z k r
n z v z m i - k r g r
v z k i p e m l e
t q v z d z p e - n g r m g r
n a v z - m i p e x
v z m i t r l e
t q v z - n g r m l e
n z v z - k r m g r
v z p x m
n z v z p x m q n g
v z - z v z k r
r v z m i m
t q r v z m i p w q
n a v z - k a i p o
n z v z k i
t q v z o p e
t q v z t x
v z - n g r b z k r
t q v z k i l e
v z o
n z v z o - n g r m
n z v z k i o p e - k z l r
t q v z - n g r m o
t q v z p e - m o u k u
t q v z k i p x
v z - n q b l q m
t q v z d z k r
v z - m o p w z k r
t q v z t r p e k r
t q v z p e b o
n z v z m q n g
t q v z t x p e
x l r l e l e
x l r b o l e
x l r b z k r
x l r k r l e
t q w z t i p e l e
t q w x l i k i t x p x
n z r p w ' a - k r d e
t q y r k r k i p x l e
t q y r k r p e n g r
n a y r k r t x
t z o d u t r - l x b l r - m o u n g
n z p n a t i - k r b z m u
n e g u n g
n e d e
n e d r
n e n g e
n e d r n g
n e m
n e g r
k a o m a m u
t q n g y a p e
m n c l v z r n g r
n z a b r t z - z v z n g r
n z r p l a m e i t i - k r d e
t w z k i p x l e l e
t z t w z n e d r
n a r t w z m
t w z t r l e
n z t w z t r k r
n z r t w z - k r m l r
n z t c n g r l z k r
t z r t w z t i n g
n a b z d r
t u t i p x - n g r m
t q a c l v e x
t q w z t i p e l e
n z y r l e t i - k r d e
n z p n a t i - k r b z m u
t z y c m n e t r p e - n g r d r
n z r p i b z
n z o - k r d e
t r t e g r
t r t e d r
t r t e g r n g
n a - a e n z l i t x k i
r y a p w x - z v z k r
t q n g r l r p x p e m
t z n g r l r k i o p e l r
m n c l v z r n g r
t q y r k r t r - a t e m
t q y r k r p e n g r
t q o p x p e - n g r d e
t q y r n i t x p e
y r n i - e b i r p e n g
n z p c t i k r
n a p i p x - l z b q n g
n z r p i b z
n a r y z k r - n g r g r
n c b l o n g r
t z l v c l z p e - n g r d r
k x b q g r n g
b o o n g r
m r b r l z m
t r n z m n e t i u
t q w z t i p e l e
m y a s z p x l e
a m y a
n z g l q o l r
k r l z p e b z k r
n z m c p x
r m c t i p e k r
d r v r m i n e m l e
n a - a d r v r - n g r b o
n z r t r n g r - n g r b z
n z d w a t r - m o u - k r g r
n z b r l c l v z n e p x - k z p q
t q o t i p e m l e
t z y c m n e t r p e - n g r d r
n a l x n g i t i k u
t q l x n g i t i - a t e x
n z m u - k r g r
n z r t a n g r t i - k r g r
n a n g r l r t r k i
t q y r p u t i p x p e
t z a n g c p e l r
n g r l x o b z l e
n a m n c - n g r g r
n a y c t i p x m
y c - n r b a l q
n z m c p x
r m c t i p e k r
t z y r n i n e t r p e b z n g
t q y r n i t x p e
t a g l c t x d e
t q d w a p l r k r n g
d w a l z m g r
m n c l v z r n g r
n z m c p x
r m c t i p e k r
n z r k a l z m q n g q
t q r k a l z p e - n g r m q g r
t q a s u p e b z
a s u m i p e b o
t r s u k a
m z ~ n i b r d r
t q a l v c t r - l z b q p e
m n c l v z r n g r
n z k q o - k r m
n a k q t x o m
x l r k r l e
n z x l r b z l r l e
t q n g r l r p x p e k r
t q n g r l r p x p e m
l a p w z
l a p e
d r t w r d r
d r t w r n g e l e
k c m a n g
k c m a
t q w z t i p e l e
n z m c p x b z l r
n z m c p e - k z p z
t r n z m c p e l r u
n z r m c t i n e d r
n z m c - k r n g e l e
n z m c p x
m c p z k r
t q m c t i a m u
t r m c p e l e u
n z m c o m l r
m c p x m l e
t q m c - a t e k r
r m c t i p e k r
t q m c t i p e k r
x l r k r l e
n a l x n g i t i k u
t q l x n g i t i - a t e x
t q r k a w i t i k r
t q k a w i o p e k r
n z a l v z t i n g
k x n z a l v z t i n g
n z a l v z t r p l r
n z r l z - k r b z l e
n z m w a - k r g r
t q t o p w z b e - n g r n e
n a p i t x t r - m o p o
s e k a e n t x k r
k r l z p e b z k r
t r n z k q l u - k r p e p w q g r u
n e d r n g
n e d r
n e m u n g
p l a m e i t x d e
t q m e i p x
n z p c t i k r
t z r l x t i m l r
n a r l x t r p z k r
a t u l z n g r
n z m c p x
r m c t i p e k r
n z y a l z - k r g r
n z r p i b z
t r n z m n e t i u
t r l r p r k r u
n z m c p x
d w a l z m g r
t q d w a p l r k r n g
n a k a m l e
n z r k a t i p x m q n g
n z k a l z - n g r m l r l e
t q r k a b z
n a k a b z k r
n z k a p x m l r
n z k a t x p x - k r b z l e
n z k a t x - k r b z l e
n z r k a k r b z
t z l v c l z p e - n g r d r
t r t q k a p e p w q l e
t q t o p w z b e - n g r n e
t z x l r o p e l r
t z p x i b e n g
e s c t r p e m
n a p i t x t r - m o p o
n z o b q p x b z
o b q o b z
t q o l v x t i - a t e l e
t q a m a - a t e k r
t q a m a o p e
n a y a - p w z - t i p e x
y c t r p e n g r
y c t x o p e
t q y c o m
y c t x b z
n a y c t i p x m
t q y c o n g r
y c - n r b a l q
t q a m r b r t r p e l e
m r b r l z m
n z r p i b z
t z r t w z t i p e - k z n g
n z k q b l q p x - k r m c
n z r k a t x - k r d r
b x t r t x p w z
r m c t i p e k r
n z m c p x
m n q t i p e l e
r m c t i p e k r
n z m c p x
r m c t i p e k r
n z p r p x - k r d r
o b q o b z
n z o b q p x b z
n z t q n g
y r b q o a m u
n z y r p u t i p x k r
t q n g c n e o m
t r n z y a g o x - k r g r u
y r w i t x p x l e n g
n z g l q o l r
r g l q k r
n z a g l q - k r b z k r
n z g l q l z - m o u l r
t q r g l q t i k r
a g l q t r p q g r
n a a g l q a m u
t q a g l q p e k r
n z r p i b z
t q y a p x p e b z
n a m a p u p e b z l e
n z d w a t r - m o u - k r g r
n z d w a t r - k r g r
y r l q t x - m o u x
y r l q b z k r
y r l q t x t r k r
n z r p i b z
n a o k a t r - n g r d e
n a o k a t r p q l r
b z p e k r
t q n g r l r p x p e m
t q n g r l r p x p e k r
t z t a v e t r l r
t q a m z b l q p x m c
n z a m z b l q p x - k r m c
t z p n z - l z b q n g r
n a m n c n e - n g r g r
n z r b o m k r
n z y c m n e k r b z
n z d w a t r - m o u - k r g r
t q w x b u p x - n g r m
n z y a l z - k r g r
t q n g r l r p x p e k r
t q n g r l r p x p e m
t z y r n i n e t r p e b z n g
y r n i - e b i r p e n g
t q y r n i t x p e
t q m r l z x
k x t r m r l z u
n a - a m r l z t r - n g r b z l r
t q y r k e l v z q
t q y r k e l v z x
n a k a b o
n z p n u - l i g r
n z a l v z t r p l r
b x p i z p x
b z t i p e d e
n z b z t i - l x b l r n g
m z ~ n i b r
t q d w a p l r k r n g
d w a l z m g r
p r t z t x b z k r
t z r t w z t i p e - k z n g
t z p n a t i b z l r
l i t x t r
l i p w z
t q y r l w r p x - n g r m
r y a p w x - z v z k r
n a y a p w x t i p x b o
y a p w x t i - z p w x m a m u
n z r y a p w x - k r b o
p i p x - l z b q
n z r p i l z n g r
m n c l v z r n g r
a w i t x - n g r b z k r
a w i t x p e
n z m e l z - k r m e
t q r p w a ' - n g r b z m e
n z w a i n e - n g r b z l r
t q t i n g r
w a i p n z ' l e
n z w a i n e - n g r b z l r
n z m c p x
r m c t i p e k r
n z a n g i o - t x p w z l r
n z a n g i o - k r g u
p w x p w z
n i b r g r
m z ~ n i b r
t q a l e x
n a a l e - k a i p z n g
t z a k i - l z b q p e
n z y c m n e k r b z
m n q t i p e l e
p x i q t x n e
t z y a p w x t i p e b z l r
t q y a p w x t i p e m l e
n z l z t r - n g r d e
n z r l z - k r b z l e
a t u l z n g r
n z r p i b z
n z r l x t i - k r b z
n a r l x t i b o
n z r l x t i - k r m l r
n z r l x t i b z l r
n z r p n a k i p x n g r
p n a t i b z k r
n z r p n a - m o u p q n g
t r t z r p n a p e u
n z r p n a n e o p e - k r m l r
t r n z y a g o x - k r g r u
t q a s u p e b z
t r s u k a
t z r p i p e l r
n z r l a s z - a t e - k r d r
n z l c - a p q b z n g r
d r t w r g r
t r t r k a - z l w z p w z u
r m c t i p e k r
n z m c p x
x n g i t x t r l e
n z y a l z - k r g r
t q y a p x p e b z
n z r p i b z
t q w x b u p x - n g r m
t q o l v x t i - a t e l e
t z y c m n e p e b z
t z y c m n e - n g r p e m
n z y c m n e k r b z
t q l u - n g r g u
t q l u x
l r d r
m n c l v z r n g r
t q w z t i p e l e
n z a y c n g r l r t i k r
n z k q o - k r m
n a k q t x o m
n a p i l v z t i
t r o p i l v z u
n z e t u p e - k r n g e
r m n r - n g r b z
n z r p i b z
t q r k a l z p e - n g r m q g r
n a o k l a t i t r - m o p q g r
y r p l a b r t q p e
t a p l x s r g r
d w a l z m g r
p l a m e i t x d e
t q m e i p x
y r l z o
t q a s u p e b z
a s u m i p e b o
t r s u k a
t q a s u p e b z
a s u m i p e b o
b l e t i p x - l x b l r n g
n a p i p x - l z b q n g
n a k a b o
