r p i l e
n z r p i l r
t z m w i p x - n g r m l r
m z l e d e
r v z m i m
n a m n c n e - n g r g r
o m i t x p x b z l e
r p i l e
t z v z n e p e n g
t q v z p e m
v z t r l e
y a p x - z v z k r
t z r t w z t i p e - k z n g
t q o t i m l e
k r n e d r
t q v z m i t r p e l e n g
n z v z p x b z n g
t z s i k l u p x - n g r m l r
n a v z m
r m c t i - n g r g r l e
n a l i
t z a m r b r t r l r
m c p o
n z w z - k r g r
t q v z k i p x
t q m n c - n g r d e
t q y a g o x
n z m n c p e n g
p n z ' t x d e
n z w z t r n g
k x t r k a
v z t r l e
t q v z - n q b l q n e n e
v e x
t r k r l z w x u
n z m n c l z b z n g
n z m c p e - k z p z
t q v z t r p e k r
t z v z k i n e d r
d a p u d e
n z d w a t r - k r g r
t q y a p x p e k r
v z t r n g r
t q v o t x - n g r p w z
n z v z n e - k r g r
n z v z - k z n g
n z r p i b z l r
n z o l i q k r
k x t o p w z n e
n z r p i l z - k r d r
y c m n e p e
t u o m
m c l z k r
t q a s u l e
t z t a v e t r l r
n z s i k a p u - k r d e
v z p x b z k r
m n c l z - n g r m
m n c t i o m g r
n z a b r t z n g r
n z r p i m l r
t q v z m i t r p e l e n g
t q v z - n g r g r
n a v z b z k r
n z p n z ' b z l r
m c l x
d r t w r d e
n a d w a p e k r
m w i t x k r
n z v z p e - k r d r
n a v z m i b z l e
n z v z - k z n g
t a p l x s r g r
n a w r k x t r
n a v z m i b z l e
k r l z p e a m u
v z x
r m c t i p e k r
t q m c p e l e
t z m n c t x - a l o p e n g
v z - z v z x
n z v z p x n g
t q n g r l r l z p e
m r b r t x
t q p n z ' l e
v z p e m
t q a w i p e b z k r
m n c l v z r n g r
n a d w a p e k r
n z v z p e n g
n a v z n g
n z v z b z n g
v z t x
n z a y o n g r
v z - z v z x
n z m e i t r p z
v z x
t z t u l r t r p e m
n z a b z - k r b z k r
t z v z - n g r
v z x
n z o b q - k a p q k r
n z v z
n y z d r
t q r m c t i p e k r
d r t q g r
v z p x b z k r
n a y a g o x n g
t z v z p e - k a i n g
t z v z p e - k a i n g
m c l x n g
n z v z p x b z n g
t r k r l z w x u
n z v z p x n g
t z m n c t x p e n g
n z k r l z m l r
y r l q t x - m o u x
t q v z p e x
t z v z k i n e d r
o s z b z l e
t q v z p e - k z x
k r l z m l e
n z w z - k r g r
t z v z p e - k a i n g
t q v z p e m g r
v z x
k c n g p e
m c l x n g
v z k i m l e
t w z k i p x l e l e
n a d w a p e k r
m z l w e d e n g
n z r m c t i l r
m c t r k r
n z v z - n g r m l r
t r v z n e - k a k r
v o k r
t q v o t x - n g r p w z
e t u n e p x
r p i b z l e
v z m i m q
d w a l z m g r
r m c t i l e
n z a t u p x - n g r m
t r v z n e - k a k r
t z t w z n e d r
t q v z - n g r g r
n z v z - k r b z k r
t q v z p e
n z l z t r - n g r d e
t q t u l z
a p u l e
a m i n g r p e k r
p e t r l e
n z v z p x n g
r p i - m o u p q l e
n z v z b z n g
o t i m
t q m c p e x
n z v z - k z n g
t q p i b z k r
n z v z p e - k r d r
a b r t z l v z k r
n z r p i m l r
t z v z n e p e n g
y z l u m l e
m w x l r - n g r g r
t z v z k i n e d r
t q m w i - n g r g r
n a v z k r
n z w z t i - k r b z l e
t q v z p e m g r
t z m c n g r
t r n z p i - k r p o ' u
n z y c m n e - k r m
p z t i t x k r
n a a g l q b z l r
t q v z - n q b l q n e n e
v z - z v z x
t q m c p e x
t q m r l z x
m c l x
n z y a p w x - k r d r
n z v z - k r n g e
n a a g l q b z l r
n z v z - n g r m l r
v z p x b z k r
t q o l v x t i p e l e
y c m
v z t x
t q v z p e b z
t q y r m
n a r l r - n g r m e
t q v z p e b z
r n g i - b a t r p q
t q a m i n g r - n g r g r
n z v z k i o l r
t q v z p e m
v z p e - k a i p
n z o l v x t i - k r d e
t z p n z - l z b q n g r
n a v z m i b z l e
o t i b z l e
n e g u n g
n a p i b z k u
t q y r k r t r - a t e m
v z p x b z k r
t q v z - n q b l q n e n e
r m c t i p e k r
t q a s u p e
n a r t w z m
t z r l x n g i t i n g
n z m n c k r
t z v z p e
d w a l z m g r
a b r t z t x p e k r
v z p e m
t q v z p e m g r
r m c t i p e k r
t q v z t r - m o p w z k r
y a n e - z v z k r
v o t r p z k r
t q v z b o
n z k a t x - k r b z l e
t q k r l z - a t e b z k r
v z t x
v z t r n g r
v z k i m l e
n z a b r t z - z v z n g r
n z v z - k r n g e
m w i
k x e t u
t z v z n e p e n g
n a v z m i b z l e
o b q t r p z
o t i b z
t q p i p e b z l e
t z v z k i n e d r
m n c - e p e l z l e
n z k q b l q p x - k r m c
v o t r p z k r
n z m n c p w z n g
t q n g r l r l z p e
n z k a l z m l r
n a m n c n e - n g r g r
m n c l z - n g r m
t q p i p e m
n z r p i b z
t z v z p e - k a i n g
t q m c p e l e
