t z a y o t i
n a r y z k r - n g r g r
t q a e n z l i t i - n g r g r
n a r l a s z p e l r
n g r l a p l x p x k r
y c m n e t r p z k r
t q a m z b l q p x m c
a m y a
y r n i - e b i r p e n g
t z a n g c p e l r
n z y r l w r t r - k r b z l r
t q o l v x t i - a t e l e
t q w x b u p x - n g r m
m n q t i p e l e
n z a t o l w a - n g r n g
t q v z p e b z
p z t i t x k r
o t i m
t r t z r p n a p e u
p n a t i b z k r
t z v z p e - k a i n g
m n c n e - m o u - n g r g r
a s u m i p e b o
n a k a b z k r
n z r k a k r b z
n z r n i b q n g r
t z v z p e - k a i n g
n a k a t x b z l e
t q r p w x m z
d w a - r b r l z - n g r m q g r
n z m w i p x m
d w a s x p x - k z p q g r
m c p z k r
k x e s z '
t q y a g o x
e t u t x
n z w z - z l w z - k r g r
r n g i - b a t r p q
n z y a g o x - k r d e
p x i q t x n e
n z d w a t r - k r g r
k x b q g r n g
n z r p i l z n g r
n z a t u p x - n g r m
m w x l r - n g r g r
t q a b r t z - z v z - n g r g r
t q p i p e b z l e
n z r p i - a n i - k r m l e
n z t w z l r
t q m n c - l x b l r p e k r
n z r p i - a n i - k r m l e
n z l z
n z r p i - a n i - k r m l e
t q v z t r - m o p w z k r
t q r k a l z p e m g r
t q v z t r - m o p w z k r
t q v z t r - m o p w z k r
t q v z t r - m o p w z k r
t q v z t r - m o p w z k r
t q a b r t z - z v z - n g r g r
t q v z t r - m o p w z k r
n e g u n g
t z y c m n e t r p e - n g r d r
t q v z t r - m o p w z k r
n z r p i - a n i - k r m l e
t q a l v c - l z b q - n g r g r
t q v z m i t r p e l e n g
t q p r t r p e b z k r
n z a l v z t r n g
n z r m n q - k r d r
r m c t i - n g r g r
n z v z k a i - k r g r
t q v z m i t r p e b z l e
m n r g r n g
t q a l v c - l z b q - n g r g r
y z l u m g r
t q v z m i t r p e l e n g
t q k a b z k r
t z v z p x p e b z n g
t q v z m i t r p e b z l e
n a p i t x t r - m o p o
n z m u - k r g r
t z y a p x p e n g
n z w z - k r n g e
n a m n c - k a p q n g r
n a k a t x b z l e
n z a t u p x - n g r m
o t i m
n z y c m n e - k r d e
n z y c m n e - k r d e
t q a s u p e b z
n z v z - n g r m l r
n z v z - n g r m l r
n z m n c l z b z n g
t q m w x l r p e k r
n z v z - k r b z k r
t z m n c - n g r d r
k r l z m g r
n z v z - k r b z k r
n z o l z - k r m l e
n z p r p x - k r d r
t q r m c t i p e k r
t q p i p e b z l e
n z v z - k r b z k r
n a y a p w x t i b o
n z a t u p x - n g r m
n z v z - k r b z k r
n z v z - k r b z k r
n z v z - k r b z k r
r n g i - b a t r p q
k x t r k a
p w r k i l v c - n g r g r
t z v z p x p e b z n g
t z r m c t i p e l r
n z v z - z v z b z n g
t q m c p e k r
n z v z - n g r m l r
t z v z p x p e b z n g
t z m w i - n g r d r
t q w a i
t z r m c t i p e l r
t q w z t i p e l e
n z v z - n g r m l r
t q m w i - n g r g r
n z v z - n g r m l r
n z v z - n g r m l r
n z m n c l z b z n g
n z v z - k r b z k r
t q m u - n g r g r
t q v z o p e
t q v z n e
n z k a l z m l r
n z v z - z v z b z n g
t z r t w z - k z n g
n z v z - n g r m l r
t q r p n a - n g r m
n z v z - k r b z k r
r p i o b z l e
n z o t i - k r m l e
n z v z - k r b z k r
n z v z - k r b z k r
n z m c t x p w z
t q m n c - n g r d e
n z v z n e p e l r
n a p i t r - m o u p o
n z v z - k r b z k r
n z v z - k r b z k r
n z m n c l z b z n g
n z v z n e p e l r
n z v z n e p e l r
n a v z m i b z l e
n a v z m i b z l e
n a v z m i b z l e
n a v z m i b z l e
t q m w i - n g r g r
n z t u n g r
n z v z n e p e l r
t z m w i - n g r d r
n a v z m i b z l e
n z v z - k z n g
n z d w a t r - k r d e
n a v z m i b z l e
n a v z m i b z l e
n z v z - z v z b z n g
t z m n c - n g r d r
m n c - e p e l z l e
n a v z m i b z l e
t q t u n e p w z
t q r p n a - n g r m
n z v z - k r b z k r
n z v z - n g r m l r
t q m r l z - n g r d e
l v c - a l z u p q
d w a t x t r x
n z t w z - k r n g e
n z v z - n g r m l r
n z r p i l z - k r d r
t z v z p x p e b z n g
n a v z m i b z l e
t q v z - n g r g r
n a v z m i b z l e
n z v z - n g r m l r
n z v z - n g r m l r
n a v z m i b z l e
n z r p i l z - k r d r
n a v z m i b z l e
t q m c p e k r
n a v z m i b z l e
n a v z m i b z l e
n z v z - k z n g
n z x p e n g r
t z v z p x p e b z n g
t u t i p x - n g r m
n z v z - n g r m l r
n z v z - k r n g e
n z m n c l z b z n g
n z m n c l z b z n g
v o m l e
t u t i p x - n g r m
n z v z - k z n g
n z v z - k z n g
r p i o b z l e
n z g l q o l r
n z v z - k r n g e
t r t q w z p e u
n e d r n g
n z a b r t z n g r
t q v z - n g r g r
n z v z - k r n g e
n z v z - k r b z k r
n z v z - k r n g e
x l r k r l e
n z v z - k z n g
t q m c p e k r
t q v z - n g r g r
n z v z - k z n g
m n c l z - n g r m
t q v z - n g r g r
n z m c t x p w z
n z v z - k r n g e
t q v z - n g r g r
n z v z - n g r m l r
k r l z m g r
n z r p i l z - k r d r
n z v z - k r n g e
t q m c p e k r
t q v z - n g r g r
n z y c m n e - k r m
n z v z - n g r m l r
n z v z - k r n g e
n z v z - k z n g
e s z ' t i
a l v z t r l e
n z v z - k r n g e
n z v z - k r n g e
d w a t x t r x
t q p i p e b z l e
n z v z - k z n g
t r t a k i t r u
t q o t i p e l e
n z d w a o n g r
n z v z - n g r m l r
n z r p i b z l r
n z r p i b z l r
n a t q n g e
t q p i p e b z l e
n z v z p x b z n g
m w i - n g r g r
n a m n c t x p o
n a m n c t x p o
