v z t x
v z t x
n z r p i m
m c p o
t q p i b z
m c p x m
t q m n c
m c p x m
m c p x m
n g r d r
m c p x m
r p i l e
t q p i b z
r p i l e
n z v z p x n g
m c p o
r p i l e
t u p x m
v z m i m q
v z m i m q
m c l x n g
m c p x m
t q m n c
v z p e m
v z p e m
v z p e m
v z p e m
v z p e m
v z p e m
v z p e m
v z p e m
v z p e m
v z p e m
v z p e m
m c l x
t q m n c
m c t x m
m c t x m
m c t x m
p i b z l e
t u p x m
t q t u p x m
m c l x n g
m c l x n g
m c t r k r
n a v z n g
m c t x m
m c l x n g
n z v z - k r m
v z t r l e
n a p i b z k u
p i b z l e
m c t x m
v z t r l e
v z t r l e
v z t r l e
v z t r l e
v z t r l e
n z v z - k r m
t q t u p x m
v z t r l e
n z v z - k r m
n a v z b z
m c l z k r
n z r p i m
r m c t i l e
v z t r l e
n a v z b z
n a v z b z
n a v z b z
n a v z b z
n a v z b z
t q v z p e
m n c p e x
v z m i m q
v z m i m q
v z m i m q
v z m i m q
n a v z b z
v z m i m q
t q v z p e
t q v z p e
m c l z k r
v z m i m q
t q v z p e
v z m i m q
t q v z p e
t q v z b o
m c p o
t q v z p e
t q v z p e
t q p i b z
r m c t i l e
m c t x m
t q p i m e
m c t r k r
v z m i m q
t q v z b o
t q v z b o
t q v z b o
m c t x m
t q v z b o
t q v z b o
m c t r k r
t z v z p e
t z v z p e
t q m c p e l e
n z v z p x n g
t q p i m e
t q v z b o
r m c t i l e
m n c p e x
n z v z p x n g
n z v z - k r m
t q v z b o
t q v z b o
r m c t i l e
n z v z p x n g
n z v z p x n g
t u p x m
n z m c t r
t q a s u l e
m c k r
o t i m
m n c p e x
t q p i m e
m c l x n g
d w a t r k r
t z v z o p e n g
t u o m
t z v z o p e n g
x l r k r
t z v z p e
t z v z p e
n z v z p x n g
n z v z b z n g
x l r m l e
n a v z n g
v z m i o l e
v z - z v z x
d w a t r k r
v z - z v z x
t q v z p x p e
t q v z p x p e
v z m i o l e
v z m i o l e
v z m i o l e
t q v z p x p e
t q v z p x p e
v z - z v z x
t q p i m e
n z v z - k r m
v z - z v z x
t q v z p x p e
n z v z b z n g
v z - z v z x
v z - z v z x
t q v z p x p e
t q v z p x p e
v z - z v z x
t q v z p x p e
v z m i o l e
v z - z v z x
n z m c k r
v z - z v z x
n z r p i m l r
p i b z l e
t z v z p e
n z v z - k r m
n z r p i l r
v z k i m l e
v z k i m l e
n z v z b z n g
n z r p i l r
v z k i m l e
n a v z n g
t q v z p e m
v z k i m l e
t q v z p e m
v z k i m l e
t q m w a p e
v z k i m l e
v z k i m l e
v z k i m l e
t q v z p e m
n a v z n g
t q v z p e m
v z k i m l e
v z k i m l e
v z k i m l e
t q v z p e m
n a v z n g
t q v z p e m
t q v z p e m
v z k i m l e
t q v z p e m
n z r p i l r
t q v z p x p e
t q v z p e m
t q v z p e m
n z m c t r
t z k u k i n g
t q v z p e m
v z k i m l e
t q v z p e m
t q v z p e m
v z k i m l e
t q v z p e m
t q v z p e m
m c t r k r
n z r p i b z
t q p i m e
r p i o b z l e
n a v z n g
t z v z - n g r
t q v z p e m
t q v z b o
n z v z b z n g
m n c t i k r
n z v z b z n g
n z v z b z n g
t q p i b z k r
t q p i p e m
n z m c t r
n a p i b z k u
n z r p i m
r m c t i l e
t q a s u p e
t z v z - n g r
n z v z p e n g
n z v z p e n g
n z v z p x n g
n z v z p x n g
n z v z p x n g
n z r p i m l r
n z v z b z n g
v z p x b z k r
n z v z p e n g
n a v z n g
v z k i m l e
t q p i p e m
t z v z - n g r
t z v z - n g r
n z v z p x n g
m c t r k r
n z m c t r
n z v z b z n g
x l r b z l e
n a v z n g
n z v z b z n g
t q v z p x p e
n z v z p e n g
n z v z b z n g
n z v z k i l r
n z v z k i l r
n z v z k i l r
n z v z k i l r
n z v z k i l r
n z v z k i l r
n z v z k i l r
n z v z k i l r
n z r p i m l r
n z r p i m l r
n z v z k i l r
n z v z k i l r
x l r m l e
n z v z k i l r
t q m c p e l e
t z v z o p e n g
n z v z p e n g
r m c t i l e
n z v z k i l r
p i b z l e
n z r p i l r
n a v z n g
n z v z - k r m
n z v z - k r m
t z v z p e
t u o m
n z v z - k r m
t z v z p e
n z v z - k r m
v z p x b z k r
v z t r l e
t z v z - n g r
v z p x b z k r
n z v z p x b z n g
v z p x b z k r
n z v z - k r m
t z v z - n g r
t z v z - n g r
m n c l z - n g r m
r p i o b z l e
v z p x b z k r
v z p x b z k r
t z v z - n g r
n z r p i b z
n z v z - k r m
t z v z - n g r
n z v z - k r m
t q r p i p e x
n z v z p e n g
v z p x b z k r
t z v z - n g r
n a l i n g
t q v z p e b z
n z v z - k r m
t q v z p e b z
t q v z p e b z
n z v z - k z n g
n z v z n g r
n a p i b z k u
t z v z o p e n g
t q v z p e b z
t z v z o p e n g
t z v z - n g r
n z t u n g r
n z v z - k r m
t z v z o p e n g
v z p x b z k r
n z v z p x b z n g
d r l z d e
n z v z p x b z n g
n z a b r t z k r
n z t a v e t r
n a p i b z k u
n z v z p x b z n g
n z v z - k z n g
n z v z p x b z n g
v z p x b z k r
n z v z p x b z n g
n a v z m i b z l e
t q p i p e m
t z v z o p e n g
d w a l z m g r
n a k a b o
r g l q p x k r
n a v z n g
n z v z - k z n g
t q v z p e m g r
t q p i p e b z l e
t z v z o p e n g
n z v z p x b z n g
n z v z k i o l r
n z v z - k r b z k r
m c t r k r
k x e t u
t z v z o p e n g
t q v z p e m g r
t q v z p e m g r
t q v z p e m g r
n z v z p e - k r d r
t q v z p e m g r
t z v z o p e n g
t q v z p e m g r
n a p i b z k u
t q v z p e m g r
n z v z p e n g
t q v z p e m g r
n z v z - k r b o
n z v z p e n g
n z v z p e n g
n z v z - k r b o
n z v z p e n g
n z v z - k r b o
n z v z p e n g
n z v z - k r b o
t z v z - n g r
n a v z m i b z l e
n z v z k i o l r
n z v z - k r b o
n z v z p e n g
n z v z p x b z n g
n z v z k i o l r
n z v z k i o l r
d w a l z m g r
n z v z - k r b o
n z v z - k r b o
n z v z k i o l r
n z v z k i o l r
n z v z p x b z n g
n z v z - k z n g
t z v z p x p e b z n g
n z v z k i o l r
t z v z - n g r
n z v z - k r b z k r
m z l e d e
t z r m c t i p e l r
n z v z k i o l r
t q m c p e l e
n z v z p e n g
n a v z m i b z l e
t z v z p x p e b z n g
n z r p i b z l r
r m c t i p e k r
n z v z - k z n g
n z v z k i o l r
t q v z - n g r g r
n z v z k i o l r
n a v z m i b z l e
n z a b r t z n g r
t z v z p e - k a i n g
n z a b r t z n g r
n z a b r t z n g r
t z r k a l z p e m
n a d w a p e k r
r p i - m o u p q l e
n z v z k i o l r
t z r p i p e l r
t q m c p e l e
t z v z p e - k a i n g
n z m n c l z b z
t q v z - n g r g r
n z v z - k r b o
t q r p i p e x
t q v z - n g r g r
t q m c p e l e
t z v z n e p e n g
t z v z k i n e d r
t z v z k i n e d r
t z v z n e p e n g
t q v z - n g r g r
t z v z k i n e d r
n z v z - k r b z k r
t q r g l q t i k r
t z v z n e p e n g
t z v z n e p e n g
t z v z k i n e d r
t q w z t i p e l e
t z v z p x p e b z n g
t z v z p x p e b z n g
r m c t i l e
t q v z p e b z k r
t z v z k i n e d r
t z v z k i n e d r
n z v z - k r n g e
n z v z - k z n g
n z r p i b z
n z m n c l z b z n g
t z v z n e p e n g
n z v z - k r n g e
t z v z n e p e n g
t z v z k i n e d r
t z v z p x p e b z n g
n z m w i n g r
n z v z - k r n g e
n z v z - z v z b z n g
n z v z - k r n g e
n a v z m i b z l e
t z v z p x p e b z n g
n z v z - k r n g e
t z v z p e - k a i n g
n z v z - z v z b z n g
n a m n c t x p o
n z v z - k r n g e
n a v z m i b z l e
n z v z - k r b z k r
t z v z p x p e b z n g
n z v z - k r n g e
t z v z n e p e n g
n z v z - k r b z k r
t z v z n e p e n g
t z r m c t i p e l r
t q m n c - n g r d e
n z v z - k z n g
t q m n c - n g r d e
n z v z - k r n g e
n z v z - k r b z k r
t q p n z ' p e l e
t q v z - n g r g r
t z v z p e - k a i n g
t z v z p x p e b z n g
n z v z - k r b z k r
n z k r k a ' - k r g r
t z v z n e p e n g
t z v z p e - k a i n g
n z v z - k r b z k r
n z v z - z v z b z n g
t z v z p e - k a i n g
n a v z m i b z l e
t q m n c - n g r d e
n z v z - k r b z k r
n z v z - k r n g e
n z r m c t i l r
t z v z n e p e n g
t q v z - n g r g r
n z v z - k r b z k r
t z v z n e p e n g
n z v z - k r b z k r
t z v z p e - k a i n g
t q v z - n g r g r
t q v z - n g r g r
y r l q t x b o
n z v z - k r b z k r
n a l x n g i t i k u
n z v z - k r b z k r
t q v z - n g r g r
n z v z - z v z b z n g
t q v z - n g r g r
t q v z - n g r g r
t q v z - n g r g r
t z v z n e p e n g
t q m c p e x
n z v z - z v z b z n g
n z v z - z v z b z n g
n z v z k a i - k r g r
y r l q t x b o
n z v z - z v z b z n g
n a d w a p e k r
n z v z - z v z b z n g
t z v z p e - k a i n g
n z v z p e - k r d r
n z v z k a i - k r g r
n z v z p e - k r d r
t q v z - n g r g r
t z v z n e p e n g
t z v z n e p e n g
n z m c t x p w z
n a v z m i b z l e
t z v z p e - k a i n g
t z m w i - n g r d r
n z v z p e - k r d r
t z r m c t i p e l r
n z v z p e - k r d r
n z m c k r
t z v z p e - k a i n g
n z v z p e - k r d r
n z v z - n g r m l r
n z v z p e - k r d r
n z y c m n e - k r b o
n a v z m i b z l e
t q m w x l r p e k r
n a m n c t x p o
n z v z k a i - k r g r
n z v z - n g r m l r
n z v z p e - k r d r
n z v z k a i - k r g r
n z v z - n g r m l r
n z p n a k i p x l r
t q m u
n z m n c p e n g
n z v z k a i - k r g r
t q v z m i t r p e l e n g
n z v z - n g r m l r
n z v z p e - k r d r
t z m n c - n g r d r
n z v z - n g r m l r
n z v z k a i - k r g r
t z v z p e - k a i n g
n z r p i l z - k r d r
r g l q p x k r
t r v z n e - k a k r
n z v z p e - k r d r
n z v z p e - k r d r
r p i - m o u p q l e
t z v z p e - k a i n g
n a v z m i b z l e
t q r p n a - n g r m
t q r p n a - n g r m
n a v z m i b z l e
t q v z - n g r g r
n z v z p e - k r d r
t z r k a l z p e m
n z v z p e - k r d r
t q r m c t i p e k r
n z a b r t z l v z l r
t q v z m i t r p e l e n g
t q v z m i t r p e l e n g
t z k u k i - n g r d r
n z r m c t i l r
t q v z m i t r p e l e n g
t q v z m i t r p e l e n g
t q v z m i t r p e l e n g
t q v z m i t r p e l e n g
t r v z n e - k a k r
t r v z n e - k a k r
t q v z m i t r p e l e n g
n a k r k a ' - z v z k u
t q v z m i t r p e l e n g
n a p i t r - m o u p o
r m c t i - n g r g r l e
t r v z n e - k a k r
n z v z n e p e l r
n z r n i b q n g r
t r v z n e - k a k r
t r v z n e - k a k r
t z m n c t x - a l o p e n g
t r v z n e - k a k r
n z r m c t i l r
t u t i p x - n g r m
t r v z n e - k a k r
t q v z - n q b l q n e n e
n z v z n e p e l r
t q v z m i t r p e b z l e
t q y r n i t x p e
t q v z m i t r p e b z l e
t q v z m i t r p e b z l e
t r v z n e - k a k r
t q v z m i t r p e b z l e
t q v z m i t r p e b z l e
t q v z m i t r p e b z l e
t q v z m i t r p e b z l e
t q v z t r - m o p w z k r
t q v z m i t r p e b z l e
t q v z m i t r p e b z l e
t q v z m i t r p e b z l e
t q v z m i t r p e b z l e
t q v z m i t r p e b z l e
n z v z n e p e l r
t q v z t r - m o p w z k r
t q v z - n q b l q n e n e
t q v z t r - m o p w z k r
n g r l r m i m l e
t q v z t r - m o p w z k r
t z m n c t x - a l o p e n g
t q v z t r - m o p w z k r
t q v z t r - m o p w z k r
t r v z n e - k a k r
n z l v c p e n g
t r v z n e - k a k r
t r n a n i b q l e u
n z m n c l z b z
n a p i t x t r - m o p o
t q v z - n q b l q n e n e
t q v z - n q b l q n e n e
t q v z - n q b l q n e n e
t q v z t r - m o p w z k r
t z m n c t x - a l o p e n g
t q m w i p e k r
n a p i t r - m o u p o
t z m w i - n g r d r
t q v z p e k r
n z v z n e p e l r
t q v z - n q b l q n e n e
t q v z - n q b l q n e n e
n a p i t r - m o u p o
t q v z t r - m o p w z k r
t q a y r n i p e
t q m n c - n g r d e
t q p n z ' p e l e
t q v z - n q b l q n e n e
n a m n c n e - n g r g r
t u n e p w z
n z v z n e p e l r
n a p i t x t r - m o p o
n z v z n e p e l r
n a p i t r - m o u p o
y r n i - e b i r p e n g
t z k u k i - n g r d r
t r v z n e - k a k r
n z a t u p x - n g r m
y c m n e p e
t z v z - a t e n g
m n c - e p e l z l e
n a m n c - k a p q n g r
n z v z - k z n g
t q a l v c - l z b q - n g r g r
t q p n z ' l e
y r l q t x - m o u x
n z m n c - k r n g e
v z t r n g r
t u t i p x - n g r m
t q v z t r - m o p w z k r
y r n i t x
t q l x n g i t i - a t e x
m n c l v z r n g r
m c l z k r
n a p i t x t r - m o p o
t q v z m i t r p e l e n g
t q d w a p l r k r n g
n z e t u p e - k r n g e
n z v z n e p e l r
t q m c p e x
n z e t u p e - k r n g e
n e n g e n g
n z a b r t z - k r g r
t q a l v c - l z b q - n g r g r
t q y r n i p e x
n z r p i - a n i - k r m l e
t q n g r l r l z p e
n a p i t x t r - m o p o
n a p i t x t r - m o p o
n g r l r m i m l e
t q m c p e x
t r n z p i - k r p o ' u
l v c - a l z u p q
r l w x k r
y r l q t x - m o u x
v z t r n g r
n a y a p w x t i b o
n z v z n e p e l r
k x e s z '
n z p n a t i - k r b z m u
t r n z p i - k r p o ' u
t r n z p i - k r p o ' u
t q r m c t i p e k r
n z v z n e p e l r
n a p i t x t r - m o p o
t q m c p e l e
y r l q t x - m o u x
t q d w a p l r k r n g
n z m c t x p w z
v z b z k r
n z v z n e p e l r
t r n z p i - k r p o ' u
t r t r k a - z l w z p w z u
t u n e p w z
m n c - m i p e - a m u
m n c l v z r n g r
n z w z - k r g r
n z m n c - k r g r
t q p i p e b z l e
n z b z - k r g r
t r n z p i - k r p o ' u
d w a t x t r x
t q v z p e - k z x
t q n g r l r l z p e
v z t r k r
n z x l r b z l r l e
t q x l r p e k r
t q p i p e b z l e
t q m n c - l x b l r p e k r
t u l z m c
t q n g r l r p x p e m
v z t r n g r
t z y c m n e - n g r p e m l r
t q v z p e - k z x
t z y c m n e - n g r p e m l r
n z d w a t r - m o u - k r g r
m n c - m i p e - a m u
t q r m c t i p e k r
t q v z p e - k z x
m r b r t i t r p e
n z x l r b z l r l e
n z y a p w x - k r d r
v z t r n g r
v z t r n g r
t q v z p e - k z x
v z t r n g r
n z g l q o l r
t q v z p e - k z x
t z y c m n e - n g r p e m l r
n z m w i p e - k r n g e
v z t r n g r
d w a t x t r x
t q v z p e - k z x
t q x n g i - a t e b z k r
n z y a g o x - k r d e
v z t r n g r
t q m u p e k r
