n z m c t x p w z
t z v z o p e n g
n z v z p e n g
t z r k a l z p e m
t q r g l q t i k r
m n c l v z r n g r
n z v z - k r b o
n z m c t x p w z
n z v z - k r b o
v o t r p z k r
n z d w a o n g r
t q r p i b z l e
n z v z - k r b o
n z m c t x p w z
d w a l z m g r
m w x l r - n g r g r
n a y a g o x n g
n z m c t x p w z
n z v z p e n g
n z v z p e n g
n z v z p e n g
n z v z p e n g
n z v z p e n g
n a v z m i b z l e
n z v z p e n g
n z v z p e n g
n z v z p e n g
n z v z k i o l r
n z m n c p e n g
n z v z p x n g
t q m n c - n g r d e
n z v z p x n g
t q r p i b z l e
n a d w a p e k r
n z v z p x n g
n z v z p x n g
n z r m c t i l r
n z m n c p e n g
r m c t i p e k r
n z v z p x n g
n z v z b z n g
n z r m c t i l r
r m c t i p e k r
t q r p n a l z m
n z m n c p e n g
n a d w a p e k r
n a d w a p e k r
n z m n c p e n g
n z v z - k r b z
n z r m c t i l r
n z r m c t i l r
n a d w a p e k r
t q t r k a p e m
n z v z k i l r
n z r m c t i l r
n z r m c t i l r
m r b r t i t r p e
n z v z k i o l r
t q e t u n e p x p e
n z r m c t i l r
n a m n c t x p o
y r l q t x b o
n a m n c t x p o
n z v z k i o l r
n a m n c t x p o
n z v z b z n g
t q a y r n i p e
t q r p i b z l e
n z v z k i o l r
n z r m c t i l r
n z v z k i o l r
n a m n c t x p o
n z v z k i o l r
n z v z b z n g
n a v z m i b z l e
n z v z b z n g
n a v z m i b z l e
n a v z m i b z l e
n a v z m i b z l e
n a v z m i b z l e
n a v z m i b z l e
n a v z m i b z l e
n a v z m i b z l e
n a v z m i b z l e
n a v z m i b z l e
a s u m i p e b o
n z l v c n g
n z v z b z n g
t q m n c - n g r d e
n z v z p x b z n g
n a v z m i b z l e
t z v z n e p e n g
n z v z k i o l r
n z v z p x b z n g
n z v z k i o l r
n z v z k i o l r
n z v z k i o l r
n z r m c t i l r
n z v z k i o l r
t q m n c - n g r d e
n z v z - k r b z k r
r p i - m o u p q l e
k x t r k a
n a v z m i b z l e
n z v z k i o l r
n z v z k i o l r
n z v z k i o l r
t q r p n a - n g r m
t q m n c - n g r d e
t q r g l q t i k r
n z v z k i o l r
n z v z k i o l r
n z v z k i o l r
n z v z b z n g
n z v z k i o l r
t q p i p e b z l e
t q m n c - n g r d e
n z v z p x n g
n z v z p x n g
m n c l z - n g r m
n z x l r b z l r l e
t q r p n a - n g r m
n z v z k i o l r
n a v z m i b z l e
t z v z k i n e d r
t z v z k i n e d r
d w a l z m g r
n a v z m i b z l e
t z m w i - n g r d r
t z v z k i n e d r
y a p x - z v z k r
n z v z k i o l r
n z v z k i o l r
t z v z k i n e d r
t z v z k i n e d r
t z v z k i n e d r
t z v z k i n e d r
t z v z k i n e d r
m n c l z - n g r m
t z v z k i n e d r
t z v z k i n e d r
t z v z k i n e d r
t z v z k i n e d r
t z v z k i n e d r
t z v z k i n e d r
n a v z m i b z l e
n z v z p x n g
m n c l z - n g r m
t z v z k i n e d r
m n c l z - n g r m
t z v z k i n e d r
n a v z m i b z l e
t q l u - n g r g u
t q p i p e b z l e
n g r l r m i m l e
m n c l z - n g r m
n a v z m i b z l e
t q p i p e b z l e
n z r m c t i l r
t q p i p e b z l e
t q p i p e b z l e
n a v z m i b z l e
t q v z p e k r
n g r l r m i m l e
t z m n c - n g r d r
n g r l r m i m l e
n z m n c p e n g
t q v z p e m g r
t q v z p e m g r
t z m n c - n g r d r
t z l v c - a t e n g
t z y a p x p e n g
n z v z - k z n g
n a v z m i b z l e
t q v z p e m g r
n a v z m i b z l e
n z v z - k z n g
t q v z p e m g r
t q v z p e m g r
n z v z - k z n g
n z v z - k z n g
t q v z p e m g r
t q v z p e m g r
t q v z p e m g r
t q v z - n g r g r
t q v z p e m g r
n z v z - k z n g
n z v z - k z n g
t q v z p e m g r
t q v z p e m g r
t q y r n i t x p e
n z v z - k z n g
n z v z - k z n g
n z v z - k z n g
n z v z - k z n g
n z v z - k z n g
t q r p n a - n g r m
n z v z - k z n g
t q v z - n g r g r
t z r k a l z p e m
n z v z - k z n g
t q v z p e m g r
t q v z p e m g r
t q v z p e m g r
t z t a v e t r l r
t q v z p e m g r
t q v z - n g r g r
n z v z - k z n g
m n c l v z r n g r
t q t u n e p w z
t q v z - n g r g r
t q v z p e m g r
n z v z - k z n g
t q v z - n g r g r
n z v z n e p e l r
t q v z - n g r g r
n z v z n e p e l r
t z m n c - n g r d r
n z v z n e p e l r
n z v z n e p e l r
t q v z - n g r g r
n z r n i b q n g r
n z v z n e p e l r
t q v z p e m g r
t q x l r p e k r
n z v z n e p e l r
n z v z n e p e l r
n a y r k r t x
n a a g l q b z l r
d w a l z m g r
m n c l v z r n g r
n z v z n e p e l r
n z v z n e p e l r
m n c l v z r n g r
n z v z n e p e l r
d w a l z m g r
n z v z n e p e l r
n z m n c l z b z
t r v z n e - k a k r
t z x l r o p e l r
n z v z n e p e l r
n z a y o n g r
t q y r n i t x p e
l v c - a l z u p q
n z v z - k r n g e
n z v z - k r b z k r
n z v z k i o l r
n z v z p e - k r d r
n z v z p e - k r d r
n z v z p e - k r d r
n z v z p e - k r d r
n z v z - k r b z k r
t q p i p e b z l e
n z v z p e - k r d r
n z v z p e - k r d r
n z v z p e - k r d r
n z v z p e - k r d r
n z v z n e p e l r
n z v z - k r b z k r
n z v z - k r n g e
n z v z - k r b z k r
n z v z - k r b z k r
n z v z - k r b z k r
n z v z - k r b z k r
n z v z - k r b z k r
n z v z - k r b z k r
n z v z - k r n g e
n z v z - k r n g e
n z v z - z v z b z n g
n z v z p e - k r d r
n z v z - k r b z k r
n z v z - k r b z k r
n z v z - k r b z k r
n z a b r t z k r
n z v z - z v z b z n g
n z v z - k r n g e
n z v z p e - k r d r
n z v z - k r n g e
n z v z - k r n g e
n z v z - k r n g e
n z v z - k r n g e
n z v z - k r b z k r
n z v z p e - k r d r
n z v z - k r b z k r
n z v z - k r b z k r
n z v z - k r b z k r
n z v z - k r b z k r
n z v z p e - k r d r
n z v z - z v z b z n g
n z v z - k r b z k r
n z v z - k r n g e
n z v z - k r n g e
n z v z - k r n g e
n z v z - k r n g e
n z v z - k r n g e
m w x l r - n g r g r
n z v z - k r n g e
n z v z - k r n g e
n z v z - k r n g e
n z v z - z v z b z n g
n z v z - z v z b z n g
n z v z - k r n g e
n z v z - k r n g e
n z v z - k r n g e
n z v z p e - k r d r
t r v z n e - k a k r
t r v z n e - k a k r
n z v z - k z n g
t q p i p e b z l e
n z v z - k r n g e
t q n g r l r l z p e
n z v z p e - k r d r
t z v z n e p e n g
t r v z n e - k a k r
n z v z - k r n g e
t r v z n e - k a k r
n z v z p e - k r d r
t r v z n e - k a k r
n z v z - n g r m l r
n z w z - k r n g e
n z v z - n g r m l r
n z x l r b z l r l e
t z v z n e p e n g
t z v z n e p e n g
t z m w x l r n g
t z v z n e p e n g
n z r p i l z - k r d r
n z v z - k z n g
n z v z - k z n g
n a r l r - n g r m e
t q d w a p l r k r n g
t z v z p x p e b z n g
t z v z n e p e n g
t z v z n e p e n g
n z v z - n g r m l r
t z v z n e p e n g
t z v z n e p e n g
t z v z p x p e b z n g
n z v z - n g r m l r
t z v z n e p e n g
t z v z n e p e n g
t z v z n e p e n g
t z v z n e p e n g
t z v z n e p e n g
t z v z n e p e n g
n z v z - n g r m l r
t z v z n e p e n g
t q n g r l r l z p e
t q y r k r p e n g r
n z m n c - k r n g e
t q p i b z k r
t q r p n a - n g r m
n z v z - n g r m l r
n z v z - k z n g
t z m n c - n g r d r
n z v z - k z n g
d w a l z m g r
n z v z - k z n g
n z b z - k r g r
n z v z - n g r m l r
n z y c m n e - k r b o
n z p n a k i p x l r
n z v z - k z n g
n z v z n e p e l r
n z v z - k z n g
n z v z n e p e l r
n z v z - n g r m l r
t z m n c - n g r d r
n z v z n e p e l r
n z v z p x b z n g
t q m n c - n g r d e
n z v z n e p e l r
n z y c m n e - k r b o
t z k u k i - n g r d r
n z v z p x b z n g
t q w z t i p e l e
m n c - e p e l z l e
n z v z p x b z n g
n z v z n e p e l r
n z v z p x b z n g
n z x l r b z l r l e
n z v z p x b z n g
n z v z p x b z n g
m n c - e p e l z l e
n z v z p x b z n g
n z v z p x b z n g
n z v z p x b z n g
n z v z n e p e l r
n z v z n e p e l r
n z v z p x b z n g
n z v z p x b z n g
n z v z p x b z n g
n z v z p x b z n g
n z v z p x b z n g
t q r p i p e x
r m c t i - n g r g r l e
n z v z p x b z n g
t z m w i - n g r d r
n z v z p x b z n g
n z v z p x b z n g
t q v z - n g r g r
y r l q t x - m o u x
n z v z p x b z n g
n z b z s z n g
n z v z - z v z b z n g
n z v z n e p e l r
n z v z - z v z b z n g
n a l x n g i t i k u
n z v z p x b z n g
t q v z - n g r g r
t q v z - n g r g r
y r l q t x - m o u x
t q v z - n g r g r
r m c t i - n g r g r l e
n z v z - z v z b z n g
m n c - e p e l z l e
t q v z - n g r g r
n z v z - z v z b z n g
n z v z - z v z b z n g
t q v z - n g r g r
n z v z - z v z b z n g
n z v z - z v z b z n g
l v c - a l z u p q
n z v z - z v z b z n g
n z k r k a ' - k r g r
t q v z - n g r g r
m n c - e p e l z l e
t z v z n e p e n g
t z v z n e p e n g
t r v z n e - k a k r
n a a g l q p e k r
t z v z p x p e b z n g
t z v z p x p e b z n g
t q v z - n g r g r
n z v z - z v z b z n g
t z v z p x p e b z n g
t z v z p x p e b z n g
t q v z - n g r g r
t q v z - n g r g r
n z v z - z v z b z n g
t z v z p x p e b z n g
t z r m c t i p e l r
t z k u k i - n g r d r
n z v z - n g r m l r
t r v z n e - k a k r
t z v z p x p e b z n g
t q v z - n g r g r
t z v z p x p e b z n g
t z r m c t i p e l r
t z v z p x p e b z n g
t q v z t r - m o p w z k r
t z r m c t i p e l r
t z v z p x p e b z n g
t z v z p x p e b z n g
t z v z p x p e b z n g
n z v z - z v z b z n g
t q v z t r - m o p w z k r
n z v z - k r b z k r
t q v z t r - m o p w z k r
t z v z p x p e b z n g
r p i - m o u p q l e
t q v z - n g r g r
n z p n a t i - k r b z m u
t z v z p x p e b z n g
t q v z - n g r g r
t z r m c t i p e l r
y r l q t x - m o u x
n a p i t r - m o u p o
n z v z - n g r m l r
n z v z - n g r m l r
n z d w a t r - k r d e
t q v z - n g r g r
n z v z - z v z b z n g
n z m n c l z b z n g
r m c t i - n g r g r l e
n z v z - n g r m l r
n z v z - n g r m l r
t z r m c t i p e l r
t z r m c t i p e l r
n z v z - n g r m l r
n z v z - n g r m l r
n z v z - n g r m l r
r p i - m o u p q l e
n z m n c l z b z n g
t q v z t r - m o p w z k r
t r v z n e - k a k r
n z v z - n g r m l r
t r v z n e - k a k r
n z v z p e - k r d r
n z r p i l z - k r d r
t r n z p i - k r p o ' u
n z a t u p x - n g r m
n z a t u p x - n g r m
n z v z p e - k r d r
n z a t u p x - n g r m
r m c t i - n g r g r l e
n z v z k a i - k r g r
n z a b r t z l v z l r
t r v z n e - k a k r
t r v z n e - k a k r
t r v z n e - k a k r
r p i - m o u p q l e
n a y a p w x t i m l e
t q o l v x t i p e l e
n z v z k a i - k r g r
n z a b r t z n g r
t r v z n e - k a k r
d r l z d r n g
t r v z n e - k a k r
n a p i t r - m o u p o
t r v z n e - k a k r
t r v z n e - k a k r
n z y c m n e k r b z
t q y r p u t i p x n g r
t r v z n e - k a k r
n z v z k a i - k r g r
n z v z p e - k r d r
n a p i t r - m o u p o
n a p i t r - m o u p o
n a p i t r - m o u p o
n z a b r t z l v z l r
t q y r p u t i p x p e
n z a b r t z n g r
n z v z k a i - k r g r
n z d w a t r - k r d e
n a m n c n e - n g r g r
t r v z n e - k a k r
t r v z n e - k a k r
n z e t u p e - k r n g e
n z v z k a i - k r g r
t q d w a p l r k r n g
n z v z k a i - k r g r
n z y a g o x - k r d e
n z v z k a i - k r g r
t r n z p i - k r p o ' u
t r n z p i - k r p o ' u
n z v z - z v z b z n g
n z v z k a i - k r g r
t q n g r l r p x p e k r
r y a p w x - z v z k r
n a p i p x - l z b q n g
t u t i p x - n g r m
n z v z k a i - k r g r
n a p i t r - m o u p o
n z v z - z v z b z n g
n z a b r t z n g r
n z v z k a i - k r g r
n z v z k a i - k r g r
t r v z n e - k a k r
n z v z k a i - k r g r
n z v z k a i - k r g r
t q v z - n q b l q n e n e
t z p n z - l z b q n g r
t r n z p i - k r p o ' u
n z v z - z v z b z n g
t q v z - n q b l q n e n e
t z p n z - l z b q n g r
t q y r p l a t r p e
t r v z n e - k a k r
t q v z - n q b l q n e n e
n z m n c l z b z n g
n z v z k a i - k r g r
t q v z - n q b l q n e n e
n z m n c l z b z n g
t q v z - n q b l q n e n e
t q v z m i t r p e b z l e
t q v z - n q b l q n e n e
t q v z - n q b l q n e n e
t q v z m i t r p e b z l e
t q v z - n q b l q n e n e
t q v z m i t r p e b z l e
t q v z - n q b l q n e n e
t r n z p i - k r p o ' u
t q v z - n q b l q n e n e
t q v z - n g r g r
t q m w i - n g r g r
t q d w a p l r k r n g
t u t i p x - n g r m
n a m n c - k a p q n g r
t z m w i - n g r d r
t u t i p x - n g r m
t z v z - a t e n g
n a m n c - k a p q n g r
t z m n c - n g r d r
t r n z p i - k r p o ' u
n z w z t i - k r b z l e
n z e t u p e - k r n g e
n a m n c - k a p q n g r
t r n z p i - k r p o ' u
n a m n c n e - n g r g r
t q y a p w x t i p e m l e
t q v z - n q b l q n e n e
m n c - m i p e - a m u
n z d w a t r - k r d e
n a p i p x - l z b q n g
m n c - m i p e - a m u
n z d w a t r - k r d e
n z r p i - a n i - k r m l e
n z m c
n z m c - k r d e
m n c - m i p e - a m u
r m c t i - n g r g r l e
t q v z m i t r p e b z l e
t q v z m i t r p e b z l e
t q v z m i t r p e b z l e
t q v z m i t r p e b z l e
n g q t i p e l e
n z m w x l r n g
t q v z m i t r p e b z l e
t q v z m i t r p e b z l e
t q v z m i t r p e b z l e
t q v z m i t r p e b z l e
t q v z m i t r p e b z l e
t q v z m i t r p e b z l e
t q v z m i t r p e b z l e
t q v z m i t r p e b z l e
t q v z m i t r p e b z l e
t q v z m i t r p e b z l e
t q v z m i t r p e b z l e
t q n g r l r p x p e m
t q v z m i t r p e b z l e
t q v z m i t r p e b z l e
t q v z m i t r p e l e n g
t q v z m i t r p e l e n g
t q v z m i t r p e l e n g
t q v z m i t r p e l e n g
t q v z m i t r p e l e n g
t q v z m i t r p e l e n g
t q v z m i t r p e l e n g
t q v z m i t r p e l e n g
t q v z m i t r p e l e n g
t q v z m i t r p e l e n g
t q v z m i t r p e l e n g
t q v z m i t r p e l e n g
t q v z m i t r p e l e n g
t q v z m i t r p e l e n g
t q v z m i t r p e l e n g
t q v z m i t r p e l e n g
t q v z m i t r p e l e n g
n z v z - z v z b z n g
t r n z p i - k r p l e u
m n c - m i p e - a m u
t q v z m i t r p e l e n g
n z a b r t z - z v z n g r
n z a b r t z k r
t q v z - n q b l q n e n e
m n c - m i p e - a m u
t z m w i p x - n g r m l r
y r n i - e b i r p e n g
t q n g r l r p e k r
n z m w i p e - k r n g e
n z b z t i - l x b l r n g
t q l x n g i t i - a t e x
n z x l r - k r g r
n z b z - k r g r
t z m n c t x - a l o p e n g
n a y a - p w z - t i p e x
t q r p n a p e - n g r m l e
t z m n c t x - a l o p e n g
n z r p i - a n i - k r m l e
t z m n c t x - a l o p e n g
n z a b r t z - z v z n g r
n z m u n g r
t z m n c t x - a l o p e n g
t z y a p w x t i p e b z l r
t z m n c t x - a l o p e n g
n z r p i - a n i - k r m l e
t q m u k r
d w a s x p x - k z p q g r
t r k q o p q l e u
n z k r k a ' p x - k r m l r
y r n i - e b i r p e n g
n z r p i - a n i - k r m l e
t z v z p e - k a i n g
t q m c p e x
t q a l v c - l z b q - n g r g r
t q a l v c - l z b q - n g r g r
t z v z p e - k a i n g
t q p i b o
t q w a i p e x
n a p i t x t r - m o p o
n a p i t x t r - m o p o
t z m n c t x - a l o p e n g
k x p r t z
t z y z l u p e - m o p w z n g
t z v z p e - k a i n g
n a m n c n e - n g r g r
n a p i t x t r - m o p o
n a p i t x t r - m o p o
t q m c p e x
t z v z p e - k a i n g
t z v z p e - k a i n g
n a p i t x t r - m o p o
n a p i t x t r - m o p o
t z y c m n e - n g r p e m l r
d w a - r b r l z - n g r m q g r
t z v z p e - k a i n g
n a p i t x t r - m o p o
n z m n c n g
t q n g i
t z y a p w x t i p e b z l r
t q m c p e x
t q m c p e x
t z v z p e - k a i n g
t z v z p e - k a i n g
t r t r k a - z l w z p w z u
t z v z p e - k a i n g
t z y a p w x t i p e b z l r
n a y a p w x t i b o
t r m c w x u
t q a b r t z - z v z - n g r g r
k x n z e t u
t z v z p e - k a i n g
t z v z p e - k a i n g
t q m n c - l x b l r p e k r
t z v z p e - k a i n g
t z m n c t x - a l o p e n g
t z v z p e - k a i n g
t z y c m n e - n g r p e m l r
t z v z p e - k a i n g
k r l z m g r
t q v z - n g r m
t z l v c l z p e - n g r d r
y z l u m g r
n z l v c n g
t q y r n i p e x
t q m w i p e k r
t q m n c - l x b l r p e k r
t z x l r o p e l r
t z y c m n e - n g r p e m l r
t q y r n i p e x
t z m r g e n g
t q m w x l r p e k r
t q a s u l e
t z y c m n e - n g r p e m l r
m w i t x k r
m c l e
t q v z p e - k z x
n z d w a t r - m o u - k r g r
t q r m c t i p e k r
t q v z p e - k z x
t q v z p e - k z x
t q v z p e - k z x
t q v z p e - k z x
n z y a p w x - k r d r
t q v z p e - k z x
n z a b r t z - k r g r
t q v z p e - k z x
t q v z p e - k z x
t q a m z n r p e l e
