t q v z p e - k z x
n z n g i - k r d r
t q m n c - l x b l r p e k r
t q t w z p e b z l e
n z b z n g
y c m n e t r p z k r
t q v z p e - k z x
a p u l e
y a n e - z v z k r
n z p w x n g
t q a m a o p e
a t u l z n g r
n z a y o n e p e - k r d r
n z a b r t z l v z l r
x l r m l e
k a l z m l e
n z n g i k r
n z w z - k r g r
t q t u p x m
t q t w z p e
n z a b r t z l v z l r
n z t u - z v z - k r d e
t z a y o t i
t q t u p x m
n z y a p w x - k r d r
t q t u p x m
t q y r n i t x p e
t q t u p x m
t q t u p x m
t q k r l z - a t e b z k r
t q n g r l r p x p e m
t z y c m n e - n g r p e m l r
n z m u - k r d r
t q v z - n q b l q n e n e
t z l v c - a t e n g
t z l v c l z p e - n g r d r
t q n g r l r p x p e m
t q t u p x m
n z w z - k r g r
n z d w a t r - k r d e
t q t u p x m
n z m c - k r d e
n z d w a t r - k r d e
t q t u p x m
t q n g r l r p x p e m
x l r k r
t q o t i - a t e m
n z d w a t r - k r d e
t q v o t x - n g r p w z
t q m c p e l e
n z d w a t r - k r d e
t z m u p e - n g r d r
t z m u p e - n g r d r
n z d w a o n g r
t q m e i p x
t z m u p e - n g r d r
t q v z - n q b l q n e n e
t q v z - n q b l q n e n e
t q v z t r - m o p w z k r
t q r m c t i p e k r
t q o t i - a t e m
t z m c n g r
t z r m c t i p e l r
t z m n c t x - a l o p e n g
t q o t i - a t e m
t q v z - n q b l q n e n e
n a m n c n e - n g r g r
t q v z - n q b l q n e n e
t q v z m i t r p e l e n g
t q v z - n q b l q n e n e
t z r m c t i p e l r
t q v z - n q b l q n e n e
t z m n c - n g r d r
t q v z t r - m o p w z k r
t q v z m i t r p e b z l e
t q v z m i t r p e b z l e
t q t u n e p w z
x l r b z l e
t q v z m i t r p e l e n g
t z v z p x p e b z n g
m n c - m i p e - a m u
t z v z p x p e b z n g
n z w z t i - k r b z l e
n z v z n e p e l r
m n c l z - n g r m
t q t u n e p w z
n z l v c p e n g
n a r l z
n z m c p x
n z v z n e p e l r
n z v z n e p e l r
n a k a t x b z l e
t r v z n e - k a k r
n z r m c t i l r
n z t u n g r
t r v z n e - k a k r
n z t u n g r
n z t u n g r
t q m c p e l e
n z v z p e - k r d r
n z v z - n g r m l r
n z v z n e p e l r
n z k r l z m l r
n z v z p e - k r d r
p i b z l e
t r v z n e - k a k r
t q v z p e m g r
n z m c k r
n z v z - k r b z k r
t q y r n i p e x
r m c t i p e k r
n z m c p x
n z v z - k r b z k r
n z v z - k r b z k r
n z t u n g r
t q n g i
n z m c p x
n z v z - z v z b z n g
n z t u n g r
n z t u n g r
t q t w z o p e
n z v z p x b z n g
n z v z p x b z n g
n z v z p x b z n g
n z v z p x b z n g
t q v z - n g r g r
n a v z m i b z l e
t q v z p e b z
n a v z m i b z l e
n a v z m i b z l e
t q v z - n g r g r
t q v z p e b z
t z v z n e p e n g
t q r p i b z l e
n z r p i b z
n z m n c l z b z
n z r p i b z
n z v z n g r
n z v z k i o l r
t q r p i b z l e
n a p i b z k u
n z r p i b z
t q v z p e m
n z v z - k r b o
n a p i b z k u
n z v z k i o l r
t z v z o p e n g
t q t u l z
v o m l e
n z v z - k r b o
n z m c p x
n z v z p e n g
n z m c p x
t z v z - n g r
v o m l e
t z v z - n g r
t q r p i p e x
t q v z p e m
n z m c p x
n z v z k i o l r
w z t r p o
n z v z p e n g
y r k r t x o
v z p x b z k r
n z r p i b z
v z p x b z k r
v z p x b z k r
v o m l e
n z m n c p e n g
n z v z b z n g
n z r p i b z
n z r p i b z
n z m c p x
t q p i p e m
t q b z p e
y c m n e p e
t q p i p e m
n z v z p x n g
v z t r n g r
n z v z - k r m
n a l i
v z t r n g r
n z r p i b z
v o m l e
t z v z p e
v z m i m q
t q v z b o
t q v z p x p e
t q v z p x p e
n z r p i l r
n z v z k i l r
v z m i m q
n z r p i b z
v z m i m q
t u l z m c
t q v z b o
v z m i m q
t z v z p e
v z m i o l e
n z r p i m
t q v z b o
t q v z p e x
v z - z v z x
v z m i o l e
v z - z v z x
v z - z v z x
v z - z v z x
v z m i o l e
m w a k r
t q v z p e
m c l x
v z - z v z x
m n c p e x
m c t r k r
m n c k r
v z t r l e
v z t r l e
k c m a
v z t r l e
t q m n c
t q m n c
m c p x m
v z p e m
v z p e m
m c t r k r
n a v z b z
m c p x m
m w i t x
t q p i b z
m c l x
n a v z n g
n z v z
n z v z
v z t x
n z r p l a m e i t i - k r d e
n z y r p u t i p x k r
n z r k a t x - k r d r
m z ~ n i b r d r
n a - a e n z l i t x k i
t q a e n z l i t i - n g r g r
t r n z a e n z l i l r u
t z p x i b e n g
n z o b q p x b z
o b q o b z
t r n z y a g o x - k r g r u
m z ~ n i b r
n z r l x t i - k r m l r
n a r l x t i b o
n z r l x t i b z l r
d r t q n g e
