m n c - m i p e - a m u
t u o m
r p i - m o u p q l e
r p i - m o u p q l e
t q t u p x m
t q t u p x m
t q t u p x m
t q t u p x m
t q t u n e p w z
t q t u n e p w z
t q t u p x m
n a k a t x b z l e
t q v z t r - m o p w z k r
t q v z t r - m o p w z k r
t q v z t r - m o p w z k r
t z l v c - a t e n g
t z l v c - a t e n g
t r v z n e - k a k r
t z l v c - a t e n g
r y a p w x - z v z k r
n a n g r l r t r k i
n a m n c t x p o
t q v z m i t r p e b z l e
t q t u n e p w z
t q t u n e p w z
t r t e n g e
n a m n c - k a p q n g r
n z x l r b z l r l e
n a r p n z '
n a p i b z k u
r m c t i p e k r
t q o l v x t i p e l e
n z t u n g r
t q v z m i t r p e b z l e
r m c t i p e k r
t z m n c - n g r d r
n z t u - z v z - k r d e
n z v z - k r b o
n z v z - k r b o
t z n g r l r k i o p e l r
v z - z v z x
m n c t i k r
v z m i o l e
v z - z v z x
n a m n c - k a p q n g r
t z l v c l z p e - n g r d r
t q v z m i t r p e l e n g
n a d w a p e k r
t z v z k i n e d r
t z l v c l z p e - n g r d r
t z v z k i n e d r
v z m i m q
t z m n c t x - a l o p e n g
t q v z m i t r p e l e n g
t q v z m i t r p e l e n g
r p i o b z l e
m c t r k r
m c t r k r
r p i o b z l e
n z m c t r
m n c l z - n g r m
t z v z p x p e b z n g
o t i l e
m w i
t q v z m i t r p e l e n g
m c l z k r
m n c l z - n g r m
t q t u n e p w z
t z v z p x p e b z n g
v z p x b z k r
r m c t i l e
t q v z p x p e
t z v z p x p e b z n g
v z p x b z k r
n z y a l z - k r g r
t z v z p x p e b z n g
v z t r l e
t z k u k i - n g r d r
t q v z - n q b l q n e n e
n a v z m i b z l e
n z v z p e - k r d r
t z m w x l r n g
v z t x
v z t r l e
v z t x
v z x
v z t x
v z x
v z x
v z x
k r l z m l e
n z v z - z v z b z n g
r k a l z m
t z v z n e p e n g
v z x
t z v z n e p e n g
v z k i m l e
y r l q b z k r
n z v z - k r b z k r
t z v z n e p e n g
n z v z k a i - k r g r
n a r l z
t q p i b z k r
t z v z p e - k a i n g
t q p i b z k r
t q a y r n i p e
n z v z - n g r m l r
n z v z p x b z n g
a b r t z l v z k r
n z v z - r b r - k r d r
t q p i p e m
n z v z k i o l r
t q m n c
t q p i p e m
t q v z p e m
t q v z p e m
t q v z p e m g r
m a l e l e
t q v z p e b z
t q v z p e b z
t r n z p i - k r p l e u
t z p n z - l z b q n g r
t q p i p e m
t q v z - n g r g r
n a v z b z
t r n z p i - k r p l e u
m n c l v z r n g r
t q m n c
v e x
t q e t u n e p x p e
n a v z b z
t q v z - n g r g r
n z v z p x n g
t q v z p e
k r l z m l e
n z v z p x n g
n z v z k i l r
t q v z p e
a p u l e
n z v z k i l r
n z v z - k z n g
n z v z - k r n g e
n z v z p e n g
n a m n c n e - n g r g r
n z v z - k r n g e
n z v z p e n g
n z v z - k z n g
e t u t x
n z v z - k z n g
n z a t u p x - n g r m
r p i l e
n z m n c l z b z
n z m n c l z b z
n z m n c l z b z
m n c l v z r n g r
n z p r t r - k r n g e
n z v z b z n g
n z v z b z n g
n z m n c l z b z
n z v z b z n g
k x p i p z
n a v z n g
n z w z t r n g
t z m w i p e n g
p r t r p o
n z m n c l z b z
t q m r t u - n g r d e
n z a t u p x - n g r m
n z a t u p x - n g r m
n z r n i b q n g r
y r k r p x b z l e
y r k r t x o
t q y r k r p e n g r
x l r b z l e
x l r m l e
t z v z - a t e n g
x l r b z l e
n z a l v z t r p l r
k r l a
v z m q g r
t q t o p w z b e - n g r n e
t o p w z t r
k x t o p w z n e
p l a m e i t x d e
v z b z k r
r m c t i - n g r g r
n z w z t r n g
n z m i n g r - k r g r
n z a t u p x - n g r m
m z t r
t q m c p e k r
t q m c p e k r
t z s i k l u n g
x l r m l e
t q m z n r p e
r l x n g i t i l e
t r m c l e u
t z y r n i n e t r p e b z n g
n z r t w z - k r d r
x l r m l e
x l r b z l e
t w z x
m z l e d e
t q n g r l r l z p e
n g r l r m i m l e
t q n g r l r p x p e m
n z m n c - k r g r
t w z q
y a g o x t x
n z b z n g
t q b r l x - k z p e
n e n g e n g
n e g u n g
n e m u n g
n z o b q b z n g
n z p n z ' b z l r
m r b r l z m
d r t q g r
t q n g r l r l z p e
n g r l r m i m l e
t q y r k r p e n g r
y r k r t x o
t q y r k r p x k r
y r k r p x b z l e
k x n z e t u
t q n g r l r p x p e m
t q n g r l r l z p e
n a m z n r p e
t q m z n r l x p e
n g r l r m i m l e
t q n g r l r p x p e m
t q n g r l r l z p e
n z y r l q
t q y a p x p e b z
n z a b r t z k r
n z y o l x o m l r
t q v z p e x
t q r m c t i p e k r
k c m a n g
y r l q t x - m o u x
n a r y z k r - n g r g r
t z r y z k r n g
n z o l i q k r
y r k r p x b z l e
r m c t i - n g r g r l e
x l r b z
t q m c p e k r
y z l u m c
y r l z t i l e
t q a m a - a t e k r
