n z v z k i o l r
n z r p i b z l r
n z r m c t i l r
n z v z k i o l r
n z v z - k r b o
n z r p i b z l r
n z r m c t i l r
t q r p i b z l e
n z v z - k r b o
n z v z - k r b o
n z v z k i o l r
n z v z - k r b o
t z m n c n g r
n z r p i b z l r
n z v z - k r b o
n z r p i b z l r
n z v z - k r b o
t q o t i m l e
n a k q t x o m
t r k r l z w x u
n z v z - k r b o
t q r p i b z l e
n z v z - k r b o
n z v z k i o l r
t q r p i b z l e
n z m c t x p w z
n z t a v e t r
n a y c t i p x m
n z v z - k z n g
t z t a v e l r
t q r p i b z l e
t z v z o p e n g
t z v z o p e n g
t z v z o p e n g
t q r p i b z l e
t z v z o p e n g
t z v z o p e n g
t z v z o p e n g
t z v z o p e n g
t z v z o p e n g
a t u l z n g r
t z v z o p e n g
t z v z o p e n g
t z v z o p e n g
t z v z o p e n g
n z v z - k z n g
n z g l q o l r
v z p x b z k r
v z p x b z k r
n z b z - k r g r
n z k r l z m l r
n z m n c p e n g
n z v z p x b z n g
n z p r p x n g r
n z v z - k z n g
r m c t i p e k r
n z v z p x b z n g
n a m n c t x p o
n z v z - k z n g
t q y r n i p e x
n z m n c p e n g
t q t r k a p e m
n z v z p x b z n g
n a m n c t x p o
n z v z p x b z n g
r m c t i p e k r
r m c t i p e k r
r m c t i p e k r
n z v z p x b z n g
t q v z p e m g r
t z s i k l u n g
t q y a g o x p e
r m c t i p e k r
n z v z p x b z n g
t q v z p e m g r
n z v z p x b z n g
t q v z p e m g r
r m c t i p e k r
n z v z p x b z n g
n z v z p x b z n g
t q v z p e m g r
a t u l z n g r
a t u l z n g r
a t u l z n g r
t q v z p e m g r
t q v z p e m g r
t q v z p e m g r
n z v z p x b z n g
t q v z p e m g r
n z v z p x b z n g
n z v z p x b z n g
t q t r k a p e m
n a m n c t x p o
t q w a i p e x
n z v z p x b z n g
n z v z p x b z n g
n z v z p x b z n g
r m c t i p e k r
n z v z - k z n g
n z v z p x b z n g
t z r m c t i p e l r
n z d w a o n g r
t q t w z o p e
r m c t i p e k r
t q v z p e m g r
n a d w a p e k r
n z v z p x b z n g
n z r k a t x n g r
t q n g r l r l z p e
a t u l z n g r
t q y a p x p e b z
t q v z p e m g r
n z v z - k r b z k r
t q v z p e m g r
v z p x b z k r
y r k r p x b z l e
n z v z p x b z n g
t q m w i - n g r g r
n a v z m i b z l e
t q v z p e m g r
n a v z m i b z l e
t q p i p e b z l e
n a v z m i b z l e
n z a b r t z n g r
t q t u n e p w z
n a m n c t x p o
n a v z m i b z l e
t z l v c - a t e n g
n a v z m i b z l e
n a v z m i b z l e
n a v z m i b z l e
n z m n c l z b z
n a v z m i b z l e
n z v z k i o l r
n a v z m i b z l e
n a v z m i b z l e
n a v z m i b z l e
t q m w i - n g r g r
t z v z k i n e d r
n a v z m i b z l e
n a v z m i b z l e
n z v z - k r b z k r
n z r n i b q n g r
n a v z m i b z l e
n a v z m i b z l e
n a v z m i b z l e
n a v z m i b z l e
n z d w a o n g r
n a v z m i b z l e
n a v z m i b z l e
n a v z m i b z l e
t z v z k i n e d r
n z v z k i o l r
t z v z k i n e d r
t z v z k i n e d r
n z v z - k r b z k r
t z v z k i n e d r
t z v z k i n e d r
t q n g r l r p e k r
n z m n c l z b z
t z v z k i n e d r
t z v z k i n e d r
n a m n c t x p o
m n c l v z r n g r
t z v z k i n e d r
t z v z k i n e d r
a s u m i p e b o
n z v z - k r b z k r
n z m n c l z b z
n a v z m i b z l e
t z v z k i n e d r
t z v z k i n e d r
t z v z k i n e d r
t z v z k i n e d r
t z v z k i n e d r
t z v z k i n e d r
n z v z - k r b z k r
n z v z - k r b z k r
t q n g r l r l z p e
n a m n c t x p o
n z v z - k r b z k r
n z v z - k r b z k r
n z v z - k r b z k r
n z v z - k r b z k r
m n c l v z r n g r
n z v z - k r b z k r
n z v z - k r b z k r
n z v z - k r b z k r
n z v z - k r b z k r
n z v z k i o l r
n z a b r t z k r
t q t w z o p e
n z v z k i o l r
n z v z - n g r m l r
n z v z - n g r m l r
n z v z - k r b z k r
t q w z t i p e l e
m n c l z - n g r m
m n c l v z r n g r
m n c l v z r n g r
n a m n c t x p o
n z v z - k r b z k r
n z v z - n g r m l r
n z v z n e p e l r
n z v z - k r b z k r
n g r l r m i m l e
m n c l v z r n g r
n z v z - k r b z k r
n z v z - k r b z k r
n z v z n e p e l r
n g r l r m i m l e
t q n g r l r p e k r
n z v z - k r b z k r
n z v z - n g r m l r
t q v z p e m g r
t q o t i - a t e m
n z v z n e p e l r
n z k q o - k r m
t q v z - n g r g r
n z v z n e p e l r
r g l q k r
n z v z n e p e l r
t q v z - n g r g r
n z v z n e p e l r
t q v z - n g r g r
n z n g i - k r d r
t q v z - n g r g r
n z v z - n g r m l r
n z v z n e p e l r
m n c l z - n g r m
n z v z n e p e l r
t q v z p e m g r
t q r p i - n g r n
n z v z n e p e l r
n z v z n e p e l r
d r t w r d r
n z v z n e p e l r
n z v z n e p e l r
t q p i p e b z l e
t z v z n e p e n g
n a k a t x b z l e
t z v z p e - k a i n g
n z v z n e p e l r
t z v z - n g r
n z v z n e p e l r
t z v z n e p e n g
t q v z - n g r g r
t q o t i - a t e m
t q p i p e b z l e
m n c l z - n g r m
n z v z n e p e l r
n z w z - k r n g e
n z v z n e p e l r
n z v z n e p e l r
n z v z n e p e l r
n z v z n e p e l r
n z v z n e p e l r
n z v z n e p e l r
t z y a p x p e n g
n z v z n e p e l r
t z v z - n g r
t q v z t r - m o p w z k r
y a n e - z v z k r
t q p i p e b z l e
t q v z p e m g r
t q p i p e b z l e
t z v z n e p e n g
t z v z n e p e n g
t z v z n e p e n g
t q y r k r p e n g r
m n c l z - n g r m
t z v z n e p e n g
t q p i p e b z l e
t q m w i - n g r g r
t z v z n e p e n g
n z v z - n g r m l r
y a n e - z v z k r
t z v z p e - k a i n g
t z v z p x p e b z n g
n z v z n e p e l r
n z a b r t z k r
t z v z n e p e n g
t z v z - n g r
m n c l z - n g r m
t z v z n e p e n g
n z v z n e p e l r
t q y r n i t x p e
t q v z - n g r m
t z v z n e p e n g
t z v z n e p e n g
n z v z p x b z n g
t q v z - n g r g r
t z v z p e - k a i n g
n z v z - n g r m l r
m n c l z - n g r m
n z v z - n g r m l r
n z v z - n g r m l r
n z v z - n g r m l r
n z a l v z t r p l r
t z v z n e p e n g
n z v z - n g r m l r
t z v z n e p e n g
t z v z n e p e n g
n a v z m i b z l e
n z v z - n g r m l r
n z v z - n g r m l r
n z v z - k r b z k r
n z v z - n g r m l r
t z m w i - n g r d r
t z v z n e p e n g
t z v z p x p e b z n g
n z v z - n g r m l r
n z v z - n g r m l r
n a v z m i b z l e
t z r m c t i p e l r
n a y a g o x n g
t z v z p x p e b z n g
t z v z p x p e b z n g
t z v z p x p e b z n g
n z v z - n g r m l r
n z y a l z - k r g r
t z v z p x p e b z n g
t z v z p x p e b z n g
t z v z p x p e b z n g
t z v z p x p e b z n g
t z v z p x p e b z n g
n z v z - k r n g e
t z v z p x p e b z n g
t z v z p x p e b z n g
t q v z p e m g r
t z v z n e p e n g
n z v z - k r n g e
n z v z - n g r m l r
n z v z - k r n g e
t z v z p x p e b z n g
n z v z - k r n g e
n z v z - k r n g e
t q v z - n g r g r
t z v z p x p e b z n g
t q v z - n g r g r
n z v z - k r n g e
y a p x - z v z k r
n a l x n g i t i k u
t z v z p x p e b z n g
t r - r m n q u
t z v z n e p e n g
n z v z - n g r m l r
t q v z p e m g r
t z v z n e p e n g
n z v z - k r b z k r
t z m w i - n g r d r
t r v z n e - k a k r
n a v z m i b z l e
n z v z p e - k r d r
n z v z - k r n g e
t q v z p e m g r
n a v z m i b z l e
n a v z m i b z l e
n z v z - n g r m l r
n z v z - k r n g e
t z v z p x p e b z n g
t z v z p x p e b z n g
n a v z b z k r
n z v z - k r b z k r
t z m n c - n g r d r
t z r m c t i p e l r
t q v z - n g r g r
t q v z - n g r g r
t q v z - n g r g r
n z v z - k r b z k r
t q v z - n g r g r
t z v z n e p e n g
t q v z - n g r g r
n z v z - k r n g e
t z v z n e p e n g
t z r m c t i p e l r
n z v z - k r n g e
n z v z - n g r m l r
t z v z n e p e n g
t q r p n a - n g r m
t q v z - n g r g r
n a y a p w x t i b o
y c - n r b a l q
t r t q w z p e u
n z v z - k r n g e
n z v z p e - k r d r
n z v z - k r n g e
t q v z - n g r g r
t q m r l z - n g r d e
n z v z p e - k r d r
t z v z n e p e n g
t z v z p x p e b z n g
t r v z n e - k a k r
t z v z p x p e b z n g
n z v z p e - k r d r
n z v z p e - k r d r
n z v z p e - k r d r
t r v z n e - k a k r
n z v z p e - k r d r
n z v z - k r n g e
t q v z - n g r g r
t z v z p x p e b z n g
n z v z - k r n g e
t r v z n e - k a k r
t z v z n e p e n g
t z v z p e - k a i n g
n z v z p e - k r d r
t q v z - n g r g r
n z v z p e - k r d r
t r v z n e - k a k r
t q v z - n g r g r
t z v z n e p e n g
k r l z p e b z k r
t q v z - n g r g r
t z v z p x p e b z n g
n z v z p e - k r d r
t q v z - n g r g r
n z y c m n e - k r m
t z v z n e p e n g
n z v z - k r n g e
n z v z p e - k r d r
n z y a l z - k r g r
t q v z - n g r g r
n z y c m n e - k r m
n z v z - k r n g e
n z w z - k r n g e
t q r p n a - n g r m
t r v z n e - k a k r
n z v z p e - k r d r
t q v z - n g r g r
n z v z - k r n g e
n z y c m n e - k r d e
t z r m c t i p e l r
t r v z n e - k a k r
t q v z - n g r g r
t r v z n e - k a k r
n z v z - k r n g e
n z v z p e - k r d r
n z v z - k r n g e
n z d w a t r - k r d e
n z v z p e - k r d r
n z y c m n e - k r m
n z v z p e - k r d r
t r v z n e - k a k r
n z m u - k r g r
t z v z - n g r
n z v z p e - k r d r
n z v z p e - k r d r
t q m u - n g r g r
n z o t i p e - k r m
n z v z - k r n g e
t r v z n e - k a k r
t r v z n e - k a k r
t r v z n e - k a k r
r p i - m o u p q l e
n z v z p e - k r d r
n z v z p e - k r d r
t z v z k i n e d r
n z y c m n e - k r d e
t r v z n e - k a k r
n z v z - k r n g e
t r v z n e - k a k r
t z v z - n g r
t q v z - n q b l q n e n e
t z r m c t i p e l r
t z r t w z - k z n g
r p i - m o u p q l e
n z v z - k r b z k r
n z y c m n e - k r b o
t z m n c - n g r d r
t r v z n e - k a k r
n z a b r t z n g r
n z v z p e - k r d r
n z r p i l z - k r d r
t z m n c - n g r d r
t r v z n e - k a k r
t r t q w z p e u
t z v z - n g r
n z m n c l z b z n g
t q m n c - n g r d e
n z w z - k r n g e
t q n g r l r l z p e
t z v z n e p e n g
t z m n c - n g r d r
n z y c m n e - k r m
t q m n c - n g r d e
t q v z p e m g r
n z m n c l z b z n g
n z v z - z v z b z n g
t z r y z k r n g
t z v z - n g r
n z w z - k r g r
t q m n c - n g r d e
t r v z n e - k a k r
t z v z - n g r
n z p r p x - k r d r
o m i t x p x b z l e
a e l w a p x - p n z
t z m n c - n g r d r
n z w z t i - k r b z l e
t u t i p x - n g r m
t q m n c - n g r d e
r n g i - b a t r p q
n z v z - z v z b z n g
t r v z n e - k a k r
n z m n c l z b z n g
n z m n c l z b z n g
t q o l v x t i - a t e l e
t z v z k i n e d r
n z m n c l z b z n g
n z p n a k i p x l r
n z p r p x - k r d r
t u t i p x - n g r m
t u t i p x - n g r m
n z m u - k r g r
t u t i p x - n g r m
w x b u p x - n g r m
t q n g r l r p x p e m
n z m n c - k r n g e
t z v z - n g r
n z v z k a i - k r g r
t u t i p x - n g r m
t z v z p e - k a i n g
n a y a p w x t i m l e
n z m n c l z b z n g
t q v z t r - m o p w z k r
n z m n c l z b z n g
t z m n c - n g r d r
t z v z k i n e d r
t q m n c - n g r d e
n z y c m n e - k r d e
n z y c m n e - k r n g e
n z a b r t z n g r
r m c t i - n g r g r l e
n z v z k a i - k r g r
t z v z - n g r
t q v z - n q b l q n e n e
m n c - m i p e - a m u
n z v z k a i - k r g r
r m c t i - n g r g r l e
t q v o t x - n g r p w z
n z v z k a i - k r g r
n z m n c l z b z n g
t q v z - n q b l q n e n e
m n c - m i p e - a m u
t q v z - n q b l q n e n e
n a m n c - k a p q n g r
m n c - m i p e - a m u
t q v z - n q b l q n e n e
t q v z - n q b l q n e n e
t q v z - n q b l q n e n e
t q v z - n q b l q n e n e
t q v z - n q b l q n e n e
t q v z - n q b l q n e n e
t q v z - n q b l q n e n e
m n c - m i p e - a m u
t q v z - n q b l q n e n e
t q l x n g i t i - a t e x
n z a t u p x - n g r m
t q v z - n q b l q n e n e
t q v z - n q b l q n e n e
t q v z - n q b l q n e n e
t q v z - n q b l q n e n e
n z m u - k r g r
t r v z n e - k a k r
n a p i t r - m o u p o
t q v o t i t r p e m l e
m n c - m i p e - a m u
t q v z - n q b l q n e n e
n z y c m n e - k r d e
m n c - m i p e - a m u
m n c - m i p e - a m u
t r n z p i - k r p o ' u
n z v z k a i - k r g r
t r n z p i - k r p o ' u
m n c - m i p e - a m u
n a m n c n e - n g r g r
n z v z k a i - k r g r
t r n z p i - k r p o ' u
r m c t i - n g r g r l e
n a m n c n e - n g r g r
n a p i t r - m o u p o
t z v z - n g r
t q n g r l r p x p e k r
r m c t i - n g r g r l e
n z v z k a i - k r g r
r m c t i - n g r g r l e
n z v z - z v z b z n g
t z m w i - n g r d r
t z v z p e - k a i n g
r m c t i - n g r g r l e
n z v z - z v z b z n g
n a p i t x t r - m o p o
n z v z - z v z b z n g
n z v z - z v z b z n g
n z v z - z v z b z n g
n a m n c n e - n g r g r
n z v z - z v z b z n g
r m c t i - n g r g r l e
n z v z - z v z b z n g
n z v z - z v z b z n g
n a p i t r - m o u p o
n a m n c n e - n g r g r
t q v o t i t r p e m l e
n z d w a t r - k r d e
n z v z - z v z b z n g
n z v z - z v z b z n g
t z v z p e - k a i n g
t q v z m i t r p e b z l e
n z v z k a i - k r g r
t q k r l z - a t e b z k r
n z m w i n g r
n a b z d r
t q v z m i t r p e b z l e
r m c t i - n g r g r l e
n z v z - z v z b z n g
t q v z m i t r p e b z l e
t q v z m i t r p e b z l e
t q v z m i t r p e b z l e
t q v z m i t r p e b z l e
t q v z m i t r p e b z l e
n z w z t i - k r b z l e
t q v z m i t r p e b z l e
n z v z - z v z b z n g
t q v z m i t r p e b z l e
t q v z m i t r p e b z l e
t q v z m i t r p e b z l e
t q v z m i t r p e b z l e
t q v z m i t r p e b z l e
t q v z m i t r p e b z l e
t q v z m i t r p e b z l e
t q v z m i t r p e b z l e
t q v z m i t r p e l e n g
t q v z m i t r p e b z l e
t q v z m i t r p e l e n g
t q v z m i t r p e l e n g
t q v z m i t r p e l e n g
t q v z m i t r p e l e n g
t q v z m i t r p e b z l e
t q v z m i t r p e l e n g
t q v z m i t r p e l e n g
t q v z m i t r p e l e n g
t q v z m i t r p e b z l e
t q m w x l r p e k r
t q v z m i t r p e l e n g
n z v z - z v z b z n g
t q v z m i t r p e l e n g
t q v z m i t r p e l e n g
t q v z m i t r p e l e n g
t q v z m i t r p e l e n g
t q v z m i t r p e l e n g
t q v z m i t r p e l e n g
n z v z - z v z b z n g
t q v z m i t r p e l e n g
n z v z - z v z b z n g
t q v z m i t r p e l e n g
n a m n c n e - n g r g r
t q v z m i t r p e l e n g
n z y a p w x - k r d r
t z n g r l r k i o p e l r
n z v z - z v z b z n g
t q v z m i t r p e l e n g
n z v z k a i - k r g r
t z v z p e - k a i n g
m n c - e p e l z l e
n z l v c p e - k r d r
r m c t i - n g r g r l e
r m c t i - n g r g r l e
t z v z p e - k a i n g
n z p n a t i - k r b z m u
n z v z k a i - k r g r
t z v z p e - k a i n g
t z v z p e - k a i n g
n a p i p x - l z b q n g
t z v z p e - k a i n g
n z w z t i - k r b z l e
t z v z - n g r
n z r p i - a n i - k r m l e
t q r p n a p e - n g r m l e
t r n z p i - k r p o ' u
t z m n c t x - a l o p e n g
n z p r p x - k r d r
n z l x n g i t i - k r g r
y r n i - e b i r p e n g
y a p x - z v z k r
t z m n c t x - a l o p e n g
n a m n c - k a p q n g r
t z m n c t x - a l o p e n g
a s u m i p e b o
n a m n c - k a p q n g r
t z y c m n e - n g r p e m l r
t z m n c t x - a l o p e n g
t z v z p e - k a i n g
t q w z t i p e l e
n a m n c - k a p q n g r
t z m n c t x - a l o p e n g
t z m n c t x - a l o p e n g
t z m n c t x - a l o p e n g
t q k r l z - a t e b z k r
t q a l v c - l z b q - n g r g r
n z v z k a i - k r g r
t z k r l z p e - a t e l r
n z r p i - a n i - k r m l e
t z y c m n e - n g r p e m l r
n z m u - k r g r
n z r p i - a n i - k r m l e
t z v z p e - k a i n g
r y a p w x - z v z k r
n a m n c - k a p q n g r
n z r p i - a n i - k r m l e
n a k a t x b z l e
n z r p i - a n i - k r m l e
n z r p i - a n i - k r m l e
n z r p i - a n i - k r m l e
t z v z p e - k a i n g
t q x l r p e k r
n z w a i n e - n g r b z l r
n z t u - z v z - k r d e
r y z k r
t z m n c t x - a l o p e n g
m n c - e p e l z l e
t r n z p i - k r p l e u
n z r p i - a n i - k r m l e
t r n z p i - k r p l e u
a b r t z l v z k r
t z r t w z t i p e - k z n g
n z t u - z v z - k r d e
n a m n c - k a p q n g r
n z m w i p e - k r n g e
t q m c p e
n c t e
e s z - k r d e
n z l v c - k r m l r
t q a m a o p e
m n c - e p e l z l e
t q r l r p e - n g r m l e
n z a n g i o - k r d r
t r t q w z p e u
t q m n c - l x b l r p e k r
a b r t z l v z k r
r t a n g r t i b z
v e c l e
n z p i l z l r
t q r m c t i p e k r
n z m u - k r d r
y c - n r b a l q
t z m r g e n g
t q w z t i p e l e
t q v z p e x
t z m r g e n g
