t z x l r o p e l r
n a p i t x t r - m o p o
m z l i   k c
t q m w i - n g r g r
t q v z - n g r g r
t q m n c - n g r d e
n z w z - k r n g e
n z a b r t z n g r
n a p i t x t r - m o p o
t r m n c k r u
t r v z n e - k a k r
r k a l z m
t q n g r l r p e k r
p w x p w z
k x t q
k x k q l u
n a k i l z b z l e
t q r g l q t i k r
r p i - m o u p q l e
d r t q d e
t q r b l x t x p e
v o t r p z k r
t z m w i p e n g
n z m n c l z b z n g
n z m n c l z b z n g
t z p r p x p e n g
t z p r t r p e - k z n g
k q l u t x
k x t o p w z t i n g
m n c - m i p e - a m u
t z l v c - a t e n g
n z v z - n g r m l r
t r v z n e - k a k r
r m c t i - n g r g r l e
n z n g r l r t r n g
t q r k a l z p e m g r
n a m n c n e - n g r g r
n a m n c n e - n g r g r
n a o b q - k a p q p x
t q m n c - n g r d e
t r - r m n q u
r m c t i - n g r g r l e
t q n e p e x
n z m n c l z b z n g
n z y a p w x - k r d r
t q n g r l r p x p e k r
n a p i t r - m o u p o
n z r k a l z m q n g q
n z t w z - k r m l e
r m c t i - n g r g r l e
a m i n g r p e k r
n z y a l z - k r g r
t q m n c p e k r
t q m n c - l x b l r p e k r
n a p i t r - m o u p o
n z m n c l z b z n g
t q m n c - n g r d e
t r n z p i - k r p o ' u
t q m n c - l x b l r p e k r
t q p r t z
t z k u k i r p e l r
t q n g r l r p x p e k r
n z y a l z - k r g r
n z y a p w x - k r d r
t q y a p x p e b z
n a l i
x l r k r l e
x l r b o l e
t z t w z o p e l r
n z p r t r - k r n g e
n a m n c n e - n g r g r
n z y r m q n g
n z k r l z l r
n z y a n e - k r d r
t q m n c - l x b l r p e k r
t u t x l z m
t z v z p e - k a i n g
t q n g r l r p x p e k r
m w x l r - n g r g r
n z y a p w x - k r d r
n a - a d r v r - n g r b o
t q m r l z - n g r d e
n z v z k a i - k r g r
t z v z p e - k a i n g
n z y a g o x - k r d e
n z v z k a i - k r g r
n a p i t r - m o u p o
n z v o u n e o p e m
t q v z t r - m o p w z k r
n a m n c n e - n g r g r
r p i - m o u p q l e
t z v z p e - k a i n g
n z r l a l z - k r g r
t q v z t r - m o p w z k r
t q m r l z - n g r d e
n z v z k a i - k r g r
t q v z t r - m o p w z k r
r m c t i - n g r g r l e
n a m n c n e - n g r g r
n z v z k a i - k r g r
n z v z k a i - k r g r
n z v z d z - k r g r
t r n z p i - k r p o ' u
n z r p i l z - k r d r
m n c - m i p e - a m u
t q v z t r - m o p w z k r
n a p i t r - m o u p o
o b q b z k r
t q v o t x - n g r p w z
n a p i t r - m o u p o
r m c t i - n g r g r l e
n a p i t r - m o u p o
t q y r k r t r - a t e m
r m c t i - n g r g r l e
t q v z t r - m o p w z k r
n z x l r b z l r l e
n z v z k a i - k r g r
n a p i t r - m o u p o
m n c - m i p e - a m u
n z v z k a i - k r g r
n a p i t r - m o u p o
n z v z k a i - k r g r
t q v z t r - m o p w z k r
t q m n c - l x b l r p e k r
r m c t i - n g r g r l e
n z v z k a i - k r g r
n z m n c l z b z n g
n a m n c n e - n g r g r
t q v z t r - m o p w z k r
t r n z p i - k r p o ' u
t z n g r l r k i o p e l r
t q v z t r - m o p w z k r
n z v z k a i - k r g r
n a p i t r - m o u p o
n z v z k a i - k r g r
n z v z k a i - k r g r
n z v z k a i - k r g r
t q v o t x - n g r p w z
t z n g r l r k i o p e l r
n a p i t r - m o u p o
t z r t w z - k z n g
n z v z k a i - k r g r
t q v o t i t r p e m l e
n z v z k a i - k r g r
n a p i t r - m o u p o
n z y a p w x - k r d r
t q v z t r - m o p w z k r
n z v z k a i - k r g r
n z r p i l z - k r d r
t q v e a p e b z
n a p i t x t r - m o p o
n z e t u p e - k r n g e
k x b q n g
n a p i t r - m o u p o
t q v z t r - m o p w z k r
t z m w i - n g r d r
t r n z p i - k r p o ' u
n a k a t x b z l e
n z t a v e t r l r
m n c - m i p e - a m u
n a y a p w x t i m l e
t q y r n i p e x
k x t o p w z n e
t q t o p w z b e - n g r n e
k x n z t o p w z
m e n g a b q
t q v o t x - n g r p w z
n a n g r l r t r k i
t q o l v x t i - a t e l e
n z r k a l z m q n g q
t q m w i - n g r g r
t r m c w x u
y r k r b z k r
t q m n c - n g r g r
n a p i t x t r - m o p o
n z a t u p x - n g r m
t q a m a o p e
t q v o t i t r p e m l e
t q v z m i t r p e b z l e
n a p i t x t r - m o p o
t q o t i m l e
n a m n c n e - n g r g r
t q v z m i t r p e l e n g
t q v z t r - m o p w z k r
k x n z t o p w z
t q t o p w z b e - n g r n e
t o p w z t r
n a p i t x t r - m o p o
t r n z p i - k r p o ' u
t q v z m i t r p e b z l e
n z k a l z m l r
t r n z p i - k r p o ' u
r y a p w x - z v z k r
t z m n c t x - a l o p e n g
t q v z - n q b l q n e n e
t q p n z ' b q p e l e
t q v z m i t r p e b z l e
t q m r t u - n g r d e
n z o l v x t i - k r d e
t q v z m i t r p e l e n g
t q v z m i t r p e b z l e
t q v z m i t r p e b z l e
t q v z m i t r p e l e n g
t q v z m i t r p e l e n g
t q m n c - l x b l r p e k r
t q v z m i t r p e b z l e
t q v z m i t r p e b z l e
t q v z m i t r p e b z l e
t r n z p i - k r p o ' u
t q v z m i t r p e l e n g
t z m n c t x - a l o p e n g
t q v z m i t r p e l e n g
t q v z m i t r p e l e n g
t q v z m i t r p e l e n g
t q v z m i t r p e l e n g
t z m n c t x - a l o p e n g
n a y a p w x t i m l e
t r n z p i - k r p o ' u
t q v z m i t r p e b z l e
t q m n c - l x b l r p e k r
n z p r t r - k r n g e
t q v z m i t r p e b z l e
t q o t i t r p e m l e
t q o t i p e m l e
t q o t i m l e
t q o t i - a t e m
t z m c p x p e b z l r
t q v z - n q b l q n e n e
t q v z m i t r p e b z l e
t z m n c t x - a l o p e n g
n z m n c l z b z
t q v z - n q b l q n e n e
n z m n c l z b z
t q v z - n q b l q n e n e
n z r k a t x - k r d r
n z t u - z v z - k r d e
n z a t u p x - n g r m
r m c t i - n g r g r l e
t z m n c t x - a l o p e n g
n z s i k a p u - k r d e
t q a l v c - l z b q - n g r g r
t r n z p i - k r p o ' u
t r n z p i - k r p o ' u
o m i t x p x b z l e
t r n z p i - k r p l e u
n a m n c - k a p q n g r
t r n z p i - k r p o ' u
t r l r p r k r u
n z p r t r - k r n g e
x l r k r l e
n z r p i - a n i - k r m l e
n z r p w ' a - k r d e
n z m n c l z b z
n a m n c - k a p q n g r
m z n r y a g w e n g r l c
n z t u - z v z - k r d e
t z r y z k r n g
t q m z n r p e
d r t w r d e
n a n g r l r t r k i
n z a t u p x - n g r m
n z v z m q n g
n z m z l r p i - k r n g e
n a k a t x b z l e
n c b l o   k c
n z b z t i - l x b l r n g
t q r g l q t i k r
n z d w a t r - k r g r
n z w z - k r g r
n z w z - k r g r
n z w z - k r g r
n z d w a t r - k r g r
n z a y o n g r
t q r g l q t i k r
n z k a l z m l r
n a l i
n z w z - k r g r
n z w z - z l w z - k r g r
d r t a ' d r
n a a m i n g r t i - n g r d r
n a a m i n g r - n g r g r
t q k q l e p e b z l e
d r l z d e
n z w z - k r g r
n z w z - z l w z - k r g r
m q n g r m
t q a b r t z - z v z - n g r g r
n z w z - k r g r
t q a b r t z - z v z - n g r g r
t q a l v c - l z b q - n g r g r
t z n g r l r k i o p e l r
n z k a l z m l r
t z y r n i n e t r p e b z n g
t z s i k l u p x - n g r m l r
t q r k a l z p e - n g r m q g r
n z k a t x - k r d e
v z p x m
t q v z k i p x
t q v z n e
t q v z p e b z k r
t z m a i l z l r
m z l w e n g
e t u n e p x - z v z l e
k x e t u b z
t q e t u n e p x p e
e t u n e p x
n z m e l z - k r m l e
n z m n c l z b z
t q a c l v e x
t q v o t i t r p e m l e
t q y r n i t x p e
n z b o m - k r d e
n z a l v z t r p l r
t z r t w z t i p e - k z n g
t w z q
t q t w z o p e
e s z ' t i
e s z - k r d e
e s z ' n e
t q r k a l z p e - n g r m q g r
m r l z p e
n a - a m r l z t r - n g r b z l r
t q m r l z x
t z l v c - a t e n g
r m c t i - n g r g r
x l r k r l e
r m c t i - n g r g r l e
t z a m c t i - n g r d e
n e d e
n e g r
n e n g e
t r n z y a g o x - k r g r u
t r n z m n e t i u
n z m n e t i
t z k r l z p e - a t e l r
t q k r l z - a t e b z k r
n a b z t r k i
n a a g l q b z l r
n a a g l q p e k r
n z m n c l z b z
t q m u k r
t z m u p e - n g r d r
n u t i t x k r
y r w i t x p x l e n g
n z r n i b q n g r
t q y r k r p e
n z e t u p e - k r n g e
d r t w r g r
t q a m z n r p e l e
n z r p l a m e i t i - k r d e
n a p i l v z t i
n z m w a n g r
m r l x m q
m r l x m
n z b z - k r g r
y c t x b z
t q y c o n g r
y c t r p e n g r
t q y c n g r
y c t x o p e
t q o t i m l e
t q o t i - a t e m
n z l v c n e n g
n z l v c - k r m l r
n z a l v c - k r g r
n z l v c n e - k r d r
t z l v c l z p e - n g r d r
m r b r l z m
y a p x - z v z k r
n a r l a s z p e l r
t q m c p x b z k r
t q m c t i p e k r
m c l q
m c p x k r
t z m c t x p w z
t q m c t i a m u
t r m c p e l e u
t r n z m c p e l r u
n a m c t r
t r n z m c l r u
n z m c o m l r
n z m c p e - k z p z
t q m c - a t e k r
n z m c - k r n g e l e
k x n z y q n g
d r t q d r
y r l z t i l e
r y a p w x - z v z k r
t q e t u n e p x p e
d r t w r d r
x l r k r l e
n z o l z - k r m l e
t q r p n a l z m
n i b r g r
n z g l q l z m l r
n a a g l q b z l r
n a a g l q p e k r
n a a g l q a m u
n z g l q o l r
n a n g i
t r k r c l u u
n z l z t r - n g r d e
n a b z - n g r n
n z a b z l r
n z d w a t r - m o u - k r g r
n a p i p x - l z b q n g
n z k r l z t i
n z k r l z t r p z
k r l z l z b z k r
t r n a k r l z p q l e u
t r k r l z t r p w z u
n g r l r m i m l e
t q n g r l r p x p e m
t q n g r l r l z p e
t z y c m n e - n g r p e m l r
y c m n e p e
t z y c m n e t r p e - n g r d r
m n r g r n g
m n r g r
n a y a - p w z - t i p e x
y a p x - z v z k r
t q a b r t z - z v z - n g r g r
t a p l x s r g r
t r o p i l v z u
n a p i l v z t i
t z m a t q
k r k a ' - l e - b l r k u
t r t q w z p e u
n z w z t i - k r b z l e
r t w z t x - n r b a l q b o
t z r t w z t i n g
t w z q
t z t w z n e d r
n a r t w z o b z
t w z q
t q y r k e l v z q
t q y r k e l v z x
t q y r w i l x
n g r l r m i m l e
n z k q o - k r m
n a k q t x o m
t z l v c - a t e n g
n z w z t i - k r b z l e
n a r l x t r p z k r
n a r l x t i t x - p w z k r
t z r l x t i m l r
t q r l x t i p e b z k r
t q t a b c - z l i n e p e k r
t z y z l u p e - m o p w z n g
t q a s u p e b z
m z t r
y r l z t i l e
n g r l a p l x p x k r
n a a g l q p e k r
n a a g l q b z l r
m z l w e d e n g
l o l v z o a m u
t z l v c l z p e - n g r d r
k x b q g r n g
t r n z k q l u - k r p e p w q g r u
n z k q l u t x
y c - n r b a l q
n a y c t i p x m
n z w z t i - k r b z l e
t r n a n i b q l e u
t r t q k a p e p w q l e
t q p n z ' l e
t q r p n a l z m
t q a m z b l q p x m c
k c n g p e
t z l v c - a t e n g
y a p x - z v z k r
n a y a - p w z - t i p e x
n a m w i
t z y c m n e t r p e - n g r d r
y c m n e p e
t z y c m n e - n g r p e m l r
t z p e o n g r
t q n g r l r l z p e
t q n g r l r p x p e m
m r b r l z m
n z r m n q t x n g
t q d c - z l w z n g r
t q d c p x m
t q e t u n e p x p e
t z t u l r t r p e m
n z p l z p x - k r m a m u
m r l z p e
n a r t a n g r t i k r
t r n z y a g o x - k r g r u
t q n g r l r p x p e m
n g r l r m i m l e
t q n g r l r l z p e
n z d w a t r - m o u - k r g r
n z d w a t r - k r g r
t z k r l z p e - a t e l r
t q k r l x l z p e l e
k r l x l z p e l e
a b r t z t x p e k r
a b r t z t x - n g r g r
a b r t z t x - n g r d e
n a m z n r p e
t q m z n r l x p e
y c - n r b a l q
t r t q w z p e u
n z p n a t i - k r b z m u
n a n g r l r k i t r l r
n z n g r l r p x - k r m g r
t q n g r l r l z p e
x l r k r l e
b l e t i p x - l x b l r n g
t z l v c l z p e - n g r d r
n a i p q p x n g r
n z a b r t r - k r b z k r
w x l i k i t x p x p n z
t q w x l i k i t x p x
n z r l z - k r b z l e
n z l z t r - n g r d e
n z k a l z m l r
n a k r k a ' - z v z k u
n z k r k a ' p x - k r m l r
n z a b r t z k r
t q p n z ' l e
t q r p n a l z m
l a n g
r k a t r p q
t q y a p w x t i p e m l e
n z t e k q t r n g r
n a k a b o
t q p z l e
n a k q t x o m
n z k q o - k r m
y r l q t x - m o u x
t q t z l e
t q o p x p e - n g r d e
r p i b o
p i t x m l e
r p i b z l e
t q p i p e b z k r
r p i b z k r
t q p i p e m l e
n z r p i - k r b o
t q p i t i k r
t q r p i m l e
n z p i - k r m l r
t q r p i p e b z l e
t r p i p e ' u
p i p e b z
n z r p i b z
r p i - r d e
t q r p i l e
n z p i p x k r
t q r p i p e b o
r p i o l e
y c m n e p e
t z y c m n e t r p e - n g r d r
y r l q t x - m o u x
t z t a v e t r p e l r
n z x l r m l r
n z m e i t r p z
m e i t x t a t x p x
t q m e i t i o
t q a m e i b z k r
n a a g l q p e k r
n z g l q o l r
r g l q k r
n z d w a t r - k r g r
n z a b r t z k r
n a y a p w x t i b o
n z p n z ' p e m
t q p n z ' l e
t q r p n a l z m
p n z ' t x d e
t q r p n z ' p e b z
n z a p r e s i n - n g r
p r o t x k r
t q p r t r p e b z k r
t r k q o p q l e u
t r t q w z p e u
t z t a v e t r l r
t z y c m n e t r p e - n g r d r
n z y c m n e - k r m
t z y c m n e - n g r p e m l r
m z l e d e n g
t q n g r l x o p e
k x n g r l x o b z l e
n g r l x t x o
n z a b r t z k r
n z r b o m k r
t z l z t r
n z l z
t z l z t i t r
n z r l z - k r b z l e
l z o k r
n a m w i
b o o n g r
n z k a t x - k r b z l e
n z r k a b z
n a k a m l e
n z k a t x p x - k r b z l e
k a o m a m u
r k a t x m
t r k q o p q l e u
k q l e p e l e
r k a t r p q
t q a m i n g r - n g r g r
r p w a ' - n g r b z
n z r p w a ' - n g r b z l r
r p w a ' - n g r b o
n z n g q t i t x p w z
n a n g q t x k r
n a n g q n a m u
t q n g q p e l e n g
n z a l v z t i n g
o b q p x k r
n z o b q p x b z
k x n z s i k l u
t q s i k l u b e - n g r n e
t r t r k a - z l w z p w z u
n a p i p x - l z b q n g
m n q t i p e l e
t z p n a t i b z l r
t q k a p u t r - n g r b z
y a p x - z v z k r
n a y a - p w z - t i p e x
n z y a - z v z n g
y a n e - z v z k r
n g r l a p l x p x k r
d r l z d r n g
m r t u p e
n z r l z - k r b z l e
n z l z t r - n g r d e
n z n u r d e
t q y r m
n z y r m
t q r y r - n g r n e
t q r y r n g e
t q m a l e l e
t q r b l x t i l e
r b l x t x p e l e
n a r l x t i t x p o
n z w z t i - k r b z l e
t q p r k i l z m
t z k r l z p e - a t e l r
d r t w r n g e l e
a w i t x p e
y o l x o m a m u
s e k a e n t x k r
t q y r k r p x k r
t q y r k r p e n g r
y r k r t x o
t a g l c t x d e
n a r l r - n g r m e
t r r l r - n g r p l e u
t q r l r p e - n g r m l e
t z t a v e t r l r
t q y r p l a t r n g r
y r p l a b r t q p e
m n c t x o p w z
n z m n c l z b z
t z m n c t x p e n g
n a m n c - n g r g r
m n c t i o m g r
m n c t x p e
m n c p w z k r
t q m n c - k a p q n g r
m n c t i t x p w z k r
t r n z m n c p e u
m n c t x d e
t q m n c t x p w z k r
n z m n c t x p e p w z
n a m n c - k a p q l z - n g r m a m u
y r k r p x b z l e
t q y r k r p e n g r
y r k r t x o
n g r l r m i m l e
t q n g r l r l z p e
t q p r t r p e b z k r
n z a n i t x p w z
n z a n i t x p w z n g
t q y r p u t i p x p e
t q y r p u p x
t q n g r l r p x p e m
n g r l r m i m l e
y r l q t x - m o u x
n z p n a t i - k r g r
n z r p n a k i p x n g r
n z p n a t i l r
n z p n a t i - k r b z m u
t r t z r p n a p e u
n z r p n a n e o p e - k r m l r
t q a m a - a t e k r
n a y a p w x t i b o
t z y a p w x t i p e b z l r
o b q p x k r
y r k r p x b z l e
t q a l v c - l z b q - n g r g r
t z k r l z p e - a t e l r
t z l v a b e t r p e b z
n z p n u t i t x
n z a w i t x m
a w i t x p e
a w i t x - n g r b z k r
t q a w i p e b z k r
w a i p n z ' l e
t q w a i k i
n z w a i n e - n g r b z l r
n z y o l x o m l r
t z y a p w x t i p e b z l r
n a y a p w x t i b o
r k a t r p q
t q w x b u p x - n g r m
t z p r t r - m o p w q
p r c k r
t q p r t r p e b z k r
p r o t x k r
n a m a p u p e b z l e
n z o l z - k r m l e
n z l x p l z t x
r m a l e
y a p x - z v z k r
n a y a - p w z - t i p e x
y a n e - z v z k r
y a p x - z v z k r
n a y a - p w z - t i p e x
y a n e - z v z k r
k x n z t o p w z
a n g c t i k r
t z a n g c p e l r
n a o k a t r - n g r d e
n a o k a t r p q l r
n z o b q - k a p q k r
n z d w a t r - k r d e
p i p x - l z b q
n a p i p x - l z b q n g
t q a m z b l q t x p x p e m c
n z a m z b l q p x - k r m c
n z w a i n e - n g r b z l r
n a r y z k r - n g r g r
r k a t r p q
n z a n g i o - k r g u
t q p r t r p e b z k r
p r o t x k r
o b q k i m c
o b q t r p z
n a y a p w x t i b o
n a a g l q b z l r
n a a g l q p e k r
n z g l q o l r
r g l q k r
