t q m c t i a m u
r p w a ' - n g r b o
t r k r c l u u
n z a n i t x p w z
m r t u t x
t z r t w z t i n g
t q v z p e b o
n z v z b a t r - k r b z l r
t q y r k e l v z x
t z m w i p x - n g r m l r
n z n g r l r p x - k r m g r
m e i t x t a t x p x
t q p r k i l z m
d r t w r n g e l e
n z g l q l z m l r
n a i p q p x n g r
y c t x o p e
t q y c o n g r
t q o t i t r p e m l e
t q w x b u p x - n g r m
t z s i k l u p x - n g r m l r
t q w a i k i
k x k q l u
t q a b r t z - z v z - n g r g r
n z k a t x - k r b z l e
t z y c m n e t r p e - n g r d r
n z r p i - a n i - k r m l e
t q t z l e
n z r p i - a n i - k r m l e
t q t o p w z b e - n g r n e
n e g u n g
n e m u n g
e t u n e p x - z v z l e
t r m c w x u
k r l z p e k r
n z o l v x t i - k r d e
k x t o p w z t i n g
t q v z t r - m o p w z k r
t q v z m i t r p e b z l e
n z a b r t z - z v z n g r
t q n g r l r p x p e m
t r n z p i - k r p o ' u
t q v z m i t r p e b z l e
t r n z p i - k r p o ' u
m c p z
t z k r l z p e - a t e l r
t q v z t r - m o p w z k r
n z r l z - k r b z l e
y o l x o m a m u
t z p n z - l z b q n g r
n z p r t r - k r n g e
n a r l z
t q v z m i t r p e b z l e
t q v z - n q b l q n e n e
s c d r
t q r p n a l z m
t q v z m i t r p e b z l e
n z t w z - k r m l e
n z n g r l r t r n g
t r n z p i - k r p l e u
t q v z - n q b l q n e n e
t q v z - n q b l q n e n e
x l r m l e
n z a t u p x - n g r m
t o p w z t r
t q m w i - n g r g r
n z d w a t r - k r g r
t z l v c - a t e n g
r m c t i - n g r g r l e
t z n g r l r k i o p e l r
n z a t u p x - n g r m
m n c - e p e l z l e
n z v z - z v z b z n g
t q m r b r
t q v o t i t r p e m l e
n a p i t x t r - m o p o
n a y a p w x t i m l e
n z b z - k r g r
t z l v c - a t e n g
n z v z - z v z b z n g
n z v z - k r n g e
n z v z - k r n g e
t z v z k i n e d r
n z r p i l z - k r d r
t z v z - a t e n g
t q d w a p l r k r n g
t r v z k r u
n a p i t r - m o u p o
n a p i t r - m o u p o
n a p i t r - m o u p o
t q p i b z
n z w z t i - k r b z l e
m n c - e p e l z l e
t q w z t i p e l e
m w x l r t i - z l w z k r
n z w z - k r n g e
n a r l z
m n c - e p e l z l e
t q p i b z
m n c - e p e l z l e
r y a p w x - z v z k r
t q p i b z
n z y a l z - k r g r
n z r l z n g
t q y a g o x p e
n a p i b z k u
r p i - r d e
t q v e a p e
t z x l r o p e l r
m n c l v z r n g r
t z v z n e p e n g
n z m z l r p i - k r n g e
n z v z n e p e l r
t q w z t i p e l e
n z r m c t i l r
t z v z p x p e b z n g
n z v z p e - k r d r
t q w a i p e x
n z v z p e - k r d r
t q m n c
t z v z o p e n g
t q v z - n g r g r
n z r m c t i l r
t z v z o p e n g
n z r m c t i l r
t z v z o p e n g
t z v z o p e n g
t z x l r o p e l r
n z m c
t q v z p e m g r
v z t r n g r
n z v z - k z n g
t q m n c - n g r d e
n z r p i b z l r
r p i - m o u p q l e
t q k r l z p e l e
t z v z o p e n g
n z r p i b z l r
t q v z p e m g r
t q r p i b z l e
n z r p i b z l r
t q v z p e m g r
t q v z p e m g r
t z v z o p e n g
n z v z - k z n g
t w z l e
k x g l r
t z v z o p e n g
t q r p i b z l e
v z t r n g r
n z v z - k z n g
v z t r n g r
n z v z - k z n g
r p i - m o u p q l e
n z v z - k z n g
n z v z - k z n g
t q p i b z
t q m c p e k r
t q r p i b z l e
n z v z - k z n g
n a p i b z k u
t q r p i b z l e
n z v z - k r b z k r
t q m w i t x p e
t q t u n e p w z
n z v z - k r b z k r
d r k a ' n g
t q v z t x p e
n z w z - z l w z - k r g r
m n c l z - n g r m
t z v z o p e n g
n z v z - k r b z k r
t q r m c t i p e k r
n z r m c t i l r
n z v z p x n g
t r k r l z w x u
t q m n c
t z v z k i n e d r
n z v z p x n g
t q d c
n z v z p x n g
n z v z k i o l r
t z l v c m l r
n a p i b z k u
k x n z t o p w z
t q p i p e b z l e
n z v z - n g r m l r
t z k r l z p e
t z v z o p e n g
n z v z - k z n g
t q v z p e x
n z r m c t i l r
d w a t x t r x
p n z ' b z l e
n z v z - k z n g
t q r p i b z l e
k c m a n g
v z t r n g r
t z r p i p e m
t q r p i p e x
n a v z m i b z l e
t q r m c t i p e k r
y r l z t i l e
n z v z t r n g
n z v z p x n g
n z v z b z n g
n a m n c t x p o
n z v z b z n g
n z v z b z n g
n z v z b z n g
n a v z m i b z l e
n a v z m i b z l e
n z v z k i l r
d w a l z m g r
t q v z p e - k z x
n z r m c t i l r
n z v z b z n g
n z v z b z n g
n z v z b z n g
x l r b z l e
d w a l z m g r
n z v z b z n g
r m c t i p e k r
y r l q t x b o
n a k q t x o m
t q v z p e x
n z t u n g r
m e l z m c
v z t r n g r
n z d w a o n g r
t q m c p e l e
n a p i b z k u
d w a l z m g r
n z t a v e t r
k r l z m g r
t z m w x l r n g
r p i o b z l e
t q r p i p e x
t q r p i p e x
t z v z o p e n g
r m c t i p e k r
n z p n a n g
n z v z - n g r m l r
t z l v c m l r
n a p i b z k u
n a v z m i b z l e
t z v z o p e n g
v z t r n g r
n z v z k i l r
k r l z m g r
