t r t e n g e
k x b q n g
k x p r k i
t q v z p e - k z x
m w x l r t i - z l w z k r
t a g l c t x d e
t q m r l z p e
k x l r p r
a b r t z l v z k r
t z p r t r p e - k z n g
t z n g r l r k i o p e l r
t z - z p q t r n g
a b r t z t x p e k r
n z n u r d e
n a - a m r l z t r - n g r b z l r
r m c t i - n g r g r l e
n z a l v z t r p l r
n z m n c - l x b l r - k r g r
t q y a g o x p e
t q v z m i t r p e l e n g
t q o l v x t i - a t e l e
n z p i - k r m l r
t r n z p i - k r p o ' u
n z p r p x k r
m n c t i t x p w z k r
m n c p w z k r
n z k a t x p x - k r b z l e
n g r l x t x o
r m c t i - n g r g r l e
e s z - k r d e
t r d o u
n a r l a s z p e l r
y r k r b z k r
t r t r k a - z l w z p w z u
t q v z m i t r p e l e n g
t q n g q p e l e n g
t q v z m i t r p e b z l e
t q r p n z ' p e b z
n a r b o m p e n g
t q v z m i t r p e l e n g
t q v z m i t r p e l e n g
n a p i l v z t i
n a a g l q p e k r
v z - n q b l q m
t q v z p e - m o u k u
v z p e - k a i p
t z y r n i n e t r p e b z n g
t r k r l z t r p w z u
t q y r p l a t r n g r
k x n z s i k l u
t q t o p w z b e - n g r n e
r k a t r p q
a t u l z n g r
t u t i p x - n g r m
t q v z m i t r p e l e n g
m n c l v z r n g r
t q v z m i t r p e l e n g
n z v z - z v z b z n g
t q a m i n g r - n g r g r
t q a l v c - l z b q - n g r g r
t z t w z n e d r
p i p e b z
r p i o l e
d r t w r g r
l c d e p w z
n z m c - k r n g e l e
t q v z m i t r p e b z l e
r m c t i - n g r g r l e
v z m i m q
n e g u n g
t z y z l u p e - m o p w z n g
t r n z p i - k r p o ' u
n a y a p w x t i b o
t q v z p e x
t q a l v c - l z b q - n g r g r
r k a t r p q
n z p l z p x - k r m a m u
v z m i m q
n z p n a t i - k r b z m u
t q v z m i t r p e b z l e
a n g c t i k r
t q l x n g i t i - a t e x
n a o b q - k a p q p x
r k a t r p q
t q a l v c - l z b q - n g r g r
v z m i m q
t q v z m i t r p e b z l e
t q v z m i t r p e l e n g
y a n e - z v z k r
n a y a - p w z - t i p e x
t q v z m i t r p e b z l e
t q a m e i b z k r
t z k r l z p e - a t e l r
n a a m i n g r - n g r g r
k r k a ' - l e - b l r k u
n z a b z l r
y a n e - z v z k r
n a y a - p w z - t i p e x
n a y a - p w z - t i p e x
t q v z m i t r p e b z l e
v z x
m c l x
m c l x
m c l x
m c l x
m c l x
v z t x
n z v z
v z m i m q
v z m i m q
v z m i m q
n z v z
v z m i m q
v z m i m q
n z v z
v z m i m q
v z m i m q
v z m i m q
n e d r
m c p o
v o k r
o t i b z
m c p o
o t i l e
m c t x m
r p i l e
n z m c p x
n a m w i
n a v z n g
t r t e d e
n a r l z
n z r p i m
n a v z b z
m c p x m
o t i b z
m c p x m
v z t r l e
v z t r l e
v z t r l e
m n c p e x
v z t r l e
v z t r l e
v z t r l e
v z t r l e
v z t r l e
v z t r l e
t q m c p e
m c t r k r
t q p i m e
n a v z b z
m n c p e x
n a v z b z
m n c p e x
t q p i b z
n z m c p x
t q p i b z
v z t r l e
d r l z d e
v z t r l e
r m c t i l e
n z m c p x
m c l z k r
m c l x n g
m c l z k r
t q p i b z
t q p i b z
m c l x n g
t q p i b z
n z r p i l r
w z t r p o
n e n g e n g
t q m c p e x
w z t r p o
n z r p i l r
t q v z b o
t z v z p e
t q v z b o
m c l x n g
n z r p i b z
m c l x n g
n z m c t r
v z m i o l e
n z r p i b z
t q v z b o
v z m i o l e
m c l x n g
n z m c k r
t q m n c
t q p i b z
v z m i o l e
w z t r p o
m c l x n g
m c l z k r
n z m c k r
n a k a b z
m c l x n g
t q p i b z
t q d c
y z l u m l e
n z r p i b z
o b q p x k r
n z m c k r
t q a s u p e
n z m c t r
n z y r l q
t u t x l z m
n z m c t r
t q m e i p x
y r n i t x
t q p i b z
t q v o b e
n z v z k i l r
n e d r n g
v z t r n g r
n z v z b z n g
t r s u k a
t q v z p e m g r
n z r p i m
v z m i o l e
n z v z k i l r
n z r p i b z
n z v z p e n g
t q v z b o
k x t o p w z
m n c t i k r
n z r p i b z
v z t r n g r
v z t r n g r
v z m i o l e
t q v z p e m
t q v z p e m
v z m i o l e
t q v z p e m
d w a t r k r
v z t r n g r
m n c t i k r
t q v z p x p e
n z v z - k r m
n z r p i b z
t q p i p e m
m w i t x k r
v z t r n g r
v z m i o l e
n z r p i m l r
t q v z p x p e
n z v z p x n g
v z m i o l e
n z v z p x n g
n z r p i m l r
n z v z p x n g
