p n z ' b z l e
n z v z - k z n g
n z r p i b z l r
t q v z p e x
n z r p i b z l r
t q r p i b z l e
n z v z p e - k r d r
t q v z p e - k z x
n a p i b z k u
t q v z p e - k z x
m w x l r t i - z l w z k r
t z l v c m l r
n z v z - k z n g
t q r m c t i p e k r
n z w z k r
t q r m c t i p e k r
t q m c p e l e
t q v z p e b z
t q v z p e - k z x
n z v z - k z n g
n z v z - k z n g
t q r p i b z l e
t q m c p e l e
t q v z p e - k z x
t q v z p e x
t q m c p e l e
n z v z - k z n g
t q r p i b z l e
t z v z - n g r
n z t u n g r
r g l q p x k r
n z v z - k z n g
t q r p i p e x
t q m c p e l e
n z v z p x n g
n z v z p x n g
n z v z b z n g
t q m c p e l e
n z v z b z n g
k r l z m g r
t q m c p e l e
n a w r k x t r
t q m c p e l e
r m c t i p e k r
n z v z p x n g
n z v z p x n g
n z v z - k z n g
n z v z p x n g
t z v z - n g r
t z v z - n g r
n z v z p x n g
n z v z p x n g
n z a l v z t r l r
t q r p i b z l e
n e m u n g
n e g u n g
n z v z p x n g
t q v z p e m g r
r m c t i p e k r
n z v z p x n g
n z v z p x n g
n z v z p x n g
n z v z p x n g
n z r m c t i l r
n z v z - k z n g
y r l q t x b o
d w a l z m g r
n z v z p e n g
r p i o b z l e
t q p i b z k r
n z w z k r
n z v z k i l r
n z v z k i l r
n z v z p e n g
n z v z p e n g
t q v z p e x
t q v z p e - k z x
n z v z b z n g
n z v z k i o l r
t q m c p e x
n z v z b z n g
r g l q p x k r
n z v z p e n g
n z v z p x n g
n z v z p e n g
n z r m c t i l r
n z v z b z n g
r p i o b z l e
t z v z - n g r
t q m c p e x
n z v z b z n g
n z v z b z n g
n z v z b z n g
n z v z b z n g
r p i o b z l e
n z v z k i l r
t z v z - n g r
n z v z p x n g
t z v z - n g r
t z v z - n g r
n z n g r l r t r n g
t q v z p e m g r
n z v z k i l r
n z v z k i l r
n z v z k i l r
n z v z p x n g
t z v z - n g r
n z v z k i l r
n z r l z n g
t z v z - n g r
n z v z k i l r
t q k r l z p e l e
n z v z k i l r
n z v z p x n g
n z v z k i l r
t q m c p e x
t q m c p e x
n z l v c k r
y r k r t x o
m c p z
t q m c p e x
t q p n z ' l e
n z w z t r n g
p r o t x k r
n z t a v e t r
t q p i b z k r
n z v z b z n g
t q v z m i t r p e b z l e
v z t r n g r
t q v z m i t r p e b z l e
o t i b z l e
n z a b z o l r
n z t u n g r
y r l z t i l e
t q v z p e b z
n z v z d z m q n g
t q v z m i t r p e b z l e
v z t r n g r
t q t z l e
k x l r p r
t r k r l z w x u
n z v z - k r b o
y r l q b z l e
v z p x b z k r
n z v z - k r b o
v z p x b z k r
n z v z - k r b o
v z t r n g r
v z t r n g r
n z r p i m l r
k x n z t o p w z
n z t u n g r
v z t r n g r
r p i o b z l e
t q r p i p e x
v z t r n g r
v z t r n g r
y c m n e p e
y c m n e p e
v z t r n g r
v z t r n g r
n a p i b z k u
r d r n g
v z t r n g r
t q v z p e b z
t q v z p e b z
t q v z p e b z
y a p x - z v z k r
t q v z p e b z
t q v z p e b z
t q v z p e b z
t q v z p e b z
n z t u n g r
t q v z p e b z
t q v z p e b z
n z m n c k r
t q r p i p e x
t q t u n e p w z
v z k i m l e
v z t r n g r
n z v z p x n g
o b q p x k r
n a p i b z k u
v z k i m l e
v z k i m l e
r m c t i p e k r
n z p i l z l r
v z k i m l e
t q m c p e x
r k a l z m
t q m e i p x
n z v z - k z n g
t r n z p i - k r p o ' u
n z r p i m l r
t z v z - n g r
v z t r n g r
t z v z - n g r
v z t r n g r
v z p x b z k r
v z p x b z k r
t q r p i p e x
n z r p i m l r
n z r p i m l r
d w a t r k r
n z r p i m l r
r p i o b z l e
n z v z - k r b o
t q r p i p e x
n z r p i m l r
n a r l z
n z r p i m l r
n z v z - k r b o
n z v z p e n g
v z p x b z k r
n z v z p e n g
n z r m c t i l r
v z p x b z k r
n z v z p e n g
v z p x b z k r
r m c t i p e k r
n z v z p e n g
n z k q o - k r m
n z v z p e n g
v z p x b z k r
b z t i p e d e
d w a t r k r
n z v z - k r b o
n z v z - k r b o
n z v z - k r b o
n z m c k r
n z v z p x n g
t q v z p x p e
t q v z p x p e
n z v z - k r b o
n z v z - k r b o
n z r p i m l r
t q v z p x p e
n z v z - k r b o
m c l x n g
r m c t i l e
n z r p i b z
n z v z b z n g
t q r y r - n g r n e
d w a l z m g r
n z v z b z n g
t q v z t x p e
t q r p i b z l e
l c d e p w z
t z k r l z p e
n z v z p e n g
m w i t x k r
t q r p i p e x
n z m c k r
r m c t i l e
t q v z p e b z
x l r b z l e
n z r m c t i l r
n z r m c t i l r
t q v z p x p e
t z v z - n g r
t q v z p x p e
r m c t i l e
t q v z p x p e
k x t o p w z
v z k i m l e
k r l z m l e
t q t w z p e
n z r p i b z
m c l x n g
r m c t i l e
r m c t i l e
t q m c p e x
t q r p i p e x
n z r p i b z
n z m c k r
m c l x n g
t q r p i p e x
n z r p i b z
a t u l z n g r
n z r p i b z
n z r p i b z
x l r m l e
t q r p i p e x
n z r p i l r
t q a s u p e
m c l x n g
t q a m a p e
d w a t r k r
m c l x n g
n z m c k r
n z r p i l r
t u p x m
k c m a n g
t r t e n g e
m c l z k r
m c l z k r
n a y r k r t x
m c l z k r
n z p n z '
n z m c k r
d w a t r k r
d w a t r k r
n z m c k r
v z p x b z k r
n z r m c t i l r
n z v z - k r m
n a r l z
n z v z - k r m
t q m r b r
a l v z t r l e
v z m i o l e
p i b z l e
n z v z - k r m
t q v z b e
n z v z - k r m
n z v z - k r m
n z v z - k r m
n z v z - k r m
n a v z n g
n z m c k r
m c l x n g
m c l z k r
n z l v c n g
t q p i b o
m c l x n g
m c l z k r
t q v e a p e
n z r p i b z
v z m i o l e
m c l z k r
n a v z n g
n a v z n g
n a v z n g
n a k a b z
x l r k r l e
m c l z k r
n a v z n g
m c l x n g
t q m n c
y z l u m l e
v z t r l e
n z v z - k r m
n a v z n g
n a v z n g
n a v z n g
n a v z b z
n a v z n g
n z v z n g
m z l i   k c
n a v z n g
m n c p e x
p i b z l e
n z m c p x
t q v z p e
t q v z p e
t q v z p e
t q v z p e
n a v z b z
t q v z p e
t u n e p w z
t q v z t r p e
t q v z p e
v z p x b z k r
t q v z p e
t u n e p w z
n a v z b z
t q v z p e
t q v z p e
t q v z p e
n a v z b z
m n c t i k r
t z v z p e
v z t r l e
t z v z p e
n a v z b z
v z t r l e
t z v z p e
t z v z p e
v z t r l e
t z v z p e
t q v z p e
v z t r l e
n z r p i l r
n a v z b z
t z v z p e
t z v z p e
t q m n c
t z v z p e
t z v z p e
n z v z - k r m
m c l x n g
n z v z - k r m
n z r p i l r
n a v z b z
v z t r l e
t q a s u p e
v z t r l e
n a m c l e
n z r p i l r
t q v o b e
t w z t r k r
m n c p e x
m c t r k r
v z t r l e
m n c p e x
n z m c p x
v z t r l e
w z t r p o
m n c p e x
m n c p e x
n z m c p x
x l r k r l e
p i b z l e
n a m c k r
m n c p e x
w z t r p o
n z m c p x
n z m c p x
m n c p e x
t q p i b z
t q m n c
v z t r l e
n z m c p x
w z t r p o
t q p i b z
t q p i b z
v z t r l e
t z v z p e
n z p n a n g
t z v z p e
n z r p i b z l r
v z t r l e
n z m c t r
n z m c t r
m n c t i k r
n z m c t r
v z t r l e
t u t x l z m
t q p i m e
v z t r l e
t q p i m e
v z m i o l e
n z m c p x
v z p e m
v z p e m
v z p e m
n z m c p x
n z m c k r
v z p e m
n z m c p x
v z p e m
n a r p n z '
n z r p i m
v z t r l e
t q m n c
n z r p i m
t r s u k a
w z t r p o
t q p i m e
p i b z l e
n z r p i m
t z v z p e
t z v z p e
t z v z p e
t z v z p e
t q p i m e
v z t r l e
t z v z p e
m r b r t x
n z n g i k r
y r n i t x
t q p i m e
k x g l r
t q b z p e
m r l x m q
t q v o b e
o t i l e
t q m c p e
t u n e p w z
o t i b z
t q p i b z
t w z t x p o
m c t r k r
x l r k r l e
m c t r k r
v z p e m
v z p e m
a e l w a p x
y r n i t x
m c o m q
t u n e p w z
m c t r k r
v z p e m
t q m n c
t q v z p e
t q v z p e
t q p i b z
n a v z b z
v z p e m
o t i l e
k x y r l z
v z p e m
r p i l e
v z p e m
m c t r k r
m c t r k r
m c t r k r
v z p e m
v z p e m
v z p e m
r p i l e
v z b z
m c t r k r
r p i l e
v z p e m
n e n g e n g
n z m c t r
m c t x m
m c t x m
r p i l e
m c t x m
k x e t u
m c t x m
m c t x m
v z p e m
n z r p i l r
v z - z v z x
t r t e d e
v z t r l e
m c p o
n z m c t r
t q t u l z
v z p e m
e t u t x
v z p e m
n z m c t r
m c p o
r p i l e
v z m i o l e
v z m i o l e
v z p e m
v z m i o l e
v z m i o l e
v z m i o l e
v z m i o l e
v z m i o l e
n z m c k r
v z m i o l e
o t i m
n z m c k r
t q p i m e
m w i t x
v o m l e
o t i m
t q p i m e
v z m i m q
n e d r n g
t q p i b z
n z v z - k r m
o t i b z
n z v z - k r m
t q t u l z
v o m l e
m c l x
m c l x
k c m a
n z v z - k r m
t q p i m e
m c l x
v z t x
m c l x
m c p o
m z k e '
n z v z - k r m
m c l x
m c l x
n z v z - k r m
t u p x m
n z v z
m c p o
n z v z
n z v z
n z v z
n z v z
n z v z
n z v z
n z v z
m c p x m
m r t u t x
n z v z - k r m
m c p x m
n z v z
m c p x m
t r s u k a
n z v z
m c p o
m c p o
m c p x m
m c p x m
t q t u l z
v z t x
o t i b z
n a m w i
m c p x m
m c l x
n a n g i
v z m i m q
v z m i m q
m c l x
v z m i m q
t q t u l z
m c p o
r p i - m o p w z
t u p x m
t w z q
y c p x
m c l x
m c t x m
n z v z
m c p x m
t q a b r t z - z v z - n g r g r
t q t u l z
m c p o
n z v z
t u p x m
n z v z
k x p l c
n z v z
n z v z
n z v z
t u p x m
n z v z
n z v z
v o k r
m c t x m
m c l x
t q m z b l q p x m
m c t x m
m c l x
m c l x
n e d r
v o k r
m c t x m
m c t x m
t q p r k i l z m
t q v o t i t r p e m l e
t z v z o p e n g
t z v z o p e n g
n a p i t r - m o u p o
t z v z o p e n g
v z m i m q
t z v z - a t e n g
v z t x
v z m i m q
v z m i m q
v z m i m q
v z m i m q
v z t x
n z v z
v z m i m q
v z m i m q
v z t x
v z m i m q
v z m i m q
v z t x
t q a s u p e
v z t x
v z t x
t q d c
t z v z o p e n g
t z v z o p e n g
t z v z o p e n g
t z v z o p e n g
t q v z p e m
t z v z o p e n g
t q v z p e m
t q v z p e m
t q v z p e m
t q v z p e m
t q v z p e m
t q v z p e m
t q v z p e m
t z v z o p e n g
t z v z o p e n g
t q v z p e m
t q v z p e m
t q v z p e m
t q v z p e m
t q v z p e m
v z - z v z x
t q p i p e m
v z t x
t q p i p e m
v z t x
t q v z p x p e
v z - z v z x
t q v z p x p e
t q v z p x p e
v z - z v z x
v z - z v z x
v z - z v z x
v z - z v z x
v z - z v z x
v z - z v z x
v z - z v z x
v z - z v z x
v z - z v z x
n z a n g i o
t q p i p e m
t q p i p e m
t q p i p e m
t z v z o p e n g
n a v z n g
t q p i b z
t q v z p x p e
t q t u p x m
t q v o b e
t q p i p e m
t q p i b z
t q v z b o
t q v z b o
t q v z b o
t z r p i p e m
t q t u p x m
t q v z b o
t q v z b o
t q t u p x m
t q v z b o
t q v z b o
t q v z b o
t q n g i
t q v z b o
t q v z p e m
t q v z p e m
t q v z p e m
t q v z b o
t q v z b o
t z v z o p e n g
t q p i b z
v z x
v z x
v z x
v z x
v z x
v z x
v z x
v z x
v z x
v z x
v z x
