y a n e - z v z k r
n z n g i k r
t q v z p e - k z x
n z m w i p e - k r n g e
n z y a p w x - k r d r
t q y r n i p e x
n z w z - z l w z - k r g r
t q v o t i t r p e m l e
r y a p w x - z v z k r
n z r l x t i - k r b z
n a o p e k r
t z r t a n g r p e
n z y a p w x - k r d r
k x e t u
t r y c m n e - k a k r
n a y a - p w z - t i p e x
t q m u - n g r g r
n a y a p w x t i m l e
n z y a p w x - k r g r
t z m n c t x - a l o p e n g
v o t r p z k r
v o t r p z k r
n z m u - k r d r
t q v o t x - n g r p w z
b z a m u
t z m n c t x - a l o p e n g
t q v o t x - n g r p w z
t q n g r l r l z p e
a b r t z l v z k r
t q m n c - l x b l r p e k r
t q k r l z - a t e b z k r
t q v o t x - n g r p w z
n z b z - k r g r
n a l i
t q v z m i t r p e b z l e
t q v z m i t r p e b z l e
t q v z m i t r p e b z l e
t q v z m i t r p e b z l e
t q v z m i t r p e l e n g
n z w z t i - k r b z l e
n z r p i - a n i - k r m l e
n g r l r m i m l e
t z m n c - n g r d r
r k a t r p q
n a m n c - k a p q n g r
n z m u - k r g r
t q p r t r p e b z k r
t q v z t r - m o p w z k r
n z m c t x p w z
n z v z k a i - k r g r
t q m w a p e
t q v z m i t r p e b z l e
t u t i p x - n g r m
n z v z k a i - k r g r
n a p i t r - m o u p o
n z v z k i o l r
r p i - m o u p q l e
n z v z k i o l r
n z y c m n e - k r n g e
r m c t i p e k r
r p i - m o u p q l e
r p i - m o u p q l e
r m c t i p e k r
r p i - m o u p q l e
n z v z k i o l r
n z v z - z v z b z n g
t z v z p x p e b z n g
t z v z p x p e b z n g
v o t r p z k r
r m c t i p e k r
t q m n c - n g r d e
t z v z p e - k a i n g
t q p i p e b z l e
t q m n c - n g r d e
t q m n c - n g r d e
r m c t i p e k r
n z m c t x p w z
n z v z - n g r m l r
n z v z k i o l r
r m c t i p e k r
n z r p i m
m n c l z - n g r m
n z r p i m
n a v z m i b z l e
n z v z p e - k r d r
n z v z - k r b z k r
t q v z p e m g r
t q v z p e m g r
n z v z - k r n g e
r m c t i p e k r
t q v z p e m g r
n z v z p e - k r d r
n z v z p x b z n g
t r v z n e - k a k r
n a v z m i b z l e
t r v z n e - k a k r
t z v z n e p e n g
t q v z p e m g r
t r v z n e - k a k r
n a v z m i b z l e
t q m c p e x
t q v z - n g r g r
t q v z - n g r g r
n z v z p x b z n g
n z v z p x b z n g
n z v z - k r n g e
n z v z - k r b z k r
k r l z m g r
n a m n c t x p o
v o t r p z k r
n z m r l z k r
t z v z k i n e d r
n z v z n e p e l r
n z v z - k z n g
n z v z n e p e l r
n z v z - k z n g
t q t u n e p w z
t q m c p e x
n z v z - k z n g
n z v z n e p e l r
n z v z n e p e l r
n z v z - k r b o
n a p i b z k u
n z v z - k r b o
x l r k r
v z m i o l e
n z v z - k r b o
t q v o b e
r p i o b z l e
t q v z p x p e
n z v z b z n g
n z v z b z n g
n z v z b z n g
n z v z b z n g
n z v z p e n g
v z k i m l e
m c l z k r
t z v z - n g r
n z v z k i l r
n z v z k i l r
t q v z p e b z
n z v z k i l r
n z m c t r
n z v z p e n g
t q p i b z k r
v z t r n g r
v z t r n g r
t q t u l z
v z t r l e
t q v z p e m
v z t r l e
t q n g i
v z - z v z x
t q v z p e m
t q m n c
t q v z p e m
n z m n c k r
n z w z k r
m n c p e x
t q p i b z
n z y c m n e
n a v z n g
n a v z n g
o t i l e
t z v z p e
t q v z p e
n a v z b z
t q v z b o
t q p i b z
v z m i m q
v z m i m q
v z m i m q
v z m i m q
v z m i m q
m c t x m
t q m n c
m c t x m
m c p x m
m c p x m
m c p o
m c p o
m c l x
n z v z
v z t x
v z t x
n z v z
v z x
v z x
v z x
t z l v c l z p e - n g r d r
n z r m n q t x n g
x l r b z l e
n a - a e n z l i m g r
y r l z o
t q n g r l r p x p e m
t q n g r l r p x p e k r
t q o t i - a t e m
n z y c t i k r
n z t u - z v z - k r d e
n z t e k q t r n g r
m n c l v z r n g r
m n c l v z r n g r
t q r p w a ' - n g r b z m e
v o m l e
n z b z t i - l x b l r n g
b z t i p e d e
n z a y o n e p e - k r d r
t r t e d r
t r t e g r
t r t e g r n g
a t u l z n g r
t q t u p x m
n z t u n g r
t r n z p i - k r p o ' u
n z r p i b z
n a p i t x t r - m o p o
t q n g r l r p x p e m
t q n g r l r p x p e k r
t z m u p e - n g r d r
p x i q t x n e
n z l v c n e - k r d r
t z l v c m l r
t z l v c n e n g
t z l v c m q n g
n z a l v c - k r g r
t z l v c l z p e - n g r d r
n z m c p x
x l r k r
k c m a
k c m a n g
t z y r n i n e t r p e b z n g
t q y r n i t x p e
t z a y o t i
t r t q k a p e p w q l e
k x r t c
t q m e i p x
p l a m e i t x d e
n z y a g o x - k r d e
n z m c p x
t q w x l i k i t x p x
k x l r p r
n z t u - z v z - k r d e
n z a b r t z l v z l r
n z m c p x
n z d w a t r - k r d e
t q d w a p l r k r n g
d w a s x p x - k z p q g r
d w a t x t r x
n z m c p x
t q n g r l r p x p e k r
