n g r d e
t r t a k i t r u
k x p r k i
t u p x m
t q v z p e - k z x
k c n g p e
r d r n g
t z m c n g r
t q r p w x m z
n z t u n g r
m n c p e x
t q p z l e
t q a l v c - l z b q - n g r g r
t q a l v c - l z b q - n g r g r
e s z ' n e
t q m c p e k r
n z p n a k i p x - m o u l r
t q w x l i k i t x p x
n z x p e n g r
t q m r b r
a s a - n g r g r
n z v z - k r d r
n z a p u s r - k r d r
n z t a v e t r l r
n i b r g r
n z p n a
t q m c p e k r
n z m w a n g r
t q t i n g r
n z v z - k r g r
t z m u p e - n g r d r
n z r p n a - m o u p q n g
x l r k r l e
t q r m c t i p e k r
t u l z m c
t q t r k a p e m
t q a b r t z - z v z - n g r g r
m n r g r
n z m n c l z b z
m z ~ n i b r
t z m u p e - n g r d r
n a r t w z m
t r n a n i b q l e u
n a b z m i p e l e
b z a m u
t q a b r t z - z v z - n g r g r
r l a s z k r
n y z d r
n z l c - a p q b z n g r
t q r t a n g r n e
t q y c n g r
y c t r p e n g r
t z m u p e - n g r d r
t r t e g r n g
n e n g e n g
t z o d u t r - l x b l r - m o u n g
t r n z p i - k r p o ' u
n z l z t i n g
n z r l z - k r g r
n a - a e n z l i m g r
t z n g r l r k i o p e l r
y r n i t x
t z v z p e - k a i n g
n z y a p w x - k r g r
n z a t u p x - n g r m
e s z ' t i
k x t r k a
x l r k r l e
d r t w r g r
t z v z p e - k a i n g
k x b q g r n g
t u o m
t z m w i p x - n g r m
y a p w x t i - z p w x m a m u
r y a p w x - z v z k r
n z e s z ' m z n g
n z r t r n g r t i o l r
t z p r o p e n g
n z l z t i n g
k a l z m l e
t r n z p i - k r p o ' u
t q w z t i p e l e
t q v z t r - m o p w z k r
t r n z p i - k r p o ' u
n e d r n g
t z r l x n g i t i n g
n z a l v z t r p l r
t z a o l v z - a t e b z
t q m c p e k r
n z r l z - k r b z l e
t q t r k a
n z a l v c - k r g r
t q v z p e x
t z v z p e - k a i n g
t z v z p e n g
t q v z p e x
t z v z p e - k a i n g
n a n g r l r t r k i
k c m a
t z m u p e - n g r d r
n z g l q o l r
y r l z o
t z v z p e - k a i n g
t q v z p e x
n z o t i p e - k r m
n a a l e - k a i p z n g
t r s u k a
n z v z m i - k r g r
t q v z - n g r m l e
t q v z k i p x
n z v z p x m q n g
t q v z t x
n z v z o - k r m o p w q k r
t q v z - n g r n e
t q v z t r p e b o
t q v z d z k r
t q v z - n g r m o
n z o t i - k r m l e
n z p i l z l r
t q t r k a m i
n z a t r k a t i
t z v z p e - k a i n g
n z k a t x - k r d e
t z v z p e - k a i n g
t z m n c - n g r d r
m n c t x p e
t q m n c n e t r p e m g r
t q n g r l r l z p e
t q r p n a p e - n g r m l e
t z p n z - l z b q n g r
n a - a m r l z t r - n g r b z l r
n z r m c t i l r
t q m e i p x
d r t w r n g e l e
n z y c m n e - k r b z l r
t q v z t r - m o p w z k r
t z v o p e
a t u l z n g r
m n q t i p e l e
k x n z y a g o x n g
t q v z t r - m o p w z k r
n z k q l u k r
k x n z t o p w z
t q y r k r p e n g r
n z y r l q t r p z l r
t q v z p e x
n z v z p e n g
t q v z p e x
n a t r k a - z l w z l e
n z m w a - k r g r
n z o t i p e - k r m
t q v z t r - m o p w z k r
n g r l x o b z l e
t z y a p x p e n g
t z y c m n e p e b z
t z y c m n e - n g r p e m
m r n y z n g e
k x n a m u
n e d r
a w i t x - n g r b z k r
n a p i p x - l z b q n g
t q r k a l z p e m g r
t z v z p e - k a i n g
t q v z p e x
p r t z t x b z k r
t z n g r l r k i o p e l r
t z k u k i r p e l r
n z k a t x - k r b z l e
n z k a l z - n g r m l r l e
n z y c m n e k r b z
n z r k a l z m q n g q
t q a l v c t r - l z b q p e
n z m e l z - k r m e
n z m c p x b z l r
m c p x m l e
m c - k z a m u
t q m c t i p e k r
n a k q t x o m
n z r p i l z n g r
r n i p e x
t q m c p e b z k r
x l r l e l e
n z r l x t i b z l r
t q v z p e x
n c b l o n g r
n z b o m - k r d e
n z o t r p z n g
n a o p e - k a i x
y r b u t i p e n g
n z o b q p x b z
s c m
p i p x - l z b q
r d r n g
t q d w a p l r k r n g
b l e t i p x - l x b l r n g
n z d w a t r - m o u - k r g r
t q r p n a p e - n g r m l e
a t a k q t i - l z b q t x k r
n z a y o n e p e - k r d r
n z v z p x b z n g
n a y a p w x t i m l e
t z y a p x p e n g
t r l r p r k r u
n z v z p x b z n g
t q v z t r - m o p w z k r
n z r p i b z
t q m c p e k r
t q o t i p e m l e
n z r p w ' a - k r d e
t z v z p e - k a i n g
n z a t u p x - n g r m
t z v z p e - k a i n g
m n c - e p e l z l e
y c m n e p e
n z g l q l z - m o u l r
a g l q t r p q g r
n a m a p u p e b z l e
n z v z - k r b o
b z a m u
n z k q b l q p x - k r m c
t z y c m n e - n g r p e m l r
n z a n g i o - k r g u
n z v z
v z x
v z x
n z v z
v z x
v z x
v z x
v z x
v z x
n z v z
n z v z
m c l x
m c l x
y c p x
n z v z
n z v z
m c p o
n z v z
n a v z b z
n z v z
n z v z
n z v z
n z v z
n z v z
n z v z
n z v z
m c p x m
m c l x
