m r b r l z m
n z a n g i o
t q v z p e - k z x
t q v z p e - k z x
t z t a v e l r
r m c t i - n g r g r
k x n z y q n g
n z d w a t r - m o u - k r g r
n z d w a t r - m o u - k r g r
m w x l r t x - z l w z k r
t z m w i p x - n g r m
m c p z
m n c t x p e
t q a m a p e
t q v o t i t r p e m l e
t z v z p e - m o u n g
n z v z n e - k r g r
v z - n g r b z k r
n z w z - z l w z - k r g r
l a n g
t z v z p e - k a i n g
n z p r p x n g r
r l w x k r
t z v z p e - k a i n g
n z b z n g
t z v z p e - k a i n g
t z v z p e - k a i n g
t z v z p e - k a i n g
t z v z p e - k a i n g
n a p i p x - l z b q n g
t r v z n e - k a k r
d w a t x t r x
t r v z n e - k a k r
n z o b q - k a p q k r
t q o t i p e m l e
t r v z n e - k a k r
t z r t w z t i p e - k z n g
t q y c n g r
t z a n g c p e l r
t q r m c t i p e k r
n z a b r t z l v z l r
t q p r k i l z m
t q v z p e x
t r n a n i b q l e u
n a n g r l r t r k i
r m a l e
t q p i p e m l e
p i t x m l e
r p i b o
t z m w x l r n g
b z t i p e d e
n z p n u t i t x
t q m c p e k r
t r n z m c l r u
n z v z - k r m
n z r m c t i l r
t q m u k r
t q t a b c - z l i n e p e k r
n a m n c n e - n g r g r
t q k r l z - a t e b z k r
n e m u n g
n z r p i - a n i - k r m l e
d w a t x t r x
m n c t x o p w z
n z m n c t x p e p w z
r m c t i p e k r
n z w z - k r g r
n z r p i - a n i - k r m l e
n z r p i - a n i - k r m l e
d w a t x t r x
t z t u l r t r p e m
y r l q t x - m o u x
n e d e
n e g r
n z a t u p x - n g r m
t q v o t x - n g r p w z
n a r t a n g r t i k r
n z r p i - a n i - k r m l e
t q y r w i l x
t q v o t x - n g r p w z
n z n g r l r t r n g
b l e t i p x - l x b l r n g
a s u m i p e b o
t q y r m
n a k r k a ' - z v z k u
a s u m i p e b o
n z r p i - a n i - k r m l e
d w a t x t r x
t z m n c t x - a l o p e n g
n z r m c t i l r
t z m n c t x - a l o p e n g
n z r p i - a n i - k r m l e
n a n g r l r t r k i
n z w z k r
t q s i k l u b e - n g r n e
p i p x - l z b q
t q r m c t i p e k r
p r c k r
n z r p i - a n i - k r m l e
v z x
v z x
v z x
n a n g i
k x e t u
n z v z
n z v z
t w z q
v z t x
v z t x
y c p x
m c p o
k c m a
t q t u l z
t q t u l z
t q n g i
t q t u l z
n z v z - k r m
v z p e m
o t i b z
n z v z - k r m
v z p e m
n z v z - k r m
v z p e m
v z p e m
r p i l e
n z v z - k r m
o t i l e
m c t x m
n z v z - k r m
n z v z - k r m
n z v z - k r m
n z v z - k r m
v z t r l e
v z t r l e
v z t r l e
v z m i m q
m c t r k r
t q v z b o
v z t r l e
r m c t i l e
t q v z b o
t z v z p e
t q p i m e
t q v z p e
t z v z p e
t z v z p e
t z v z p e
t q p i m e
m c p x m
t q v z p e
t q v z p e
t q v z p e
p i b z l e
n z m c t r
p i b z l e
y c m n e p e
n z m c k r
t q t u l z
t q p i b z
x l r m l e
r m c t i l e
r g l q p x k r
n z n g i k r
m n c p e x
w z t r p o
t q a s u p e
n z r p i b z l r
r g l q p x k r
t q w a i
n z v z - k r m
n z v z - k r m
n z v z - k r m
n z r p i b z
v z m i o l e
r m c t i l e
v z k i m l e
v z m i o l e
d w a t r k r
v z m i o l e
v z k i m l e
v z k i m l e
n z t u n g r
v z k i m l e
t q m c p e x
v z - z v z x
v z - z v z x
v z - z v z x
v z - z v z x
v z - z v z x
v z - z v z x
t q t w z p e
v z - z v z x
d w a t r k r
t q m c p e x
v z - z v z x
v z - z v z x
v z k i m l e
d w a t r k r
n z r p i l r
v z - z v z x
t q m c p e x
t q t u p x m
t q m c p e x
t q m c p e x
n z r p i l r
n z r p i m
n z t u n g r
a l v z t r l e
n z m n c k r
t q y a g o x
k c m a n g
x l r k r l e
t u n e p w z
d w a t r k r
x l r k r l e
r m c t i l e
t q t u p x m
t q v z p x p e
n z t u n g r
a t u l z n g r
n z l v c n g
t q p i p e m
t q p i p e m
x l r b z l e
t q p i p e m
n z r p i l r
n a y r k r t x
t q v z p x p e
t u n e p w z
t q v z p x p e
n a p i b z k u
t q v z p e m
t q v z p e m
t q p i b z k r
n z r p i m l r
n z v z p x n g
n z v z p x n g
n z v z p x n g
t z v z o p e n g
t u t x l z m
t q v z p e m
a t u l z n g r
a e l w a p x
n z v z p e n g
n z v z p e n g
n z v z p x n g
t q v z p x p e
n z v z p e n g
n z v z p x n g
n z v z p e n g
