n z m c t x p w z
t q o t i - a t e m
v z k i m l e
t z v z p x p e b z n g
n a y c t i p x m
k x e t u
t q p i b z
t z v z o p e n g
t z v z p e
n z v z p e - k r d r
w x b u p x - n g r m
t q v z t r - m o p w z k r
v z k i m l e
n a v z b z
v o t r p z k r
n z r p i b z l r
t z v z p e
v z m i t r l e
n z v z - k z n g
v z - z v z x
t q v z - n g r g r
n z m n c - l x b l r - k r g r
n z v z - z v z b z n g
v z p x b z k r
n a v z - m i p e x
t q r v z m i p w q
t z m n c n g r
n z r p i b z
n z r n i b q n g r
t z v z p x p e b z n g
k x y r l z
t z r m c t i p e l r
t q v z - n q b l q n e n e
m w i t x k r
n z v z k a i - k r g r
t q r k q t i p e
n z v z p x n g
m n c - m i p e - a m u
y c t x b z
t z r p i p e l r
t q v z m i t r p e b z l e
n z v z
t z v z n e p e n g
n z v z b z n g
n z o t i p e - k r m
v z m i o l e
n z v z p x b z n g
m c p x m
m n c l v z r n g r
t q r k a l z p e - n g r m q g r
n z b o m - k r d e
t z v z - n g r
n z m n c t x p w z
n z v z p e n g
n z v z p e - k r d r
t r t e d r
t z v z n e p e n g
t q p i p e b z l e
v z m i m q
t q v z p e x
v z p x m
n z k a l z m l r
n z v z - k r n g e
v z k i m l e
t q y r k e l v z x
r p i l e
t q y c o n g r
v z p e m
n z v z - k z n g
s c m
t q v z p e b z
m w x l r t i - z l w z k r
t z v z p e - k a i n g
t q p i b z k r
t u o m
n z v z - k r b z k r
t q v z m i t r p e l e n g
t q a m z n r p e l e
n a p i t x t r - m o p o
t z v z o p e n g
n z p n a k i p x l r
n a v z n g
t u l z m c
t q v z p e - k z x
n z v z - k r m
t q v z m i t r p e b z l e
p i b z l e
n a m n c n e - n g r g r
t q y a g o x p e
t z v z p x p e b z n g
n z p r l x l r
t q v z t r - m o p w z k r
a e l w a p x - p n z
l c p e
n z v z p x n g
n z t u - z v z - k r d e
n z v z k a i - k r g r
t q v z p e - k z x
n z v z p x b z n g
n a a g l q p e k r
n z v z
n g r d r
k x l r p r
n z r l z - k r b z l e
m w i
t q k q l e p e b z l e
n z v z p e n g
t z v z - n g r
t q v z p e x
e t u t x
e s z ' t i
r m c t i l e
t z l v c l z p e - n g r d r
t q v z b z k r
m n c l z - n g r m
n z p c t i k r
n z v z p e n g
t q a g l q p e k r
n z v z p x n g
x l r b z l e
v o t r p z k r
t q p i b z k r
y r p l a b r t q p e
n z v z p x b z n g
r m c t i p e k r
n z v z p x b z n g
p w x p w z
m n c t i k r
t q r m c t i p e k r
l a p w z
n z v z - k r b o
n z m u - k r g r
v z k i m l e
r p i - m o u p q l e
t q a s u p e b z
n z l z t r - n g r d e
n z r p n a n e o p e - k r m l r
n z r y a p w x - k r b o
t q v z p e - k z x
t q w z t i p e l e
t q p i m e
t q v z p e x
t z v z p x p e b z n g
n z v z - k r b z k r
n z r l a s z - a t e - k r d r
n a o k a t r - n g r d e
t q v z p e - k z x
n z r p i m l r
n z m n c p e n g
t r v z n e - k a k r
n a - a e n z l i t x k i
t r t r k a - z l w z p w z u
t z r t w z - k z n g
t q v z t r - m o p w z k r
n z a l v z t r p l r
t q v z m i t r p e l e n g
t q v z p x p e
n z a b r t z n g r
n z w z k r
n z l u t x p w z n g
n z r p i m l r
t q m c - a t e k r
n z v z k a i - k r g r
m c t r k r
t z y z l u p e - m o p w z n g
t z v z p e
s c d r
t q v z t r - m o p w z k r
t q y r n i p e x
t q y r p u t i p x n g r
n z p n u - l i g r
n z t w z t r k r
n z m n e t i
t z v z p e
t q v z p e x
t q v z t r - m o p w z k r
t q o t i - a t e m
v z t r n g r
t z v z k i n e d r
t z v z n e p e n g
t q m n c p e k r
t q m n c - n g r d e
r p i o b z l e
n a v z m i b z l e
n z b o m l r
k x n z a l v z t i n g
n z v z - z v z b z n g
n z v z k i l r
n a v z b z
t q t u l z
m c p x m
n a n g r l r t r k i
t z p r p x p e n g
t z v z p x p e b z n g
n z v z k a i - k r g r
n z v z p e n g
t z s i k l u n g
n z v z k i l r
t z x l r o p e l r
t r t q w z p e u
t q v z - n q b l q n e n e
n a m n c t x p o
r n g i - b a t r p q
t q v z k i l e
t q o t i m l e
t q p i m e
v z p x b z k r
v z p x b z k r
t q v o t x - n g r p w z
t z v z k i n e d r
n z r p i l r
t q v z - n q b l q n e n e
t r n z p i - k r p o ' u
n z v z - k r n g e
l i p e
t z n g r l r k i o p e l r
t q v z p e - k z x
n z l i - k r d e
n z l v c n g
n z v z b z n g
v z m i m q
t q r p i b z l e
n z v z - k r n g e
t q r p w a ' - n g r b z m e
t q r m c t i p e k r
t q p i p e b z l e
n z n g i n i - k r d e
m q n g r m
t z r m c t i p e l r
m c k r
t q v z m i t r p e l e n g
m c t x m
b x t r t x p w z
n z l z t i n g
t q v z - n g r g r
n z v z - k r m
v z t r l e
t q k q l e p e b z l e
t q m n c - l x b l r p e k r
m n c - m i p e - a m u
n z v z - k r m
t z v z p x p e b z n g
t u t i p x - n g r m
t q v z p x p e
n z v z - z v z b z n g
n a k a b o
r m c t i p e k r
m c l x
n z v z p e - k r d r
r m c t i - n g r g r l e
r p i o b z l e
m n c p w z k r
w z t r p o
n z m c p x
n z v z - k r b o
t q n g r l r l z p e
n z m c t r
n a y a g o x n g
t q m a l e l e
n z m c o m l r
n e n g e
e s z - k r d e
v z x
m n c - k a p q - n g r g r
t q y r l w r p x - n g r m
v z t x
r p i l e
t r n z p i - k r p o ' u
n z v z n e p e l r
t z v z n e p e n g
t q v z p e - k z x
n z v z - k z n g
n z v z b z n g
v z p x b z k r
n z v z - k z n g
n a k a b z
n a l x n g i t i k u
t z v z p e
t q a m a o p e
n z v z - n g r m l r
v o m l e
n z e t u p e - k r n g e
t q v z p e m g r
v z k i m l e
t q t u n e p w z
m n c l v z r n g r
t z v z n e p e n g
n a m n c t x p o
t q p n z ' l e
m c t r k r
t q r g l q t i k r
t z v z p e
t q t o p w z b e - n g r n e
n z v z k i o l r
t q v z p e
y r n i t x
t q v z b o
n z v z - z v z b z n g
n a v z
t q r k a w i t i k r
t q v z p e
t z r m c t i p e l r
t u n e p w z
r p i - m o u p q l e
t q r g l q t i k r
t q d w a p l r k r n g
o t i b z
t q v z p e b o
t z l v c m q n g
n z v z - n g r m l r
v z p e m
x l r b z
n z v z - z v z b z n g
t z v z k i n e d r
p r o t x k r
m w i t x
t z v z n e p e n g
t q m w i t x p e
n a r l a s z p e l r
r n g i - b a t r p q
n g r l a p l x p x k r
t q v z m i t r p e b z l e
n z y c m n e - k r d e
t q p i b z k r
t q m c p e k r
t q v z b o
t q v z p e x
n z a t o l w a - n g r n g
n z r n i b q n g r
p n a t i b z k r
n a m n c - k a p q n g r
t q m c p e l e
n a k a b z k r
v z p e m
t q v z o p e
t q m w i - n g r g r
v z t x
n z m n c l z b z
n z v z b z n g
n z v z b z n g
o t i m
t q n g r l r l z p e
t q w x b u p x - n g r m
k q l u t x
n z v z p x b z n g
n z v z - k z n g
t q p i b z
t q p i b z k r
p z t i t x k r
n z m w i p x m
n z m n c p e n g
n z r p i b z l r
n z v z - k r n g e
n z n g i k r
n z v z p e n g
m c l z k r
v z t x
d w a - r b r l z - n g r m q g r
n z r p i m l r
t q v z p e m
t q a e n z l i t i - n g r g r
t z a n g c p e l r
t q v z - n q b l q n e n e
n z v z - n g r m l r
t z v z n e p e n g
n a m w i
y c - n r b a l q
t q v z p e b z
n z v z - k r b z k r
n z r p i b z
r m c t i - n g r g r
n a l i n g
v z x
v z m i o l e
n z r p i l z - k r d r
t q m c p e x
t q t r k a p e m
n z r p i - a n i - k r m l e
n z v z - k r b o
t q a s u p e
m c t r k r
v z - z v z x
t z v z p e
v z - m o p w z k r
t q v z p e b z
t z v z p e - k a i n g
t q v z p e b z
n z r m n q - k r d r
t q o t i p e l e
n z v z
t q v z p x p e
t q n g r l r p x p e m
m c p o
n z r p i l z - k r d r
t q r l r p e - n g r m l e
t q k a b z k r
n a r y z k r - n g r g r
t q r p n a - n g r m
n z v z k i l r
t q o l v x t i - a t e l e
t z p r p x n g r
n a p i t x t r - m o p o
t q r m c t i p e k r
t q m n c
n z p r p x - k r d r
r n g i - b a t r p q
t z r m c t i p e l r
k c m a
n z v z k i o l r
n z v z p e - k r d r
t q v z - n q b l q n e n e
m c t x m
n z w z - k r n g e
n z v z b z n g
n z m n c p e n g
n z v z - n g r m l r
n z r p i l z - k r d r
m n c l z - n g r m
n z v z - k r m
n z v z - n g r m l r
t q v z p x p e
t q v z p e m g r
v z - z v z x
n a p i b z k u
t q v z n e
v z - z v z x
t q a s u l e
t z y c m n e t r p e - n g r d r
n a y a p w x t i b o
k a l z m l e
m n c - e p e l z l e
m w i t x
n z m u - k r g r
n a - a e n z l i m g r
n z r t r n g r t i o l r
n z v z k i o l r
n a v z m i b z l e
n z m n c l z b z n g
m z ~ n i b r
m n c l z - n g r m
m n c t x p e
t q p i p e m
t q v z - n g r m l e
t q v z p e b z
n z x p e n g r
t q d w a p l r k r n g
n z r p i - a n i - k r m l e
t q y r p u p x
n z v z - k z n g
t q v z b o
v z p e m
v z p x b z k r
t q v z p e m
d w a l z m g r
n z v z - k r b o
t q v z p e - k z x
n z m e l z - k r m e
k c m a
n z m c t x p w z
t q v z p e
v z k i m l e
n y z d r
k x n z y a g o x n g
n a p i p x - l z b q n g
n z a p u s r - k r d r
t q m n c
t q t r k a
t q v z b e
t z v o p e
m c p x m
n z v z - k z n g
n z w z t r n g
n z v z p e n g
n a p i b z k u
n z a l v c - k r g r
d w a t x t r x
t r v z n e - k a k r
n z v z - k r m
n z g l q l z - m o u l r
n a p i t x t r - m o p o
n z v z - z v z b z n g
t z v z p e - k a i n g
n z v z - k r b o
y a p w x t i - z p w x m a m u
t z y a p x p e n g
n z p n a k i p x - m o u l r
r m c t i - n g r g r l e
t q o t i p e m l e
n z r p i b z l r
t q a s u l e
n a v z n g
t q m c p e k r
t q y r k r p e n g r
n a v z b z
n a p i t x t r - m o p o
t q v z p e m
t q a l v c t r - l z b q p e
a g l q t r p q g r
t q w a i p e x
n z r p i b z l r
n a v z b z
v z p x b z k r
n z l v c n g
t q t u p x m
t z y c m n e - n g r p e m l r
t q v z p e
n z v z k i o l r
t q v z b o
m w i t x k r
v z t r n g r
t q m c p e k r
t q v z b o
n a v z m i b z l e
m c l x n g
t z v z p e - k a i n g
e s c t r p e m
v o t r p z k r
n z p w x n g
y a p x - z v z k r
t q v z p e - k z x
n a v z m i b z l e
t q r p n a - n g r m
t z v z n e p e n g
n z a b z o k r
t r n z a e n z l i l r u
t q n g c n e o m
n z y r l e t i - k r d e
n z o l z - k r m l e
t r b o i u
n z w z t r n g
t z v z p e - k a i n g
n z v z
t q r m c t i p e k r
n z v z p x b z n g
n a p i t x t r - m o p o
t r k q o p q l e u
n z o t r n g r
t z v z - n g r
n z m c t r
n z v z - k r n g e
n z v z - z v z b z n g
n z v z - n g r m l r
t q v z t x p e
n z v z k i l r
t q m n c
t q t o p w z b e - n g r n e
v z m i o l e
m c l z k r
n z v z b z n g
n z d w a o n g r
t z v z p e
n z v z - k r n g e
k r l z p e b z k r
n a v z m i b z l e
n z v z n e p e l r
n z t a v e t r
t q o t i - a t e m
n z r k a t i p x m q n g
t q r p i p e x
v z t r l e
n i b q t i
t r m c p e l e u
t q v z b o
n z v z p e - k r d r
n z v z - k z n g
n z d w a t r - k r d e
v z x
t q v z - n q b l q n e n e
n z a b r t z l v z l r
n z v z n e p e l r
v z p x b z k r
r k a l z m
v z b z k r
t q x n g i - a t e b z k r
t q v z p e
t q v z - n q b l q n e n e
n z m n c l z b z
t q t u l z
x n g i t x t r l e
v z k i m l e
k x p r t z
t q n g r l r p x p e m
n z r p i b z
v z - z v z x
t z v z o p e n g
n z v z - n g r m l r
t z r t w z - k z n g
t r t e g r
t q v z p e - k z x
t q v z p e m
d z b e d e
n z v z p x n g
m y a s z p x l e
t q v z b o
n a p i t r - m o u p o
n z y c t i k r
n z w z t r n g
m c p o
n z v z p e - k r d r
t q o p x p e - n g r d e
r m c t i p e k r
n z v z - k r b z k r
m w x l r - n g r g r
t u t x l z m
l i p w z
n z v z - k r m
n z v z n e p e l r
t q r p i p e x
t q v z p e m g r
k z t e d r
n z m z l r p i - k r n g e
t q p i m e
n z m w x l r t i - l z b q n g
m n c - m i p e - a m u
v z m i o l e
n z v z - k r b o
n z v z k a i - k r g r
t u o m
t q a s u p e b z
t q a o k z
o t i m
t q m c p e x
v z t x
t q v z m i t r p e l e n g
r m c t i l e
t a p l x s r g r
n a t q d e
n z v z - k r b z k r
n z t w z l r
t r t e n g e
t z m c n g r
t q v z p e
n z k q o - k r m
y r w i t x - k z l e
n a m n c - k a p q n g r
n z v z b z n g
v o m l e
n z v z
m r b r l z m
n a v z m i b z l e
t q v z p e x
n g r d e
n z w z - k r n g e
r m c t i p e k r
n z v z - k r b z k r
m n c t i k r
n z v z k i o l r
t z v z k i n e d r
t q v z p x p e
t z v z o p e n g
t q v z p e x
n z v z
n z v z
t z v z p e
n z l x n g i t i - k r d e
n z v z p e n g
n z m c p x
n i b r d e
t z y z l u p e - m o p w z n g
v z m i t r p e l e
k c n g p e
t q v z p e
t q v z t r - m o p w z k r
t z m w i - n g r d r
n z v z p x n g
t r n z p i - k r p o ' u
n a y a p w x t i m l e
n g r l x o b z l e
t q v z - n g r g r
m n c t i k r
n a m n c t x p o
r m c t i l e
t q r p i - n g r n
v z t r n g r
n z b z - k r g r
a t a k q t i - l z b q t x k r
n z r m c t i l r
t q v z m i t r p e l e n g
r d r n g
t q v z m i t r p e b z l e
m c l x n g
n e d r n g
n z v z - k r d r
t z m n c - n g r d r
n z v z - k r b z k r
n z a t u p x - n g r m
k x n z t o p w z
t z v z - n g r
n z v z - k r b o
t z v z o p e n g
m n c p e x
t q v z - n g r g r
m n c - m i p e - a m u
n z n g r l r t r n g
t q t r k a p e m
v z p e m
n z v z p x n g
m n c t i k r
t q v z p x p e
n a - a m r l z t r - n g r b z l r
n a v z n g
x l r k r l e
n z l c - a p q b z n g r
n z b o m - k r d e
v z p e m
n a k q t x o m
t q v z p e m
n z m c k r
n z v z - k r n g e
v z t r n g r
n z v z - k r m
t z y c m n e - n g r p e m
n z r p i l z n g r
m w i t x
n z k a t x - k r d e
t q v z d z k r
r p i o b z l e
n z v z - n g r m l r
t q v z p e - k z x
n z m n c k r
t q v z - n g r m o
t u l z m c
t q v z - n g r g r
n z v z p e - k r d r
n z r p l a m e i t i - k r d e
t q w z t i p e l e
d r t w r n g e l e
t z v z k i n e d r
t q a l v c - l z b q - n g r g r
k r l z p e b z k r
n z r p w ' a - k r d e
v z t r n g r
n z p n a t i - k r b z m u
v z k i m l e
n z v z - k r b o
t q r p n a - n g r m
n g r d e
n z y a p w x - k r d r
t z v z - n g r
t z v z p e - k a i n g
n z v z - k z n g
n z m n c l z b z n g
n a v z b z
n z v z
n z r m c t i l r
n z y c m n e - k r m
n z a t r k a t i
m c l x n g
m n c - e p e l z l e
v z t r n g r
