t q n g i
n a v z - k a i k r
y z l u m c
t q r m c t i p e k r
t q v z p e - k z x
t q v z p e - k z x
t q v z p e - k z x
t q v z p e - k z x
t q v z p e - k z x
t q v z p e - k z x
t q v z p e - k z x
n z m n c - l x b l r - k r g r
n a k a t x b z l e
n a n g i
t r t e d e
m z t r
n z n g i - k r d r
n z l v c n g
n z y a p w x - k r d r
m c l e
n a n g r l r t r k i
r d r n g
n z l v c k r
m c t r p z l e
t z y c m n e - n g r p e m l r
l v c - a l z u p q
t z y c m n e - n g r p e m l r
n a p i p x - l z b q n g
m n r n g e
t q a w r k x t r p e l e
n z m c
t q y r k r t r - a t e m
n z d w a t r - k r g r
t z y c m n e - n g r p e m l r
r n g i - b a t r p q
n z a b r t z - k r g r
s c m
t z p i p e l r
n e d e n g
e t u n e p x - z v z l e
t z y c m n e - n g r p e m l r
n z d w a t r - k r g r
t z k a p u t r p e
t r m c w x u
n a m c l e
m z k e '
n z y r l q t r p z l r
t q r y z k r p e k r
t q p i p e m l e
t z p n a t i b z l r
y a n e - z v z k r
n z v z k a i - k r g r
n z t e k q t r n g r
t q m n c - n g r d e
t q k a w i o p e k r
n z t u - z v z - k r d e
t q m c p e k r
t z p n z ' - n q b l q p e
t z y c m n e t r p e - n g r d r
n z v z k a i - k r g r
n z v z k a i - k r g r
t q v z p e - k z x
t z m n c - n g r d r
b o o n g r
n z v z k a i - k r g r
t q y r k r t r - a t e m
n z v z m i - k r g r
v z p e - k a i p
n z x l r b z l r l e
n a r y z k r - n g r g r
s e x
n z v z k a i - k r g r
n a m n c - k a p q n g r
k r k a ' - l e - b l r k u
n z v z k a i - k r g r
n a p i p x - l z b q n g
t z m n c - n g r d r
t u t i p x - n g r m
m w x l r - n g r g r
t z l v c l z p e - n g r d r
n z k r k a ' k r b z l e
n a m n c - k a p q n g r
t z v z p x p e b z n g
t q k a p u t r - n g r b z
m w x l r - n g r g r
n z v z k a i - k r g r
n a n g i p e
n z r l x t i - k r m l r
n z v z k a i - k r g r
t z v z p x p e b z n g
n z v z k a i - k r g r
n a m n c - k a p q n g r
n z v z k a i - k r g r
n a o k l a t i t r - m o p q g r
t z v z p x p e b z n g
t z v z p x p e b z n g
n z v z k a i - k r g r
n z r p i - a n i - k r m l e
t z v z p x p e b z n g
t z v z p x p e b z n g
t q r p n a - n g r m
n z t u - z v z - k r d e
t z v z p x p e b z n g
t z v z p x p e b z n g
t z v z p x p e b z n g
t r t r k a - z l w z p w z u
t z v z p x p e b z n g
t z v z p x p e b z n g
n a m a p u p e b z l e
t z v z p x p e b z n g
n z m e l z - k r m l e
k x n z e t u
t z a n g r l v z n e o p e l r
t z v z p x p e b z n g
t z v z p x p e b z n g
n a m n c - k a p q n g r
n a m n c - k a p q n g r
n z v z k a i - k r g r
t q r m c t i p e k r
t z v z p x p e b z n g
t z v z p x p e b z n g
t z v z p x p e b z n g
t z y z l u p e - m o p w z n g
y c t x o p e
t q m n c - n g r d e
t q m n c - n g r d e
t z m n c - n g r d r
t z m n c t x - a l o p e n g
v z x
v z x
v z x
v z x
n z v z
m c p o
m c p o
t u p x m
v z p e m
v z p e m
m c t x m
t q t u l z
r p i l e
r p i l e
n a v z b z
n a v z b z
n a v z b z
n a v z b z
l x e g r
p i b z l e
n z m c p x
n z m c t r
m c l z k r
n z y r l q
n a r p n z '
t z v z p e
v z t r l e
v z t r l e
v z t r l e
t z v z p e
t q p i m e
a t u l z n g r
t q p i m e
t q v z p e
v z m i m q
v z m i m q
t q n g i
t q p i m e
t q p i b o
v z m i m q
v z m i m q
v z m i m q
v z m i m q
n z v z p x n g
t q v z b o
v z - z v z x
v z - z v z x
v z - z v z x
v z - z v z x
n a p i b z k u
n z r p i m l r
v z m i o l e
v z m i o l e
v z t r n g r
v z m i o l e
v z m i o l e
t q v z p e m
v z m i o l e
t u l z m c
t q v o b e
n z r p i b z
n a v z n g
n a v z n g
k z t e d r
r m c t i l e
n a v z n g
n z v z b z n g
t q v z p e b z
t q m c p e x
n z v z b z n g
n z v z b z n g
n z v z b z n g
n z v z p x n g
n z v z p x n g
n z v z b z n g
n z v z b z n g
n z v z p x n g
n z v z p x n g
n z v z p x n g
n z v z p x n g
t q p i p e m
n z v z p x n g
n z v z p x n g
n z v z p x n g
n z v z p e n g
n z v z p e n g
n z v z p x n g
n z v z p e n g
t q r p i b z l e
n z v z p e n g
t z r k a l z p e m
n z v z p e n g
n z v z p e n g
n z v z p e n g
n z v z p e n g
n z v z p e n g
t q v z p e b z
n z v z p e n g
t q v z p e b z
n z r p i m l r
v o t r p z k r
t q r p i p e x
t q m c p e x
v z t r n g r
v z t r n g r
n z v z - k r m
t q v z p x p e
n a y r k r t x
n z v z - k r m
t q v z p x p e
n z v z - k r m
t q m c p e x
t q t u p x m
n z v z - k r m
t q r p i b z l e
n z v z k i l r
n z t u n g r
t q p i b z k r
t z v z n e p e n g
t q p i b z k r
n z l v c n g
d r l z d r n g
