l a n g
t q m u k r
n a k r k a ' - z v z k u
p i p x - l z b q
n a r t a n g r t i k r
t q k r l z - a t e b z k r
t q y r m
t z a n g c p e l r
t q t a b c - z l i n e p e k r
t q s i k l u b e - n g r n e
n e g r
n e d e
t r n a n i b q l e u
t q o t i p e m l e
r m a l e
n z m n c t x p e p w z
m n c t x o p w z
n z b z n g
k x n z y q n g
p r c k r
t z k r l z p e - a t e l r
t q y r w i l x
t r n z m c l r u
n z v z n e - k r g r
v z - n g r b z k r
r p i b o
t q p i p e m l e
p i t x m l e
t r n z y a g o x - k r g r u
n z o b q - k a p q k r
t z t u l r t r p e m
a s u m i p e b o
n z r k a t x n g r
n z w z - k r g r
n z r p i - a n i - k r m l e
d r t w r g r
n z d w a t r - k r g r
n z d w a t r - m o u - k r g r
t z m n c t x - a l o p e n g
t z p n z - l z b q n g r
d r t w r d r
n z p n u t i t x
r m c t i - n g r g r l e
t q y c n g r
n a p i p x - l z b q n g
t q y r k r p e
n z w z - k r g r
t z m w i p x - n g r m
n a m n c - k a p q n g r
n z d w a t r - m o u - k r g r
t q v z m i t r p e l e n g
y z l u m c
n a m n c - k a p q n g r
t q v z m i t r p e l e n g
t q v z m i t r p e l e n g
m n c - m i p e - a m u
n z a t u p x - n g r m
b l e t i p x - l x b l r n g
n z v z k a i - k r g r
n z o t i - k r m l e
n z v z k a i - k r g r
t q v o t i t r p e m l e
t q m c p e k r
n a p i t x t r - m o p o
t q v z t r - m o p w z k r
n z r p i - a n i - k r m l e
t z p r t r p e - k z n g
n z m n c l z b z n g
t u t i p x - n g r m
t q v z p e - k z x
t q m n c - n g r d e
t q n g r l r l z p e
n a p i t r - m o u p o
n a p i t r - m o u p o
n a p i t r - m o u p o
n z m e l z - k r m l e
d w a t x t r x
t q v z p e - k z x
t q v z - n g r g r
t z v z p e - k a i n g
m w i t x
t q v z - n g r g r
t q v z - n g r g r
t q a s u l e
t q v z p e - k z x
n z v z p e - k r d r
t q v z p e x
t q p i p e b z k r
r m c t i - n g r g r
t r v z n e - k a k r
t q v z p e - k z x
t q v z p e x
t z v z p e - k a i n g
t q w a i
t z v z p e - k a i n g
m n c t x p e
n z v z - n g r m l r
a b r t z l v z k r
n z v z - n g r m l r
n z w z - k r n g e
t q v z p e - k z x
n z v z p e - k r d r
o l i q l z k r
n z v z - n g r m l r
t z v z p e - k a i n g
t z v z p e - m o u n g
t z t a v e t r l r
t q y r k r t r - a t e m
n z v z - k r n g e
n a p i l v z t i
k i l z n e d e
t z y a p x p e n g
n z v z - k r n g e
n z v z p x b z n g
t z v z n e p e n g
n z v z p x b z n g
a b r t z l v z k r
n z t u - z v z - k r d e
n z v z p x b z n g
t z v z k i n e d r
t z v z - n g r
t z v z p e - k a i n g
t q y a p x p e b z
n z v z p x b z n g
m n c l v z r n g r
t q v z p e x
t q v z p e - k z x
n a m n c n e - n g r g r
t r v z n e - k a k r
n z v z n e p e l r
t q v z p e x
n a m n c n e - n g r g r
y a p x - z v z k r
t q v z p e x
t q n g r l r l z p e
t q p i b z k r
t r d o u
n z v z n e p e l r
n z v z n e p e l r
n z w z k r
d w a t x t r x
n z p r p x n g r
n z k r l z m l r
n z k a l z m l r
n a v z m i b z l e
t q r g l q t i k r
n a v z m i b z l e
n a v z m i b z l e
n a v z m i b z l e
n a v z m i b z l e
n a v z m i b z l e
n a v z m i b z l e
n a v z m i b z l e
n a v z m i b z l e
n a v z m i b z l e
n a v z m i b z l e
t r k q o p q l e u
n z r m c t i - k r d r
n a v z m i b z l e
d r l z d e
m n c l v z r n g r
t z v z p e - k a i n g
t q p n z ' p e l e
n z m c t x p w z
m w x l r t x - z l w z k r
n z v z k i o l r
t q v z t r - m o p w z k r
n z v z - z v z b z n g
t q v z p e - k z x
t q v z p e x
t z m w x l r n g
n z w r k x t r n g r
n z m n c l z b z
t q y a g o x
n z v z k i o l r
a s u m i p e b o
n z m n c p e n g
d w a l z m g r
n z v z k i o l r
t q v z p e m g r
n z m n c p e n g
t q p i b z k r
n z m c t x p w z
n z v z k i o l r
n z m n c p e n g
n z m n c p e n g
t q e t u n e p x p e
t q v z p e x
n z m c t x p w z
r m c t i p e k r
n z m n c l z b z
r m c t i p e k r
n z m c t x p w z
n z m n c l z b z
n z m n c p e n g
d w a t x t r x
y r k r p x b z l e
m n c - e p e l z l e
t q w z t i p e l e
n a d w a p e k r
n z v z k i o l r
n a d w a p e k r
n a a g l q b z l r
n z r m c t i l r
t q v z p e - k z x
n z y c m n e - k r b o
n a d w a p e k r
n z d w a o n g r
m r b r l z m
n z m n c p e n g
t q p i b z k r
n g r l r m i m l e
n a m n c t x p o
n a d w a p e k r
k x p r k i
t q v z p e m g r
n a m n c t x p o
n z m c t x p w z
n z r m c t i l r
n z v z p x b z n g
n z m c t x p w z
a b r t z l v z k r
n z v z p x b z n g
n a m n c t x p o
n z r m c t i l r
l x l v r k i m l e
n z r m c t i l r
n z v z p x b z n g
t q r p i b z l e
n z v z k i o l r
d w a t x t r x
d w a l z m g r
t w z x
y a g o x t x
t q m c p e k r
t q r m c t i p e k r
n z d w a o n g r
d w a l z m g r
n z v z k i o l r
t q v z p e m g r
n z d w a o n g r
r k a l z m q g r
r k a l z m g r
t q r p i b z l e
k x b q n g
n z d w a o n g r
l x e g r
n z v z - k z n g
n z m r l z k r
t q r p n a l z m
