n g r d r
m c t e
t q v z p e - k z x
t q v z p e - k z x
t q v z p e - k z x
t q v z p e - k z x
t q p n z ' l e
n z l z t i n g
a t u l z n g r
n z t w z - k r n g e
t q x p l r
k r l z m g r
n e g u n g
n z d w a t r - m o u - k r g r
k x t o p w z
n z p n a n g
n z m n c n g
n z n g i n i - k r d e
t q p i p e b z l e
n a p i t r - m o u p o
n a r l x t i b o
n a y a - p w z - t i p e x
y c t x o p e
n a p i t r - m o u p o
y z l u m g r
n z v z - k r b z
n z w z t r n g
t q m n c - l x b l r p e k r
t q k q l e p e b z l e
n z v z n g
t q m u - n g r g r
b o m l e
n z l v c n g
n a p i t r - m o u p o
n z y a p w x - k r d r
n a k a t x b z l e
m q n g r m
m n c - k a p q - n g r g r
n z m c o m l r
d a b u k r
t q m n c - l x b l r p e k r
k q l u t x
t q y r l w r p x - n g r m
n z b o m l r
t q r p w a ' - n g r b z m e
n z r p l a m e i t i - k r d e
b x t r t x p w z
n z l v c n g
t q v z k i l e
t q v z d z p e - n g r m g r
t q v z p e b o
t q v o t i t r p e m l e
t q m n c - l x b l r p e k r
t q r k a w i t i k r
t z r m c t i p e l r
t u n e p w z
t q t o p w z b e - n g r n e
n a v z m i b z l e
n z r m n q - k r d r
m n c p w z k r
t z m n c t x p e n g
p l a m e i t x d e
n a y a g o x n g
t q d w a p l r k r n g
t z t a v e t r l r
k x t r m r l z u
t q v z m i t r p e b z l e
n a n g r l r t r k i
b x p i z p x
d w a l z m g r
m w x l r - n g r g r
t q v z m i t r p e b z l e
k r l z m g r
n z l i - k r d e
n a p i t x t r - m o p o
t q r g l q t i k r
t z l v c m q n g
n a p i t x t r - m o p o
n e n g e
k x n z a l v z t i n g
n a p i t x t r - m o p o
t z r m c t i p e l r
t q v z m i t r p e b z l e
n z y c m n e
n a p i t x t r - m o p o
t z y c m n e - n g r p e m l r
r p i - m o u p q l e
n a p i t x t r - m o p o
n a p i t x t r - m o p o
t q v z m i t r p e b z l e
d w a s x p x - k z p q g r
n z x l r b z l r l e
t q r m c t i p e k r
t q r g l q t i k r
n z v z - z v z b z n g
t q v z m i t r p e b z l e
t z p r p x p e n g
t w z t r l e
t q v o t x - n g r p w z
v z x
v z x
v z x
v z x
v z t x
m c l x
k c m a
m c t x m
r p i l e
t q t u l z
y r n i t x
m c p x m
o t i b z
n a v z
n a v z b z
r p i l e
n a v z b z
n z m c t r
v z m i m q
t u p x m
t q p i b z
m c t r k r
l i p e
t q t u l z
n a n g i
t u p x m
m c t r k r
t q m n c
t q v z b o
v o m l e
t q v z b o
t q v z b o
t z v z p e
t q v z b o
m c t r k r
t z v z - n g r
p i b z l e
t z v z p e
t q p i b z
t q t u p x m
t q v z p e
v z p e m
x l r b z
m w i t x
t q w a i
n a v z n g
x l r k r
n a v z n g
t q m u k r
t q t u p x m
n z m c p x
t q m n c
t q p i p e m
v z m i m q
t q p i m e
t q v z b o
n z m c p x
t q v z p e
w z t r p o
t q p i p e m
n a k a b z
t q p i p e m
t z v z p e
y c m n e p e
v z m i m q
v z m i m q
v z m i m q
t z v z p e
t q a s u p e
t q v z p e m
v z m i m q
v z m i m q
v z m i m q
t q v z p e m
t q v z p e m
n z m c p x
v z m i m q
t q v z p e m
t z v z p e
v z m i m q
t q p i p e m
v z m i m q
n z m n c k r
t q v z p e m
v z t r n g r
v z t r n g r
n a p i b z k u
v z t r n g r
v z t r n g r
t z v z - n g r
v z t r l e
n z o - k r m
t q v z p e m
t q t u p x m
d w a t r k r
m n c t i k r
v z - z v z x
v z t r n g r
m n c t i k r
v z t r n g r
t q v z p e m
v z k i m l e
t q v z p e m
n z m c k r
v z t r n g r
n z r p i b z
v z t r n g r
m n c t i k r
v z k i m l e
v z t r n g r
r m c t i l e
t q p i m e
t q p i p e m
v z t r n g r
n z y c m n e
v z t r n g r
v z k i m l e
v z k i m l e
n z r p i b z
v z k i m l e
n z v z k i l r
n z r p i b z
n z v z k i l r
n z r p i l r
v z k i m l e
n z r p i l r
v z k i m l e
t q a s u l e
v z - z v z x
m n c t i k r
v z k i m l e
n z v z k i l r
t u l z m c
r m c t i l e
v z k i m l e
t q a s u l e
v z p x b z k r
r m c t i l e
m n c t i k r
t q p i m e
v z p x b z k r
r m c t i l e
v z k i m l e
r m c t i l e
r m c t i l e
v z - z v z x
v z - z v z x
t u n e p w z
t q v z p e b z
v z p x b z k r
n z m c k r
