n a v z - k a i p o
t q a m r l z
n z m n c t x p w z
t q r m c t i p e k r
t z m n c n g r
t q m r l z p e
t q r p i p e m l e
n z m w i n g r
t q v z p e
d r l z d r n g
n z b o m - k r d e
t z t a v e l r
t z k u k i r p e l r
v z k r
n z a b r t z l v z l r
n z n g i k r
n z r m n q t x n g
t q v z p e
n z v z - k r d r
n z l x n g i t i - k r d r
n z w z k r
t q m r l z p e
t q r p i m l e
t z p i p e b z l r
t z l v c m l r
a b r t z t x - n g r g r
t z k u k i r p e l r
t q n g q p e l e n g
n z a m z b l q p x - k r m c
k r l x l z p e l e
y c - n r b a l q
a m u k x t r t x
n z a t a k i
a s u m i p e b o
t q n e p e
n z v z k i o p e - k z l r
t q v z - n g r n e
r v z m i m
n z v z n e - k r g r
n z p w x n g
n z r t r n g r - n g r b z
l x e d e
t q a t a t r p e l e
n z t a v e t r l r
t q w a i k i
t z w a i s z - n g r d r
t q a l v c - l z b q - n g r g r
t q m n c t r p
t q m c p e k r
t z t a v e t r p e l r
n a a g l q b z l r
s c g u
n a r b o m p e n g
n z p n u t i t x
n z m e i t r p z
n z d w a t r - k r g r
m z t e
l r d r
n a v e x
t q v z t r - m o p w z k r
t q v z t r - m o p w z k r
n a p i b z k u
t q v z t r - m o p w z k r
n z p n a t i - k r b z m u
t q v z t r - m o p w z k r
n z w z - k r n g e
v z x
v z x
v z x
n z v z
n z v z
v z t x
o t i m
n a m w i
v z p e m
m c p x m
v z p e m
m c p x m
e s z ' n e
n g r d e
v o m l e
t u o m
n a v z b z
p i b z l e
t q p i b z
p i b z l e
n a v z n g
t q p i b z
n a v z n g
n a v z b z
n a v z n g
n a v z b z
t u o m
t q v z b o
n z m c t r
t q v z b o
v z m i m q
n z v z p e n g
o t i l e
n g r d r
t q v z b o
t z v z p e
t q t u l z
t z v z p e
v z m i m q
x l r k r
t r t e g r
x l r k r
m c t r k r
t q p i m e
d r l z d e
n a p i b z k u
t q p i m e
m n c k r
t r s u k a
t q v z p e
t q t r k a
t q p i m e
t z v z p e
x l r k r l e
b r n g e
n z m c k r
n z v z p e n g
n z v z p e n g
n z r p i b z
n z v z p e n g
v z t r n g r
t z v z p e
v z t r n g r
n z t u n g r
t r t e d e
t z v z p e
x l r b z l e
t q p i p e m
t q p i p e m
v z t r n g r
t q p i p e m
n z p n z '
t u t x l z m
n z v z p e n g
x l r k r l e
x l r m l e
v z t r l e
t q v z p e m
t q v z p e m
n z v z p e n g
n a k a b o
t q v z p e m
r m c t i l e
x l r m l e
t q v z p e m
t q v z p e m
x l r b z l e
t u l z m c
t q v z p e
d w a t r k r
r m c t i l e
v z m i o l e
x l r k r l e
n z m c k r
x l r m l e
v z m i o l e
v z m i o l e
v z m i o l e
v z m i o l e
v z m i o l e
r m c t i l e
v z m i o l e
v z m i o l e
n a p i b z k u
m c k r
v z m i o l e
v z m i o l e
v z m i o l e
t q v z p e m
t u l z m c
x l r b z l e
r m c t i l e
o t i m
r m c t i l e
t q v z p e
t q v z p e
e s z ' t i
t q m c p e x
t q m w a p e
v z k i m l e
v z k i m l e
t q v z p e b z
n a p i b z k u
t q p i b z k r
t q p i b z k r
v z t r n g r
v z k i m l e
b z t i p e d e
t q m c p e l e
t q p i b z k r
n z m n c n g r
t q v z p e b z
n a r l z
v z k i m l e
n z r p i m l r
v z k i m l e
t q v z p e b z k r
t q m c p e x
t q v z p e b z
n z r p i l r
t q v z p e b z
t q v z p e b z
a l v z t r l e
t q v z p e b z
t q v z p e b z
t q v z p e b z
r g l q p x k r
t q v z p e b z
v z k i m l e
n z v z k i l r
t q v z p e b z
n z v z k i l r
t q v z p e b z
v z t r n g r
t q v z p e b z
t q v z p e b z
v z k i m l e
t q m c p e l e
r m c t i l e
t q v z p e b z
v z k i m l e
n z r p i l r
r m c t i l e
n z v z b z n g
n z v z b z n g
t q v z p e b z
r m c t i l e
n z r p i m l r
n z v z b z n g
n z v z b z n g
n z v z b z n g
n z v z b z n g
n z v z b z n g
n z v z b z n g
t q v z p e b z
t z v z - n g r
n z v z b z n g
n z v z b z n g
n z v z b z n g
n z v z b z n g
n z v z b z n g
t q m c p e x
r m c t i l e
r m c t i l e
