t z r y z k r n g
t q v z p e x
k r l z m g r
t q a o k z
t q m c p e b z k r
n z m w i p e - k r n g e
t q v z p e - k z x
t q v z p e x
n z l i - k r d e
t r t e g r
t q v z p e - k z x
t q a e n z l i k r
l i p e
n z m w a - k r g r
k r l z m g r
n a a g l q p e k r
y a n e - z v z k r
n a y a - p w z - t i p e x
t q v z p e - k z x
t q v z p e - k z x
n z m u - k r g r
t q v z p e - k z x
t q v z p e x
t q v z p e - k z x
t q v z p e x
o t i m
t q y a g o x p e
t q v z p e x
t q v z p e x
t q v z p e - k z x
t q v z p e x
t q v z p e - k z x
n z m w i n g r
t q v z p e x
t q v z p e - k z x
t q v z p e - k z x
t q v z p e x
t q v z p e x
t q v z p e - k z x
t q v z p e - k z x
t q k a w i o p e k r
t q r k a w i t i k r
n z o l v x t i - k r d e
k x l r p r
m a l e l e
t q b z p e
m n c l v z r n g r
t q v z p e - k z x
t q v z p e x
t q v z p e - k z x
t q v z p e x
n a - a e n z l i m g r
t q r m c t i p e k r
t q v z p e x
b x t r t x p w z
n a y a p w x t i m l e
r y a p w x - z v z k r
d w a s x p x - k z p q g r
t q k q l e p e b z l e
n z t u - z v z - k r d e
t q v z p e - k z x
t q v z p e - k z x
t q v z p e x
n a o p e k r
t q a m z n r p e l e
t q v z p e x
t q v z p e - k z x
t q v z p e - k z x
n z d w a t r - m o u - k r g r
a p u l e
p w x p w z
o t i b z
t q y r k r t r - a t e m
t q y r k r p e n g r
y a g o x t x
n z y c m n e - k r b z l r
t z m c n g r
n z l x n g i t i - k r d e
n a y a - p w z - t i p e x
a b r t z l v z k r
n z a b r t z l v z l r
y r k r p x b z l e
m n c l v z r n g r
m n c - e p e l z l e
t q x n g i - a t e b z k r
n z b a o - k r d e
n a o b q - k a p q p x
n z t c n g r l z k r
t w z q
t z t w z n e d r
n a r t w z m
t z r t w z t i n g
t w z t r l e
n z t w z t r k r
t w z k i p x l e l e
n z r l a s z - a t e - k r d r
n a r l a s z p e l r
n z r t a n g r t i - k r d r
t q r t a n g r n e
t q y r n i t x p e
t z y r n i n e t r p e b z n g
k a l z m l e
d w a s x p x - k z p q g r
n z v z - r b r - k r d r
y r n i - e b i r p e n g
t q y r n i t x p e
a c l v e l e
n e d r n g
n e d r
n e g u n g
n e n g e
n z a p u s r - k r d r
r m c t i p e k r
m r l z p e
k r l z p e b z k r
t r r l r - n g r p l e u
t q r l r p e - n g r m l e
t q w z t i p e l e
a s a - n g r g r
t q v z p e - k z x
r m c t i p e k r
r m c t i p e k r
n z m c p x
e s z ' n e
t q r p w a ' - n g r b z m e
n z m c p x
r m c t i p e k r
n z o b q - k a p q k r
t q r p w x m z
n z k a t x - k r d e
n z y r p u t i p x k r
d a b u k r
t q x p l r
r k a l z m q g r
r k a l z m g r
k r l z m g r
y z l u m c
m c t e
n z a n g i o
n a k a b o
n z a n g i o - k r d r
n z t a o k r
t q o t i p e m l e
o t i b z
t q o t i - a t e m
t q t r k a
n z a l v z t r n g r
n z a b r t z l v z l r
n z a b r t z - z v z n g r
n z m a - n q b l q l r
n z w z - z l w z - k r g r
t q o t i - a t e m
t r t r k a - z l w z p w z u
t r b o i u
n z p c t i k r
t z r l x n g i t i n g
t q d w a p l r k r n g
t z y a p x p e n g
b z a m u
b z t x p n z '
n a b z p e - n g r g r
n a b z m i p e l e
n a b z t r k i
k x t r k a
n z r n i b q n g r
n g r g u
r d r n g
n g r d r
n g r d e
n a l i
n z n g i n i - k r d e
n z t u - z v z - k r d e
t z a y o t i
t z a o l v z - a t e b z
e t u t x
b r t i t x
m r b r l z m
t q a m r b r t r p e l e
n e d r n g
n e d r
n e g u n g
t q p z l e
p z t i t x k r
t q s i k l u b e - n g r n e
y r b u t i p e n g
r k a t r p q
e t u t x
m e i t x t a t x p x
n z k q l u k r
n z p n a n g
r k a t r p q
v o m l e
o t i m
t q w z t i p e l e
r m c t i p e k r
n z m c p x
n z p w x n g
n z r l z n g
k x t r k a
t q r p n a p e - n g r m l e
t q r p n a - n g r m
t q y r p u t i p x p e
t q a s u p e b z
t r s u k a
t q d w a p l r k r n g
k x y a g o x
n a r y z k r - n g r g r
o t i m
l c p e
n z n g i k r
k c m a n g
k c m a
a w i t x - n g r b z k r
a w i t x p e
d r t q n g e
o t i b z
t q o t i - a t e m
t r m c w x u
d w a t x t r x
n a n g r l r t r k i
t z n g r l r k i o p e l r
t q r k a l z p e - n g r m q g r
n z m c p x
r m c t i p e k r
n z b o m l r
n z n g i - t r p e n g r k r
b r n g e
k x t o p w z
t z p r p x n g r
n z a l v z t i n g
k x n z a l v z t i n g
n z a l v z t r p l r
n z t u - z v z - k r d e
t q a s u p e b z
a s u m i p e b o
t q l x n g i t i - a t e x
n a l x n g i t i k u
e t u t x
k r l z p e b z k r
n z m u - k r d r
n z r p l a m e i t i - k r d e
t q w z t i p e l e
n z r k a t x - k r d r
t z t a v e t r l r
r n g i - b a t r p q
m r b r l z m
t z s i k l u n g
n a a g l q p e k r
n z y c m n e k r b z
t r v z u
t q l u - n g r g u
t q l u x
n z t u - z v z - k r d e
n a - a d r v r - n g r b o
d r v r m i n e m l e
k x t o p w z n e
k c p e
k c m a
t q w q p e
n z m w x l r t i - l z b q n g
t r m w x l r k r u
v o t r p z k r
t q v o t x - n g r p w z
t u t x l z m
t q t i n g r
n z r m n q - k r d r
y c m
t q o t i - a t e m
n e d r n g
n e m u n g
t z y z l u p e - m o p w z n g
p r t z t x b z k r
t r - r m n q u
n a p i p x - l z b q n g
t q r p i - n g r n
n z r k a k r b z
t q r k a b z
n z k a t x p x - k r b z l e
n z k a t x - k r b z l e
n a k a b z k r
n z k a l z - n g r m l r l e
n a k a m l e
n z k a p x m l r
n z r k a t i p x m q n g
t q r p n a - n g r m
t q r p n a p e - n g r m l e
b l r k q n g e
n a p i t x t r - m o p o
n z r p i b z
n z r m c t i - k r d r
m w x l r t i - z l w z k r
k x b q n g
t z a n g i o l r
n z x l r b z l r l e
x l r k r l e
n a l i n g
r n g i - b a t r p q
n z b r l c l v z n e p x - k z p q
t q y r n i p e x
m n c - e p e l z l e
y a p x - z v z k r
n z y a l z - k r g r
n z y a - z v z n g
t r t e n g e
n a y a p w x t i m l e
r y a p w x - z v z k r
n z r y a p w x - k r b o
n a y a p w x t i p x b o
y a p w x t i - z p w x m a m u
n z o b q p x b z
o b q o b z
k x b q g r n g
s c g r
s c d e
s c m
t q y r k e l v z q
t q y r k e l v z x
m n c l v z r n g r
n z a t o l w a - n g r n g
n z r k a l z m q n g q
x l r m l e
n z w a i n e - n g r b z l r
v o m l e
t q y r l w r p x - n g r m
n z y r l w r t r - k r b z l r
x l r m l e
r m c t i p e k r
n z m c p x
n z a y c n g r l r t i k r
t z a n g r l v z n e o p e l r
r m c t i p e k r
n z m c p x
n z m c p x
t r t q k a p e p w q l e
r n g i - b a t r p q
t q a s u p e b z
a s u m i p e b o
n a t r k a - z l w z l e
n z e s z ' m z n g
m n c l v z r n g r
v o m l e
n a p i t x t r - m o p o
n z r p i b z
n c b l o n g r
y c t x b z
y c - n r b a l q
y c t x o p e
t q y c o m
n a y c t i p x m
t q y c n g r
t q y c o n g r
y c t r p e n g r
n z r l x t i b z l r
n z r l x t i - k r m l r
n a r l x t i b o
n z r l x t i - k r b z
t q t o p w z b e - n g r n e
t u t x l z m
n z a y o n e p e - k r d r
n e m u n g
n e d r
n z r p i b z
n g r d e
n g r d r
t q w x b u p x - n g r m
t r n a n i b q l e u
y a p x - z v z k r
n z y a l z - k r g r
t z y a p x p e n g
n z r t r n g r - n g r b z
n z r t r n g r t i o l r
t r n z k q l u - k r p e p w q g r u
t z o d u t r - l x b l r - m o u n g
t z m a t q
k x t o p w z
t z p r t r - m o p w q
n a p r o m
t q m a l e l e
k x n a m u
n z o t r p z n g
n z o - z l i o - k r g r
n z o t r n g r
n a o p e - k a i x
t q y a p x p e b z
t z y a p x p e n g
t q n g r l r p x p e m
t q n g r l r p x p e k r
n z a p x - n g r b z
k r l a
n a p i t x t r - m o p o
n z r p i b z
n a m a p u p e b z l e
r m c t i p e k r
v z b z k r
t q v z d z k r
t q v z k i l e
t q v z n e
n a v z - k a i p o
v z - z v z k r
t q v z p e - m o u k u
t q v z - n g r n e
t q v z t x p e
n z v z m q n g
t q v z - n g r m
t q v z t r p e b o
t z v z o n g
v z - n q b l q m
n a v z - m i p e x
v z k i p e m l e
t q v z k i p x
n z v z k i
t q v z - n g r m o
v z m i t r l e
n z v z n e - k r g r
n z v z k i o p e - k z l r
v z - n g r b z k r
n z v z - k r m g r
v z p x m
n a v z d z k r
t q v z t r p e k r
n z v z p x m q n g
n z v z o - n g r m
v z b z
n z v z - k r b z
v z m i t r p e l e
t q v z t x
t q v z p e b o
t q v z - n g r m l e
t q r v z m i p w q
t q v z d z p e - n g r m g r
n z v z m i - k r g r
v z - m o p w z k r
v z o
t q v z n e - z v z k r
n z v z o - k r m o p w q k r
t q v z o p e
r v z m i m
n z n g r l r t r n g
k x t r k a
y r l q t x - m o u x
n z y r l q t r p z l r
a s u m i p e b o
t q a s u p e b z
t r s u k a
n a y r k r t x
t q y r k r p e n g r
b l e t i p x - l x b l r n g
a b r t z l v z k r
n z y c t i k r
d r k a ' n g
t z y a p w x t i p e b z l r
t q k a b z k r
t z n g r l r k i p e b z l r
n a n g r l r k i t r l r
n z n g r l r p x - k r m g r
t q n g r l r p x p e m
t z n g r l r k i o p e l r
n a n g r l r t r k i
n a l x n g i t i k u
t q l x n g i t i - a t e x
n i b r n g e
p l a m e i t x d e
t q m e i p x
n z a t r k a t i
t q t r k a ' n g r
t r t r k a - z l w z p w z u
t q t r k a m i
k c m a
k c m a n g
n z r p i b z
t r n z p i - k r p o ' u
n a p i t x t r - m o p o
n z b o m - k r d e
n a y c t i p x m
y c - n r b a l q
e s z ' n e
t q p n z ' l e
t z p n z - l z b q n g r
t q r p n a - n g r m
n z y c m n e k r b z
m z ~ n i b r
n a o k a t r - n g r d e
n a o k a t r p q l r
n z a l v z t r p l r
t q r p i - n g r n
n a p i p x - l z b q n g
r m c t i p e k r
n z m c p x
n z r p i b z
n a p i t x t r - m o p o
t r n z p i - k r p o ' u
t q a m a o p e
l a p w z
t q m e i p x
p l a m e i t x d e
n z r l z - k r g r
t z l z t i t r
n z l z
t z l z t r
n z l z t i n g
n z r l z - k r b z l e
n z w r d e
y r p l a b r t q p e
d r t w r n g e l e
t r l r p r k r u
n z b o m - k r d e
x l r k r l e
t z m u p e - n g r d r
t z l v c l z p e - n g r d r
t q o l v x t i - a t e l e
e s c t r p e m
g l a l z l e
n a p i t x t r - m o p o
v o m l e
t q n g r l r p x p e k r
t q n g r l r p x p e m
m n c - e p e l z l e
r m n r - n g r b z
m w i - l x l r t x p w z m u
t q m w i - n g r n a m u
n z m w i p x m
t z m w i p x - n g r m
n z p r p x k r
n a k a b o
t z m u p e - n g r d r
k q l u t x
y r w i t x p x l e n g
t q o p x p e - n g r d e
n z r p i b z
n a p i t x t r - m o p o
t r n z p i - k r p o ' u
t q n g c n e o m
v o t r p z k r
t q v o t x - n g r p w z
t q a l v c t r - l z b q p e
n z l z t i n g
b x p i z p x
n a o b q - k a p q p x
v o t r p z k r
t q n g r l r p x p e k r
t q n g r l r p x p e m
a t a k q t i - l z b q t x k r
n a p i t x t r - m o p o
n z r p i b z
t r n z p i - k r p o ' u
t q w z t i p e l e
k x e t u
k x e s z '
t a p l x s r g r
t q y r n i t x p e
t z y r n i n e t r p e b z n g
y r n i - e b i r p e n g
t z m u p e - n g r d r
n a k q t x o m
n z k q o - k r m
r n i p e x
x n g i t x t r l e
n z a n g i o - t x p w z l r
n z a n g i o - k r g u
b z a m u
b z t i p e d e
n z b z t i - l x b l r n g
m n c l v z r n g r
m n c - e p e l z l e
t z n g r l r k i o p e l r
t q n g r l r p x p e m
t q m a l e l e
t r n z p i - k r p o ' u
m n r n g e
m n r g r n g
m n r g r
l i p w z
l i t x t r
n z p c t i k r
k x e t u
k x t o p w z n e
k x n z t o p w z
t q t o p w z b e - n g r n e
t r t z r p n a p e u
n z r p n a n e o p e - k r m l r
n z r p n a - m o u p q n g
p n a t i b z k r
t q r p n a - n g r m
t z a n g c p e l r
p x i q t x n e
t z k u k i r p e l r
d r l z d r n g
n z y r l e t i - k r d e
d w a t x t r x
t q v o t x - n g r p w z
v o t r p z k r
n z k q b l q p x - k r m c
m n c - e p e l z l e
m n c l v z r n g r
m n c - e p e l z l e
m n c t i o m g r
t z m n c t x p e n g
m n c n e - m o u - n g r g r
t q m n c n e t r p e m g r
m n c t x p e
t q m n c - k a p q n g r
m n c - k u
m n c p w z k r
n z m n c p e - k r g r
m n c l v z r n g r
t q a c l v e x
k x m r n a
n a o k l a t i t r - m o p q g r
n g r l a p l x p x k r
t q v o t x - n g r p w z
v o t r p z k r
n z m c p x
n z r m c t i n e d r
n z m c o m l r
n z m c p x
n z m c - k r n g e l e
n z m c p e - k z p z
t r n z m c p e l r u
n z m c p x b z l r
t q m c t i p e k r
t q m c t i a m u
t z m c t x p w z
t r m c p e l e u
m c p x m l e
t q m c - a t e k r
m c p z k r
r m c t i p e k r
m c - k z a m u
y c - n r b a l q
n a y c t i p x m
y c p q t i p e k r
t z y z l u p e - m o p w z n g
n z r p i l z n g r
p i p x - l z b q
t z p n a t i b z l r
y r l z o
m n c l v z r n g r
t z y c m n e p e b z
t z y c m n e - n g r p e m
y c m n e t r p z k r
n z y c m n e k r b z
t q o l v x t i - a t e l e
k x n z y a g o x n g
t r n z a e n z l i l r u
n a - a e n z l i t x k i
t q a e n z l i t i - n g r g r
m n c - e p e l z l e
m n c l v z r n g r
x l r b z
x l r l e l e
x l r b z k r
x l r k r l e
x l r b o l e
t z l v c n e n g
t z l v c l z p e - n g r d r
n z a l v c - k r g r
t z l v c m q n g
n z l v c n e - k r d r
t z l v c m l r
r l a s z k r
n a r l x t r p z k r
t z r p i p e l r
d z b e d e
n a p i t x t r - m o p o
t r n z p i - k r p o ' u
s e k a e n t x k r
r d r n g
n g r d r
n g r d e
n g r g u
n a p i t x t r - m o p o
t r n z p i - k r p o ' u
t q r g l q t i k r
n z a g l q - k r b z k r
n z g l q l z - m o u l r
a g l q t r p q g r
t q a g l q p e k r
r g l q k r
n a a g l q a m u
n z g l q o l r
t r n z y a g o x - k r g r u
t z m u p e - n g r d r
t r t e g r n g
t r t e d r
m n q t i p e l e
m z ~ n i b r
n a p i l v z t i
n z m e l z - k r m e
r g l q k r
n z g l q o l r
n i b r g r
m n q t i p e l e
k x p r t z
n z r p i b z
n a p i t x t r - m o p o
t r n z p i - k r p o ' u
t q m r l z x
n a - a m r l z t r - n g r b z l r
k x t r m r l z u
t u t x l z m
y a p x - z v z k r
t z y a p x p e n g
n a k q t x o m
t r n a n i b q l e u
n z o b q p x b z
o b q o b z
n a t q d e
t z l v c l z p e - n g r d r
n z a y o n e p e - k r d r
p w x p w z
a m y a
m y a s z p x l e
t z a k i - l z b q p e
d r t q d r
l r d r
n z g l q o l r
t q w x b u p x - n g r m
t q a m z b l q p x m c
n z a m z b l q p x - k r m c
e s z ' n e
n z l z t r - n g r d e
n z l z t i n g
n z r l z - k r b z l e
t q a l e x
n a a l e - k a i p z n g
t q w x l i k i t x p x
k x p r k i
t q r g l q t i k r
n z g l q o l r
t a g l c t x d e
n z p n u - l i g r
n z t e k q t r n g r
s c m
n z l c - a p q b z n g r
k x y r l z
n g r l x o b z l e
n a t q n g e
b o o n g r
k x p c
k z t e d r
t r t a k i t r u
k a m
d w a t x t r x
t q y a g o x
k x r t c
m z ~ n i b r d r
n i b q t i
n i b r d e
l v c - a l z u p q
k a o m a m u
