n z v z b z n g
t q v z p e b z
n z t a v e t r
t q v z p e b z
n z v z b z n g
t q v z p x p e
t q v z p e b z
t q v z p e b z
t q v z p x p e
t z v z o p e n g
n z v z b z n g
t q t w z p e
v z t r n g r
t q v z b o
t q v z p e b z
n z r p i b z l r
t q v z p x p e
n a p i b z k u
t q v z p e b z
n z v z b z n g
n z v z b z n g
a t u l z n g r
n z v z b z n g
n z v z p x n g
n z v z b z n g
m n c t i k r
t q v z b o
t q t u p x m
n z v z b z n g
n z v z b z n g
t q a s u p e
n z r p i m l r
t q v z p e - k z x
n z v z b z n g
n z v z b z n g
t q v z p e m
m n c t i k r
r g l q k r
v z k i m l e
n z r p i m l r
r m c t i l e
k q l u t x p e
n z v z p e n g
n z v z p e n g
n a p i b z k u
a t u l z n g r
r m c t i l e
n z v z p e n g
n z v z p e n g
n z v z p e n g
n z v z p e n g
n z v z p e n g
n z v z p e n g
n z v z p e n g
d w a t r k r
n z v z p e n g
n z v z p e n g
n z v z p e n g
n z v z p e n g
t q p i m e
t u t x l z m
a t u l z n g r
t q v z b o
t r s u k a
n z t u n g r
y z l u m c
t q v z b o
v z k i m l e
t q v z p e b z
m z l w e n g
v z k i m l e
n z t u n g r
n z r p i b z
n z v z - k r m
n a k a b z
r d r n g
n z v z b z n g
v z k i m l e
t q v z p e b z
n z r p i l r
v z k i m l e
v z k i m l e
v z k i m l e
n z r p i l r
r m c t i l e
t q p i b z k r
v z k i m l e
n z v z - k r m
n z m c k r
t q p i b z k r
t q a m r l z
t q m r l z
n z p w x n g
t q v z p e m
v z k i m l e
t q v z p e m
r p i o b z l e
v z k i m l e
r m c t i l e
t q v z p e m
t q v z p e m
t q v z p e m
v z - z v z x
t q v z p e m
t q v z p e m
t q v z p e m
k x t o p w z n e
t q v z p e m
n z t u n g r
t q v z p e m
t q v z p e m
t q v z p e m
v z k i m l e
t q v z p e m
t q v z p e m
t q v z p e m
n z r p i l r
n z r p i l r
n z v z - k r b o
t q v z p e m
n z r p i b z
t q p i b z k r
n z r p i b z
t q v z p e m
t q v z p e m
v z t r n g r
n z m c k r
t q v z p e m
v z k i m l e
n z t u n g r
n z r p i b z
v z k i m l e
v z k i m l e
v z k i m l e
k x t o p w z
n z r p i b z
v z t r n g r
v z t r n g r
n a k a b o
t q v z p e m
t q k i p o p e
n z r p i b z
t q r p i p e x
n z p n a n g
r y z k r
e s z ' n e
t q o t i m l e
n z r p i l r
n z r p i l r
t q v z p e m
t u l z m c
d a p u d e
v z - z v z x
n z m c k r
v z m i o l e
v z m i o l e
v z m i o l e
v z p x b z k r
v z t r n g r
v z t r n g r
v z m i o l e
y r n i t x
n z m n c k r
v z t r n g r
n z r p i l r
v z m i o l e
v z p x b z k r
d w a t r k r
t q v z b o
t q p i m e
v z t r n g r
t q v z b o
v z p x b z k r
v z t r n g r
n a v z n g
v z t r n g r
v z t r n g r
v z t r n g r
t q v z p e b z
n z k q l u k r
v z - z v z x
t q p i m e
v z t r n g r
t u t x l z m
t q v z p e b z
t q m u k r
n z m c t r
t q v z p e b z
r k a t r p q
n z m c k r
v z m i o l e
t q p i m e
v z m i o l e
t z y r b q t i
v z m i o l e
v z m i o l e
n z v z - k r m
v z p x b z k r
v z m i o l e
v z p x b z k r
v z m i o l e
v z p x b z k r
t q p i m e
t q m c p e x
v z m i o l e
n z v z - k r m
v z m i o l e
v z m i o l e
v z p x b z k r
v z - z v z x
m c t r k r
v z p x b z k r
v z k i m l e
v z m i m q
n z v z - k r m
t q p i m e
n z m c p x
n z m c k r
m c l x n g
v z k i m l e
n a v z n g
n z m c k r
v z t r n g r
t q r p i p e x
v z k i m l e
v z p x b z k r
n z m c p x
v z p x b z k r
x l r b z l e
v z p x b z k r
t q v z b o
m n c t i k r
v z p x b z k r
v z p x b z k r
t q p i m e
k r l z m l e
v z m i m q
v z p x b z k r
t q v z b o
m n c t i k r
t q p i m e
v z p x b z k r
n a v z n g
t r s u k a
d w a t r k r
n a l i n g
t q t u l z
v z p x b z k r
v z p x b z k r
v z m i m q
v z p x b z k r
t q v z p e m
t u l z m c
v z m i m q
n a v z n g
k x t r k a
t q p i b z
v z p x b z k r
t q p i b z
v z p x b z k r
d r t w r d r
t q p i b z
t q p i p e m
n z m n e t i
n e d r n g
t q m u k r
n a v z n g
t q p i p e m
t q p i p e m
m c l x n g
v z - z v z x
v z - z v z x
x l r k r
v z m i m q
n z p n a
o t i b z
v z p x b z k r
o t i - k z p z l e
v z m
n z r p i m
n a v z n g
n a v z n g
n a v z n g
n a v z n g
n z m c t r
m c l z k r
t q p i p e m
v z k i m l e
n a v z n g
t q r p i p e x
t z v z p e
m n c t i k r
t z v z p e
n z m c t r
t u n e p w z
m c l z k r
t z v z p e
t q p i b z
n z m c t r
t z v z p e
t q p i p e m
t q p i p e m
n z m c p x
t q p i b z
n z r p i m
t z v z p e
t q v z p e
n z m c t r
t q v z p e
t q v z p e
t q v z p e
t q v z p e
t q v z p e
t q v z p e
n a v z n g
t q v z p e
t q p i b z
t q v z p e
t q v z p e
m c l z k r
t q v z p e
t q v z p e
t z v z p e
n a v z n g
n c t e
t q v z p e
v z t r l e
n a v z n g
t z v z p e
n z r p i l r
v z t r l e
m c l z k r
t z v z p e
v z t r l e
t u l z m c
t z v z p e
t q v z p e
n z w r d e
n a v z n g
t q v z p e
v z t r l e
t u t x l z m
m c l z k r
t z v z p e
n z m c t r
n a v z n g
n a v z n g
v z m i m q
m c l z k r
n z m c t r
n z m c p x
n z y c m n e
t q p i p e m
n a v z n g
k x y r l z
m n c k r
t u n e p w z
t q a s u l e
n a v z n g
t u n e p w z
t q p i b z
n z m c t r
n a v z n g
n a v z b z
v z t r l e
n a v z n g
n a v z n g
v z m i m q
n a v z n g
m r b r l z m
n z y c m n e
t q p i m e
n g r g u
n a v z n g
n a v z n g
n z m c p x
n a v z b z
t z v z p e
t q p i b z
v z k i m l e
t q p i m e
t z v z p e
v z k i m l e
v z m i m q
t q p i b z
v o t r p z k r
v z m i m q
t z v z p e
t z v z p e
v z t r l e
t z v z p e
n a r l z
n z r p i l r
t r t e d e
v z t r l e
v z m i m q
v z t r l e
t r t e d r
t z v z p e
v z t r l e
v z t r l e
v z t r l e
v z t r l e
v z m i m q
v z m i m q
v z t r l e
v z t r l e
t z v z p e
n z m c t r
v z m i m q
v z m i m q
t q p i b z
t z v z p e
v z t r l e
n z m n c t x p w z
v z m i m q
n a v z b z
v z t r l e
t z v z p e
v z m i m q
n z m c t r
v z m i m q
v z k i m l e
v z m i m q
v z t r l e
n a v z b z
t z v z p e
t u n e p w z
t u p x m
v z m i m q
v o t r p z k r
m n c p e x
k a m
n a r l z
m n c p e x
t u p x m
n e d r n g
v z t r l e
v z t r l e
n z y c m n e
n a v z b z
w z t r p o
t q a s u p e
m c l z k r
n a v z b z
e s z ' t i
n e d r n g
t q t u l z
m c t r k r
n a v z b z
n a v z b z
w z t r p o
v z t r l e
e t u t x
v z t r l e
v z t r l e
n a v z b z
n a v z b z
n a v z b z
n a v z b z
r m c t i l e
n a v z b z
p i b z l e
t q t u l z
m c t r k r
k z t e d e
s u t x
t q n g i
e t u t x
n z r p i m
r g l q k r
r p i l e
m c l x n g
t q p i p e m
v z p e m
v z p e m
y c m n e k i m l e
m c t x m
m n c p e x
m c l x n g
m c l x n g
t q p i p e m
p w x p w z
m c p x m
m n c p e x
v z m i m q
m n c p e x
m c t r k r
v z m i m q
v z m i m q
m c t x m
m c p x m
v z m i m q
m c p x m
v z m i m q
v z m i m q
v z m i m q
m c l x n g
n g r d r
m c t x m
m c p x m
v z p e m
m c p x m
m c l x n g
v z p e m
v z p e m
v z p e m
p i b z l e
r p i l e
m c t x m
r p i l e
t q v o b e
m c p x m
v z p e m
m c p x m
m c p x m
m c p x m
v z p e m
m c p x m
v z p e m
m c p x m
n z m c p x
r p i l e
m n c p e x
m c p x m
p i b z l e
m c t r k r
r p i l e
t u o m
m c t x m
m c t x m
n a v z b z
v z p e m
n a v z b z
r p i l e
v z p e m
x l r k r
a p u l e
n z m c p x
m c t x m
n z m c p x
v z p e m
p i b z l e
m c t r k r
m c t x m
n a v z b z
p i b z l e
p i b z l e
t q v z p e
t q v o b e
x l r b z
m c t r k r
t q v z p e
m c t r k r
t q v z p e
v z p e m
p i b z l e
m c t x m
m c l z k r
k x l i
t u p x m
t u p x m
n a m w i
t u p x m
l i p e
v z - z v z x
m c t r k r
v o k r
n e d r
n e d r
m c t r k r
n z m c p x
v o m l e
v z p e m
n a v z b z
v z - z v z x
v z p e m
v z p e m
v z - z v z x
n e g u n g
o t i l e
v z - z v z x
v z - z v z x
v z p e m
m c p x m
v z - z v z x
v z - z v z x
v z p e m
v z p e m
v z p e m
o t i b z
v z - z v z x
k x l i
t q m n c
m c p o
m c p o
s c d r
t u o m
n a l i
m c p o
s c d r
v z k r
m c p o
m c p o
v z p e m
v z p e m
m c p o
m c p o
t u o m
n z v z
m c p o
n z v z
k x e t u
m c p o
n z v z
n z v z
m c p o
n z v z
n z v z
n z v z
n z v z
m c p o
n z v z
k x e t u
t u p x m
v o m l e
n e d r
t q m n c
k c m a
m w a k r
v z x
m c l x
t q m n c
t q m n c
n z v z
n z v z
n z v z
n z v z
n z v z
n z v z
n z v z
n z v z
v z x
n z v z
n e m u n g
v z p e m
v o k r
v z t x
v z t x
v z t x
v z t x
t q m n c
m c l x
t q n g r l r p e k r
v z t x
v o m l e
t q m n c
n z w z t i - k r b z l e
v z t x
t q m n c
m c l x
m c l x
v z t x
m c l x
m c l x
t u o m
n z v z
a s a n e
t u p x m
m c l x
t u o m
t q m n c
v z t x
n z v z
n e m u n g
o t i b z
v z x
n z v z
n z v z
y c m n e p e
v z t x
y c p x
v z t x
v z t x
v z t x
v z t x
v z t x
v z t x
v z t x
v z t x
v z t x
v z t x
v z t x
v z t x
t w z q
m w i t x
t q r p i - n g r n
t q r p i - n g r n
t u o m
n z w z k r
t r m c l e u
v z - z v z x
v z - z v z x
v z - z v z x
n z w z k r
t q t u p x m
v z x
t q t u p x m
o t i m
t q v z p e
t q v z p e
s c m
v z t x
o t i m
t q t u p x m
t q w x b u p x
v z x
m c t x m
k x p c
m r l x m q
t q t u p x m
v e x
m w a k r
k c m a
m w i t x k r
m w i t x
m c l x
m w i t x
m c t x m
m c l x
m w i t x
m w i t x
t q m n c
v z x
m w i t x
v z x
v z x
v z x
v z x
v z x
v z x
v z x
v z x
v z x
v z x
v z x
v z x
v z x
v z x
v z x
