n z v z
v z x
v z x
v z x
v z x
t z v z p e
v z t x
v z t x
n z r p i m l r
m c t x m
m c t x m
n z v z - k r m
v z t x
m c l x
n z m c
t z p n z - l z b q n g r
t q v z - n q b l q n e n e
t z m c n g r
v z - z v z x
t q m r b r
t z - z p q t r n g
n z a t a k i
m w i t x
m c p x m
t q m n c
n z m c t r
v z m i m q
m w i t x
v z - z v z x
m c p x m
m c l x n g
m n c p e x
v z t r l e
v z p e m
x l r m l e
t r t e d e
r p i l e
t q v z p e
t q v z p e
t z v z p e
t q v z p e
t w z l e
n z r p i b z
n z v z p x n g
v z k i m l e
r p i o b z l e
v z k i m l e
o t i l e
v z k i m l e
d w a t r k r
n z m c p x
t q v z p x p e
t q p i b z k r
n z m c k r
n z v z p e n g
n a v z n g
v z t r n g r
v z t r n g r
n z r p i l r
n z v z p x n g
t q v z p e b z
t q v z p e b z
p i b z l e
m w a k r
v z k i m l e
v z p x b z k r
t q v z p e b z
v z p x b z k r
t q v z p x p e
t q v z p x p e
p i b z l e
n z v z k i l r
t z v z - n g r
t z v z - n g r
t z v z - n g r
t z v z - n g r
t q t u p x m
t z r m c t i p e l r
n z m r l z k r
t q v z p e - k z x
t q p i p e b z l e
a t u l z n g r
n z v z b z n g
t q v z p e - k z x
t q t u p x m
t q v z p e x
t q v z p e x
t q v z p e x
n a r p n z '
t q v z p e x
n z v z k i o l r
n z r p i l r
t q v z p x p e
t q v z p e x
t q v z p e x
t q a m r l z
n z r p i l r
t u l z m c
r m c t i p e k r
p n z ' b z l e
n z w z k r
n z t u n g r
n z v z k i l r
n z v z p e n g
t q p i p e b z l e
t q p i p e m
n z v z p e n g
n z v z k i o l r
d w a l z m g r
n a v z m i b z l e
y r m q
n a p i t r - m o u p o
n a v z m i b z l e
n z d w a o n g r
r p i - m o u p q l e
l x e n g e
t q p i b z k r
n a v z m i b z l e
t q p i b z k r
t z l v c m l r
n z v z - k r n g e
t q m z b l q p x m
v z p x b z k r
k x p w x
y a g o x t x
n a n e n g
t q t u p x m
n a m n c t x p o
d w a t x t r x
t r t e d r
t q v z p e m g r
x l r b z l e
n z v z p e - k r d r
t q v z p e m g r
n z v z t r n g
l c d e p w z
n z v z k i o l r
n a v z m i b z l e
t q v z - n g r g r
r p i - m o u p q l e
m n c l z - n g r m
t q m c p e l e
n z v z n e p e l r
n z m n c l z b z n g
t q m n c - n g r d e
r p i - m o u p q l e
n z v z p e - k r d r
t q t u p x m
n z v z p e - k r d r
n e n g e n g
t q m c p e k r
t q r m c t i p e k r
m z l i   k c
k c m a
t q o t i p e b z l e
n a p i b z k u
k r l z m g r
t q t u n e p w z
t q v z - n g r g r
t z v z o p e n g
t q v z - n g r g r
n z v z - n g r m l r
n z l z t i n g
t q v z - n g r g r
t z v z o p e n g
t z v z k i n e d r
n a p i b z k u
t q m c p e k r
t z v z o p e n g
t z v z p e - m o u n g
m c t e
n z v z - n g r m l r
t u t i p x - n g r m
t q a s u l e
n z v z - n g r m l r
n z v z - n g r m l r
n z v z - k r n g e
t q w a i p e x
m z l e d e
n a p i b z k u
n z m n c l z b z n g
t q m n c - n g r d e
s c d r
t z x l r o p e l r
t q v z t r - m o p w z k r
t q d w a p l r k r n g
t z k u k i r p e l r
t z v z k i n e d r
t z v z n e p e n g
r p i - m o u p q l e
m n c l v z r n g r
n z v z - k r b z k r
t z r t a n g r p e
m r k c n g
n z v z - n g r m l r
n a v z m g r
t q v z o p e
t r v z k r u
t z v z - a t e n g
n a v z - n q b l q l e
n z v z k i o p e - k z l r
n z v z - k r m g r
n z v z n e - k r g r
t r v z u
n a v z
t z v z k i p x l r
t q v z o p e k r
t q v z t x p e
t q v z k i p x k r
n z v z b a t r - k r b z l r
v z - n g r b z k r
v z p e - k a i p
v z t x p e - n g r d e
v z - z v z k r
t q v z k i l e
t q v z p e b o
t q v z - e t r - n g r d e
t q r v z m i p w q
n z v z m i - k r g r
t q v z n e - z v z k r
n z v z d z m q n g
v z - n q b l q m
v z b o
t q v z - n g r n e
t q v z p e - m o u k u
t q v z d z p e - n g r m g r
n a v z b z k r
n z v z n e - k r g r
n a v z - k a i p o
t q v z o p e k i
k r l c d e n g
t q t u n e p w z
t u t x l z m
a s u m i p e b o
n z m n c l z b z n g
t q w z t i p e l e
n z y a l z - k r g r
t q m z n r p e
t q t u n e p w z
m n c - e p e l z l e
m n c - e p e l z l e
t z m w i p x - n g r m
t q m w i t x p e
n z m w i p e - k r n g e
m w i t x k r
t z m w i p x - n g r m l r
m n c - e p e l z l e
n z v z - k r b z k r
t z v z p x p e b z n g
n z v z - k r b z k r
