t q v z p e x
t q v z p e - k z x
t q v z p e - k z x
t q m w i - n g r g r
t q v z p e - k z x
t q r p i - n g r n
n z y a l z - k r g r
n z p i l z l r
n a m c k r
t z m n c - n g r d r
t q v z p e - k z x
t q v z p e x
n z m n c n g
v z - z v z x
t u p x m
n z a l v z t r n g
v z - z v z x
k r l z m l e
t q r k a l z p e m g r
t q r p i - n g r n
t z r p i p e m
t z t w z o p e l r
n a r p n z '
n z m u - k r g r
t r s u k a
k r l z m g r
t w z t r k r
r k a l z m
t q m n c
n z t u - z v z - k r d e
m n c l v z r n g r
n z v z b z n g
n a m n c n e - n g r g r
n z v z b z n g
n z v z b z n g
t q k r l z p e l e
m c o m q
n z r l z n g
n z v z b z n g
n a k i l z b z l e
n z v z b z n g
t q b z p e
n z v z b z n g
t q r m c t i p e k r
n a m n c n e - n g r g r
t q r m c t i p e k r
m n c l v z r n g r
n z w z t r n g
n z d w a t r - k r g r
n z k a t x - k r d e
n a v z - k a i k r
n a v z k r
n z v z b z n g
t q k i p o p e
n z y a p w x - k r d r
n z l v c k r
n z v z b z n g
n z l v c n g
t q r p n a - n g r m
t q m z n r p e
n a m n c n e - n g r g r
t z m w i p e n g
t u p x m
n z v z b z n g
t q r p w x m z
n z p r p x n g r
t q t u l z
k r l z m l e
n z m n c k r
m n c l v z r n g r
n z t a v e t r l r
t q a m a p e
n z x l r b z l r l e
n a m n c n e - n g r g r
t u p x m
t q r m c t i p e k r
n z r k a t x n g r
n z m n c p w z n g
k r l z m g r
n z m n c p e n g
t q d c
n e d r
n a m n c - k a p q n g r
t q m n c
y z l u m c
t q m c p e k r
t q m n c
m w x l r - n g r g r
t q m c p e k r
m r t u t x
t w z x
k x t o p w z
n z m z n r - k r d r
n z y c m n e - k r b o
n z m n c - l x b l r - k r g r
t q t u l z
t q a b r t z - z v z - n g r g r
t z y a p w x t i p e b z l r
n a y a p w x t i b o
a b r t z l v z k r
n z m n c p e n g
t q v z t r p e k r
n z a l v z t r n g r
n z p n a n g
n z r k a t x - k r d r
t q m c p e k r
n a e s z ' m z n g
n a n g r l r t r k i
n z l x n g i t i - k r d r
t q a m i n g r - n g r g r
t q o l v x t i p e l e
n g r l r m i m l e
t r k r l z w x u
n z r k a t x n g r
n z y a l z - k r g r
t q m e i p x
n z m n c p e n g
t q t u l z
n z b z t i - l x b l r n g
n z o t i p e - k r m
n z m n c p e n g
t q o t i p e b z l e
n z o t i p e - k r m
n z y c m n e k r b z
m z n r y a g w e n g r l c
v z b z
n z y c m n e - k r d e
n a k a t x b z l e
t z m c p x p e b z l r
n z a r l a p x - k r d e
t q a o k z
n z p n a n g
n z y c m n e k r b z
t q r p n a - n g r m
n z o - k r m
k c m a n g
t q n g r l r p x p e m
n a b z t r k i
t r m c l e u
n a m n c - k a p q n g r
t r k r l z w x u
n z l z t i n g
t q r m c t i p e k r
n z r l a l z - k r g r
t r k r l z w x u
m n c - k a p q - n g r g r
n z v z - k r b z
n z x l r m l r
n z m w a n g r
t q m n c - l x b l r p e k r
t q a s u p e
y r k r b z k r
n z k u k i n g
r k a l z m g r
r k a l z m q g r
t q m n c - n g r g r
n z p r p x k r
n z v z n g
t q y r k r p x k r
t q y r k r p e n g r
y r k r t x o
t q n g r l r p x p e m
t q n g r l r l z p e
y r l q t x b o
n z m n c p e n g
t q t u p x m
n z a t u p x - n g r m
t z r l x n g i t i n g
n z m n c p e n g
t z n g r l r k i o p e l r
n a r l z
n z a l v z t r l r
t z r l x t i m l r
n a r l x t r p z k r
n a r l x t i t x - p w z k r
t q r l x t i p e b z k r
x l r b z l e
n z y a g o x - k r d e
t q n g r l r p e k r
d w a s x p x - k z p q g r
d w a t x t r x
t q y r p u t i p x p e
t q y r p u p x
t q b r l x - k z p e
n z y r m q n g
t w z t x p o
t q e t u n e p x p e
n z e t u p e - k r n g e
t u p x m
n z p w x n g
n z - z p q t r - k r d r
t q m n c - l x b l r p e k r
n z a y o n g r
t q m w i t x p e
t q m n c
t z m a i l z l r
a e l w a p x
n z r l z - k r g r
n z y c m n e - k r b o
p w x p w z
n z r l e t i n g r
n z r k a t x n g r
t z n g r l r k i o p e l r
t q l x n g i t i - a t e x
t q p r t r p e b z k r
d w a - r b r l z - n g r m q g r
t z r t w z t i p e - k z n g
t z y z l u p e - m o p w z n g
t r n g i u
t z r t a n g r p e
t z s i k l u t i
y r p l a b r t q p e
t q y r p l a t r n g r
b z p e k r
t z t a v e l r
n g r l a p l x p x k r
t q e t u
t z t a v e l r
n z a b r t z k r
a b r t z l v z k r
k x g l r
n g r l r m i m l e
t q n g r l r l z p e
n z r p w a ' - n g r b z l r
r p w a ' - n g r b z
t q r p n a l z m
t q p n z ' l e
t q a c l v e b o
t q m n c - l x b l r p e k r
y r k r t x o
t q y r k r p e n g r
y r k r p x b z l e
n z t u - z v z - k r d e
k x l r p r
n z p l z p x - k r m a m u
e t u t x
n a y a g o x n g
t q r p n z ' p e b z
t q r p n a l z m
p n z ' t x d e
n z p n z ' p e m
p n z ' b z l e
t q p n z ' l e
n a k a b o
r k a t r p q
t u n e p w z
p i b z l e
p i b z l e
t z p r p x p e n g
t z p r t r p e - k z n g
t r t q w z p e u
n a a g l q b z l r
n z g l q o l r
n a a g l q a m u
n a a g l q p e k r
t q m z n r p e
y a p x - z v z k r
n z y a - z v z n g
n a y a - p w z - t i p e x
y a n e - z v z k r
n z t a v e t r
k x m a t q
n z l z t r - n g r d e
n z t u - z v z - k r d e
t z y r n i n e t r p e b z n g
d r t w r g r
n g r l r m i m l e
t z a y o t i
n a y a g o x n g
t q n g r l r p e k r
n z a b r t z k r
p i b z l e
n z s i k a p u - k r d e
d w a t x t r x
n z d w a t r - k r d e
d w a l z m g r
n a y a p w x t i b o
t z y a p w x t i p e b z l r
t z k r l z p e - a t e l r
v o m l e
t q v z p e k r
y r l q t x - m o u x
n a a m i n g r - n g r g r
n a a m i n g r t i - n g r d r
d w a - r b r l z - n g r m q g r
t q t o p w z b e - n g r n e
k x t o p w z n e
k x n z t o p w z
t q o t i m l e
t q o t i - a t e m
o t i b z l e
n z p n a
t q p n z ' l e
m c p z k r
t a b c - z v z k r
n o u d e
y r k r p x b z l e
r m c t i - n g r g r l e
t r t q w z p e u
m z k e '
t q a b r t z - z v z - n g r g r
n z k a l z m l r
r k a t r p q
n a a g l q p e k r
n z g l q o l r
n a y a p w x t i b o
n z w z t i - k r b z l e
n g r l x t x o
k x n g r l x o b z l e
t q t w z o p e
t w z q
p r t r p o
n a r l z
n z p i - k r m l r
r p i o l e
p i p e b z
t q r p i m l e
n z p i p x k r
r p i b z k r
n z r p i b z
r p i b z l e
t q r p i p e b o
n z r p i - k r b o
t q r p i l e
t q r p i p e b z l e
t r p i p e ' u
v z m
t q m w i t x p e
n z m w i p e - k r n g e
m w i t x k r
k x o d a
t r n z k q l u - k r p e p w q g r u
n z k q l u t x
n z p n z '
r m c t i - n g r g r l e
n z p n a t i - k r b z m u
n z b o m - k r d e
n z p n a t i l r
t r t z r p n a p e u
n z r p n a k i p x n g r
n z p n a t i - k r g r
n z r p n a n e o p e - k r m l r
y r w i t x p x l e n g
n g r l a p l x p x k r
t q v o b e
t q v o t x - n g r p w z
n z l v c n e n g
n z l v c - k r m l r
t z l v c - a t e n g
n z l v c n e - k r d r
t z l v c l z p e - n g r d r
n z w r k x t r n g r
t q n g q p e l e n g
n a n g q t x k r
n z n g q t i t x p w z
n a n g q n a m u
n z y r l q b z
t q k a p u t r - n g r b z
t r t r k a - z l w z p w z u
n a r l x t i t x p o
t q m r l z - n g r d e
m r l z p e
n a m n c - k a p q n g r
v o t r p z k r
t r t q w z p e u
n z w z t i - k r b z l e
m z l i   k c
t q m n c - n g r d e
n z m n c l z b z
y r l q t x - m o u x
t z t w z n e d r
t w z q
r t w z t x - n r b a l q b o
n a r t w z o b z
t z r t w z - k z n g
m r k c n g
k c m a
m z l i   k c
d r l z d e
d r l z d r n g
n z r p l a m e i t i - k r d e
r m c t i - n g r g r l e
t q y a g o x p e
t z n g r l a p l x
n z y r l q
n a r y z k r - n g r g r
t z r y z k r n g
k x n z t o p w z
t q w x l i k i t x p x
w x l i k i t x p x p n z
n z a p r e s i n - n g r
n a y a - p w z - t i p e x
y a p x - z v z k r
y a n e - z v z k r
n z a b r t r - k r b z k r
r m c t i - n g r g r l e
n a - a m r l z t r - n g r b z l r
n a m r l z
t q m r l z - n g r d e
m r l z p e
n z a l v z t r p l r
t q v z p e - k z x
t q a c l v e x
t r l r p r k r u
n z y r m
t q r y r - n g r n e
t q r y r n g e
m w i t x k r
n a m w i
b o o n g r
o b q p x k r
n a r l a s z p e l r
n z t a o k r
a e l w a p x
n z a b r t z k r
d w a - r b r l z - n g r m q g r
t r k q o p q l e u
t r k q o p q l e u
k r k a ' - l e - b l r k u
n a a g l q p e k r
t r n a k r l z p q l e u
k r l z l z b z k r
n z k r l z t i
k r l z b z l e
n z k r l z t r p z
t r k r l z t r p w z u
s c d e
s c g r
n z w z t i - k r b z l e
x l r b z l e
k x p r k i
n z w z - k r g r
d w a t x t r x
t z m c n g r
n a r b o m p e n g
r g l q k r
n a a g l q p e k r
m w x l r t i - z l w z k r
t u t x l z m
t q t u n e p w z
t q t u p x m
o b q b z k r
k x b q n g
k x b q g r n g
a b r t z t x - n g r d e
a b r t z t x - n g r g r
a b r t z t x p e k r
t q r t w a y z b z
v o m l e
t q x p l r
n z l z t r - n g r d e
n z m c - k r n g e l e
n a m c t r
n a m c l e
n z m c o m l r
t r m c p e l e u
m c t e
n z m c p e - k z p z
t r n z m c p e l r u
t z m c t x p w z
t q m c - a t e k r
n a y a p w x t i b o
n z w a i n e - n g r b z l r
n z v z m q n g
n z l x p l z t x
o b q p x k r
n z o b q p x b z
y r l z t i l e
n a m w i
t q a l v c - l z b q - n g r g r
t q m e i t i o
t q a m e i b z k r
n g r l r m i m l e
n a l i
p i b z l e
r m c t i - n g r g r l e
t r n z y a g o x - k r g r u
y a p x - z v z k r
n z m n c l z b z n g
n z p e t i
n u t i t x k r
n a b z d r
v o k r
t z - z p q t r n g
n e d r n g
t r b o i u
t r t e n g e
x l r k r l e
n a a g l q b z l r
n a n g r l r k i t r l r
t q n g r l r l z p e
y r l q t x - m o u x
y r l q b z l e
m n c t x d e
t r m n c k r u
t z m n c t x p e n g
m n c p w z k r
t r n z m n c p e u
n z m n c l z b z
t q m n c - k a p q n g r
t q m n c t x p w z k r
m n c t i t x p w z k r
n a m n c - k a p q l z - n g r m a m u
n a y a - p w z - t i p e x
y a p x - z v z k r
n z i k l a p w z
n z w a i n e - n g r b z l r
w a i p n z ' l e
t q t u n e p w z
t q t u p x m
t q e t u n e p x p e
t q v o t x - n g r p w z
r d r n g
m z n r y a g w e n g r l c
n a l i
t z p n a t i b z l r
l v c - a l z u p q
r k a t r p q
n z k a l z m l r
m r b r l z m
t q t u p x m
t q t u n e p w z
t u t x l z m
n a m a p u p e b z l e
t q v o b e
t q v o t x - n g r p w z
t q y r n i t x p e
t q v o b e
m w a k r
t z y z l u p e - m o p w z n g
n z a b z l r
b z t i p e d e
n a o k a t r - n g r d e
n a o k a t r p q l r
n z y o l x o m l r
v o m l e
n a p i p x - l z b q n g
n z m n c l z b z n g
n z m n c l z b z
k x p l c
n a k a b o
n a k a m l e
k a o m a m u
n z k a t x p x - k r b z l e
r k a t x m
n z k a l z m l r
n a k a b z k r
n z r k a b z
t z l z t i t r
t z l z t r
l z o k r
n z r l z - k r b z l e
n z l z
t z l v a b e t r p e b z
v o k r
n z a t a k i
d w a s x p x - k z p q g r
n z t e k q t r n g r
n z n u r d e
t q m n c - n g r d e
n z m n c l z b z n g
x l r k r
n z a n i t x p w z n g
t z l v c l z p e - n g r d r
n z p r t r - k r n g e
a w i t x p e
r m c t i - n g r g r l e
d w a t x t r x
t q m n c - n g r d e
t w z q
t q p r t r p e b z k r
p r o t x k r
t z p r t r - m o p w q
y a g o x t x
o b q t r p z
o b q k i m c
t q t u p x m
t u t x l z m
t q t u n e p w z
n z a l v z t i n g
m r l x m q
m r l x m
d r t a ' d r
t q r b l x t i l e
t q r b l x t x p e
r b l x t x p e l e
d w a s x p x - k z p q g r
m z l w e d e n g
m z l w e n g
a c l v e l e
m q n g r m
t q a l v c - l z b q - n g r g r
p r o t x k r
t q p r t r p e b z k r
n a p i p x - l z b q n g
p r o t x k r
t q p r t r p e b z k r
t q o t i - a t e m
o l i q l z k r
t q p z l e
t q m z n r l x p e
n z m n c l z b z
n z m n c l z b z n g
n z m n c l z b z n g
x l r k r
t z l v c - a t e n g
t z l v c l z p e - n g r d r
l o l v z o a m u
p i b z l e
n z k r k a ' p x - k r m l r
n a y c t i p x m
y c - n r b a l q
n z r b o m k r
y c t x b z
y c t r p e n g r
t z k u k i r p e l r
t q a w i p e b z k r
a w i t x - n g r b z k r
n z a w i t x m
x l r k r
t q a m z b l q t x p x p e m c
t q m z b l q p x m
n z a m z b l q p x - k r m c
n i b r g r
n z o l z - k r m l e
n a p i l v z t i
r m c t i - n g r g r l e
l c d e p w z
t z a m c t i - n g r d e
m n c l v z r n g r
y a n e - z v z k r
n a y a - p w z - t i p e x
t q d c - z l w z n g r
t q k r l x l z p e l e
n a p i l v z t i
t r o p i l v z u
m c k r
x l r k r l e
x l r b o l e
m z t r
m z t e
t q o p x p e - n g r d e
t z y c m n e - n g r p e m l r
t z y c m n e t r p e - n g r d r
y c m n e p e
t z m u p e - n g r d r
t z m a t q
r l w x k r
n z m n e t i
t r n z m n e t i u
m n q t i p e l e
t r - r m n q u
t q m r t u - n g r d e
k r l c d e n g
t q m n c - n g r d e
n z m n c l z b z n g
x l r k r l e
l x e g r
n z k q o - k r m
n a k q t x o m
y c m n e p e
a n g c t i k r
l x e d e
t q v e a p e b z
t a g l c t x d e
n c b l o   k c
t q m a l e l e
m e n g a b q
n z e t u p e - k r n g e
e t u n e p x
t r - r m n q u
n z r m n q t x n g
t q t u n e p w z
n z a t u p x - n g r m
n z v o u n e o p e m
t r t e d e
t q v o b e
t q v o t x - n g r p w z
t z v z p e - k a i n g
d r t q d r
t q a m a - a t e k r
t q a m a o p e
k x n z s i k l u
m z l e d e
m z l e d e n g
t r t e d e
t z t a v e t r l r
t z y c m n e t r p e - n g r d r
y c m n e p e
t z y c m n e - n g r p e m l r
t r d o u
n e n g e n g
n e n g e
l v c - a l z u p q
t z t a v e t r p e l r
t a p l x s r g r
n a - a d r v r - n g r b o
o s o p x b z k r
t q a s u l e
y c - n r b a l q
v o k r
v z p e - k a i p
t q v z p e - m o u k u
v z - n q b l q m
t q v z b e
n a v z - k a i p o
t q v z o p e k r
t q v z - e t r - n g r d e
n a v z
n a v z - n q b l q l e
t q v z d z p e - n g r m g r
n z v z d z m q n g
n a v z b z k r
t q v z o p e k i
t q v z n e - z v z k r
t q v z o p e
n z v z - k r m g r
n z v z m i - k r g r
t q v z k i p x k r
n a v z m g r
t r v z u
t q v z k i l e
t z v z k i p x l r
t q v z - n g r n e
n z v z k i o p e - k z l r
v z b o
t q r v z m i p w q
n z v z n e - k r g r
v z t x p e - n g r d e
v z - z v z k r
t q n g y a p e
a b r t z l v z k r
t z v z p e - k a i n g
n e n g e n g
n e g u n g
n z l z t r - n g r d e
n z r l z - k r b z l e
n z m n c l z b z n g
s e k a e n t x k r
n z y c m n e - k r m
t z y c m n e t r p e - n g r d r
t z y c m n e - n g r p e m l r
o s z b z l e
t r r l r - n g r p l e u
t q r l r p e - n g r m l e
t q a s u l e
e s z ' n e
e s z ' t i
e s z - k r d e
t q a s u p e b z
