n z v z - k r b z k r
v z t x
n z v z - k r b z k r
e s z - k r d e
n z v z k a i - k r g r
t q p i b z
v z t x
v z t x
v z t x
v z t x
t q m c p e l e
t z v z k i n e d r
n z v z - k r b z k r
t q v o t i t r p e m l e
o t i l e
t u p x m
t q v z - n g r g r
t u p x m
n a l i
v z p x b z k r
t q p i m e
t q p i b z
n z v z - k r b z k r
n z v z - k r b z k r
n z m c t r
t q p i m e
t q p i m e
n z v z - k r b z k r
v z t x
k r l z p e b z k r
n z t u n g r
t q p i b z
v z t x
n z w z - k r n g e
v z t x
t q p i m e
v z p x b z k r
t q m c p e l e
t z v z p x p e b z n g
v z p x b z k r
t q r p i p e x
t q m c p e l e
t z v z p x p e b z n g
t z v z k i n e d r
v z t x
n z v z - k r b z k r
n z v z - k r b z k r
n z v z - k r b z k r
n z v z - k r b z k r
t z v z k i n e d r
t q p i m e
m n c p e x
v z p x b z k r
n z w z - k r n g e
t z v z p x p e b z n g
m w i t x k r
t z v z k i n e d r
t q v z b o
n z m n c l z b z
v z p x b z k r
t z l v c m l r
v z p x b z k r
t q p i m e
v z p x b z k r
x l r k r
t q r p i p e x
n z m c t r
v z p x b z k r
n z m n c l z b z
v z t x
t z v z k i n e d r
t z v z k i n e d r
t q p i b z
n z y a l z - k r g r
t q p i b z
t z v z k i n e d r
t q m r l z
t q p i b z
n z m n c l z b z n g
t z v z k i n e d r
t z v z p x p e b z n g
v z p x b z k r
v z p x b z k r
v z p x b z k r
t z v z k i n e d r
t z v z k i n e d r
t q v z b o
t q p i b z
v z p x b z k r
t q p i p e b z l e
t z v z k i n e d r
t q v z b o
t z v z k i n e d r
v z p x b z k r
t r v z n e - k a k r
t z v z p x p e b z n g
t q v z b o
t z v z p x p e b z n g
t z v z p x p e b z n g
t z v z k i n e d r
t z v z p x p e b z n g
t u p x m
v z t r n g r
t q p i p e b z l e
t q v z b o
t q v z b o
v z t r n g r
t q v z b o
v z t r n g r
t z v z p x p e b z n g
t q v z b o
t q v z b o
t q v z b o
t z v z k i n e d r
v o t r p z k r
v z p x b z k r
t q v z b o
n z l x n g i t i - k r g r
v z p x b z k r
t z v z k i n e d r
t q v z b o
v z p x b z k r
t z v z n e p e n g
t q v z b o
t z v z k i n e d r
v z t r n g r
t z v z p x p e b z n g
n z o b q p x b z
t z v z p x p e b z n g
t q m c p e l e
v z p x b z k r
t q p i b z k r
n z r p i l r
t q v z b o
t q p i p e b z l e
t z v z p x p e b z n g
m w i t x k r
t z v z n e p e n g
v o t r p z k r
t z v z k i n e d r
r m c t i p e k r
t q v z b o
t q v z b o
t u p x m
t z v z p x p e b z n g
t z v z k i n e d r
t q m u k r
t z v z k i n e d r
t q m w i t x p e
n z m n c l z b z
t q v z b o
n z r p i l r
n z r p i b z
t z v z n e p e n g
n z m n c l z b z n g
n z m c t r
t z v z p x p e b z n g
t z v z n e p e n g
n z r p i m
m n c l v z r n g r
n z v z k i o l r
n z v z - z v z b z n g
t z s i k l u n g
t z v z n e p e n g
t z v z n e p e n g
t z v z p x p e b z n g
t q v o t i t r p e m l e
n z m n c l z b z n g
t z v z p x p e b z n g
t z v z p x p e b z n g
t q p i b z k r
v o t r p z k r
t z m n c - n g r d r
t z v z p x p e b z n g
m n c p e x
t z v z n e p e n g
t u p x m
t z v z n e p e n g
n z v z k i o l r
t r v z n e - k a k r
t r v z n e - k a k r
n z v z k i o l r
t z v z o p e n g
n z m n c l z b z n g
n z v z - z v z b z n g
n z v z k i o l r
v z - z v z x
n z m n c l z b z n g
t z v z n e p e n g
v z t r n g r
n z m n c l z b z n g
t z v z n e p e n g
t q p i p e b z l e
t q t r k a p e m
t q p i b z
n z v z k i o l r
t z v z n e p e n g
n z v z k i o l r
n z v z k i o l r
t z v z p x p e b z n g
t q p i b z k r
t z v z n e p e n g
n z v z k i o l r
t z v z n e p e n g
t z r m c t i p e l r
t r v z n e - k a k r
t z v z n e p e n g
t q y a g o x p e
n z v z k i o l r
t z v z n e p e n g
n z r p i m
t z r t w z - k z n g
t z v z n e p e n g
t z m u p e - n g r d r
m n c l v z r n g r
n z v z k i o l r
n z v z - z v z b z n g
n z v z k i o l r
n z v z - z v z b z n g
t q p i b z k r
n z v z - z v z b z n g
v z - z v z x
n z v z - z v z b z n g
t q p i b z k r
r p i l e
n z v z - z v z b z n g
t z v z n e p e n g
n z v z k i o l r
n z v z k i o l r
t z v z n e p e n g
n z v z k i o l r
m n c l v z r n g r
n z v z - z v z b z n g
t q p i b z k r
n z v z - z v z b z n g
t z v z n e p e n g
t z v z n e p e n g
n z m n c l z b z n g
n z v z - z v z b z n g
n z v z - z v z b z n g
t z v z n e p e n g
t z v z n e p e n g
n z v z n e p e l r
t r v z n e - k a k r
t q v o b e
r m c t i p e k r
t r v z n e - k a k r
t z v z o p e n g
t z v z o p e n g
n z v z k i o l r
e s z ' n e
n z r p i b z
v z - z v z x
t r s u k a
n z v z n e p e l r
t r v z n e - k a k r
k x l i
t z v z n e p e n g
n z v z - z v z b z n g
n z v z n e p e l r
n z v z n e p e l r
n z v z n e p e l r
n z v z k i o l r
t z v z o p e n g
m n c l v z r n g r
t q p i b z k r
m n c p e x
v z - z v z x
n z v z n e p e l r
m n c t i k r
n e d r
t z v z o p e n g
n z w z t i - k r b z l e
n z v z n e p e l r
t z r m c t i p e l r
n z r p i b z
n z v z n e p e l r
r m c t i p e k r
t z v z o p e n g
t z v z o p e n g
n z v z n e p e l r
t z v z o p e n g
n z r p i b z
t q m n c p e k r
n z w z t i - k r b z l e
t z v z o p e n g
t z v z o p e n g
t z v z o p e n g
k x l i
t z v z o p e n g
v z - z v z x
n z v z n e p e l r
t z m n c - n g r d r
n z v z n e p e l r
n z v z n e p e l r
t z v z o p e n g
n z v z n e p e l r
n z v z n e p e l r
m n c p e x
t z l v c l z p e - n g r d r
n z v z n e p e l r
t r t q w z p e u
a b r t z l v z k r
n z v z n e p e l r
t q m n c
t r v z n e - k a k r
n z r m c t i l r
v z - z v z x
n z r p i m l r
t r v z n e - k a k r
n z r n i b q n g r
t q m n c - l x b l r p e k r
n z r p i b z l r
t z m n c - n g r d r
n z v z n e p e l r
t z v z o p e n g
t z m n c t x - a l o p e n g
n z r p i b z
t q p i p e b z l e
t q y r k r p e
n z v z n e p e l r
n z r p i b z l r
p i b z l e
t r v z n e - k a k r
n z v z n e p e l r
t q m n c
n z r p i b z l r
n a d w a p e k r
t r v z n e - k a k r
t q m n c
n z r p i b z l r
n e d r
t r v z n e - k a k r
t q m w a p e
t z m n c t x - a l o p e n g
t u t i p x - n g r m
n z r p i b z l r
n z r p i m l r
m n c t i k r
t q m n c
t q m w i t x p e
t r t q w z p e u
t q m n c
n z o t i p e - k r m
t z m u p e - n g r d r
m c l x
n z r m c t i l r
n z y c m n e - k r m
n z p n a k i p x - m o u l r
t z m n c - n g r d r
n z y c m n e - k r m
n a p i b z k u
t q m n c
n z r p i b z l r
n z d w a t r - k r d e
m c p x m
t q r p n a - n g r m
r p i l e
t q w z t i p e l e
n z r p i m l r
n a p i t x t r - m o p o
t q m n c
n z o t i - k r m l e
n z y c m n e
v z k i m l e
t z m n c t x - a l o p e n g
n a m n c n e - n g r g r
m n c l z - n g r m
t z m n c t x - a l o p e n g
r p i l e
m c p x m
r m c t i l e
n z b o m - k r d e
v o k r
t w z q
n z r p i m l r
m n c t i k r
k r l z m g r
n a p i b z k u
v z k i m l e
n g r d r
t q o t i - a t e m
m c p o
r p i l e
n z r m c t i l r
n a m n c - k a p q n g r
t z m n c t x - a l o p e n g
r k a l z m q g r
v z k i m l e
m c l x n g
n a m n c t x p o
t q m w i t x p e
r p i l e
m c p x m
r m c t i l e
k r l z m g r
e s z ' t i
t r n z p i - k r p o ' u
v z k i m l e
n z w z t i - k r b z l e
t u t i p x - n g r m
r m c t i l e
t u t i p x - n g r m
v z k i m l e
v z k i m l e
m c p o
n a m n c - k a p q n g r
n a m n c t x p o
v z k i m l e
m c p x m
m c p x m
v z k i m l e
n z r m c t i l r
m c p x m
m c p x m
v z k i m l e
m c t r k r
m n c l z - n g r m
m c p o
v z k i m l e
v z k i m l e
t q o t i - a t e m
n a p i t x t r - m o p o
t q m n c - n g r d e
v z k i m l e
v z k i m l e
v z k i m l e
t q m r l z - n g r d e
t q v z b z k r
t q v z - n q b l q n e n e
v z k i m l e
m c p x m
t z m w i - n g r d r
n z d w a t r - k r d e
r p i l e
a s u m i p e b o
t q o l v x t i - a t e l e
m c t x m
t q m w i - n g r g r
v z k i m l e
r m c t i p e k r
t q m n c - n g r d e
m c l x n g
t q n g i
m n c l z - n g r m
t q r p n a - n g r m
m c p x m
n z r p i - a n i - k r m l e
t q k r l z - a t e b z k r
m w x l r t i - z l w z k r
t q r p i b z l e
n a p i t x t r - m o p o
t q m n c - n g r d e
t z m n c t x - a l o p e n g
t r n z p i - k r p o ' u
v z k i m l e
v z k i m l e
e s z ' n e
v z t r l e
v z k i m l e
v z k i m l e
t q m n c - n g r d e
v z k i m l e
n z m c t x p w z
n z g l q o l r
n a l i n g
t q v z t r - m o p w z k r
t q v z t r - m o p w z k r
m c l x n g
m c p o
t q n g r l r p e k r
v z t r l e
v z k i m l e
n z m c t x p w z
n z a b r t z k r
m n c t i k r
m w i t x
t q v z t r - m o p w z k r
n z y c m n e - k r d e
t q v z t r - m o p w z k r
t r k r l z w x u
n z y c m n e - k r d e
t q n g r l r l z p e
r m c t i l e
t q v z - n q b l q n e n e
t q v z t r - m o p w z k r
v z t r l e
v z t r l e
t q v z - n q b l q n e n e
t q v z m i t r p e l e n g
v z t r l e
a t u l z n g r
v z t r l e
t z m w i - n g r d r
m n c t i k r
t q a y r n i p e
t q o t i p e b z l e
t q v z t r - m o p w z k r
t q y r n i t x p e
t q v z t r - m o p w z k r
p i b z l e
r m c t i p e k r
t q v z - n q b l q n e n e
v z t r l e
t q v z - n q b l q n e n e
t q v z - n q b l q n e n e
t q v z t r - m o p w z k r
m n c t i k r
v z t r l e
t q v z t r - m o p w z k r
m c p o
t q v z - n q b l q n e n e
n z m c t x p w z
v z t r l e
t q v z - n q b l q n e n e
v z t r l e
t q v z - n q b l q n e n e
t q v z - n q b l q n e n e
v o m l e
t q v z - n q b l q n e n e
t q v z - n q b l q n e n e
p i b z l e
n z a b r t z n g r
n z m c t x p w z
t q v z - n q b l q n e n e
n z m c t x p w z
t q v z m i t r p e b z l e
n z y c m n e
v z t r l e
t q v z m i t r p e b z l e
t q v z m i t r p e l e n g
t q v z m i t r p e b z l e
t q v z - n q b l q n e n e
t q v z - n q b l q n e n e
t q v z m i t r p e l e n g
t q r p i b z l e
t q v z m i t r p e b z l e
t q t u n e p w z
t q v z m i t r p e b z l e
v z t r l e
n z g l q o l r
m n c l z - n g r m
v z t r l e
t q v z - n q b l q n e n e
t q y r n i t x p e
t q v z m i t r p e l e n g
v z t r l e
t q r p i b z l e
n z m c t x p w z
v z t r l e
t q v z m i t r p e l e n g
v z t r l e
t q o t i m l e
t q v z m i t r p e b z l e
t z m w i - n g r d r
t q v z m i t r p e l e n g
v z t r l e
m c l x n g
t q v z m i t r p e l e n g
t q v z m i t r p e l e n g
t q o t i m l e
m n c l z - n g r m
n z y c m n e - k r d e
t q v z m i t r p e b z l e
t q v z m i t r p e b z l e
t q v z m i t r p e l e n g
t q v z t r - m o p w z k r
n a m n c n e - n g r g r
t q v z m i t r p e l e n g
v z t r l e
t q v z m i t r p e l e n g
t q v z m i t r p e b z l e
t q v z m i t r p e l e n g
n a m n c t x p o
t q v z m i t r p e b z l e
t q v z - n q b l q n e n e
t q v z m i t r p e b z l e
m c p o
t q v z m i t r p e l e n g
t q v z m i t r p e l e n g
m n c - e p e l z l e
t q n g r l r l z p e
t q n g r l r p x p e m
r m c t i p e k r
t z y a p x p e n g
m w i t x
n a k a t x b z l e
m c p o
m c t x m
y c m n e p e
n z m c t x p w z
p i b z l e
t q o t i m l e
n a m n c n e - n g r g r
n a y c t i p x m
t q o t i m l e
m c t x m
t q v z t r - m o p w z k r
t q n g r l r p x p e m
v z t r l e
t q l x n g i t i - a t e x
t q n g r l r p x p e m
m c t x m
m c p o
n a y a p w x t i m l e
t q a s u p e b z
t q r p i b z l e
t q v z m i t r p e l e n g
m c t x m
r m c t i l e
r m c t i p e k r
m n c - e p e l z l e
n a v z m i b z l e
l v c - a l z u p q
n a v z m i b z l e
t q v z m i t r p e l e n g
n a v z m i b z l e
t q t u n e p w z
t q v z m i t r p e l e n g
n a v z m i b z l e
n a v z m i b z l e
n a v z m i b z l e
m c l z k r
m c t x m
n a v z m i b z l e
y a p x - z v z k r
n a v z m i b z l e
m c l z k r
n a v z m i b z l e
n a v z m i b z l e
m c t x m
n a v z m i b z l e
n a v z m i b z l e
m n c - e p e l z l e
n a v z m i b z l e
n a v z m i b z l e
n a v z m i b z l e
m w i t x
m c p o
n a v z m i b z l e
t q a s u p e
n a v z m i b z l e
p i b z l e
n a v z m i b z l e
a t u l z n g r
n a v z m i b z l e
y r k r p x b z l e
r m c t i l e
n a v z m i b z l e
n a v z m i b z l e
m c t x m
d r t q n g e
m c l z k r
n a v z m i b z l e
m c l z k r
n a v z m i b z l e
o t i m
a t u l z n g r
m c l z k r
r m c t i l e
n a v z m i b z l e
m w i t x
m c p o
r m c t i l e
d w a t r k r
m c l z k r
t q t u n e p w z
x l r b z l e
m c p o
d w a t r k r
n a m w i
m c t x m
k x t o p w z
d w a t r k r
w x b u p x - n g r m
s c d r
x l r b z
n a p i t r - m o u p o
r p i o b z l e
v o m l e
d w a l z m g r
n a p i t r - m o u p o
v z m i o l e
v z m i o l e
d w a l z m g r
v z m i o l e
v z m i o l e
v z m i o l e
v z m i o l e
v z m i o l e
v z m i m q
v z m i o l e
n a p i t r - m o u p o
v z m i o l e
v z m i o l e
v z m i o l e
v z m i o l e
v z m i o l e
v z m i o l e
v z m i o l e
n a y a p w x t i b o
v z m i o l e
v z m i o l e
v z m i o l e
t u l z m c
r k a t r p q
v z m i o l e
v z m i o l e
r p i o b z l e
s c d r
t u l z m c
o b q o b z
r p i o b z l e
r p i - m o u p q l e
r p i - m o u p q l e
r p i o b z l e
t u n e p w z
r p i o b z l e
p w x p w z
y a n e - z v z k r
v z m i m q
r p i o b z l e
r p i - m o u p q l e
t u n e p w z
v z m i m q
v z m i m q
v z m i m q
o t i b z
t u n e p w z
v z m i m q
v z m i m q
v z m i m q
v z m i m q
o t i b z
v z m i m q
v z m i m q
y c - n r b a l q
k c m a
v z m i m q
v z m i m q
v z m i m q
v z m i m q
v z m i m q
v z m i m q
v z m i m q
v z m i m q
k c m a
t u o m
t u o m
t u o m
