t q o t i p e l e
k a m
t z l v c m l r
r k a l z m q g r
m w x l r t i - z l w z k r
n z w r d e
t q m n c - k a p q n g r
t q t w z p e b z l e
t z x l r o p e l r
t q l u x
y r l q t x - m o u x
n z a o l v z b z l r
n z v e c k r
n z a y o n e p e - k r d r
n z p r t r - k r n g e
r k a l z m
n z r t a n g r t i - k r d r
n z y c m n e k r b z
t q m n c - l x b l r p e k r
n a l i n g
t q k q l e p e b z l e
n z y c m n e k r b z
m w i - l x l r t x p w z m u
t z r t w z - k z n g
t q a m r b r t r p e l e
t u t i p x - n g r m
n z t c n g r l z k r
t u t i p x - n g r m
n a b z t r k i
t q m c p e k r
t q m a l e l e
n z a l v z t i n g
n z d w a t r - k r g r
t z p n a t i b z l r
t z r t a n g r p e
t z y z l u p e - m o p w z n g
n a p i t r - m o u p o
g l a l z l e
m n c t i o m g r
t q v z p e x
m n c - e p e l z l e
n z b z t i - l x b l r n g
t q v z p e x
t q y a p x p e b z
p l a m e i t x d e
n a y c t i p x m
n a - a d r v r - n g r b o
n a n g r l r k i t r l r
t q v z t r - m o p w z k r
n z l v c n e - k r d r
t z l v c n e n g
t z r t w z t i p e - k z n g
v z k i p e m l e
v z - n q b l q m
t z v z o n g
v z - z v z k r
t q v z p e - m o u k u
t q v z t r - m o p w z k r
n z v z - r b r - k r d r
t q r k a b z
k c p e
n z y a p w x - k r d r
s c g r
n z a b r t z - z v z n g r
t q v z t r - m o p w z k r
t q v z t r - m o p w z k r
t q v z t r - m o p w z k r
n z r m c t i n e d r
t q v z t r - m o p w z k r
t q v z t r - m o p w z k r
l i t x t r
t q v z t r - m o p w z k r
t q d w a p l r k r n g
t q v z t r - m o p w z k r
t q w z t i p e l e
t q v z t r - m o p w z k r
m e i t x t a t x p x
n z b a o - k r d e
t q v z t r - m o p w z k r
n a r l x t r p z k r
t z y c m n e t r p e - n g r d r
t q v z t r - m o p w z k r
d w a s x p x - k z p q g r
t q v z t r - m o p w z k r
n c b l o   k c
t q v z t r - m o p w z k r
t q w x b u p x - n g r m
r p i - m o u p q l e
n z r k a t x - k r d r
t q p r t r p e b z k r
v o t r p z k r
k r l a
t q l u - n g r g u
t q v o t i t r p e m l e
v z x
v z x
v z x
t q m n c
n z v z
n z v z
v z t x
v z t x
m c p o
m c p o
m c l x
n e d r
t q t u l z
o t i m
m c t x m
m c p x m
m c t x m
m c p x m
t q p i b z
t q v o b e
t q p i b z
t q n g i
m c k r
t q m n c
v z t r l e
n z m c t r
v z t r l e
n z m c p x
n z y c m n e
n z m c p x
n a v z n g
n a v z b z
v z m i m q
v z m i m q
p w x p w z
t q v z b o
t z v z p e
m n c p e x
e s z ' n e
n z r p i m
n a v z n g
n z r p i m
m c l z k r
v z - z v z x
t q m c p e l e
n a p i b z k u
t q r p i p e x
t w z q
v z m i o l e
n z v z k i l r
v z t r n g r
t q y r k r p e
x l r b z l e
v z k i m l e
n z v z k i l r
v z k i m l e
v z k i m l e
v z p x b z k r
t q m c p e x
r p i o b z l e
n e d r n g
n z n g i k r
t q m c p e x
v z t r n g r
t q m c p e x
t q m w a p e
t q v z p e m
t q r p i p e x
t q v z p e m
t q v z p e m
n z v z p e n g
r p i o b z l e
r p i o b z l e
t q r p i p e x
n z r p i m l r
r m c t i p e k r
m w i t x k r
n z v z p e n g
v z p x b z k r
n z r p i m l r
t q m c p e l e
t q a s u p e b z
t q p i b z k r
n z r p i m l r
n z v z b z n g
n z v z b z n g
n z v z b z n g
v o t r p z k r
t q p i b z k r
n z v z b z n g
r p i o b z l e
n z v z b z n g
v z m i m q
n z v z b z n g
n z v z b z n g
n z v z b z n g
n z v z p e n g
n z v z - k r m
n z m n c p e n g
n z v z p e n g
n z v z p e n g
n z v z b z n g
n z v z p e n g
n z v z - k r m
n z v z p x n g
n z v z b z n g
n z v z p e n g
t z v z o p e n g
n z v z p x n g
n z v z b z n g
n z m n c p e n g
n z v z b z n g
n z v z b z n g
t q a l e x
n z v z b z n g
n z v z k i o l r
n z v z p x n g
n z r p i m l r
n z v z p x n g
n z v z p x n g
n z v z b z n g
r p i o b z l e
n z v z b z n g
n z v z p x n g
t q v z p e
t z v z o p e n g
n z v z b z n g
n z v z p x n g
n z m n c p e n g
n z v z b z n g
n z v z p x n g
n z v z b z n g
n z v z - k r m
o t i l e
n z v z - k r m
n z v z b z n g
n z v z p x n g
n z v z - k r m
n z v z k i l r
r p i o b z l e
n z m c t x p w z
n z m c t x p w z
n z m c t x p w z
n z m n c p e n g
n z v z - k r m
n z v z k i l r
t q v z p e b z
t q t u n e p w z
t z v z o p e n g
n z m c t x p w z
n z r m c t i l r
n z w z k r
t z v z o p e n g
n z m n c p e n g
t z v z o p e n g
t z v z o p e n g
