d w a t x t r x
m c p o
r m c t i l e
m c t x m
m c t x m
t z r k a l z p e m
t u p x m
m c l x
t q a s u p e
t u p x m
r p i l e
r p i - m o u p q l e
n a p i t x t r - m o p o
t q m n c
m c l x n g
m c l x n g
n a p i b z k u
t q v z - n q b l q n e n e
n a p i t x t r - m o p o
t q v z p x p e
t q m n c
n a v z b z
n a p i t x t r - m o p o
v z m i m q
n a p i t x t r - m o p o
v z m i m q
n z v z - n g r m l r
n z v z - n g r m l r
t q v z b o
t q v z b o
t q v z p x p e
t q v z b o
n z v z - n g r m l r
t q v z b o
t q v z b o
n z v z - n g r m l r
v z m i m q
n z v z - n g r m l r
t q v z p x p e
t q v z p x p e
t q v z b o
t q v z p e b z
t q v z p x p e
n z r p i m l r
t q m n c
t q v z b o
m c t r k r
t q v z p e b z
t q v z p x p e
n z r p i m
t q v z p x p e
n z r p i l r
t q v z p e b z
t q v z p e
t q v z p x p e
t q v z m i t r p e l e n g
n z m c p x
y r l q t x b o
t q m n c - n g r d e
t r v z n e - k a k r
t r v z n e - k a k r
t q v z b o
n z v z p x b z n g
t q m n c
t q v z p e m
n z v z p x b z n g
t r v z n e - k a k r
n z v z p x b z n g
t q v z p x p e
n z m c p x
v z t r l e
n z v z p x b z n g
t q v z m i t r p e l e n g
v z t r l e
m c t r k r
t q v z p e
t q v z p e
t q v z p e
n z r p i m l r
n z v z p x b z n g
v z t r l e
t q v z p e m
a l v z t r l e
t q v z t r p e
t q v z p e
t q v z m i t r p e l e n g
t q v z p e m
t q v z p e m
t q v z m i t r p e b z l e
t q v z p e m
n a l x n g i t i k u
t q v z m i t r p e l e n g
t q v z t r - m o p w z k r
n z v z b z n g
t q v z p e m
n z v z p x b z n g
t q v z p x p e
t q v z m i t r p e b z l e
t q v z m i t r p e b z l e
t q v z p e m
t q v z m i t r p e l e n g
t q v z p e b z
n a v z m i b z l e
n z v z p x b z n g
t q v z p e m
t q v z m i t r p e l e n g
t q v z m i t r p e l e n g
t q v z m i t r p e b z l e
t q v z p e m
t q v z p e
t q v z m i t r p e b z l e
t r n z p i - k r p o ' u
t q v z m i t r p e b z l e
v z m i o l e
t q v z m i t r p e b z l e
n z v z b z n g
n z v z k a i - k r g r
t q v z m i t r p e b z l e
n z v z - k r b z k r
t q v z p e m
n z v z
t q v z p e m
t q v z p e m
n z v z p x b z n g
v z t x
n z v z - k r n g e
t q v z m i t r p e b z l e
t z v z p e
n z v z b z n g
n z v z
n z v z b z n g
t q p i p e m
t q v z m i t r p e b z l e
t q v z p e m
t q v z m i t r p e l e n g
t q v z p e m
n z v z p x b z n g
t z v z p e - k a i n g
n z v z b z n g
n z v z - k r n g e
t q v z - n g r g r
n a v z m i b z l e
n z v z b z n g
n z v z - k r b z k r
n z v z - k r b z k r
t q v z p e m
n z v z - k r b z k r
n z v z - k r b o
n z v z - k r b z k r
t q v z p e
t q v z m i t r p e b z l e
t q p i p e m
t q v z - n g r g r
n a v z m i b z l e
n z v z - k r b o
n z v z b z n g
n z v z - k r b z k r
n z v z - k r b o
t q v z p e m
n z v z - k r b z k r
t q v z - n g r g r
n z v z - k r n g e
v z p e m
m c t r k r
n z v z - k r b z k r
t z v z p e
n a v z n g
n z v z - k r n g e
n z v z - k r b o
n z v z - k r b o
m c t r k r
n z v z - k r b z k r
n a v z m i b z l e
t z v z o p e n g
n z v z b z n g
v z p e m
n a v z m i b z l e
t z v z p e
t q v z - n g r g r
n z v z - k z n g
v z p e m
n z v z k a i - k r g r
n z v z - k r n g e
v z p e m
t q v z - n g r g r
n z m n c p e n g
n z v z - k r b z k r
n a v z m i b z l e
v z p e m
n a v z m i b z l e
n a v z n g
t z v z p e
n z v z - k r n g e
n z v z
t z v z o p e n g
v z p e m
n a v z m i b z l e
n z v z - k r b z k r
n z v z k i l r
v z p e m
n z r p i m l r
t q v z - n g r g r
n z v z k a i - k r g r
n z v z
n z v z
t q v z - n g r g r
t z m n c t x - a l o p e n g
n z v z - k z n g
n z v z - k r n g e
n z v z - k r b z k r
t z v z p e
n z v z
n z v z b z n g
v z p e m
t z v z o p e n g
t q m c p e x
n z v z - k r b z k r
m c t r k r
t z v z o p e n g
t z v z p e
n a v z n g
v z - z v z x
v z p e m
t z v z o p e n g
n z v z b z n g
t q v z - n g r g r
n z v z k i l r
n z v z - z v z b z n g
n a m n c - k a p q n g r
v z p e m
n z v z - k r n g e
n z v z - k r b o
n a v z n g
n z v z - k r m
n z v z - k z n g
n z v z - k r m
n a v z n g
n z v z
t z v z o p e n g
n a v z n g
t z v z p e
v z - z v z x
n z v z - k r m
n z v z - z v z b z n g
m c t r k r
n z m n c l z b z n g
t z v z p x p e b z n g
n z v z - k r m
n z v z - z v z b z n g
n z r m c t i l r
