n a y a p w x t i b o
t u n e p w z
n a m w i
t u n e p w z
m c l x
t q d w a p l r k r n g
t q v z - n q b l q n e n e
t r n z p i - k r p o ' u
l v c - a l z u p q
t q v z - n q b l q n e n e
t r n z p i - k r p o ' u
m c p o
n a y a g o x n g
n a m n c - k a p q n g r
m w x l r - n g r g r
t u l z m c
n z m c p x
t u t i p x - n g r m
m n c p e x
t q m c p e x
r g l q p x k r
n z m n c k r
d w a l z m g r
n z m c t x p w z
t u t i p x - n g r m
n z m c t x p w z
m c p x m
o t i l e
n z r p i - a n i - k r m l e
t q r p i p e x
m w i t x
n z b z t i - l x b l r n g
t q n g r l r p e k r
n a v z - k a i n g
n a v z n g
t q y r n i t x p e
t z l v c - a t e n g
y r l q b z k r
v z t x
m c t x m
n z m n c p e n g
r m c t i p e k r
v z t x
t r v z n e - k a k r
t r v z n e - k a k r
t r v z n e - k a k r
t r v z n e - k a k r
t r v z n e - k a k r
v z - z v z x
t r v z n e - k a k r
v z t x
p i b z l e
t q v z t r - m o p w z k r
t q v z t r - m o p w z k r
t q v z t r - m o p w z k r
t z r k a l z p e m
t q v z t r - m o p w z k r
s c d r
t q v z t r - m o p w z k r
n z m c k r
n z v z n e p e l r
t z v z p e - k a i n g
n z v z n e p e l r
n z v z n e p e l r
n z v z n e p e l r
n z m n c l z b z n g
t z m w i p x - n g r m l r
v z p x b z k r
v z p x b z k r
t q n g i
v z p x b z k r
n z r p i b z l r
n z r p i m l r
v z t r l e
n a v z b z
r m c t i - n g r g r l e
v z t r l e
t z v z p x p e b z n g
t q v z p x p e
t z v z o p e n g
m w i
n z w z - k r n g e
t q p i m e
t z v z p x p e b z n g
v z t r n g r
r m c t i l e
t z v z o p e n g
t z v z o p e n g
n z v z p x n g
n z v z p x n g
n z v z - k r b o
n z v z - k r b o
t q v z b o
n a p i p x - l z b q n g
r g l q p x k r
n z v z - k r b o
n z v z k a i - k r g r
n z v z p x b z n g
t z v z k i n e d r
n a v z m i b z l e
n z v z - k r n g e
r m c t i l e
n a v z m i b z l e
t q v z m i t r p e b z l e
n z v z - k r n g e
n z v z - n g r m l r
t q v z b o
n a v z m i b z l e
t q v z p e m g r
t q m n c - n g r d e
t z v z o p e n g
n z v z - n g r m l r
n z v z p x b z n g
n z r m c t i l r
t q v z b o
n z v z - k r b o
n z v z - n g r m l r
t q v z p e m g r
n z v z - k r b o
t q v z p e m g r
n z v z - k r m
n z r m c t i l r
m n c t x d e
n z v z - k r m
n z m u n g r
p n z ' b z l e
n a y a - p w z - t i p e x
n z v z - k z n g
n z v z - k z n g
n z v z k i o l r
n z v z - z v z b z n g
t q v z p e m
n z v z - k z n g
n a p i p x - l z b q n g
t q v z p e m
v z m i m q
t z v z - n g r
v z m i o l e
n z r m c t i l r
t q v z p e k r
t q w a i
t q v z p e b z
t q v z - n g r g r
n z v z k i l r
n z v z k i l r
n z l x n g i t i - k r d e
t q v z - n g r g r
n z v z b z n g
n z v z b z n g
n z v z b z n g
t z v z p e
t z v z p e
n z v z k i l r
v z k i m l e
v z p e m
n z v z b z n g
t q x l r p e k r
v z p e m
v z k i m l e
t z v z p e
t z v z p e
v z k i m l e
n z v z n g r
t q r m c t i p e k r
n z b z - k r g r
n g r d e
t q r m c t i p e k r
t q m c p e k r
n z v z
t q v z p e
t q v z p e
t q v z p e
n z v z
n z v z
t q v z p e
t q v z p e
n z v z
n z v z
t q p i p e b z k r
n z x l r b z l r l e
t q r m c t i p e k r
t q m c p e k r
m w i t x
t q m c p e k r
t q r m c t i p e k r
n z t a v e t r
t q r m c t i p e k r
t q e t u n e p x p e
t q r m c t i p e k r
t q m c p e k r
n z r k a t x n g r
n z r k a t x n g r
t q m c p e k r
t q r m c t i p e k r
t z l v c m l r
n z w z t i - k r b z l e
n z k a l z m l r
t q p r t r p e b z k r
n z p n a k i p x l r
t q m c p e k r
n e d r n g
n z m n c t x p w z
n a l i
n z l v c p e n g
n z a b z o k r
n z m n c n g
t z a n g i o l r
t q p n z ' l e
n z m w a n g r
y c m n e p e
t q m w i - n g r g r
n z n g i n i - k r d e
v z t r k r
m c - k z a m u
n z x l r - k r g r
t q x n g i - a t e b z k r
y c m n e p e
n z a l v z t r p l r
t q r m c t i p e k r
t q m c p e k r
n z a l v z t r n g r
t q b z p e
e t u t x
a p u l e
t q m n c - l x b l r p e k r
n z d w a t r - k r g r
t z m r g e n g
y c m n e p e
n z b z n g
t r t e d e
t q r g l q t i k r
n z x l r b z l r l e
n z p i l z l r
t q m u - n g r g r
t q m c p e k r
t q m u
n z l v c n g
t q t r k a p e m
t q y a g o x
t q m c p e k r
y c m n e p e
n z a l v z t r n g r
n z p w x n g
t q a y r n i p e l e
n z l i - k r d e
r g l q k r
b z a m u
n a v z n g r
n z a b r t z - k r g r
m c k r
