n z v z k i l r
m a l e l e
t q m c p e l e
n z v z - k r b z k r
m c t x m
t q v z p e x
v z p e m
t z a y o t i
n z v z k i o l r
n z v z - k r n g e
t q v z p e x
m c l x n g
t q r m c t i p e k r
t u p x m
t q v z - n g r g r
t q t u p x m
x l r k r l e
n z a n g i o - t x p w z l r
n z d w a t r - m o u - k r g r
n z v z
n z p n a t i - k r b z m u
n z w z - z l w z - k r g r
n z v z k i o l r
t q m w i t x p e
t q v z p e m g r
o b q p x k r
v z t r n g r
v z p e m
v z - z v z x
t z n g r l r k i o p e l r
m n r g r n g
t q m w i - n g r g r
n z r p n a - m o u p q n g
k x b q g r n g
n z v z p x b z n g
v z m i o l e
t q v z p x p e
v z p e m
n z v z p e - k r d r
m c p x m
n z v z - k z n g
n z v z
t z v z n e p e n g
p i b z l e
n z v z - k r b z k r
n z m n c l z b z n g
t q m r l z - n g r d e
n z w z k r
t q m c p e x
t z v z p x p e b z n g
n z v z m i - k r g r
t q t u n e p w z
t r - r m n q u
t q v z p e
t q v z p e m
t q v z p x p e
t q v z m i t r p e l e n g
n z w z k r
t q p i p e b z l e
k x t o p w z
t q p i p e m
n g r d r
t u t i p x - n g r m
t q w a i
n z k q l u k r
n z r p i b z
n z v z n e p e l r
v z t x
s u t x
n z v z k a i - k r g r
n z v z p x n g
d w a t x t r x
t z m n c p e n g
n z o t i p e - k r m
t z r m c t i p e l r
n z y a p w x - k r g r
t q s i k l u b e - n g r n e
n a m c l e
v z p x b z k r
t q p i p e m
n z n g r l r p x - k r m g r
n z r p i b z
t q p i m e
t z y c m n e - n g r p e m l r
n a v z n g
t q v z m i t r p e b z l e
t z v z p e - k a i n g
m n r g r
n z r p i - a n i - k r m l e
n z v z k i l r
n a v z d z k r
t q p i b z k r
m n c - e p e l z l e
t z v z p e
r y a p w x - z v z k r
v o m l e
t z v z p e
t u t i p x - n g r m
t q v z p e b z
n z v z - z v z b z n g
d w a t x t r x
n z v z - k r n g e
n z d w a t r - m o u - k r g r
t z v o p e
t z v z n e p e n g
t q r m c t i p e k r
t q v o t x - n g r p w z
n z v z p e n g
n z a b r t z l v z l r
v z k i m l e
m c l x n g
n z v z - k z n g
t w z k i p x l e l e
n z v z b z n g
n z v z
t q v z p e m
n z k r l z m l r
m r n y z n g e
n z r m c t i l r
t r m c w x u
t q r p i p e x
n e g u n g
n z t u n g r
t q v z p e - k z x
t q v z p e x
n z v z p x n g
t z a o l v z - a t e b z
t z v z n e p e n g
v z - z v z x
t z v z - n g r
t z y a p x p e n g
n z v z p e - k r d r
n a k a t x b z l e
v z t x
t u t i p x - n g r m
t z v z o p e n g
t r v z u
t q m c p e k r
n a m n c t x p o
t q p z l e
n z l z t i n g
p i p x - l z b q
v z t r n g r
k r l z m g r
n z p i l z l r
t q v z p e - k z x
t q v z p e m
n z v z p e n g
t z v z p e - k a i n g
t q n g r l r p e k r
n z r l z - k r g r
d w a s x p x - k z p q g r
n z a t u p x - n g r m
t z v z p e
t q m c p e k r
y c m n e p e
t q v z m i t r p e b z l e
t q n g r l r p x p e k r
t q v z m i t r p e l e n g
n z r p i b z
b z a m u
n z m n c p e n g
t w z x
n a k a t x b z l e
n z v z - k r b z k r
n z r p i l z n g r
t q m r t u - n g r d e
k r l z m g r
n z v z - n g r m l r
t q w z t i p e l e
t z v z - n g r
t z m c t x p w z
x l r k r
n z v z
t z v z o p e n g
t z v z p e - k a i n g
v z t r l e
n z v z p e n g
t z v z o p e n g
p x i q t x n e
n z r p i b z l r
n e n g e n g
n z v z k i l r
n z r k a k r b z
m c t x m
n a v z b z
v z - z v z x
n a v z m i b z l e
n z m c t r
n z m n c l z b z
t q v z t r - m o p w z k r
n g r d e
t z v z p x p e b z n g
t z m w x l r n g
p w r k i l v c - n g r g r
y c - n r b a l q
n z v z - z v z b z n g
t q v z p e - k z x
n a v z m i b z l e
n c b l o n g r
t z v z n e p e n g
t q v z p x p e
t q v o b e
n z v z b z n g
v z t r l e
n z v z p x n g
v z t r l e
t z y a p x p e n g
t q v z - n g r g r
m c t x m
v z x
n z v z - k r b z k r
n z y c m n e k r b z
t q v z m i t r p e b z l e
n z a b r t z n g r
n z t u n g r
n z k q b l q p x - k r m c
t z v e c p e n g
t q v z p e
n z v z - k r m
m c p z k r
m n q t i p e l e
t q v z m i t r p e b z l e
n z v z b z n g
t q m u - n g r g r
t z v z p x p e b z n g
a m y a
t u l z m c
t u t i p x - n g r m
v z m i o l e
t q m a l e l e
t q p i b z
m c p o
t z v z - n g r
n z d w a t r - k r d e
m c t x m
t q v z b o
n z v z p x b z n g
n z v z - k r b o
t q v z m i t r p e l e n g
t q v z - n q b l q n e n e
v z x
n z y r l q
m n c n e - m o u - n g r g r
n z v z o - k r m o p w q k r
k x r t c
n a p r o m
t q v z m i t r p e b z l e
t r s u k a
t q v o t i t r p e m l e
