n z v z k i o l r
v z p e m
n a v z b z
t q v z p e
t q v z - n g r g r
r m c t i - n g r g r l e
t q v z b o
v z t r n g r
n z v z - k z n g
v z t r n g r
t q v z b o
t q v z p e x
n a v z m i b z l e
t q v z m i t r p e l e n g
m c l x n g
t q v z - n g r g r
t u t i p x - n g r m
t z v z k i n e d r
t z v z p x p e b z n g
t z v z p e - k a i n g
t z v z p e
n z v z k i o l r
t r v z n e - k a k r
t r v z n e - k a k r
t q v z t r - m o p w z k r
v z m i m q
n z v z k i l r
t q v z m i t r p e b z l e
n z v z - k r n g e
r m c t i l e
v z t x
r m c t i - n g r g r l e
n a d w a p e k r
t z v z k i n e d r
v z k i m l e
n a v z m i b z l e
n z m w a n g r
t z v z n e p e n g
t z v z - n g r
t q v z t r - m o p w z k r
v z p e m
n z r p i b z l r
n z v z p e n g
n z m n c l z b z n g
t q r p i p e x
t q v z p e m g r
t q v z - n g r g r
t q v z m i t r p e b z l e
n z o l z - k r m l e
n z w z t r n g
t z v z p e - k a i n g
t q v z p e b z
t q v z p e
t q n g r l r l z p e
n g r l r m i m l e
v z t x
n z v z - k z n g
t q m c p e x
n z v z - n g r m l r
t z v z p e - k a i n g
m c l z k r
n a v z m i b z l e
t q v z m i t r p e l e n g
t q v z p e m
n a p i b z k u
t q p i b z k r
n z v z
n z m w a - k r g r
v z k i m l e
n z m c t r
m c p o
v z x
t q m w x l r p e k r
n z r p i m l r
t q r m c t i p e k r
t z v z k i n e d r
n z v z p x b z n g
t q v z b o
n a v z b z
n a v z n g
t z v z k i n e d r
n z v z p e n g
v o k r
n z v z - k r n g e
n a k a t x b z l e
t z v z - n g r
t z v z n e p e n g
t q v z - n q b l q n e n e
t q p i b z
t u o m
r p i l e
t q p i p e b z l e
n z v z p e n g
n z m c t r
v z k i m l e
n z v z - k r b z k r
n z v z b z n g
n z v z k a i - k r g r
n z v z - k r n g e
n z v z - z v z b z n g
n z v z k i l r
t q t u n e p w z
t q v z p x p e
y c p x
n z v z - n g r m l r
t z v z o p e n g
n z w z - k r n g e
n z v z k i l r
t q m n c
v z m i o l e
t z v z p e - k a i n g
m c l z k r
n z v z b z n g
v z t r n g r
v z p x b z k r
n z v z k i l r
n z d w a o n g r
n z r p i - a n i - k r m l e
n z v z - k r n g e
t z v z p e
n g r l r m i m l e
t z v z p e
n z v z p x b z n g
n a v z m i b z l e
n z v z - k r n g e
v z t r n g r
n z v z - z v z b z n g
n z v z - k r b z k r
t u p x m
t q m r t u - n g r d e
n a v z m i b z l e
n z v z n e p e l r
v z p e m
n z t a v e t r
m c l z k r
m c p x m
t z p r o p e n g
t q v z p e x
v z t r l e
n z v z p e n g
n z v z - n g r m l r
v z m i o l e
t q p i m e
n z v z
t z k r l z p e - a t e l r
s c d r
t q r p i p e x
t q v z p x p e
t z v z o p e n g
n z a t u p x - n g r m
m c t x m
v z t r l e
t q v z b o
n z v z p e - k r d r
n z v z - k z n g
n z v z - n g r m l r
t q r m c t i p e k r
v z x
t q r p i p e x
t z v z p e - k a i n g
v z p e m
t z v z - n g r
n z v z - n g r m l r
t q p i m e
n z v z - k r b z k r
n z w z - k r n g e
t q v z - n q b l q n e n e
n a v z m i b z l e
n z v z b z n g
t q m c p e x
t q m w i t x p e
t u t i p x - n g r m
n z v z - k r b z k r
n z v z n e p e l r
v z t r l e
t q v z p e x
t q m r b r
v z p x b z k r
m n c t i k r
m n c t i k r
t q v z t r - m o p w z k r
r m c t i l e
n z r p i l r
v z m i m q
n z v z k a i - k r g r
v z t r l e
n z v z k i l r
t q v z p e
n a p i b z k u
t q p i b z
n z w z t i - k r b z l e
n z y c m n e
t q v z - n q b l q n e n e
n z m n c l z b z
m n c p e x
v z p x b z k r
t z v z n e p e n g
n z v z - k r m
v z k i m l e
n z v z p x n g
t q v z m i t r p e b z l e
n z v z p e - k r d r
n z k r l z m l r
m n c p e x
t q v z t r - m o p w z k r
t z v z p e - k a i n g
n a v z m i b z l e
m c l x
n z v z b z n g
n z y c m n e - k r d e
v z - z v z x
y r n i t x
v z t x
t q v z p e m g r
t q v z - n g r g r
t z v z o p e n g
t r v z n e - k a k r
t q v z p e - k z x
n z v z - n g r m l r
t q p r t r p e b z k r
t z r t w z - k z n g
n e n g e n g
n z v z p e n g
t u t i p x - n g r m
n a v z n g
t q v z p e m
n z v z p x b z n g
t q v z p e b z
t q v z p x p e
t z v z k i n e d r
r m c t i - n g r g r l e
n z m n c l z b z n g
n z w z - k r n g e
m e i t x t a t x p x
n z v z - n g r m l r
n z v z p x n g
v z x
v z k i m l e
m c t x m
v z t r l e
n z v z p x n g
n z v z - n g r m l r
n z m n c l z b z n g
t q v z t r - m o p w z k r
n a k a t x b z l e
t q v z b o
n z v z k i o l r
n z r m c t i l r
t u p x m
n a p i t r - m o u p o
