m c p z k r
n z m c t r
n z m c t r
n a e s z ' m z n g
n z l r m z t r - k r d e
t u o m
t u o m
n g q t i p e l e
t q m z n r p e
r l a s z k r
m n c l z - n g r m
m n c - m i p e - a m u
n a m n c n e - n g r g r
n a m n c t x p o
m n c - e p e l z l e
t q a b r t z - z v z - n g r g r
n z a m a - k r d e
k r a t q
n z m u - k r g r
t q m r b r
r p i o b z l e
n z r p i b z
n z r p i l z n g r
t r n z p i - k r p l e u
t q r p i - n g r n
p i p x - l z b q
b z p e k r
n z s i k a p u - k r d e
m z l e d e
t q r p i b z l e
r p i o b z l e
t q p i b z
n z r p i b z
n z e s z ' m z n g
n z m u - k r d r
l i p w z
n z r p i b z
r p i o b z l e
t q r p i b z l e
y a g o x t x
t q r p i b z l e
t q p i b z
n z r p i b z
n z m c t r
d w a - r b r l z - n g r m q g r
n c n q n g q
o b q p x k r
t r n z p i - k r p l e u
t q r p i - n g r n
m q g u
m q g r
m q d e
o t i b z
k r l a
n z v z - k r d r
p l a m e i t x d e
n z y c m n e - k r m
t z y c m n e t r p e - n g r d r
r k a l z m
m w x l r t i - z l w z k r
n z m c t r
k x n z y a g o x n g
a b r t z t x - n g r g r
n a l i
m q n g r m
t q r p i - n g r n
n a o k l a t i t r - m o p q g r
t u o m
t q n g q n a m u
t q n g q p e l e n g
n a n g q n a m u
n a n g q t x k r
n z n g q t i t x p w z
t q m a l e l e
n z r t a n g r - k r d r
m z l w e n g
r t a n g r t i b z
t q o t i m l e
n a a g l q p e k r
t q r p n a l z m
t q p n z ' b q p e l e
t z p n z - l z b q n g r
t q r p n a - n g r m
n z p n a t i - k r b z m u
k r l z m l e
k x n z s i k l u n g
k x n z s i k l u
n z y c m n e k r b z
n z y c m n e - k r m
o s z b z l e
p i p e b z
t r p i p e ' u
n z r p i b z
r p i o l e
t q r p i p e b z l e
t q p i t i k r
r p i o b z l e
n z r p i - k r m e
r p i b o
t q r p i l e
t q r p i p e m
t q p i p e m l e
r p i - r d e
t q p i b z
n z p i - k r m l r
t q r p i p e m l e
t q r p i - a w a p e b z l e
t q r p i p e b o
p i t x m l e
t z r p i b z
r p i m l e
n a p i n e m c
t q r p i m l e
t z p i p e b z l r
n z r p i b z
a s u m i p e b o
t r s u k a
k x p r t z
n z m c t r
t q r p i b z l e
t q p i b z
n z r p i b z
t q v z p e x
m r b r p e
t q r y z k r p e k r
t q w a i p e l e
n z r m c t i - k r d r
t q k a w i o p e k r
x l r b o l e
x l r l e l e
x l r k r l e
n z m c t r p e m l r
t q m c - a t e k r
n z m c p e - k z p z
t r m c w x u
n z r m c - k r b z
n a m c l e
n z m c - k r n g e l e
t r m c l e u
t q m c t i a m u
t q m c t i k u n g
m c t r p z l e
n z r m c t i n e d r
t r m c p e l e u
n z m c t r
n z m c p x b z l r
t q m c p x b z k r
t q m c l a m u
t q y c n g r
y c t x b z
y c - n r b a l q
t q y c o n g r
y c t x o p e
t q y c o m
y c p x
n z o b q - k a p q k r
d r k a ' n g
y c - n r b a l q
t z y c m n e t r p e - n g r d r
y z l u m c
k z t e d e
k r l z m l e
x l r k r l e
n z m w x l r t i - l z b q n g
p z t i t x k r
k i l z n e d e
n a k i l z b z l e
x l r k r l e
m n c - e p e l z l e
m n c l v z r n g r
m n c - m i p e - a m u
n z m n c l z b z
m n c l z - n g r m
n z a t a k i
t r t e d e
m n c - m i p e - a m u
m n c l z - n g r m
n a m n c n e - n g r g r
n a m n c t x p o
m n c l v z r n g r
m n c - e p e l z l e
n z m n c l z b z
n z m a b r
t q p i b z
r p i o b z l e
t q r p i b z l e
t r t e g r
t z y c m n e t r p e - n g r d r
n z y c m n e k r b z
t q w a i k i
n z w a i n e - n g r b z l r
t z w a i s z - n g r d r
w a i p n z ' l e
n z y r l q
t q a m a p e
m r b r t i t r p e
t z y a p w x t i p e b z l r
n a y a p w x t i p x b o
y a p w x t i - z p w x m a m u
t q r y a p w x p e m
t q y a p w x t i p e m l e
r y a p w x - z v z k r
k c m a n g
k c m a
t r t e g r n g
t q y a p w x t i p e m l e
t z y a p w x t i p e b z l r
r y a p w x - z v z k r
t z l v c l z p e - n g r d r
n z b o m - k r d e
t q y a p w x t i p e m l e
r y a p w x - z v z k r
t z l v c l z p e - n g r d r
n z l v c - k r m l r
n z l v c n e n g
n z l v c n e - k r d r
t z a n g r l v z n e o p e l r
k x r t c
n z m c t r
m n c l z - n g r m
m n c - e p e l z l e
m n c - m i p e - a m u
n a m n c n e - n g r g r
m n c l v z r n g r
n z m c t r
k x e s z '
n z y c t i k r
n z o k a t r k r
n z m c t r
t r n z p i - k r p l e u
n a m a p u p e b z l e
s c g u
t q s i k l u b e - n g r n e
n z l z t r - n g r d e
t r t r k a - z l w z p w z u
m r k c n g
n z p r t r - k r n g e
n z n g i - k r d r
m z l e n g e
m r b r t i t r p e
t z - z p q t r n g
t q y r p u t i p x p e
t q y r p u t i p x n g r
n z r p i b z
t q p i b z
r p i o b z l e
t z t a v e t r l r
n a w r k x t r
t r t r k a - z l w z p w z u
n z k q l u t x
t q v o b e
v o t r p z k r
t z a n g c p e l r
t z a n g c p e b z l r
t q p i b z
r p i o b z l e
n z r p i b z
m n c l v z r n g r
n a m n c t x p o
m n c - m i p e - a m u
m n c l z - n g r m
m n c - e p e l z l e
n z m n c l z b z
t q m n c - l x b l r p e k r
o l i q l z k r
m c t e
k x o d a
t z t a v e t r p e l r
t z t a v e t r l r
n z a n g i o - k r d r
x n g i t x t r l e
t q r p i b z l e
r p i o b z l e
n z r p i b z
t q p i b z
b o m l e
n z k r l z m l r
k r l z p e b z k r
t z k r l z p e - a t e l r
n a r y z k r - n g r g r
n z l x p l z t x
d w a - r b r l z - n g r m q g r
n z k r k a ' k r b z l e
k r k a ' - l e - b l r k u
n z y r l e t i - k r d e
t z r t w z t i p e - k z n g
y c p q t i p e k r
n z r p n a n e o p e - k r m l r
t q r p n a - n g r m
n z r p n a k i p x n g r
n a a g l q p e k r
n a a g l q b z l r
n z g l q o l r
n a v e x
n z r l a l z - k r g r
d w a l z m g r
m z n r y a g w e n g r l c
m n q t i p e l e
t q y r k r p e n g r
n a y r k r t x
y r k r p x b z l e
t q y r k r p x k r
t q y r k r t r - a t e m
n a k i l z b z l e
k i l z n e d e
n z r p n a - m o u p q n g
t z p n a t i b z l r
n z n g i - k r d r
n a n g r l r t r k i
t q n g r l r p x p e k r
w x b u p x - n g r m
t q w x b u p x - n g r m
t z l v c l z p e - n g r d r
a o l v z b z
n o u d e
t r k q o p q l e u
m r b r t i t r p e
t q a m r b r t r p e l e
n a l i n g
t q l u - n g r g u
t z m r g e p e n g
n z o - k r m
r n g i - b a t r p q
n g r d e n g
n g r g u
n g r m u
n g r l a p l x p x k r
t z y c m n e t r p e - n g r d r
n z y c m n e - k r m
n z y c m n e k r b z
m e i t x t a t x p x
k x n z t o p w z
t o p w z t r
d w a l z m g r
r p w a ' - n g r b o
t q r p w a ' - n g r b z m e
r p w a ' t x - n g r b o
r p w a ' - n g r b z
n z r p w a ' - n g r b z l r
n z p r p x n g r
n a k a t x b z l e
r k a t r p q
n z y a p w x - k r d r
n z m e i t r p z
m e i t x t a t x p x
t q m e i t i o
n z r p l a m e i t i - k r d e
m n c - m i p e - a m u
m n c l v z r n g r
n a m n c t x p o
m n c l z - n g r m
n z m n c l z b z
m n c - e p e l z l e
m n c l v z r n g r
n a m n c t x p o
m n c l z - n g r m
m n c - m i p e - a m u
t q r p n a - n g r m
n z p n a t i - k r b z m u
r d r n g
k r l z m l e
n e d r
n e n g e n g
n e m u n g
n z r m n q - k r d r
t q n g r l r p x p e k r
t r n a n i b q l e u
n z l x n g i t i - k r d r
n z - z p q t r - k r d r
n z a n g i o - t x p w z l r
t a b c - z v z k r
t q t a b c - z l i n e p e k r
y r n i - e t r t x k r
p r o t x k r
n a m n c t x p o
m n c - m i p e - a m u
m n c - e p e l z l e
n z m n c l z b z
k r l z p e b z k r
t r k r l z w x u
n z k r l z m l r
s c g u
s c m
a t u l z n g r
t z k a p u t r p e
t r r l r - n g r p l e u
n a r l r - n g r m e
n z k r l z m l r
t r k r l z w x u
t q y r p l a t r n g r
y r p l a b r t q p e
t q y r p l a t r p e
y r m q
t q o t i - a t e m
t q o t i m l e
k x b q g r n g
t q n e p e x
n z p n a
a l q l i o l e
k q l u t x
t q l u - n g r g u
m n c - m i p e - a m u
m n c l z - n g r m
n a m n c t x p o
m n c l v z r n g r
m n c - e p e l z l e
a t u l z n g r
t z y z l u p e - m o p w z n g
n a m n c t x p o
n z m n c l z b z
m n c l z - n g r m
m n c l v z r n g r
n a m n c n e - n g r g r
k r l x l z p e l e
t q k r l x l z p e l e
n z y a p w x - k r d r
t q y r k r p e n g r
t q y r k r t r - a t e m
n a y r k r t x
y r k r p x b z l e
d r t w r n g e l e
d r t w r d r
t r t q k a p e p w q l e
r k a t r p q
n z a t r k a t i
t q t r k a m i
n a t r k a - z l w z l e
t q e t u n e p x p e
n i b q t i
t r n a n i b q l e u
n a r l z
t z a y o t i
t q r p n a - n g r m
n z p n a t i - k r b z m u
n a n g r l r t r k i
y r n i - e b i r p e n g
r p i o b z l e
t q p i b z
t q r p i b z l e
n z r p i b z
d w a s x p x - k z p q g r
t q r t w a y z b z
t r s u k a
a s u m i p e b o
b r n g e
t q r p i - n g r n
l r d r
t r n z k q l u - k r p e p w q g r u
m z l w e n g
t q y a p w x t i p e m l e
r y a p w x - z v z k r
t z y a p w x t i p e b z l r
t q a m z b l q p x m c
t r k q o p q l e u
n z l z t r - n g r d e
o b q o b z
t q o b q t r p e
n z o b q p x b z
m z k e '
m z t r
x l r k r l e
b z t i p e d e
n z b z s z n g
v z d e
y z l u m l e
t z p n z - l z b q n g r
t q r p n a l z m
w x l i k i t x p x p n z
n z v z o - k r d r
t q v z p e b o
v z - n q b l q m
v z b o
n a v z k r
t q v z o p e k r
n z v z - k r m g r
n z v z n e - k r g r
v z p x m
n a v z - m i p e x
t q v z - n g r n e
n z v z n e - k r g r
n z v z p x m q n g
t z v z o n g
t q r v z m i p w q
v z m i t r p e l e
v z k i p e m l e
t q v z n e - z v z k r
t q v z o k r
n z v z - k r b z
t q v z - n g r m
v z p e - k a i p
v z k i p e b z k r
v z o
t q v z - n g r m l e
n z v z o - k r m o p w q k r
n z v z p e k r
t q v z - e t r - n g r d e
t q v z n e k r
n a v z
v z - n g r b z k r
t q v z d z k r
n z v z k i o p e - k z l r
n a v z b z k r
t q v z k i l z m l e
t q v z t x
n a v z d z k r
n a v z - k a i k r
t q v z k i p x
t q v z k i p x k r
n a v z - n q b l q l e
v z - z v z k r
n z v z k i
t q v z - n g r m o
r v z m i m
t r v z k r u
t r v z u
t q v z t r p e k r
n z v z m i - k r g r
t q w z t i p e l e
w z t r p o
n c t e
d w a l z m g r
d w a s x p x - k z p q g r
o s o p x b z k r
n z m n c - k r d r
m n c t i o m g r
n a m n c - k a p q t r n g
t z m n c t x p w z
m n c n e - m o u - n g r g r
m n c - e p e l z l e
m n c l v z r n g r
t q m n c - k a p q n g r
t q m n c t r p
m n c p w z k r
m n c - k u
n z m n c l z b z
n z m n c p e - k r g r
n a m n c - n g r g r
n a m n c - k a p q l z - n g r m a m u
n z m n c t i p x m l r
t q m n c n e t r p e m g r
n a m n c n e - n g r g r
m n c m i b z l e
t r m n c k r u
m n c t i t x p w z k r
e s z ' t i
e s z - k r d e
n z r l x t i - k r m l r
n z r l x t i - k r b z
n a r l x t i b z m e
n a r l x t i t x p o
t q y r p u t i p x n g r
t q y r p u t i p x p e
t q a t a t r p e l e
t q a m z n r p e l e
t q o l z p e b z
n g r g u
t r o p i l v z u
d w a l z m g r
n a a g l q b z l r
n a a g l q p e k r
m n r g r
m n r g r n g
m n r n g e
n z m c t r
t z t u l r t r p e m
t r - r m n q u
n z a t o l w a - n g r n g
a t u l z n g r
k r k a ' - l e - b l r k u
t q p n z ' b q p e l e
t z p n z - l z b q n g r
a t u l z n g r
n z m n e t i
n e d r
n e g u n g
n z o p x - n g r m
t a k i t r t x p w z
k r a p w x
n z p n a t i - k r b z m u
t q r p n a - n g r m
n a r l r - n g r m e
r l r - n g r m e
t q n g r l r p x p e k r
t z y a p w x t i p e b z l r
m a k x t x b z l e
t z y z l u p e - m o p w z n g
t q y r l q o b o
n z y r l q t r p z l r
n z r t r n g r t i o l r
n z r t r n g r - n g r b z
t r t q w z p e u
t q w z t i p e l e
w z t r p o
y r n i - e b i r p e n g
a m i n g r p e k r
n a a m i n g r - n g r g r
d r t a ' d r
t q p r t r p e b z k r
y a p x - z v z k r
t q y a p x p e b z
t z y a p x p e n g
n z r p n z ' n g r
t z p n z ' - n q b l q p e
t z p n z - l z b q n g r
t q r p n a l z m
n z p n z ' p e m
d w a s x p x - k z p q g r
t q m w i t x p e
t z l v a b e t r p e b z
t q m u - n g r b e
m u l z p e k r
t q m u k r
a m u k x t r t x
n a m u - n g r g r
t z a m c t i - n g r d e
d z b e d e
n z a m z b l q p x - k r m c
t q a m z b l q p x m c
t q a m z b l q t x p x p e m c
o t i b z
a t u l z n g r
k x m u l e
t q d c - z l w z n g r
k z t e n g e
k z t e d r
n a d r
n a n
n a b o
n a g r
m z t e
m z ~ n i b r d r
n z r t a n g r t i - k r d r
n z r t a n g r t i - k r g r
n z r t a n g r t i - k r g r l e
t q r t a n g r n e
t r n z a y o t i p e l r u
b z t i p e d e
n z b z s z n g
t z r t w z t i p e - k z n g
t q t w z o p e
t q y r p u t i p x n g r
n z y r p u t i p x k r
t q y r p u t i p x p e
t q a m i n g r - n g r g r
n z m e l z - k r m l e
t q k a p u t r - n g r b z
g l a l z l e
n z y a l z - k r g r
y a p x - z v z k r
t z y a p x p e n g
y r n i - e b i r p e n g
t r t e n g e
n z o l z - k r m l e
k x m a t q
n z g l q o l r
n a a g l q p e k r
n a a g l q b z l r
t q y o k a e k r
a t u t r p e l e
k x b q g r
t r - r m n q u
a w i t x p e
t q p i b z
r p i o b z l e
t q r p i b z l e
n z r p i b z
d w a l z m g r
y a p x - z v z k r
t q y a p x p e b z
n z y a l z - k r g r
y a n e - z v z k r
y r k r p x b z l e
t q y r k r p e n g r
n a y r k r t x
t q a e n z l i t i - n g r g r
n a - a e n z l i p w z l r
n a - a e n z l i t x k i
n a - a e n z l i m g r
t r n z a e n z l i l r u
y r l z o
n z p n u t i t x
n z y a n g r n g a t x - z l w z p e - n g r d r
t r p e l e u
t z p e o n g r
p r t z t x b z k r
e t u n e p x
k x n z e t u
k x e t u t i n g
e t u n e p x - z v z l e
e l a
b z t i p e d e
n z b z s z n g
n a b z - n g r n
b z t x p n z '
b z p n z ' x
n a b z p e - n g r g r
k r l a
k r l c d e n g
k r n e d r
n a r b o m p e n g
t r n g i u
n a n g i p e
r n g i - b a t r p q
t q r w z s o
s e x
n z t e k q t r n g r
m a l e l e
o b q o b z
n z o b q p x b z
b l e t i p x - l x b l r n g
n a o b q - k a p q p x
a t u l z n g r
t z l v c l z p e - n g r d r
b o o n g r
v o t r p z k r
t q v o b e
t q v o t x - n g r p w z
t q v z m i t r p e l e n g
t q m w i t x p e
n z m c t r
t z p r e s i n q n g
p z t i t x k r
e s z ' t i
n a n e n g
a e l w a p x
a e l w a p x - p n z
n z b z s z n g
b z t i p e d e
k x n a m u
n e d e n g
n e d e
n e n g e n g
n e m
n e n g e
n e m u n g
n e d r
m r g e a m u
n z y r b z
t q v o b e
v o t r p z k r
l x e n g e
l x e d r
y o l x o m a m u
m e n g a b q
d z t u d r
t z y z l u p e - m o p w z n g
n z o t r n g r
k x n z y q n g
l v c - a l z u p q
t q v z p e m g r
