n z y c m n e - k r m
n a y a p w x t i b o
n z r p i m l r
t q r p i l e
n z v z n e p e l r
n z d w a t r - k r g r
n a p i b z k u
a e l w a p x
t q v z - n g r g r
l x e d r
y c - n r b a l q
t u l z m c
t q v z p e b z k r
m c l z k r
n z v z p e n g
n z y c m n e - k r d e
n z y c m n e - k r b o
d w a s x p x - k z p q g r
n z v z - n g r m l r
m n q t i p e l e
t q v z m i t r p e b z l e
t z v z p e - k a i n g
v z p x b z k r
n z v z k i o l r
n z r m c t i l r
n z l v c n g
b z t i p e d e
n a p i b z k u
n z v z p x b z n g
t q d w a p l r k r n g
n z r p i b z
n z m c t x p w z
o t i m
a s u m i p e b o
v z m i o l e
v z p x b z k r
t z y z l u p e - m o p w z n g
t q v z p e x
n z v z - n g r m l r
t z v z k i n e d r
v z p x b z k r
n a m c l e
n z v z - k r n g e
n a d w a p e k r
t q l i p e
n z l v c n g
n z v z k a i - k r g r
t q r w z s o
t q v z p e b z
d r t w r d e
r g l q k r
t z k r l z p e - a t e l r
t z r k a l z p e m
t q v z - n q b l q n e n e
t q v z p e
t q v z p e - k z x
m q g r
t q p i p e m
m e n g a b q
v z t r l e
t q v z m i t r p e l e n g
n z v z - k z n g
n z l v c n g
t q v z p e m g r
t q p i p e m
n z d w a t r - m o u - k r g r
m c p o
n z r m n q t x n g
n z v z o - k r d r
t q v z p e b z
v z m i m q
n a p i b z k u
n z v z - k z n g
n z v z p x b z n g
a b r t z t x - n g r g r
t q y r k r p e n g r
n z m c t r
t q v z p e
m n c t i t x p w z k r
n z v z - k r n g e
v z t r l e
t q v z m i t r p e l e n g
t z v z p e - k a i n g
t q v z p e - k z x
d r t a ' d r
n z m n c - k r d r
n z b z s z n g
n z v z - k r b z k r
n z a b r t z l v z l r
t q v z t r - m o p w z k r
n a v z b z
v z t r n g r
n z v z - z v z b z n g
v z p e m
n z v z p e n g
n z v z k i o l r
n z r p i b z
n z r m c t i - k r d r
m n c - k u
t z x l r o p e l r
n z o b q - k a p q k r
l i t x t r
m c t r p z l e
t z v z k i n e d r
t q y r k r t r - a t e m
t z - z p q t r n g
v z p x m
m c t r k r
t z v z p e - k a i n g
m c p o
r m c t i p e k r
v z m i o l e
t q m c p e k r
n z r p i l z - k r d r
v z - z v z x
n a k a t x b z l e
n z r p i b z l r
n z v z b z n g
t q p i p e b z l e
n z v z k a i - k r g r
t q v z p x p e
n z m n c t x p w z
k x e s z '
t r v z u
t u t x l z m
n a v z b z
v z m i o l e
v e x
v z t x
r p i - r d e
t q m e i t i o
n z v z n e p e l r
a b r t z l v z k r
n z p i - k r m l r
t z v z o p e n g
t q v z - n g r g r
t z y a p w x t i p e b z l r
t q p i m e
n a y a p w x t i m l e
n z m c t r
p z t i t x k r
n z v z - n g r m l r
k r l a
t u n e p w z
r y a p w x - z v z k r
v z - z v z x
t z v z o p e n g
t q y r k r p x k r
t z v z p e
y c - n r b a l q
m c p x m
a s u m i p e b o
n z v z k a i - k r g r
t q p i m e
n z v z b z n g
r m c t i l e
n z v z p x n g
t q m r l z p e
t u p x m
t q m n c - n g r g r
v z - z v z x
p i t x m l e
n z y c t i k r
n z p n a t i - k r b z m u
t z a n g r l v z n e o p e l r
n z r p i m l r
n a v z n g
n z v z - k r n g e
t q v z p e - k z x
t q r t w a y z b z
t q v z m i t r p e b z l e
r m c t i p e k r
o m i t x p x b z l e
t q p i p e m l e
y z l u m c
n z a b r t z l v z l r
n z m n c l z b z
v z m i m q
n z a b r t z - z v z n g r
n z m c t x p w z
t u o m
n z v z p e n g
n e g u n g
v z t r l e
t q m n c
s c g u
n a v z b z
n z n g i k r
n a n g r l r t r k i
n z l v c n e n g
t u n e p w z
t q l u - n g r g u
n a v z b z
t q m n c - n g r d e
n z v z - k r b o
v z p x b z k r
v z m i m q
n a v z b z
v z - z v z x
n z v z - z v z b z n g
t q v z p x p e
n z r p i b z
n z v z k i l r
r m c t i - n g r g r l e
n z v z k a i - k r g r
k x n z y a g o x n g
v z t r l e
t q d w a p l r k r n g
t q t u p x m
n a m a p u p e b z l e
t q m c p e l e
t r v z n e - k a k r
n a n g i p e
n z v z - k r b o
n z m c t r
n a v z n g
t z v z p e
t q v z p e
t r t r k a - z l w z p w z u
n a a g l q b z l r
t q t u l z
r m c t i p e k r
t z t a v e t r l r
v z t x
n z v z - k r b o
t q v z m i t r p e l e n g
k r l z m l e
n z v z p e - k r d r
t q r p i b z l e
t q v z p e b z
n z v z - k r b o
n a k a b o
v z p x b z k r
n z m u - k r g r
n z v z - k r n g e
k r a p w x
n z v z d z - k r g r
n z v z - k r b o
n a v z m i b z l e
t q v z m i t r p e b z l e
t q r p i b z l e
t z v z p x p e b z n g
m n c - e p e l z l e
n z v z p e - k r d r
t q y r n i p e x
m c t x m
t q v z p e b z
n z t u - z v z - k r d e
t q v z - n q b l q n e n e
x n g i t x t r l e
