n a v z m i b z l e
n a d w a p e k r
t q r m c t i p e k r
t z v z p x p e b z n g
e s z ' n e
t q v z p e
t q v z p e m
t q v z m i t r p e l e n g
t q v z p x p e
v z t x
t q v z p x p e
t z v z - n g r
n z v z n e p e l r
n z v z n e p e l r
n z v z - z v z b z n g
v z x
v z x
t q v z p e m
x l r b z l e
r m c t i l e
n z v z p x n g
t q v z p e b z
t q v z m i t r p e b z l e
m c p x m
n z v z - k z n g
v z p x b z k r
n z v z
n z d w a t r - k r d e
t u t x l z m
t u l z m c
v z m i o l e
n a v z b z
t z l v c m l r
n z t u n g r
t q v z p e b z
n z v z p x b z n g
t z v z p e
n z t u n g r
t z v z n e p e n g
y r l q b z k r
v z t r n g r
t q v z m i t r p e b z l e
n z v z k i l r
d w a l z m g r
r m c t i - n g r g r l e
n z p i l z l r
n z r m c t i l r
n z v z - z v z b z n g
t z v z k i n e d r
n z r p i l r
n a v z b z
v z m i o l e
t z v z n e p e n g
t q t u l z
n z v z p x n g
t z v z k i n e d r
p i b z l e
n a v z m i b z l e
t q v z m i t r p e l e n g
v z m i m q
t q m n c - l x b l r p e k r
v z k i m l e
n z v z - k r n g e
t z v z p e - k a i n g
t r v z n e - k a k r
n a v z n g
t z m n c - n g r d r
m c t r k r
n a m n c - k a p q n g r
y r l q b z k r
n z r p i - a n i - k r m l e
t z v z p e
n z a b r t z l v z l r
v z t r l e
t q p i p e b z l e
n a p i t r - m o u p o
t q v z m i t r p e l e n g
n a v z n g
n z v z p x n g
t q v z b o
n z w z t i - k r b z l e
n z v z - k r b z k r
t q v z m i t r p e l e n g
n z v z n e p e l r
t q v z t r - m o p w z k r
t q v z - n q b l q n e n e
v z x
n a v z n g
t q v z p e
n z m n c p e n g
n z v z - k z n g
t q v z b o
t z m n c t x - a l o p e n g
n z v z - k z n g
t q v z p e m g r
t q p i m e
n z v z - k r n g e
t q v z p e b z
t r t r k a - z l w z p w z u
t q p i p e m
n z v z - k r n g e
t q m r b r
n z v z - k r b o
o t i l e
t q v z p e
n z m n c l z b z n g
n z v z k a i - k r g r
t z v z p e
n z v z b z n g
n z v z - k r b z k r
t q p i p e b z l e
n a p i p x - l z b q n g
t z m n c - n g r d r
t q a l v c - l z b q - n g r g r
m c p x m
n z v z k a i - k r g r
t q m n c - n g r d e
n z m n c l z b z n g
v z p e m
n z v z - k z n g
n z v z p x b z n g
n z m c k r
r p i - m o u p q l e
n z v z p x b z n g
v z p e m
t z v z n e p e n g
t q v z b o
t q v z m i t r p e l e n g
t z v z p e
v z t r n g r
n z p n a k i p x l r
n z v z - k r b z k r
t q v z - n q b l q n e n e
r p i - m o u p q l e
t z m w i - n g r d r
n z v z p x b z n g
t z m n c t x - a l o p e n g
t z v z p x p e b z n g
n z v z k a i - k r g r
t z v z k i n e d r
n z v z p x b z n g
t r v z n e - k a k r
t q v z p x p e
t z v z p e
n z v z - z v z b z n g
v z t r n g r
v z m i m q
n z v z
n a v z b z
n z v z k a i - k r g r
n z v z - n g r m l r
n z v z - k z n g
t q v z - n g r g r
t q v z p e m
v z - z v z x
t z v z n e p e n g
t z v z n e p e n g
n a v z b z
t q v z p x p e
t q v z t r - m o p w z k r
n z v z - k r m
t z v z k i n e d r
n z v z p x n g
t q m c p e x
t q v z p e
n z v z - k r m
t q e t u n e p x p e
n z a b r t z n g r
n z m c p x
n z v z p e n g
p i b z l e
n z e t u p e - k r n g e
n z v z - k r n g e
n z a b r t z k r
n z v z p x n g
r m c t i l e
v z p x b z k r
t q v z p e m g r
t q v z p e m
t q m c p e x
t z v z n e p e n g
t q v z p e x
t q v z p e m g r
t q v z p e m
d w a l z m g r
r m c t i l e
t q v z p e m
n z v z n e p e l r
t q m u - n g r g r
t q y r n i p e x
t z v z b e n g
v z - z v z x
n z r p i - a n i - k r m l e
t r n z p i - k r p o ' u
n z r m c t i l r
n z r p i - a n i - k r m l e
n z r m c t i l r
t q m c p e l e
n z m w a n g r
t q v z p e x
d w a t r k r
n z k a l z m l r
n z b z t i - l x b l r n g
n g r l r m i m l e
t q r m c t i p e k r
t z v z - a t e n g
t q m c p e l e
t z m n c t x - a l o p e n g
t q m c p e l e
t q p n z ' l e
m z l e d e
t z m w i - n g r d r
n z y c m n e
n a l x n g i t i k u
t u t i p x - n g r m
d w a t x t r x
d w a t x t r x
a b r t z l v z k r
t q m w a p e
t u t i p x - n g r m
t q p n z ' p e l e
t z y r n i n e t r p e b z n g
d w a t x t r x
t q m c p e x
t q v z p e m g r
n a p i b z k u
n a p i b z k u
n a p i b z k u
t z m w i - n g r d r
t q d w a p l r k r n g
n a p i b z k u
x l r k r
p n z ' b z l e
n a p i b z k u
o t i m
n z v z - z v z b z n g
n z y r l q
n z w z k r
n z w z - k r n g e
v z k i m l e
t q m c p e l e
t q x l r p e k r
t q y r k r p e
n z w z - z l w z - k r g r
t z m w i p x - n g r m l r
t z m w x l r n g
t q m n c
n z m c t x p w z
n z m a b r
t q m n c
