t q v z - n q b l q n e n e
t r n a n i b q l e u
n z v z k i l r
n z v z b z n g
v z x
n z r m n q t x n g
t z p r t r - m o p w q
n z k a p x m l r
n z v z p x n g
n z v z - n g r m l r
t z v z p e - k a i n g
v z m i m q
r m c t i - n g r g r l e
t w z q
n z o t i p e - k r m
r d r n g
l r d r
v z m i m q
t q w q p e
n z y a p w x - k r d r
m n c t i k r
n z t a v e t r l r
r m c t i - n g r g r l e
v e x
v z t x
n z k a l z m l r
t r t e g r n g
n z v z p x b z n g
n z v z b z n g
v z m i m q
t q v z t r - m o p w z k r
k c m a n g
n z m c p x
n z v z k i l r
t q p i b z
v z t x
t q o t i - a t e m
n a o k l a t i t r - m o p q g r
n z o - k r m
n z v z - n g r m l r
t q v z - n g r g r
t q p i p e m
n z v z n e p e l r
n a v z m i b z l e
n z m c t x p w z
n z a b r t z n g r
n z m c t x p w z
t q m w i t x p e
n a m n c n e - n g r g r
t z v z k i n e d r
t q a s u p e b z
t q v z p x p e
n z r p i - a n i - k r m l e
t q v z p e x
n a p i t x t r - m o p o
n a m n c - k a p q n g r
n z v z k i
t q r p i b z l e
v z m i m q
n a p i t x t r - m o p o
t q t r k a m i
n z m c p x
n z r p i m l r
t q t i n g r
m n c t i k r
n a o p e - k a i x
n z v z - k z n g
v z t x
t q v z p e x
n z d w a t r - k r g r
n z v z p e - k r d r
k a o m a m u
n a y r k r t x
t r n a n i b q l e u
n z m c p e - k z p z
n z v z p x b z n g
n z v z k i l r
t z v z o p e n g
t z p n z - l z b q n g r
v z x
m c - k z a m u
t q p i b z
t z l v c l z p e - n g r d r
v z b z
k x t r k a
n z o t r p z n g
n a b z m i p e l e
n z v z b z n g
t z v z p e - k a i n g
v z t x
n z a p x - n g r b z
t r n z p i - k r p o ' u
t q v z p e b z
t z x l r o p e l r
n z r p i m l r
v z k i m l e
n z v z - k r b z k r
t z k u k i r p e l r
t z m n c t x - a l o p e n g
p i b z l e
t q y c n g r
n z v z k i o l r
k x t o p w z n e
n z v z k i l r
n z t u n g r
r p i - m o u p q l e
r p i o b z l e
t q v z t r - m o p w z k r
t z o d u t r - l x b l r - m o u n g
t q m c p e k r
t q v z b o
m c t r k r
n z w z - k r n g e
n z m n c - k r g r
n z v z p e - k r d r
m n c p e x
n a t q n g e
n z v z m q n g
t z v z - n g r
n z v z - k r b z k r
t z x l r o p e l r
v z m i o l e
n z p r p x - k r d r
v z p x b z k r
n z y c m n e
m c l x
t q v z m i t r p e b z l e
t u t i p x - n g r m
n z k a l z - n g r m l r l e
n i b r g r
t q r p w x m z
n z p r p x - k r d r
t q v z p e m g r
n z v z p x b z n g
v z - z v z x
t q a l v c - l z b q - n g r g r
n a p i t r - m o u p o
x l r b z k r
n z r l z - k r b z l e
v z x
n g r g u
n a y a - p w z - t i p e x
n a v z m i b z l e
n z v z p x n g
t q v z k i p x
n a v z - k a i p o
n z v z - k z n g
n z v z p x m q n g
t q v z b o
t r n z p i - k r p o ' u
t q v z p e - k z x
t u p x m
t q n g r l r l z p e
n z v z p x b z n g
t w z t r k r
t q m w x l r p e k r
t q r p n a p e - n g r m l e
n z p r p x - k r d r
o t i m
n z v z
n z o l v x t i - k r d e
n a p i t r - m o u p o
v z m i o l e
n z y r l q t r p z l r
t q r p i b z l e
t z v z o p e n g
n a n g r l r t r k i
v z p e m
n z n g i - t r p e n g r k r
t q p i p e b z l e
t z r y z k r n g
n z v z - k r b o
t q v z p e m
t z v z - n g r
v z t r l e
y c m n e p e
t z s i k l u n g
t z v z p x p e b z n g
t q m c p e
n z v z - k r m
k r l z m l e
t q y r p u t i p x p e
n z v z - k z n g
n z v z - k r m
n z v z k i o l r
v z t r l e
t z v z p x p e b z n g
t q v z t r - m o p w z k r
n a v z b z
n z v z k i l r
m n c t i k r
t q v z - n q b l q n e n e
k x t o p w z
n a y a - p w z - t i p e x
n z v z
n z s i k a p u - k r d e
v z p e m
n z o t i - k r m l e
n a v z m i b z l e
n a m n c - k a p q n g r
n a l x n g i t i k u
m c p o
t z v z p x p e b z n g
t q p r t r p e b z k r
n a k a b o
n a y a p w x t i p x b o
n z v z - k r g r
t u o m
r m c t i l e
t r v z n e - k a k r
t z v z k i n e d r
t z m n c t x - a l o p e n g
t q r p i p e x
n g r l r m i m l e
m c t r k r
t z v z - n g r
t q m n c - n g r d e
m c p x m l e
t z v z - n g r
t q m c p e l e
t z n g r l r k i o p e l r
m z l w e d e n g
r m c t i - n g r g r l e
n z v z - k r n g e
t q r t a n g r n e
t r k r l z w x u
n z v z - n g r m l r
n a o b q - k a p q p x
n a p i t x t r - m o p o
m n c l v z r n g r
m c l x
x l r l e l e
t z m n c - n g r d r
n z m w a n g r
n z w z - k r n g e
n z v z - k z n g
t r r l r - n g r p l e u
n z m u - k r d r
n z v z
n e d r
n z v z k i o l r
t z l z t r
n z v z p e n g
n z m c k r
t q m c t i p e k r
t z m n c t x - a l o p e n g
t q v z - n g r g r
t q v z p e m
v z x
t q r p n a p e - n g r m l e
