o t i m
n z v z
n z v z
o t i m
v z x
v z t x
t q v z p e m
r m c t i p e k r
v z p e m
m c p x m
m c o m q
v z p e m
v z p e m
v z p e m
v z m i m q
m c l x
m c l x
t q v z - n q b l q n e n e
t q v z - n q b l q n e n e
t q v z - n q b l q n e n e
t q v z - n q b l q n e n e
t q v z - n q b l q n e n e
n z m c p x
t q v z m i t r p e b z l e
t q v z m i t r p e b z l e
t q v z m i t r p e b z l e
t q v z m i t r p e b z l e
t q v z m i t r p e b z l e
t q v z m i t r p e l e n g
t q v z m i t r p e l e n g
t q v z m i t r p e l e n g
t q v z m i t r p e l e n g
t q v z m i t r p e l e n g
t q v z m i t r p e l e n g
t q v z m i t r p e l e n g
t q v z m i t r p e l e n g
t q p i m e
o t i b z
m c p o
t q p i b z
r p i l e
n z m c t r
n z m c k r
t q v z p e m
m c t x m
n z r p i b z
n z r p i m
v z m i m q
n a v z b z
r m c t i p e k r
n z m c t r
e t u t x
m c t x m
a l v z t r l e
w z t r p o
n z n g i k r
k x y r l z
t q v z b o
v z t r l e
t q v z b o
r g l q p x k r
t u n e p w z
t z v z p e
t z v z p e
t q v z b o
m c t r k r
p r t r p o
v z m i m q
r m c t i l e
n z w z k r
v z m i m q
n z w z k r
t q v z t r p e
t q p i p e m
v z m i o l e
t q v z p e
k i l z n e d e
t q v z p e
y r w i t x - k z l e
n z p n z '
k x p r k i
m c l x n g
m c l x n g
n z w z k r
m c p z k r
t z v z o p e n g
n z m c k r
n a m c k r
t q p i p e m
n z r p i m l r
n z v z p x n g
n z r p i m l r
n z v z p x n g
t u n e p w z
v z t r l e
e t u t x
n z m c t x p w z
n z r p i b z l r
m c l z k r
n z m c t x p w z
n z v z - k r b o
d w a l z m g r
d w a t r k r
t q k r l z p e l e
k x m a t q
t r s u k a
d w a t r k r
m c l z k r
v z t r l e
v z t r l e
v z k i m l e
v z t r l e
m r t u t x
n z v z - k r b o
n a p i b z k u
n z v z p e n g
t q v o t x - n g r p w z
t q v o b e
n z v z k i l r
t q p i b z k r
k r l z m g r
m z n r y a g w e n g r l c
k x p l c
n z m n c p e n g
n z m n c p e n g
x l r b z l e
n a p i b z k u
n z m c t x p w z
n z v z p x n g
n a e s z ' m z n g
t q v z p e - k z x
n z y r l q
n a y r k r t x
d w a l z m g r
t q v z p e b z
t z v z - n g r
d w a l z m g r
n z m n c p e n g
n z l v c n g
n z m c t x p w z
n a v z - k a i k r
n a v z k r
n z v z k i o l r
n z l v c k r
a t u l z n g r
n z t u n g r
n z r p i b z l r
t q v z p e m g r
n z m n c p e n g
n z m n c p w z n g
n z m c t x p w z
n z m c t x p w z
n z m c t x p w z
n z p r p x n g r
r g l q p x k r
t z v z o p e n g
n z t u n g r
n z v z k i o l r
n z d w a o n g r
n z k r l z m l r
n z r m c t i l r
t q v z p e - k z x
n z r m c t i l r
t q m c p e l e
t q v z p e - k z x
n z v z k i o l r
a t u l z n g r
n z y c m n e - k r b o
t q r p i p e x
n z v z k i o l r
x l r k r
o l i q l z k r
t q w z t i p e l e
n z v z k i o l r
n z v z k i o l r
r k a l z m
r k a l z m
t q v z - n g r g r
n z v z p e - k r d r
a t u l z n g r
n z v z k i o l r
n a m n c t x p o
n z v z p x b z n g
n z v z p x b z n g
n z v z p x b z n g
n z v z p x b z n g
n z v z p x b z n g
t r v z n e - k a k r
t r n g i u
n z i k l a p w z
n z v z p x b z n g
t q r p i - n g r n
n z v z p x b z n g
n z v z p x b z n g
y z l u m c
n z p i l z l r
t q p i p e b z l e
n z v z p x b z n g
t q p i p e b z l e
n z v z k i o l r
n z p e t i
n z r l z n g
t q p i p e b z l e
t q p i p e b z l e
n z w z - k r n g e
t r v z n e - k a k r
m n c l z - n g r m
t q w z t i p e l e
n z r m c t i l r
n a m n c t x p o
t z s i k l u t i
t q r m c t i p e k r
n z r m c t i l r
t z v z k i n e d r
m n c l z - n g r m
n z v z n e p e l r
t z v z n e p e n g
n z v z n e p e l r
n z y r l q b z
n z v z n e p e l r
t z v z n e p e n g
n z v z n e p e l r
t q o l v x t i p e l e
a b r t z l v z k r
t q v o b e
n z r m c t i - k r d r
o s z b z l e
n z v z n e p e l r
n z v z n e p e l r
n z r m c t i l r
n a v z m i b z l e
n z v z n e p e l r
n z v z n e p e l r
t q v z p e - k z x
t q v z p e x
n a d w a p e k r
n z v z n e p e l r
n z r m c t i l r
n z a l v z t r n g
t r v z n e - k a k r
t z v z k i n e d r
t z v z k i n e d r
t z v z k i n e d r
n z v z - n g r m l r
t z v z k i n e d r
t z v z k i n e d r
n a v z m i b z l e
n z r m c t i l r
n z t a o k r
t z v z k i n e d r
