v z m i o l e
t q v z p e - k z x
t q v z - n q b l q n e n e
y c - n r b a l q
n z a t u p x - n g r m
t q m n c
r m c t i p e k r
n z m n c - l x b l r - k r g r
t q v z - n g r g r
t q v z p e m
t q v z b z k r
n z v z - k z n g
t z v z p e
t q v z p e m g r
o t i b z
t q a m z n r p e l e
n z l v c n g
t q v z p e x
t q r l r p e - n g r m l e
y z l u m c
k x p r t z
t z v z k i n e d r
t r n z p i - k r p o ' u
n z l x n g i t i - k r d e
k c m a
t q y r p u p x
k r l z p e b z k r
t z a y o t i
m w i t x
n z v z - k z n g
n a m n c n e - n g r g r
t q v z - n q b l q n e n e
n a y c t i p x m
m c p x m
t z t a v e l r
t q v z - n q b l q n e n e
n a v z b z
m c l x
n a r y z k r - n g r g r
n z l v c n g
a t u l z n g r
t r v z n e - k a k r
s c m
m n c - e p e l z l e
n z o t r n g r
t z x l r o p e l r
n z e t u p e - k r n g e
t q v z p e x
t q v z - n q b l q n e n e
t q v z - n q b l q n e n e
n e d r
n z t u n g r
n a v z b z
n z m c t r
n z v z - k z n g
t z v z n e p e n g
n z v z - k r m g r
t q v z p e - k z x
t q p i b z
t q p i m e
m n c l v z r n g r
r m c t i p e k r
n z m z l r p i - k r n g e
n z r p i b z l r
t q t u l z
t z v z o p e n g
t q v z m i t r p e b z l e
t q p i b z k r
n z v z - k r b o
t q v z p x p e
t q v o t x - n g r p w z
n z y c m n e - k r d e
t q v z p x p e
t z y a p x p e n g
t q o p x p e - n g r d e
t q v z p e b z
t q v z p e m g r
v z t x
v z k i m l e
k r l z m g r
n z a l v z t r p l r
d w a t x t r x
t z v z k i n e d r
v z - z v z x
t q r p i b z l e
v z m i o l e
m n c t x p e
n z v z p x b z n g
t z y z l u p e - m o p w z n g
t z v z p e - k a i n g
d w a - r b r l z - n g r m q g r
n z v z - k r m
r m c t i - n g r g r l e
m c t r k r
l i p w z
n z v z p x b z n g
t q n g r l r p e k r
t q v z - n g r g r
t q v z p e - k z x
n z m e l z - k r m e
v z m i o l e
t q p i p e b z l e
t q y r k e l v z q
v z k i m l e
r m c t i l e
n z y a l z - k r g r
t q y r n i p e x
y a g o x t x
t q m c p e x
n z t w z t r k r
n i b q t i
n y z d r
t q v z p e m g r
n z v z - z v z b z n g
n z r p i - a n i - k r m l e
n a m n c n e - n g r g r
n a p i b z k u
t q t r k a p e m
t q t o p w z b e - n g r n e
e s z ' t i
t q m c - a t e k r
n z v z
t z v z p e - k a i n g
n z v z b z n g
n z r p i b z l r
n z m u - k r g r
t q p i m e
n z v z b z n g
n z m u - k r g r
t z v z k i n e d r
t q v z - n g r g r
n z b o m l r
t z v z n e p e n g
n z l i - k r d e
t q n g c n e o m
v o m l e
n z v z k i o l r
y r n i - e b i r p e n g
v z p e m
t q v z p e - k z x
n z a t o l w a - n g r n g
n z p n a k i p x - m o u l r
t z v z o p e n g
t q a m a o p e
d w a t x t r x
t q t r k a
n z m c p x
t q r p n a - n g r m
t q r k a w i t i k r
t q v z b e
t q d w a p l r k r n g
t q w x b u p x - n g r m
n z p i l z l r
n z v z
n z v z k a i - k r g r
t z r p i p e l r
n z v z - z v z b z n g
n z n g r l r t r n g
n z r m c t i l r
t u l z m c
n z y a p w x - k r d r
k q l u t x
t z l v c m q n g
m c l x n g
t q v z m i t r p e l e n g
n z v z - k r n g e
r m c t i - n g r g r
n z v z p x n g
n z l c - a p q b z n g r
t q v z p x p e
n z m w i n g r
d w a s x p x - k z p q g r
p i b z l e
n z r m c t i l r
n z v z p x b z n g
v z t x
n z v z - k r b o
n z a b z o k r
t q v z t r - m o p w z k r
y a p x - z v z k r
v z t r l e
r p i l e
t q v z p e x
n a o k a t r p q l r
n a y a g o x n g
t r t q w z p e u
n z r p i l z - k r d r
t z m c n g r
v z m i o l e
t z v z p x p e b z n g
n z v z p x n g
n z p w x n g
m c l z k r
n z v z n e p e l r
v z m i t r p e l e
n z v z - z v z b z n g
m w i t x
t q v z p e
n a k a b o
x l r b z l e
t z v z p x p e b z n g
n z w z t r n g
n a v z n g
t q m c p e l e
a t a k q t i - l z b q t x k r
y a p w x t i - z p w x m a m u
n z r l z n g
n a v z m i b z l e
r m n r - n g r b z
t z v z p e
n z v z p x n g
t z v z p x p e b z n g
x l r k r l e
r n g i - b a t r p q
n a v z n g
t q v z m i t r p e l e n g
t z v o p e
n z v z b z n g
n z t u - z v z - k r d e
v z p x b z k r
n z m n c l z b z n g
n z r p i m l r
t z v z p e - k a i n g
t q n g r l r p x p e m
n a v z m i b z l e
t q a s u l e
t z v z p e - k a i n g
t q a g l q p e k r
t u o m
t z v z p e - k a i n g
v z m i m q
n z v z p x b z n g
t z v z k i n e d r
n z v z - z v z b z n g
x l r b o l e
n z v z p x n g
y r w i t x - k z l e
n z v z k a i - k r g r
n z w z - k r g r
n z n g i - k r d r
t q v z o p e
n z v z - k z n g
t z v z n e p e n g
n z l u t x p w z n g
n z v z - k r b z k r
n a v z n g
t r n z p i - k r p o ' u
m n c - m i p e - a m u
v z t r l e
n z y c t i k r
