n g r l a p l x p x k r
n z l z t r - n g r d e
d w a l z m g r
t q o t i - a t e m
n a m n c - k a p q t r n g
m n c m i b z l e
m n c p w z k r
t q m n c - k a p q n g r
m n c - k u
y r p l a b r t q p e
t q l u - n g r g u
t z a m c t i - n g r d e
y r k r p x b z l e
t q e t u n e p x p e
t q y a p w x t i p e m l e
n z r p n a k i p x n g r
n z y r l e t i - k r d e
n z r k a l z m q n g q
n a k i l z b z l e
n z o b q p x b z
m e i t x t a t x p x
t q m e i t i o
t z p r e s i n q n g
n a p i b z k u
t q m w i t x p e
t q p n z ' b q p e l e
t z p n z - l z b q n g r
t q r k a l z p e - n g r m q g r
k x n a m u
n z l v c n e - k r d r
t q r p i p e m
r p i - r d e
k x n z s i k l u
t z l v a b e t r p e b z
t r k q o p q l e u
n a p i b z k u
t r s u k a
t z m w i p e n g
n a p i b z k u
t a k i t r t x p w z
r l i l r m u
n c t e
n z r m c - k r b z
t q m c - a t e k r
t r m c p e l e u
n z m c t r p e m l r
n z m c p x b z l r
t q m c p x b z k r
t q m u p e k r
v o m l e
t q a b r t z - z v z - n g r g r
m n c - m i p e - a m u
t r t e g r n g
r k a t r p q
n a p i b z k u
m n c l z - n g r m
a t u t r p e l e
x l r m l e
d w a s x p x - k z p q g r
t z l v c l z p e - n g r d r
y c t x b z
t q y c n g r
y c p x
t q v z k i l z m l e
t q v z n e - z v z k r
v z - z v z k r
n z y a p w x - k r d r
n z l x p l z t x
t z a y o t i
t z l v c l z p e - n g r d r
t z p n z - l z b q n g r
t q p n z ' b q p e l e
n z p i b z l r l e
t z r y z k r n g
n z t e l v z l r
t q y o k a e k r
m n c - m i p e - a m u
x l r m l e
n z p n a n g
k x n z s i k l u n g
n z m n c - k r g r
k z t e d e
k x r t c
l o p x i l e
n z p c t i k r
t q x n g i - a t e b z k r
v z t r n g r
t q n g r l r l z p e
l v c - a l z u p q
y r l q t x - m o u x
y z l u m l e
p n z ' b z l e
n a m n c n e - n g r g r
y c m n e p e
m n c - m i p e - a m u
y r n i - e b i r p e n g
t q n g q p e l e
n z a l v z t r p l r
t q x l r p e k r
t z a n g i o l r
n z d w a t r - k r g r
t z y r n i n e t r p e b z n g
n z r p i - a n i - k r m l e
t q a l v c - l z b q - n g r g r
n e d r
t z y c m n e - n g r p e m l r
t q r p n a p e - n g r m l e
k x b q g r n g
n z a b r t z - k r g r
t q r m c t i p e k r
t r n z p i - k r p o ' u
t z m u p e - n g r d r
t q m n c p e k r
n a m n c n e - n g r g r
n z k a l z m l r
n e d r
t r n z p i - k r p o ' u
t r n z p i - k r p o ' u
n z w z - k r g r
m n c l v z r n g r
n a p i t x t r - m o p o
n z l r m z t r - k r d e
y c m n e p e
t r n z p i - k r p o ' u
t q v z t r - m o p w z k r
t q p i p e b z k r
t r n z p i - k r p o ' u
n a p i t x t r - m o p o
t q v z t r - m o p w z k r
t q v z t r - m o p w z k r
t q y r n i p e x
k x b q g r
n z r p i l z n g r
n a p i t x t r - m o p o
t q y r p u t i p x p e
t q d w a p l r k r n g
n z b z n g
n a p i t x t r - m o p o
n z d w a t r - m o u - k r g r
t q v z t r - m o p w z k r
n z p n a n g
n a v z n g r
t q m n c - l x b l r p e k r
t q m c p e k r
m n q t i p e l e
t q y r p u t i p x n g r
t q p n z ' p e l e
o t i b z
t u t i p x - n g r m
t z x l r o p e l r
t q v z t r - m o p w z k r
n z n g i n i - k r d e
t q v z t r - m o p w z k r
t q v z t r - m o p w z k r
t q v z t r - m o p w z k r
m c t e
t q v z t r - m o p w z k r
n a p i t x t r - m o p o
n z b z - k r g r
t q v z t r - m o p w z k r
n z m n c - k r d r
t q p r t r p e b z k r
t z r t w z - k z n g
t q v z t r - m o p w z k r
n z v z k a i - k r g r
t r n a n i b q l e u
t z m n c t x - a l o p e n g
n z r k a t x n g r
t q v z b z k r
n z v z k a i - k r g r
n z x l r b z l r l e
r l w x k r
n z v z k a i - k r g r
n z v z k a i - k r g r
t z m n c p e n g
x l r m l e
t q e t u n e p x p e
n a p i t r - m o u p o
n z v z k a i - k r g r
v z t r n g r
t z m n c t x - a l o p e n g
t q v z t r - m o p w z k r
t q w z t i p e l e
n z r k a t x n g r
n a p i t x t r - m o p o
n a p i t r - m o u p o
a b r t z l v z k r
t u n e p w z
t q r m c t i p e k r
t q m c p e k r
t q a p u l e
n z r p i l z - k r d r
n z v z n e p e l r
n z v z k a i - k r g r
n a y a p w x t i b o
v z t r n g r
n z k r k a ' - k r g r
n a p i t r - m o u p o
n a p i t r - m o u p o
t q v z m i t r p e l e n g
n z m n c - k r n g e
t q v z m i t r p e l e n g
n z e t u p e - k r n g e
t q n g r l r p e k r
t q n g r l r l z p e
v o m l e
n g r d e n g
n g r g u
t q v z m i t r p e l e n g
t z v o p e
t q v z m i t r p e l e n g
t q v z m i t r p e b z l e
m n c l v z r n g r
t q m c p e l e
t q v z m i t r p e l e n g
t q v z m i t r p e b z l e
y a p x - z v z k r
n z v z n e p e l r
t z r m c t i p e l r
r p i - m o u p q l e
t u l z m c
t q v z m i t r p e b z l e
t q v z m i t r p e b z l e
t q k r k a ' p e b z
n g r l r m i m l e
t q v z m i t r p e b z l e
n z x l r b z l r l e
t q p n z ' l e
o t i l e
t q v z m i t r p e l e n g
t q v z m i t r p e l e n g
t q v z m i t r p e l e n g
t q v z m i t r p e l e n g
m w x l r t i - z l w z k r
r m c t i - n g r g r l e
d z t u d r
t z v z p e - k a i n g
t q v z m i t r p e b z l e
t q v z m i t r p e l e n g
t z v z p e - k a i n g
t q v z m i t r p e b z l e
t q v z m i t r p e b z l e
k r a l i
n a k r k a ' - z v z k u
t r v z n e - k a k r
t q y r n i t x p e
t r v z n e - k a k r
t q v z m i t r p e b z l e
n z m c t x p w z
n z p n a k i p x l r
