t q x p l r
t q a c l v e b o
t z r m c t i p e l r
m n c l v z r n g r
n z p n z ' p e m
n z n g i - k r d r
t q v z - n q b l q n e n e
r m c t i l e
n a v z n g
t q v z p e - k z x
n z v z p x n g
n z v z n e p e l r
t q a b r t z - z v z - n g r g r
t q p i m e
t q n g y a p e
n z v z - z v z b z n g
m c t x m
n z w z k r
n z v z - k r n g e
t q v z m i t r p e l e n g
m n c l v z r n g r
t q b z p e
t q v z o p e k i
m c p z k r
t q v z p e m
n a y r k r t x
n z p r p x k r
n z v z - z v z b z n g
v o m l e
t q m r l z p e
a w i t x p e
t q v z p e m g r
t q r y r n g e
n z r p i - a n i - k r m l e
v z p e m
m c p o
n a v z m i b z l e
t u p x m
n z y c m n e - k r d e
v z p e m
t r v z n e - k a k r
t q y r k r p x k r
t z v z - n g r
n z v z k i l r
m n c l z - n g r m
t z v z n e p e n g
v z m i o l e
n z p l z p x - k r m a m u
t q t u p x m
n z w a i n e - n g r b z l r
m c l z k r
m n c t i k r
n z v z - z v z b z n g
v z m i o l e
t q v z p e m g r
l v c - a l z u p q
n z v z
t q v z m i t r p e b z l e
a b r t z t x - n g r d e
n z m c k r
n z w z - k r g r
t q o l v x t i - a t e l e
t r t e n g e
n z v z - k r m
t q n g r l r p x p e k r
t q v z p e m g r
t z v z - n g r
t r k r l z w x u
n z m n c - l x b l r - k r g r
d w a t x t r x
t z m a t q
k x n z t o p w z
n z r p n a n e o p e - k r m l r
n z d w a t r - k r d e
y r n i t x
n a k q t x o m
t q o t i m l e
m c l z k r
t q e t u n e p x p e
t z r m c t i p e l r
t z v z p e
y a g o x t x
m w i t x
t q r p i p e b z l e
t q v z m i t r p e l e n g
m n c p w z k r
n z x l r m l r
n z r k a t x n g r
v z t r n g r
l v c - a l z u p q
t q p i b z k r
v z t r l e
l o l v z o a m u
t z v z n e p e n g
t q m z n r p e
t q v z - n q b l q n e n e
p i b z l e
y r k r p x b z l e
t z v z p e n g
n z l z t r - n g r d e
n z v z k i l r
n z r p i l r
t q m c - a t e k r
m c l x
n z a l v z t r p l r
y c m n e p e
y r k r t x o
p i p e b z
t q m n c - n g r d e
n z r m c t i l r
n z r p w a ' - n g r b z l r
t r m c p e l e u
t q v z m i t r p e l e n g
t q v z p e m
n a v z b z
k x l r p r
x l r k r
t r k r l z w x u
n z v z - k r b z k r
t q v z p e m
n z n g i k r
n z m n c l z b z
n z v z k i l r
n z p i l z l r
n z v z p e - k r d r
t q v z p e b z
t q p i p e b z l e
t q v z p e m
t q v z p e
m n c - m i p e - a m u
t q v z p e x
t z y z l u p e - m o p w z n g
t q n g r l r p x p e m
n z v z
n z k r l z t r p z
t q v z m i t r p e b z l e
m c l z k r
t q m c p e x
n z v z
n z w z t i - k r b z l e
n z v z b z n g
n z v z p e - k r d r
n z v z b z n g
m c l x n g
t z m n c - n g r d r
m n c t x d e
m n c p e x
t q v z p e m
n z n u r d e
t q v z t r - m o p w z k r
v z m i m q
t q v z t r p e
t r p i p e ' u
t z v z o p e n g
t q m c p e k r
k x t o p w z
o t i b z
n g r l r m i m l e
t q v o t x - n g r p w z
m c l z k r
n z t e k q t r n g r
t q m c p e k r
t r m n c k r u
y r k r b z k r
t r t q w z p e u
t z y c m n e t r p e - n g r d r
n g r l a p l x p x k r
m n c p e x
t q y r p l a t r n g r
t q v z p e - m o u k u
w z t r p o
n z m c k r
m c p x m
m c p x m
n z v z p x n g
r p i - m o u p q l e
v z p x b z k r
t r v z n e - k a k r
t q e t u n e p x p e
t q v z b o
n z v z n e p e l r
s c g r
n z r b o m k r
n g r l r m i m l e
k x p l c
t q r m c t i p e k r
m c p o
m c t r k r
n a r p n z '
n z y r l q
n a n g r l r t r k i
n z l x p l z t x
t z v z p x p e b z n g
m w x l r t i - z l w z k r
t z v z p e
t q v z d z p e - n g r m g r
m c p o
t q o t i p e b z l e
n a v z b z
t q t u p x m
n z m c k r
n z v z - k z n g
r m c t i - n g r g r l e
a e l w a p x
k x m r n a
n a r y z k r - n g r g r
n z v z p e n g
n z t a v e t r l r
n z d w a t r - k r g r
t z k u k i r p e l r
t q v z t r - m o p w z k r
t q r p i b z l e
t r t q w z p e u
v z m i o l e
y r w i t x - k z l e
n z y c m n e k r b z
n z v z n g
t z r m c t i p e l r
t r n z m n e t i u
t r t e d e
n z v z n e p e l r
n a - a m r l z t r - n g r b z l r
t z v z p e - k a i n g
k c m a
n a v z b z
l z o k r
n a p i b z k u
n z v z - k z n g
y c t r p e n g r
n z v z - n g r m l r
t q y r n i p e x
t z v z o p e n g
t z p n a t i b z l r
t r n a k r l z p q l e u
t q m n c
v z p e m
n z w z - k r n g e
t z v z p x p e b z n g
t q v z p x p e
n z g l q o l r
n z v z p x b z n g
t q p n z ' l e
t q m n c - n g r d e
n a m n c - k a p q n g r
n z l v c n e - k r d r
v z t r n g r
t r v z n e - k a k r
l c d e p w z
n z v z - k r m
t z l z t r
