v z x
t q v z - n g r g r
v z p e m
t q m c p e x
n z v z k i l r
t q v z - n g r g r
t q m c p e x
n z v z k a i - k r g r
n a m n c t x p o
t q v z - n g r g r
m c t r k r
t q v z - n g r g r
t q v z - n g r g r
t z r t w z - k z n g
n z w z t r n g
v z t r n g r
n z w z - k r n g e
n z v z k i l r
t q v z - n g r g r
n z v z k i l r
t q v z p e b z
t q v z - n g r g r
t q v z - n g r g r
a e l w a p x - p n z
t q m a l e l e
n z v z k i l r
t q v z p e b z
n z v z k i l r
n z v z k i l r
t q p i p e m
n z v z k a i - k r g r
n z v z k i l r
n a v z b z
n z w z - k r n g e
n z v z k i l r
t q m c p e l e
n z v z k i l r
t q v z p e b z
n z v z k i l r
t q p i p e m
t q v z - n g r g r
n z v z k i l r
n z v z k i l r
n z v z k i l r
n a v z b z
t q v z p e b z
n g r d r
n z v z k i l r
m n c l v z r n g r
m c l x n g
n z v z - z v z b z n g
t q v z - n g r g r
t q v z p e b z
n z v z k i l r
m c l z k r
t q p i p e m
t q v z p e b z
n z v z k i l r
n z v z - z v z b z n g
n z r p i m l r
n z v z - z v z b z n g
n z v z - z v z b z n g
n z v z - z v z b z n g
t q m c p e
n z p r p x - k r d r
t z v z p e - k a i n g
n z v z - z v z b z n g
n a m n c t x p o
v z - z v z x
t q p i p e m
n z v z - z v z b z n g
v z t x
n z r p i m l r
n z v z - z v z b z n g
n z v z - z v z b z n g
x l r k r
t q v z p e b z
t z v z o p e n g
n z m c p x
n z v z - z v z b z n g
t z v z o p e n g
n z v z - z v z b z n g
t q v z p e b z
t z v z p e - k a i n g
n z v z - z v z b z n g
t q m c p e x
t q v z p e b z
v z - z v z x
t z v z o p e n g
m c l z k r
v z - z v z x
n z v z - n g r m l r
v z - z v z x
n z v z - z v z b z n g
t z v z o p e n g
n z v z - k r b z k r
t z v z o p e n g
t q v z p x p e
t q m c p e x
t z v z o p e n g
t q v z p x p e
n z v z - k r b z k r
t z v z p e - k a i n g
v z - z v z x
n z m c t r
t z v z o p e n g
t q v z p e b z
t q m c p e l e
n z v z - n g r m l r
n z v z - k r b z k r
v z - z v z x
n z v z - k r b z k r
v z - z v z x
t z v z o p e n g
t q v z p x p e
t q v o t x - n g r p w z
n z v z - k r b z k r
n z m c t r
t q v z p x p e
n a n g i t x p w z
t z v z o p e n g
t q v z p x p e
v z - z v z x
t q v z p x p e
t q v z p e b z
n z v z - k r b z k r
t q w z t i p e l e
t z v z o p e n g
n z v z - k r b o
r m c t i - n g r g r l e
m w x l r t i - z l w z k r
v z - z v z x
t q v z p x p e
v z t r l e
n z m n c - l x b l r - k r g r
n z v z - k r b z k r
m c l x n g
t z v z o p e n g
n z v z - k r b z k r
n z w z t i - k r b z l e
n z v z - k r b z k r
t z v z o p e n g
n z v z - k r b z k r
n z v z - n g r m l r
n z v z - n g r m l r
v z t r l e
n z v z - k r b o
n z v z - k r b o
m n c l v z r n g r
m c t r k r
t q v z p x p e
n z v z - n g r m l r
m c l x n g
t z m n c - n g r d r
n z v z - n g r m l r
t u p x m
t q n g r l r l z p e
t q v z p x p e
t z v z o p e n g
n z r p i m l r
v z - z v z x
v z t x
t q v z p x p e
v z t r l e
v z - z v z x
n z v z - k r b z k r
v z t x
t q v z p x p e
v z t x
m c l z k r
t q r p n a p e - n g r m l e
t q p i b z k r
v z t r l e
v z - z v z x
v z t x
t q v z p x p e
n z v z p e - k r d r
t z m n c - n g r d r
n z v z - k r b o
n z v z - k r b o
n z v z - k r b o
n z v z p e - k r d r
n z m c p x
n z m n c l z b z n g
t q v z p x p e
v z t x
n z v z p e - k r d r
v z t r l e
n z v z - k r b o
n z v z p e - k r d r
v z t r l e
n z v z k i o l r
v z - z v z x
v z t x
n z v z k i o l r
v z t r l e
v z t r l e
t q v z p x p e
m c l z k r
v z t r l e
n z v z - k r b o
n z v z p e - k r d r
n z m n c p e n g
t q m c p e l e
n z r p i l r
n z v z p e - k r d r
t q v z p x p e
n z m n c l z b z n g
n z v z k i o l r
v z t x
k x y r l z
t q v z p x p e
n z m n c l z b z n g
n z v z k i o l r
n z v z k i o l r
t q v z p x p e
v z t x
t q m c p e l e
v z t r l e
v z m i m q
n z v z - k r b o
v z t x
n z v z k i o l r
o b q p x k r
v z t r l e
n z v z - k r b o
n z v z - k r b o
n z v z p e - k r d r
n z v z - k r b o
n z v z p e - k r d r
v z k i m l e
n a l i n g
n z v z - k r b o
t q v z p x p e
m c l z k r
n z e t u p e - k r n g e
n z v z p e - k r d r
n z v z k i o l r
n z v z k i o l r
n z v z p e - k r d r
n z v z p e - k r d r
t q n g r l r l z p e
v z - z v z x
v z t r l e
v z t x
t z v z p x p e b z n g
n z v z k i o l r
n z v z p e - k r d r
v z - z v z x
n z v z p e - k r d r
t q v o b e
m c t r k r
t q m n c p e k r
n z v z k i o l r
n z v z p e - k r d r
n z v z p e - k r d r
v z m i m q
m n c l z - n g r m
v z m i m q
v z t x
v z t r l e
n z v z p e - k r d r
t z v z p x p e b z n g
v z t x
n z v z k i o l r
t z v z p x p e b z n g
t z v z k i n e d r
t q p i b z k r
t z v z p x p e b z n g
n z m n c l z b z n g
v z m i m q
t z v z p x p e b z n g
t z v z p x p e b z n g
v z m i m q
t z v z k i n e d r
r m c t i - n g r g r l e
v o k r
t z v z p x p e b z n g
t z v z k i n e d r
t z v z k i n e d r
s c d r
t q m n c
n z p n a n g
n z m n c l z b z n g
t z v z k i n e d r
t q p i m e
t q r p i p e x
t q p i m e
v z t r l e
t z v z k i n e d r
t z v z p x p e b z n g
t q p i m e
t z v z k i n e d r
t z m c p x p e b z l r
t z v z k i n e d r
v z p x b z k r
t z v z p x p e b z n g
t z v z p x p e b z n g
v z m i m q
v z m i m q
t z v z p x p e b z n g
t z v z k i n e d r
n z r p i l z - k r d r
t z v z p x p e b z n g
t z v z p x p e b z n g
n z m n c l z b z
n z r n i b q n g r
n z r p i - a n i - k r m l e
r m c t i - n g r g r l e
t z v z k i n e d r
t z v z k i n e d r
v z m i m q
t z v z p x p e b z n g
t z v z p x p e b z n g
t z v z k i n e d r
v z k i m l e
t z v z k i n e d r
m c t r k r
v z m i m q
t z m w i - n g r d r
t q p i m e
t q p i m e
v z p x b z k r
t q p i m e
t z v z k i n e d r
t q p i m e
t q p i m e
t z m w i - n g r d r
t z l v c l z p e - n g r d r
t q v z t r - m o p w z k r
t q p i b z k r
t q m n c
t q r p i b z l e
v z p x b z k r
t q p i b z k r
v z m i m q
t q v z m i t r p e l e n g
t q v z m i t r p e l e n g
t z m w i - n g r d r
t q v z b z k r
t q m c p e k r
t q v z m i t r p e l e n g
n a v z m i b z l e
v z m i m q
v z p x b z k r
t q v z m i t r p e l e n g
n a l x n g i t i k u
t z v z n e p e n g
t z m u p e - n g r d r
t q t u p x m
t z v z n e p e n g
n z b o m - k r d e
v z p x b z k r
v z k i m l e
v z p x b z k r
t q v z t r - m o p w z k r
t q m n c
t q v z t r - m o p w z k r
t z v z n e p e n g
v z p x b z k r
t q v z m i t r p e l e n g
t z v z n e p e n g
t q p i p e b z l e
t z v z n e p e n g
t z v z n e p e n g
v z p x b z k r
v z p x b z k r
t q v z m i t r p e l e n g
t q v z m i t r p e l e n g
v z p x b z k r
v z p x b z k r
t q v z m i t r p e l e n g
d w a l z m g r
t q a y r n i p e
v o t r p z k r
t q v z m i t r p e l e n g
v z k i m l e
v z m i o l e
t q v z m i t r p e l e n g
t z v z n e p e n g
t q o l v x t i - a t e l e
v z p x b z k r
v z p x b z k r
v z m i o l e
v z k i m l e
m c t r k r
p r o t x k r
t q v z t r - m o p w z k r
v z p x b z k r
t z v z n e p e n g
v z k i m l e
t q v z t r - m o p w z k r
v z m i o l e
t q p i b z k r
v z k i m l e
n z y c m n e
t z v z n e p e n g
t z m n c - n g r d r
n z r p i b z
t q m r l z - n g r d e
v z k i m l e
m n c p e x
v z k i m l e
t q n g r l r p x p e m
v o t r p z k r
t z v z n e p e n g
n a v z m i b z l e
t q v z t r - m o p w z k r
t z v z n e p e n g
v z p x b z k r
n a m n c - k a p q n g r
t z v z n e p e n g
t z v z n e p e n g
t z v z n e p e n g
m n c l z - n g r m
r m c t i - n g r g r l e
t q v z t r - m o p w z k r
v z p x b z k r
t q m n c
n a v z m i b z l e
n a v z m i b z l e
n a v z m i b z l e
m n c l z - n g r m
t q v z m i t r p e l e n g
t q r p i p e x
k r l z p e b z k r
n a v z m i b z l e
m c t r k r
t z v z n e p e n g
n z o t i p e - k r m
n z v z n e p e l r
t z v z n e p e n g
n z r p i b z
n z r p i b z
v z m i o l e
v z k i m l e
n a v z m i b z l e
t q p i p e b z l e
t q r p n a - n g r m
v z k i m l e
n z v z n e p e l r
t z v z n e p e n g
n a v z m i b z l e
v z k i m l e
t q m c p e k r
v z k i m l e
v z k i m l e
t q v z m i t r p e l e n g
t q m w i - n g r g r
t q r p i p e x
v z m i o l e
v z k i m l e
t q v z t r - m o p w z k r
x l r k r
n z v z n e p e l r
v z m i o l e
v z k i m l e
n a v z m i b z l e
v z m i o l e
v z m i o l e
v z m i o l e
n z r p i b z
n z v z n e p e l r
v z m i o l e
n z v z n e p e l r
n z v z n e p e l r
n z v z n e p e l r
m n c l z - n g r m
n a v z m i b z l e
t z v z n e p e n g
v z k i m l e
t z v z n e p e n g
t u p x m
n z v z n e p e l r
v z k i m l e
v z m i o l e
m c l x n g
n a v z m i b z l e
t q v z b o
n z v z n e p e l r
r m c t i - n g r g r l e
t q r p i p e x
t q v z b o
v z m i o l e
t q v z b o
t q v z b o
t q v z b o
t q v z b o
s c d r
v z m i o l e
t q v z b o
n z v z n e p e l r
v z m i o l e
n a m n c n e - n g r g r
n a v z m i b z l e
n z v z n e p e l r
t q r p i p e x
t q v z b o
n a v z m i b z l e
n z v z n e p e l r
t z r m c t i p e l r
t q n g r l r p x p e m
t q v z m i t r p e b z l e
t z m u p e - n g r d r
t q m w i t x p e
t q v z b o
v z m i o l e
n z r p i - a n i - k r m l e
r m c t i - n g r g r l e
t q p i b z k r
t q p i p e b z l e
m n c p e x
n a v z m i b z l e
n z p n a k i p x - m o u l r
t q m n c - n g r d e
t q v z m i t r p e b z l e
m c p o
t q v z m i t r p e b z l e
n a v z m i b z l e
t q v z b o
t q v z b o
t q y r n i t x p e
t q v z m i t r p e b z l e
t q m w i t x p e
v z m i m q
t q o t i m l e
t q n g r l r p x p e m
t r k r l z w x u
t q v z b o
t q v z m i t r p e b z l e
n z y c m n e - k r d e
t q v z b o
n a v z m i b z l e
n z y c m n e - k r m
n z r p i b z l r
n a v z m i b z l e
m n c p e x
t q r p i b z l e
e s z ' t i
r m c t i - n g r g r l e
t u t i p x - n g r m
v z m i m q
v z m i o l e
t q v z m i t r p e b z l e
n z r p i b z
t r t q w z p e u
t z y z l u p e - m o p w z n g
n z r p i - a n i - k r m l e
n a v z m i b z l e
m c p x m
n z a b r t z k r
t q v z m i t r p e b z l e
e s z - k r d e
t q p i p e b z l e
t q v z m i t r p e b z l e
t q v z b o
t q v z m i t r p e b z l e
n z o t i - k r m l e
n z y c m n e - k r m
t q p i b z
t q v z m i t r p e b z l e
t q v z m i t r p e b z l e
n z r m c t i l r
l i p e
m n c p e x
t q v z m i t r p e b z l e
t q v z m i t r p e b z l e
r m c t i p e k r
t q v z m i t r p e b z l e
m c p x m
t q v z m i t r p e b z l e
n z r p i b z l r
r m c t i - n g r g r l e
n z y c m n e - k r d e
r m c t i p e k r
t q m w i t x p e
t z s i k l u n g
t u o m
t q r p n a - n g r m
r m c t i l e
t q r p i b z l e
t q v z m i t r p e b z l e
t u p x m
t z m n c t x - a l o p e n g
n z r p i b z l r
m c p x m
n z p n a k i p x l r
r m c t i p e k r
d w a t x t r x
t u p x m
n z r p i b z l r
t q o t i m l e
t z m w x l r n g
m w i t x k r
n z r p i - a n i - k r m l e
t z m n c t x - a l o p e n g
r m c t i p e k r
t q t u p x m
t q t u l z
m n c t i k r
t q o t i - a t e m
t q p i b z
n z m c t x p w z
t q m e i p x
m c p x m
t q o t i m l e
r m c t i p e k r
e t u t x
n z r p i b z l r
m c p x m
t q t r k a p e m
v o m l e
t q t u n e p w z
r m c t i l e
n z r p i b z l r
t q p i b z
n z r p i - a n i - k r m l e
t q v z - n q b l q n e n e
m n c t i k r
r m c t i p e k r
n z y c m n e - k r d e
t r v z n e - k a k r
t u o m
n a p i t r - m o u p o
m n c t i k r
r m c t i p e k r
m n c t i k r
m n c t i k r
t q o t i m l e
n z m c t x p w z
r m c t i l e
t q p i b z
n z m c t x p w z
t r v z n e - k a k r
t q v z - n q b l q n e n e
r m c t i l e
t r v z n e - k a k r
m n c t i k r
t z m n c t x - a l o p e n g
t r v z n e - k a k r
t q v z - n q b l q n e n e
t q v z - n q b l q n e n e
t u o m
t q y r p u p x
t q v z - n q b l q n e n e
n z r p i - a n i - k r m l e
t q v z - n q b l q n e n e
x l r b z
r m c t i l e
t q p i b z
t r v z n e - k a k r
t r v z n e - k a k r
e t u t x
t r v z n e - k a k r
n z d w a t r - k r d e
d w a t r k r
t q v z - n q b l q n e n e
r m c t i l e
v o m l e
t r v z n e - k a k r
t q p i b z
r m c t i l e
n z d w a t r - k r d e
n z m c t x p w z
t r n z p i - k r p o ' u
t z m n c t x - a l o p e n g
m c p x m
r m c t i l e
n z m c t x p w z
t q v z - n q b l q n e n e
n z l x n g i t i - k r d e
t q v z - n q b l q n e n e
n a d w a p e k r
m c p x m
m c p o
m c p o
t q a s u p e b z
t q v z - n q b l q n e n e
t q v z - n q b l q n e n e
r p i l e
n a y c t i p x m
r p i l e
t u l z m c
n a p i b z k u
m c p o
d w a t x t r x
r p i l e
m c p o
m n c - e p e l z l e
r p i l e
n a p i t x t r - m o p o
n a p i t x t r - m o p o
n a k a t x b z l e
t q a s u p e
n a p i t r - m o u p o
m c p o
r p i l e
t q t u n e p w z
k c m a
m c t x m
d w a t r k r
m c t x m
n a m w i
t u l z m c
m c p o
n a p i t x t r - m o p o
n a p i b z k u
r p i o b z l e
k c m a
k x l i
m c t x m
m c t x m
r p i l e
m c p o
n a p i t x t r - m o p o
d w a t r k r
n a p i b z k u
y c m n e p e
m c t x m
m c t x m
p i b z l e
w x b u p x - n g r m
r p i o b z l e
t q o t i - a t e m
o b q o b z
n a p i t x t r - m o p o
m n c - m i p e - a m u
r p i o b z l e
m n c - m i p e - a m u
m w i t x
m w i t x
t r d o u
m w i t x
p i b z l e
m n c - m i p e - a m u
m n c - m i p e - a m u
t u n e p w z
p i b z l e
m w i t x
p i b z l e
t u n e p w z
r k a t r p q
r p i - m o u p q l e
t u n e p w z
k x e t u
n a y a p w x t i b o
k x t o p w z
t u n e p w z
r p i - m o u p q l e
o t i b z
