n a v z n g
v z x
v z x
v z t x
v z x
v z x
n z v z - k r m
m c p x m
n a v z n g
n z r p i l r
n z m c t r
t q t u p x m
n z v z - k r m
n z v z - k r m
n z y c m n e
n z v z p x n g
n z r p i m l r
n z r p i m l r
n z r p i m l r
n z m n c p e n g
n z m n c p e n g
n a y a g o x n g
n z b z n g
n z p i l z l r
n z v z - k r m
m c - k z a m u
n z o t i p e - k r m
n z v z - k r b z k r
t z r l x n g i t i n g
n z p n a n g
t u t x l z m
t z r t w z - k z n g
n z v z - k r b z k r
n z a t u p x - n g r m
n z v z - k r b z k r
n z v z - k r b z k r
n z v z - k r b z k r
n z e s z ' m z n g
v z m i m q
t z r y z k r n g
m c l x
n z p n a n g
t z r y z k r n g
r p i l e
v z m i m q
m w i t x
t u n e p w z
n a n g i
m c l z k r
b o m l e
r p i l e
n a k a b z
v z m i m q
m c t r k r
b z a m u
t q p i m e
v z p e m
t z v z p e
m c t x m
w z t r p o
v z - z v z x
v o m l e
t q v z p e
t z v z - n g r
n a v z b z
n a v z b z
t q m c p e x
v z t r l e
t q t u p x m
t z v z - n g r
t q p n z ' l e
n z m c k r
d w a l z m g r
n z r p i m l r
t q v z b o
t q t u p x m
t q p i p e m
t q m u k r
y r n i t x
t q v z p e
p r o t x k r
t q v z p e
v z k i m l e
y r n i t x
o b q p x k r
t z v z p e
n z t u n g r
n z v z k i l r
t q v z p x p e
n z v z k i l r
n z v z k i l r
d w a t r k r
t q r p i b z l e
l i p e
t q v z p x p e
t q t u l z
t q r p i b z l e
n z t u n g r
n z m n c p e n g
v z p x b z k r
v z p x b z k r
n z v z - k z n g
t r v z u
n z v z - k z n g
n z v z - k r b o
v z m i o l e
n z v z - k z n g
n z v z - k z n g
v z m i o l e
n z v z - k r b o
k x t o p w z
n z v z - k z n g
k x k q l u
n z r p i b z l r
m w i - n g r g r
n z v z - k z n g
n z v z k i o l r
t q v z p e x
t q p i b z k r
t q v z p e x
n z v z - k z n g
n z v z - k z n g
v z p x b z k r
t q y r p u p x
n z v z b z n g
t z v z o p e n g
t z v z o p e n g
t q t u n e p w z
t q v z p e - k z x
t r k r l z w x u
n z y r l q
t q v z p e m
t q t u p x m
n z v z b z n g
n z v z p e - k r d r
n z m n c l z b z n g
v z p x b z k r
t q v z p x p e
d w a t x t r x
t q v z p e - k z x
t z v z n e p e n g
n z v z k i o l r
n z v z - k r b z k r
t q t u p x m
n z v z p e n g
n z v z b z n g
t q o t i m l e
n z r p i b z l r
n z v z b z n g
t q p i p e b z l e
m c k r
n a m n c - k a p q n g r
t z v e c p e n g
n z m c t x p w z
m w x l r - n g r g r
v z p x b z k r
n a p i t r - m o u p o
t z v z n e p e n g
t z v z n e p e n g
n z r p i b z l r
t q r m c t i p e k r
n a v z m i b z l e
t q v z p e m g r
n a v z m i b z l e
n z t u n g r
n a v z m i b z l e
m n c - k a p q - n g r g r
n a v z m i b z l e
n z o l z - k r m l e
n a v z m i b z l e
t q v z p e m g r
t q v z p e m g r
n a m n c - k a p q n g r
n a v z m i b z l e
t q o t i m l e
t q m n c - n g r d e
t z v z o p e n g
n z t u n g r
n a v z m i b z l e
n a v z m i b z l e
n z r p i b z l r
t r v z n e - k a k r
n a v z m i b z l e
t z v z o p e n g
t z v z o p e n g
n a v z m i b z l e
n z r p i b z l r
t z v z o p e n g
n z l z t i n g
n z v z - k z n g
n z v z p e - k r d r
t r v z n e - k a k r
n a v z m i b z l e
t r v z n e - k a k r
t q m w i t x p e
t r v z n e - k a k r
n a v z m i b z l e
n z r m c t i l r
r m c t i - n g r g r
n z v z - k z n g
n z m n c l z b z
n z v z p e - k r d r
t z v z o p e n g
n a v z m i b z l e
t z v z o p e n g
t z v z o p e n g
n a v z m i b z l e
t q m c p e k r
t q r m c t i p e k r
n z v z - k z n g
n z o b q - k a p q k r
t q r m c t i p e k r
n z k r l z m l r
n a m n c t x p o
t q m n c - n g r d e
t q r m c t i p e k r
n z a b r t z k r
t r v z n e - k a k r
n z m n c l z b z
n z v z - k z n g
t r v z n e - k a k r
n z v z - k z n g
n z a b r t z n g r
y z l u m g r
n z v z p e - k r d r
n z v z - k z n g
t q m n c - n g r d e
n z m n c l z b z
n a m n c t x p o
t z m n c p e n g
t r v z n e - k a k r
n a m n c t x p o
t z v z k i n e d r
n z v z p e - k r d r
r p i o b z l e
n z l v c n g
t r v z n e - k a k r
t q o t i m l e
n z v z - k z n g
r p i - m o u p q l e
t q o t i p e l e
t q v z t r - m o p w z k r
t z v z k i n e d r
n z v z p x b z n g
n z p n a k i p x - m o u l r
n z v z p e - k r d r
t z v z o p e n g
d w a t x t r x
t z v z n e p e n g
t z v z k i n e d r
