n z v z p x n g
n z v z k i l r
n z r p i m l r
n z r p i m
n z v z - k r m
n z v z p e n g
n z r p i b z
n z v z p x n g
n z l v c n g
n z v z p x n g
t q v z p e m
n z p n a n g
n z v z p x n g
n z v z p x n g
t q p i p e m
n z r p i m l r
t q v z p x p e
t q v z p e b z
v z t r n g r
t q v z p e m
y r l q b z l e
t q v z p e b z
n z r p i m l r
n z t u n g r
t w z q
n z m n c k r
v z t r n g r
t q p i m e
d w a t r k r
d w a t r k r
n z v z k i l r
v z p x b z k r
t q v z b o
t q m c p e x
n z v z b z n g
n z v z b z n g
n z v z k i l r
n z t u n g r
n z r m c t i l r
v z p x b z k r
t q v z p x p e
v z p x b z k r
n z v z b z n g
n z v z p e n g
v z t r n g r
n z v z b z n g
n z v z p e n g
t q v z p e m
t q v z p e m
t q m c p e x
t q v z p x p e
n z v z p e n g
n z v z b z n g
n z v z p e n g
n z v z p e n g
v z m i o l e
n z v z p e n g
t q v z p e m
v z m i o l e
l x e g r
t q v z p e m
v z p x b z k r
n z v z p e n g
t q p i p e m
n z m c t x p w z
v z p x b z k r
v z p x b z k r
n a r p n z '
v z p x b z k r
n z v z p e n g
n z r m c t i l r
n z v z b z n g
n z r m c t i l r
v z p x b z k r
n z r m c t i l r
n z v z b z n g
v z t r n g r
t q v z p x p e
n z r m c t i l r
n z v z k i l r
y c m n e p e
n z v z b z n g
t q v z p x p e
t q v z p e m
t q v z p e m
n z t u n g r
n z r p i b z l r
t q v z p e m
r m c t i p e k r
t q v z b e
t q v z p e m
n z r p i b z l r
t q v z p x p e
v z k i m l e
n z v z - k r m
r m c t i l e
n z v z - k r m
n z r p i b z l r
n z v z p x b z n g
n z l v c n g
t q v z p e m
t q m c p e x
n z m n c p e n g
n z v z - k r m
v z k i m l e
t q p n z ' l e
n z v z - k r m
n z v z - k r m
t q r p i p e x
n z v z - k r b o
n z v z - k r b o
n z v z - k r b o
n z v z - k r m
t q r p i p e x
n z v z - k r m
t q v z p e b z
n z v z - k r m
t q v z p e b z
v z - z v z x
r m c t i l e
n z v z - k r m
v z - z v z x
r p i o b z l e
t q t u l z
n z r p i m l r
t q m c p e l e
t q p i p e m
t q m c p e x
t z v z p e
v z - z v z x
t q m c p e l e
n z r p i m l r
t q p i p e m
t q v z p e b z
n z v z - k r m
n z r p i b z l r
n z v z - k r m
t q v z p e b z
v z - z v z x
t q v z p e b z
t q m c p e l e
t q v z p e m
t q v z p e b z
t q v z p e b z
r g l q p x k r
t q m c p e l e
v z - z v z x
v z - z v z x
n z v z k i l r
r p i o b z l e
v z - z v z x
t q r p i p e x
r m c t i l e
r g l q p x k r
n z v z k i l r
t z v z p e
n z m n c p e n g
n z v z k i l r
t q p i p e m
t q m z b l q p x m
v z - z v z x
t q r p i p e x
n z m n c p e n g
t q r p i p e x
n z v z p x n g
n z r p i b z l r
n z m n c p e n g
t q r p i p e x
n z v z p x b z n g
n z m c t x p w z
n z m n c p e n g
t q v z p e
t q v z p e m
n z v z - k z n g
t q r p i p e x
t q p i b z k r
n z v z - k z n g
n z v z p x b z n g
v z k i m l e
t q v z p e b z
n z v z p x b z n g
n z v z - k r b o
n z v z p x b z n g
a e l w a p x
n z v z p x b z n g
t q p i p e b z l e
n z v z p x b z n g
t q t u p x m
n z v z p x b z n g
n z v z p x b z n g
n z v z p x b z n g
n z v z - k r b o
n z v z - k z n g
r m c t i p e k r
n z v z - k z n g
n z r p i l r
n z v z - k z n g
n z r p i b z l r
t q r p i p e x
t q y a p x p e b z
r p i o b z l e
n z k r l z m l r
n z r p i l r
n z d w a o n g r
y r k r p x b z l e
n z v z k i o l r
n z v z - k r b o
n z m c t x p w z
n z m c t x p w z
t q o b q t r p e
t q t u l z
n z m c t x p w z
n z v z k i o l r
n z v z - k r n g e
y a p x - z v z k r
k r l z b z l e
n z m c t x p w z
n z v z n e p e l r
n g r l r m i m l e
n z v z - k z n g
n a y a g o x n g
v z k i m l e
r m c t i p e k r
n z m n c l z b z
n z v z k i o l r
t q v z p e b z
t q r p i b z l e
n z v z k i o l r
n z m n c l z b z
n z v z k i o l r
t q y r n i p e x
n a d w a p e k r
a l v z t r l e
n z v z - k r b o
d w a l z m g r
v z k i m l e
n z v z k i o l r
n z v z - k z n g
t q v z - n g r g r
n a d w a p e k r
r m c t i p e k r
t q r p i b z l e
n z v z - n g r m l r
r p i - m o u p q l e
r p i o b z l e
n z l v c p e n g
t q p i b z k r
t q v z - n g r g r
d w a t r k r
t q v z - n g r g r
t z v z - n g r
n z v z k i o l r
t q r p i b z l e
n z v z k i o l r
r p i - m o u p q l e
t q r p i b z l e
n z v z - k r n g e
n z v z p x n g
r m c t i p e k r
t q p i p e b z l e
t q r p i b z l e
t z v z - n g r
t q v z p e m g r
n z v z - k r n g e
n z a b r t z n g r
n z v z p x n g
n z l v c k r
t q t u l z
t q v z - n g r g r
n z v z p x n g
t q r g l q t i k r
d w a l z m g r
n z m c t x p w z
d w a l z m g r
t u n e p w z
t q r p i b z l e
t q w z t i p e l e
r p i o b z l e
k r l z m l e
t z v z o p e n g
n a k a b z k r
n a m n c t x p o
t z v z o p e n g
n z v z p x n g
t q r p i b z l e
t z v z - n g r
t q m w i t x p e
n z m c t x p w z
n z t a v e t r
n z m n c l z b z
t z v z - n g r
t q m c p e l e
n z v z - k r n g e
n z v z p x n g
n z v z - k r n g e
r p i - m o u p q l e
t z v z o p e n g
t q p i p e b z l e
n z v z p e - k r d r
t z l v c m l r
t z v z - n g r
n z r p i b z l r
t q p i p e b z l e
t q v z p e m g r
y a p x - z v z k r
t z v z - n g r
n z v z p x n g
t q t u n e p w z
n a m n c t x p o
t q p i p e b z l e
n z m n c l z b z n g
t z v z - n g r
p n z ' b z l e
n z v z p e - k r d r
t z v z - n g r
t q v z p e m g r
t z r m c t i p e l r
t q v z p e m g r
m z l e d e n g
t z v z - n g r
t z v z - n g r
n z v z - k r n g e
m n c l z - n g r m
t q t u p x m
n a v z m i b z l e
n z k r l z m l r
t q r p i b z l e
t q v z p e m g r
t z r p i p e m
n z a b r t z n g r
m n c l z - n g r m
t q m n c - n g r d e
n a y r k r t x
t z r m c t i p e l r
n z v z - z v z b z n g
t q v z - n g r g r
n z v z p x b z n g
t q v z - n g r g r
n z v z - z v z b z n g
t q v z - n g r g r
n z m n c l z b z n g
n z v z p x b z n g
t q v z - n g r g r
m n c - e p e l z l e
t q t u p x m
n z v z p x b z n g
t q v z - n g r g r
t q v z p e m g r
t z r m c t i p e l r
t q v z p e m g r
n a v z m i b z l e
n z v z - k r d r
n z v z p e - k r d r
n a v z m i b z l e
k i l z n e d e
t q v z - n g r g r
k r l z p e b z k r
n z v z p e - k r d r
m n c l z - n g r m
n z v z p e - k r d r
n z v z p e - k r d r
n z v z - z v z b z n g
t z v z - n g r
n z v z p x b z n g
y a p x - z v z k r
n z v z p e - k r d r
m n c - e p e l z l e
n z v z - k r b z k r
n z v z - k r b z k r
n z v z p e - k r d r
n z v z - z v z b z n g
n z v z - z v z b z n g
n z v z - z v z b z n g
n z v z - z v z b z n g
n z v z n e p e l r
t z r m c t i p e l r
m n c l z - n g r m
n a v z m i b z l e
n z v z - n g r m l r
n z v z p e - k r d r
t q v z p e m g r
n z v z - z v z b z n g
n z v z - k r n g e
n z v z - n g r m l r
t z v z o p e n g
n z m n c l z b z n g
n z v z - n g r m l r
n z v z - z v z b z n g
n z v z - z v z b z n g
d w a t x t r x
m n c l z - n g r m
n z v z - z v z b z n g
n z v z n e p e l r
t z v z k i n e d r
t z v z o p e n g
n z v z n e p e l r
n z v z n e p e l r
n z w z - k r n g e
n z v z n e p e l r
n z v z p e - k r d r
n z v z n e p e l r
n z v z n e p e l r
n z v z - z v z b z n g
t z v z k i n e d r
t z r m c t i p e l r
n z v z - k r b z k r
n z w z - k r n g e
n z v z - n g r m l r
t q t u l z
n z v z n e p e l r
n z v z - z v z b z n g
t z r m c t i p e l r
n z v z n e p e l r
k r l z p e b z k r
n z v z - k r b z k r
p r o t x k r
n z v z - k r b z k r
t q p i b z k r
n a v z m i b z l e
n z v z - k r b z k r
n g r l r m i m l e
n z v z - k r n g e
t z v z o p e n g
n z v z - z v z b z n g
t z v z p x p e b z n g
t q y r k r p e n g r
d w a t x t r x
n z v z n e p e l r
n z v z n e p e l r
n a v z m i b z l e
n z r p i b z l r
n z v z - k r b z k r
t q r p n a - n g r m
t z r m c t i p e l r
t z v z k i n e d r
t z x l r o p e l r
d w a t x t r x
m n c - e p e l z l e
n g r l r m i m l e
t q p i b z k r
t z v z p x p e b z n g
n z v z p e - k r d r
t z v z p x p e b z n g
t z v z n e p e n g
t z v z o p e n g
t z v z p x p e b z n g
t q n g i
n a v z m i b z l e
t z v z k i n e d r
n z v z p e - k r d r
n z v z - k r b z k r
t z v z o p e n g
t z v z p x p e b z n g
n z v z - k r b z k r
r p i - m o u p q l e
t q n g r l r p x p e k r
a t u l z n g r
t z r m c t i p e l r
n z v z - k r b z k r
t u n e p w z
t q p i p e b z l e
d w a t r k r
t q o t i - a t e m
n a v z m i b z l e
n a v z m i b z l e
t z v z p x p e b z n g
n z v z - k r b z k r
t z v z k i n e d r
t z v z p x p e b z n g
n z o t i p e - k r m
t q n g r l r p x p e m
t z v z n e p e n g
n z y a p w x - k r d r
t z m n c - n g r d r
n z w z k r
t z v z k i n e d r
t z v z p x p e b z n g
t z v z n e p e n g
t z v z n e p e n g
t z v z k i n e d r
n z y a p w x - k r d r
t z v z p x p e b z n g
t q n g r l r p x p e k r
t z v z k i n e d r
t z v z o p e n g
t z v z p x p e b z n g
y r k r t x o
t z v z p x p e b z n g
n z v z - k r b z k r
t z v z n e p e n g
n a v z m i b z l e
t z v z k i n e d r
n a p i b z k u
n z m n c l z b z n g
t z v z n e p e n g
t z v z p x p e b z n g
t r v z n e - k a k r
n z k a l z m l r
t z v z k i n e d r
n z y a g o x - k r d e
t z v z p x p e b z n g
t z m n c - n g r d r
n z w z k r
t z v z k i n e d r
n z m z n r - k r d r
t r v z n e - k a k r
n a v z m i b z l e
t q v z m i t r p e b z l e
n z a b r t z - z v z n g r
t q m w i - n g r g r
n z v z k a i - k r g r
n a v z m i b z l e
n a v z m i b z l e
t r v z n e - k a k r
n a v z m i b z l e
t r v z n e - k a k r
t r v z n e - k a k r
t z v z p e - k a i n g
n z v z k a i - k r g r
t r v z n e - k a k r
t q t w z p e
t r v z n e - k a k r
a l v z t r l e
t r v z n e - k a k r
n z v z k a i - k r g r
n z y c m n e - k r d e
m n c - m i p e - a m u
n z v z k a i - k r g r
t r v z n e - k a k r
n a y a p w x t i m l e
n z v z k a i - k r g r
t q v z t r - m o p w z k r
n z v z k a i - k r g r
n z v z k a i - k r g r
t z m n c t x - a l o p e n g
n a p i b z k u
n z v z k a i - k r g r
t z v z k i n e d r
t q v z t r - m o p w z k r
n z y c m n e - k r d e
n z r p i l r
n z a b r t z l v z l r
t q y a p w x t i p e m l e
n a p i t x t r - m o p o
n z v z k a i - k r g r
n a v z m i b z l e
n z w z t i - k r b z l e
n a v z m i b z l e
t q v z t r - m o p w z k r
n z v z k a i - k r g r
t z v z o p e n g
n a p i t x t r - m o p o
t r v z n e - k a k r
t q v z t r - m o p w z k r
t z v z n e p e n g
t z l v c - a t e n g
t q m n c - l x b l r p e k r
n z y a l z - k r g r
t q v z t r - m o p w z k r
a b r t z l v z k r
t r n z p i - k r p o ' u
n a m c k r
n z v z k a i - k r g r
n z t u - z v z - k r d e
t z v z p e - k a i n g
t q m n c - l x b l r p e k r
n z v z k a i - k r g r
t q v z m i t r p e b z l e
n z y a p w x - k r d r
t q v z m i t r p e b z l e
t q m n c - l x b l r p e k r
t q m r l z - n g r d e
n z v z k a i - k r g r
n z v z k a i - k r g r
r l w x k r
t r n z p i - k r p o ' u
n z v z k a i - k r g r
t q m n c - l x b l r p e k r
t q y a p x p e k r
n a p i t x t r - m o p o
n z e t u p e - k r n g e
n z r p i - a n i - k r m l e
n a v z m i b z l e
t q v z t r - m o p w z k r
t z v z p e - k a i n g
n a p i t x t r - m o p o
m n c - m i p e - a m u
k c m a n g
n z n g i k r
t z y a p x p e n g
n a m n c n e - n g r g r
t r k q o p q l e u
t q v z t r - m o p w z k r
t z m n c t x - a l o p e n g
t q v o t x - n g r p w z
n z l z t r - n g r d e
n z v z k a i - k r g r
t u t i p x - n g r m
t q r k a l z p e m g r
o s z b z l e
n a m n c n e - n g r g r
t q r p i - n g r n
n a p i t x t r - m o p o
n z d w a o n g r
t z m w i - n g r d r
t q v z t r - m o p w z k r
t q m n c - l x b l r p e k r
n z r p i - a n i - k r m l e
n a m n c n e - n g r g r
t z m n c t x - a l o p e n g
t q r p i p e x
y r l q t x - m o u x
t z r k a l z p e m
t q p i b z k r
t q v z t r - m o p w z k r
t q e t u n e p x p e
n a m n c n e - n g r g r
y r l q t x - m o u x
n z r k a t x n g r
t q r k a l z p e m g r
t r n z p i - k r p o ' u
r m c t i p e k r
t r n z p i - k r p o ' u
n z v z k a i - k r g r
n z r p i - a n i - k r m l e
m n c l v z r n g r
t z l v c l z p e - n g r d r
n z w a i n e - n g r b z l r
n z p r p x - k r d r
t q v z m i t r p e l e n g
t q v z m i t r p e l e n g
t z v z - n g r
m n c l v z r n g r
t r n z p i - k r p o ' u
n a m n c - k a p q n g r
n z r k a t x n g r
t z m n c - n g r d r
t r n z p i - k r p o ' u
t z n g r l r k i o p e l r
t q v z t r - m o p w z k r
t u t i p x - n g r m
t q v z - n q b l q n e n e
n a y a p w x t i b o
t q p n z ' l e
a t u l z n g r
t q v z - n q b l q n e n e
t z y a p x p e n g
t q v o t x - n g r p w z
t r k r l z w x u
m n c - m i p e - a m u
r m c t i - n g r g r l e
t q v z - n q b l q n e n e
t q v z - n q b l q n e n e
n a n g r l r t r k i
t q v z - n q b l q n e n e
t r n z p i - k r p o ' u
n z n g i - k r d r
n z r p i - a n i - k r m l e
n z p r p x n g r
t r t q w z p e u
t q v z - n q b l q n e n e
n a n g r l r t r k i
t z l v c l z p e - n g r d r
t q n g r l r l z p e
n z x l r b z l r l e
t r k r l z w x u
n a n g r l r t r k i
n a p i p x - l z b q n g
t q r k a l z p e - n g r m q g r
m n c l v z r n g r
r m c t i - n g r g r l e
t q v z - n q b l q n e n e
t q v z m i t r p e l e n g
t q p r t r p e b z k r
t q v z - n q b l q n e n e
t q v z t r p e k r
t q v z - n q b l q n e n e
t q p r t r p e b z k r
t q v z - n q b l q n e n e
n z r p i - a n i - k r m l e
t q o t i p e b z l e
t q r p i - n g r n
n z b z t i - l x b l r n g
n z m n c - k r d r
n a m n c - k a p q n g r
t z y c m n e - n g r p e m l r
t r k r l z w x u
n z w z - z l w z - k r g r
n a p i t r - m o u p o
t z y c m n e - n g r p e m l r
t q v z m i t r p e l e n g
x l r k r l e
t z v z p e - k a i n g
t q v z - n q b l q n e n e
t q v z - n q b l q n e n e
n a p i t r - m o u p o
t q v z - n q b l q n e n e
n z r p i - a n i - k r m l e
t z r t w z t i p e - k z n g
t z m n c - n g r d r
n a p i t r - m o u p o
n a m n c - k a p q n g r
t z m n c - n g r d r
n a y r k r t x
n a p i t r - m o u p o
d w a - r b r l z - n g r m q g r
n z y c m n e k r b z
n z d w a o n g r
n a p i t r - m o u p o
t r t q w z p e u
n a p i t r - m o u p o
t q a b r t z - z v z - n g r g r
n g r l a p l x p x k r
t z n g r l a p l x
t q p n z ' b q p e l e
n z a l v z t r n g
t q p n z ' b q p e l e
a b r t z l v z k r
n a n g r l r t r k i
n z r k a t x n g r
n z m w i p e - k r n g e
t q p i b o
y r l q t x b o
n a p i t r - m o u p o
n a a g l q b z l r
y c - n r b a l q
a t u l z n g r
n a a g l q p e k r
n z p r p x n g r
n z n g i - k r d r
n a p i t r - m o u p o
t q m c p e k r
n z r l z - k r g r
t q v z p e - k z x
d w a s x p x - k z p q g r
n z p n a k i p x l r
d w a - r b r l z - n g r m q g r
n z y c m n e k r b z
n z w z k r
t q v z p e k r
t q v z p e - k z x
t z k r l z p e
n z r p l a m e i t i - k r d e
d w a - r b r l z - n g r m q g r
t q p i p e b z l e
t z t a v e l r
n z m u - k r g r
t z m n c - n g r d r
t q a m a p e
t q r m c t i p e k r
