t q m e i p x
n z r p i b z
n z v z - k r m
n z v z - k r n g e
t q p i b z k r
t z r m c t i p e l r
n a v z b z
n z v z - k r b z k r
m c l z k r
t z v z p e - k a i n g
v z p e m
t q v z p e
m c l z k r
n z o t i p e - k r m
n z v z p e - k r d r
n z v z - k r m
v z p e m
n z r p l a m e i t i - k r d e
n z v z - k r m
n z m c t r
t q v z p e
t q m c p e x
t z m n c t x - a l o p e n g
t q v z p e
m c l x
v z p e m
n z v z k a i - k r g r
t z v z p x p e b z n g
t q v z p e
n z v z p e - k r d r
m c o m q
n z v z k a i - k r g r
n z v z - k r m
m c l x n g
n a v z b z
n z v z - k r m
t q v z p e m g r
n z v z k a i - k r g r
t q m c p e x
t q v z p e m g r
t q v z p e m g r
t z v z p x p e b z n g
v z p e m
t z v z n e p e n g
n z p i l z l r
n z v z - k r n g e
t q v z p e
n z v z - k r m
t q v z p e
n z v z k a i - k r g r
n z r p i b z l r
t z v z p x p e b z n g
n z v z - k r m
n z v z - k r b z k r
t z v z p x p e b z n g
n z t u n g r
t z v z p x p e b z n g
t q m n c
t q v z p e b z
t q v z p e m
v z p e m
t z v z p x p e b z n g
t z v z p x p e b z n g
n z v z p e - k r d r
t q v z p e m
m n c l z - n g r m
t q v z p e
t q v z p e m g r
n z v z - n g r m l r
t q v z p e m g r
t z v z p x p e b z n g
t q v z p e m g r
n z d w a o n g r
n z v z - n g r m l r
n z t u - z v z - k r d e
n z v z - n g r m l r
t q p i p e b z l e
n z v z p x b z n g
n z t u - z v z - k r d e
n z v z p x b z n g
t q v z - n g r g r
t z r m c t i p e l r
t q y a p w x t i p e m l e
t q v z p e m
t q v z p e m
m n c l z - n g r m
v z p e m
t q v z p e b z
n z r p i m
t q v z p e b z
v z p e m
n z v z p x b z n g
t q v z p e m
t q m w i - n g r g r
n z a r l a p x - k r d e
t q v z - n g r g r
n z v z p x b z n g
t q v z p e b z
n z w z t r n g
t q v z p e m
n z m c k r
t q v z - n g r g r
t q v z p e b z
t q v z p e m
t q m c p e x
n z v z p x b z n g
n z a l v z t r n g
t q v z p e m
n z v z p x b z n g
t q v z p e b z
t q v z - n g r g r
t q v z - n g r g r
t q v z - n g r g r
n z m c k r
t q v z p e b z
n z v z p x b z n g
t q r p i - n g r n
t q m n c - l x b l r p e k r
t q v z p e m
n z v z p x b z n g
t q v z - n g r g r
n z v z p x b z n g
n z v z p e n g
n z m c k r
n z v z p e n g
t q v z p e b z
n z m c k r
t z m n c - n g r d r
n z r p i m
t z v z p e
n z v z p e n g
n z w z t r n g
n z v z p e n g
t z v z p e
n z v z p e n g
t q v z p e m
n z y c m n e - k r d e
n z o - k r m
n z v z p x n g
t z v z p e
n z v z p e n g
n z v z p e n g
n z m c k r
n z v z p x n g
n z v z p x n g
t q m c p e l e
t q t w z p e
n z v z p x n g
n z y c m n e - k r b o
n z x l r m l r
t q a s u p e
t z v z n e p e n g
t z v z p e
t z v z p e
t z v z p e
t z v z p e
n z v z p x n g
t z v z p e
n z v z - z v z b z n g
n a e s z ' m z n g
k r l z m g r
t q p i p e b z l e
n z v z p x n g
n z v z p x n g
n z v z p x n g
n z v z p x n g
t z v z n e p e n g
t z m n c - n g r d r
n z y a p w x - k r d r
t z v z p e
n z y c m n e - k r d e
n z m c k r
n z v z p x n g
n z v z - z v z b z n g
n a r l z
n z v z - z v z b z n g
n z t u n g r
n z n g i k r
n z v z - z v z b z n g
t q m n c
t q r m c t i p e k r
t q p i p e b z l e
t z v z - n g r
m c p o
t q p i p e b z l e
n z v z - z v z b z n g
t q r p i - n g r n
n z v z - z v z b z n g
n z v z p x n g
n z y c m n e k r b z
n z l z t i n g
n z v z - z v z b z n g
t q m n c - l x b l r p e k r
n z v z - k z n g
n z v z - k z n g
t q m n c - l x b l r p e k r
n z v z - z v z b z n g
n z v z m q n g
n z v z - k z n g
n a m c k r
n z v z - k z n g
n z y c m n e k r b z
n z v z - z v z b z n g
m n c l v z r n g r
t z v z - n g r
t z l v c m l r
t z v z - n g r
n z o t i p e - k r m
t z v z - n g r
n z v z b z n g
n a v z n g
n z n g i - k r d r
t z v z - n g r
n a v z n g
m n c l v z r n g r
t z v z - n g r
n z v z b z n g
n a v z n g
t z v z - n g r
n a v z n g
n z t a v e t r l r
n z v z b z n g
t z v z - n g r
n a v z n g
n a p i b z k u
n z v z b z n g
n z v z b z n g
n z v z b z n g
n z r p i l z - k r d r
n a v z n g
n z t u n g r
t q m n c
n z v z b z n g
t q v z p e x
a b r t z l v z k r
n z a b r t z n g r
t q v z p e - k z x
k c m a n g
n z v z
n z v z
n z v z
n z v z
n z p i l z l r
t r k r l z w x u
n z v z
n z v z
n z v z
t q m c p e x
n z v z
n z v z
n z v z
n z v z
n z v z
t q r p n a - n g r m
n z a b r t z - z v z n g r
t q v z p e - k z x
v o t r p z k r
n z m n c - k r d r
t z m n c - n g r d r
t z m c p x p e b z l r
n z v z - k r d r
n a m n c n e - n g r g r
t q v z p e x
t q m n c - n g r g r
t q v z p e - k z x
t q e t u n e p x p e
t q v o t x - n g r p w z
t q d c
t q v z p e x
n z a b r t z n g r
n a m n c n e - n g r g r
t q o l v x t i p e l e
t q m n c - l x b l r p e k r
n z r p w ' a - k r d e
n z a l v z t r l r
t q m n c - l x b l r p e k r
n z m n c k r
d w a - r b r l z - n g r m q g r
d w a - r b r l z - n g r m q g r
n z m n c p w z n g
t q p i p e b z l e
n z y c m n e - k r d e
t u l z m c
n z m z n r - k r d r
d w a - r b r l z - n g r m q g r
t q r m c t i p e k r
a e l w a p x
n z r m c t i - k r d r
n z p w x n g
n a v z - k a i k r
n a v z k r
n z r k a t x n g r
x l r b z l e
t q m c p e k r
t q n g r l r p x p e k r
n z m n c p e n g
k x o d a
n z r k a t x - k r d r
t w z t x p o
k r l z m l e
n z r l a l z - k r g r
t z n g r l r k i o p e l r
n z s i k a p u - k r d e
n z p n a n g
e t u t x
n z l v c p e n g
n z y c m n e - k r b o
m n c - k a p q - n g r g r
t q v z p e k r
n z y a p w x - k r d r
r k a l z m
t q o t i p e b z l e
n z - z p q t r - k r d r
v o m l e
t q r p n a - n g r m
m r l x m q
m r l x m
t q b z p e
n z l v c n g
n z m n c p e n g
t q n g r l r p e k r
t q r m c t i p e k r
n z t u - z v z - k r d e
t q k i p o p e
n z y a g o x - k r d e
t q m z n r p e
t q v z p e - k z x
t q v z p e x
a b r t z t x - n g r d e
n z m n c n g
n z r l z - k r g r
n z a l v z t r n g r
t q n g r l r p x p e k r
k r l z m g r
t r n g i u
o l i q l z k r
x l r b z l e
n z y a l z - k r g r
v o m l e
n z y r l q
t w z x
t w z t r k r
t z r t w z t i p e - k z n g
r k a l z m q g r
r k a l z m g r
n a r l z
n z l v c k r
t z p r p x p e n g
t q b r l x - k z p e
y c t r p e n g r
y c t x b z
n z t a o k r
t q m c p e k r
t z m n c p e n g
t u p x m
n z m w a n g r
t q v z p e x
n z p n z '
t u p x m
m z n r y a g w e n g r l c
t z y z l u p e - m o p w z n g
n z r l e t i n g r
t q m n c
n z p r t r - k r n g e
a l v z t r l e
t z a y o t i
m w x l r - n g r g r
n z y r l q b z
t q v z p e - k z x
t q v z p e x
n a y a p w x t i b o
t z y a p w x t i p e b z l r
t z m a i l z l r
n z k u k i n g
t q a s u l e
n z o b q p x b z
t r k q o p q l e u
t u t x l z m
t q t u n e p w z
t q t u p x m
p i b z l e
k x n z t o p w z
k x t o p w z n e
y a g o x t x
r m c t i - n g r g r l e
n z a b r t z k r
k x y r l z
r m c t i - n g r g r l e
t q r t w a y z b z
t z y c m n e - n g r p e m l r
n z y c m n e - k r m
t z y c m n e t r p e - n g r d r
n z a t u p x - n g r m
t q t u p x m
n a n g r l r t r k i
n a n g r l r t r k i
n a a m i n g r t i - n g r d r
n z a p r e s i n - n g r
t q a o k z
y r p l a b r t q p e
m z l i   k c
k c m a
n z m n c p e n g
t z r l x n g i t i n g
t q n g r l r p e k r
n z p n a
n a y a g o x n g
t q y r k r p e n g r
y r k r p x b z l e
t r l r p r k r u
r d r n g
r m c t i - n g r g r l e
t z r t a n g r p e
t q x p l r
n a y a p w x t i b o
t q n g y a p e
m w i t x k r
t q m w i t x p e
n z m u - k r g r
n z b o m - k r d e
t q e t u
t r m c l e u
n z n g q t i t x p w z
n a n g q n a m u
y r l z t i l e
n a r l x t i t x p o
t q p n z ' l e
t q r p n a l z m
y a p x - z v z k r
n z y r m q n g
t r k r l z w x u
v z m
n z e t u p e - k r n g e
e t u n e p x
n a l i
n z a l v z t i n g
t q a s u l e
m z n r y a g w e n g r l c
t z m w i p e n g
n a m n c - k a p q l z - n g r m a m u
n z m n c l z b z
t r n z m n c p e u
t q m n c - k a p q n g r
m n c t x d e
t q m n c t x p w z k r
t z m n c t x p e n g
b z p e k r
m q n g r m
m e n g a b q
y a p x - z v z k r
n a y a - p w z - t i p e x
n z v o u n e o p e m
t r - r m n q u
n z r m n q t x n g
t q y r p u p x
t q y r p u t i p x p e
t u p x m
t z n g r l a p l x
t q p r t r p e b z k r
t z t a v e t r l r
p w x p w z
t q v o b e
y r l q t x - m o u x
y r l q b z l e
t q m r t u - n g r d e
r g l q k r
n a a g l q p e k r
y r l q t x - m o u x
t u p x m
l v c - a l z u p q
t u n e p w z
n z p e t i
t z y a p w x t i p e b z l r
n a y a p w x t i b o
p r o t x k r
t z p r t r - m o p w q
t r t e d e
v o k r
n z m n c l z b z n g
n z m n c l z b z
y r k r t x o
t q y r k r p x k r
v o k r
t q y r n i t x p e
v o m l e
t q n g r l r p x p e m
t q v z p e x
t q r p w x m z
n a a g l q p e k r
n z g l q o l r
t q v z p e x
n z m n c l z b z n g
n z v z - k r b z
k r l z b z l e
n z k r l z t r p z
t r n a k r l z p q l e u
k r l z l z b z k r
n z k r l z t i
n z i k l a p w z
d w a l z m g r
d w a t x t r x
n z d w a t r - k r d e
n z r b o m k r
t q m z n r p e
t w z q
n z l z t r - n g r d e
n z r l z - k r b z l e
k x b q g r n g
r m c t i - n g r g r l e
x l r k r
n g r l a p l x p x k r
t q m e i t i o
n u t i t x k r
p r t r p o
t r o p i l v z u
n z k a l z m l r
y c m n e p e
n z r p w a ' - n g r b z l r
t q a c l v e b o
t q r b l x t x p e
t q r b l x t i l e
r b l x t x p e l e
y r k r b z k r
n z r k a b z
k a o m a m u
n a k a m l e
n a k a b z k r
n a k a b o
r k a t x m
n z r p i b z
r p i b z k r
t q r p i p e b o
n z r p i - k r b o
t q r p i l e
n z p i p x k r
t q r p i p e b z l e
t r p i p e ' u
r p i b z l e
t q r p i m l e
n z g l q o l r
k x g l r
t q m n c - n g r d e
n z m n c l z b z n g
t q v z p e - k z x
n z m n c l z b z n g
n z a b r t z k r
d w a s x p x - k z p q g r
b z t i p e d e
x l r k r l e
t q v z p e - k z x
m r b r l z m
n a o k a t r - n g r d e
n a o k a t r p q l r
x l r k r
m z t e
m z t r
n a a g l q b z l r
t q m n c - n g r d e
n z l z t r - n g r d e
n z k a l z m l r
t r n z y a g o x - k r g r u
s e k a e n t x k r
k x n z t o p w z
m r k c n g
t q k r l x l z p e l e
n z a n i t x p w z n g
n a b z t r k i
t q w x l i k i t x p x
w x l i k i t x p x p n z
t r t e d e
t z y c m n e t r p e - n g r d r
y c m n e p e
d w a t x t r x
m n q t i p e l e
t r - r m n q u
a c l v e l e
y c - n r b a l q
n a y c t i p x m
t q v o b e
t q v o t x - n g r p w z
k r l c d e n g
m c p z k r
t q t u p x m
t q t u n e p w z
t z r y z k r n g
t a p l x s r g r
t q n g r l r l z p e
n a p i l v z t i
t q p r t r p e b z k r
p r o t x k r
t q m r l z - n g r d e
m r l z p e
k x n g r l x o b z l e
p i b z l e
w a i p n z ' l e
n z w a i n e - n g r b z l r
e s z ' t i
n a n g r l r k i t r l r
t q n g r l r l z p e
t q v z n e - z v z k r
v z t x p e - n g r d e
t z v z k i p x l r
n a v z - k a i p o
n a v z
t q v z k i p x k r
t q v z k i l e
n z v z k i o p e - k z l r
v z b o
t q r v z m i p w q
n z v z n e - k r g r
t q v z - n g r n e
t q v z o p e k r
n z v z - k r m g r
t r v z u
t q v z o p e
t q v z o p e k i
n a v z b z k r
n z v z d z m q n g
v z - z v z k r
n z v z m i - k r g r
t z r l x t i m l r
t q r l x t i p e b z k r
n a r l x t r p z k r
n a r l x t i t x - p w z k r
n g r l r m i m l e
t z l z t r
n z l z
t z l z t i t r
l z o k r
n z r l z - k r b z l e
n a p i p x - l z b q n g
a w i t x p e
y r w i t x p x l e n g
n z a b r t z k r
o b q p x k r
t z a m c t i - n g r d e
n a b z d r
t r b o i u
n z m n c l z b z n g
x l r k r l e
t z l v c l z p e - n g r d r
n a y a p w x t i b o
n o u d e
t q v z p e x
t q k a p u t r - n g r b z
n z p n a t i l r
t r t z r p n a p e u
n z p n a t i - k r g r
n z r p n a n e o p e - k r m l r
n z r p n a k i p x n g r
t r n z k q l u - k r p e p w q g r u
n z k q l u t x
m r l z p e
n a m r l z
n a a g l q p e k r
v z b z
n a m a p u p e b z l e
n g r l r m i m l e
n z r l z n g
t r t q w z p e u
t q r y r n g e
n z y r m
n a m w i
t q o p x p e - n g r d e
n a l i
t z t a v e l r
t q t u p x m
t q t u n e p w z
t u t x l z m
r m c t i - n g r g r l e
n z m n e t i
t r n z m n e t i u
t q t u n e p w z
n z a t u p x - n g r m
t q a c l v e x
n a m c t r
t z m c t x p w z
n z m c p e - k z p z
n a m c l e
t r m c p e l e u
t r n z m c p e l r u
m c t e
t q m c - a t e k r
t q m a l e l e
l o l v z o a m u
m z l e d e n g
m z l e d e
a w i t x - n g r b z k r
t q a w i p e b z k r
n z a w i t x m
m c k r
n z a m z b l q p x - k r m c
t q a m z b l q t x p x p e m c
m z l i   k c
t q m w i t x p e
t z t a v e t r p e l r
n z d w a t r - k r g r
n z m n c l z b z n g
t q m n c - n g r d e
l x e d e
t q t u n e p w z
t u t x l z m
n z o l z - k r m l e
m z l w e d e n g
m z l w e n g
x l r k r
n z l v c n e - k r d r
t z l v c l z p e - n g r d r
t z l v c - a t e n g
n z l v c n e n g
n z l v c - k r m l r
t q r k a l z p e m g r
r m c t i - n g r g r l e
t q a m a - a t e k r
t q a m a o p e
t w z q
n a - a d r v r - n g r b o
t q d c - z l w z n g r
d r t q d r
n i b r g r
y a n e - z v z k r
n e n g e
t z r t w z - k z n g
r t w z t x - n r b a l q b o
t z y c m n e - n g r p e m l r
t z y c m n e t r p e - n g r d r
t q a s u p e b z
t q r l r p e - n g r m l e
n c b l o   k c
d w a s x p x - k z p q g r
m z k e '
t q v e a p e b z
p i b z l e
p i b z l e
d r l z d r n g
y c - n r b a l q
n e n g e n g
n z p n z ' p e m
t q p n z ' l e
p n z ' t x d e
t q r p n a l z m
t q o t i m l e
o t i b z l e
t q o t i - a t e m
t q v o b e
o b q b z k r
n z v z - k r b z k r
l v c - a l z u p q
t u p x m
t u n e p w z
