v z x
n z v z - k r m
v z t x
v z t x
v z t x
n z v z
n z v z
n z v z
n z v z
n z v z
n a v z n g
v z x
v z t x
v z x
n z v z
n a v z n g
n z v z
n z v z
n z v z
n z v z
r p i - m o p w z
m c t x m
m c p x m
v z x
v z x
v z x
m c t x m
n z m c p x
n z m c p x
m c p x m
n z v z - k r m
n z v z - k r m
n z m c p x
n a v z n g
n a v z n g
n z m c p x
n a v z b z
m c t x m
t q m c p e x
t z v z p e
n z v z - k r m
t q m c p e x
n a v z b z
n a v z b z
n z m c k r
t q v z p e
t q v z p e
t z v z p e
n z r p i m
t q m c p e x
t q p i b z
t q m c p e x
t q p i b z
n z m c p x
n z v z - k r m
t q p i b z
t q v z p e
t q p i b z
t q m c p e
m c p x m
w z t r p o
t z v z p e
n a v z n g
n a v z n g
t q p i b z
t q v z p e
n a v z n g
n a v z n g
n z r p i l r
t q p i b z
t z v z p e
t z v z p e
n a v z n g
t q p i p e m
n a v z n g
t q v z p e m
t q v z p x p e
t q v z p e m
t q v z p x p e
n z v z - k r m
t q v z p e
n z v z - k r m
t z v z p e
n z v z p x n g
t z v z p e
v z b z
t q v z p e
n z r p i b z
n z r p i m l r
n z v z - k r m
t q v z p e x
m c l x
n z v z p x n g
t q p i b z k r
t q o b q t r p e
t q v z p e m
t q p i p e m
t z v z p e
t q v e a p e
m c l x
t q v z p e m
t q v z p e m
t q v z p e x
t q t w z p e
n z r p i l r
t q v z p e x
t q v z p e - k z x
t q v z p x p e
t q v z p x p e
t q v z p e - k z x
n z v z p x n g
n z v z p e n g
t q v z p e x
t q v z p x p e
n z v z p e n g
n z v z p e n g
n z v z p x n g
n z v z - k z n g
n z v z - k z n g
n z v z p e n g
n z v z p x n g
n z v z p x n g
n z v z p e n g
t q r p i p e x
n z m c t r
t q p i p e m
t q v z p e m
n z r p i m l r
n z r p i m l r
t q v z p e m
t q p i b z k r
t q v z p e m
t q v z p e - k z x
t q a s u p e
r m c t i l e
n z o - k r m
n z r p i m l r
t q v z p e m
t q v z p e - k z x
t q v z p e m
v z k i m l e
r m c t i p e k r
t q m n c
m c l x
n z v z - k z n g
v z p e m
n z v z - k r m
n z v z - k z n g
t q v z p e - k z x
v z m i m q
v z m i m q
t q p i p e m
t q y a p x p e b z
n a r l z
t q r m c t i p e k r
v z m i m q
m c l x
t q a o k z
t q v z p e m g r
n z v z p e - k r d r
t q v z p e k r
m c l x
t q m r b r
t q v z p e x
t q b r l x - k z p e
t r s u k a
t q v z - n g r g r
m c l x
m w i t x
t q v z b o
t q m n c - l x b l r p e k r
t q v z b o
m c l x
n z v z p e - k r d r
n z v z p e - k r d r
n z v z p e - k r d r
t q v z p e x
n z v z p e - k r d r
n z p w x n g
n z v z p e - k r d r
t q v z b o
t z l v c m l r
v z p e m
l v c - a l z u p q
v z m i m q
n z v z p e - k r d r
n z v z p e - k r d r
n z v z p e - k r d r
n z m n c p e n g
n a r l z
n z k r l z m l r
v z p e m
m c t x m
v z p e m
t q y a p x p e k r
n z a l v z t r n g r
t q r p i - n g r n
n z p i l z l r
v z - z v z x
n z v z k i l r
v z p e m
v z p e m
v z p e m
t q m e i p x
v z p e m
n z v z k i l r
t q v z b o
n a v z b z
t q y a p w x t i p e m l e
m c l x
t q r p n a - n g r m
t q v z p x p e
t q r p n a - n g r m
t q n g i
n a v z b z
r p i l e
m w i t x
n z m c k r
m c l x n g
t q t u l z
v z m i o l e
t q p i m e
v z m i o l e
v z t r n g r
t u p x m
r p i l e
t q p i m e
m c t x m
v z - z v z x
v z t r n g r
v z t r l e
v z - z v z x
k x y r l z
k x t o p w z
m c l z k r
n a k a b z
t u p x m
v z p e m
m c l x n g
l x l v r k i m l e
v z t r n g r
v z - z v z x
v z - z v z x
v z t r n g r
v z t r n g r
t z a y o t i
v z p e m
v z t r n g r
r m c t i l e
m c l x
