n z v z - n g r m l r
t q v z p e b z
t q v z p e b z
v z m i o l e
n z v z
t q p i p e m
t q v z p e
v z - z v z x
x l r b z l e
t q v z - n g r g r
t z v z p e - k a i n g
t q v z t r - m o p w z k r
n z v z k i l r
n z v z k i l r
n z v z - k r m
t z v z o p e n g
t q p n z ' l e
t q v z p e m
t q m n c - n g r d e
t z v z k i n e d r
t q v z p x p e
t q y r n i t x p e
n z v z - k r n g e
n z v z
n z r m c t i l r
m c p x m
t q v z p e
v z m i o l e
v z p x b z k r
v z x
v z p x b z k r
t z v z - n g r
v z t r n g r
t z v z p x p e b z n g
n z v z - z v z b z n g
t z m n c t x - a l o p e n g
t q m n c - l x b l r p e k r
v z t r l e
n z v z k i o l r
n z v z - n g r m l r
n a v z b z
r p i - m o u p q l e
n z v z k i o l r
t q m c p e x
v z m i o l e
v z t r n g r
v z k i m l e
v z p e m
n z m c p x
m c t r k r
t q r m c t i p e k r
n z v z p e - k r d r
m c t x m
n z v z - n g r m l r
t z v z p e
t q v z p e b z
t q v z m i t r p e l e n g
v z - z v z x
t z v z p e
t q r p i p e x
x l r k r
t q v z p e b z
m c l x
n z b z - k r g r
v z m i o l e
n z r p i b z l r
v o k r
n z v z - z v z b z n g
t z r m c t i p e l r
n z v z b z n g
n z v z p x b z n g
n z p n a k i p x l r
v z x
n z v z p x b z n g
y r n i t x
n z k r k a ' p x - k r m l r
v z - z v z x
m n c k r
n z v z - k z n g
v z p x b z k r
t q m n c - l x b l r p e k r
t q v z p e b z
t q v z p e m g r
v z - z v z x
t q v z p e b z
t q t u p x m
n z v z - z v z b z n g
v z p x b z k r
n z r p i b z l r
n z v z - n g r m l r
t q r p i p e x
t q m c p e l e
n z v z - k r m
n z x l r - k r g r
n z v z k a i - k r g r
n z v z b z n g
t q v z b o
v z t x
n z v z p e n g
n z v z p x n g
t q v z m i t r p e l e n g
v z t r l e
t q v z t r - m o p w z k r
n z v z
t z v z - n g r
t z r m c t i p e l r
n z a b r t z - z v z n g r
n z v z - z v z b z n g
t z v z p e - k a i n g
v z t r n g r
t u l z m c
t q v z m i t r p e b z l e
x l r k r
n z v z p x n g
n z v z - z v z b z n g
v z t x
t q p i p e m
r g l q k r
n a v z m i b z l e
n z v z k i o l r
n g r d e
t z m n c - n g r d r
t q p i p e b z l e
v z p x b z k r
t q p i m e
v z - z v z x
t q y r n i p e x
k r l z m g r
t q v z - n g r g r
m w x l r - n g r g r
t q v z m i t r p e b z l e
n z v z k i o l r
t q p i p e b z l e
n a v z m i b z l e
n z v z p e n g
d w a t r k r
t z r m c t i p e l r
t z m n c - n g r d r
n z n g i k r
t q v z m i t r p e b z l e
v z t x
n z m n c p e n g
n z v z
n z y r l q
n z v z p x n g
v z m i o l e
n z v z n e p e l r
v z m i m q
t q m c p e x
t q r p i p e x
v z p e m
n z v z k a i - k r g r
v z m i o l e
n a v z n g
n z v z p x b z n g
n z m c p x
t q v z p e x
v z m i m q
t q v z m i t r p e l e n g
n z v z
v z m i o l e
v z m i m q
t z v z p e
t z v z p e - k a i n g
y r l q t x b o
n z v z - k r n g e
v z m i o l e
m c t x m
t z v z - n g r
t q n g r l r l z p e
m c p o
r m c t i l e
t q v z - n g r g r
n z a b r t z n g r
m c l x n g
n z v z k i o l r
d w a t r k r
t q p i m e
t z v z o p e n g
t q m n c - n g r d e
t q v z b o
t q v z - n g r g r
t z v z p e - k a i n g
n z v z p e n g
t q v z p e m
n z v z p x n g
t q p i m e
v z t x
t q v z t r - m o p w z k r
v z - z v z x
v z p e m
t q v z p e b z
n z v z n e p e l r
t z v z k i n e d r
n z v z p x b z n g
n z r p i m
t r n z p i - k r p o ' u
n z x l r b z l r l e
t q v z p e m g r
n z v z - n g r m l r
n z v z - z v z b z n g
t z v z k i n e d r
t q v z t r - m o p w z k r
v z x
v z p x b z k r
t q v z p e m
n z v z - k r b z k r
n z v z p e n g
m c t x m
n z v z
n z m n c p e n g
n z v z - k r b z k r
n z v z k i l r
n z e t u p e - k r n g e
n z v z k i l r
v z x
n z v z - k r b z k r
n z v z k i l r
t z r m c t i p e l r
t q v z p e m g r
t q v z p e x
n a v z m i b z l e
v z p x b z k r
v z t r n g r
n z k r k a ' - k r g r
t u n e p w z
m c t r k r
m c t r k r
n z v z p e n g
v z t r l e
n z v z k i o l r
t z r m c t i p e l r
n z r p i m l r
t q v z - n q b l q n e n e
n z v z k i l r
v z x
n z v z - z v z b z n g
t q v z p x p e
n z v z - k r m
t z v z p e
n z v z k i o l r
n a v z m i b z l e
n z v z n e p e l r
t z v z - n g r
t q v z - n g r g r
t q v z p x p e
t q v z b o
m c t x m
v z p e m
t q v z t r - m o p w z k r
