v z - m o p w z k r
n z a n g i o
t z m w x l r n g
t r d o u
t q a s u p e
t q v z p e - k z x
t q r m c t i p e k r
t q r m c t i p e k r
t q b z p e
t q v z p e - k z x
t q v z p e - k z x
n z r p i l z - k r d r
n z r p i l z - k r d r
r m c t i - n g r g r
n z r p i l z - k r d r
n z p r p x k r
t q v z - n q b l q n e n e
t z p r p x n g r
k x k q l u
t q v z - n q b l q n e n e
t z m w x l r n g
t u o m
t q v z - n q b l q n e n e
p w r k i l v c - n g r g r
n e g u n g
t z y a p x p e n g
n a t q n g e
t q v z - n q b l q n e n e
t q v z - n q b l q n e n e
t q m c p e k r
r n g i - b a t r p q
n z a l v z t r l r
y c m n e t r p z k r
n z w z - k r n g e
t z r m c t i p e l r
n a m c l e
n z w z - k r n g e
n z d w a t r - k r g r
n z r n i b q n g r
t r - r m n q u
n a r y z k r - n g r g r
n z p n a t i - k r b z m u
k x e s z '
t q t r k a ' n g r
t z v o p e
t q w x b u p x - n g r m
t q a s u p e b z
r n g i - b a t r p q
n z n g r l r t r n g
n g r g u
t q m n c - n g r d e
t q k a b z k r
n a k a b z k r
n z r k a k r b z
t q o l v x t i - a t e l e
n g r l a p l x p x k r
t q r p n a - n g r m
p x i q t x n e
n z m w i p x m
d w a t x t r x
t q v z o p e
t q v z n e
n z w z - k r n g e
t q v z p e - k z x
t z a y o t i
t q v z p e x
t q t u n e p w z
t z v z - n g r
n a r l a s z p e l r
n z w z - k r n g e
t q v z - n q b l q n e n e
n e m u n g
t w z x
t q m r t u - n g r d e
t q m n c - n g r d e
t z a n g c p e l r
n z a t o l w a - n g r n g
t q a m z b l q p x m c
p z t i t x k r
n z a t u p x - n g r m
t q v z p e - k z x
t q a e n z l i t i - n g r g r
t q v z p e - k z x
m n c - e p e l z l e
n z y r l w r t r - k r b z l r
t q v z - n q b l q n e n e
a m y a
m n c n e - m o u - n g r g r
p n a t i b z k r
t r t z r p n a p e u
t z y c m n e t r p e - n g r d r
t q v o t x - n g r p w z
m n q t i p e l e
n z l z
n g r l r m i m l e
t q m n c - n g r d e
a s u m i p e b o
m n r g r n g
y r n i - e b i r p e n g
t q v z - n q b l q n e n e
t z v z - n g r
t u t i p x - n g r m
n z w z - z l w z - k r g r
t q m n c - n g r d e
v z x
v z x
v z x
v z x
v z x
v z m i m q
n z v z
v z t x
n z v z
v z t x
v z t x
n g r d e
v z t x
v z t x
v z t x
v z t x
n z m c t r
k x l i
m c p o
m c p o
m c p o
m c p o
m c p o
m c p o
v z t x
v z t x
v o m l e
m c t x m
v z t x
t u p x m
m c p x m
t u p x m
n z m c t r
s c d r
v z t x
n z m c t r
m c l x
v z p e m
m c p x m
v z p e m
v z p e m
v z p e m
v z p e m
v z p e m
v z p e m
v z p e m
v z p e m
m c t r k r
n z m c t r
n z m c t r
v o m l e
v z p e m
m c t x m
v z p e m
v z p e m
v z p e m
v z p e m
n a v z n g
n a v z n g
v z p e m
v o k r
m c t x m
m c t x m
k c m a
m c t x m
m c p x m
v z p e m
n a v z n g
v z p e m
v z p e m
v z p e m
n a v z n g
m c p x m
o t i m
v o m l e
t q p i b z
v z t r l e
v z t r l e
m w i t x
t q t u l z
v z t r l e
m c t x m
v z t r l e
v z t r l e
p i b z l e
v z t r l e
v z t r l e
v z t r l e
v z t r l e
n a l i n g
v z t r l e
t q v z b o
v z t r l e
m w i t x
t q v z b o
p i b z l e
r p i l e
t q p i b z
t q v z b o
r p i l e
n z v z p e n g
t q v z b o
n a m w i
t q v z b o
t q v z b o
t q v z b o
t q v z b o
r p i l e
t q v z b o
n a v z b z
t q v z b o
t q p i b z
m n c p e x
t q v z b o
n a v z b z
t z v z p e
t z v z p e
t z v z p e
n z m c k r
m n c p e x
t z v z - n g r
m n c p e x
n a v z b z
m n c p e x
n a v z n g
n a v z n g
n a v z b z
t q m n c
n a v z b z
n a v z b z
n z m c p x
n a v z b z
n a v z n g
t z v z p e
n a v z n g
n a v z n g
n z m c p x
t z v z p e
t z v z - n g r
t q v z p e
n a v z b z
t z v z - n g r
t q v z p e
t z v z - n g r
n a v z n g
t z v z - n g r
