t z m u p e - n g r d r
t q p n z ' p e l e
t z k u k i r p e l r
n z x l r b z l r l e
n z k r k a ' p x - k r m l r
t z l v a b e t r p e b z
n z y o l x o m l r
n z k q o - k r m
n a k q t x o m
n z a b r t r - k r b z k r
x l r b o l e
e t u n e p x
n z e t u p e - k r n g e
t q w x l i k i t x p x
w x l i k i t x p x p n z
t r r l r - n g r p l e u
t q a o k z
n z y a - z v z n g
n a r y z k r - n g r g r
t z p n a t i b z l r
n a k a b o
n z w z t i - k r b z l e
o s o p x b z k r
n z l x p l z t x
n z t e k q t r n g r
n a r t w z o b z
e s z ' n e
n a a g l q a m u
t q p i m e
t q a l v c - l z b q - n g r g r
n z w z t i - k r b z l e
n z v z m q n g
t z v z p e - k a i n g
t q m z n r l x p e
r p w a ' - n g r b z
t z t w z o p e l r
o b q k i m c
o b q t r p z
n a n g q t x k r
s c d e
s c g r
t q v z d z p e - n g r m g r
t q v z - e t r - n g r d e
n a v z m g r
n a v z - n q b l q l e
t q v z t r - m o p w z k r
o b q b z k r
n z a t a k i
n z - z p q t r - k r d r
n i b r g r
n g r l x t x o
t r n z k q l u - k r p e p w q g r u
t z y c m n e - n g r p e m l r
t q m r l z - n g r d e
d w a s x p x - k z p q g r
n z y r l q
b o o n g r
n a k a t x b z l e
t q t w z o p e
r d r n g
n z k a t x - k r d e
t z l v c l z p e - n g r d r
n z d w a t r - k r g r
n z m c o m l r
n z r p i - a n i - k r m l e
n z p w x n g
n z b z t i - l x b l r n g
a b r t z t x - n g r g r
n z w z - k r g r
n g r l a p l x p x k r
n z w a i n e - n g r b z l r
k r l z m l e
n z l x n g i t i - k r d r
n z p n a n g
t z v z - n g r
t q a l v c - l z b q - n g r g r
t q v z - n q b l q n e n e
t r m n c k r u
t z m n c t x - a l o p e n g
n a m n c n e - n g r g r
n z a b r t z - z v z n g r
r m c t i - n g r g r l e
t q m n c - l x b l r p e k r
r m c t i - n g r g r l e
n z m n c p e n g
n a m n c - k a p q n g r
k x n z t o p w z
t q m n c - l x b l r p e k r
t q v z m i t r p e l e n g
t z r l x n g i t i n g
t q r p i - n g r n
t z m n c t x - a l o p e n g
n z v z k a i - k r g r
n z v z k a i - k r g r
t q p r t r p e b z k r
t q v z p e x
n a m n c n e - n g r g r
n a p i t x t r - m o p o
n z o - k r m
n z v z k a i - k r g r
t q m n c - n g r d e
t q r p n a - n g r m
n a o b q - k a p q p x
y r w i t x - k z l e
y r l q t x - m o u x
n z a y o n g r
n z v z k a i - k r g r
t q o t i p e b z l e
t q n g r l r p x p e k r
n z m n c p e n g
t q v z m i t r p e b z l e
t q v z m i t r p e b z l e
n a p i t r - m o u p o
n a p i t r - m o u p o
n z v z k a i - k r g r
n z v z k a i - k r g r
t q m r l z - n g r d e
n a p i t r - m o u p o
n z v z k a i - k r g r
m n c - m i p e - a m u
n z a l v z t r n g
n a k i l z b z l e
t q r p i - n g r n
t q n g y a p e
n z v z k a i - k r g r
n z v z k a i - k r g r
n z v z k a i - k r g r
t q r p n a - n g r m
n a y a p w x t i m l e
n z v z k a i - k r g r
t q a b r t z - z v z - n g r g r
t q v z m i t r p e b z l e
t z m w i - n g r d r
t q n g r l r p x p e m
n z r k a t x n g r
n z v z k a i - k r g r
t z r m c t i p e l r
v z m
n z m n c l z b z n g
t q m c p e k r
n z v z k a i - k r g r
n z w z - k r n g e
t z r k a l z p e m
r p i - m o u p q l e
r p i - m o u p q l e
n z y c m n e - k r d e
n z v z k a i - k r g r
n z y c m n e - k r d e
n z v z k a i - k r g r
t z m w i p e n g
t q p z l e
n z v z k a i - k r g r
t q o l v x t i p e l e
t z m n c - n g r d r
m n c - e p e l z l e
n a n g r l r t r k i
n z a b r t z n g r
n z m n c l z b z n g
n z p n a k i p x l r
t r v z n e - k a k r
n a n g r l r t r k i
t q e t u n e p x p e
t q m w i - n g r g r
m n c - k a p q - n g r g r
t q m c p e k r
a t u l z n g r
t r v z n e - k a k r
t z a y o t i
n z m n c - k r d r
t z m c n g r
n z w z t r n g
t q y a p x p e b z
t r t q w z p e u
n a n g r l r t r k i
t q y a p x p e k r
n z o t i p e - k r m
m c p o
t r v z n e - k a k r
n a v z m i b z l e
t z m a i l z l r
n a v z m i b z l e
n a v z m i b z l e
m n c - e p e l z l e
t q m c p e k r
n z y c m n e - k r d e
t z r m c t i p e l r
n z v z - z v z b z n g
n z v z - z v z b z n g
n z r k a t x n g r
t r v z n e - k a k r
t z r m c t i p e l r
n z v z - z v z b z n g
t r v z n e - k a k r
a t u l z n g r
t r v z n e - k a k r
t q p i p e b z l e
t r v z n e - k a k r
t r v z n e - k a k r
t r v z n e - k a k r
t z m a t q
r p i - m o u p q l e
t q p r t r p e b z k r
r p i o b z l e
t q v z t r - m o p w z k r
a e l w a p x
n z v z - z v z b z n g
n a v z m i b z l e
n z m n c l z b z n g
t q v z t r - m o p w z k r
t q m n c - n g r d e
t q p i p e b z l e
k r l z p e b z k r
l v c - a l z u p q
n z m n c l z b z
n a v z m i b z l e
t z r m c t i p e l r
n a v z m i b z l e
r m c t i p e k r
t q r m c t i p e k r
t z r m c t i p e l r
t z v z p e - k a i n g
k r l z m g r
t q p i p e b z l e
t r k r l z w x u
t z r m c t i p e l r
t q v z t r - m o p w z k r
m n c l z - n g r m
n z v z - n g r m l r
n z v z - n g r m l r
n z v z p e - k r d r
n z k r l z m l r
m n c l z - n g r m
n z v z p e - k r d r
t q p i p e b z l e
t q m c p e l e
t q v z p e - k z x
n z v z p e - k r d r
t q w z t i p e l e
m n c l z - n g r m
n z v z p e - k r d r
t q o t i - a t e m
n z v z - n g r m l r
t z v z k i n e d r
n z p n a k i p x - m o u l r
m n c l z - n g r m
n z r p i b z l r
n z v z - n g r m l r
a t u l z n g r
n z r p i b z l r
t z r m c t i p e l r
