v z d e
t r n a n i b q l e u
n a e s z ' m z n g
n z l u t x p w z n g
t q w a i
n z m w x l r n g
m n c - m i p e - a m u
m n c - m i p e - a m u
t q n g i
m n c - m i p e - a m u
n z y a p w x - k r d r
t q a y r n i p e l e
m n c - e p e l z l e
t q w a i p e l e
m n c - m i p e - a m u
r p i o b z l e
m n c - m i p e - a m u
m n c - m i p e - a m u
t r - r m n q u
t z m n c t x - a l o p e n g
t q p i p e b z k r
n z b o m - k r d e
m n c - e p e l z l e
n z a b r t z l v z l r
n z y a p w x - k r d r
t q k r k a ' - n g r g r
t q e t u n e p x p e
t q m n c - l x b l r p e k r
n z v z - k r d r
t q v z p e b z k r
t r v z u
n z a b r t z - z v z n g r
r p i o b z l e
r p i o b z l e
m n c - e p e l z l e
t q n g r l r p x p e k r
m n c - e p e l z l e
m n c - e p e l z l e
t q m n c - n g r d e
r p i o b z l e
n z a b r t z - k r g r
n z p n z '
m n c - e p e l z l e
v z k r
m n c - e p e l z l e
n z t q n g
t q n g r l r p x p e k r
m n c - e p e l z l e
t q v z - n q b l q n e n e
t q v z - n q b l q n e n e
n z r p i l z - k r d r
r p i o b z l e
n z p n z ' b z
t q m n c - n g r g r
t q v z m i t r p e b z l e
t q e t u n e p x p e
n z v z - k r b z
n e n g e n g
t q v z m i t r p e l e n g
n z v z - z v z b z n g
n z v z - z v z b z n g
n z v z - z v z b z n g
n a m n c - k a p q n g r
n z v z k a i - k r g r
r p i o b z l e
r m c t i - n g r g r l e
t z v z p x p e b z n g
n z d w a t r - k r d e
t z v z p e - k a i n g
t z v z p e - k a i n g
t z v z p e - k a i n g
m r l z p e
n z d w a t r - k r d e
r p i o b z l e
n z v z - n g r m l r
n z v z - n g r m l r
n z m c t x p w z
n z v z - k r b z k r
n z v z - k r b z k r
r p i o b z l e
t q t r k a p e m
n z v z - k r n g e
r p i - m o u p q l e
r p i - m o u p q l e
n z m c t x p w z
t q p i p e b z l e
t q v z - n g r g r
t q v z - n g r g r
t q m w i t x p e
n z m c t x p w z
n a m n c t x p o
n a m n c t x p o
t z v z k i n e d r
n a v z m i b z l e
n z v z - k r n g e
n a v z m i b z l e
t z v z k i n e d r
n z m c - k r d e
n z v z p x b z n g
t z v z n e p e n g
n z v z k i o l r
n z v z - k r b z k r
n z v z k i o l r
n z v z k i o l r
n z v z k i o l r
n a m n c t x p o
n e d r
t q r p i b z l e
t q v z p e m g r
n z v z p x b z n g
n z r m c t i l r
t z v z o p e n g
n z r m c t i l r
e s z ' n e
n z v z p x b z n g
n z v z p e - k r d r
n a d w a p e k r
n z v z - k z n g
t z k u k i n g
n z v z - k z n g
n z v z - k z n g
n z v z p e n g
n z v z p e n g
t q v z p x p e
t q v z p x p e
n a p i b z k u
t q r p i b z l e
t u o m
t q r p i b z l e
t q r p i p e x
t q r p i b z l e
t q l i p e
n z v z p e n g
t q v z p e b z
t q v z p e b z
t q m c p e l e
t r s u k a
n z v z p x n g
n z v z b z n g
n z v z b z n g
m r b r l z m
n z v z b z n g
t q v z p e b z
n z v z p x n g
n z v z p x n g
d w a l z m g r
t q t u l z
n z v z k i l r
n a m w i
v z k i m l e
t q v z p e x
v z p x b z k r
v z m i o l e
n z y r l q
v z m i o l e
v z - z v z x
v z - z v z x
v z - z v z x
t q p i b o
m n c t i k r
v z m i o l e
t u o m
n z y c m n e
v z p x b z k r
t z m w x l r n g
v z t r n g r
v z t r n g r
v z t r n g r
t u t x l z m
n z r p i b z
n z r p i b z
n z r p i b z
n z r p i b z
n z r p i b z
d w a t r k r
n z r p i b z
t u o m
t u l z m c
v z m i m q
t u o m
v z m i m q
m n c p e x
n z r p i b z
m c l z k r
v z t r n g r
t q v z p e
t q v z p e
n z m c k r
t q v z p e
t q v z p e
n z r p i b z
m c t r k r
t z v z - n g r
v z t r n g r
v z t r l e
o t i l e
v z t r l e
v z t r l e
t q p i b z
t q p i b z
t q p i b z
t q p i b z
t q p i b z
t q p i b z
t z v z p e
t z v z p e
n z v z - k r m
t z v z p e
t z v z p e
t z v z p e
m c l z k r
t q p i b z
t q t u l z
t q p i b z
v z p e m
r p i l e
m c t x m
n a v z n g
t u p x m
m c l x
n a l i
n a m w i
n a l i
n z v z
v z x
v z x
v z x
v z t x
v z t x
t r m c l e u
t r m c w x u
t q m c t i k u n g
t q m c l a m u
t q m c t i a m u
n z m c p e - k z p z
n z m c - k r n g e l e
n z r m c t i n e d r
n z r m c - k r b z
t q m c - a t e k r
n z m c t r
t q m c p x b z k r
t r m c p e l e u
n z m c t r p e m l r
n z m c p x b z l r
x l r m l e
r n g i - b a t r p q
m r b r p e
t q y o k a e k r
n z p n a t i - k r b z m u
t q r p n a - n g r m
