t z v z n e p e n g
t z v z n e p e n g
t z v z o p e n g
t z v z n e p e n g
t z v z n e p e n g
t q m c p e k r
n z v z p x b z n g
t z v z n e p e n g
n z v z p x b z n g
m n c l z - n g r m
n z v z p x b z n g
t r v z n e - k a k r
n z v z - z v z b z n g
n z v z p x b z n g
t q t r k a p e m
n z v z p x b z n g
n z w z t r n g
n z v z p x b z n g
n z v z p x b z n g
n a p i t r - m o u p o
n z v z p x b z n g
t z m u p e - n g r d r
t q r m c t i p e k r
n z v z p x b z n g
n z v z p x b z n g
t q p i p e b z l e
n z m c t x p w z
n z w z t r n g
r p i o b z l e
n z v z - k r n g e
n a d w a p e k r
m n c l z - n g r m
n z v z - z v z b z n g
n z v z - k r b z k r
n z v z - k r b z k r
n z v z - k r n g e
n z v z - k r n g e
t z y a p x p e n g
t q w a i p e x
n a m n c t x p o
t q v z t r - m o p w z k r
n z v z - k r n g e
r m c t i - n g r g r l e
t q v z m i t r p e l e n g
n z a b r t z k r
n z v z - z v z b z n g
t q v z m i t r p e l e n g
n z v z - k r n g e
n z v z - k r n g e
n z v z - k r b z k r
n z v z n e p e l r
n z v z - k r n g e
n z m c t x p w z
n z v z - k r n g e
t q v z m i t r p e l e n g
n z k a l z m l r
n z v z - k r n g e
t z m u p e - n g r d r
n z o b q - k a p q n g r
n z v z - k r n g e
t q m n c - n g r d e
n a p i t r - m o u p o
n z v z - z v z b z n g
n z v z p e - k r d r
t r t a k i t r u
n z v z - k r n g e
n z v z p e - k r d r
t z s i k l u n g
n z v z - z v z b z n g
n z v z - z v z b z n g
n z v z - k r b z k r
n z w z - z l w z - k r g r
n z v z - k r n g e
n z v z - z v z b z n g
n z b z - k r g r
n z v z k a i - k r g r
k r l z m g r
n z v z - k r n g e
n z a b r t z n g r
n a m n c t x p o
n z v z - z v z b z n g
n z v z n e p e l r
t z v z p x p e b z n g
n z v z - z v z b z n g
n z v z n e p e l r
n z v z - k r n g e
n z y c m n e - k r d e
n z v z p e - k r d r
n z v z n e p e l r
n z v z - k r n g e
r m c t i - n g r g r l e
n z v z - k r n g e
n z w z - k r n g e
n z v z n e p e l r
t q n g r l r l z p e
n z d w a o n g r
n z v z n e p e l r
n z p r p x k r
n z v z n e p e l r
n z v z - k r n g e
n z v z n e p e l r
n z v z p e - k r d r
t r t q w z p e u
n z v z - z v z b z n g
n z m n c l z b z n g
n z v z - k r n g e
t q m c p e k r
t q r m c t i p e k r
t q v z t r - m o p w z k r
m n c - m i p e - a m u
t q v z t r - m o p w z k r
n z w z - z l w z - k r g r
n a p i t r - m o u p o
n z m u - k r g r
n z k a l z m l r
n a m n c t x p o
n z v z n e p e l r
t z p r p x n g r
n z t w z l r
r p i o b z l e
n z v z - z v z b z n g
n z m n c l z b z n g
t q v z - n q b l q n e n e
n z m n c l z b z n g
n z l z t i n g
n z o t i - k r m l e
n z v z - n g r m l r
n z v z - z v z b z n g
t q n g r l r l z p e
n z v z - n g r m l r
n z v z - n g r m l r
n z v z - n g r m l r
t z v z p x p e b z n g
n z v z - z v z b z n g
n z a l v z t r n g
n z v z - n g r m l r
t r t q w z p e u
n z w z - k r n g e
n z v z k a i - k r g r
t q a y r n i p e
n z v z - n g r m l r
n z v z - k r b z k r
n z v z - n g r m l r
k r l z m g r
t q m n c - n g r d e
n z w z - k r n g e
n z v z - n g r m l r
t q v z - n q b l q n e n e
n a m n c n e - n g r g r
n z v z - n g r m l r
r k a l z m g r
t q v z t r - m o p w z k r
n z w z - k r n g e
n z m n c l z b z n g
t q v z t r - m o p w z k r
x l r k r
n z r p i l z n g r
t z r m c t i p e l r
t q v z t r - m o p w z k r
t q r p n a - n g r m
t z r m c t i p e l r
t z m u p e - n g r d r
n z v z - n g r m l r
n z v z - n g r m l r
n z v z - n g r m l r
n a k a t x b z l e
n z v z - n g r m l r
n z w z - k r n g e
n z v z - k r b z k r
n z v z - n g r m l r
n z v z - n g r m l r
t q v z - n q b l q n e n e
t q v z - n g r g r
t z v z p x p e b z n g
n z x p e n g r
t z v z p x p e b z n g
t q r p n a - n g r m
n z v z p e - k r d r
t q m a l e l e
t q v z - n g r g r
t q m w i - n g r g r
t z v z p x p e b z n g
t q v z - n q b l q n e n e
t q n g r l r p e k r
t q v z - n q b l q n e n e
e s z - k r d e
t q t u n e p w z
t q v z - n g r g r
n a p i t r - m o u p o
t q v z - n g r g r
n z p r p x - k r d r
n z m n c - k r g r
t q v z m i t r p e b z l e
t z m n c - n g r d r
n a t q n g e
n z e t u p e - k r n g e
t z m n c - n g r d r
t q v z m i t r p e b z l e
n i b r n g e
n z d w a t r - k r d e
r k a t r p q
t q v z m i t r p e b z l e
m n c - m i p e - a m u
t q v z m i t r p e b z l e
t q v z - n q b l q n e n e
t q m c p e k r
t z m n c - n g r d r
n a p i t r - m o u p o
n z v z t r n g
t q v o t x - n g r p w z
y r w i t x - k z l e
t q t u n e p w z
t q x p l r
r p i - m o u p q l e
m n c - m i p e - a m u
n a k a t x b z l e
t r n z p i - k r p o ' u
n z y c m n e - k r d e
t q p i p e b z l e
t q m c p e k r
r m c t i p e k r
n z m c p x
t q m w i - n g r g r
t z m c t x p w z
t z m w i - n g r d r
t z m n c - n g r d r
t q m r l z - n g r d e
t z x l r o p e l r
t z m w i - n g r d r
t q v z - n q b l q n e n e
t u t i p x - n g r m
t u t i p x - n g r m
n z b z - k r g r
n g r l r m i m l e
t q v z t r - m o p w z k r
n z r p i l z - k r d r
t q m n c p e k r
t r b o i u
t q m w x l r p e k r
t u t i p x - n g r m
t r n z p i - k r p o ' u
t u t i p x - n g r m
y c m
n a t r k a - z l w z l e
r k a t r p q
x l r k r
k x b q n g
n a y a p w x t i b o
t u t i p x - n g r m
n z d w a t r - k r d e
n g r l r m i m l e
t u t i p x - n g r m
r p i - m o u p q l e
t q n g r l r p e k r
t q n g r l r l z p e
n a m n c - k a p q n g r
n z y c m n e k r b z
n z y c m n e - k r m
n z r m n q - k r d r
n a m n c - k a p q n g r
a s a - n g r g r
r m c t i - n g r g r l e
t q m n c - n g r d e
n a m n c - k a p q n g r
t q w q p e
t q t u n e p w z
r m c t i - n g r g r l e
r m c t i - n g r g r l e
t z k r l z p e - a t e l r
n z m u - k r d r
t q p i p e b z l e
r m c t i - n g r g r l e
b l r k q n g e
n z y a p w x - k r g r
n z m w a - k r g r
r m c t i - n g r g r l e
t z k u k i r p e l r
t z m n c t x - a l o p e n g
n z d w a t r - k r g r
v o t r p z k r
n z m c p x
t q m a l e l e
t z m n c t x - a l o p e n g
r l a s z k r
t z y c m n e - n g r p e m l r
t z m c p x p e b z l r
n z r p i - a n i - k r m l e
t r n z p i - k r p o ' u
n z a b r t z l v z l r
n z n g r l r t r n g
m e i t x t a t x p x
n z v z - k r b z k r
t z m n c t x - a l o p e n g
t q v z t r - m o p w z k r
t q v z - n q b l q n e n e
p w r k i l v c - n g r g r
t z p r o p e n g
n z t w z - k r n g e
k a l z m l e
d r t q d r
d r t q g r
r p i - m o u p q l e
r m c t i - n g r g r l e
n z r p i - a n i - k r m l e
t q m n c - l x b l r p e k r
n z r p i l z - k r d r
n z d w a t r - k r d e
n z k a t x - k r d e
a b r t z l v z k r
t z x l r o p e l r
n z r n i b q n g r
n z y c m n e - k r d e
n z a p u s r - k r d r
t q v z - n q b l q n e n e
t q v z - n q b l q n e n e
n z r p w ' a - k r d e
n z p n a t i - k r b z m u
k x m r n a
t q v z - n q b l q n e n e
t q v z - n q b l q n e n e
t q r p i - n g r n
t r n z k q l u - k r p e p w q g r u
t q v z - n q b l q n e n e
y c - n r b a l q
n a y c t i p x m
t q v o t i t r p e m l e
t z m n c t x - a l o p e n g
t q v z t r - m o p w z k r
t q v o t x - n g r p w z
n z o b q p x b z
o b q o b z
n z r p i - a n i - k r m l e
t z m w i - n g r d r
m w i t x k r
t q v o t i t r p e m l e
t r n z p i - k r p o ' u
n z r k a t x n g r
t q v z - n q b l q n e n e
n z v z n g
n z r p i - a n i - k r m l e
t q m n c - l x b l r p e k r
n z w z - k r n g e
k x t r k a
t q v z - n q b l q n e n e
t q r l r p e - n g r m l e
n z t u - z v z - k r d e
t q v z - n q b l q n e n e
t q p r t r p e b z k r
n z w z t i - k r b z l e
n z r p i - a n i - k r m l e
t r m c w x u
n z r p i l z - k r d r
t z k r l z p e - a t e l r
e s z ' n e
n z n g i n i - k r d e
n z v z - k r b z k r
t z p r p x p e n g
n a r y z k r - n g r g r
n z w z - k r n g e
n z v z k a i - k r g r
t q v z t r - m o p w z k r
t z r m c t i p e l r
n z v z - k r b z k r
n z l x n g i t i - k r d e
k x n a m u
t q w x l i k i t x p x
k q l e p e l e
t r k q o p q l e u
k c m a
n z r p i - a n i - k r m l e
n z y c m n e - k r b z l r
t r n z p i - k r p o ' u
n z t a v e t r l r
t z n g r l r k i o p e l r
t q n g r l r p x p e m
t q r p w a ' - n g r b z m e
t z r m c t i p e l r
x l r m l e
n a k a b z k r
n z k a t x - k r b z l e
n z r k a t i p x m q n g
n z k a p x m l r
n z k a l z - n g r m l r l e
n z r k a k r b z
t q m c p e b z k r
n a p i t x t r - m o p o
n z d w a t r - m o u - k r g r
t q v z t r - m o p w z k r
n e g u n g
d z b e d e
t q v z t r - m o p w z k r
n a o b q - k a p q p x
n z y c t i k r
t q r p n a p e - n g r m l e
t q y c n g r
y c t r p e n g r
y c t x o p e
t q y c o m
y c - n r b a l q
o t i b z
n z v z - k r b z k r
t q a s u p e b z
t r r l r - n g r p l e u
n a y a p w x t i b o
n z b o m l r
n z m w a n g r
n z d w a t r - m o u - k r g r
n z d w a t r - k r g r
n z p n a t i - k r b z m u
d w a s x p x - k z p q g r
t q v o t x - n g r p w z
n a o k l a t i t r - m o p q g r
t q k q l e p e b z l e
n z p r p x - k r d r
n a p i t x t r - m o p o
n z r p i b z
n z w z t r n g
n z d w a t r - m o u - k r g r
t z r m c t i p e l r
r n g i - b a t r p q
t z v z p e - k a i n g
x l r k r l e
y a p x - z v z k r
n z b o m - k r d e
x l r k r
n i b r d e
n z r p l a m e i t i - k r d e
n z y c m n e - k r m
t z y c m n e - n g r p e m
t z y c m n e p e b z
y c m n e t r p z k r
n z r m n q t x n g
r m c t i p e k r
t q r k a w i t i k r
t q k a w i o p e k r
n z l i - k r d e
o t i b z
t q o t i p e m l e
n z p r p x - k r d r
n z m c t x p w z
t q m n c - l x b l r p e k r
n a p i p x - l z b q n g
n z y r l q t r p z l r
d a b u k r
t z a p u l r
t q r k a l z p e m g r
r m c t i p e k r
n a l x n g i t i k u
t q y r p u t i p x p e
n e m u n g
n z m z l r p i - k r n g e
n z y c m n e - k r m
n z a y c n g r l r t i k r
m y a s z p x l e
a m y a
t q a s u p e b z
m q n g r m
t q x n g i - a t e b z k r
n a p i t x t r - m o p o
n a a g l q a m u
n z a g l q - k r b z k r
a g l q t r p q g r
t q r g l q t i k r
n z g l q l z - m o u l r
n a y a p w x t i p x b o
y a p w x t i - z p w x m a m u
r y a p w x - z v z k r
l i p w z
n g r d e
r d r n g
n g r d r
n g r g u
n a - a e n z l i m g r
t q t i n g r
d w a - r b r l z - n g r m q g r
k x y a g o x
r m c t i p e k r
t q t r k a ' n g r
t q t r k a m i
n z a t r k a t i
t z y a p w x t i p e b z l r
m n c - e p e l z l e
m n c l v z r n g r
t q a m z b l q p x m c
n e d r
n e g u n g
n e n g e
n i b r g r
m z ~ n i b r
k z t e d r
t q n g r l r p x p e m
t q n g r l r p x p e k r
m r b r l z m
k x p r t z
t r k r l z w x u
t q d w a p l r k r n g
n z m c t x p w z
t u n e p w z
n a p i t x t r - m o p o
t q w x b u p x - n g r m
n z m c t x p w z
n a k a b o
m n q t i p e l e
k a o m a m u
t r v z n e - k a k r
t r l r p r k r u
n z r p i b z
r m c t i p e k r
m n c - m i p e - a m u
t z x l r o p e l r
t z v z p e - k a i n g
t r n z p i - k r p l e u
y c p q t i p e k r
t q o t i - a t e m
b x t r t x p w z
n z l c - a p q b z n g r
n z m w a n g r
t z y c m n e t r p e - n g r d r
o b q o b z
t z p n z - l z b q n g r
t q a c l v e x
t u n e p w z
t q n g c n e o m
t q a m a o p e
n c b l o n g r
d r l z d r n g
t a g l c t x d e
k r l z p e b z k r
n a t q d e
r m c t i p e k r
n z m c p x
d r v r m i n e m l e
k c m a n g
k c m a
x l r k r l e
x l r l e l e
x l r b z
x l r b z k r
n z y r p u t i p x k r
n z o l v x t i - k r d e
k x t o p w z n e
k x n z t o p w z
t q o l v x t i - a t e l e
n z r l z - k r b z l e
t q w z t i p e l e
t z v z p e - k a i n g
t q w z t i p e l e
t r t e g r n g
t r t e g r
t z v z p e - k a i n g
n a p i p x - l z b q n g
t q y r l w r p x - n g r m
t q a s u p e b z
t r s u k a
p i p x - l z b q
n z r p i l z n g r
n z m e l z - k r m e
r n i p e x
n a r l x t i b o
n z r l x t i b z l r
n z r l x t i - k r b z
t r v z n e - k a k r
t z y r n i n e t r p e b z n g
t q y r n i t x p e
n z r p i b z
n a v z
n z y a g o x - k r d e
n z s i k a p u - k r d e
a t u l z n g r
d r t w r n g e l e
y r b u t i p e n g
l r d r
t q n g r l r p x p e m
t q n g r l r p x p e k r
n z r p i b z
n a p i t x t r - m o p o
y r n i - e b i r p e n g
k x b q g r n g
n z a n g i o - t x p w z l r
n z a n g i o - k r g u
t q m e i p x
k x t o p w z n e
a s u m i p e b o
m c t e
m n c l v z r n g r
n a n g r l r t r k i
n z n g r l r p x - k r m g r
t q n g r l r p x p e m
t z n g r l r k i o p e l r
n z n g i k r
t z o d u t r - l x b l r - m o u n g
k x n z a l v z t i n g
m n q t i p e l e
r v z m i m
n z v z k i
n a v z - k a i p o
t q v z t x
v z b z
t q v z t r p e k r
n z v z o - k r m o p w q k r
t q v z t r p e b o
n z v z - k r b z
t q v z p e b o
t q v z d z p e - n g r m g r
v z m i t r p e l e
t q v z n e
t q v z - n g r n e
v z b z k r
t q v z - n g r m l e
t q v z k i l e
n z v z m q n g
t q v z k i p x
n z v z o - n g r m
n z v z k i o p e - k z l r
v z - m o p w z k r
t q v z o p e
t q v z d z k r
n a v z d z k r
n z v z m i - k r g r
t q v z - n g r m o
n z v z p x m q n g
t q v z t x p e
n a p i t x t r - m o p o
t q o p x p e - n g r d e
n g r d r
n g r d e
k x t r m r l z u
n a - a m r l z t r - n g r b z l r
d r t w r g r
y r w i t x p x l e n g
t r t e n g e
t z l v c l z p e - n g r d r
t z l v c m q n g
n z a l v c - k r g r
n a b z p e - n g r g r
n a b z m i p e l e
t q a l v c - l z b q - n g r g r
t q k a b z k r
t q a l v c t r - l z b q p e
n a k a b o
n a p i t x t r - m o p o
p l a m e i t x d e
k c m a
k c m a n g
p x i q t x n e
n z p w x n g
m n r g r n g
m n r g r
m n r n g e
n z v z - k r b z k r
t w z k i p x l e l e
n a r t w z m
t w z t r l e
p r t z t x b z k r
n z g l q o l r
t q t o p w z b e - n g r n e
n z m c p x
r m c t i p e k r
n e d r n g
n z y c m n e - k r m
d w a t x t r x
n g r l x o b z l e
n a p i t x t r - m o p o
n a m a p u p e b z l e
a t u l z n g r
t q r g l q t i k r
n z g l q o l r
m n c l v z r n g r
t q d w a p l r k r n g
n g r d e
r d r n g
n g r g u
n z a l v z t r p l r
n z y r l e t i - k r d e
t q t o p w z b e - n g r n e
n a a l e - k a i p z n g
t r t q k a p e p w q l e
m n c - e p e l z l e
n a y a - p w z - t i p e x
b x p i z p x
n z m c p x
r m c t i p e k r
m n c l v z r n g r
x n g i t x t r l e
t q m c t i p e k r
n z m c p x b z l r
n z m c p e - k z p z
n z m c p x
m c p z k r
t r m c p e l e u
m c p x m l e
t r n z m c p e l r u
n z m c o m l r
t z a n g c p e l r
n z t e k q t r n g r
a w i t x - n g r b z k r
e s c t r p e m
a t a k q t i - l z b q t x k r
t q m u - n g r g r
n z m w x l r t i - l z b q n g
t r m w x l r k r u
t z y c m n e - n g r p e m l r
t q m r t u - n g r d e
t q o t i - a t e m
m n c - e p e l z l e
r n g i - b a t r p q
k r l z p e b z k r
t a p l x s r g r
n z x l r b z l r l e
x l r k r l e
d w a l z m g r
n a y a - p w z - t i p e x
n z r k a l z m q n g q
t q n g r l r p x p e k r
t q n g r l r p x p e m
t z y z l u p e - m o p w z n g
t z m w i p x - n g r m
t q m w i - n g r n a m u
n z m w i p x m
k x n z y a g o x n g
n z r p i b z
n a p i t x t r - m o p o
t q y r n i t x p e
n a n g r l r t r k i
t z n g r l r k i o p e l r
t r y c m n e - k a k r
b l e t i p x - l x b l r n g
m n c l v z r n g r
n z k q o - k r m
n a k q t x o m
y r l z o
t r t z r p n a p e u
p n a t i b z k r
n z r p n a - m o u p q n g
n a y r k r t x
t q y r k r p e n g r
s e k a e n t x k r
n z r p i b z
n a p i t x t r - m o p o
m n c n e - m o u - n g r g r
m n c t x p e
t q m n c n e t r p e m g r
m n c p w z k r
t z m n c t x p e n g
n z m n c p e - k r g r
m n c - e p e l z l e
t z t a v e t r l r
t z l v c l z p e - n g r d r
n z k q b l q p x - k r m c
n a l x n g i t i k u
