n a y a p w x t i b o
r p i - m o u p q l e
x l r m l e
x l r m l e
m c p o
m c p o
t u p x m
n z y c m n e - k r b o
t q t u p x m
t u t i p x - n g r m
t u l z m c
t q v z - n q b l q n e n e
t z m n c - n g r d r
n z y r l q
p i b z l e
v z t r n g r
m c l z k r
t z l v c - a t e n g
n a p i b z k u
n z y r l q
v z t r n g r
v z t r n g r
m c t x m
r m c t i p e k r
t z x l r o p e l r
n a m n c - k a p q n g r
r m c t i p e k r
t z r m c t i p e l r
k r l z m g r
n a d w a p e k r
n z r p i m l r
v z - z v z x
t q d w a p l r k r n g
v z - z v z x
v z - z v z x
v z - z v z x
t z x l r o p e l r
t z p i p e l r
n z p i l z l r
r m c t i l e
t q p i b z k r
n z r p i m l r
n z y c m n e - k r d e
n a m n c - k a p q n g r
n z r p i b z l r
t q v z t r - m o p w z k r
n z m c p x
n z v z - n g r m l r
t q v z m i t r p e l e n g
r p i l e
n z v z - n g r m l r
t q v z t r - m o p w z k r
t q t u l z
t q v z m i t r p e l e n g
n z v z - n g r m l r
t q v z t r - m o p w z k r
t q v z t r - m o p w z k r
r p i l e
v z p x b z k r
n z y r l q
t q v z - n g r g r
v z p x b z k r
t q v z - n g r g r
t r v z n e - k a k r
v z t r l e
n z e t u p e - k r n g e
n a v z m i b z l e
n a v z n g
t r v z n e - k a k r
t r v z n e - k a k r
n a v z n g
v z m i o l e
v z m i o l e
v z m i m q
t q p i p e m
v z m i o l e
t q m c p e l e
n a v z n g
v z m i m q
v z m i m q
v z m i m q
v z m i m q
v z m i o l e
v z t r l e
v z x
t z v z p e - k a i n g
v z x
n z v z p x b z n g
n z v z p x b z n g
n z v z p x n g
v z x
v z x
v z m i o l e
v z m i m q
n z v z p x b z n g
v z p e m
v z t r l e
t q v z m i t r p e b z l e
n z m n c - l x b l r - k r g r
n a p i p x - l z b q n g
t z v z p x p e b z n g
n z v z p x n g
t z v z p x p e b z n g
n z v z p x n g
y r k r t x o
v z p e m
t z v z n e p e n g
t q m n c - l x b l r p e k r
n z v z t r n g
t z v z n e p e n g
n z v z n e p e l r
t z v z n e p e n g
n z v z - k r b o
t z v z n e p e n g
n a v z b z
n z v z n e p e l r
n z v z - k r b o
n a v z b z
n a v z b z
n z v z - k z n g
n z v z - k r b o
n a v z b z
n z v z - k r b o
n z y a g o x - k r d e
n z t a v e t r l r
t z k u k i r p e l r
n z v z p e - k r d r
n a n g i
t z v z o p e n g
t z v z k i n e d r
n z v z p e - k r d r
n z v z p e - k r d r
t q v z b o
t z s i k l u n g
n z v z p e - k r d r
t q v z p x p e
n z v z p e - k r d r
t q o l v x t i p e l e
t q p i m e
t z k u k i r p e l r
t q p i m e
t q v z p x p e
v o m l e
n z v z p e n g
n z v z - k r n g e
n z v z - k r m
n z v z - k r n g e
n z v z - k r m
n z v z - k r m
n z v z - k r b z k r
n z v z - k r m
n z v z - k r b z k r
k x t r k a
d r l z d r n g
t q p i m e
n z v z k i o l r
t q v z p e m
n z v z k a i - k r g r
n z v z k a i - k r g r
n z v z k i o l r
n z v z k a i - k r g r
n z v z k a i - k r g r
n z v z k i o l r
a b r t z l v z k r
t q m n c - l x b l r p e k r
n z t u - z v z - k r d e
t q n g i
n z t u n g r
t q v z p e b z
t q v z p e b z
t q v z p e b z
t q v z p e
t z m u p e - n g r d r
t z v z p e
t z v z p e
t q k r k a ' p e b z
n z d w a t r - k r g r
n z v z
d r l z d r n g
t q r p n a p e - n g r m l e
n z d w a t r - k r g r
t q m r l z - n g r d e
n a r l z
t q m u - n g r g r
t q m c p e k r
k x e t u
e s z ' n e
y r k r t x o
n z p n z '
k x k q l u
n a r p n z '
n z l v c n g
m n q t i p e l e
t z r t a n g r p e
r l x n g i t i l e
l x e d e
t q a m r l z
t q r k a w i t i k r
t q r m c t i p e k r
l o p x i l e
k x e t u
t q r m c t i p e k r
t z t a v e l r
n z l v c k r
l i t x t r
t q l i t r p e b z
r l i l r m u
k r a l i
t z v z - a t e n g
t q m r l z p e
t q a w r k x t r p e l e
t q v z p e x
n z p w x n g
t q m r b r
r l w x k r
t q a b r t z - z v z - n g r g r
n z p i b z l r l e
n z t u - z v z - k r d e
t q v z p e x
t z v z b e n g
t q v z p e x
n z m c
n z m c t r
d r t w r d e
t u o m
n z p r l x l r
t q v z p e - k z x
k c m a n g
t u o m
t q p i
k r l z m g r
x l r b z
t z r y z k r n g
k x l i
t q m r l z p e
n z m c t r
y z l u m g r
t q a b r t z - z v z - n g r g r
n z t e l v z l r
d w a s x p x - k z p q g r
t q y a g o x p e
k x p i p z
t q m n c - l x b l r p e k r
n z m c t r
l x e g r
t q t r k a
d w a s x p x - k z p q g r
n z a y o n g r
n z p c t i k r
n e d r n g
