n z l v c n e - k r d r
n z l v c n e n g
t z l v c l z p e - n g r d r
t z l v c - a t e n g
d r l z d r n g
n a y a p w x t i b o
t w z q
n z a b r t z k r
y c m n e p e
n a y a p w x t i b o
n z k a l z m l r
y r l z t i l e
n z a l v z t i n g
n a k a b o
n z r k a b z
k a o m a m u
n a k a m l e
r k a t x m
n a k a b z k r
n a b z d r
n z v z b z n g
t r b o i u
t z r m c t i p e l r
t w z q
y a p x - z v z k r
n z a w i t x m
a w i t x - n g r b z k r
a b r t z t x - n g r d e
n z p n a
n z m n c p w z n g
t z r m c t i p e l r
n z v z - k r b z k r
n z k a l z m l r
t z t a v e t r p e l r
p r o t x k r
t q p r t r p e b z k r
x l r k r l e
t r - r m n q u
n u t i t x k r
t u n e p w z
m r l x m
n z m n c l z b z n g
t z r y z k r n g
p i b z l e
t r o p i l v z u
a w i t x p e
t z v z p e - k a i n g
t z y a p w x t i p e b z l r
n a y a p w x t i b o
t z t a v e t r l r
t z v z p e - k a i n g
y r k r p x b z l e
n a r l x t i t x p o
w a i p n z ' l e
m z l e d e n g
m z l e d e
d w a - r b r l z - n g r m q g r
n z r p w a ' - n g r b z l r
n z m c t x p w z
t q v o t x - n g r p w z
t q m r t u - n g r d e
r t w z t x - n r b a l q b o
t z r t w z - k z n g
n z m n c l z b z
n z m n c l z b z n g
p i b z l e
d w a s x p x - k z p q g r
m z l w e d e n g
m z l w e n g
n z r k a l z m q n g q
n a o k a t r p q l r
t z v z p e - k a i n g
n z m n e t i
n a v z b z k r
t z v z k i p x l r
t q v z - n g r n e
n z v z - k r m g r
t q r v z m i p w q
n a v z
t q v z n e - z v z k r
t q v z k i p x k r
n z v z n e - k r g r
t q v z o p e k r
n z v z k i o p e - k z l r
v z b o
v z t x p e - n g r d e
n a v z - k a i p o
t q v z k i l e
t q v z o p e k i
t r v z u
p i b z l e
n a y a p w x t i b o
n z a m z b l q p x - k r m c
t r - r m n q u
m n q t i p e l e
t q t u n e p w z
n z a t u p x - n g r m
o b q p x k r
t r t q w z p e u
k x n z t o p w z
k x t o p w z n e
y r k r b z k r
t q v o b e
n z y r m
t q r y r n g e
t q p r t r p e b z k r
n z r k a l z m q n g q
t z p r t r - m o p w q
p r o t x k r
n z v z k i o l r
n z v o u n e o p e m
t q o p x p e - n g r d e
n z b o m - k r d e
r p i b z l e
t q r p i l e
t q r p i m l e
t r p i p e ' u
n z p i p x k r
t q r p i p e b o
n z r p i - k r b o
n z r p i b z
n z a n i t x p w z n g
n z r k a t x - k r d r
t q k r l x l z p e l e
n z o l z - k r m l e
t z v z p e - k a i n g
t q m e i t i o
d r t q d r
n z a b r t z k r
t q m n c t x p w z k r
m n c t x d e
t q m n c - k a p q n g r
t r n z m n c p e u
p w x p w z
d w a s x p x - k z p q g r
n z i k l a p w z
n c b l o   k c
n z p r t r - k r n g e
y a p x - z v z k r
n a y a - p w z - t i p e x
n z d w a t r - k r d e
d w a t x t r x
d w a l z m g r
t q t u n e p w z
t u t x l z m
t q t u p x m
n z y c m n e - k r b o
n z m n c l z b z n g
t q m n c - n g r d e
l x e d e
n a p i p x - l z b q n g
y r l q t x - m o u x
n z l z
t z l z t r
t z l z t i t r
n z r l z - k r b z l e
n z a b r t z k r
n z r l z - k r b z l e
n g r l r m i m l e
t q k a p u t r - n g r b z
n z l x n g i t i - k r d e
t z v z p e - k a i n g
n a a g l q b z l r
n a y c t i p x m
m z t r
m z t e
t u t x l z m
t q t u n e p w z
t q t u p x m
n z k q l u t x
v o k r
m w i t x k r
t q m w i t x p e
t z v z p e n g
t q y r k r p x k r
k r l c d e n g
p r t r p o
n g r l r m i m l e
t q m n c - n g r g r
t q m a l e l e
t z a m c t i - n g r d e
k x n g r l x o b z l e
m z l i   k c
n o u d e
b z t i p e d e
n g r l a p l x p x k r
y r l q t x - m o u x
r m c t i - n g r g r l e
x l r k r
n a n g r l r t r k i
t r n g i u
t q m n c - n g r d e
t q t u n e p w z
t u t x l z m
t q v o t x - n g r p w z
n z r l z - k r g r
n a n g r l r k i t r l r
n z t a o k r
x l r k r
t q m w i t x p e
t q a s u p e b z
t q n g r l r l z p e
k x o d a
v z t r n g r
t q r t w a y z b z
n z r p i l z - k r d r
n z x l r m l r
t q a c l v e b o
n z y c m n e - k r b o
v o t r p z k r
t z l v c l z p e - n g r d r
m r b r l z m
v z t r n g r
n a a m i n g r t i - n g r d r
t q r g l q t i k r
t z r t a n g r p e
t q r l r p e - n g r m l e
t z r t w z t i p e - k z n g
t q y r p u t i p x p e
t q y r p u p x
t q a l v c - l z b q - n g r g r
m e n g a b q
n z d w a t r - k r g r
t z y c m n e - n g r p e m l r
t q x p l r
t r k q o p q l e u
t q r k a l z p e - n g r m q g r
n z t u - z v z - k r d e
t q r k a l z p e - n g r m q g r
y c t x b z
y c t r p e n g r
n z t a v e t r l r
n z r l e t i n g r
y r w i t x p x l e n g
r m c t i - n g r g r l e
n z r p l a m e i t i - k r d e
n a y a g o x n g
n z y a l z - k r g r
n a m n c n e - n g r g r
r m c t i - n g r g r l e
n a a g l q p e k r
m z n r y a g w e n g r l c
t r t z r p n a p e u
n z r p n a n e o p e - k r m l r
n z p n a t i - k r g r
n z p n a t i l r
y r p l a b r t q p e
b z p e k r
n a r l x t r p z k r
n a r l x t i t x - p w z k r
