t q m n c - n g r d e
n z m n c l z b z n g
v o t r p z k r
n z v z - k r b z k r
n e n g e n g
n e n g e
n e d e
n e g r
t q v z - n g r g r
t q v z - n g r g r
m n q t i p e l e
t r - r m n q u
n z x l r b z l r l e
t q v z p e x
t u t i p x - n g r m
p i b z l e
t q v z - n g r g r
n z v z - n g r m l r
t u t i p x - n g r m
n z v z - n g r m l r
n z v z k a i - k r g r
n z v z - n g r m l r
n z y a p w x - k r d r
r p i - m o u p q l e
n z y r m q n g
r p i - m o u p q l e
t q n g r l r p x p e k r
t z m n c - n g r d r
n z v z k a i - k r g r
n z v z k a i - k r g r
n z v z k a i - k r g r
t z m n c - n g r d r
n z y a p w x - k r d r
n z r b o m k r
n z r p i l z - k r d r
t z m n c - n g r d r
n z y a l z - k r g r
n a m n c n e - n g r g r
t q o t i p e b z l e
n z v z k a i - k r g r
n z d w a t r - m o u - k r g r
t z m n c - n g r d r
t z v z p e - m o u n g
t q v z p e x
t q t u p x m
t q t u n e p w z
t u t x l z m
t q n g r l r p e k r
t z r m c t i p e l r
k x n z t o p w z
k x l r p r
n z a t a k i
t z m n c - n g r d r
t z m w i - n g r d r
t z m n c - n g r d r
n z w z - k r g r
m n c - m i p e - a m u
n z v z k a i - k r g r
n z w z - k r g r
t z x l r o p e l r
t q y r k r p e
m n c - m i p e - a m u
m n c - e p e l z l e
n z m r l z k r
n z k u k i n g
t q n g r l r p x p e k r
m n c - e p e l z l e
n a p i t x t r - m o p o
m n c - e p e l z l e
t q m z n r p e
n o u d e
n z y c m n e - k r d e
t q v o t x - n g r p w z
m n c - e p e l z l e
t z t a v e l r
t r t e d e
t q p n z ' b q p e l e
n z v z k a i - k r g r
n z v z k a i - k r g r
n z v z k a i - k r g r
n z v z k a i - k r g r
n z v z k a i - k r g r
n z v z k a i - k r g r
n z v z k a i - k r g r
n z w z - k r g r
m n c - e p e l z l e
n z v z k a i - k r g r
n z y c m n e - k r b o
t q m n c - l x b l r p e k r
n z t u - z v z - k r d e
m n c - m i p e - a m u
n z v z k a i - k r g r
n z v z k a i - k r g r
t q a b r t z - z v z - n g r g r
n z v z k a i - k r g r
n z v z k a i - k r g r
t r t q w z p e u
n z v z k a i - k r g r
n a m n c n e - n g r g r
n a p i t x t r - m o p o
t z n g r l a p l x
n z w z - k r g r
t q y r w i l x
n a y a p w x t i m l e
t q r k a l z p e m g r
r m c t i - n g r g r l e
a b r t z l v z k r
n z m n c - l x b l r - k r g r
t q v z t r - m o p w z k r
t q v z t r - m o p w z k r
t q m n c - l x b l r p e k r
t q m n c p e k r
t q v z t r - m o p w z k r
t q v z t r - m o p w z k r
t q v z t r - m o p w z k r
t q v z t r - m o p w z k r
t q v z t r - m o p w z k r
t q m w i - n g r g r
n z m n e t i
y a g o x t x
n z w z - z l w z - k r g r
t q v z m i t r p e b z l e
t q m n c - l x b l r p e k r
m n c - m i p e - a m u
t q v z t r - m o p w z k r
n z m e l z - k r m l e
t q m n c - n g r g r
n a m n c n e - n g r g r
n z w z - k r g r
t q v z m i t r p e l e n g
t r n z p i - k r p o ' u
t u t x l z m
t q t u n e p w z
t q t u p x m
t r n z p i - k r p o ' u
t q v z m i t r p e l e n g
t q v z m i t r p e l e n g
t r n z m c p e l r u
t r m c p e l e u
n z m c o m l r
t q m c - a t e k r
n a m c l e
n z m c - k r n g e l e
n z m c p e - k z p z
m c t e
n a m c t r
t z m c t x p w z
t r n z m c l r u
n z m u - k r g r
n z r m n q t x n g
t r - r m n q u
t q v z m i t r p e l e n g
n a m n c n e - n g r g r
n z y c m n e - k r d e
r d r n g
t q v z m i t r p e l e n g
n a p i t x t r - m o p o
n a y a p w x t i b o
n a p i t x t r - m o p o
n a p i t r - m o u p o
n a p i t r - m o u p o
n z a b r t z - z v z n g r
r m c t i - n g r g r l e
n a p i t x t r - m o p o
n a p i t r - m o u p o
t q a b r t z - z v z - n g r g r
n z a y o n g r
t q y r k r t r - a t e m
n a n g r l r t r k i
t r n z p i - k r p o ' u
n z s i k a p u - k r d e
n a m n c n e - n g r g r
t z t w z o p e l r
t q v z - n g r n e
v z p e - k a i p
v z - n g r b z k r
t r v z u
t q v z o p e
t z v z - a t e n g
n a v z - n q b l q l e
n z v z k i o p e - k z l r
n z v z - k r m g r
n a v z
t q v z k i p x k r
n z v z n e - k r g r
t q v z t x p e
t q v z o p e k r
t z v z k i p x l r
n a v z m g r
v z t x p e - n g r d e
t q r v z m i p w q
t q v z k i l e
t q v z d z p e - n g r m g r
n a v z b z k r
n z v z n e - k r g r
t q v z o p e k i
t q v z p e - m o u k u
v z - z v z k r
v z b o
v z - n q b l q m
n z v z d z m q n g
t q v z n e - z v z k r
n z v z m i - k r g r
n a v z - k a i p o
t q v z - e t r - n g r d e
n z p r t r - k r n g e
n a p i t x t r - m o p o
n a p i t x t r - m o p o
n a k a t x b z l e
n a p i t r - m o u p o
t q m n c - l x b l r p e k r
t r n z p i - k r p o ' u
n a p i t r - m o u p o
t q t u n e p w z
t q t u p x m
n a p i t r - m o u p o
n a p i t r - m o u p o
n a w r k x t r
n a p i t r - m o u p o
n a p i t r - m o u p o
n z l z t i n g
t q m z n r p e
n z p n a n g
t z n g r l r k i o p e l r
n a p i t r - m o u p o
t q v o t i t r p e m l e
n z b o m - k r d e
n z r p w ' a - k r d e
t r n z p i - k r p o ' u
t z p r p x p e n g
t z p r t r p e - k z n g
n a n g r l r t r k i
n z k a t x - k r d e
n z b z t i - l x b l r n g
t q n g r l r p x p e m
t q n g r l r l z p e
t q o l v x t i - a t e l e
t r n z p i - k r p o ' u
n z r p i - a n i - k r m l e
t z y z l u p e - m o p w z n g
t z t a v e t r l r
n z r p i - a n i - k r m l e
r m c t i - n g r g r l e
n a p i t r - m o u p o
n g r l r m i m l e
t r n z p i - k r p o ' u
t q v z m i t r p e b z l e
t q r b l x t i l e
r b l x t x p e l e
t q r b l x t x p e
t q y a p w x t i p e m l e
t q v z t r - m o p w z k r
t z m n c t x - a l o p e n g
n z t u - z v z - k r d e
t q v z t r - m o p w z k r
t q v z t r - m o p w z k r
t q v z t r - m o p w z k r
t r n z p i - k r p o ' u
r m c t i - n g r g r l e
t q v e a p e b z
t q v z m i t r p e b z l e
t r n z p i - k r p o ' u
t q v z m i t r p e b z l e
t q v z m i t r p e b z l e
t q m z n r l x p e
t q v z m i t r p e b z l e
t q v z m i t r p e b z l e
n a n g r l r t r k i
t z l v c l z p e - n g r d r
t q v o t x - n g r p w z
t z t u l r t r p e m
n z r p i - a n i - k r m l e
t q o t i - a t e m
n z k q o - k r m
n a o b q - k a p q p x
n a n g r l r t r k i
n z d w a t r - k r d e
d w a l z m g r
t z t a v e t r l r
b o o n g r
t r k r l z w x u
n a a g l q p e k r
n a a g l q b z l r
n z g l q o l r
n a n g r l r t r k i
y r l q t x - m o u x
t z m n c t x - a l o p e n g
a s u m i p e b o
t q e t u n e p x p e
n z e t u p e - k r n g e
o b q b z k r
t q n g r l r p x p e m
t q n g r l r l z p e
n z m z n r - k r d r
t z m c n g r
n z r k a t x - k r d r
k x n z s i k l u
t q s i k l u b e - n g r n e
m w x l r - n g r g r
n a - a d r v r - n g r b o
n z r l a l z - k r g r
t z m n c t x - a l o p e n g
t z y c m n e - n g r p e m l r
y c m n e p e
t z y c m n e t r p e - n g r d r
n z n g r l r t r n g
x l r k r l e
t q a l v c - l z b q - n g r g r
t z m n c t x - a l o p e n g
t z m c p x p e b z l r
y c m n e p e
t z y c m n e t r p e - n g r d r
t z y c m n e - n g r p e m l r
t q a b r t z - z v z - n g r g r
n z w z t i - k r b z l e
n z b z n g
n a a g l q a m u
n z g l q o l r
n a a g l q p e k r
n a a g l q b z l r
t q a w i p e b z k r
a w i t x - n g r b z k r
n z a w i t x m
n z r p i - a n i - k r m l e
t q a m i n g r - n g r g r
n z r l z - k r b z l e
n z l z t r - n g r d e
n z p n a n g
t q v o t i t r p e m l e
t z r t w z t i p e - k z n g
n g r l a p l x p x k r
t z n g r l r k i o p e l r
t q k a p u t r - n g r b z
n z m n c l z b z n g
n z m n c l z b z
n z d w a t r - m o u - k r g r
n z d w a t r - k r g r
t q r k a l z p e - n g r m q g r
t q y r p l a t r n g r
y r p l a b r t q p e
n z y a g o x - k r d e
n z m n c l z b z
t q o t i m l e
t q o t i p e m l e
t q o t i - a t e m
l x e g r
t w z q
e t u n e p x
n z e t u p e - k r n g e
t q e t u n e p x p e
t z m w i p e n g
n a l i
t q y r p u p x
t q y r p u t i p x p e
n z y a - z v z n g
n a y a - p w z - t i p e x
y a p x - z v z k r
y a n e - z v z k r
n z y a l z - k r g r
t z k r l z p e - a t e l r
t q k r l z - a t e b z k r
a w i t x p e
n z y a p w x - k r d r
t q a l v c - l z b q - n g r g r
n z a p r e s i n - n g r
n z w z t i - k r b z l e
t q y a g o x p e
t q r k a l z p e - n g r m q g r
y r k r b z k r
t q y r k r p e n g r
y r k r t x o
t q y r k r p x k r
t q y a p x p e b z
n z v z m q n g
o b q k i m c
o b q t r p z
n a r l x t i t x p o
d r l z d r n g
d r l z d e
n z l z t r - n g r d e
n z k q o - k r m
n a k q t x o m
n u t i t x k r
r m c t i - n g r g r l e
t z m a i l z l r
y c t r p e n g r
y c t x b z
t q y c n g r
n z d w a t r - k r g r
n a n g q t x k r
n a n g q n a m u
t q n g q p e l e n g
n z n g q t i t x p w z
t r n z y a g o x - k r g r u
m z n r y a g w e n g r l c
n z r p l a m e i t i - k r d e
t z y r n i n e t r p e b z n g
n z a b z l r
m w a k r
r m c t i - n g r g r
n z m w a n g r
t q t u n e p w z
n z a t u p x - n g r m
x l r k r l e
t r k r l z w x u
p n z ' b z l e
n z w a i n e - n g r b z l r
w a i p n z ' l e
t q y r n i t x p e
t r k q o p q l e u
t q p z l e
t z y c m n e t r p e - n g r d r
n z y c m n e - k r m
t z y c m n e - n g r p e m l r
n a m n c - k a p q l z - n g r m a m u
t q m n c t x p w z k r
m n c t x d e
t r n z m n c p e u
t r m n c k r u
m n c t i t x p w z k r
t q m n c - k a p q n g r
m n c p w z k r
t z m n c t x p e n g
n z m n c l z b z
m n c t x p e
n z m n c t x p e p w z
m n c t x o p w z
n z m n c l z b z n g
n z m n c l z b z
t r t q w z p e u
r k a t r p q
n a k a b o
n a n g i
n z y a p w x - k r d r
t q a s u l e
t q a m a o p e
t q a m a - a t e k r
n i b r g r
t z r t a n g r p e
t q n g r l r l z p e
n a n g r l r k i t r l r
r m c t i - n g r g r l e
t q a s u l e
k x b q g r n g
k x b q n g
n a b z t r k i
r m c t i - n g r g r l e
t z y a p w x t i p e b z l r
n a y a p w x t i b o
n a p i p x - l z b q n g
p i p x - l z b q
l c d e p w z
n z w a i n e - n g r b z l r
t q r g l q t i k r
t q m n c - n g r d e
n z m n c l z b z n g
r t w z t x - n r b a l q b o
t z t w z n e d r
t z r t w z - k z n g
t w z q
n a r t w z o b z
r g l q k r
n a a g l q p e k r
d r t w r d r
t q r l x t i p e b z k r
t z r l x t i m l r
n a r l x t i t x - p w z k r
n a r l x t r p z k r
n z r k a l z m q n g q
y c m n e p e
t q r g l q t i k r
t q p r t r p e b z k r
p r o t x k r
n a l i
t z r y z k r n g
n a r y z k r - n g r g r
t z k u k i r p e l r
n z r k a l z m q n g q
t z a m c t i - n g r d e
t z t a v e l r
t q t z l e
t q t u n e p w z
t u t x l z m
t q t u p x m
n a a m i n g r t i - n g r d r
n a a m i n g r - n g r g r
t q d c - z l w z n g r
n z m n c l z b z n g
t a p l x s r g r
n a y a p w x t i b o
t q r y r - n g r n e
t q r y r n g e
n z y r m
t q y r m
n z a b r t r - k r b z k r
y a p x - z v z k r
n a y a - p w z - t i p e x
t z m w x l r n g
t q o p x p e - n g r d e
n z p n u t i t x
x l r k r l e
t q a m e i b z k r
t q m e i t i o
y c - n r b a l q
n a p i p x - l z b q n g
n z a b r t z k r
k c m a
m z l i   k c
t q m r l z - n g r d e
m r l z p e
p w x p w z
e s z - k r d e
e s z ' n e
e s z ' t i
m w x l r t x - z l w z k r
t u t x l z m
t z l z t r
n z l z
n z r l z - k r b z l e
t z l z t i t r
l z o k r
k x t o p w z n e
t q t o p w z b e - n g r n e
k x n z t o p w z
n z y o l x o m l r
n z t a v e t r l r
n a m w i
m w i t x k r
m w i t x k r
t z m w i p x - n g r m
n z m w i p e - k r n g e
t q m w i t x p e
n z o b q - k a p q k r
n z a l v z t r p l r
t r o p i l v z u
n a p i l v z t i
n z k r l z t i
t r k r l z t r p w z u
n z k r l z t r p z
k r l z l z b z k r
t r n a k r l z p q l e u
n z l z t r - n g r d e
n a - a m r l z t r - n g r b z l r
t q m r l z - n g r d e
m r l z p e
n a m r l z
m q n g r m
n z k r k a ' p x - k r m l r
n a k r k a ' - z v z k u
n z p l z p x - k r m a m u
l x e d e
y r l z t i l e
n a m w i
t q a c l v e x
n z a b r t z k r
t q p r k i l z m
m r k c n g
y r k r p x b z l e
x l r b o l e
x l r k r l e
n c b l o   k c
n g r l x t x o
k x n g r l x o b z l e
n z a b r t z k r
n z o l z - k r m l e
t r b o i u
t z - z p q t r n g
d r t a ' d r
t z l v c l z p e - n g r d r
t z l v c - a t e n g
n a o k a t r - n g r d e
n a o k a t r p q l r
m r b r l z m
t q m r t u - n g r d e
m z l w e n g
m z l w e d e n g
m z t e
m z t r
t q a s u p e b z
k x n z y q n g
n a y a p w x t i b o
t z y a p w x t i p e b z l r
d r t w r g r
r k a t r p q
n z k a l z m l r
n a p i l v z t i
t q m w i t x p e
l o l v z o a m u
t r d o u
n a a g l q p e k r
y c - n r b a l q
n a y c t i p x m
n a r l a s z p e l r
n z x l r m l r
n z m n c l z b z n g
n a b z d r
t r r l r - n g r p l e u
t q r l r p e - n g r m l e
y r w i t x p x l e n g
n a m n c n e - n g r g r
n z a t u p x - n g r m
y r l q t x - m o u x
n z t e k q t r n g r
n z p n z ' p e m
t q r p n z ' p e b z
p n z ' t x d e
t q r p n a l z m
t q p n z ' l e
t q n g r l r l z p e
n g r l r m i m l e
n z a l v z t i n g
n a p i p x - l z b q n g
y r k r p x b z l e
t q y r k r p e n g r
y r k r t x o
n a r t a n g r t i k r
t z m u p e - n g r d r
t q m u k r
n z n u r d e
k r l c d e n g
t z t a v e t r p e l r
p i t x m l e
n z r p i b z
r p i o l e
t q r p i l e
r p i b z l e
t q r p i p e b o
n z p i p x k r
r p i b o
t q r p i p e b z l e
t q r p i m l e
t q p i p e m l e
n z p i - k r m l r
t r p i p e ' u
t q p i p e b z k r
r p i b z k r
n z r p i - k r b o
p i p e b z
t q t w z o p e
t w z q
r p w a ' - n g r b z
n z r p w a ' - n g r b z l r
t a b c - z v z k r
t q t a b c - z l i n e p e k r
n z v o u n e o p e m
n g r l r m i m l e
t q r p n a l z m
n a k a b o
n z r k a b z
k a o m a m u
n z k a l z m l r
n z k a t x p x - k r b z l e
r k a t x m
n a k a b z k r
n a k a m l e
t q k r l x l z p e l e
m e n g a b q
t q p r t r p e b z k r
p r o t x k r
k x n z t o p w z
n z m n c l z b z n g
t r t q w z p e u
n z w z t i - k r b z l e
t z p n a t i b z l r
t q a l v c - l z b q - n g r g r
t r n a n i b q l e u
y a p x - z v z k r
n g r l r m i m l e
t q n g r l r l z p e
n a a g l q b z l r
t z m a t q
t a g l c t x d e
t q m n c - n g r d e
w x l i k i t x p x p n z
t q w x l i k i t x p x
p r c k r
t z p r t r - m o p w q
t q p r t r p e b z k r
p r o t x k r
t q n g r l r p x p e k r
t q m n c - l x b l r p e k r
y r l z t i l e
d w a l z m g r
n a y a - p w z - t i p e x
y a n e - z v z k r
b l e t i p x - l x b l r n g
d r t q d r
t q r p n a l z m
t q p n z ' l e
t r l r p r k r u
a b r t z t x p e k r
a b r t z t x - n g r g r
a b r t z t x - n g r d e
r m a l e
m r l x m
m r l x m q
t q m n c - l x b l r p e k r
n z p n a t i - k r b z m u
n z k q l u t x
t r n z k q l u - k r p e p w q g r u
y a n e - z v z k r
y a p x - z v z k r
n a y a - p w z - t i p e x
t r n z y a g o x - k r g r u
o b q p x k r
n z a n i t x p w z n g
l a n g
y r l q t x - m o u x
m z l e d e n g
m z l e d e
n z l v c n e - k r d r
n z l v c n e n g
t z l v c - a t e n g
t z l v c l z p e - n g r d r
n z l v c - k r m l r
n z r p n a n e o p e - k r m l r
t r t z r p n a p e u
n z p n a t i - k r g r
n z r p n a k i p x n g r
n z p n a t i l r
k r k a ' - l e - b l r k u
n z m n c l z b z
t q m n c - n g r d e
t q p r t r p e b z k r
t r t r k a - z l w z p w z u
t r k q o p q l e u
t q m z b l q p x m
n z a m z b l q p x - k r m c
t q a m z b l q t x p x p e m c
n g r l a p l x p x k r
t q m a l e l e
m r b r l z m
t q m n c - n g r d e
n z m n c l z b z n g
k c m a
m z l i   k c
n z l x p l z t x
s e k a e n t x k r
t z l v a b e t r p e b z
n a m a p u p e b z l e
n z o b q p x b z
o b q p x k r
t z k r l z p e - a t e l r
t q e t u n e p x p e
t z a n g c p e l r
a n g c t i k r
t q p n z ' l e
r k a t r p q
n z k a l z m l r
t r n z m n e t i u
