v z k i m l e
t q v z b o
v z p e m
t q v z b z k r
s c d r
t q v z - n g r g r
t q v z - n g r m l e
t z a p u l r
n z v z p e n g
e t u t x
n z o k a t r k r
n g r g r
n z r p i b z
t q v z p e b z
r v z m i m
n z v z k a i - k r g r
n z p w x n g
n z v z k i o l r
m n c - e p e l z l e
t z m n c - n g r d r
t q v z - n g r g r
t q p i b z
n z v z - z v z b z n g
v z x
y r p l a b r t q p e
t q m c p e l e
n z v z t r n g
t q r g l q t i k r
n z r p l a m e i t i - k r d e
n a p i p x - l z b q n g
n z g l q o l r
v z k i m l e
k x e t u
n a r l x t i t x p o
r g l q p x k r
v z t r l e
n a v z m i b z l e
n z t u n g r
t z l v c m q n g
t q p i t i k r
t z a n g c p e b z l r
n z v z - k r n g e
v z t r l e
v z t x
n z v z p e n g
k r l z p e b z k r
v z - z v z x
v z p e m
t q v z p e b z
n z y c m n e
n z m c - k r d e
t z m n c - n g r d r
t q m w i p e k r
n z p n u t i t x
m n c - m i p e - a m u
v z t r n g r
r p i o b z l e
n z v z p x b z n g
t q o l v x t i p e l e
m n c p e x
m c l x n g
t u t x l z m
r p i o b z l e
n z a n g i o - t x p w z l r
s c g u
t z m r g e p e n g
t q v z p e m g r
t z v z p e
n z v z k a i - k r g r
t q m n c - l x b l r p e k r
n z m c t x p w z
t z v z p x p e b z n g
n a b z - n g r n
n z d w a t r - k r d e
v z t r n g r
n z v z
n z v z p x n g
n z v z p x b z n g
t q r m c t i p e k r
t q m c p e x
n z p n z '
t q v z p e - k z x
t q v z p e
t z v z o p e n g
t q r p n a - n g r m
t q v o t x - n g r p w z
r m c t i l e
n z p r p x n g r
v z x
a t u l z n g r
n a p i t x t r - m o p o
v z t r k r
t q n g r l r p e k r
k x r t c
n z v z b z n g
n z b z t i - l x b l r n g
v z m i m q
v z - z v z x
t q v z - n g r g r
n z v z - k z n g
n z r p i m
t q v z p e - k z x
d w a l z m g r
t z v z - n g r
k q l u t x
v z m i o l e
m n c k r
m n c l z - n g r m
n z m c t x p w z
n z y c m n e k r b z
t q v z p e
y r l q t x - m o u x
t r k q o p q l e u
v z m i o l e
r l x n g i t i l e
n z a b r t z k r
n a v z m i b z l e
t z m n c t x - a l o p e n g
v z t r n g r
t q v z p e b z
t z v z p e
n g r d r
v z p x b z k r
n a p i t r - m o u p o
v z k i m l e
t q v z - n g r g r
n z a b r t z n g r
n z s i k a p u - k r d e
m q g u
t q v z - n g r g r
t z v o p e
t z v z k i n e d r
v z t r n g r
p i b z l e
n z v z
t z t u l r t r p e m
d r l z d r n g
t q m c p e k r
r m c t i l e
t q p r t r p e b z k r
d w a s x p x - k z p q g r
n z m n c l z b z n g
v z k i m l e
k r l z m g r
t q p i m e
n z v z b z n g
n z d w a t r - k r d e
t q v z m i t r p e l e n g
n z d w a t r - k r g r
m z l e n g e
t q v z m i t r p e l e n g
t z v z o p e n g
n z v z - k z n g
d w a t r k r
t q v z p e m
p i p e b z
n z y r l q
y r k r t x o
d w a l z m g r
t q m c t i k u n g
a t u l z n g r
v z t r l e
t z m n c t x - a l o p e n g
n z r p i b z l r
n z v z - k r m g r
b z a m u
v z k i m l e
r m c t i - n g r g r
v z p x b z k r
t r v z n e - k a k r
v z o
n g r m u
v z k i m l e
n a m n c - k a p q n g r
t q v z p e b z
v z t x
n a y a p w x t i b o
v o k r
t z v z - n g r
t q w a i
e s z ' t i
t q y r k r p e n g r
n a n g q t x k r
r p i o b z l e
t q n e p e
n z o b q p x b z
t q r g l q t i k r
k x l i
v z x
n z v z
n a y a g o x n g
n z v z p x n g
t z r t w z - k z n g
v z - z v z x
t u l z m c
n z m c t r
n z v z - z v z b z n g
m n c l z - n g r m
v z m i m q
n z v z - k z n g
n z v z - n g r m l r
t q r t a n g r n e
t q r y a p w x p e m
t q p i
t z v z p e - k a i n g
m r g e a m u
t z y a p w x t i p e b z l r
v z m i m q
m n r g r
v z m i o l e
t q v z b o
m c l x
v z p x b z k r
n z v z p x n g
r p i o b z l e
r p i o b z l e
l i p e
n z v z n e - k r g r
n a y a p w x t i b o
t r k r l z w x u
t q v z p x p e
v z m i t r p e l e
m r b r l z m
m w i t x k r
v z p x b z k r
n z v z - k r n g e
n z v z - z v z b z n g
n z v z
t r v z n e - k a k r
t q v z t r - m o p w z k r
m r k c n g
v z t r n g r
n a v z b z
v z t r n g r
t r v z n e - k a k r
n z v z - k r b z k r
m c t x m
o t i m
t q a s u l e
t z v z - a t e n g
n z v z - n g r m l r
m c l z k r
t r k q o p q l e u
m w i
t r t r k a - z l w z p w z u
v z m i m q
n z v z p x b z n g
t q v z b o
n a m n c - k a p q n g r
n z l v c n g
