y a p x - z v z k r
d w a l z m g r
n z w z t r n g
n a n g q n a m u
t w z q
o l i q l z k r
t q y r p u t i p x p e
t q n g r l r l z p e
p w x p w z
t q v z p x p e
n z p n a t i l r
n a r l x t i t x - p w z k r
t r k q o p q l e u
t z l v c l z p e - n g r d r
t z t a v e t r l r
n z v z k i o p e - k z l r
v z b o
t q m w i t x p e
n a a g l q p e k r
t q t u p x m
n z m w a n g r
n a y a p w x t i b o
t z v z p e - k a i n g
t q p r t r p e b z k r
n z k r l z m l r
k c m a
t q m n c p e k r
n a v z - k a i p o
t u t x l z m
t q k a p u t r - n g r b z
n z r l z - k r b z l e
n z p i p x k r
n z a p r e s i n - n g r
t r p i p e ' u
t u n e p w z
n z t u - z v z - k r d e
t z y a p w x t i p e b z l r
t q r p i m l e
m z l e d e n g
n z a l v z t r l r
n z y a l z - k r g r
r m c t i - n g r g r l e
r p i - m o p w z
m c p z k r
n z v z - k r b z
m n q t i p e l e
t q r m c t i p e k r
r t w z t x - n r b a l q b o
n z v z k i o l r
m z k e '
t q r y r n g e
n z d w a t r - k r g r
t z a m c t i - n g r d e
n a m c l e
t z y c m n e t r p e - n g r d r
n z l x n g i t i - k r d e
y c t x b z
e t u t x
t q v z o p e k i
d r l z d r n g
r m c t i - n g r g r l e
n z m n c l z b z n g
n a y a p w x t i b o
t q m n c - n g r d e
n z g l q o l r
a w i t x - n g r b z k r
t q r g l q t i k r
n z y r l q
r b l x t x p e l e
n z r l z - k r b z l e
t q v z k i l e
n z y r m q n g
a l v z t r l e
n z o - k r m
t z m a i l z l r
v o k r
n z v z k i l r
k r l z b z l e
t z r m c t i p e l r
t q t u n e p w z
t q v o b e
n a a g l q b z l r
n z r p i - k r b o
n z t a o k r
n z k r l z t i
t q m e i t i o
n z t u - z v z - k r d e
n a o k a t r p q l r
t q v z p e - k z x
m r k c n g
n z m n c l z b z n g
t q m c - a t e k r
n z p n z ' p e m
n z v z b z n g
y r w i t x p x l e n g
t q m n c
m z l i   k c
t q v z o p e k r
x l r k r l e
n a m c t r
y r l q t x - m o u x
t q v o t x - n g r p w z
x l r b z l e
y r p l a b r t q p e
n g r l r m i m l e
t r t e d e
x l r k r l e
m z n r y a g w e n g r l c
l o l v z o a m u
p i b z l e
t q r l r p e - n g r m l e
t r n g i u
t q m r t u - n g r d e
t z r y z k r n g
y r l z t i l e
t q o l v x t i p e l e
n z w z t r n g
t q y r k r p x k r
t z r t a n g r p e
w a i p n z ' l e
n a l i
n g r l a p l x p x k r
n z l v c n e n g
n z y a p w x - k r d r
y c t r p e n g r
n z n g q t i t x p w z
n z y r m
n z k r l z t r p z
t q a c l v e b o
t q v z p e x
t q t u p x m
n a p i l v z t i
n z y c m n e - k r d e
n z r p n a n e o p e - k r m l r
n z p n a t i - k r g r
n a e s z ' m z n g
t q r t w a y z b z
n a k a b z k r
b z p e k r
n z r b o m k r
p i b z l e
t q r k a l z p e m g r
t q m n c - l x b l r p e k r
n z r k a t x - k r d r
o b q b z k r
m z l e d e
n a v z n g
n a v z m i b z l e
n z v z b z n g
t q a s u p e
n z v z p e - k r d r
n a y a p w x t i m l e
n z v z p x n g
n a p i t r - m o u p o
n z v z - n g r m l r
n z v z - k r m
n z v z k a i - k r g r
n z v z - n g r m l r
t q v z m i t r p e l e n g
n z v z - k r b z k r
n z r p i m l r
t q v z p e b z
n a v z b z
n a d w a p e k r
m c p o
v z t x
m c t x m
t q p i b z
t q p i b z
m c p o
n z m c p x
t q v z b o
n z v z - k r b z k r
n z v z - k r b z k r
r p i l e
n a v z m i b z l e
n z v z - k z n g
v z - z v z x
n z v z k i o l r
t q r p i b z l e
t q m c p e l e
n z v z b z n g
n z r p i l r
v o m l e
t q p i b z
n a v z m i b z l e
n z v z p e n g
t q v z m i t r p e l e n g
t z v z p e
t q v z m i t r p e b z l e
n a p i t r - m o u p o
m n c p e x
m n c p e x
n z v z - k r b z k r
n z m c p x
n z v z p e n g
t q v z t r - m o p w z k r
n a m n c n e - n g r g r
t u t i p x - n g r m
n z v z p e n g
t q y a p x p e k r
m c l x
o t i l e
k r l z p e b z k r
t q p i b z
t z r m c t i p e l r
t q p i p e b z l e
m n c l z - n g r m
n z v z - k r d r
v z p e m
n z w z k r
t q m n c - l x b l r p e k r
n a n g r l r t r k i
t q v z - n q b l q n e n e
v z m i o l e
y z l u m l e
n z v z - z v z b z n g
n z v z - k r b o
t r n z p i - k r p o ' u
t z v z p x p e b z n g
t q v z p e m
v o m l e
y r k r b z k r
n z v z k i o l r
t q r p i b z l e
n a v z n g
t q v z p e m
n z v z - k r n g e
t q v z b o
t z v z o p e n g
n z r p i l r
t q v z - n g r g r
t q v z - n g r g r
n z r l z - k r g r
t u p x m
n z v z k i o l r
v z - z v z x
v z t r l e
t q p i p e b z l e
t q v z p e
t q v z b o
n z v z n e p e l r
t r n z p i - k r p o ' u
n z r p i b z l r
v z b z
n z v z p x b z n g
v z p x b z k r
n z p n a k i p x l r
t q n g r l r p e k r
t q v z - n q b l q n e n e
n z n g i k r
n z w z k r
t z v z k i n e d r
n z v z - k r m
t q p i p e m
v z t r l e
t q m c p e l e
n z r m c t i l r
t q r p i p e x
t q r p i b z l e
m c l x n g
m c l x
n a v z b z
n z y r l q b z
t q t u l z
n z v z p e - k r d r
n z m c t x p w z
n z v z n e p e l r
t u p x m
n z v z - k r m
t q v z p e x
n a v z n g
t q m e i p x
n z v z n e p e l r
t r v z n e - k a k r
n z p n z '
n z v z p e - k r d r
t q v z p e m g r
n a y r k r t x
n z v z - k r n g e
t q p i m e
v z x
t r v z n e - k a k r
t z v z o p e n g
t q m c p e
t q p i b z k r
v z m i m q
n z m c k r
v z p x b z k r
t z r m c t i p e l r
n z w z - z l w z - k r g r
m c l x n g
m c p o
n a p i t r - m o u p o
v z t r n g r
t q v z - n q b l q n e n e
t q v z - n q b l q n e n e
v z x
r p i o b z l e
n a p i t x t r - m o p o
n z r m c t i l r
m n c l z - n g r m
n z m c p x
t z v z k i n e d r
a b r t z l v z k r
n z v z p x n g
n a o b q - k a p q p x
t z v z p e
v z t r l e
t z r m c t i p e l r
n z v z p x n g
n z v z - k r m
n z v z p e n g
n z v z n e p e l r
t q p i p e b z l e
v z p e m
v z p e m
m n c l z - n g r m
n z v z
t q v z p e b z
t q v z p e m g r
t q v z p e m
n z v z p x n g
n z r p i - a n i - k r m l e
n z m c t r
t z v z - n g r
v z p e m
n z v z p e - k r d r
n a v z m i b z l e
t z v z - n g r
t z r m c t i p e l r
t z n g r l a p l x
t z v z p e
n a n g r l r t r k i
n z v z k a i - k r g r
n a v z m i b z l e
t z r t w z t i p e - k z n g
n z y a g o x - k r d e
n z m c k r
n z v z p x n g
v z t r n g r
k i l z n e d e
n z v z p x n g
m n c - e p e l z l e
t z v z o p e n g
n z r m c t i l r
n z t u n g r
n z v z - k r b z k r
n z v z k a i - k r g r
t q v z p e m
t q p i b z k r
t q p n z ' b q p e l e
n a m n c t x p o
n z v z b z n g
n z v z p e - k r d r
m n c - m i p e - a m u
n z v z - k r m
t q p i b z k r
t q v z m i t r p e l e n g
y r n i t x
t q v z p e m
d w a l z m g r
m c t x m
v z p x b z k r
t q d c
n z o t i p e - k r m
n z r m c t i l r
v z t x
v z t r l e
t r n z p i - k r p o ' u
n z a b r t z n g r
n a v z m i b z l e
n z v z - k r b z k r
t r n z p i - k r p o ' u
n z a b r t z - z v z n g r
n z l v c n g
d w a t r k r
t q a l v c - l z b q - n g r g r
m c l x
k x t o p w z
n z v z
t q m c p e x
n z l v c p e n g
t q p i b z k r
n z m c t x p w z
n z r l e t i n g r
n z v z p e n g
t q y a p x p e b z
n a p i t x t r - m o p o
t z v z k i n e d r
t r n z p i - k r p o ' u
m w i t x
m c p x m
t q v z m i t r p e b z l e
t z v z k i n e d r
r k a l z m
t q v z - n g r g r
m n c - e p e l z l e
n z r m c t i l r
t q v z p x p e
t z v z - n g r
t z v z k i n e d r
t q v z p e m
n z t u n g r
n z m c t x p w z
v z p e m
n a v z b z
t q m c p e l e
n z m c k r
v z m i m q
t q v z p e m
n z v z - k r n g e
v z t r n g r
t q r p i p e x
n z v z k a i - k r g r
v z x
n z v z k a i - k r g r
n z m c p x
n z v z b z n g
t q v z t r - m o p w z k r
n z v z - z v z b z n g
t q w z t i p e l e
t q v z b o
t q r p i - n g r n
t z v z p e
n z r p i b z l r
n z v z p x b z n g
t q v z p e x
t q v z - n q b l q n e n e
t z v z p e
v z x
d w a t r k r
n a v z n g
m n c t i k r
w z t r p o
t q b z p e
n z m c p x
n z v z - k r m
t q r p i p e x
t q v z - n q b l q n e n e
n z m c t x p w z
t q p i b z
t q p i m e
n a v z n g
t q v z p e m
v z - z v z x
n z m c t x p w z
n z m u - k r g r
n z a b r t z l v z l r
m w i t x
v z m i o l e
v o m l e
m c l x
n z v z p x b z n g
a t u l z n g r
t q v z p x p e
n a v z n g
n z v z k a i - k r g r
n a v z m i b z l e
m n c - m i p e - a m u
n z v z - k r b o
t q m n c
n z r p i b z
t z v z p e
n a v z m i b z l e
n z v z
n z m c k r
n a v z n g
m c t x m
v z p e m
t q v z p e
t z v z p x p e b z n g
m n c - e p e l z l e
m c p x m
v z t r n g r
t q v z p e x
t z v z k i n e d r
v z t x
r m c t i l e
n z m c t x p w z
t q p i p e m
t q m n c - l x b l r p e k r
t r v z n e - k a k r
t q v z p e
n z l v c n g
n a r l z
t q p n z ' b q p e l e
r m c t i l e
t z v z - n g r
n z v z p x b z n g
t q v z m i t r p e b z l e
n z v z n e p e l r
t q v z p x p e
v z t x
t q v z p e x
n z r p i l r
n z v z
t z v z o p e n g
v z k i m l e
t u l z m c
t r n z p i - k r p o ' u
t z v z - n g r
t q r p i b z l e
n z r p i m l r
v z x
t q p i p e b z l e
t q m c p e x
n z v z k i l r
n z m n c k r
m c l x n g
t z v z o p e n g
v z m i o l e
t q r p i p e x
v z p x b z k r
t q p n z ' p e l e
n z l v c k r
t q v z p e
t q p i p e m
t z v z n e p e n g
t u p x m
n z r p i b z
n z v z k a i - k r g r
n z v z - k r m
t q v z p e
n z m n c p e n g
n z v z k a i - k r g r
t q o t i p e b z l e
v z t r l e
n z v z
t q p i p e b z l e
t q v z p e k r
m c l z k r
n z v z
m n c l z - n g r m
v z m i m q
t q o b q t r p e
m c t x m
m c l x
v z x
t z p r p x p e n g
v z - z v z x
m c l x n g
n z v z - z v z b z n g
n z m z n r - k r d r
n z v z p e - k r d r
t q r p i b z l e
v z t r n g r
d w a l z m g r
t z v z k i n e d r
a t u l z n g r
t q r p i p e x
t z v z - n g r
n z v z
n z v z - n g r m l r
n z r p i b z
t q w z t i p e l e
n a v z m i b z l e
t q v z m i t r p e b z l e
v z t r n g r
n z m c t r
t q r k a l z p e - n g r m q g r
t q r p i - n g r n
t q v z m i t r p e b z l e
t q v z p e m
v z p e m
t r s u k a
m c l x
t q y a p w x t i p e m l e
t q a o k z
t z r k a l z p e m
t q v z p e m g r
n z v z p x b z n g
t q v z t r - m o p w z k r
t q r p i p e x
v z k i m l e
t q v z m i t r p e b z l e
n z t u n g r
n z v z n e p e l r
n z v z - k r b z k r
t q v z t r - m o p w z k r
n z m c t x p w z
t q p i b z
n z k u k i n g
n a p i t x t r - m o p o
v z t r n g r
r m c t i p e k r
n z r p i - a n i - k r m l e
n z r p i m l r
r m c t i p e k r
n z m c k r
n z v z - k r b o
n z a b r t z n g r
t q p i b o
n a r l z
n z v z
t q v z - n q b l q n e n e
n z v z
n z d w a o n g r
t q v z p e x
r m c t i p e k r
m c l x
n z w z - k r n g e
r m c t i p e k r
n z v z b z n g
n a p i b z k u
d w a t r k r
t q v z p e b z
n z o t i p e - k r m
n a v z b z
n z v z p e - k r d r
n z m c k r
n z r p i l r
n z v z p x n g
r g l q p x k r
t q v z p e
n z v z - k z n g
t z v z p x p e b z n g
n z v z - n g r m l r
t q t w z p e
t u p x m
t q v z p e b z
m c t r k r
d w a l z m g r
t u t i p x - n g r m
n a v z n g
m c l z k r
k r l z m g r
v z m i o l e
t q v z m i t r p e l e n g
n z v z - z v z b z n g
t q v z p e b z
v z p e m
t u n e p w z
n z a l v z t r n g
t q m n c - l x b l r p e k r
n z v z
n a p i t x t r - m o p o
m n c p e x
n z v z - k r b z k r
n z v z k i o l r
n z r p i b z
m c p o
n z m c t x p w z
t q r p i p e x
n z n g i - k r d r
n z d w a o n g r
m w i t x
t z v z k i n e d r
x l r k r
t z v z n e p e n g
t q r k a l z p e - n g r m q g r
m c l z k r
n a k a b z
n z v z p x n g
m c p x m
n a v z m i b z l e
t q v z - n g r g r
m c t x m
n a v z m i b z l e
m c t r k r
t z v z p x p e b z n g
n a v z m i b z l e
v z - z v z x
t z k r l z p e
t q m c p e x
n z y c m n e k r b z
r p i o b z l e
m c l x n g
a e l w a p x
t q p i m e
t q v z p x p e
t q v z - n g r g r
r p i - m o u p q l e
t q m c p e x
t q v z - n q b l q n e n e
t z n g r l r k i o p e l r
t z l v c m l r
n z r p i m l r
m c l x
n a v z n g
t q v z p e x
n z v z p e - k r d r
m c t r k r
n z v z - z v z b z n g
n z v z - k z n g
t q v z t r - m o p w z k r
t q v z t r - m o p w z k r
n z v z - k r m
t q p i m e
n z v z - z v z b z n g
r p i l e
t z v z - n g r
v z m i m q
t z v z p e
t q r p n a - n g r m
n z r m c t i l r
t z v z o p e n g
v z - z v z x
v z m i o l e
t q v z p e m
t q m c p e l e
t z v z k i n e d r
v z p e m
t q v z p x p e
t q n g i
n z r p i b z
n z r m c t i l r
t q v z - n q b l q n e n e
t q p i p e m
m c l x
t q v z t r - m o p w z k r
n a v z n g
t q m r l z p e
t z v z p x p e b z n g
t q y r n i p e x
n a v z b z
t z v z - n g r
t q v z b o
n z v z k a i - k r g r
n z v z p e - k r d r
t q v z - n g r g r
t q p i b z k r
n z v z k a i - k r g r
n z r p l a m e i t i - k r d e
v z k i m l e
n z m n c - k r d r
n z v z n e p e l r
v z p e m
n z v z - k z n g
t z v z o p e n g
n z v z k a i - k r g r
t z v z n e p e n g
n z v z p x b z n g
t z v z p e
t q m c p e k r
k c m a n g
n z r m c t i l r
d w a - r b r l z - n g r m q g r
n z v z p e n g
t q m c p e l e
d w a - r b r l z - n g r m q g r
n z v z - k r m
t q v z m i t r p e l e n g
n z v z - k r n g e
n z r p i m
t q v z m i t r p e b z l e
n a p i t r - m o u p o
m n c p e x
m c t r k r
v z t r l e
