n a y a p w x t i b o
n z v z - k r n g e
v z p x b z k r
t q m c p e l e
n z m c t x p w z
t r v z n e - k a k r
m w i t x
n z v z p x n g
n z v z p x b z n g
v z m i m q
n z v z - k r m
t z v z p x p e b z n g
n z m u - k r g r
n a p i t r - m o u p o
v z x
n z v z k i o l r
n z v z p x n g
n a p i t r - m o u p o
n z v z - k r n g e
n z w z t r n g
n a v z m i b z l e
n z m n c l z b z n g
m c l x n g
n z v z
m n c l z - n g r m
t u t i p x - n g r m
t z v z p x p e b z n g
t z v z k i n e d r
m c l x
n a m n c - k a p q n g r
n z v z - n g r m l r
n z v z - k r b z k r
t q p i p e m
t u t i p x - n g r m
t z v z o p e n g
n z v z - n g r m l r
t q v z p e b z
n z v z - k r b o
t q m u - n g r g r
t r v z n e - k a k r
t z v z p e
n a v z m i b z l e
n a m n c n e - n g r g r
v z t x
v z m i m q
n z v z - z v z b z n g
n z v z p x n g
n z v z p x b z n g
n z r p i b z l r
n z o - k r m
t z m w i - n g r d r
t q v z p e b z
t q y r p u p x
n z v z - k z n g
t q v z b o
v z x
v z p e m
t q v z p x p e
v z p x b z k r
t q v z p e m
m n c t i k r
d w a l z m g r
n z v z k i l r
n z v z - k r b o
n a v z n g
t q v z p e
n z m c t x p w z
n z v z - k r b o
t z r m c t i p e l r
n z w z k r
a b r t z l v z k r
t z v z - n g r
n a v z n g
n z o t i p e - k r m
n z m c k r
t q v z m i t r p e b z l e
n z m c t x p w z
t r v z n e - k a k r
t q p i b z
t q v z p e
v z k i m l e
t z y c m n e - n g r p e m l r
n z p r p x - k r d r
r m c t i - n g r g r l e
t z v z p x p e b z n g
n z v z - k r n g e
t q m n c
t z v z p e
n z v z
t q v z b e
n z v z b z n g
m c p x m
t q v z t r - m o p w z k r
n z v z - k z n g
n z w z t r n g
n z v z p e n g
t r v z n e - k a k r
n a p i b z k u
n z v z n e p e l r
n a p i t r - m o u p o
n z v z - k r n g e
t q v z p e x
n z k a l z m l r
t r v z n e - k a k r
n z v z - k r m
t q t u n e p w z
n z v z - z v z b z n g
r p i l e
v z m i o l e
t z v z p e - k a i n g
n a p i t r - m o u p o
v z p e m
n z v z p e n g
t z m n c t x - a l o p e n g
n z v z
n z v z n e p e l r
n z v z - k r b o
t z v z p e - k a i n g
d w a t r k r
v z - z v z x
r m c t i - n g r g r l e
y c m n e p e
t z v z n e p e n g
n z v z - k r m
n z r p i b z l r
t q a s u l e
n a v z n g
t q v z p e
v z - z v z x
v z m i m q
v z x
n a v z b z
m c p o
t z v z o p e n g
n z v z p x n g
o b q p x k r
t z v z o p e n g
t q v z p e m
t q w a i p e x
v z t r l e
n z v z p e n g
n z v z - k z n g
n z r p i b z l r
n a v z b z
v z p x b z k r
n z l v c n g
n z v z p e - k r d r
t q v z - n q b l q n e n e
t z y c m n e - n g r p e m l r
t q v z p e
t u o m
v z m i o l e
t z v z p e - k a i n g
m c t r k r
m c p o
n z v z k i o l r
n z a t u p x - n g r m
n z v z p e - k r d r
v z - z v z x
n z v z n e p e l r
n z v z k i o l r
n z v z - k r b z k r
n z m c t r
m w x l r - n g r g r
t q m c p e
n z m c k r
n z y c m n e - k r b z l r
t q v z m i t r p e b z l e
v z - z v z x
t q m c p e x
v z p e m
n z v z - k r m
n z v z b z n g
t q v z t r - m o p w z k r
n z v z n e p e l r
n z m c t r
t r v z n e - k a k r
n z v z p x n g
t q r p i p e x
t q v z p e m g r
n z v z p x b z n g
t z v z k i n e d r
v z x
t z v z - n g r
t q v z - n q b l q n e n e
t q v z m i t r p e b z l e
t q p i m e
t z v z p x p e b z n g
n a v z b z
m n c - m i p e - a m u
t q v z t r - m o p w z k r
v z p e m
t z v z - n g r
n a v z b z
n z y c m n e - k r d e
m c p o
v z m i o l e
t q m n c - n g r d e
n z v z k i l r
t q p i p e b z l e
t q v z p e b z
n z v z - k r b o
n z v z p x n g
n z v z k a i - k r g r
t u o m
t q v z - n q b l q n e n e
n z v z - z v z b z n g
t q v z m i t r p e b z l e
v z p e m
t q v z b o
t q v z p e m
n z v z - n g r m l r
t q r m c t i p e k r
k x l i
t q v z b o
n z v z p e - k r d r
t q m c p e x
t q v z p e m
t q p i p e b z l e
v z t x
t q v z m i t r p e l e n g
n z m n c p e n g
n z v z p e - k r d r
e s z ' t i
n z v z
n z v z t r n g
v z m i o l e
r m c t i l e
t q v z - n g r g r
t q v z m i t r p e l e n g
v z t x
n z v z - k r b z k r
v z m i o l e
d w a t r k r
v z k i m l e
v z p x b z k r
v z m i m q
n z v z p e - k r d r
t q v z p e
t q v z p x p e
n z v z b z n g
v z p x b z k r
m c p x m
n a m n c - k a p q n g r
t q m w i - n g r g r
n z v z b z n g
n z v z
t z v z p x p e b z n g
n a v z n g
n a v z m i b z l e
