n a n g i
n z m z l r p i - k r n g e
n z w z - k r g r
r p i - r d e
n z v z b a t r - k r b z l r
t q v z p e b o
m e i t x t a t x p x
t z m w i p x - n g r m l r
t q o t i t r p e m l e
t q y r k e l v z x
t q w a i k i
n z g l q l z m l r
r p w a ' - n g r b o
t o p w z t r
t z r t w z t i n g
e t u n e p x - z v z l e
n z k a t x - k r b z l e
n z n g r l r p x - k r m g r
t z s i k l u p x - n g r m l r
n a i p q p x n g r
v z d e
t r m c w x u
m e l z m c
s c d r
t q p r t z
n z d w a t r - k r g r
n a n e n g
k r l z p e k r
d r t w r n g e l e
y c t x o p e
t q y c o n g r
m c p z
t q a m r l z
t q a s u p e
t r k r c l u u
m w i t x
t q v z p e - k z x
n z a n i t x p w z
t q w x b u p x - n g r m
n z b z - k r g r
m w i t x
n a m c k r
t q v z p e - k z x
t q m c p e k r
t q v z p e x
l x e n g e
t q m c t i a m u
t q v z p e x
t w z l e
y o l x o m a m u
t q m c p e
t q r m c t i p e k r
k q l u t x
t q v z p e x
t q m r b r
n a m r l z
t q m c p e k r
p r t r p z
t q v z p e x
m w i t x
n a a g l q b z l r
n z v z - z v z b z n g
n z w z - z l w z - k r g r
t q v z p e
t z y a p x p e n g
t q v z p e
t q v z t r p e k r
t q v z p e
v o k r
t q v o t i t r p e m l e
t z v z p e
t q w a i p e x
t z v z p e
v z p e m
n z v z
v z x
t q v z p x p e
t z y a p x p e n g
m w x l r t x - z l w z k r
t q v z p x p e
t q v z p x p e
v z x
t q v z p x p e
t q v z p x p e
t q v z p x p e
t q v z t x p e
t q v z p x p e
v z x
t q v z p x p e
t q v z p e m g r
t q v z p x p e
v z x
t q v z p x p e
t q v z p x p e
t q v z p x p e
t q v z p e m g r
v o k r
t q v o b e
v z t x
v z t x
t q v z b o
n z v z p e n g
v z t x
n z v z p e n g
t q v z p e b z
v z t x
v z t x
v z t x
n z v z - k r b o
v z t x
v z t x
n z v z p e n g
t q v z b o
t q v z p e b z
v z t x
v z t x
t q v z b o
t q v z b o
t q y a g o x p e
t q v z b o
t q v z b o
t q v z p e b z
v z t x
t q v z b o
t z v z p e - k a i n g
t q v z b o
t q m c p e l e
t q v z b o
k x p w x
t r v z k r u
t q v z b o
t q p i p e m
m c t r k r
t q v z b o
n z v z p x n g
t q m c p e l e
t q m c p e l e
n z v z p x n g
t q m c p e l e
t q m c p e l e
b z t i p e d e
n z d w a o n g r
t q m c p e l e
k x k q l u
t q m c p e l e
e t u t x
t z v z o p e n g
n z v z - k z n g
t z v z o p e n g
n z v z - k r m
t z v z o p e n g
t q t u l z
n z m c
n z v z - k r m
n z v z - k r m
t z v z o p e n g
n z v z - k r m
t z v z o p e n g
t z r m c t i p e l r
n z v z - k r m
n z v z - k r m
n z v z p e - k r d r
t z v z o p e n g
n z w z k r
m n c p e x
t q m c p e l e
t z v z o p e n g
t z v z o p e n g
t z v z o p e n g
t z r m c t i p e l r
v z - z v z x
n z v z - k r m
r g l q k r
t z v z o p e n g
n z d w a o n g r
t z v z o p e n g
t z v z - n g r
t z v z o p e n g
t z v z o p e n g
v z - z v z x
n z v z p e - k r d r
t q v z - n g r g r
t z v z - n g r
n z v z - k r m
t z v z o p e n g
n z m c k r
n z v z - k r m
v z - z v z x
v z - z v z x
n z v z - k r m
t z v z - n g r
n z v z p e - k r d r
n a k q t x o m
n z v z - k r m
v z - z v z x
n z v z - k r m
t z v z - n g r
m n c p e x
t q y r k r p e n g r
v z - z v z x
v z - z v z x
t z v z o p e n g
m c p x m
v z - z v z x
m n c p e x
v z - z v z x
v z - z v z x
m c t x m
m n c p e x
n z v z - k r m
n z v z - k r m
n z d w a o n g r
v z - z v z x
n z d w a o n g r
t z v z n e p e n g
t z v z p e - k a i n g
t q o b q t r p e
t q p r t r p e b z k r
m n c p e x
n z v z - k r n g e
t z v z n e p e n g
n z v z b z n g
m c p x m
n z m n c p e n g
n z m n c p e n g
n z v z - k r b o
t q p i b z
n z m n c p e n g
t q p i b z
n z d w a o n g r
v z - z v z x
t z v z p e - k a i n g
n z v z - k r b o
n z v z - k r b o
t z v z n e p e n g
n z v z - k r b o
n z v z k i l r
n z v z k i l r
m c t x m
n z v z - k r b o
n z m n c p e n g
n z m n c p e n g
t q p i b z
t q p i b z
t z v z n e p e n g
n z v z - k r b o
n z v z p x b z n g
t z v z n e p e n g
m c t x m
n z v z p x b z n g
