m c t r k r
d w a t r k r
t q v z b o
m n c t i k r
r p i o b z l e
n z v z - n g r m l r
m c l x
t r v z n e - k a k r
t z m n c - n g r d r
t q r p i b z l e
n z v z
n z m n c p e n g
n z a b r t z l v z l r
t q a s u l e
n z y c m n e k r b z
n a v e x
t z v z p x p e b z n g
r p i o b z l e
t q n g r l r p e k r
n z v z k i o l r
t z v z - n g r
t q x n g i - a t e b z k r
v o m l e
t q v z p e m
n z v z n e p e l r
d w a t x t r x
t q y r k r p e
t q y a p w x t i p e m l e
n z t w z t r k r
n z m c k r
v z t r l e
n z r p i b z
t q m n c
m e i t x t a t x p x
n z d w a t r - k r d e
n z v z k i o l r
n z v z b z n g
b z a m u
n z a b r t z l v z l r
t q o t i m l e
v z m i m q
d w a - r b r l z - n g r m q g r
t q m w i - n g r g r
t q a b r t z - z v z - n g r g r
t q r p i p e b z
t q m c t i k u n g
t q k r l z - a t e b z k r
n z d w a t r - m o u - k r g r
n z v z - z v z b z n g
n z v z - n g r m l r
d w a s x p x - k z p q g r
t q v z p x p e
n z v z p e n g
t z r t w z - k z n g
t z l v c l z p e - n g r d r
t q n g r l r l z p e
n z v z - k r b z k r
n z v z p x n g
n a m n c - k a p q n g r
t q v z b z k r
r m c t i l e
r n g i - b a t r p q
n z m n c l z b z n g
m n c p e x
t q p i p e m
n z v z p e - k r d r
p i b z l e
t z r k a l z p e m
n z v z n e p e l r
t z r m c t i p e l r
t q n g r l r p x p e m
t r t q w z p e u
n z y r l q
p n a t i k r
n z r p i m l r
r p i l e
v z m i o l e
n z e t u p e - k r n g e
r p i o b z l e
n z m c p x b z l r
t q t r k a p e m
t q k r l z l z - a t e b z k r
n z d w a t r - m o u - k r g r
m c l x n g
v z p e m
n z y a l z - k r g r
e l a
n a v z n g
n z m w i p x m
r m c t i - n g r g r l e
n z a l v z t r n g
v z t x
n a p i p x - l z b q n g
t z v z p e
t z v z o p e n g
t q o t i p e l e
m n c - m i p e - a m u
t q v z m i t r p e b z l e
k r l z p e b z k r
v z t r n g r
v z x
t z v z - n g r
r p i o b z l e
t q v z m i t r p e b z l e
t q a y r n i p e
n z r l a s z - a t e - k r d r
r g l q p x k r
t r v z n e - k a k r
m c l x n g
n z a b r t z l v z l r
n z v z k a i - k r g r
s c m
v z p x b z k r
m c p o
n z d w a t r - k r d e
n z k r k a ' p x - k r m l r
p i b z l e
k x n z n g q
y z l u m c
n z r p i - a n i - k r m l e
r p i l e
n a m n q q
n z a t o l w a - n g r n g
n z v z k i o l r
m c p x m
n z v z - k z n g
t q v z t r - m o p w z k r
t q r p i b z l e
t q v z t r - m o p w z k r
t q v z p e m
t q t u l z
t q v z p e m g r
t q v z b o
t q v z p e - k z x
n z t u n g r
t u l z m c
v z t x
a t u t r p e l e
t z v z p e
v z m i m q
m n q t i p e l e
r m c t i l e
n z b o m l r
n a k a t x b z l e
t q p i b z
n z r p i b z l r
m n c - m i p e - a m u
t q r p i p e m
n z v z k i o l r
n z v z p e - k r d r
t r t q k a p e p w q l e
t q p i b z
n z v z - k r b o
t q r p n a p e - n g r m l e
v z o
n z v z - k r n g e
m w x l r t i - z l w z k r
s c m
t q v z p e
t u l z m c
t z v z k i n e d r
n z w z k r
n z r p i b z l r
t z y c m n e - n g r p e m l r
n z v z - k r b z k r
t z v z n e p e n g
t z m n c t x - a l o p e n g
t q y a p x p e b z
d w a l z m g r
v z m i m q
t r k r l z - k a k r
v z m i o l e
n z p n a t i - k r b z m u
d w a s x p x - k z p q g r
v z m i o l e
n z y r l q
n a p i t r - m o u p o
m z l i   k c
t q v z - n g r m l e
t q y r k r p e n g r
t q v z p e m g r
n g r d r
n z m c t r
t q t u p x m
t q t u n e p w z
t q v z p e
n z v z - k r m
n z v z b z n g
b z a m u
d w a l z m g r
x l r m l e
n a b z m i p e l e
n a p i t x t r - m o p o
v z k i m l e
n z m c t x p w z
t z v z - n g r
v z p e m
t z v z n e p e n g
n z b z - k r g r
r p i - m o u p q l e
t q p i b z
t q m c p e x
n z r l z - k r b z l e
n z v z - k r b z k r
n z p n a t i - k r b z l r
t q v z p x p e
t u t i p x - n g r m
t z n g r l r k i p e b z l r
t q v z - n q b l q n e n e
v z m i o l e
n z a l v z t r n g
m c t r k r
n z a l v z t r n g r
t q v z p e b z
n z d w a t r - k r g r
v z m i o l e
t z m n c - n g r d r
t q v z b o
t q m c p e x
n a y a - p w z - t i p e x
n z v z n e p e l r
t z v z o p e n g
n z v z p e n g
m c l x n g
t q v z p x p e
t q m w i - n g r n a m u
t q v z t r - m o p w z k r
v z t r l e
t q v z p e x
t r n z y a g o x - k r g r u
n z a b r t z k r
n a v z b z
t q d w a p l r k r n g
n a v z b z
v z t r n g r
t q v z p x p e
n a p i b z k u
n a m w i
v z t r n g r
n z v z - k r n g e
t z t a v e l r
n z v z - k r m
t z m w i - n g r d r
n z v z p e - k r d r
n z v z k i l r
n z a l v z t r p l r
w z t r p o
y r n i - e b i r p e n g
t q o t i - a t e m
a w i t x - n g r b z k r
