t q v z p x p e
t q r m c t i p e k r
d w a t x t r x
m n c p e x
n z d w a o n g r
t z v z - a t e n g
t q v z p e - k z x
m c t x m
t q m c p e k r
y r n i t x
a s u m i p e b o
t q t a b c - z l i n e p e k r
t q y r w i l x
t z m w x l r n g
m n c t x o p w z
t q a s u p e
t q a s u p e
n e d e
v z t r n g r
t q w a i
t q y c n g r
t q n g r l r l z p e
a s u m i p e b o
m c t r k r
r m c t i - n g r g r
t q v z p e x
t q p i b z
t q v z m i t r p e b z l e
n z v z - k r b o
r p i o b z l e
n z r p i m l r
a b r t z l v z k r
t q v z p e
t q y r m
t u t x l z m
t z v z o p e n g
v z m i m q
m w x l r t x - z l w z k r
t q v z m i t r p e b z l e
m r b r l z m
v z t r l e
t z v z - n g r
p i b z l e
n z r p i - a n i - k r m l e
m n c t x p e
t q y r k r t r - a t e m
t z v z k i n e d r
n z r p i l r
v z p e m
t q s i k l u b e - n g r n e
n z v z - n g r m l r
v z t r l e
t q m c p e x
m c p x m
v z - z v z x
t q n g r l r l z p e
n z v z p x n g
r m c t i - n g r g r l e
k x n z y q n g
t z v z p e - k a i n g
o t i b z
n z r k a t x n g r
t z v z o p e n g
v z p e m
n a p i t x t r - m o p o
n z v z - k z n g
t q t z l e
n z v z - k z n g
n z v z b z n g
n z v z b z n g
p i p x - l z b q
t q m c p e l e
n a m n c n e - n g r g r
n a k r k a ' - z v z k u
n a p i t r - m o u p o
v z p x b z k r
t q v z t r - m o p w z k r
p r c k r
n z v z - k r m
t r v z n e - k a k r
t q a b r t z - z v z - n g r g r
n z d w a t r - m o u - k r g r
n z m c t x p w z
k x n z t o p w z
v z p e m
t q v z - n g r g r
n z v z n e p e l r
n z m n c l z b z n g
n z a n g i o
t z v z n e p e n g
n a p i t r - m o u p o
p i b z l e
t q v o t i t r p e m l e
t q v z t r - m o p w z k r
t z m w i p x - n g r m
n z v z - k r b o
n z v z k a i - k r g r
n e g r
n z m n c p e n g
n a p i p x - l z b q n g
t q v z m i t r p e b z l e
n e m u n g
t r n z p i - k r p o ' u
t q v z - n g r g r
t z k r l z p e - a t e l r
n z v z b z n g
b l e t i p x - l x b l r n g
n a d w a p e k r
t q r m c t i p e k r
n z p i l z l r
n z v z p e n g
r m a l e
n z v z p e - k r d r
t q v z m i t r p e l e n g
y c p x
t q p n z ' p e l e
v z p x b z k r
t q v z p e x
n z m c t r
d r t w r d r
d w a l z m g r
t q v z p e
t q m u k r
n z m c k r
k x e t u
n z d w a t r - k r g r
t q p i p e b z k r
n z y c m n e - k r b o
n z v z p x b z n g
n z p n u t i t x
n z a t u p x - n g r m
n a d w a p e k r
n z v z - k r n g e
n a m n c t x p o
m c p o
n z m r l z k r
w z t r p o
n z k r l z m l r
t q v z b o
m n c - m i p e - a m u
x l r b z l e
t q v z p e b z
n z k q o - k r m
n z t u - z v z - k r d e
y r l z t i l e
n z v z
n z w z t r n g
t z p n z - l z b q n g r
t q v z t x p e
t q m n c - n g r d e
n z v z - k r b o
n z v z k i o l r
o t i l e
n z m n c t x p e p w z
t r n a n i b q l e u
v z t r n g r
l a n g
n a w r k x t r
n z m n c l z b z
t z v z p e - m o u n g
t q v z p e
t q p i p e m l e
n z v z - z v z b z n g
n a p i b z k u
r p i l e
t z v z p e
v z p e m
n z v z p x b z n g
n z o b q - k a p q k r
n a n g i
t z m n c t x - a l o p e n g
n z v z n e - k r g r
t u n e p w z
r d r n g
t q v z - n g r g r
t q r p n a l z m
t q y r k r p e
t q m c p e l e
v z t r n g r
t q o t i p e m l e
b z t i p e d e
v z t r n g r
v z t x
t u n e p w z
t q v z m i t r p e l e n g
t q v o t i t r p e m l e
p i t x m l e
t q v z m i t r p e l e n g
v z x
r m c t i l e
t q v z p e - k z x
t q v z p x p e
n z m e l z - k r m l e
t z v z - n g r
t q v z p e m g r
t z t a v e t r l r
t z v z p e - k a i n g
t q p r k i l z m
n z d w a t r - m o u - k r g r
v z t r l e
n z v z p e - k r d r
n z v z
n z w z - k r g r
n z v z - k r b o
t z a n g c p e l r
n z v z - k z n g
t q p i m e
x l r m l e
v z x
t q y a g o x
n z v z - k r m
v z - z v z x
n z v z - n g r m l r
n z b z n g
t q e t u n e p x p e
n z v z - n g r m l r
n z v z p x n g
v z m i o l e
n z n g r l r t r n g
v z t r l e
n z v z n e p e l r
n z r p i - a n i - k r m l e
t r v z n e - k a k r
n z o t i - k r m l e
n a m n c n e - n g r g r
n z m n c p e n g
t z v z p e
n z m c t x p w z
t r n z m c l r u
v z x
m c p z
n z v z b z n g
r p i b o
n a r t a n g r t i k r
t r n z y a g o x - k r g r u
n z v z k a i - k r g r
t z t u l r t r p e m
n z v z - k r m
m n c - e p e l z l e
k c m a
x l r k r l e
n z w z - k r g r
t q v z p e - k z x
v z t x
n a p i t r - m o u p o
n a a g l q b z l r
v z - n g r b z k r
n a v z m i b z l e
t q k r l z - a t e b z k r
n z v z p x n g
