n a y a p w x t i b o
n z v z - k r n g e
k a l z m l e
t r t a k i t r u
n z t u n g r
v z p x b z k r
t q m c p e l e
n z m c t x p w z
m n c - e p e l z l e
t r v z n e - k a k r
m w i t x
r l a s z k r
n z v z p x n g
n z m c p x b z l r
n z v z p x b z n g
v z m i m q
n z v z - k r m
t z v z p x p e b z n g
t z m u p e - n g r d r
n z m u - k r g r
n a - a e n z l i m g r
t q v z p e - k z x
n a p i t r - m o u p o
v z x
n z r t r n g r t i o l r
n z v z k i o l r
n z v z p x n g
n a b z m i p e l e
t q y c n g r
n a p i t r - m o u p o
d w a t x t r x
n z v z m i - k r g r
n z v z - k r n g e
n z w z t r n g
t z m w i p x - n g r m
n a v z m i b z l e
n z m n c l z b z n g
n e d r
m c l x n g
n z v z
m z ~ n i b r
m n c l z - n g r m
t u t i p x - n g r m
m n c t x p e
t z v z p x p e b z n g
t z v z k i n e d r
m c l x
n a m n c - k a p q n g r
n z v z - n g r m l r
k x t o p w z
n z v z - k r b z k r
t q p i p e m
t u t i p x - n g r m
k x p r k i
t z v z o p e n g
n z v z - n g r m l r
n z k q b l q p x - k r m c
n z r p i b z
t q v z p e - k z x
t q v z - n g r m l e
t q v z p e b z
t q v o t i t r p e m l e
e s z ' n e
n z v z - k r b o
n z p i l z l r
t q m u - n g r g r
n z x p e n g r
t r v z n e - k a k r
t z v z p e
n a v z m i b z l e
n a m n c n e - n g r g r
v z t x
v z m i m q
t q d w a p l r k r n g
n z v z - z v z b z n g
n z v z p x n g
n z v z p x b z n g
n z r p i - a n i - k r m l e
n z r p i b z l r
n z o - k r m
t z m w i - n g r d r
t q v z p e b z
t q y r p u p x
n z v z - k z n g
m n r g r
t z o d u t r - l x b l r - m o u n g
t q v z k i p x
t q v z b o
v z x
n z t u n g r
v z p e m
t q v z p x p e
v z p x b z k r
n z v z p x m q n g
t q v z p e m
m n c t i k r
v o m l e
d w a l z m g r
n z v z k i l r
n z v z - k r b o
n a v z n g
t q v z p e - k z x
t q v z p e
t q v z p e - k z x
n a y a - p w z - t i p e x
n z m c t x p w z
n z v z - k r b o
n z m e l z - k r m e
t z r m c t i p e l r
n z w z k r
a b r t z l v z k r
n z m c t x p w z
t z v z - n g r
r n i p e x
n a v z n g
n z o t i p e - k r m
n z m c k r
t q v z m i t r p e b z l e
k c m a
n z m c t x p w z
t r v z n e - k a k r
b z a m u
n a r t w z m
t r n a n i b q l e u
n z d w a t r - m o u - k r g r
t q p i b z
t q v z p e
t z y a p x p e n g
v z k i m l e
n z l z t i n g
n y z d r
t z m n c - n g r d r
t z y c m n e - n g r p e m l r
n z p r p x - k r d r
r m c t i - n g r g r l e
k x n z y a g o x n g
t z v z p x p e b z n g
n a p i p x - l z b q n g
n z a p u s r - k r d r
n z t w z - k r n g e
n z v z - k r n g e
t q m n c
t z v z p e
n z v z
t q t r k a
t q v z b e
t z v o p e
n z v z b z n g
y r b u t i p e n g
m c p x m
t q v z t r - m o p w z k r
n z v z - k z n g
n z w z t r n g
n z v z p e n g
t z m w x l r n g
k x e s z '
n g r d e
t q r t a n g r n e
t r v z n e - k a k r
n a p i b z k u
n z v z n e p e l r
t q v z t x
n a p i t r - m o u p o
n z a l v c - k r g r
n z v z - k r n g e
n z g l q o l r
d w a t x t r x
t q v z p e x
n z k a l z m l r
t r v z n e - k a k r
n z v z - k r m
n z g l q l z - m o u l r
n a n g r l r t r k i
n a p i t x t r - m o p o
t q t u n e p w z
n z v z - z v z b z n g
r p i l e
v z m i o l e
t z v z p e - k a i n g
n a p i t r - m o u p o
k x n a m u
v z p e m
n z v z p e n g
n z r l z - k r b z l e
t z m n c t x - a l o p e n g
n z v z
n z v z n e p e l r
n z v z - k r b o
y a p w x t i - z p w x m a m u
t q r p n a p e - n g r m l e
k x b q g r n g
t z v z p e - k a i n g
t q n g r l r p x p e k r
t z y a p x p e n g
d w a t r k r
n z p n a k i p x - m o u l r
p i p x - l z b q
v o m l e
n z k q l u k r
v z - z v z x
r m c t i - n g r g r l e
y c m n e p e
t z v z n e p e n g
n z v z - k r m
t q a l v c - l z b q - n g r g r
t q o t i p e m l e
n z r p i b z l r
n z r p i b z
n z o t r p z n g
n z y a p w x - k r g r
t q a s u l e
t q m c p e k r
n a v z n g
t q m c p e k r
t q v z p e
t q y r k r p e n g r
v z - z v z x
v z m i m q
v z x
n a v z b z
m c p o
t q m c p e k r
n a p i t x t r - m o p o
t z v z o p e n g
n z k a t x - k r b z l e
n z v z p x n g
o b q p x k r
n a t r k a - z l w z l e
t z v z o p e n g
t q v z p e m
t q a l v c t r - l z b q p e
a g l q t r p q g r
t q w a i p e x
n z k a l z - n g r m l r l e
v z t r l e
t z a o l v z - a t e b z
n z v z p e n g
n z v z - k z n g
n z r p i b z l r
n a v z b z
n a t q n g e
v z p x b z k r
n z l v c n g
n z v z p e - k r d r
t q v z - n q b l q n e n e
t q v z p e - k z x
t q t u p x m
t z y c m n e - n g r p e m l r
t q v z p e
t u o m
