n a v z n g
t z a y o t i
t q y o k a e k r
t z v z p e - k a i n g
t q p n z ' l e
s c d r
r p i - m o u p q l e
t q v z n e - z v z k r
t q y r n i p e x
t r s u k a
t q v z p e m g r
n z a l v z t r n g
t r t e g r n g
t q y a p w x t i p e m l e
n z v z - k r n g e
t z v z n e p e n g
n z v z - k r m
t q w z t i p e l e
n z r p i m
n a v z n g
t q v z p e m
n z v z b z n g
n z v z k a i - k r g r
n z v z k i o l r
v z - m o p w z k r
t q t u p x m
v z m i m q
t q r p i p e m
t z r p i p e l r
b z a m u
v z m i m q
n z v z - z v z b z n g
t q p i b z
t z p r e s i n q n g
n z v z p x n g
n z a l v z t r n g r
t q v z - n g r g r
n z r p i m
n z v z k a i - k r g r
t q p i m e
t q v z p x p e
t q v z t r p e
n z t e l v z l r
v z - z v z k r
y r k r p x b z l e
d w a l z m g r
t q y r p u t i p x p e
m c t x m
n z v z - k z n g
n z v z p e n g
n z l x p l z t x
n a m n c t x p o
n a v z n g
n z v z b z n g
m n c l v z r n g r
n z l i - k r d e
y c t x b z
n z v z - k r b o
t q m n c - l x b l r p e k r
m z l e d e
t z v z o p e n g
t q m w i p e k r
n a m n c - k a p q t r n g
t z x l r o p e l r
n z l r m z t r - k r d e
t q o t i - a t e m
t q v z b o
m w x l r t i - z l w z k r
n z v z - k z n g
t r v z n e - k a k r
t q a l v c - l z b q - n g r g r
n a p i t x t r - m o p o
t q r k a l z p e - n g r m q g r
m n c - k u
n z v z k a i - k r g r
n z v z p e - k r d r
n z v z b z n g
n z m n c - k r d r
l o p x i l e
t z m w i - n g r d r
m c k r
t q v z p e - k z x
r p i o b z l e
n z r m c t i l r
t q p i b z k r
t q v z p e m
n z r k a l z m q n g q
t q v z m i t r p e b z l e
t q p r t r p e b z k r
n z r m c - k r b z
t u p x m
t z v z p x p e b z n g
n z v z - k r n g e
n z r p i m l r
t q m n c - n g r d e
m c p o
r m c t i l e
t q r m c t i p e k r
t q x n g i - a t e b z k r
x l r m l e
t q v z m i t r p e l e n g
n z v z - k r n g e
a l v z t r l e
t q m n c - k a p q n g r
n z v z - k r b o
t z r y z k r n g
n z y c m n e
v z t r k r
t q m n c
t z v z n e p e n g
n z l z t r - n g r d e
y z l u m l e
t z y c m n e - n g r p e m l r
n z r p i b z
t z v z k i n e d r
v z t r n g r
t z r p i b z
t q r p i p e x
m n c p w z k r
n z y r l e t i - k r d e
t z y c m n e - n g r p e m l r
t z v z - n g r
n a v z n g
n z l v c n e - k r d r
n z r m c t i l r
v z - z v z x
n e d r n g
t q v z m i t r p e l e n g
n a l x n g i t i k u
m c t r k r
n z v z - k r m
n z v z p e n g
d w a t r k r
t z k u k i - n g r d r
a p u l e
n z v z k i l r
r p i l e
t q m c p e l e
n a m n c n e - n g r g r
n a v z m i b z l e
t q v z - n g r g r
r l w x k r
n z v z k i l r
t q v z p e x
t q n g r l r p x p e k r
t q a s u p e
n z v z n e p e l r
m c t r k r
a t u t r p e l e
y a p x - z v z k r
v z t r n g r
t q v z p e - k z x
t u t i p x - n g r m
t z m u p e - n g r d r
t q v z - n g r g r
t q r p n a p e - n g r m l e
r p i - r d e
t q v z m i t r p e l e n g
t q p i p e b z l e
n z r p i b z
d w a s x p x - k z p q g r
y r n i - e b i r p e n g
n z v z - k z n g
y r l q t x b o
t z r k a l z p e m
n z r p n a k i p x n g r
n a l i n g
t q v z p x p e
v z p e m
t q v z - n g r g r
v z t x
m c l x
v z k i m l e
d r l z d e
r g l q p x k r
n a p i t x t r - m o p o
t r n a n i b q l e u
t z p n z - l z b q n g r
t u p x m
r g l q p x k r
n z r p i l r
t z l v c l z p e - n g r d r
m n c p e x
n a m n c - k a p q n g r
n z v z - k r b z k r
t z v z p x p e b z n g
t q v z m i t r p e b z l e
m n c l z - n g r m
n z r k a t x n g r
v z m i o l e
o t i m
t z v z o p e n g
t q y c n g r
n a v z b z
t z l v a b e t r p e b z
t q v z - n q b l q n e n e
n a v z m i b z l e
t z l v c l z p e - n g r d r
n a m n c t x p o
d w a t x t r x
n z m n c - k r n g e
t z v z n e p e n g
v z k i m l e
m n c m i b z l e
n a a g l q p e k r
y c p x
n z v z - z v z b z n g
v z x
n z v z n e p e l r
t z v z n e p e n g
n z v z p e - k r d r
t q y r p u t i p x n g r
t q v z p e m
t z a n g i o l r
t q v z k i l z m l e
v z - z v z x
v z t r n g r
v z m i m q
y r p l a b r t q p e
n z v z p x b z n g
n z p c t i k r
n a v z m i b z l e
n z m c t r
n z o b q p x b z
n z r k a t x n g r
n z v z
t r v z n e - k a k r
n z v z b z n g
n z v z p e - k r d r
m n c - e p e l z l e
n z w z - k r g r
n a v z m i b z l e
t q p n z ' b q p e l e
t q v z t r - m o p w z k r
v z t r l e
t q r p i - n g r n
l v c - a l z u p q
t a k i t r t x p w z
n a k r k a ' - z v z k u
t z v z o p e n g
n z v z - k r b o
v z b z k r
t q v z p e m g r
n z b z s z n g
m n c - m i p e - a m u
m n c - m i p e - a m u
t r v z n e - k a k r
v z x
t q m c - a t e k r
n z m c t r
