v z t r l e
m c t x m
t r v z n e - k a k r
t q v z b o
n z v z b z n g
m w i - l x l r t x p w z m u
t q m c p e x
n z v z k i l r
n z v z - k r b z k r
n z v z p e - k r d r
n z v z - k z n g
n z m c p x
r k a l z m
t z m n c t x - a l o p e n g
n a m n c t x p o
v z m i m q
v z t r l e
t q y r n i t x p e
t q p i b z
v z k i p e m l e
t q v z m i t r p e b z l e
m n c - e p e l z l e
n z p c t i k r
v z m i o l e
n z n g i - k r d r
n z m c t r
t q w x b u p x - n g r m
t u t i p x - n g r m
n z v z n e p e l r
t z v z p x p e b z n g
t q m n c - l x b l r p e k r
t q v z - n g r m
v z x
m n c l v z r n g r
n z t c n g r l z k r
t q p i b z k r
o t i l e
n z r p i m
n z v z - k r n g e
n z m c t x p w z
r k a t r p q
t z v z p e
g l a l z l e
t z v z k i n e d r
n z v z k i l r
n z v z - k r b o
v z - n q b l q m
t q m c p e x
n z v z b z n g
n z l v c n e - k r d r
n z v z k i o l r
y a n e - z v z k r
n z v z n e p e l r
t q v o b e
t w z q
t q a m r b r t r p e l e
t q v z p e m g r
t q m w a p e
t q n g r l r l z p e
n z v z k a i - k r g r
m n c p e x
n a v z m i b z l e
n z a b r t z - z v z n g r
t q v z - n q b l q n e n e
n e d r
t q v z p e m g r
t q l x n g i t i - a t e x
n z y c m n e k r b z
n z r m c t i n e d r
v z m i m q
v z t x
t z r t w z t i p e - k z n g
t r s u k a
n z v z - k z n g
t z l v c m l r
n z v z - z v z b z n g
n z v z b z n g
k x t r k a
n z r p i m
t q v z p e - k z x
l i t x t r
t q m c p e k r
m c t x m
n z v z - k r b o
t q a l e x
t z p n a t i b z l r
k r l z m g r
t q v z m i t r p e b z l e
t q m n c - n g r d e
y c - n r b a l q
n z v e c k r
t q t w z p e b z l e
v z t r n g r
n z v z k i o l r
n z v z p x b z n g
t q t u l z
m c p o
t q v z p e
n z v z - k r n g e
n z v z - n g r m l r
p w x p w z
t q v z p x p e
t q w z t i p e l e
t q v z p e m
t r v z n e - k a k r
v e c l e
n z b a o - k r d e
s c g r
n z x l r - k r g r
n z v z k i o l r
n a b z t r k i
t q v z p e x
t q v z m i t r p e l e n g
t q l u - n g r g u
n z o b q p x b z
n z d w a t r - k r g r
o t i m
t q m n c
t q v z p e x
t q v z - n g r g r
n z v z - k z n g
r p i o b z l e
n z r t a n g r t i - k r d r
n z b z t i - l x b l r n g
t q n g i
m c l x
n a v z m i b z l e
n z y c m n e - k r n g e
d r t q n g e
t z r t a n g r p e
t z v z o n g
n z v z p e n g
n c b l o   k c
n a y a p w x t i m l e
n a r l x t r p z k r
m w x l r t i - z l w z k r
t z a n g i o l r
v z - z v z x
t q v z p e m
k c p e
x l r b z l e
n z v z n g r
v z - z v z k r
n z v z k a i - k r g r
m w i t x k r
n z v z - k r b o
t q v z - n q b l q n e n e
t q v z p e m
n a v z m i b z l e
t q v z - n q b l q n e n e
t q m u - n g r g r
v z m i m q
t q v z t r - m o p w z k r
t q v z p e - m o u k u
n a m n c - k a p q n g r
t q v z - n q b l q n e n e
n z r k a t x - k r d r
n z w r d e
n z v z k i o l r
n z v z - r b r - k r d r
n z g l q o l r
n g r l r m i m l e
n e d r n g
m c l z k r
t q m n c - n g r d e
v z t r n g r
a l v z t r l e
k a m
n z v z b z n g
y r l q t x - m o u x
v z x
n z v z
n z v z p e - k r d r
t z l v c n e n g
t q p i p e b z l e
t z v z - n g r
a b r t z l v z k r
v z m i m q
t q v o t i t r p e m l e
n z v z
n z v z n e p e l r
t q t u n e p w z
t q l u x
t q p r t r p e b z k r
t q k r l z - a t e b z k r
t q m n c - k a p q n g r
n a p i t r - m o u p o
v z x
n a p i b z k u
t q v z p e m g r
r k a l z m q g r
n a - a d r v r - n g r b o
t q r k a b z
n z w z k r
t q v z - n q b l q n e n e
n z w z t i - k r b z l e
a t u l z n g r
t z v z p x p e b z n g
t q v z m i t r p e b z l e
d r k a ' n g
t q y a p x p e b z
t q v z p e m g r
n a v z n g
t z v z p e - k a i n g
m n c t i o m g r
n z m w i p e - k r n g e
m c p x m
n z v z - k r b z k r
m c p x m
t q v z - n g r g r
n z v z n e p e l r
k r l a
n a n g r l r k i t r l r
v z k i m l e
n z y c m n e
n z v z p x b z n g
a s u m i p e b o
p l a m e i t x d e
n z r p i - a n i - k r m l e
n z m c p x
n a l i
t q v z p e b z
t z m n c t x - a l o p e n g
t q m n c - n g r d e
n z y a l z - k r g r
n a v z n g
n a v z b z
m c p o
t z m n c - n g r d r
n z t u - z v z - k r d e
n z v z p e n g
n z p r t r - k r n g e
v z m i m q
n z v z k i l r
n z m c t x p w z
t z v z n e p e n g
n z a l v z t i n g
m n c l v z r n g r
t q p i b z
n z a o l v z b z l r
t q m n c
n z a b r t z n g r
t q v z m i t r p e b z l e
t q v z m i t r p e b z l e
r p i - m o u p q l e
v z t x
n z m u - k r g r
t r v z n e - k a k r
n z g l q o l r
n z v z p x b z n g
