v z t r l e
t z v z p x p e b z n g
t z v z k i p x l r
m c t x m
t z s i k l u t i
t q t u p x m
t q n g r l r p e k r
t q m n c
n z v z n e p e l r
v z - z v z x
n z m n c l z b z
n z x p e n g r
n z y c m n e k r b z
r p i b z
t z y c m n e t r p e - n g r d r
k x t o p w z t i n g
t q p i p e m
n z v z - z v z b z n g
n z v z k a i - k r g r
n z y c b l q n g
t q v z p e m
n a r l a s z p e l r
r m c t i p e k r
r m c t i - n g r g r l e
y z l u m l e
t q d c p e
n z v z k a i - k r g r
t z v z - n g r
y z l u m g r
t q y r k r k i p x l e
t q v z o p e k i
n z g l q o l r
t z v z n e p e n g
r g l q k r
v z p x b z k r
v z x
n z m c t x p w z
a w i t x p e
t z v z - n g r
n z v z - z v z b z n g
v z x
m c t r k r
t z l v c n e n g
t q a l e x
n z a y c n g r l r t i k r
t r m w x l r k r u
n z y a p w x - k r d r
t z v z k i n e d r
t z a o l v z - a t e b z
k q l e p e l e
n z w z k r
t z v z k i n e d r
t r v z n e - k a k r
n z r m c t i l r
n z o l v x t i - k r d e
t q v z p e m
n z l v c p e - k r d r
n z n g i - t r p e n g r k r
r p i o b z l e
d w a l z m g r
m c p x m
n z v z - n g r m l r
t z v o p e
t q v z p e - k z x
t q v z b o
t q v z p e m
t q w r k x t r - n g r g r
t q v z p e b z
n a v z n g
v z k i m l e
r n i p e x
t q w x b u p x
t q v z b o
n z p r p x n g r
t q y r k r t r - a t e m
n z d w a t r - k r d e
t q m c p e l e
n z v z p e - k r d r
m r l z p e
r p i m
n z v z
t q p i b z k r
n a v z n g
t q x p l r
n z v z - z v z b z n g
n z v z - n g r m l r
n z p r t r - k r n g e
m w x l r t x - z l w z k r
n z v z - k r m
t q r p w a ' - n g r b z m e
t q v z p e - k z x
n z v z - n g r m l r
k r n e d r
r m n r - n g r b z
n z p n a t i - k r b z m u
n z v z d z m q n g
v z p x b z k r
r m c t i - n g r g r l e
n z v z - z v z b z n g
e s z - k r d e
t q a s u p e b z
t q v z - n q b l q n e n e
v z m i o l e
t q v z p e
t q m c p e x
t r n g i u
n z v z k a i - k r g r
n z y c m n e - k r d e
t q m c p e l e
n a p i t x t r - m o p o
n z r p i l r
n a l i
t r t q w z p e u
m c t r k r
n a v z b z
t r t a k i t r u
t q a m r l z
t z v z k i n e d r
t q v z m i t r p e b z l e
t z v z k i n e d r
n z l x n g i t i - k r d e
n z v z
n z v z k i o l r
t q v z p e - k z x
t q m c p e l e
t z v z p e
m n c - m i p e - a m u
t q v z - n g r g r
v z - z v z x
v z t r l e
n a k a t x b z l e
t q r p i b z l e
n z r m n q t x n g
t q v z p e x
n g r g u
t q v z p e x
n z y c m n e - k r m
m c p o
n z v z - k r b z k r
n a r b o m p e n g
n z v z n e p e l r
n z a t u p x - n g r m
m c p x m
p n z ' - m o u l e
t z v z - n g r
v z t x
t z v z p e - k a i n g
t q n g r l r p x p e m
n z w r d e
n z a b r t z k r
n z l x n g i t i - k r g r
t q r m c t i p e k r
t q v z p e m g r
t q m w i - n g r n a m u
n a v z m g r
r m c t i l e
t q m r l z - n g r d e
n z v z k a i - k r g r
m n c t i k r
t q v z p e - k z x
m n c l v z r n g r
n a v z b z
y z l u m g r
t q a s u p e
t q m c p e x
t z n g r l a p l x
t z m a t q
k c m a
n a n g q d r
n a b z t r k i
n z v z k a i - k r g r
t q w q p e
t q m c p e x
t q v z p x p e
t q v z b e
n a v z n g
a m i n g r p e k r
t z l v c m l r
v z t r n g r
n z v z p e n g
t q y r k r p e
t q v z b o
t z l v c - a t e n g
t z v z k i n e d r
r k a l z m
n z v z p x b z n g
v z m
t q a b r t z - z v z - n g r g r
n z v z k i l r
t q n g r l r p e k r
n z v z - n g r m l r
d w a - r b r l z - n g r m q g r
t q o t i m l e
t q v z m i t r p e l e n g
m n c t x p w z k r
t q o b q t r p e
n z v z o - n g r m
t q v o t x - n g r p w z
n a n g i t x p w z
n z r p i m l r
n a v z m i b z l e
n z v z k a i - k r g r
n z v z k a i - k r g r
n z m c k r
t q y r p u p x
n z v z k a i - k r g r
n z v z - k r b o
t r r l r - n g r p l e u
n z v z - n g r m l r
r p i o b z l e
t q v z p x p e
n z v z n g
n e n g e n g
t q v z p x p e
n z r p i b z l r
n z v z p e n g
y c p x
t q m c t i p e k r
t q m c p e
t r n z p i - k r p l e u
n a v z m i b z l e
t z m n c t x p e n g
t z v z p e - k a i n g
r p i b z l e
t q n g r l r p x p e m
t q v z - n q b l q n e n e
d w a s x p x - k z p q g r
t q m c p e x
t q m r l z p e
m n c - e p e l z l e
v z - z v z x
n z v z b z n g
n a m c k r
t z v z o p e n g
n a y c t i p x m
t z v z o p e n g
t q m w i - n g r g r
n z v z n e p e l r
n z v z b z n g
t q v z t r - m o p w z k r
n z y c m n e - k r b o
t q t r k a ' n g r
n a v z m i b z l e
n z v z
t z v z p x p e b z n g
n z m n c l z b z n g
n z m n c l z b z
y r n i p e
n a v z b z
n z v z k i o l r
