m n c t x p w z k r
t z v z p e - k a i n g
n a r l x t i t x - p w z k r
m w i t x
t z v z k i n e d r
n a m n c n e - n g r g r
m c l z k r
m n c l z - n g r m
n z v z k a i - k r g r
a t u l z n g r
l c d e p w z
n a o k i l r
t q v z p e b z
t q v z b o
n z v z p e k r
t q v z - n g r g r
v z m i m q
t q v z b o
t r k q o p q l e u
n z a b r t z k r
a y c n g r l r - a l o l e
n z r p i b z
n z v z - n g r m l r
t q v z p e - k z x
t z v z k i n e d r
n a a g l q b z l r
n a k a t x b z l e
m c l x n g
n z a c l v e - k r b o
n z k q l u k r
v z m i m q
v z t r n g r
n z v z - k z n g
v z - z v z x
r k a m
n z v z - k z n g
n a r l x t i b z m e
m c p x m
v z t r p z
t q k i p o p e
m w a k r
n a m n c - k a p q n g r
n z v z - k r n g e
n z v z - n g r m l r
t z v z - n g r
n z t u - z v z - k r d e
k z t e d e
n a r l z
t q y r p l a t r n g r
t r n z p i - k r p o ' u
m c t x m
n a v z m i b z l e
n z b z s z n g
v z m
n a v z n g
n z m u - k r d r
t z p x i b e n g
t z r m c t i p e l r
v z t r n g r
n a y a g o x n g
t r t e d e
n e g u n g
t q p i p e b z l e
n z v z - k r b z k r
n z o p x - n g r m
n z y c m n e k r b z
n a v z n g
m n c t i k r
n z m n c l z b z
t z v z p e - k a i n g
t q v z m i t r p e l e n g
n a p i p x - l z b q n g
n z r p i l r
n z v z - z v z b z n g
t q v z p e
t q p i p e m
t q v z p e m g r
r y a p w x - z v z k r
y a p x - z v z k r
n z w z t i - k r b z l e
t q y r p u t i p x p e
t q r p i - n g r n
t z v z k i n e d r
n a r l r - n g r m e
n z d w a o n g r
n z r p i l r
r l i l r m u
n z v z - k r n g e
n z n g r l r m i p x b z l r
t z v z p e
m w i t x
m n c - e p e l z l e
n a m n c t x p o
t z m r g e p e n g
n z a b r t z - z v z n g r
v z m i m q
k x e t u
n a v z n g
k q l u t x p e
n a a g l q b z l r
t z v z p e
n z v z - k r m
v z t r n g r
t z v z o p e n g
t q v z p e b z
n a m n c - k a p q t r n g
v z t x p e - n g r d e
n z r p i l r
t q m c p e l e
a m r b r t r l e
n z m n c l z b z n g
t r v z n e - k a k r
n z v z k a i - k r g r
t z m n c - n g r d r
y c m n e k i m l e
n z r m a l v z - k r g r
t z n g r l r k i o p e l r
n z a t u p x - n g r m
n a n g i p e
t q r k a l z p e m g r
n z v z p e n g
t z y a p w x t i p e b z l r
a b r t z l v z k r
d w a l z m g r
n a b o m l r
n z t u - z v z - k r d e
t z v z k i n e d r
t q m w i t x p e
n z v z b z n g
v z x
n z m c p x
n a p i t r - m o u p o
t z v z o p e n g
n z - z p q t r - k r d r
r p i - m o u p q l e
n z v z k i o l r
w z t r p o
t z v z - n g r
v z m i o l e
v z p x b z k r
n z m c t r
t q v z p x p e
t q y c m n e - n g r g r
t q m c p e l e
t q t o p w z b e - n g r n e
t z v z p x p e b z n g
n a v z n g r
t q v z p e m g r
n z l x n g i t i - k r d r
n z r p i - a n i - k r m l e
n z v z - k r n g e
t q d w a p l r k r n g
n e m u n g
v z k i m l e
n z r n g i s c - k r d e
r m c t i p e k r
n a e s z ' m z n g
t r n z y a g o x - k r g r u
t q n g r l r p x p e k r
t q n g r l x o p e
n a p i p x - l z b q n g
m n c - e p e l z l e
t z l v a b e t r p e b z
t q v z m i t r p e l e n g
v o k r
t q p i b z
n z v z - z v z b z n g
p i b z l e
n z y a l z - k r g r
t q m z b l q p x m
n e d r n g
t z v z k i n e d r
t q v z p e - k z x
n z r p i l r
t z v z p e
n a e s z ' m z n g
m c p x m
t q m c p e k r
t e k a t r t x b z l e
n z r p i l r
t q v z p e b z k r
n z v z p e n g
k x n z s i k l u
o t i b z
t q r p i - n g r n
t q m c p e k r
n a k a b o
t q p i m e
n z m c p x
t z s i k l u t i
n z k r l z m l r
a t u l z n g r
n z r p i b z l r
n z v z - n g r m l r
n z v z k a i - k r g r
o t i - k z p z l e
n z m c t r
t q m n c - n g r g r
t q m n c t x p w z k r
a s a n e
t q v z - n g r g r
n a a g l q p e k r
t q v z p e m
n z m n c - k r d r
r p i o b z l e
m n c t i k r
t q v z p e x
v z p x b z k r
k x t o p w z n e
t q v z m i t r p e l e n g
n a m n c n e - n g r g r
t q m n c - l x b l r p e k r
t q v z b o
n z v z k a i - k r g r
n z p n a t i - k r b z m u
t z v z o p e n g
t q m u - n g r g r
t z v z o p e n g
n z v z p x n g
t q m z n r p e
m z l w e n g
t z v z p x p e b z n g
m c l z k r
n a v z n g
t q r p n a l z m
n z v z b z n g
n z v z n e p e l r
t q n g r l r p e k r
n z d w a t r - k r g r
t q v z m i t r p e l e n g
v z t r n g r
v z t x
t q v z m i t r p e b z l e
v z t x
t q r l x t i p e b z k r
t z y r n i n e t r p e b z n g
t z y r b q t i
n a p i b z k u
n a r y z k r - n g r g r
n z v z - k r b z k r
n z a l v z t r n g r
t u t x l z m
n z a b r t z - z v z n g r
y a o m q g r
n z a m a - k r d e
d w a s x p x - k z p q g r
t z y c m n e t r p e - n g r d r
n z m n c t x p e p w z
t q w x b u p x
n z v z p e - k r d r
