t q v z p e b z
t q v z p e x
n z v z - z v z b z n g
o t i b z
n z v z b z n g
y a p x - z v z k r
n z v z p e n g
r p i o b z l e
t r v z n e - k a k r
n z b r l c l v z n e p x - k z p q
n z r p i l z - k r d r
v z k i m l e
t z y a p x p e n g
n z m n c l z b z
t q v z p e b z
t z t a v e l r
t q r p i b z l e
t q n g r l r p e k r
n a v z m i b z l e
n z v z - k r b o
n z m n c - k r n g e
n z m n c p e n g
t q v z m i t r p e l e n g
y a g o x t x
t q v z m i t r p e l e n g
t z a k i - l z b q p e
a s u m i p e b o
n z y c m n e - k r d e
n z m n c l z b z
t z v z n e p e n g
t q r p i p e x
t u t x l z m
v z t x
t q v z p e - k z x
n a v z b z
n z v z - k z n g
n z d w a t r - m o u - k r g r
v z m i m q
k x l i
n z v z k a i - k r g r
e s z ' n e
t q a e n z l i k r
v z k i m l e
n z r l z n g
b z t i p e d e
x l r b o l e
m r l z p e
t q v z p e - k z x
t q v z p e m
t q v o t i t r p e m l e
t q v z p e b z
n z r p i - a n i - k r m l e
t z v z p x p e b z n g
t z v z k i n e d r
m c p o
t q t u p x m
t q v z p e m g r
v z t r n g r
t q v o t x - n g r p w z
t q v z p e m
a w i t x p e
d w a l z m g r
r m c t i - n g r g r l e
n z w z t i - k r b z l e
m n c l z - n g r m
t z v z p x p e b z n g
n z p i l z l r
n z v z p x n g
n z w z - k r g r
m z ~ n i b r d r
t z m w x l r n g
n e d r n g
t q v z - n g r g r
n a n g i t x p w z
t q v z p e
t q v z t r - m o p w z k r
n a v z n g
t z v z k i n e d r
t q y r k r p e
a t u l z n g r
n z v z b z n g
t q v z b o
t q t u p x m
t z v z p e - k a i n g
t q v z m i t r p e l e n g
n z v z - k r b z k r
r p i o b z l e
t z y r n i n e t r p e b z n g
n z r p i m
t q v z m i t r p e l e n g
x l r b z l e
n z m n c l z b z n g
t q y a g o x p e
n z m n c l z b z n g
t z r t w z t i n g
n z m c p x
t q v z p e - k z x
y r k r p x b z l e
r g l q k r
n z r m c t i l r
n z r p i m l r
t z a y o t i
n z m c t r
t z m n c t x - a l o p e n g
t r n z p i - k r p o ' u
v z m i o l e
v z t x
t u t x l z m
n z v z - k r b o
n z v z n e p e l r
t z t w z n e d r
t q v z t r - m o p w z k r
v o t r p z k r
n z v z k i o l r
l v c - a l z u p q
m n c l v z r n g r
n z r p i l r
n z v z p e n g
v z t r l e
n a v z b z
m n c - k u
n z m u - k r g r
n e m u n g
t z m n c - n g r d r
m c t x m
a p u l e
n z a y o n e p e - k r d r
d w a - r b r l z - n g r m q g r
t r t q w z p e u
n z a l v z t r n g r
m w x l r t x - z l w z k r
t q v z - n g r g r
t q l x n g i t i - a t e x
v z t r l e
m r k c n g
a c l v e l e
v z - n g r b z k r
t q d w a p l r k r n g
t z r m c t i p e l r
y r n i - e b i r p e n g
t q v z p e m g r
d w a s x p x - k z p q g r
t q v z p e m
v z k r
n z l x n g i t i - k r g r
n z r m c t i - k r d r
t u p x m
t q m c p e x
t q o t i p e b z l e
n z r m c t i l r
n z a n g i o - k r d r
a t u l z n g r
t z v z p e - k a i n g
n a m n c n e - n g r g r
n z v z p e n g
n z k a t x p x - k r b z l e
t q v z p e m
t q v z - n g r g r
n a v z n g
t q v z p e m g r
t q v z b o
n z m c t x p w z
t q m r l z
t u p x m
n a o k a t r p q l r
n z v z p x b z n g
r m n r - n g r b z
n a p i l v z t i
n z v z - k r m
t q y r k r p e n g r
n a v z n g
n a m n c n e - n g r g r
n z l v c p e - k r d r
v z t r n g r
t z v z n e p e n g
t q y r k e l v z q
n z v z b z n g
m n c - m i p e - a m u
t q m u k r
t q t u p x m
v z - z v z x
n z r l x t i - k r m l r
b r n g e
b z t x p n z '
t z v z p e - k a i n g
n z v z - z v z b z n g
y z l u m c
n z v z p x n g
t q y r k r t r - a t e m
m n c - m i p e - a m u
b o o n g r
t z v z o p e n g
v z k i m l e
p i b z l e
v z t r l e
m n c - e p e l z l e
t z v z k i n e d r
k r l z m g r
v z t x
t q a l v c - l z b q - n g r g r
d w a t x t r x
t q r p i p e x
m r b r l z m
v z t x
n z w a i n e - n g r b z l r
n z v z - k r m g r
t q v z p e b z
k x t r k a
n z v z p x b z n g
t z v z n e p e n g
n z m w i n g r
v o t r p z k r
n z y a l z - k r g r
n a v z m i b z l e
t u t i p x - n g r m
n z v z n e p e l r
e s z ' n e
m z ~ n i b r
t q m n c
t r n z p i - k r p l e u
v z x
t q v z - n q b l q n e n e
t z v z p e - k a i n g
n z n g i - k r d r
t q m c p e l e
v z m i o l e
m c t r k r
b r t i t x
r y a p w x - z v z k r
n z w z - k r g r
n z y c m n e k r b z
m c t r k r
t z v z k i n e d r
n z v z
n e d r
n z v z p x b z n g
n z a m z b l q p x - k r m c
n z v z n e p e l r
n a k q t x o m
n z t u - z v z - k r d e
t q v z p e
n a v z m i b z l e
v z m i o l e
v z p x b z k r
n z m c p x
n z r m c t i l r
a t u l z n g r
t q v z p e - k z x
n z t u n g r
t r n z p i - k r p o ' u
