n z m c t x p w z
t q o t i - a t e m
v z k i m l e
t z v z p x p e b z n g
n a y c t i p x m
k x e t u
t q p i b z
x l r m l e
t z v z o p e n g
v z o
t z v z p e
v z t r l e
n z v z p e - k r d r
n a v z b z
n z m c - k r n g e l e
w x b u p x - n g r m
t q v z t r - m o p w z k r
v z k i m l e
n a v z b z
t q v z p e m g r
t q v z p e m
v o t r p z k r
v z t x
n z r p i b z l r
t z v z p e
v z m i t r l e
n z v z - k z n g
t q v z t r - m o p w z k r
m n c p e x
v z - z v z x
t q v z - n g r g r
n z r p i b z
n z m n c - l x b l r - k r g r
t q m c t i a m u
t q v z t r - m o p w z k r
n z v z - z v z b z n g
v z p x b z k r
n a v z - m i p e x
m n c - e p e l z l e
t q r v z m i p w q
t z m n c n g r
n z r p i b z
n z r n i b q n g r
t q v z b o
t z v z p x p e b z n g
k x y r l z
t z r m c t i p e l r
t q v z - n q b l q n e n e
t q v z p e x
m w i t x k r
n z v z k a i - k r g r
t q r k q t i p e
n z v z p x n g
m n c - m i p e - a m u
y c t x b z
n a n g i t x p w z
t z r p i p e l r
t q v z m i t r p e b z l e
n z v z
n z v z p x n g
t z v z k i n e d r
t z v z n e p e n g
n z v z b z n g
n z o t i p e - k r m
v z m i o l e
n z v z p x b z n g
m c p x m
v z t r l e
m n c l v z r n g r
t q r k a l z p e - n g r m q g r
n z m a - n q b l q l r
n z b o m - k r d e
t z v z - n g r
n z m n c t x p w z
n z v z p e n g
n z v z p e - k r d r
t r t e d r
t z v z n e p e n g
n z r t r n g r - n g r b z
t q p i p e b z l e
v z m i m q
t q v z p e x
v z p x m
n z k a l z m l r
n z p n a n g
n a a g l q p e k r
n z v z - k r n g e
t q p i b z k r
t u o m
s c d e
v z k i m l e
t q y r k e l v z x
r p i l e
t q y c o n g r
v z p e m
n z v z - k z n g
r p i o b z l e
s c m
v z k i m l e
e t u t x
t q v z p e b z
m w x l r t i - z l w z k r
t z v z p e - k a i n g
t q p i b z k r
t u o m
n z v z k i o l r
t q v z p e
t r n z y a g o x - k r g r u
n z v z - k r b z k r
t q v z m i t r p e l e n g
t q a m z n r p e l e
n a p i t x t r - m o p o
n z v z p x b z n g
t z v z o p e n g
n z p n a k i p x l r
n a v z n g
t u l z m c
t z y c m n e t r p e - n g r d r
t q m r l z x
t q v z p e - k z x
n z v z - k r m
t q v z m i t r p e b z l e
n z v z - k r b o
p i b z l e
t q v z m i t r p e l e n g
n a m n c n e - n g r g r
t q y a g o x p e
n z r p i l r
r g l q k r
t z v z p x p e b z n g
t r t r k a - z l w z p w z u
n z p r l x l r
t q v z t r - m o p w z k r
a e l w a p x - p n z
l c p e
n z v z p x n g
n z t u - z v z - k r d e
n z v z k a i - k r g r
t q v z p e - k z x
n z v z p x b z n g
n a a g l q p e k r
m c t r k r
n z v z
n g r d r
k x l r p r
n z r l z - k r b z l e
m w i
t q k q l e p e b z l e
n z v z p e n g
t z v z - n g r
m c l x
t q v z p e x
e t u t x
t q o l v x t i - a t e l e
n z v z - z v z b z n g
e s z ' t i
r m c t i l e
t z l v c l z p e - n g r d r
t q v z b z k r
n z v z n e p e l r
m n c l z - n g r m
n z p c t i k r
n z v z p e n g
n z v z p x n g
t q a g l q p e k r
n z v z p x n g
x l r b z l e
v o t r p z k r
t q p i m e
t q p i b z k r
n z r p i b z
y r p l a b r t q p e
n z v z p x b z n g
r m c t i p e k r
n z v z p x b z n g
p w x p w z
t z n g r l r k i p e b z l r
m n c t i k r
t q r m c t i p e k r
l a p w z
n z v z - k r b o
n z m u - k r g r
v z k i m l e
r p i - m o u p q l e
r m c t i p e k r
t q v z p e m g r
t q a s u p e b z
n z l z t r - n g r d e
n z r p n a n e o p e - k r m l r
n z r y a p w x - k r b o
t q v z - n g r g r
t q v z p e - k z x
t q w z t i p e l e
t q p i m e
t q p i m e
t q v z p e x
t q t w z o p e
t z v z p x p e b z n g
n z v z - k r b z k r
n z w z - k r g r
n z r l a s z - a t e - k r d r
n a o k a t r - n g r d e
t q v z p e - k z x
n z r p i m l r
m c p o
n z m n c p e n g
t r v z n e - k a k r
n c n q n g q
n a - a e n z l i t x k i
t r t r k a - z l w z p w z u
t z r t w z - k z n g
t q v z t r - m o p w z k r
n a k a m l e
t q m e i p x
n z a l v z t r p l r
t z v z - n g r
n a l i n g
t q v z m i t r p e l e n g
t q v z p x p e
n z a b r t z n g r
n z v z n e - k r g r
n z w z k r
n z l u t x p w z n g
n a y c t i p x m
n z r p i m l r
n a v z n g
t q m c - a t e k r
n z v z k a i - k r g r
t q v z t r - m o p w z k r
m c t r k r
t z y z l u p e - m o p w z n g
t z v z p e
s c d r
t q v z t r - m o p w z k r
t q y r n i p e x
t q y r p u t i p x n g r
t q v z b o
n z p n u - l i g r
n z t w z t r k r
n z m n e t i
t q v z n e - z v z k r
m w i t x
r m c t i p e k r
t z v z p e
t q v z p e x
t q v z t r - m o p w z k r
t q o t i - a t e m
t q v z p e b z
v z t r n g r
t z v z k i n e d r
