v z k r
t q p i b z
n z v z - n g r m l r
t r r l r - n g r p l e u
t q v z p e b z
t q v z p e b z
n z w z - z l w z - k r g r
v z m i o l e
n z v z
t z m w i p x - n g r m l r
t z l v c m q n g
t q p i p e m
t q v z p e
v z - z v z x
x l r b z l e
t q v z - n g r g r
t z v z p e - k a i n g
t q v z t r - m o p w z k r
n e m u n g
n z v z k i l r
t z v z p e - m o u n g
n z v z k i l r
n z v z - k r m
t z v z o p e n g
n z m u n g r
t q p n z ' l e
k x l i
n a v z b z k r
t q v z p e m
t z m w x l r n g
n z v z k i
t q m n c - n g r d e
t z v z k i n e d r
t q v z p x p e
t q m n c
d w a t x t r x
t q y r n i t x p e
n z v z - k r n g e
n z v z
n z a b r t z l v z l r
n z r m c t i l r
m c p x m
t q v z - n g r m
t q v z p e
v z m i o l e
v z p x b z k r
n z y c m n e k r b z
v z x
v z p x b z k r
t z v z - n g r
v z t r n g r
n z m c t x p w z
t q t a b c - z l i n e p e k r
y c p q t i p e k r
t z v z p x p e b z n g
n z v z - z v z b z n g
t z m n c t x - a l o p e n g
t q m c t i a m u
n z m a b r
t q m n c - l x b l r p e k r
t q r p i b z l e
v z t r l e
t q l i t r p e b z
n z v z k i o l r
n a p i n e m c
n z v z - n g r m l r
t q v z p e b o
n a v z b z
n z y a n g r n g a t x - z l w z p e - n g r d r
r p i - m o u p q l e
m n r g r n g
n z v z k i o l r
n a m n c - n g r g r
t q m c p e x
v z m i o l e
v z t r n g r
v z k i m l e
v z p e m
n z p n a t i - k r b z m u
n z m c p x
n a m n c t x p o
t r n z a e n z l i l r u
n z r p i b z
t q m n c
m c t r k r
t q r m c t i p e k r
n z v z p e - k r d r
m c t x m
t q m n c
n z v z - n g r m l r
t q r p i b z l e
t z k u k i r p e l r
t z v z p e
t q v z p e b z
m n c l z - n g r m
n z l v c n g
v z o
r l a s z k r
t q v z m i t r p e l e n g
v z - z v z x
t z v z p e
t q r p i p e x
a b r t z t x p e k r
x l r k r
t q v z p e b z
m c l x
k r l z p e b z k r
n z b z - k r g r
b z a m u
t q a m i n g r - n g r g r
m z n r y a g w e n g r l c
v z m i o l e
n z r p i b z l r
v o k r
n z v z - z v z b z n g
t z r m c t i p e l r
n z r p l a m e i t i - k r d e
n z v z b z n g
n z v z p x b z n g
n z p n a k i p x l r
v z x
n z v z p x b z n g
y r n i t x
t q a y r n i p e l e
n z k r k a ' p x - k r m l r
v z - z v z x
m n c k r
n z v z - k z n g
v z p x b z k r
t q m n c - l x b l r p e k r
n z r m c t i - k r d r
t q v z p e b z
t q m c p e k r
t q v z p e m g r
v z - z v z x
t q v z p e b z
t q t u p x m
t r s u k a
n z v z - z v z b z n g
v z p x b z k r
n z o l z - k r m l e
n z r p i b z l r
t z m w x l r n g
n z v z - n g r m l r
t q b z p e
t q r p i p e x
t q m c p e l e
n z v z - k r m
t r t e g r
n a o b q - k a p q p x
t z k u k i r p e l r
n z x l r - k r g r
n z v z k a i - k r g r
n z v z b z n g
b z t i p e d e
t q v z b o
n z w z t r n g
v z t x
n z v z p e n g
n z m n c l z b z
m c - k z a m u
n z v z p x n g
t q v z m i t r p e l e n g
v z t r l e
n g r l r m i m l e
n z b z n g
t q v z t r - m o p w z k r
n z v z
t z v z - n g r
t q a m a p e
t z r m c t i p e l r
t q a m z b l q p x m c
n z a b r t z - z v z n g r
t q w a i p e l e
t q r p i b z l e
n z v z - z v z b z n g
t z v z p e - k a i n g
v z t r n g r
t u l z m c
x l r k r l e
t q v z m i t r p e b z l e
t r k r l z w x u
n z d w a t r - k r g r
x l r k r
n z v z p x n g
n z p n z '
n z v z - z v z b z n g
v z t x
t q p i p e m
r g l q k r
n a v z m i b z l e
n z v z k i o l r
n g r d e
t z m n c - n g r d r
t q o l v x t i p e l e
t q p i p e b z l e
v z p x b z k r
t q p i m e
n a n g r l r t r k i
n z b o m - k r d e
y r n i - e b i r p e n g
a t u l z n g r
v z - z v z x
t q y r n i p e x
k r l z m g r
t q v z - n g r g r
m w x l r - n g r g r
n a l i
t q v z m i t r p e b z l e
m n c - e p e l z l e
a l v z t r l e
t z k r l z p e - a t e l r
n z v z k i o l r
t q p i p e b z l e
n a v z m i b z l e
n z r p n a - m o u p q n g
t q m n c - l x b l r p e k r
n a v z
n z v z p e n g
d w a t r k r
t z r m c t i p e l r
n z r p w ' a - k r d e
n z m c p e - k z p z
n o u d e
t z m n c - n g r d r
n z n g i k r
t q v z m i t r p e b z l e
v z t x
n z m n c p e n g
n z v z
n z m c - k r n g e l e
n z y r l q
n z v z p x n g
v z m i o l e
b o m l e
n z v z n e p e l r
v z m i m q
t q m c p e x
t q r p i - n g r n
t z r t w z t i p e - k z n g
t q r p i p e x
t q r k a w i t i k r
n a r l z
v z p e m
y r m q
m n c l v z r n g r
n z m c t x p w z
n z m c
v z - n g r b z k r
n z v z k a i - k r g r
