n z p w x n g
s c g u
n z k a - k r m l e
v z - z v z x
b z p n z ' x
m c l z k r
n z w z t i - k r b z l e
t r d o - k z u
n z w z - k r g r
y r l q b z l e
n z r k a t x n g r
v z x
t r k r l z w x u
r m c t i - n g r g r l e
m c t r k r
v z p x b z k r
t q v z - n g r g r
t q v z m i t r p e l e n g
a s a n e
t z k u k i - n g r d r
n z v z - k r m
n z a n i t x p w z
m w x l r t x - z l w z k r
v z p x b z k r
t z v z p e
y c p x
m z l i   k c
n z v z k a i - k r g r
v z m i m q
t q v z p e m g r
n z r t a n g r t i - k r g r l e
t q m w i t x p e
t q m c p e l e
o t i l e
n z m c k r
n z r p i b z l r
n a v z m i b z l e
v z m i o l e
n a a g l q p e k r
n z v z
n a v z b z
n z r t w z - k z p q n g
t z v z p x p e b z n g
s c g u
n z r p l a m e i t i - k r d e
t q v z t r - m o p w z k r
d w a t r k r
t q m a i l z p e b z l e
n z v z - k r b o
t q m c p e x
t q r p i b z l e
m c t x m
d w a - r b r l z - n g r m q g r
t q v z p e
t r n z m n c p e u
v z - z v z x
t q w a i p e l e
k z t e n g e
t z t a v e l r
t q m c p e l e
n z m c k r
n z v z k i l r
r p i - m o u p q l e
n z v z d z m q n g
e s z - k r d e
n a d w a p e k r
n z v z k a i - k r g r
t q v z - n g r g r
n z v z - k z n g
n z v z - z v z b z n g
d r t q m
v z p e m
t z v z k i n e d r
n z v z - k r b o
n z t w z - k r m l e
r t r n g r t i b z
m c l x
t q a e n z l i k r
v z t r n g r
r m c t i l e
n z m c k r
t z y c p e n g r
t q v z p e x
n z v z p e - k r d r
n z v z p x b z n g
n z l v c k r
n a m r l z
t q v z p e
n z v z - k z n g
t q o t i m l e
n z v z p e - k r d r
n z v z d z - k r g r
k x m a t q
t q v z p e x
n z m n c l z b z
n z v z - k r m
n z v z - k r b o
v z m i o l e
n z v z k a i - k r g r
t q r m c t i p e k r
o m i t x p x b z l e
t q v o t i t r p e m l e
n z v z - n g r m l r
t z m w i p x - n g r m l r
m n c l z - n g r m
m r v r t i p e
n z r p i m l r
n z k q l u t x
t q r p i b z l e
m w i t x
v z x
n z k a o b z l r l e
t u p x m
n z v z - n g r m l r
p r o t x k r
v z p x b z k r
n z v z p e - k r d r
t z l v c - a t e n g
v z t r n g r
t z v z p e - k a i n g
n a v z m i b z l e
m c p x m
m c l z k r
n z v z - n g r m l r
n z v z n e p e l r
v z t r n g r
m c l x n g
n z a l v z t r n g
n z m c t x p w z
m w i t x
t q v z p e
v z x
t r t q w z p e u
n z v z k i l r
n z v z k i l r
t z v z k i n e d r
n z m c k r
n a l i n g
t q v z p e m g r
n z v z p x b z n g
t q v z m i t r p e l e n g
m n c t i k r
n z y c m n e - k r b o
t q o b q t r p e
e s z ' t i
n z v z k a i - k r g r
t u l z m c
t q v z - n g r g r
t u t i p x - n g r m
t z m n c t x - a l o p e n g
m n c p e x
n a d r v r - n g r b o
t q m r b r
t a k i t r t x p w z
n z a r l a p x - k r d e
t q v z b o
t q v z - n g r g r
r p i l e
t q v z p e m g r
r m c t i - n g r g r l e
t q y r p u t i p x n g r
n z m n c n g r
n z r p i l r
t q v z p e b z
n a m w i
t q v z - n g r g r
n z b z t i - a l z u n g
t q v z p e m
t z v z - n g r
t q p i p e b z l e
t q v z p e
v z t x
r p i l e
m c l x
n z w z k r
n z p r t z - k r b z k r
n z v z k i o l r
v z k i m l e
n a v z n g
n z v z p x n g
n z v z k i o l r
m z l i   k c
n z v z - k r m
t q a s u p e
m n c - m i p e - a m u
t q o l v x t i p e l e
t z v z - n g r
n z v z k a i - k r g r
t r v z n e - k a k r
n z t a v e t r
n z v z - k r m
n o u d e
n a v z b z
t z r t a n g r p e
t q m n c
r m c t i l e
n z d w a t r - m o u - k r g r
w z t r p o
v z t r l e
s c d r
t z r t w z - k z n g
t q v z p e m
t z v z p e
t q v o b e
t q v z p e b z
y c m n e p e
v z k i m l e
m c t r k r
r p i l e
t q a t a t r p e l e
n a m n c n e - n g r g r
t q y r k r p x k r
n z v z p x b z n g
n z v z k a i - k r g r
t q p r t r p e b z k r
a n g c t i k r
y r m q
t q m r l z - n g r d e
t q a m z b l q t x p x p e m c
n z p r p x n g r
n z v z k i l r
t r v z n e - k a k r
n a r l x t i t x p o
t q v z m i t r p e b z l e
t q v z p e m
n z r p i - a n i - k r m l e
n a m w i
o t i l e
m n c - m i p e - a m u
t q m c p e l e
t q y r p u t i p x n g r
t q m c p e l e
t q p i b z k r
v z t r n g r
y o l x o m a m u
m c o m q
t q t u n e p w z
t q v z m i t r p e l e n g
r m c t i - n g r g r l e
v z k i m l e
t q r m c t i p e k r
n a v z b z
t q p i b z
n a a g l q b z l r
t q v z p e m
v z t r n g r
n z v z k i o l r
t z v z k i n e d r
t q v z m i t r p e l e n g
t q v z m i t r p e b z l e
t q v z t r p e
n z v z - n g r m l r
m c p o
n z e t u p e - k r n g e
t q t u l z
t q m n c - l x b l r p e k r
t z v z p x p e b z n g
n z d w a o n g r
v z t x
n z v z n e - k r g r
t q v z - n q b l q n e n e
n z v z p e - k r d r
m n c l z - n g r m
t q v z p e
n z m n c l z b z n g
n z k r l z m l r
k r l z m l e
a b r t z l v z k r
t q n g r l r l z p e
n z v z k i l r
k x m u l e
m n c l z - n g r m
n z v z - k r b o
n z v z - k z n g
v z m i m q
n a m n c - k a p q n g r
n z v z - k r b o
n z m n c p e n g
a n g r l o t i l e
v z p x b z k r
t q p i b z k r
n z v z p x n g
n a y a p w x t i b o
t z w a i s z - n g r d r
t q r y a p w x p e m
t q v z - n q b l q n e n e
t q v z - e t r - n g r d e
t q r p i p e x
n z v z - z v z b z n g
n a v z m i b z l e
t q a m r l z
r m c t i l e
n z v z - k r b o
n a v z b z
v z - z v z x
w z t r p o
n a v z m g r
n z m n e t i
n z v z k i o l r
n z l u t x p w z n g
t z v z - n g r
n z r m c t i l r
m c l z k r
t u n e p w z
m r l x m
t q v z m i t r p e l e n g
n z v z - n q b l q - k r n g e
n z p n a k i p x l r
t q m u k r
n z l v c n g
t q v z p x p e
n z v z
t z v z k i p x l r
t z m n c t x - a l o p e n g
n z m c t r
n z a p x - n g r m
n z w z - z l w z - k r g r
r p i l e
n z v z - z v z b z n g
n a - a v z m l e
y r b q t i k r
y r n i p e
v z m i o l e
v z k i m l e
t q a m a p e
n z v z n e p e l r
n z v z n e p e l r
v z t r l e
v z - z v z x
n z m n c l z b z
t u n e p w z
n a v z b z
n z v z k a i - k r g r
n z r p i - a n i - k r m l e
t z v z o p e n g
m c p o
v z m i m q
t z r m c t i p e l r
v o k r
n z o l z - k r m l e
n a p i t r - m o u p o
m c p o
v z p e m
n g r l r m i m l e
t q p r k i l z m
n z a t u p x - n g r m
n z v z k i o l r
k r l z m l e
t r t q w z p e u
m n c t i t x p w z k r
n a r p n z '
n z v z k i l r
n z m w x l r n g
r k a t r p q
t z v z k i n e d r
t q m w i - n g r g r
n a v z - n q b l q l e
t q v z - n q b l q n e n e
n z v z - n g r m l r
v z p e m
n z w z t r n g
v z p e m
w x b u p x - n g r m
t q v z p e x
y r k r t x o
t q a s u p e
t q t w z o p e
n z v z p e n g
t z m r g e p e n g
t q y r p u p x
n z v z - n g r m l r
n a k a t x b z l e
t q m c p e x
n z v z k a i - k r g r
k x l i
n z v z - k r m
n z r m c t i l r
t z v z p x p e b z n g
n z w z - z l w z - k r g r
m c t x m
t r n g i u
n z p n a t i - k r b z m u
n a p i t r - m o u p o
m c l z k r
y r l q t x b o
t q v z p e x
o t i l e
n z v z n e - k r d r
t z s i k l u t i
t q v z m i t r p e b z l e
t q r p i b z l e
k r a p w x
t q v z p e b z
n a m n c - k a p q n g r
t q m c p e x
t q o k r
t q v z m i t r p e l e n g
m a l e t r p e x
n z v z - z v z b z n g
n z w z t r n g
n a r l z
n z v z p x b z n g
v z t x
t q r m c t i p e k r
r l x n g i t i l e
p i b z l e
t q a c l v e b o
t q a s u l e
t q v z p e m
t q v z p e
t r t q w z p e u
n z v z - k z n g
n z m c k r
t q v z p e x
n a v z b z
n z y c m n e - k r m l e
t u n e p w z
p i b z l e
n z v z p e n g
t z y c m n e - n g r p e m l r
t z v z p e
n z o t i p e - k r m
v z t r n g r
n z y c m n e
n a v z n g
t z v z p e
n z v z k a i - k r g r
n z v z k i l r
n z a b r t z k r
t u o m
t q v z p e
t q m w i p e k r
t q p i b z k r
t q m n c
d r l z d e
n z v z k i o l r
n z v z p x n g
t z l v c - a t e n g
n a r t w z o b z
n z v z - k r b o
v z t r l e
n a e s z ' m z
o b q p x k r
n z o - k r m
t q v z p x p e
n z v z - k r m
n e n g e n g
t q r y z k r p e k r
t z t a v e t r p e l r
n z v z n e p e l r
t z y c m n e t r p e - n g r d r
n z p n a n g
t q r p i p e x
v z t r n g r
t z v z - a t e n g
v z p x b z k r
n y z d e
n z k a l z m l r
n z m n c l z b z n g
t z v z o p e n g
t r n g i u
t z v z k i n e d r
t q y c m n e p e a m u
t q p i p e m
r p i l e
n z v z
m c l x
t q l i p e
r p i o b z l e
p r o t x k r
t z v z k i n e d r
v z k i m l e
v z p e m
t u l z m c
n e n g e n g
n z r l a s z - k r g r
n a m c t r
t z v z - n g r
n a m n c t x p o
n z m c
t q n g r l r l z p e
t q v z - n g r g r
t q a y r n i p e
n z v z
o t i b z l e
n z v z - k r b z k r
n z v z - k r b z k r
n z v z - k r n g e
n z l x n g i t i - k r g r
t q v z p e b z
n z r p i b z l r
n a p i b z k u
n z v z - k r n g e
t q v z p e m
v z t r n g r
t q p i m e
t z v z p e - k a i n g
t z v z o p e n g
v z m i m q
w x l i k i t x p x p n z
n z v z k a i - k r g r
v z t r l e
n z m c k r
d w a l z m g r
n z v z k i l r
n a v z n g
n a v z n g
n z r p i m l r
m c p o
v z t r l e
m r t u p e
t q v z p e - k z x
t r t q k a p e p w q l e
n z v z k a i - k r g r
v z m i o l e
n z v z b a t r - k r b z l r
t q v z m i t r p e b z l e
t q n g r l r p e k r
t q b r l x - k z p e
n z v z
n z a b r t z k r
v z p x b z k r
t z v z p x p e b z n g
t z v z k i n e d r
t z v z n e p e n g
t z r k a l z p e m
m c l e
t q m n c - l x b l r p e k r
v z k i m l e
v z t x
t u p x m
v z x
t q v z p e m g r
m r l z p e
t q v z p e - k z x
t q v z k i p x k r
m n c t i k r
n z r p i m l r
n a r t a n g r t i k r
n z v z - k r n g e
n z p n a t i - k r g r
m c l x n g
n z v z p x n g
t z v z n e p e n g
n a v z m i b z l e
v z t x
n z m c t r
t q v z b o
n z v z - z v z b z n g
n a y a - p w z - t i p e x
n z v z p x b z n g
n a v z b z
t q y r n i p e
t q v z p x p e
n z v z b z n g
t q v z p x p e
m e i t x t a t x p x
t z a p u l r
t q p i b z k r
t z m n c t x - a l o p e n g
t q v z p e
t q v z m i t r p e l e n g
m w x l r - n g r g r
n z v z k a i - k r g r
v z x
n z r p i b z l r
t z k r l z p e - a t e l r
n z v z b z n g
t r m n c n e - z p w x p e k r u
t q v z - n g r g r
n z v z b z n g
v z t r n g r
t q a y r n i p e l e
n z a p u s r - k r d r
t r n z p i - k r p l e u
t q v z p e m g r
y z l u m l e
t z m n c n g
v z t x
a e l w a p x - p n z
n z p n a k i p x l r
y a n e - z v z k r
t q v z p e m
n z y c m n e - k r b o
r m a l e
n a p i b z k u
n z y c m n e - k r g r
t q r p i p e x
t q p i p e b z l e
y r k r p x b z l e
n z r t w z - k r d r
n z w z - k r g r
n a v z n g
n z r p i m
t z v z o p e n g
n z a y o n g r
t q k r l z - a t e b z k r
v z t x
n z v z k i o l r
t z v z p e - m o u n g
m n c l v z r n g r
t r k r l z w x u
x l r k r
k a o m a m u
t q t u p x m
t r t q k a p e p w q l e
m w i t x k r
d w a s x p x - k z p q g r
t z m a t q
t r v z u
t q m c p e k r
t z m c p x p e b z l r
n z o l v x t i - k r d e
n y z ' d r
m n c - e p e l z l e
n z a b r t z n g r
e s c t r p e m
v o t r p z k r
n z p w x n g
y a p x - z v z k r
t z x l r o p e l r
t q n g r l r p x p e m
t z s i k l u n g
n a b z p e - n g r g r
r p i - m o u p q l e
o t i m
n z v z k i
x l r k r l e
t r m w x l r k r u
m a l e l e
l v c - a l z u p q
n a v z d z k r
t q v z p e - k z x
k x p c
t q r p n a - n g r m
n z a b z o k r
t q w q p e
t r n z a e n z l i l r u
t q n g c n e o m
t r y c m n e - k a k r
t q n g r l r p e k r
n z y r l e t i - k r d e
t z l z t i t r
t r b o i u
m n r n g e
n a k a b o
y c - n r b a l q
d r v r m i n e m l e
n a p i t x t r - m o p o
n z d w a t r - k r d e
t r k q o p q l e u
t z v o p e
n z o t r n g r
t q a c l v e x
t q m w i - n g r n a m u
t r n z m c p e l r u
n z y c m n e - k r m
t q s i k l u b e - n g r n e
o t i b z
t q t u p x m
n z t e k q t r n g r
t r n z p i - k r p o ' u
v z b z
t q v z t x p e
n z r m n q t x n g
k q l e p e l e
t q t u p x m
t q t o p w z b e - n g r n e
d w a t x t r x
n z a b r t z l v z l r
m n c l v z r n g r
t q v z p e - k z x
t r n a n i b q l e u
k r l z p e b z k r
t r n z k q l u - k r p e p w q g r u
n a y c t i p x m
n a o b q - k a p q p x
t q v z p e - k z x
t q o t i - a t e m
n z r k a t i p x m q n g
t z m n c - n g r d r
n z v z o - n g r m
t z a n g r l v z n e o p e l r
n a o p e k r
t z m c t x p w z
m z l w e n g
n a v z - k a i p o
t a g l c t x d e
v e x
n i b q t i
t r m c p e l e u
n z d w a t r - k r d e
n z p r p x - k r d r
r v z m i m
n a p r o m
t q n g r l r p x p e k r
m z l i   k c
n g r g u
t q v z p e
t z l v c l z p e - n g r d r
t q n g r l r p x p e m
x l r b z k r
n z a b r t z l v z l r
n z n g i - t r p e n g r k r
k x t o p w z n e
t z l v c l z p e - n g r d r
r k a l z m
v z b z k r
n z a g l q - k r b z k r
t q x n g i - a t e b z k r
n a y r k r t x
n z t a o k r
x l r k r
k c m a n g
n z t u n g r
t q v z p e - k z x
n z r l x t i - k r b z
t z x l r o p e l r
n z m u - k r d r
t r m c w x u
n z n g r l r p x - k r m g r
n z d w a t r - k r g r
t q t u l z
x n g i t x t r l e
n z d w a t r - k r d e
t q y r n i t x p e
n i b r n g e
k x p r t z
t q n g r l r p x p e m
n z r p i b z
n a o k l a t i t r - m o p q g r
n z m r l z k r
n z m n c p e - k r g r
n z m c t x p w z
d r t q d r
d r l z d r n g
n a o b q - k a p q p x
t r t e g r
t q r p i - n g r n
t q v z p e - k z x
d z b e d e
n z o b q - k a p q n g r
t z p r t r - m o p w q
l r d r
n z s i k a p u - k r d e
m y a s z p x l e
t q y c o m
k x y a g o x
t z r y z k r n g
n z y c t i k r
n a a g l q a m u
k x e t u
n z a n g i o - t x p w z l r
n z w z t r n g
n z a y c n g r l r t i k r
n z v z m q n g
t z l z t r
n a p i t x t r - m o p o
t q v z p e x
t q o p x p e - n g r d e
r m c t i p e k r
y c m
t u t x l z m
l i p w z
n z b z - k r g r
t q m a l e l e
r p i - m o u p q l e
t q n g r l r p x p e k r
k x m r n a
t z v e c p e n g
n a p i t x t r - m o p o
n z w z - z l w z - k r g r
k z t e d r
n z m n c - k r g r
n z m z l r p i - k r n g e
t q v z t r p e k r
n z m w x l r t i - l z b q n g
b l r k q n g e
d r t q g r
t q k a w i o p e k r
n a y a p w x t i p x b o
n z m c p e - k z p z
n z r p i l z n g r
m z l w e d e n g
t q y r p u t i p x p e
t z y r n i n e t r p e b z n g
t q a s u p e b z
n a y a - p w z - t i p e x
t q n g r l r p x p e m
n z r p i b z
n z y a - z v z n g
k x b q n g
t q v o t x - n g r p w z
n z v z - z v z b z n g
t q a o k z
n z y r p u t i p x k r
k x t o p w z
n z o b q - k a p q k r
o t i m
n z b z n g
m c p z k r
n a l x n g i t i k u
m n c l v z r n g r
s u t x
o b q o b z
t a p l x s r g r
s e k a e n t x k r
n a t q d e
y c p q t i p e k r
t w z q
t z y a p w x t i p e b z l r
n z t w z l r
l v c - a l z u p q
n z a p x - n g r b z
r k a l z m g r
r m c t i p e k r
t r t e n g e
n z t u - z v z - k r d e
n z k q o - k r m
t q y r n i t x p e
m n c l v z r n g r
y r w i t x - k z l e
n z m c t x p w z
v o m l e
y r w i t x p x l e n g
m r b r l z m
t w z k i p x l e l e
r p i - m o u p q l e
a l v z t r l e
t r k r l z w x u
n g r d e
t q m c p e k r
n a p i t x t r - m o p o
r m c t i p e k r
t q y a g o x
k x r t c
t q o t i - a t e m
t w z t r k r
n g r d r
n z v z k i o p e - k z l r
k x t o p w z n e
n z k a p x m l r
t z a p u l r
t r r l r - n g r p l e u
n z l x n g i t i - k r d e
n z m c p x
n i b r d e
t z y z l u p e - m o p w z n g
v z m i t r p e l e
n z o - z l i o - k r g r
n g r d e
t r t a k i t r u
k x p r k i
t u p x m
t q v z p e - k z x
k c n g p e
r d r n g
t z m c n g r
t q r p w x m z
n z t u n g r
m n c p e x
t q p z l e
t q a l v c - l z b q - n g r g r
t q a l v c - l z b q - n g r g r
e s z ' n e
t q m c p e k r
n z p n a k i p x - m o u l r
t q w x l i k i t x p x
n z x p e n g r
t q m r b r
a s a - n g r g r
n z v z - k r d r
n z a p u s r - k r d r
n z t a v e t r l r
n i b r g r
n z p n a
t q m c p e k r
n z m w a n g r
t q t i n g r
n z v z - k r g r
t z m u p e - n g r d r
n z r p n a - m o u p q n g
x l r k r l e
t q r m c t i p e k r
t u l z m c
t q t r k a p e m
t q a b r t z - z v z - n g r g r
m n r g r
n z m n c l z b z
m z ~ n i b r
t z m u p e - n g r d r
n a r t w z m
t r n a n i b q l e u
n a b z m i p e l e
b z a m u
t q a b r t z - z v z - n g r g r
r l a s z k r
n y z d r
n z l c - a p q b z n g r
t q r t a n g r n e
t q y c n g r
y c t r p e n g r
t z m u p e - n g r d r
t r t e g r n g
n e n g e n g
t z o d u t r - l x b l r - m o u n g
t r n z p i - k r p o ' u
n z l z t i n g
n z r l z - k r g r
n a - a e n z l i m g r
t z n g r l r k i o p e l r
y r n i t x
t z v z p e - k a i n g
n z y a p w x - k r g r
n z a t u p x - n g r m
e s z ' t i
k x t r k a
x l r k r l e
d r t w r g r
t z v z p e - k a i n g
k x b q g r n g
t u o m
t z m w i p x - n g r m
y a p w x t i - z p w x m a m u
r y a p w x - z v z k r
n z e s z ' m z n g
n z r t r n g r t i o l r
t z p r o p e n g
n z l z t i n g
k a l z m l e
t r n z p i - k r p o ' u
t q w z t i p e l e
t q v z t r - m o p w z k r
t r n z p i - k r p o ' u
n e d r n g
t z r l x n g i t i n g
n z a l v z t r p l r
t z a o l v z - a t e b z
t q m c p e k r
n z r l z - k r b z l e
t q t r k a
n z a l v c - k r g r
t q v z p e x
t z v z p e - k a i n g
t z v z p e n g
t q v z p e x
t z v z p e - k a i n g
n a n g r l r t r k i
k c m a
t z m u p e - n g r d r
n z g l q o l r
y r l z o
t z v z p e - k a i n g
t q v z p e x
n z o t i p e - k r m
n a a l e - k a i p z n g
t r s u k a
n z v z m i - k r g r
t q v z - n g r m l e
t q v z k i p x
n z v z p x m q n g
t q v z t x
n z v z o - k r m o p w q k r
t q v z - n g r n e
t q v z t r p e b o
t q v z d z k r
t q v z - n g r m o
n z o t i - k r m l e
n z p i l z l r
t q t r k a m i
n z a t r k a t i
t z v z p e - k a i n g
n z k a t x - k r d e
t z v z p e - k a i n g
t z m n c - n g r d r
m n c t x p e
t q m n c n e t r p e m g r
t q n g r l r l z p e
t q r p n a p e - n g r m l e
t z p n z - l z b q n g r
n a - a m r l z t r - n g r b z l r
n z r m c t i l r
t q m e i p x
d r t w r n g e l e
n z y c m n e - k r b z l r
t q v z t r - m o p w z k r
t z v o p e
a t u l z n g r
m n q t i p e l e
k x n z y a g o x n g
t q v z t r - m o p w z k r
n z k q l u k r
k x n z t o p w z
t q y r k r p e n g r
n z y r l q t r p z l r
t q v z p e x
n z v z p e n g
t q v z p e x
n a t r k a - z l w z l e
n z m w a - k r g r
n z o t i p e - k r m
t q v z t r - m o p w z k r
n g r l x o b z l e
t z y a p x p e n g
t z y c m n e p e b z
t z y c m n e - n g r p e m
m r n y z n g e
k x n a m u
n e d r
a w i t x - n g r b z k r
n a p i p x - l z b q n g
t q r k a l z p e m g r
t z v z p e - k a i n g
t q v z p e x
p r t z t x b z k r
t z n g r l r k i o p e l r
t z k u k i r p e l r
n z k a t x - k r b z l e
n z k a l z - n g r m l r l e
n z y c m n e k r b z
n z r k a l z m q n g q
t q a l v c t r - l z b q p e
n z m e l z - k r m e
n z m c p x b z l r
m c p x m l e
m c - k z a m u
t q m c t i p e k r
n a k q t x o m
n z r p i l z n g r
r n i p e x
t q m c p e b z k r
x l r l e l e
n z r l x t i b z l r
t q v z p e x
n c b l o n g r
n z b o m - k r d e
n z o t r p z n g
n a o p e - k a i x
y r b u t i p e n g
n z o b q p x b z
s c m
p i p x - l z b q
r d r n g
t q d w a p l r k r n g
b l e t i p x - l x b l r n g
n z d w a t r - m o u - k r g r
t q r p n a p e - n g r m l e
a t a k q t i - l z b q t x k r
n z a y o n e p e - k r d r
n z v z p x b z n g
n a y a p w x t i m l e
t z y a p x p e n g
t r l r p r k r u
n z v z p x b z n g
t q v z t r - m o p w z k r
n z r p i b z
t q m c p e k r
t q o t i p e m l e
n z r p w ' a - k r d e
t z v z p e - k a i n g
n z a t u p x - n g r m
t z v z p e - k a i n g
m n c - e p e l z l e
y c m n e p e
n z g l q l z - m o u l r
a g l q t r p q g r
n a m a p u p e b z l e
n z v z - k r b o
b z a m u
n z k q b l q p x - k r m c
t z y c m n e - n g r p e m l r
n z a n g i o - k r g u
n z v z
v z x
v z x
n z v z
v z x
v z x
v z x
v z x
v z x
n z v z
n z v z
m c l x
m c l x
y c p x
n z v z
n z v z
m c p o
n z v z
n a v z b z
n z v z
n z v z
n z v z
n z v z
n z v z
n z v z
n z v z
m c p x m
m c l x
v z - m o p w z k r
n z a n g i o
t z m w x l r n g
t r d o u
t q a s u p e
t q v z p e - k z x
t q r m c t i p e k r
t q r m c t i p e k r
t q b z p e
t q v z p e - k z x
t q v z p e - k z x
n z r p i l z - k r d r
n z r p i l z - k r d r
r m c t i - n g r g r
n z r p i l z - k r d r
n z p r p x k r
t q v z - n q b l q n e n e
t z p r p x n g r
k x k q l u
t q v z - n q b l q n e n e
t z m w x l r n g
t u o m
t q v z - n q b l q n e n e
p w r k i l v c - n g r g r
n e g u n g
t z y a p x p e n g
n a t q n g e
t q v z - n q b l q n e n e
t q v z - n q b l q n e n e
t q m c p e k r
r n g i - b a t r p q
n z a l v z t r l r
y c m n e t r p z k r
n z w z - k r n g e
t z r m c t i p e l r
n a m c l e
n z w z - k r n g e
n z d w a t r - k r g r
n z r n i b q n g r
t r - r m n q u
n a r y z k r - n g r g r
n z p n a t i - k r b z m u
k x e s z '
t q t r k a ' n g r
t z v o p e
t q w x b u p x - n g r m
t q a s u p e b z
r n g i - b a t r p q
n z n g r l r t r n g
n g r g u
t q m n c - n g r d e
t q k a b z k r
n a k a b z k r
n z r k a k r b z
t q o l v x t i - a t e l e
n g r l a p l x p x k r
t q r p n a - n g r m
p x i q t x n e
n z m w i p x m
d w a t x t r x
t q v z o p e
t q v z n e
n z w z - k r n g e
t q v z p e - k z x
t z a y o t i
t q v z p e x
t q t u n e p w z
t z v z - n g r
n a r l a s z p e l r
n z w z - k r n g e
t q v z - n q b l q n e n e
n e m u n g
t w z x
t q m r t u - n g r d e
t q m n c - n g r d e
t z a n g c p e l r
n z a t o l w a - n g r n g
t q a m z b l q p x m c
p z t i t x k r
n z a t u p x - n g r m
t q v z p e - k z x
t q a e n z l i t i - n g r g r
t q v z p e - k z x
m n c - e p e l z l e
n z y r l w r t r - k r b z l r
t q v z - n q b l q n e n e
a m y a
m n c n e - m o u - n g r g r
p n a t i b z k r
t r t z r p n a p e u
t z y c m n e t r p e - n g r d r
t q v o t x - n g r p w z
m n q t i p e l e
n z l z
n g r l r m i m l e
t q m n c - n g r d e
a s u m i p e b o
m n r g r n g
y r n i - e b i r p e n g
t q v z - n q b l q n e n e
t z v z - n g r
t u t i p x - n g r m
n z w z - z l w z - k r g r
t q m n c - n g r d e
v z x
v z x
v z x
v z x
v z x
v z m i m q
n z v z
v z t x
n z v z
v z t x
v z t x
n g r d e
v z t x
v z t x
v z t x
v z t x
n z m c t r
k x l i
m c p o
m c p o
m c p o
m c p o
m c p o
m c p o
v z t x
v z t x
v o m l e
m c t x m
v z t x
t u p x m
m c p x m
t u p x m
n z m c t r
s c d r
v z t x
n z m c t r
m c l x
v z p e m
m c p x m
v z p e m
v z p e m
v z p e m
v z p e m
v z p e m
v z p e m
v z p e m
v z p e m
m c t r k r
n z m c t r
n z m c t r
v o m l e
v z p e m
m c t x m
v z p e m
v z p e m
v z p e m
v z p e m
n a v z n g
n a v z n g
v z p e m
v o k r
m c t x m
m c t x m
k c m a
m c t x m
m c p x m
v z p e m
n a v z n g
v z p e m
v z p e m
v z p e m
n a v z n g
m c p x m
o t i m
v o m l e
t q p i b z
v z t r l e
v z t r l e
m w i t x
t q t u l z
v z t r l e
m c t x m
v z t r l e
v z t r l e
p i b z l e
v z t r l e
v z t r l e
v z t r l e
v z t r l e
n a l i n g
v z t r l e
t q v z b o
v z t r l e
m w i t x
t q v z b o
p i b z l e
r p i l e
t q p i b z
t q v z b o
r p i l e
n z v z p e n g
t q v z b o
n a m w i
t q v z b o
t q v z b o
t q v z b o
t q v z b o
r p i l e
t q v z b o
n a v z b z
t q v z b o
t q p i b z
m n c p e x
t q v z b o
n a v z b z
t z v z p e
t z v z p e
t z v z p e
n z m c k r
m n c p e x
t z v z - n g r
m n c p e x
n a v z b z
m n c p e x
n a v z n g
n a v z n g
n a v z b z
t q m n c
n a v z b z
n a v z b z
n z m c p x
n a v z b z
n a v z n g
t z v z p e
n a v z n g
n a v z n g
n z m c p x
t z v z p e
t z v z - n g r
t q v z p e
n a v z b z
t z v z - n g r
t q v z p e
t z v z - n g r
n a v z n g
t z v z - n g r
