v z t x
n z v z k a i - k r g r
t q t u p x m
n z b z - k r g r
n z v z p x n g
t q r k a l z p e - n g r m q g r
n z m c k r
l v c - a l z u p q
n z v z k i o l r
t z r p i p e l r
v z t r l e
n e d r n g
m c p o
t q m c p e x
m c l x
n z v z b z n g
t q p i p e b z l e
t q v z m i t r p e b z l e
v z p e m
n a v z m i b z l e
n z v z - k r n g e
n z r p i l z - k r d r
t q v z p e
t z y r n i n e t r p e b z n g
v z t r l e
v z - z v z x
n a v z m i b z l e
n a k r k a ' - z v z k u
m c p o
m c p x m
t z v z p e - k a i n g
t z l v c - a t e n g
n z v z - z v z b z n g
t q v z m i t r p e b z l e
n z v z - k r b z k r
n a - a v z m l e
y r k r t x o
m c l x
t z v z o p e n g
t z v z o p e n g
m c l x n g
r p i l e
t q t u n e p w z
n z v z - n g r m l r
n a v z b z
r g r
t z v z - n g r
n z t u n g r
n z v z - k r b z k r
n a p i b z k u
m n c p e x
n z m n c t x p e p w z
m n c t i k r
t z v z p e
m c l z k r
t q m e i p x
n z r p i m
t q v z p e
n z m u l r
t q v z m i t r p e b z l e
t q v z p e m g r
t q r l r p e - n g r m l e
n z v z - k r b o
n z v z - k r n g e
t r n z p i - k r p o ' u
n z m c t x p w z
t u p x m
t q v z p e m g r
n a v z n g
v z m i m q
t q r m c t i p e k r
v z p e m
n a l i n g
o m i t x p x b z l e
n a v z b z
r y z k r
k x y r l z
n z r p i m l r
t q a l v c - l z b q - n g r g r
r g l q k r
t q v z p e b z
n z v z p e - k r d r
n z m c t x p w z
m n q t i p e l e
t q m n c
t q v z t r - m o p w z k r
n z v z p e - k r d r
t q v z - n g r g r
n a k r k a ' - z v z k u
x l r b z l e
y r n i t x
t q t r k a p e m
n a v z b z
n z v z - k z n g
t z v z o p e n g
d w a l z m g r
n z d w a t r - k r g r
n z v z p e - k r d r
t z v z p e - k a i n g
n z v z - z v z b z n g
v z m i o l e
t q v z p x p e
y r n i t x
v z m i o l e
t q v z t r - m o p w z k r
n z t u - z v z - k r d e
t q v z p e m
t q y r p u p x
v z p x b z k r
b x p i z p x
t z m n c - n g r d r
t q v z p e m
n z v z p x n g
t z v z k i n e d r
n z v z - n g r m l r
t z v z p x p e b z n g
n z y c m n e - k r d e
p e t r l e
r m c t i - n g r g r l e
r p i l e
y r l q t x t r k r
n a p i t r - m o u p o
t q m n c - n g r d e
n z r p i l r
t q v z m i t r p e b z l e
m c p z
n z a t u p x - n g r m
n z o p r t a p x - k r m a m u
m z l e d e n g
n z m n c p e n g
t q v z m i t r p e l e n g
t q v z b o
n a p i t x t r - m o p o
m c p x k r
n z m n c l z b z n g
t z n g r l r k i o p e l r
n z a b r t z - z v z n g r
n z r p i l r
v z x
n a o k a t r p q l r
t q v z - n g r g r
t q v z - n g r g r
t u l z m c
t q t o p w z b e - n g r n e
v z k i m l e
t q k r k a ' p e k r
n z a l v c - k r g r
n z b z - k r g r
t z m n c - n g r d r
t q v z d z p e - n g r m g r
t q t u l z
t q v z m i t r p e b z l e
m c l z k r
t q v z m i t r p e b z l e
n z v z - z v z b z n g
n z m c p x
n z d w a t r - m o u - k r g r
t z v z n e p e n g
m n c t i k r
n z p n a k i p x l r
m c l z k r
t q v z p e b z
r g l q p x k r
n a y a p w x t i m l e
n z r l a s z - k r g r
e s z ' n e
n z m c t x p w z
n z v z k i l r
t z v z - n g r
r p i b z k r
n z r n i b q n g r
t q v z p e x
v z t x
t z v z k i n e d r
t q v z b o
t q e t u n e p x p e
t q v z m i t r p e l e n g
t z v z p e - k a i n g
t z n g r l a p l x
n z v z p x b z n g
y r l q b z k r
t q v z p e - k z x
t q v z - n q b l q n e n e
t q t u p x m
t q v z m i t r p e l e n g
n a y c t i p x m
t q v z p e x
t q v z p e m g r
t r v z n e - k a k r
n a d w a p e k r
t q v z p e x
b x t r t x p w z
t z r k a l z p e m
t z m n c n g
r m c t i p e k r
t q v z p e m g r
p i b z l e
r m c t i p e k r
t u p x m
t z r m c t i p e l r
m c p x m
v z m i m q
t q m n c - n g r d e
x l r b z l e
m n c p e x
t q v z p e m
t r v z n e - k a k r
t q v z b o
t r t r k a - z l w z p w z u
t q v z p e m
n z v z b a t r - k r b z l r
t z r p i p e m
n a y a p w x t i b o
t z r l x t i m l r
n z v z - n g r m l r
r m c t i - n g r g r l e
v o k r
t q v z m i t r p e b z l e
v z m i o l e
v z k i m l e
t q a o k z
n a m n q q
y r l q t x b o
n a b z m i p e l e
t z v z k i n e d r
m c t r k r
m z n r y a g w e n g r l c
t z v z p e
n z v z b z n g
v z m i o l e
n z v z - k r b z k r
t q m c p e x
r g r n g
v z p e m
n a v z n g
l v c - a l z u p q
n z v z - k r b o
t q v z p e b z
t q r l r p e - n g r m l e
n z v z p x n g
n z v z - k r m
t q r k a l z p e m g r
n z v z - n g r m l r
t z v z - n g r
t z v z o p e n g
k x t o p w z n e
t q v z - n g r g r
t q m c p e x
t z v z p e
v z p e m
m c l x
n z v z - k r b z k r
t q v z b o
t q r l r p e - n g r m l e
t q n g r l r l z p e
n z a n g i o - k r g u
t q v z o p e
t q m z b l q p x m
t q v z - n q b l q n e n e
t q k u k i - n g r n a m u
n a r k a l z p e m
t u t x l z m
v z t r l e
n a v z n g
t z v z p x p e b z n g
n a p i b z k u
a n g r l o t i l e
t z r m c t i p e l r
t r n z m n e t i u
t r n z m n c p e u
n z v z - r b r - k r d r
t q r m c t i p e k r
t z v z p x p e b z n g
t z v z o p e n g
n z r l a s z - a t e - k r d r
n z v z k i o l r
n z v o u n e o p e m
t q v z m i t r p e l e n g
t q d c p x m
t q v z p e x
t z l v c m l r
v z t x
t q t u n e p w z
t q v z t r - m o p w z k r
t z r y z k r n g
t z v z - n g r
t q v z p e b z
n a v z m i b z l e
n z v z
n z w z - z l w z - k r g r
t q v z p x p e
n z a b r t z n g r
t q v z p e x
t q v z n e
r p i - m o u p q l e
t q v z t r - m o p w z k r
n z r p i b z l r
n z v z - k r b z k r
t r n z y a g o x - k r g r u
a w i t x - n g r b z k r
n z r n g i s c - k r d e
t q k q l e p e b z l e
t z v z o p e n g
v z x
n z t q n g
t z m n c t x - a l o p e n g
t q v z p e b z
t z v z o p e n g
r m c t i l e
m n c t i k r
t z v z p e - k a i n g
x l r b z l e
t q v z - n q b l q n e n e
t z v z k i n e d r
n a y a - p w z - t i p e x
n z v z - k r n g e
n z v z p x b z n g
n z v z - k r n g e
t q a s u p e
n z v z - n g r m l r
x l r b z k r
t q v z b o
r p i - m o u p q l e
v z p e m
n z v z - z v z b z n g
t z v z p x p e b z n g
m w i t x k r
n z r m c t i l r
n z v z k i l r
n z r y a p w x - k r b o
n z p n a t i l r
n z r p i - a n i - k r m l e
t q v z b o
m n c t x o p w z
n z v z - z v z b z n g
n z p n a k i p x l r
n z v z - k r b o
t q l x n g i t i - a t e x
t q v z p e - k z x
m c t x m
t u t i p x - n g r m
n z d w a t r - m o u - k r g r
v z p x b z k r
t q p n z ' l e
v z k i m l e
t u n e p w z
n z v z p e n g
n z v z k a i - k r g r
v z m i m q
t q v z p e b z
n z v z p x b z n g
t z v z p x p e b z n g
r p i - m o u p q l e
n a v z b z
n a m u p e k u
n a v z b z
t u t x l z m
n z r p i b z l r
n z m n c l z b z n g
t q r p i p e x
t q v z m i t r p e l e n g
t q v z m i t r p e l e n g
k x t r k a
v z p e m
n z m c p x
n a e s z ' m z n g
t q v z - n q b l q n e n e
v z t r n g r
n a m n c - k a p q n g r
t q a s u l e
t q v z p e x
n a p i p x - l z b q n g
n z r b o m k r
m z l w e d e n g
t q v z p e m
o t i m
n z v z - k r m
t q o l v x t i - a t e l e
t z v z n e p e n g
t q m c p e k r
t q v z p e m g r
t z r p n z t r p z n g
n z d w a t r - m o u - k r g r
t z v z k i n e d r
t q r l x t i p e b z k r
m r l z p e
n z n g i k r
t r m n c n e - z p w x p e k r u
t z s i k l u t i
t q v z p e x
v z - z v z x
n z m c k r
n z d w a t r - m o u - k r g r
n z v z - k r m
v z k i m l e
v z m i m q
r t r n g r t i b z
n a p i t r - m o u p o
t a p l x s r g r
n z v z
n z k r k a ' - k r d e
t q r m c t i p e k r
t q v z b o
n a y a - p w z - t i p e x
t z v z k i n e d r
m r b r l z m
n g r d r
t z v z p e
v z t r l e
d w a t x t r x
t u t x l z m
n z v z p x n g
n z v z k i l r
n z r p i l z - k r d r
t q v z - n q b l q n e n e
n a v z n g
n z m n c p e n g
r m c t i - n g r g r l e
y r l q t x - m o u x
t z v z n e p e n g
v o k r
t q v z p e x
t z y c p e n g r
t q v z m i t r p e b z l e
t q o l v x t i - a t e l e
n z y a y o l z - k r m g r
t q p i p e m
n z a b z l r
t z v z n e p e n g
n z v z p x n g
n z w z t i - k r b z l e
t q v z p e b z
n z v z
t r v z n e - k a k r
n z a n g i o
n z a b r t z l v z l r
v z t x
n z v z - k z n g
n z l u t x p w z n g
n z v z - k r b o
n z k r k a ' p x - k r m l r
n z m u n g r
v z p x b z k r
n z y r l q b z
n z p n a t i - k r b z l r
t q k r l z - a t e b z k r
n a v z b z n g
t q v z p e m g r
n z v z p e - k r d r
n z a y o n e p e - k r d r
n a p i t x t r - m o p o
t q v z - n q b l q n e n e
v z m i o l e
n z v z - z v z b z n g
n z m n c l z b z n g
t q v z m i t r p e l e n g
v z m i m q
t q v z p x p e
n z r p i b z l r
t r v z n e - k a k r
n a v z b z
n z v z p e n g
t z m n c - n g r d r
n z v z p e - k r d r
v z m i m q
t q v z p e - k z x
t q v z p x p e
n z v z k a i - k r g r
y r n i t x
t q p i m e
n z m c p x
n z v z p e n g
n z v z n e p e l r
t q r p i p e b z
t q a s u p e b z
a b r t z l v z k r
n g r l r m i m l e
n z v z p e n g
m w x l r - n g r g r
v z m i o l e
n g r d e
m c l x n g
t q a m z n r p e l e
t q o l i q t i p e b z l e
t q a l v c - l z b q - n g r g r
t z k u k i - n g r d r
n z m c k r
n z m w x l r - k r g r
t q v z p e x
n z e t u p e - k r n g e
v z t r p z
t z m n c t x - a l o p e n g
t q v z p e m
t q k r l z - a t e b z k r
t q m n c - n g r d e
p w x p w z
n z y c m n e - k r b o
r m c t i - n g r g r l e
n z v z - k z n g
n z v z b z n g
t q v z p e m g r
n z v z - z v z b z n g
n z v z k i l r
n z d w a t r - k r d e
n z v z - n g r m l r
t z s i k l u p x - n g r m l r
t z p x i b e n g
t r n z p i - k r p o ' u
t z v z n e p e n g
n z r k a l z m q n g q
m n c t i k r
n z a t u p x - n g r m
t z n g r l r k i o p e l r
n a r p n z '
n z v z - n g r m l r
t q r g l q t i k r
p n z ' t x d e
n z b z t i - l x b l r n g
v z m i o l e
t q d w a p l r k r n g
t q n g r l r p x p e m
t z a m r b r t r l r
t z v z o p e n g
n z m n c p e n g
p i b z l e
n z v z p x b z n g
n z a m u k x t r - k r d e
n z a b r t z k r
t q v z - n g r g r
n a k a b o
b z a m u
n z d w a o n g r
n z m c k r
t z v z - n g r
t q v z p e
t q r k q t i p e
t z v z p x p e b z n g
n a y a p w x t i m l e
t q v z t r - m o p w z k r
n z t a o k r
v z m i m q
n z v z - k r b z k r
n z m c o m l r
t z v z - n g r
m z l w e d e n g
t z v z k i n e d r
t z v z o p e n g
n z v z k i l r
t q v z t x p e
n z r p i l r
n a p i t r - m o u p o
t z v z k i n e d r
r m c t i p e k r
r m c t i p e k r
m c p o
n z x l r b z l r l e
d r l z d e
n z p i b z l r
t q a m e i b z k r
t q p n z ' p e l e
t q t u l z
n e g r
m c o m q
v z k i m l e
n z k a l z m l r
n z p i l z l r
d r t w r g r
n z m c k r
t q m c p e k r
t z k u k i n g
n a v z b z
t q m n c - l x b l r p e k r
m c l z k r
m c l q
t q v z - n g r g r
n z d w a o n g r
t q a w i p e b z k r
n a p i b z k u
n z v z - n g r m l r
n z l z t i n g
n z d w a o n g r
n z v z - k r n g e
n z t a v e t r
t z r l x n g i t i n g
m n c t i k r
k x t q
n z v z k a i - k r g r
t r v z n e - k a k r
n z a l v z t r p l r
n z v z - k r b z k r
n a l x n g i t i k u
t q v z m i t r p e b z l e
s c d r
n z i k l a p w z
n a o k a t r - n g r d e
t z r m c t i p e l r
t z v z - n g r
n z b o m l r
n z v z p x n g
t z y c m n e - n g r p e m l r
t q m n c
t q m n c
t q m n c
v z - z v z x
n a p i b z k u
n z r m c t i l r
n z r m c t i l r
n g r l r m i m l e
t z - z p q t r n g
n z o t i p e - k r m
n z o t i p e - k r m
t q o t i m l e
v o t r p z k r
t q v o b e
t r n z p i - k r p o ' u
p r t z t x b z k r
t z p e o n g r
t r p e l e u
n z m n e t i
t r o p i l v z u
n a g r
n a b o
n a d r
n a n
e t u t x
n z m c t r
t q y c o m
t q y c o n g r
k r a t q
w z t r p o
t q w z t i p e l e
n z r t a n g r t i - k r d r
t q r t a n g r n e
k x n z y a g o x n g
t z a n g c p e l r
n z o p x - n g r m
n a y r k r t x
t q r p n a - n g r m
k c m a
k c m a n g
n z o t i p e - k r m
p n z ' b z l e
r p w a ' - n g r b o
r p w a ' t x - n g r b o
r p w a ' - n g r b z
n z r p w a ' - n g r b z l r
t q r p w a ' - n g r b z m e
w x l i k i t x p x p n z
m r b r t i t r p e
t z m n c t x - a l o p e n g
n c t e
n z a t o l w a - n g r n g
t q k r k a ' p e b z
n e d r
n e n g e n g
n z m c t r
n z m c t r
t r n a n i b q l e u
r k a t r p q
t q a m z b l q t x p x p e m c
d w a - r b r l z - n g r m q g r
t z r t w z t i p e - k z n g
t q t w z o p e
t q y r p l a t r n g r
n z g l q o l r
v z k i p e b z k r
t q v z o p e k r
n a v z k r
n z v z - k r m g r
t z v z o n g
t q v z k i p x
v z b o
t q v z - n g r m o
t q r v z m i p w q
t q v z n e k r
n z v z p x m q n g
n z v z p e k r
t q v z - e t r - n g r d e
n z v z o - k r m o p w q k r
n a v z - n q b l q l e
t q r p n a - n g r m
n z p n a t i - k r b z m u
t u o m
n z m n c l z b z
t u o m
t q y r p u t i p x p e
t z y z l u p e - m o p w z n g
d r t a ' d r
t z y c m n e t r p e - n g r d r
t z y a p x p e n g
t q y a p x p e b z
y o l x o m a m u
l x e n g e
n a k i l z b z l e
n a - a e n z l i p w z l r
n a - a e n z l i t x k i
n a - a e n z l i m g r
t q a e n z l i t i - n g r g r
m n r g r
n z y c m n e - k r m
t z y z l u p e - m o p w z n g
n z r p i - a n i - k r m l e
t q r p i b z l e
n z r p i - a n i - k r m l e
n z y c m n e - k r m
t z y c m n e t r p e - n g r d r
w a i p n z ' l e
n z r l x t i - k r b z
n a r l x t i b z m e
d z t u d r
t z t a v e t r l r
n z a l v z t r n g
n e n g e n g
n e m
n e n g e
m r b r t i t r p e
y a p x - z v z k r
m q d e
m q g u
n a l i
o s o p x b z k r
n a w r k x t r
n a r l r - n g r m e
n z b z s z n g
b z p n z ' x
n z b z s z n g
n a b z p e - n g r g r
t q o b q t r p e
n z m c t r
n z m w i n g r
n z r l a l z - k r g r
a t u l z n g r
n z r p n a n e o p e - k r m l r
n z a m a - k r d e
n z m c t r
n z r t r n g r t i o l r
t q t r k a m i
v z m q g r
k i l z n e d e
k x p i p z
n z o t r n g r
t q k r l x l z p e l e
t z r t a n g r p e
n z m n c l z b z
m n c - e p e l z l e
m n c l v z r n g r
t q m n c - l x b l r p e k r
n z a y o n g r
d r t w r d e
m r b r p e
n a m n c n e - n g r g r
m n c - e p e l z l e
t q l u - n g r g u
n a a l e - k a i p z n g
y r l z o
t q r p i - n g r n
n z a n g i o - k r d r
b l e t i p x - l x b l r n g
o t i b z
x l r b o l e
x l r l e l e
t q y a g o x
n z y c m n e k r b z
m n c - e p e l z l e
m n c l z - n g r m
t q p i b z
m n c l z - n g r m
n a m n c n e - n g r g r
k r a l i
r l i l r m u
n z m c t r
t q r p n a l z m
t r n z k q l u - k r p e p w q g r u
a l q l i o l e
y r n i - e b i r p e n g
n z r m n q - k r d r
n z l v c n g
t r k r l z w x u
n z k r l z m l r
t z k u k i r p e l r
n z k r l z m l r
t q n g q n a m u
n a n g q n a m u
x l r k r l e
x l r m l e
n z m w a n g r
t u o m
t r n z p i - k r p l e u
n z m n c l z b z
m n c - e p e l z l e
a e l w a p x - p n z
k r l a
o t i l e
m n c l v z r n g r
d w a - r b r l z - n g r m q g r
t z v z - a t e n g
n e d r
m z l w e n g
p r o t x k r
n z y a l z - k r g r
t q y a p x p e b z
t o p w z t r
t q k i p o p e
t q y r l q o b o
t z v z b e n g
n z k q l u t x
n g r d e n g
n g r g u
t q m c p e l e
n a m n c t x p o
t q r p n a - n g r m
k x e t u
n z g l q o l r
n a a g l q p e k r
k x e t u t i n g
e t u n e p x
t q r p n a l z m
n z r p n z ' n g r
n z p n z ' p e m
v o m l e
x l r m l e
t q y r p u t i p x n g r
n z y r p u t i p x k r
t q p i b z
m c t e
r p i o b z l e
n c n q n g q
k x m u l e
k x e t u
k z t e d e
n z - z p q t r - k r d r
k x r t c
n z k a l z m l r
r y a p w x - z v z k r
n z r p i b z
t q m c p x b z k r
n z m c t r p e m l r
t r m c p e l e u
n z m c p x b z l r
y r n i - e t r t x k r
x n g i t x t r l e
m z l w e n g
t q m a l e l e
n z r p i b z
t q r p i b z l e
n z m n c p e - k r g r
n a m n c - k a p q l z - n g r m a m u
m n c n e - m o u - n g r g r
n z m n c t i p x m l r
t r m n c k r u
n z r p i m
v z - z v z x
v z - z v z x
v z - z v z x
n z v z - k r m
a b z o k r
d w a t x t r x
t z r k a l z p e m
n a l x n g i t i k u
t u t i p x - n g r m
t q v z t r - m o p w z k r
t q v z t r - m o p w z k r
t q v z b z k r
t q v z t r - m o p w z k r
t q v z t r - m o p w z k r
n z p i l z l r
t q v z p x p e
n z v z - k r b z k r
x l r k r
n z p r t z - k r b z k r
n z p c t i k r
k x b q g r
t z p r e s i n q n g
k x b q g r n g
t q o t i - a t e m
t a k i t r t x p w z
m a l e l e
n z r m c - k r b z
t q m c - a t e k r
y z l u m l e
n z l z t r - n g r d e
t z a n g i o l r
t q v z k i l z m l e
t q v z n e - z v z k r
v z - z v z k r
k x n a m u
t z l v c l z p e - n g r d r
t q v z p x p e
t z m u p e - n g r d r
n z y r l e t i - k r d e
y c t x b z
t q y c n g r
y c p x
t u n e p w z
t q m w i t x p e
t q y o k a e k r
n e d r n g
d w a s x p x - k z p q g r
y r p l a b r t q p e
t q m e i t i o
m e i t x t a t x p x
y r k r p x b z l e
a b r t z t x - n g r d e
d w a l z m g r
n z r k a t x n g r
t r s u k a
t z r p i b z
t q p i t i k r
n z r p i - k r m e
r p i b o
n z r p i b z
t q r p i p e b o
t q r p i p e m
r p i o l e
r p i - r d e
t z r y z k r n g
n z p i b z l r l e
n z l x p l z t x
m n c - m i p e - a m u
t q n g r l r p x p e k r
k x n z s i k l u n g
t z l v a b e t r p e b z
t z x l r o p e l r
n z r k a t x n g r
t q n g r l r p x p e k r
v z b z k r
v z - m o p w z k r
m n c - m i p e - a m u
m n c - m i p e - a m u
n z r p i l z n g r
t z p n z - l z b q n g r
t q p n z ' b q p e l e
t q m u
y a p x - z v z k r
x l r k r
n z m n c p w z n g
t r k q o p q l e u
n z r k a l z m q n g q
t q x l r p e k r
t z a m c t i - n g r d e
t q e t u n e p x p e
t q m w x l r p e k r
y c m n e p e
t q p r t r p e b z k r
n a y a g o x n g
t r t e g r n g
k r l z m l e
t q m r l z - n g r d e
t q x n g i - a t e b z k r
n z p r t r - k r n g e
n z a b r t r - k r b z k r
o s z b z l e
t z a y o t i
t q a p u l e
t q n g r l r p e k r
t z m w i p e n g
p w x p w z
m n c m i b z l e
m n c p w z k r
t q m n c n e t r p e m g r
t q m n c - k a p q n g r
n a m n c - k a p q t r n g
m n c - k u
n g r l a p l x p x k r
y c m n e p e
n a y a p w x t i p x b o
t q r y a p w x p e m
y a p w x t i - z p w x m a m u
t q y a p w x t i p e m l e
t z y r n i n e t r p e b z n g
a t u t r p e l e
m w x l r t i - z l w z k r
n z m n c - k r d r
t z y a p w x t i p e b z l r
t q y a p w x t i p e m l e
n z y a p w x - k r d r
a p u l e
n z o b q p x b z
t q y a g o x p e
t q v z p e - k z x
t q m u p e k r
l v c - a l z u p q
t q p n z ' b q p e l e
t z p n z - l z b q n g r
n z x l r b z l r l e
n z a b z o k r
t q v z p e x
k x n z s i k l u
n z l i - k r d e
n z l r m z t r - k r d e
t q v z p e - k z x
t q m r b r
t z l v c l z p e - n g r d r
t q v z p e - k z x
t q v z p e x
m n q t i p e l e
t q v z p e - k z x
t q p r t r p e b z k r
t q n g q p e l e
n z e t u p e - k r n g e
n z b z - k r g r
t q p n z ' l e
t q v z p e x
t q v z p e - k z x
n z p n a t i - k r b z m u
t q v z p e x
n z m c t x p w z
n z y c m n e
n a v z n g r
t q v z p e x
n z y a g o x - k r d e
n z r p n a k i p x n g r
t q v z p e - k z x
t q a b r t z - z v z - n g r g r
n z m n c - k r g r
n z p n a n g
t q p i b z k r
n z b z t i - l x b l r n g
t q r p n a p e - n g r m l e
t q v z p e x
n z m w i p e - k r n g e
t q a y r n i p e
n z x l r b z l r l e
t q v z p e - k z x
t q v z p e - k z x
t q v z p e x
t q y r p u t i p x p e
n z a l v z t r n g r
t q a l v c - l z b q - n g r g r
t q v z p e - k z x
t z m c p x p e b z l r
n z e s z ' m z n g
t q d w a p l r k r n g
l o p x i l e
t q r g l q t i k r
t q m c p e x
t q v z p e x
v z t r k r
n z r n i b q n g r
t q r m c t i p e k r
t q m c p e k r
m c k r
t q m c p e l e
t q e t u n e p x p e
t r t r k a - z l w z p w z u
t q v z p e - k z x
t q a l v c - l z b q - n g r g r
r l w x k r
t q v z p e x
t q v z p e - k z x
d r t w r d r
t q r k a l z p e - n g r m q g r
m w x l r t i - z l w z k r
t q a b r t z - z v z - n g r g r
b z a m u
t q v z p e - k z x
n a l i n g
t q v z p e x
t z m n c p e n g
t q v z p e - k z x
n z a b r t z - k r g r
t q d w a p l r k r n g
n a k a b o
t q r p i - n g r n
n z a l v z t r p l r
o m i t x p x b z l e
n z l v c n e n g
n z l v c - k r m l r
n z l v c n e - k r d r
y r l q t x b o
t q k r k a ' p e
n z b z n g
t q p i b z k r
t q r k a l z p e - n g r m q g r
n z t e l v z l r
n z p n a n g
a t u l z n g r
a l v z t r l e
n z r m c t i l r
t q y r n i p e x
n z n g i n i - k r d e
t q p i b z k r
t q p i p e b z k r
t z v z p x p e b z n g
n z w z - k r g r
n a p i t x t r - m o p o
t q y r n i t x p e
n a e s z ' m z n g
t q n g r l r l z p e
k r l a
t q n g r l r l z p e
t z v z p x p e b z n g
y r l q t x b o
t q v z p e k r
t q y r n i p e x
t q p i b z k r
e t u t x
v z t r n g r
m n c l v z r n g r
t z y c m n e - n g r p e m l r
n a m w i
n z r p i m
n z r p i m
t q v z p e m
n z v z - k r m
t u t x l z m
t q v z p e b z
t q v z p e b z
t q v z p e b z
t q v z p e b z
t q v z p e b z
n z v z k i l r
n z v z k i l r
n z v z k i l r
n z v z k i l r
t z m w i - n g r d r
n z v z k i l r
a b r t z l v z k r
n z v z - k r b z k r
m n c l z - n g r m
n z a b r t z k r
t z k u k i - n g r d r
t z v z p e - k a i n g
t z v z p e - k a i n g
a b r t z l v z k r
t q v z m i t r p e b z l e
t q v z m i t r p e b z l e
t q v z m i t r p e b z l e
t z v z p e - k a i n g
t q v z m i t r p e b z l e
t q v z m i t r p e b z l e
t r - r m n q u
t z v z p e - k a i n g
t q v z t r - m o p w z k r
t r t q k a p e p w q l e
e l a
t z y c m n e t r p e - n g r d r
m z ~ n i b r d r
w x b u p x - n g r m
t q m u - n g r b e
t q v z t r - m o p w z k r
m a k x t x b z l e
t q v z t r - m o p w z k r
r l r - n g r m e
m e n g a b q
t q v z d z k r
t q v z t x
t q v z o k r
t r v z u
t q v z k i p x k r
n a v z - m i p e x
v z - n q b l q m
t q v z t r - m o p w z k r
t q w a i
l x l v r k i m l e
t z m w i p x - n g r m
n z r m c t i n e d r
n z m w x l r t i - l z b q n g
p z t i t x k r
o b q o b z
n z a t r k a t i
n z r p i l z n g r
p i p x - l z b q
n e d e
n e m u n g
t q p i p e b z l e
r k a t r p q
t r p i p e ' u
m e i t x t a t x p x
r k a l z m
a m i n g r p e k r
n a a m i n g r - n g r g r
k x n z t o p w z
t q p i p e b z l e
t z v o p e
n z p r l x l r
t z r t w z - k z n g
m c p z k r
t r t e n g e
t q r w z s o
d w a s x p x - k z p q g r
t q p i m e
m n c p e x
r t a n g r t i b z
n i b q t i
t q p n z ' p e l e
t q s i k l u b e - n g r n e
t u l z m c
p l a m e i t x d e
n a m n c - k a p q n g r
n a r l z
m q n g r m
t q v z p e - k z x
n z v z n e p e l r
n z w z k r
t q r m c t i p e k r
d w a s x p x - k z p q g r
t q v z p e - k z x
d w a s x p x - k z p q g r
t q r m c t i p e k r
t q m c p e k r
n a m n c - k a p q n g r
n a t r k a - z l w z l e
t q r m c t i p e k r
o t i m
r g l q p x k r
a o l v z b z
t q m w i - n g r g r
t r - r m n q u
n a a g l q p e k r
r n g i - b a t r p q
k r l z m g r
n z o - k r m
r g l q p x k r
n z p i - k r m l r
t q t r k a p e m
k x n z y q n g
t q p i p e b z l e
t z m r g e n g
t r n g i u
m w x l r t x - z l w z k r
r p i o b z l e
t q y r k r p e
k i l z n e d e
r m c t i l e
t q v z p e x
y r n i - e b i r p e n g
t q l i p e
t q m u - n g r g r
m w x l r t x - z l w z k r
r p i o b z l e
m r b r t i t r p e
o b q p x k r
n z t u n g r
r p i o b z l e
o t i m
d w a - r b r l z - n g r m q g r
t q m c p e k r
m n c t x d e
n a y a p w x t i b o
a w i t x - n g r b z k r
n z a n g i o - t x p w z l r
n z r n i b q - k r d r
n z w z - k r n g e
t q m n c - l x b l r p e k r
n g q t i p e l e
t q m c p e x
t q m c p e x
t q m c p e k r
t q r m c t i p e k r
k x e s z '
t q m c p e x
n z a o l v z b z l r
m n c l v z r n g r
n z x l r b z l r l e
v e x
t q m n c - n g r d e
v z t r l e
n z a b r t z n g r
n z v z n e p e l r
n z v z n e p e l r
t q y r n i p e x
t q m c p e x
n z r p i - a n i - k r m l e
n a a g l q p e k r
m n c l z - n g r m
t z v z p x p e b z n g
t z x l r o p e l r
n z r p i - a n i - k r m l e
n z v z n g r
n z l v c p e n g
t q w z t i p e l e
n z m n c n g r
n z r p i - a n i - k r m l e
n z d w a t r - k r d e
t q v z - n g r g r
t q v z p e m
t q n g r l r p x p e m
t q v z - n g r g r
m n c l z - n g r m
v o m l e
v z t r n g r
n z v z
t q m n c
t q a m r l z
t z v z p x p e b z n g
t q m c p e k r
t q n g r l r l z p e
v z x
t q m n c - n g r d e
n z a b r t z n g r
t z v z p x p e b z n g
t q r p i p e x
t q p n z ' p e l e
t z r k a l z p e m
t r n a n i b q l e u
n z a b r t z n g r
n z v z
n z v z
t q v z - n g r g r
t q v z - n g r g r
m c t x m
n z v z
t q v z - n g r g r
t q v z p e m
t q v z - n g r g r
t q v z - n g r g r
n z v z
t q v z p e m
t q v z p e m
t q v z - n g r g r
n z m c k r
n a r l r - n g r m e
t q v z p e m
t q v z - n g r g r
n z v z
t q v z p e b z k r
t q m n c - n g r d e
t q v z p e m
t q v z p e m
t q v z p e
n z v z
n z v z
t q v z - n g r g r
t q v z p e m
t q r p i p e x
t q p i p e m
n z v z
n z m c k r
t q v z p e m
t q v z p e
t q v z p e m
t q v z - n g r g r
t q v z p e
t q v z p e m
t q v z - n g r g r
t q v z p e m
t q r p i p e x
t q v z p e
t q v z p e
t q v z - n g r g r
n z t a v e t r
n z k r k a ' - k r g r
t q m n c
n z r p i m l r
t q v z p e m
t q m w a p e
t q v z t r p e
t q v z p e
n z k r l z m l r
m n c l z - n g r m
m n c l v z r n g r
t z r m c t i p e l r
r p i - m o u p q l e
n z r p i l z - k r d r
t q v z m i t r p e l e n g
r p i - m o u p q l e
n z r p l a m e i t i - k r d e
n a p i n e m c
t q a m i n g r - n g r g r
m n r g r n g
t z r t w z t i p e - k z n g
t q t a b c - z l i n e p e k r
r p i - m o u p q l e
t q m c t i a m u
n z m c p e - k z p z
n z m c - k r n g e l e
b z t i p e d e
t r n z a e n z l i l r u
t q l i t r p e b z
t r r l r - n g r p l e u
t q a m z b l q p x m c
t z k r l z p e - a t e l r
y r m q
n z y a n g r n g a t x - z l w z p e - n g r d r
t q v z p e b o
v z o
n a v z b z k r
n z v z k i
v z - n g r b z k r
y c p q t i p e k r
a b r t z t x p e k r
n a o b q - k a p q p x
n o u d e
n a v z
n a m n c - n g r g r
n z o l z - k r m l e
n a n g r l r t r k i
k r l z p e b z k r
m c - k z a m u
n z m a b r
n z l v c n g
n z r p n a - m o u p q n g
n z y r l q
r l a s z k r
t q a m a p e
t q a y r n i p e
n z n g i k r
x l r k r l e
n z a b r t z l v z l r
t q a y r n i p e
s c d r
x l r k r l e
t q a y r n i p e l e
t q w a i p e l e
b o m l e
t q b z p e
t q r k a w i t i k r
n a r l z
n z b z n g
t q a s u p e
m z l e d e
m z n r y a g w e n g r l c
t q m n c
t z k u k i r p e l r
n e m u n g
k x l i
k c m a n g
n z a t u p x - n g r m
t q y a p w x t i p e m l e
n z a t u p x - n g r m
n z w z t r n g
n z r m c t i - k r d r
n z y c m n e k r b z
n z m c
t r s u k a
n z b o m - k r d e
n z a b r t z - z v z n g r
a t u l z n g r
n z w z - z l w z - k r g r
t q p i p e b z l e
t q m n c
n a l i
t q r m c t i p e k r
t z v z - n g r
t q m n c - l x b l r p e k r
t z k u k i r p e l r
y r l q t x - m o u x
t q v z p e m g r
n z x l r - k r g r
t q v z p e m g r
t z v z - n g r
y r l q t x - m o u x
t q v z p e m g r
t z v z - n g r
t q v z p e m g r
t z v z - n g r
t q m c p e k r
t q v z p e m g r
t q v z p e m g r
t q v z p e m g r
n z v z k i o l r
t z v z - n g r
t z v z - n g r
t z v z - n g r
t q v z p e m g r
t q v z p e m g r
t q v z p e m g r
t z v z - n g r
t z v z - n g r
t z v z - n g r
n a m n c t x p o
t r t e g r
t q v z p e m g r
t u l z m c
t z v z - n g r
t z v z - n g r
t q v z p e m g r
a l v z t r l e
t z v z - n g r
y r l q t x - m o u x
t z v z - n g r
t q v z - n g r g r
t z v z - n g r
t q t r k a
n z v z k a i - k r g r
t q m c p e l e
t z v z - n g r
t z v z - n g r
n z v z k i o l r
t q m c p e x
t q m c p e l e
t q v z - n g r g r
n z p n z '
n z v z k a i - k r g r
t q v z - n g r g r
t r k r l z w x u
t q m c p e l e
t q v z p e m
t q v z p e m
t q v z p e m
t q v z p e
t q m c p e x
t z v z p e
t z v z p e
t q v z p e
t q v z p e
n z a t u p x - n g r m
t q v z - n g r g r
t z v z p e
t q t u p x m
n z a b r t z l v z l r
n z v z k a i - k r g r
t z v z p e
t z v z p e
t q m w i p e k r
t q o l v x t i p e l e
t z v z p e
t z v z p e
t z v z p e
t q v z p e
t z v z p e
t z l v c m q n g
n z v z k i o l r
n z b z - k r g r
n z v z k i o l r
r m c t i - n g r g r l e
n a v z m i b z l e
v z t r l e
r m c t i - n g r g r l e
t q m n c
x l r k r
v z k r
n z v z
n z d w a t r - m o u - k r g r
v z t r l e
n g r l r m i m l e
t q p i p e m
t q p i p e m
t q v z - n g r m
t q l x n g i t i - a t e x
n z v z k i o l r
v z p e m
n z v z k i o l r
n z v z k a i - k r g r
n z v z k i o l r
n z a b r t z k r
n a v z m i b z l e
d r l z d e
n z v z
n z v z k i o l r
t q p i p e m
n z v z
t q p i p e m
n z v z
n z v z k a i - k r g r
n z v z k i o l r
v z p e m
v z t r l e
n z v z k i o l r
v z p e m
n z m n c l z b z
n z v z k a i - k r g r
m c l x
v z p e m
t q p i m e
v z p e m
t q v z p e b z
n z v z k a i - k r g r
v z p e m
t q v z p e b z
n z v z k i o l r
v z t r l e
n z v z k i o l r
t q n g i
t q r p i p e x
v z p e m
n z v z p e - k r d r
n z v z k a i - k r g r
t q p i b z k r
t q v z p x p e
x l r k r
n z v z k i o l r
n z v z k i o l r
n z v z k i o l r
m n c k r
t q v z p x p e
t q v z p e b z
n a m n c n e - n g r g r
n z v z k i o l r
v z p e m
n z v z k a i - k r g r
v z p e m
n z v z k i o l r
v z p e m
v z t r l e
n a m n c t x p o
t q v z p x p e
t q v z p e b z
v z p e m
n z v z p e - k r d r
t q v z p e b z
x l r b z
v z p e m
n z r p i b z l r
t q p i p e b z l e
n z v z p e - k r d r
t q m c p e l e
n z v z p e - k r d r
t q p i p e m
t q t u n e p w z
n a p i p x - l z b q n g
s c g u
k r l x l z p e l e
n a v e x
y c - n r b a l q
l r d r
t q n g q p e l e n g
t q m n c t r p
l x e d r
t q a t a t r p e l e
t q r p i m l e
t z p i p e b z l r
n z m e i t r p z
t q v z - n g r n e
n z v z k i o p e - k z l r
r v z m i m
n z v z n e - k r g r
n z a m z b l q p x - k r m c
a s u m i p e b o
t z m w x l r n g
t q v z p e - k z x
t q v z p e - k z x
t z t a v e l r
d r l z d r n g
a m u k x t r t x
t z m w x l r n g
n z p w x n g
t z t a v e t r p e l r
a b r t z t x - n g r g r
t q v z t r - m o p w z k r
n z r t r n g r - n g r b z
t q v z p e
n z t a v e t r l r
n a a g l q b z l r
t q m c p e k r
t q m c p e k r
m c l e
t q r m c t i p e k r
t q w a i k i
t z w a i s z - n g r d r
n z r p w ' a - k r d e
m z t e
l x e d e
n a r b o m p e n g
t q m r l z p e
n a k r k a ' - z v z k u
k x o d a
v z x
v z x
v z x
v z x
t q a s u l e
v z x
n z t u n g r
v z x
v z x
v z x
v z x
v z x
t q v z p e
v z x
v z x
t q v z p e
v z x
v z x
n z m n c n g
t z v z p e
n z m n c t x p w z
v z x
t z v z p e
v z x
t z v z p e
t z v z p e
t z v z p e
v z x
v z x
v z x
v z x
t q v z p e m
t q v z p e m
t q v z p e b z
t q v z p e b z
t q v z p e b z
n z a t a k i
t q v z p e b z
t q v z p e b z
t q v z p e b z
t q v z p e b z
t q y r n i p e x
t q v z p x p e
t q v z p x p e
t q v z p x p e
t q v z p x p e
t q v z p x p e
t q v z p x p e
t q v z p x p e
t q v z p x p e
t q v z p x p e
t q v z p x p e
t q v z p e m g r
v z t x
v z t x
n z l x n g i t i - k r d r
v z t x
v z t x
v z t x
v z t x
v z t x
n z v z
v z t x
v z t x
v z t x
v z - z v z x
v z - z v z x
n z v z
v z t x
v z t x
v z t x
v z - z v z x
v z t x
v z t x
v z - z v z x
v z t x
v z t x
v z - z v z x
v z - z v z x
v z - z v z x
v z p e m
v z - z v z x
v z - z v z x
v z - z v z x
v z - z v z x
v z p e m
v z p e m
v z p e m
v z - z v z x
v z - z v z x
t q r p i p e x
t z v z p e - k a i n g
v z p e m
t q v z b o
t q v z b o
t z v z - n g r
t q v z b o
t q v z b o
n z v z p e n g
t q v z b o
t q v z b o
n z v z p e n g
n z v z p e n g
t q v z b o
n z v z p e n g
t q n e p e
n z v z p e n g
t q v z b o
n z v z p e n g
t q v z b o
t z v z k i n e d r
t q v z b o
t z v z k i n e d r
t q v z b o
n z v z p e n g
t q v z b o
n z v z p e n g
t q v z b o
t q v z b o
t q v z b o
t q v z b o
n z v z p e n g
t z v z k i n e d r
n z v z p e n g
t z v z o p e n g
n z v z p e n g
n z v z p e n g
t z v z k i n e d r
n z v z p e n g
t z v z k i n e d r
n z v z p e n g
t z v z o p e n g
t z v z k i n e d r
n z v z p e n g
t z v z k i n e d r
t z v z k i n e d r
t z v z k i n e d r
t z v z p x p e b z n g
t z v z p x p e b z n g
n z v z p e n g
t z v z o p e n g
t z v z k i n e d r
t z v z k i n e d r
t z v z o p e n g
t z v z k i n e d r
t z v z p x p e b z n g
n z v z p e n g
t z v z p x p e b z n g
t z v z o p e n g
t q p i p e m
t z v z k i n e d r
n z v z p e n g
t q v z - n g r g r
n z v z p e n g
t z v z o p e n g
t z v z p x p e b z n g
t z v z p x p e b z n g
t z v z o p e n g
t z v z o p e n g
t z v z o p e n g
t z v z o p e n g
t z v z o p e n g
t z v z o p e n g
t z v z p x p e b z n g
t q r p i p e x
t z v z n e p e n g
t z v z o p e n g
v z t r l e
t z v z n e p e n g
v z t r l e
v z t r l e
t z v z n e p e n g
v z t r l e
t z v z n e p e n g
v z t r l e
v z t r l e
v z t r n g r
t z v z n e p e n g
t z v z n e p e n g
v z t r n g r
v z t r n g r
v z t r n g r
t q m r l z p e
n z v z k i l r
v z t r l e
n z v z k i l r
t z v z n e p e n g
v z t r n g r
v z t r l e
v z t r n g r
t q v z m i t r p e b z l e
v z t r n g r
v z t r n g r
t z v z n e p e n g
v z t r n g r
n z v z k i l r
n z v z k i l r
v z t r n g r
t z v z n e p e n g
n z v z k i l r
v z t r l e
n z v z k i l r
t q v z p e b z
t w z q
t q v z m i t r p e b z l e
t q v z t r - m o p w z k r
t q m n c p e k r
t q m n c - l x b l r p e k r
t q m n c - l x b l r p e k r
t q m n c - l x b l r p e k r
n z y c t i k r
t q m n c - l x b l r p e k r
n z p n a t i - k r b z m u
l i t x t r
k x k q l u
k q l u t x
t q m c t i k u n g
n e g u n g
n z n g q t i t x p w z
t r t q w z p e u
t q r p i l e
k r a p w x
n a n e n g
t r t e d e
t r n z a y o t i p e l r u
t q v o t x - n g r p w z
n z p n u t i t x
t q v z p e x
k r l z m l e
n z p w x n g
b r n g e
t z m r g e p e n g
n z r m n q t x n g
n z r t a n g r t i - k r g r
m u l z p e k r
n a v z d z k r
n z v z o - k r d r
m n c t i o m g r
t z m n c t x p w z
t q y r k r p e n g r
n z b o m - k r d e
t q m c p e k r
t q r m c t i p e k r
m q g r
t q v z p e - k z x
t q m c p e k r
x l r b z l e
g l a l z l e
t a b c - z v z k r
n z p n a
t q y r p l a t r p e
y a g o x t x
t q v z p e - k z x
t q v z p e - k z x
t q v z p e - k z x
e s z ' t i
d z b e d e
t q v z p e x
n z l x n g i t i - k r d e
e s z - k r d e
r p i m l e
a b z o k r
a e l w a p x
r g l q k r
n z p i l z l r
m r k c n g
l i p w z
k r l c d e n g
t q m r b r
n a a g l q b z l r
t z w r k x t r p e n g
n z y a l z - k r g r
n z p r p x n g r
t q v z p e
n z r t a n g r - k r d r
t q v z p e
t z m n c n g r
y r k r t x o
b z p e k r
n a k i l z b z l e
y z l u m g r
n z y a p w x - k r d r
r y a p w x - z v z k r
t z v z p e
n z a l v z t r n g
n z o b q - k a p q k r
r y a p w x - z v z k r
x l r m l e
t q v z p e m
t q v z p e m
t q v z p x p e
t q m c p e x
t q v z p e m g r
t q m c l a m u
d w a t r k r
t q v z p e m g r
n z m n c p e n g
t q v z p e m g r
t q v z - n g r g r
t z v z - n g r
v o t r p z k r
b z a m u
t q t o p w z b e - n g r n e
t z m n c - n g r d r
t q v z - n g r g r
n z m u n g r
t q m c p e l e
t q m c p e l e
t q y r n i p e
v z p e m
v z p e m
t q a b r t z - z v z - n g r g r
t q v z b o
t r v z k r u
t q v z b o
n z v z - k r d r
t q y r p u t i p x n g r
t z v z o p e n g
t q v z b o
n z v z t r n g
t z v z o p e n g
v z t x
t q v z t r - m o p w z k r
r y a p w x - z v z k r
d w a t r k r
t q r p i p e m l e
t z v z o p e n g
t q v z t r - m o p w z k r
n z v z p x n g
d w a t r k r
t q t u p x m
t q v z t r - m o p w z k r
t z v z o p e n g
n z v z p x n g
t q v z t r - m o p w z k r
v z t x
n e d r n g
n z v z p x n g
d w a t r k r
t q v z t r - m o p w z k r
n z v z p x n g
n z v z p x n g
n z v z p x n g
n z v z p x n g
n z v z p x n g
v z t x
t q v z t r - m o p w z k r
t q v z t r - m o p w z k r
n z v z p x n g
n z v z p x n g
n z v z p x n g
v z t r n g r
v z t r n g r
n z v z p x n g
t q v z t r - m o p w z k r
n z v z p x n g
v z t r n g r
v z t r n g r
v z t r n g r
t z v z p x p e b z n g
n z v z p x n g
t q v z t r - m o p w z k r
n z v z p x n g
n g r d e
t z m n c - n g r d r
t z t a v e t r l r
n z v z p x n g
t r t r k a - z l w z p w z u
t q p i m e
t z v z p x p e b z n g
n z v z p x n g
v z t r n g r
t z m w i p x - n g r m l r
t q p i m e
n z v z p x n g
n z v z p x n g
t q v z t r - m o p w z k r
t z v z n e p e n g
v z t r n g r
n z m c p x
t q r p i - n g r n
n z m n c k r
t z y a p x p e n g
t z v z n e p e n g
n z v z p x n g
t z v z n e p e n g
t q r p i p e x
t q p i m e
t q n g r l r p e k r
t q t u p x m
m n c l v z r n g r
t z v z n e p e n g
t z v z n e p e n g
t q p i m e
t z m n c - n g r d r
t z v z n e p e n g
n z m c k r
t z v z n e p e n g
t z v z n e p e n g
t z m n c - n g r d r
o t i l e
n z m c t r
n z m n c p e n g
l i p e
n z l v c n g
t z m n c - n g r d r
n z m c k r
t q m w i - n g r g r
m c t r k r
m c t r k r
t z r m c t i p e l r
v z t r n g r
n a y a - p w z - t i p e x
t q a m r l z
t q m n c - n g r d e
n z m n c p e n g
t q p i m e
n z e t u p e - k r n g e
t z m n c - n g r d r
t z x l r o p e l r
t z l v c l z p e - n g r d r
n z v z b z n g
t q p i m e
t q m n c - n g r d e
n z m c p x
v z t r n g r
n z v z b z n g
t r n z p i - k r p l e u
n z m c p x
n z m c t r
n z v z
t q m n c - n g r d e
t q p i b z k r
t q v z t r - m o p w z k r
n z v z b z n g
n z v z p x b z n g
n z m n c p e n g
n z v z p x b z n g
n z m c p x
n z m c p x
n z v z p x b z n g
n z v z k i l r
n z v z b z n g
n z v z b z n g
t q r p i - n g r n
n z v z k i l r
n z v z k i l r
n z d w a t r - k r g r
t z r m c t i p e l r
v z t r l e
n z v z k i l r
n z v z p e - k r d r
