m n c p e x
t r n z p i - k r p o ' u
v z t x
n z v z p e n g
d r v r m i n e m l e
t z v z - n g r
n z v z k a i - k r g r
t q v o t i t r p e m l e
t z k u k i - n g r d r
r m c t i l e
d w a l z m g r
k r a t q
v z m i m q
n z v z - n g r m l r
t e k a t r t x b z l e
m n c t i k r
n z v z p e - k r d r
y z l u m c
n a n g r l r t r k i
t q m c p e k r
m w i - n g r g r
t q v z b o
n z o t r n g r
t q r m c t i p e k r
n z a l v z t r n g
t r s u k a
r p i - m o u p q l e
n z v z - k r n g e
t q p i b z
n z r p l a m e i t i - k r d e
v z m i o l e
n a r k a l z p e m
n z v z p x b z n g
t q y a g o x p e
t q v z p e m g r
t r k r l z w x u
t u l z m c
v z - z v z x
t q v z - n q b l q n e n e
v z p e m
t q r m c t i p e k r
n e d r
v z p x b z k r
t q v z p e m
t q m c p e k r
t z v z o p e n g
n a p i b z k u
o t i b z
t r t e n g e
n g r d r
r p i m l e
v z m i m q
m n c - m i p e - a m u
t q v z p e - k z x
t q v z o k r
t q m w i - n g r g r
t q m c p e x
n z w z - k r n g e
v z x
n i p e n g e
v z m i o l e
n z v z b z n g
k x e t u t i n g
n z v z p e n g
n z m c p x
n z y c m n e
m n c l z - n g r m
n z v z p x b z n g
t z v z p e - k a i n g
t z v z p x p e b z n g
n z m c - k r d e
k r l z b z k r
v z k i m l e
t z v z k i n e d r
t r p e l e u
t r n z l x n g i t i k a l r
t q y r k r t r - a t e m
t u o m
v z p x b z k r
t q y r n i p e x
n z v z k i l r
t q p i m e
t z y r n i n e t r p e b z n g
t q v z p e m g r
n z d w a o n g r
n z v z - k z n g
t q p n z ' b q p e l e
t z p n z - l z b q n g r
t q v z p e - k z x
t z v z o p e n g
t z y a p x p e n g
t q v z p e b z
n z m c t x p w z
p n a t i b z k r
n z a b r t z - z v z n g r
t z v z o p e n g
n a k a t x b z l e
t q m r l z p e
m n c p e x
y r l q t x b o
t q d w a p l r k r n g
t z o b q - k a p q p x p e n g
m n c p e x
t q v z m i t r p e b z l e
t z v z p e - k a i n g
n z r k a k r b z
t u n e p w z
t q p i b z k r
v z k i m l e
n z v z
n z v z n e p e l r
t q v z p e
t q m c p e l e
n z r p i m l r
t q v z - n q b l q n e n e
t q v z p x p e
t z v z k i n e d r
n z v z n e p e l r
t q w z t i p e l e
n z r p i - k r m e
n z a n g i o - k r d r
t q m n c - l x b l r p e k r
t q v z t r - m o p w z k r
t r v z n e - k a k r
n z t u n g r
t q v z b o
n a v z b z
t r v z n e - k a k r
t q p i m e
t q v z p x p e
n z v z n e p e l r
n a n g i p e
t q n e p e
n z v z
n a b o m l r
n z m u - k r d r
n z y a y o l z - k r m g r
n z y a l z - k r g r
n z x l r b z l r l e
r m c t i p e k r
t q y r k r k i p x l e
t z l v c m l r
n z v z - k r m
t q v z - n g r m
r m c t i p e k r
t q y r p u t i p x n g r
m c t x m
m c l z k r
t q r k a l z p e - n g r m q g r
n z v z - k z n g
n z v z - z v z b z n g
t z v z n e p e n g
n z v z p x n g
n z p r p x - k r d r
n a v z b z
v z - z v z x
t q v z p e x
k r l z m g r
n z b z s z n g
o b q l v z t i l e
m c l z k r
n a y r k r t x
n z t a v e t r
t z k u k i n g
t q v z p e m g r
n z r m a l v z - k r g r
p i b z
y c p x
a s u m i p e b o
n a m n c t x p o
t q r p i - n g r n
n z v z - n g r m l r
n z a n g i o - t x p w z l r
r m c t i l e
t q o l v x t i - a t e l e
t z v o p e
n z o t i p e - k r m
n z r l x t i b z l r
n z v z k i o l r
n z a b r t z n g r
t q v z p e b z
t q p i m e
t z v z - n g r
t q v z - n q b l q n e n e
n z m c k r
n z w z - k r n g e
t z v z k i n e d r
n z b z t i - l x b l r n g
t q r m c t i p e k r
n z v z - z v z b z n g
t q m n c - l x b l r p e k r
n z n g i - k r d r
n z p r p x n g r
t q v z b o
t q v z p e - k z x
v e c l e
t q m c p e x
n a v z m i b z l e
r g l q p x k r
t z v z p e
t q v z p e - k z x
r p i - m o u p q l e
n z d w a o n g r
r k a m
n z o k a t r k r
n a v z n g
k r l z m l e
v z t r n g r
t q m a i l z p e b z l e
t z v z o p e n g
n z v z - k r n g e
k x t o p w z
v z t r l e
t q r p i p e x
m c l x n g
n z m c k r
n z r p i m l r
t q v z p e m g r
n z v z k i o l r
m c l z k r
n z a g l q - k r b z k r
n a y a p w x t i m l e
n z l x n g i t i - k r g r
m c l x n g
r n i p e x
p i m
t q p i p e m
n a - a e n z l i p w z l r
n z v z - k r b o
n z r p l a m e i t i - k r d e
n z v z - k r b o
k r l z t r p z k r
n z v z k i o l r
m n c t i k r
t q v z p e m
m z ~ n i b r
t q v z p e b z
o t i l e
t q a m r b r t r p e l e
t q r g l q t i k r
n z r p i b z l r
n z v z p e - k r d r
y r l q b z k r
n a n g q k r
n z b o m l r
n a p i t x t r - m o p o
t r v z n e - k a k r
t q v z p e
n z k r l z m l r
v z k i m l e
t r n z p i - k r p o ' u
r p i l e
t r s u k a
t q o b q t r p e
n z v z - k r b o
n z k a - k r m l e
t z v z p x p e b z n g
n z r p i - a n i - k r m l e
m c t r k r
n z d w a t r - m o u - k r g r
n z v z p e - k r d r
n z r m c t i l r
n z r k a - k r b z k u
m n c l v z r n g r
n z v z - n g r m l r
t q m c l a m u
n a m n c - k a p q t r n g
t z v z p x p e b z n g
n z x l r - k r g r
n z m c t x p w z
t z v z p x p e b z n g
y r l z o
t q d w a p l r k r n g
t r k r l z w a m u
r m c t i l e
t z k a p u t r p e
e t u t x
t q y a p x p e b z
n z r p i - a n i - k r m l e
t z m n c t x - a l o p e n g
t z v z p e - k a i n g
m c p o
n z a b r t z l v z l r
m w i - l x l r t x p w z m u
n a v z n g
n z v z p x b z n g
n a p i t x t r - m o p o
t q v z p x p e
m c p x m
n a v z b z
n z p n a k i p x l r
l v c - a l z u p q
n z a p x - n g r m
t z v z n e p e n g
n z v z p e n g
t q v z p e
t q r k q t i p e
t q v z - n g r g r
n z m n c t i p x m l r
v z t r n g r
k r l a
r k a l z m q g r
m c t x m
k x t r m r l z u
n z a b z o n g
t q v z p x p e
y c p q t i p e k r
n z v z - k r b o
v z t r l e
m c l z k r
n a d w a p e k r
m n c t i k r
n z v z k i o l r
n z r p i m l r
n a m n c t x p o
m n c t i k r
t q v z p e
n a v z m i b z l e
n z r n g i s c - k r d e
n a v z b z
t z l v c m l r
t q y c o m
n z v z - k r m
n a m n c t x p o
n z r p i m
n z v z
t q m c p e k r
m n c - m i p e - a m u
t r n z a y o t i p e l r u
t q r p i b z l e
t q v z p e b z
n z r m c t i n e d r
t r v z n e - k a k r
t q v z - n q b l q n e n e
t q y r k r t r p e k r
t z p r p x n g r
n z a b r t z - z v z n g r
n z p w x n g
m c l x
t z v o p e
y z l u m g r
n z l z t i n g
m n c t i k r
t q a l v c - l z b q - n g r g r
n z a g l q n g r
n z t w z l r
m c t x m
n z v z - k z n g
t q a m r l z
v z p x b z k r
a b r t z l v z k r
v z t x
t q m n c - l x b l r p e k r
n z r p i b z l r
v z m i m q
t q m u - n g r g r
n z w z - z l w z - k r g r
t z v z k i n e d r
t q v z p e m
t q v z b o
a t u l z n g r
t z r p i p e
n z y c b l q n g
b r n g e
a m i n g r p e k r
v z x
t z v z o p e n g
n a b z p e - n g r g r
m n c l z - n g r m
v z - z v z x
v z - z v z x
n z v z k a i - k r g r
n a m n c t x p o
t z a y o t i
t q v z p x p e
n z a c l v e - k r b o
t z n g r l r k i o p e l r
t q r p i p e x
n z r p i m l r
t q m e i p x
w x b u p x - n g r m
v z x
t z r t w z t i p e - k z n g
n a m n c t x p o
v z m i m q
n z v z - k z n g
n z r p i l r
t q v z - n g r m o
l a p e
n a l i n g
n z v z k i l r
n z a y o n e p e - k r d r
t q v z p x p e
t q r p i b z l e
n z v z - k r b o
n z b z s z n g
n z v z p x b z n g
t u t i p x - n g r m
v z k i m l e
n a v z n g
v z t r n g r
t q n g r l r p x p e k r
n a p i t x t r - m o p o
k r a p w x
t z m n c t x - a l o p e n g
t z v z k i n e d r
n z r p i b z
t q v z b o
n z v z - k r m
o t i b z
n z v z - z v z b z n g
t q v z p e b z
n z r p i b z
v z p x b z k r
n z m c p x
m c l z k r
k x n z a l v z t i n g
d w a - r b r l z - n g r m q g r
n a p i n e m c
m n c l v z r n g r
k a l z m l e
t q a m i n g r - n g r g r
t q v z - n g r g r
n z v z - k r m
n z r p i l z - k r d r
y z l u m l e
t q v z t r - m o p w z k r
x n g i t x t r l e
o t i m
m c p x m
n a m n c - k a p q n g r
n z r p i l r
r k a l z m
n z r p i l z n g r
t q p n z ' p e l e
t u l z m c
n z v z k i o l r
n z v z k a i - k r g r
t z v z p e
t q a m z l r p i p e l e
n z v z - k z n g
k c m a n g
k i l z n e d e
t q a s u p e
t q v z - n g r g r
m n c - e p e l z l e
t z m n c t x - a l o p e n g
t q d w a p l r k r n g
t q v z m i t r p e l e n g
t q k a b z k r
n z v z - z v z b z n g
n z r p n a - m o u p q n g
v z t r l e
t z v z k i n e d r
r p i - m o u p q l e
v z t r l e
t z v z p e
t q y a p w x t i p e m l e
n a d r v r - n g r b o
v z x
a m r b r t r l e
t r n z p i - k r p l e u
n z y c m n e k r b z
n z x l r b z l r l e
m c t r k r
k a t x l z m l e
n z v z - k r b o
t u t i p x - n g r m
n a p i t r - m o u p o
t q p l c o
t z a v e a t i p e
t z w r k x t r p e n g
k x b q g r
n z v z - n g r m l r
t q m c p e x
k r l z p e b z k r
t q m w a p e
t z x l r o p e l r
t q v z p e - k z x
t q p i p e m
t q d c p e
t z v z p x p e b z n g
n z v z p x n g
t q b z q
r y a p w x - z v z k r
v z x
n g r d e
v z - z v z x
n z l v c p e - k r d r
n z m c t r
n z v z - k r b z k r
n a v z n g
v z t r n g r
t q v z t r - m o p w z k r
v z k i m l e
w z t r p o
t q v z m i t r p e l e n g
t q v z m i t r p e b z l e
t u o m
t z v z n e p e n g
m n c m i b z l e
n z l z t i n g
n z v z p e k r
o m i t x p x b z l e
m n c - m i p e - a m u
v z k i m l e
t z v z o p e n g
n a r l z
v z m i o l e
n z v z - z v z b z n g
r p i - m o u p q l e
t q p i b z
t z v z n e p e n g
r l a s z k r
n z v z
t z n g r l a p l x
t q m c p e k r
n z v z - k r n g e
y r l q b z k r
n z r p i b z l r
t z a p u l r
t q v z - n q b l q n e n e
t z w a i s z - n g r d r
t q v z - n g r g r
t q v z p e x
t q v z k i l z m l e
t z m n c - n g r d r
t z v z n e p e n g
n z g l r p e - k r d r
v z t r n g r
m c t x m
t r v z n e - k a k r
n z r p i b z l r
m n c t i k r
r m c t i l e
t z v z p e
a e l w a p x - p n z
t q t u l z
n z p i b z l r l e
m w i t x
t z r k a l z p e m
k a m
n a - a v z m l e
t q v z m i t r p e b z l e
t z r m c t i p e l r
n a r p n z '
n a o b q - k a p q p x
t q v z - n g r g r
t q a m z b l q p x m c
n z r m c t i l r
n z m c k r
n e d r n g
n z a m a - k r d e
n z v z n e p e l r
t q v z p e x
t q v z - n q b l q n e n e
n z v z p e - k r d r
v z k i p e b z k r
t q v z m i t r p e b z l e
n z v z - n g r m l r
k x e t u
n z m z n r - k r d e
n y z ' d r
n z v z p e n g
t z v z n e p e n g
m n c t i k r
t q r p i b z l e
r p i l e
t q r p i p e m l e
a b z o k r
y r n i - e b i r p e n g
t q v z b o
n z l v c n g
n z l v c n g
t z v z p x p e b z n g
t q v z p e m g r
k x l i
n a m n c n e - n g r g r
t z v o p e
n z t w z - k r n g e
r p i o b z l e
t r t q k a p e p w q l e
n z p n z ' b z
m r b r t i t r p e
n z m c p x
k r l z - a n g i d r k r
r p n z ' p e
n z v z - k r b o
n z p i b z l r
t z a p u l r
m n c - e p e l z l e
n z v z k a i - k r g r
t q p i p e b z l e
n z m e l z - k r m e
t z v o p e
n z t u - z v z - k r d e
t r n z p i - k r p o ' u
t q n g i
n a v z b z
n z w z - z l w z - k r g r
v z x
n z v z - k r m
v z t x
v z t x
v z t x
n z v z
n z v z
n z v z
n z v z
n z v z
n a v z n g
v z x
v z t x
v z x
n z v z
n a v z n g
n z v z
n z v z
n z v z
n z v z
r p i - m o p w z
m c t x m
m c p x m
v z x
v z x
v z x
m c t x m
n z m c p x
n z m c p x
m c p x m
n z v z - k r m
n z v z - k r m
n z m c p x
n a v z n g
n a v z n g
n z m c p x
n a v z b z
m c t x m
t q m c p e x
t z v z p e
n z v z - k r m
t q m c p e x
n a v z b z
n a v z b z
n z m c k r
t q v z p e
t q v z p e
t z v z p e
n z r p i m
t q m c p e x
t q p i b z
t q m c p e x
t q p i b z
n z m c p x
n z v z - k r m
t q p i b z
t q v z p e
t q p i b z
t q m c p e
m c p x m
w z t r p o
t z v z p e
n a v z n g
n a v z n g
t q p i b z
t q v z p e
n a v z n g
n a v z n g
n z r p i l r
t q p i b z
t z v z p e
t z v z p e
n a v z n g
t q p i p e m
n a v z n g
t q v z p e m
t q v z p x p e
t q v z p e m
t q v z p x p e
n z v z - k r m
t q v z p e
n z v z - k r m
t z v z p e
n z v z p x n g
t z v z p e
v z b z
t q v z p e
n z r p i b z
n z r p i m l r
n z v z - k r m
t q v z p e x
m c l x
n z v z p x n g
t q p i b z k r
t q o b q t r p e
t q v z p e m
t q p i p e m
t z v z p e
t q v e a p e
m c l x
t q v z p e m
t q v z p e m
t q v z p e x
t q t w z p e
n z r p i l r
t q v z p e x
t q v z p e - k z x
t q v z p x p e
t q v z p x p e
t q v z p e - k z x
n z v z p x n g
n z v z p e n g
t q v z p e x
t q v z p x p e
n z v z p e n g
n z v z p e n g
n z v z p x n g
n z v z - k z n g
n z v z - k z n g
n z v z p e n g
n z v z p x n g
n z v z p x n g
n z v z p e n g
t q r p i p e x
n z m c t r
t q p i p e m
t q v z p e m
n z r p i m l r
n z r p i m l r
t q v z p e m
t q p i b z k r
t q v z p e m
t q v z p e - k z x
t q a s u p e
r m c t i l e
n z o - k r m
n z r p i m l r
t q v z p e m
t q v z p e - k z x
t q v z p e m
v z k i m l e
r m c t i p e k r
t q m n c
m c l x
n z v z - k z n g
v z p e m
n z v z - k r m
n z v z - k z n g
t q v z p e - k z x
v z m i m q
v z m i m q
t q p i p e m
t q y a p x p e b z
n a r l z
t q r m c t i p e k r
v z m i m q
m c l x
t q a o k z
t q v z p e m g r
n z v z p e - k r d r
t q v z p e k r
m c l x
t q m r b r
t q v z p e x
t q b r l x - k z p e
t r s u k a
t q v z - n g r g r
m c l x
m w i t x
t q v z b o
t q m n c - l x b l r p e k r
t q v z b o
m c l x
n z v z p e - k r d r
n z v z p e - k r d r
n z v z p e - k r d r
t q v z p e x
n z v z p e - k r d r
n z p w x n g
n z v z p e - k r d r
t q v z b o
t z l v c m l r
v z p e m
l v c - a l z u p q
v z m i m q
n z v z p e - k r d r
n z v z p e - k r d r
n z v z p e - k r d r
n z m n c p e n g
n a r l z
n z k r l z m l r
v z p e m
m c t x m
v z p e m
t q y a p x p e k r
n z a l v z t r n g r
t q r p i - n g r n
n z p i l z l r
v z - z v z x
n z v z k i l r
v z p e m
v z p e m
v z p e m
t q m e i p x
v z p e m
n z v z k i l r
t q v z b o
n a v z b z
t q y a p w x t i p e m l e
m c l x
t q r p n a - n g r m
t q v z p x p e
t q r p n a - n g r m
t q n g i
n a v z b z
r p i l e
m w i t x
n z m c k r
m c l x n g
t q t u l z
v z m i o l e
t q p i m e
v z m i o l e
v z t r n g r
t u p x m
r p i l e
t q p i m e
m c t x m
v z - z v z x
v z t r n g r
v z t r l e
v z - z v z x
k x y r l z
k x t o p w z
m c l z k r
n a k a b z
t u p x m
v z p e m
m c l x n g
l x l v r k i m l e
v z t r n g r
v z - z v z x
v z - z v z x
v z t r n g r
v z t r n g r
t z a y o t i
v z p e m
v z t r n g r
r m c t i l e
m c l x
n z v z
v z t x
v z t x
m c p x m
n z v z
t q m n c
t q m n c
t q m n c
t q d c
m c t x m
m c p o
t q e t u
r m c t i l e
t q r p w x m z
n z a b r t z n g r
r p i o b z l e
r m c t i p e k r
r m c t i p e k r
r m c t i p e k r
n z a b r t z l v z l r
v z m i m q
v z m i m q
n z n g i - k r d r
v z m i m q
m w i t x
n z p n a
t u p x m
n z a r l a p x - k r d e
t q p i m e
a l v z t r l e
t q v z p e
v z - z v z x
v z p e m
t q v z b o
v z - z v z x
t z v z p e
t q v z b o
m c l z k r
m c p o
n a v z b z
t q p i b z
t q m e i p x
m c l z k r
t q v z b o
v z t r l e
t q p i m e
v z t r l e
t u p x m
t q p i m e
m n c p e x
n z m c p x
m r b r t x
v z t r l e
n z r p i l r
n z r p i l r
t q p i m e
m c t r k r
t u p x m
m n c p e x
t q r p i p e x
n z r p i b z
m c t r k r
n z r p i b z
m n c t i k r
m n c t i k r
m c t r k r
v z k i m l e
m n c p e x
m c t r k r
m n c p e x
t z v z - n g r
d w a t r k r
w z t r p o
t q v z p e - k z x
t q v z p e x
t q v z p e x
y z l u m l e
m n c p e x
n z m c k r
v z t r l e
v z t r l e
m c p o
t q v z p e b z
n z r p i b z
t z v z - n g r
t w z t x p o
t q v z p e b z
v z t r l e
n z m c k r
t z v z - n g r
t q v z p e b z
n z l v c n g
n z m c k r
n z r m c t i l r
t q v z p e b z
n z r p i b z
v z k i m l e
v z m i o l e
v z k i m l e
m c l z k r
v z t r n g r
n z m c k r
m c l x n g
n z r p i b z
m c l x n g
t q v z p e - k z x
m c l x n g
m c t r k r
m c l x n g
t w z x
t q p i b o
t q r p i p e x
b z t i p e d e
t z v z - n g r
t q v z p e b z
o t i l e
m c p o
t z v z - n g r
t q v z p e b z
l v c - a l z u p q
n z r p i m
m c l z k r
n z v z p x n g
t q v z p e b z
t q v z p e b z
v z t r n g r
t u l z m c
t q m c p e x
n z v z b z n g
t q r p i p e x
n z v z p x n g
v z m i o l e
t z v z - n g r
t z v z o p e n g
t z v z - n g r
t q r p i p e x
t q r p i p e x
v z t r n g r
n z m c t r
n z a b r t z n g r
t q r p i p e x
n z v z b z n g
t q r p i b z l e
t z k r l z p e
n z v z b z n g
n z m c t r
t z v z - n g r
t q b z p e
t q v z p x p e
n z v z b z n g
v z t r n g r
v z p x b z k r
a c l v e l e
n z v z k i l r
t q v z p e m g r
n z v z k i l r
n z v z b z n g
n z t u n g r
v z p x b z k r
t q m r l z p e
v z p x b z k r
k x m r n a
t q r p i b z l e
t q r p i b z l e
t z v z o p e n g
t q r p i b z l e
t q r p i b z l e
n z r m c t i l r
n z v z k i l r
n z v z - k r m
t z v z o p e n g
t q v z p e m g r
t q v z p e m g r
d w a t r k r
n z v z p x n g
n z m n c k r
r p i o b z l e
t z v z o p e n g
t z v z p e n g
m z k e '
t q m c p e l e
t q p i b z k r
t q v z p e m g r
t r n z p i - k r p o ' u
t q v z p e m g r
m c p o
t q r p i b z l e
y r n i t x
n z v z k i l r
n z v z p x n g
v z m i o l e
n z v z k i l r
n z v z p e n g
t q v z p e x
t q m c p e l e
t w z t r k r
x l r b z l e
n z r p i b z l r
t q y r n i p e x
n z v z - k r m
n a v z m i b z l e
n z r p i b z l r
t q m c p e l e
t z v z o p e n g
t q r p i b z l e
n z a b z o l r
n z d w a o n g r
t q p i b z k r
t z v z o p e n g
k r l z m l e
n z v z p x n g
n z v z p e n g
t z v z n e p e n g
v z p x b z k r
t z v z o p e n g
v z p x b z k r
t z v z n e p e n g
t z v z o p e n g
v z p x b z k r
d w a l z m g r
n z v z b z n g
t z v z p e - k a i n g
n a v z m i b z l e
v z m i o l e
n z r p i b z l r
n z m c t x p w z
r p i o b z l e
t z v z p e - k a i n g
n a v z m i b z l e
t q m c p e l e
t q m c p e l e
k r l z m g r
n z v z - k r b o
n a v z m i b z l e
n z v z b z n g
n z v z - k r b o
n z v z - k r b o
n a d w a p e k r
n z y c m n e - k r b o
n z d w a o n g r
n z m c t x p w z
t z v z p e - k a i n g
n a y a g o x n g
k r l z p e b z k r
t u n e p w z
n z t u n g r
n a v z m i b z l e
n z v z - k r b o
t z v z n e p e n g
t q m c p e l e
o t i m
n z v z
n z v z
o t i m
v z x
v z t x
t q v z p e m
r m c t i p e k r
v z p e m
m c p x m
m c o m q
v z p e m
v z p e m
v z p e m
v z m i m q
m c l x
m c l x
t q v z - n q b l q n e n e
t q v z - n q b l q n e n e
t q v z - n q b l q n e n e
t q v z - n q b l q n e n e
t q v z - n q b l q n e n e
n z m c p x
t q v z m i t r p e b z l e
t q v z m i t r p e b z l e
t q v z m i t r p e b z l e
t q v z m i t r p e b z l e
t q v z m i t r p e b z l e
t q v z m i t r p e l e n g
t q v z m i t r p e l e n g
t q v z m i t r p e l e n g
t q v z m i t r p e l e n g
t q v z m i t r p e l e n g
t q v z m i t r p e l e n g
t q v z m i t r p e l e n g
t q v z m i t r p e l e n g
t q p i m e
o t i b z
m c p o
t q p i b z
r p i l e
n z m c t r
n z m c k r
t q v z p e m
m c t x m
n z r p i b z
n z r p i m
v z m i m q
n a v z b z
r m c t i p e k r
n z m c t r
e t u t x
m c t x m
a l v z t r l e
w z t r p o
n z n g i k r
k x y r l z
t q v z b o
v z t r l e
t q v z b o
r g l q p x k r
t u n e p w z
t z v z p e
t z v z p e
t q v z b o
m c t r k r
p r t r p o
v z m i m q
r m c t i l e
n z w z k r
v z m i m q
n z w z k r
t q v z t r p e
t q p i p e m
v z m i o l e
t q v z p e
k i l z n e d e
t q v z p e
y r w i t x - k z l e
n z p n z '
k x p r k i
m c l x n g
m c l x n g
n z w z k r
m c p z k r
t z v z o p e n g
n z m c k r
n a m c k r
t q p i p e m
n z r p i m l r
n z v z p x n g
n z r p i m l r
n z v z p x n g
t u n e p w z
v z t r l e
e t u t x
n z m c t x p w z
n z r p i b z l r
m c l z k r
n z m c t x p w z
n z v z - k r b o
d w a l z m g r
d w a t r k r
t q k r l z p e l e
k x m a t q
t r s u k a
d w a t r k r
m c l z k r
v z t r l e
v z t r l e
v z k i m l e
v z t r l e
m r t u t x
n z v z - k r b o
n a p i b z k u
n z v z p e n g
t q v o t x - n g r p w z
t q v o b e
n z v z k i l r
t q p i b z k r
k r l z m g r
m z n r y a g w e n g r l c
k x p l c
n z m n c p e n g
n z m n c p e n g
x l r b z l e
n a p i b z k u
n z m c t x p w z
n z v z p x n g
n a e s z ' m z n g
t q v z p e - k z x
n z y r l q
n a y r k r t x
d w a l z m g r
t q v z p e b z
t z v z - n g r
d w a l z m g r
n z m n c p e n g
n z l v c n g
n z m c t x p w z
n a v z - k a i k r
n a v z k r
n z v z k i o l r
n z l v c k r
a t u l z n g r
n z t u n g r
n z r p i b z l r
t q v z p e m g r
n z m n c p e n g
n z m n c p w z n g
n z m c t x p w z
n z m c t x p w z
n z m c t x p w z
n z p r p x n g r
r g l q p x k r
t z v z o p e n g
n z t u n g r
n z v z k i o l r
n z d w a o n g r
n z k r l z m l r
n z r m c t i l r
t q v z p e - k z x
n z r m c t i l r
t q m c p e l e
t q v z p e - k z x
n z v z k i o l r
a t u l z n g r
n z y c m n e - k r b o
t q r p i p e x
n z v z k i o l r
x l r k r
o l i q l z k r
t q w z t i p e l e
n z v z k i o l r
n z v z k i o l r
r k a l z m
r k a l z m
t q v z - n g r g r
n z v z p e - k r d r
a t u l z n g r
n z v z k i o l r
n a m n c t x p o
n z v z p x b z n g
n z v z p x b z n g
n z v z p x b z n g
n z v z p x b z n g
n z v z p x b z n g
t r v z n e - k a k r
t r n g i u
n z i k l a p w z
n z v z p x b z n g
t q r p i - n g r n
n z v z p x b z n g
n z v z p x b z n g
y z l u m c
n z p i l z l r
t q p i p e b z l e
n z v z p x b z n g
t q p i p e b z l e
n z v z k i o l r
n z p e t i
n z r l z n g
t q p i p e b z l e
t q p i p e b z l e
n z w z - k r n g e
t r v z n e - k a k r
m n c l z - n g r m
t q w z t i p e l e
n z r m c t i l r
n a m n c t x p o
t z s i k l u t i
t q r m c t i p e k r
n z r m c t i l r
t z v z k i n e d r
m n c l z - n g r m
n z v z n e p e l r
t z v z n e p e n g
n z v z n e p e l r
n z y r l q b z
n z v z n e p e l r
t z v z n e p e n g
n z v z n e p e l r
t q o l v x t i p e l e
a b r t z l v z k r
t q v o b e
n z r m c t i - k r d r
o s z b z l e
n z v z n e p e l r
n z v z n e p e l r
n z r m c t i l r
n a v z m i b z l e
n z v z n e p e l r
n z v z n e p e l r
t q v z p e - k z x
t q v z p e x
n a d w a p e k r
n z v z n e p e l r
n z r m c t i l r
n z a l v z t r n g
t r v z n e - k a k r
t z v z k i n e d r
t z v z k i n e d r
t z v z k i n e d r
n z v z - n g r m l r
t z v z k i n e d r
t z v z k i n e d r
n a v z m i b z l e
n z r m c t i l r
n z t a o k r
t z v z k i n e d r
v z x
v z t x
t q m n c
m c l x
d w a t r k r
n z v z - k r m
n z v z - k r m
n z v z
n z v z
n z v z
m c p o
k x o d a
t z r k a l z p e m
t q x p l r
m c p o
m c t x m
d w a - r b r l z - n g r m q g r
d w a - r b r l z - n g r m q g r
n z m c p x
d w a - r b r l z - n g r m q g r
n z m c p x
r p i l e
n e d r
v z - z v z x
m c p x m
v z - z v z x
v z - z v z x
m c l x n g
m n c p e x
m c t r k r
v z m i m q
n a v z b z
n a v z n g
o t i b z
k x t o p w z
t z v z p e
t z v z p e
t z v z p e
t q v o b e
t q v o b e
t q p i m e
t q v z p e m
t q v z p e m
t q v z p e m
t q v z p e m
n z v z n g
t q t u l z
n a y r k r t x
t q t u l z
k r l z b z l e
n z m c k r
n a r p n z '
a e l w a p x
d w a t x t r x
d w a s x p x - k z p q g r
t q t u l z
v z m
t z v z - n g r
t q t u l z
t q m c p e l e
t z v z - n g r
v z t r l e
t q v z p e b z
t q v z b e
t z v z - n g r
t q v z p x p e
n z n g i - k r d r
t u n e p w z
k r l z m l e
t r m c l e u
t q v z p e b z
r p i - m o u p q l e
r p i - m o u p q l e
n z r p i l r
t q a m a p e
t q r p i p e x
o t i b z l e
v z m i o l e
t q v z p e
v z m i o l e
v z m i o l e
n z v z p x n g
v z p x b z k r
d w a s x p x - k z p q g r
n a v z m i b z l e
n e d r n g
n z t a v e t r
n z p r p x k r
a e l w a p x
n z v z b z n g
n z v z k i l r
d w a t x t r x
a t u l z n g r
t q m c p e x
t q v z p e x
n z v z p e n g
v z p x b z k r
n z v z - k z n g
n z d w a t r - k r g r
t z v z k i n e d r
t q n g r l r p x p e k r
n z r m c t i l r
d w a s x p x - k z p q g r
n z r p i b z l r
n z v z b z n g
t q v z p e - k z x
n z v z k i l r
n z v z p e n g
t q v z p e m g r
t q n g r l r p e k r
v o m l e
v z t r n g r
n z r p i b z l r
r p i o b z l e
n a y a g o x n g
y r l q b z l e
t z v z k i n e d r
r p i o b z l e
n z r p i m l r
n z p r p x n g r
n z v z - k r b z k r
n z r m c t i l r
t r v z n e - k a k r
n z l v c p e n g
t r v z n e - k a k r
t z v z k i n e d r
t z v z k i n e d r
t z v z k i n e d r
t r v z n e - k a k r
n z r p i b z l r
n z v z - k z n g
t q m c p e k r
n z v z - k r b o
t q r m c t i p e k r
t r v z n e - k a k r
n z a l v z t r l r
n z v z - k r n g e
m n c - k a p q - n g r g r
t r v z n e - k a k r
t q v z p e m g r
d w a t x t r x
t r v z n e - k a k r
n z m c t x p w z
n z m c t x p w z
t q r m c t i p e k r
t r v z n e - k a k r
t q v z - n g r g r
t q p i p e b z l e
v o m l e
y r l q t x b o
t q v z t r - m o p w z k r
n z v z n e p e l r
t q v z - n g r g r
t q m c p e k r
t z v z n e p e n g
n z v z n e p e l r
t q v z - n g r g r
n z v z n e p e l r
t q v z - n g r g r
k x g l r
n z m n c p e n g
t q w z t i p e l e
t u t i p x - n g r m
r m c t i p e k r
t q v z - n g r g r
t q v z - n g r g r
t q v z - n g r g r
o s o p x b z k r
n a v z m i b z l e
n a v z m i b z l e
t q v z t r p e k r
n a v z m i b z l e
n a v z m i b z l e
n a v z m i b z l e
n a v z m i b z l e
m n c l z - n g r m
n a v z m i b z l e
n a v z m i b z l e
k r l z p e b z k r
n a v z m i b z l e
m n c l z - n g r m
t q r p i b z l e
n z v z - k z n g
m n c l z - n g r m
n z v z p x b z n g
n z v z p x b z n g
n z v z - k r n g e
n z v z - k r n g e
n z v z - k r n g e
n z v z - k r n g e
n z v z p x b z n g
t z v z n e p e n g
n z v z - k r n g e
n z v z - n g r m l r
n z m n c n g
n z v z - k r n g e
n z v z - n g r m l r
n z v z - k r n g e
n z w z t r n g
n z v z - n g r m l r
n z w z - k r n g e
t q p i p e b z l e
x l r k r
n z r l e t i n g r
n z v z - k r b z k r
t q p i p e b z l e
t z r m c t i p e l r
t z r m c t i p e l r
n z o t i p e - k r m
t q m c p e k r
a b r t z l v z k r
t z v z p x p e b z n g
t z v z p x p e b z n g
t q p i p e b z l e
n z w r k x t r n g r
t z r m c t i p e l r
t z v z p x p e b z n g
t z v z p x p e b z n g
n z v z - k r b z
t q p n z ' p e l e
n z v z - k r b z k r
t q r t w a y z b z
t z v z p x p e b z n g
t z v z p x p e b z n g
n z v z p x b z n g
n z v z p x b z n g
n z v z - k r b z k r
n z v z - k r b z k r
t q v z - n g r g r
n z v z - k r b z k r
b z p e k r
n z v z - k r b z k r
t z r m c t i p e l r
t z v z p x p e b z n g
n z v z - k r b z k r
n z v z - k r b z k r
t z v z p x p e b z n g
t z v z p x p e b z n g
n z v z - k r b z k r
t z v z p x p e b z n g
t z v z p x p e b z n g
t z v z p x p e b z n g
n z y c m n e k r b z
t z y a p x p e n g
n z v z - k r b z k r
m n c l v z r n g r
m n c l v z r n g r
n z v z - n g r m l r
n z v z - z v z b z n g
t z y a p x p e n g
k x e t u
n z v z - k r b o
v z x
v z x
n z v z
t q m c p e l e
n z v z - k r b o
n z v z - k r b o
n z v z - k r b o
v o m l e
v z t x
n z v z - k r m
n z v z - k r m
n z v z - k r m
v z t x
v z x
t q m c p e l e
n z v z
n z r p i - a n i - k r m l e
n z r p i - a n i - k r m l e
t q v z - n q b l q n e n e
y c p x
t q v z - n q b l q n e n e
t q v z - n q b l q n e n e
n z r p i - a n i - k r m l e
t q v z - n q b l q n e n e
t q v z - n q b l q n e n e
t q v z - n q b l q n e n e
t q v z - n q b l q n e n e
t q v z - n q b l q n e n e
n z r p i - a n i - k r m l e
n z r p i - a n i - k r m l e
v z p e m
n z v z p e n g
n a m n c - k a p q n g r
m c p o
n a m n c - k a p q n g r
n a m n c - k a p q n g r
v o k r
v o k r
n z v z p x n g
k c m a n g
n z v z p x n g
n z v z p x n g
r p i l e
m c p x m
n z v z b z n g
n z m c k r
o t i b z
n z r p i l r
y r n i t x
m c t r k r
o t i l e
v z p e m
v z p e m
v z p e m
s c g r
s c d e
m c t x m
t q p i b z
t q n g y a p e
n z m c t r
t z v z p e
t q v z b o
w z t r p o
n a p i b z k u
n z v z p x b z n g
n z v z p x b z n g
t q v z p e
t q v z p e
t z v z p e
x l r k r
t q p i m e
v z t r l e
v z t r l e
t z v z - n g r
t z v z - n g r
v z t r l e
v z t r l e
n z a n g i o
v o k r
v z m i m q
n z m c t x p w z
n z m c t x p w z
m w x l r t i - z l w z k r
n a d w a p e k r
t q v z p e
t z v z p e - k a i n g
t z v z p e - k a i n g
t z v z p e - k a i n g
n z v z b z n g
v z m i o l e
n z v z b z n g
t z v z p e - k a i n g
v z t r n g r
v z t r n g r
v z t r n g r
v z - z v z x
t u n e p w z
t q y a g o x
t q v z p x p e
v z - z v z x
r m c t i l e
t r t e n g e
m c k r
t z v z p e - k a i n g
v z t r n g r
n z o t i p e - k r m
m n c p e x
t q v z p x p e
p i b z l e
t z v z n e p e n g
t z v z o p e n g
t q a c l v e b o
r d r n g
t q a s u p e
n a m n c t x p o
t z v z o p e n g
d w a t x t r x
t q a s u p e
b z t i p e d e
t q v z p e - k z x
a b r t z l v z k r
t z v z p e - k a i n g
t z v z p e - k a i n g
t z v z p e - k a i n g
t q v z p e - k z x
n z v z - k r d r
t q m c p e k r
t q m n c - l x b l r p e k r
n z t u - z v z - k r d e
n z v z p e - k r d r
n a d w a p e k r
n z v z p e - k r d r
n z v z n e p e l r
n z v z p e - k r d r
n z v z p e - k r d r
v z p x b z k r
n z v z n e p e l r
x l r b z l e
r m c t i - n g r g r l e
t u n e p w z
t r k r l z w x u
x l r m l e
t q v z p e b z
d w a t x t r x
n z r k a t x n g r
n z v z - z v z b z n g
t q v z m i t r p e l e n g
n z v z - z v z b z n g
t q v z p e m g r
n z v z - z v z b z n g
a s u m i p e b o
n z r p i m l r
t q r m c t i p e k r
n z v z - z v z b z n g
n z v z - z v z b z n g
n z v z - z v z b z n g
n z v z - z v z b z n g
n z v z - z v z b z n g
n z v z - z v z b z n g
n z v z - z v z b z n g
n z v z - z v z b z n g
v z p x b z k r
n z v z b z n g
t z v z p e - k a i n g
t q k i p o p e
n z v z - z v z b z n g
n z v z - z v z b z n g
n z v z - z v z b z n g
n z v z - z v z b z n g
n z w z t r n g
t q r m c t i p e k r
t q m c p e k r
n z d w a o n g r
n z m n c p e n g
r k a l z m g r
r k a l z m q g r
r p i o b z l e
n z m n c p e n g
m c p z
t q v z p e - k z x
n z p r p x - k r d r
t z y z l u p e - m o p w z n g
n z v z k i o l r
t q m c p e x
n z w z t r n g
n z r k a t x n g r
t r t e d e
n z l x n g i t i - k r d r
n z v z - k z n g
p i b z l e
r l w x k r
p i b z l e
t z v z p e - k a i n g
t z v z p x p e b z n g
n z v z - k z n g
n z r k a t x n g r
m n c l v z r n g r
n z l x n g i t i - k r d e
n z r l z - k r g r
t q p n z ' b q p e l e
n z v z - k z n g
n z k r l z m l r
n z v z - k r b z k r
m n c l v z r n g r
n z p n a k i p x l r
n z r k a t x n g r
n z r k a t x n g r
t z r m c t i p e l r
t q n g q p e l e
t q w a i
t z r m c t i p e l r
t z r m c t i p e l r
n z - z p q t r - k r d r
t z r m c t i p e l r
t q r k a l z p e m g r
n a r b o m p e n g
p i b z l e
t z r p i p e m
t z r m c t i p e l r
n z o t i - k r m l e
n z p i l z l r
t z v z k i n e d r
t z r m c t i p e l r
n e m u n g
n e n g e n g
n e g u n g
n a k i l z b z l e
n z y c m n e - k r d e
t z m n c p e n g
t z r m c t i p e l r
t q l x n g i t i - a t e x
t z r l x n g i t i n g
t r v z n e - k a k r
t r v z n e - k a k r
n z p n a k i p x - m o u l r
p i b z l e
n z y c m n e k r b z
n z m n c - k r d r
t z r m c t i p e l r
n z v z - k r n g e
p i b z l e
t q p n z ' p e l e
t z p n z - l z b q n g r
n z a t u p x - n g r m
t q t u p x m
n a v z m i b z l e
t q v o t x - n g r p w z
n z t u - z v z - k r d e
n z v z
v z x
v z x
v z x
v z x
t z v z p e
v z t x
v z t x
n z r p i m l r
m c t x m
m c t x m
n z v z - k r m
v z t x
m c l x
n z m c
t z p n z - l z b q n g r
t q v z - n q b l q n e n e
t z m c n g r
v z - z v z x
t q m r b r
t z - z p q t r n g
n z a t a k i
m w i t x
m c p x m
t q m n c
n z m c t r
v z m i m q
m w i t x
v z - z v z x
m c p x m
m c l x n g
m n c p e x
v z t r l e
v z p e m
x l r m l e
t r t e d e
r p i l e
t q v z p e
t q v z p e
t z v z p e
t q v z p e
t w z l e
n z r p i b z
n z v z p x n g
v z k i m l e
r p i o b z l e
v z k i m l e
o t i l e
v z k i m l e
d w a t r k r
n z m c p x
t q v z p x p e
t q p i b z k r
n z m c k r
n z v z p e n g
n a v z n g
v z t r n g r
v z t r n g r
n z r p i l r
n z v z p x n g
t q v z p e b z
t q v z p e b z
p i b z l e
m w a k r
v z k i m l e
v z p x b z k r
t q v z p e b z
v z p x b z k r
t q v z p x p e
t q v z p x p e
p i b z l e
n z v z k i l r
t z v z - n g r
t z v z - n g r
t z v z - n g r
t z v z - n g r
t q t u p x m
t z r m c t i p e l r
n z m r l z k r
t q v z p e - k z x
t q p i p e b z l e
a t u l z n g r
n z v z b z n g
t q v z p e - k z x
t q t u p x m
t q v z p e x
t q v z p e x
t q v z p e x
n a r p n z '
t q v z p e x
n z v z k i o l r
n z r p i l r
t q v z p x p e
t q v z p e x
t q v z p e x
t q a m r l z
n z r p i l r
t u l z m c
r m c t i p e k r
p n z ' b z l e
n z w z k r
n z t u n g r
n z v z k i l r
n z v z p e n g
t q p i p e b z l e
t q p i p e m
n z v z p e n g
n z v z k i o l r
d w a l z m g r
n a v z m i b z l e
y r m q
n a p i t r - m o u p o
n a v z m i b z l e
n z d w a o n g r
r p i - m o u p q l e
l x e n g e
t q p i b z k r
n a v z m i b z l e
t q p i b z k r
t z l v c m l r
n z v z - k r n g e
t q m z b l q p x m
v z p x b z k r
k x p w x
y a g o x t x
n a n e n g
t q t u p x m
n a m n c t x p o
d w a t x t r x
t r t e d r
t q v z p e m g r
x l r b z l e
n z v z p e - k r d r
t q v z p e m g r
n z v z t r n g
l c d e p w z
n z v z k i o l r
n a v z m i b z l e
t q v z - n g r g r
r p i - m o u p q l e
m n c l z - n g r m
t q m c p e l e
n z v z n e p e l r
n z m n c l z b z n g
t q m n c - n g r d e
r p i - m o u p q l e
n z v z p e - k r d r
t q t u p x m
n z v z p e - k r d r
n e n g e n g
t q m c p e k r
t q r m c t i p e k r
m z l i   k c
k c m a
t q o t i p e b z l e
n a p i b z k u
k r l z m g r
t q t u n e p w z
t q v z - n g r g r
t z v z o p e n g
t q v z - n g r g r
n z v z - n g r m l r
n z l z t i n g
t q v z - n g r g r
t z v z o p e n g
t z v z k i n e d r
n a p i b z k u
t q m c p e k r
t z v z o p e n g
t z v z p e - m o u n g
m c t e
n z v z - n g r m l r
t u t i p x - n g r m
t q a s u l e
n z v z - n g r m l r
n z v z - n g r m l r
n z v z - k r n g e
t q w a i p e x
m z l e d e
n a p i b z k u
n z m n c l z b z n g
t q m n c - n g r d e
s c d r
t z x l r o p e l r
t q v z t r - m o p w z k r
t q d w a p l r k r n g
t z k u k i r p e l r
t z v z k i n e d r
t z v z n e p e n g
r p i - m o u p q l e
m n c l v z r n g r
n z v z - k r b z k r
t z r t a n g r p e
m r k c n g
n z v z - n g r m l r
n a v z m g r
t q v z o p e
t r v z k r u
t z v z - a t e n g
n a v z - n q b l q l e
n z v z k i o p e - k z l r
n z v z - k r m g r
n z v z n e - k r g r
t r v z u
n a v z
t z v z k i p x l r
t q v z o p e k r
t q v z t x p e
t q v z k i p x k r
n z v z b a t r - k r b z l r
v z - n g r b z k r
v z p e - k a i p
v z t x p e - n g r d e
v z - z v z k r
t q v z k i l e
t q v z p e b o
t q v z - e t r - n g r d e
t q r v z m i p w q
n z v z m i - k r g r
t q v z n e - z v z k r
n z v z d z m q n g
v z - n q b l q m
v z b o
t q v z - n g r n e
t q v z p e - m o u k u
t q v z d z p e - n g r m g r
n a v z b z k r
n z v z n e - k r g r
n a v z - k a i p o
t q v z o p e k i
k r l c d e n g
t q t u n e p w z
t u t x l z m
a s u m i p e b o
n z m n c l z b z n g
t q w z t i p e l e
n z y a l z - k r g r
t q m z n r p e
t q t u n e p w z
m n c - e p e l z l e
m n c - e p e l z l e
t z m w i p x - n g r m
t q m w i t x p e
n z m w i p e - k r n g e
m w i t x k r
t z m w i p x - n g r m l r
m n c - e p e l z l e
n z v z - k r b z k r
t z v z p x p e b z n g
n z v z - k r b z k r
v z x
v z p e m
n z v z k i o l r
v z p e m
n z r p i l r
n z r p i l r
n z p n a n g
t r b o i u
n z v z k i l r
n z v z k i l r
n z v z - k r m
n z p n a n g
m c l x
n z p n a n g
t z p r o p e n g
t z v z k i n e d r
t z v z k i n e d r
m c t x m
t u o m
v e x
n z v z - z v z b z n g
n z v z - z v z b z n g
n z m u - k r g r
n z v z k a i - k r g r
n z v z - z v z b z n g
n z v z k a i - k r g r
n z m n c - l x b l r - k r g r
n z v z k a i - k r g r
v z t x
n z k u k i n g
n z a b r t z - z v z n g r
n z a b r t z - z v z n g r
n z r p i - a n i - k r m l e
n z m z n r - k r d r
n z r p i - a n i - k r m l e
t r - r m n q u
n z r p i - a n i - k r m l e
n z r p i - a n i - k r m l e
r l x n g i t i l e
t z n g r l r k i o p e l r
n z r p i - a n i - k r m l e
t z n g r l r k i o p e l r
n a r l z
n z a t u p x - n g r m
n z b z n g
v z - z v z x
v z - z v z x
k r l a
n z v z
m c l x n g
t q t u l z
v o k r
t z v z o p e n g
v o k r
t u p x m
k x e t u
r p i l e
r p i l e
n a m c l e
r p i l e
m c p x m
m e l z m c
t q p i m e
v z t r l e
n a v z b z
n a w r k x t r
t q a s u l e
n a v z b z
t q v z p e m
l x e d e
t q v z b o
r p i l e
t q v z b o
m c t r k r
t q p i b z
n z m n c t x p w z
y z l u m l e
n o u d e
t q v z p e
n e m u n g
n z m c t r
y r n i t x
k c m a
t z v z p e
t z v z p e
v z d e
m w i t x k r
k r l z m l e
n z w z k r
v z t r l e
n z w z k r
a p u l e
n z m c t r
n a v z - k a i n g
n a v z n g
n a v z n g
n a v z n g
n a v z n g
v z k i m l e
t q m c p e x
v z p x b z k r
n z m c k r
n a m r l z
n a v z n g
t q v z p e b z
t q v z p e b z
t q t u n e p w z
m z t e
t q v z p e b z
d r k a ' n g
t q v z p e x
n z r p i b z
v z t r n g r
n z w z t r n g
t z v z - n g r
t z v z - n g r
t u t x l z m
v z k i m l e
v z k i m l e
v z k i m l e
t a b c - z v z k r
v z m q g r
v z p x b z k r
m n c - e p e l z l e
n z v z - k r b o
n z v z - k r b o
n z v z - k r b o
r d r n g
n z y c m n e
m n c l z - n g r m
m n c - e p e l z l e
t u t x l z m
t z x l r o p e l r
d w a l z m g r
n a m n c t x p o
a l v z t r l e
x l r b z k r
t q w z t i p e l e
t u t x l z m
n z v z n g r
t q y a g o x p e
n z v z - k r b o
t q v z t r - m o p w z k r
r m c t i p e k r
d w a l z m g r
t u t x l z m
k r l z p e b z k r
n z m n c p e n g
n z r p i m l r
n z p r p x n g r
t q v z t r - m o p w z k r
t r k r l z w x u
m n c - e p e l z l e
n z o t r n g r
t q t u n e p w z
n z v z p e n g
t z m w x l r n g
t z n g r l a p l x
t q p i p e b z l e
n a p i b z k u
v o t r p z k r
m a l e l e
n z v z p e n g
t z m n c - n g r d r
m n c - e p e l z l e
n z v z b z n g
n a p i t x t r - m o p o
t q t u n e p w z
n a p i t x t r - m o p o
t q m w i t x p e
t z m n c - n g r d r
t q m w i t x p e
n a b z d r
t q w z t i p e l e
n z a y o n g r
t q y a g o x p e
t z m n c - n g r d r
m n c - e p e l z l e
t z v z n e p e n g
t z v z n e p e n g
t z v z n e p e n g
t q v z p e m g r
n a n g r l r t r k i
d w a l z m g r
t q p i p e b z l e
n a n g r l r t r k i
t z t a v e l r
n a p i t r - m o u p o
t z m n c - n g r d r
t u t i p x - n g r m
n z v z - k z n g
t q m w i p e k r
n a p i t x t r - m o p o
n a n g r l r t r k i
t z m n c - n g r d r
n z y c m n e - k r d e
n z y c m n e - k r d e
t q m n c - n g r d e
t z m n c - n g r d r
n a d w a p e k r
a b r t z l v z k r
p r t r p z
n a v z m i b z l e
n z v z - k z n g
n z v z - k z n g
n z v z - k z n g
n a p i t x t r - m o p o
n z v z - k r n g e
m n c - e p e l z l e
t z m w x l r n g
n z y c m n e - k r b o
d w a l z m g r
n a k a b o
n a k a b z k r
n z v z - k r n g e
l x e g r
n a v z m i b z l e
k r l z p e k r
n z v z p x b z n g
n z v z - k r n g e
t q m n c - n g r d e
n e g u n g
n z v z p x b z n g
n a v z m i b z l e
t r k r l z w x u
t z k u k i - n g r d r
t z t a v e l r
t q n g r l r p e k r
t q t w z p e b z l e
k x l r p r
t r k r l z w x u
t q v z p e m g r
n a y a g o x n g
t q v z p e m g r
n z v z - k r b z k r
t r d o u
t r d o - k z u
m w x l r - n g r g r
m w x l r t x - z l w z k r
n z v z - k r b z k r
t q y a p x p e b z
t q v z p e x
m w x l r t x - z l w z k r
t q v z p e x
t q v z p e - k z x
n z v z - k r b z k r
t q v z p e x
t q r m c t i p e k r
t q v z p e - k z x
t r v z n e - k a k r
