n z p w x n g
s c g u
n z k a - k r m l e
v z - z v z x
b z p n z ' x
m c l z k r
n z w z t i - k r b z l e
t r d o - k z u
n z w z - k r g r
y r l q b z l e
n z r k a t x n g r
v z x
t r k r l z w x u
r m c t i - n g r g r l e
m c t r k r
v z p x b z k r
t q v z - n g r g r
t q v z m i t r p e l e n g
a s a n e
t z k u k i - n g r d r
n z v z - k r m
n z a n i t x p w z
m w x l r t x - z l w z k r
v z p x b z k r
t z v z p e
y c p x
m z l i   k c
n z v z k a i - k r g r
v z m i m q
t q v z p e m g r
n z r t a n g r t i - k r g r l e
t q m w i t x p e
t q m c p e l e
o t i l e
n z m c k r
n z r p i b z l r
n a v z m i b z l e
v z m i o l e
n a a g l q p e k r
n z v z
n a v z b z
n z r t w z - k z p q n g
t z v z p x p e b z n g
s c g u
n z r p l a m e i t i - k r d e
t q v z t r - m o p w z k r
d w a t r k r
t q m a i l z p e b z l e
n z v z - k r b o
t q m c p e x
t q r p i b z l e
m c t x m
d w a - r b r l z - n g r m q g r
t q v z p e
t r n z m n c p e u
v z - z v z x
t q w a i p e l e
k z t e n g e
t z t a v e l r
t q m c p e l e
n z m c k r
n z v z k i l r
r p i - m o u p q l e
n z v z d z m q n g
e s z - k r d e
n a d w a p e k r
n z v z k a i - k r g r
t q v z - n g r g r
n z v z - k z n g
n z v z - z v z b z n g
d r t q m
v z p e m
t z v z k i n e d r
n z v z - k r b o
n z t w z - k r m l e
r t r n g r t i b z
m c l x
t q a e n z l i k r
v z t r n g r
r m c t i l e
n z m c k r
t z y c p e n g r
t q v z p e x
n z v z p e - k r d r
n z v z p x b z n g
n z l v c k r
n a m r l z
t q v z p e
n z v z - k z n g
t q o t i m l e
n z v z p e - k r d r
n z v z d z - k r g r
k x m a t q
t q v z p e x
n z m n c l z b z
n z v z - k r m
n z v z - k r b o
v z m i o l e
n z v z k a i - k r g r
t q r m c t i p e k r
o m i t x p x b z l e
t q v o t i t r p e m l e
n z v z - n g r m l r
t z m w i p x - n g r m l r
m n c l z - n g r m
m r v r t i p e
n z r p i m l r
n z k q l u t x
t q r p i b z l e
m w i t x
v z x
n z k a o b z l r l e
t u p x m
n z v z - n g r m l r
p r o t x k r
v z p x b z k r
n z v z p e - k r d r
t z l v c - a t e n g
v z t r n g r
t z v z p e - k a i n g
n a v z m i b z l e
m c p x m
m c l z k r
n z v z - n g r m l r
n z v z n e p e l r
v z t r n g r
m c l x n g
n z a l v z t r n g
n z m c t x p w z
m w i t x
t q v z p e
v z x
t r t q w z p e u
n z v z k i l r
n z v z k i l r
t z v z k i n e d r
n z m c k r
n a l i n g
t q v z p e m g r
n z v z p x b z n g
t q v z m i t r p e l e n g
m n c t i k r
n z y c m n e - k r b o
t q o b q t r p e
e s z ' t i
n z v z k a i - k r g r
t u l z m c
t q v z - n g r g r
t u t i p x - n g r m
t z m n c t x - a l o p e n g
m n c p e x
n a d r v r - n g r b o
t q m r b r
t a k i t r t x p w z
n z a r l a p x - k r d e
t q v z b o
t q v z - n g r g r
r p i l e
t q v z p e m g r
r m c t i - n g r g r l e
t q y r p u t i p x n g r
n z m n c n g r
n z r p i l r
t q v z p e b z
n a m w i
t q v z - n g r g r
n z b z t i - a l z u n g
t q v z p e m
t z v z - n g r
t q p i p e b z l e
t q v z p e
v z t x
r p i l e
m c l x
n z w z k r
n z p r t z - k r b z k r
n z v z k i o l r
v z k i m l e
n a v z n g
n z v z p x n g
n z v z k i o l r
m z l i   k c
n z v z - k r m
t q a s u p e
m n c - m i p e - a m u
t q o l v x t i p e l e
t z v z - n g r
n z v z k a i - k r g r
t r v z n e - k a k r
n z t a v e t r
n z v z - k r m
n o u d e
n a v z b z
t z r t a n g r p e
t q m n c
r m c t i l e
n z d w a t r - m o u - k r g r
w z t r p o
v z t r l e
s c d r
t z r t w z - k z n g
t q v z p e m
t z v z p e
t q v o b e
t q v z p e b z
y c m n e p e
v z k i m l e
m c t r k r
r p i l e
t q a t a t r p e l e
n a m n c n e - n g r g r
t q y r k r p x k r
n z v z p x b z n g
n z v z k a i - k r g r
t q p r t r p e b z k r
a n g c t i k r
y r m q
t q m r l z - n g r d e
t q a m z b l q t x p x p e m c
n z p r p x n g r
n z v z k i l r
t r v z n e - k a k r
n a r l x t i t x p o
t q v z m i t r p e b z l e
t q v z p e m
n z r p i - a n i - k r m l e
n a m w i
o t i l e
m n c - m i p e - a m u
t q m c p e l e
t q y r p u t i p x n g r
t q m c p e l e
t q p i b z k r
v z t r n g r
y o l x o m a m u
m c o m q
t q t u n e p w z
t q v z m i t r p e l e n g
r m c t i - n g r g r l e
v z k i m l e
t q r m c t i p e k r
n a v z b z
t q p i b z
n a a g l q b z l r
t q v z p e m
v z t r n g r
n z v z k i o l r
t z v z k i n e d r
t q v z m i t r p e l e n g
t q v z m i t r p e b z l e
t q v z t r p e
n z v z - n g r m l r
m c p o
n z e t u p e - k r n g e
t q t u l z
t q m n c - l x b l r p e k r
t z v z p x p e b z n g
n z d w a o n g r
v z t x
n z v z n e - k r g r
t q v z - n q b l q n e n e
n z v z p e - k r d r
m n c l z - n g r m
t q v z p e
n z m n c l z b z n g
n z k r l z m l r
k r l z m l e
a b r t z l v z k r
t q n g r l r l z p e
n z v z k i l r
k x m u l e
m n c l z - n g r m
n z v z - k r b o
n z v z - k z n g
v z m i m q
n a m n c - k a p q n g r
n z v z - k r b o
n z m n c p e n g
a n g r l o t i l e
v z p x b z k r
t q p i b z k r
n z v z p x n g
n a y a p w x t i b o
t z w a i s z - n g r d r
t q r y a p w x p e m
t q v z - n q b l q n e n e
t q v z - e t r - n g r d e
t q r p i p e x
n z v z - z v z b z n g
n a v z m i b z l e
t q a m r l z
r m c t i l e
n z v z - k r b o
n a v z b z
v z - z v z x
w z t r p o
n a v z m g r
n z m n e t i
n z v z k i o l r
n z l u t x p w z n g
t z v z - n g r
n z r m c t i l r
m c l z k r
t u n e p w z
m r l x m
t q v z m i t r p e l e n g
n z v z - n q b l q - k r n g e
n z p n a k i p x l r
t q m u k r
n z l v c n g
t q v z p x p e
n z v z
t z v z k i p x l r
t z m n c t x - a l o p e n g
n z m c t r
n z a p x - n g r m
n z w z - z l w z - k r g r
r p i l e
n z v z - z v z b z n g
n a - a v z m l e
y r b q t i k r
y r n i p e
v z m i o l e
v z k i m l e
t q a m a p e
n z v z n e p e l r
n z v z n e p e l r
v z t r l e
v z - z v z x
n z m n c l z b z
t u n e p w z
n a v z b z
n z v z k a i - k r g r
n z r p i - a n i - k r m l e
t z v z o p e n g
m c p o
v z m i m q
t z r m c t i p e l r
v o k r
n z o l z - k r m l e
n a p i t r - m o u p o
m c p o
v z p e m
n g r l r m i m l e
t q p r k i l z m
n z a t u p x - n g r m
n z v z k i o l r
k r l z m l e
t r t q w z p e u
m n c t i t x p w z k r
n a r p n z '
n z v z k i l r
n z m w x l r n g
r k a t r p q
t z v z k i n e d r
t q m w i - n g r g r
n a v z - n q b l q l e
t q v z - n q b l q n e n e
n z v z - n g r m l r
v z p e m
n z w z t r n g
v z p e m
w x b u p x - n g r m
t q v z p e x
y r k r t x o
t q a s u p e
t q t w z o p e
n z v z p e n g
t z m r g e p e n g
t q y r p u p x
n z v z - n g r m l r
n a k a t x b z l e
t q m c p e x
n z v z k a i - k r g r
k x l i
n z v z - k r m
n z r m c t i l r
t z v z p x p e b z n g
n z w z - z l w z - k r g r
m c t x m
t r n g i u
n z p n a t i - k r b z m u
n a p i t r - m o u p o
m c l z k r
y r l q t x b o
t q v z p e x
o t i l e
n z v z n e - k r d r
t z s i k l u t i
t q v z m i t r p e b z l e
t q r p i b z l e
k r a p w x
t q v z p e b z
n a m n c - k a p q n g r
t q m c p e x
t q o k r
t q v z m i t r p e l e n g
m a l e t r p e x
n z v z - z v z b z n g
n z w z t r n g
n a r l z
n z v z p x b z n g
v z t x
t q r m c t i p e k r
r l x n g i t i l e
p i b z l e
t q a c l v e b o
t q a s u l e
t q v z p e m
t q v z p e
t r t q w z p e u
n z v z - k z n g
n z m c k r
t q v z p e x
n a v z b z
n z y c m n e - k r m l e
t u n e p w z
p i b z l e
n z v z p e n g
t z y c m n e - n g r p e m l r
t z v z p e
n z o t i p e - k r m
v z t r n g r
n z y c m n e
n a v z n g
t z v z p e
n z v z k a i - k r g r
n z v z k i l r
n z a b r t z k r
t u o m
t q v z p e
t q m w i p e k r
t q p i b z k r
t q m n c
d r l z d e
n z v z k i o l r
n z v z p x n g
t z l v c - a t e n g
n a r t w z o b z
n z v z - k r b o
v z t r l e
n a e s z ' m z
o b q p x k r
n z o - k r m
t q v z p x p e
n z v z - k r m
n e n g e n g
t q r y z k r p e k r
t z t a v e t r p e l r
n z v z n e p e l r
t z y c m n e t r p e - n g r d r
n z p n a n g
t q r p i p e x
v z t r n g r
t z v z - a t e n g
v z p x b z k r
n y z d e
n z k a l z m l r
n z m n c l z b z n g
t z v z o p e n g
t r n g i u
t z v z k i n e d r
t q y c m n e p e a m u
t q p i p e m
r p i l e
n z v z
m c l x
t q l i p e
r p i o b z l e
p r o t x k r
t z v z k i n e d r
v z k i m l e
v z p e m
t u l z m c
n e n g e n g
n z r l a s z - k r g r
n a m c t r
t z v z - n g r
n a m n c t x p o
n z m c
t q n g r l r l z p e
t q v z - n g r g r
t q a y r n i p e
n z v z
o t i b z l e
n z v z - k r b z k r
n z v z - k r b z k r
n z v z - k r n g e
n z l x n g i t i - k r g r
t q v z p e b z
n z r p i b z l r
n a p i b z k u
n z v z - k r n g e
t q v z p e m
v z t r n g r
t q p i m e
t z v z p e - k a i n g
t z v z o p e n g
v z m i m q
w x l i k i t x p x p n z
n z v z k a i - k r g r
v z t r l e
n z m c k r
d w a l z m g r
n z v z k i l r
n a v z n g
n a v z n g
n z r p i m l r
m c p o
v z t r l e
m r t u p e
t q v z p e - k z x
t r t q k a p e p w q l e
n z v z k a i - k r g r
v z m i o l e
n z v z b a t r - k r b z l r
t q v z m i t r p e b z l e
t q n g r l r p e k r
t q b r l x - k z p e
n z v z
n z a b r t z k r
v z p x b z k r
t z v z p x p e b z n g
t z v z k i n e d r
t z v z n e p e n g
t z r k a l z p e m
m c l e
t q m n c - l x b l r p e k r
v z k i m l e
v z t x
t u p x m
v z x
t q v z p e m g r
m r l z p e
t q v z p e - k z x
t q v z k i p x k r
m n c t i k r
n z r p i m l r
n a r t a n g r t i k r
n z v z - k r n g e
n z p n a t i - k r g r
m c l x n g
n z v z p x n g
t z v z n e p e n g
n a v z m i b z l e
v z t x
n z m c t r
t q v z b o
n z v z - z v z b z n g
n a y a - p w z - t i p e x
n z v z p x b z n g
n a v z b z
t q y r n i p e
t q v z p x p e
n z v z b z n g
t q v z p x p e
m e i t x t a t x p x
t z a p u l r
t q p i b z k r
t z m n c t x - a l o p e n g
t q v z p e
t q v z m i t r p e l e n g
m w x l r - n g r g r
n z v z k a i - k r g r
v z x
n z r p i b z l r
t z k r l z p e - a t e l r
n z v z b z n g
t r m n c n e - z p w x p e k r u
t q v z - n g r g r
n z v z b z n g
v z t r n g r
t q a y r n i p e l e
n z a p u s r - k r d r
t r n z p i - k r p l e u
t q v z p e m g r
y z l u m l e
t z m n c n g
v z t x
a e l w a p x - p n z
n z p n a k i p x l r
y a n e - z v z k r
t q v z p e m
n z y c m n e - k r b o
r m a l e
n a p i b z k u
n z y c m n e - k r g r
t q r p i p e x
t q p i p e b z l e
y r k r p x b z l e
n z r t w z - k r d r
n z w z - k r g r
n a v z n g
n z r p i m
t z v z o p e n g
n z a y o n g r
t q k r l z - a t e b z k r
v z t x
n z v z k i o l r
t z v z p e - m o u n g
n z v z
n z v z
n z v z
n z v z
n z v z
n z v z
n z v z
n z v z
n z v z
n z v z
n z v z
v z x
v z t x
v z t x
v z x
v z x
v z x
v z t x
v z t x
v z x
v z t x
v z t x
v z t x
n z m c k r
v e x
v z x
v o k r
n z m c k r
m c t x m
m c t x m
t q v z p e m
o t i m
t q v z p e m
t q v z p e m
t q v z p e m
t u p x m
t u o m
m c l x
t q v z - n g r g r
t q m n c
t q v z - n g r g r
t q v z - n g r g r
t q v z - n g r g r
m c l x
t q v z - n g r g r
t q v z - n g r g r
t q v z - n g r g r
t q v z - n g r g r
t q v z - n g r g r
t q a b r t z - z v z - n g r g r
o t i m
t q v z m i t r p e l e n g
t q v z m i t r p e l e n g
n z m c t r
t q m c p e k r
t u p x m
t q a l v c - l z b q - n g r g r
n z a t u p x - n g r m
n a v z n g
v z - z v z x
n z m c t r
a l v z t r l e
v z - z v z x
n a v z n g
t u o m
n a v z n g
t q p i b z
t z m n c - n g r d r
t q p i b z
n a v z n g
n z a t u p x - n g r m
t u o m
t q a b r t z - z v z - n g r g r
t q m n c
v z - z v z x
v z - z v z x
t u p x m
m c l z k r
m c p o
t q p i b z
m c p o
n z m c t r
n a v z b z
n z m c t r
t z v z p e
s c m
n a v z b z
m c p o
m c p o
m c l z k r
n a v z b z
y c p x
m n c p e x
t z v z p e
n a v z b z
s c d r
n a v z b z
t z v z p e
v z p e m
e s z ' t i
n a v z b z
v z p e m
k c n g p e
t z v z p e
n z y c m n e
m c p o
v z p e m
n z y c m n e
v z p e m
k x p c
v z p e m
v z p e m
n a v z b z
v z p e m
m z l i   k c
v z p e m
v z p e m
v z p e m
n a v z n g
m c t x m
v z m i m q
n a v z n g
n a v z n g
t q p i m e
m c t x m
v z m i m q
v z p e m
m c t r k r
t w z x
v z m i m q
m c l x n g
t q m c p e
v z m i o l e
m c p x m
v z m i o l e
v z - z v z x
r p i l e
v z p e m
k x r t c
t q p i m e
v z p e m
l v c - a l z u p q
v z m i o l e
m c p x m
n z m n c k r
t q p i m e
n z m c k r
m c p x m
m w i t x
m c t r k r
t q v z b o
n z v z b z n g
m n c p e x
t q v z b o
k x l i
k x t o p w z
t q v z b o
v z t r l e
v z t r l e
t q v z b o
v z t r l e
v z m i o l e
t q v z b o
l v c - a l z u p q
m c l x n g
r m c t i l e
t w z t r k r
m c l x n g
m c l x n g
t q v z b o
v z m i o l e
v z t r l e
n z v z k i l r
n z v z k i l r
t q v z b o
n z v z k i l r
r m c t i l e
r m c t i l e
v z m i o l e
n a o p e k r
t q a s u p e
v z t r l e
n z m c t r
n z v z b z n g
n z v z b z n g
t q v z b o
v z t r l e
v z m i o l e
m c l z k r
v z m i m q
n z v z b z n g
n z v z b z n g
v z m i o l e
v z m i o l e
v z m i m q
t z v z - n g r
t q v z b o
t q v z b o
n z r p i m l r
n z v z b z n g
p i b z l e
t u n e p w z
m n c p e x
t q v z p x p e
t q v z b o
m a l e l e
d w a t r k r
t q v z p e b z
v z t r l e
t q p i p e m
n z v z k i l r
n z r p i l r
n i b q t i
r m c t i l e
v z p x b z k r
n z v z b z n g
n z v z b z n g
t q v z p x p e
v z p x b z k r
n z v z b z n g
n z v z b z n g
t q v z p x p e
t q r p i p e x
n z r m c t i l r
t q v z p e b z
m n c p e x
t q v z p x p e
t q r p i p e x
t q v z p e - k z x
t q v z p e x
t q v z p x p e
t q v z p e - k z x
t q v z p e x
t z v z - n g r
t q p i m e
n z v z - k r b o
t q v z p e x
v z p x b z k r
n z v z - k r b o
t q v z p x p e
t q r p i p e x
t q v z p x p e
t q v z p e - k z x
r m c t i l e
t q r p i b z l e
t q v z p x p e
n z t a v e t r
n z v z - k r b o
n z v z k i l r
n z v z k i l r
n z v z
n z v z
n z v z
t z v z - n g r
t z v z - n g r
v z x
t z v z p e
t z v z p e
v z x
t q v z p e m
t q v z p e m
t q v z p e b z
t q v z p e b z
t q v z p e m
t q v z p e b z
t q v z p e m
t q v z p e
t q v z p e
t q v z p e
t q v z p e b z
t q v z p e
t q v z p e
v z x
m c l x
t z v z k i n e d r
t z v z k i n e d r
t z v z k i n e d r
t z v z k i n e d r
t z v z k i n e d r
t z v z k i n e d r
t z v z k i n e d r
t z v z k i n e d r
n z p n a
t u o m
t q m n c
m c l x n g
t q p i b z
m c p x m
m n c l z - n g r m
t z v z - n g r
t z v z - n g r
t z v z - n g r
t z v z - n g r
t z v z - n g r
t z v z - n g r
t z v z - n g r
t z v z - n g r
n z v z - k r m
v z t x
n z w z k r
n z v z - k r m
n z v z - k r m
n z v z - k r m
n z v z - k r m
n z v z - k r m
n z v z - k r m
t q v z p e
n z v z - k r m
t q v z p x p e
t q v z p x p e
s u t x
t q v z p x p e
t q r p w x m z
t q v z p e
t q v z p x p e
k r l z m l e
t q v z p e
n z v z p x n g
t q v z p e
t q v z p x p e
n z v z - k r b o
t q v z p e
n z v z k i l r
t q v z p e
n z v z k i l r
n z v z k i l r
t q v z p e - k z x
m n c p e x
n z v z k i l r
n z v z k i l r
t q v z p e
n z v z - k r b o
n z v z p x n g
t q v z p e x
n z k q l u k r
n z v z - k r b o
v z m i m q
t q v z p e - k z x
t q v z p e x
t q v z p e - k z x
v z m i m q
t q v z p e x
t q v z p e x
t q v z p e - k z x
n z v z - k r b o
n z v z k i o l r
m c p o
t q v z p e - k z x
n z v z k i o l r
t q v z p e x
t z v z n e p e n g
t q v z p e m g r
t q v z p e - k z x
t q v z p e - k z x
t q v z p e x
t q v z p e - k z x
t q v z p e x
t q v z p e x
t q v z p e - k z x
t q v z p e m g r
t q v z p e m g r
t q v z p e m g r
t q p i p e m
t q a o k z
n z v z k i o l r
t z v z n e p e n g
t q v z p e - k z x
t z v z n e p e n g
t z v z n e p e n g
t q m w i t x p e
t z v z n e p e n g
n z v z k i o l r
n z v z k i o l r
t z v z n e p e n g
n z v z k i o l r
n z v z k i o l r
t q m w i t x p e
n z v z - n g r m l r
n z v z - n g r m l r
n z v z - n g r m l r
t q a s u l e
n z a b z o k r
t q v z - n g r g r
t z v z n e p e n g
n z v z - n g r m l r
t z v z p x p e b z n g
v z m i m q
t z v z n e p e n g
v z p e m
t z v z n e p e n g
m w i t x
t z v z n e p e n g
n z m n c n g
t z v z k i n e d r
t q t u l z
t q y a g o x
n z o - k r m
t z m c n g r
n z n g i - t r p e n g r k r
v z p e m
t z v z p x p e b z n g
n z v z - k r d r
t q m w i - n g r g r
t q v z m i t r p e b z l e
t z v z p x p e b z n g
t q v z m i t r p e b z l e
t q t r k a
n z v z k a i - k r g r
t q v z m i t r p e b z l e
n z v z k a i - k r g r
t q t u l z
n z v z - k r g r
t q v z m i t r p e l e n g
n z v z k a i - k r g r
t q v z m i t r p e l e n g
t q v z m i t r p e l e n g
t q v z m i t r p e l e n g
t q v z b e
t q m r b r
t q s i k l u b e - n g r n e
t z v z p e - k a i n g
t z v z p e - k a i n g
t q t u l z
t z v z p e - k a i n g
t z v z p e - k a i n g
t z v z p e - k a i n g
t z v z p e - k a i n g
t z v z p e n g
t z v z p e - k a i n g
t z v z p e - k a i n g
t z v z p e - k a i n g
t z v z p e - k a i n g
t z v z p e - k a i n g
t z v z p e - k a i n g
t z v z p e - k a i n g
t z v z p e - k a i n g
t z v z p e - k a i n g
v z t r l e
n z m r l z k r
t z m w x l r n g
t z v o p e
t z v o p e
t z v z p x p e b z n g
t z v z p x p e b z n g
t z s i k l u n g
t q v z m i t r p e b z l e
t q v z m i t r p e b z l e
t u p x m
t q v z m i t r p e b z l e
t q v z m i t r p e b z l e
t q v z m i t r p e b z l e
t z v z p x p e b z n g
t q v z m i t r p e b z l e
t q v z m i t r p e b z l e
t q v z m i t r p e b z l e
n a v z n g
n a v z n g
v z - z v z x
r p i l e
v z - z v z x
n z m c k r
t q v z b o
t q v z b o
p i b z l e
v z t r n g r
v z t r n g r
k x e s z '
v z t r n g r
n a v z n g
v z k i m l e
v z k i m l e
v z k i m l e
v z k i m l e
v z p x b z k r
v z k i m l e
v z k i m l e
v z k i m l e
v z k i m l e
v z k i m l e
v z k i m l e
v z p x b z k r
t u l z m c
t r k r l z w x u
v z p x b z k r
n a v z b z
v z p x b z k r
v z p x b z k r
p i b z l e
v z p x b z k r
n z v z b z n g
v z k i m l e
m n c t i k r
v z m i o l e
m n c t i k r
r k a l z m
k x p r k i
t q m c p e x
t q m c p e x
v z t r n g r
m n c t i k r
n z a l v z t r l r
v z x
v z x
v z x
m c t x m
n a y a p w x t i m l e
n z v z p e n g
n z v z p e n g
n z v z p e n g
n z v z p e n g
n z v z p e n g
o t i m
n z v z p e n g
n z v z p x n g
n z v z p x n g
n z v z p x n g
n z v z p e n g
n z v z p e n g
n z v z p x n g
n z v z p x n g
n z v z p e n g
n z v z p e n g
n z v z p x n g
n z v z p x n g
n z v z p x n g
n z v z p x n g
n z v z p x n g
v z p e m
m c t x m
m c p x m
t q t r k a p e m
n z l v c n g
t q v z p e m
n z r m c t i l r
r m c t i l e
n z v z p e n g
n z v z p e n g
n z v z p e n g
r m c t i l e
t q v z p e m
t q v z p e m
n z v z n e p e l r
n z v z - k r b o
n z v z p e - k r d r
n z v z - k r b o
n z v z k i l r
n z v z k i l r
n z v z k i o l r
n z v z k i o l r
n z a n g i o
n z v z n e p e l r
m c l x
n z v z n e p e l r
n z v z k i o l r
v z t x
t q v z p e - k z x
n z v z - k r m
n z v z - k r m
n z t u n g r
v z t x
v z t x
n a o b q - k a p q p x
t u o m
n z a t u p x - n g r m
t q p i m e
n z v z p e - k r d r
n z v z p e - k r d r
e t u t x
n z v z
n z v z
n z a y o n e p e - k r d r
t r n z p i - k r p o ' u
t q r p n a p e - n g r m l e
t q r p n a - n g r m
p z t i t x k r
t q p z l e
b z a m u
n z r t r n g r t i o l r
t z m a t q
n z a p x - n g r b z
n z y a p w x - k r d r
t z m u p e - n g r d r
n a o p e - k a i x
n z o t r p z n g
n z o - z l i o - k r g r
n z o t r n g r
m c p o
n z y a p w x - k r d r
t z a y o t i
t r n a n i b q l e u
t z y a p x p e n g
t z a o l v z - a t e b z
m z l w e d e n g
m z l w e n g
t z y a p x p e n g
t z a n g r l v z n e o p e l r
k x e t u
n z a t o l w a - n g r n g
t r n a n i b q l e u
n a r l a s z p e l r
n z y r l w r t r - k r b z l r
n a m w i
n z r l z - k r g r
n z l z t i n g
n z l z
t z l z t r
t z l z t i t r
t w z q
n z d w a t r - k r d e
t q r p i - n g r n
n z p r p x - k r d r
n a p r o m
t z p r t r - m o p w q
n z t u n g r
t q t u p x m
n z y a - z v z n g
y a p x - z v z k r
t q m c p e x
n z a b r t z l v z l r
n z d w a t r - k r d e
d w a s x p x - k z p q g r
d w a t x t r x
n g r l a p l x p x k r
t r n z a e n z l i l r u
t q a e n z l i t i - n g r g r
t q r t a n g r n e
t q r p n a - n g r m
t u p x m
v z - z v z x
t q m n c
v z - z v z x
v z - z v z x
t q m c p e l e
t q m c p e l e
v o m l e
v z - z v z x
v z - z v z x
m c l z k r
v z - z v z x
v z p e m
v z t r l e
v z m i m q
t q m c p e x
t q m c p e l e
t q m c p e x
m c t r k r
v z p e m
v z p e m
n a v z b z
t q p i b z
t z v z p e
t z v z p e
d w a t r k r
n a m c l e
v z t r n g r
v z t r n g r
y c m n e p e
t q a s u l e
r p i l e
n a p i b z k u
y c m n e p e
t q v z b o
m n c t i k r
v o m l e
m n c t i k r
m n c t i k r
t q v z b o
t z v z o p e n g
t u l z m c
t q w a i
t q p i p e m
n z r m c t i l r
n a p i b z k u
n z m n c p e n g
v z t r n g r
t q b z p e
t q p i p e m
v z t r n g r
n z r m c t i l r
t q m c p e k r
v z t r l e
t z v z - n g r
t q a s u p e
t z v o p e
n a p i b z k u
v o m l e
n z m n c p e n g
r p i - m o u p q l e
n z o t i p e - k r m
v z t r n g r
v z t r n g r
t q p i p e m
v z t r n g r
t q m c p e x
t q p i b z k r
t r - r m n q u
v z t r n g r
n z t a o k r
k q l u t x
t q r p i p e x
n z m n c l z b z n g
t q m c p e l e
v z t r l e
t q r p i p e x
t q p i b z k r
v z m i o l e
t q v z p e b z
t r d o u
t q v z p e b z
t q p i p e b z l e
n a l i n g
n z m n c l z b z
n z v z b z n g
v o m l e
t q v o b e
n e n g e n g
r n g i - b a t r p q
r p i o b z l e
v z p x b z k r
t q o t i m l e
v z m i o l e
v z m i o l e
v z k i m l e
n z v z p e n g
n z v z b z n g
r p i o b z l e
t z v z - n g r
t q p i b z k r
n z w z k r
n a p i b z k u
t q r p i p e x
t q v z p e b z
t z m w x l r n g
n y z ' d r
n y z d r
m r n y z n g e
n z m c t x p w z
t q p i b z k r
n z w z k r
n a v z m i b z l e
t q v z p x p e
n a v z m i b z l e
t q v z p e m g r
t q v z p e m g r
n z w z t r n g
t z v z o p e n g
t z v z o p e n g
n a v z m i b z l e
n a v z m i b z l e
t z v z o p e n g
n a v z n g
v z x
v z x
v z t x
v z x
v z x
n z v z - k r m
m c p x m
n a v z n g
n z r p i l r
n z m c t r
t q t u p x m
n z v z - k r m
n z v z - k r m
n z y c m n e
n z v z p x n g
n z r p i m l r
n z r p i m l r
n z r p i m l r
n z m n c p e n g
n z m n c p e n g
n a y a g o x n g
n z b z n g
n z p i l z l r
n z v z - k r m
m c - k z a m u
n z o t i p e - k r m
n z v z - k r b z k r
t z r l x n g i t i n g
n z p n a n g
t u t x l z m
t z r t w z - k z n g
n z v z - k r b z k r
n z a t u p x - n g r m
n z v z - k r b z k r
n z v z - k r b z k r
n z v z - k r b z k r
n z e s z ' m z n g
v z m i m q
t z r y z k r n g
m c l x
n z p n a n g
t z r y z k r n g
r p i l e
v z m i m q
m w i t x
t u n e p w z
n a n g i
m c l z k r
b o m l e
r p i l e
n a k a b z
v z m i m q
m c t r k r
b z a m u
t q p i m e
v z p e m
t z v z p e
m c t x m
w z t r p o
v z - z v z x
v o m l e
t q v z p e
t z v z - n g r
n a v z b z
n a v z b z
t q m c p e x
v z t r l e
t q t u p x m
t z v z - n g r
t q p n z ' l e
n z m c k r
d w a l z m g r
n z r p i m l r
t q v z b o
t q t u p x m
t q p i p e m
t q m u k r
y r n i t x
t q v z p e
p r o t x k r
t q v z p e
v z k i m l e
y r n i t x
o b q p x k r
t z v z p e
n z t u n g r
n z v z k i l r
t q v z p x p e
n z v z k i l r
n z v z k i l r
d w a t r k r
t q r p i b z l e
l i p e
t q v z p x p e
t q t u l z
t q r p i b z l e
n z t u n g r
n z m n c p e n g
v z p x b z k r
v z p x b z k r
n z v z - k z n g
t r v z u
n z v z - k z n g
n z v z - k r b o
v z m i o l e
n z v z - k z n g
n z v z - k z n g
v z m i o l e
n z v z - k r b o
k x t o p w z
n z v z - k z n g
k x k q l u
n z r p i b z l r
m w i - n g r g r
n z v z - k z n g
n z v z k i o l r
t q v z p e x
t q p i b z k r
t q v z p e x
n z v z - k z n g
n z v z - k z n g
v z p x b z k r
t q y r p u p x
n z v z b z n g
t z v z o p e n g
t z v z o p e n g
t q t u n e p w z
t q v z p e - k z x
t r k r l z w x u
n z y r l q
t q v z p e m
t q t u p x m
n z v z b z n g
n z v z p e - k r d r
n z m n c l z b z n g
v z p x b z k r
t q v z p x p e
d w a t x t r x
t q v z p e - k z x
t z v z n e p e n g
n z v z k i o l r
n z v z - k r b z k r
t q t u p x m
n z v z p e n g
n z v z b z n g
t q o t i m l e
n z r p i b z l r
n z v z b z n g
t q p i p e b z l e
m c k r
n a m n c - k a p q n g r
t z v e c p e n g
n z m c t x p w z
m w x l r - n g r g r
v z p x b z k r
n a p i t r - m o u p o
t z v z n e p e n g
t z v z n e p e n g
n z r p i b z l r
t q r m c t i p e k r
n a v z m i b z l e
t q v z p e m g r
n a v z m i b z l e
n z t u n g r
n a v z m i b z l e
m n c - k a p q - n g r g r
n a v z m i b z l e
n z o l z - k r m l e
n a v z m i b z l e
t q v z p e m g r
t q v z p e m g r
n a m n c - k a p q n g r
n a v z m i b z l e
t q o t i m l e
t q m n c - n g r d e
t z v z o p e n g
n z t u n g r
n a v z m i b z l e
n a v z m i b z l e
n z r p i b z l r
t r v z n e - k a k r
n a v z m i b z l e
t z v z o p e n g
t z v z o p e n g
n a v z m i b z l e
n z r p i b z l r
t z v z o p e n g
n z l z t i n g
n z v z - k z n g
n z v z p e - k r d r
t r v z n e - k a k r
n a v z m i b z l e
t r v z n e - k a k r
t q m w i t x p e
t r v z n e - k a k r
n a v z m i b z l e
n z r m c t i l r
r m c t i - n g r g r
n z v z - k z n g
n z m n c l z b z
n z v z p e - k r d r
t z v z o p e n g
n a v z m i b z l e
t z v z o p e n g
t z v z o p e n g
n a v z m i b z l e
t q m c p e k r
t q r m c t i p e k r
n z v z - k z n g
n z o b q - k a p q k r
t q r m c t i p e k r
n z k r l z m l r
n a m n c t x p o
t q m n c - n g r d e
t q r m c t i p e k r
n z a b r t z k r
t r v z n e - k a k r
n z m n c l z b z
n z v z - k z n g
t r v z n e - k a k r
n z v z - k z n g
n z a b r t z n g r
y z l u m g r
n z v z p e - k r d r
n z v z - k z n g
t q m n c - n g r d e
n z m n c l z b z
n a m n c t x p o
t z m n c p e n g
t r v z n e - k a k r
n a m n c t x p o
t z v z k i n e d r
n z v z p e - k r d r
r p i o b z l e
n z l v c n g
t r v z n e - k a k r
t q o t i m l e
n z v z - k z n g
r p i - m o u p q l e
t q o t i p e l e
t q v z t r - m o p w z k r
t z v z k i n e d r
n z v z p x b z n g
n z p n a k i p x - m o u l r
n z v z p e - k r d r
t z v z o p e n g
d w a t x t r x
t z v z n e p e n g
t z v z k i n e d r
t u o m
t u o m
t q r p i - n g r n
v z t x
t z v z p e
n z v z b z n g
s c m
t z v z p e
n z v z p x n g
n a v z n g
n a v z n g
t q v z p e m
e t u t x
k r l z m g r
t q v z p e b z
n z v z p x n g
n z v z p x n g
n z v z p x n g
s c d r
k r l z m g r
k x e t u
n z v z - k z n g
m w i t x
m c p o
m c p x m
t q a y r n i p e
e t u t x
t q v z p e x
t q v z p e - k z x
v z m i m q
t q v z m i t r p e l e n g
t q v z m i t r p e l e n g
t q v z m i t r p e l e n g
t q v z m i t r p e l e n g
t q v z m i t r p e l e n g
n z m n c t x p w z
n z v z
t q v z m i t r p e l e n g
v z - z v z x
n z v z
a t a k q t i - l z b q t x k r
t q t r k a p e m
m c l x
t z m c t x p w z
v z p e m
n a v z b z
v z t r n g r
n a v z b z
t q p i m e
t z v z p e
r k a t r p q
r p i l e
t q p i m e
t q p i m e
t u n e p w z
n z r p i m l r
n a n g i t x p w z
n z r p i l r
t u l z m c
v z t r l e
p i b z l e
m c t r k r
t q p i b z
t z v z p e
v z k i m l e
v z k i m l e
v z k i m l e
v z k i m l e
n a v z
n z r p i b z l r
v z k i m l e
t q v z p e
n z w z k r
m c t r k r
m n c p e x
r k a t r p q
t z v z - n g r
t z v z - n g r
t z v z - n g r
o t i b z
v z m i o l e
t q v z p x p e
m c t e
v z t r l e
m n c t i k r
r p i - m o u p q l e
t q v z b o
t q v z b o
r m c t i l e
v z p x b z k r
t u n e p w z
e s z ' t i
n z m c t x p w z
t z v z n e p e n g
t z v z k i n e d r
t z v z k i n e d r
n z r p i m l r
n z m c t x p w z
r p i o b z l e
n z x p e n g r
n z v z p e n g
n z v z p e n g
n z t w z l r
n z v z - n g r m l r
n z v z p x b z n g
r p i - m o u p q l e
n z v z p x b z n g
n z p n a n g
t q v z - n g r g r
t q v z - n g r g r
n z m c t x p w z
r p i o b z l e
n z v z p x n g
t q v z p e m g r
t q v z t r - m o p w z k r
r p i o b z l e
t z v z p e - k a i n g
d w a t x t r x
n z v z p e n g
t z v z p e - k a i n g
n z v z t r n g
n z v z - k r m
k x p r t z
n z v z - k r b z k r
n z v z - k r b z k r
n z v z - n g r m l r
d r l z d r n g
n z v z - k r b z k r
n z v z k i o l r
t q v z p e b z
t q v z p e x
n z v z - k r b z k r
t q m a l e l e
n a d w a p e k r
t q p i b z k r
t q p i p e b z l e
n z m c t x p w z
n z m n c p e n g
k x y a g o x
t r k r l z w x u
t q p i b z k r
t z v z n e p e n g
t z v z o p e n g
n z v z - k r b z k r
m n c l z - n g r m
t q v z p e - k z x
t q v o t x - n g r p w z
t q v z p e m g r
t q p i b z k r
t q t u n e p w z
x l r k r
m w i
t z v z o p e n g
t z v z o p e n g
n g r l r m i m l e
n z o b q - k a p q n g r
n z a b r t z k r
n z v z - k r b o
t q t w z o p e
t q v z p e - k z x
t z a p u l r
n z d w a o n g r
n z v z - k z n g
n z v z n g
n z v z - k r b o
t q v z p e x
t q p i p e b z l e
t z v z n e p e n g
n z v z p e - k r d r
n z v z p e - k r d r
x l r k r
t z m n c - n g r d r
m n c l z - n g r m
t z m n c n g r
n z v z n e p e l r
n z v z p e - k r d r
n z v z n e p e l r
n z w z - z l w z - k r g r
n z v z n e p e l r
n z w z t r n g
n z r p i l z - k r d r
n z v z n e p e l r
t q v z p e x
t q v z p e - k z x
n z v z n e p e l r
n z m c t x p w z
n z v z n e p e l r
n z v z n e p e l r
t z s i k l u n g
t q p i p e b z l e
n z a b r t z n g r
t r t q w z p e u
t q v z t r - m o p w z k r
n z v z n e p e l r
n z v z p x b z n g
n z m n c l z b z n g
t q r m c t i p e k r
n z v z p x b z n g
n z v z p x b z n g
n z v z p x b z n g
n z v z p x b z n g
n z v z - z v z b z n g
t z p r o p e n g
k x y r l z
t z m n c - n g r d r
n z n g i k r
n a p i t x t r - m o p o
m w x l r t i - z l w z k r
t q t u n e p w z
n z v z p x b z n g
n z v z p e - k r d r
n z v z p x b z n g
n z m w a n g r
n z v z n e p e l r
n z v z p x b z n g
n z v z p x b z n g
n z v z - n g r m l r
n z w z t r n g
n z v z p e - k r d r
t z v z n e p e n g
n a k a t x b z l e
n z v z p x b z n g
t z r m c t i p e l r
n z v z - n g r m l r
t q m c p e k r
t q r m c t i p e k r
n z v z p x b z n g
n z v z n e p e l r
n z v z - n g r m l r
n z v z p e - k r d r
t q v z t r - m o p w z k r
n z v z - z v z b z n g
n z v z - z v z b z n g
n z v z - z v z b z n g
n z v z - z v z b z n g
r p i - m o u p q l e
n z v z - z v z b z n g
y c m
t q p i p e b z l e
m n c l z - n g r m
n z m n c - k r g r
n z m n c - l x b l r - k r g r
n z v z - z v z b z n g
n z v z - z v z b z n g
t r v z n e - k a k r
t q m n c - n g r d e
t z v z p e - k a i n g
n z w z t r n g
t z v z p e - k a i n g
t q v z t r - m o p w z k r
n z v z
v z x
n z l z t i n g
n a v z b z
v z t x
v z t x
v z t x
v z t x
v z b z
v z - z v z x
t u p x m
t u p x m
k r l z m g r
t q t u p x m
n z p i l z l r
t q t u p x m
t q t u p x m
v z k r
n z v z - k z n g
o t i b z
o t i b z
n z m n c l z b z
t z v z p e - k a i n g
t z v z p e - k a i n g
n z p r l x l r
t z v z p x p e b z n g
t z v z p x p e b z n g
t z v z p e - k a i n g
t z t a v e l r
t z v z p e - k a i n g
t z v z p e - k a i n g
v z m i m q
n z m a - n q b l q l r
n a t r k a - z l w z l e
n z a b r t z l v z l r
t q n g r l r l z p e
t q n g r l r p e k r
t q x p l r
m q n g r m
n z s i k a p u - k r d e
k x l i
t z p r p x p e n g
n a v z n g
n a v z b z
t z y c m n e - n g r p e m l r
n z k a t x - k r d e
t z y a p x p e n g
t z y c m n e - n g r p e m l r
n z p w x n g
t q n g r l r p e k r
t z a y o t i
n z r p i m
t q n g r l r p e k r
t q y a g o x p e
m c p o
t q v z p e
n a v z n g
n a v z n g
b r t i t x
t q v z p e
v z t r n g r
m c t x m
v z t r n g r
t q m r l z
t q v z b o
t q m u k r
t q v z b o
m c t r k r
v z t r l e
n z m c t r
t q m n c
x l r k r
k x m r n a
p i b z l e
m c t r k r
n z v z p x b z n g
k x l r p r
m r l z p e
n z m c t x p w z
n z v z p x n g
t r m c w x u
r p i o b z l e
t q v z p e m
y r w i t x - k z l e
t q v z p e m
t q v z p e m
t q v z p e m
n z v z p x n g
n z v z p e n g
v z m i o l e
v z m i o l e
n z v z - k r m
v z p x b z k r
v z t r l e
v z t r l e
n z v z p e n g
n z v z p e n g
t q v z p e b z
n z v z b z n g
n z m n e t i
t r b o i u
t q v z p e b z
y a g o x t x
n z v z b z n g
n z r p i l r
r p i o b z l e
a p u l e
n z v z b z n g
n a l i n g
t q v z p e - k z x
n z r m c t i l r
n z m c t x p w z
n z t u n g r
t q v z p e m g r
t r t q w z p e u
t q y r k r p e
n z r p i m l r
v z k i m l e
v z k i m l e
t q v z p e m g r
v z k i m l e
t u t x l z m
y z l u m c
t q v z p e - k z x
t q m c p e x
t q v z p e m g r
t q v z p e b z
t q v z p e b z
n z m n c p e n g
t r t q w z p e u
t q k a b z k r
t q m w i - n g r g r
t q v z p e x
r l a s z k r
t q m c p e l e
t q r p i p e x
n a n g i t x p w z
n z r m c t i l r
n z m n c l z b z
k x b q n g
t q v z - n g r g r
x l r b z
t q r p i p e x
t r r l r - n g r p l e u
n z r m c t i l r
t q m a l e l e
n z m w a n g r
x l r b z l e
t q v z p e x
d w a t x t r x
t q v z p e - k z x
r k a l z m g r
t u t x l z m
n z v z - k r b o
t z v z k i n e d r
t q r p i b z l e
n a m n c t x p o
n z v z - k r b o
n z v z n e p e l r
t z v z o p e n g
x l r b z l e
t z m w x l r n g
m n c l z - n g r m
n a v z m i b z l e
n z v z p x b z n g
t z r m c t i p e l r
t z v z k i n e d r
n z v z - k r n g e
t z m w i - n g r d r
t z v z k i n e d r
t q m w i - n g r g r
t z m w i - n g r d r
t q v z p e - k z x
t z v z k i n e d r
t q v z - n g r g r
t z m u p e - n g r d r
t q v z - n g r g r
l v c - a l z u p q
v z m i o l e
t q v z - n g r g r
n z v z - k r n g e
n a m n c t x p o
n a m n c t x p o
n z v z - k r n g e
n z o t i p e - k r m
n z v z - k r n g e
n z v z - k r n g e
n z v z - k r n g e
n z v z - k r n g e
t q r p n a - n g r m
t q m r l z - n g r d e
n a v z m i b z l e
n a v z m i b z l e
n z v z - k r n g e
t z r m c t i p e l r
n z a b r t z n g r
n z v z - k r n g e
r p i - m o u p q l e
t z m w i - n g r d r
n z v z n e p e l r
n z v z - k r n g e
n z v z - k r n g e
n z v z - k r n g e
t q m n c - n g r d e
x l r m l e
n z v z k i o l r
t z r m c t i p e l r
n z v z - k r b z k r
n z r k a t x n g r
n z v z - k r n g e
n z v z - k r n g e
n z v z - k r n g e
n z v z - k r n g e
n z v z - k r n g e
n z v z - k r b z k r
n z v z - z v z b z n g
t z r m c t i p e l r
r m c t i - n g r g r l e
n z v z - k r b z k r
t r v z n e - k a k r
t q m n c - n g r d e
n z v z k a i - k r g r
t r v z n e - k a k r
t r v z n e - k a k r
m w x l r t x - z l w z k r
n z v z - k r b z k r
t q t u n e p w z
n z v z - z v z b z n g
n z v z - k r b z k r
n z v z - z v z b z n g
n z v z - k r b z k r
t z v z n e p e n g
n z v z - n g r m l r
t z v z n e p e n g
n z v z p e - k r d r
n z v z - k r n g e
t z m n c - n g r d r
n z v z - k r n g e
t r v z n e - k a k r
n z v z - z v z b z n g
t z m n c - n g r d r
n z m n c l z b z n g
t z v z p x p e b z n g
n z v z - k r b z k r
t z r m c t i p e l r
t z v z n e p e n g
t z v z p x p e b z n g
t z v z p x p e b z n g
n z w z - k r n g e
t z v z n e p e n g
