m n c p e x
t r n z p i - k r p o ' u
v z t x
n z v z p e n g
d r v r m i n e m l e
t z v z - n g r
n z v z k a i - k r g r
t q v o t i t r p e m l e
t z k u k i - n g r d r
r m c t i l e
d w a l z m g r
k r a t q
v z m i m q
n z v z - n g r m l r
t e k a t r t x b z l e
m n c t i k r
n z v z p e - k r d r
y z l u m c
n a n g r l r t r k i
t q m c p e k r
m w i - n g r g r
t q v z b o
n z o t r n g r
t q r m c t i p e k r
n z a l v z t r n g
t r s u k a
r p i - m o u p q l e
n z v z - k r n g e
t q p i b z
n z r p l a m e i t i - k r d e
v z m i o l e
n a r k a l z p e m
n z v z p x b z n g
t q y a g o x p e
t q v z p e m g r
t r k r l z w x u
t u l z m c
v z - z v z x
t q v z - n q b l q n e n e
v z p e m
t q r m c t i p e k r
n e d r
v z p x b z k r
t q v z p e m
t q m c p e k r
t z v z o p e n g
n a p i b z k u
o t i b z
t r t e n g e
n g r d r
r p i m l e
v z m i m q
m n c - m i p e - a m u
t q v z p e - k z x
t q v z o k r
t q m w i - n g r g r
t q m c p e x
n z w z - k r n g e
v z x
n i p e n g e
v z m i o l e
n z v z b z n g
k x e t u t i n g
n z v z p e n g
n z m c p x
n z y c m n e
m n c l z - n g r m
n z v z p x b z n g
t z v z p e - k a i n g
t z v z p x p e b z n g
n z m c - k r d e
k r l z b z k r
v z k i m l e
t z v z k i n e d r
t r p e l e u
t r n z l x n g i t i k a l r
t q y r k r t r - a t e m
t u o m
v z p x b z k r
t q y r n i p e x
n z v z k i l r
t q p i m e
t z y r n i n e t r p e b z n g
t q v z p e m g r
n z d w a o n g r
n z v z - k z n g
t q p n z ' b q p e l e
t z p n z - l z b q n g r
t q v z p e - k z x
t z v z o p e n g
t z y a p x p e n g
t q v z p e b z
n z m c t x p w z
p n a t i b z k r
n z a b r t z - z v z n g r
t z v z o p e n g
n a k a t x b z l e
t q m r l z p e
m n c p e x
y r l q t x b o
t q d w a p l r k r n g
t z o b q - k a p q p x p e n g
m n c p e x
t q v z m i t r p e b z l e
t z v z p e - k a i n g
n z r k a k r b z
t u n e p w z
t q p i b z k r
v z k i m l e
n z v z
n z v z n e p e l r
t q v z p e
t q m c p e l e
n z r p i m l r
t q v z - n q b l q n e n e
t q v z p x p e
t z v z k i n e d r
n z v z n e p e l r
t q w z t i p e l e
n z r p i - k r m e
n z a n g i o - k r d r
t q m n c - l x b l r p e k r
t q v z t r - m o p w z k r
t r v z n e - k a k r
n z t u n g r
t q v z b o
n a v z b z
t r v z n e - k a k r
t q p i m e
t q v z p x p e
n z v z n e p e l r
n a n g i p e
t q n e p e
n z v z
n a b o m l r
n z m u - k r d r
n z y a y o l z - k r m g r
n z y a l z - k r g r
n z x l r b z l r l e
r m c t i p e k r
t q y r k r k i p x l e
t z l v c m l r
n z v z - k r m
t q v z - n g r m
r m c t i p e k r
t q y r p u t i p x n g r
m c t x m
m c l z k r
t q r k a l z p e - n g r m q g r
n z v z - k z n g
n z v z - z v z b z n g
t z v z n e p e n g
n z v z p x n g
n z p r p x - k r d r
n a v z b z
v z - z v z x
t q v z p e x
k r l z m g r
n z b z s z n g
o b q l v z t i l e
m c l z k r
n a y r k r t x
n z t a v e t r
t z k u k i n g
t q v z p e m g r
n z r m a l v z - k r g r
p i b z
y c p x
a s u m i p e b o
n a m n c t x p o
t q r p i - n g r n
n z v z - n g r m l r
n z a n g i o - t x p w z l r
r m c t i l e
t q o l v x t i - a t e l e
t z v o p e
n z o t i p e - k r m
n z r l x t i b z l r
n z v z k i o l r
n z a b r t z n g r
t q v z p e b z
t q p i m e
t z v z - n g r
t q v z - n q b l q n e n e
n z m c k r
n z w z - k r n g e
t z v z k i n e d r
n z b z t i - l x b l r n g
t q r m c t i p e k r
n z v z - z v z b z n g
t q m n c - l x b l r p e k r
n z n g i - k r d r
n z p r p x n g r
t q v z b o
t q v z p e - k z x
v e c l e
t q m c p e x
n a v z m i b z l e
r g l q p x k r
t z v z p e
t q v z p e - k z x
r p i - m o u p q l e
n z d w a o n g r
r k a m
n z o k a t r k r
n a v z n g
k r l z m l e
v z t r n g r
t q m a i l z p e b z l e
t z v z o p e n g
n z v z - k r n g e
k x t o p w z
v z t r l e
t q r p i p e x
m c l x n g
n z m c k r
n z r p i m l r
t q v z p e m g r
n z v z k i o l r
m c l z k r
n z a g l q - k r b z k r
n a y a p w x t i m l e
n z l x n g i t i - k r g r
m c l x n g
r n i p e x
p i m
t q p i p e m
n a - a e n z l i p w z l r
n z v z - k r b o
n z r p l a m e i t i - k r d e
n z v z - k r b o
k r l z t r p z k r
n z v z k i o l r
m n c t i k r
t q v z p e m
m z ~ n i b r
t q v z p e b z
o t i l e
t q a m r b r t r p e l e
t q r g l q t i k r
n z r p i b z l r
n z v z p e - k r d r
y r l q b z k r
n a n g q k r
n z b o m l r
n a p i t x t r - m o p o
t r v z n e - k a k r
t q v z p e
n z k r l z m l r
v z k i m l e
t r n z p i - k r p o ' u
r p i l e
t r s u k a
t q o b q t r p e
n z v z - k r b o
n z k a - k r m l e
t z v z p x p e b z n g
n z r p i - a n i - k r m l e
m c t r k r
n z d w a t r - m o u - k r g r
n z v z p e - k r d r
n z r m c t i l r
n z r k a - k r b z k u
m n c l v z r n g r
n z v z - n g r m l r
t q m c l a m u
n a m n c - k a p q t r n g
t z v z p x p e b z n g
n z x l r - k r g r
n z m c t x p w z
t z v z p x p e b z n g
y r l z o
t q d w a p l r k r n g
t r k r l z w a m u
r m c t i l e
t z k a p u t r p e
e t u t x
t q y a p x p e b z
n z r p i - a n i - k r m l e
t z m n c t x - a l o p e n g
t z v z p e - k a i n g
m c p o
n z a b r t z l v z l r
m w i - l x l r t x p w z m u
n a v z n g
n z v z p x b z n g
n a p i t x t r - m o p o
t q v z p x p e
m c p x m
n a v z b z
n z p n a k i p x l r
l v c - a l z u p q
n z a p x - n g r m
t z v z n e p e n g
n z v z p e n g
t q v z p e
t q r k q t i p e
t q v z - n g r g r
n z m n c t i p x m l r
v z t r n g r
k r l a
r k a l z m q g r
m c t x m
k x t r m r l z u
n z a b z o n g
t q v z p x p e
y c p q t i p e k r
n z v z - k r b o
v z t r l e
m c l z k r
n a d w a p e k r
m n c t i k r
n z v z k i o l r
n z r p i m l r
n a m n c t x p o
m n c t i k r
t q v z p e
n a v z m i b z l e
n z r n g i s c - k r d e
n a v z b z
t z l v c m l r
t q y c o m
n z v z - k r m
n a m n c t x p o
n z r p i m
n z v z
t q m c p e k r
m n c - m i p e - a m u
t r n z a y o t i p e l r u
t q r p i b z l e
t q v z p e b z
n z r m c t i n e d r
t r v z n e - k a k r
t q v z - n q b l q n e n e
t q y r k r t r p e k r
t z p r p x n g r
n z a b r t z - z v z n g r
n z p w x n g
m c l x
t z v o p e
y z l u m g r
n z l z t i n g
m n c t i k r
t q a l v c - l z b q - n g r g r
n z a g l q n g r
n z t w z l r
m c t x m
n z v z - k z n g
t q a m r l z
v z p x b z k r
a b r t z l v z k r
v z t x
t q m n c - l x b l r p e k r
n z r p i b z l r
v z m i m q
t q m u - n g r g r
n z w z - z l w z - k r g r
t z v z k i n e d r
t q v z p e m
t q v z b o
a t u l z n g r
t z r p i p e
n z y c b l q n g
b r n g e
a m i n g r p e k r
v z x
t z v z o p e n g
n a b z p e - n g r g r
m n c l z - n g r m
v z - z v z x
v z - z v z x
n z v z k a i - k r g r
n a m n c t x p o
t z a y o t i
t q v z p x p e
n z a c l v e - k r b o
t z n g r l r k i o p e l r
t q r p i p e x
n z r p i m l r
t q m e i p x
w x b u p x - n g r m
v z x
t z r t w z t i p e - k z n g
n a m n c t x p o
v z m i m q
n z v z - k z n g
n z r p i l r
t q v z - n g r m o
l a p e
n a l i n g
n z v z k i l r
n z a y o n e p e - k r d r
t q v z p x p e
t q r p i b z l e
n z v z - k r b o
n z b z s z n g
n z v z p x b z n g
t u t i p x - n g r m
v z k i m l e
n a v z n g
v z t r n g r
t q n g r l r p x p e k r
n a p i t x t r - m o p o
k r a p w x
t z m n c t x - a l o p e n g
t z v z k i n e d r
n z r p i b z
t q v z b o
n z v z - k r m
o t i b z
n z v z - z v z b z n g
t q v z p e b z
n z r p i b z
v z p x b z k r
n z m c p x
m c l z k r
k x n z a l v z t i n g
d w a - r b r l z - n g r m q g r
n a p i n e m c
m n c l v z r n g r
k a l z m l e
t q a m i n g r - n g r g r
t q v z - n g r g r
n z v z - k r m
n z r p i l z - k r d r
y z l u m l e
t q v z t r - m o p w z k r
x n g i t x t r l e
o t i m
m c p x m
n a m n c - k a p q n g r
n z r p i l r
r k a l z m
n z r p i l z n g r
t q p n z ' p e l e
t u l z m c
n z v z k i o l r
n z v z k a i - k r g r
t z v z p e
t q a m z l r p i p e l e
n z v z - k z n g
k c m a n g
k i l z n e d e
t q a s u p e
t q v z - n g r g r
m n c - e p e l z l e
t z m n c t x - a l o p e n g
t q d w a p l r k r n g
t q v z m i t r p e l e n g
t q k a b z k r
n z v z - z v z b z n g
n z r p n a - m o u p q n g
v z t r l e
t z v z k i n e d r
r p i - m o u p q l e
v z t r l e
t z v z p e
t q y a p w x t i p e m l e
n a d r v r - n g r b o
v z x
a m r b r t r l e
t r n z p i - k r p l e u
n z y c m n e k r b z
n z x l r b z l r l e
m c t r k r
k a t x l z m l e
n z v z - k r b o
t u t i p x - n g r m
n a p i t r - m o u p o
t q p l c o
t z a v e a t i p e
t z w r k x t r p e n g
k x b q g r
n z v z - n g r m l r
t q m c p e x
k r l z p e b z k r
t q m w a p e
t z x l r o p e l r
t q v z p e - k z x
t q p i p e m
t q d c p e
t z v z p x p e b z n g
n z v z p x n g
t q b z q
r y a p w x - z v z k r
v z x
n g r d e
v z - z v z x
n z l v c p e - k r d r
n z m c t r
n z v z - k r b z k r
n a v z n g
v z t r n g r
t q v z t r - m o p w z k r
v z k i m l e
w z t r p o
t q v z m i t r p e l e n g
t q v z m i t r p e b z l e
t u o m
t z v z n e p e n g
m n c m i b z l e
n z l z t i n g
n z v z p e k r
o m i t x p x b z l e
m n c - m i p e - a m u
v z k i m l e
t z v z o p e n g
n a r l z
v z m i o l e
n z v z - z v z b z n g
r p i - m o u p q l e
t q p i b z
t z v z n e p e n g
r l a s z k r
n z v z
t z n g r l a p l x
t q m c p e k r
n z v z - k r n g e
y r l q b z k r
n z r p i b z l r
t z a p u l r
t q v z - n q b l q n e n e
t z w a i s z - n g r d r
t q v z - n g r g r
t q v z p e x
t q v z k i l z m l e
t z m n c - n g r d r
t z v z n e p e n g
n z g l r p e - k r d r
v z t r n g r
m c t x m
t r v z n e - k a k r
n z r p i b z l r
m n c t i k r
r m c t i l e
t z v z p e
a e l w a p x - p n z
t q t u l z
n z p i b z l r l e
m w i t x
t z r k a l z p e m
k a m
n a - a v z m l e
t q v z m i t r p e b z l e
t z r m c t i p e l r
n a r p n z '
n a o b q - k a p q p x
t q v z - n g r g r
t q a m z b l q p x m c
n z r m c t i l r
n z m c k r
n e d r n g
n z a m a - k r d e
n z v z n e p e l r
t q v z p e x
t q v z - n q b l q n e n e
n z v z p e - k r d r
v z k i p e b z k r
t q v z m i t r p e b z l e
n z v z - n g r m l r
k x e t u
n z m z n r - k r d e
n y z ' d r
n z v z p e n g
t z v z n e p e n g
m n c t i k r
t q r p i b z l e
r p i l e
t q r p i p e m l e
a b z o k r
y r n i - e b i r p e n g
t q v z b o
n z l v c n g
n z l v c n g
t z v z p x p e b z n g
t q v z p e m g r
k x l i
n a m n c n e - n g r g r
t z v o p e
n z t w z - k r n g e
r p i o b z l e
t r t q k a p e p w q l e
n z p n z ' b z
m r b r t i t r p e
n z m c p x
k r l z - a n g i d r k r
r p n z ' p e
n z v z - k r b o
n z p i b z l r
t z a p u l r
m n c - e p e l z l e
n z v z k a i - k r g r
t q p i p e b z l e
n z m e l z - k r m e
t z v o p e
n z t u - z v z - k r d e
t r n z p i - k r p o ' u
t q n g i
n a v z b z
n z w z - z l w z - k r g r
v z t x
v z t x
v z - z v z x
v z t r n g r
v z t r n g r
t q v z p x p e
n z v z b z n g
n z v z k i l r
n z v z k i l r
t u n e p w z
t z v z p e - k a i n g
n z v z k i o l r
a l v z t r l e
n z m c t x p w z
t q v o t x - n g r p w z
t z v z p e - k a i n g
l v c - a l z u p q
t z v z p e n g
t z v z p e - k a i n g
t z v z p e - k a i n g
t z v z p e - k a i n g
t z r m c t i p e l r
t z r m c t i p e l r
t z v z p e - k a i n g
t z r m c t i p e l r
n z v z - k r b z k r
t z r m c t i p e l r
t q m c p e l e
p r t r p o
t q v z p e x
k r l c d e n g
m z n r y a g w e n g r l c
a w i t x - n g r b z k r
n z a w i t x m
v o k r
t r o p i l v z u
t q t u p x m
t q t u n e p w z
t u t x l z m
n z v o u n e o p e m
n z p n a
t r - r m n q u
t q v z o p e k i
n a v z - k a i p o
v z t x p e - n g r d e
t z v z k i p x l r
n z v z n e - k r g r
n z v z - k r m g r
t q v z o p e k r
t q r v z m i p w q
v z b o
n z v z k i o p e - k z l r
t r v z u
t q v z k i p x k r
n a v z b z k r
t q v z k i l e
n a v z
t q v z - n g r n e
t q v z n e - z v z k r
t q m e i t i o
t q o p x p e - n g r d e
t q v o b e
n z t u - z v z - k r d e
d r l z d r n g
t q r p i p e b o
n z p i p x k r
t r p i p e ' u
t q r p i l e
t q r p i m l e
r p i b z l e
n z r p i - k r b o
n z r p i b z
t q r p n a - n g r m
n a y a p w x t i b o
n z r k a t x n g r
l x e d e
n z m n e t i
m z t e
m z t r
n z p r t r - k r n g e
k x o d a
t z t a v e t r p e l r
a w i t x p e
t q a s u l e
p i b z l e
n z o l z - k r m l e
t q m r t u - n g r d e
t q v z p e x
n c b l o   k c
n z a b r t z k r
n z y c m n e - k r b o
t r n g i u
k r l z m l e
t r b o i u
t z t a v e t r l r
t w z q
n z i k l a p w z
y c m n e p e
t q a s u p e b z
n a b z d r
n z o - k r m
n z a n i t x p w z n g
p i b z l e
k a o m a m u
r k a t x m
n z r k a b z
n a k a b z k r
n a k a m l e
n a k a b o
n o u d e
n z m n c p w z n g
a e l w a p x
m z l w e n g
m z l w e d e n g
t r k q o p q l e u
t z r t w z - k z n g
r t w z t x - n r b a l q b o
x l r k r l e
p i b z l e
n z l x n g i t i - k r d e
n z k q l u t x
n z m n c l z b z n g
y c m n e p e
t z y c m n e t r p e - n g r d r
d r t q d r
n z m n c l z b z n g
n z m n c l z b z
t w z q
n z y r m
t q r y r n g e
n z r k a l z m q n g q
n z k a l z m l r
t q r l r p e - n g r m l e
m z l e d e
m z l e d e n g
p i b z l e
t q m n c - n g r d e
n z m n c l z b z n g
m n q t i p e l e
t r - r m n q u
n z a l v z t i n g
a b r t z t x - n g r d e
t q y a p w x t i p e m l e
t z r y z k r n g
n a p i p x - l z b q n g
n z t a v e t r l r
y c - n r b a l q
t u p x m
t q p r t r p e b z k r
p r o t x k r
o b q p x k r
t q x p l r
k x n z t o p w z
k x t o p w z n e
t q v z p e - k z x
n u t i t x k r
l v c - a l z u p q
x l r k r
n z l v c n e n g
n z l v c n e - k r d r
t z l v c l z p e - n g r d r
t z l v c - a t e n g
y a p x - z v z k r
t z y c m n e t r p e - n g r d r
n z y c m n e - k r m
n z r p w a ' - n g r b z l r
r m c t i - n g r g r l e
m r l x m
w a i p n z ' l e
y r l z t i l e
t z y c m n e - n g r p e m l r
t a p l x s r g r
m e n g a b q
m w i t x k r
t q m w i t x p e
t z p r t r - m o p w q
p r o t x k r
n z a t u p x - n g r m
t q t u n e p w z
t q a c l v e b o
x l r k r
t r t q w z p e u
v o m l e
n z k a l z m l r
m r b r l z m
t u t x l z m
t q t u p x m
t q t u n e p w z
n a r l x t i t x p o
t q m w i t x p e
t q r p n a l z m
n z p n z ' p e m
n z r k a l z m q n g q
n z a b r t z k r
t q m n c - n g r g r
y r l q t x - m o u x
t q p r t r p e b z k r
t q t u p x m
t q t u n e p w z
t q k r l x l z p e l e
n z d w a t r - k r g r
v o t r p z k r
n a a g l q p e k r
t q v o t x - n g r p w z
b z t i p e d e
t z l z t r
t z l z t i t r
n z r l z - k r b z l e
n z l z
e t u n e p x
r m c t i - n g r g r l e
t z p r p x p e n g
y c t r p e n g r
y c t x b z
t z y a p w x t i p e b z l r
n a y a p w x t i b o
t q t u n e p w z
t u t x l z m
m z k e '
n e n g e n g
n a y a p w x t i b o
t q r p n a - n g r m
t q m a l e l e
t q r b l x t x p e
r b l x t x p e l e
n z p i l z l r
t q y r p u p x
t q y r p u t i p x p e
t q v z p e - k z x
m c p o
y r k r p x b z l e
n z t u - z v z - k r d e
e s z ' t i
n z r k a t x - k r d r
y r l q t x - m o u x
n a y c t i p x m
n z a b r t z k r
k x m r n a
n a y a - p w z - t i p e x
y a p x - z v z k r
e t u t x
t z l v c l z p e - n g r d r
n a y a g o x n g
t q b r l x - k z p e
t q y r k r p x k r
n z a p r e s i n - n g r
d w a s x p x - k z p q g r
x l r k r l e
x l r b z l e
d w a l z m g r
t q r p i - n g r n
t q m c p e l e
m n c - m i p e - a m u
t q d c - z l w z n g r
t q p n z ' p e l e
t q r k a l z p e - n g r m q g r
n e n g e
t z r l x n g i t i n g
n z n g q t i t x p w z
n a n g q n a m u
n z x l r m l r
v z - z v z k r
t q v z o p e
n z v z m i - k r g r
t r t e d e
v z m
t q a m a o p e
t q a m a - a t e k r
n z g l q o l r
n z l z t r - n g r d e
t z n g r l r k i o p e l r
d w a t x t r x
t q a m z b l q t x p x p e m c
n z a m z b l q p x - k r m c
t r n z m n e t i u
t r t e d e
d w a t x t r x
n z d w a t r - k r d e
n z m u - k r g r
n z r m n q t x n g
n z k r l z t i
n z k r l z t r p z
t r n a k r l z p q l e u
k r l z l z b z k r
s e k a e n t x k r
t q m c - a t e k r
t r m c p e l e u
t r n z m c p e l r u
n a m c t r
t z m c t x p w z
n z m c p e - k z p z
n i b r g r
t q v z p e - k z x
n a - a d r v r - n g r b o
t r l r p r k r u
k x n g r l x o b z l e
n a n g r l r k i t r l r
t q n g r l r l z p e
y r k r t x o
t z v z p e - k a i n g
n a l i
t q w x l i k i t x p x
w x l i k i t x p x p n z
y r p l a b r t q p e
n a a g l q b z l r
t q r b l x t i l e
y r w i t x p x l e n g
n z w a i n e - n g r b z l r
t q v e a p e b z
t q y r k r p e n g r
n a m w i
r d r n g
t q m e i p x
n a l i
t z y z l u p e - m o p w z n g
l x l v r k i m l e
n a m n c - k a p q l z - n g r m a m u
t q m n c t x p w z k r
t z m n c t x p e n g
t q m n c - k a p q n g r
m n c t x d e
t r n z m n c p e u
n z g l q o l r
y a n e - z v z k r
n z s i k a p u - k r d e
n g r l r m i m l e
n z v z m q n g
n z p n a n g
t r m c l e u
n z l z t r - n g r d e
n a m a p u p e b z l e
l o l v z o a m u
n g r l r m i m l e
t q n g r l r l z p e
t q o t i - a t e m
t q o t i m l e
n z l v c - k r m l r
t q r l x t i p e b z k r
n a r l x t r p z k r
t z r l x t i m l r
n a r l x t i t x - p w z k r
t q n g r l r p x p e m
n z - z p q t r - k r d r
n a r l z
n z m n c n g
l z o k r
t q r p w x m z
n z y a l z - k r g r
n z y r l q
n z t a o k r
t z a y o t i
t q m e i p x
r g l q k r
t z m a i l z l r
n z r l z n g
t q k a p u t r - n g r b z
t r n z k q l u - k r p e p w q g r u
t q n g q p e l e
p n z ' t x d e
k c m a
n a a m i n g r t i - n g r d r
y a g o x t x
t q k i p o p e
k x g l r
m z l i   k c
o l i q l z k r
n z k u k i n g
m w x l r - n g r g r
a c l v e l e
m c l x
n a o k a t r p q l r
n a o k a t r - n g r d e
t q a c l v e x
n z o b q p x b z
n z m w a n g r
m z n r y a g w e n g r l c
n z r l e t i n g r
t z r t a n g r p e
n z a r l a p x - k r d e
m r b r t x
n z a l v z t r n g r
t z a m c t i - n g r d e
n z r p i m
k x b q g r n g
t r n z y a g o x - k r g r u
t z n g r l a p l x
n z m c k r
n z r p n a k i p x n g r
t r t z r p n a p e u
n z r p n a n e o p e - k r m l r
n z p n a t i - k r g r
t q m r l z p e
n z v z - k r b z
k x y r l z
t q r p i p e b z l e
r p i b z k r
n z p e t i
n z e t u p e - k r n g e
k x n z t o p w z
n a n g r l r t r k i
t z x l r o p e l r
m c k r
t q v z p e x
d w a - r b r l z - n g r m q g r
t q r g l q t i k r
m q n g r m
n a r l z
t q p n z ' l e
t q m z n r p e
y r l q b z l e
t z t a v e l r
t q n g r l r p x p e k r
t q v z p e x
o b q b z k r
t q o l v x t i p e l e
t q m n c
t q m n c
t q v z p e x
n g r l a p l x p x k r
t q a o k z
n z r p i b z
t q m c p e k r
k c m a n g
n z m n c k r
n z y a p w x - k r d r
t q v z p e x
n z y r m q n g
m c l x
m c t e
n z b o m - k r d e
t q n g r l r p e k r
n a n g r l r t r k i
k r l z m g r
p w x p w z
n a a g l q p e k r
t q n g r l r p e k r
t q v z p e x
t z m n c - n g r d r
n a p i l v z t i
t q v z p e - k z x
t q v z p e x
m r k c n g
x l r b z l e
o t i l e
n a b z t r k i
m c p z k r
m c p o
n z m n c - k r d r
m z l i   k c
n z r p i - a n i - k r m l e
t z m n c p e n g
k x y r l z
t q b z p e
r k a l z m g r
r k a l z m q g r
t q r k a l z p e - n g r m q g r
t q e t u n e p x p e
t q v z p e - k z x
t q r p n a l z m
t q o t i p e b z l e
n z a t u p x - n g r m
d w a s x p x - k z p q g r
t q m n c
m c l x
n z a l v z t r l r
m n c l v z r n g r
t w z x
n a m n c n e - n g r g r
n z n g i - k r d r
n z y c m n e - k r d e
t z m w i p e n g
t q m n c
m c l x
n z w z t r n g
t q p i b o
t q v z p e - k z x
t q e t u
n a y r k r t x
n z m n c p e n g
n z p n a k i p x l r
t q w z t i p e l e
t q v z p e k r
n z r l z - k r g r
n z l v c n g
n a e s z ' m z n g
r k a l z m
r k a l z m
n z p n a t i l r
n z m c t r
n z n g i - k r d r
t q v e a p e
t q v z p e - k z x
t q p i p e b z l e
t q n g y a p e
t q v z p e x
t q m z n r p e
t z v z p e
t q m n c - l x b l r p e k r
n z w z k r
t z m c p x p e b z l r
