v z t x
n z v z k a i - k r g r
t q t u p x m
n z b z - k r g r
n z v z p x n g
t q r k a l z p e - n g r m q g r
n z m c k r
l v c - a l z u p q
n z v z k i o l r
t z r p i p e l r
v z t r l e
n e d r n g
m c p o
t q m c p e x
m c l x
n z v z b z n g
t q p i p e b z l e
t q v z m i t r p e b z l e
v z p e m
n a v z m i b z l e
n z v z - k r n g e
n z r p i l z - k r d r
t q v z p e
t z y r n i n e t r p e b z n g
v z t r l e
v z - z v z x
n a v z m i b z l e
n a k r k a ' - z v z k u
m c p o
m c p x m
t z v z p e - k a i n g
t z l v c - a t e n g
n z v z - z v z b z n g
t q v z m i t r p e b z l e
n z v z - k r b z k r
n a - a v z m l e
y r k r t x o
m c l x
t z v z o p e n g
t z v z o p e n g
m c l x n g
r p i l e
t q t u n e p w z
n z v z - n g r m l r
n a v z b z
r g r
t z v z - n g r
n z t u n g r
n z v z - k r b z k r
n a p i b z k u
m n c p e x
n z m n c t x p e p w z
m n c t i k r
t z v z p e
m c l z k r
t q m e i p x
n z r p i m
t q v z p e
n z m u l r
t q v z m i t r p e b z l e
t q v z p e m g r
t q r l r p e - n g r m l e
n z v z - k r b o
n z v z - k r n g e
t r n z p i - k r p o ' u
n z m c t x p w z
t u p x m
t q v z p e m g r
n a v z n g
v z m i m q
t q r m c t i p e k r
v z p e m
n a l i n g
o m i t x p x b z l e
n a v z b z
r y z k r
k x y r l z
n z r p i m l r
t q a l v c - l z b q - n g r g r
r g l q k r
t q v z p e b z
n z v z p e - k r d r
n z m c t x p w z
m n q t i p e l e
t q m n c
t q v z t r - m o p w z k r
n z v z p e - k r d r
t q v z - n g r g r
n a k r k a ' - z v z k u
x l r b z l e
y r n i t x
t q t r k a p e m
n a v z b z
n z v z - k z n g
t z v z o p e n g
d w a l z m g r
n z d w a t r - k r g r
n z v z p e - k r d r
t z v z p e - k a i n g
n z v z - z v z b z n g
v z m i o l e
t q v z p x p e
y r n i t x
v z m i o l e
t q v z t r - m o p w z k r
n z t u - z v z - k r d e
t q v z p e m
t q y r p u p x
v z p x b z k r
b x p i z p x
t z m n c - n g r d r
t q v z p e m
n z v z p x n g
t z v z k i n e d r
n z v z - n g r m l r
t z v z p x p e b z n g
n z y c m n e - k r d e
p e t r l e
r m c t i - n g r g r l e
r p i l e
y r l q t x t r k r
n a p i t r - m o u p o
t q m n c - n g r d e
n z r p i l r
t q v z m i t r p e b z l e
m c p z
n z a t u p x - n g r m
n z o p r t a p x - k r m a m u
m z l e d e n g
n z m n c p e n g
t q v z m i t r p e l e n g
t q v z b o
n a p i t x t r - m o p o
m c p x k r
n z m n c l z b z n g
t z n g r l r k i o p e l r
n z a b r t z - z v z n g r
n z r p i l r
v z x
n a o k a t r p q l r
t q v z - n g r g r
t q v z - n g r g r
t u l z m c
t q t o p w z b e - n g r n e
v z k i m l e
t q k r k a ' p e k r
n z a l v c - k r g r
n z b z - k r g r
t z m n c - n g r d r
t q v z d z p e - n g r m g r
t q t u l z
t q v z m i t r p e b z l e
m c l z k r
t q v z m i t r p e b z l e
n z v z - z v z b z n g
n z m c p x
n z d w a t r - m o u - k r g r
t z v z n e p e n g
m n c t i k r
n z p n a k i p x l r
m c l z k r
t q v z p e b z
r g l q p x k r
n a y a p w x t i m l e
n z r l a s z - k r g r
e s z ' n e
n z m c t x p w z
n z v z k i l r
t z v z - n g r
r p i b z k r
n z r n i b q n g r
t q v z p e x
v z t x
t z v z k i n e d r
t q v z b o
t q e t u n e p x p e
t q v z m i t r p e l e n g
t z v z p e - k a i n g
t z n g r l a p l x
n z v z p x b z n g
y r l q b z k r
t q v z p e - k z x
t q v z - n q b l q n e n e
t q t u p x m
t q v z m i t r p e l e n g
n a y c t i p x m
t q v z p e x
t q v z p e m g r
t r v z n e - k a k r
n a d w a p e k r
t q v z p e x
b x t r t x p w z
t z r k a l z p e m
t z m n c n g
r m c t i p e k r
t q v z p e m g r
p i b z l e
r m c t i p e k r
t u p x m
t z r m c t i p e l r
m c p x m
v z m i m q
t q m n c - n g r d e
x l r b z l e
m n c p e x
t q v z p e m
t r v z n e - k a k r
t q v z b o
t r t r k a - z l w z p w z u
t q v z p e m
n z v z b a t r - k r b z l r
t z r p i p e m
n a y a p w x t i b o
t z r l x t i m l r
n z v z - n g r m l r
r m c t i - n g r g r l e
v o k r
t q v z m i t r p e b z l e
v z m i o l e
v z k i m l e
t q a o k z
n a m n q q
y r l q t x b o
n a b z m i p e l e
t z v z k i n e d r
m c t r k r
m z n r y a g w e n g r l c
t z v z p e
n z v z b z n g
v z m i o l e
n z v z - k r b z k r
t q m c p e x
r g r n g
v z p e m
n a v z n g
l v c - a l z u p q
n z v z - k r b o
t q v z p e b z
t q r l r p e - n g r m l e
n z v z p x n g
n z v z - k r m
t q r k a l z p e m g r
n z v z - n g r m l r
t z v z - n g r
t z v z o p e n g
k x t o p w z n e
t q v z - n g r g r
t q m c p e x
t z v z p e
v z p e m
m c l x
n z v z - k r b z k r
t q v z b o
t q r l r p e - n g r m l e
t q n g r l r l z p e
n z a n g i o - k r g u
t q v z o p e
t q m z b l q p x m
t q v z - n q b l q n e n e
t q k u k i - n g r n a m u
n a r k a l z p e m
t u t x l z m
v z t r l e
n a v z n g
t z v z p x p e b z n g
n a p i b z k u
a n g r l o t i l e
t z r m c t i p e l r
t r n z m n e t i u
t r n z m n c p e u
n z v z - r b r - k r d r
t q r m c t i p e k r
t z v z p x p e b z n g
t z v z o p e n g
n z r l a s z - a t e - k r d r
n z v z k i o l r
n z v o u n e o p e m
t q v z m i t r p e l e n g
t q d c p x m
t q v z p e x
t z l v c m l r
v z t x
t q t u n e p w z
t q v z t r - m o p w z k r
t z r y z k r n g
t z v z - n g r
t q v z p e b z
n a v z m i b z l e
n z v z
n z w z - z l w z - k r g r
t q v z p x p e
n z a b r t z n g r
t q v z p e x
t q v z n e
r p i - m o u p q l e
t q v z t r - m o p w z k r
n z r p i b z l r
n z v z - k r b z k r
t r n z y a g o x - k r g r u
a w i t x - n g r b z k r
n z r n g i s c - k r d e
t q k q l e p e b z l e
t z v z o p e n g
v z x
n z t q n g
t z m n c t x - a l o p e n g
t q v z p e b z
t z v z o p e n g
r m c t i l e
m n c t i k r
t z v z p e - k a i n g
x l r b z l e
t q v z - n q b l q n e n e
t z v z k i n e d r
n a y a - p w z - t i p e x
n z v z - k r n g e
n z v z p x b z n g
n z v z - k r n g e
t q a s u p e
n z v z - n g r m l r
x l r b z k r
t q v z b o
r p i - m o u p q l e
v z p e m
n z v z - z v z b z n g
t z v z p x p e b z n g
m w i t x k r
n z r m c t i l r
n z v z k i l r
n z r y a p w x - k r b o
n z p n a t i l r
n z r p i - a n i - k r m l e
t q v z b o
m n c t x o p w z
n z v z - z v z b z n g
n z p n a k i p x l r
n z v z - k r b o
t q l x n g i t i - a t e x
t q v z p e - k z x
m c t x m
t u t i p x - n g r m
n z d w a t r - m o u - k r g r
v z p x b z k r
t q p n z ' l e
v z k i m l e
t u n e p w z
n z v z p e n g
n z v z k a i - k r g r
v z m i m q
t q v z p e b z
n z v z p x b z n g
t z v z p x p e b z n g
r p i - m o u p q l e
n a v z b z
n a m u p e k u
n a v z b z
t u t x l z m
n z r p i b z l r
n z m n c l z b z n g
t q r p i p e x
t q v z m i t r p e l e n g
t q v z m i t r p e l e n g
k x t r k a
v z p e m
n z m c p x
n a e s z ' m z n g
t q v z - n q b l q n e n e
v z t r n g r
n a m n c - k a p q n g r
t q a s u l e
t q v z p e x
n a p i p x - l z b q n g
n z r b o m k r
m z l w e d e n g
t q v z p e m
o t i m
n z v z - k r m
t q o l v x t i - a t e l e
t z v z n e p e n g
t q m c p e k r
t q v z p e m g r
t z r p n z t r p z n g
n z d w a t r - m o u - k r g r
t z v z k i n e d r
t q r l x t i p e b z k r
m r l z p e
n z n g i k r
t r m n c n e - z p w x p e k r u
t z s i k l u t i
t q v z p e x
v z - z v z x
n z m c k r
n z d w a t r - m o u - k r g r
n z v z - k r m
v z k i m l e
v z m i m q
r t r n g r t i b z
n a p i t r - m o u p o
t a p l x s r g r
n z v z
n z k r k a ' - k r d e
t q r m c t i p e k r
t q v z b o
n a y a - p w z - t i p e x
t z v z k i n e d r
m r b r l z m
n g r d r
t z v z p e
v z t r l e
d w a t x t r x
t u t x l z m
n z v z p x n g
n z v z k i l r
n z r p i l z - k r d r
t q v z - n q b l q n e n e
n a v z n g
n z m n c p e n g
r m c t i - n g r g r l e
y r l q t x - m o u x
t z v z n e p e n g
v o k r
t q v z p e x
t z y c p e n g r
t q v z m i t r p e b z l e
t q o l v x t i - a t e l e
n z y a y o l z - k r m g r
t q p i p e m
n z a b z l r
t z v z n e p e n g
n z v z p x n g
n z w z t i - k r b z l e
t q v z p e b z
n z v z
t r v z n e - k a k r
n z a n g i o
n z a b r t z l v z l r
v z t x
n z v z - k z n g
n z l u t x p w z n g
n z v z - k r b o
n z k r k a ' p x - k r m l r
n z m u n g r
v z p x b z k r
n z y r l q b z
n z p n a t i - k r b z l r
t q k r l z - a t e b z k r
n a v z b z n g
t q v z p e m g r
n z v z p e - k r d r
n z a y o n e p e - k r d r
n a p i t x t r - m o p o
t q v z - n q b l q n e n e
v z m i o l e
n z v z - z v z b z n g
n z m n c l z b z n g
t q v z m i t r p e l e n g
v z m i m q
t q v z p x p e
n z r p i b z l r
t r v z n e - k a k r
n a v z b z
n z v z p e n g
t z m n c - n g r d r
n z v z p e - k r d r
v z m i m q
t q v z p e - k z x
t q v z p x p e
n z v z k a i - k r g r
y r n i t x
t q p i m e
n z m c p x
n z v z p e n g
n z v z n e p e l r
t q r p i p e b z
t q a s u p e b z
a b r t z l v z k r
n g r l r m i m l e
n z v z p e n g
m w x l r - n g r g r
v z m i o l e
n g r d e
m c l x n g
t q a m z n r p e l e
t q o l i q t i p e b z l e
t q a l v c - l z b q - n g r g r
t z k u k i - n g r d r
n z m c k r
n z m w x l r - k r g r
t q v z p e x
n z e t u p e - k r n g e
v z t r p z
t z m n c t x - a l o p e n g
t q v z p e m
t q k r l z - a t e b z k r
t q m n c - n g r d e
p w x p w z
n z y c m n e - k r b o
r m c t i - n g r g r l e
n z v z - k z n g
n z v z b z n g
t q v z p e m g r
n z v z - z v z b z n g
n z v z k i l r
n z d w a t r - k r d e
n z v z - n g r m l r
t z s i k l u p x - n g r m l r
t z p x i b e n g
t r n z p i - k r p o ' u
t z v z n e p e n g
n z r k a l z m q n g q
m n c t i k r
n z a t u p x - n g r m
t z n g r l r k i o p e l r
n a r p n z '
n z v z - n g r m l r
t q r g l q t i k r
p n z ' t x d e
n z b z t i - l x b l r n g
v z m i o l e
t q d w a p l r k r n g
t q n g r l r p x p e m
t z a m r b r t r l r
t z v z o p e n g
n z m n c p e n g
p i b z l e
n z v z p x b z n g
n z a m u k x t r - k r d e
n z a b r t z k r
t q v z - n g r g r
n a k a b o
b z a m u
n z d w a o n g r
n z m c k r
t z v z - n g r
t q v z p e
t q r k q t i p e
t z v z p x p e b z n g
n a y a p w x t i m l e
t q v z t r - m o p w z k r
n z t a o k r
v z m i m q
n z v z - k r b z k r
n z m c o m l r
t z v z - n g r
m z l w e d e n g
t z v z k i n e d r
t z v z o p e n g
n z v z k i l r
t q v z t x p e
n z r p i l r
n a p i t r - m o u p o
t z v z k i n e d r
r m c t i p e k r
r m c t i p e k r
m c p o
n z x l r b z l r l e
d r l z d e
n z p i b z l r
t q a m e i b z k r
t q p n z ' p e l e
t q t u l z
n e g r
m c o m q
v z k i m l e
n z k a l z m l r
n z p i l z l r
d r t w r g r
n z m c k r
t q m c p e k r
t z k u k i n g
n a v z b z
t q m n c - l x b l r p e k r
m c l z k r
m c l q
t q v z - n g r g r
n z d w a o n g r
t q a w i p e b z k r
n a p i b z k u
n z v z - n g r m l r
n z l z t i n g
n z d w a o n g r
n z v z - k r n g e
n z t a v e t r
t z r l x n g i t i n g
m n c t i k r
k x t q
n z v z k a i - k r g r
t r v z n e - k a k r
n z a l v z t r p l r
n z v z - k r b z k r
n a l x n g i t i k u
t q v z m i t r p e b z l e
s c d r
n z i k l a p w z
n a o k a t r - n g r d e
t z r m c t i p e l r
t z v z - n g r
n z b o m l r
n z v z p x n g
t z y c m n e - n g r p e m l r
t z v z p x p e b z n g
n z v z - z v z b z n g
n a d w a p e k r
t q y r n i t x p e
t q v z t r - m o p w z k r
a b r t z l v z k r
n z v z k i o l r
t q v z p e m g r
n z r p i l r
t z v z n e p e n g
t z k u k i - n g r d r
v z x
n z v z - k r m
n z v z n e p e l r
n z v z p x n g
n z v z - k r b o
n z v z k a i - k r g r
n z v z p x b z n g
y r n i t x
n a v z n g
v z m i m q
t q v z p e b z
v z p x b z k r
t q p i p e m
t q v z m i t r p e l e n g
t q v z p e
n z v z
t q v z t r - m o p w z k r
t z v z n e p e n g
t q m c p e l e
t z v z p e - k a i n g
n z v z n e p e l r
t z v z o p e n g
n z m c p x
v z x
n a v z m i b z l e
v z t r n g r
n z r p i l r
t z v z p e
n z v z - z v z b z n g
t z v z p x p e b z n g
n z v z
v z t x
n z v z p e - k r d r
t z v z k i n e d r
n z v z k i o l r
n z v z b z n g
t q v z p e
v z p e m
t z r m c t i p e l r
n z v z p x n g
t q v z p e x
v z t r n g r
v z x
n z v z p x n g
n a v z n g
n z m n c - k r g r
t q v z p e
n z e t u p e - k r n g e
n z v z n g r
t q v z p e b z
r m c t i l e
v z m i m q
n z m n c l z b z n g
t q y r n i p e x
t z r k a l z p e m
v z t r l e
t q a s u l e
t q m c p e l e
t q m u
v z - z v z x
n z v z k i o l r
v z - z v z x
v z p x b z k r
t z v z p e
n z v z - k r m
t q m n c
n a p i t x t r - m o p o
v z t x
v z x
v z t r l e
n a v z n g
v z x
n a v z n g
t q a l v c - l z b q - n g r g r
t z v z p x p e b z n g
n z v z - k r n g e
t q v z - n q b l q n e n e
t r n z p i - k r p o ' u
n a p i t r - m o u p o
n a p i t r - m o u p o
v z t x
n a v z b z
n z v z k i l r
t q r k a l z p e - n g r m q g r
n z v z - z v z b z n g
r p i - m o u p q l e
n z v z - k r b z k r
n z v z - k r m
t q t u n e p w z
v z t r n g r
t r n z p i - k r p o ' u
v z m i m q
n a v z m i b z l e
n z v z - k r b z k r
t q v z p e m
n z v z b z n g
n z v z p e n g
t z v z n e p e n g
v z t r l e
t q k r k a ' p e b z
n z v z - n g r m l r
n a v z b z
t z v z n e p e n g
n z v z - k r m
r p i l e
n z b z - k r g r
n z v z p e - k r d r
t z v z - n g r
v z p e m
n z v z - k r b z k r
t z v z - n g r
n z v z p e - k r d r
n z v z b z n g
t r n z p i - k r p o ' u
n z v z k i l r
t q n g r l r p x p e m
n a p i t r - m o u p o
n z v z p e - k r d r
n z v z p x b z n g
t q v z m i t r p e l e n g
t r v z n e - k a k r
n z r p i l z - k r d r
p i b z l e
t z v z p e - k a i n g
m n c p e x
m c l x
n a k a b o
v z p e m
t q p i p e b z l e
m c t r k r
t z v z o p e n g
v z p x b z k r
t z m n c t x - a l o p e n g
n z v z - k r m
r m c t i p e k r
n z v z - k r m
n z v z - k r n g e
t q l x n g i t i - a t e x
t z v z - n g r
n a d w a p e k r
t z v z n e p e n g
t q v z p e m
n a v z b z
v z - z v z x
t q v z t r - m o p w z k r
n z x l r b z l r l e
v z m i m q
n z v z p x b z n g
n a v z m i b z l e
m c p o
t q v z p x p e
n z a b r t z l v z l r
t u p x m
n z r n i b q n g r
n z v z - k r n g e
t u t x l z m
v z x
v z t r n g r
n z r m c t i l r
t q v z p x p e
t q v z m i t r p e b z l e
t q v z t r - m o p w z k r
t q v z b o
t r t r k a - z l w z p w z u
y r l q t x - m o u x
n z v z k i o l r
n z v z - k z n g
n z m c t x p w z
n z m c k r
m c l x n g
n z a b r t z n g r
v z k i m l e
t q v z p e b z
t q m c p e l e
v z k i m l e
t q p i p e b z l e
t q p n z ' p e l e
t q r p i p e x
n a y a p w x t i b o
v z p e m
t q v z m i t r p e b z l e
t q p i p e m
n z v z - k z n g
t q v z m i t r p e l e n g
t q v z - n g r g r
t r v z n e - k a k r
n z v z - k z n g
p i b z l e
t q v z p e m
v z p e m
v z x
n z v z b z n g
t q v z m i t r p e b z l e
n z v z p e - k r d r
t q v z m i t r p e b z l e
t z v z p x p e b z n g
n z m c t x p w z
n z y c m n e - k r b o
n z v z p x n g
t z m n c t x - a l o p e n g
n z v z n e p e l r
n a p i t x t r - m o p o
m c l x n g
t q v z p x p e
v z p e m
t z v z o p e n g
v z k i m l e
t q p i m e
t q v z b o
n z v z n e p e l r
v z k i m l e
v z x
r m c t i l e
n z v z - k z n g
n z v z - k r b z k r
n z r p i b z l r
n g r d r
t q m n c - n g r d e
t z v z p e - k a i n g
t q m u p e k r
m c l z k r
n z d w a t r - m o u - k r g r
m c p o
m c l x n g
n z t u n g r
t z v z - n g r
t q p i p e m
t q v z b o
n z v z - k r b z k r
v z k i m l e
n a v z b z
n z v z - k r b z k r
v z t r l e
n a v z m i b z l e
t z v z - n g r
t z v z p e - k a i n g
n z r p i m l r
t z v z k i n e d r
t q v z p e m
n a v z n g
t z v z p e - k a i n g
s c d r
r p i - m o u p q l e
t q y r n i p e x
t q v z p e m g r
n z v z - k r n g e
t z v z n e p e n g
n z v z - k r m
n z r p i m
n a v z n g
t q v z p e m
n z v z b z n g
n z v z k a i - k r g r
n z v z k i o l r
t q t u p x m
v z m i m q
t z r p i p e l r
b z a m u
v z m i m q
n z v z - z v z b z n g
n z v z p x n g
t q v z - n g r g r
n z r p i m
n z v z k a i - k r g r
t q p i m e
t q v z p x p e
d w a l z m g r
m c t x m
n z v z - k z n g
n z v z p e n g
n a v z n g
n z v z b z n g
n z v z - k r b o
t q m n c - l x b l r p e k r
t z v z o p e n g
t q m w i p e k r
t q v z b o
n z v z - k z n g
t r v z n e - k a k r
t q a l v c - l z b q - n g r g r
n a p i t x t r - m o p o
t q r k a l z p e - n g r m q g r
n z v z k a i - k r g r
n z v z p e - k r d r
n z v z b z n g
m c k r
n z r m c t i l r
t q v z p e m
t q v z m i t r p e b z l e
t u p x m
t z v z p x p e b z n g
n z v z - k r n g e
n z r p i m l r
t q m n c - n g r d e
m c p o
r m c t i l e
t q r m c t i p e k r
t q v z m i t r p e l e n g
n z v z - k r n g e
n z v z - k r b o
t z r y z k r n g
v z t r k r
t q m n c
t z v z n e p e n g
t z y c m n e - n g r p e m l r
t z v z k i n e d r
v z t r n g r
t q r p i p e x
t z y c m n e - n g r p e m l r
t z v z - n g r
n a v z n g
n z r m c t i l r
v z - z v z x
t q v z m i t r p e l e n g
m c t r k r
n z v z - k r m
n z v z p e n g
d w a t r k r
t z k u k i - n g r d r
n z v z k i l r
r p i l e
n a v z m i b z l e
t q v z - n g r g r
n z v z k i l r
t q v z p e x
t q a s u p e
n z v z n e p e l r
m c t r k r
v z t r n g r
t q v z - n g r g r
t q v z m i t r p e l e n g
t q p i p e b z l e
n z v z - k z n g
y r l q t x b o
t z r k a l z p e m
n a l i n g
t q v z p x p e
v z p e m
t q v z - n g r g r
v z t x
m c l x
v z k i m l e
d r l z d e
r g l q p x k r
n a p i t x t r - m o p o
t u p x m
r g l q p x k r
n z r p i l r
n a m n c - k a p q n g r
n z v z - k r b z k r
t z v z p x p e b z n g
t q v z m i t r p e b z l e
v z m i o l e
t z v z o p e n g
n a v z b z
t q v z - n q b l q n e n e
n a v z m i b z l e
n z m n c - k r n g e
t z v z n e p e n g
v z k i m l e
n z v z - z v z b z n g
v z x
n z v z n e p e l r
t z v z n e p e n g
n z v z p e - k r d r
t q v z p e m
v z - z v z x
v z t r n g r
v z m i m q
n z v z p x b z n g
n a v z m i b z l e
n z v z
t r v z n e - k a k r
n z v z b z n g
n z v z p e - k r d r
n a v z m i b z l e
t q v z t r - m o p w z k r
v z t r l e
l v c - a l z u p q
n a k r k a ' - z v z k u
t z v z o p e n g
n z v z - k r b o
t q v z p e m g r
t r v z n e - k a k r
v z x
n z v z - k r b z k r
n z v z k i l r
v z k i m l e
t z v z p x p e b z n g
v z t x
m c p x m
m n c t i k r
n z v z
n z v z
t q v z b o
t q n g r l r l z p e
t q v z t r - m o p w z k r
n z v z - n g r m l r
v z - z v z x
v z k i m l e
r m c t i - n g r g r l e
t q v z - n g r g r
t z v z n e p e n g
v z k i m l e
t q y r n i t x p e
t r v z n e - k a k r
t z v z n e p e n g
t q m w x l r p e k r
t z v z - n g r
n z v z p e n g
m c l z k r
n z v z b z n g
v z p e m
t q v z - n g r g r
v z - z v z x
t r n z p i - k r p o ' u
n z p n a k i p x l r
n z r p i m l r
t r v z n e - k a k r
v z t r n g r
x l r k r
m c t x m
t z v z p e - k a i n g
n z v z k i o l r
t r v z n e - k a k r
t z v z - n g r
t q v z m i t r p e l e n g
t q v z m i t r p e l e n g
m c l x n g
t q v z p e
t q v z m i t r p e b z l e
n z v z - k r m
t r v z n e - k a k r
n z v z n e p e l r
t u n e p w z
t q r g l q t i k r
t u l z m c
t q t u p x m
m n c p e x
n z v z - k r n g e
t q v z p e x
m c t x m
n z v z p e n g
n z r p i l r
n z v z - k z n g
n z v z p e n g
n z v z p x b z n g
n z v z - k r m
t q a y r n i p e
m c p x m
t q r m c t i p e k r
n z v z p e - k r d r
v z k i m l e
t q v z p e x
t q v z t r - m o p w z k r
n z v z - k r m
n a p i t x t r - m o p o
n z v z
n z v z k a i - k r g r
p i b z l e
n z r p i - a n i - k r m l e
n z v z p e - k r d r
t q v z p x p e
v z k i m l e
t z v z o p e n g
t q v z b o
v z t x
t q m n c - n g r d e
n z m c k r
t q v z m i t r p e b z l e
n z v z k i l r
t q v z - n q b l q n e n e
t q v z p e m
t q v z - n q b l q n e n e
n z m c p x
v z t x
t q v z m i t r p e l e n g
t q t u n e p w z
t q v z - n g r g r
v z x
t q v z m i t r p e b z l e
t q v z - n q b l q n e n e
v z m i m q
r m c t i l e
n z v z p x n g
t q v z - n g r g r
n z r p i m
t z v z p e
m c l x
n z a b r t z k r
r p i l e
v z p e m
v z m i m q
v z m i m q
v z t x
r m c t i l e
t q v z p e m g r
n z v z - n g r m l r
n a p i t r - m o u p o
m c l z k r
v z t r l e
t r v z n e - k a k r
t q v z b o
v z - z v z x
m c l x
n z v z - z v z b z n g
m n c t x d e
n a p i t x t r - m o p o
m c l z k r
v z k i m l e
n z v z - k r n g e
n z m n c n g r
n z v z p e - k r d r
v z m i o l e
n z y c m n e
n z v z - n g r m l r
r m c t i - n g r g r l e
t q p i p e m
n z v z b z n g
n z a t u p x - n g r m
n z m n c p e n g
n z r m c t i l r
v z k i m l e
n z v z - k z n g
v z t r l e
n z m c t x p w z
n z v z n e p e l r
n z r p i - a n i - k r m l e
v z k i m l e
n a v z b z
t q v z p x p e
n z v z k i l r
n z v z p e n g
a w i t x - n g r b z k r
n z v z k i l r
t q v z - n g r g r
n z v z b z n g
v z t r l e
n z v z p e n g
t z v z - n g r
n a v z n g
n z v z - k r b o
t z v z - n g r
t r v z n e - k a k r
v z t x
t q v z p e b z
n z v z p e - k r d r
t q v z p e m g r
n z v z - k r n g e
m c l x n g
n z v z p e n g
v z x
t z v z p e - k a i n g
n a v z m i b z l e
v z t x
n z v z - k r m
n z v z k i l r
t q v z p e b z
t q v z m i t r p e b z l e
t q n g i
n z d w a o n g r
n z v z p x n g
t q t r k a
v z t r n g r
t q v z p e b z
v z p e m
n z v z k i o l r
t u t x l z m
m c l x n g
t z y c m n e - n g r p e m l r
n z r p i l r
n z r p i b z l r
m c l x n g
n z v z - k r b z k r
n z v z b z n g
t q m c p e x
v z t r n g r
n a v z n g
n z v z - k z n g
t q v z p e b z
t q t u n e p w z
n a v z m i b z l e
n z v z k i o l r
n z a t u p x - n g r m
t q v z - n q b l q n e n e
m c l x n g
n z d w a t r - k r d e
n z r p i - a n i - k r m l e
n a v z n g
n z v z k a i - k r g r
r m c t i l e
t z v z k i n e d r
n a p i t x t r - m o p o
n z v z k i o l r
t q v z p e m g r
n z v z p e - k r d r
n z v z - k r n g e
t q r m c t i p e k r
n z v z p e n g
n z v z k i o l r
t q v z - n q b l q n e n e
n z v z - k r n g e
t q m w i - n g r g r
t q r p i p e x
t z m n c - n g r d r
t q n g r l r l z p e
t z v z p x p e b z n g
k r l z m g r
m n c p e x
n z v z n e p e l r
n z v z b z n g
t z v z k i n e d r
v z - z v z x
n z v z - k r n g e
t q v z t r - m o p w z k r
x l r k r
n z v z b z n g
r m c t i l e
m c l z k r
n a v z b z
n a m n c - k a p q n g r
n z v z - k z n g
t q v z b o
n z r p i m l r
n z y c m n e - k r b o
n z b z t i - l x b l r n g
m n c t i k r
v z p x b z k r
t q v z p e
n z v z n e p e l r
n z x l r b z l r l e
t q m c p e x
t q v z p e x
n z v z
n z v z - n g r m l r
t q v z p e k r
v z t x
t z v z p e - k a i n g
t q v z - n q b l q n e n e
d w a t x t r x
t q v z p e
n z v z p x b z n g
n z v z k i o l r
n a p i t x t r - m o p o
t q v z p e x
t r v z n e - k a k r
t z v z k i n e d r
n z v z - k r b z k r
n z t a v e t r
n a v z n g
n z v z p e n g
n z v z - k r b z k r
v z t r n g r
t z v z - n g r
t q v z t r - m o p w z k r
t q v z m i t r p e b z l e
m c p x m
t q v z p e m
m c p o
t z v z p e
m c t x m
t q v z - n g r g r
t r v z n e - k a k r
t z v z p e - k a i n g
n z v z - k r b o
t q p i m e
t q v z m i t r p e b z l e
n z v z k i l r
v z p x b z k r
n z v z k i l r
n z v z - k r b o
v z t r l e
n z v z - n g r m l r
n z v z p e - k r d r
v z t r n g r
t z v z - n g r
n z v z p x n g
n z a t u p x - n g r m
n z v z p e - k r d r
n z v z p e n g
t z v z p e - k a i n g
n z v z p x n g
t z y c m n e - n g r p e m l r
v z t r l e
v z p x b z k r
v z t r n g r
x l r b z l e
n z v z - k r b o
t r v z n e - k a k r
t q v z p e m
v z t x
n a v z m i b z l e
n z v z k i o l r
v z p e m
t q v z m i t r p e b z l e
y r l q t x - m o u x
m c l x
m c t r k r
v z x
v z m i o l e
n z v z p x b z n g
n z v z - k r b o
t q v z - n g r g r
y r l q t x - m o u x
n z v z - k r m
n z m c p x
v z p x b z k r
m c l z k r
v z k i m l e
t z v z - n g r
t q v z p e
t z v z o p e n g
v z k i m l e
t z v z p e
n a v z b z
n z v z - z v z b z n g
t z k u k i n g
t q v z - n q b l q n e n e
t q d w a p l r k r n g
n z r p i - a n i - k r m l e
n a p i t r - m o u p o
m c p x m
t q v z p x p e
n z v z b z n g
m c p x m
t q n g r l r p e k r
t q v z b o
n z v z k a i - k r g r
n z v z p e - k r d r
v z t r n g r
t q v z p e x
t z v z p e - k a i n g
r p i l e
t z v z p x p e b z n g
n z v z p e n g
v z t r l e
m c l x
t q v z b o
t z m n c - n g r d r
