d a p u d e
t r t e g r
n z a b z - k r b z k r
t q p i b z k r
x l r b z
n z v z - r b r - k r d r
n z v z k i o l r
y r n i - e b i r p e n g
t z v z p x p e b z n g
n z v z k a i - k r g r
r m c t i l e
t q v z m i t r p e l e n g
n z m n c - k r g r
t q v z p e
x l r m l e
t z p r e s i n q n g
n z r t w z - k r m l r
v o t r p z k r
v z x
n a k a b o
n z r l x t i - k r b z
t q y r n i t x p e
n z v z - k r b o
n z t u n g r
k r l z m l e
b z t x p n z '
v z m i o l e
v z x
k x t o p w z n e
n z v z p e n g
n z v z p x n g
n z r p i b z
n z o b q b z n g
n z v z p e - k r d r
t q v z - n g r g r
n a m n c - k a p q n g r
n a m n c n e - n g r g r
t q v z p e
t q r p i - a w a p e b z l e
n z m i n g r - k r g r
t q v z - n g r g r
n z v z p e n g
v z t x
v z t r - k z p z
p i b z l e
t z v z p e - k a i n g
m c l e
n z v z - k z n g
n z p r t r - k r n g e
t q m n c t r p
r n g i - b a t r p q
t z v z n e p e n g
n z v z k i l r
n c b l o n g r
n y z d r
m c t r k r
k q l u t x p e
n z v z - z v z b z n g
t z m n c t x - a l o p e n g
n z a v z - k r m l e
m c - k z a m u
m c t r k r
t z v z p e - k a i n g
t q v z p e x
n z d w a t r - k r d e
t q m n c
t q p i b z k r
n z v z - k r n g e
m a l e t r p e x
v z t r l e
t z v z p x p e b z n g
n z x l r b z l r l e
n a m n c - k a p q n g r
k r l z p e a m u
m n c l v z r n g r
t q v z m i t r p e b z l e
v z b z k r
n z r p i b z
t z v z k i n e d r
t q t w z o p e
n z y a l z - k r g r
v z m i m q
t z m n c - n g r d r
t u o m
n z v z k i l r
n z v z - k z n g
m c l z k r
n z v z b z n g
r m c t i p e k r
v z x
t q o b q l z p e x
k x p i p z
y r l q b z k r
v z t r l e
t z p n z - l z b q n g r
y c m
n z v z - n q b l q - k r n g e
n z o l i q k r
p z t i t x k r
t q o l v x t i p e l e
o b q p x k r
t z y a p w x t i p e b z l r
n z r p i l z n g r
n z r t w z - k r d r
n z v z - n g r m l r
r p i l e
r p i - m o u p q l e
t q t u p x m
n a v z b z
t q m n c - n g r d e
v z x
n z p n z ' b z l r
t z v z p x p e b z n g
n z v z - k z n g
t q y r k r t r - a t e m
t q v z p e - k z x
t q a s u p e b z
t q n g r l r l z p e
t q v z t r - m o p w z k r
t z n g r l r k i o p e l r
t q k r l z - a t e b z k r
n a v z - m i p e x
n z k q b l q p x - k r m c
k x n z e t u
t z v z b e n g
k r l z b o
m w i
v z k i m l e
n z v z p x n g
t z a m r b r t r l r
o t i l e
y r k r p x b z l e
r p i o b z l e
p l a m e i t x d e
m n c l z - n g r m
t z v z k i n e d r
t q p i p e m
n a d w a p e k r
t q r k a l z p e - n g r m q g r
n z v z k i
m n c - m i p e - a m u
n a k a t x b z l e
v z p x b z k r
n a r l x t i b o
t w z k i p x l e l e
m n c l z - n g r m
r g l q k r
n z o b q - k a p q k r
t q v z p e m g r
v z - z v z x
t q v z p e b z
t q v z p e x
t q v z p e m
n a l x n g i t i k u
k x t r k a
t q p i p e m
n a v z m
r p i b z
b z p n z ' x
t q v z - n q b l q n e n e
t r n z p i - k r p l e u
n z v z b z n g
v z - z v z x
n z v z p x b z n g
t z v z p e - k a i n g
v z x
n z a l v z t r p l r
t r t q k a p e p w q l e
t q p i p e m
k r n e d r
n z w z t i - k r b z l e
t q v z p x p e
t z s i k l u n g
m n c l v z r n g r
n z v z o - n g r m
t q m c p e k r
n z v z - k r b z k r
t q a y r n i p e
n z k a o b z l r l e
n a p i b z k u
t q m n c
n z k a p x m l r
t q m c p e k r
n z v z b z n g
t z r p i p e l r
d w a - r b r l z - n g r m q g r
n a - a b z b z l r
t z v z p x p e b z n g
r p i o b z l e
p e t r l e
n z r m n q t x n g
n a v z m i b z l e
n z d w a t r - k r d e
r v z m i m
t z v z p e - k a i n g
d r t w r m
p r o t x k r
t q v z m i t r p e l e n g
v z t x
r m c t i p e k r
n y z d e
r p i - m o u p q l e
t q r p n a - n g r m
n a n g r l r t r k i
n z m c t r
t r n z p i - k r p l e u
t q v z m i t r p e l e n g
r m c t i - n g r g r l e
t q v z p e m
t q d w a p l r k r n g
t q n g r l r p x p e m
t q v z t r - m o p w z k r
n a m n c t x p o
t z v z n e p e n g
n z y c m n e - k r m
n z v z - k r n g e
t q m c p e b z k r
k x t o p w z n e
t z v z n e p e n g
m n c t i k r
v z m i t r p e l e
t q v z t r - m o p w z k r
d w a l z m g r
v z p x b z k r
d r t q g r
n a v z n g
a p u l e
t q k r l z - a t e b z k r
t r v z n e - k a k r
m w i t x k r
t q m w i t x p e
n z t e l v z l r
t q v o b e
t q v z d z p e k r
t q v z m i t r p e l e n g
t q p n z ' l e
n a v z b z
r k a t r p q
x l r k r
n z l z t r - n g r d e
k r n e d r
v z t x
n z v z - k r b o
p n z ' - m o u l e
n z a b r t z k r
n z t q n g
n a v z b z n g
m n c n e - m o u - n g r g r
n a r t w z m
t q v z p e b z
t z v z - n g r
t q m c p e l e
n z v z k i l r
t q r p i p e x
d w a t r k r
t z v z - n g r
n z r p i m l r
t z v z o p e n g
t q m c p e x
t z v z o p e n g
n z r p i m l r
m n c l z - n g r m
d w a t r k r
n z v z k i l r
t z v z - n g r
v z p x b z k r
v z p x b z k r
v z p x b z k r
v z p x b z k r
t z v z - n g r
v z p x b z k r
t q r p i p e x
n z v z p x b z n g
a l v z t r l e
v z p x b z k r
n z r p i m l r
t z v z o p e n g
v z p x b z k r
v z p x b z k r
t q a m r l z
v z p x b z k r
t z v z - n g r
t q t u n e p w z
t q a s u p e
t z v z - n g r
a t u l z n g r
n z r p i m l r
t q t u p x m
n z r p i m l r
n z a b z o l r
n z r p i m l r
t q m e i p x
b z t i p e d e
n z r p i m l r
v z t r n g r
n z v z p e n g
y r l q b z l e
t z v z k i n e d r
n z w z t r n g
n z v z - k r b o
t q m r b r
t q m c p e l e
y z l u m l e
n z r p i m l r
y a p x - z v z k r
a t u l z n g r
n z y c m n e
t w z t r k r
n z v z p x n g
n z v z - k z n g
n a y r k r t x
t q m c p e l e
n z v z - k r n g e
n z n g i k r
t r s u k a
n z t u n g r
t q o t i m l e
y r n i t x
n z v z - k r n g e
n z r p i b z
y c m n e p e
t u n e p w z
d w a t r k r
n z r p i b z
k x p w x
t q p i b z k r
m n c t i k r
x l r k r l e
t q v z p e b z
t q p i b z k r
t q a m a p e
a w i t x p e
n z r p i m l r
n z v z p x n g
t q p n z ' l e
n a p i b z k u
n z v z - k r b o
n z v z - k r b o
x l r k r l e
x l r b z l e
n z v z - k r b o
n z v z - k r b o
t q t u l z
a l v z t r l e
t q p i b z k r
r m c t i p e k r
v z t r n g r
n z a b r t z n g r
n z r p i b z
t q p i b z k r
t q v z p x p e
n z v z - k r b o
n z r p i b z
t q v z p e b z
n z r p i b z
n z v z - k r b o
t q v z p e b z
n z r p i b z
y c m n e p e
n z r p i b z
n z v z - k r b o
n z t u n g r
t u n e p w z
n z r p i b z
t q v z p e b z
v z t r n g r
t q v z p e b z
t z v z - n g r
v z t r n g r
n z v z - k r b o
t z v z - n g r
n z v z - k r b o
n z v z - k r b o
r m c t i p e k r
n z v z p x n g
t z v z - n g r
t z v z - n g r
t z v z - n g r
t z v z - n g r
t z v z - n g r
t z v z - n g r
v o t r p z k r
t z v z - n g r
d r t q d e
v z k i m l e
n z v z k i l r
t q v z p x p e
n a p i b z k u
n e n g e n g
t q v z p x p e
r m c t i l e
t q v z p x p e
v z m i m q
n z t u n g r
y r n i t x
r p i o b z l e
v z k i m l e
t z v z - n g r
t u t x l z m
n z r p i m l r
v z k i m l e
v z k i m l e
t q r p i p e x
v z m i m q
a e l w a p x
n z v z - k r b o
v z k i m l e
p r o t x k r
v z k i m l e
o b q p x k r
v z k i m l e
t q r p i p e x
v z k i m l e
m r t u p e
x l r k r l e
m a l e l e
m c l z k r
w z t r p o
v z p x b z k r
m c l z k r
v z k i m l e
t r s u k a
n z v z - k r b o
v z k i m l e
n z v z - k r b o
m c l z k r
v z p x b z k r
n z v z - k r b o
t q r p i p e x
v z p x b z k r
m n c p e x
v z p x b z k r
n a n e n g
m c p o
n z v z p x n g
m c l x n g
v z k i m l e
v z k i m l e
m c l z k r
t q p i b z k r
y z l u m l e
m c l x n g
t q a s u p e
k x e t u
t q v z p x p e
t q p i p e m
t q v z p x p e
m c p x k r
t q v z p x p e
t q v z p x p e
m n c p e x
t q n g r l r p e k r
m c l z k r
m n c p e x
t q v z p x p e
t u l z m c
t q v z p x p e
m n c p e x
t q v z p x p e
m c l z k r
t q m c p e l e
x l r k r l e
t q m c p e
m c l x n g
m c l x n g
t q m c p e l e
k x t o p w z
m c l z k r
n z w z t r n g
t q v z p e b z
t q v z p e b z
m c l x n g
n z r p i l r
n z r p i l r
n z p n a n g
t q v z p e b z
t q v z p e b z
m c l x n g
t q v z p e b z
t q v z p e b z
t q v z p e b z
t q m c p e l e
m n c p e x
v z m i m q
m n c p e x
t q v z p e b z
t q v z p e b z
r m c t i l e
t q v z p x p e
n z r p i l r
t q v z p x p e
t q v z p x p e
p i b z l e
n z r p i l r
t q v z p e b z
n z r p i l r
m c p o
m n c t i k r
n z v z b z n g
n z m c p x
t q v z p e b z
t q r y r - n g r n e
t q t u l z
t q v z p e b z
n z r p i l r
v z m i m q
n z r p i l r
y r n i t x
n z m c p x
v z m i m q
n z w z k r
m c p o
n z m c p x
n z m c p x
n z m c p x
m c l x n g
n z r p i l r
m n c p e x
n z r p i b z
o t i l e
o t i b z l e
n z w z k r
m n c p e x
n z m n c k r
p i b z l e
n z m c p x
n a k a b z
t q v z p e m
n z m c p x
n z w z k r
m c l x n g
k r l z m l e
v z k i m l e
p i b z l e
n z m c k r
t q p i p e m
n z w z k r
t q t u p x m
n z r p i l r
t q p i p e m
m r l x m q
m c t r k r
n e m u n g
v z t r n g r
p i b z l e
r d r n g
l x e n g e
n z v z n g r
t q p i p e m
n a v z n g
n a v z n g
t q t w z p e
t q p i p e m
n a v z n g
v z t r n g r
n a v z n g
m c l x n g
r m c t i l e
v z m q g r
n z w z k r
t q p i p e m
r m c t i l e
n z r p i l r
m c t r k r
t q t u p x m
n a r p n z '
k r l z m l e
w z t r p o
m c l x
v z - z v z x
m c p o
m c p o
n z r p i l r
t q p i m e
p i b z l e
t q v z p e b z
m w i t x k r
v z - z v z x
m c t r k r
n a v z n g
r m c t i l e
n z v z - k z n g
v z m i m q
n z v z - k z n g
n z v z - k z n g
n a v z n g
t q p i m e
n z m c p x
v z - z v z x
t q t u l z
d r t w r d e
n a v z n g
r p i l e
v z m i m q
v z m i m q
m c p o
t u p x m
v z m i m q
v z m i m q
a p u l e
n z v z - k r m
n z v z - k r m
r p i l e
v z - z v z x
n z v z - k r m
v z - z v z x
n a v z n g
n z v z - k r m
t q t u l z
v z m i m q
t q p i p e m
t q p i m e
n z m c t r
n z t u n g r
t q v z p e m
t q v z p e m
n z v z - k r m
t q v z p e m
r p i l e
n a r l z
t q v z p e m
m c l x
v z - z v z x
m c p o
r p i l e
r p i l e
r p i l e
t q p i m e
n z v z - k r m
r p i l e
v z - z v z x
v z m i m q
n z m c p x
r p i l e
n a v z n g
n z v z - k r m
r p i l e
n a v z n g
t u p x m
n a v z n g
t z v z p e
t q t u l z
v z - z v z x
t q p i m e
v z - z v z x
v z - z v z x
v z - z v z x
v z - z v z x
n z m c t r
m c t x m
t z v z p e
n z l v c k r
m c p x m
t q m n c
t q p i b z
m c p x m
m c p x m
t q p i m e
n z v z b z n g
n z m c t r
v z m i m q
n a v z n g
t u p x m
t q v z b e
m c t x m
e t u t x
o t i l e
t q m n c
n e d r n g
t q p i b o
v z m i m q
w z t r p o
t q p i b z
t q p i b z
n z v z - k r m
n z v z b z n g
n z v z - k r m
m c p o
m c p x m
x l r m l e
n z v z - k r m
t z v z p e
m c l x
n z v z - k r m
t q m n c
n z v z - k r m
t q p i m e
n z m c p x
n z v z - k r m
n z v z - k r m
m c t x m
n z v z - k r m
v o k r
n z v z - k r m
n z v z - k r m
n z v z - k r m
t q p i b z
m c t x m
m c p x m
n z m c t r
m c p x m
v z t r l e
n z m c k r
v z t r l e
t u p x m
t z v z p e
v z t r l e
v z t r l e
m c t r k r
k c n g p e
n a v z n g
n z m c t r
n z m c t r
m c t x m
m c t x m
n a v z n g
n a v z - k a i n g
t u p x m
v z t r l e
t q v z p e m
t q v z p e m
t q p i b z
t z v z p e
v z p e m
v z p e m
t q v z p e m
v z t r l e
n z v z b z n g
v z t r l e
n z m c t r
t q v z p e m
v z p e m
o t i l e
v z p e m
n z v z b z n g
n z m c k r
k x y r l z
v z t r l e
v z p e m
v z p e m
v z t r l e
v z p e m
v z p e m
t z v z p e
v z p e m
v z p e m
w z t r p o
v z p e m
n z v z b z n g
v z p e m
v z p e m
n z m c k r
t q p i m e
t q v z p e m
n z m c k r
n z m c t r
m c l x
n z m c k r
n a v z n g
v z p e m
v z p e m
v z p e m
n a w r k x t r
n z m c k r
v z p e m
m c l x
r p i l e
v z p e m
n z m c k r
v z p e m
n z m c k r
t q v z p e
n z m c k r
m c p x m
y r m q
m c p x m
n z m c k r
m c p x m
m c t r k r
v z - z v z x
m r b r t x
m c o m q
m w i t x
t q t u l z
n z m c k r
t r t e n g e
v z m i o l e
m w i t x
t q p i b z
v z m i o l e
t z v z p e
v z m i o l e
v z m i o l e
t w z t x p o
t q p i m e
v z - z v z x
t z v z p e
t z v z p e
t z v z p e
t z v z p e
v o k r
v z m i o l e
t z v z p e
t z v z p e
t z v z p e
v z m i o l e
m c t r k r
t z v z p e
t z v z p e
t z v z p e
t z v z p e
t z v z p e
v z m i o l e
v z p e m
v z m i o l e
v z m i o l e
m c l x
v z p e m
t q v z p e
n a v z b z
t q v z p e
v z m i o l e
v z p e m
t q m n c
v z t r l e
v z t r l e
v z m i o l e
n a v z n g
n e g u n g
n a v z n g
t q v z p e
t q v z p e
n a v z b z
t q v z p e
o t i m
t q v z p e
t q v z p e
m c t r k r
v z t x
v z t x
v o m l e
t q v z p e
m c p x m
t u p x m
v z t r l e
m c t r k r
v z t x
v z - z v z x
v o m l e
v z t x
m c l x
t q v z p e
t q v z p e
t q v z b o
t q v z b o
t q v z b o
t z v z p e
m c l x n g
t q v z p e
m w i t x
t q v z p e
t q v z t r p e
m c t r k r
t q v z p e
v o k r
n z r p i m
t q v z p e
v z t r l e
m c l x
t q v o b e
k x p l c
t q v z b o
t r t e d e
y c p x
t q v z p e
v o k r
n a v z b z
v z t r l e
o t i b z
m c l x
t q v z p e
k x t q
v z t r l e
t q v z b o
m c l x
t q v z b o
v z t r l e
t q v z b o
t q v z b o
v z t r l e
t q v z b o
v z t r l e
t q v z b o
m c t x m
t q v z b o
v z x
t q v z b o
v z t x
m c t x m
v z t r l e
t q v z b o
m c t x m
m c l x
t u o m
n a m w i
m c l x
v z t r l e
n z r p i m
n z a l v z t r l r
v z t x
n a v z b z
v z x
v z - z v z x
v z x
t q v o b e
k c m a
v z x
v z t x
m c l x
r g l q p x k r
v z x
m c t x m
m c l x n g
v z x
r p i - m o p w z
m c t x m
v z x
t q n g i
t q v o b e
n z m c t r
v z t x
t q r g l q t i k r
v z t x
v z x
n e d r
v z t x
m c t x m
n z r p i m
m c t x m
t w z q
r g l q p x k r
v z t x
n a r p n z '
v z d e
m c l x
v z t x
m c l q
n z a n g i o
t u t x l z m
n z v z n g
k x e t u
k r l a
r g l q k r
n a v z b z
r k a t r p q
o t i m
n z m n c t x p w z
t r d o - k z u
v z t x
n a v z b z
v z x
v e x
o t i b z
v z x
v z t x
n z v z
n z v z
v z x
v z x
n z v z
n a n g i
v z x
n z v z
v z x
n z v z
n a v z b z
n a v z b z
o t i b z
n a v z b z
n a v z b z
n a m c l e
v z x
n z v z
n z v z
v z x
v z b z
n z v z
n z v z
n z v z
n z v z
n z v z
n z v z
n z v z
n z v z
n z v z
n z v z
n z v z
n z v z
n z v z
n z v z
