v z k r
t q p i b z
n z v z - n g r m l r
t r r l r - n g r p l e u
t q v z p e b z
t q v z p e b z
n z w z - z l w z - k r g r
v z m i o l e
n z v z
t z m w i p x - n g r m l r
t z l v c m q n g
t q p i p e m
t q v z p e
v z - z v z x
x l r b z l e
t q v z - n g r g r
t z v z p e - k a i n g
t q v z t r - m o p w z k r
n e m u n g
n z v z k i l r
t z v z p e - m o u n g
n z v z k i l r
n z v z - k r m
t z v z o p e n g
n z m u n g r
t q p n z ' l e
k x l i
n a v z b z k r
t q v z p e m
t z m w x l r n g
n z v z k i
t q m n c - n g r d e
t z v z k i n e d r
t q v z p x p e
t q m n c
d w a t x t r x
t q y r n i t x p e
n z v z - k r n g e
n z v z
n z a b r t z l v z l r
n z r m c t i l r
m c p x m
t q v z - n g r m
t q v z p e
v z m i o l e
v z p x b z k r
n z y c m n e k r b z
v z x
v z p x b z k r
t z v z - n g r
v z t r n g r
n z m c t x p w z
t q t a b c - z l i n e p e k r
y c p q t i p e k r
t z v z p x p e b z n g
n z v z - z v z b z n g
t z m n c t x - a l o p e n g
t q m c t i a m u
n z m a b r
t q m n c - l x b l r p e k r
t q r p i b z l e
v z t r l e
t q l i t r p e b z
n z v z k i o l r
n a p i n e m c
n z v z - n g r m l r
t q v z p e b o
n a v z b z
n z y a n g r n g a t x - z l w z p e - n g r d r
r p i - m o u p q l e
m n r g r n g
n z v z k i o l r
n a m n c - n g r g r
t q m c p e x
v z m i o l e
v z t r n g r
v z k i m l e
v z p e m
n z p n a t i - k r b z m u
n z m c p x
n a m n c t x p o
t r n z a e n z l i l r u
n z r p i b z
t q m n c
m c t r k r
t q r m c t i p e k r
n z v z p e - k r d r
m c t x m
t q m n c
n z v z - n g r m l r
t q r p i b z l e
t z k u k i r p e l r
t z v z p e
t q v z p e b z
m n c l z - n g r m
n z l v c n g
v z o
r l a s z k r
t q v z m i t r p e l e n g
v z - z v z x
t z v z p e
t q r p i p e x
a b r t z t x p e k r
x l r k r
t q v z p e b z
m c l x
k r l z p e b z k r
n z b z - k r g r
b z a m u
t q a m i n g r - n g r g r
m z n r y a g w e n g r l c
v z m i o l e
n z r p i b z l r
v o k r
n z v z - z v z b z n g
t z r m c t i p e l r
n z r p l a m e i t i - k r d e
n z v z b z n g
n z v z p x b z n g
n z p n a k i p x l r
v z x
n z v z p x b z n g
y r n i t x
t q a y r n i p e l e
n z k r k a ' p x - k r m l r
v z - z v z x
m n c k r
n z v z - k z n g
v z p x b z k r
t q m n c - l x b l r p e k r
n z r m c t i - k r d r
t q v z p e b z
t q m c p e k r
t q v z p e m g r
v z - z v z x
t q v z p e b z
t q t u p x m
t r s u k a
n z v z - z v z b z n g
v z p x b z k r
n z o l z - k r m l e
n z r p i b z l r
t z m w x l r n g
n z v z - n g r m l r
t q b z p e
t q r p i p e x
t q m c p e l e
n z v z - k r m
t r t e g r
n a o b q - k a p q p x
t z k u k i r p e l r
n z x l r - k r g r
n z v z k a i - k r g r
n z v z b z n g
b z t i p e d e
t q v z b o
n z w z t r n g
v z t x
n z v z p e n g
n z m n c l z b z
m c - k z a m u
n z v z p x n g
t q v z m i t r p e l e n g
v z t r l e
n g r l r m i m l e
n z b z n g
t q v z t r - m o p w z k r
n z v z
t z v z - n g r
t q a m a p e
t z r m c t i p e l r
t q a m z b l q p x m c
n z a b r t z - z v z n g r
t q w a i p e l e
t q r p i b z l e
n z v z - z v z b z n g
t z v z p e - k a i n g
v z t r n g r
t u l z m c
x l r k r l e
t q v z m i t r p e b z l e
t r k r l z w x u
n z d w a t r - k r g r
x l r k r
n z v z p x n g
n z p n z '
n z v z - z v z b z n g
v z t x
t q p i p e m
r g l q k r
n a v z m i b z l e
n z v z k i o l r
n g r d e
t z m n c - n g r d r
t q o l v x t i p e l e
t q p i p e b z l e
v z p x b z k r
t q p i m e
n a n g r l r t r k i
n z b o m - k r d e
y r n i - e b i r p e n g
a t u l z n g r
v z - z v z x
t q y r n i p e x
k r l z m g r
t q v z - n g r g r
m w x l r - n g r g r
n a l i
t q v z m i t r p e b z l e
m n c - e p e l z l e
a l v z t r l e
t z k r l z p e - a t e l r
n z v z k i o l r
t q p i p e b z l e
n a v z m i b z l e
n z r p n a - m o u p q n g
t q m n c - l x b l r p e k r
n a v z
n z v z p e n g
d w a t r k r
t z r m c t i p e l r
n z r p w ' a - k r d e
n z m c p e - k z p z
n o u d e
t z m n c - n g r d r
n z n g i k r
t q v z m i t r p e b z l e
v z t x
n z m n c p e n g
n z v z
n z m c - k r n g e l e
n z y r l q
n z v z p x n g
v z m i o l e
b o m l e
n z v z n e p e l r
v z m i m q
t q m c p e x
t q r p i - n g r n
t z r t w z t i p e - k z n g
t q r p i p e x
t q r k a w i t i k r
n a r l z
v z p e m
y r m q
m n c l v z r n g r
n z m c t x p w z
n z m c
v z - n g r b z k r
n z v z k a i - k r g r
t q v z p e k r
n z v z - k r n g e
n z v z - k r n g e
n z v z n e p e l r
t q p i p e b z l e
t q y a g o x
t q p i p e b z l e
n z v z - k r n g e
t q p i p e b z l e
n z v z - k r n g e
n z v z - k r n g e
n z m n c l z b z n g
n z v z - k r n g e
t q m u p e k r
n z v z - k r n g e
n z k a l z m l r
t z v z p x p e b z n g
n g r d e n g
n g r g u
n z v z - k r n g e
n z v z - k r b z k r
t q a y r n i p e
d w a l z m g r
n a v z m i b z l e
n z m n c - k r n g e
n z v z n e p e l r
t z v z p x p e b z n g
n z v z - k r n g e
n z v z - k r n g e
t q y r n i t x p e
t z v z p x p e b z n g
n z v z - n g r m l r
n z v z - z v z b z n g
t q p n z ' p e l e
n z p n a k i p x l r
n z v z - n g r m l r
n z v z - z v z b z n g
t q m c p e l e
n z v z n e p e l r
t q m c p e l e
n z v z n e p e l r
n z v z - z v z b z n g
t q m n c - n g r d e
m w x l r t i - z l w z k r
t q m c p e l e
n z v z n e p e l r
t z v z p x p e b z n g
n z v z - n g r m l r
n z v z - z v z b z n g
n z v z - k r n g e
t q v z - n g r g r
t q v z - n g r g r
a b r t z l v z k r
t q v z - n g r g r
t q v z - n g r g r
t q v z - n g r g r
t z v z p x p e b z n g
t q v z - n g r g r
t z m n c - n g r d r
t q v z - n g r g r
t q v z - n g r g r
n z v z n e p e l r
t q v z - n g r g r
t q v z - n g r g r
t q v z - n g r g r
n z v z n e p e l r
t q v z - n g r g r
t q t r k a p e m
t z m w i - n g r d r
n z v z - n g r m l r
t q v z - n g r g r
t q m n c - n g r d e
n a k a b o
t q v z - n g r g r
n z v z n e p e l r
t z r k a l z p e m
t q v z - n g r g r
o b q p x k r
n z v z n e p e l r
l o p x i l e
n z w z k r
d r t w r d e
t z r k a l z p e m
y c m n e p e
n z p r t r - k r n g e
t q p i b z k r
n z w z - k r n g e
t q m c p e l e
n z v z n e p e l r
m q g u
m q d e
n z v z k a i - k r g r
n z r p i l z n g r
t q t u n e p w z
n c t e
t z r m c t i p e l r
t q n g r l r l z p e
n z v z k a i - k r g r
n z v z n e p e l r
n z r m c t i l r
n z v z n e p e l r
n z p r t z - k r b z k r
o m i t x p x b z l e
l v c - a l z u p q
n z v z k a i - k r g r
v z - m o p w z k r
v z b z k r
t q r m c t i p e k r
t q m c p e k r
t q r m c t i p e k r
n z v z p e - k r d r
n a l x n g i t i k u
n z v z p e - k r d r
n z v z k a i - k r g r
n z v z p e - k r d r
n z v z p e - k r d r
n z v z p e - k r d r
n z v z p e - k r d r
n z v z p e - k r d r
n z v z p e - k r d r
t q m r b r
n z v z p e - k r d r
n z m n c p e n g
n z v z p e - k r d r
n z v z p e - k r d r
n z v z p e - k r d r
n z v z p e - k r d r
n z v z p e - k r d r
k x r t c
t q v z m i t r p e b z l e
t q v z m i t r p e b z l e
t q v z m i t r p e b z l e
n a y a p w x t i b o
t q v z m i t r p e b z l e
t q p i b z k r
n z e t u p e - k r n g e
t q v z m i t r p e b z l e
t q k r k a ' p e
t q y r n i t x p e
o s z b z l e
t q v z m i t r p e b z l e
t q x l r p e k r
t q y r n i p e x
t q v z m i t r p e l e n g
a b z o k r
t q v z t r - m o p w z k r
r m c t i - n g r g r l e
t q v z m i t r p e b z l e
t q v z m i t r p e b z l e
t q v z m i t r p e b z l e
n z w z - k r g r
t q v z m i t r p e l e n g
t q p i p e b z k r
n a p i t r - m o u p o
t q v z m i t r p e b z l e
n a p i t r - m o u p o
t q v z m i t r p e l e n g
n z e t u p e - k r n g e
n a p i t r - m o u p o
t u o m
t q v z m i t r p e b z l e
t q v z t r - m o p w z k r
n a p i t r - m o u p o
t q v z t r - m o p w z k r
n z r k a t x n g r
t q p i b z k r
t q m n c - n g r d e
y r l q t x - m o u x
t q v z t r - m o p w z k r
t q p i b z k r
t q v z m i t r p e l e n g
n z a t u p x - n g r m
t q v z t r - m o p w z k r
t q y r n i p e x
o t i l e
t q v z t r - m o p w z k r
t q v z t r - m o p w z k r
t q v z t r - m o p w z k r
t q v z t r - m o p w z k r
t q v z m i t r p e l e n g
n z v z - z v z b z n g
t q v z m i t r p e b z l e
t q v z b z k r
t q v z t r - m o p w z k r
t q v z m i t r p e b z l e
t q v z t r - m o p w z k r
n g q t i p e l e
t q v z t r - m o p w z k r
y r l q t x - m o u x
m w x l r t x - z l w z k r
t q v z m i t r p e l e n g
n z p i b z l r l e
v o m l e
n a p i t r - m o u p o
t q p r t r p e b z k r
a b r t z l v z k r
t r v z n e - k a k r
t r v z n e - k a k r
t z m n c - n g r d r
t z m c p x p e b z l r
n z x l r b z l r l e
n z l x n g i t i - k r d e
t q a p u l e
r m c t i - n g r g r l e
t r v z n e - k a k r
t q m n c - n g r d e
t r v z n e - k a k r
t r v z n e - k a k r
t z m n c t x - a l o p e n g
t r v z n e - k a k r
t q m w a p e
n z m n c - k r g r
t r v z n e - k a k r
t r v z n e - k a k r
t r v z n e - k a k r
t r v z n e - k a k r
n a r l z
t r v z n e - k a k r
t z m n c t x - a l o p e n g
t q m n c p e k r
l x l v r k i m l e
t r v z n e - k a k r
t q v z - n q b l q n e n e
n a y a g o x n g
t q v z - n q b l q n e n e
t z x l r o p e l r
t z v z b e n g
m r b r t i t r p e
t z m n c t x - a l o p e n g
r g l q p x k r
n z a l v z t r p l r
n z r p i - a n i - k r m l e
t z y c m n e - n g r p e m l r
t z k u k i - n g r d r
n z r m c t i l r
k r l z m l e
t q v z m i t r p e l e n g
t q v z m i t r p e l e n g
n z y r l q
t z k u k i - n g r d r
n z r n i b q - k r d r
n a p i t x t r - m o p o
n z n g i n i - k r d e
n a m n c - k a p q n g r
t z y c m n e - n g r p e m l r
t q a b r t z - z v z - n g r g r
t q v z - n q b l q n e n e
t z y c m n e - n g r p e m l r
t q k i p o p e
t q v z m i t r p e l e n g
t q v z - n q b l q n e n e
t z y c m n e - n g r p e m l r
n a p i t x t r - m o p o
t q v z m i t r p e l e n g
n z e t u p e - k r n g e
n z d w a t r - k r d e
t r n z p i - k r p o ' u
n a p i t x t r - m o p o
n a p i t x t r - m o p o
t q v z - n q b l q n e n e
n z r k a l z m q n g q
t z r y z k r n g
n z o p x - n g r m
n z r n i b q n g r
t q v z - n q b l q n e n e
n a m n c - k a p q n g r
n a p i t x t r - m o p o
t r n z p i - k r p o ' u
k x b q g r n g
n a k r k a ' - z v z k u
t q v z - n q b l q n e n e
n z r p i - a n i - k r m l e
t r n z p i - k r p o ' u
n z p r l x l r
n a p i t x t r - m o p o
t q v z - n q b l q n e n e
t q p i b z
n z r p i b z
t q v z - n q b l q n e n e
m n c - m i p e - a m u
n a m n c t x p o
t r n z p i - k r p o ' u
n z p c t i k r
t r n z p i - k r p o ' u
a b r t z t x - n g r d e
t u t i p x - n g r m
r g l q p x k r
w x b u p x - n g r m
t q p r t r p e b z k r
n z y c m n e
m n c l v z r n g r
m n c - m i p e - a m u
m n c - e p e l z l e
n a e s z ' m z n g
k r l a
d w a t x t r x
t q m w i p e k r
n a p i t x t r - m o p o
n z k r k a ' - k r g r
t r n z p i - k r p o ' u
n z r p i - a n i - k r m l e
k x n z y q n g
t q v z - n q b l q n e n e
n z o t r n g r
t q d w a p l r k r n g
n a p i t x t r - m o p o
m n c l v z r n g r
t z x l r o p e l r
t q a b r t z - z v z - n g r g r
t q m w i - n g r g r
m r b r p e
n z b z t i - l x b l r n g
t z v z - a t e n g
y r n i - e b i r p e n g
n z l i - k r d e
n e d r n g
t u o m
n z t e l v z l r
t q r w z s o
n z x l r b z l r l e
t q d w a p l r k r n g
t z m w i - n g r d r
k x n z s i k l u n g
k x n z s i k l u
t z a m c t i - n g r d e
n z r p i - a n i - k r m l e
x l r m l e
x l r m l e
n z x l r b z l r l e
n z v z k a i - k r g r
d w a l z m g r
k z t e d e
t z r t w z - k z n g
m r b r t i t r p e
n a a l e - k a i p z n g
t q r k a l z p e - n g r m q g r
n z r p i - a n i - k r m l e
t q r p n a l z m
n z d w a t r - m o u - k r g r
n z v z k a i - k r g r
r l w x k r
t q m r l z - n g r d e
t q y r k r p e
n z p n z ' p e m
n z r p n z ' n g r
t q r p n a l z m
n z p n a n g
n z r t a n g r t i - k r d r
t q r t a n g r n e
m n c - m i p e - a m u
m n c - e p e l z l e
n a m n c n e - n g r g r
n z m c t r
n z m w i p e - k r n g e
d z t u d r
n z m w a n g r
m n c p w z k r
n a m n c - k a p q t r n g
n a m n c - k a p q l z - n g r m a m u
m n c - e p e l z l e
m n c - k u
t r m n c k r u
t q m n c n e t r p e m g r
m n c n e - m o u - n g r g r
n z m n c p e - k r g r
n z m n c t i p x m l r
n a m n c n e - n g r g r
t q m n c - k a p q n g r
m n c m i b z l e
n z y c m n e
n z d w a t r - k r g r
t r t e n g e
t q y r p u t i p x p e
t q r p n a p e - n g r m l e
t r n a n i b q l e u
n i b q t i
t q l i p e
t q m n c - l x b l r p e k r
n z a b r t r - k r b z k r
m e i t x t a t x p x
t q m e i t i o
v z m q g r
o s o p x b z k r
n z r k a t x n g r
t q a m r l z
d w a t x t r x
n e d r
t q x n g i - a t e b z k r
y z l u m l e
t q a m z b l q t x p x p e m c
n z k q l u t x
t q r y a p w x p e m
y a p w x t i - z p w x m a m u
n a y a p w x t i p x b o
n z g l q o l r
n a a g l q p e k r
t q p i b z k r
t q k r k a ' p e b z
t u t i p x - n g r m
v z - z v z x
d w a t x t r x
x l r k r l e
n a y r k r t x
y r k r p x b z l e
t q n g r l r p x p e k r
t u o m
x l r m l e
t q e t u n e p x p e
e l a
r p i o b z l e
n z m n c l z b z n g
m q n g r m
n z m c t r
t q r k a l z p e - n g r m q g r
n a m n c n e - n g r g r
n z m n c l z b z
m n c - e p e l z l e
m n c l z - n g r m
t q r p i - n g r n
t z v z p e - k a i n g
a p u l e
k r a l i
r l i l r m u
a t u t r p e l e
p r o t x k r
t q y c o n g r
t q y c o m
y c p x
t q y c n g r
y c t x b z
m n r g r
r k a l z m
n z r p n a n e o p e - k r m l r
n z r p n a k i p x n g r
t q r p i - n g r n
n z m c t r
t z v z p e - k a i n g
n z r p i l z n g r
t r n z p i - k r p l e u
p i p x - l z b q
n z m c t r
n z m c t r
t z p r e s i n q n g
x l r b o l e
x l r l e l e
v z - z v z x
r p i - r d e
t q p i t i k r
n z r p i - k r m e
n z r p i b z
r p i o b z l e
t z r p i b z
t r p i p e ' u
r p i o l e
t q r p i p e b o
t q r p i p e m
n z p i - k r m l r
r p i b o
n z l v c - k r m l r
n z l v c n e n g
n z l v c n e - k r d r
d w a - r b r l z - n g r m q g r
m z l w e n g
n z r t r n g r t i o l r
n z y a l z - k r g r
t q y a p x p e b z
y a p x - z v z k r
n z r m n q - k r d r
n a a g l q p e k r
n z g l q o l r
t q p i b z
m z ~ n i b r d r
l x e n g e
n z o t i p e - k r m
r n g i - b a t r p q
r p i o b z l e
k r a t q
t z v o p e
t z r t w z t i p e - k z n g
t q t w z o p e
n a r l r - n g r m e
r l r - n g r m e
n a a g l q p e k r
n a k i l z b z l e
k i l z n e d e
t q l u - n g r g u
t q k r l x l z p e l e
n z a b z o k r
t q v z p e b z k r
n z r m c t i n e d r
n z m c t r
t q m c - a t e k r
n z m c t r p e m l r
n z m c p x b z l r
n z r m c - k r b z
t r m c p e l e u
t q m c p x b z k r
n z l r m z t r - k r d e
t z v z p e - k a i n g
t q o t i m l e
n z o t i p e - k r m
t z v z p e - k a i n g
t z l v c l z p e - n g r d r
p w x p w z
n z r p i b z
r p i o b z l e
n e d r
n e n g e n g
t q r p i - n g r n
n z a l v z t r n g r
t r k r l z w x u
n z k r l z m l r
t q m w x l r p e k r
n a v z n g r
d w a - r b r l z - n g r m q g r
d w a s x p x - k z p q g r
t q e t u n e p x p e
t r t q k a p e p w q l e
r k a t r p q
n z b z s z n g
k x n z y a g o x n g
t q v o b e
m n c - e p e l z l e
m n c l z - n g r m
m n c l v z r n g r
n z m n c l z b z
t z a n g c p e l r
t r n g i u
v z - z v z k r
n z v z p e k r
t q v z o k r
t q v z k i l z m l e
v z - n q b l q m
t q v z t x
t q v z d z k r
n a v z - n q b l q l e
t q v z n e - z v z k r
n z v z p x m q n g
v z b o
t q v z n e k r
t q v z k i p x
n z v z o - k r m o p w q k r
t q v z - n g r m o
n a v z - m i p e x
t q v z o p e k r
t q v z - e t r - n g r d e
n a v z k r
t z v z o n g
t q v z k i p x k r
n z v z - k r m g r
t q r v z m i p w q
v z k i p e b z k r
t r v z u
n a n g q n a m u
t q n g q n a m u
n a m n c t x p o
m n c l z - n g r m
n a m n c n e - n g r g r
m n c - m i p e - a m u
m n c - e p e l z l e
k x n a m u
t r n a n i b q l e u
n z a m a - k r d e
t z l v c l z p e - n g r d r
t q v z t r - m o p w z k r
n a n
n a d r
n a g r
n a b o
n z a l v z t r n g
b l e t i p x - l x b l r n g
y r n i - e b i r p e n g
t q w z t i p e l e
w z t r p o
v o t r p z k r
n z e s z ' m z n g
m e n g a b q
t q m u - n g r b e
n z o b q p x b z
t q o b q t r p e
o b q o b z
a e l w a p x - p n z
t z y z l u p e - m o p w z n g
t q n g r l r p x p e k r
n z y c m n e - k r m
n z k r l z m l r
n z b z s z n g
k r l a
t r k q o p q l e u
t q p i b z
b z p n z ' x
n a b z p e - n g r g r
n z b z s z n g
v o t r p z k r
t q v o b e
p r t z t x b z k r
t q p n z ' b q p e l e
t z p n z - l z b q n g r
n z m n e t i
k x m u l e
n a - a e n z l i m g r
n a - a e n z l i p w z l r
n a - a e n z l i t x k i
t q a e n z l i t i - n g r g r
t r t r k a - z l w z p w z u
k x e t u t i n g
e t u n e p x
n z a l v z t r n g
x l r m l e
r y a p w x - z v z k r
t z y a p w x t i p e b z l r
t q y a p w x t i p e m l e
t z y c m n e t r p e - n g r d r
n z y c m n e - k r m
t r - r m n q u
d w a s x p x - k z p q g r
y r p l a b r t q p e
t q y r p l a t r n g r
m n c l z - n g r m
m n c - e p e l z l e
n a m n c t x p o
o t i m
n z m c t r
t z y z l u p e - m o p w z n g
t q r p i b z l e
t q p i b z
n z a y o n g r
k c m a n g
t q p i b z
n c n q n g q
w a i p n z ' l e
x l r k r l e
n z m c t r
n a a m i n g r - n g r g r
a m i n g r p e k r
n a w r k x t r
p z t i t x k r
n g r l a p l x p x k r
n a m n c t x p o
m n c l z - n g r m
d w a t x t r x
n z y r l e t i - k r d e
a t u l z n g r
t q s i k l u b e - n g r n e
r y a p w x - z v z k r
t q y a p w x t i p e m l e
t z m w i p x - n g r m
n z m w i n g r
y o l x o m a m u
n z - z p q t r - k r d r
y r l z o
n z p n a t i - k r b z m u
t q r p n a - n g r m
t r p e l e u
t z p e o n g r
n z p n a t i - k r b z m u
t q r p n a - n g r m
t r o p i l v z u
m r b r t i t r p e
a l q l i o l e
t r t e g r n g
t z v z p e - k a i n g
m a k x t x b z l e
t z m u p e - n g r d r
n z a n g i o - t x p w z l r
d w a l z m g r
d w a s x p x - k z p q g r
t q y r p u t i p x p e
t q y r p u t i p x n g r
t z k u k i r p e l r
n z b z t i - l x b l r n g
t z y c m n e t r p e - n g r d r
n e m u n g
n e d e
n e m
n e n g e n g
n e n g e
r k a t r p q
t q o t i - a t e m
n z o t i p e - k r m
t q o t i m l e
n z a t o l w a - n g r n g
t r - r m n q u
r t a n g r t i b z
t q r p n a - n g r m
n z m n c - k r d r
a t u l z n g r
t q y a p x p e b z
t z y a p x p e n g
t a k i t r t x p w z
n a l i
t z t a v e t r l r
t q y r p u t i p x n g r
n z y r p u t i p x k r
n z r l a l z - k r g r
n z a t r k a t i
t q t r k a m i
n a t r k a - z l w z l e
y r n i - e t r t x k r
m n c l v z r n g r
n a m n c n e - n g r g r
n z m n c l z b z
t z y a p x p e n g
y a p x - z v z k r
n z k r l z m l r
w x l i k i t x p x p n z
a w i t x - n g r b z k r
r p w a ' - n g r b o
t q r p w a ' - n g r b z m e
r p w a ' - n g r b z
r p w a ' t x - n g r b o
n z r p w a ' - n g r b z l r
k x n z t o p w z
t o p w z t r
d r t w r d r
n a r l r - n g r m e
t q p n z ' b q p e l e
t z p n z - l z b q n g r
t z l v a b e t r p e b z
d w a - r b r l z - n g r m q g r
d w a s x p x - k z p q g r
n z l z t r - n g r d e
m e i t x t a t x p x
n z m w x l r t i - l z b q n g
t q r p n a - n g r m
k i l z n e d e
t q y o k a e k r
n z r l x t i - k r b z
n a r l x t i b z m e
t q y r l q o b o
t q m w i t x p e
m z l w e n g
n a m w i
t q m w i t x p e
n z y c m n e k r b z
k c m a
k c m a n g
t z y c m n e t r p e - n g r d r
t q r p i b z l e
n z r p i b z
r y a p w x - z v z k r
t q y a p w x t i p e m l e
x n g i t x t r l e
t r s u k a
t q w z t i p e l e
n z r p i b z
n z l x p l z t x
t r n z k q l u - k r p e p w q g r u
d r t a ' d r
t q l x n g i t i - a t e x
