t q p i p e b z l e
t z k u k i r p e l r
n a y a g o x n g
t q m r l z x
n a v z n g
t q v z p e m g r
t q t w z p e b z l e
t q p i b z
m n c l z - n g r m
n z v z - k r b z k r
t q v z p e x
y a p x - z v z k r
t q v o t i t r p e m l e
t q v z - n q b l q n e n e
t q t u l z
v o k r
t u t x l z m
n a v z m i b z l e
n z v z d z - k r g r
t q v z - n q b l q n e n e
n z v z - k r b o
d r t w r d e
n z v z p e n g
v z - z v z x
r p i l e
t q v z b o
k x e t u
r m c t i - n g r g r l e
k q l e p e l e
t z v z - n g r
t r t q k a p e p w q l e
n z v z - k r n g e
t q w z t i p e l e
t q d c p x m
n z v z p x b z n g
t q a m z n r p e l e
n z r p i m l r
n a p i t x t r - m o p o
n z v z - k r b o
n a v z - k a i n g
r p i l e
n z v z - k z n g
v z k i m l e
n z v z - k z n g
t u o m
n z m n c t x p w z
m c l x n g
n a v z n g
k r l z m l e
n z r p i b z
y z l u m l e
n z m n c p e n g
m c t r k r
t z v z o p e n g
n z v z - k r n g e
v z p x b z k r
r y a p w x - z v z k r
a l v z t r l e
n e g u n g
t q v z p e b z
n z p n a t i - k r b z m u
n z y c m n e
v z p x b z k r
t q y r n i p e x
t r n z p i - k r p o ' u
n z v z k i l r
t q n g r l r p x p e m
n z m c t r
n z v z k i o l r
t q m w i p e k r
t q p i p e b z l e
t z p r o p e n g
k r l z p e b z k r
t q v z m i t r p e b z l e
t z k r l z p e - a t e l r
n g r l r m i m l e
m c l x
t q v z m i t r p e b z l e
t z v z p e - k a i n g
m n c t i o m g r
n a m n c - n g r g r
n a v z b z
t q m c p e x
n z r p i l r
t r k r l z w x u
t q v z p e b z
t z v z n e p e n g
t r v z n e - k a k r
n z r p i l r
n z a n g i o - k r g u
o m i t x p x b z l e
d w a l z m g r
v z t x
t z v z p e - k a i n g
n a r l z
n a b z - n g r n
n z v z - k r b o
t q n e p e x
t r v z n e - k a k r
n z w z - k r g r
k x t q
n z m c t r
a p u l e
t q v z p e - k z x
v z p e m
t q v z p e b z
n z w z k r
v z x
n z a l v c - k r g r
n z v z - k z n g
t q r g l q t i k r
n a k a t x b z l e
y r n i t x
k r l x l z p e l e
n a v z m i b z l e
t r d o - k z u
m r t u p e
t q v z p e - k z x
n z o l z - k r m l e
m a l e l e
t r v z n e - k a k r
t z v z n e p e n g
t z n g r l r k i o p e l r
n a v z b z
n z v z k i l r
n a v z n g
n z o t r n g r
n z v z - z v z b z n g
n a m n c - k a p q n g r
d r t q d e
n a v z n g
n z a b r t z n g r
n z m e i t r p z
n a d w a p e k r
t q v z m i t r p e b z l e
n z w z k r
t q v z m i t r p e l e n g
n z a y o n g r
v z t r l e
n z g l q o l r
t q v z p e x
n z p r p x n g r
t z m n c t x - a l o p e n g
n z v z - k r b z k r
n z v z - k r b o
t q k q l e p e b z l e
t q v z p e x
n z v z n g r
m c l q
t q v z p e m
n z v z p x b z n g
n z v z - k r m
n a p i t r - m o u p o
n a p i b z k u
t q m c t i p e k r
n z d w a t r - k r g r
n a a g l q p e k r
t q v z k i p x
t q v o t x - n g r p w z
t q n g r l x o p e
r p i l e
t z v z n e p e n g
t q v z m i t r p e l e n g
t z n g r l r k i o p e l r
v z k i m l e
t z v z k i n e d r
t q v z n e
t u t x l z m
v z - z v z x
t z k u k i - n g r d r
t q v z p e m g r
m n r g r n g
v z k i m l e
r m c t i p e k r
n a r l r - n g r m e
r p i l e
t z v z k i n e d r
v z p x m
n z m c k r
t z v z p e
v z t r l e
t q v z b o
n z v z
t q v z p e m g r
n z v z - n g r m l r
t q m n c - n g r d e
r p i - m o u p q l e
n z k a l z m l r
n a a g l q b z l r
t q m c p x b z k r
v o t r p z k r
k c n g p e
v z m q g r
n a p i t x t r - m o p o
t q p i t i k r
t q o t i m l e
t q r m c t i p e k r
t q n g r l r p e k r
n z w z t r n g
n z v z - k r n g e
r k a l z m
m c p x m
t u p x m
n e m u n g
r p i - m o u p q l e
n z v z b z n g
t q a m z b l q p x m c
n a v z n g
t q v z p e
t z v z p e - k a i n g
n a m n c - k a p q n g r
n a m z n r p e
n z y a n e - k r d r
n a m n c n e - n g r g r
a m i n g r p e k r
v z t r n g r
v o k r
t q p i m e
n a y a - p w z - t i p e x
m c t x m
t q y r k e l v z q
n z v z - k z n g
t q v z m i t r p e l e n g
n z p r t r - k r n g e
a w i t x p e
v z p e m
m n r g r
t z v z p e
n z v z p e n g
n z k r l z l r
t q v z m i t r p e l e n g
k x e t u b z
v z k i m l e
t z p e o n g r
t q v z - n g r g r
n a k i l z b z l e
n a m n c t x p o
k r l a
t q v z p e x
d w a l z m g r
v e x
t z v z - n g r
n a v z m i b z l e
m w x l r t x - z l w z k r
t q y a p x p e b z
t q v z p e b z k r
x l r b z k r
r l x n g i t i l e
n z r n i b q n g r
m w x l r - n g r g r
n z m w a n g r
r k a l z m
t z m c p x p e b z l r
t q v z p e - k z x
n z x l r b z l r l e
n z m n c p e n g
n z w z - z l w z - k r g r
t q m n c - n g r g r
a s u m i p e b o
n z y a g o x - k r d e
t q v z p e k r
t q r p n a - n g r m
n z m u - k r g r
t q o l v x t i p e l e
t z m w x l r n g
n z m n c l z b z n g
n z k a t x - k r d e
t q t o p w z b e - n g r n e
t o p w z t r
r m c t i - n g r g r
n a r p n z '
t q a b r t z - z v z - n g r g r
t q w a i p e x
t q m n c - n g r d e
n z m n c l z b z n g
n z m n c l z b z
n z w z t r n g
e t u t x
x l r b z l e
t q m c p e k r
t r m c w x u
d w a - r b r l z - n g r m q g r
n z n g r l r t r n g
n z l v c n e n g
n z l v c - k r m l r
t z l v c - a t e n g
n z l v c n e - k r d r
t z l v c l z p e - n g r d r
n z r l z - k r g r
v o m l e
m z n r y a g w e n g r l c
n z v z - k r b z
n z m n c l z b z n g
n z m n c l z b z
k q l u t x
n z y r m q n g
t q e t u n e p x p e
k r l z m l e
n z w r k x t r n g r
t q a s u p e
t z m w x l r n g
n z w z t r n g
n a r p n z '
t q l x n g i t i - a t e x
l v c - a l z u p q
x l r b z l e
n a l i
k r l z m l e
v z m
d w a - r b r l z - n g r m q g r
t q e t u
o b q p x k r
n z m n c l z b z n g
t q m z n r p e
t q a c l v e b o
n a r l z
n z s i k a p u - k r d e
t r m c l e u
n z o b q - k a p q k r
t z s i k l u t i
t q e t u n e p x p e
n z b o m - k r d e
m c p z k r
t r t q w z p e u
t q a l v c - l z b q - n g r g r
a c l v e l e
t z m a i l z l r
n z a l v z t i n g
t q t o p w z b e - n g r n e
k x t o p w z n e
t z r l x n g i t i n g
n z v z n g
y a p x - z v z k r
n a y a p w x t i b o
t q a b r t z - z v z - n g r g r
n z b z - k r g r
t z m n c t x p e n g
n z m n c t x p e p w z
t r m n c k r u
t q m n c t x p w z k r
m n c t i t x p w z k r
m n c t x d e
n a m n c - k a p q l z - n g r m a m u
m n c t x p e
m n c t x o p w z
m n c p w z k r
t q m n c - k a p q n g r
n z m n c l z b z
t r n z m n c p e u
t q m n c - n g r d e
t q y a g o x p e
r b l x t x p e l e
t q r b l x t i l e
t q r b l x t x p e
n z t a v e t r l r
t q v z p e - k z x
m z n r y a g w e n g r l c
t q y r k r p e
t r b o i u
t q m n c - l x b l r p e k r
t z p r t r p e - k z n g
t z p r p x p e n g
n z b z n g
y z l u m c
t q t u n e p w z
t q t u p x m
n z p i l z l r
p i b z l e
l c d e p w z
t u t x l z m
t q t u n e p w z
t q t u p x m
t w z t x p o
n z p n a n g
o b q b z k r
t z r t a n g r p e
t q a m i n g r - n g r g r
n a b z t r k i
t z y r n i n e t r p e b z n g
n a - a d r v r - n g r b o
m w x l r t i - z l w z k r
m r b r l z m
t r t r k a - z l w z p w z u
t q y a g o x p e
t z y a p w x t i p e b z l r
n a y a p w x t i b o
x l r k r l e
n z m n c l z b z
n z m n c l z b z n g
d w a l z m g r
d w a t x t r x
b z t i p e d e
n z a b z l r
y r k r t x o
y r k r p x b z l e
t q y r k r p e n g r
n z w z t i - k r b z l e
d w a l z m g r
d w a t x t r x
n z d w a t r - k r d e
t q a s u l e
m r b r l z m
n z p n z '
k x k q l u
t z r y z k r n g
n a r y z k r - n g r g r
d w a - r b r l z - n g r m q g r
n z a b r t z k r
r m c t i - n g r g r l e
t q r m c t i p e k r
n z y r l q
o s o p x b z k r
t r n z k q l u - k r p e p w q g r u
n z k q l u t x
n z a b r t z k r
t z y z l u p e - m o p w z n g
t q n g y a p e
x l r b z l e
t q a b r t z - z v z - n g r g r
t q r t w a y z b z
d r t q d r
n z t u - z v z - k r d e
v o t r p z k r
n z l z t r - n g r d e
x l r m l e
n z r l e t i n g r
r p w a ' - n g r b o
r p w a ' - n g r b z
n z r p w a ' - n g r b z l r
t q r p n a l z m
p n z ' t x d e
n z p n z ' p e m
p n z ' b z l e
t q r p n z ' p e b z
t q p n z ' l e
t z k r l z p e - a t e l r
n a r l z
t q r p n a l z m
n a p i p x - l z b q n g
p i b z l e
v o m l e
r m c t i - n g r g r l e
t q d c - z l w z n g r
m c p x k r
t r n z m c l r u
t z m c t x p w z
t r n z m c p e l r u
n a m c l e
t q m c t i a m u
n z m c - k r n g e l e
n a m c t r
n z m c p e - k z p z
m c t e
t q m c - a t e k r
n z m c o m l r
t r m c p e l e u
t z m a t q
n z o b q p x b z
o b q p x k r
n z w z t i - k r b z l e
n a m a p u p e b z l e
t q n g r l r p x p e m
t q n g r l r l z p e
t z m w i p e n g
n z x l r m l r
t z p n a t i b z l r
n g r l r m i m l e
n z p n a
s c d r
n z i k l a p w z
x l r k r
n z m n c l z b z n g
n a b z d r
k x l r p r
n a r b o m p e n g
n a y a p w x t i b o
t z y a p w x t i p e b z l r
r k a t r p q
t q v o t x - n g r p w z
n a y a p w x t i b o
x l r k r l e
n z y o l x o m l r
n a n e n g
m z l i   k c
k c m a
t w z x
n z p n a t i - k r b z m u
n z a t a k i
m w a k r
m r k c n g
t q o p x p e - n g r d e
t q m n c - n g r d e
n z m n c l z b z n g
n a i p q p x n g r
y r k r t x o
t q y r k r p x k r
t q y r k r p e n g r
t q v z o p e
t q v z n e - z v z k r
n a v z b z k r
n z v z d z m q n g
t q v z d z p e - n g r m g r
n a v z - n q b l q l e
v z p e - k a i p
t q v z p e b o
n a v z
n z v z k i o p e - k z l r
t q v z p e - m o u k u
t q v z - e t r - n g r d e
v z - n q b l q m
t q v z o p e k r
n a v z - k a i p o
t q v z o p e k i
n z v z n e - k r g r
t q v z t x p e
t q v z - n g r n e
v z d e
n z v z - k r m g r
n z v z b a t r - k r b z l r
v z - z v z k r
t r v z u
t q v z k i p x k r
n z v z n e - k r g r
v z t x p e - n g r d e
v z b o
t q v z b e
t r v z k r u
t q r v z m i p w q
t q v z k i l e
t z v z - a t e n g
v z - n g r b z k r
n a v z m g r
n z v z m i - k r g r
t z v z k i p x l r
n z p n a n g
r m c t i - n g r g r l e
t q m e i t i o
t q a m e i b z k r
m e i t x t a t x p x
t q v z p e - k z x
t q n g r l r l z p e
t q n g r l r p x p e m
n z l z t r - n g r d e
n z r l z - k r b z l e
r m a l e
n z a t u p x - n g r m
y a p x - z v z k r
t q m e i p x
t z y c m n e t r p e - n g r d r
y c m n e p e
l o l v z o a m u
t r n g i u
y r k r p x b z l e
t q m n c - n g r d e
t q n g r l r p e k r
o b q k i m c
o b q t r p z
t r k r c l u u
t z y c m n e t r p e - n g r d r
y c m n e p e
t z y c m n e - n g r p e m l r
y r w i t x p x l e n g
x l r b z l e
x l r k r l e
x l r b o l e
m c k r
n a a m i n g r t i - n g r d r
n a a m i n g r - n g r g r
t q y r n i t x p e
k c m a n g
n z m n c l z b z
k x n z s i k l u
n z a b r t r - k r b z k r
t z l v a b e t r p e b z
r m c t i - n g r g r l e
n a l i
t z y c m n e t r p e - n g r d r
t z y c m n e - n g r p e m l r
n z y c m n e - k r m
m r l z p e
t q m r l z - n g r d e
t z t a v e t r p e l r
t w z q
r t w z t x - n r b a l q b o
t z t w z n e d r
n a r t w z o b z
t z r t w z - k z n g
t z r t w z t i n g
y r l z t i l e
n z v z m q n g
n a k q t x o m
n z k q o - k r m
y r l q b z l e
y r l q t x - m o u x
r d r n g
k r k a ' - l e - b l r k u
n z a t u p x - n g r m
t q t u n e p w z
t q t u p x m
n a n g i
n z m c
n z r l z n g
t q y r w i l x
t r t e n g e
t q n g r l r p e k r
b l e t i p x - l x b l r n g
y c - n r b a l q
y r l q t x - m o u x
n z p n a n g
v o k r
t q y r k e l v z x
y r l q t x - m o u x
b o o n g r
k x n z t o p w z
p r c k r
t z p r t r - m o p w q
p r o t x k r
p r t r p z
t q p r t r p e b z k r
t q r y r n g e
t q y r m
t q r y r - n g r n e
n z y r m
t q k a p u t r - n g r b z
n a p i l v z t i
t r o p i l v z u
n a a g l q b z l r
n a a g l q p e k r
n z g l q o l r
n a a g l q a m u
n z g l q l z m l r
t q m n c - n g r d e
n z m n c l z b z
t q v o t x - n g r p w z
t q v o b e
t q a m z b l q t x p x p e m c
n z a m z b l q p x - k r m c
t q m z b l q p x m
n a y a g o x n g
t q b r l x - k z p e
m z k e '
n a n g q n a m u
n a n g q t x k r
n z n g q t i t x p w z
t q n g q p e l e n g
x l r k r l e
n z a b r t z k r
n z g l q o l r
n a a g l q b z l r
r g l q k r
n a a g l q p e k r
t q o t i m l e
t q o t i - a t e m
t z t a v e l r
r m c t i - n g r g r l e
r m c t i - n g r g r l e
r m c t i - n g r g r l e
t q w x b u p x - n g r m
t z k u k i r p e l r
n a e s z ' m z n g
n g r l r m i m l e
t q n g r l r l z p e
x l r k r l e
k x n g r l x o b z l e
n g r l x t x o
n z p n a t i - k r g r
n z r p n a n e o p e - k r m l r
n z p n a t i l r
n z r p n a k i p x n g r
t r t z r p n a p e u
n a p i l v z t i
t q m z n r p e
n z a n i t x p w z n g
n z a n i t x p w z
n z w z t i - k r b z l e
t q p r k i l z m
t q k r l x l z p e l e
t q m r l z - n g r d e
n a - a m r l z t r - n g r b z l r
m r l z p e
n a m r l z
n g r l r m i m l e
t q n g r l r p x p e m
b z t i p e d e
t q n g r l r l z p e
n g r l r m i m l e
t q m w i t x p e
t z m w i p x - n g r m l r
t z m w i p x - n g r m
m w i t x k r
m z l i   k c
k c m a
n z v o u n e o p e m
t q m n c - l x b l r p e k r
n z a w i t x m
a w i t x - n g r b z k r
t q a w i p e b z k r
l x e n g e
m w x l r t x - z l w z k r
n a y a - p w z - t i p e x
y a p x - z v z k r
t z r l x t i m l r
t q r l x t i p e b z k r
n a r l x t r p z k r
n a r l x t i t x - p w z k r
n a w r k x t r
t q p n z ' l e
t q r p n a l z m
t a g l c t x d e
m e l z m c
n a m w i
m w i t x k r
t q o t i t r p e m l e
t q o t i m l e
t q o t i - a t e m
t q o t i p e m l e
o t i b z l e
n a o k a t r - n g r d e
n a o k a t r p q l r
n z n g r l r p x - k r m g r
n a n g r l r k i t r l r
t q n g r l r l z p e
t q a s u l e
t r t q w z p e u
t q p n z ' l e
t q r p n a l z m
n a r l x t i t x p o
t q x p l r
m c p z
p i b z l e
t z s i k l u p x - n g r m l r
t q s i k l u b e - n g r n e
t q v o t i t r p e m l e
r k a t r p q
n z k a l z m l r
t q v o t x - n g r p w z
t q v o b e
n a y a g o x n g
d w a t x t r x
d w a l z m g r
d w a s x p x - k z p q g r
y a n e - z v z k r
n a y a - p w z - t i p e x
y a p x - z v z k r
t q t u p x m
t q t u n e p w z
t u t x l z m
n z a t u p x - n g r m
t z t a v e l r
t z t a v e t r l r
r l w x k r
d r t w r g r
e t u n e p x
e t u n e p x - z v z l e
p i b z l e
t r k q o p q l e u
t q w a i
r m c t i - n g r g r l e
t q y r p u p x
t q y r p u t i p x p e
t q k r l z - a t e b z k r
t z k r l z p e - a t e l r
m e n g a b q
x l r m l e
t q m r t u - n g r d e
y r l z t i l e
n u t i t x k r
t q a s u p e b z
t r n a n i b q l e u
n z y c m n e - k r b o
t r n z y a g o x - k r g r u
n z m n c l z b z n g
t q m n c - n g r d e
v o m l e
y c m n e p e
t z y c m n e - n g r p e m l r
t z y c m n e t r p e - n g r d r
p i b z l e
p i b z l e
t q a c l v e x
k x p r k i
n z w a i n e - n g r b z l r
m r l x m q
m r l x m
t z t a v e t r l r
s c d e
s c g r
n z l x p l z t x
n z l z t r - n g r d e
n z r l z - k r b z l e
t u t x l z m
n z a t u p x - n g r m
d r k a ' n g
r p i - r d e
r p i b z k r
r p i b o
p i t x m l e
t r p i p e ' u
t q p i p e b z k r
t q r p i l e
t q p i p e m l e
n z p i - k r m l r
r p i o l e
n z r p i - k r b o
t q r p i p e b z l e
p i p e b z
t q r p i m l e
n z p i p x k r
t q r p i p e b o
r p i b z l e
n z r p i b z
n z p l z p x - k r m a m u
n a a g l q p e k r
r g l q k r
n z o l z - k r m l e
t z k r l z p e - a t e l r
n z y a - z v z n g
y a n e - z v z k r
n a y a - p w z - t i p e x
y a p x - z v z k r
k x o d a
k x t o p w z t i n g
n z t e k q t r n g r
a b r t z l v z k r
k x g l r
n a k q t x o m
n z k q o - k r m
n g r l a p l x p x k r
p i b z l e
y c t x o p e
t q y c o n g r
y c t x b z
t q y c n g r
y c t r p e n g r
t q p r t r p e b z k r
p r o t x k r
n z a p r e s i n - n g r
n z n u r d e
y a g o x t x
k x p l c
t z t u l r t r p e m
r k a t r p q
n a k a b o
y a n e - z v z k r
n a y a - p w z - t i p e x
n a p i p x - l z b q n g
x l r k r
t z y z l u p e - m o p w z n g
n a r t a n g r t i k r
p i p x - l z b q
n a p i p x - l z b q n g
r k a t r p q
n z k a l z m l r
t z a m c t i - n g r d e
t q a m a - a t e k r
t q a m a o p e
d w a t x t r x
t z l v c - a t e n g
t z l v c l z p e - n g r d r
n o u d e
t q m w i t x p e
l z o k r
n z l z
n z r l z - k r b z l e
t z l z t r
t z l z t i t r
t r l r p r k r u
r m c t i - n g r g r l e
v o k r
v o k r
m q n g r m
t q p r t z
n a y c t i p x m
y c - n r b a l q
x l r k r
n e n g e n g
n e n g e
n e g r
n e d e
t z - z p q t r n g
d w a t x t r x
d w a s x p x - k z p q g r
t w z q
t q t w z o p e
p i b z l e
k r l c d e n g
n z m e l z - k r m l e
n z p r t r - k r n g e
n a a g l q b z l r
t q p r t r p e b z k r
n z p n u t i t x
n g r l a p l x p x k r
t w z q
n a r l a s z p e l r
n z k r k a ' p x - k r m l r
n a k r k a ' - z v z k u
p r o t x k r
t q p r t r p e b z k r
t q m w i t x p e
n a m w i
p w x p w z
t r k q o p q l e u
t q t a b c - z l i n e p e k r
t a b c - z v z k r
d r t w r n g e l e
d r t w r d r
n z k r l z t i
k r l z b z l e
k r l z l z b z k r
t r k r l z t r p w z u
t r n a k r l z p q l e u
n z k r l z t r p z
m z t e
m z t r
t z l v c l z p e - n g r d r
t z l v c - a t e n g
t q r l r p e - n g r m l e
t r r l r - n g r p l e u
t q y r p l a t r n g r
y r p l a b r t q p e
n z w a i n e - n g r b z l r
t q w a i k i
w a i p n z ' l e
t q p z l e
y r m q
n c b l o   k c
t q m u k r
t z m u p e - n g r d r
t r n z y a g o x - k r g r u
m z l w e d e n g
m z l w e n g
a w i t x p e
s e k a e n t x k r
y o l x o m a m u
t q t u n e p w z
n z a t u p x - n g r m
t r t e d e
v z b z
t q v o t x - n g r p w z
t q v o b e
t r - r m n q u
n z r m n q t x n g
r d r n g
t q v e a p e b z
n z w z t i - k r b z l e
t r t q w z p e u
k x b q g r n g
k x b q n g
t z l v c - a t e n g
d w a t x t r x
d w a s x p x - k z p q g r
n a a g l q p e k r
m z l e d e
m z l e d e n g
t q m z n r l x p e
d r l z d r n g
d r l z d e
n e m u n g
n e n g e n g
n e g u n g
n z p e t i
t q t u p x m
t u t x l z m
t q t u n e p w z
d r t a ' d r
w x l i k i t x p x p n z
t q w x l i k i t x p x
t q t z l e
l x e g r
n i b r g r
o s z b z l e
t q m a l e l e
t r t e d e
t r t e d r
t a p l x s r g r
p r t r p o
a n g c t i k r
t z a n g c p e l r
n a k a m l e
n a k a b o
n a k a b z k r
k a o m a m u
n z k a t x - k r b z l e
n z k a l z m l r
n z r k a b z
n z k a t x p x - k r b z l e
r k a t x m
m n q t i p e l e
t r - r m n q u
n z m n e t i
t r n z m n e t i u
l a n g
t z v z p e - k a i n g
t r d o u
e s z ' n e
e s z ' t i
e s z - k r d e
l x e d e
k x n z y q n g
t q v o b e
