n z v z p e - k r d r
k x y r l z
t q y r k e l v z q
n z t u - z v z - k r d e
n a i p q p x n g r
t q w x l i k i t x p x
n z p i l z l r
v z p x b z k r
v z k i m l e
t q p z l e
m c t r k r
t r n z p i - k r p l e u
n z w r k x t r n g r
t z v z p e - k a i n g
n z m i n g r - k r g r
n z p r p x - k r d r
t q r p i b z l e
p i l z b z l e
r m c t i p e k r
y r l q t x b o
v z m i t r l e
n e g u n g
n z v z k a i - k r g r
n a r t a n g r t i k r
n z y a p w x - k r d r
t q v z t r - m o p w z k r
v z m i o l e
m c p x m
o b q p x k r
r p n z ' p e
t q y r n i p e x
x l r m l e
v z p e m
t z v z - n g r
t q v z p e m g r
n a v z b z
m c p x m
v z p e m
n z v z b z n g
t q y r k r t r p e k r
n e n g e n g
t q v z p e m
t q v z p e - k z x
m c p o
t q v z p e m g r
r m c t i - n g r g r l e
n z v z - k r m
t q v z - n q b l q n e n e
t q p i p e m
t z v z k i n e d r
m r b r l z m
x l r x
n a r p n z '
n z r p i l r
d z u r d e
t q m c p e b z k r
n z r p i l z - k r d r
t z v z - n g r
t q v z b o
v z - z v z x
t q v z p e m
t q a s u p e b z
r n g i - b a t r p q
n z v z - k r n g e
n z v z - k r m
n z p c t i k r
v z t x p e - n g r d e
n z v z - k r b o
t q v z p e b z
v z t x
n z v z - k r m
m c l z k r
n z y c m n e - k r d e
n a m n c n e - n g r g r
k x t o p w z
t q l u x
t z v z p e
y r l q b z l e
t q v z - n q b l q n e n e
p i b z l e
a b r t z l v z k r
n z v z - n g r m l r
n z v z p x n g
v z p x b z k r
t z r m c t i p e l r
t z k r l z p e - a t e l r
n g r l a p l x p x k r
t q r p n a p e - n g r m l e
a m r b r t r l e
n e d r n g
n z t u n g r
n z v z p e - k r d r
t q a y r n i p e
t q v z p e m
m c l x n g
y r l z t i l e
v z p x b z k r
n z a l v z t r n g r
n z v z k i o l r
n z k u k i n g
k x n a m u
n a r l x t r p z k r
k x b q n g
t q v z p e x
t q p i p e b z l e
t q v z p e
k x t o p w z n e
t q v z p x p e
t z v z o p e n g
n a m n c n e - n g r g r
t q v z p e x
n z v z p e n g
r m c t i p e k r
t z v z p x p e b z n g
t z n g r l r k i o p e l r
v z p e m
r p i l e
m q d r
n z m c t x p w z
a s a - n g r g r
n z v z
t r v z n e - k a k r
v z m i o l e
t z v z p e - k a i n g
t q p z l e
v z p e m
t q v z m i t r p e b z l e
t z v z k i n e d r
t q t w z o p e
n z y a p w x - k r d r
t q o t i - a t e m
t q p i b z k r
t u n e p w z
n z v z - k r n g e
n z v z n e - k r d r
t z v z p x p e b z n g
r p i l e
n z r p i m l r
t z v z p e
t q r p i - n g r n
m c l x n g
n z m c k r
k r l z p e b z k r
t q a m u k x t r
v z x
m w i - n g r g r
n z r p i - a n i - k r m l e
n z v z k a i - k r g r
d w a t r k r
t z v z p e
t q v z - n g r g r
v z m i o l e
k r k a ' n e p w z k r
n z n g i - k r d r
k x p c
k x m u l e
n z a n i t x p w z
n z v z - z v z b z n g
r p i - m o u p q l e
n z m u - k r g r
v z t r l e
n z v z k i l r
t z y r n i n e t r p e b z n g
n a v z n g
n z b z n g
t q v z m i t r p e b z l e
n z v z p x b z n g
t q v z p e
n a d w a p e k r
t z v z p x p e b z n g
n z a p x - n g r m
r m c t i - n g r g r l e
t z v z p e n g
t r s u k a
n a r l x t i t x - p w z k r
t q m c p e k r
t z v z p x p e b z n g
n z v z
t q m n c - l x b l r p e k r
t q e l a p e k r
t q e t u
n z m c k r
n z v z p x b z n g
t z m n c t x - a l o p e n g
n z v z - k r n g e
n z y c m n e - k r d e
r m c t i p e k r
t w z q
r k a l z m q g r
k x n z t o p w z
n z v z - k r m
t z v z p e
n z v z k i l r
r m c t i p e k r
m c l x
n z p n a n g
n a v z n g
m c l x
n a r y z k r - n g r g r
k x e t u
r m c t i p e k r
t q m n c - n g r d e
m e l r m q d r n g
m c p x m
k x y a g o x
m c l x
t q o t i - a t e m
n z v z n e p e l r
a s a n e
n z v z - k r b z k r
t q r p n z ' p e b z
v z m i m q
t q v z - n q b l q n e n e
a s u m i p e b o
n z p l z p x - k r m a m u
r l r - n g r m e
n z a l v z t r p l r
t q v z p e
n a p i t r - m o u p o
t z v z o p e n g
m z l i   k c
t q v z - n q b l q n e n e
t q b z q
t q v z p e x
y r k r b z k r
v z t r l e
n a n g r l r t r k i
m n c p e x
t z v z p x p e b z n g
n z v z p x b z n g
n z m c t x p w z
y a n e - z v z k r
n a m c t r
n a r p n z '
y z l u m c
n z v z - k z n g
t q m i b i
t q v z - n g r g r
t q v z m i t r p e l e n g
v z p x b z k r
n z p n u - l i g r
n a p i b z k u
n z v z - k z n g
t z k r l z p e - a t e l r
n a b z d r
m n c t i k r
n z v z - k r n g e
m e l z m c
k c p e
t z v z n e p e n g
t z v z p x p e b z n g
n a r b o m p e n g
n a v z m i b z l e
t z v z p e - k a i n g
n a v z m i b z l e
t z m n c t x - a l o p e n g
m n c - m i p e - a m u
n z v z - n g r m l r
n z m n c - k r d r
t z v z k i n e d r
m n c l v z r n g r
m n c l v z r n g r
m n c - e p e l z l e
y z l u m g r
t r n z p i - k r p o ' u
b r n g e
t z v z p e - k a i n g
n z v z p x b z n g
n a k r k a ' - z v z k u
n a w r k x t r
m n c l v z r n g r
m n c - m i p e - a m u
t z k u k i r p e l r
n a v z m i b z l e
t q v o t x - n g r p w z
n z m n c l z b z n g
n z y c m n e k r b z
l v c - a l z u p q
n z b o m - k r d e
t z x l r o p e l r
t z v z k i n e d r
t z x l r o p e l r
t z v z n e p e n g
n z y c m n e - k r b o
t z x l r o p e l r
t z v z n e p e n g
n z r k a l z m q n g q
n z v z - z v z b z n g
m n c - e p e l z l e
t q m n c - l x b l r p e k r
n z v z - z v z b z n g
m n c - e p e l z l e
n z v z - n g r m l r
n z v z - n g r m l r
n z v z - n g r m l r
y z l u m g r
t r n z p i - k r p o ' u
n z v z - n g r m l r
m n c - e p e l z l e
t q m w x l r p e k r
n z v z - z v z b z n g
t q m n c - l x b l r p e k r
m n c - e p e l z l e
t q m r l z - n g r d e
m n c - e p e l z l e
n z v z - k r b z k r
m n c - m i p e - a m u
m n c - m i p e - a m u
n z p c t i k r
m n c - m i p e - a m u
n z t u - z v z - k r d e
m n c - e p e l z l e
n z v z - z v z b z n g
t u t i p x - n g r m
t z m n c - n g r d r
t q k r k a ' p e b z
t z l v c - a t e n g
t z m u p e - n g r d r
n z x l r b z l r l e
t z l v c - a t e n g
m n r g r n g
m n r n g e
m n r g r
t z r m c t i p e l r
t z m c p x p e b z l r
y r n i - e b i r p e n g
n z v z p e - k r d r
t q n g r l r p x p e m
n z r m n q - k r d r
n z o l v x t i - k r d e
n z x l r b z l r l e
n z x l r b z l r l e
t q v o t x - n g r p w z
n a y a p w x t i b o
k x n z t o p w z
k x t o p w z t i n g
t o p w z t r
t q e t u n e p x p e
n z t u - z v z - k r d e
n z l u t x p w z n g
t q n g r l r p e k r
r p i - m o u p q l e
t r - r m n q u
t z m w i - n g r d r
k x m u l e
n z y c m n e - k r d e
n z y c m n e - k r m
n z y c m n e - k r m
n a p i t x t r - m o p o
n g q t i p e l e
n a p i t x t r - m o p o
n a p i t x t r - m o p o
m r b r t i t r p e
n z p i b z l r l e
t q l x n g i t i - a t e x
n z y c m n e - k r d e
t q n g r l r p x p e m
n z a t u p x - n g r m
n z p r t r - k r n g e
t r m w x l r k r u
t q o b q t r p e
n z o b q p x b z
o b q o b z
n z l x n g i t i - k r g r
m r b r t i t r p e
y r n i - e b i r p e n g
t q n g r l r p e k r
n z r l x t i - k r b z
n z y a p w x - k r d r
n a p i t x t r - m o p o
t q o t i m l e
n z p i - k r m l r
t q e t u n e p x p e
t q m r l z - n g r d e
n a p i t r - m o u p o
n a p i t r - m o u p o
r m c t i - n g r g r l e
n z y a p w x - k r d r
r m c t i - n g r g r l e
n z a l v z t r n g
t q w r k x t r - n g r g r
n z l v c p e - k r d r
r m c t i - n g r g r l e
n z d w a t r - k r d e
n z y c m n e - k r b o
n z d w a t r - k r d e
n z d w a t r - k r d e
t q r p n a p e - n g r m l e
n z d w a t r - k r d e
t q v z m i t r p e l e n g
t q r p n a p e - n g r m l e
t q m w i - n g r g r
t q d w a p l r k r n g
r m c t i - n g r g r l e
n z p n a k i p x l r
t q v z m i t r p e l e n g
t q v z m i t r p e l e n g
n z s i k a p u - k r d e
t q v z - n q b l q n e n e
t q d w a p l r k r n g
t q v z - n q b l q n e n e
t q v z - n q b l q n e n e
n z b z t i - l x b l r n g
t q v z - n q b l q n e n e
t q v z m i t r p e l e n g
t q v z - n q b l q n e n e
t q v z - n q b l q n e n e
m w x l r t x - z l w z k r
t q v z - n q b l q n e n e
t q v z - n q b l q n e n e
t q v z - n q b l q n e n e
t q v z m i t r p e l e n g
r l i l r m u
l i t x t r
t q l i t r p e b z
e s z ' t i
e s z - k r d e
t q v z - n q b l q n e n e
t q v z m i t r p e l e n g
t r n z p i - k r p o ' u
t q v z - n q b l q n e n e
t q v z m i t r p e l e n g
t q v z m i t r p e l e n g
t q d w a p l r k r n g
t q v z m i t r p e l e n g
t q v z t r - m o p w z k r
t q v z m i t r p e l e n g
t q v z m i t r p e l e n g
t q v z m i t r p e l e n g
t q v z m i t r p e l e n g
t q p r t r p e b z k r
t q v z m i t r p e l e n g
t q v z m i t r p e l e n g
t q v z m i t r p e l e n g
t q p i b z k r
t r n z p i - k r p o ' u
t q v z m i t r p e b z l e
t q a m z n r p e l e
t q v z m i t r p e l e n g
t z l v c l z p e - n g r d r
t q v z m i t r p e l e n g
n z e t u p e - k r n g e
n z e t u p e - k r n g e
n z m w i p e - k r n g e
t q v z - n q b l q n e n e
t q v z m i t r p e l e n g
t z m w i p x - n g r m l r
t q v z t r - m o p w z k r
t q v z m i t r p e b z l e
t q v z - n q b l q n e n e
t q v z - n q b l q n e n e
t q v z - n q b l q n e n e
t q v z - n q b l q n e n e
t q v z m i t r p e l e n g
t q v z - n q b l q n e n e
t q v z - n q b l q n e n e
t q v z - n q b l q n e n e
t z y z l u p e - m o p w z n g
n z d w a t r - k r d e
t q v z m i t r p e b z l e
t z l v c n e n g
t q v z t r - m o p w z k r
t z m n c t x - a l o p e n g
t q v z m i t r p e l e n g
t z l v c l z p e - n g r d r
t z v z k i p x l r
t q v z o p e k i
n a v z m g r
n z v z o - n g r m
n z v z m i - k r g r
v z p e - k a i p
n a m n c n e - n g r g r
t z m n c t x - a l o p e n g
t q v z m i t r p e l e n g
t q v z t r - m o p w z k r
t q v z b z k r
t q v z t r - m o p w z k r
t r n z p i - k r p o ' u
k x k q l u
t q e t u n e p x p e
t r n z p i - k r p o ' u
t q v z t r - m o p w z k r
t q v z t r - m o p w z k r
t q v z t r - m o p w z k r
t q v z t r - m o p w z k r
t z m n c t x - a l o p e n g
t q v z t r - m o p w z k r
t q v z t r - m o p w z k r
t q v z t r - m o p w z k r
t q v z t r - m o p w z k r
t q v z t r - m o p w z k r
n z l x n g i t i - k r d e
t q v z t r - m o p w z k r
t z m n c t x - a l o p e n g
t z a n g r l v z n e o p e l r
n z a l v z t r p l r
t z y c m n e t r p e - n g r d r
n z v z - k r d r
t q r k a l z p e - n g r m q g r
t r t a k i t r u
t z m n c t x - a l o p e n g
t r n z p i - k r p o ' u
t q p i b z k r
t q d w a p l r k r n g
n z w z t i - k r b z l e
t z y c m n e - n g r p e m l r
t q r k a l z p e - n g r m q g r
n z k r k a ' p x - k r m l r
t z w r k x t r p e n g
t q v z t r - m o p w z k r
m w x l r t x - z l w z k r
n a n e n g
a w i t x - n g r b z k r
n z r t a n g r - k r d r
t z m n c t x - a l o p e n g
k x n a m u
d w a s x p x - k z p q g r
d w a - r b r l z - n g r m q g r
t q p i b z k r
n z r p i - a n i - k r m l e
n a r y z k r - n g r g r
t z l v c l z p e - n g r d r
n z d w a t r - m o u - k r g r
t q p i b z k r
t z y c m n e t r p e - n g r d r
y c p q t i p e k r
n z l r m z t r - k r d e
k r k a ' - l e - b l r k u
t q p i b z k r
t r n z p i - k r p o ' u
n z o l z - k r m l e
t z n g r l a p l x
n a m n c n e - n g r g r
n z p n a t i - k r b z m u
n z d w a t r - k r g r
n a y a - p w z - t i p e x
t z a m c t i - n g r d e
n z d w a t r - k r g r
n z a l v z t r n g
n z l x n g i t i - k r d r
n z t u - z v z - k r d e
p z t i t x k r
t q a b r t z - z v z - n g r g r
n z r m n q t x n g
t q p i b z k r
o b q o b z
t q o b q t r p e
n z o b q p x b z
n z d w a t r - k r g r
t q r w z s o
n z d w a t r - k r g r
t q a l v c - l z b q - n g r g r
n z r l x t i - k r m l r
t q a b r t z - z v z - n g r g r
n z l i - k r d e
n z d w a t r - m o u - k r g r
n z d w a t r - k r g r
n z r p i l z n g r
p i p x - l z b q
t q r p i - n g r n
t r n z p i - k r p l e u
n z b z t i - l x b l r n g
t q p i b z k r
n z e t u p e - k r n g e
t r t r k a - z l w z p w z u
t z p i p e l r
t q r y z k r p e k r
t z m n c t x p e n g
m n c n e - m o u - n g r g r
m n c t i t x p w z k r
m n c t x p w z k r
m n c t i o m g r
m n c m i b z l e
t q m n c n e t r p e m g r
t q m n c - k a p q n g r
t q m n c t r p
n a m n c - n g r g r
n z m n c t i p x m l r
n a m n c n e - n g r g r
t z m n c t x p w z
n z m n c p e - k r g r
m n c - k u
n a m n c - k a p q t r n g
n a m n c - k a p q l z - n g r m a m u
m n c p w z k r
t q p i b z k r
t q p r t r p e b z k r
t q p i b z k r
k x n z s i k l u
k x n z s i k l u n g
t z y z l u p e - m o p w z n g
n a m a p u p e b z l e
t z y a p w x t i p e b z l r
r y a p w x - z v z k r
t q y a p w x t i p e m l e
t q m e i t i o
n z r p l a m e i t i - k r d e
n z m e i t r p z
m e i t x t a t x p x
t r n z p i - k r p l e u
n z a l v z t r n g r
t z t a v e t r l r
n z g l q o l r
n a a g l q b z l r
n a a g l q p e k r
n z r m n q t x n g
n e d e n g
n e m u n g
n e n g e n g
n e d e
n e n g e
n e m
t q l u - n g r g u
n z r p i b z
t q r p i b z l e
t q p i b z
r p i o b z l e
n z k a l z m l r
n a y a p w x t i p x b o
t z y a p w x t i p e b z l r
t q y a p w x t i p e m l e
y a p w x t i - z p w x m a m u
t q r y a p w x p e m
r y a p w x - z v z k r
m z n r y a g w e n g r l c
t q n g q p e l e n g
n z n g q t i t x p w z
n a n g q t x k r
n a n g q d r
n a n g q n a m u
t q n g q n a m u
t a k i t r t x p w z
n a n
n a b o
n a g r
t q n g r l r p x p e k r
t z y a p w x t i p e b z l r
t q y a p w x t i p e m l e
r y a p w x - z v z k r
n z k r l z m l r
t r k r l z w x u
t z p e o n g r
y c p x
y c - n r b a l q
t z p n z - l z b q n g r
t q p n z ' b q p e l e
t q r p n a l z m
y o l x o m a m u
n z a y o n g r
t r n z a y o t i p e l r u
s c m
s c g u
r p w a ' - n g r b o
r p w a ' - n g r b z
n z r p w a ' - n g r b z l r
r p w a ' t x - n g r b o
t q r p w a ' - n g r b z m e
m e i t x t a t x p x
t r t r k a - z l w z p w z u
t q a t a t r p e l e
g l a l z l e
a w i t x p e
t z r t w z t i p e - k z n g
n z t e k q t r n g r
k x n z y a g o x n g
n z k r k a ' k r b z l e
n z m n e t i
w z t r p o
t r t q w z p e u
t q w z t i p e l e
t z t a v e t r l r
t z t a v e t r p e l r
k r n e d r
k r l a
n a n g r l r t r k i
o s z b z l e
t z p n z - l z b q n g r
t q r p n a l z m
t q p i b z
t q r p i b z l e
n z r p i b z
r p i o b z l e
n z a m a - k r d e
t z y z l u p e - m o p w z n g
d w a l z m g r
d w a - r b r l z - n g r m q g r
d w a s x p x - k z p q g r
t r n a n i b q l e u
r p i o b z l e
t q r p i b z l e
n z r p i b z
a b r t z t x - n g r g r
a b r t z t x - n g r d e
a b r t z t x p e k r
n z - z p q t r - k r d r
r m n r - n g r b z
n z m e l z - k r m l e
t z a o l v z - a t e b z
n z r t a n g r t i - k r g r l e
n z r t a n g r t i - k r d r
t q r t a n g r n e
n z r t a n g r t i - k r g r
t q k a w i o p e k r
n z o t r n g r
r p i o b z l e
t q p i b z
t q r p i b z l e
n z r l a l z - k r g r
n z l z t r - n g r d e
t q a w r k x t r p e l e
n z y a n g r n g a t x - z l w z p e - n g r d r
m a k x t x b z l e
n z a y o n g r
t z l v a b e t r p e b z
t q r t w a y z b z
t q a m z b l q t x p x p e m c
n z a m z b l q p x - k r m c
t q a m z b l q p x m c
t z p n a t i b z l r
a s u m i p e b o
t r s u k a
t q r p i - n g r n
t q m n c - n g r g r
x l r l e l e
x l r b o l e
t r n z k q l u - k r p e p w q g r u
n z k q l u t x
n z g l q o l r
n a a g l q b z l r
n a a g l q p e k r
t q y r p u t i p x p e
t q y r p u t i p x n g r
n a a m i n g r - n g r g r
a m i n g r p e k r
s e x
m r b r t i t r p e
t q a m r b r t r p e l e
d w a s x p x - k z p q g r
d w a l z m g r
n a m n c n e - n g r g r
n z a t o l w a - n g r n g
n z r p n a n e o p e - k r m l r
n z p n a t i - k r b z m u
n z r p n a k i p x n g r
t q s i k l u b e - n g r n e
n z p n a t i - k r b z m u
n a r l a s z p e l r
t q y a p w x t i p e m l e
r y a p w x - z v z k r
t q r p w a ' - n g r b z m e
t q w x b u p x - n g r m
w x b u p x - n g r m
t z t u l r t r p e m
n a r l r - n g r m e
r l r - n g r m e
t r r l r - n g r p l e u
n z o p x - n g r m
n z m w x l r t i - l z b q n g
n z p n u t i t x
m z ~ n i b r d r
n g r l a p l x p x k r
n a k a t x b z l e
r k a t r p q
t r t q k a p e p w q l e
t z p n z - l z b q n g r
t z p n z ' - n q b l q p e
t q r p n a l z m
n z p n z ' p e m
n z r p n z ' n g r
n z a b r t r - k r b z k r
t q w x b u p x
t q d c - z l w z n g r
k r l z p e b z k r
n z k r l z m l r
t z k r l z p e - a t e l r
t q a l e x
t r s u k a
a s u m i p e b o
n a a g l q p e k r
n a a g l q b z l r
n z g l q o l r
t q a m i n g r - n g r g r
a m i n g r p e k r
t z p r e s i n q n g
y a p x - z v z k r
t z y a p x p e n g
n z y a l z - k r g r
n a n g i p e
n z a y c n g r l r t i k r
n z r p i b z
t q r p i b z l e
t q p i b z
r p i o b z l e
t q o l z p e b z
t q l u - n g r g u
t q n g r l r p x p e k r
n a n g r l r t r k i
d w a l z m g r
d w a s x p x - k z p q g r
d w a - r b r l z - n g r m q g r
e t u n e p x
k x e t u t i n g
e t u n e p x - z v z l e
k x n z e t u
n a k a t x b z l e
r k a t r p q
n z l z t r - n g r d e
n z r t r n g r t i o l r
n z r t r n g r - n g r b z
e s z ' t i
e s z - k r d e
t q m u - n g r b e
t q m u k r
m u l z p e k r
n a m u - n g r g r
a m u k x t r t x
n z m u n g r
d w a l z m g r
d w a s x p x - k z p q g r
r p i o b z l e
n z r p i b z
t q p i b z
t q r p i b z l e
t q r p i - n g r n
t r n z p i - k r p l e u
n z r p i b z
r p i o b z l e
t q r p i b z l e
t q p i b z
a l q l i o l e
t q y r k r t r - a t e m
n a y r k r t x
y r k r p x b z l e
t q y r k r p e n g r
t q y r k r p x k r
t q y r k r k i p x l e
t z y a p w x t i p e b z l r
n a m n c n e - n g r g r
t z a n g c p e l r
t z a n g c p e b z l r
n e n g e n g
n e m u n g
b l e t i p x - l x b l r n g
n z y r l e t i - k r d e
n z p r p x n g r
n z p n a t i - k r b z m u
t q p i b z
n z r p i b z
r p i o b z l e
d w a s x p x - k z p q g r
d w a - r b r l z - n g r m q g r
d w a l z m g r
k i l z n e d e
n a k i l z b z l e
e l a
t q y r k r t r - a t e m
y r k r p x b z l e
t q y r k r p e n g r
n a y r k r t x
t q p i b z
r p i o b z l e
t q r p i b z l e
n z r p i b z
t q m z n r p e
n a a g l q p e k r
t q k a p u t r - n g r b z
n z y a l z - k r g r
t q y a p x p e b z
y a p x - z v z k r
y a n e - z v z k r
n z r p i b z
r p i o b z l e
n a r l r - n g r m e
t r r l r - n g r p l e u
t r k q o p q l e u
n z n g i - k r d r
n a b z t r k i
n a b z - n g r n
b z t x p n z '
n a b z p e - n g r g r
b z p n z ' x
y r l z o
t q m w i t x p e
y r k r p x b z l e
t q y r k r t r - a t e m
t q y r k r p e n g r
n a y r k r t x
w x l i k i t x p x p n z
s c g u
t q p n z ' b q p e l e
t z p n z - l z b q n g r
t r n a n i b q l e u
n i b q t i
n z p n a t i - k r b z m u
t r k r l z w x u
k r l z p e b z k r
n z k r l z m l r
p z t i t x k r
p w x p w z
k i l z n e d e
n a k i l z b z l e
n z p r p x n g r
p r o t x k r
n a r l x t i b z m e
n a r l x t i t x p o
r n i p e x
t q y c o n g r
y c t x b z
t q y c n g r
y c p x
y c - n r b a l q
t q y c o m
y c t x o p e
t q t a b c - z l i n e p e k r
n z m w i n g r
t z m w i p x - n g r m
t q t r k a m i
n z a t r k a t i
t q t r k a ' n g r
n a o k l a t i t r - m o p q g r
n z a l v z t r n g r
x n g i t x t r l e
n z l x p l z t x
t z m a t q
n z x p e n g r
k x n z y q n g
t r o p i l v z u
t q y r p u t i p x p e
t q y r p u t i p x n g r
n z y r p u t i p x k r
t q t w z o p e
t z r t w z t i p e - k z n g
t q r p i - n g r n
t r n z p i - k r p l e u
a w i t x p e
y r p l a b r t q p e
t q y r p l a t r n g r
t q y r p l a t r p e
r p i o b z l e
t q p i b z
n z r p i b z
n z y c t i k r
d w a l z m g r
d w a s x p x - k z p q g r
n z y r l q t r p z l r
t q y r l q o b o
t q a e n z l i t i - n g r g r
n a - a e n z l i p w z l r
t r n z a e n z l i l r u
n a - a e n z l i t x k i
n a - a e n z l i m g r
w a i p n z ' l e
n z w a i n e - n g r b z l r
t q w a i k i
t z w a i s z - n g r d r
k r l x l z p e l e
t q k r l x l z p e l e
a e l w a p x
a e l w a p x - p n z
n a v e x
t q n g r l r p x p e k r
t q y o k a e k r
t q y r p u t i p x n g r
t q y r p u t i p x p e
p r t z t x b z k r
r p i o l e
r p i m
r p i - r d e
t q r p i p e m
p i t x m l e
t z p i p e b z l r
t q r p i - a w a p e b z l e
t r p i p e ' u
r p i b z l e
r p i b z
r p i o b z l e
t q r p i m l e
n a p i n e m c
r p i b o
t q r p i l e
n z r p i - k r m e
t q p i p e m l e
n z r p i b z
t z r p i b z
t q r p i b z l e
t q r p i p e b o
t q p i b z
t q r p i p e m l e
p i p e b z
t q p i t i k r
t q r p i p e b z l e
n z r p i b z
t r k q o p q l e u
k q l e p e l e
t r t q w z p e u
t q w z t i p e l e
w z t r p o
y a p x - z v z k r
t q y a p x p e b z
t z y a p x p e n g
