k x y r l z
m c t x m
t q v z b o
t q v z - n q b l q n e n e
t q v z p e
t r n z p i - k r p o ' u
t q n g r l r p x p e k r
v z m i o l e
n z r m c t i l r
t z m n c - n g r d r
r d r n g
n z w z k r
n z v z k i l r
y r l q b z l e
t r n z p i - k r p o ' u
n z y c m n e k r b z
n z r p i - a n i - k r m l e
r p i b z k r
t q v o b e
t q a m a - a t e k r
n z m n c n g
n z v z d z m q n g
m c o m q
t q m c p e l e
t q n g y a p e
t r v z n e - k a k r
m c k r
l z o k r
r p i o b z l e
m n c p e x
n z v z k a i - k r g r
v z p x b z k r
t q t u p x m
t q m n c - l x b l r p e k r
n z m c t r
t z x l r o p e l r
n z r p i m
n z m c p x
n z l z t r - n g r d e
n a m w i
n z l z t r - n g r d e
n z v z p x n g
n a m c k r
n z p n a k i p x - m o u l r
n z r p n a k i p x n g r
n z v z - z v z b z n g
n z y c m n e - k r d e
n z v z - n g r m l r
n z r p i - a n i - k r m l e
n z w a i n e - n g r b z l r
t r n z m c p e l r u
t q v z - n g r g r
t q r b l x t i l e
t q r p i p e b z l e
n z v z p x n g
t q k i p o p e
n z s i k a p u - k r d e
m c p x m
t z m c p x p e b z l r
n z v z p e n g
t q w x l i k i t x p x
n z v z k i o l r
t q a c l v e x
n z m n c l z b z n g
t z m n c - n g r d r
t z m n c t x p e n g
t q y r k r p e n g r
t z v z p e
t u n e p w z
n z v z k i l r
n z l v c - k r m l r
t z y c m n e - n g r p e m l r
n a p i t r - m o u p o
n z r m n q t x n g
x l r b z l e
n a m n c - k a p q l z - n g r m a m u
t z v z p x p e b z n g
s e k a e n t x k r
v z k i m l e
t r k r l z w x u
t r n z m n e t i u
t q v z p e m g r
t q a m a o p e
t q n g r l r p e k r
t q m n c
n a a g l q p e k r
t q m n c - l x b l r p e k r
m c l z k r
v z p x b z k r
t r n z p i - k r p o ' u
m c t e
n a b z t r k i
n z t u n g r
n z v z k i l r
v z t r n g r
n z v z b z n g
k x n z t o p w z
n z r m c t i - k r d r
t q o l v x t i - a t e l e
m n c t i k r
t q m w i - n g r g r
n z m n c l z b z n g
t q e t u
t q a w i p e b z k r
v z t r l e
m r b r t x
t w z x
t q o t i m l e
t q v e a p e b z
r k a l z m q g r
n z v z n e p e l r
t z v z p x p e b z n g
n z o b q p x b z
n a v z m i b z l e
n z v z - k r m
t r n z y a g o x - k r g r u
t r v z n e - k a k r
n z n g i - k r d r
t q v z o p e
m r l x m q
n a y r k r t x
n z m n c p e n g
t q v z b o
n e n g e
t q v z p e b z
n a m n c n e - n g r g r
v z - z v z k r
n z v z - k r b o
y a n e - z v z k r
t q v z p e b z
t q v z p x p e
v z p e m
t q v z p e x
v z m i m q
n z r p w ' a - k r d e
v z m i m q
t z v z o p e n g
t q n g r l r l z p e
n z v z - z v z b z n g
k x g l r
t z v z k i n e d r
t q r p i b z l e
n z v z - k r b o
n z - z p q t r - k r d r
m n c l v z r n g r
n z v z n e p e l r
t z v z p x p e b z n g
t q a m z b l q t x p x p e m c
n z v z - k r n g e
r k a l z m
t q v z p e b z
w z t r p o
d w a - r b r l z - n g r m q g r
n z p e t i
t q r p i b z l e
t q v o b e
r m c t i - n g r g r l e
n a m a p u p e b z l e
r m c t i p e k r
t q p i b z
r m c t i l e
n z r p i b z
m n c l z - n g r m
n z v z p x b z n g
t z v z p e - k a i n g
n z v z m i - k r g r
n z v z
n a n g r l r t r k i
t q r m c t i p e k r
t q v z t r - m o p w z k r
t q v z m i t r p e l e n g
n a v z b z
m c t r k r
y c - n r b a l q
t q m c p e l e
a t u l z n g r
t z r l x n g i t i n g
n z v z k a i - k r g r
m n c l v z r n g r
d w a t x t r x
t q p i m e
n z d w a o n g r
t q n g r l r p x p e k r
t q m z n r p e
m c l z k r
k r l z m g r
t q v z m i t r p e l e n g
n z v z k i o l r
t q p i m e
r m c t i - n g r g r l e
t z m n c p e n g
n z v z p e - k r d r
w x l i k i t x p x p n z
t q n g r l r p x p e m
t q p n z ' l e
a c l v e l e
t q a s u l e
m z n r y a g w e n g r l c
t q v z p e x
r g l q k r
t q w z t i p e l e
t z y a p w x t i p e b z l r
t q v z p e m g r
m c l x n g
t z y c m n e t r p e - n g r d r
n z v z p x b z n g
t q v z - n q b l q n e n e
t r v z n e - k a k r
n z v z k a i - k r g r
v z m i m q
n z r p i b z l r
n z e t u p e - k r n g e
t q m c p e x
n a o k a t r - n g r d e
p n z ' t x d e
t q m n c - l x b l r p e k r
t z m n c t x - a l o p e n g
t z r m c t i p e l r
x l r k r
n z r p i - a n i - k r m l e
t q r l x t i p e b z k r
t r m c p e l e u
n z v z k a i - k r g r
t r v z n e - k a k r
t r k r l z w x u
v o k r
y r k r t x o
t z v z o p e n g
n z v z k i l r
n z v z - z v z b z n g
n a v z k r
n z v z p x b z n g
n z v z
n z m n c l z b z
t q v z p e m g r
t q v z t r - m o p w z k r
t z m n c - n g r d r
n z l z t i n g
n z m c t x p w z
t q v z t r - m o p w z k r
m w x l r - n g r g r
t z m w i p e n g
t z v z p e - k a i n g
n z v z p x n g
t r n z k q l u - k r p e p w q g r u
n z p n a n g
n a l i
n a m r l z
n z v z - k r m
t q n g r l r p x p e k r
t z r l x t i m l r
t z n g r l r k i o p e l r
n a p i l v z t i
d w a - r b r l z - n g r m q g r
m n c - e p e l z l e
n z w z t r n g
t z m c t x p w z
n a m c t r
n a m c l e
n z m c p e - k z p z
t q m c - a t e k r
t q e t u n e p x p e
t z p r p x p e n g
n z y a p w x - k r d r
n z y a g o x - k r d e
n a p i t r - m o u p o
n z a b r t z - z v z n g r
n z a t u p x - n g r m
n z r p i - a n i - k r m l e
t q n g r l r p e k r
n z p n z ' p e m
t q r p n a l z m
x l r k r l e
n z g l q o l r
n z w z - k r g r
t q m n c - n g r d e
n z v z - k r b z
n z w z - k r g r
k r l z l z b z k r
n z k r l z t r p z
n z k r l z t i
t r n a k r l z p q l e u
k r l z b z l e
n z r k a t x n g r
t q v z t r - m o p w z k r
t q v z t r - m o p w z k r
r b l x t x p e l e
t q r b l x t x p e
p i b z l e
t q v z t r - m o p w z k r
n z t u - z v z - k r d e
t q m n c - l x b l r p e k r
n z y r l q
n a p i t r - m o u p o
t q v z t r - m o p w z k r
t q v z t r - m o p w z k r
t q m n c p e k r
m r l z p e
n z r p i - a n i - k r m l e
y c m n e p e
t z y c m n e t r p e - n g r d r
l o l v z o a m u
t q r k a l z p e m g r
t r n z p i - k r p o ' u
t a p l x s r g r
k c m a
m z l i   k c
t q o l v x t i p e l e
t q v z m i t r p e l e n g
t q v z m i t r p e l e n g
t q v z m i t r p e l e n g
t q v z m i t r p e l e n g
n z v z m q n g
n z y a p w x - k r d r
n z w z - z l w z - k r g r
t q v z m i t r p e b z l e
t q v z m i t r p e l e n g
t z m a i l z l r
t q v z - n q b l q n e n e
t q v z - n q b l q n e n e
e t u n e p x
t q v z - n q b l q n e n e
t q v z - n q b l q n e n e
t r l r p r k r u
t r n z p i - k r p o ' u
t q y r n i t x p e
n z p n a k i p x l r
n z n g i - k r d r
n a p i t x t r - m o p o
n a a g l q p e k r
n z g l q o l r
n z a r l a p x - k r d e
t q v z - n q b l q n e n e
n a p i t x t r - m o p o
t q v z m i t r p e b z l e
t q v z - n q b l q n e n e
y c - n r b a l q
n a - a d r v r - n g r b o
e s z ' t i
t q v z - n q b l q n e n e
t q p i p e b z l e
t q v z m i t r p e b z l e
t q p i p e b z l e
n z v z - z v z b z n g
n a p i t x t r - m o p o
n z m n c l z b z n g
o t i b z l e
t q o t i - a t e m
t q y a p w x t i p e m l e
t q v z m i t r p e b z l e
t q p i p e b z l e
l v c - a l z u p q
t q p n z ' l e
t q r p n a l z m
t q r p i - n g r n
t q w z t i p e l e
n z n g q t i t x p w z
n a n g q n a m u
m z k e '
t r n z p i - k r p o ' u
n z y r m q n g
t q v z m i t r p e b z l e
n z m u - k r g r
n a p i t x t r - m o p o
t q v z m i t r p e b z l e
n a p i t r - m o u p o
m n c - k a p q - n g r g r
t z y z l u p e - m o p w z n g
t q v z m i t r p e b z l e
t q p n z ' b q p e l e
t q w z t i p e l e
n z v z - z v z b z n g
n z v z - z v z b z n g
m n c - m i p e - a m u
t r n z p i - k r p o ' u
e t u t x
n z m w a n g r
r p i - m o u p q l e
n z y c m n e k r b z
m n c - e p e l z l e
t z y c m n e t r p e - n g r d r
n z y c m n e - k r m
n z o t i p e - k r m
n a l i
t r n z p i - k r p o ' u
n z v z k a i - k r g r
t r t e d e
t q d c - z l w z n g r
n z t u - z v z - k r d e
n z v z - z v z b z n g
n a y a p w x t i m l e
m c p z k r
n z m z n r - k r d r
n a n g r l r t r k i
m n c - m i p e - a m u
t q m n c - l x b l r p e k r
t q p n z ' b q p e l e
n z y c m n e - k r d e
n z p n z '
n z v z - z v z b z n g
t r t e d e
m r k c n g
m q n g r m
n z v z - z v z b z n g
t q b z p e
t r m c l e u
n a n g r l r t r k i
n a o b q - k a p q p x
t q m z n r p e
n i b r g r
m n c - e p e l z l e
m r l z p e
t q m r l z - n g r d e
n z a l v z t r n g
m c p o
n z r b o m k r
t r n z p i - k r p o ' u
n z y c m n e - k r d e
t q m n c - l x b l r p e k r
t z v z p e - k a i n g
n z w z - k r n g e
t q p i p e b z l e
n z m n c p e n g
n z v z - n g r m l r
t z r m c t i p e l r
t z v z p x p e b z n g
a l v z t r l e
t z v z p x p e b z n g
n z v z - n g r m l r
n z v z - n g r m l r
n z o t i p e - k r m
t q v z - n g r g r
n z m n c - k r d r
d w a l z m g r
n z a b r t z n g r
m n c l z - n g r m
r k a l z m g r
t z n g r l a p l x
t q v z t r - m o p w z k r
t q m c p e k r
t q p i p e b z l e
n z v z - k r b z k r
n z v z - n g r m l r
t z v z p x p e b z n g
t z r m c t i p e l r
n z v z - k r b z k r
n z r m c t i l r
t z v z p x p e b z n g
t z v z p x p e b z n g
d w a t r k r
k x b q g r n g
n z v z - k r b z k r
n z v z - k r b z k r
t q m n c - l x b l r p e k r
k x m r n a
n z v z - k r b z k r
t q o t i p e b z l e
n a v z m i b z l e
n z m c t x p w z
n a v z m i b z l e
t q t u n e p w z
t q t u p x m
m n c l z - n g r m
n z a b r t z n g r
a e l w a p x
r m c t i p e k r
k r l z m l e
t z r m c t i p e l r
d w a l z m g r
n z l v c p e n g
n e n g e n g
n z w z t r n g
n a v z m i b z l e
n z m c t x p w z
n a v z m i b z l e
n z v z - k r b z k r
n z v z - k r b z k r
r m c t i - n g r g r l e
n a v z m i b z l e
n z v z p x b z n g
n z r m c t i l r
n z w z k r
t q v z - n g r g r
n z m c t x p w z
n a v z m i b z l e
t q v z - n g r g r
t w z t r k r
k r l z p e b z k r
n z m c t x p w z
n z v z k a i - k r g r
t q v z - n g r g r
n a v z m i b z l e
n z v z k a i - k r g r
n z v z - k r n g e
n z v z n e p e l r
n z a b r t z l v z l r
n z y r l q b z
n z v z k a i - k r g r
n z v z - k r n g e
n z v z k a i - k r g r
n z m c t x p w z
t z r m c t i p e l r
n z v z - k r b z k r
n z v z k a i - k r g r
n z v z n e p e l r
n z k u k i n g
n z l v c n g
n z v z - k r n g e
t q r p i p e x
t q r p w x m z
y a g o x t x
n z r m c t i l r
n z v z - k r n g e
x l r b z l e
t z v z k i n e d r
n a v z m i b z l e
n z v z k a i - k r g r
t q r p i b z l e
n z v z k a i - k r g r
t q a s u l e
n z v z k a i - k r g r
t q v z - n q b l q n e n e
n z r m c t i l r
n z v z p x b z n g
v z t x
t q v z - n q b l q n e n e
n z r m c t i l r
n z m c t x p w z
d w a t r k r
n z v z n e p e l r
n a v z m i b z l e
n a v z m i b z l e
n a d w a p e k r
n a v z m i b z l e
t z v z o p e n g
t z v z o p e n g
t z v z n e p e n g
t z r k a l z p e m
n a p i t r - m o u p o
t u t i p x - n g r m
r m c t i p e k r
n z v z p x b z n g
n z r m c t i l r
n z a p r e s i n - n g r
n z w z k r
t q r p i b z l e
t z t a v e l r
t u t i p x - n g r m
n z v z k a i - k r g r
t q r p i b z l e
t q r p i b z l e
n z m c t x p w z
t q p n z ' p e l e
n z v z k a i - k r g r
t q v z p e b z
t z v z n e p e n g
t z v z o p e n g
n z t u n g r
n z v z p x b z n g
d w a l z m g r
t z v z n e p e n g
n z d w a o n g r
n z v z p x b z n g
n z v z p x b z n g
n z r l z n g
t q m c p e l e
k r l z m g r
n a v z m i b z l e
t z v z o p e n g
n z v z n e p e l r
t q m c p e l e
t q v z - n g r g r
t q r p i b z l e
n z v z n e p e l r
t z v z o p e n g
n z r m c t i l r
t z v z o p e n g
t z v z k i n e d r
n a y r k r t x
t z v z k i n e d r
m c p o
t z v z k i n e d r
t z v z k i n e d r
m c p o
t q v z p e b z
k i l z n e d e
t r v z n e - k a k r
t z v z k i n e d r
t z v z k i n e d r
t z v z k i n e d r
t r v z n e - k a k r
n z v z n e p e l r
a t u l z n g r
n z v z n e p e l r
t z v z k i n e d r
t q n g q p e l e
n a e s z ' m z n g
t q y r n i p e x
m n c l z - n g r m
n z r p i b z l r
a t u l z n g r
t q m r l z p e
t z v z - n g r
n z r p i b z l r
n z m c t x p w z
t z v z - n g r
n a v z - k a i k r
t z v z - n g r
t z v z - n g r
n z t u n g r
n z v z k i o l r
t r v z n e - k a k r
t z v z - n g r
n z d w a o n g r
t q v z p e m g r
a b r t z l v z k r
n z n g i k r
v z t x
t z v z - n g r
n z r l a l z - k r g r
t w z t x p o
t q m n c
n z v z - k r b o
n z l v c k r
t q r p i p e x
n z v z - k r b o
t q m c p e k r
t q v z p e m g r
t z k r l z p e
t q r p i p e x
t q r p i p e x
n z p i l z l r
t q v z t r - m o p w z k r
r p i o b z l e
t q m c p e l e
t q p i b z k r
n a p i b z k u
t q p i b z k r
n z v z - k r d r
t q r m c t i p e k r
n a m n c t x p o
n z v z k i l r
v z t r l e
n z t u n g r
m n c l z - n g r m
n z a l v z t r l r
t q r p i p e x
t q v z p e b z
n z v z p e n g
n z v z p x n g
n z l v c n g
d w a t r k r
v z m
m c t r k r
m c l z k r
n z v z b z n g
n z a b z o l r
v o m l e
r m c t i p e k r
t z v z - n g r
r p i o b z l e
r g l q p x k r
m n c t i k r
n z v z k i o l r
t q p i b z k r
n z v z p x n g
v z t r l e
t q r p i p e x
n z v z b z n g
n z v z b z n g
n z v z k i o l r
v z p x b z k r
v z p x b z k r
t q v z p e x
n z v z k i o l r
v z p x b z k r
n z v z b z n g
n z r p i b z
t q p i b o
o b q b z k r
t q d c
r k a l z m
y z l u m l e
v z t r l e
t u p x m
m c l z k r
t z r m c t i p e l r
v z t r l e
t q v z p e - k z x
t q m c p e l e
m c l x n g
m c l x n g
v o m l e
n z v z - k r b o
n z m n c k r
o l i q l z k r
t u p x m
n z v z b z n g
v z p x b z k r
t q v z p e b z
t q v z p e b z
t q m c p e l e
n z r p i b z
m n c p e x
t q v z p e - k z x
n z m c k r
t z r m c t i p e l r
n z r p i l r
t q m n c
n z r p i b z
m c l x n g
m n c p e x
n z r m c t i l r
k c m a n g
n z m c t r
m c p o
t u l z m c
v o m l e
t q m c p e l e
n z r p i b z
m c t r k r
o t i l e
v z m i o l e
n z r p i l r
t q v z b o
m n c p e x
m c p o
v z t r l e
t q m e i p x
m n c p e x
v z m i o l e
v z m i o l e
y r n i t x
t q p i m e
n z m c k r
v z - z v z x
v z k i m l e
t z v z o p e n g
m w i t x
v z k i m l e
m c t r k r
v z t r n g r
t z v z - n g r
n z m c k r
t u n e p w z
t q p i m e
t u p x m
m c t r k r
n z m c k r
v z - z v z x
m c l x
r m c t i l e
v z t r n g r
v z p e m
t z a y o t i
v z t r n g r
v z t r n g r
v z - z v z x
v z - z v z x
v z t r n g r
l x l v r k i m l e
m c l x n g
v z p e m
t u p x m
n a k a b z
m c l z k r
k x t o p w z
k x y r l z
v z - z v z x
v z t r l e
v z t r n g r
v z - z v z x
m c t x m
t q p i m e
r p i l e
t u p x m
v z t r n g r
v z m i o l e
t q p i m e
v z m i o l e
t q t u l z
m c l x n g
n z m c k r
m w i t x
r p i l e
n a v z b z
t q n g i
t q r p n a - n g r m
t q v z p x p e
t q r p n a - n g r m
m c l x
t q y a p w x t i p e m l e
n a v z b z
t q v z b o
n z v z k i l r
v z p e m
t q m e i p x
v z p e m
v z p e m
v z p e m
n z v z k i l r
v z - z v z x
n z p i l z l r
t q r p i - n g r n
n z a l v z t r n g r
t q y a p x p e k r
v z p e m
m c t x m
v z p e m
n z k r l z m l r
n a r l z
n z m n c p e n g
n z v z p e - k r d r
n z v z p e - k r d r
n z v z p e - k r d r
v z m i m q
l v c - a l z u p q
v z p e m
t z l v c m l r
t q v z b o
n z v z p e - k r d r
n z p w x n g
n z v z p e - k r d r
t q v z p e x
n z v z p e - k r d r
n z v z p e - k r d r
n z v z p e - k r d r
m c l x
t q v z b o
t q m n c - l x b l r p e k r
t q v z b o
m w i t x
m c l x
t q v z - n g r g r
t r s u k a
t q b r l x - k z p e
t q v z p e x
t q m r b r
m c l x
t q v z p e k r
n z v z p e - k r d r
t q v z p e m g r
t q a o k z
m c l x
v z m i m q
t q r m c t i p e k r
n a r l z
t q y a p x p e b z
t q p i p e m
v z m i m q
v z m i m q
t q v z p e - k z x
n z v z - k z n g
n z v z - k r m
v z p e m
n z v z - k z n g
m c l x
t q m n c
r m c t i p e k r
v z k i m l e
t q v z p e m
t q v z p e - k z x
t q v z p e m
n z r p i m l r
n z o - k r m
r m c t i l e
t q a s u p e
t q v z p e - k z x
t q v z p e m
t q p i b z k r
t q v z p e m
n z r p i m l r
n z r p i m l r
t q v z p e m
t q p i p e m
n z m c t r
t q r p i p e x
n z v z p e n g
n z v z p x n g
n z v z p x n g
n z v z p e n g
n z v z - k z n g
n z v z - k z n g
n z v z p x n g
n z v z p e n g
n z v z p e n g
t q v z p x p e
t q v z p e x
n z v z p e n g
n z v z p x n g
t q v z p e - k z x
t q v z p x p e
t q v z p x p e
t q v z p e x
t q v z p e - k z x
n z r p i l r
t q t w z p e
t q v z p e x
t q v z p e m
t q v z p e m
m c l x
t q v e a p e
t z v z p e
t q p i p e m
t q v z p e m
t q o b q t r p e
t q p i b z k r
n z v z p x n g
m c l x
t q v z p e x
n z v z - k r m
n z r p i m l r
n z r p i b z
t q v z p e
v z b z
t z v z p e
n z v z p x n g
t z v z p e
n z v z - k r m
t q v z p e
n z v z - k r m
t q v z p x p e
t q v z p e m
t q v z p x p e
t q v z p e m
n a v z n g
t q p i p e m
n a v z n g
t z v z p e
t z v z p e
t q p i b z
n z r p i l r
n a v z n g
n a v z n g
t q v z p e
t q p i b z
n a v z n g
n a v z n g
t z v z p e
w z t r p o
m c p x m
t q m c p e
t q p i b z
t q v z p e
t q p i b z
n z v z - k r m
n z m c p x
t q p i b z
t q m c p e x
t q p i b z
t q m c p e x
n z r p i m
t z v z p e
t q v z p e
t q v z p e
n z m c k r
n a v z b z
n a v z b z
t q m c p e x
n z v z - k r m
t z v z p e
t q m c p e x
m c t x m
n a v z b z
n z m c p x
n a v z n g
n a v z n g
n z m c p x
n z v z - k r m
n z v z - k r m
m c p x m
n z m c p x
n z m c p x
m c t x m
v z x
v z x
v z x
m c p x m
m c t x m
r p i - m o p w z
n z v z
n z v z
n z v z
n z v z
n a v z n g
n z v z
v z x
v z t x
v z x
n a v z n g
n z v z
n z v z
n z v z
n z v z
n z v z
v z t x
v z t x
v z t x
n z v z - k r m
v z x
