t q v z m i t r p e b z l e
n z d w a o n g r
t r n z m n e t i u
n z v z
n z n g i k r
t q y r n i p e x
t q m n c
v z t x
n z v z - k r b z k r
v z t r n g r
n z v z p e n g
n z m c - k r d e
n z m n c p e n g
t z y c m n e - n g r p e m l r
t z m n c - n g r d r
t q t r k a p e m
t q t u n e p w z
n z v z k i l r
v z m i m q
t q v z p e x
o m i t x p x b z l e
k x y r l z
t r - r m n q u
t q v z m i t r p e l e n g
t q p i b z
n z m c p x
t r n z y a g o x - k r g r u
t z m n c t x - a l o p e n g
n z l v c p e n g
t q a m r l z
t q v z t r - m o p w z k r
t q w z t i p e l e
v z p e m
n z y c m n e - k r m
n c t e
m n c l z - n g r m
p i b z l e
n z v z p x b z n g
y c m n e p e
t r o p i l v z u
t q v z p x p e
t q v z p e
t q v z b o
n z p r p x n g r
n z m u - k r d r
t q p i p e m
t q m n c
t q r p i b z l e
l o p x i l e
t z r m c t i p e l r
t q v z m i t r p e l e n g
n z v z - k r b z k r
t q a m a - a t e k r
n z v z p e n g
t q y a p w x t i p e m l e
n z y c m n e - k r b o
t q y a p x p e b z
t q p i p e m
t q m c p e k r
t q v z p e m
r g l q p x k r
t q v z - n g r g r
t z v z p e
n a v z b z
n z y r b q - k z n g
n z m n c l z b z
v z - z v z x
n z v z p x b z n g
v z t r l e
m w a k r
t q t u n e p w z
n z v z p e - k r d r
n z v z p x b z n g
t q v z p x p e
t q y r k r k i p x l e
t q t u l z
r t a n g r t i b z
v z t r l e
m w i t x
t z v z n e p e n g
n a l i
v z m i m q
n a v z m i b z l e
v z p x b z k r
n a p i b z k u
n a e s z ' m z n g
t q v z p e - k z x
t q m c p e k r
t r v z n e - k a k r
t r n z m n e t i u
n a m n c - n g r g r
n z r p i l r
n z v z p x n g
t q r p i p e x
n z r p n a k i p x n g r
n z v z
n z w z - z l w z - k r g r
a l w z n q l e
v z m i m q
t q m n c - l x b l r p e k r
n z r t a n g r t i - k r g r
n z k q o - k r m
y r l q b z k r
t q r m c t i p e k r
t z m r g e n g
v z - z v z x
t u l z m c
n e m
n z w z - k r g r
t z v z - n g r
n z v z - n g r m l r
n z r m c t i l r
n z v z - z v z b z n g
n z r t w z - k r m l r
y r b q o a m u
r m c t i p e k r
n a v z m i b z l e
t q x l r p e k r
t z r t w z t i p e - k z n g
t q r p i b z l e
t q m n c - l x b l r p e k r
y z l u m c
m c l x
n z v z - k r b o
m c t r k r
n a v z m i b z l e
d w a l z m g r
v z t r l e
n z o - k r d e
v z t r n g r
n a r t a n g r t i k r
t q t w z o p e
t z v z o p e n g
t q v z - n q b l q n e n e
t q r p n a p e - n g r m l e
t q m c p e l e
v z - z v z x
t z r l x t i m l r
t q v z t r - m o p w z k r
t q n g y a p e
t r m c l e u
v z m i o l e
v z p e m
t q v z - n q b l q n e n e
t q a m z l r p i p e l e
n z w a i n e - n g r b z l r
m c p x m
a t u l z n g r
n z v z k i o l r
v z - z v z x
t z v z p e
r k a l z m q g r
n z v z b z n g
t q v z p e b z
t z v z - n g r
n z v z n e p e l r
t z l v c - a t e n g
v z m i m q
t z v z p x p e b z n g
t q t w z p e
n z w z t i - k r b z l e
n z y a l z - k r g r
t z m r g e n g
n a m n c n e - n g r g r
y r l q t x t r k r
n a v z n g
n z r b o m k r
n e d r
t z v z p x p e b z n g
d w a l z m g r
n z v z p e - k r d r
k r a p w x
t r n z k q l u - k r p e p w q g r u
t q n g i
n z v z k i o l r
t q r k a l z p e - n g r m q g r
n z v z o - k r d r
n a b z d r
n e d e
v z m i o l e
n z l v c - k r m l r
n z k r l z m l r
t r v z n e - k a k r
t q v z b o
n a k a t x b z l e
n a v z k r
r m c t i - n g r g r l e
v z p x b z k r
n a r l z
t q v z p e b z
r g l q k r
t q v z m i t r p e b z l e
v z p x b z k r
n z v z n e p e l r
n a p i b z k u
v z m i o l e
n z v z - k r b z k r
m n c k r
n z l v c n e n g
n z p i l z l r
r y z k r
n z v z p x b z n g
n z v z n e p e l r
y a n e - z v z k r
l a p e
n z v z - k r m
n e g r
t r s u k a
m c t r k r
t q v z p e - k z x
m c l x
t u t x l z m
d a p u d e
b z p e k r
t q v z p e x
n z y a p w x - k r d r
n z v z k i o l r
t z m w i p e n g
n a y a g o x n g
t q m c p e l e
y r k r t x o
n z a b r t z l v z l r
w a i p n z ' l e
t q k r l z - a t e b z k r
n z t q n g
n g r g u
t z p x i b e n g
n z m c k r
d r t w r d r
t q v z p e m g r
n z v z - z v z b z n g
t z y c m n e - n g r p e m l r
m c l x n g
n z v z - k r b o
m r l x m q
t r v z n e - k a k r
t q v z b o
t q v z - n g r g r
t z r m c t i p e l r
n a v z b z k r
t q v o t x - n g r p w z
t q v z p e m
w z t r p o
n z p w x n g
m c p x m
v z - z v z x
n z v z n e p e l r
r d r n g
m n c p e x
m n c - m i p e - a m u
n z r m c t i l r
t z v z - n g r
t z v z o p e n g
t q m r l z
n z v z k i o l r
n z v z k i o l r
n z v z k i o l r
n e d r n g
k r l z m g r
n z v z k i o l r
t z r y z k r n g
n z m c t x p w z
t q v z p x p e
n z w z t r n g
n z v z b z n g
n z t a v e t r
t q o t i m l e
t q v z p x p e
t z v z - n g r
t q v z p x p e
n z a b r t z k r
v z m i m q
n z v z k i o l r
t z y a p x p e n g
t z v z n e p e n g
t q v z p x p e
t q v z p x p e
t q v z p x p e
t z v z o p e n g
n z m n c p e n g
n z v z k i o l r
t q t u n e p w z
v z m i m q
t q r p i b z l e
t q v z p x p e
t q r p i b z l e
r m c t i p e k r
n z v z - k r n g e
n z v z k i o l r
n z v z - k r n g e
n z v z - k z n g
t q v z p x p e
t q v z p x p e
n z v z - k r n g e
n z v z k i o l r
t z v z - n g r
t q v z p x p e
n z v z - k z n g
n z m n c p e n g
t q r p i b z l e
t q r p i b z l e
t z v z - n g r
n z v z - k z n g
n z r m c t i l r
t z v z o p e n g
t q t u n e p w z
n z v z - k z n g
t z v z o p e n g
t z v z n e p e n g
n z v z - k z n g
t z v z o p e n g
t z m w x l r n g
n z r p i b z l r
n z v z k i o l r
n z v z - k r n g e
n z v z - k r n g e
n z v z - k r n g e
n z m w a n g r
n z v z - k z n g
n z r m c t i l r
t q o t i m l e
d w a l z m g r
n z r m c t i l r
t z v z o p e n g
n z v z - k z n g
n z v z k i o l r
n z v z - k r n g e
t z v z o p e n g
n z r p i b z l r
n z v z - k r b o
t q o t i - a t e m
n z v z - k r b o
n z v z - k r n g e
n z v z - k r b o
n z v z - k z n g
n z m n c l z b z
n z v z - k z n g
n z v z - k r b o
n z v z - k r b o
n z v z - k z n g
n z v z - k r b o
n z v z - k z n g
n z v z - k r n g e
n z v z - k r b o
r m c t i p e k r
n a d w a p e k r
n z v z - k z n g
t z v z n e p e n g
n z m n c l z b z
n z v z - k r b o
n z v z - k r b o
n z v z - k r b o
n z v z - k z n g
n z v z - k r b o
t z v z n e p e n g
n z k r l z m l r
t z v z n e p e n g
n z v z - k z n g
t z v z o p e n g
n z v z - k z n g
n z v z - k z n g
r m c t i p e k r
n z v z p x b z n g
r m c t i p e k r
n z v z - k z n g
t z v z n e p e n g
n z a b r t z n g r
t q m w i t x p e
n z v z - k r n g e
t q m w i t x p e
r m c t i p e k r
t z v z n e p e n g
t q o t i m l e
n z v z n g r
r m c t i p e k r
n z w z t r n g
n z r p i b z l r
n z a b r t z k r
t z v z o p e n g
n z r p i b z l r
n a v z m i b z l e
t q v z - n g r m
n z v z - k z n g
t q a e n z l i k r
n z v z k i o l r
t z v z o p e n g
n z v z k i o l r
n a v z m i b z l e
t z v z o p e n g
n a v z m i b z l e
n a v z m i b z l e
n a v z m i b z l e
n z v z k i o l r
n a v z m i b z l e
n a v z m i b z l e
n a v z m i b z l e
t q m w i t x p e
n a v z m i b z l e
n a v z m i b z l e
r m c t i p e k r
n a v z m i b z l e
n a v z m i b z l e
t z t a v e l r
t z v z - n g r
n a v z m i b z l e
n a v z m i b z l e
n a v z m i b z l e
n a v z m i b z l e
n a v z m i b z l e
n z v z k i o l r
n a v z m i b z l e
n z v z k i o l r
t q p i p e b z l e
n a v z m i b z l e
n z v z n e p e l r
n a v z m i b z l e
n z v z - k z n g
n z v z n e p e l r
n z v z k i o l r
t r k r l z w x u
t q p i p e b z l e
n z v z - z v z b z n g
n z g l q o l r
n z v z - z v z b z n g
d r t q n g e
r p i - m o u p q l e
k r l z p e b z k r
n z v z - z v z b z n g
n z v z n e p e l r
n z r p i b z l r
t z v z - n g r
n z v z n e p e l r
n z v z - n g r m l r
y r k r p x b z l e
n z m w i n g r
t z v z - n g r
n z v z - k z n g
n z v z - z v z b z n g
t z s i k l u n g
n z v z n e p e l r
n z v z p x b z n g
t z v z - n g r
n z v z n e p e l r
n a v z m i b z l e
t r s u k a
n z r p i b z l r
t z v z - n g r
n z v z p x b z n g
n z v z p x b z n g
n z v z n e p e l r
n z v z p x b z n g
n z v z n e p e l r
t r v z n e - k a k r
t z r m c t i p e l r
n z v z - k r b z k r
n z v z p x b z n g
t q t u n e p w z
n z v z p x b z n g
n z n g i - k r d r
n z v z p x b z n g
n z v z - k z n g
n z v z p x b z n g
n z v z p x b z n g
n z v z - k r b z k r
n z v z p x b z n g
t z r m c t i p e l r
n z v z n e p e l r
n z v z n e p e l r
n a v z m i b z l e
t z v z p e - k a i n g
n z v z p x b z n g
n z v z p x b z n g
t z v z k i n e d r
n z v z p x b z n g
t z v z p e - k a i n g
t z v z n e p e n g
t z v z p x p e b z n g
n z v z - k r b z k r
t z v z n e p e n g
r p i - m o u p q l e
n z v z p x b z n g
n z v z - k r b z k r
t q p i p e b z l e
n g r l r m i m l e
n z m n c l z b z n g
t q y r n i t x p e
n z o b q p x b z
t z v z n e p e n g
n z v z k i o l r
n z y c m n e - k r m
n z v z - k r b z k r
t z v z k i n e d r
n z v z n e p e l r
n z v z - k r b z k r
n z g l q o l r
n z v z - k r b z k r
t z v z k i n e d r
n z v z - k r b z k r
n z v z - k r b z k r
t q r p n a - n g r m
n z v z n e p e l r
t z v z k i n e d r
t z v z k i n e d r
t z v z k i n e d r
t z v z n e p e n g
n z v z - k r b z k r
t z v z k i n e d r
a s u m i p e b o
t r t q w z p e u
t z v z k i n e d r
n z y c m n e - k r m
n z v z n e p e l r
n z v z n e p e l r
t r v z n e - k a k r
t z v z k i n e d r
n z v z - k r b z k r
t z v z p x p e b z n g
t z v z k i n e d r
t r t q w z p e u
t z v z p x p e b z n g
t z v z n e p e n g
t z v z k i n e d r
n z v z - k r b z k r
n z v z - k r b z k r
t r t q w z p e u
t z v z k i n e d r
n a y a p w x t i b o
t z v z p x p e b z n g
n z v z n e p e l r
t z v z k i n e d r
t z v z k i n e d r
t z v z n e p e n g
n z v z - k r b z k r
n z y c m n e - k r m
n z v z n e p e l r
t z v z k i n e d r
t z v z k i n e d r
t z v z k i n e d r
n z m n c l z b z n g
t z v z k i n e d r
t z v z n e p e n g
n z v z - n g r m l r
n z v z - k r b z k r
t z v z n e p e n g
t z v z p x p e b z n g
n z v z n e p e l r
n z v z p e - k r d r
t z v z n e p e n g
t z v z k i n e d r
n z v z - n g r m l r
n z v z - k r b z k r
n z v z p e - k r d r
t z v z p x p e b z n g
t z v z n e p e n g
t z v z p x p e b z n g
n z v z - n g r m l r
n z v z - n g r m l r
m n c - e p e l z l e
n z v z - k r b z k r
n z v z - n g r m l r
t z m w i - n g r d r
n z v z - k r b z k r
n z v z p e - k r d r
n z v z - n g r m l r
n z v z n e p e l r
n z v z - n g r m l r
n z v z - n g r m l r
t z v z p x p e b z n g
n z r p i l z - k r d r
n z v z - k r b z k r
t q v z - n g r g r
m n c l z - n g r m
n z v z - n g r m l r
n z v z - n g r m l r
t z v z n e p e n g
t z v z p x p e b z n g
t q v z - n g r g r
n z v z - n g r m l r
n z v z - n g r m l r
n z v z - n g r m l r
t z v z p x p e b z n g
n z v z - n g r m l r
n z v z - n g r m l r
t z v z n e p e n g
t z r m c t i p e l r
t z v z p x p e b z n g
n z v z - n g r m l r
n z v z - n g r m l r
t q m n c - n g r d e
n a m n c t x p o
t q m n c - n g r d e
t r v z n e - k a k r
n z v z - n g r m l r
t z m n c - n g r d r
t q m n c - n g r d e
t q m n c - n g r d e
t q v z - n g r g r
n z v z - k r b z k r
t q v z - n g r g r
t u t i p x - n g r m
t q m n c - n g r d e
w x b u p x - n g r m
t z v z p x p e b z n g
t z m n c - n g r d r
n z v z - n g r m l r
t z v z p x p e b z n g
n z v z n e p e l r
t q v z - n g r g r
t z v z n e p e n g
t q a y r n i p e
m n c l z - n g r m
t z v z - n g r
n z v z - k r b z k r
n z v z - k r b z k r
m n c l z - n g r m
n z v z - z v z b z n g
n z v z - z v z b z n g
t z m n c - n g r d r
t q v z - n g r g r
n a m n c t x p o
n g r l r m i m l e
t z m n c - n g r d r
t z v z p e - k a i n g
t q n g r l r l z p e
n z v z - z v z b z n g
t q v z - n g r g r
t q v z - n g r g r
t q v z - n g r g r
t q v z - n g r g r
t q v z - n g r g r
t q v z - n g r g r
n a y a p w x t i m l e
m n c - e p e l z l e
n z v z - z v z b z n g
t z v z n e p e n g
n z v z n e p e l r
t z v z p e - k a i n g
n z v z - z v z b z n g
m n c l v z r n g r
t q v z - n g r g r
n z m n c l z b z n g
t q v z - n g r g r
n z v z - z v z b z n g
n z v z - z v z b z n g
t q v z - n g r g r
t q v z - n g r g r
m n c l z - n g r m
t z m n c - n g r d r
n z v z - z v z b z n g
t q v z - n g r g r
m n c l z - n g r m
t q v z - n g r g r
t q n g r l r p x p e m
n z m n c l z b z n g
m n c l v z r n g r
t z v z p x p e b z n g
t q y a g o x p e
t q v z p e m g r
n z v z - z v z b z n g
t z v z n e p e n g
n z v z - z v z b z n g
n z r k a t x n g r
m n c l v z r n g r
t q v z - n g r g r
n z v z - z v z b z n g
t r v z n e - k a k r
m n c - e p e l z l e
t q r p n a - n g r m
t z v z n e p e n g
t q v z - n g r g r
m n c l v z r n g r
n z v z - k r n g e
n z v z - k r n g e
t q v z p e m g r
t r v z n e - k a k r
t z v z p x p e b z n g
t q v z p e m g r
t q v z - n g r g r
n z m n c l z b z n g
t z v z p x p e b z n g
t z v z n e p e n g
t q w a i p e x
t z v z p x p e b z n g
n z m n c l z b z n g
t q v z p e m g r
t z m w i - n g r d r
t u t i p x - n g r m
t q v z p e m g r
t z v z n e p e n g
t z v z p x p e b z n g
t z v z p x p e b z n g
t q v z p e m g r
n z v z - z v z b z n g
t q v z p e m g r
n z v z - k r n g e
t q n g r l r l z p e
n z o t i p e - k r m
t z m w i - n g r d r
t z v z p e - k a i n g
n z v z - k r n g e
t z v z p e - k a i n g
t q v z p e m g r
n z v z p e - k r d r
n z v z p e - k r d r
n z v z p e - k r d r
n z v z - k r n g e
n z v z - k r n g e
n z v z p e - k r d r
n z v z - k r n g e
t q m w i - n g r g r
n a m n c t x p o
t z r m c t i p e l r
n z r n i b q n g r
n z v z p e - k r d r
n z v z p e - k r d r
n z y c m n e - k r d e
n z v z p e - k r d r
t q o t i p e b z l e
t q m w i - n g r g r
n z v z p e - k r d r
n z y c m n e - k r d e
t q v z p e m g r
t q m r l z - n g r d e
n z v z p e - k r d r
n z v z - k r n g e
n z v z p e - k r d r
n z v z p e - k r d r
n z v z - k r n g e
n z v z p e - k r d r
t q v z p e m g r
n z v z - k r n g e
n z v z p e - k r d r
t q v z p e m g r
n a p i t r - m o u p o
t z v z p e - k a i n g
t q v z p e m g r
t q t r k a p e m
n z a b r t z n g r
n z v z p e - k r d r
t q m w i - n g r g r
t q v z p e m g r
n a m n c t x p o
n z v z p e - k r d r
n a v z m i b z l e
t z v z p e - k a i n g
t q v z p e m g r
t z v z p e - k a i n g
t q t w z o p e
t q v z p e m g r
n z v z - k r n g e
m n c l v z r n g r
t q v z p e m g r
t q o t i - a t e m
t q v z p e m g r
n a m n c t x p o
t z v z p e - k a i n g
t r v z n e - k a k r
a t u l z n g r
t q w z t i p e l e
t z r t w z - k z n g
t z v z p e - k a i n g
t q p i p e b z l e
n z d w a t r - k r d e
t q n g r l r p e k r
n e m u n g
n a p i t r - m o u p o
t q v z p e m g r
t q w z t i p e l e
n z w z - k r n g e
n a y c t i p x m
t r v z n e - k a k r
t q y r k r p e n g r
n a m n c - k a p q n g r
t z v z p e - k a i n g
n z p r p x - k r d r
n z d w a t r - k r d e
t z m n c t x - a l o p e n g
t r v z n e - k a k r
t q v o t i t r p e m l e
t r v z n e - k a k r
n z w z - k r n g e
t z m n c t x - a l o p e n g
t z m n c t x - a l o p e n g
n a l x n g i t i k u
t r v z n e - k a k r
t q m c p e
n z g l q o l r
n a m n c t x p o
n z y c m n e - k r d e
n z y c m n e - k r d e
t z m n c t x - a l o p e n g
t z v z p e - k a i n g
d w a t x t r x
n a p i t r - m o u p o
y a p x - z v z k r
t q v o t i t r p e m l e
t z m n c t x - a l o p e n g
t r v z n e - k a k r
n a m n c - k a p q n g r
n a m n c - k a p q n g r
n z p r p x - k r d r
n z m n c - k r n g e
t z m n c t x - a l o p e n g
t q v z - n q b l q n e n e
t q r p i - n g r n
t q n g r l r l z p e
t r v z n e - k a k r
n z p n a k i p x l r
n a m n c t x p o
t r v z n e - k a k r
r k a t r p q
t z v z p e - k a i n g
t q v z - n q b l q n e n e
t q v z - n q b l q n e n e
t q v z - n q b l q n e n e
t q v z - n q b l q n e n e
n z l v c p e - k r d r
t q v z - n q b l q n e n e
n z a l v z t r n g
k x t r k a
n z e t u p e - k r n g e
t q v z - n q b l q n e n e
t q v z m i t r p e b z l e
n a m n c - k a p q n g r
t q n g r l r p x p e k r
t q v z m i t r p e b z l e
t q m w x l r p e k r
n z v z k a i - k r g r
t r v z n e - k a k r
t q v z m i t r p e b z l e
t r v z n e - k a k r
t q v z - n q b l q n e n e
t q o l v x t i - a t e l e
t q m u - n g r g r
t q v z m i t r p e b z l e
a l v z t r l e
t q v z - n q b l q n e n e
t r v z n e - k a k r
t q v z - n q b l q n e n e
t q v z - n q b l q n e n e
n a m n c n e - n g r g r
t q v z - n q b l q n e n e
n z v z k a i - k r g r
n z v z k a i - k r g r
t q v z m i t r p e b z l e
n a m n c n e - n g r g r
t z m n c t x - a l o p e n g
n z k a l z m l r
n z m n c l z b z n g
t q v z - n q b l q n e n e
t q v z m i t r p e b z l e
t q v z - n q b l q n e n e
t z v z p e - k a i n g
n z v z k a i - k r g r
t q v z m i t r p e b z l e
n z m n c l z b z n g
t q v z m i t r p e b z l e
t q v z m i t r p e b z l e
n z t u - z v z - k r d e
t q v z m i t r p e b z l e
n z a b r t z n g r
n z t u - z v z - k r d e
t q v z m i t r p e b z l e
t u t i p x - n g r m
n z v z k a i - k r g r
t q v z - n q b l q n e n e
n z b z - k r g r
n z v z k a i - k r g r
n a m n c n e - n g r g r
n a m n c n e - n g r g r
t q v z m i t r p e b z l e
y a p x - z v z k r
t q v z m i t r p e b z l e
n z v z k a i - k r g r
t q v z m i t r p e b z l e
n a m n c - k a p q n g r
n a p i t x t r - m o p o
n z v z k a i - k r g r
d w a t x t r x
n z w z t i - k r b z l e
n z v z k a i - k r g r
t q n g r l r p e k r
t q v z m i t r p e b z l e
e s z - k r d e
t z n g r l r k i o p e l r
n z v z t r n g
n z v z k a i - k r g r
n z l x n g i t i - k r g r
t q v z m i t r p e b z l e
n z y a g o x - k r d e
t q l x n g i t i - a t e x
n z v z k a i - k r g r
t z k r l z p e - a t e l r
n a k a t x b z l e
t q k r l z - a t e b z k r
n z p r p x - k r d r
n z m w i p e - k r n g e
t u t i p x - n g r m
a t u l z n g r
n z w z - k r n g e
t q v z m i t r p e b z l e
a e l w a p x - p n z
t r n z p i - k r p o ' u
r m c t i - n g r g r l e
n z w z t i - k r b z l e
t r n z p i - k r p o ' u
r m c t i - n g r g r l e
t q r l r p e - n g r m l e
n a m n c - k a p q n g r
r n g i - b a t r p q
n z p n a t i - k r b z m u
y r n i - e b i r p e n g
r y a p w x - z v z k r
a t u l z n g r
n z y c m n e - k r n g e
d w a t x t r x
t r n z p i - k r p o ' u
t r n z p i - k r p l e u
n z r p i - a n i - k r m l e
n z r p i - a n i - k r m l e
r m c t i - n g r g r l e
r m c t i - n g r g r l e
n z r p i - a n i - k r m l e
n z p i l z l r
t r n z p i - k r p o ' u
r m c t i - n g r g r l e
t q p i p e b z l e
y c - n r b a l q
t q v z m i t r p e l e n g
m n c - m i p e - a m u
m n c - m i p e - a m u
m n c - m i p e - a m u
n z r p i - a n i - k r m l e
m n c - m i p e - a m u
n z r p i - a n i - k r m l e
m n c - m i p e - a m u
r m c t i - n g r g r l e
t u t x l z m
n z r p i - a n i - k r m l e
y c - n r b a l q
a s u m i p e b o
m n c - m i p e - a m u
t q v z m i t r p e l e n g
t q v z m i t r p e l e n g
r m c t i - n g r g r l e
t q v z m i t r p e l e n g
n z r p i - a n i - k r m l e
t q v z m i t r p e l e n g
t q v z m i t r p e l e n g
b r n g e
t q a l v c - l z b q - n g r g r
t q v z m i t r p e l e n g
n z m u - k r g r
t z k r l z p e - a t e l r
y a n e - z v z k r
n z y a l z - k r g r
r m c t i - n g r g r l e
m n c - m i p e - a m u
t q v z m i t r p e l e n g
t r n z p i - k r p l e u
t q v z m i t r p e l e n g
n z r p i - a n i - k r m l e
r m c t i - n g r g r l e
t q v z m i t r p e l e n g
m r b r l z m
n z x l r - k r g r
a t u l z n g r
t q v z m i t r p e l e n g
t q v z m i t r p e l e n g
n z m n e t i
t q a m a o p e
t z a n g i o l r
n z a t u p x - n g r m
n z d w a t r - m o u - k r g r
a b r t z l v z k r
t q v z m i t r p e l e n g
t q v z m i t r p e l e n g
n z m u - k r g r
t q v z m i t r p e l e n g
t q v z m i t r p e l e n g
t u t i p x - n g r m
t q v z m i t r p e l e n g
n a l i
v e c l e
t q p i p e b z l e
m w x l r t x - z l w z k r
n z d w a o n g r
n z a n g i o - k r d r
t q v z p e - k z x
a b r t z l v z k r
d r k a ' n g
n z a l v z t r p l r
n z p c t i k r
n a k q t x o m
t z m n c n g r
n a p i p x - l z b q n g
t u t x l z m
n z m u - k r g r
x l r b z l e
n z m u - k r g r
