t q v z p e b z
t q v z p e x
n z v z - z v z b z n g
o t i b z
n z v z b z n g
y a p x - z v z k r
n z v z p e n g
r p i o b z l e
t r v z n e - k a k r
n z b r l c l v z n e p x - k z p q
n z r p i l z - k r d r
v z k i m l e
t z y a p x p e n g
n z m n c l z b z
t q v z p e b z
t z t a v e l r
t q r p i b z l e
t q n g r l r p e k r
n a v z m i b z l e
n z v z - k r b o
n z m n c - k r n g e
n z m n c p e n g
t q v z m i t r p e l e n g
y a g o x t x
t q v z m i t r p e l e n g
t z a k i - l z b q p e
a s u m i p e b o
n z y c m n e - k r d e
n z m n c l z b z
t z v z n e p e n g
t q r p i p e x
t u t x l z m
v z t x
t q v z p e - k z x
n a v z b z
n z v z - k z n g
n z d w a t r - m o u - k r g r
v z m i m q
k x l i
n z v z k a i - k r g r
e s z ' n e
t q a e n z l i k r
v z k i m l e
n z r l z n g
b z t i p e d e
x l r b o l e
m r l z p e
t q v z p e - k z x
t q v z p e m
t q v o t i t r p e m l e
t q v z p e b z
n z r p i - a n i - k r m l e
t z v z p x p e b z n g
t z v z k i n e d r
m c p o
t q t u p x m
t q v z p e m g r
v z t r n g r
t q v o t x - n g r p w z
t q v z p e m
a w i t x p e
d w a l z m g r
r m c t i - n g r g r l e
n z w z t i - k r b z l e
m n c l z - n g r m
t z v z p x p e b z n g
n z p i l z l r
n z v z p x n g
n z w z - k r g r
m z ~ n i b r d r
t z m w x l r n g
n e d r n g
t q v z - n g r g r
n a n g i t x p w z
t q v z p e
t q v z t r - m o p w z k r
n a v z n g
t z v z k i n e d r
t q y r k r p e
a t u l z n g r
n z v z b z n g
t q v z b o
t q t u p x m
t z v z p e - k a i n g
t q v z m i t r p e l e n g
n z v z - k r b z k r
r p i o b z l e
t z y r n i n e t r p e b z n g
n z r p i m
t q v z m i t r p e l e n g
x l r b z l e
n z m n c l z b z n g
t q y a g o x p e
n z m n c l z b z n g
t z r t w z t i n g
n z m c p x
t q v z p e - k z x
y r k r p x b z l e
r g l q k r
n z r m c t i l r
n z r p i m l r
t z a y o t i
n z m c t r
t z m n c t x - a l o p e n g
t r n z p i - k r p o ' u
v z m i o l e
v z t x
t u t x l z m
n z v z - k r b o
n z v z n e p e l r
t z t w z n e d r
t q v z t r - m o p w z k r
v o t r p z k r
n z v z k i o l r
l v c - a l z u p q
m n c l v z r n g r
n z r p i l r
n z v z p e n g
v z t r l e
n a v z b z
m n c - k u
n z m u - k r g r
n e m u n g
t z m n c - n g r d r
m c t x m
a p u l e
n z a y o n e p e - k r d r
d w a - r b r l z - n g r m q g r
t r t q w z p e u
n z a l v z t r n g r
m w x l r t x - z l w z k r
t q v z - n g r g r
t q l x n g i t i - a t e x
v z t r l e
m r k c n g
a c l v e l e
v z - n g r b z k r
t q d w a p l r k r n g
t z r m c t i p e l r
y r n i - e b i r p e n g
t q v z p e m g r
d w a s x p x - k z p q g r
t q v z p e m
v z k r
n z l x n g i t i - k r g r
n z r m c t i - k r d r
t u p x m
t q m c p e x
t q o t i p e b z l e
n z r m c t i l r
n z a n g i o - k r d r
a t u l z n g r
t z v z p e - k a i n g
n a m n c n e - n g r g r
n z v z p e n g
n z k a t x p x - k r b z l e
t q v z p e m
t q v z - n g r g r
n a v z n g
t q v z p e m g r
t q v z b o
n z m c t x p w z
t q m r l z
t u p x m
n a o k a t r p q l r
n z v z p x b z n g
r m n r - n g r b z
n a p i l v z t i
n z v z - k r m
t q y r k r p e n g r
n a v z n g
n a m n c n e - n g r g r
n z l v c p e - k r d r
v z t r n g r
t z v z n e p e n g
t q y r k e l v z q
n z v z b z n g
m n c - m i p e - a m u
t q m u k r
t q t u p x m
v z - z v z x
n z r l x t i - k r m l r
b r n g e
b z t x p n z '
t z v z p e - k a i n g
n z v z - z v z b z n g
y z l u m c
n z v z p x n g
t q y r k r t r - a t e m
m n c - m i p e - a m u
b o o n g r
t z v z o p e n g
v z k i m l e
p i b z l e
v z t r l e
m n c - e p e l z l e
t z v z k i n e d r
k r l z m g r
v z t x
t q a l v c - l z b q - n g r g r
d w a t x t r x
t q r p i p e x
m r b r l z m
v z t x
n z w a i n e - n g r b z l r
n z v z - k r m g r
t q v z p e b z
k x t r k a
n z v z p x b z n g
t z v z n e p e n g
n z m w i n g r
v o t r p z k r
n z y a l z - k r g r
n a v z m i b z l e
t u t i p x - n g r m
n z v z n e p e l r
e s z ' n e
m z ~ n i b r
t q m n c
t r n z p i - k r p l e u
v z x
t q v z - n q b l q n e n e
t z v z p e - k a i n g
n z n g i - k r d r
t q m c p e l e
v z m i o l e
m c t r k r
b r t i t x
r y a p w x - z v z k r
n z w z - k r g r
n z y c m n e k r b z
m c t r k r
t z v z k i n e d r
n z v z
n e d r
n z v z p x b z n g
n z a m z b l q p x - k r m c
n z v z n e p e l r
n a k q t x o m
n z t u - z v z - k r d e
t q v z p e
n a v z m i b z l e
v z m i o l e
v z p x b z k r
n z m c p x
n z r m c t i l r
a t u l z n g r
t q v z p e - k z x
n z t u n g r
t r n z p i - k r p o ' u
t z v z n e p e n g
t z v z n e p e n g
t q v z t r - m o p w z k r
t r b o i u
n z v z - k r n g e
n z m n c l z b z n g
r k a l z m g r
t q v z - n g r g r
t q v z - n g r g r
n z v z p e - k r d r
n z m n c l z b z n g
n z v z p x b z n g
n a k a t x b z l e
t q t u n e p w z
t q v z t r - m o p w z k r
t q v z - n g r g r
n z v z - k r b z k r
n g r l r m i m l e
n z v z p x b z n g
n a m n c t x p o
n z v z - k r n g e
t q v z - n g r g r
t q v z t r - m o p w z k r
e s z - k r d e
t r v z n e - k a k r
n z v z - k r b z k r
t z r m c t i p e l r
t q n g r l r l z p e
t r v z n e - k a k r
t q m c p e k r
n z m u - k r g r
t q v z p e x
t q n g r l r l z p e
n z v z - k r b z k r
n z v z - k r n g e
t z v z n e p e n g
n z v z - k r b z k r
t q r p n a - n g r m
n z v z - k r b z k r
n z v z - k r n g e
n z v z - k r n g e
t q r p n a - n g r m
n z k a l z m l r
n z r k a t x n g r
n z v z - k r b z k r
t q m n c - n g r d e
n a m n c t x p o
n z v z - k r b z k r
n z v z k a i - k r g r
n z v z - k r b z k r
n z v z - k r n g e
n z v z - k r n g e
n z v z - n g r m l r
n z v z - n g r m l r
n z v z - n g r m l r
t z r m c t i p e l r
n z o t i - k r m l e
n z w z - k r n g e
n z o t i p e - k r m
n z v z - n g r m l r
n z v z - k r n g e
n z v z - n g r m l r
n z v z - n g r m l r
n z v z - n g r m l r
n z v z - n g r m l r
t q v z t r - m o p w z k r
t q v z b z k r
t z v z p e - k a i n g
n z v z - n g r m l r
n z v z - k r n g e
n z a b r t z l v z l r
n a m n c t x p o
t r v z n e - k a k r
t q m c p e k r
n z v z - k r n g e
n z v z - k r n g e
n z r p i l z - k r d r
t z v z p x p e b z n g
n z v z - k r n g e
n z v z - k r n g e
t z p r p x n g r
t r t q w z p e u
t z v z p x p e b z n g
n z r n i b q n g r
t z v z p x p e b z n g
t q m w i - n g r g r
n a l i n g
t z v z p x p e b z n g
r p i - m o u p q l e
t z v z p x p e b z n g
k x b q n g
n z v z - n g r m l r
t q v z t r - m o p w z k r
n z a b r t z n g r
t q y a g o x p e
t z v z p x p e b z n g
t z v z p x p e b z n g
t q m n c - n g r d e
n z w z - k r n g e
r l a s z k r
t z m n c - n g r d r
n z w z - k r n g e
m n c - m i p e - a m u
t z v z p x p e b z n g
n z p r l x l r
n z w z - k r n g e
n z k a l z m l r
t z m u p e - n g r d r
t z r t w z - k z n g
t q m a l e l e
t q m w i - n g r g r
t r n z p i - k r p o ' u
a b r t z l v z k r
t z m u p e - n g r d r
n z p r p x - k r d r
d z b e d e
n z r p i l z n g r
t q v z t r - m o p w z k r
t q r m c t i p e k r
t q m c p e k r
x l r b z l e
t q v z t r - m o p w z k r
r m c t i p e k r
n a t q d e
n z a l v z t r n g
n z v z - k r n g e
t z m n c - n g r d r
t z v z p x p e b z n g
t q v z t r - m o p w z k r
n z v z - k r n g e
t q v z t r - m o p w z k r
w x b u p x - n g r m
n z w z - k r n g e
n a m n c n e - n g r g r
a t u l z n g r
n z v z - k r n g e
t q v z t r - m o p w z k r
n z v z - k r n g e
m n c - m i p e - a m u
v o t r p z k r
t q v o t x - n g r p w z
n z v z k a i - k r g r
n z b o m l r
n z k a l z m l r
t z m u p e - n g r d r
t q v z m i t r p e b z l e
n z v z - k r n g e
n a - a e n z l i m g r
n z y c m n e - k r d e
t q v z m i t r p e b z l e
x l r k r
t z m w i - n g r d r
n z v z - k r n g e
n z r p i b z
n a p i t x t r - m o p o
k x m r n a
n a m n c - k a p q n g r
n z b z - k r g r
v o t r p z k r
t r t a k i t r u
m q n g r m
p w r k i l v c - n g r g r
m n c - m i p e - a m u
t q y r p u t i p x p e
t q v z m i t r p e b z l e
t q v z m i t r p e b z l e
t q v z t r - m o p w z k r
t z m w i - n g r d r
r m c t i - n g r g r l e
t q v z m i t r p e b z l e
t q v z m i t r p e b z l e
t q m w x l r p e k r
t q v z t r - m o p w z k r
r m c t i - n g r g r l e
t q v z t r - m o p w z k r
t q r l r p e - n g r m l e
n z w z - z l w z - k r g r
t q o t i - a t e m
n z p r p x - k r d r
t q n g r l r l z p e
n z y r l q t r p z l r
t z m n c t x - a l o p e n g
n z y c m n e - k r d e
t q v z t r - m o p w z k r
t z r m c t i p e l r
t q w a i p e x
t q v z t r - m o p w z k r
y c p q t i p e k r
n a m n c - k a p q n g r
t q v z - n q b l q n e n e
r m c t i - n g r g r l e
r m c t i - n g r g r l e
t z m n c t x - a l o p e n g
t q v z t r - m o p w z k r
k c m a n g
k c m a
n z r n i b q n g r
n z m w a n g r
n z l z t i n g
n a m n c - k a p q n g r
n z d w a t r - k r d e
n z m a - n q b l q l r
t q m c p e b z k r
n z v z k a i - k r g r
t z m n c t x - a l o p e n g
r m c t i - n g r g r l e
n z p n a t i - k r b z m u
n a y a p w x t i b o
r m c t i - n g r g r l e
n a p i p x - l z b q n g
n i b r d e
r n g i - b a t r p q
t q m n c - l x b l r p e k r
n z d w a t r - k r d e
r m c t i - n g r g r l e
t q n g r l r p e k r
t q r p n a p e - n g r m l e
t z m w i - n g r d r
t q v z - n q b l q n e n e
n z w z - k r g r
r m c t i - n g r g r l e
n z m z l r p i - k r n g e
x l r m l e
n a m n c n e - n g r g r
n z o l v x t i - k r d e
t q m c t i p e k r
t q m c - a t e k r
r m c t i p e k r
n z m c p x b z l r
n z m c p e - k z p z
n z m c p x
n z m c - k r n g e l e
t r m c p e l e u
m c p z k r
m c p x m l e
t q m c t i a m u
t r n z m c p e l r u
n z m c o m l r
n z p w x n g
n z y c m n e - k r b z l r
t q p r t r p e b z k r
t z k r l z p e - a t e l r
n z l u t x p w z n g
n z d w a t r - k r d e
m n c - m i p e - a m u
t q m u - n g r g r
t z m n c t x - a l o p e n g
n z n g r l r t r n g
t q o p x p e - n g r d e
t z y c m n e - n g r p e m l r
n z p n a k i p x l r
k x t o p w z n e
k x n z t o p w z
n z e t u p e - k r n g e
t z m c p x p e b z l r
n z w z - k r n g e
r m c t i p e k r
t q v z - n q b l q n e n e
t q v z - n q b l q n e n e
n z p r p x - k r d r
t q r k a l z p e m g r
t r n z p i - k r p o ' u
t q v z - n q b l q n e n e
t q m n c - l x b l r p e k r
t q n g r l r p e k r
n z r p i b z
n a p i t x t r - m o p o
t q v z - n q b l q n e n e
t q v z - n q b l q n e n e
t q m n c - l x b l r p e k r
t q v z - n q b l q n e n e
t r y c m n e - k a k r
a w i t x - n g r b z k r
d r v r m i n e m l e
t u t i p x - n g r m
t q o t i - a t e m
n z r p i - a n i - k r m l e
t q m r t u - n g r d e
t u t i p x - n g r m
t r t e g r
t r t e d r
t r t e g r n g
t q v z - n q b l q n e n e
t z r m c t i p e l r
t q m n c p e k r
n z y c m n e - k r d e
t r n z p i - k r p l e u
n z y a p w x - k r g r
n z t w z - k r n g e
t q v z - n q b l q n e n e
t q v z - n q b l q n e n e
t q v z - n q b l q n e n e
a s a - n g r g r
t q o t i - a t e m
o t i b z
t q o t i p e m l e
n a k q t x o m
n z k q o - k r m
n z m c p x
r m c t i p e k r
t r n z p i - k r p o ' u
t q v z - n q b l q n e n e
t z r m c t i p e l r
m w i t x k r
y c m n e t r p z k r
t z y c m n e p e b z
t z y c m n e - n g r p e m
n z y c m n e - k r m
r m c t i p e k r
t q v z - n q b l q n e n e
t r t r k a - z l w z p w z u
n a y a p w x t i p x b o
y a p w x t i - z p w x m a m u
r y a p w x - z v z k r
n z r y a p w x - k r b o
t q v z - n q b l q n e n e
n a p i t x t r - m o p o
n z r p i b z
n a y a - p w z - t i p e x
n e m u n g
t z y a p x p e n g
t q v z - n q b l q n e n e
r d r n g
n g r d e
n g r d r
n g r g u
n z w z - k r n g e
t q o t i - a t e m
t z y c m n e - n g r p e m l r
x l r m l e
m n c - m i p e - a m u
t u t i p x - n g r m
t u t i p x - n g r m
t z p r p x p e n g
n c n q n g q
t r n z p i - k r p o ' u
t q v z - n q b l q n e n e
t u t i p x - n g r m
n z r p i b z
t q m w i - n g r n a m u
n z m w i p x m
t z m w i p x - n g r m
r m c t i p e k r
n z m c p x
n z w z t i - k r b z l e
n z l x n g i t i - k r d e
p i p x - l z b q
n z r p i l z n g r
n a y a p w x t i b o
k x t o p w z n e
r m c t i p e k r
m e i t x t a t x p x
t z r p i p e l r
n z a p u s r - k r d r
t z y c m n e t r p e - n g r d r
t z x l r o p e l r
t r n z p i - k r p o ' u
n a p i t r - m o u p o
n z m w x l r t i - l z b q n g
t r m w x l r k r u
n a t q n g e
n a l x n g i t i k u
n z m n e t i
d w a l z m g r
n a t r k a - z l w z l e
n a p i t x t r - m o p o
n z r p i b z
k z t e d r
t z k r l z p e - a t e l r
t q m r l z x
k x t r m r l z u
n a - a m r l z t r - n g r b z l r
k a l z m l e
n z m u - k r d r
n z b z - k r g r
n z r p n a - m o u p q n g
n z r p n a n e o p e - k r m l r
t r t z r p n a p e u
p n a t i b z k r
n z y r p u t i p x k r
t q v o t i t r p e m l e
n a p i t r - m o u p o
n a m a p u p e b z l e
m w i t x k r
t q w q p e
p l a m e i t x d e
t q m e i p x
n a a g l q p e k r
t r s u k a
t q a s u p e b z
t u t i p x - n g r m
y a p x - z v z k r
a e l w a p x - p n z
r m c t i p e k r
n z m c p x
d w a s x p x - k z p q g r
n z k q b l q p x - k r m c
t r m c w x u
n z p c t i k r
v o t r p z k r
n e n g e
n e g u n g
n e d r
n a k a b o
n i b r n g e
n a o b q - k a p q p x
n z m u - k r g r
t q w z t i p e l e
t r l r p r k r u
n z p r p x k r
l a p w z
t z o d u t r - l x b l r - m o u n g
n z y c m n e - k r m
n a p i t r - m o u p o
r m c t i p e k r
n a p i t x t r - m o p o
n z r p i b z
k x n z y a g o x n g
n z r t r n g r - n g r b z
n z d w a t r - m o u - k r g r
t q n g r l r p x p e k r
t q n g r l r p x p e m
p w x p w z
n z r p i b z
n a p i t x t r - m o p o
t q w z t i p e l e
k x t r k a
n z k a t x - k r d e
k x n a m u
n z a l v z t r p l r
k x n z a l v z t i n g
n z r p i l z - k r d r
t q m e i p x
p r t z t x b z k r
n z r p w ' a - k r d e
t q v o t x - n g r p w z
t q a s u p e b z
t r n z k q l u - k r p e p w q g r u
m n c l v z r n g r
m n c - e p e l z l e
k a o m a m u
m z ~ n i b r
n i b r g r
n g r l x o b z l e
n z m c p x
r m c t i p e k r
n a p i t x t r - m o p o
n z r p i b z
n a p i t x t r - m o p o
n z d w a t r - m o u - k r g r
n z d w a t r - k r g r
n z y a g o x - k r d e
m n r g r
m n r g r n g
m n r n g e
n z r p i b z
n a p i t x t r - m o p o
x l r k r l e
n z r m n q t x n g
n z t a v e t r l r
a s u m i p e b o
t q a s u p e b z
n z l c - a p q b z n g r
n a l x n g i t i k u
t q a m a o p e
a t u l z n g r
n a k a b z k r
n z k a l z - n g r m l r l e
n z k a t x - k r b z l e
n z r k a k r b z
n a k a m l e
n z r k a t i p x m q n g
n z k a p x m l r
y c t x o p e
y c - n r b a l q
y c t r p e n g r
t q y c o m
t q y c o n g r
t q y c n g r
n a y c t i p x m
y c t x b z
t r n z y a g o x - k r g r u
k c m a
m n c p w z k r
n z m n c p e - k r g r
m n c - e p e l z l e
t q m n c n e t r p e m g r
t z m n c t x p e n g
m n c n e - m o u - n g r g r
m n c t x p e
n z r p l a m e i t i - k r d e
o b q o b z
t q w x b u p x - n g r m
t q a m z b l q p x m c
n z t u - z v z - k r d e
t q n g c n e o m
n z t u - z v z - k r d e
m n c l v z r n g r
n z r p i - a n i - k r m l e
n z l i - k r d e
n z y c m n e - k r m
p x i q t x n e
d r t q g r
d r t q d r
t z y c m n e t r p e - n g r d r
k r l z p e b z k r
m n c - e p e l z l e
t q r k a l z p e - n g r m q g r
t q k a b z k r
n z n g i n i - k r d e
n g r d e
n g r g u
r d r n g
n g r d r
x l r b z k r
x l r b z
x l r l e l e
x l r k r l e
t q y r p u t i p x n g r
t q o l v x t i - a t e l e
t q w z t i p e l e
n z n g r l r p x - k r m g r
t q n g r l r p x p e m
t z n g r l r k i o p e l r
t z n g r l r k i p e b z l r
n a n g r l r t r k i
e s c t r p e m
n z a n g i o - k r g u
n z a n g i o - t x p w z l r
b l r k q n g e
n z r l x t i - k r b z
n z r l x t i b z l r
n a r l x t i b o
t q o l v x t i - a t e l e
l c p e
t q t o p w z b e - n g r n e
n z p n u - l i g r
m n q t i p e l e
y c - n r b a l q
n a y c t i p x m
n a p i t x t r - m o p o
n a p i t r - m o u p o
t q r p w a ' - n g r b z m e
n a o k a t r - n g r d e
n z v z k a i - k r g r
n z s i k a p u - k r d e
b x t r t x p w z
y r n i - e b i r p e n g
n z m e l z - k r m e
n z g l q o l r
n z m c t x p w z
t q y r k r p e n g r
n a y r k r t x
n z b o m - k r d e
d r t w r g r
m n c - e p e l z l e
n z o b q p x b z
o b q o b z
m n q t i p e l e
t r t e n g e
t r r l r - n g r p l e u
n a a l e - k a i p z n g
t q k q l e p e b z l e
t z t a v e t r l r
t q a s u p e b z
n a r y z k r - n g r g r
n z r p i - a n i - k r m l e
t q x p l r
k c m a n g
k c m a
b x p i z p x
n a p i t r - m o u p o
k r l z p e b z k r
n z a l v z t r p l r
t z x l r o p e l r
n z r l a s z - a t e - k r d r
r m c t i p e k r
n z m c p x
t q v o t i t r p e m l e
t q y r n i p e x
n c b l o n g r
n a a g l q p e k r
e s z ' n e
n z y r l e t i - k r d e
y r p l a b r t q p e
k x b q g r n g
l i p w z
m n c l v z r n g r
n z r p i - a n i - k r m l e
d a b u k r
t z k u k i r p e l r
t q d w a p l r k r n g
n z v z - z v z b z n g
t a p l x s r g r
t q d w a p l r k r n g
n e g u n g
d w a - r b r l z - n g r m q g r
n z v z k a i - k r g r
n z r p i - a n i - k r m l e
n z p n a t i - k r b z m u
y r b u t i p e n g
r n i p e x
l r d r
b l e t i p x - l x b l r n g
n z v z - z v z b z n g
n z d w a t r - m o u - k r g r
t z l v c l z p e - n g r d r
n z d w a t r - k r g r
t r t q k a p e p w q l e
n z y c t i k r
n z v z - z v z b z n g
t q t r k a m i
t q t r k a ' n g r
t r t r k a - z l w z p w z u
n z a t r k a t i
t q a l v c t r - l z b q p e
n z a y c n g r l r t i k r
m r b r l z m
n z a l v c - k r g r
t z l v c m q n g
t z l v c l z p e - n g r d r
s e k a e n t x k r
t q a l v c - l z b q - n g r g r
n a n g r l r t r k i
t z n g r l r k i o p e l r
n z t w z t r k r
n a r t w z m
t w z t r l e
t w z k i p x l e l e
t a g l c t x d e
d r t w r n g e l e
t z y a p w x t i p e b z l r
n z r k a l z m q n g q
y r w i t x p x l e n g
n z v z - z v z b z n g
t q y r n i t x p e
y r w i t x - k z l e
n z l z t r - n g r d e
n z r l z - k r b z l e
n z v z - z v z b z n g
n g r d e
n g r d r
n z m w a - k r g r
n a y c t i p x m
m n c l v z r n g r
m n c - e p e l z l e
n z r p i - a n i - k r m l e
n z y c m n e - k r m
n z y c m n e k r b z
n a y a - p w z - t i p e x
n z v z - z v z b z n g
t z x l r o p e l r
t q x n g i - a t e b z k r
t z p n z - l z b q n g r
n a o k l a t i t r - m o p q g r
n z r m n q - k r d r
n z v z - z v z b z n g
n z r l z - k r b z l e
t q t o p w z b e - n g r n e
m n c l v z r n g r
t z n g r l r k i o p e l r
t q n g r l r p x p e m
n a k a b o
n z b o m - k r d e
n z g l q o l r
t q r g l q t i k r
t q m r l z - n g r d e
t q t i n g r
t q a g l q p e k r
n z a g l q - k r b z k r
n a a g l q a m u
n z g l q l z - m o u l r
t q r g l q t i k r
a g l q t r p q g r
r g l q k r
t q a c l v e x
t q n g r l r p x p e k r
t q n g r l r p x p e m
t z y z l u p e - m o p w z n g
n a b z p e - n g r g r
n a b z m i p e l e
r n g i - b a t r p q
k x l r p r
n z m n c l z b z n g
t q a m z n r p e l e
n a - a e n z l i t x k i
x n g i t x t r l e
t q w x l i k i t x p x
t z y z l u p e - m o p w z n g
k q l e p e l e
t r k q o p q l e u
t q r k q t i p e
t q n g r l r p x p e m
t q n g r l r p x p e k r
y r l z o
n z v z k a i - k r g r
n a p i p x - l z b q n g
t q y r l w r p x - n g r m
a m y a
m y a s z p x l e
n z x l r b z l r l e
x l r k r l e
t q r k a w i t i k r
t q k a w i o p e k r
t q k q l e p e b z l e
s c d e
t z a n g c p e l r
t z y r n i n e t r p e b z n g
t q y r n i t x p e
m n c l v z r n g r
t q y r k e l v z x
n e d r n g
n z t e k q t r n g r
t z l v c l z p e - n g r d r
v z p x m
r v z m i m
n z v z k i
n a v z - k a i p o
t q v z t x
v z b z
t q v z t r p e k r
n z v z o - k r m o p w q k r
t q v z t r p e b o
n z v z - k r b z
t q v z p e b o
t q v z d z p e - n g r m g r
v z m i t r p e l e
t q v z n e
t q v z k i p x
v z b z k r
v z m i t r l e
n a v z - m i p e x
t q r v z m i p w q
t q v z n e - z v z k r
t q v z t x p e
n z v z p x m q n g
t q v z - n g r m o
n z v z m i - k r g r
t q v z - n g r n e
n a v z d z k r
t q v z o p e
v z - m o p w z k r
n z v z k i o p e - k z l r
n z v z o - n g r m
v z o
n z v z m q n g
t q v z k i l e
t q v z - n g r m l e
t q v z d z k r
n z v z n e - k r g r
