n z a t u p x - n g r m
t z l v c m q n g
t q v z - n g r g r
n z v z n e - k r d r
n z m c t r
n z y c m n e - k r b o
n z r k a t i p x m q n g
m c p o
v z m i m q
n z v z - n g r m l r
n z m n c l z b z n g
t q v z d z k r
n z o t i p e - k r m
v z t r l e
k r l z m g r
t q m n c n e t r p e m g r
p e t i k r
n z o b q p x b z
t q v z m i t r p e b z l e
t u n e p w z
t q v z b o
r m c t i p e k r
t z p i p e l r
n z y c m n e - k r m
n z o t i p e - k r m
t w z t r l e
t q r p n a p e - n g r m l e
p l a m e i t x d e
p w x p w z
r m c t i l e
n a v z n g
k c m a n g
n z v z b z n g
t q v z p x p e
t q m c p e l e
t q v z m i t r p e l e n g
n a l i n g
n z r l x t i - k r m l r
t q r k a b z
n a n g q d r
n z v z - k r n g e
t q v z p e m
t z v z - n g r
t q y r n i t x p e
t q r p i b z l e
t z x l r o p e l r
n z m n c l z b z n g
p r o t x k r
n z y r l q t r p z l r
n z w z t r n g
a l v z t r l e
t r t q w z p e u
m c t r p z l e
n z l z t i n g
d w a - r b r l z - n g r m q g r
n a p i b z k u
v z x
n z v z o - k r d r
t q v z - n g r g r
n a m n c t x p o
v z m i m q
r m c t i p e k r
x l r b z l e
t q a s u l e
n z w z - k r g r
n z n g i k r
n z a p x - n g r b z
t q t r k a p e m
t u p x m
x l r k r
n z v z - k r n g e
m n c l v z r n g r
n z x l r b z l r l e
n z v z k i l r
t z m n c - n g r d r
n z m c p x
t q p i b z k r
n z v z p x b z n g
t q p i m e
t q p i p e b z l e
r m c t i - n g r g r l e
v z k i m l e
t q r p w a ' - n g r b z m e
n z v z - k r m
t q v z p x p e
n z v z - k z n g
r p i l e
m w i t x
n z l r m z t r - k r d e
t q d w a p l r k r n g
m c p o
n a v z b z
t q p r t r p e b z k r
n z r p i b z
v z t x
n z r m n q - k r d r
n z v z p e n g
t q p i b z k r
n z r m c t i l r
v o t r p z k r
t q m n c - n g r d e
v z m i m q
n a y a p w x t i m l e
n a a g l q b z l r
t q v z p e x
t q m c p e x
n z y c m n e
n z p r p x n g r
m c p x m
t r t q w z p e u
n z v z k i o l r
m r b r t i t r p e
n z v z - z v z b z n g
m n c t i k r
t r v z n e - k a k r
m n c p e x
n z r l a s z - k r g r
t q a e n z l i k r
x l r m l e
v z m i m q
t z v z n e p e n g
t z r p n z t r p z n g
n a v z n g r
n z b z n g
n a t w z b z l r
t z v z - n g r
t z m n c t x - a l o p e n g
y a o m q g r
n z v z - k r b o
n z v z - k r n g e
n z m n c p e - k r g r
t q v z t r - m o p w z k r
v z p x b z k r
y a n e - z v z k r
t q v z b o
v z k i m l e
r m c t i l e
n z m c t r p e m l r
t q m a l e l e
v z m i o l e
t q w a i p e l e
n a v z n g
t q p i b z
n z v z - k r g r
n a v z b z
v z t x
n z m c t r
n z w z t i - k r b z l e
n z y r b z
n z p r p x - k r d r
v z p e m
t q v z p e m g r
o b q o b z
n z w z - z l w z - k r g r
n z v z k i l r
n z r p i m l r
t a k i t r t x p w z
n z r p i m l r
n z v z - z v z b z n g
t q v z t x
n a v z b z
m n c - m i p e - a m u
r p w a ' t x - n g r b o
n z k r l z m l r
t q r p i p e x
n a m n c - k a p q n g r
t r m n c n e - z p w x p e k r u
t q r m c t i p e k r
t r t q k a p e p w q l e
n g q t i p e l e
m n c - e p e l z l e
n a v z b z
t q v o t i t r p e m l e
m c p x m
n a v z b z
n z v z
t q o t i - a t e m
n z o - k r m
n z v z k i l r
n a m n c - k a p q n g r
n z v z b z n g
a e l w a p x - p n z
n z v z - z v z b z n g
t z v z o p e n g
t z v z - n g r
r m c t i l e
m n c - e p e l z l e
m c t r k r
n z a y o n e p e - k r d r
t q p i m e
t q p i
t u o m
n z m c t r
a s u m i p e b o
n z m c t r
n z r m c t i l r
n z r p i b z
t q v z p e m
t q v z p e x
t q v z m i t r p e l e n g
t z y a p x p e n g
n z a b r t z - k r g r
t q p i m e
t q r w z s o
y c - x b z t r k r
t q y r p l a t r p e
n z v z b z n g
n z r t w z - k z p q n g
t q m c p e l e
s c d r
n a m n c n e - n g r g r
d w a l z m g r
t q p r o - n g r g r
r m c t i - n g r g r l e
n z p r p x - k r d r
t z v o p e
n z v z p x n g
t z v z n e p e n g
n z v z - n g r m l r
t q x l r p e k r
t q t u p x m
t z m w i - n g r d r
n z r p i l r
t q v z p e m
n g r l r m i m l e
n z b o m - k r d e
n z a t u p x - n g r m
n z m n c p e n g
n z r p i b z l r
n z v z k i l r
n z n g i k r
n z t c n g r l z k r
o b q o b z
n z v z - k r b z k r
t q r m c t i p e k r
n z v z - k z n g
t q v z m i t r p e b z l e
t z r t w z t i p e - k z n g
t z a n g i o l r
n z v z p x n g
t q w r k x t r - n g r g r
t u t i p x - n g r m
t z v z p x p e b z n g
n a n g i t x p w z
r n g i - b a t r p q
n z v z k i o l r
t z v z o n g
n z v z - k r n g e
n z v z p x b z n g
t r n z p i - k r p o ' u
d w a t r k r
t q v z b o
m n c t i k r
n z v z - n g r m l r
t z m n c - n g r d r
t q r p i b z l e
n z v z
n z m n c p e n g
n z a b r t z l v z l r
n z y c m n e k r b z
n a v e x
r p i o b z l e
t q n g r l r p e k r
n z v z k i o l r
t z v z - n g r
t q x n g i - a t e b z k r
v o m l e
t q v z p e m
n z v z n e p e l r
d w a t x t r x
t q y r k r p e
n z t w z t r k r
n z m c k r
n z r p i b z
t q m n c
m e i t x t a t x p x
n z d w a t r - k r d e
n z v z b z n g
t q o t i m l e
v z m i m q
d w a - r b r l z - n g r m q g r
t q a b r t z - z v z - n g r g r
t q k r l z - a t e b z k r
n z v z - z v z b z n g
n z v z - n g r m l r
d w a s x p x - k z p q g r
t q v z p x p e
t z l v c l z p e - n g r d r
n z v z - k r b z k r
n z v z p x n g
t q v z b z k r
r m c t i l e
r n g i - b a t r p q
p i b z l e
t z r k a l z p e m
t z r m c t i p e l r
t q n g r l r p x p e m
t r t q w z p e u
p n a t i k r
r p i l e
v z m i o l e
n z e t u p e - k r n g e
r p i o b z l e
n z m c p x b z l r
t q t r k a p e m
t q k r l z l z - a t e b z k r
n z d w a t r - m o u - k r g r
m c l x n g
v z p e m
n z m w i p x m
r m c t i - n g r g r l e
n z a l v z t r n g
n a p i p x - l z b q n g
t z v z o p e n g
t q o t i p e l e
m n c - m i p e - a m u
t q v z m i t r p e b z l e
k r l z p e b z k r
v z t r n g r
v z x
r p i o b z l e
t q a y r n i p e
n z r l a s z - a t e - k r d r
t r v z n e - k a k r
n z v z k a i - k r g r
s c m
v z p x b z k r
n z d w a t r - k r d e
n z k r k a ' p x - k r m l r
p i b z l e
k x n z n g q
y z l u m c
n z r p i - a n i - k r m l e
n z a t o l w a - n g r n g
n z v z k i o l r
m c p x m
n z v z - k z n g
t q v z t r - m o p w z k r
t q r p i b z l e
t q v z t r - m o p w z k r
t q v z p e m
t q t u l z
t q v z p e m g r
t q v z p e - k z x
n z t u n g r
t u l z m c
v z t x
a t u t r p e l e
t z v z p e
v z m i m q
m n q t i p e l e
r m c t i l e
n z b o m l r
n a k a t x b z l e
n z r p i b z l r
m n c - m i p e - a m u
t q r p i p e m
n z v z k i o l r
n z v z p e - k r d r
t r t q k a p e p w q l e
t q p i b z
n z v z - k r b o
t q r p n a p e - n g r m l e
v z o
n z v z - k r n g e
m w x l r t i - z l w z k r
t q v z p e
t u l z m c
t z v z k i n e d r
n z w z k r
n z r p i b z l r
t z y c m n e - n g r p e m l r
t z v z n e p e n g
t z m n c t x - a l o p e n g
t q y a p x p e b z
v z m i m q
t r k r l z - k a k r
v z m i o l e
n z p n a t i - k r b z m u
d w a s x p x - k z p q g r
v z m i o l e
n z y r l q
m z l i   k c
t q v z - n g r m l e
t q y r k r p e n g r
n g r d r
n z m c t r
t q t u p x m
t q t u n e p w z
t q v z p e
n z v z - k r m
n z v z b z n g
b z a m u
d w a l z m g r
n a b z m i p e l e
n a p i t x t r - m o p o
v z k i m l e
n z m c t x p w z
t z v z - n g r
v z p e m
t z v z n e p e n g
r p i - m o u p q l e
t q p i b z
t q m c p e x
n z r l z - k r b z l e
n z p n a t i - k r b z l r
t q v z p x p e
t z n g r l r k i p e b z l r
t q v z - n q b l q n e n e
v z m i o l e
n z a l v z t r n g
m c t r k r
t q v z p e b z
n z d w a t r - k r g r
v z m i o l e
t z m n c - n g r d r
t q v z b o
n a y a - p w z - t i p e x
t z v z o p e n g
n z v z p e n g
m c l x n g
t q v z p x p e
t q m w i - n g r n a m u
t q v z t r - m o p w z k r
v z t r l e
t r n z y a g o x - k r g r u
n z a b r t z k r
n a v z b z
t q d w a p l r k r n g
n a v z b z
t q v z p x p e
n a p i b z k u
n a m w i
n z v z - k r n g e
n z v z - k r m
t z m w i - n g r d r
n z v z p e - k r d r
n z v z k i l r
n z a l v z t r p l r
w z t r p o
t q o t i - a t e m
a w i t x - n g r b z k r
t q p i b z k r
x l r b z
n z v z - r b r - k r d r
y r n i - e b i r p e n g
t z v z p x p e b z n g
n z v z k a i - k r g r
t q v z m i t r p e l e n g
t q v z p e
t z p r e s i n q n g
n a k a b o
t q y r n i t x p e
n z v z - k r b o
n z t u n g r
k r l z m l e
v z m i o l e
n z v z p x n g
n z r p i b z
n a m n c n e - n g r g r
t q v z p e
n z m i n g r - k r g r
t q v z - n g r g r
n z v z p e n g
v z t r - k z p z
p i b z l e
t z v z p e - k a i n g
t q m n c t r p
t z v z n e p e n g
n z v z k i l r
n c b l o n g r
m c t r k r
k q l u t x p e
n z v z - z v z b z n g
n z a v z - k r m l e
n z d w a t r - k r d e
t q m n c
t q p i b z k r
m a l e t r p e x
n z x l r b z l r l e
n a m n c - k a p q n g r
m n c l v z r n g r
v z b z k r
n z r p i b z
t q t w z o p e
n z y a l z - k r g r
v z m i m q
t z m n c - n g r d r
n z v z k i l r
n z v z - k z n g
v z x
t q o b q l z p e x
k x p i p z
y r l q b z k r
v z t r l e
n z v z - n q b l q - k r n g e
o b q p x k r
t z y a p w x t i p e b z l r
n z r p i l z n g r
n z r t w z - k r d r
r p i - m o u p q l e
t q t u p x m
n a v z b z
t q m n c - n g r d e
t z v z p x p e b z n g
t q a s u p e b z
t q v z t r - m o p w z k r
t z n g r l r k i o p e l r
t q k r l z - a t e b z k r
n a v z - m i p e x
k x n z e t u
t z v z b e n g
k r l z b o
v z k i m l e
n z v z p x n g
y r k r p x b z l e
p l a m e i t x d e
t q p i p e m
t q r k a l z p e - n g r m q g r
n z v z k i
n a k a t x b z l e
m n c l z - n g r m
r g l q k r
t q v z p e m g r
v z - z v z x
t q v z p e x
t q v z p e m
n a l x n g i t i k u
t q p i p e m
t q v z - n q b l q n e n e
t r n z p i - k r p l e u
n z v z b z n g
v z x
t r t q k a p e p w q l e
t q p i p e m
k r n e d r
t q v z p x p e
t z s i k l u n g
n z v z o - n g r m
t q m c p e k r
n z v z - k r b z k r
n a p i b z k u
n z v z b z n g
t z r p i p e l r
d w a - r b r l z - n g r m q g r
n a - a b z b z l r
t z v z p x p e b z n g
r p i o b z l e
n z r m n q t x n g
n z d w a t r - k r d e
d r t w r m
p r o t x k r
t q v z m i t r p e l e n g
v z t x
n y z d e
n a n g r l r t r k i
n z m c t r
t r n z p i - k r p l e u
r m c t i - n g r g r l e
t q v z p e m
t q d w a p l r k r n g
t q n g r l r p x p e m
t q v z t r - m o p w z k r
k x t o p w z n e
m n c t i k r
v z m i t r p e l e
t q v z t r - m o p w z k r
d w a l z m g r
v z p x b z k r
n a v z n g
a p u l e
t r v z n e - k a k r
t q m w i t x p e
n z t e l v z l r
t q v z d z p e k r
n a v z b z
r k a t r p q
x l r k r
p n z ' - m o u l e
n z a b r t z k r
n z t q n g
n a v z b z n g
m n c n e - m o u - n g r g r
t q p i p e b z l e
n a y a g o x n g
n a v z n g
t q v z p e m g r
t q t w z p e b z l e
t q p i b z
y a p x - z v z k r
t q v o t i t r p e m l e
t q v z - n q b l q n e n e
n a v z m i b z l e
n z v z d z - k r g r
n z v z - k r b o
v z - z v z x
r p i l e
k x e t u
k q l e p e l e
t q d c p x m
n z v z p x b z n g
t q a m z n r p e l e
n a v z - k a i n g
r p i l e
n z v z - k z n g
v z k i m l e
n z v z - k z n g
n z m n c t x p w z
m c l x n g
k r l z m l e
m c t r k r
t z v z o p e n g
n z v z - k r n g e
v z p x b z k r
a l v z t r l e
n z p n a t i - k r b z m u
n z y c m n e
v z p x b z k r
t q y r n i p e x
n z v z k i l r
t q n g r l r p x p e m
t q p i p e b z l e
t q v z m i t r p e b z l e
t z k r l z p e - a t e l r
n g r l r m i m l e
t q v z m i t r p e b z l e
n a v z b z
n z r p i l r
n z a n g i o - k r g u
v z t x
n a r l z
n a b z - n g r n
n z m c t r
t q v z p e - k z x
v z p e m
n z w z k r
n z a l v c - k r g r
t q r g l q t i k r
n a v z m i b z l e
t r d o - k z u
m r t u p e
m a l e l e
n a v z b z
n a m n c - k a p q n g r
d r t q d e
n a v z n g
t q v z m i t r p e b z l e
n z w z k r
v z t r l e
n z g l q o l r
t z m n c t x - a l o p e n g
n z v z - k r b z k r
t q k q l e p e b z l e
n z v z n g r
n z v z - k r m
t q m c t i p e k r
n z d w a t r - k r g r
n a a g l q p e k r
t q n g r l x o p e
t z v z n e p e n g
t z n g r l r k i o p e l r
t z k u k i - n g r d r
t z v z p e
t q v z b o
t q v z p e m g r
r p i - m o u p q l e
v z m q g r
t q p i t i k r
n z w z t r n g
r k a l z m
m c p x m
t u p x m
n e m u n g
r p i - m o u p q l e
n a m z n r p e
n z y a n e - k r d r
n a m n c n e - n g r g r
v o k r
n a y a - p w z - t i p e x
m c t x m
t q y r k e l v z q
t q v z m i t r p e l e n g
n z p r t r - k r n g e
m n r g r
t z v z p e
n z v z p e n g
t q v z - n g r g r
n a k i l z b z l e
n a m n c t x p o
k r l a
t q v z p e x
t z v z - n g r
t q v z p e b z k r
n z r n i b q n g r
t q y r k e l v z x
t z v z k i n e d r
t q p i b z k r
t z v z p e
v z d e
n z r p i l r
d r t w r n g e l e
k r l z p e k r
n z r p i l r
n a p i b z k u
n z v z t r n g
n z v z - k r b z k r
v z k i m l e
v z t x
n z v z p e n g
t q w a i k i
t q o t i m l e
r m c t i - n g r g r l e
t q p i b z k r
t q w a i p e x
y r m q
n z v z k i o l r
t z v z - n g r
n z d w a o n g r
t q v z - n g r g r
n z v z
n z w z k r
t q v z - n q b l q n e n e
t z r t w z t i n g
n z t u n g r
n z v z k i l r
r p i - m o u p q l e
n z v z p e n g
v z t x
t q v z p x p e
n z m z l r p i - k r n g e
n a p i t r - m o u p o
n z v z - k r b z k r
t z v z p x p e b z n g
t z m w x l r n g
n a v z m i b z l e
v z p e m
n z v z - k r n g e
n z v z - n g r m l r
v z - z v z x
r p i - m o u p q l e
m n c - e p e l z l e
t q v z p e b z
t q y c o n g r
k x k q l u
n a v z m i b z l e
m w i t x
n z r l z - k r b z l e
t q v z p e b o
k q l u t x
m n c l z - n g r m
n z v z - k r m
t r t e d r
t z l v c - a t e n g
t q m c t i a m u
t q v z p x p e
p r t r p z
t q m n c
n z r p i - a n i - k r m l e
n z r p i l r
m w i t x
t q d w a p l r k r n g
n a p i b z k u
v z p x b z k r
n z n g r l r p x - k r m g r
n z v z p e - k r d r
t q v z p x p e
n z m n c l z b z
n z v z p e - k r d r
m c l x
t q r m c t i p e k r
n z b z - k r g r
t q v z p e
n z v z b a t r - k r b z l r
v z t x
d w a t x t r x
m n c p e x
t q t a b c - z l i n e p e k r
t q a s u p e
v z t r n g r
t q p i b z
t q v z m i t r p e b z l e
n z v z - k r b o
t q v z p e
t q v z m i t r p e b z l e
t q y r k r t r - a t e m
v z t r l e
m c p x m
t z v z p e - k a i n g
n z r k a t x n g r
t z v z o p e n g
n a p i t x t r - m o p o
t q t z l e
n a p i t r - m o u p o
k x n z t o p w z
t q v z - n g r g r
n a p i t r - m o u p o
n e m u n g
n z v z b z n g
n z v z p e n g
r m a l e
t q v z m i t r p e l e n g
t q v z p e x
n z y c m n e - k r b o
n z v z p x b z n g
n a d w a p e k r
n z m r l z k r
n z k r l z m l r
n z k q o - k r m
t r n a n i b q l e u
t q v z p e
t q p i p e m l e
r p i l e
v z p e m
n z o b q - k a p q k r
t u n e p w z
t q r p n a l z m
b z t i p e d e
t q v z m i t r p e l e n g
p i t x m l e
t q v z p x p e
n z m e l z - k r m l e
t z v z - n g r
t q p r k i l z m
n z v z
n z v z - n g r m l r
t q e t u n e p x p e
v z t r l e
n a m n c n e - n g r g r
n z m c t x p w z
n z v z b z n g
n a r t a n g r t i k r
t r n z y a g o x - k r g r u
v z - n g r b z k r
n z v z p x n g
t q a m e i b z k r
t q v z b e
v z - n q b l q m
t q r p i b z l e
t q t u l z
n a v z n g
v z t r n g r
p r o t x k r
v z - z v z x
n z r p i - a n i - k r m l e
n z m c - k r n g e l e
n z m w i p e - k r n g e
r l w x k r
t r k q o p q l e u
y r l q t x b o
n z v z p e - k r d r
n z v z - k z n g
v z m i o l e
t q r p n z ' p e b z
n a m n c n e - n g r g r
n a y a - p w z - t i p e x
t q t u l z
t q v z p e b z
d w a t x t r x
n a m n c - k a p q n g r
r p i l e
m c l x
v z - z v z x
t z k r l z p e - a t e l r
n z v z - k r b z k r
d w a t x t r x
n a p i p x - l z b q n g
n z v z n e p e l r
n z m c t x p w z
t r k r l z t r p w z u
n z r p i m l r
t z y a p x p e n g
n z v z p e n g
t z m n c - n g r d r
t z y z l u p e - m o p w z n g
n z r m c t i l r
t r d o u
n z p n a t i - k r b z m u
v z p e m
t z m n c t x - a l o p e n g
n a v z m i b z l e
o t i m
t z t a v e l r
m c l x
n z m c t r
a b r t z t x - n g r g r
k r l z p e b z k r
d w a s x p x - k z p q g r
v z m i m q
t z v z p e
t q v z p e - k z x
k x t o p w z
t z v z - n g r
n z r p i m l r
t q y a p x p e b z
t q p i m e
m c l x n g
n z w z t i - k r b z l e
t z l v a b e t r p e b z
t r r l r - n g r p l e u
t q r g l q t i k r
n z m c k r
t q r y r - n g r n e
n z k a l z m l r
t q m z n r l x p e
n z p r p x n g r
r p i l e
n z k r k a ' p x - k r m l r
t q t w z o p e
n z a b r t r - k r b z k r
n a p i t r - m o u p o
n z r p i b z l r
n z m n c n g
t r v z n e - k a k r
n z w a i n e - n g r b z l r
t q w x l i k i t x p x
t q a m a o p e
n a a g l q p e k r
n z n g i - k r d r
n z v z - k r b o
v z p e m
n z v z - k r b o
n z - z p q t r - k r d r
n z v z - k r n g e
y c - n r b a l q
t q m c p e l e
a c l v e l e
m z n r y a g w e n g r l c
t q w z t i p e l e
t q v z - n q b l q n e n e
n z r p i - a n i - k r m l e
n z p n a n g
n z v z - k r m
y c - n r b a l q
n a d w a p e k r
n z m c p x
n z v z - k r b z k r
n z r p i l r
t q p i b z
t q v z m i t r p e l e n g
m e n g a b q
t z r l x t i m l r
n z a t u p x - n g r m
o t i l e
k r l z p e b z k r
t q p i b z
n z v z - k r d r
t u p x m
t w z t x p o
t r n z m n c p e u
n a o b q - k a p q p x
n z v z p x n g
t q v z p e - k z x
t q m n c - n g r d e
t z v z - n g r
n z r p i b z
n z m n c p e n g
t z v z k i n e d r
n z a b r t z k r
m n c t i k r
n z y c m n e - k r b o
n z m u - k r g r
t z r m c t i p e l r
n z r p i b z
m c p x m
v z t x
n a y a - p w z - t i p e x
t q v z p e - k z x
t r n z p i - k r p o ' u
t q r p i b z l e
p r t r p o
v z m i o l e
t q p n z ' p e l e
r m c t i - n g r g r l e
t z v z n e p e n g
n z v z k i l r
n z v z k a i - k r g r
v z t r n g r
t q w z t i p e l e
t q m n c p e k r
n z t u n g r
n z k u k i n g
n z a b r t z n g r
n z d w a o n g r
n z w z - k r n g e
d w a t r k r
n z v z p e - k r d r
n z m n c l z b z n g
v z p e m
n a v z m i b z l e
t q m c p e x
r p i o b z l e
t q v z p x p e
n z k r l z t i
n z r p i m l r
m c t r k r
n a v z n g
n z l v c n e n g
n z v z k a i - k r g r
n z v z - k r m
t q v z m i t r p e l e n g
