t q p i p e b z l e
t z k u k i r p e l r
n a y a g o x n g
t q m r l z x
n a v z n g
t q v z p e m g r
t q t w z p e b z l e
t q p i b z
m n c l z - n g r m
n z v z - k r b z k r
t q v z p e x
y a p x - z v z k r
t q v o t i t r p e m l e
t q v z - n q b l q n e n e
t q t u l z
v o k r
t u t x l z m
n a v z m i b z l e
n z v z d z - k r g r
t q v z - n q b l q n e n e
n z v z - k r b o
d r t w r d e
n z v z p e n g
v z - z v z x
r p i l e
t q v z b o
k x e t u
r m c t i - n g r g r l e
k q l e p e l e
t z v z - n g r
t r t q k a p e p w q l e
n z v z - k r n g e
t q w z t i p e l e
t q d c p x m
n z v z p x b z n g
t q a m z n r p e l e
n z r p i m l r
n a p i t x t r - m o p o
n z v z - k r b o
n a v z - k a i n g
r p i l e
n z v z - k z n g
v z k i m l e
n z v z - k z n g
t u o m
n z m n c t x p w z
m c l x n g
n a v z n g
k r l z m l e
n z r p i b z
y z l u m l e
n z m n c p e n g
m c t r k r
t z v z o p e n g
n z v z - k r n g e
v z p x b z k r
r y a p w x - z v z k r
a l v z t r l e
n e g u n g
t q v z p e b z
n z p n a t i - k r b z m u
n z y c m n e
v z p x b z k r
t q y r n i p e x
t r n z p i - k r p o ' u
n z v z k i l r
t q n g r l r p x p e m
n z m c t r
n z v z k i o l r
t q m w i p e k r
t q p i p e b z l e
t z p r o p e n g
k r l z p e b z k r
t q v z m i t r p e b z l e
t z k r l z p e - a t e l r
n g r l r m i m l e
m c l x
t q v z m i t r p e b z l e
t z v z p e - k a i n g
m n c t i o m g r
n a m n c - n g r g r
n a v z b z
t q m c p e x
n z r p i l r
t r k r l z w x u
t q v z p e b z
t z v z n e p e n g
t r v z n e - k a k r
n z r p i l r
n z a n g i o - k r g u
o m i t x p x b z l e
d w a l z m g r
v z t x
t z v z p e - k a i n g
n a r l z
n a b z - n g r n
n z v z - k r b o
t q n e p e x
t r v z n e - k a k r
n z w z - k r g r
k x t q
n z m c t r
a p u l e
t q v z p e - k z x
v z p e m
t q v z p e b z
n z w z k r
v z x
n z a l v c - k r g r
n z v z - k z n g
t q r g l q t i k r
n a k a t x b z l e
y r n i t x
k r l x l z p e l e
n a v z m i b z l e
t r d o - k z u
m r t u p e
t q v z p e - k z x
n z o l z - k r m l e
m a l e l e
t r v z n e - k a k r
t z v z n e p e n g
t z n g r l r k i o p e l r
n a v z b z
n z v z k i l r
n a v z n g
n z o t r n g r
n z v z - z v z b z n g
n a m n c - k a p q n g r
d r t q d e
n a v z n g
n z a b r t z n g r
n z m e i t r p z
n a d w a p e k r
t q v z m i t r p e b z l e
n z w z k r
t q v z m i t r p e l e n g
n z a y o n g r
v z t r l e
n z g l q o l r
t q v z p e x
n z p r p x n g r
t z m n c t x - a l o p e n g
n z v z - k r b z k r
n z v z - k r b o
t q k q l e p e b z l e
t q v z p e x
n z v z n g r
m c l q
t q v z p e m
n z v z p x b z n g
n z v z - k r m
n a p i t r - m o u p o
n a p i b z k u
t q m c t i p e k r
n z d w a t r - k r g r
n a a g l q p e k r
t q v z k i p x
t q v o t x - n g r p w z
t q n g r l x o p e
r p i l e
t z v z n e p e n g
t q v z m i t r p e l e n g
t z n g r l r k i o p e l r
v z k i m l e
t z v z k i n e d r
t q v z n e
t u t x l z m
v z - z v z x
t z k u k i - n g r d r
t q v z p e m g r
m n r g r n g
v z k i m l e
r m c t i p e k r
n a r l r - n g r m e
r p i l e
t z v z k i n e d r
v z p x m
n z m c k r
t z v z p e
v z t r l e
t q v z b o
n z v z
t q v z p e m g r
n z v z - n g r m l r
t q m n c - n g r d e
r p i - m o u p q l e
n z k a l z m l r
n a a g l q b z l r
t q m c p x b z k r
v o t r p z k r
k c n g p e
v z m q g r
n a p i t x t r - m o p o
t q p i t i k r
t q o t i m l e
t q r m c t i p e k r
t q n g r l r p e k r
n z w z t r n g
n z v z - k r n g e
r k a l z m
m c p x m
t u p x m
n e m u n g
r p i - m o u p q l e
n z v z b z n g
t q a m z b l q p x m c
n a v z n g
t q v z p e
t z v z p e - k a i n g
n a m n c - k a p q n g r
n a m z n r p e
n z y a n e - k r d r
n a m n c n e - n g r g r
a m i n g r p e k r
v z t r n g r
v o k r
t q p i m e
n a y a - p w z - t i p e x
m c t x m
t q y r k e l v z q
n z v z - k z n g
t q v z m i t r p e l e n g
n z p r t r - k r n g e
a w i t x p e
v z p e m
m n r g r
t z v z p e
n z v z p e n g
n z k r l z l r
t q v z m i t r p e l e n g
k x e t u b z
v z k i m l e
t z p e o n g r
t q v z - n g r g r
n a k i l z b z l e
n a m n c t x p o
k r l a
t q v z p e x
d w a l z m g r
v e x
t z v z - n g r
n a v z m i b z l e
m w x l r t x - z l w z k r
t q y a p x p e b z
t q v z p e b z k r
x l r b z k r
r l x n g i t i l e
n z r n i b q n g r
m w x l r - n g r g r
t q v z b e
t z v z o p e n g
n z v z k i l r
t z v z - n g r
t z v z - n g r
r p i o b z l e
n z v z b z n g
n z v z k i l r
r m c t i p e k r
x l r k r l e
n z v z k i o l r
n z v z k i l r
n z v z k i o l r
n z v z k i l r
n z v z k i l r
y a p x - z v z k r
n z m n c l z b z
n z v z - k r b o
t u n e p w z
t q p i p e b z l e
n a p i b z k u
n z v z - k r b o
v z k i m l e
t q o t i m l e
t q r p i p e x
n z l v c n g
n z v z - k r b o
t q v z p e b z
n z v z - k r b o
t q r p i p e x
x l r k r l e
t q v z p e - k z x
t q v z p e x
v z t r n g r
n z v z p e n g
t z v z o p e n g
v z t r n g r
n z v z b z n g
r m c t i p e k r
t q m n c
v z t r n g r
t z v z - n g r
n z v z p x n g
x l r k r l e
t q r y r - n g r n e
t q v z p e b z
n z v z p x n g
n z v z b z n g
n z v z p e n g
p r t r p z
t z v z - n g r
m w i t x k r
y a p x - z v z k r
n a r p n z '
v z t r n g r
t q t u n e p w z
v z k i m l e
v z t r n g r
v z k i m l e
v z t r n g r
r g l q p x k r
t z v z o p e n g
r m c t i p e k r
n z v z p x n g
t w z t r k r
v z t r n g r
v z m i o l e
v z m i o l e
v z m i o l e
v z k i m l e
v z m i o l e
n z v z p x n g
t z v z - n g r
d w a t r k r
v z m i o l e
t z v z - n g r
v z m i o l e
v z m i o l e
n z v z k i o l r
n z v z p e n g
n z v z p e n g
n z a l v z t r l r
v z m i o l e
n z n g i k r
n z v z - k r b o
n z v z k i l r
n z v z p x n g
v z m i o l e
n z p i l z l r
x l r k r l e
v z t r n g r
v z m i o l e
n z v z k i l r
a t u l z n g r
n z v z p e - k r d r
n z v z p x n g
v z k i m l e
t z v z - n g r
t q v z p e x
n z v z p e - k r d r
n z v z p x n g
n z v z p x n g
n z r p i m l r
t q m n c
n z v z p x n g
t q v z p e - k z x
t q v z p e x
t q r p i p e x
r m c t i l e
n z v z p x n g
n a m c l e
n z v z p x n g
v z p x b z k r
n z v z p x n g
v z k i m l e
v z k i m l e
t q p i b o
n z v z p e n g
r p i o b z l e
n z v z p x n g
t q p n z ' l e
t q v z p e - k z x
t q v z p e x
n z a b z o l r
t q v z p e b z
t q p i b z
t z v z - n g r
a l v z t r l e
n z v z d z m q n g
n z v z p e n g
y z l u m l e
n z v z b z n g
t z v z - n g r
t q r p i p e x
n a n e n g
t q v z p e b z
t q v z p e b z
t q a m r l z
v z m i o l e
n z v z p e n g
n z t u n g r
r p i o b z l e
v z k i m l e
m c l x n g
d w a t r k r
n z l v c k r
n z v z p x n g
t q m e i p x
n z v z p e n g
n z v z p e n g
n a r p n z '
n z v z p e n g
d w a t r k r
n z v z p e n g
t z v z - n g r
t q v z p e m
t q v z p e m
t q v z p e m
t q v z p e - k z x
n z v z - k r b o
t q r p i p e x
t z v z - n g r
t q v z p e m
a t u l z n g r
n z v z p e n g
m n c t i k r
t q v z p e m
t q v z p e m
n z v z b z n g
t z v z - n g r
v z p x b z k r
n a y r k r t x
t q v z p e x
t q v z p e - k z x
t q v z p e m
n z v z p e n g
n z v z - k r b o
t q v z p e m
t q v z p e m
t q r p i p e x
t q v z p e m
m c l x n g
t q v z p e m
n z v z - k r b o
t q v z p e m
t q v z p e m
r g l q p x k r
t q t u p x m
t z v z - n g r
v z t r n g r
t q m c p e l e
n z v z p e n g
t q m c p e k r
t q m c p e l e
t q v z p x p e
t q r m c t i p e k r
n z v z p x n g
t z v z - n g r
r p i o b z l e
t q v z p x p e
n z t u n g r
y r l q b z l e
t q v z p x p e
t q m c p e l e
t z v z - n g r
n z v z p x n g
t q v z p x p e
n z v z k i l r
t q m c p e l e
t q v z p x p e
t q v z p e b z
t q m c p e l e
t q v z p e b z
n z v z k i l r
t q v z p e b z
t q v z p e b z
t q v z p x p e
t q v z p e b z
m n c t i k r
n z v z k i l r
n z v z - k r b o
n z r p i m l r
t q v z p e - k z x
t q v z p x p e
k x l r p r
t q v z p x p e
d w a t r k r
n z r p i m l r
t q m c p e l e
m c l x n g
t q v z p x p e
t q v z p x p e
t q v z p x p e
t q t u l z
k q l u t x
t q v z p x p e
d w a t r k r
t q v z p x p e
t z v z - n g r
y c m n e p e
k r l z m l e
o t i l e
v z p x b z k r
t u n e p w z
t q v z p x p e
n z t u n g r
y c m n e p e
v z p x b z k r
o t i l e
v z p x b z k r
m c l x n g
v z k i m l e
n z v z - k r b o
n z v z - k r b o
d w a t r k r
n z r p i m l r
r k a t r p q
t q m c p e x
n z r p i l r
t q m c p e x
v z p x b z k r
r g l q k r
t q p i b z k r
t q p i b z k r
n z t u n g r
n e n g e n g
x l r b z l e
t q p i p e m
t z v z p e
n z r p i l r
t z v z p e
t q p i p e m
t q p i b z
n z w z t r n g
t z v z p e
n a m c k r
t u n e p w z
n z r p i m l r
t q p i b z
w z t r p o
y r k r t x o
m c l x n g
t q v z p e b z
v z p x b z k r
n z r p i m l r
v z p x b z k r
t q v z p e b z
t q v z p e b z
t q v z p e b z
t q m c p e l e
t q p i b z
t u n e p w z
n z r p i m l r
t q v z p e m
n a k a b z
t z v z p e
n z r p i l r
n z r p i m l r
m c l x n g
n z r p i m l r
t q p i b z k r
n z r p i b z
n z r p i l r
t q p i b z k r
n z w z k r
t q v z p e m
t q v z p e m
v z p x b z k r
n z a n g i o
t q p i p e m
t q p i p e m
v z p x b z k r
w z t r p o
t q m n c
t z v z p e
m c t r k r
m c l x n g
t z v z p e
t z v z p e
n z w z k r
m n c p e x
n a v z n g
n z r p i l r
r k a l z m
m c t r k r
n a v z n g
o b q p x k r
n z r p i l r
n z r p i l r
w z t r p o
v z p x b z k r
t q t u p x m
v z p x b z k r
v z t r l e
t q t w z p e
v z t r l e
t q v o b e
n a v z n g
m c l x n g
t z v z p e
v z t r l e
n z r p i b z
t z v z p e
v z t r l e
m c l x n g
n a v z n g
v z t r l e
t q p i m e
n z r p i b z
t q v z p e
t r t e d r
t q v z p e
n z r p i b z
n z m c p x
t q p i m e
n z r p i b z
v z t r l e
t q v z p e b z
t q p i m e
v z p x b z k r
n z m c p x
n z w z k r
t q a m a p e
n z m c k r
v z t r l e
k c m a
n z v z - k r m
r m c t i l e
m z l i   k c
n z r p i b z
p i b z l e
t q p i p e m
r m c t i l e
n z v z n g
n a v z n g
t z v z p e
t q p i b z
t z v z p e
n z m c t r
n z m c t r
t q a s u p e
m c l x n g
n a v z n g
t z v z p e
v z t r l e
p i b z l e
n a v z b z
o t i l e
w z t r p o
t q p i p e m
n a v z b z
n z r p i b z
n a v z n g
t q p i p e m
v z t r l e
v z t r l e
n a v z n g
n z v z - k r m
r m c t i l e
t q v z p e
n a v z n g
n a v z n g
t q v z p e
t q v z p e
t q p i b z k r
n a v z b z
t q v z p e
p i b z l e
n a v z b z
v z t r l e
v z t r l e
k x y r l z
n z v z - k r m
n z v z - k r m
n a v z b z
v z t r l e
t z v z p e
n z v z - k r m
v z t r l e
v z t r l e
l c d e p w z
t r t e n g e
t q v z t r p e
t q v z p e
t z v z p e
t q v z p e
n z v z - k r m
t q v z b o
t q v z p e
v z t r l e
t q m c p e x
t q v z p e
y r n i t x
t q p i m e
b z t i p e d e
n z v z - k r m
n z v z - k r m
v z t r l e
n z r p i l r
n z m c k r
n z v z - k r m
t q v z p e
t q v z p e
t q v z p e
t q v z p e
t q v z p e
n z v z - k r m
v z t r l e
t q t u p x m
n a v z n g
n z p n a n g
p i b z l e
t q m c p e x
t z v z p e
t w z t x p o
n a v z n g
v z - z v z x
t q t u l z
r p i o b z l e
t r t e d e
n z m c t r
l x e n g e
n z m c t r
t z v z p e
t q a s u p e
n a v z b z
t q m c p e x
n z r p i b z
t q m c p e x
n z m c k r
v z - z v z x
m c t r k r
p i b z l e
v z - z v z x
v z - z v z x
m n c p e x
m n c p e x
m n c p e x
m n c p e x
m n c p e x
m n c p e x
v z - z v z x
v z - z v z x
v z - z v z x
n z m n c k r
v z - z v z x
m c p x k r
t u l z m c
t q a s u p e
t q m z b l q p x m
v z - z v z x
a e l w a p x
t z v z p e
v z - z v z x
t z v z p e
m c l z k r
v z - z v z x
n z r p i l r
v z - z v z x
m c l z k r
n z m c p x
y r n i t x
v z - z v z x
m c l z k r
o t i b z l e
m c l z k r
v z - z v z x
r m c t i l e
t q v z b o
t q m c p e x
m r l x m q
t q v o b e
t q v z p e
m n c p e x
m c t x m
m c t r k r
m c t x m
n a v z b z
m c p x m
m c t r k r
m c t x m
m c t x m
m w i t x
m c t x m
m c p x m
m c t x m
n a v z b z
n z r p i m
m c t x m
m c p x m
m c t r k r
x l r m l e
n z m c k r
m c p x m
m c t x m
m c p x m
n z m c k r
m c p x m
m c p x m
n z m c k r
m c l z k r
m c p x m
t u t x l z m
m c p x m
m c t x m
m w i t x
m c t x m
m c t x m
m c t x m
r d r n g
n z m c k r
t q m c p e
t q p i m e
n z m c p x
n z m c k r
m w i t x
v z p e m
n z m c p x
v z p e m
t q p i m e
t q p i m e
t u p x m
n z m c k r
v z p e m
t q p i m e
v z p e m
r p i l e
v z p e m
v z p e m
n z m c k r
v z p e m
n e d r n g
v z p e m
m c l x
v z p e m
v z m i m q
v z p e m
m c l z k r
v z p e m
v z p e m
v z p e m
v z p e m
m c t r k r
v z p e m
v z p e m
v z p e m
v z p e m
v z p e m
v z p e m
t q n g i
t r s u k a
m c t r k r
t u p x m
n z m c k r
m r b r t x
n z m c p x
n z m c t r
n z r p i m
n z m c t r
r p i l e
r p i l e
v z m i m q
r p i l e
p r o t x k r
v z m i m q
t r s u k a
v z m i m q
v z m i m q
n z m c t r
m c l z k r
k x t o p w z
m c p o
t q v o b e
v z m i m q
n z m c p x
v z m i m q
v z m i m q
v z m i m q
v z m i m q
n z r p i m
v z m i m q
v z m i m q
n z m c p x
v z m i m q
t w z q
v z d e
v z m i m q
r p i l e
t q v z b o
n z m c p x
m c p o
n a n g i
v z b z
t q v z b o
m z k e '
t u p x m
m c l x
t q b z p e
m c p o
m c l x
m c p o
m c p o
t q p r t z
m c l x
m c l x
r p i - m o p w z
r p i l e
m c p o
k x p l c
v o m l e
k x p w x
n z v z
v o m l e
y r m q
m c l x
n z v z
e t u t x
t q v z b o
t q v z b o
n a m w i
t q v z b o
t u p x m
t q v z b o
m c p o
t q v z b o
t q v z b o
t q v z b o
m c p o
n z v z
n z v z
m c l x
m c l x
y c p x
v o k r
v o k r
v z t x
o t i m
t q m r b r
t z v z o p e n g
v z t x
m c l x
v z t x
v z t x
v z t x
v z t x
v z t x
v z t x
v z t x
v z t x
k x e t u
v z t x
n z v z
n z v z
n z v z
v z x
n z v z
n z v z
n z v z
n z v z
n z v z
n z v z
n z v z
n z v z
v z x
v z x
v z x
n z v z
t u p x m
v z x
n z v z
v z x
m c o m q
v z x
n z v z
v z x
v z x
v z x
v z t x
v z t x
n a w r k x t r
o t i b z
v z x
n e d r
n z p n z '
n z k q o - k r m
o t i b z
n z v z - k r m
o t i b z
t q m n c
v z x
v z x
n z v z
n z v z
n z v z - k r m
n z v z - k r m
n z v z - k r m
n z v z - k r m
n z v z - k r m
n z m c p x
t q t u l z
t q t u l z
t q t u l z
n z v z - k r m
m c l x
m c l x
m c l x
m c l x
v z x
v z x
o t i m
