n a p i b z k u
k r l z m g r
m c p o
t q p i m e
r d r n g
t z v z n e p e n g
n z r p i b z
n z v z k i o l r
t q p i m e
n a m n c - k a p q n g r
n z v z p x n g
m z k e '
n z v z p e - k r d r
t z v z p e
r m c t i p e k r
t u p x m
n z v z - k r b o
n z v z - k r b o
n z t u - z v z - k r d e
n z m u - k r g r
n z v z p x n g
n z v z p e n g
n z v z p e - k r d r
n a m a p u p e b z l e
t q v z - n q b l q n e n e
t q v z p e - k z x
t z v z n e p e n g
m n q t i p e l e
n z m c t r
v z m i o l e
n z v z k a i - k r g r
t q r m c t i p e k r
n z v z - k r b z k r
t q v z t r - m o p w z k r
n z t u - z v z - k r d e
n a r p n z '
t q v z p e b z
v z t r n g r
n z v z m i - k r g r
e t u n e p x - z v z l e
n z v z k a i - k r g r
t z p i p e l r
v z m i m q
r p i l e
l v c - a l z u p q
t z v z n e p e n g
v z m i o l e
v z m i m q
k r k a ' - l e - b l r k u
p i b z l e
n z m e l z - k r m l e
t q v z p x p e
n a n g i
n z m n c - l x b l r - k r g r
t z p n a t i b z l r
t z v z p e - k a i n g
t q p i b z k r
r p i - m o u p q l e
n z v z - k r b z k r
n z v z k i o l r
t z s i k l u n g
t q t u p x m
m n r n g e
n z l v c k r
n z y c m n e - k r d e
t r v z n e - k a k r
v z - z v z x
t z p n z ' - n q b l q p e
s c m
n a y a p w x t i b o
v z m i m q
t q v z p e m
t z y c m n e t r p e - n g r d r
t q v z - n g r g r
n z v z p e - k r d r
t q y r k r t r - a t e m
n z v z - k z n g
m n c l z - n g r m
n z t e k q t r n g r
t q y r k r p e n g r
v z p e - k a i p
t q r m c t i p e k r
t q v z m i t r p e b z l e
v z t r l e
r m c t i l e
t q v z m i t r p e l e n g
v z p x b z k r
t q t u l z
t q a w r k x t r p e l e
v z p e m
n a o k l a t i t r - m o p q g r
n z m u - k r d r
v z m i o l e
y c t x o p e
v z p e m
n z v z - k r n g e
l x e g r
v z m i o l e
n a n g i p e
t q r y z k r p e k r
t z v z p e
v z m i o l e
n z r l x t i - k r m l r
n z m c p x
n a p i p x - l z b q n g
t q v z t r - m o p w z k r
n e d e n g
n z v z - k r n g e
n a v z b z
k r l z p e b z k r
t z l v c - a t e n g
t z m n c - n g r d r
n z r p i b z l r
v z x
b o o n g r
n a v z n g
t q r p i b z l e
t q p i p e m
n z t u n g r
n a a g l q b z l r
v z t r l e
r p i l e
n z r p i m l r
n z p i l z l r
t q m c p e l e
v z m i m q
n z v z p x n g
n z v z p x b z n g
n z v z - n g r m l r
t q m r b r
k r l z m l e
v z m i m q
t z k a p u t r p e
n z v z - k r b o
n a v z b z
n a v z m i b z l e
v z x
n a k a t x b z l e
n z v z p x b z n g
n a v z n g
t q y r k r t r - a t e m
n z v z n e p e l r
t q y a p w x t i p e m l e
v z - z v z x
n z r p i m l r
t q k a p u t r - n g r b z
s e x
t q p i m e
n z d w a t r - k r g r
d w a s x p x - k z p q g r
v z t r l e
n a v z - k a i k r
n z v z - k r m
n a m n c - k a p q n g r
d w a l z m g r
t q p i p e m l e
m c l z k r
v z t r n g r
n z m n c l z b z
t z v z n e p e n g
n z y r l q t r p z l r
t q v z t r - m o p w z k r
t z v z k i n e d r
t q d w a p l r k r n g
t z v z p x p e b z n g
n a r y z k r - n g r g r
n a v z b z
v z m i m q
n z v z - n g r m l r
n z v z p x b z n g
r n g i - b a t r p q
t q m c p e k r
d r k a ' n g
n a m c l e
y z l u m c
t q v z p e b z
n z v z - k r m
t q v z m i t r p e l e n g
t q v z p e x
t z a n g r l v z n e o p e l r
n z v z k a i - k r g r
y a n e - z v z k r
t q v z p e x
v z - z v z x
v z x
v z p x b z k r
a t u l z n g r
m z t r
n z d w a t r - k r g r
n z y r l q
t q v o b e
v z t r n g r
n a v z b z
n z l v c n g
k z t e d r
t q v z t r - m o p w z k r
n z v z p e - k r d r
t q v z p x p e
n z v z - k r m
a b r t z l v z k r
n z k r k a ' k r b z l e
n a v z n g
n z v z - k r m
m n c l v z r n g r
m c t x m
t z l v c l z p e - n g r d r
t q v z p e m g r
t q v z p e x
a t u l z n g r
t q v z b o
t r v z n e - k a k r
t z v z o p e n g
n z v z - k r b o
y r k r p x b z l e
n z v z k a i - k r g r
n a y r k r t x
t z r m c t i p e l r
e s z ' t i
t q r p i b z l e
t q v z p e x
v z x
t z v z p x p e b z n g
n z v z n e p e l r
t q m n c - l x b l r p e k r
n a n g r l r t r k i
n z y c m n e - k r b o
n z v z k i o l r
t r n z p i - k r p l e u
t q n g i
n z v z p e - k r d r
t q v z m i t r p e l e n g
t r t e d e
v z - z v z x
t q m u - n g r g r
t u t i p x - n g r m
t r v z n e - k a k r
m c p o
r m c t i p e k r
t q k a w i o p e k r
t q v z p e b z
n a m n c t x p o
t q v z p e
n z v z - n g r m l r
t q a b r t z - z v z - n g r g r
n z y c m n e - k r m
t q v z - n g r g r
n z n g i - k r d r
t u l z m c
n z v z
m c t r p z l e
n z v z - k z n g
m c p x m
t q r p n a l z m
n a v z n g
n z v z b z n g
n z m c p x
n a v z n g
n a v z - k a i n g
n z v z k i o l r
n z m c t r
t z x l r o p e l r
n z v z k i o l r
n z v z k i o l r
t q m n c - n g r g r
n a v z n g
n a v z n g
n a v z n g
n z v z k i o l r
n z v z b z n g
t z m w i - n g r d r
n z v z b z n g
n z m c t r
n z v z b z n g
n z v z b z n g
n z v z b z n g
n z m c p x
n z v z k i o l r
n a v z n g
m w i t x k r
t q v o b e
n z a y o n g r
n z v z - k z n g
t u p x m
n z v z b z n g
t q v z m i t r p e l e n g
n z v z b z n g
n z v z b z n g
n z v z - k z n g
n z m c t r
n z v z - z v z b z n g
n z v z - k z n g
n z v z p x b z n g
t q v z m i t r p e l e n g
n z v z p x b z n g
n z v z - k z n g
n z v z p x b z n g
r p i l e
n z v z b z n g
n z v z p x b z n g
v z m i o l e
t q v z m i t r p e l e n g
n z v z b z n g
p i b z l e
t q r g l q t i k r
n z v z b z n g
n z v z p x b z n g
t q a y r n i p e
n z v z - k z n g
n z v z - k z n g
n z v z b z n g
m n c l v z r n g r
t z r k a l z p e m
t q r p n a p e - n g r m l e
n z v z - k z n g
n z v z p x b z n g
n z v z p x b z n g
n z v z p x b z n g
n z v z p x b z n g
n z v z b z n g
n z v z p x b z n g
n z v z k i o l r
n z v z - k z n g
t q v z m i t r p e l e n g
n z v z b z n g
n z m c t r
n z v z - k z n g
t q v z m i t r p e l e n g
t q v z m i t r p e l e n g
m c p o
n z v z - k z n g
v z m i o l e
t q v z m i t r p e l e n g
n z v z - k z n g
n z v z - k z n g
n z v z p x b z n g
n z v z p x b z n g
t q m w i t x p e
n z v z p x b z n g
n z v z p x b z n g
t q v z m i t r p e l e n g
t q v z m i t r p e l e n g
n z v z - k z n g
n z v z - k z n g
t q v z m i t r p e l e n g
n z r p i l r
n z v z b z n g
v z m i o l e
n z d w a o n g r
s c g u
n z t u n g r
n z v z p x b z n g
m n c t i k r
t q v z m i t r p e l e n g
n z r p i l r
n z v z b z n g
n z v z b z n g
t q v z m i t r p e l e n g
v z m i o l e
n z v z - k z n g
t q v z m i t r p e l e n g
n z r p i l r
p i b z l e
n z v z - k z n g
t q v z m i t r p e l e n g
n z v z p x b z n g
n z v z p x b z n g
m c t x m
p i b z l e
v z m i o l e
v z m i o l e
t q v z m i t r p e l e n g
m n c l v z r n g r
t q v z m i t r p e l e n g
t q d c - z l w z n g r
n z v z - k z n g
n a v z n g
m c t x m
n z r p i l r
v z m i o l e
n z v z - k z n g
n z v z p x b z n g
m z l e n g e
v z m i o l e
t q v z m i t r p e l e n g
n z r m c t i l r
n z r p i l r
n z r p i l r
t q y r n i t x p e
t z v z p e - k a i n g
n z w z t i - k r b z l e
v z m i o l e
t q r g l q t i k r
v z m i o l e
t z v z k i n e d r
v z m i o l e
p i b z l e
n a p i p x - l z b q n g
t z v z p e - k a i n g
v z m i o l e
t q r p n a - n g r m
p i b z l e
t z v z k i n e d r
x l r k r
v z m i o l e
m n c t i k r
n z p n a k i p x l r
n z m c t r
t z v z k i n e d r
m c t x m
t z v z p e - k a i n g
k r l z m g r
t z m w x l r n g
v z m i o l e
n z d w a t r - k r d e
t q t u l z
n z v z p e - k r d r
t z v z p e - k a i n g
v z m i o l e
n z v z p e - k r d r
n z v z p e - k r d r
n z y r l q
t z v z p e - m o u n g
t q p i b z k r
v z m i o l e
n z v z p e - k r d r
n z m c k r
m c t x m
m c t r k r
v z m i o l e
n z v z p e - k r d r
n a p i t x t r - m o p o
m n c t i k r
t z v z p e - k a i n g
t z v z p e - k a i n g
n a y r k r t x
t z v z p e - k a i n g
m c t r k r
t z v z p e - k a i n g
t q v z m i t r p e b z l e
t z v z p e - k a i n g
n z a b r t z l v z l r
t z v z p e - k a i n g
t z v z p e - k a i n g
t z v z p e - k a i n g
e s z ' n e
n z v z p e - k r d r
t r n z p i - k r p o ' u
n z v z p e - k r d r
t z v z p e - k a i n g
n z v z p e - k r d r
t q t u l z
n z v z p e - k r d r
t z v z p e - k a i n g
n z p n a k i p x l r
t q m n c - n g r d e
t q v z m i t r p e b z l e
m c t x m
t u t x l z m
d w a l z m g r
t r n z p i - k r p o ' u
n z v z p e - k r d r
n z v z p e - k r d r
n z d w a t r - k r g r
t q v z m i t r p e b z l e
v o m l e
n z b z n g
y c m n e p e
m c t x m
n z v z p e - k r d r
t z v z p e - k a i n g
n z v z p e - k r d r
t q v z m i t r p e b z l e
t q v z m i t r p e b z l e
m c t x m
t q d w a p l r k r n g
t q v z m i t r p e b z l e
m c t x m
t q y r p u t i p x n g r
t r n z p i - k r p o ' u
t q v z m i t r p e b z l e
n z y c m n e
t q v z m i t r p e b z l e
o t i b z
n z v z - z v z b z n g
t q v z m i t r p e b z l e
p i b z l e
t q v z m i t r p e b z l e
t q v z m i t r p e b z l e
t q r p i b z l e
t q p i b z
m w i
n z v z - z v z b z n g
t q v z m i t r p e b z l e
v z k i m l e
m c t x m
v o t r p z k r
m c t r k r
t q t r k a p e m
n z d w a t r - m o u - k r g r
t z r m c t i p e l r
m c t r k r
t z l v c - a t e n g
t z k u k i - n g r d r
d w a l z m g r
n z y c m n e
t q v z m i t r p e b z l e
t q p i b z
n z r m c t i l r
n z d w a t r - k r d e
t q p i b z
n z r p i m l r
r g l q p x k r
n z r p i m l r
m c t r k r
d w a l z m g r
n z r p i m l r
m n c - m i p e - a m u
t q r p n a - n g r m
t q p i b z
v z k i m l e
t q p i b z
t q p i b z
n z p n a k i p x l r
t q p n z ' l e
r g l q k r
v z k i m l e
t u o m
n a y a g o x n g
n z r p i m
t u t i p x - n g r m
v z k i m l e
r m c t i - n g r g r l e
n a p i t x t r - m o p o
t q p i b z
v z k i m l e
n z v z - n g r m l r
v z k i m l e
v z k i m l e
d w a l z m g r
v z k i m l e
v z k i m l e
v z k i m l e
t q n g r l r p x p e k r
t r n z p i - k r p o ' u
t z r m c t i p e l r
d w a l z m g r
n z v z - n g r m l r
n z v z - n g r m l r
v z k i m l e
n z v z - n g r m l r
n z v z - n g r m l r
n z v z - n g r m l r
n z r p i m l r
v z - z v z x
y r n i t x
y c m n e p e
v z k i m l e
t z r m c t i p e l r
r m c t i l e
n z v z - n g r m l r
n z v z - z v z b z n g
v z k i m l e
n z v z - n g r m l r
n z d w a t r - k r d e
v z k i m l e
v z k i m l e
n z v z - n g r m l r
n z v z - n g r m l r
r m c t i l e
n z p n a t i - k r b z m u
v z k i m l e
r m c t i l e
n z v z - z v z b z n g
v z - z v z x
n z v z - n g r m l r
n z r p i m l r
n z v z - z v z b z n g
n a p i t x t r - m o p o
v z k i m l e
v z k i m l e
n z v z - z v z b z n g
n z v z n e p e l r
n z v z - n g r m l r
v z k i m l e
v z k i m l e
n z v z - n g r m l r
n z v z - z v z b z n g
t q e t u n e p x p e
n z v z - z v z b z n g
n z v z - n g r m l r
t z p n z - l z b q n g r
y r l q b z k r
r m c t i l e
n a p i t x t r - m o p o
n z p n a k i p x - m o u l r
x l r k r l e
k x e t u
d w a l z m g r
v z k i m l e
n z v z - n g r m l r
m n c - m i p e - a m u
n z r m c t i l r
y r n i - e b i r p e n g
n z v z n e p e l r
n z v z - z v z b z n g
t q t u n e p w z
t q p i b z
v z k i m l e
n z v z n e p e l r
n z r m c t i l r
t z p n z - l z b q n g r
n z r m c t i l r
n a m n c t x p o
v z - z v z x
n z v z - z v z b z n g
n z v z n e p e l r
n z v z n e p e l r
n z v z n e p e l r
t q a l v c - l z b q - n g r g r
t u l z m c
t u t i p x - n g r m
x l r m l e
v z - z v z x
n z v z n e p e l r
v z k i m l e
n z r m c t i l r
n z v z - k r n g e
n z v z - n g r m l r
n z v z - z v z b z n g
n z v z - z v z b z n g
t q a s u l e
n z v z n e p e l r
n z v z - z v z b z n g
n z v z - k r n g e
n z v z - k r b o
n z v z - z v z b z n g
r p i o b z l e
n z v z - k r n g e
n z v z - z v z b z n g
t r n z p i - k r p o ' u
r p i o b z l e
n z v z - k r n g e
n z r m c t i l r
m c t r k r
n a m n c t x p o
n z v z n e p e l r
n z v z - z v z b z n g
n z v z n e p e l r
n z r m c t i l r
n z v z - z v z b z n g
r m c t i l e
r m c t i l e
n z v z - k r n g e
r m c t i - n g r g r l e
n z v z - z v z b z n g
v z k i m l e
n a v z - k a i p o
t q t u l z
n a m w i
n a v z b z
n a v z b z
n z v z n e p e l r
n z v z - z v z b z n g
m c t r k r
t r n z p i - k r p o ' u
r p i o b z l e
n z v z - k r n g e
n a v z b z
n a v z b z
n z v z - z v z b z n g
n z r p i b z l r
y r k r t x o
n g r d r
n z v z - k r b o
n z v z - k r n g e
v z k i m l e
r p i o b z l e
d w a l z m g r
n z r m c t i l r
v z k i m l e
n z v z - k r n g e
m r b r l z m
n g r g r
n z v z - k r n g e
r m c t i - n g r g r l e
n z v z n e p e l r
n z v z n e p e l r
n z v z n e p e l r
n z v z - n g r m l r
r p i o b z l e
t r n z p i - k r p o ' u
n z v z - k r n g e
n z v z - k r n g e
n a v z b z
r m c t i l e
n z v z n e p e l r
r m c t i l e
n z v z n e p e l r
n a v z b z
n a v z b z
n z v z - k r n g e
n z v z n e p e l r
n a v z b z
n z r m c t i l r
n z v z - k r b o
n z r p i l z - k r d r
r p i o b z l e
n z v z - k r n g e
m c l z k r
n z v z - k r n g e
n z v z - k r n g e
n a y a p w x t i b o
n a d w a p e k r
n z v z - k r b o
n z m n c l z b z n g
r m c t i l e
n a m n c n e - n g r g r
n z v z - k r n g e
n z v z - k r n g e
n z v z - k r n g e
n z v z - k r b o
n z v z - k r n g e
n z v z - k r b o
m w x l r - n g r g r
n z m n c l z b z n g
t z y a p w x t i p e b z l r
n a m n c t x p o
n z v z - k r b o
n z m n c l z b z n g
n a v z b z
n z v z - k r m
n z r p i b z l r
n z v z - k r b o
n z r p i b z l r
n z v z - k r n g e
r m c t i l e
n z v z - k r m
n z v z - k r b o
t u t i p x - n g r m
n a p i t x t r - m o p o
n a v z b z
n a p i t x t r - m o p o
n z v z - k r n g e
n z v z - k r n g e
d w a t x t r x
m n c - m i p e - a m u
n z r p i b z l r
t q y r p u t i p x p e
r m c t i l e
m c l z k r
n z v z - k r b o
n z m n c l z b z n g
n z v z - k r b o
n a v z b z
n z v z - k r m
n z m n c l z b z n g
n z v z n e p e l r
m n c - m i p e - a m u
m c l z k r
n z v z - k r b o
n z v z - k r b o
n a v z b z
m w x l r - n g r g r
m n c - m i p e - a m u
n z v z - k r b o
n z m n c - k r n g e
n z v z - k r b o
d w a t x t r x
n z v z - k r m
n a v z b z
m c l z k r
n z v z k a i - k r g r
n z k r k a ' p x - k r m l r
n z v z - k r m
n z v z k a i - k r g r
v z m i m q
k z t e n g e
n a v z b z
r m c t i l e
t u l z m c
n z v z - k r m
r m c t i p e k r
n a m n c n e - n g r g r
n z v z - k r m
n z v z - k r m
d w a l z m g r
n z v z - k r m
n z w z - k r n g e
v z m i m q
x l r b z l e
m c l z k r
t q t u n e p w z
n z v z - k r m
w z t r p o
y a p x - z v z k r
r m c t i p e k r
n z v z - k r m
d w a t x t r x
n z v z k a i - k r g r
n a d w a p e k r
n z v z - k r m
n z v z d z - k r g r
n z v z - k r g r
n z v z k a i - k r g r
v z m i m q
n z v z k a i - k r g r
n z v z - k r m
n a d w a p e k r
x l r b z l e
n a p i t x t r - m o p o
m n c - e p e l z l e
n z y c m n e - k r b o
n z v z - k r m
n z m c t x p w z
n z v z k a i - k r g r
n z v z - k r m
n z v z - k r m
n z v z - k r m
d w a t x t r x
v z m i m q
n z v z - k r m
n z m c t x p w z
v z m i m q
v z m i m q
n z y c m n e - k r b o
v z m i m q
n z v z - k r m
v z m i m q
v z m i m q
n a d w a p e k r
m n c - m i p e - a m u
n z m c t x p w z
n z m c t x p w z
m n c - e p e l z l e
d w a t x t r x
n a m n c t x p o
t u o m
n a v z m i b z l e
v z m i m q
v z m i m q
m n c l z - n g r m
n z m n c l z b z
v z m i m q
n a v z m i b z l e
n a v z m i b z l e
n a m w i
v z m i m q
n a v z m i b z l e
m n c - e p e l z l e
v z m i m q
m n c - e p e l z l e
n a v z m i b z l e
n z m c t x p w z
n a v z m i b z l e
m n c l z - n g r m
n a v z m i b z l e
v z p x b z k r
v z p x b z k r
v z p x b z k r
n a v z m i b z l e
n z m n c l z b z
n z e t u p e - k r n g e
n a v z m i b z l e
v z p x b z k r
v z p x b z k r
v z m i m q
n z m c t x p w z
n a v z m i b z l e
n a v z m i b z l e
v z m i m q
n a v z m i b z l e
n a p i t r - m o u p o
v z p x b z k r
n z y c m n e k r b z
n a p i t r - m o u p o
v z p x b z k r
n g r l r m i m l e
n a v z m i b z l e
d w a t r k r
n e d r
n z p n z ' b z
n a v z m i b z l e
v z p x b z k r
v z p x b z k r
v z p x b z k r
v z p x b z k r
v z p x b z k r
n a p i t r - m o u p o
v z p x b z k r
v z p x b z k r
v z m i m q
v z p x b z k r
v z p x b z k r
n a v z m i b z l e
n z b z t i - l x b l r n g
n z v z - k r b z k r
n z m c t x p w z
v z p x b z k r
n a p i t r - m o u p o
v z p x b z k r
v z m i m q
n a v z m i b z l e
v z p x b z k r
n z v z - k r b z k r
n z v z - k r b z k r
n a v z m i b z l e
d w a s x p x - k z p q g r
n z v z - k r b z k r
v z p x b z k r
n a v z m i b z l e
n a p i b z k u
n z v z - k r b z k r
n z v z - k r b z k r
n a b z - n g r n
n z v z - k r b z k r
n z v z - k r b z k r
n z v z - k r b z k r
n a v z m i b z l e
n z v z - k r b z k r
n z v z - k r b z k r
m n c - e p e l z l e
n a y a p w x t i m l e
n z v z - k r b z k r
t u l z m c
v z p x b z k r
n z v z - k r b z k r
n z v z - k r b z k r
n z v z - k r b z k r
l v c - a l z u p q
n a m n c - k a p q n g r
n z v z - k r b z k r
n z v z - k r b z k r
n z v z - k r b z k r
n a p i t r - m o u p o
n a p i b z k u
n a p i t r - m o u p o
n a p i b z k u
n a m n c - k a p q n g r
r p i - m o u p q l e
n a p i b z k u
n g r d e
t q v z - n q b l q n e n e
n a m n c - k a p q n g r
n z r p i b z
n z r p i b z
t q v z - n q b l q n e n e
n z r p i b z
t q v z - n q b l q n e n e
t q v z - n q b l q n e n e
r p i - m o u p q l e
t q v z - n q b l q n e n e
n z r p i b z
t q v z - n q b l q n e n e
n a p i b z k u
t q v z - n q b l q n e n e
t r v z n e - k a k r
t q v z - n q b l q n e n e
r p i - m o u p q l e
n z o b q p x b z
t q v z - n q b l q n e n e
t q v z - n q b l q n e n e
r p i - m o u p q l e
t q v z - n q b l q n e n e
t q v z - n q b l q n e n e
t u n e p w z
t q v z - n q b l q n e n e
t q v z - n q b l q n e n e
n z r p i b z
t q v z - n q b l q n e n e
n z r p i b z
t r v z n e - k a k r
t r v z n e - k a k r
t r v z n e - k a k r
t r v z n e - k a k r
t q v z - n q b l q n e n e
t r v z n e - k a k r
t r v z n e - k a k r
t r v z n e - k a k r
t r v z n e - k a k r
t r v z n e - k a k r
t r v z n e - k a k r
n z r p i b z
t r v z n e - k a k r
t r v z n e - k a k r
n z r p i b z
t r v z n e - k a k r
t r v z n e - k a k r
t r v z n e - k a k r
t r v z n e - k a k r
t r v z n e - k a k r
t r v z n e - k a k r
t r v z n e - k a k r
t r v z n e - k a k r
t r v z n e - k a k r
n z r p i - a n i - k r m l e
n z r p i - a n i - k r m l e
n z r p i - a n i - k r m l e
t u n e p w z
t u n e p w z
e s z ' n e
