t z l v c m l r
m c t x m
t q y r k e l v z x
t z v z k i n e d r
t q p i b z k r
r p i l e
t z v z p e
v z d e
n z m c p x
n z r p i l r
n z g l q l z m l r
t z m w i p x - n g r m l r
d r t w r n g e l e
k r l z p e k r
n z v z - k r b z k r
x l r b z l e
t z v z o p e n g
t q p i p e b z l e
n z r p i l r
v z k i m l e
n a y a p w x t i m l e
t q w x b u p x - n g r m
n a p i b z k u
t q v z t r - m o p w z k r
n z v z t r n g
n z v z - k r b z k r
m c l x n g
v z k i m l e
v z t x
t q y a g o x p e
t z l v c - a t e n g
n z v z p e n g
t q w a i k i
n a k q t x o m
t q o t i m l e
x l r m l e
n a r p n z '
t q n g r l r p x p e m
t q r p n a l z m
k r l z m g r
t z v z k i n e d r
t q v z p e x
t q m n c - n g r d e
r m c t i - n g r g r l e
m n c - e p e l z l e
t z n g r l r k i o p e l r
n z p r t r - k r n g e
t q p i b z k r
t q v z p e x
n a v z m i b z l e
t q w a i p e x
v z t r n g r
m n c l v z r n g r
n z v z - k r n g e
m c t x m
n z r p i l z - k r d r
t o p w z t r
t q a m r l z
n z w z t i - k r b z l e
y r m q
v z t r n g r
t q o t i t r p e m l e
t q v z p e m g r
n z w z - z l w z - k r g r
d w a t x t r x
t z x l r o p e l r
n z v z k i o l r
t z v z - n g r
k x t o p w z t i n g
t q m w i - n g r g r
t z v z - n g r
n z v z p x n g
d r k a ' n g
l x e n g e
n z d w a o n g r
t q m c p e k r
t q v z p e x
m c p x m
t q v z - n g r g r
n z v z n e p e l r
t q p i p e b z l e
t w z l e
n z p n a n g
n z v z
t q m w i t x p e
n z k a t x - k r b z l e
t q v z m i t r p e b z l e
n z w z k r
t z v z - n g r
m n c p e x
t q v z - n q b l q n e n e
t z r t w z t i n g
n z y a l z - k r g r
n z t u n g r
n z v z k i l r
n z m c t r
m e l z m c
t r m c w x u
n z v z - z v z b z n g
n z r p i b z
r p i - m o u p q l e
n z v z p e n g
a t u l z n g r
v z t x
t q v z p x p e
t q m c p e k r
n z v z p x n g
v z k i m l e
t q w z t i p e l e
v z x
n z a t u p x - n g r m
n z m z l r p i - k r n g e
n a p i t r - m o u p o
y a p x - z v z k r
n z v z - k r b z k r
r p i o b z l e
n z d w a t r - k r g r
t z v z p x p e b z n g
t z v z - n g r
t z x l r o p e l r
t z p n z - l z b q n g r
t q p i p e m
y o l x o m a m u
n z v z p e - k r d r
t z m w x l r n g
n a v z m i b z l e
r m c t i p e k r
v z p e m
n z v z k i l r
n z v z - k r n g e
n z v z - n g r m l r
t q v z p e m g r
m c p x k r
v z - z v z x
m e i t x t a t x p x
r p i - m o u p q l e
t z v z p e
n a v z m i b z l e
y c t x o p e
o t i l e
t q t u n e p w z
m n c - e p e l z l e
t q v z - n q b l q n e n e
n z v z k i o l r
m c p x m
v z p x b z k r
t q v z p e b z
r y a p w x - z v z k r
k x p w x
t q v z p e b z
t q y c o n g r
n z a t u p x - n g r m
r p w a ' - n g r b o
t q v z p e
t q v z p e - k z x
v z m i m q
k x k q l u
n a v z m i b z l e
m w i t x
t z v z o p e n g
n z r l z - k r b z l e
t q m c p e l e
n z v z k i o l r
t q v z p e b o
k q l u t x
x l r k r l e
m n c l z - n g r m
n a p i t x t r - m o p o
n z r p i m l r
d w a l z m g r
t q v z - n q b l q n e n e
v z x
n z v z - k r m
t q v z t r - m o p w z k r
v z - z v z x
t q v z p e - k z x
r k a t r p q
n z m c
n z w z - k r n g e
t q w z t i p e l e
t q v z p e
t r t e d r
d w a t r k r
t z l v c - a t e n g
t q v z p e b z
n z v z b z n g
r p i - r d e
t q m c t i a m u
n a n e n g
t q p r t z
n a p i b z k u
t q v z p x p e
p r t r p z
n z a b r t z - z v z n g r
t q m n c
n a v z n g
t z v z o p e n g
n z r p i - a n i - k r m l e
m n c - e p e l z l e
n z r p i - a n i - k r m l e
n z r p i l r
m w i t x
t q d w a p l r k r n g
n z a n i t x p w z
s c d r
p i b z l e
e t u n e p x - z v z l e
n a p i b z k u
n z m c k r
t r n z p i - k r p l e u
n z o l v x t i - k r d e
v z p x b z k r
n z n g r l r p x - k r m g r
t q p i b z k r
t r k r c l u u
t z v z n e p e n g
n z v z p e - k r d r
t q v z p x p e
t z y c m n e t r p e - n g r d r
v z t r l e
t r n z p i - k r p o ' u
n z t w z - k r m l e
t z k r l z p e - a t e l r
n z m n c l z b z
n z v z p e - k r d r
m c l x
v z k i m l e
n z v z - z v z b z n g
n z v z - n g r m l r
n a p i t r - m o u p o
n z v z p e n g
v z x
n a i p q p x n g r
t q t o p w z b e - n g r n e
t q r m c t i p e k r
n z b z - k r g r
t q v z p e
t u l z m c
t q v z p x p e
t z s i k l u p x - n g r m l r
t r v z k r u
t q v z p e x
r g l q k r
n z v z b a t r - k r b z l r
v z p x b z k r
t q m r b r
m n c - e p e l z l e
v z x
n a m n c t x p o
v z t x
t q n g r l r p x p e m
t q o t i p e m l e
t q o t i m l e
o t i b z l e
t q o t i - a t e m
n g r l a p l x p x k r
n a k r k a ' - z v z k u
n z k r k a ' p x - k r m l r
r m c t i - n g r g r l e
t z l v c l z p e - n g r d r
t q v z m i t r p e b z l e
d w a t x t r x
n z d w a t r - k r d e
d w a l z m g r
t r k q o p q l e u
t q v z m i t r p e b z l e
t q v o t i t r p e m l e
y c - n r b a l q
n z o b q - k a p q k r
t q y r n i t x p e
t z m n c p e n g
t r r l r - n g r p l e u
t q r l r p e - n g r m l e
n z m n c l z b z n g
m r l x m q
m r l x m
t q v z p e
t r t e d e
d w a s x p x - k z p q g r
n z m n c l z b z n g
t q m n c - n g r d e
n z w a i n e - n g r b z l r
t q n g r l r l z p e
n a n g r l r k i t r l r
n z w z t i - k r b z l e
n z m n c l z b z n g
n c b l o   k c
p i b z l e
n a p i l v z t i
t r o p i l v z u
t z y a p w x t i p e b z l r
n a y a p w x t i b o
t q m z n r l x p e
m z n r y a g w e n g r l c
b l e t i p x - l x b l r n g
n z a t u p x - n g r m
t q t u n e p w z
p i b z l e
n z a p r e s i n - n g r
t q y r w i l x
p r o t x k r
t q p r t r p e b z k r
t q k i p o p e
n z m n c l z b z
n z m n c l z b z n g
t r l r p r k r u
n z m n c - l x b l r - k r g r
n z l z t r - n g r d e
p r o t x k r
t q p r t r p e b z k r
n z t u - z v z - k r d e
t q t u n e p w z
t q t u p x m
t u t x l z m
y r w i t x p x l e n g
l x e d e
t w z q
t z t w z n e d r
n a r t w z o b z
t z r t w z - k z n g
r t w z t x - n r b a l q b o
t z t a v e t r l r
n z l z t r - n g r d e
n z r l z - k r b z l e
t z y c m n e - n g r p e m l r
n z y c m n e - k r m
t z y c m n e t r p e - n g r d r
n z a b r t z k r
t z t a v e t r l r
o b q t r p z
o b q k i m c
x l r b z l e
x l r k r l e
x l r b o l e
t z k r l z p e - a t e l r
t z t a v e l r
r k a t r p q
n z k a l z m l r
m z t e
m z t r
t q v o b e
t q v o t x - n g r p w z
t q t a b c - z l i n e p e k r
t a b c - z v z k r
t q t w z o p e
t w z q
n z a b r t z k r
t r k q o p q l e u
t z p n a t i b z l r
n a b z d r
n a r y z k r - n g r g r
t z r y z k r n g
t q v z b o
t a g l c t x d e
d r t w r d r
p i p x - l z b q
n a p i p x - l z b q n g
t q w x l i k i t x p x
w x l i k i t x p x p n z
y r l z t i l e
t q m n c - n g r d e
t z t a v e l r
t z m w i p e n g
y r k r p x b z l e
y c - n r b a l q
n a y c t i p x m
t q a l v c - l z b q - n g r g r
t q r t w a y z b z
x l r k r l e
n a p i p x - l z b q n g
n g r l a p l x p x k r
t z l v a b e t r p e b z
m z l w e d e n g
m z l w e n g
n g r l r m i m l e
t r n z k q l u - k r p e p w q g r u
n z k q l u t x
n z n g r l r t r n g
k c m a
m z l i   k c
n a w r k x t r
n z v z - k r m
n z m n c l z b z
n a p i l v z t i
t q a m e i b z k r
t q m e i t i o
n z r k a l z m q n g q
n z v z - k r m
n z x l r m l r
r p w a ' - n g r b z
n z r p w a ' - n g r b z l r
n z m n c l z b z n g
n z t a v e t r l r
n a y a - p w z - t i p e x
y a p x - z v z k r
r m c t i - n g r g r l e
n z r p i m
n z t e k q t r n g r
n a y a - p w z - t i p e x
y a n e - z v z k r
y r l z t i l e
n z w z t i - k r b z l e
m r b r l z m
t r t r k a - z l w z p w z u
t q p r t r p e b z k r
n z a l v z t r p l r
n z k a t x p x - k r b z l e
n z k a l z m l r
n z r k a b z
k a o m a m u
n a k a m l e
n a k a b o
r k a t x m
n a k a b z k r
t q v o t i t r p e m l e
m w x l r t x - z l w z k r
y c m n e p e
v z - z v z x
t q m n c - l x b l r p e k r
t q n g r l r l z p e
t q n g r l r p x p e m
t q m w i t x p e
t q n g r l r l z p e
n g r l r m i m l e
t z m c n g r
t q a b r t z - z v z - n g r g r
n z w a i n e - n g r b z l r
w a i p n z ' l e
n z t u - z v z - k r d e
t q r b l x t i l e
t q r b l x t x p e
r b l x t x p e l e
t q a w i p e b z k r
n z a w i t x m
a w i t x - n g r b z k r
v z - z v z x
t r t q w z p e u
n z w z t i - k r b z l e
v z - z v z x
m c p z k r
n a r t a n g r t i k r
n a l i
t q v o t x - n g r p w z
p i b z l e
t q k a p u t r - n g r b z
v z - z v z x
o b q p x k r
n z o b q p x b z
l a n g
n a a g l q p e k r
y r k r t x o
t q y r k r p e n g r
y r k r p x b z l e
l o l v z o a m u
n z y c m n e - k r b o
n z l z t r - n g r d e
t z m a t q
d r l z d e
d r l z d r n g
n z y c m n e - k r b o
p i b z l e
v z - z v z x
r m c t i - n g r g r l e
m r k c n g
n z n u r d e
t q t u p x m
t u t x l z m
t q t u n e p w z
r m c t i - n g r g r l e
n z o l z - k r m l e
o s o p x b z k r
o b q p x k r
v o k r
t r - r m n q u
m n q t i p e l e
t z l v c - a t e n g
t z l v c l z p e - n g r d r
r d r n g
t q t u n e p w z
t u t x l z m
t q t u p x m
t r n z y a g o x - k r g r u
m w x l r t i - z l w z k r
x l r k r
t a p l x s r g r
t q v z m i t r p e b z l e
d w a l z m g r
d w a t x t r x
a b r t z l v z k r
t q y c n g r
y c t x b z
y c t r p e n g r
v z - z v z x
n a e s z ' m z n g
t q t z l e
n o u d e
p i b z l e
t q m n c - n g r g r
d w a t x t r x
n a o k a t r - n g r d e
n a o k a t r p q l r
n z p n a t i - k r b z m u
b z t i p e d e
n a m a p u p e b z l e
n a p i p x - l z b q n g
t z t a v e t r p e l r
t r t q w z p e u
d w a s x p x - k z p q g r
d w a t x t r x
r m a l e
t q m r l z - n g r d e
m r l z p e
m r b r l z m
t r n z y a g o x - k r g r u
n z v z m q n g
r m c t i l e
t q p i p e b z k r
t q p i p e m l e
p i t x m l e
r p i b o
p i p e b z
n z p i - k r m l r
r p i o l e
r p i b z k r
t q r p i p e b z l e
t q r p i l e
r p i b z l e
n z r p i b z
t q r p i p e b o
n z p i p x k r
t r p i p e ' u
t q r p i m l e
n z r p i - k r b o
n u t i t x k r
t q e t u n e p x p e
n z e t u p e - k r n g e
e t u n e p x
o l i q l z k r
n z - z p q t r - k r d r
k x n z t o p w z
n z r k a l z m q n g q
t r n z m c l r u
n z m c - k r n g e l e
n z m c o m l r
t r n z m c p e l r u
m c t e
t r m c p e l e u
t z m c t x p w z
n z m c p e - k z p z
n a m c l e
t q m c - a t e k r
n a m c t r
t q l x n g i t i - a t e x
k x n z y q n g
m z l e d e n g
m z l e d e
t z y r n i n e t r p e b z n g
a c l v e l e
n z a t a k i
t z a n g c p e l r
a n g c t i k r
n z m n c n g
n a l i
r k a t r p q
n z k a l z m l r
t q y r p u p x
t q y r p u t i p x p e
n a a g l q p e k r
r g l q k r
r m c t i - n g r g r l e
t q y r p l a t r n g r
y r p l a b r t q p e
t r n z m n e t i u
n z m n e t i
t q a o k z
n z p n u t i t x
n a a m i n g r - n g r g r
n a a m i n g r t i - n g r d r
y c m n e p e
t z y c m n e t r p e - n g r d r
t z y c m n e - n g r p e m l r
n z i k l a p w z
n a y a p w x t i b o
t r n a n i b q l e u
n z l z t i n g
n z p n a n g
t q o p x p e - n g r d e
t q k r l z - a t e b z k r
t z k r l z p e - a t e l r
a w i t x p e
n z a l v z t i n g
t q r l x t i p e b z k r
t z r l x t i m l r
n a r l x t r p z k r
n a r l x t i t x - p w z k r
t q t u p x m
t q t u n e p w z
n z p l z p x - k r m a m u
n a a g l q b z l r
n a a g l q a m u
n a a g l q p e k r
n z g l q o l r
m q n g r m
t q a s u l e
v o k r
t r t e d e
t q y a g o x p e
t q m r t u - n g r d e
n a y a p w x t i b o
t z y a p w x t i p e b z l r
n z a b r t r - k r b z k r
n a - a d r v r - n g r b o
n z d w a t r - m o u - k r g r
n z d w a t r - k r g r
n z k u k i n g
n g r l r m i m l e
x l r k r l e
n z a b z l r
b z t i p e d e
r m c t i - n g r g r l e
t r k r l z t r p w z u
t r n a k r l z p q l e u
k r l z l z b z k r
k r l z b z l e
n z k r l z t i
n z k r l z t r p z
n a k q t x o m
n z k q o - k r m
n z m n c l z b z n g
t q m n c - n g r d e
s c d e
s c g r
t r b o i u
e s z - k r d e
e s z ' n e
e s z ' t i
b o o n g r
n z p e t i
t q s i k l u b e - n g r n e
k x n z s i k l u
m w x l r - n g r g r
n a a g l q b z l r
y a n e - z v z k r
y a p x - z v z k r
n a y a - p w z - t i p e x
n z y a - z v z n g
r k a t r p q
n a k a b o
r l w x k r
p i b z l e
t z y c m n e - n g r p e m l r
t z y c m n e t r p e - n g r d r
y c m n e p e
r m c t i - n g r g r l e
n g r l r m i m l e
t q n g r l r l z p e
n z r p n a k i p x n g r
t r t z r p n a p e u
n z p n a t i l r
n z r p n a n e o p e - k r m l r
n z p n a t i - k r g r
y r l q t x - m o u x
t q d c - z l w z n g r
a l v z t r l e
d r t a ' d r
t z r t a n g r p e
l c d e p w z
n a - a m r l z t r - n g r b z l r
t q m r l z - n g r d e
n a m r l z
m r l z p e
t z t u l r t r p e m
t z s i k l u t i
k x o d a
t q a s u p e b z
n a r l x t i t x p o
n z r m n q t x n g
t r - r m n q u
t q e t u n e p x p e
x l r k r
v z - z v z x
n a y a p w x t i b o
n z y r m q n g
k r l c d e n g
y r w i t x - k z l e
t q y r k r p e n g r
y r k r t x o
t q y r k r p x k r
n z k q o - k r m
n z a b r t z k r
t q m u k r
t z m u p e - n g r d r
y r l q b z l e
y r l q t x - m o u x
m e n g a b q
t q p z l e
t q a m a - a t e k r
t q a m a o p e
n a n g i
d r t w r g r
t q r g l q t i k r
k x b q n g
k x b q g r n g
t z r l x n g i t i n g
y r l q t x - m o u x
n z m c t x p w z
m c k r
t q p r k i l z m
n z v z - k r m
t q p i b z
t u t x l z m
n z s i k a p u - k r d e
t q t u p x m
n z a t u p x - n g r m
t q a b r t z - z v z - n g r g r
n a b z t r k i
m z k e '
p r c k r
t q p r t r p e b z k r
t z p r t r - m o p w q
p r o t x k r
n a a g l q b z l r
n a a g l q p e k r
n z g l q o l r
t q m a l e l e
t z p r t r p e - k z n g
t z p r p x p e n g
t q m z b l q p x m
t q a m z b l q t x p x p e m c
n z a m z b l q p x - k r m c
n z v z - k r m
n z v z - k r m
t q n g y a p e
n z r p w ' a - k r d e
t q r k a l z p e m g r
t r n g i u
n z r p l a m e i t i - k r d e
n z y o l x o m l r
s e k a e n t x k r
t q r p n z ' p e b z
p n z ' b z l e
t q p n z ' l e
p n z ' t x d e
t q r p n a l z m
n z p n z ' p e m
t q m n c - n g r d e
n z m n c l z b z n g
t q r p n a - n g r m
n z p n a
n z v z - k r m
m z l i   k c
k c m a
n a r l a s z p e l r
n z l x n g i t i - k r d r
t q t o p w z b e - n g r n e
k x t o p w z n e
k x n z t o p w z
a e l w a p x
y z l u m c
k r k a ' - l e - b l r k u
t q y r m
t q r y r - n g r n e
t q r y r n g e
n z y r m
l x e g r
t q v e a p e b z
n z d w a t r - k r g r
p i b z l e
n a k a t x b z l e
n z y c m n e - k r d e
t q v o t x - n g r p w z
t q v o b e
t r d o u
n z a r l a p x - k r d e
n a m w i
t z m w i p x - n g r m
n z m w i p e - k r n g e
m w i t x k r
t q m w i t x p e
t q v z t r p e k r
n z a t u p x - n g r m
y a p x - z v z k r
r m c t i - n g r g r
a b r t z t x p e k r
a b r t z t x - n g r g r
a b r t z t x - n g r d e
n g r l x t x o
k x n g r l x o b z l e
m w i t x k r
n a m w i
n z y c m n e k r b z
n z r k a t x n g r
n z m w a n g r
t z k u k i r p e l r
n z r b o m k r
n e d e
n e g r
n e n g e n g
n e n g e
l z o k r
t z l z t r
t z l z t i t r
n z l z
n z r l z - k r b z l e
v o k r
t q a b r t z - z v z - n g r g r
n z r l a l z - k r g r
t q x p l r
t q m r b r
n i b r g r
m c p z
n z r l z n g
v o t r p z k r
n a r b o m p e n g
t q r g l q t i k r
t q m z n r p e
t q k r l z p e l e
k x n z t o p w z
n z y c m n e - k r d e
n z y a l z - k r g r
a e l w a p x
n a y a g o x n g
t q p n z ' l e
n e m u n g
n e g u n g
n e n g e n g
t z - z p q t r n g
m w a k r
n z w z t r n g
l v c - a l z u p q
m n c t x o p w z
m n c t x p e
n z m n c t x p e p w z
m n c t i t x p w z k r
m n c p w z k r
t r m n c k r u
t z m n c t x p e n g
n a m n c - k a p q l z - n g r m a m u
n z m n c l z b z
m n c t x d e
t r n z m n c p e u
t q m n c t x p w z k r
t q m n c - k a p q n g r
n z d w a t r - k r g r
t q r p n a l z m
n z l x n g i t i - k r d e
o s z b z l e
t q r k a l z p e - n g r m q g r
n z w r k x t r n g r
x l r k r
t z p n z - l z b q n g r
n z p n a n g
t q m z n r p e
n z r k a t x - k r d r
k x p l c
n z p r t r - k r n g e
k x e t u
n z t a o k r
t q r p n a l z m
t q p n z ' l e
m n c - k a p q - n g r g r
b z p e k r
k x m a t q
t q r p n a - n g r m
m z n r y a g w e n g r l c
n z v o u n e o p e m
t z y z l u p e - m o p w z n g
r k a l z m q g r
r k a l z m g r
n z y a l z - k r g r
n z y c m n e - k r d e
r m c t i - n g r g r l e
y a g o x t x
t q o l v x t i p e l e
e t u t x
n z r k a t x n g r
t q v o t x - n g r p w z
t q v o b e
n z y c m n e - k r b o
n z r k a t x n g r
n z w z - k r g r
k x m r n a
t q r p w x m z
n z e t u p e - k r n g e
t q e t u n e p x p e
t z m c p x p e b z l r
k x y r l z
t q m n c p e k r
n z m e l z - k r m l e
n z w z - k r g r
n z w z - k r g r
t q m n c - l x b l r p e k r
n z w z - k r g r
n z w z - k r g r
n z p w x n g
t q v o b e
t z m a i l z l r
t q n g q p e l e
v z m
n z a l v z t r l r
t q m e i p x
n z w z t r n g
n z l x p l z t x
n z r k a t x n g r
t q a c l v e b o
n z p i l z l r
r d r n g
t z v z - a t e n g
t q v z t x p e
n z v z n e - k r g r
v z - n g r b z k r
t q v z b e
v z - n q b l q m
t q v z p e - m o u k u
v z p e - k a i p
t q v z - e t r - n g r d e
n a v z - n q b l q l e
n a v z m g r
t q v z d z p e - n g r m g r
n z v z d z m q n g
t q v z o p e
v z - z v z k r
n z v z m i - k r g r
n z v z n e - k r g r
t q v z k i p x k r
n a v z b z k r
t q v z - n g r n e
n a v z
t q v z n e - z v z k r
n z v z - k r m g r
t z v z k i p x l r
v z t x p e - n g r d e
t r v z u
t q r v z m i p w q
n z v z k i o p e - k z l r
v z b o
n a v z - k a i p o
t q v z o p e k i
t q v z k i l e
t q v z o p e k r
n z k a t x - k r d e
t z v z p e - m o u n g
t z v z p e n g
n z b o m - k r d e
n z r m c t i - k r d r
n z a l v z t r n g r
n z r k a t x n g r
x l r b z l e
n z p i l z l r
m c o m q
n z p n a k i p x - m o u l r
o b q b z k r
t q r m c t i p e k r
t q b r l x - k z p e
x l r m l e
t z m w x l r n g
t q a s u l e
n z p i l z l r
n z m n c p w z n g
n z w z t r n g
n z o - k r m
t q r m c t i p e k r
t q r m c t i p e k r
x l r b z l e
n z a b z o l r
t q v z p e - k z x
t q v z p e - k z x
t q v z p e - k z x
t q v z p e - k z x
t q r m c t i p e k r
t w z t x p o
t q r m c t i p e k r
t q r m c t i p e k r
t q v z p e - k z x
t q v z p e - k z x
l x l v r k i m l e
t q v z p e - k z x
t q v z p e - k z x
k r l z m l e
t q v z p e - k z x
t z y z l u p e - m o p w z n g
t q v z p e - k z x
t q v z p e - k z x
t q v z p e - k z x
t q v z p e - k z x
t q v z p e - k z x
k x y r l z
n a v z - k a i k r
k x p r k i
t q v z p e - k z x
a l v z t r l e
t w z t r k r
n z a n g i o
l v c - a l z u p q
m r t u t x
p r t r p o
t q v e a p e
k x g l r
k x l r p r
r p i - m o p w z
