t z v z n e p e n g
t q m w i t x p e
n z a b r t z k r
n z y r l w r t r - k r b z l r
n z a l v z t r l r
t q v z m i t r p e b z l e
n a r l a s z p e l r
t q r p i p e x
n a m c l e
d w a s x p x - k z p q g r
n z l z
t z v z o p e n g
r n g i - b a t r p q
t z v z o p e n g
t q v z p e m
n g r l a p l x p x k r
n z d w a t r - k r d e
t q v z m i t r p e b z l e
x l r m l e
t q m c p e l e
n z v z - k z n g
n z y c m n e - k r d e
v z - z v z x
v z - z v z x
t r v z n e - k a k r
t q p i b z k r
m c t x m
t q a m z b l q p x m c
n z v z p e - k r d r
t z v z - n g r
t q m c p e k r
t q v z b o
t q v z p e x
n z a t o l w a - n g r n g
n z r n i b q n g r
p n a t i b z k r
n a m n c - k a p q n g r
t q m c p e l e
v z p e m
n z m n c p e n g
t z v z n e p e n g
m n c n e - m o u - n g r g r
n a k a b z k r
v z p e m
t q w a i
t q r p n a - n g r m
t q v z o p e
m n q t i p e l e
t q m w i - n g r g r
v z t x
n z m n c l z b z
n z v z b z n g
t q v z m i t r p e l e n g
n z v z b z n g
n z t u n g r
o t i m
n z v z n e p e l r
t q p i p e m
n z v z k i l r
t q n g r l r l z p e
e t u t x
t q w x b u p x - n g r m
k q l u t x
n z v z - k r m
n z v z p x b z n g
m n r g r n g
t q w z t i p e l e
n z y a g o x - k r d e
t u p x m
n z v z - k z n g
t q p i b z
a m y a
t q v z p e m g r
t q p i b z k r
r m c t i l e
p z t i t x k r
n z m w i p x m
t u o m
t q m n c - l x b l r p e k r
n z r k a k r b z
n z m n c p e n g
n z r p i b z l r
v z - z v z x
n z v z
n z v z - k r n g e
v z t r l e
n e g u n g
m c l x
t r t z r p n a p e u
t q v z p e m g r
n z n g i k r
n z v z p e n g
v z t r n g r
m c l z k r
t q v z p e m
k r l z m g r
v z t x
v z t r n g r
d w a - r b r l z - n g r m q g r
n z r p i m l r
t q v z p e m g r
t q v z p e m
r m c t i l e
t q a e n z l i t i - n g r g r
n z a l v z t r n g
y z l u m g r
t z a n g c p e l r
t q v z - n q b l q n e n e
t z v z n e p e n g
n z v z - n g r m l r
t z v z n e p e n g
n z a n g i o
n a m w i
n a m n c t x p o
r p i - m o u p q l e
y c - n r b a l q
n z w z k r
r p i l e
t z y a p x p e n g
t q v z p e b z
y c m n e t r p z k r
n z v z - k r b z k r
n z p r p x k r
n z r p i b z
m c p x m
v z m i m q
r m c t i - n g r g r
n a l i n g
t z v z p e
n g r g u
v z x
v z m i o l e
n z r p i l z - k r d r
a s u m i p e b o
t q m w i - n g r g r
v z t x
t q m c p e x
t z v z - n g r
v z p e m
t q t r k a p e m
n z w z - z l w z - k r g r
t q v z b o
t r d o u
t q v z m i t r p e l e n g
n z r p i - a n i - k r m l e
n z v z - k r b o
t z v z o p e n g
n a m n c t x p o
n z y r l q
t q v z m i t r p e b z l e
t q a s u p e
n z g l q o l r
m c t r k r
v z - z v z x
k r l z m g r
t q b z p e
y c m n e p e
n a v z m i b z l e
t z v z p e
v z m i o l e
n z v z k a i - k r g r
v z - m o p w z k r
v z m i o l e
n a v z m i b z l e
t q m c p e x
t q v z p e b z
t r - r m n q u
t z v z p e - k a i n g
n z v z k i o l r
t q v z p e b z
n z r m n q - k r d r
n z v z - k z n g
t q v z - n g r g r
t q o t i p e l e
t z v z p e - k a i n g
n z v z
t q v z - n g r g r
t q v z p x p e
n z m n c l z b z n g
t q n g r l r p x p e m
m c p o
n z r p i l z - k r d r
t r v z n e - k a k r
t q r l r p e - n g r m l e
v z x
v z x
t q k a b z k r
n a r y z k r - n g r g r
t z v z p x p e b z n g
t q v z p e - k z x
n z w z k r
t q r p n a - n g r m
n z v z k i l r
t q o l v x t i - a t e l e
t z p r p x n g r
p x i q t x n e
n a p i t x t r - m o p o
t q r m c t i p e k r
t q m n c
t z v o p e
n z p r p x - k r d r
r n g i - b a t r p q
n z m n c l z b z
t q p i b z k r
t z r m c t i p e l r
k c m a
t q p i m e
n z v z k i o l r
n z v z p e - k r d r
t q v z - n q b l q n e n e
t q a s u p e b z
n z r p i - a n i - k r m l e
m c t x m
n z w z - k r n g e
t z a y o t i
t z v z n e p e n g
n z v z b z n g
t q t r k a ' n g r
n z m n c p e n g
v z k i m l e
n z v z - n g r m l r
n z r p i l z - k r d r
t z m w x l r n g
m n c l z - n g r m
n z v z - k r m
v z t r l e
n e m u n g
v z t r l e
t u l z m c
n z v z - n g r m l r
n z v z p e - k r d r
t q v z p x p e
t q v z p e m g r
y r n i - e b i r p e n g
v z - z v z x
t q v o t x - n g r p w z
t q m r l z - n g r d e
n z m n c p e n g
n a p i b z k u
t q v z - n q b l q n e n e
v z p e m
n a v z m i b z l e
n z d w a t r - k r g r
t q v z n e
v z - z v z x
p w r k i l v c - n g r g r
k x k q l u
t q p i b z k r
t q a s u l e
t z y c m n e t r p e - n g r d r
t z m n c - n g r d r
t q p i p e b z l e
t z m n c - n g r d r
t q v z p e - k z x
t q v z p e
t z r m c t i p e l r
t q m n c
t q v z p e - k z x
t q m n c
t q m n c
t q r k a l z p e m g r
t q v z p e x
m r n y z n g e
n y z ' d r
n y z d r
n z b z - k r g r
n z t u n g r
t q v z p e
n z v z p e n g
n z y c m n e k r b z
t z m w i - n g r d r
t z m n c - n g r d r
n z v z p e n g
t q a l v c - l z b q - n g r g r
t q n g r l r p x p e m
t q v z p e
t q m c p e k r
t q r m c t i p e k r
t q v z p e
t u o m
t q v z p e m g r
n z v z t r n g
t q v z p e m g r
n z v z p e n g
n z v z p e n g
n z m n c - k r g r
t q v z p e m g r
v z t r n g r
n z m n c n g
v z t x
n z v z p e n g
n z v z p e n g
t z v z p e - k a i n g
t q v z p e
n z v z p e n g
n z v z
n z v z p e n g
n z o b q - k a p q n g r
n z m c k r
t q v z p e
n z m n c p e n g
t q v z - n g r g r
v z t r n g r
n z v z p e n g
d r l z d r n g
n z v z p e n g
t z v z p e - k a i n g
t q v z t r - m o p w z k r
t q v z p e m
n z v z
t q v z p e m g r
t z m w i - n g r d r
n z o t i p e - k r m
n z m c t r
v z t r n g r
t z s i k l u n g
n z v z p e n g
n z v z p e n g
t q v z - n g r g r
n z m c k r
m n c p e x
t q a l v c - l z b q - n g r g r
t q v z b e
n z d w a o n g r
v z t r n g r
t q v z p e
t q v z - n g r g r
t q v z - n g r g r
v z t r n g r
t z v z - n g r
t q v z p e
t z v z p e
n z m c k r
t q v z - n g r g r
n z m c t r
t q r p i p e x
t z v z - n g r
t q v z p e b z
t z v z - n g r
n z v z
v z t r n g r
n z v z p x n g
n z v z p x n g
m n c p e x
n z v z
t q v z t r - m o p w z k r
n z v z p x n g
t r v z n e - k a k r
n z v z p e n g
v z t r n g r
t q v z p e m
t z v z p e
t q v z - n g r g r
v z t r n g r
n z v z p x n g
t q m u - n g r g r
n z v z
t q v z - n g r g r
t z v z p e
t q m c p e x
n z v z
t q m c p e l e
t z v z - n g r
t q p i m e
t z v z - n g r
v z t r n g r
n z v z
n z v z
v z t x
n z v z p x n g
n z v z
t q v z p e m
v z t r n g r
t z v z p e
t q m c p e x
n z v z
n z y c m n e - k r d e
t z r y z k r n g
t q v z t r - m o p w z k r
t z v z p e
t q p i m e
n z v z
n z v z
t z v z - n g r
m n c p e x
t z p r o p e n g
n z v z p x n g
n z v z
v z t x
t q v z p e m
v z t x
n z y c m n e - k r d e
t q v z p e m
n z v z p x n g
t q n g r l r p x p e m
n z v z p x n g
a l v z t r l e
n z v z p x n g
n z v z p x n g
n z v z k a i - k r g r
t z v z p e
n a v z n g
t q v z - n g r g r
t r v z n e - k a k r
n z m c k r
t q m c p e l e
t q v z t r - m o p w z k r
t z v z o p e n g
t z m w i - n g r d r
t q v z p e m
t r t q w z p e u
n z a b r t z n g r
t z v z - n g r
t z v z - n g r
n a v z n g
n z v z
t z v z - n g r
n z m c t r
t q v z p e b z
t q v z p e b z
t q v z t r - m o p w z k r
t z v z - n g r
t z v z - n g r
t q v z t r - m o p w z k r
t z v z o p e n g
n z l z t i n g
t q v z t r - m o p w z k r
n a v z n g
t q v z t r - m o p w z k r
n z m r l z k r
k x e s z '
n a m n c t x p o
t z v z o p e n g
n z v z p x n g
n a o b q - k a p q p x
t r v z n e - k a k r
t z v z n e p e n g
n z a p u s r - k r d r
t q v z t r - m o p w z k r
t z v z o p e n g
t q v z p e m
t q v z t r - m o p w z k r
n a v z n g
t q v z p e m
t q v z - n g r g r
t z v z o p e n g
n a v z n g
t q m c p e x
t q v z t r - m o p w z k r
t q p r t r p e b z k r
v z t x
t z v z o p e n g
t q o t i m l e
t q p i p e m
n z m c t r
v z t x
t q r p i p e x
t q p i m e
n z o t i p e - k r m
t z v z - n g r
m n c l v z r n g r
t z v z o p e n g
n z v z k i l r
t q v z - n g r g r
t z v z o p e n g
k c n g p e
n z v z p x n g
t q v z p e b z
t q v z p e
n a m n c n e - n g r g r
n a v z n g
t z v z n e p e n g
t q v z p e b z
t z v z o p e n g
n z v z k i l r
n a v z n g
n z v z k i l r
n z d w a t r - m o u - k r g r
t z v z o p e n g
t z v z n e p e n g
n z v z k a i - k r g r
t q y r p u p x
t q p i p e m
n a v z n g
t z v z o p e n g
t q p i p e m
t z v z n e p e n g
t q m w i - n g r g r
t r v z n e - k a k r
t z v z o p e n g
v z t x
n z r k a t x n g r
v z t x
t z k r l z p e - a t e l r
n z v z k i o l r
n z v z k i l r
t z v z n e p e n g
t q m c p e b z k r
n z v z k i l r
n z v z k i o l r
n z v z k i l r
n z o t r p z n g
t q v o b e
t q v z p e b z
n z v z k i l r
n z m c t r
v z p e m
n z v z k i o l r
m c t r k r
n z a t u p x - n g r m
t q p i p e m
v z p e m
n z v z k i o l r
n z v z k a i - k r g r
n z v z k i l r
t q y r n i t x p e
n z k r l z m l r
n a v z n g
n z v z k i l r
v z p e m
t z a p u l r
t z v z n e p e n g
v z p e m
n a v z n g
v z p e m
t q m c p e k r
n z v z k i l r
t z r m c t i p e l r
n z v z k i o l r
n z v z - k r d r
t q m c p e
t z v z n e p e n g
n z v z - k z n g
v z p e m
t q r p i p e x
n z v z k i l r
v z p e m
n z v z - k z n g
v z x
v z p e m
v z p e m
n z v z k i o l r
v z p e m
v z p e m
m w i - n g r g r
v z t r l e
n z v z k i o l r
n z v z p e - k r d r
v z p e m
v z t r l e
v z t r l e
t z v z n e p e n g
n z v z - k z n g
n z v z - k r n g e
v z p e m
v z t r l e
n z v z - n g r m l r
v z p e m
n z v z k i o l r
t q v z m i t r p e l e n g
n z w z t r n g
t z v z n e p e n g
t r v z n e - k a k r
n z v z - k r n g e
t r v z n e - k a k r
t z r t w z - k z n g
t q r p i p e x
v z x
t q v z p x p e
m c t r k r
t z k r l z p e - a t e l r
n z v z - k r n g e
n z v z - n g r m l r
t q v z p x p e
n z v z - n g r m l r
n z w z - k r n g e
t q v z p x p e
v z x
t u p x m
n z v z - k r b z k r
t z v z n e p e n g
n z v z b z n g
v z t r l e
v z t r l e
n z v z - n g r m l r
n z l x n g i t i - k r d e
v z x
t q v z m i t r p e l e n g
n z v z - k z n g
n z v z - k r n g e
t z m u p e - n g r d r
n z v z - k r n g e
n z v z p e - k r d r
t q v z m i t r p e l e n g
v z p e m
n z v z - k r b z k r
t q v z m i t r p e l e n g
t r v z n e - k a k r
r m c t i - n g r g r l e
t q v z p x p e
t q m c p e k r
t q p i p e b z l e
n z t a v e t r
t q v z p x p e
n z v z - n g r m l r
n z d w a t r - k r g r
n z v z - k z n g
n z v z - n g r m l r
n z v z - n g r m l r
n z v z - k r n g e
v z t r l e
n z v z - n g r m l r
t q v z p x p e
v z x
n z v z - n g r m l r
n z v z - n g r m l r
n z v z - k r n g e
v z x
t r v z n e - k a k r
t q v z b o
v z x
n z v z - n g r m l r
v z t r l e
n z v z - k r n g e
n z v z b z n g
n z v z - k z n g
t q v z p x p e
n z v z - n g r m l r
m n c t i k r
n z v z n e p e l r
t q v z m i t r p e l e n g
n z v z - k r b z k r
t q v z p x p e
n z v z b z n g
n z v z - n g r m l r
n z v z p e - k r d r
n z v z - n g r m l r
n z v z p e - k r d r
n z v z - k z n g
n z v z b z n g
t q v z m i t r p e l e n g
n z v z p e - k r d r
k r l z m l e
t q v z p x p e
n z v z b z n g
n z v z n e p e l r
n z a t u p x - n g r m
t z n g r l r k i o p e l r
n z v z - k z n g
v z x
v o k r
v z x
t q v z p x p e
n z v z - k r n g e
t q m w x l r p e k r
n z v z b z n g
n z v z - k r b z k r
v z k i m l e
n z v z b z n g
n z r m c t i l r
t r v z n e - k a k r
t q v z p x p e
d w a t r k r
t q p i b z k r
n z v z - k r b z k r
r m c t i - n g r g r l e
r k a l z m
n z v z p e - k r d r
n z v z b z n g
n z v z k a i - k r g r
m n c t i k r
n z v z - k r n g e
t q v z p x p e
m n c t i k r
r p i l e
n z m n c l z b z n g
n z v z n e p e l r
n z v z n e p e l r
t z v z p x p e b z n g
n z r p i l r
t q n g r l r l z p e
n z v z - k r n g e
n z v z p e - k r d r
r m c t i - n g r g r l e
n z v z p e - k r d r
t q m w i t x p e
t q v z b o
m n c t i k r
r k a t r p q
n z v z n e p e l r
n z v z - k r b z k r
t q v z p x p e
n a m n c - k a p q n g r
t q r p n a p e - n g r m l e
v z m i o l e
n z v z n e p e l r
t q v z m i t r p e b z l e
t u p x m
r m c t i - n g r g r l e
n z m n c l z b z n g
n z v z n e p e l r
n z v z - k r b z k r
n z v z b z n g
t q v z m i t r p e b z l e
n a m n c t x p o
n z v z b z n g
v z k i m l e
m n c t i k r
x l r k r
t z v z k i n e d r
r m c t i - n g r g r l e
n z v z p e - k r d r
t z v z p x p e b z n g
n z v z n e p e l r
n z v z - k z n g
t z v z k i n e d r
n z v z n e p e l r
n z w z t i - k r b z l e
n z v z p x b z n g
t z v z k i n e d r
t q v z m i t r p e b z l e
n z v z p x b z n g
n z v z - k r n g e
t q p i p e b z l e
n z v z - k r b o
n z v z - k r b z k r
m c p o
t z m c p x p e b z l r
v z k i m l e
t q v z m i t r p e b z l e
m n c t i k r
n z v z - k r b o
n z v z - k r b z k r
n z v z - k r b z k r
t z v z k i n e d r
n z m n c l z b z n g
n z v z - k r b z k r
n z v z p x b z n g
n z v z - k r b o
n z v z - k r b o
n a k a t x b z l e
t q v z m i t r p e b z l e
t z m u p e - n g r d r
m c p o
v o m l e
n z m c t x p w z
v z k i m l e
v z k i m l e
n z m n c l z b z n g
m a l e l e
n z v z p x b z n g
t q v z m i t r p e b z l e
n z v z - k r b z k r
t z v z k i n e d r
t z v z p x p e b z n g
n z v z - k r b o
n z m n c l z b z
t q v z m i t r p e b z l e
n a m n c - k a p q n g r
n z v z - k r b o
v z k i m l e
v z k i m l e
v z k i m l e
t q v z b o
t z v z k i n e d r
t z m n c t x - a l o p e n g
t q m n c - l x b l r p e k r
v z m i o l e
t z v z p x p e b z n g
r p i l e
n z v z - k r b o
t q v z m i t r p e b z l e
n z v z p x b z n g
t z v z p x p e b z n g
n z r p w ' a - k r d e
n z v z p x b z n g
r m c t i l e
n z v z p x b z n g
v z m i o l e
v z k i m l e
v z m i o l e
t q v z m i t r p e b z l e
t q v z m i t r p e b z l e
v z m i o l e
t q v z m i t r p e b z l e
n z m n c l z b z
n z t w z - k r n g e
n z v z - k r b z k r
t z v z k i n e d r
t z v z p x p e b z n g
m w i t x
t q m w i t x p e
n a d w a p e k r
v z k i m l e
t q v z b o
n z v z b z n g
m c p o
t z v z k i n e d r
t r k r l z w x u
n z v z - k r b o
t u p x m
v z k i m l e
t z v z k i n e d r
v z m i o l e
v z m i o l e
n z v z - k r b z k r
t q v z b o
n z v z p x b z n g
n z a t u p x - n g r m
n z m n c l z b z n g
n z v z p x b z n g
t q v z b o
m c l x
t z v z p x p e b z n g
m n c - e p e l z l e
n z v z - z v z b z n g
m w i t x
v z m i o l e
t q v z b o
n z p n a k i p x - m o u l r
n z r p i m l r
v z m i o l e
n z v z - z v z b z n g
t q t u n e p w z
v z m i o l e
n z r m c t i l r
t q t u p x m
r m c t i l e
m n c - e p e l z l e
d w a l z m g r
m c l z k r
n z v z - z v z b z n g
t q v z b o
t q v z b o
n z r p i m l r
k r l z p e b z k r
t z m n c t x - a l o p e n g
n a v z b z
n z v z - k r b z k r
t q v z b o
n a p i b z k u
m c l x
n z v z - z v z b z n g
n z o t i - k r m l e
n z v z p x b z n g
t q r p i b z l e
d w a t r k r
m c p o
n z m c t x p w z
m c l z k r
t q r p i b z l e
t q v z b o
n a v z b z
n z v z - z v z b z n g
r m c t i l e
n a p i b z k u
t q p i b z
n z v z - z v z b z n g
t q t u l z
r m c t i l e
n z v z - k r m
m e i t x t a t x p x
n z r p i m l r
y c p x
r m c t i l e
r k a t r p q
t q p i b z
m c p o
t q v z b o
r m c t i p e k r
n z r p i b z l r
n z m c t x p w z
t q v z b o
t z m n c t x - a l o p e n g
n z r p i b z l r
t u t i p x - n g r m
m c l x n g
t q p i b z
m c p o
n z r p i b z l r
m n c l z - n g r m
n z m c t x p w z
n a m n c - k a p q n g r
t q p i b z
n a m n c - k a p q n g r
o b q p x k r
v z p x b z k r
n a v z b z
n a v z b z
n z v z - k r m
n z m c t x p w z
n a y a p w x t i b o
n a p i b z k u
m c l z k r
n z v z - k r m
t u t i p x - n g r m
n z m c t x p w z
n a v z b z
n a p i t x t r - m o p o
v z p x b z k r
v z p x b z k r
n z v z - k r m
n a p i t x t r - m o p o
v z p x b z k r
n z r p i b z l r
n a v z b z
m n c l z - n g r m
v z p x b z k r
n z v z - k r m
m c l x n g
n a v z b z
m c l x
n z v z - k r m
n z v z - k r m
t u p x m
t q t u n e p w z
v z p x b z k r
k x l i
n z v z - k r m
m c l x n g
n a v z b z
v z p x b z k r
v z p x b z k r
n a v z b z
n z o - k r m
t u t i p x - n g r m
v z p x b z k r
n a k a t x b z l e
n z o l z - k r m l e
t q a s u l e
t u t i p x - n g r m
t u n e p w z
k x t o p w z
v z p x b z k r
n a p i t x t r - m o p o
t q v z - n q b l q n e n e
t u t i p x - n g r m
m c l x n g
t u l z m c
t q v z - n q b l q n e n e
p i b z l e
p i b z l e
t q v z - n q b l q n e n e
t q v z - n q b l q n e n e
n a y a - p w z - t i p e x
m n c - m i p e - a m u
v z - z v z x
t q v z - n q b l q n e n e
m c p x m
n a v z m i b z l e
m c p x m
n z r p i - a n i - k r m l e
v z - z v z x
t q v z - n q b l q n e n e
v z - z v z x
v z - z v z x
v z - z v z x
m c l x n g
n a v z m i b z l e
t q v z - n q b l q n e n e
m c p x m
v z - z v z x
m n c - m i p e - a m u
v z m i m q
n a v z m i b z l e
r p i - m o u p q l e
n a v z m i b z l e
v z m i m q
p i b z l e
k x t o p w z
t q v z - n q b l q n e n e
v z m i m q
v z m i m q
n a v z m i b z l e
n a v z m i b z l e
v z - z v z x
n a v z m i b z l e
v z m i m q
n z r p i - a n i - k r m l e
n a v z m i b z l e
v z m i m q
m c p x m
b z a m u
n a v z m i b z l e
n a v z m i b z l e
n z r p i - a n i - k r m l e
n a v z m i b z l e
n z r p i - a n i - k r m l e
n a v z m i b z l e
d w a t x t r x
v z m i m q
n a p i t r - m o u p o
d w a t x t r x
m c t x m
m c t x m
v z m i m q
m c t x m
m c t x m
n g r d e
s c d r
