t q y r p u p x
t q v z p e b z
t z v z k i n e d r
t q v z p e m
t q v z k i l z m l e
n z x l r m l r
n g r l r m i m l e
m r b r p e
n z v z p x b z n g
t r n z l x n g i t i k a l r
n z v z - n g r m l r
t q m r l z p e
t q n g r l r p x p e k r
b z t i p e d e
d w a l z m g r
t z m n c - n g r d r
k x p w x
t z n g r l r k i o p e l r
n z v z - z v z b z n g
n z v o u n e o p e m
n z v e c p w z n g
d w a l z m g r
n z v z - k z n g
n z e t u p e - k r n g e
n z v z b z n g
n a v z b z
m c l z k r
t z v z o p e n g
t z v z p e - k a i n g
t q v z p x p e
n z r p i m l r
n z v z - k r n g e
t q v z b o
t q m c p x b z k r
v z m i m q
t q v z p e x
n z v z - k r b o
n z v z p e n g
n a v z - k a i k r
n z v z k a i - k r g r
t z l v c m l r
r k a t x m
n z t u - z v z - k r d e
t q v z m i t r p e l e n g
y r l z t i l e
k x t o p w z
n a v z b z
t q v z b o
t z k u k i r p e l r
v z k i m l e
t u o m
t r n z p i - k r p o ' u
n z v z p e - k r d r
n z l z t r - n g r d e
t q l u - n g r g u
n z a g l q n g r
t z r m c t i p e l r
n z v z - k r b o
n z y c m n e k r b z
v z p e m
n a y a - p w z - t i p e x
v z k i m l e
r t w z t x - n r b a l q b o
n z v z - k z n g
n z r v z m i n g r
n a v z m i b z l e
m c t r p z l e
n z v z - k z n g
n z v z - z v z b z n g
n a p i b z k u
t q r m c t i p e k r
n z r m c t i l r
t q y a p x p e b z
n a v z n g
t q r p i b z l e
t q v z p x p e
t q w z t i p e l e
n z a y r p l a p x - k r d e
a b z o k r
m n c m i b z l e
m w i t x
t z v z n e p e n g
k r a p w x
m c l x n g
t w z t x p o
n e n g e n g
n z v z - z v z b z n g
m z n r y a g w e n g r l c
t q p i m e
m w x l r - n g r g r
n a n g r l r t r k i
r p i o b z l e
n z v z k i l r
n z r p i b z
t z t a v e t r l r
p r t r p o
v z m i m q
v z t r l e
v z m i o l e
d r t w r d e
t q v z p e b z
n z v z - z v z b z n g
t z v z o p e n g
n z w z - z l w z - k r g r
t q r p n a p e - n g r m l e
t q a s u l e
n a p i t r - m o u p o
n a v z b z
t q p n z ' p e l e
n z d w a o n g r
t z a m r b r t r l r
t q v z p e m g r
t q v z p x p e
n a k a b o
t q a y r n i p e
k x p c
t u n e p w z
a s u m i p e b o
t q p i b z
t z v o p e
m n c l v z r n g r
n z v z - z v z b z n g
n z v z p x n g
t q y r k r p e
t q o t i - a t e m
n z o t i p e - k r m
y r n i - e t r t x k r
t q p i p e m
p i b z l e
t z r m c t i p e l r
n z a b r t z - z v z n g r
n z k a l z m l r
t q v z t r - m o p w z k r
t q v z p e x
m z l w e d e n g
t q r p i p e x
r m c t i - n g r g r l e
n a v z m
t z m n c t x p w z
t q m r l z p e
n z v z p e - k r d r
n a v z n g
n a d w a p e k r
t z v z n e p e n g
n z v z - k r n g e
n z y a l z - k r g r
n a m w i
m w i t x k r
n z b o m l r
t q v z p e m g r
t z v z p e - k a i n g
t q m n c t r p
t q a b r t z - z v z - n g r g r
t r n z m c l r u
t z k u k i - n g r d r
t r t q k a p e p w q l e
k x n z t o p w z
n a v z - k a i n g
t q v z - n q b l q n e n e
n z t u - z v z - k r d e
m c l x n g
t q v z o p e k i
t q v z p e b z
n z m n c p e n g
t z v z - n g r
n a t w z b z l r
t q o - z l i o p e k r
m a l e l e
w z t r p o
n z m c k r
n z v z - k r m
t q t u l z
l o l v z o a m u
n z a b r t z l v z l r
t r v z n e - k a k r
m c l x n g
r p i - m o u p q l e
m c l x n g
n z v z
t q r g l q t i k r
t r v z n e - k a k r
t q v z - n q b l q n e n e
t u t x l z m
n z v z - k r b o
n z v z - k r m
n z a t u p x - n g r m
y a n e - z v z k r
m c t r k r
v z t x
n z r p i b z
t z v z p e
n z m c p x
k x n g r l x o b z l e
m r b r t x
n a l i
y r l z t i l e
n z r k a l z m q n g q
n z v z k a i - k r g r
t q v z - n q b l q n e n e
t z v z p e
t q v o b e
t q y a p w x t i p e m l e
t q r p i b z l e
t z s i k l u p x - n g r m l r
n a v z b z
t z v z k i n e d r
n z r m c t i l r
n z v z p e n g
n z m c k r
t q r m c t i p e k r
t q v z o p e k r
n z v z p e n g
n z a t u p x - n g r m
t q m c t i k u n g
r g l q p x k r
t q v z t r - m o p w z k r
n z v z - k r m
n z v z - k r m
n z v z - k r b o
o t i m
t q v z p x p e
p i b z l e
m c l x
k r l z p e b z k r
n z t u n g r
t z v z - n g r
n z v z
t q t u l z
x l r m l e
t z v z p e
n z v z k i o l r
t q r p i b z l e
v z x
t q v z t r - m o p w z k r
t q w z t i p e l e
n z r p i m l r
n e m u n g
t q m u k r
r l r - n g r m e
n z v z k i l r
v z t r n g r
t q d w a p l r k r n g
n z v z - n g r m l r
v z t r n g r
t q v z p e m g r
n z v z - k r m
n z v z p e n g
n a p i t x t r - m o p o
t z v z p x p e b z n g
n z v z n e p e l r
n z v z k a i - k r g r
t q y c m n e - n g r g r
n z v z k a i - k r g r
t z x l r o p e l r
t z l v c - a t e n g
n z v z k a i - k r g r
n z v z - z v z b z n g
t z s i k l u t i
n z b a o - k r d e
m n c - e p e l z l e
n z v z k a i - k r g r
t q v z m i t r p e l e n g
n z r p i - a n i - k r m l e
n z v z - z v z b z n g
n z v z k a i - k r g r
n z y a p w x - k r d r
y r k r p x b z l e
m n c - e p e l z l e
a b r t z l v z k r
n c n q n g q
n z r n g i s c - k r d e
n a n g i p e
n z r t a n g r t i - k r g r
m n c - e p e l z l e
t q w x b u p x - n g r m
n z o - k r d e
n a v z n g r
t q v z m i t r p e l e n g
n z b z - k r g r
n e m
n e d r
n e g r
n e d e
n e d r n g
n e n g e
n e g u n g
n z v z - z v z b z n g
t r t e n g e
t q m n c - l x b l r p e k r
t q v z m i t r p e b z l e
t q v z m i t r p e l e n g
t q v z m i t r p e l e n g
n a m n c - k a p q n g r
t q v z m i t r p e b z l e
t q v z m i t r p e b z l e
t q v z m i t r p e b z l e
m n c - e p e l z l e
n a m n c - k a p q n g r
n z r m n q - k r d r
t q v z m i t r p e b z l e
t q v z m i t r p e b z l e
t q v z m i t r p e b z l e
t q v z m i t r p e b z l e
n z m u - k r g r
t q v z m i t r p e b z l e
t z m c p x p e b z l r
n z p r p x - k r d r
n a m n c - k a p q n g r
t q v z m i t r p e b z l e
t q v z m i t r p e b z l e
t u t i p x - n g r m
t q v z m i t r p e b z l e
t q v z m i t r p e b z l e
k z t e d r
t q v z m i t r p e l e n g
t q v z m i t r p e l e n g
t u t i p x - n g r m
n z r p i - a n i - k r m l e
a s u m i p e b o
t q a s u p e b z
n z y c m n e - k r d e
t q v z m i t r p e l e n g
t q v z m i t r p e l e n g
r m c t i - n g r g r l e
n z y c m n e - k r d e
n z a o l v z b z l r
t q m c p e b z k r
n a y a p w x t i m l e
t q v o t i t r p e m l e
n z p c t i k r
n z w z - k r g r
n z w z - z l w z - k r g r
t q m n c - l x b l r p e k r
t q n g y a p e
n z d w a t r - k r d e
t q v z m i t r p e l e n g
t q a s u p e b z
t r s u k a
t z m u p e - n g r d r
r m c t i - n g r g r l e
n z y r l q t r p z l r
n z w z - k r g r
t z m u p e - n g r d r
t q r k a l z p e m g r
t q v z m i t r p e l e n g
n z w z t i - k r b z l e
t q m n c - l x b l r p e k r
t u t i p x - n g r m
n z y c m n e - k r d e
t q r p n a p e - n g r m l e
t u t i p x - n g r m
r m c t i - n g r g r l e
n z b z - k r g r
n z a y o n e p e - k r d r
t r n z p i - k r p o ' u
n z y c m n e - k r d e
r m c t i - n g r g r l e
n z - z p q t r - k r d r
n z d w a t r - m o u - k r g r
n z d w a t r - k r g r
n z d w a t r - m o u - k r g r
n z m u - k r g r
k a l z m l e
n z d w a t r - k r d e
t u t i p x - n g r m
t u t i p x - n g r m
n z d w a t r - k r d e
a s a - n g r g r
n z y a g o x - k r d e
t u t i p x - n g r m
t z m n c t x - a l o p e n g
t q a m r b r t r p e l e
a m r b r t r l e
m r b r l z m
k c m a
k c p e
n z d w a t r - k r g r
n z d w a t r - m o u - k r g r
n z e t u p e - k r n g e
n z w z t i - k r b z l e
m n c - e p e l z l e
t z m n c t x - a l o p e n g
t q v z - n q b l q n e n e
t q v z - n q b l q n e n e
t q v z - n q b l q n e n e
t z m n c t x - a l o p e n g
t q v z - n q b l q n e n e
t q v z - n q b l q n e n e
t q v z - n q b l q n e n e
n z p r t r - k r n g e
t q v z - n q b l q n e n e
t q v z - n q b l q n e n e
t q v z - n q b l q n e n e
t q v z - n q b l q n e n e
t r n z p i - k r p o ' u
t q v z - n q b l q n e n e
n z r k a t x - k r d r
n z m w a - k r g r
t r n z p i - k r p o ' u
t q v z - n q b l q n e n e
n z m w i p e - k r n g e
t q v z - n q b l q n e n e
t q v z - n q b l q n e n e
n z l x n g i t i - k r g r
t q v z - n q b l q n e n e
t q v z - n q b l q n e n e
t q v z - n q b l q n e n e
n z w z - z l w z - k r g r
t r y c m n e - k a k r
t q k q l e p e b z l e
t q v z - n q b l q n e n e
n z w z t i - k r b z l e
t z y c m n e - n g r p e m l r
t q m n c - l x b l r p e k r
t r n z p i - k r p o ' u
n z w z t i - k r b z l e
t q v z - n q b l q n e n e
t q v z - n q b l q n e n e
t q v z - n q b l q n e n e
t q v z - n q b l q n e n e
t q v z - n q b l q n e n e
t r n z p i - k r p o ' u
t q v z - n q b l q n e n e
n z b o m l r
n z p n a k i p x l r
t q r k a l z p e m g r
n z l x n g i t i - k r d r
n z r l z - k r b z l e
n z l z t r - n g r d e
n z a m a - k r d e
t q x n g i - a t e b z k r
n z w z t i - k r b z l e
t r n z p i - k r p o ' u
t r n z p i - k r p o ' u
t z m n c t x - a l o p e n g
t z m n c t x - a l o p e n g
t z m n c t x - a l o p e n g
n a a g l q p e k r
n z w z - k r g r
t z k r l z p e - a t e l r
n a a g l q b z l r
n z o p x - n g r m
t q o p x p e - n g r d e
t z y z l u p e - m o p w z n g
n z r p i - a n i - k r m l e
n a p i t x t r - m o p o
t z m n c t x - a l o p e n g
t z y c m n e - n g r p e m l r
n z r p l a m e i t i - k r d e
n z p n a t i - k r b z m u
n z t u - z v z - k r d e
t r n z p i - k r p o ' u
n z k a l z m l r
n z w r d e
k a o m a m u
a s u m i p e b o
t r s u k a
t q a s u p e b z
n z m c p x
r m c t i p e k r
t z k r l z p e - a t e l r
n z x l r - k r g r
t z m n c t x - a l o p e n g
t q m u - n g r g r
t z r t w z t i p e - k z n g
n z k q o - k r m
n a k q t x o m
n a p i t x t r - m o p o
n i b r n g e
n z r p i b z
n z r p w ' a - k r d e
n a k a b z k r
n z k a p x m l r
n z r k a t i p x m q n g
n a k a m l e
t q r k a b z
n z k a t x p x - k r b z l e
n z k a t x - k r b z l e
r k a m
n z k a l z - n g r m l r l e
n z r k a k r b z
p w r k i l v c - n g r g r
n z t u - z v z - k r d e
n z t u - z v z - k r d e
n z w z - k r g r
n z p n a t i - k r b z m u
t q n g r l r p e k r
l i t x t r
l i p w z
r l i l r m u
t q r p n a p e - n g r m l e
t q o t i p e m l e
t w z k i p x l e l e
n z t c n g r l z k r
t z r t w z t i n g
n a r t w z m
n z t w z t r k r
n z r t w z - k r m l r
t w z t r l e
t z t w z n e d r
t q a m a o p e
t q a m a - a t e k r
n z o b q p x b z
o b q o b z
y r k r t x o
t z x l r o p e l r
n a y a p w x t i b o
n z y a p w x - k r g r
m n c - m i p e - a m u
t q y r p u t i p x n g r
n z t q n g
t q w z t i p e l e
t q n g r l x o p e
n z r m a l v z - k r g r
r m c t i p e k r
n z m c p x
n z r p i b z
d w a s x p x - k z p q g r
t q a l v c - l z b q - n g r g r
n z p n a t i - k r b z m u
n z a c l v e - k r b o
t z y c m n e t r p e - n g r d r
n z r p i b z
d w a s x p x - k z p q g r
n z m u - k r g r
t z p x i b e n g
n a k q t x o m
n z k q o - k r m
n a p i p x - l z b q n g
n z r p i l z n g r
p i p x - l z b q
n z r t r n g r - n g r b z
t r l r p r k r u
t z y r n i n e t r p e b z n g
t q y r n i t x p e
y r n i - e b i r p e n g
n z l x n g i t i - k r d e
t q m u - n g r g r
d w a s x p x - k z p q g r
t q w z t i p e l e
n a o k i l r
d r t q g r
d r t q d r
n a a g l q p e k r
t z y c m n e t r p e - n g r d r
t z y c m n e t r p e - n g r d r
t q y r k r p e n g r
t q y r k r t r - a t e m
n z y a l z - k r g r
g l a l z l e
x l r k r l e
t q a l v c - l z b q - n g r g r
t r t q k a p e p w q l e
b x p i z p x
n z m c p x
t q y r p u t i p x p e
t z y c m n e - n g r p e m
t z y c m n e p e b z
n z y c m n e k r b z
t r t r k a - z l w z p w z u
n z r m n q t x n g
m n c - m i p e - a m u
t q y r k e l v z x
t q y r k e l v z q
d w a l z m g r
t q d w a p l r k r n g
t z p n z - l z b q n g r
d r t w r d r
d r t w r n g e l e
t z k u k i r p e l r
n z m u - k r d r
m n c - m i p e - a m u
m n c - m i p e - a m u
n z m u - k r d r
t q y c n g r
l r d r
l c p e
t q d w a p l r k r n g
t q w x b u p x
t q w x b u p x - n g r m
r m c t i p e k r
n z b r l c l v z n e p x - k z p q
n a r y z k r - n g r g r
p w x p w z
y c - n r b a l q
n a y c t i p x m
m n c l v z r n g r
t z m w i p e n g
n a m a p u p e b z l e
n z y c m n e - k r b z l r
n a t q n g e
t z a k i - l z b q p e
m n c - m i p e - a m u
n z r n i b q n g r
n a o b q - k a p q p x
m n c - m i p e - a m u
m n r g r
m n r g r n g
m n r n g e
t q o l v x t i - a t e l e
y r b q o a m u
n a r l x t i t x - p w z k r
n z y r p u t i p x k r
t q y r p u t i p x p e
n z m u - k r d r
n z m c p x
r m c t i p e k r
n z a b r t z - z v z n g r
n e d r n g
n e d r
n e m u n g
n a a g l q b z l r
t z r p i p e l r
k q l e p e l e
t q r k q t i p e
t r k q o p q l e u
t q m u - n g r g r
t q a m z n r p e l e
n a - a e n z l i t x k i
n z a b r t z - z v z n g r
m n c - m i p e - a m u
n a y a - p w z - t i p e x
n z t u - z v z - k r d e
n z b z s z n g
b z p e k r
n z m u - k r g r
m e i t x t a t x p x
n z p r p x - k r d r
m n c - m i p e - a m u
t q w z t i p e l e
n a k a b o
t r n z m n e t i u
m n c l v z r n g r
t r t e g r n g
t r t e d r
t r t e g r
m r b r l z m
t r n z y a g o x - k r g r u
k x n z y a g o x n g
b o o n g r
n e g u n g
n e d r n g
n e d r
n e m u n g
n a r y z k r - n g r g r
k r l z p e b z k r
n a p i p x - l z b q n g
n z n g r l r t r n g
m n c l v z r n g r
n z y c m n e k r b z
t q m e i p x
p l a m e i t x d e
t q a e n z l i k r
n z l u t x p w z n g
t q d w a p l r k r n g
d w a l z m g r
n z b o m - k r d e
t z y r n i n e t r p e b z n g
t q y r n i t x p e
n a b z d r
n z r p i b z
y r w i t x p x l e n g
t r t r k a - z l w z p w z u
t q t r k a m i
n z a t r k a t i
k c m a n g
k c m a
t z t a v e t r l r
t q w z t i p e l e
n a k a b o
n z m c p x
m z ~ n i b r d r
y c m n e t r p z k r
n z r p i b z
t z o d u t r - l x b l r - m o u n g
l a p e
l a p w z
t z r t w z t i p e - k z n g
n a a g l q p e k r
t r k q o p q l e u
d r t w r g r
t z l v a b e t r p e b z
n z p n u - l i g r
t r n z y a g o x - k r g r u
p w x p w z
n e d r
n e m u n g
n e g u n g
n e d r n g
n z r l a s z - a t e - k r d r
n a - a m r l z t r - n g r b z l r
k x t r m r l z u
t q m r l z x
n a o k l a t i t r - m o p q g r
t r n z y a g o x - k r g r u
t q y a p x p e b z
t r n z k q l u - k r p e p w q g r u
n z b o m - k r d e
k c m a n g
k c m a
y a o m q g r
n z y a l z - k r g r
y r n i - e b i r p e n g
t q y r n i t x p e
t z y r n i n e t r p e b z n g
n c b l o n g r
v z m i t r p e l e
n z v z p e k r
n z v z m i - k r g r
v z t r p z
v z k i p e m l e
v z m i t r l e
v z - n g r b z k r
t q v z t r p e b o
t q v z n e - z v z k r
t q v z n e
n z v z n e - k r g r
t q v z k i l e
v z t x p e - n g r d e
t q v z - n g r n e
v z o
n z v z o - n g r m
n z v z k i o p e - k z l r
t q v z - n g r m o
t q v z p e - m o u k u
t q v z k i p x
v z - n q b l q m
t q v z d z k r
v z - m o p w z k r
t q v z t r p e k r
t q v z p e b o
n z v z m q n g
t q v z t x p e
t q v z t x
t q v z o p e
n a v z d z k r
n z v z k i
n z v z o - k r m o p w q k r
n z v z - k r b z
n a v z - m i p e x
t q v z d z p e - n g r m g r
n z v z o - k r d r
n a v z k r
n z v z - k r m g r
t z v z o n g
t q v z - n g r m l e
v z p x m
n a v z b z k r
v z - z v z k r
r v z m i m
t q r v z m i p w q
v z b z k r
n a v z - k a i p o
n z v z p x m q n g
n a y a - p w z - t i p e x
x n g i t x t r l e
n z w a i n e - n g r b z l r
n z r t a n g r t i - k r d r
t q t r k a ' n g r
n z x l r b z l r l e
x l r k r l e
n z y c m n e k r b z
n z a n g i o - k r g u
n z a n g i o - t x p w z l r
n z r p i l z - k r d r
n a - a e n z l i m g r
k r l z p e b z k r
n z r p i b z
w x b u p x - n g r m
n z m c p x
r m c t i p e k r
n a p i p x - l z b q n g
n z m w x l r t i - l z b q n g
t r m w x l r k r u
t z l v c l z p e - n g r d r
t z l v c m q n g
n z l v c n e n g
n z l v c n e - k r d r
t z l v c n e n g
n z l v c - k r m l r
t z l v c m l r
n z a l v c - k r g r
a w i t x - n g r b z k r
a w i t x p e
m z ~ n i b r
t r m c p e l e u
n z m c - k r n g e l e
m c p z k r
n z m c p e - k z p z
t q m c t i a m u
n z m c p x b z l r
n z m c p x
t q m c - a t e k r
m c p x m l e
n z r m c t i n e d r
r m c t i p e k r
t q m c t i p e k r
n z m c o m l r
t r n z m c p e l r u
b x t r t x p w z
t a p l x s r g r
t q w x l i k i t x p x
n a o k a t r p q l r
n a o k a t r - n g r d e
t q d w a p l r k r n g
d w a l z m g r
n z r l z n g
n z o b q p x b z
o b q o b z
n a r l r - n g r m e
d r v r m i n e m l e
n a - a d r v r - n g r b o
r m n r - n g r b z
t z p n a t i b z l r
t q m e i p x
p l a m e i t x d e
a y c n g r l r - a l o l e
n z a y c n g r l r t i k r
t q a l e x
n a a l e - k a i p z n g
n z r p i b z
r m c t i p e k r
n z m c p x
n z m e l z - k r m e
t q t i n g r
w a i p n z ' l e
n z w a i n e - n g r b z l r
n g r l x o b z l e
n z r p i b z
n a k a b o
n z m c p x
r m c t i p e k r
n z r p i b z
t r n z k q l u - k r p e p w q g r u
k q l u t x p e
n z m c p x
r m c t i p e k r
n z a l v z t r p l r
s e k a e n t x k r
t q w z t i p e l e
t q y c o n g r
y c t x o p e
t q y c o m
y c t x b z
n a y c t i p x m
y c t r p e n g r
y c - n r b a l q
n z r l z - k r b z l e
k x n z s i k l u
t q t o p w z b e - n g r n e
d w a l z m g r
n z g l q o l r
r g l q p x k r
r g l q k r
t q a l v c t r - l z b q p e
t z l v c l z p e - n g r d r
t z n g r l r k i o p e l r
y r l z o
n a p i p x - l z b q n g
y r p l a b r t q p e
t q y r p l a t r n g r
n z m c p x
r m c t i p e k r
r y a p w x - z v z k r
t z y a p w x t i p e b z l r
n z l c - a p q b z n g r
y r l q t x - m o u x
y r l q b z k r
y r l q t x t r k r
n a p i t x t r - m o p o
m n c l v z r n g r
p x i q t x n e
t z p x i b e n g
t z r l x t i m l r
t q r l x t i p e b z k r
n a r l x t r p z k r
t q l x n g i t i - a t e x
n a l x n g i t i k u
t q v o t x - n g r p w z
t q r k a w i t i k r
t q k a w i o p e k r
n a p i t x t r - m o p o
t q v o t x - n g r p w z
n z y c m n e k r b z
n a p i l v z t i
t r o p i l v z u
n z t u - z v z - k r d e
t q n g r l r p x p e m
t z n g r l r k i o p e l r
t q n g r l r p x p e k r
m n q t i p e l e
t q r k a l z p e - n g r m q g r
n z y a l z - k r g r
t q y a p x p e b z
n z k q b l q p x - k r m c
n z r y a p w x - k r b o
n a y a p w x t i p x b o
r y a p w x - z v z k r
y a p w x t i - z p w x m a m u
n a p i t x t r - m o p o
n z g l q o l r
r m c t i p e k r
t e k a t r t x b z l e
l c d e p w z
t r n z m n e t i u
n a p i t x t r - m o p o
r m c t i p e k r
n z m c p x
t q o l v x t i - a t e l e
b l e t i p x - l x b l r n g
n z r p n a k i p x n g r
p n a t i b z k r
t r t z r p n a p e u
n z r p n a n e o p e - k r m l r
n z r p n a - m o u p q n g
y r b u t i p e n g
t q a m z b l q p x m c
n z a m z b l q p x - k r m c
p r t z t x b z k r
t q t o p w z b e - n g r n e
n z y a l z - k r g r
t z l v c l z p e - n g r d r
t q n g c n e o m
t z a n g c p e l r
n z a p u s r - k r d r
t a g l c t x d e
n z g l q o l r
r g l q k r
n z a g l q - k r b z k r
n z g l q l z - m o u l r
t q r g l q t i k r
a g l q t r p q g r
n a a g l q a m u
t q a g l q p e k r
t q l u x
t q l u - n g r g u
t q n g r l r p x p e m
t q n g r l r p x p e k r
n z b z t i - l x b l r n g
b z t i p e d e
n z t e k q t r n g r
k r l a
t q r p w a ' - n g r b z m e
n z r p i b z
n z n g r l r p x - k r m g r
n a n g r l r k i t r l r
t z n g r l r k i p e b z l r
t q n g r l r p x p e m
n z n g r l r m i p x b z l r
t q n g r l r p x p e k r
t z n g r l r k i o p e l r
n a p i t x t r - m o p o
n a y c t i p x m
y c - n r b a l q
t q t o p w z b e - n g r n e
t z n g r l r k i o p e l r
t q n g r l r p x p e m
n a p i t x t r - m o p o
t q l x n g i t i - a t e x
n a l x n g i t i k u
x l r l e l e
x l r b z k r
x l r b o l e
x l r k r l e
n z y r l e t i - k r d e
n z r k a l z m q n g q
t q r k a l z p e - n g r m q g r
n a p i t x t r - m o p o
t q v o t x - n g r p w z
n a p i t x t r - m o p o
t q r g l q t i k r
r g l q k r
n z g l q o l r
n z p c t i k r
n a m n c - k a p q t r n g
m n c t x p w z k r
n z m n c t x p e p w z
n a m n c - n g r g r
t q m n c t x p w z k r
r y a p w x - z v z k r
t q y a p w x t i p e m l e
t z y a p w x t i p e b z l r
n z a l v z t r p l r
k x n z a l v z t i n g
n z a l v z t i n g
t q v o t x - n g r p w z
t q a c l v e x
n a y r k r t x
t q y r k r p e n g r
t q y r k r k i p x l e
n z a b r t z - z v z n g r
t q y r l w r p x - n g r m
n z r l x t i - k r b z
n a r l x t i b o
n a r l x t i b z m e
n z r l x t i - k r m l r
n z r l x t i b z l r
t q n g r l r p x p e m
t q n g r l r p x p e k r
m n q t i p e l e
