n a p i l v z t i
t q p i m e
t z y r n i n e t r p e b z n g
t u t i p x - n g r m
a b r t z t x p e k r
t q n g q p e l e n g
n g r l r m i m l e
t z v z p e
t q a m e i b z k r
n z v z k i l r
t r v z n e - k a k r
n z v z p x b z n g
t q v z b e
t q v z p e m
r m c t i p e k r
v z - n q b l q m
k x b q n g
t z r m c t i p e l r
n z v z - k z n g
t q v z p e m
t z v z - n g r
t q r p i b z l e
t q v z - n g r g r
n a r l a s z p e l r
t q m c p e x
t q t u l z
n a v z n g
t r t q w z p e u
n z a l v z t r p l r
n z v z
n z y a l z - k r g r
n z v z b z n g
t z v z k i n e d r
d w a t r k r
n z v z - z v z b z n g
t q r p i p e x
n z v z n e p e l r
m c p o
v z t r n g r
a n g c t i k r
t q v z p e - m o u k u
n z p l z p x - k r m a m u
t z p r t r p e - k z n g
y a n e - z v z k r
t q p i p e b z l e
t a g l c t x d e
r k a t r p q
t q v z p e
t q y r p l a t r n g r
n z y a p w x - k r d r
m n c t i t x p w z k r
t z v z p e
t q t u l z
n a v z m i b z l e
p r o t x k r
n z v z
n z v z - k z n g
v z t r l e
y a n e - z v z k r
k r k a ' - l e - b l r k u
t z v z - n g r
t z v z p e
v z - z v z x
n a y a g o x n g
t u n e p w z
t z v z p x p e b z n g
v z - z v z x
n z v z - k r b z k r
t z v z - n g r
t z - z p q t r n g
n z v z
t w z q
n a y a - p w z - t i p e x
n a r b o m p e n g
t q m n c
n z v z p x b z n g
y a p x - z v z k r
n z r p i - a n i - k r m l e
m w i t x k r
n z m c - k r n g e l e
n z m w i p e - k r n g e
t q v z p e - k z x
t r k r l z w x u
n z p r p x n g r
r l w x k r
t r k q o p q l e u
v z t x
n z p r p x - k r d r
t q v z p e b z
n a p i t x t r - m o p o
t q r k a l z p e m g r
n z m c k r
n z p n a n g
y r l q t x b o
t q n g r l r l z p e
n z m n c l z b z
r k a t r p q
t q p i p e b z l e
n z v z p e - k r d r
t z v z p x p e b z n g
n z v z - k z n g
a b r t z l v z k r
v z p x b z k r
v z m i o l e
t q r p n z ' p e b z
n a m n c n e - n g r g r
n a v z b z
t z n g r l r k i o p e l r
n z a b z l r
m c p o
n a y a - p w z - t i p e x
t q v z p e x
o b q p x k r
n z w z t i - k r b z l e
n z m c p x
r k a t r p q
t q t u l z
t q t u l z
t q t u p x m
n g r l r m i m l e
r p i - m o u p q l e
t q v z p e b z
l c d e p w z
t z r p i p e m
n z n u r d e
t q v z m i t r p e l e n g
d w a t x t r x
v o k r
t q v z t r p e k r
n e d r
m n c l v z r n g r
n z v z k a i - k r g r
t q v z p e m g r
n a m n c - k a p q n g r
t q v z p e m
n z t a v e t r
n z e t u p e - k r n g e
r p i l e
n z y a p w x - k r d r
m c l x
t z v z p x p e b z n g
p i p e b z
n z v z b z n g
n z v z p e n g
r p i o b z l e
t z v z p e - k a i n g
y a p x - z v z k r
n z k a t x p x - k r b z l e
v z - z v z x
t r t e n g e
t q v o t x - n g r p w z
t r t r k a - z l w z p w z u
t q v o t x - n g r p w z
m n c l v z r n g r
n z v z - k r b o
t z t w z n e d r
y r k r t x o
t z k r l z p e - a t e l r
o t i b z
n z v z p x n g
t q v z m i t r p e l e n g
n z v z - k r b z k r
n e d r n g
n a a g l q b z l r
n z p i - k r m l r
t z v z n e p e n g
t z l v c - a t e n g
n a m n c - k a p q n g r
n z m n c - l x b l r - k r g r
d r t w r g r
r p i o b z l e
n a a m i n g r - n g r g r
d w a t x t r x
r p i o l e
n a r p n z '
n z l z t r - n g r d e
n e g u n g
n a p i p x - l z b q n g
t z v z n e p e n g
n z m c p x
n a n g r l r t r k i
n z v z k i l r
n z v z p x b z n g
n z m n c l z b z
t q y r k r p e n g r
n z r k a t x n g r
t q t o p w z b e - n g r n e
n z v z n e p e l r
n z m c t x p w z
t q v z p x p e
n z r p i l r
n a a g l q p e k r
t q v z m i t r p e l e n g
m n c p w z k r
n z v z - k r m
n z m n c l z b z n g
n z p r p x k r
m w x l r t i - z l w z k r
t r k r l z t r p w z u
k x n z s i k l u
n z r p i m l r
t q v z m i t r p e b z l e
n z v z - z v z b z n g
m c p x m
t q v z p e m
n a p i t r - m o u p o
m c t x m
t q l x n g i t i - a t e x
m n c p e x
t z m n c - n g r d r
n z w z - k r n g e
x l r k r l e
t q a m i n g r - n g r g r
t z y a p x p e n g
v z m i o l e
t q v z p e m g r
n z v z p e n g
n z r k a t x n g r
t q a b r t z - z v z - n g r g r
e s z - k r d e
n z v z - k r m
n z m n c p e n g
n z r p i b z l r
v z p x b z k r
v z m i o l e
v z p e - k a i p
m c l x n g
l x e g r
n z v z - k r b z k r
t z m n c - n g r d r
t z y z l u p e - m o p w z n g
t q a m a p e
t q p i p e b z l e
t z r m c t i p e l r
v z m i m q
n a p i t r - m o u p o
m c t r k r
n z r m c t i l r
t q v z - n q b l q n e n e
n a - a m r l z t r - n g r b z l r
t r d o u
k r l z m l e
t q y a g o x p e
t q m z b l q p x m
n a y a - p w z - t i p e x
t q r m c t i p e k r
n a m w i
v z x
n z p n a t i - k r b z m u
n z v z - z v z b z n g
t q a s u l e
n z r p i b z l r
t z y a p x p e n g
n z v z - n g r m l r
n z v z - k r b z k r
n z v z p e - k r d r
n z v z p e - k r d r
t q w z t i p e l e
n z v z p e - k r d r
n z r p i b z l r
n z v z - k r b z k r
n z r p i b z l r
r k a l z m g r
r k a l z m q g r
t u t i p x - n g r m
n z r p i b z l r
n z v z - k r b z k r
t q v z p e x
t q v z p e - k z x
n z v z p e - k r d r
t z v z k i n e d r
n z v z - k r b z k r
o s z b z l e
t z v z k i n e d r
t q r g l q t i k r
n z v z p e - k r d r
t z v z k i n e d r
t q r m c t i p e k r
n z v z p e - k r d r
n z r p i b z l r
t q v z - n g r g r
n z d w a o n g r
t z v z k i n e d r
t q v z p e - k z x
t z v z p x p e b z n g
n z w r k x t r n g r
t z v z p x p e b z n g
t z v z k i n e d r
t q w z t i p e l e
m w a k r
t z v z p x p e b z n g
m n c l z - n g r m
n z k r l z m l r
t z r m c t i p e l r
y r k r p x b z l e
t a b c - z v z k r
t z v z p e - k a i n g
n z v z - k r n g e
n a v z m i b z l e
t q v z - n g r g r
n z w z t r n g
n a p i b z k u
t q m r l z p e
t u t i p x - n g r m
t q m c p e k r
n a d w a p e k r
n z v z - k r b z k r
t q v z - n g r g r
t z v z k i n e d r
n a v z m i b z l e
d w a l z m g r
t q y a p x p e b z
t z v z k i n e d r
n a v z m i b z l e
m c t e
t z v z k i n e d r
t q v z p e k r
n z m u - k r g r
d w a l z m g r
t z v z p x p e b z n g
t z v z k i n e d r
y a g o x t x
n a v z m i b z l e
y r l q b z l e
n z d w a o n g r
n a v z m i b z l e
t z r m c t i p e l r
n a v z m i b z l e
a b r t z l v z k r
d w a l z m g r
t z v z n e p e n g
t q v z p e - k z x
r p i o b z l e
n a v z m i b z l e
y z l u m c
e t u t x
t q v z - n g r g r
t q r p i b z l e
t q v z - n g r g r
n z v z - k r b z k r
n z v z k i o l r
t z v z p x p e b z n g
n z v z p x b z n g
t q r p i b z l e
n a d w a p e k r
t q v z - n g r g r
n z w z k r
n z v z k i o l r
t q v z p e - k z x
n z r m c t i l r
t q v z - n g r g r
n z v z k i o l r
t z s i k l u t i
n z v z - k r b z k r
n a e s z ' m z n g
t z n g r l a p l x
t q v z p e b z
n z v z d z m q n g
n z v z n e p e l r
t q r m c t i p e k r
n a v z m i b z l e
n z d w a o n g r
n z v z n e p e l r
t z v z n e p e n g
n z v z n e p e l r
t q v z p e x
t q p i p e b z l e
n z w z k r
t q v z p e - k z x
t z v z n e p e n g
t q m c p e l e
n z v z - k r n g e
n z r p i m l r
n z v z b z n g
n z p r p x n g r
n z v z p x b z n g
n z v z p x b z n g
t z v z k i n e d r
n z v z - k r n g e
n z v z - k r n g e
n z v z - k r n g e
a t u l z n g r
n z r p i m l r
k r l z m g r
k x y r l z
k r l z p e b z k r
n z v z p x b z n g
n z r m c t i - k r d r
n z k a l z m l r
t q v z p e x
d w a t x t r x
n z v z n e p e l r
n z v z p x b z n g
n z v z - k r n g e
n z v z - k r n g e
n a v z m i b z l e
t q t u n e p w z
n z r p i m l r
t z t a v e l r
n z l v c k r
n z r p i m l r
n z r p i m l r
n a v z m i b z l e
n z v z p x b z n g
n z v z p x b z n g
r p i o b z l e
n z v z p x b z n g
n z v z p x b z n g
t q y r n i p e x
n z v z p x b z n g
n z m n c p e n g
n z v z p x b z n g
n z r p i m l r
n z m c t x p w z
n z v z n e p e l r
t q r p i b z l e
n z w z k r
n z a b r t z n g r
k x t o p w z
t q m c p e l e
t q m c p e x
n z r m c t i l r
t q v z p e x
t q m c p e l e
t q r p i b z l e
n z r m c t i l r
t q r p i b z l e
t q r p i b z l e
n z v z n e p e l r
t z k r l z p e
t q m c p e l e
n a m n c t x p o
n z v z b z n g
t q m c p e l e
n z m n c p e n g
n z r m c t i l r
n z r m c t i l r
n a p i b z k u
n z l v c p e n g
n z m c t x p w z
n z v z - k z n g
t z v z n e p e n g
n z m n c p e n g
n z v z b z n g
n z v z - k z n g
t q r p i b z l e
n z v z - k z n g
a e l w a p x
n z v z - k r n g e
n z v z - k z n g
n z m c t x p w z
r m c t i p e k r
n z v z n e p e l r
n z v z b z n g
n z v z n e p e l r
n z v z n e p e l r
n z v z b z n g
n z v z k i o l r
n z r m c t i l r
d w a l z m g r
n z v z n e p e l r
n z v z k i o l r
n z v z k i o l r
o t i b z l e
n z v z k i o l r
t q v z - n g r g r
t z v z o p e n g
n z r m c t i l r
t q v z - n g r g r
r k a l z m
t z v z o p e n g
n z v z k i l r
t q v z p e x
n z l v c n g
t q v z p e b z
t z v z n e p e n g
p n z ' b z l e
n z v z - k r b o
n z a l v z t r l r
t u p x m
n z v z n g
n a m n c t x p o
n z r m c t i l r
n z v z k i l r
t q p n z ' l e
n z m c t x p w z
r m c t i p e k r
d r t a ' d r
a l v z t r l e
v z t r n g r
r m c t i p e k r
t q v z p e m g r
n z l z t i n g
r g l q p x k r
n z r p i l r
t q v z p e m g r
n z v z - k r d r
n z m c t x p w z
n z v z k i l r
n z v z k i l r
n z r p i l r
t z v z o p e n g
n z r p i b z
n z l v c n g
t q r p i p e x
n z r l z n g
n z m c t x p w z
k x m a t q
n z r b o m k r
n z t u n g r
n z m c t r
y z l u m l e
n z r p i l r
r m c t i l e
t z v z o p e n g
t q v z p e b z
t q v z p e m g r
n z v z b z n g
r m c t i l e
t q v e a p e
t q v z p e b z
t z v z o p e n g
t z v z o p e n g
t z v z o p e n g
t q r y r - n g r n e
t z v z o p e n g
r m c t i p e k r
n z v z - k r b o
t q v z p e m g r
t q p i b o
r m c t i p e k r
n z v z - k r b o
t z v z o p e n g
t z v z o p e n g
n z r m c t i l r
t q k r l z p e l e
n z v z - k r b o
n z v z - k r b o
n z v z p e n g
t q v z p e b z
v z t r n g r
k i l z n e d e
d w a t r k r
t q v z p e b z
t q v z p e m g r
d w a t r k r
d w a t r k r
t q v z p e b z
t q v z p e m g r
n z m c t x p w z
n z r p i b z
v z m i o l e
t q v z p e b z
t q m c p e l e
d w a t r k r
n z r p i b z
n z m c t x p w z
v z m i o l e
n z r p i b z
v z m i o l e
t q v z p e m g r
n z m c t x p w z
a l v z t r l e
m r b r t x
t q p i b z k r
n a y r k r t x
n z r p i b z
d r l z d e
t q v z p e b z
t q r p i p e x
m z l i   k c
v z k i m l e
t q p i b z k r
v z t r n g r
v z m i o l e
t q p i b z k r
t q r p i p e x
o l i q l z k r
v z p x b z k r
x l r k r l e
t q p i b z k r
v z k i m l e
t q m n c
n z t u n g r
n z v z - k r b o
k x y r l z
t q m c p e l e
t z v z - n g r
n z a b z o l r
k x p l c
v z m i o l e
v z m i o l e
n z r p i b z
v z k i m l e
n z v z k i l r
n z v z p x n g
n z r p i b z
v z m i o l e
n z v z k i l r
n z v z p x n g
n z v z p x n g
v z t r n g r
t z v z - n g r
o t i l e
n z v z p x n g
l x l v r k i m l e
n z v z p x n g
n z m n c k r
n z v z k i l r
n z v z k i l r
v z k i m l e
n z v z p x n g
n z v z p x n g
n z v z p e n g
n z t u n g r
n z v z p x n g
n z v z p x n g
n z v z p e n g
v z p x b z k r
n z v z p e n g
t z v z - n g r
v z t r n g r
t q v z p e - k z x
t q v z p e x
n z v z p e n g
t q d c
v z k i m l e
n z v z p e n g
t q t u p x m
v z p x b z k r
v z p x b z k r
v z t r n g r
t z v z - n g r
t q v z p e x
t q v z p e - k z x
m r t u t x
t z v z - n g r
r m c t i l e
n z v z - k r m
n z m c k r
v z t r n g r
v z p x b z k r
v z t r l e
m c l x
t q v z p e x
t q p i b z k r
v z t r n g r
r g l q p x k r
t q r p i p e x
m c l x n g
t q m r b r
n z t u n g r
t q t w z p e
t q v z p x p e
n z n g i - k r d r
n z v z p x n g
m c l x n g
t q r p i p e x
t q p i p e m
n z v z p x n g
t q v z p x p e
n z v z p x n g
n z v z p e n g
t q m c p e x
p i b z l e
n z v z p x n g
t q m c p e x
t q m c p e x
n z v z p e n g
t q v z p x p e
t q p i p e m
t q m c p e x
t q v z p x p e
v z t r l e
n z m c t r
t q r p i p e x
w z t r p o
n z v z p x n g
m c l x n g
w z t r p o
t q v z p e - k z x
m n c t i k r
t q v z p x p e
v z p x b z k r
k x t o p w z
m n c t i k r
t q v z p x p e
t q m e i p x
m c l z k r
m c l x n g
t q v z p e - k z x
t q v z b o
v z t r l e
m c l x
n z n g i k r
m c l z k r
m c l z k r
m c l z k r
t q v z b o
m c l z k r
t u p x m
t q v z b o
t u n e p w z
t q v z b o
v z t r l e
v z t r l e
v z t r l e
p i b z l e
t q v z b o
t w z t r k r
v z t r l e
o t i b z
n a r l z
n z r p i l r
m c l x n g
y c m n e p e
m c l z k r
v z t r l e
y c m n e p e
t q r p i p e x
n e n g e n g
t q v z p e m
t u p x m
m c p z k r
m c l x
t q v z p e m
m c l x n g
t q r p i p e x
t r t e d e
r m c t i l e
m c l x n g
n z m c k r
n a k a b z
v z p e m
t q v z p e m
t q v z p e m
t q v z p x p e
t q v z p e m
n z m c k r
v z t r l e
m c l x n g
n z m c k r
v z t r l e
t q v z p e m
t q v z p e m
n z m c p x
n z m c k r
n z m c p x
v z t r l e
t q v z p e m
n z p n z '
t q m c p e
n z m c t r
k c m a n g
m n c p e x
n a v z b z
r p i l e
n a v z n g
t q a s u p e
n a v z b z
m n c p e x
k x g l r
n a v z n g
n z v z - k r m
n z v z - k r m
t u p x m
n z m c k r
m c l x
v z p e m
n z v z - k r m
n a v z n g
t q p i p e m
n a v z n g
n z v z - k r m
n a v z n g
n z v z - k r m
n a v z n g
t q p i p e m
v z p e m
v z p e m
n a v z n g
n a v z n g
t u n e p w z
v z p e m
t q v z b o
t r s u k a
m n c p e x
v z p e m
v z m i m q
m c p o
n a v z n g
v z p e m
v z p e m
t w z t x p o
m n c p e x
n z v z - k r m
v z p e m
n z v z - k r m
n a v z b z
n a v z b z
n a v z b z
n z v z - k r m
n z v z - k r m
n z v z - k r m
t q p i b z
r p i l e
n z m c k r
t q p i b z
t q p i p e m
v z m i m q
t q p i p e m
m n c p e x
t q v z p e
m c l x
t q p i m e
n a v z b z
t q p i b z
t q p i m e
v z p e m
t q p i b z
v z p e m
v z m i m q
r p i l e
x l r k r
t q v z p e x
t q v z p e - k z x
v z p e m
t q m n c
t u p x m
m c t r k r
m r l x m q
n a r l z
v o m l e
t z l v c m l r
m z k e '
v z b z
t r s u k a
m c l x
w z t r p o
t z v z - n g r
m c t r k r
v z p e m
t z v z - n g r
v z p e m
t q v z p e
t q v z p e
v o m l e
t z v z - n g r
m c l z k r
m c l x
t q v z b o
n a m r l z
t q n g i
t q v z t r p e
t q v z p e
m c t x m
m c t r k r
t q v z b o
t q m n c
m c t r k r
t q v z p e
m c t r k r
n a m c k r
m c t r k r
t q p i b z
m c t x m
t q v z p e
t q b z p e
t q v z p e
t q p i b z
t q v z p e
m c p x m
t q p i b z
t q v z p e
m c l x
t q p i m e
t q p i m e
m c l x
n z r p i m
y r n i t x
n z m c p x
m c p o
v z t r l e
m c t x m
n z m c p x
n z r p i m
n z m c t r
v z - z v z x
t q p i b z
v z - z v z x
v z m i m q
v z m i m q
n z m c p x
n z m c t r
v z m i m q
t q v o b e
m c p o
t q v o b e
n a v z b z
m c t x m
n a v z - k a i k r
n a v z k r
t q v z b o
m c p x m
v z p e m
t q p i m e
v z - z v z x
t q v z b o
m c p x m
v z - z v z x
m c p o
t q p i m e
t q t u l z
t z v z p e
t z v z p e
e t u t x
t z v z p e
m c l x
t z v z p e
t z v z p e
t z v z p e
t z v z p e
t z v z p e
t z v z p e
t z v z p e
t z v z p e - k a i n g
t z v z p e - k a i n g
v z - z v z x
v z m i m q
v z m i m q
t z v z p e
v z - z v z x
v z m i m q
n z r p i m
v z - z v z x
m c p x m
t q m n c
r p i - m o p w z
v o k r
v z m i m q
n a v z n g
n z m c k r
k x l r p r
m w i t x
v z m i m q
o t i m
m w i t x
t z m n c - n g r d r
n z m c p x
t z m n c - n g r d r
v z t x
m c l x
k x p r k i
t z v z p x p e b z n g
t z v z p x p e b z n g
m w i t x
n z m c p x
m c o m q
v z t x
v z t x
v z t x
v z t x
v z t x
t q v z p e m
t q v z p e m
t q v z p e m
t q v z p e m
v z t x
t q t u p x m
t q v o b e
m c t x m
m c t x m
m c p o
m c t x m
n z v z
m c t x m
n z v z
m c p x m
n z v z
n z v z
n z v z
n z v z
n a m c l e
t w z x
o t i m
v z x
v z x
v z x
v z x
v z x
v z x
v z x
n z v z
n z v z
n z v z
n z v z
n z v z
n z v z
n z v z
n z v z
