n a v z n g
t z a y o t i
t q y o k a e k r
t z v z p e - k a i n g
t q p n z ' l e
s c d r
r p i - m o u p q l e
t q v z n e - z v z k r
t q y r n i p e x
t r s u k a
t q v z p e m g r
n z a l v z t r n g
t r t e g r n g
t q y a p w x t i p e m l e
n z v z - k r n g e
t z v z n e p e n g
n z v z - k r m
t q w z t i p e l e
n z r p i m
n a v z n g
t q v z p e m
n z v z b z n g
n z v z k a i - k r g r
n z v z k i o l r
v z - m o p w z k r
t q t u p x m
v z m i m q
t q r p i p e m
t z r p i p e l r
b z a m u
v z m i m q
n z v z - z v z b z n g
t q p i b z
t z p r e s i n q n g
n z v z p x n g
n z a l v z t r n g r
t q v z - n g r g r
n z r p i m
n z v z k a i - k r g r
t q p i m e
t q v z p x p e
t q v z t r p e
n z t e l v z l r
v z - z v z k r
y r k r p x b z l e
d w a l z m g r
t q y r p u t i p x p e
m c t x m
n z v z - k z n g
n z v z p e n g
n z l x p l z t x
n a m n c t x p o
n a v z n g
n z v z b z n g
m n c l v z r n g r
n z l i - k r d e
y c t x b z
n z v z - k r b o
t q m n c - l x b l r p e k r
m z l e d e
t z v z o p e n g
t q m w i p e k r
n a m n c - k a p q t r n g
t z x l r o p e l r
n z l r m z t r - k r d e
t q o t i - a t e m
t q v z b o
m w x l r t i - z l w z k r
n z v z - k z n g
t r v z n e - k a k r
t q a l v c - l z b q - n g r g r
n a p i t x t r - m o p o
t q r k a l z p e - n g r m q g r
m n c - k u
n z v z k a i - k r g r
n z v z p e - k r d r
n z v z b z n g
n z m n c - k r d r
l o p x i l e
t z m w i - n g r d r
m c k r
t q v z p e - k z x
r p i o b z l e
n z r m c t i l r
t q p i b z k r
t q v z p e m
n z r k a l z m q n g q
t q v z m i t r p e b z l e
t q p r t r p e b z k r
n z r m c - k r b z
t u p x m
t z v z p x p e b z n g
n z v z - k r n g e
n z r p i m l r
t q m n c - n g r d e
m c p o
r m c t i l e
t q r m c t i p e k r
t q x n g i - a t e b z k r
x l r m l e
t q v z m i t r p e l e n g
n z v z - k r n g e
a l v z t r l e
t q m n c - k a p q n g r
n z v z - k r b o
t z r y z k r n g
n z y c m n e
v z t r k r
t q m n c
t z v z n e p e n g
n z l z t r - n g r d e
y z l u m l e
t z y c m n e - n g r p e m l r
n z r p i b z
t z v z k i n e d r
v z t r n g r
t z r p i b z
t q r p i p e x
m n c p w z k r
n z y r l e t i - k r d e
t z y c m n e - n g r p e m l r
t z v z - n g r
n a v z n g
n z l v c n e - k r d r
n z r m c t i l r
v z - z v z x
n e d r n g
t q v z m i t r p e l e n g
n a l x n g i t i k u
m c t r k r
n z v z - k r m
n z v z p e n g
d w a t r k r
t z k u k i - n g r d r
a p u l e
n z v z k i l r
r p i l e
t q m c p e l e
n a m n c n e - n g r g r
n a v z m i b z l e
t q v z - n g r g r
r l w x k r
n z v z k i l r
t q v z p e x
t q n g r l r p x p e k r
t q a s u p e
n z v z n e p e l r
m c t r k r
a t u t r p e l e
y a p x - z v z k r
v z t r n g r
t q v z p e - k z x
t u t i p x - n g r m
t z m u p e - n g r d r
t q v z - n g r g r
t q r p n a p e - n g r m l e
r p i - r d e
t q v z m i t r p e l e n g
t q p i p e b z l e
n z r p i b z
d w a s x p x - k z p q g r
y r n i - e b i r p e n g
n z v z - k z n g
y r l q t x b o
t z r k a l z p e m
n z r p n a k i p x n g r
n a l i n g
t q v z p x p e
v z p e m
t q v z - n g r g r
v z t x
m c l x
v z k i m l e
d r l z d e
r g l q p x k r
n a p i t x t r - m o p o
t r n a n i b q l e u
t z p n z - l z b q n g r
t u p x m
r g l q p x k r
n z r p i l r
t z l v c l z p e - n g r d r
m n c p e x
n a m n c - k a p q n g r
n z v z - k r b z k r
t z v z p x p e b z n g
t q v z m i t r p e b z l e
m n c l z - n g r m
n z r k a t x n g r
v z m i o l e
o t i m
t z v z o p e n g
t q y c n g r
n a v z b z
t z l v a b e t r p e b z
t q v z - n q b l q n e n e
n a v z m i b z l e
t z l v c l z p e - n g r d r
n a m n c t x p o
d w a t x t r x
n z m n c - k r n g e
t z v z n e p e n g
v z k i m l e
m n c m i b z l e
n a a g l q p e k r
y c p x
n z v z - z v z b z n g
v z x
n z v z n e p e l r
t z v z n e p e n g
n z v z p e - k r d r
t q y r p u t i p x n g r
t q v z p e m
t z a n g i o l r
t q v z k i l z m l e
v z - z v z x
v z t r n g r
v z m i m q
y r p l a b r t q p e
n z v z p x b z n g
n z p c t i k r
n a v z m i b z l e
n z m c t r
n z o b q p x b z
n z r k a t x n g r
n z v z
t r v z n e - k a k r
n z v z b z n g
n z v z p e - k r d r
m n c - e p e l z l e
n z w z - k r g r
n a v z m i b z l e
t q p n z ' b q p e l e
t q v z t r - m o p w z k r
v z t r l e
t q r p i - n g r n
l v c - a l z u p q
t a k i t r t x p w z
n a k r k a ' - z v z k u
t z v z o p e n g
n z v z - k r b o
v z b z k r
t q v z p e m g r
n z b z s z n g
m n c - m i p e - a m u
m n c - m i p e - a m u
t r v z n e - k a k r
v z x
t q m c - a t e k r
n z m c t r
t q v z p x p e
m c l z k r
n z v z k i l r
n z v z - k r b o
n a p i b z k u
t q v z p x p e
n z v z p x n g
t q p i m e
n z v z p e n g
t q v z p x p e
n z v z - k r m
n z v z k i o l r
n z v z - k r b o
v z t r n g r
t q v z p x p e
t q v z p x p e
n z v z p e n g
v z p x b z k r
n z v z p e n g
n z v z p x n g
n z v z k i l r
n z v z - k r m
n z v z p e n g
n z v z - k r m
n z v z - k r m
n z v z - k r m
v z p x b z k r
n z v z - k r b o
n z v z - k r m
n z v z - k r m
n z v z - k r m
n z v z p x n g
t q p i p e m
n z v z p x n g
x l r k r
t q v z p x p e
n z v z p x n g
n z v z - k r m
n z v z - k r m
t q v z p e - k z x
n z v z p x n g
d w a t x t r x
t q t u n e p w z
n z v z - k r m
d w a t x t r x
t q v z p x p e
n z v z - k r m
v z t r n g r
v z t r n g r
t q v z p e - k z x
t q v z p e - k z x
t q v z p e x
n z v z p e n g
n z v z k i l r
t q v z p e - k z x
n z v z b z n g
t z v z - n g r
m c t r k r
t q v z p e x
t q v z p e x
v z t r n g r
t q v z p e - k z x
n z v z p x n g
d w a t x t r x
t q t u n e p w z
n z r p i b z l r
v z t r n g r
n z v z p e n g
t q v z p e x
d w a t x t r x
n z v z p e - k r d r
t q v z p e - k z x
n z v z p x n g
n z r p i m l r
n z v z p e - k r d r
t z v z o p e n g
n z r p i l r
t q m c p e l e
t u n e p w z
v z p x b z k r
n z v z p e n g
t q v z p e x
x l r b z l e
n z v z k i o l r
v z p x b z k r
n a p i b z k u
n z v z p e - k r d r
t q a y r n i p e
t q v z p e x
t z k u k i n g
m a l e l e
t q m c p e l e
n z a b z o k r
m c t r k r
t q v z p e m g r
n z m c t x p w z
v z t r n g r
n z t u n g r
n z v z p x n g
t q v z p e - k z x
t q v z p e m g r
t q v z p e m g r
t q v z p e x
t q v z p e - k z x
y r l q t x - m o u x
r m c t i p e k r
n z v z k i o l r
n z v z p x b z n g
t q v z p e m g r
t z v z k i n e d r
t z v z - n g r
n z v z k i o l r
a b z o k r
n z v z p x b z n g
t z v z o p e n g
t z v z o p e n g
t q m c p e l e
t q r p i p e x
t q y r n i p e x
n z v z p e n g
n z v z p e n g
t z v z o p e n g
n z v z p e - k r d r
t z v z o p e n g
n z v z p x b z n g
v z t r n g r
n z v z p e - k r d r
n z v z p x b z n g
n z t a v e t r
t z v z - n g r
t z v z o p e n g
n z v z p x b z n g
t q v z p e - k z x
n z v z p e n g
t q v z p e - k z x
t q v z p e x
n z r p i m l r
a b r t z l v z k r
t z v z o p e n g
n z v z - k z n g
m c t r k r
t q v z p e - k z x
n z v z p e n g
a b r t z l v z k r
n a v z m i b z l e
v z t r n g r
n z v z k i o l r
n z v z p e - k r d r
n a v z m i b z l e
n z v z - k r m
v z t r n g r
n z v z k i o l r
t q m c p e l e
n z m n c p e n g
n a v z m i b z l e
n z v z - k r n g e
n z v z p e - k r d r
t q v z p e x
t z v z k i n e d r
t z v z k i n e d r
n a v z m i b z l e
y r l q t x b o
n z v z k i o l r
p w x p w z
v z t r n g r
t z v z k i n e d r
n a v z m i b z l e
n a v z m i b z l e
n z v z - k r b z k r
n z p n a k i p x - m o u l r
n z v z - k r b z k r
n z v z n e p e l r
n z v z k i o l r
n z v z - k z n g
n a v z m i b z l e
n z m c t x p w z
t q v z p e m g r
m c t r k r
n z a b r t z k r
n z v z p x b z n g
n z v z - k z n g
t z v z k i n e d r
n z v z p x b z n g
n z v z - k z n g
n z v z n e p e l r
n z p i l z l r
t z r m c t i p e l r
n a d w a p e k r
t z v z n e p e n g
t q v z p e m g r
o t i b z
k z t e d e
d w a l z m g r
t z v z n e p e n g
y c m n e p e
t q p n z ' p e l e
n z a b r t z n g r
t q v z - n g r g r
n z v z n e p e l r
t q v z - n g r g r
t z v z k i n e d r
y c m n e p e
t z r m c t i p e l r
n z v z n e p e l r
t q v z - n g r g r
t q m c p e k r
t q m c p e k r
t q r m c t i p e k r
n a k a b o
t q p i p e b z l e
t q n g q p e l e
n z v z - k r b z k r
t q r m c t i p e k r
n z v z n e p e l r
n z v z p x b z n g
n z m n c p e n g
n z v z - n g r m l r
n z v z - n g r m l r
t q k r k a ' p e b z
t q v z - n g r g r
t z m n c - n g r d r
n z v z - k r b z k r
n z v z - n g r m l r
n z v z - k z n g
n z v z - k r b z k r
n z v z n e p e l r
t q p i m e
n z v z - n g r m l r
t q m n c - n g r d e
n z v z - k r b z k r
t z r k a l z p e m
t q p i p e b z l e
y r l q t x - m o u x
t q v z p e k r
n z v z n e p e l r
n g r g u
n g r d e n g
n z v z - n g r m l r
t q r m c t i p e k r
t q m c p e k r
t z v z n e p e n g
t z v o p e
t q v z - n g r g r
t z v z n e p e n g
t q v z - n g r g r
t q v z - n g r g r
t z v z n e p e n g
t q v z - n g r g r
t q v z - n g r g r
t q m c p e l e
t q v z p e b z k r
t z v z n e p e n g
n z v z n e p e l r
n z v z - k r n g e
n z v z - k r b z k r
n z v z - k r b z k r
t z v z n e p e n g
n z v z - k r n g e
t q v z - n g r g r
t z v z n e p e n g
t z v z n e p e n g
m c t e
t z v z n e p e n g
o s z b z l e
t q p i p e b z k r
n z v z - k r n g e
n z r p i m l r
n z v z - k r b z k r
n z a b r t z n g r
t q m n c - n g r d e
n z a b r t z l v z l r
n a p i t x t r - m o p o
t q m n c - n g r d e
n z b z - k r g r
n z v z - k r b z k r
n z p n a n g
n z v z k i o l r
n z v z - k r b z k r
t q m a l e l e
n z v z - k r n g e
n z v z - k r n g e
d r t w r d r
t z v z p x p e b z n g
m n q t i p e l e
t z r m c t i p e l r
n z v z - k r b z k r
t q m c p e k r
t r k q o p q l e u
n z a l v z t r p l r
t q m u p e k r
t r v z n e - k a k r
y r l q t x - m o u x
t r v z n e - k a k r
n z v z - z v z b z n g
t r v z n e - k a k r
t r v z n e - k a k r
n z v z - z v z b z n g
d w a t r k r
m w x l r t i - z l w z k r
n z v z - z v z b z n g
t r v z n e - k a k r
n z v z - z v z b z n g
n z v z p e - k r d r
n z v z p e - k r d r
n z v z p e - k r d r
v o m l e
r p i - m o u p q l e
n z m n c l z b z n g
t r v z n e - k a k r
t q y r n i t x p e
n z x l r b z l r l e
n z a b r t z n g r
n z v z - z v z b z n g
t r v z n e - k a k r
t q d w a p l r k r n g
n z v z k a i - k r g r
n z v z k a i - k r g r
t q x l r p e k r
t z m c p x p e b z l r
k x b q g r n g
t z v z p x p e b z n g
n z r n i b q n g r
k x r t c
t q d w a p l r k r n g
n z v z k a i - k r g r
t q y r n i p e x
n a y a g o x n g
t z v z p e - k a i n g
n z v z - z v z b z n g
t z v z p e - k a i n g
t z k u k i - n g r d r
t z v z p e - k a i n g
t r m c p e l e u
t q m c p x b z k r
n z m c p x b z l r
n z m c t r p e m l r
t z v z p e - k a i n g
r m c t i - n g r g r l e
n z d w a t r - m o u - k r g r
t z v z p e - k a i n g
t z v z p e - k a i n g
t z v z p e - k a i n g
t z v z p x p e b z n g
t r n z p i - k r p o ' u
n z a o l v z b z l r
n z v z n g r
m r b r p e
x l r m l e
t z m w i - n g r d r
t z v z p e - k a i n g
t z v z p e - k a i n g
t r v z n e - k a k r
t z v z p e - k a i n g
t z v z p e - k a i n g
m e i t x t a t x p x
t q m e i t i o
t r n z p i - k r p o ' u
n z m n c p w z n g
t z r t w z - k z n g
t q p n z ' p e l e
t z r t a n g r p e
n z r p i l z - k r d r
t r n z p i - k r p o ' u
t r v z n e - k a k r
k r l a
t u t i p x - n g r m
n z x l r b z l r l e
t z m n c t x - a l o p e n g
t z v z p x p e b z n g
v o m l e
t q m w a p e
m r b r t i t r p e
n z p n a n g
t q v z t r - m o p w z k r
t q y r n i t x p e
t u o m
t z v z p x p e b z n g
t q v z m i t r p e l e n g
n a y a p w x t i b o
t q p i b z
t q v z m i t r p e b z l e
t z p n z - l z b q n g r
t q p n z ' b q p e l e
x l r m l e
n z b z n g
t q v z t r - m o p w z k r
t q v z t r - m o p w z k r
t z v z p x p e b z n g
t q v z t r - m o p w z k r
t q v z t r - m o p w z k r
n z p i b z l r l e
t q v z m i t r p e l e n g
o t i l e
m z l w e n g
k x e s z '
n e n g e n g
n e d r
t q v z m i t r p e b z l e
t q v z m i t r p e b z l e
t z y c m n e - n g r p e m l r
t q v z m i t r p e l e n g
n z y c m n e - k r b o
t q v z m i t r p e b z l e
t q v z m i t r p e b z l e
t q v z m i t r p e l e n g
t q v z m i t r p e b z l e
t q v z m i t r p e l e n g
t q v z t r - m o p w z k r
n z k r k a ' - k r g r
t q v z m i t r p e l e n g
t q n g r l r p e k r
t q v z t r - m o p w z k r
t r n z p i - k r p o ' u
k x e t u
n z a t u p x - n g r m
t q v z m i t r p e b z l e
t q v z t r - m o p w z k r
t q v z t r - m o p w z k r
n a p i t x t r - m o p o
t q v z t r - m o p w z k r
t q v z t r - m o p w z k r
t r n z p i - k r p o ' u
n z p n a k i p x l r
t q v z m i t r p e b z l e
t q r g l q t i k r
t q v z m i t r p e b z l e
t q v z m i t r p e b z l e
t q m c p e k r
n z k r l z m l r
n e d r
n z m n c - k r g r
n z r m c t i l r
r l i l r m u
k r a l i
t z a m c t i - n g r d e
t q v z m i t r p e l e n g
n a p i t x t r - m o p o
t q v z - n q b l q n e n e
t q v z - n q b l q n e n e
t q v z - n q b l q n e n e
t q v z - n q b l q n e n e
n a k i l z b z l e
t u o m
t q v z - n q b l q n e n e
n c t e
t q v z - n q b l q n e n e
t q v z - n q b l q n e n e
n z r p i l z n g r
n a p i t x t r - m o p o
t q e t u n e p x p e
t q e t u n e p x p e
k x n z s i k l u n g
k x n z s i k l u
t q l x n g i t i - a t e x
n z m c t r
d w a t r k r
t q v z b z k r
n a p i t r - m o u p o
n a p i t r - m o u p o
m n c l v z r n g r
m n c - e p e l z l e
m n c - m i p e - a m u
n a p i t r - m o u p o
n z n g i n i - k r d e
r p i o b z l e
a t u l z n g r
n a m w i
t q m w i t x p e
t z m n c t x - a l o p e n g
n a p i t r - m o u p o
k x b q g r
t q k r k a ' p e
t q a y r n i p e
k x n a m u
t q y r k r p e
n a e s z ' m z n g
t z y r n i n e t r p e b z n g
k x e t u
n z k a l z m l r
n a m n c n e - n g r g r
m n c l z - n g r m
t q m n c p e k r
t q a p u l e
v z m q g r
n g r l a p l x p x k r
n z m c t r
t q r g l q t i k r
n a v z n g r
n z d w a t r - k r g r
r k a t r p q
t q a b r t z - z v z - n g r g r
p n z ' b z l e
n z e t u p e - k r n g e
d z t u d r
t q l u - n g r g u
n z y a p w x - k r d r
v z - z v z x
n z m n c l z b z n g
n z o t i p e - k r m
d w a l z m g r
t q m n c - n g r d e
t q m c p e l e
t r n a n i b q l e u
n z m w a n g r
t q m r b r
k x e t u t i n g
e t u n e p x
n z e s z ' m z n g
n z e t u p e - k r n g e
t q m w x l r p e k r
p r o t x k r
n z r p i - a n i - k r m l e
t q a b r t z - z v z - n g r g r
t u o m
k x m u l e
n z r p i - a n i - k r m l e
t q a l v c - l z b q - n g r g r
n z o t r n g r
t q y c o m
t q y c o n g r
t q y a p w x t i p e m l e
t z y a p w x t i p e b z l r
r y a p w x - z v z k r
t q y a g o x
t r t r k a - z l w z p w z u
n a m n c t x p o
n z r p n z ' n g r
t q r p n a l z m
n z p n z ' p e m
n z e t u p e - k r n g e
m n r g r
t q y a g o x p e
t q r p i b z l e
n z r p i b z
t q p i t i k r
n z r p i - k r m e
n z r p i b z
r p i o b z l e
r p i b o
r p i o l e
t q r p i p e b o
n z y a g o x - k r d e
n z r p i b z
e t u t x
n z m c t r
t q p r t r p e b z k r
n z m c t r
n z a b r t r - k r b z k r
n z p n a t i - k r b z m u
y r n i - e t r t x k r
n z m n c p e - k r g r
n z m n c t i p x m l r
m n c n e - m o u - n g r g r
t r m n c k r u
t q m n c n e t r p e m g r
n a m n c - k a p q l z - n g r m a m u
t q p i b z k r
t z y z l u p e - m o p w z n g
n a w r k x t r
o m i t x p x b z l e
t q k r l x l z p e l e
t q r k a l z p e - n g r m q g r
a e l w a p x - p n z
k i l z n e d e
t z v z - a t e n g
m q g u
m q d e
a t u l z n g r
t q o t i m l e
n z o t i p e - k r m
t q y r p u t i p x n g r
n z y r p u t i p x k r
n z g l q o l r
n a a g l q p e k r
n z m c t r
b l e t i p x - l x b l r n g
t q m u - n g r g r
d r t a ' d r
n z b z t i - l x b l r n g
t q n g r l r p x p e k r
n z b z s z n g
n z m n c l z b z
m n c - e p e l z l e
m n c l v z r n g r
d r t w r d e
k x p i p z
k r l a
n a y a p w x t i p x b o
y a p w x t i - z p w x m a m u
t q r y a p w x p e m
n z r p n a n e o p e - k r m l r
n z a l v z t r n g
t q n g q n a m u
n a n g q n a m u
t q r p n a l z m
l x e n g e
t z v z b e n g
m z l w e n g
k r l z m l e
t o p w z t r
a l q l i o l e
x n g i t x t r l e
t q o b q t r p e
t q r p i b z l e
n a m n c n e - n g r g r
m n c - e p e l z l e
n a p i b z k u
n z y c m n e k r b z
t q a m z b l q t x p x p e m c
a b r t z t x - n g r d e
k c m a n g
k c m a
n a d r
n a n
n a b o
n a g r
n z m n e t i
x l r k r l e
t z - z p q t r n g
r p i o b z l e
y r n i - e b i r p e n g
n z r t a n g r t i - k r d r
t q r t a n g r n e
r y a p w x - z v z k r
m n c - e p e l z l e
n z m n c l z b z
k x n z y a g o x n g
n z m w i p e - k r n g e
t q p i b z k r
x l r l e l e
x l r b o l e
n z r m n q - k r d r
t z y z l u p e - m o p w z n g
k r a t q
n z r l a l z - k r g r
n z r p i - a n i - k r m l e
t q y a p x p e b z
t z y a p x p e n g
t r n z p i - k r p l e u
m n c l v z r n g r
t q r v z m i p w q
n z v z o - k r m o p w q k r
t q v z n e k r
n z v z p x m q n g
t q v z k i p x
n z v z - k r m g r
t q v z - e t r - n g r d e
t q v z o p e k r
n z v z p e k r
n a v z k r
v z k i p e b z k r
t q v z - n g r m o
t z v z o n g
n a v z - n q b l q l e
v z b o
r p w a ' - n g r b z
r p w a ' - n g r b o
r p w a ' t x - n g r b o
n z r p w a ' - n g r b z l r
t q r p w a ' - n g r b z m e
t q m r l z - n g r d e
t q p i b z k r
o s o p x b z k r
n c n q n g q
p r t z t x b z k r
t q k i p o p e
t z r t w z t i p e - k z n g
t q t w z o p e
t z y c m n e t r p e - n g r d r
t q y r l q o b o
n a - a e n z l i t x k i
n a - a e n z l i p w z l r
n a - a e n z l i m g r
t q a e n z l i t i - n g r g r
t q v o b e
v o t r p z k r
t z m n c t x - a l o p e n g
t q p i b z
n z l v c n g
m n c l z - n g r m
m n c - e p e l z l e
n z k q l u t x
n z p r t r - k r n g e
n a l i
n z p r t z - k r b z k r
n z r t r n g r t i o l r
r y a p w x - z v z k r
t z t a v e t r l r
t q w z t i p e l e
w z t r p o
n z r m c t i l r
d w a - r b r l z - n g r m q g r
m r b r t i t r p e
n z - z p q t r - k r d r
t q y a p x p e b z
n z y a l z - k r g r
t r o p i l v z u
t q r p n a - n g r m
t z k u k i r p e l r
y r l z o
y a p x - z v z k r
n z k r l z m l r
n z a t o l w a - n g r n g
t r n z k q l u - k r p e p w q g r u
n z y c m n e - k r m
n z a y o n g r
n e n g e
n e n g e n g
n e m
t q y r p l a t r n g r
t q p i b z
n a b z p e - n g r g r
b z p n z ' x
n z b z s z n g
t q m n c - l x b l r p e k r
n z m c t r
w x l i k i t x p x p n z
n z l v c n e n g
n z l v c - k r m l r
n z r l x t i - k r b z
n a r l x t i b z m e
n z k r l z m l r
t r k r l z w x u
n z r m c t i l r
n z p n a t i - k r b z m u
t q r p n a - n g r m
d w a - r b r l z - n g r m q g r
t z y c m n e t r p e - n g r d r
n z y c m n e - k r m
t q y r p u t i p x p e
n z o p x - n g r m
n z m w i n g r
t q t r k a m i
n z m n c l z b z
m r b r t i t r p e
n a a l e - k a i p z n g
t q r p n a - n g r m
t q r p i - n g r n
n a r l r - n g r m e
n z a n g i o - k r d r
w a i p n z ' l e
y o l x o m a m u
n a y r k r t x
n z o t i p e - k r m
n z g l q o l r
t r n z p i - k r p o ' u
t z a n g c p e l r
n z a m a - k r d e
t z p e o n g r
t r p e l e u
