n a d w a p e k r
t q a l v c - l z b q - n g r g r
t q m r l z - n g r d e
n z v z
v z m i m q
t z m n c - n g r d r
t r v z n e - k a k r
t q v z - n q b l q n e n e
t q m c p e k r
n z r p i m l r
m n c - e p e l z l e
n z w a i n e - n g r b z l r
n z v z p x b z n g
v z m i m q
v z p e m
n a p i t x t r - m o p o
t z y c m n e - n g r p e m l r
n z x l r b z l r l e
t z m n c t x - a l o p e n g
v z t r l e
n a v z m i b z l e
o t i m
k x l r p r
t r v z n e - k a k r
n z m c t r
t z t a v e l r
n z a y o n g r
n z k a t x - k r d e
x l r b o l e
t z r m c t i p e l r
t q p z l e
n z v z n e p e l r
t z m a t q
m c l x
n z m c k r
t q e t u n e p x p e
n a v z m i b z l e
t q v z p e - k z x
n z m c t r
y z l u m c
n z r p i b z l r
a b r t z l v z k r
p i b z l e
n a k q t x o m
n a k a b o
v z t r l e
a b r t z t x - n g r g r
n a v z b z
k r l z p e b z k r
t q o t i - a t e m
n a k a t x b z l e
d w a s x p x - k z p q g r
v z m i m q
t z v z p e
r g l q p x k r
t q v z p e - k z x
v z p e m
r m c t i p e k r
t z v z p x p e b z n g
t q v z p e m
n z y o l x o m l r
d w a l z m g r
t q k r l z p e l e
o t i b z
a e l w a p x
v z t r l e
n a n g q t x k r
k x t o p w z
b o o n g r
y c m n e p e
t z v z - n g r
o s z b z l e
t q v z p e
v z t r l e
n z r p i m l r
t q y a p x p e b z
t z v z n e p e n g
n z l x p l z t x
t q v z - e t r - n g r d e
t q p r t r p e b z k r
t z v z o p e n g
v z m i m q
t q p i m e
m c l x n g
n z b z t i - l x b l r n g
d r l z d e
e s z ' n e
e t u t x
t q n g r l r p x p e m
n z y a - z v z n g
n z r p i b z l r
v z x
t z s i k l u t i
r m c t i - n g r g r l e
n z m n c p e n g
t q m c p e k r
v z p e m
d r t a ' d r
n z w z t i - k r b z l e
m c l x n g
o t i m
v z m i o l e
n z k q o - k r m
n g r l x t x o
n z v z
p n z ' b z l e
t z l v a b e t r p e b z
v z t x
r p i - m o u p q l e
w z t r p o
n a m n c t x p o
k x m a t q
v z t r l e
n z v z - k r b o
n a a g l q a m u
n a m n c - k a p q n g r
m c l z k r
y r l q t x - m o u x
n z v z n g
n z r m c t i l r
n z k r l z m l r
n z w z t i - k r b z l e
n z v z - z v z b z n g
n z r k a t x n g r
t q p r t r p e b z k r
t q v z b o
t r r l r - n g r p l e u
m c t x m
t z v z k i n e d r
t q r g l q t i k r
t q m n c - n g r d e
t z t w z o p e l r
n z t e k q t r n g r
m c t x m
t z v z p e - k a i n g
t q v z b o
t z v z p x p e b z n g
r m c t i l e
n g r l a p l x p x k r
n a v z m i b z l e
n z v z - k r n g e
n z w r k x t r n g r
n z v z p x b z n g
t z p n a t i b z l r
s c d e
m c l z k r
n z m c k r
n z v z p e n g
n z r p i b z l r
n a k i l z b z l e
o s o p x b z k r
n z a t a k i
t q r y r - n g r n e
t q v z p e x
n a r y z k r - n g r g r
n z k a l z m l r
t z v z p e
m c l x
n z v z k a i - k r g r
o b q t r p z
t z m w i - n g r d r
t q m z n r l x p e
n a v z - n q b l q l e
n e n g e n g
m n c - m i p e - a m u
n a r t w z o b z
t r m n c k r u
t q v z - n g r g r
t q p i p e m
t q v z t r - m o p w z k r
n a m n c n e - n g r g r
n z p r p x n g r
t q p i b z
y r w i t x - k z l e
v z p e m
t q a l v c - l z b q - n g r g r
n z v z p x n g
m w a k r
k x p r k i
r p i l e
n z r p i - a n i - k r m l e
a t u l z n g r
a l v z t r l e
t q v z p e b z
t q n g r l r p x p e k r
k x p l c
n z r p i m
n z k r k a ' p x - k r m l r
t z v z p e - k a i n g
n a p i b z k u
n a v z m g r
t q v z p e
n z v z k i o l r
n z v z p x n g
n z r p i b z
t q v z m i t r p e l e n g
v z k i m l e
n z v z p x n g
t q v z - n g r g r
t q v z p e - k z x
n z v z - k r b z k r
n z v z - z v z b z n g
n z m c p x
t q v z p e m g r
t z v z n e p e n g
m r t u t x
t q a b r t z - z v z - n g r g r
n z v z - k r n g e
n z v z k i l r
n z w z - k r g r
t r t q w z p e u
t q v z p e m
t q r p i p e x
t q v z m i t r p e b z l e
t z m c n g r
t z l v c l z p e - n g r d r
s c g r
n z v z - z v z b z n g
t a b c - z v z k r
t q t w z o p e
r p w a ' - n g r b z
r p i - m o u p q l e
t q v z p e - k z x
n z l x n g i t i - k r d r
m c p o
y r k r p x b z l e
o b q k i m c
d w a t r k r
t q p i p e m
t z y a p x p e n g
n z a b r t r - k r b z k r
n z v z p e - k r d r
t q v o b e
m c p x m
t z r m c t i p e l r
n a p i t r - m o u p o
n z v z - k r n g e
t z m u p e - n g r d r
n z d w a t r - k r g r
t z k u k i r p e l r
t z m n c t x - a l o p e n g
t q v z t r p e
n z r p i b z l r
t q p n z ' l e
t r s u k a
t q v z d z p e - n g r m g r
m c t r k r
n z m n c p e n g
t q v z b o
n z m c o m l r
t z v z p e
n z p n z '
n z y c m n e k r b z
n z y a g o x - k r d e
t z v z p e
t z v z p e
n z v z
n z m c k r
n z v z
t q a w i p e b z k r
t z v z p e
t z v z p e
n z l v c k r
n z v z
t z v z p e
n z v z
t z v z p e
n z v z
n z v z
t z l v c m l r
t z v z p e
n z l v c n g
m c l x
n z v z
n z v z
n z v z
t q d c
m c l x
y r n i t x
t q n g r l r p x p e k r
n z v z
n z r p i l r
n z v z
n z v z
t q m c p e x
n z l v c p e n g
t z m n c - n g r d r
m n c - e p e l z l e
t q p i p e b z l e
t q v z p e
t q v z p e
t q v z p e
m c o m q
t q v z p e
m r l z p e
t r k r l z w x u
n z v z d z m q n g
t q v z p e
t q v z p e
t q m r l z - n g r d e
t q p i p e b z l e
t q v z p e
m n c l v z r n g r
t q r t w a y z b z
n z l z t i n g
k r l z m g r
n z w z k r
t z v z p e - k a i n g
t q v z p e m
t q v z p e m
t q v z p e m
v z b z
t q p i p e b z l e
n z r b o m k r
t q v z p e m
t q v z p e m
t q v z p e m
t q v z p e m
t q v z p e m
n z w z k r
t q v z p e m
k r l z b z l e
t q r m c t i p e k r
t q v z p e b z
n z r l a l z - k r g r
t q v z p e b z
m n c p e x
t q v z p e m
t q p i p e b z l e
t z m n c - n g r d r
n z v z b z n g
t q v z p e b z
t q v z p e b z
t z k r l z p e
t q v z p e b z
t q v z p e b z
t q v z p e b z
m n c - k a p q - n g r g r
t q v z p x p e
n z v z b z n g
t q v z p e b z
n z v z - k r d r
n z r m c t i l r
n z v z p e n g
n z v z b z n g
n z v z b z n g
n z v z p e n g
n z v z b z n g
n z m c p x
n z v z p e n g
t w z t x p o
n z m c k r
v z x
n z v z b z n g
n z m c t r
v z x
n z r p w ' a - k r d e
t q v z p x p e
v z x
t q v z p x p e
t q v z p e m g r
t q m c p e x
t q v z p x p e
t q v z p e m g r
n z y r l q b z
n z o t i p e - k r m
n z v z p e n g
n z w z t r n g
n z v z p x n g
t q v z p x p e
n z v z p e n g
t q r p i - n g r n
n z m n c l z b z
n z v z p x n g
t q p i m e
n z v z p e n g
v z x
v z x
t q v z p e m g r
t q v z p x p e
n z m c p x
v z p e m
t q p i m e
t q p i m e
t q v z p e m g r
v z p e m
t z v z o p e n g
n z m c p x
t q v z p e m g r
t z v z o p e n g
m r l z p e
t z v z o p e n g
t q v z p e m g r
t q w z t i p e l e
n z p w x n g
t q p i m e
n z v z p e n g
n z v z p x n g
v z x
n z v z p x n g
n z v z - k z n g
t z v z o p e n g
t q p i m e
n z v z - k z n g
t z v z o p e n g
n a v z m i b z l e
n z w z - k r g r
t z v z n e p e n g
t z v z o p e n g
n z v z p x n g
n z v z - k z n g
n z m c p x
n z a l v z t r n g
n z m c p x
n z v z - k z n g
n z v z p x n g
n z m c k r
v z p e m
n z v z p e - k r d r
n z v z p x n g
t z v z o p e n g
t q m c p e l e
n z v z p x n g
n z v z p x n g
t q m c p e x
v z p e m
t q m c p e x
t z v z o p e n g
t z v z n e p e n g
v z t x
n z v z p x n g
t z v z - n g r
n z m c p x
t z v z - n g r
t z v z o p e n g
n z v z p x n g
n z v z p x b z n g
n z t u n g r
r m c t i - n g r g r l e
v z p e m
n z v z p e - k r d r
n z v z p e - k r d r
t z v z n e p e n g
n z v z p e - k r d r
n z t u n g r
n z v z p e - k r d r
n z r p i l z - k r d r
n z v z p x b z n g
t z v z - n g r
n z v z p x b z n g
n z r p i l r
t z v z - n g r
t r k r l z w x u
t q r k a l z p e m g r
n z r p i b z
n z v z p x b z n g
n z v z p x b z n g
t q p i m e
n z v z p e - k r d r
n z r l z - k r b z l e
n z v z p x b z n g
v z p e m
t z v z - n g r
n z w z - k r g r
n z m n c l z b z n g
m n c - e p e l z l e
n z m n c p e n g
v z p e m
t z r t w z t i p e - k z n g
n z v z p x b z n g
n z w z - z l w z - k r g r
n z v z p x b z n g
n z t u n g r
t q a s u l e
n z v z p e - k r d r
v z p e m
t q m c p e k r
n z v z p x b z n g
n z v z k i l r
n z a b r t z n g r
n z v z p e - k r d r
t q r p i p e x
n z v z p e - k r d r
t z v z k i n e d r
t z v z - n g r
t q m c p e x
n z v z n e p e l r
v z p e m
n z v z n e p e l r
t z v z - n g r
m c l x
t z v z k i n e d r
t z v z k i n e d r
v z p e m
t q v z b o
n z m c k r
v z t x
n z v z k i l r
n z v z p e - k r d r
n z r p i b z
t z v z k i n e d r
n z v z - z v z b z n g
t q r m c t i p e k r
t z v z - n g r
n z v z - z v z b z n g
t z v z k i n e d r
n z p i l z l r
v z p e m
t z v z k i n e d r
n z t u n g r
t z v z k i n e d r
v z t x
t q m n c - n g r d e
n z m n c p e n g
n z v z n e p e l r
t z v z k i n e d r
t z v z k i n e d r
t q m c p e l e
t q v z b o
t q m c p e
t q m n c - n g r d e
n a v z b z
n z t u - z v z - k r d e
n z a b z o l r
n z v z n e p e l r
v z t x
t q v z b o
n z v z k i l r
n z a b r t z n g r
t q v z b o
t z v z k i n e d r
n z v z n e p e l r
n z v z n e p e l r
n a m c k r
n a v z b z
n z v z - z v z b z n g
n z v z k i l r
n z r p i b z l r
n z m c k r
n a v z b z
n z v z k i l r
t z r k a l z p e m
n a v z n g
r p i l e
n a v z b z
t q p i b z k r
t z v z p x p e b z n g
n a v z b z
t q t w z p e
n z v z n e p e l r
n z v z - z v z b z n g
n a v z n g
t z v z p x p e b z n g
t z v z p x p e b z n g
n z m c t r
t z v z p x p e b z n g
n z v z n e p e l r
t z v z p x p e b z n g
t q m n c - l x b l r p e k r
n a v z m i b z l e
n a v z n g
t q v z b o
v z t r l e
n z v z k i o l r
t q p i b z k r
t z v z p x p e b z n g
n a a g l q p e k r
t z v z p x p e b z n g
n z v z - z v z b z n g
n z r p i b z
t w z t r k r
n z v z n e p e l r
n a v z m i b z l e
m w i t x
t q p i p e m
t q p i p e m
n z r p i b z
t q w z t i p e l e
t q p i p e m
n z r p i m
n z v z - k r b z k r
m c l x
r g l q p x k r
n a v z m i b z l e
n a v z m i b z l e
n z v z - z v z b z n g
t q v z b o
n z r p i b z
n a v z m i b z l e
n z v z k i o l r
v z t r n g r
n z v z k i o l r
t q p i b z
n a v z b z
t q v z b o
n a m r l z
n a v z m i b z l e
n z v z k i o l r
n a v z n g
t q p i b z k r
n z v z - z v z b z n g
r p i l e
n z a b r t z l v z l r
n z v z k i o l r
t q r p i p e x
v z t r n g r
t q p i b z k r
n a m n c n e - n g r g r
n z r m c t i - k r d r
t z v z p x p e b z n g
t q a l v c - l z b q - n g r g r
n z m c t x p w z
n z m n c l z b z n g
n z m c t x p w z
n z v z - z v z b z n g
n a v z m i b z l e
n a v z m i b z l e
n z r p i l r
t q p i b z
n z r p i b z l r
n z v z k i o l r
t q y r n i t x p e
n z v z - n g r m l r
n a v z m i b z l e
n z v z - k r b z k r
n z v z - k r b z k r
n z m c t x p w z
n z r m c t i l r
n z m c t x p w z
t q r p i p e x
t q r p i p e x
v z t r l e
t q y a p w x t i p e m l e
n a v z m i b z l e
v z t r n g r
n z r p i l r
v z t r n g r
n a v z m i b z l e
n z v z - k r b z k r
n a v z m i b z l e
v z - z v z x
n a v z n g
n z m z n r - k r d r
v z t r l e
v z t r n g r
v z t r n g r
n z a b r t z - z v z n g r
n z m c t x p w z
v z t r l e
t q v z - n g r g r
t q r m c t i p e k r
t q p i p e m
n z v z - n g r m l r
v z t r l e
n z v z - k r b z k r
t z y c m n e - n g r p e m l r
n z d w a o n g r
n z v z - z v z b z n g
t q p i b z
n z m c t x p w z
n z v z - k r b z k r
n z m n c l z b z n g
n z v z - n g r m l r
n z v z - k r n g e
n a m c l e
t q p i b z
v z t r l e
v z - z v z x
n z v z - k r b z k r
t q p i b z
n z v z - k r b z k r
n z v z - k r n g e
n z v z - k r n g e
n z v z - n g r m l r
n a v z n g
v z t r n g r
n z v z - k r n g e
n z m c t x p w z
t q p i b z
v z - z v z x
t q r p i b z l e
v z - z v z x
y z l u m l e
t q r p i p e x
v z t r l e
n a v z n g
n z v z - n g r m l r
t q v z - n g r g r
r m c t i - n g r g r l e
t q v z - n g r g r
n z v z - k r n g e
t q p i b z
t q m c p e l e
t q r p i p e x
t q p i b z k r
t q p n z ' b q p e l e
t q m c p e l e
t q r p i p e x
n a v z n g
n z v z - k r b o
v o k r
n a v z n g
n a k a b z
t q m c p e l e
n z w z - k r n g e
t q v z - n g r g r
r m c t i - n g r g r l e
v z - z v z x
t q r p i b z l e
n z v z - k r b o
n a v z n g
t z r m c t i p e l r
t q v z - n g r g r
v z - z v z x
n z r p i b z l r
n z n g i k r
n z r p i m l r
b z p e k r
t q v z - n g r g r
t q v o b e
t q v o b e
t r n z p i - k r p o ' u
m c l x
n z r p i m l r
n z m c t x p w z
t z r m c t i p e l r
t q m c p e l e
n z v z - k r b o
n a v z - k a i k r
n a v z k r
t q t u l z
t z r m c t i p e l r
t q v z m i t r p e l e n g
t q v z m i t r p e l e n g
n z v z - k r b o
t r v z n e - k a k r
n z d w a o n g r
n z v z - k r b o
t z y c m n e t r p e - n g r d r
v z t r n g r
d w a - r b r l z - n g r m q g r
t q r p i b z l e
n z y c m n e - k r d e
n z m c t x p w z
a b r t z l v z k r
t z r m c t i p e l r
r m c t i - n g r g r l e
n z o t i p e - k r m
v z p x b z k r
n z r p i m l r
v z p x b z k r
v z p x b z k r
t q r p i b z l e
k i l z n e d e
t q v z - n g r g r
t q r p i b z l e
n z r m c t i l r
n z r p i - a n i - k r m l e
v z p x b z k r
r p i - m o p w z
t r v z n e - k a k r
t q r p i b z l e
n z d w a o n g r
t q t u p x m
n z v z - k r m
k r l z p e b z k r
n z v z - k r m
n z v z - k r m
t q r p i b z l e
n z k r l z m l r
t q p n z ' l e
v z p x b z k r
t r v z n e - k a k r
t r v z n e - k a k r
t r v z n e - k a k r
v z p x b z k r
n a p i b z k u
n z v z - k r m
n z v z - k r m
n z r p i m l r
t q v z m i t r p e l e n g
n z y c m n e - k r d e
n z v z - k r m
t q v z m i t r p e l e n g
r m c t i l e
t r v z n e - k a k r
n z v z - k r m
t r v z n e - k a k r
n z r p l a m e i t i - k r d e
m n c p e x
n z v z - k r m
t z y a p w x t i p e b z l r
n z v z - k r m
n z v z k a i - k r g r
v z k i m l e
n z v z - k r m
t q m r b r
n z r m c t i l r
r m c t i p e k r
n z v z - k r m
t z r m c t i p e l r
t q v z m i t r p e l e n g
n z r m c t i l r
n z y a p w x - k r d r
t q o l v x t i - a t e l e
t q v z m i t r p e l e n g
m c l z k r
t q y r n i p e x
v z k i m l e
n z v z k a i - k r g r
n z r m c t i l r
n z v z k a i - k r g r
n z v z k a i - k r g r
n z r m c t i l r
m w i t x
m n c p e x
t q v z m i t r p e l e n g
n a y a p w x t i m l e
n z v z k a i - k r g r
n z r m c t i l r
v z k i m l e
n z v z k a i - k r g r
t q y a p x p e k r
r m c t i p e k r
n z v z k a i - k r g r
n z r m c t i l r
r m c t i l e
r m c t i p e k r
m c p x m
r m c t i p e k r
r m c t i p e k r
m c l z k r
n z v z k a i - k r g r
t q v z m i t r p e b z l e
n z v z k a i - k r g r
v z k i m l e
m n c p e x
n z v z k a i - k r g r
n a n g r l r t r k i
n z v z k a i - k r g r
n z v z k a i - k r g r
n z v z k a i - k r g r
m c p x m
m n c p e x
n z v z k a i - k r g r
t q v z m i t r p e b z l e
o t i b z l e
n z v z k a i - k r g r
m c l z k r
m c l z k r
t u n e p w z
d w a l z m g r
t q v z m i t r p e b z l e
m c l z k r
t q n g r l r p x p e k r
t q v z m i t r p e b z l e
m c p x m
t q v z m i t r p e b z l e
n z y c m n e k r b z
t q v z m i t r p e b z l e
m c p x m
t q o b q t r p e
n a d w a p e k r
m c l x n g
m c t r k r
t q v z m i t r p e b z l e
v o m l e
r m c t i l e
m n c t i k r
d w a - r b r l z - n g r m q g r
t q v z t r - m o p w z k r
t q m n c - l x b l r p e k r
t q v z t r - m o p w z k r
t q v z t r - m o p w z k r
v o m l e
t q v z t r - m o p w z k r
t u l z m c
x l r k r
t q v z t r - m o p w z k r
m c t r k r
t q p n z ' b q p e l e
t q v z t r - m o p w z k r
m c l x n g
v z m i o l e
r p i o b z l e
n a y r k r t x
r p i o b z l e
v z m i o l e
t q m w i - n g r g r
v z m i o l e
a t u l z n g r
a t u l z n g r
t q n g i
v z m i o l e
t q v z t r - m o p w z k r
t q v z t r - m o p w z k r
n z p n a k i p x - m o u l r
m c t r k r
t q v z t r - m o p w z k r
t q y a p x p e b z
m c l x n g
v z m i o l e
m c t x m
v z m i o l e
m c t x m
n a m n c t x p o
t q v z t r - m o p w z k r
n a y a p w x t i b o
n z y c m n e - k r b o
m n c l z - n g r m
r p i o b z l e
t q a s u p e
m w i t x
m c l x n g
m c t r k r
m c t x m
m c t x m
m n c l z - n g r m
m n c l z - n g r m
m n c t i k r
d w a l z m g r
m n c - e p e l z l e
n a n g r l r t r k i
m c t r k r
d w a l z m g r
t q v z - n q b l q n e n e
t z m n c t x - a l o p e n g
m c l x n g
t q v z - n q b l q n e n e
m c l x n g
a t u l z n g r
t u t i p x - n g r m
d w a t r k r
m n c l z - n g r m
m n c l z - n g r m
m c t x m
m c t x m
t u p x m
t u t i p x - n g r m
t q v z - n q b l q n e n e
m r l x m q
t q v z - n q b l q n e n e
t u p x m
t q v z - n q b l q n e n e
t q v z - n q b l q n e n e
d w a t r k r
t q v z - n q b l q n e n e
t q v z - n q b l q n e n e
t q v z - n q b l q n e n e
m n c - m i p e - a m u
w z t r p o
r p i - m o u p q l e
y r k r b z k r
n z r p i - a n i - k r m l e
t q v z - n q b l q n e n e
n a p i t r - m o u p o
t q v z - n q b l q n e n e
t q m n c p e k r
t q m n c - l x b l r p e k r
n z r p i - a n i - k r m l e
t u p x m
t q m n c - l x b l r p e k r
n a p i t r - m o u p o
t u p x m
n a p i t r - m o u p o
m c p o
n a p i t r - m o u p o
n z r p i - a n i - k r m l e
d w a t r k r
t q m n c - l x b l r p e k r
m c p o
n a p i t r - m o u p o
m c p o
t q m n c - l x b l r p e k r
t q m n c - l x b l r p e k r
w z t r p o
n a o b q - k a p q p x
t u n e p w z
v z m i m q
n a p i t x t r - m o p o
t r s u k a
v z m i m q
v z m i m q
n a p i t x t r - m o p o
n a p i t x t r - m o p o
n a p i t x t r - m o p o
v z m i m q
y c - n r b a l q
v z m i m q
v z m i m q
v z m i m q
t r n z p i - k r p o ' u
t r n z p i - k r p o ' u
k x t o p w z
t r n z p i - k r p o ' u
t r n z p i - k r p o ' u
t r n z p i - k r p o ' u
t r n z p i - k r p o ' u
t r n z p i - k r p o ' u
t r n z p i - k r p o ' u
