t q v z p e
t r n z p i - k r p o ' u
t u o m
t z r k a l z p e m
v z t x
y z l u m g r
m n c p e x
d w a l z m g r
v z - z v z x
n z v z - z v z b z n g
t q o l v x t i p e l e
m r k c n g
r p i o b z l e
r m c t i l e
a e l w a p x
m n c - m i p e - a m u
t q r p i l e
v z t x
v z p x b z k r
m c l x
n z r p i b z
t z v z o p e n g
n z v z - n g r m l r
t q v z p e x
v z p x b z k r
t z v z p x p e b z n g
n a m n c - k a p q n g r
t q v z p e x
n e g u n g
n a n e n g
m n c t i o m g r
n z m n c l z b z n g
n z v z p x n g
n z r p i - a n i - k r m l e
t z l v c - a t e n g
n a v z m i b z l e
k x k q l u
n z a b z o k r
n z b z s z n g
t q v z b o
n z r m c t i l r
t q m c p e x
n z m c p x
t r v z n e - k a k r
t q v z b o
n z v z - k z n g
v z t r l e
n a v z m i b z l e
t z v z p e
t u n e p w z
v z m i m q
n z p r p x n g r
d z b e d e
t q y r p u t i p x n g r
v z t r l e
n a y a - p w z - t i p e x
t r n z a y o t i p e l r u
t z m r g e n g
e s z - k r d e
n z r m c t i l r
t q v z t r - m o p w z k r
m w x l r - n g r g r
n z m c t x p w z
t z v z p x p e b z n g
n z p w x n g
r m c t i l e
t z t a v e t r l r
t q v z p e m
m n c - e p e l z l e
t q v z t r - m o p w z k r
n z v z k a i - k r g r
m q g r
t q v z p e - k z x
n z v z - k r b o
t q p i m e
t u t i p x - n g r m
n z v z - k r m
t r k q o p q l e u
n z o b q - k a p q k r
n z l v c n g
l i t x t r
k r l c d e n g
n z p n a
t z v z o p e n g
n z d w a t r - k r g r
m w i t x
t z v z o p e n g
t q m w i - n g r g r
t q v z p e - k z x
n z v z n e p e l r
t q r g l q t i k r
n e d r n g
n z v z n e p e l r
m u l z p e k r
t q v z - n g r g r
t q m n c - l x b l r p e k r
t z v z o p e n g
n z m c t x p w z
n z r p i m l r
t u n e p w z
t a b c - z v z k r
b z p e k r
v z k i m l e
r m c t i - n g r g r l e
n z v z p x n g
n z r p i b z
n z m c t r
t q m c p e k r
t u l z m c
n z r p i b z l r
m n c l z - n g r m
g l a l z l e
n g r d e
t q m c t i k u n g
y r k r t x o
t q v z p e - k z x
n z m n c k r
k r l z m l e
n z v z k i l r
t r v z n e - k a k r
n a v z d z k r
m c p x m
k q l u t x
r p i o b z l e
t z m n c t x p w z
m w i t x
r p i o b z l e
n z v z k i o l r
t z v z p e - k a i n g
n z v z n e p e l r
t q t r k a p e m
t r v z n e - k a k r
v z p x b z k r
n a a g l q b z l r
m n c l v z r n g r
r g l q p x k r
d w a l z m g r
l v c - a l z u p q
n z v z - k z n g
t q d w a p l r k r n g
n z v z - k r b o
t q v z t r - m o p w z k r
n z v z k i l r
b z t i p e d e
n z v z - n g r m l r
y r k r t x o
n z m c k r
t q n g r l r p e k r
v z k i m l e
t z v z - n g r
t q m c l a m u
n z v z - k z n g
y a g o x t x
a b z o k r
v z p e m
t q r p i p e x
t q v z - n q b l q n e n e
t z w r k x t r p e n g
t w z q
t q v o t x - n g r p w z
n z v z - n g r m l r
n z r t a n g r t i - k r g r
n z v z k i l r
n z v z b z n g
k r a p w x
t q m c p e k r
n z n g q t i t x p w z
n z v z b z n g
t q y r p l a t r p e
t q p i b z
n z v z - k r n g e
n z v z b z n g
t q t o p w z b e - n g r n e
t q r m c t i p e k r
r p i m l e
o t i b z
v z m i o l e
t r n z p i - k r p o ' u
n a p i p x - l z b q n g
n z y c t i k r
t q v z t r - m o p w z k r
t q v z p e m g r
y r k r p x b z l e
n z r p i b z
n z v z - k r n g e
k x t r k a
t r v z n e - k a k r
m n c - m i p e - a m u
n z v z p x b z n g
m w i
t q v z p e b z
p i b z l e
n a y a p w x t i m l e
l i p w z
t z m r g e p e n g
n z v z p x b z n g
t q v z p x p e
n z r m c t i l r
n z v z - k r m
t q v z b o
n z v z
t u t i p x - n g r m
n z v z t r n g
t q p i b z
n z m n c p e n g
t r v z n e - k a k r
t q v z p e m g r
n z v z
n z v z - k r b o
t r v z k r u
n z m c t r
t r v z n e - k a k r
n z v z n e p e l r
t q v z t r - m o p w z k r
w z t r p o
n z w z - k r n g e
t r n z p i - k r p l e u
n a v z m i b z l e
t q v z p e m g r
t r t q w z p e u
n z v z
t q v z m i t r p e b z l e
t q y r k r p e n g r
t q v z p e m
n a v z n g
n z r t a n g r - k r d r
l i p e
t q v z - n g r g r
r g l q k r
n z v z - k r b o
n z y a l z - k r g r
n z v z o - k r d r
v z k i m l e
t q v z - n q b l q n e n e
n z a y o n g r
v z t x
n a v z - k a i n g
t z v z k i n e d r
t q v z p e
n a v z b z
v z p e m
m c p o
m c t x m
r m c t i p e k r
n z v z
n z v z
t z y a p w x t i p e b z l r
t q v z p e - k z x
n z v z - k r b o
n a y a p w x t i b o
t z x l r o p e l r
n z v z b z n g
t z v z p e
v z t r n g r
t z v z p e
n z t a v e t r
t q a b r t z - z v z - n g r g r
t z v z p e
t q a b r t z - z v z - n g r g r
t z a n g i o l r
y r l q b z k r
m n c t x d e
n z n g i k r
v z t r k r
k r l z m g r
a p u l e
n z w z t i - k r b z l e
n z l v c p e n g
n z l x n g i t i - k r d e
n z w z - k r g r
n z w z - z l w z - k r g r
t q v z p e
n z p n a n g
n z v z n g r
t z y r n i n e t r p e b z n g
t q y r n i t x p e
n z p i l z l r
t q l i p e
n z x l r b z l r l e
m w x l r t i - z l w z k r
n z m n c t x p w z
t q v z p e k r
t q v z p e
t z v z - a t e n g
l x l v r k i m l e
n z a l v z t r p l r
t q m n c - l x b l r p e k r
t q a b r t z - z v z - n g r g r
t q o l v x t i p e l e
x l r k r
t q m a l e l e
t z t a v e l r
n z m n c - k r d r
n z w z k r
t z r y z k r n g
n z x l r b z l r l e
k r l z m g r
t q m c p e k r
l x e d e
n g r d r
r t a n g r t i b z
t q a s u l e
n a a l e - k a i p z n g
t q m w i - n g r g r
a b z o k r
t q p n z ' l e
t z x l r o p e l r
a b r t z t x - n g r g r
t q m c p e k r
t z m w i p e n g
t q m n c - l x b l r p e k r
n z b z - k r g r
b z a m u
n z m w i p e - k r n g e
t q v z p e b z k r
t q m n c - n g r d e
t q r g l q t i k r
n z k a l z m l r
t q y a g o x
n z x l r - k r g r
x l r k r
t q m r l z p e
t r t r k a - z l w z p w z u
t q r m c t i p e k r
t q m c p e k r
t q w a i
t q m w a p e
n z v z - k r d r
x l r b z
t q m n c - l x b l r p e k r
k x o d a
n z b o m - k r d e
e t u t x
m c l e
n z m n c p e n g
t q m c p e k r
k x e t u
t q r p n a p e - n g r m l e
t q n g i
n g q t i p e l e
v z - m o p w z k r
v z b z k r
t q r m c t i p e k r
t q r m c t i p e k r
t q t r k a p e m
t q r m c t i p e k r
t q m c p e k r
n z r k a t x n g r
n z y a g o x - k r d e
n z l v c n g
x l r m l e
n z m n c l z b z
m n c - e p e l z l e
n a m n c n e - n g r g r
n a m n c t x p o
m n c l v z r n g r
m n c l z - n g r m
n z n g i n i - k r d e
t q a m z b l q t x p x p e m c
n z a m z b l q p x - k r m c
k x p i p z
n z y r l q
t q n g q p e l e
n a v z n g r
r k a t r p q
t z r t w z - k z n g
t q m u - n g r g r
y r m q
m r b r t i t r p e
t q r m c t i p e k r
n z p n a n g
t q m c p e k r
t q r m c t i p e k r
n z b o m - k r d e
n z m n c n g
n z b z t i - l x b l r n g
t q w a i p e l e
x l r m l e
t q n e p e
n z y r l q
t r t e d e
n z a b r t z - k r g r
t q b z p e
t q m r l z - n g r d e
x l r k r
m n c p e x
n z k r l z m l r
t z k r l z p e - a t e l r
b z a m u
t z l v c m l r
r l w x k r
t z r t a n g r p e
m z n r y a g w e n g r l c
t q m u
x l r k r l e
t r r l r - n g r p l e u
n a r l r - n g r m e
n z p w x n g
n z e t u p e - k r n g e
n z b z n g
t q m n c - l x b l r p e k r
t q r p n a l z m
p n z ' b z l e
n z y a p w x - k r d r
m z l e d e
n z m c t r
n z r k a t x n g r
n z - z p q t r - k r d r
n z p i l z l r
t q p i p e b z k r
x l r m l e
t q a y r n i p e l e
t r - r m n q u
d w a l z m g r
d w a s x p x - k z p q g r
m c k r
n z l r m z t r - k r d e
t q r p n a p e - n g r m l e
t u o m
t q v z p e - k z x
n z l v c n g
t q r m c t i p e k r
t q m c p e k r
t r n z k q l u - k r p e p w q g r u
x l r k r l e
t q y r l q o b o
n z y c m n e
n a e s z ' m z n g
l r d r
t r t r k a - z l w z p w z u
n z m c t r
t z m u p e - n g r d r
t q a m a p e
t z x l r o p e l r
t q m c - a t e k r
t r m c p e l e u
n z m c - k r n g e l e
t q m c t i a m u
n z r m c - k r b z
n z m c p x b z l r
t q m c p x b z k r
n z r m c t i n e d r
n z m c p e - k z p z
n z m c t r
n z m c t r p e m l r
t q r p n a l z m
t z p n z - l z b q n g r
t q p n z ' b q p e l e
e l a
n z y c m n e
n z b z n g
t q e t u n e p x p e
k r l a
n z l i - k r d e
n z l x n g i t i - k r d r
r g l q p x k r
t q v z p e - k z x
n z m c t r
t r p e l e u
t z p e o n g r
n z m w x l r t i - l z b q n g
v o m l e
t q v z p e - k z x
n z k r l z m l r
t r k r l z w x u
n a y a g o x n g
t z k u k i r p e l r
t q y r k r p e
n z e s z ' m z n g
m r b r t i t r p e
n z m n c l z b z n g
t q y a p w x t i p e m l e
r y a p w x - z v z k r
t q v z p e
t r o p i l v z u
m r b r t i t r p e
n z a n g i o - k r d r
t r n g i u
n g r l a p l x p x k r
t q r y a p w x p e m
y a p w x t i - z p w x m a m u
n a y a p w x t i p x b o
r y a p w x - z v z k r
r p i o b z l e
n z r p i b z
t u o m
t q y o k a e k r
t q p r t r p e b z k r
n o u d e
t q r k a w i t i k r
t q y a p w x t i p e m l e
r y a p w x - z v z k r
x l r m l e
e t u t x
n z r p w ' a - k r d e
n z a b r t r - k r b z k r
b o m l e
n z m w a n g r
r l r - n g r m e
n a r l r - n g r m e
n z p n a t i - k r b z m u
t q r p n a - n g r m
n z v z o - k r m o p w q k r
n a v z
v z - n g r b z k r
t q v z - n g r m
n a v z b z k r
n z v z k i
t q v z t x
n z v z p x m q n g
v z k i p e b z k r
v z - z v z k r
n a v z - n q b l q l e
t q v z k i p x k r
t q v z k i p x
v z o
t q v z o k r
t q v z d z k r
t r v z u
t q v z k i l z m l e
n z v z - k r m g r
n z v z p e k r
v z - n q b l q m
n a v z - m i p e x
t q r v z m i p w q
t z v z o n g
v z b o
t q v z n e - z v z k r
n z v z n e - k r g r
r v z m i m
t q v z - n g r m o
t q v z o p e k r
n a v z k r
t q v z p e b o
t q v z - e t r - n g r d e
t q v z n e k r
n z v z k i o p e - k z l r
t q v z - n g r n e
n z y a p w x - k r d r
n z o - k r m
n z y a n g r n g a t x - z l w z p e - n g r d r
p w x p w z
y z l u m l e
k x n z t o p w z
t o p w z t r
e s z ' t i
k x l i
o t i l e
n a a g l q p e k r
d r t w r d e
t q m r b r
n z p n a k i p x l r
x l r k r
n z p i b z l r l e
y c p q t i p e k r
n z r m c t i - k r d r
t q a m r l z
t u o m
k x e t u
o b q o b z
n z o b q p x b z
t q o b q t r p e
n z r l a l z - k r g r
t q t a b c - z l i n e p e k r
t q a m z b l q p x m c
n a a g l q p e k r
n z g l q o l r
m n q t i p e l e
n a r l z
t z m r g e n g
t z l v a b e t r p e b z
r p i o b z l e
r p i - r d e
t q p i t i k r
t q p i b z
r p i o l e
t q r p i p e b o
n a p i n e m c
t q r p i m l e
t z r p i b z
t z p i p e b z l r
n z p i - k r m l r
t q r p i p e m l e
t q r p i p e m
t r p i p e ' u
n z r p i - k r m e
n z r p i b z
r p i b o
t q v o b e
m r b r p e
y r n i - e b i r p e n g
n c n q n g q
m n c k r
b z p n z ' x
n a b z p e - n g r g r
n z b z s z n g
t z l v c l z p e - n g r d r
k r l z p e b z k r
t r k r l z w x u
n z k r l z m l r
n z b z s z n g
n a m n c t x p o
m n c - m i p e - a m u
m n c - e p e l z l e
m n c l v z r n g r
k c m a n g
m e i t x t a t x p x
d w a - r b r l z - n g r m q g r
t q a m i n g r - n g r g r
p l a m e i t x d e
t r s u k a
a s u m i p e b o
y r l z o
t z y z l u p e - m o p w z n g
t q s i k l u b e - n g r n e
x l r b o l e
x l r l e l e
x l r k r l e
k r l z m l e
n a t r k a - z l w z l e
n z a t r k a t i
t q t r k a m i
t z a m c t i - n g r d e
y c m n e p e
n z m c t r
n z p r t r - k r n g e
t q r p i - n g r n
t z y a p w x t i p e b z l r
t q y a p w x t i p e m l e
r y a p w x - z v z k r
n z t e l v z l r
b z t i p e d e
k x n z s i k l u
k x n z s i k l u n g
m n c l v z r n g r
m n c l z - n g r m
l o p x i l e
d w a l z m g r
n z m c t r
t q t r k a
t z l v c l z p e - n g r d r
n z l x p l z t x
y r n i - e t r t x k r
m z t e
n z m a b r
y r n i - e b i r p e n g
o s z b z l e
v z m q g r
n z p n z '
d w a - r b r l z - n g r m q g r
d w a s x p x - k z p q g r
t z - z p q t r n g
o b q p x k r
n z l v c - k r m l r
n z l v c n e - k r d r
n z l v c n e n g
t z l v c l z p e - n g r d r
n z p n a k i p x l r
k x n a m u
n c t e
t q w z t i p e l e
w z t r p o
n z m c t r
n a y r k r t x
y r k r p x b z l e
n a a g l q b z l r
n z g l q o l r
n a a g l q p e k r
t q m r l z p e
n g r d e n g
n g r g u
t q r p n a - n g r m
n z p n a t i - k r b z m u
s c d r
n z a t a k i
r k a l z m
t q r p i b z l e
n z r p i b z
r p i o b z l e
t q p i b z
n z r m n q - k r d r
m n r g r
m n r g r n g
t r n a n i b q l e u
m c p z k r
t q a t a t r p e l e
n z l z t r - n g r d e
n a n g r l r t r k i
m n c - m i p e - a m u
m n c - e p e l z l e
n z m n c l z b z
m n c l z - n g r m
n a m n c t x p o
n a m n c n e - n g r g r
m n c - e p e l z l e
m n c - m i p e - a m u
n a m n c t x p o
m n c l z - n g r m
t z k u k i r p e l r
t z y c m n e t r p e - n g r d r
n z a l v z t r n g r
t q p r t r p e b z k r
k x b q g r n g
t q r p i - n g r n
r p i o b z l e
d w a - r b r l z - n g r m q g r
d w a s x p x - k z p q g r
t q k r l x l z p e l e
k r l x l z p e l e
t r t e n g e
v o t r p z k r
t q v o b e
t q m r b r
n z r p n a - m o u p q n g
t z m w i p x - n g r m l r
m a l e l e
n z a y o n g r
n z y c m n e k r b z
t z y c m n e t r p e - n g r d r
t z y c m n e t r p e - n g r d r
n z y c m n e - k r m
t r k q o p q l e u
k x b q g r
t q x n g i - a t e b z k r
n z p c t i k r
t q n g q p e l e n g
t q n g q n a m u
n a n g q n a m u
y r n i - e b i r p e n g
y c m n e p e
d r t a ' d r
t q r p i - n g r n
t r n z p i - k r p l e u
p i p x - l z b q
n z r p i l z n g r
t z y a p x p e n g
y a p x - z v z k r
n z r t r n g r - n g r b z
n z r t r n g r t i o l r
n a o b q - k a p q p x
k x n z y a g o x n g
m n c - m i p e - a m u
m n c l z - n g r m
m n c - e p e l z l e
n z m n c l z b z
m n c l v z r n g r
t z p n z - l z b q n g r
t q p n z ' b q p e l e
t q n g r l r p x p e k r
n z r p n a n e o p e - k r m l r
n z r p n a k i p x n g r
x n g i t x t r l e
m z ~ n i b r d r
n z r l x t i - k r b z
n a r l x t i b z m e
t q y a g o x p e
a t u t r p e l e
n a d r
n a n
n a g r
n a b o
n e d r
t q n g r l r p x p e k r
y c m n e p e
n z m n c p e - k r g r
m n c m i b z l e
n a m n c - n g r g r
n z m n c t i p x m l r
n a m n c - k a p q l z - n g r m a m u
m n c - e p e l z l e
t r m n c k r u
m n c n e - m o u - n g r g r
t q m n c n e t r p e m g r
m n c - k u
n a m n c n e - n g r g r
t q m n c - k a p q n g r
m n c p w z k r
t q m n c t r p
m n c l v z r n g r
n a m n c - k a p q t r n g
t q r t a n g r n e
n z r t a n g r t i - k r d r
n z p r l x l r
n z a l v z t r n g r
n z a l v z t r n g
n e d r n g
t z a n g c p e l r
n z m n e t i
n z b z s z n g
b z t i p e d e
t z k u k i r p e l r
t z y z l u p e - m o p w z n g
v o m l e
n z d w a t r - m o u - k r g r
t z v z b e n g
a t u l z n g r
n z d w a t r - k r g r
t q x l r p e k r
t r t e g r n g
t q m e i t i o
n z m e i t r p z
n z r p l a m e i t i - k r d e
m e i t x t a t x p x
m c t e
a t u l z n g r
n z p r t z - k r b z k r
t q y r p u t i p x p e
t q y r p u t i p x n g r
n z y r p u t i p x k r
k x m u l e
n z r p i b z
r p i o b z l e
d w a s x p x - k z p q g r
v o t r p z k r
n z a l v z t r n g
m z l w e n g
n z y r l e t i - k r d e
n z r p i b z
t q r p i b z l e
t q p i b z
r l a s z k r
k z t e d e
w x b u p x - n g r m
a m u k x t r t x
n a m u - n g r g r
t q m u - n g r b e
n z m u n g r
n i b q t i
t r n a n i b q l e u
y o l x o m a m u
t z t a v e t r l r
k x e t u t i n g
e t u n e p x
t r - r m n q u
n a v e x
n z o t i p e - k r m
t q o t i m l e
t q o t i - a t e m
w x l i k i t x p x p n z
a t u l z n g r
t q r p i - n g r n
k x r t c
t r t e g r
r p w a ' - n g r b o
n z r p w a ' - n g r b z l r
t q r p w a ' - n g r b z m e
r p w a ' - n g r b z
r p w a ' t x - n g r b o
n z a n g i o - t x p w z l r
n a l i n g
d z t u d r
a o l v z b z
n z y a l z - k r g r
y a p x - z v z k r
t q y a p x p e b z
t q p i b z
t q r p i b z l e
a m i n g r p e k r
n a a m i n g r - n g r g r
m q n g r m
t z w a i s z - n g r d r
w a i p n z ' l e
t q w a i k i
t q r p n a - n g r m
n z p n a t i - k r b z m u
b l e t i p x - l x b l r n g
n z m n c l z b z
m n c l v z r n g r
n a m n c n e - n g r g r
n a m n c t x p o
n z m n c l z b z
m n c - e p e l z l e
m n c - m i p e - a m u
n a m n c t x p o
n a m n c t x p o
m n c - m i p e - a m u
m n c l z - n g r m
m n c l v z r n g r
m c - k z a m u
n a k i l z b z l e
k i l z n e d e
t z t a v e t r p e l r
n z t a v e t r l r
d r l z d r n g
n z o p x - n g r m
r p i o b z l e
t z r t w z t i p e - k z n g
t q t w z o p e
n z o t i p e - k r m
t q o t i m l e
t q y r p u t i p x p e
t q y r p u t i p x n g r
n z o t r n g r
n z m c t r
n z y c m n e - k r m
t r s u k a
n z m c t r
b r n g e
t q m w i t x p e
t q p i b z
p r o t x k r
m a k x t x b z l e
v o m l e
n a l i
n z p n z ' p e m
n z r p n z ' n g r
t q r p n a l z m
x l r k r
t q y c o m
y c p x
t q y c n g r
y c t x b z
t q y c o n g r
y c - n r b a l q
t z a y o t i
o s o p x b z k r
n z m c
y c m n e p e
t q k i p o p e
n z k q l u t x
t z r t w z t i p e - k z n g
n z r m n q t x n g
r n g i - b a t r p q
t a k i t r t x p w z
n a w r k x t r
n z p n u t i t x
k x e s z '
y r p l a b r t q p e
t q y r p l a t r n g r
n e m u n g
n e d e
n e n g e n g
n e m
n e n g e
n a r l z
n z a m a - k r d e
t q r p n a - n g r m
n z p n a t i - k r b z m u
t q r w z s o
n z y c m n e k r b z
t q r p i b z l e
n z r p i b z
t q p i b z
m n c - m i p e - a m u
m n c - e p e l z l e
n a m n c n e - n g r g r
t q y r p u t i p x p e
t q p i b z
n a - a e n z l i t x k i
n a - a e n z l i p w z l r
t q a e n z l i t i - n g r g r
n a - a e n z l i m g r
t r n z a e n z l i l r u
p r t z t x b z k r
n a m w i
t q m w i t x p e
n e d r
n e n g e n g
n e m u n g
t q l i t r p e b z
k r a l i
r l i l r m u
n a k i l z b z l e
k i l z n e d e
k c m a n g
k c m a
a e l w a p x - p n z
t q p i b z
t q r p i b z l e
n z r p i b z
n z a t o l w a - n g r n g
r k a t r p q
t r t q k a p e p w q l e
l x e d r
l x e n g e
d r t w r d r
x l r k r l e
t q k r k a ' p e b z
p z t i t x k r
a l q l i o l e
m z l w e n g
s c g u
n a l i
n a r b o m p e n g
t z p r e s i n q n g
t q l u - n g r g u
m q g u
m q d e
m e n g a b q
t q w z t i p e l e
y a p x - z v z k r
t z y a p x p e n g
t q y a p x p e b z
k r l a
k r a t q
n a p i p x - l z b q n g
k x n z y q n g
n z o l z - k r m l e
o t i b z
t q a m r l z
