t z v z n e p e n g
t q m w i t x p e
n z a b r t z k r
n z y r l w r t r - k r b z l r
n z a l v z t r l r
t q v z m i t r p e b z l e
n a r l a s z p e l r
t q r p i p e x
n a m c l e
d w a s x p x - k z p q g r
n z l z
t z v z o p e n g
r n g i - b a t r p q
t z v z o p e n g
t q v z p e m
n g r l a p l x p x k r
n z d w a t r - k r d e
t q v z m i t r p e b z l e
x l r m l e
t q m c p e l e
n z v z - k z n g
n z y c m n e - k r d e
v z - z v z x
v z - z v z x
t r v z n e - k a k r
t q p i b z k r
m c t x m
t q a m z b l q p x m c
n z v z p e - k r d r
t z v z - n g r
t q m c p e k r
t q v z b o
t q v z p e x
n z a t o l w a - n g r n g
n z r n i b q n g r
p n a t i b z k r
n a m n c - k a p q n g r
t q m c p e l e
v z p e m
n z m n c p e n g
t z v z n e p e n g
m n c n e - m o u - n g r g r
n a k a b z k r
v z p e m
t q w a i
t q r p n a - n g r m
t q v z o p e
m n q t i p e l e
t q m w i - n g r g r
v z t x
n z m n c l z b z
n z v z b z n g
t q v z m i t r p e l e n g
n z v z b z n g
n z t u n g r
o t i m
n z v z n e p e l r
t q p i p e m
n z v z k i l r
t q n g r l r l z p e
e t u t x
t q w x b u p x - n g r m
k q l u t x
n z v z - k r m
n z v z p x b z n g
m n r g r n g
t q w z t i p e l e
n z y a g o x - k r d e
t u p x m
n z v z - k z n g
t q p i b z
a m y a
t q v z p e m g r
t q p i b z k r
r m c t i l e
p z t i t x k r
n z m w i p x m
t u o m
t q m n c - l x b l r p e k r
n z r k a k r b z
n z m n c p e n g
n z r p i b z l r
v z - z v z x
n z v z
n z v z - k r n g e
v z t r l e
n e g u n g
m c l x
t r t z r p n a p e u
t q v z p e m g r
n z n g i k r
n z v z p e n g
v z t r n g r
m c l z k r
t q v z p e m
k r l z m g r
v z t x
v z t r n g r
d w a - r b r l z - n g r m q g r
n z r p i m l r
t q v z p e m g r
t q v z p e m
r m c t i l e
t q a e n z l i t i - n g r g r
n z a l v z t r n g
y z l u m g r
t z a n g c p e l r
t q v z - n q b l q n e n e
t z v z n e p e n g
n z v z - n g r m l r
t z v z n e p e n g
n z a n g i o
n a m w i
n a m n c t x p o
r p i - m o u p q l e
y c - n r b a l q
n z w z k r
r p i l e
t z y a p x p e n g
t q v z p e b z
y c m n e t r p z k r
n z v z - k r b z k r
n z p r p x k r
n z r p i b z
m c p x m
v z m i m q
r m c t i - n g r g r
n a l i n g
t z v z p e
n g r g u
v z x
v z m i o l e
n z r p i l z - k r d r
a s u m i p e b o
t q m w i - n g r g r
v z t x
t q m c p e x
t z v z - n g r
v z p e m
t q t r k a p e m
n z w z - z l w z - k r g r
t q v z b o
t r d o u
t q v z m i t r p e l e n g
n z r p i - a n i - k r m l e
n z v z - k r b o
t z v z o p e n g
n a m n c t x p o
n z y r l q
t q v z m i t r p e b z l e
t q a s u p e
n z g l q o l r
m c t r k r
v z - z v z x
k r l z m g r
t q b z p e
y c m n e p e
n a v z m i b z l e
t z v z p e
v z m i o l e
n z v z k a i - k r g r
v z - m o p w z k r
v z m i o l e
n a v z m i b z l e
t q m c p e x
t q v z p e b z
t r - r m n q u
t z v z p e - k a i n g
n z v z k i o l r
t q v z p e b z
n z r m n q - k r d r
n z v z - k z n g
t q v z - n g r g r
t q o t i p e l e
t z v z p e - k a i n g
n z v z
t q v z - n g r g r
t q v z p x p e
n z m n c l z b z n g
t q n g r l r p x p e m
m c p o
n z r p i l z - k r d r
t r v z n e - k a k r
t q r l r p e - n g r m l e
v z x
v z x
t q k a b z k r
n a r y z k r - n g r g r
t z v z p x p e b z n g
t q v z p e - k z x
n z w z k r
t q r p n a - n g r m
n z v z k i l r
t q o l v x t i - a t e l e
t z p r p x n g r
p x i q t x n e
n a p i t x t r - m o p o
t q r m c t i p e k r
t q m n c
t z v o p e
n z p r p x - k r d r
r n g i - b a t r p q
n z m n c l z b z
t q p i b z k r
t z r m c t i p e l r
k c m a
t q p i m e
n z v z k i o l r
n z v z p e - k r d r
t q v z - n q b l q n e n e
t q a s u p e b z
n z r p i - a n i - k r m l e
m c t x m
n z w z - k r n g e
t z a y o t i
t z v z n e p e n g
n z v z b z n g
t q t r k a ' n g r
n z m n c p e n g
v z k i m l e
n z v z - n g r m l r
n z r p i l z - k r d r
t z m w x l r n g
m n c l z - n g r m
n z v z - k r m
v z t r l e
n e m u n g
v z t r l e
t u l z m c
n z v z - n g r m l r
n z v z p e - k r d r
t q v z p x p e
t q v z p e m g r
y r n i - e b i r p e n g
v z - z v z x
t q v o t x - n g r p w z
t q m r l z - n g r d e
n z m n c p e n g
n a p i b z k u
t q v z - n q b l q n e n e
v z p e m
n a v z m i b z l e
n z d w a t r - k r g r
t q v z n e
v z - z v z x
p w r k i l v c - n g r g r
k x k q l u
t q p i b z k r
t q a s u l e
t z y c m n e t r p e - n g r d r
n a y a p w x t i b o
k a l z m l e
t r t a k i t r u
v z p x b z k r
n z m c t x p w z
m n c - e p e l z l e
m w i t x
r l a s z k r
n z v z p x n g
n z m c p x b z l r
n z v z p x b z n g
n z v z - k r m
t z m u p e - n g r d r
n z m u - k r g r
n a - a e n z l i m g r
t q v z p e - k z x
n z r t r n g r t i o l r
n z v z k i o l r
n z v z p x n g
n a p i t r - m o u p o
d w a t x t r x
n z v z m i - k r g r
n z v z - k r n g e
n z w z t r n g
t z m w i p x - n g r m
n a v z m i b z l e
n z m n c l z b z n g
m c l x n g
n z v z
m z ~ n i b r
m n c l z - n g r m
m n c t x p e
t z v z k i n e d r
m c l x
n z v z - k r b z k r
t q p i p e m
t u t i p x - n g r m
k x p r k i
t z v z o p e n g
n z v z - n g r m l r
n z k q b l q p x - k r m c
n z r p i b z
t q v z p e - k z x
t q v z - n g r m l e
t q v z p e b z
t q v o t i t r p e m l e
e s z ' n e
n z v z - k r b o
n z p i l z l r
t q m u - n g r g r
n z x p e n g r
t r v z n e - k a k r
t z v z p e
t q d w a p l r k r n g
n z v z - z v z b z n g
n z v z p x n g
n z r p i - a n i - k r m l e
n z r p i b z l r
t z m w i - n g r d r
t q y r p u p x
n z v z - k z n g
m n r g r
t q v z b o
n z t u n g r
v z p e m
v z p x b z k r
t q v z p e m
v o m l e
d w a l z m g r
n z v z - k r b o
n a v z n g
t q v z p e - k z x
t q v z p e
t q v z p e - k z x
n z m e l z - k r m e
t z r m c t i p e l r
n z w z k r
a b r t z l v z k r
n z m c t x p w z
r n i p e x
n a v z n g
n z o t i p e - k r m
k c m a
n z m c t x p w z
t r v z n e - k a k r
b z a m u
n a r t w z m
n z d w a t r - m o u - k r g r
t q v z p e
t z y a p x p e n g
v z k i m l e
n z l z t i n g
n y z d r
t z m n c - n g r d r
t z y c m n e - n g r p e m l r
k x n z y a g o x n g
t z v z p x p e b z n g
n a p i p x - l z b q n g
n z a p u s r - k r d r
n z t w z - k r n g e
n z v z - k r n g e
t q m n c
t z v z p e
n z v z
t q t r k a
t q v z b e
t z v o p e
y r b u t i p e n g
m c p x m
t q v z t r - m o p w z k r
n z v z - k z n g
n z w z t r n g
n z v z p e n g
t z m w x l r n g
k x e s z '
n g r d e
t r v z n e - k a k r
n a p i b z k u
n z v z n e p e l r
t q v z t x
n z a l v c - k r g r
n z v z - k r n g e
n z g l q o l r
d w a t x t r x
t q v z p e x
t r v z n e - k a k r
n z v z - k r m
n z g l q l z - m o u l r
n a p i t x t r - m o p o
t q t u n e p w z
n z v z - z v z b z n g
r p i l e
t z v z p e - k a i n g
n a p i t r - m o u p o
k x n a m u
v z p e m
n z v z p e n g
n z v z n e p e l r
n z v z - k r b o
y a p w x t i - z p w x m a m u
k x b q g r n g
t z v z p e - k a i n g
t q n g r l r p x p e k r
t z y a p x p e n g
d w a t r k r
n z p n a k i p x - m o u l r
p i p x - l z b q
v o m l e
n z k q l u k r
r m c t i - n g r g r l e
t z v z n e p e n g
n z v z - k r m
t q o t i p e m l e
n z r p i b z l r
n z r p i b z
n z y a p w x - k r g r
t q a s u l e
t q m c p e k r
n a v z n g
t q m c p e k r
t q v z p e
t q y r k r p e n g r
v z - z v z x
n a v z b z
m c p o
t q m c p e k r
n a p i t x t r - m o p o
t z v z o p e n g
n z k a t x - k r b z l e
n z v z p x n g
o b q p x k r
n a t r k a - z l w z l e
t q v z p e m
t q a l v c t r - l z b q p e
a g l q t r p q g r
t q w a i p e x
t z a o l v z - a t e b z
n z v z p e n g
n z r p i b z l r
n a v z b z
v z p x b z k r
n z l v c n g
t q v z p e - k z x
t q t u p x m
t z y c m n e - n g r p e m l r
t q v z p e
m n c l v z r n g r
t r k r l z w x u
n z v z k i o l r
n a v z b z
t q t u p x m
t q v z b o
m w i t x k r
v z t r n g r
d w a s x p x - k z p q g r
v z t r n g r
t r v z u
t q m c p e k r
t q v z b o
t q v z p e x
n a v z m i b z l e
m c l x n g
t u t i p x - n g r m
t z v z p x p e b z n g
t z v z p e - k a i n g
t z v z p e
m n c - e p e l z l e
t r v z n e - k a k r
t r v z n e - k a k r
e s c t r p e m
v z m i m q
v o t r p z k r
n z p w x n g
t q v z m i t r p e b z l e
y a p x - z v z k r
n a b z p e - n g r g r
r p i - m o u p q l e
v z t x
m a l e l e
l v c - a l z u p q
n a d w a p e k r
n a v z d z k r
t q v z p e - k z x
n a v z m i b z l e
t q r p n a - n g r m
t z v z n e p e n g
t z v z - n g r
n z a b z o k r
t r n z a e n z l i l r u
t q n g c n e o m
t q v z - n g r g r
t q v z m i t r p e b z l e
n z y r l e t i - k r d e
n z o l z - k r m l e
t r b o i u
n z w z t r n g
t q v z p e b z
m n r n g e
t q m c p e x
n z v z - n g r m l r
t z v z p e - k a i n g
t q v z m i t r p e l e n g
n a p i b z k u
t q p i b z k r
n z v z
v z k i m l e
n z m c t r
v z x
t q r m c t i p e k r
n z v z p x b z n g
n a v z n g
y c - n r b a l q
d r v r m i n e m l e
n a p i t x t r - m o p o
n z v z p e n g
t r k q o p q l e u
v o k r
n z v z - k r n g e
n a k a t x b z l e
n z o t r n g r
t z v z - n g r
t z v z n e p e n g
t q v z - n q b l q n e n e
t q s i k l u b e - n g r n e
r p i l e
t q p i p e b z l e
o t i b z
t q t u p x m
n z m c t r
n z v z - k r b z k r
n z v z b z n g
n z v z - k r n g e
n z v z - z v z b z n g
n z v z k i l r
t q t u n e p w z
t q v z p x p e
n z v z - n g r m l r
t z v z o p e n g
t q v z t x p e
n z v z k i l r
t q m n c
t q t u p x m
t q t o p w z b e - n g r n e
v z m i o l e
n z a b r t z l v z l r
m c l z k r
n z v z b z n g
v z t r n g r
v z p x b z k r
n z v z k i l r
n z d w a o n g r
n z r p i - a n i - k r m l e
n z v z - k r n g e
t z v z p e
t z v z p e
n a v z m i b z l e
n z v z - k r n g e
v z t r n g r
k r l z p e b z k r
n z v z - k r b z k r
t q m r t u - n g r d e
n a v z m i b z l e
n a y c t i p x m
n z v z n e p e l r
t q v z p e - k z x
n z t a v e t r
m c l z k r
t q o t i - a t e m
n z r k a t i p x m q n g
t z a n g r l v z n e o p e l r
m c p x m
n a o p e k r
t z p r o p e n g
t z m c t x p w z
n z v z - n g r m l r
t z k r l z p e - a t e l r
s c d r
t q r p i p e x
t q v z p x p e
t z v z o p e n g
m z l w e n g
t a g l c t x d e
m c t x m
v z t r l e
n i b q t i
t r m c p e l e u
t q v z b o
n z v z p e - k r d r
n z v z - k z n g
n z d w a t r - k r d e
t q r m c t i p e k r
v z x
t z v z p e - k a i n g
r v z m i m
n z v z - n g r m l r
n z v z - k r b z k r
n a p r o m
t q n g r l r p x p e k r
t q v z - n q b l q n e n e
n a v z m i b z l e
t q m c p e x
t u t i p x - n g r m
n z v z - k r b z k r
n z a b r t z l v z l r
n z v z n e p e l r
v z t r l e
t q v z p e x
v z p x b z k r
r k a l z m
v z b z k r
t q x n g i - a t e b z k r
n z t a o k r
x l r k r
t q v z p e
n z t u n g r
t q v z p e - k z x
n z r l x t i - k r b z
t q p i b z
n z y c m n e
t q v z - n q b l q n e n e
n z m n c l z b z
t r m c w x u
n z n g r l r p x - k r m g r
t q t u l z
x n g i t x t r l e
n z v z - k r m
v z k i m l e
t q v z m i t r p e b z l e
n z d w a t r - k r d e
n z v z p e - k r d r
n z k r l z m l r
t q y r n i t x p e
k x p r t z
t q n g r l r p x p e m
n a v z m i b z l e
n z r p i b z
v z - z v z x
y r n i t x
t q v z - n g r g r
t z v z o p e n g
n z m c t x p w z
t q v z p e - k z x
n z v z - n g r m l r
d r t q d r
t z r t w z - k z n g
n e n g e n g
d r l z d r n g
t u t i p x - n g r m
t r t e g r
t q r p i - n g r n
t q v z p e - k z x
n a v z n g
t q v z p e m
t q v z p e b z
t q v z p x p e
n z m n c l z b z n g
m e i t x t a t x p x
d z b e d e
n z v z p x n g
m c t x m
v z t r l e
n z v z p x n g
m y a s z p x l e
k x y a g o x
n a k a t x b z l e
t q v z b o
t z r y z k r n g
n z r m c t i l r
n a p i t r - m o u p o
v z m i o l e
n z y c t i k r
n a a g l q a m u
n z a n g i o - t x p w z l r
n z w z t r n g
m c p o
n z a t u p x - n g r m
n z v z p e - k r d r
v z - z v z x
t q o p x p e - n g r d e
n z v z n e p e l r
r m c t i p e k r
y c m
n z v z - k r b z k r
m w x l r - n g r g r
t u t x l z m
l i p w z
t q m a l e l e
r p i - m o u p q l e
t q n g r l r p x p e k r
n z v z - k r m
k x m r n a
n z v z n e p e l r
t z v e c p e n g
n a p i t x t r - m o p o
t q r p i p e x
t q v z p e m g r
t q v z - n q b l q n e n e
k z t e d r
t q v z m i t r p e b z l e
n z m z l r p i - k r n g e
t q p i m e
t z v z p x p e b z n g
n z m w x l r t i - l z b q n g
m n c - m i p e - a m u
t q v z t r - m o p w z k r
v z p e m
n a v z b z
t q k a w i o p e k r
v z m i o l e
n z r p i l z n g r
n z v z - k r b o
n z v z k a i - k r g r
t u o m
t z y r n i n e t r p e b z n g
n z v z - z v z b z n g
t q a s u p e b z
t q v z m i t r p e b z l e
t q n g r l r p x p e m
n z r p i b z
t q r m c t i p e k r
t q v o t x - n g r p w z
k x l i
n z v z - z v z b z n g
t q a o k z
k x t o p w z
n z o b q - k a p q k r
o t i m
t q m c p e x
t q v z p e m
m c p z k r
v z t x
m n c l v z r n g r
s u t x
t q v z m i t r p e l e n g
r m c t i l e
t a p l x s r g r
n a t q d e
n z v z - k r b z k r
n z t w z l r
v z m i o l e
v z k i m l e
v z p x b z k r
v z m i m q
t r t e n g e
n z t u - z v z - k r d e
t z m c n g r
n z v z p e - k r d r
t q v z p e
n z k q o - k r m
t q v z p x p e
n z v z b z n g
y r w i t x - k z l e
m c p x m
n a m n c - k a p q n g r
t q m w i - n g r g r
n z v z b z n g
v o m l e
y r w i t x p x l e n g
n z v z
m r b r l z m
t z v z p x p e b z n g
t w z k i p x l e l e
n a v z m i b z l e
t q v z p e x
v z p e m
n g r d e
n z p n a t i - k r b z m u
n z w z - k r n g e
n a p i t x t r - m o p o
r m c t i p e k r
n z v z - k r b z k r
n z v z k i o l r
m n c t i k r
n z v z k i o l r
n z k a l z m l r
m c p x m
t z v z p e - k a i n g
k x r t c
t z v z k i n e d r
v z - z v z x
t q v z p x p e
v z x
t z v z o p e n g
n g r d r
t q v z p e x
n z v z
t z r m c t i p e l r
n z v z
t z v z p e
t z v z p e - k a i n g
n z v z - k r b z k r
t z v z n e p e n g
t q v z - n g r g r
n z l x n g i t i - k r d e
n z v z p e n g
n z m c p x
n i b r d e
t z y z l u p e - m o p w z n g
v z m i t r p e l e
n a v z m i b z l e
v z p x b z k r
n z v z b z n g
n z o - z l i o - k r g r
k c n g p e
t q v z p e
n a v z b z
v z k i m l e
t q m n c - l x b l r p e k r
t z v z n e p e n g
m c l x n g
t q v z t r - m o p w z k r
n z v z - k r n g e
t z m w i - n g r d r
n z v z p x n g
t r n z p i - k r p o ' u
n a y a p w x t i m l e
n g r l x o b z l e
t q v z - n g r g r
t z n g r l r k i o p e l r
b z a m u
a w i t x - n g r b z k r
t z m n c p e n g
m n q t i p e l e
m n c t i k r
n z v z - k r n g e
n z m c k r
n a v z n g
n a m n c t x p o
r m c t i l e
n z a n g i o - k r g u
n z v z o - k r m o p w q k r
r m c t i l e
t q v z b o
a t u l z n g r
t q r p i - n g r n
v z t r n g r
t z v z p e - k a i n g
n z v z - k r b z k r
n z b z - k r g r
a t a k q t i - l z b q t x k r
v z k i m l e
t q v o t i t r p e m l e
n z v z
t q v z p e m g r
n z r m c t i l r
t q v z m i t r p e l e n g
t q m n c
r d r n g
v z k i m l e
t q v z - n g r n e
n z m n c l z b z
t q v z m i t r p e b z l e
t q v z p x p e
v z t r n g r
m c l x n g
n z l z t i n g
k c m a n g
n e d r n g
n z r l z - k r g r
d w a t x t r x
n z v z - k r d r
t z m n c - n g r d r
n z v z - k r b z k r
v z p e m
n z a t u p x - n g r m
k x n z t o p w z
t q v z p e
n z r p n a - m o u p q n g
t z v z - n g r
n z v z - k r b o
t z v z o p e n g
v z x
m n c p e x
n z a l v z t r p l r
t q v z - n g r g r
m n c - m i p e - a m u
t z v z n e p e n g
n z n g r l r t r n g
n z y c m n e k r b z
a s a - n g r g r
y r l z o
t q t r k a p e m
v z - z v z x
v z p e m
n z v z p x n g
t q v z p x p e
m n c t i k r
p i b z l e
t q v z p x p e
n a - a m r l z t r - n g r b z l r
t q v z p e m
t z v z o p e n g
n z d w a t r - m o u - k r g r
n a v z n g
t r n z p i - k r p o ' u
n z v z b z n g
t q v z p e x
x l r k r l e
m n c - e p e l z l e
n a m n c t x p o
t z r l x n g i t i n g
n z l c - a p q b z n g r
t q r m c t i p e k r
n z v z p e n g
n a v z n g
n z v z
t z v z - n g r
n z b o m - k r d e
v z p e m
n a k q t x o m
n z v z k i l r
t q v z p e m
n z m c k r
r m c t i p e k r
t q p i p e m
n z v z - k r n g e
t q v z t r - m o p w z k r
n z r m c t i l r
v z t r n g r
n z v z - k r m
t z y c m n e - n g r p e m
n a m n c - k a p q n g r
n z r p i l z n g r
p i b z l e
m w i t x
t q a b r t z - z v z - n g r g r
t r s u k a
n z k a t x - k r d e
y c t r p e n g r
m r n y z n g e
t q v z d z k r
r p i o b z l e
v z m i o l e
n z a b r t z n g r
n z v z - n g r m l r
t u o m
n c b l o n g r
t q v z p e - k z x
x l r k r l e
m c p o
n z m n c k r
t q r k a l z p e m g r
t q v z - n g r m o
t u l z m c
m c p o
t q v z - n g r g r
n z v z p e - k r d r
t q v z m i t r p e b z l e
n z v z p x b z n g
t q n g r l r p e k r
n z r p l a m e i t i - k r d e
t q w z t i p e l e
t z v z n e p e n g
d r t w r n g e l e
v z t r l e
v z p e m
t q v z t r - m o p w z k r
t q v z p e b z
t z v z k i n e d r
t w z x
t q v z p e x
t q m n c n e t r p e m g r
t q m c p e l e
t q a l v c - l z b q - n g r g r
n z v z
t q p z l e
n z m c t r
t q v z p x p e
k r l z p e b z k r
n z r p w ' a - k r d e
v z t r n g r
t q v z p x p e
t q v z p x p e
n z v z
n z p n a t i - k r b z m u
t q p i p e b z l e
v z k i m l e
r y a p w x - z v z k r
n z v z - k r b o
n z v z - k r b z k r
t z v z o p e n g
t q r p n a - n g r m
n g r d e
n z y a p w x - k r d r
t z v z - n g r
t z m w i - n g r d r
p r t z t x b z k r
t z v z p e - k a i n g
n z e s z ' m z n g
m c t x m
t q v o b e
n z v z - k z n g
r k a t r p q
n z m n c l z b z n g
n a v z b z
n a m a p u p e b z l e
n z v z k a i - k r g r
m c t x m
n z v z
n z v z k i l r
t q m w i t x p e
t z v z o p e n g
n z r m c t i l r
n z y c m n e - k r m
t q v z b o
n z a t r k a t i
m c l x n g
m n c - e p e l z l e
v z t r n g r
t q v z - n q b l q n e n e
