t q y r p u t i p x p e
n a v z m i b z l e
n a d w a p e k r
t q a b r t z - z v z - n g r g r
x l r k r l e
r y a p w x - z v z k r
t q r m c t i p e k r
t z v z p x p e b z n g
e s z ' n e
n a v e x
t q v z p e
t q v z p e m
t q v z m i t r p e l e n g
t q v z p x p e
v z t x
t q v z p x p e
n z v z k i o p e - k z l r
m n c - m i p e - a m u
t z v z - n g r
n z v z n e p e l r
n z r m n q t x n g
n z v z n e p e l r
n z v z - z v z b z n g
v z x
v z x
t q v z p e m
t q r p n a p e - n g r m l e
l r d r
t z x l r o p e l r
x l r b z l e
t q v z p e - k z x
r m c t i l e
n z a t a k i
n z v z p x n g
t q v z p e b z
b z t i p e d e
t q p i b z
t q n g q p e l e n g
t q v z m i t r p e b z l e
m c p x m
v o m l e
n z v z - k z n g
n z y a p w x - k r d r
t q v z p e - k z x
v z p x b z k r
n z v z
n z d w a t r - k r d e
t u t x l z m
t q r p i m l e
r p i o b z l e
t u l z m c
l x e d r
a m u k x t r t x
n z m e i t r p z
v z m i o l e
n z l x n g i t i - k r d r
n a v z b z
n a a g l q b z l r
t z l v c m l r
n z t u n g r
t q v z p e b z
n z v z p x b z n g
n z a l v z t r n g r
t z v z p e
y a p x - z v z k r
n z t u n g r
t z v z n e p e n g
y r l q b z k r
v z t r n g r
t q n e p e
n z p n a t i - k r b z m u
t q v z m i t r p e b z l e
n z v z k i l r
d w a l z m g r
a s u m i p e b o
r m c t i - n g r g r l e
n z p i l z l r
n z r m c t i l r
n z d w a t r - m o u - k r g r
n z v z - z v z b z n g
t z v z k i n e d r
n a m n c t x p o
n z r p i l r
n a v z b z
v z m i o l e
t z v z n e p e n g
n z b o m - k r d e
t q w a i k i
t q t u l z
n z v z p x n g
t z v z k i n e d r
p i b z l e
n a v z m i b z l e
t q m r l z p e
n z p n u t i t x
t q v z - n g r n e
t q v z m i t r p e l e n g
n z p w x n g
y c - n r b a l q
t z l v c l z p e - n g r d r
v z m i m q
t q m n c - l x b l r p e k r
m n c - m i p e - a m u
r v z m i m
v z k i m l e
n a k i l z b z l e
m n c l v z r n g r
r p i o b z l e
n z v z - k r n g e
t z v z p e - k a i n g
t r v z n e - k a k r
n a v z n g
t z m n c - n g r d r
v z k i m l e
t q p i b z k r
t q m c p e k r
m c t r k r
n a m n c - k a p q n g r
y r l q b z k r
n z r p i - a n i - k r m l e
t z v z p e
n z a b r t z l v z l r
v z t r l e
n z t a v e t r l r
t q p i p e b z l e
n a p i t r - m o u p o
t q v z m i t r p e l e n g
n a v z n g
n z r p i b z
n z v z n e - k r g r
n z v z p x n g
t q v z b o
k x o d a
n z w z t i - k r b z l e
n z v z - k r b z k r
t q v z m i t r p e l e n g
n z v z n e p e l r
t q v z t r - m o p w z k r
t q v z - n q b l q n e n e
t q r p i p e m l e
v z x
d r l z d r n g
n a v z n g
t q v z p e
n z m n c p e n g
n z v z - k z n g
t q m n c t r p
t z t a v e l r
e s z ' t i
n a m u - n g r g r
t q v z b o
t z m n c t x - a l o p e n g
n z v z - k z n g
t q y r n i p e
t z v z o p e n g
t q v z p e m g r
n z m n c n g
t q p i m e
n z v z - k r n g e
t q v z p e b z
t r t r k a - z l w z p w z u
b r n g e
t q p i p e m
n z v z - k r d r
n z v z - k r n g e
t q m r b r
n z v z - k r b o
n g r d r
o t i l e
t q v z p e
n z m n c l z b z n g
n z v z k a i - k r g r
t z v z p e
n z v z b z n g
n z v z - k r b z k r
t q p i p e b z l e
t z p i p e b z l r
t q a m r l z
n a p i p x - l z b q n g
t z m n c - n g r d r
t r t e d e
v z k i m l e
t q m r l z p e
t q a l v c - l z b q - n g r g r
n z m n c l z b z
n z a m z b l q p x - k r m c
m c p x m
n z v z k a i - k r g r
t q m n c - n g r d e
t q r p n a l z m
n z m n c l z b z n g
v z p e m
n z v z - k z n g
n a v z - k a i p o
n z v z p x b z n g
n z m c k r
r p i - m o u p q l e
n z v z p x b z n g
v z p e m
t q m c p e k r
t q p i b z
m n c l v z r n g r
n z m c t r
n z r t r n g r - n g r b z
t z v z n e p e n g
a b r t z t x - n g r g r
l x e d e
k r l x l z p e l e
t z v z o p e n g
t q v z b o
t q v z m i t r p e l e n g
t z t a v e t r p e l r
n a r b o m p e n g
t z v z p e
v z t r n g r
n z p n a k i p x l r
t q a s u l e
n z v z - k r b z k r
t q v z - n q b l q n e n e
r p i - m o u p q l e
t z m w i - n g r d r
n z v z p x b z n g
m n c - m i p e - a m u
s c g u
t z m n c t x - a l o p e n g
t z v z p x p e b z n g
n z v z k a i - k r g r
t z v z k i n e d r
n z v z p x b z n g
t q a t a t r p e l e
t z w a i s z - n g r d r
m c l e
t r v z n e - k a k r
t q v z p x p e
t z m n c n g r
t z v z p e
n z m n c t x p w z
n z v z - z v z b z n g
m z t e
v z t r n g r
v z m i m q
n z v z
n a m w i
n a v z b z
n z v z k a i - k r g r
t q a y r n i p e
n z v z - n g r m l r
n z v z - k z n g
n a m n c t x p o
t q v z - n g r g r
n z v z - k r b o
t z r k a l z p e m
n z a b r t z n g r
t z v z p e - k a i n g
n z v z p x b z n g
n z v z - k r b o
n a k a b o
t q p i p e b z l e
n z m n c p e n g
n z v z p x b z n g
k r l z m g r
t z v z p e - k a i n g
n a m n c t x p o
n z v z - k r b o
n z m c t x p w z
n z v z - k r b o
n z v z p x b z n g
t z v z p e - k a i n g
n z v z - k r b o
t z v z p e - k a i n g
t q v z p e m g r
t q v z p e m g r
t z v z p e - k a i n g
n z v z p x b z n g
n z v z - k r b o
t q p i b z k r
t q y r n i p e x
t q v z p e m g r
t z v z o p e n g
n z v z p x b z n g
t z v z o p e n g
t z v z o p e n g
t q v z p e m g r
t q v z p e m g r
t z v z o p e n g
t z v z o p e n g
t q v z p e m g r
t q v z p e m g r
t q v z p e m g r
y r l q t x b o
a b r t z l v z k r
t q m n c - n g r d e
t z v z o p e n g
t q v z p e m g r
r p i o b z l e
t q r p i b z l e
n z a b r t z n g r
t q p i p e b z l e
t q v z p e b z
t q v z p e b z
t z v z o p e n g
t q v z p e b z
t q r p i p e x
n z v z p x b z n g
n z a b r t z k r
t q v z p e b z
t q t u n e p w z
n z m c t x p w z
t z l v c m q n g
t q v z p e b z
n z m n c l z b z
a o l v z b z
t q m c p e l e
n z r p i m
d w a t r k r
v o t r p z k r
t q p i m e
n z l v c n g
n z r m c t i l r
d w a t r k r
t q v z p e b z
m n c l v z r n g r
m n c t x d e
t q y r n i p e x
n z n g i k r
t q v z p e b z
y c m n e p e
v z - z v z x
t q r p i b z l e
n z v z k i o l r
d w a t r k r
n z v z k i o l r
t q m c p e x
t q o l v x t i p e l e
n z v z k i o l r
t q v z p e b z
t q v z p e b z
n z t a v e t r
t q v z p e x
t q r p i b z l e
n z v z k i o l r
t q v z p e - k z x
x l r b z l e
d w a t r k r
n z a b r t z k r
n z v z k i o l r
n z v z p e n g
n z v z p e n g
n z v z p e n g
n z v z p e n g
n z v z p e n g
n z v z p e n g
n z v z p e n g
n z v z k i o l r
t q v z p e x
v z t r n g r
t q p i b z k r
t q v z p e x
t q v z p e - k z x
t q m n c - l x b l r p e k r
n z v z k i o l r
t z v z - n g r
y c m n e p e
v z t r n g r
n z m n c n g r
r m c t i l e
n z v z k i o l r
v z t r n g r
d r t w r d r
t q r p i p e x
t q v z p e - k z x
t q m c p e l e
t q p n z ' l e
n z v z k i o l r
t q r p i p e x
v z - z v z x
n z v z k i o l r
v z - z v z x
n z v z k i o l r
r m c t i l e
r m c t i l e
v z - z v z x
x l r b z l e
r m c t i l e
v z t r n g r
v z - z v z x
v z t r n g r
v z - z v z x
n z v z p e n g
v z t r n g r
v z t r n g r
v z - z v z x
n z v z p e n g
v z t r n g r
n z v z p e n g
t q m c p e l e
n z v z k i o l r
n z v z p e n g
n z v z p e n g
t q y r n i p e x
v z - z v z x
p i b z l e
v z t r n g r
v z t r n g r
n z v z p e n g
v z - z v z x
n z v z p e n g
v z - z v z x
v z - z v z x
v z - z v z x
v z - z v z x
n z v z k i o l r
n z v z k i o l r
n z v z k i o l r
n z v z k i o l r
n z b z s z n g
v z - z v z x
n z r m c t i l r
n z v z k i o l r
n z r p i m l r
v z t r n g r
v z - z v z x
n z r p i b z l r
n z v z k i l r
n z b z n g
t q p i m e
t z v z - n g r
t q v z p e b z
n z v z k i o l r
t q v z p e b z
n z v z b z n g
t z v z - n g r
n z v z k i l r
m n c t i k r
n z v z k i l r
m c p z k r
d w a t x t r x
n z v z k i l r
n z v z k i l r
n z v z k i l r
m c - k z a m u
n z v z k i l r
n z v z k i l r
v z p x b z k r
n z v z p e n g
n z v z k i l r
v z b z k r
v z - m o p w z k r
m n c l z - n g r m
v z t r n g r
a l v z t r l e
t z v z - n g r
t q m c p e l e
v z p x b z k r
t q v z p e b z
t z v z - n g r
t q v z p e b z
t z v z - n g r
v z - z v z x
t q p i m e
v z t r n g r
t z v z - n g r
t z v z - n g r
t q r p i p e x
v z t r n g r
t q m c p e l e
y r m q
t z v z - n g r
t z v z - n g r
d w a l z m g r
n z v z k i l r
n z r p i m l r
n z t u n g r
n z v z k i l r
m n c l z - n g r m
p i b z l e
v z k i m l e
n z v z k i l r
v z p x b z k r
n z r p i m l r
t u n e p w z
x l r k r l e
v z k i m l e
n z v z k i l r
t q p i m e
n a r l z
p i b z l e
r m c t i l e
n z v z k i l r
m n c p e x
p i b z l e
v z p x b z k r
r m c t i l e
t z v z - n g r
r m c t i l e
d w a l z m g r
t q m c p e l e
n z v z p e n g
t z v z - n g r
n z v z p e n g
n z v z p e n g
n z v z p e n g
v z p x b z k r
r m c t i l e
v z t r n g r
n z v z k i l r
v z k i m l e
n z r p i b z l r
t q m c p e x
v z p x b z k r
x l r m l e
v z p x b z k r
t q r p i p e x
v z k i m l e
p w x p w z
n z m u n g r
r p i o b z l e
v z k i m l e
v z k i m l e
t q r p i p e x
y r l q t x - m o u x
t q n g i
n z v z p x n g
v z k i m l e
v z p x b z k r
v z p x b z k r
n z p n z '
r m c t i l e
v z k i m l e
v z k i m l e
n z r p i m l r
v z k i m l e
v z p x b z k r
v z p x b z k r
v z k i m l e
v z k i m l e
r l a s z k r
v z p x b z k r
v z k i m l e
m c t r k r
v z k i m l e
v z p x b z k r
v z p x b z k r
t u l z m c
n z v z k i l r
t q m u
v z k i m l e
m n c k r
n z v z p x n g
n z v z p x n g
v z k i m l e
m n c t i k r
n z v z p x n g
n z v z p x n g
r g l q k r
n z v z p x n g
d w a l z m g r
n z v z p x n g
n z v z p x n g
n z v z p x n g
t q o t i m l e
n z r p i m l r
t z v z - n g r
m n c p e x
t z v z - n g r
m r b r p e
o t i m
d w a t x t r x
n z v z p x n g
m z l e d e
r m c t i l e
t q v z b o
n z v z p x n g
v z k i m l e
v z k i m l e
t r t e g r
y r n i t x
v z k i m l e
n a v z n g
t q a m r l z
n z v z b z n g
m n c p e x
t q v z b o
n z v z b z n g
t q a m a p e
n z v z p x n g
t q v z b o
n z v z p x n g
n z v z n g r
t q p i p e m
t q v z b o
t u p x m
n z v z b z n g
m c t r k r
n z v z k i l r
n z v z p x n g
t q v z p e
t q v z t r p e
t q p i b z
t q v z p e
t q v z p e
n z r p i b z
t q v z p e
t q v z b o
t q v z b o
v z t r k r
v z t r l e
t u p x m
n z v z b z n g
t q v z b o
n z v z p x n g
n z r p i b z
m n c p e x
v z t r l e
t z v z p e
v z t r l e
v z t r l e
t q v z b o
v z t r l e
v z t r l e
n z v z b z n g
n z v z b z n g
v z t r l e
m c t r k r
n z m c k r
t q p i m e
n z a b z o k r
t z v z p e
n z r p i l r
b z a m u
t q v z b o
n z v z b z n g
n z m c k r
t r s u k a
k c m a n g
t q l i p e
t z v z p e
m c t r k r
v z t r l e
v z t r l e
m c t r k r
v z t r l e
n z v z b z n g
v z t r l e
t z v z p e
v z t r l e
v z t r l e
x l r b z
t z v z p e
t q a s u l e
v z t r l e
t z v z p e
t z v z p e
t z v z p e
n z w z k r
m c t r k r
n z v z b z n g
t q v o b e
r p i l e
m c l z k r
t z v z - n g r
n z v z b z n g
r p i l e
n z v z b z n g
d r l z d e
n z y r l q
r p i l e
n z v z b z n g
t q v z b o
m c l z k r
m c t r k r
n z v z b z n g
n z v z b z n g
t q v z b o
t q v z b o
n z v z b z n g
n z v z b z n g
t q v z b o
m c l z k r
n a v z n g
t q p i b z
v z m i o l e
y r n i t x
t q p i m e
x l r k r
x l r k r
t z r p i b z
x l r k r
t q a s u p e
m c l z k r
t u t x l z m
t q p i b z
n z r p i b z
m c l z k r
t q p i b z
v z - z v z x
v z m i o l e
v z m i o l e
v z m i o l e
v z m i o l e
v z m i o l e
v z m i o l e
v z m i o l e
t u o m
m c l z k r
v z m i o l e
v z m i o l e
r p i l e
v z m i o l e
n z v z - k r m
t u t x l z m
n z v z - k r m
n z v z - k r m
n z v z - k r m
n z v z - k r m
n z v z - k r m
t z v z - n g r
n z v z - k r m
n z v z - k r m
x l r k r
n a v z b z
t q m n c
n z v z - k r m
n a v z b z
n z v z - k r m
t z v z - n g r
n a v z b z
t u p x m
n a v z n g
n a v z b z
n a v z b z
n a v z b z
n a v z b z
v z m i m q
v z m i m q
n a v z b z
m c k r
n a v z b z
n a v z b z
n z m c t r
n z m c t r
n z v z - k r m
n z m c t r
n z v z - k r m
v z m q g r
x l r k r
n z r p i l r
n z m c t r
n z r p i l r
n z m c p x
n z m c p x
n z m c p x
m c l x n g
m c p o
n a m w i
k x e t u
m c p o
t q m n c
t q m n c
m c l x n g
n z r p i l r
t q v z p x p e
t q v z p x p e
n z r p i l r
n z v z - k r m
m c l x n g
n z m c p x
m c l x n g
m c t x m
n g r d e
m c t x m
n z r p i m
v o k r
v z m i m q
m c t x m
n g r d r
n z r p i m
m c l x n g
t z v z p e
v z m i m q
v z m i m q
v z m i m q
m c l x n g
t q v z m i t r p e b z l e
v z m i m q
m c l x n g
v z k r
n z y c m n e k r b z
n z m c p x
m c l x n g
t q v z p e m
t q v z p e m
t q m n c
o t i m
m c t x m
v z m i m q
m c l x n g
m c t x m
v z m i m q
m c p o
v z m i m q
m c t x m
v z m i m q
v z m i m q
t q v z - n g r g r
t q v z - n g r g r
t q v z - n g r g r
t q v z - n g r g r
v z m i m q
t q v z - n g r g r
t q v z - n g r g r
t q v z - n g r g r
t q v z - n g r g r
m c t x m
m c t x m
t q v z - n g r m
n z v z - k z n g
t q v z - n g r g r
n z v z - k z n g
t q v z - n g r g r
t q v z - n g r g r
m c p o
t q t u n e p w z
k x e t u
t q l x n g i t i - a t e x
t q m c p e x
t q v z - n g r g r
v z p e m
t q m c p e x
t q m c p e x
t q v z p e b z
n z m c p x
t q v z p e - k z x
m c p o
n a l i
m c p x m
n a v z n g
v z p e m
t q v z p e m
t q v z p e m
t q v z p e m
t q v z p e - k z x
t q p i p e m
t q v z p e m
t q v z p e m
t q v z p e m
m c p x m
t q v z p e m
t q v z p e m
t q v z p e m
t q v z p e m
t q v z p e m
t q v z p e x
t q v z p e - k z x
m c l x
n a v z n g
t q v z p e x
m c l x
t q v z p e m
t q p i p e m
t q v z p e - k z x
t q v z p e x
m c p x m
t q v z p e - k z x
m c p x m
t q v z p e - k z x
n o u d e
t q p i p e m
v z p e m
t q v z p e - k z x
t q v z p e - k z x
t q v z p e m
v e x
t q v z p x p e
t q v z p e x
t q v z p e - k z x
t q v z p e m
t q v z p e m
v z p e m
v z p e m
t q v z p x p e
t q w a i
t q p i p e m
t q v z p e - k z x
t q m c p e x
v z p e m
v z p e m
t q v z p e x
t q v z p e - k z x
t q p i p e m
m c p x m
t q v z p e x
t q r p n a - n g r m
t q m c p e x
v z p e m
v z p e m
v z p e m
v z p e m
v z p e m
v z p e m
e t u t x
t q v z p x p e
t q v z p x p e
t q v z p x p e
t q v z p x p e
t q v z p x p e
t q v z p x p e
v z p e m
t q b z p e
v z p e m
m c l x
b z a m u
t q v z p e
t q v z p e
m c l x
n a v z n g
t q v z p e
t q v z p e
t q t u p x m
t q v z p e x
n a v z n g
t u o m
n z o - k r m
n a v z n g
t q t u p x m
n a v z n g
n a v z n g
t q t u p x m
n a v z n g
n a v z n g
n z v z - k r m
n a v z n g
n z v z - k r m
t q m n c
m c l x
t q m n c
n z v z - k r m
n z v z - k r m
n g r g r
n z v z - k r m
t q m w a p e
v z x
v z x
v z x
t q m n c
v z x
v z x
v z t x
v z x
v z x
v z x
v z x
v z x
m c l x
v z x
v z x
t q m n c
v z x
v z x
v z x
v z x
v z x
k x l i
v z t x
m c l x
m c p x m
t q v z p x p e
v z t x
t q v z p x p e
v z t x
v z t x
v z t x
t q v z p e - k z x
t q v z p e x
n z v z
n z v z
v z t x
v z t x
n z v z
v z t x
n z v z
v z t x
n z v z
v z t x
v z t x
n z v z
v z t x
n z v z
v z t x
n z v z
v z t x
n z v z
n z v z
v z t x
t q v z p e
t q v z p e
v z x
n z v z
n z v z
n z v z
