n a p i b z k u
k r l z m g r
m c p o
t q p i m e
r d r n g
t z v z n e p e n g
n z r p i b z
n z v z k i o l r
t q p i m e
n a m n c - k a p q n g r
n z v z p x n g
m z k e '
n z v z p e - k r d r
t z v z p e
r m c t i p e k r
t u p x m
n z v z - k r b o
n z v z - k r b o
n z t u - z v z - k r d e
n z m u - k r g r
n z v z p x n g
n z v z p e n g
n z v z p e - k r d r
n a m a p u p e b z l e
t q v z - n q b l q n e n e
t q v z p e - k z x
t z v z n e p e n g
m n q t i p e l e
n z m c t r
v z m i o l e
n z v z k a i - k r g r
t q r m c t i p e k r
n z v z - k r b z k r
t q v z t r - m o p w z k r
n z t u - z v z - k r d e
n a r p n z '
t q v z p e b z
v z t r n g r
n z v z m i - k r g r
e t u n e p x - z v z l e
n z v z k a i - k r g r
t z p i p e l r
v z m i m q
r p i l e
l v c - a l z u p q
t z v z n e p e n g
v z m i o l e
v z m i m q
k r k a ' - l e - b l r k u
p i b z l e
n z m e l z - k r m l e
t q v z p x p e
n a n g i
n z m n c - l x b l r - k r g r
t z p n a t i b z l r
t z v z p e - k a i n g
t q p i b z k r
r p i - m o u p q l e
n z v z - k r b z k r
n z v z k i o l r
t z s i k l u n g
t q t u p x m
m n r n g e
n z l v c k r
n z y c m n e - k r d e
t r v z n e - k a k r
v z - z v z x
t z p n z ' - n q b l q p e
s c m
n a y a p w x t i b o
v z m i m q
t q v z p e m
t z y c m n e t r p e - n g r d r
t q v z - n g r g r
n z v z p e - k r d r
t q y r k r t r - a t e m
n z v z - k z n g
m n c l z - n g r m
n z t e k q t r n g r
t q y r k r p e n g r
v z p e - k a i p
t q r m c t i p e k r
t q v z m i t r p e b z l e
v z t r l e
r m c t i l e
t q v z m i t r p e l e n g
v z p x b z k r
t q t u l z
t q a w r k x t r p e l e
v z p e m
n a o k l a t i t r - m o p q g r
n z m u - k r d r
v z m i o l e
y c t x o p e
v z p e m
n z v z - k r n g e
l x e g r
v z m i o l e
n a n g i p e
t q r y z k r p e k r
t z v z p e
v z m i o l e
n z r l x t i - k r m l r
n z m c p x
n a p i p x - l z b q n g
t q v z t r - m o p w z k r
n e d e n g
n z v z - k r n g e
n a v z b z
k r l z p e b z k r
t z l v c - a t e n g
t z m n c - n g r d r
n z r p i b z l r
v z x
b o o n g r
n a v z n g
t q r p i b z l e
t q p i p e m
n z t u n g r
n a a g l q b z l r
v z t r l e
r p i l e
n z r p i m l r
n z p i l z l r
t q m c p e l e
v z m i m q
n z v z p x n g
n z v z p x b z n g
n z v z - n g r m l r
t q m r b r
k r l z m l e
v z m i m q
t z k a p u t r p e
n z v z - k r b o
n a v z b z
n a v z m i b z l e
v z x
n a k a t x b z l e
n z v z p x b z n g
n a v z n g
t q y r k r t r - a t e m
n z v z n e p e l r
t q y a p w x t i p e m l e
v z - z v z x
n z r p i m l r
t q k a p u t r - n g r b z
s e x
t q p i m e
n z d w a t r - k r g r
d w a s x p x - k z p q g r
v z t r l e
n a v z - k a i k r
n z v z - k r m
n a m n c - k a p q n g r
d w a l z m g r
t q p i p e m l e
m c l z k r
v z t r n g r
n z m n c l z b z
t z v z n e p e n g
n z y r l q t r p z l r
t q v z t r - m o p w z k r
t z v z k i n e d r
t q d w a p l r k r n g
t z v z p x p e b z n g
n a r y z k r - n g r g r
n a v z b z
v z m i m q
n z v z - n g r m l r
n z v z p x b z n g
r n g i - b a t r p q
t q m c p e k r
d r k a ' n g
n a m c l e
y z l u m c
t q v z p e b z
n z v z - k r m
t q v z m i t r p e l e n g
t q v z p e x
t z a n g r l v z n e o p e l r
n z v z k a i - k r g r
y a n e - z v z k r
t q v z p e x
v z - z v z x
v z x
v z p x b z k r
a t u l z n g r
m z t r
n z d w a t r - k r g r
n z y r l q
t q v o b e
v z t r n g r
n a v z b z
n z l v c n g
k z t e d r
t q v z t r - m o p w z k r
n z v z p e - k r d r
t q v z p x p e
n z v z - k r m
a b r t z l v z k r
n z k r k a ' k r b z l e
n a v z n g
n z v z - k r m
m n c l v z r n g r
m c t x m
t z l v c l z p e - n g r d r
t q v z p e m g r
t q v z p e x
a t u l z n g r
t q v z b o
t r v z n e - k a k r
t z v z o p e n g
n z v z - k r b o
y r k r p x b z l e
n z v z k a i - k r g r
n a y r k r t x
t z r m c t i p e l r
e s z ' t i
t q r p i b z l e
t q v z p e x
v z x
t z v z p x p e b z n g
n z v z n e p e l r
t q m n c - l x b l r p e k r
n a n g r l r t r k i
n z y c m n e - k r b o
n z v z k i o l r
t r n z p i - k r p l e u
t q n g i
n z v z p e - k r d r
t q v z m i t r p e l e n g
t r t e d e
v z - z v z x
t q m u - n g r g r
t u t i p x - n g r m
t r v z n e - k a k r
m c p o
r m c t i p e k r
t q k a w i o p e k r
t q v z p e b z
n a m n c t x p o
t q v z p e
n z v z - n g r m l r
t q a b r t z - z v z - n g r g r
n z y c m n e - k r m
t q v z - n g r g r
n z n g i - k r d r
t u l z m c
n z v z
m c t r p z l e
a o l v z b z
a b r t z t x - n g r g r
x l r b z
t q m r l z - n g r d e
n z y c m n e k r b z
n z y c m n e - k r m
n z r p i b z
r p i o b z l e
n z b o m - k r d e
n z y c t i k r
t q v z - n g r m o
r v z m i m
t q v z d z k r
t q v z n e k r
n z v z k i o p e - k z l r
t q v z k i l z m l e
v z o
t q v z - n g r m l e
n z v z o - k r m o p w q k r
n z v z p e k r
t q v z - e t r - n g r d e
n a v z
v z - n g r b z k r
t q v z - n g r m
n a v z b z k r
n z v z k i
t q v z t x
t q v z t r p e k r
t r v z u
t r v z k r u
v z - z v z k r
n a v z - n q b l q l e
n z v z t r n g
t q v z k i p x k r
t q v z k i p x
n a v z d z k r
v z k i p e b z k r
n z v z p x m q n g
v z - n q b l q m
n z v z o - k r d r
n z v z - k r b z
t q v z p e b o
n a v z k r
t q v z o p e k r
n z v z - k r m g r
n z v z n e - k r g r
v z p x m
n a v z - m i p e x
t q v z - n g r n e
n z v z n e - k r g r
t q v z o k r
v z k i p e m l e
v z b o
t q v z n e - z v z k r
v z m i t r p e l e
t q r v z m i p w q
t z v z o n g
y r n i - e b i r p e n g
d w a - r b r l z - n g r m q g r
d w a l z m g r
d r t w r d e
n z - z p q t r - k r d r
t u o m
k x e t u
t q m r b r
t u o m
t q w a i p e l e
n z l z t r - n g r d e
t q m r l z p e
b z t i p e d e
n z b z s z n g
k r a p w x
n z y a p w x - k r d r
k r l z m l e
o b q p x k r
n z m c
t q m z n r p e
t q a b r t z - z v z - n g r g r
k x p i p z
x l r m l e
t z v z - a t e n g
y r n i - e b i r p e n g
t q p r t r p e b z k r
t q p i
y r n i - e b i r p e n g
n z p w x n g
x l r m l e
n z y a g o x - k r d e
t q r p n a p e - n g r m l e
n a e s z ' m z n g
n a a m i n g r - n g r g r
a m i n g r p e k r
b z p e k r
r k a l z m
k r l z m l e
m z l w e n g
k r l z m g r
y r n i - e t r t x k r
k x e t u
n z l r m z t r - k r d e
t z a y o t i
t z r t w z t i p e - k z n g
t q t w z o p e
n z y a p w x - k r d r
n z r p n a n e o p e - k r m l r
n z r p n a k i p x n g r
t q r p n a - n g r m
t r n a n i b q l e u
n i b q t i
t r t q w z p e u
w z t r p o
t q w z t i p e l e
n c t e
l o p x i l e
n z y c m n e k r b z
t z x l r o p e l r
k x n z y a g o x n g
n z p r t r - k r n g e
v o m l e
x l r k r l e
k q l u t x
y z l u m g r
n z t e l v z l r
t z y c m n e t r p e - n g r d r
n z y c m n e k r b z
n o u d e
y a g o x t x
t z m r g e p e n g
d w a l z m g r
n a r l z
d w a s x p x - k z p q g r
d w a l z m g r
n a a g l q b z l r
n a a g l q p e k r
n z g l q o l r
t u o m
t q a b r t z - z v z - n g r g r
t u o m
n z l x n g i t i - k r d r
n z s i k a p u - k r d e
t r t r k a - z l w z p w z u
t q o l v x t i p e l e
t q y r p u t i p x p e
t q y r p u t i p x n g r
n z y r p u t i p x k r
m c t e
t z y a p w x t i p e b z l r
t q y a p w x t i p e m l e
r y a p w x - z v z k r
t q s i k l u b e - n g r n e
t q r k a w i t i k r
t q m n c - k a p q n g r
m n c t i t x p w z k r
n a m n c n e - n g r g r
m n c m i b z l e
t r m n c k r u
m n c n e - m o u - n g r g r
m n c t i o m g r
n a m n c - k a p q t r n g
t z m n c t x p w z
m n c - e p e l z l e
m n c l v z r n g r
t q m n c t r p
m n c p w z k r
m n c - k u
n z m n c p e - k r g r
n a m n c - n g r g r
n a m n c - k a p q l z - n g r m a m u
n z m n c t i p x m l r
t q m n c n e t r p e m g r
o t i b z
t z x l r o p e l r
t q r p i - n g r n
m n c l v z r n g r
m n c - m i p e - a m u
m n c l z - n g r m
t z y c m n e t r p e - n g r d r
n z m n c - k r d r
m r b r p e
n g r l a p l x p x k r
n z a n g i o - k r d r
m n q t i p e l e
n z r m c t i - k r d r
n z p i b z l r l e
r k a t r p q
t r t q k a p e p w q l e
k z t e d e
e s z ' n e
n a v e x
r k a t r p q
t q n g r l r p x p e k r
t q m a l e l e
k x n z t o p w z
t o p w z t r
k x p r t z
n a l i
k x r t c
n z a n g i o - t x p w z l r
t q a m z b l q t x p x p e m c
n z a m z b l q p x - k r m c
t q a m z b l q p x m c
t q a m r l z
n z o b q - k a p q k r
t q r p i - n g r n
l x e d e
e t u n e p x
k x n z e t u
k x e t u t i n g
t z p e o n g r
t r p e l e u
t q m w i t x p e
n z o p x - n g r m
n z r p w a ' - n g r b z l r
r p w a ' - n g r b z
r p w a ' t x - n g r b o
t q r p w a ' - n g r b z m e
r p w a ' - n g r b o
t z y c m n e t r p e - n g r d r
n z y c m n e - k r m
b z t i p e d e
n z b z s z n g
t q y a p w x t i p e m l e
r y a p w x - z v z k r
x l r k r l e
t q r t a n g r n e
n z r t a n g r t i - k r d r
n z r t a n g r t i - k r g r
n z r t a n g r t i - k r g r l e
n z m w x l r t i - l z b q n g
t q a m r b r t r p e l e
m r b r t i t r p e
n z o k a t r k r
r p i o b z l e
t q p i b z
y z l u m l e
n z n g i - k r d r
t q y r p u t i p x n g r
t q y r p u t i p x p e
t q y c n g r
y c t x b z
y c - n r b a l q
t q y c o n g r
t q y c o m
y c p x
b z t i p e d e
n z b z s z n g
p l a m e i t x d e
t q y r k r p e n g r
m r b r t i t r p e
n z p r p x n g r
n z k r l z m l r
t r k r l z w x u
k r l z p e b z k r
w z t r p o
t q w z t i p e l e
x l r l e l e
x l r k r l e
x l r b o l e
a t u l z n g r
t z y a p w x t i p e b z l r
k x m u l e
t z t a v e t r p e l r
n z t a v e t r l r
t z t a v e t r l r
n g q t i p e l e
t q y a g o x p e
m a l e l e
a t u l z n g r
t q r p i b z l e
r p i o b z l e
n z r p i b z
t q p i b z
t z y z l u p e - m o p w z n g
t z t a v e t r l r
t r n z k q l u - k r p e p w q g r u
t q m n c - l x b l r p e k r
t q y r l q o b o
k r a l i
r l i l r m u
l i t x t r
t q l i t r p e b z
t q p i b z
r p i o b z l e
t q r p i b z l e
n z r p i b z
t q r p n a l z m
t z p n z - l z b q n g r
n z b z s z n g
b z p n z ' x
n a b z p e - n g r g r
b z t x p n z '
b z t i p e d e
n a b z - n g r n
d w a s x p x - k z p q g r
t q a m z b l q p x m c
k r k a ' - l e - b l r k u
n e d r n g
m a k x t x b z l e
d r l z d r n g
b o m l e
t q m r l z p e
m z l w e n g
n z l z t r - n g r d e
n z r p n a - m o u p q n g
a l q l i o l e
t q n g r l r p x p e k r
n z r p i b z
t q p i b z
t q r p i b z l e
r y a p w x - z v z k r
t z y a p w x t i p e b z l r
t q y a p w x t i p e m l e
x n g i t x t r l e
n z r l a l z - k r g r
n a a g l q p e k r
t q m n c - l x b l r p e k r
n z a t a k i
t z m u p e - n g r d r
t q n g r l r p x p e k r
t z k u k i r p e l r
t r r l r - n g r p l e u
n a r l r - n g r m e
k x e s z '
n z r p i l z n g r
t r n z p i - k r p l e u
t q r p i - n g r n
p i p x - l z b q
n z a m a - k r d e
a t u l z n g r
t q m w i t x p e
m z l e d e
n z r m n q - k r d r
y r k r t x o
d w a s x p x - k z p q g r
d w a - r b r l z - n g r m q g r
t u o m
t r k r l z w x u
n z k r l z m l r
n z e s z ' m z n g
t z r t a n g r p e
t z l v c l z p e - n g r d r
n z l v c - k r m l r
n z l v c n e n g
n z l v c n e - k r d r
a t u t r p e l e
t q l u - n g r g u
t r n g i u
n z r t a n g r - k r d r
n z l x p l z t x
m e i t x t a t x p x
t z p n z - l z b q n g r
t q p n z ' b q p e l e
t q o t i - a t e m
t q o t i m l e
d w a l z m g r
d w a s x p x - k z p q g r
n a r l z
t z y a p x p e n g
t q y a p x p e b z
y a p x - z v z k r
m c p z k r
t q t a b c - z l i n e p e k r
t a b c - z v z k r
n a n g r l r t r k i
t z r y z k r n g
s c g u
k x k q l u
m n c l v z r n g r
m n c - m i p e - a m u
m n c - e p e l z l e
n a m n c t x p o
m n c l z - n g r m
t z k u k i r p e l r
t q d c - z l w z n g r
n a m n c n e - n g r g r
m n c l v z r n g r
n a m n c t x p o
n z m n c l z b z
n g r g u
t z a n g c p e b z l r
t z a n g c p e l r
m n c - e p e l z l e
n z m n c l z b z
m n c l z - n g r m
n a m n c t x p o
m n c l v z r n g r
m n c - m i p e - a m u
t a k i t r t x p w z
y r l z o
t q y r k r p x k r
y r k r p x b z l e
n a y r k r t x
t q y r k r p e n g r
y r k r p x b z l e
n a y r k r t x
n z r t r n g r t i o l r
n z r t r n g r - n g r b z
t z y z l u p e - m o p w z n g
t q m n c - l x b l r p e k r
t z t u l r t r p e m
n z m n c l z b z
m n c - e p e l z l e
m n c - m i p e - a m u
n a m n c t x p o
n z y r l q
t z y a p x p e n g
n z y a l z - k r g r
y a p x - z v z k r
t q o t i m l e
k x b q g r n g
t z v z b e n g
t q p n z ' b q p e l e
t z p n z - l z b q n g r
t q r p n a l z m
n z g l q o l r
n a a g l q b z l r
n a a g l q p e k r
t z l v c l z p e - n g r d r
t q a t a t r p e l e
n z p n u t i t x
t q k r l x l z p e l e
k r l x l z p e l e
t z t a v e l r
d z t u d r
n z v z - k r d r
t q o l z p e b z
t z l v a b e t r p e b z
t q r p n a - n g r m
n z p n a t i - k r b z m u
t r o p i l v z u
e s z ' t i
e s z - k r d e
n a o b q - k a p q p x
n z y r l e t i - k r d e
n z a t o l w a - n g r n g
n a m n c n e - n g r g r
m n c - e p e l z l e
m n c l z - n g r m
m n c - m i p e - a m u
m z ~ n i b r d r
l i p w z
n z o t r n g r
n z m n e t i
m r g e a m u
y r k r t x o
n z p r l x l r
t z l v c l z p e - n g r d r
n z k q l u t x
k x t r k a
n z a y o n g r
n z r l x t i - k r b z
n a r l x t i b z m e
n a r l x t i t x p o
t r - r m n q u
o s z b z l e
n z y a n g r n g a t x - z l w z p e - n g r d r
n z o - k r m
k r l a
m r b r t i t r p e
p r t z t x b z k r
t q k r k a ' p e b z
r y a p w x - z v z k r
t z y a p w x t i p e b z l r
t q r y a p w x p e m
y a p w x t i - z p w x m a m u
n a y a p w x t i p x b o
t r t e g r
t z p r e s i n q n g
n z y r b z
t q p i b z
r p i o b z l e
t q r p i b z l e
n z r p i b z
y r m q
t q r p n a - n g r m
n z p n a t i - k r b z m u
r l w x k r
t z y z l u p e - m o p w z n g
t r n a n i b q l e u
n z m c t r
t q y r p l a t r p e
t q y r p l a t r n g r
y r p l a b r t q p e
a t u l z n g r
t r k q o p q l e u
n a w r k x t r
n a n e n g
d r t a ' d r
n a l i n g
m n r g r
m n r g r n g
k r a t q
t r n z a y o t i p e l r u
k x b q g r
n z p c t i k r
k x l i
t q n g q n a m u
n z n g q t i t x p w z
t q n g q p e l e n g
n a n g q n a m u
n a n g q t x k r
t q l u - n g r g u
p r o t x k r
m z t e
t q t r k a
w x b u p x - n g r m
t q w x b u p x - n g r m
r p i m l e
n z p i - k r m l r
r p i - r d e
t q r p i l e
r p i o l e
t r p i p e ' u
n a p i n e m c
n z r p i b z
t q r p i p e b z l e
t q p i t i k r
r p i o b z l e
n z r p i - k r m e
r p i b o
t q r p i p e m
t q p i b z
t q r p i p e m l e
t q r p i - a w a p e b z l e
t q r p i p e b o
p i t x m l e
t z p i p e b z l r
t z r p i b z
p i p e b z
t q r p i m l e
n a k i l z b z l e
k i l z n e d e
t q a m a p e
w x l i k i t x p x p n z
n z r p i b z
r p i o b z l e
t q p i b z
v z d e
k x n z s i k l u n g
k x n z s i k l u
k x n z y q n g
n z r p i b z
r p i o b z l e
t q p i b z
n z p n a t i - k r b z m u
t q r p n a - n g r m
w a i p n z ' l e
t z w a i s z - n g r d r
t q w a i k i
n z w a i n e - n g r b z l r
n z p n z '
n z r p i b z
t q p i b z
t q r p i b z l e
o s o p x b z k r
n a r b o m p e n g
m w x l r t i - z l w z k r
n g r g u
n g r m u
n g r d e n g
n z m c t r
n z m a b r
t q r p n a - n g r m
n z p n a t i - k r b z m u
x l r k r l e
t r k q o p q l e u
t q y r p u t i p x p e
t q y r p u t i p x n g r
y c - n r b a l q
t r t r k a - z l w z p w z u
n z m c t r
r l x n g i t i l e
l r d r
g l a l z l e
k x n a m u
n a m n c n e - n g r g r
n a m n c t x p o
m n c - e p e l z l e
m n c - m i p e - a m u
m n c l z - n g r m
n a - a e n z l i m g r
n a - a e n z l i p w z l r
t q a e n z l i t i - n g r g r
t r n z a e n z l i l r u
n a - a e n z l i t x k i
t q r p n a l z m
t z p n z - l z b q n g r
n z r p n z ' n g r
n z p n z ' p e m
p z t i t x k r
n z k r l z m l r
t z k r l z p e - a t e l r
m n c l v z r n g r
m n c l z - n g r m
m n c - m i p e - a m u
m n c - e p e l z l e
n z m n c l z b z
t z - z p q t r n g
t q y o k a e k r
p z t i t x k r
t q r p i b z l e
r p i o b z l e
n z r p i b z
n c n q n g q
t r - r m n q u
l x e d r
l x e n g e
d z b e d e
m e i t x t a t x p x
n z m e i t r p z
t q m e i t i o
n z r p l a m e i t i - k r d e
t r n z p i - k r p l e u
t z a m c t i - n g r d e
n z m c t r
d r t w r d r
d r t w r n g e l e
m z l e n g e
n a r l r - n g r m e
r l r - n g r m e
n z o b q p x b z
o b q o b z
n z m c t r
m q n g r m
n z m c t r
t q r w z s o
y o l x o m a m u
v o t r p z k r
n z m c p e - k z p z
n z r m c - k r b z
n z m c p x b z l r
t q m c p x b z k r
t q m c t i a m u
t q m c t i k u n g
n z r m c t i n e d r
n z m c t r
t r m c l e u
n z m c - k r n g e l e
t r m c p e l e u
n z m c t r p e m l r
t r m c w x u
t q m c l a m u
t q m c - a t e k r
t z r t w z t i p e - k z n g
k c m a
k c m a n g
d r l z d r n g
n z m c t r
t q n e p e x
n a b o
n a d r
n a g r
n a n
b r n g e
a m u k x t r t x
t q m u - n g r b e
t q m u k r
m u l z p e k r
n a m u - n g r g r
a s u m i p e b o
t r s u k a
k x o d a
n z y r l q
r l a s z k r
v o t r p z k r
t q v o b e
t q v o t x - n g r p w z
n a a g l q p e k r
m q d e
m q g u
m q g r
t q e t u n e p x p e
a e l w a p x - p n z
a e l w a p x
r n g i - b a t r p q
n z m c t r
k x m a t q
n z y r l q
t r t e n g e
a w i t x p e
n z m c t r
t q a m z n r p e l e
t q r t w a y z b z
n z e t u p e - k r n g e
r p i o b z l e
t q p i b z
n z r p i b z
n a t r k a - z l w z l e
n z a t r k a t i
t q t r k a m i
t q r p i - n g r n
k r n e d r
k r l c d e n g
k r l a
n z o l z - k r m l e
n z p n a
n e g u n g
n e d r
n e m u n g
n e d r
n e n g e n g
m z n r y a g w e n g r l c
m n c - m i p e - a m u
n a m n c n e - n g r g r
m n c l z - n g r m
n a m n c t x p o
n z m n c l z b z
m n c l v z r n g r
m n c - e p e l z l e
b l e t i p x - l x b l r n g
t q o b q t r p e
n z o b q p x b z
o b q o b z
y c p q t i p e k r
o l i q l z k r
r t a n g r t i b z
t q a m i n g r - n g r g r
m r k c n g
y a p x - z v z k r
t q y a p x p e b z
n z y a l z - k r g r
t q v o b e
v o t r p z k r
t r t e g r n g
a s u m i p e b o
t r s u k a
m n c l z - n g r m
n a m n c t x p o
m n c - m i p e - a m u
m n c l v z r n g r
n z m n c l z b z
m n c - e p e l z l e
k c m a n g
k i l z n e d e
n a k i l z b z l e
n e m u n g
n e d r
n e n g e
n e m
n e n g e n g
n e d e
n z m c t r
n z m c t r
n z m c t r
s c g u
k z t e n g e
e l a
o t i b z
m e n g a b q
n a d w a p e k r
