n z v z p e - k r d r
k x y r l z
t q y r k e l v z q
n z t u - z v z - k r d e
n a i p q p x n g r
t q w x l i k i t x p x
n z p i l z l r
v z p x b z k r
v z k i m l e
t q p z l e
m c t r k r
t r n z p i - k r p l e u
n z w r k x t r n g r
t z v z p e - k a i n g
n z m i n g r - k r g r
n z p r p x - k r d r
t q r p i b z l e
p i l z b z l e
r m c t i p e k r
y r l q t x b o
v z m i t r l e
n e g u n g
n z v z k a i - k r g r
n a r t a n g r t i k r
n z y a p w x - k r d r
t q v z t r - m o p w z k r
v z m i o l e
m c p x m
o b q p x k r
r p n z ' p e
t q y r n i p e x
x l r m l e
v z p e m
t z v z - n g r
t q v z p e m g r
n a v z b z
m c p x m
v z p e m
n z v z b z n g
t q y r k r t r p e k r
n e n g e n g
t q v z p e m
t q v z p e - k z x
m c p o
t q v z p e m g r
r m c t i - n g r g r l e
n z v z - k r m
t q v z - n q b l q n e n e
t q p i p e m
t z v z k i n e d r
m r b r l z m
x l r x
n a r p n z '
n z r p i l r
d z u r d e
t q m c p e b z k r
n z r p i l z - k r d r
t z v z - n g r
t q v z b o
v z - z v z x
t q v z p e m
t q a s u p e b z
r n g i - b a t r p q
n z v z - k r n g e
n z v z - k r m
n z p c t i k r
v z t x p e - n g r d e
n z v z - k r b o
t q v z p e b z
v z t x
n z v z - k r m
m c l z k r
n z y c m n e - k r d e
n a m n c n e - n g r g r
k x t o p w z
t q l u x
t z v z p e
y r l q b z l e
t q v z - n q b l q n e n e
p i b z l e
a b r t z l v z k r
n z v z - n g r m l r
n z v z p x n g
v z p x b z k r
t z r m c t i p e l r
t z k r l z p e - a t e l r
n g r l a p l x p x k r
t q r p n a p e - n g r m l e
a m r b r t r l e
n e d r n g
n z t u n g r
n z v z p e - k r d r
t q a y r n i p e
t q v z p e m
m c l x n g
y r l z t i l e
v z p x b z k r
n z a l v z t r n g r
n z v z k i o l r
n z k u k i n g
k x n a m u
n a r l x t r p z k r
k x b q n g
t q v z p e x
t q p i p e b z l e
t q v z p e
k x t o p w z n e
t q v z p x p e
t z v z o p e n g
n a m n c n e - n g r g r
t q v z p e x
n z v z p e n g
r m c t i p e k r
t z v z p x p e b z n g
t z n g r l r k i o p e l r
v z p e m
r p i l e
m q d r
n z m c t x p w z
a s a - n g r g r
n z v z
t r v z n e - k a k r
v z m i o l e
t z v z p e - k a i n g
t q p z l e
v z p e m
t q v z m i t r p e b z l e
t z v z k i n e d r
t q t w z o p e
n z y a p w x - k r d r
t q o t i - a t e m
t q p i b z k r
t u n e p w z
n z v z - k r n g e
n z v z n e - k r d r
t z v z p x p e b z n g
r p i l e
n z r p i m l r
t z v z p e
t q r p i - n g r n
m c l x n g
n z m c k r
k r l z p e b z k r
t q a m u k x t r
v z x
m w i - n g r g r
n z r p i - a n i - k r m l e
n z v z k a i - k r g r
d w a t r k r
t z v z p e
t q v z - n g r g r
v z m i o l e
k r k a ' n e p w z k r
n z n g i - k r d r
k x p c
k x m u l e
n z a n i t x p w z
n z v z - z v z b z n g
r p i - m o u p q l e
n z m u - k r g r
v z t r l e
n z v z k i l r
t z y r n i n e t r p e b z n g
n a v z n g
n z b z n g
t q v z m i t r p e b z l e
n z v z p x b z n g
t q v z p e
n a d w a p e k r
t z v z p x p e b z n g
n z a p x - n g r m
r m c t i - n g r g r l e
t z v z p e n g
t r s u k a
n a r l x t i t x - p w z k r
t q m c p e k r
t z v z p x p e b z n g
n z v z
t q m n c - l x b l r p e k r
t q e l a p e k r
t q e t u
n z m c k r
n z v z p x b z n g
t z m n c t x - a l o p e n g
n z v z - k r n g e
n z y c m n e - k r d e
r m c t i p e k r
t w z q
r k a l z m q g r
k x n z t o p w z
n z v z - k r m
t z v z p e
n z v z k i l r
r m c t i p e k r
m c l x
n z p n a n g
n a v z n g
m c l x
n a r y z k r - n g r g r
k x e t u
r m c t i p e k r
t q m n c - n g r d e
m e l r m q d r n g
m c p x m
k x y a g o x
m c l x
t q o t i - a t e m
n z v z n e p e l r
a s a n e
n z v z - k r b z k r
t q r p n z ' p e b z
v z m i m q
t q v z - n q b l q n e n e
a s u m i p e b o
n z p l z p x - k r m a m u
r l r - n g r m e
n z a l v z t r p l r
t q v z p e
n a p i t r - m o u p o
t z v z o p e n g
m z l i   k c
t q v z - n q b l q n e n e
t q b z q
t q v z p e x
y r k r b z k r
v z t r l e
n a n g r l r t r k i
m n c p e x
t z v z p x p e b z n g
n z v z p x b z n g
n z m c t x p w z
y a n e - z v z k r
n a m c t r
n a r p n z '
y z l u m c
n z v z - k z n g
t q m i b i
t q v z - n g r g r
t q v z m i t r p e l e n g
v z p x b z k r
n z p n u - l i g r
n a p i b z k u
n z v z - k z n g
t z k r l z p e - a t e l r
n a b z d r
m n c t i k r
n z v z - k r n g e
m e l z m c
k c p e
t z v z n e p e n g
p i p e b z
n z r p i - k r m e
t q p i t i k r
t q r p i p e b z l e
p i t x m l e
t z r p i b z
r p i o l e
r p i m l e
n z r p i b z
r p i o b z l e
n a p i n e m c
t q r p i l e
t q r p i b z l e
r p i b z l e
r p i m
t r k q o p q l e u
k q l e p e l e
n z e s z ' m z n g
l i p w z
t q m r b r
t r n z p i - k r p l e u
d w a l z m g r
k r k a ' - l e - b l r k u
a w i t x p e
a b r t z t x - n g r g r
d w a - r b r l z - n g r m q g r
r p i o b z l e
t q r p i b z l e
t q p i b z
n z r p i b z
t q a m z n r p e l e
d w a l z m g r
n z m u - k r d r
t q y a p w x t i p e m l e
r y a p w x - z v z k r
t z y a p w x t i p e b z l r
t z l v a b e t r p e b z
t q p i b z
n z r p i b z
r p i o b z l e
t q r p i b z l e
t z a o l v z - a t e b z
n a n g r l r t r k i
t z v o p e
n z r p i b z
r p i o b z l e
t q p i b z
t q r p i b z l e
n z m u - k r g r
n z a n g i o - k r d r
d w a - r b r l z - n g r m q g r
t q y a p w x t i p e m l e
r y a p w x - z v z k r
t q m a l e l e
n a m n c t x p o
m n c l v z r n g r
m n c - e p e l z l e
n z m n c l z b z
m n c - m i p e - a m u
n a m n c n e - n g r g r
m n c l z - n g r m
t z a y o t i
t q k a w i o p e k r
o s o p x b z k r
n z p r p x n g r
n a o k l a t i t r - m o p q g r
n a a g l q p e k r
n z l r m z t r - k r d e
t q p i b z
n z r p i b z
t q r p i b z l e
r p i o b z l e
t q v o b e
t q v o t x - n g r p w z
v o t r p z k r
a t u t r p e l e
x n g i t x t r l e
d w a l z m g r
a o l v z b z
t q y r p u t i p x p e
t q y r p u t i p x n g r
t q a l e x
t q o l z p e b z
n z m w x l r t i - l z b q n g
t r m w x l r k r u
x l r k r l e
n z k r k a ' k r b z l e
k r k a ' - l e - b l r k u
t z l v c l z p e - n g r d r
n z b o m - k r d e
n z o b q - k a p q k r
t q x p l r
t z k a p u t r p e
n z r p i b z
r p i o b z l e
t q r p i b z l e
n z r p i b z
r p i o b z l e
n z g l q o l r
n a a g l q p e k r
n a a g l q b z l r
n z v z - k r d r
m c t e
m n q t i p e l e
k x n z t o p w z
k x t o p w z t i n g
t o p w z t r
d w a - r b r l z - n g r m q g r
t q m w i t x p e
t r t r k a - z l w z p w z u
t q n g r l r p x p e k r
n a n g r l r t r k i
m n c - m i p e - a m u
n a m n c n e - n g r g r
n a m n c t x p o
m n c - e p e l z l e
m n c l z - n g r m
d z t u d r
n z o k a t r k r
n z n g i - k r d r
t q n g r l r p x p e k r
t q p n z ' b q p e l e
t z p n z - l z b q n g r
t q r p n a l z m
k r n e d r
k r l a
t z t a v e t r l r
t z t a v e t r p e l r
k x m u l e
t q p i b z
n z r p i b z
r p i o b z l e
t q r p i b z l e
n z a n g i o - t x p w z l r
n z y c b l q n g
n z r m n q t x n g
k i l z n e d e
n a k i l z b z l e
n a l i n g
t q a m z b l q p x m c
t q a m z b l q t x p x p e m c
n z a m z b l q p x - k r m c
k r l z p e b z k r
t z k r l z p e - a t e l r
n z k r l z m l r
n z s i k a p u - k r d e
t q w a i k i
w a i p n z ' l e
n z w a i n e - n g r b z l r
t z w a i s z - n g r d r
n z v z d z m q n g
t r n z a y o t i p e l r u
n z p n a
n z p r t r - k r n g e
n z n g i - k r d r
n z r t a n g r - k r d r
t q t r k a ' n g r
n a t r k a - z l w z l e
n z a t r k a t i
t q t r k a m i
r n g i - b a t r p q
t q r p i - n g r n
t r n z p i - k r p l e u
t q w r k x t r - n g r g r
t z a m c t i - n g r d e
t z l v c l z p e - n g r d r
a l q l i o l e
b o m l e
n z l z t r - n g r d e
x l r k r l e
b z t i p e d e
n z b z s z n g
n z k r l z m l r
t r k r l z w x u
k r l z p e b z k r
n z p r p x n g r
x l r k r l e
n z l z t r - n g r d e
t z p e o n g r
t r p e l e u
y r m q
t r o p i l v z u
n a y a p w x t i p x b o
t q r y a p w x p e m
t z y a p w x t i p e b z l r
r y a p w x - z v z k r
y a p w x t i - z p w x m a m u
t q y a p w x t i p e m l e
n z a t o l w a - n g r n g
t q r p n a - n g r m
n z p n a t i - k r b z m u
m q g r
m q d e
m q g u
b z p e k r
v z - z v z k r
n z v z m i - k r g r
t q v z - n g r m o
t q v z o p e k i
t q v z b e
r v z m i m
t r v z k r u
t r v z u
t q v z t r p e k r
n a v z m g r
t z v z k i p x l r
n z v z k i
n a v z - n q b l q l e
v z - n q b l q m
t q v z k i p x
t q v z o k r
t q v z n e - z v z k r
v z k i p e m l e
v z m i t r p e l e
t q r v z m i p w q
t z v z o n g
n z v z p x m q n g
n z v z n e - k r g r
t q v z - n g r n e
n a v z - m i p e x
v z p x m
n z v z n e - k r g r
n z v z - k r m g r
t q v z o p e k r
n a v z k r
v z b o
t q v z k i p x k r
n z v z - k r b z
n z v z o - k r d r
t q v z - n g r m
v z k i p e b z k r
n a v z - k a i k r
n a v z d z k r
t q v z n e k r
n z v z o - n g r m
t q v z t x
t q v z k i l z m l e
n a v z b z k r
n z v z k i o p e - k z l r
v z p e - k a i p
t q v z p e b o
v z - n g r b z k r
t q v z - e t r - n g r d e
n z v z p e k r
n a v z
n z v z o - k r m o p w q k r
t q v z - n g r m l e
v z o
t q v z d z k r
t q t a b c - z l i n e p e k r
t a b c - z v z k r
t z t u l r t r p e m
t z p n z - l z b q n g r
t q p n z ' b q p e l e
b l e t i p x - l x b l r n g
n z m n c - k r d r
n g r g u
a s u m i p e b o
t r s u k a
n a a g l q b z l r
n a a g l q p e k r
n z g l q o l r
n z r l a l z - k r g r
k x n z y a g o x n g
n z r p w a ' - n g r b z l r
r p w a ' - n g r b z
r p w a ' - n g r b o
t q r p w a ' - n g r b z m e
r p w a ' t x - n g r b o
t q a m z b l q p x m c
n g q t i p e l e
n a k a t x b z l e
r k a t r p q
d w a l z m g r
o b q o b z
t q o b q t r p e
n z o b q p x b z
t q r p n a - n g r m
n z p n a t i - k r b z m u
n z r m n q - k r d r
n a m a p u p e b z l e
d z b e d e
n z a m a - k r d e
t q w a i p e l e
n z p r t r - k r n g e
t q m w i - n g r n a m u
p l a m e i t x d e
t q r p i - n g r n
n z y c m n e - k r m
t z y c m n e t r p e - n g r d r
n z y c m n e k r b z
n z y a p w x - k r d r
t z a n g r l v z n e o p e l r
t q r p n a - n g r m
n z r p n a k i p x n g r
n z p n a t i - k r b z m u
n z r p n a n e o p e - k r m l r
y a g o x t x
t r t a k i t r u
t a k i t r t x p w z
n z y c m n e - k r m
n z y c m n e k r b z
t z y c m n e t r p e - n g r d r
n z r m c t i - k r d r
r p i o b z l e
n z r p i b z
t q p i b z
n a n g q n a m u
t q n g q n a m u
n z n g q t i t x p w z
n a n g q t x k r
t q n g q p e l e n g
n a n g q d r
p z t i t x k r
t r n a n i b q l e u
n i b q t i
t q m c t i p e k r
n z m c - k r n g e l e
n a m c k r
n z m c t r p e m l r
t q m c - a t e k r
n z m c p e - k z p z
t r m c w x u
n z r m c - k r b z
n a m c l e
t r m c l e u
t q m c p x b z k r
n z m c p x b z l r
t r m c p e l e u
n z r m c t i n e d r
m c t r p z l e
t q m c t i k u n g
t q m c l a m u
t q m c t i a m u
t q y r k r t r - a t e m
t q y r k r k i p x l e
t q y r k r p x k r
y r k r p x b z l e
n a y r k r t x
t q y r k r p e n g r
t q a t a t r p e l e
t z p n z - l z b q n g r
n z p n z ' p e m
t z p n z ' - n q b l q p e
n z r p n z ' n g r
t q r p n a l z m
a t u l z n g r
r l r - n g r m e
t r r l r - n g r p l e u
n a r l r - n g r m e
t z t a v e t r l r
a w i t x p e
n a n g i p e
t r n g i u
r n g i - b a t r p q
t r n g i u
k c m a
t q m w i t x p e
n z m e l z - k r m l e
t r n z k q l u - k r p e p w q g r u
p r o t x k r
r k a l z m
n z l x p l z t x
n z r t a n g r t i - k r g r
n z r t a n g r t i - k r d r
t q r t a n g r n e
n z r t a n g r t i - k r g r l e
m z l w e n g
v o t r p z k r
t q v o b e
t r k r l z w x u
n z k r l z m l r
t r t q k a p e p w q l e
r k a t r p q
n a k a t x b z l e
n a v e x
y r n i - e t r t x k r
t r n a n i b q l e u
n a r l r - n g r m e
t r r l r - n g r p l e u
t q s i k l u b e - n g r n e
t r - r m n q u
n z y c m n e - k r m
n z y c m n e k r b z
t z y c m n e t r p e - n g r d r
t q r y z k r p e k r
m z l e d e
m z ~ n i b r d r
m r b r t i t r p e
n c t e
n z x p e n g r
k x b q g r n g
t q m z n r p e
n a g r
n a b o
n a n
n a d r
a t u l z n g r
k x p r t z
t q k a p u t r - n g r b z
m r g e a m u
y z l u m l e
n z y c t i k r
a t u l z n g r
n z - z p q t r - k r d r
t q w q p e
n z m n e t i
t q m u - n g r b e
m u l z p e k r
t q m u k r
a m u k x t r t x
n a m u - n g r g r
m z l w e n g
t q r t w a y z b z
n a r y z k r - n g r g r
k c m a n g
n z t e k q t r n g r
k x m a t q
t z p n a t i b z l r
k r l z m l e
n a k i l z b z l e
k i l z n e d e
m a k x t x b z l e
t q r p n a - n g r m
n z p n a t i - k r b z m u
t q y r p u t i p x p e
t q y r p u t i p x n g r
t z a n g c p e b z l r
t z a n g c p e l r
t r t e g r
m z t e
n a a m i n g r - n g r g r
a m i n g r p e k r
n a o b q - k a p q p x
t q k r l x l z p e l e
k r l x l z p e l e
t q l u - n g r g u
m c p z k r
r t a n g r t i b z
m n r n g e
m n r g r n g
m n r g r
m n c l z - n g r m
m n c l v z r n g r
m n c - m i p e - a m u
n a m n c n e - n g r g r
n a m n c t x p o
n z m n c l z b z
n e n g e n g
n e d r
n e g u n g
n a n e n g
m z l e n g e
t q o t i m l e
n z o l z - k r m l e
n z y a p w x - k r d r
k x n a m u
n a - a e n z l i t x k i
t q a e n z l i t i - n g r g r
n a - a e n z l i m g r
t r n z a e n z l i l r u
n a - a e n z l i p w z l r
t z r t w z t i p e - k z n g
d r k a ' n g
o t i b z
y r n i - e b i r p e n g
k x b q g r
n z y a n g r n g a t x - z l w z p e - n g r d r
t r t e g r n g
t q r p i - n g r n
t r n z p i - k r p l e u
r m n r - n g r b z
k r l z m l e
k z t e d e
t r t e d e
y r l z o
t q y r l q o b o
n z y r l q t r p z l r
p z t i t x k r
n z y a p w x - k r d r
a m i n g r p e k r
t q a m i n g r - n g r g r
e t u n e p x
k x n z e t u
e t u n e p x - z v z l e
k x e t u t i n g
r k a l z m
s e x
b z t i p e d e
n z b z s z n g
n a b z t r k i
n z b z s z n g
n a b z - n g r n
n a b z p e - n g r g r
b z p n z ' x
b z t x p n z '
b z t i p e d e
d r t a ' d r
n a w r k x t r
n z k q l u t x
n a r b o m p e n g
k r a p w x
n a r l a s z p e l r
t q n e p e x
t r k q o p q l e u
t q y r p u t i p x n g r
n z y r p u t i p x k r
t q y r p u t i p x p e
t z y z l u p e - m o p w z n g
t z y c m n e t r p e - n g r d r
n z y c m n e k r b z
k c m a
t z - z p q t r n g
p r t z t x b z k r
t z y a p w x t i p e b z l r
t z y a p x p e n g
t q y a p x p e b z
y a p x - z v z k r
n z r t r n g r t i o l r
n z r t r n g r - n g r b z
n z l v c n e n g
n z l v c n e - k r d r
t z l v c l z p e - n g r d r
n z l v c - k r m l r
t z l v c n e n g
m r k c n g
m z n r y a g w e n g r l c
t q v o b e
t q v o t x - n g r p w z
v o t r p z k r
m q n g r m
n g r d e n g
n g r g u
n g r m u
y r n i - e b i r p e n g
n e d r
n e m u n g
n e n g e n g
m a l e l e
t q y r k r t r - a t e m
y r k r p x b z l e
n a y r k r t x
t q y r k r p e n g r
m n c - m i p e - a m u
n a m n c t x p o
m n c l z - n g r m
n z m n c l z b z
m n c - e p e l z l e
m n c l v z r n g r
t q y c n g r
y c t x b z
y c - n r b a l q
t q y c o n g r
y c t x o p e
t q y c o m
y c p x
t q y r p l a t r n g r
y r p l a b r t q p e
t q y r p l a t r p e
k x e s z '
g l a l z l e
t z y a p w x t i p e b z l r
t q y a p w x t i p e m l e
r y a p w x - z v z k r
n z r p l a m e i t i - k r d e
t q m e i t i o
m e i t x t a t x p x
n z m e i t r p z
n z a t a k i
l x e n g e
l x e d r
s c g u
s c m
t z y z l u p e - m o p w z n g
n z y a l z - k r g r
t z y a p x p e n g
y a p x - z v z k r
k q l u t x
o t i b z
y r n i - e b i r p e n g
t q m n c t r p
t r m n c k r u
m n c t i t x p w z k r
t q m n c n e t r p e m g r
n z m n c t i p x m l r
t q m n c - k a p q n g r
n a m n c - k a p q l z - n g r m a m u
n a m n c - n g r g r
m n c t x p w z k r
n z m n c p e - k r g r
n z m n c l z b z
m n c - k u
m n c m i b z l e
m n c t i o m g r
n a m n c n e - n g r g r
m n c p w z k r
n a m n c - k a p q t r n g
t z m n c t x p e n g
t z m n c t x p w z
m n c n e - m o u - n g r g r
m n c - e p e l z l e
m n c l v z r n g r
a s u m i p e b o
t r s u k a
a t u l z n g r
b o o n g r
n z a y c n g r l r t i k r
n z o p x - n g r m
n a r b o m p e n g
n z b z s z n g
b z t i p e d e
n a m n c t x p o
m n c - e p e l z l e
m n c l z - n g r m
m n c l v z r n g r
m n c - m i p e - a m u
t q w x b u p x - n g r m
w x b u p x - n g r m
a e l w a p x - p n z
a e l w a p x
k r l z m l e
r n i p e x
y c p x
y c - n r b a l q
w z t r p o
t r t q w z p e u
t q w z t i p e l e
n z y r l e t i - k r d e
n z o t r n g r
y z l u m c
t q r p w a ' - n g r b z m e
m e i t x t a t x p x
t q r p n a - n g r m
n z p n a t i - k r b z m u
t r - r m n q u
m n c - e p e l z l e
m n c l v z r n g r
m n c - m i p e - a m u
n z m n c l z b z
m n c l z - n g r m
n z m n c l z b z
m n c - e p e l z l e
m n c l v z r n g r
n a m n c t x p o
m n c l z - n g r m
m n c - m i p e - a m u
d r t w r d r
d r t w r n g e l e
m n c l z - n g r m
n z m n c l z b z
m n c - e p e l z l e
m n c - m i p e - a m u
m n c l v z r n g r
n a m n c t x p o
t r t r k a - z l w z p w z u
t z y c m n e t r p e - n g r d r
n z y c m n e - k r m
m r b r t i t r p e
t q a m r b r t r p e l e
m r b r t i t r p e
a t u l z n g r
n z p n u t i t x
m r b r p e
x l r l e l e
x l r b o l e
x l r k r l e
y o l x o m a m u
n z o - k r m
t z r t w z t i p e - k z n g
t q t w z o p e
m n c - e p e l z l e
n z m n c l z b z
m n c - m i p e - a m u
m n c l v z r n g r
n a m n c t x p o
k r l a
k r l c d e n g
k r n e d r
m n c l v z r n g r
m n c - m i p e - a m u
m n c - e p e l z l e
m n c l z - n g r m
n a m n c n e - n g r g r
n z m n c l z b z
l r d r
t q y a p x p e b z
y a p x - z v z k r
y a n e - z v z k r
n z y a l z - k r g r
k x n z s i k l u n g
k x n z s i k l u
t r t e n g e
t q l u - n g r g u
n a l i
w x l i k i t x p x p n z
e s z ' t i
e s z - k r d e
y z l u m l e
t q r w z s o
a t u l z n g r
t z y z l u p e - m o p w z n g
b r n g e
t q y o k a e k r
o b q p x k r
n z y r b z
t z m a t q
t q w x b u p x
t q o b q t r p e
o b q o b z
n z o b q p x b z
t z p r e s i n q n g
n o u d e
n z w r d e
n e n g e n g
n e d e
n e d e n g
n e n g e
n e d r
n e m
n e m u n g
k x n z y q n g
m e n g a b q
k z t e d r
k z t e n g e
n a y r k r t x
t q y r k r p e n g r
y r k r p x b z l e
t q y r k r t r - a t e m
t q o t i m l e
t q o t i m l e
t q o t i - a t e m
n z a t u p x - n g r m
m z t r
m z k e '
v z d e
r d r n g
n g r g u
k x o d a
e s z ' t i
e s z - k r d e
t q w z t i p e l e
t r t q w z p e u
w z t r p o
k r a t q
y c p q t i p e k r
n c n q n g q
s c g u
n z y c m n e - k r b o
t q e t u n e p x p e
e l a
