n a p i b z k u
k r l z m g r
m c p o
t q p i m e
r d r n g
t z v z n e p e n g
n z r p i b z
n z v z k i o l r
t q p i m e
n a m n c - k a p q n g r
n z v z p x n g
m z k e '
n z v z p e - k r d r
t z v z p e
r m c t i p e k r
t u p x m
n z v z - k r b o
n z v z - k r b o
n z t u - z v z - k r d e
n z m u - k r g r
n z v z p x n g
n z v z p e n g
n z v z p e - k r d r
n a m a p u p e b z l e
t q v z - n q b l q n e n e
t q v z p e - k z x
t z v z n e p e n g
m n q t i p e l e
n z m c t r
v z m i o l e
n z v z k a i - k r g r
t q r m c t i p e k r
n z v z - k r b z k r
t q v z t r - m o p w z k r
n z t u - z v z - k r d e
n a r p n z '
t q v z p e b z
v z t r n g r
n z v z m i - k r g r
e t u n e p x - z v z l e
n z v z k a i - k r g r
t z p i p e l r
v z m i m q
r p i l e
l v c - a l z u p q
t z v z n e p e n g
v z m i o l e
v z m i m q
k r k a ' - l e - b l r k u
p i b z l e
n z m e l z - k r m l e
t q v z p x p e
n a n g i
n z m n c - l x b l r - k r g r
t z p n a t i b z l r
t z v z p e - k a i n g
t q p i b z k r
r p i - m o u p q l e
n z v z - k r b z k r
n z v z k i o l r
t z s i k l u n g
t q t u p x m
m n r n g e
n z l v c k r
n z y c m n e - k r d e
t r v z n e - k a k r
v z - z v z x
t z p n z ' - n q b l q p e
s c m
n a y a p w x t i b o
v z m i m q
t q v z p e m
t z y c m n e t r p e - n g r d r
t q v z - n g r g r
n z v z p e - k r d r
t q y r k r t r - a t e m
n z v z - k z n g
m n c l z - n g r m
n z t e k q t r n g r
t q y r k r p e n g r
v z p e - k a i p
t q r m c t i p e k r
t q v z m i t r p e b z l e
v z t r l e
r m c t i l e
t q v z m i t r p e l e n g
v z p x b z k r
t q t u l z
t q a w r k x t r p e l e
v z p e m
n a o k l a t i t r - m o p q g r
n z m u - k r d r
v z m i o l e
y c t x o p e
v z p e m
n z v z - k r n g e
l x e g r
v z m i o l e
n a n g i p e
t q r y z k r p e k r
t z v z p e
v z m i o l e
n z r l x t i - k r m l r
n z m c p x
n a p i p x - l z b q n g
t q v z t r - m o p w z k r
n e d e n g
n z v z - k r n g e
n a v z b z
k r l z p e b z k r
t z l v c - a t e n g
t z m n c - n g r d r
n z r p i b z l r
v z x
b o o n g r
n a v z n g
t q r p i b z l e
t q p i p e m
n z t u n g r
n a a g l q b z l r
v z t r l e
r p i l e
n z r p i m l r
n z p i l z l r
t q m c p e l e
v z m i m q
n z v z p x n g
n z v z p x b z n g
n z v z - n g r m l r
t q m r b r
k r l z m l e
v z m i m q
t z k a p u t r p e
n z v z - k r b o
n a v z b z
n a v z m i b z l e
v z x
n a k a t x b z l e
n z v z p x b z n g
n a v z n g
t q y r k r t r - a t e m
n z v z n e p e l r
t q y a p w x t i p e m l e
v z - z v z x
n z r p i m l r
t q k a p u t r - n g r b z
s e x
t q p i m e
n z d w a t r - k r g r
d w a s x p x - k z p q g r
v z t r l e
n a v z - k a i k r
n z v z - k r m
n a m n c - k a p q n g r
d w a l z m g r
t q p i p e m l e
m c l z k r
v z t r n g r
n z m n c l z b z
t z v z n e p e n g
n z y r l q t r p z l r
t q v z t r - m o p w z k r
t z v z k i n e d r
t q d w a p l r k r n g
t z v z p x p e b z n g
n a r y z k r - n g r g r
n a v z b z
v z m i m q
n z v z - n g r m l r
n z v z p x b z n g
r n g i - b a t r p q
t q m c p e k r
d r k a ' n g
n a m c l e
y z l u m c
t q v z p e b z
n z v z - k r m
t q v z m i t r p e l e n g
t q v z p e x
t z a n g r l v z n e o p e l r
n z v z k a i - k r g r
y a n e - z v z k r
t q v z p e x
v z - z v z x
v z x
v z p x b z k r
a t u l z n g r
m z t r
n z d w a t r - k r g r
n z y r l q
t q v o b e
v z t r n g r
n a v z b z
n z l v c n g
k z t e d r
t q v z t r - m o p w z k r
n z v z p e - k r d r
t q v z p x p e
n z v z - k r m
a b r t z l v z k r
n z k r k a ' k r b z l e
n a v z n g
n z v z - k r m
m n c l v z r n g r
m c t x m
t z l v c l z p e - n g r d r
t q v z p e m g r
t q v z p e x
a t u l z n g r
t q v z b o
t r v z n e - k a k r
t z v z o p e n g
n z v z - k r b o
y r k r p x b z l e
n z v z k a i - k r g r
n a y r k r t x
t z r m c t i p e l r
e s z ' t i
t q r p i b z l e
t q v z p e x
v z x
t z v z p x p e b z n g
n z v z n e p e l r
t q m n c - l x b l r p e k r
n a n g r l r t r k i
n z y c m n e - k r b o
n z v z k i o l r
t r n z p i - k r p l e u
t q n g i
n z v z p e - k r d r
t q v z m i t r p e l e n g
t r t e d e
v z - z v z x
t q m u - n g r g r
t u t i p x - n g r m
t r v z n e - k a k r
m c p o
r m c t i p e k r
t q k a w i o p e k r
t q v z p e b z
n a m n c t x p o
t q v z p e
n z v z - n g r m l r
t q a b r t z - z v z - n g r g r
n z y c m n e - k r m
t q v z - n g r g r
n z n g i - k r d r
t u l z m c
n z v z
m c t r p z l e
v z k i m l e
t q v z - n q b l q n e n e
t z p n z - l z b q n g r
t z v z p x p e b z n g
t q r p i p e b z l e
n z v z k a i - k r g r
n z v z b z n g
n z v z - k r g r
t q v z p e
t z v z p e
t q n g r l r p x p e k r
n z v z p x b z n g
t q v z p e x
t z x l r o p e l r
t z v z p e - k a i n g
t z v z k i n e d r
t z v z n e p e n g
t u l z m c
n z a b r t z - z v z n g r
t q v z m i t r p e b z l e
n z t u - z v z - k r d e
t q k r k a ' - n g r g r
n z v z p e n g
n z v z - k r b z
o l i q l z k r
n z v z - n g r m l r
v z x
t q p i p e b z l e
t z m n c t x - a l o p e n g
y c - n r b a l q
m c t x m
n z v z d z - k r g r
t q m z n r p e
d r l z d r n g
t q v z p e m g r
t r m c l e u
n z v z p x b z n g
n z v z - k r n g e
p z t i t x k r
v z t x
n z v z k i o l r
n z v z - k r m
n z v z - z v z b z n g
v z p x b z k r
n z b z n g
n a p i b z k u
d r t w r n g e l e
v z p e m
t q v z p e - k z x
v z t r l e
t z v z - n g r
t q v z - n q b l q n e n e
n z v z k i o l r
t q v z p e
k x m a t q
a s u m i p e b o
n a v z n g
n z v z - k r b z k r
t q r p w x m z
t z v z p e - k a i n g
t q v z - n g r g r
v z x
v z - z v z x
t q l u - n g r g u
n z v z p x b z n g
t u o m
n z l v c n g
t z v z k i n e d r
v z k i p e m l e
n z m n c l z b z
n z r p i b z
v z m i o l e
t q v z p e
n z p n z ' b z
r p i l e
n z w a i n e - n g r b z l r
t q v z t r p e k r
k z t e n g e
n a v z m i b z l e
o t i l e
n z v z - k z n g
t z r p i p e
m c t r k r
n z d w a t r - k r d e
t q w x b u p x - n g r m
v z x
n z v z - k z n g
t q v z p e b z
n z y c m n e k r b z
n z m w x l r n g
n z v z k i o l r
t q a m z b l q p x m c
m c l z k r
v o t r p z k r
t q y r k r p e n g r
n z r m c t i l r
n a a g l q p e k r
t z y a p w x t i p e b z l r
n z v z p e - k r d r
t q r p i b z l e
n z v z - n g r m l r
n z v z p x n g
m n c - k a p q - n g r g r
t z m w x l r n g
t q v z p e b z
n g r g u
t q y r k r p x k r
d w a l z m g r
n z y c m n e
v z m i o l e
t q n g i
b z t i p e d e
n a m n c - k a p q n g r
t z y z l u p e - m o p w z n g
n z m c t r
t q m u k r
n z v z b z n g
n z v z - k r b z k r
t z v z o p e n g
t q d c - z l w z n g r
n z r t a n g r t i - k r g r l e
v z - z v z x
n z m c t r
t q r p i p e x
k x n z e t u
n e d r
v z t r l e
n z r p i l z - k r d r
p i t x m l e
t z k u k i n g
t q p i b o
n z v z p e n g
t q r p i - a w a p e b z l e
t q v z m i t r p e l e n g
m r l z p e
n z t q n g
s c g u
t q t u l z
n z v z b z n g
n a d w a p e k r
r m c t i - n g r g r l e
t q p i b z k r
n z n g i - k r d r
r p i - m o u p q l e
t q w a i p e x
t q o l z p e b z
n z v z p x n g
n a y r k r t x
n z l u t x p w z n g
e s z ' n e
t q a m z n r p e l e
n z y r b z
n z v z - k r b z k r
a w i t x p e
v z - z v z x
k r n e d r
t q t u l z
k x p r t z
n a m w i
t z v z p e
o b q o b z
n z m c k r
t z p n z - l z b q n g r
v z d e
n z v z k i l r
v z t r l e
b z t x p n z '
n z y r l q
v z t x
n z v z k i o l r
m c l x
n a y a g o x n g
k r k a ' - l e - b l r k u
v z t r n g r
t q a m r b r t r p e l e
t q v z p x p e
m n c t i t x p w z k r
t q m n c - n g r g r
n z l z t r - n g r d e
r p i - m o u p q l e
t u p x m
t z v z p e - k a i n g
m n c t i k r
v z p x m
t z v z p e
t q e t u n e p x p e
t z v z p e
t q n e p e x
t z y a p w x t i p e b z l r
n z r m c t i l r
n z v z p x n g
t r m c w x u
t q r t w a y z b z
t q v z p e
t r n z p i - k r p o ' u
t u o m
y z l u m g r
m n c p e x
v z - z v z x
r m c t i l e
a e l w a p x
m n c - m i p e - a m u
t q r p i l e
v z t x
v z p x b z k r
n z r p i b z
n z v z - n g r m l r
t q v z p e x
v z p x b z k r
t z v z p x p e b z n g
n e g u n g
n a n e n g
m n c t i o m g r
n z v z p x n g
n z r p i - a n i - k r m l e
t z l v c - a t e n g
k x k q l u
n z b z s z n g
t q v z b o
t q m c p e x
t r v z n e - k a k r
t q v z b o
v z t r l e
n a v z m i b z l e
t u n e p w z
d z b e d e
n a y a - p w z - t i p e x
t r n z a y o t i p e l r u
t z m r g e n g
e s z - k r d e
n z r m c t i l r
t q v z t r - m o p w z k r
n z m c t x p w z
t z v z p x p e b z n g
t z t a v e t r l r
t q v z p e m
n z v z k a i - k r g r
m q g r
t q p i m e
t u t i p x - n g r m
n z o b q - k a p q k r
l i t x t r
k r l c d e n g
n z p n a
m w i t x
t z v z o p e n g
n z v z n e p e l r
m u l z p e k r
t q v z - n g r g r
t q m n c - l x b l r p e k r
t z v z o p e n g
n z m c t x p w z
n z r p i m l r
t u n e p w z
t a b c - z v z k r
v z k i m l e
r m c t i - n g r g r l e
n z r p i b z
t q m c p e k r
m n c l z - n g r m
g l a l z l e
t q v z p e - k z x
n z m n c k r
k r l z m l e
n z v z k i l r
n a v z d z k r
m c p x m
t z m n c t x p w z
n z v z k i o l r
t q t r k a p e m
t r v z n e - k a k r
n a a g l q b z l r
m n c l v z r n g r
d w a l z m g r
l v c - a l z u p q
n z v z - k z n g
t q d w a p l r k r n g
n z v z k i l r
b z t i p e d e
n z v z - n g r m l r
y r k r t x o
n z m c k r
v z k i m l e
t q m c l a m u
n z v z - k z n g
y a g o x t x
a b z o k r
t q r p i p e x
t q v z - n q b l q n e n e
t w z q
n z r t a n g r t i - k r g r
n z v z k i l r
k r a p w x
n z n g q t i t x p w z
n z v z b z n g
t q y r p l a t r p e
n z v z - k r n g e
n z v z b z n g
t q r m c t i p e k r
r p i m l e
o t i b z
v z m i o l e
n z y c t i k r
t q v z t r - m o p w z k r
y r k r p x b z l e
k x t r k a
m n c - m i p e - a m u
t q v z p e b z
p i b z l e
n a y a p w x t i m l e
n z v z p x b z n g
t q v z p x p e
n z r m c t i l r
n z v z - k r m
n z v z
n z m n c p e n g
n z v z - k r b o
t r v z k r u
n z m c t r
t r v z n e - k a k r
n z v z n e p e l r
t q v z t r - m o p w z k r
w z t r p o
n z w z - k r n g e
t r n z p i - k r p l e u
n a v z m i b z l e
t q v z p e m g r
t r t q w z p e u
n z v z
t q v z - n g r g r
n z v z - k r b o
n z y a l z - k r g r
n z v z o - k r d r
n z a y o n g r
v z t x
n a v z - k a i n g
t z v z k i n e d r
m c p o
r m c t i p e k r
n z v z
n z v z - k r b o
n a d w a p e k r
t q a b r t z - z v z - n g r g r
x l r k r l e
t q r m c t i p e k r
e s z ' n e
t q v z m i t r p e l e n g
t q v z p x p e
v z t x
n z v z k i o p e - k z l r
n z r m n q t x n g
n z v z n e p e l r
v z x
t q r p n a p e - n g r m l e
l r d r
t z x l r o p e l r
t q v z p e - k z x
n z a t a k i
n z v z p x n g
t q v z m i t r p e b z l e
m c p x m
n z y a p w x - k r d r
t q v z p e - k z x
t u t x l z m
t q r p i m l e
l x e d r
n a a g l q b z l r
t q v z p e b z
t z v z n e p e n g
n z p n a t i - k r b z m u
n z v z k i l r
d w a l z m g r
a s u m i p e b o
r m c t i - n g r g r l e
n z r m c t i l r
n z d w a t r - m o u - k r g r
n z v z - z v z b z n g
n a v z b z
v z m i o l e
t z v z n e p e n g
n z b o m - k r d e
p i b z l e
n z p w x n g
y c - n r b a l q
t z l v c l z p e - n g r d r
v z k i m l e
t z m n c - n g r d r
t q m c p e k r
y r l q b z k r
n z r p i - a n i - k r m l e
t z v z p e
n z a b r t z l v z l r
n z t a v e t r l r
t q p i p e b z l e
t q v z m i t r p e l e n g
n z r p i b z
n z w z t i - k r b z l e
t q v z m i t r p e l e n g
n z v z n e p e l r
t q v z t r - m o p w z k r
n a v z n g
t z m n c t x - a l o p e n g
n z v z - k z n g
n z v z - k r n g e
t q v z p e b z
t q v z p e
t z p i p e b z l r
t q a m r l z
t r t e d e
t q m r l z p e
n z v z - k z n g
n z v z p x b z n g
n z m c k r
m n c l v z r n g r
n z m c t r
t z v z n e p e n g
a b r t z t x - n g r g r
k r l x l z p e l e
t z v z o p e n g
t q v z m i t r p e l e n g
n a r b o m p e n g
v z t r n g r
t q v z - n q b l q n e n e
r p i - m o u p q l e
n z v z p x b z n g
t z w a i s z - n g r d r
m c l e
t z m n c n g r
n z m n c t x p w z
n z v z - z v z b z n g
v z t r n g r
v z m i m q
n z v z
n a v z b z
t q a y r n i p e
n z v z - n g r m l r
n z v z - k z n g
n a m n c t x p o
n z v z - n g r m l r
v z m i o l e
t q p i p e m
v z - z v z x
t z v z p e - k a i n g
n e m u n g
n z v z k i l r
n z m u n g r
t q v z p x p e
t q m n c
n z a b r t z l v z l r
n z r m c t i l r
n z y c m n e k r b z
v z x
v z p x b z k r
n z m c t x p w z
y c p q t i p e k r
n a p i n e m c
n z v z - n g r m l r
t r n z a e n z l i l r u
n z r p i b z
m c t x m
t q m n c
n z v z - n g r m l r
t z k u k i r p e l r
n z l v c n g
r l a s z k r
t q v z m i t r p e l e n g
t q r p i p e x
t q v z p e b z
n z b z - k r g r
t q a m i n g r - n g r g r
m z n r y a g w e n g r l c
n z v z p x b z n g
t q a y r n i p e l e
n z r m c t i - k r d r
t q v z p e b z
t q m c p e k r
t q v z p e m g r
v z - z v z x
v z p x b z k r
t q r p i p e x
t q m c p e l e
b z t i p e d e
v z t x
n z v z p e n g
n z v z p x n g
v z t r l e
n g r l r m i m l e
t q a m z b l q p x m c
t q r p i b z l e
t u l z m c
x l r k r l e
n z d w a t r - k r g r
x l r k r
v z t x
r g l q k r
n z b o m - k r d e
v z - z v z x
t q y r n i p e x
t q v z m i t r p e b z l e
m n c - e p e l z l e
t z k r l z p e - a t e l r
t q m n c - l x b l r p e k r
n z r p w ' a - k r d e
n z n g i k r
n z v z p x n g
b o m l e
t q r p i - n g r n
n a r l z
m n c l v z r n g r
n z v z k a i - k r g r
v z m i m q
v z t x
r m c t i l e
t q v z p e m g r
n z v z - n g r m l r
p z t i t x k r
t r v z n e - k a k r
t q v z p e - k z x
v z - z v z x
n z v z - z v z b z n g
m n c t x d e
t q l i p e
n a p i t x t r - m o p o
v e x
n z v z - k r n g e
v o t r p z k r
n a a g l q p e k r
n e m u n g
r m c t i - n g r g r l e
t q p i p e m
n a r l r - n g r m e
v z k i m l e
v z t r l e
n z v z n e p e l r
n a r l z
l x l v r k i m l e
n a v z b z
n z v z k i l r
n z v z b z n g
n z y r l q
n a v z n g
d w a l z m g r
n z v z - k r b o
t r v z u
t z v z - n g r
t r v z n e - k a k r
m e n g a b q
t q v z p e - k z x
r l r - n g r m e
t q n g i
e l a
n z d w a o n g r
t u t x l z m
k x n z y q n g
t z y c m n e - n g r p e m l r
n z r p i b z l r
t q y a p w x t i p e m l e
d w a s x p x - k z p q g r
n z p i - k r m l r
n z l x n g i t i - k r d e
n a v z m i b z l e
n z v z k i o l r
t q v z - n q b l q n e n e
m c l x n g
n z d w a t r - k r d e
t q r w z s o
p i p x - l z b q
x l r m l e
n z v z p e n g
t q v z t x
t q m u - n g r b e
t q m w i - n g r g r
t z v z p x p e b z n g
n z v z b z n g
v z - z v z x
r m c t i l e
m c l z k r
n a v z b z
t q r p i - n g r n
n z r p i m l r
n z y c m n e - k r b o
t q v z p e
k x n z t o p w z
n z x l r b z l r l e
t z a y o t i
t q y r n i p e x
t q y a p w x t i p e m l e
n z v z - k r n g e
t q v z p e m
v z - m o p w z k r
t q v z p x p e
m c t x m
n z v z b z n g
t z v z o p e n g
t q a l v c - l z b q - n g r g r
m n c - k u
n z v z b z n g
n z m n c - k r d r
n z r k a l z m q n g q
t q v z m i t r p e b z l e
t q v z m i t r p e l e n g
n z v z - k r b o
t z r y z k r n g
t z y c m n e - n g r p e m l r
n z l v c n e - k r d r
n a v z m i b z l e
r l w x k r
r p i - r d e
t q v z m i t r p e l e n g
n z v z - k z n g
t z r k a l z p e m
t q v z p x p e
v z t x
t z l v c l z p e - n g r d r
t z v z p x p e b z n g
o t i m
t z l v c l z p e - n g r d r
n z v z n e p e l r
t q v z p e m
v z t r n g r
n z v z p x b z n g
n z v z
m n c - e p e l z l e
t q v z t r - m o p w z k r
t z v z o p e n g
t r v z n e - k a k r
t q v z t r - m o p w z k r
n z v z k i o l r
t z k u k i - n g r d r
t q k r l x l z p e l e
n z v z - k r b o
t q v z p e
m n c - m i p e - a m u
t q v z p e
n z e t u p e - k r n g e
k x n z s i k l u
v z p x b z k r
t q m n c
n a m w i
t q v z p e m
n e n g e
t q t w z o p e
n z v z - n g r m l r
x l r k r
t q l u - n g r g u
t q v z - n g r m o
t r v z n e - k a k r
t z v z p e - k a i n g
n a k a b o
v z p e m
m c t r k r
t q v z p e - k z x
t z v z - n g r
v z - z v z x
v z m i m q
m c p o
t q v z b o
t r t r k a - z l w z p w z u
t q r p i - n g r n
v z k i m l e
t q r p i p e x
t q v z - n g r g r
t q v z p e m
t q v z p x p e
d r t w r d e
t q v z b o
t q m n c - n g r d e
t q p i p e m
m n c l v z r n g r
v z t r l e
t z v z p e - k a i n g
n z r p i m l r
x l r m l e
d w a t x t r x
t z v z - n g r
d r t a ' d r
t r v z n e - k a k r
n z l v c n e n g
n z v z p e k r
n z r p i l r
t q a y r n i p e
n a p i t x t r - m o p o
n z v z k a i - k r g r
n z r p i - a n i - k r m l e
t q m n c - n g r d e
t u t i p x - n g r m
n z m c p x
t q p n z ' p e l e
r y a p w x - z v z k r
t q v z - n q b l q n e n e
t z - z p q t r n g
n z v z p x n g
t z v z p e
n z v z
r p w a ' t x - n g r b o
t q v z p e k r
n z m w a n g r
n z v z - k r b z k r
o m i t x p x b z l e
n z a t o l w a - n g r n g
t q v z m i t r p e b z l e
k r l a
m n c l z - n g r m
t z v z p e - k a i n g
n z m n c p w z n g
n a v z - n q b l q l e
n z v z - k r b o
n z a n g i o - k r d r
t r v z n e - k a k r
t q v z p e m
m n c - e p e l z l e
v z m i o l e
n z - z p q t r - k r d r
r p i o l e
t z v z p e
t q v z - n q b l q n e n e
t q d w a p l r k r n g
x n g i t x t r l e
n z v z k a i - k r g r
m r b r t i t r p e
r p i l e
t q v z p e x
t q v z m i t r p e l e n g
v z m i o l e
n a k i l z b z l e
n z m w i p e - k r n g e
m c p o
t q v z b o
k x e s z '
t q v z t r - m o p w z k r
t q v z p e b z
n z r p i b z
t z v z k i n e d r
n a p i b z k u
n z v z k i l r
t q v z p e b z k r
t q m e i t i o
t u n e p w z
m c t r k r
v z t r l e
t o p w z t r
t q n g q p e l e
n a w r k x t r
t z m w i - n g r d r
t q r m c t i p e k r
n z v z p e n g
p i b z l e
n a b z p e - n g r g r
k x n z y a g o x n g
n z a m a - k r d e
