n a p i b z k u
k r l z m g r
m c p o
t q p i m e
r d r n g
t z v z n e p e n g
n z r p i b z
n z v z k i o l r
t q p i m e
n a m n c - k a p q n g r
n z v z p x n g
m z k e '
n z v z p e - k r d r
t z v z p e
r m c t i p e k r
t u p x m
n z v z - k r b o
n z v z - k r b o
n z t u - z v z - k r d e
n z m u - k r g r
n z v z p x n g
n z v z p e n g
n z v z p e - k r d r
n a m a p u p e b z l e
t q v z - n q b l q n e n e
t q v z p e - k z x
t z v z n e p e n g
m n q t i p e l e
n z m c t r
v z m i o l e
n z v z k a i - k r g r
t q r m c t i p e k r
n z v z - k r b z k r
t q v z t r - m o p w z k r
n z t u - z v z - k r d e
n a r p n z '
t q v z p e b z
v z t r n g r
n z v z m i - k r g r
e t u n e p x - z v z l e
n z v z k a i - k r g r
t z p i p e l r
v z m i m q
r p i l e
l v c - a l z u p q
t z v z n e p e n g
v z m i o l e
v z m i m q
k r k a ' - l e - b l r k u
p i b z l e
n z m e l z - k r m l e
t q v z p x p e
n a n g i
n z m n c - l x b l r - k r g r
t z p n a t i b z l r
t z v z p e - k a i n g
t q p i b z k r
r p i - m o u p q l e
n z v z - k r b z k r
n z v z k i o l r
t z s i k l u n g
t q t u p x m
m n r n g e
n z l v c k r
n z y c m n e - k r d e
t r v z n e - k a k r
v z - z v z x
t z p n z ' - n q b l q p e
s c m
n a y a p w x t i b o
v z m i m q
t q v z p e m
t z y c m n e t r p e - n g r d r
t q v z - n g r g r
n z v z p e - k r d r
t q y r k r t r - a t e m
n z v z - k z n g
m n c l z - n g r m
n z t e k q t r n g r
t q y r k r p e n g r
v z p e - k a i p
t q r m c t i p e k r
t q v z m i t r p e b z l e
v z t r l e
r m c t i l e
t q v z m i t r p e l e n g
v z p x b z k r
t q t u l z
t q a w r k x t r p e l e
v z p e m
n a o k l a t i t r - m o p q g r
n z m u - k r d r
v z m i o l e
y c t x o p e
v z p e m
n z v z - k r n g e
l x e g r
v z m i o l e
n a n g i p e
t q r y z k r p e k r
t z v z p e
v z m i o l e
n z r l x t i - k r m l r
n z m c p x
n a p i p x - l z b q n g
t q v z t r - m o p w z k r
n e d e n g
n z v z - k r n g e
n a v z b z
k r l z p e b z k r
t z l v c - a t e n g
t z m n c - n g r d r
n z r p i b z l r
v z x
b o o n g r
n a v z n g
t q r p i b z l e
t q p i p e m
n z t u n g r
n a a g l q b z l r
v z t r l e
r p i l e
n z r p i m l r
n z p i l z l r
t q m c p e l e
v z m i m q
n z v z p x n g
n z v z p x b z n g
n z v z - n g r m l r
t q m r b r
k r l z m l e
v z m i m q
t z k a p u t r p e
n z v z - k r b o
n a v z b z
n a v z m i b z l e
v z x
n a k a t x b z l e
n z v z p x b z n g
n a v z n g
t q y r k r t r - a t e m
n z v z n e p e l r
t q y a p w x t i p e m l e
v z - z v z x
n z r p i m l r
t q k a p u t r - n g r b z
s e x
t q p i m e
n z d w a t r - k r g r
d w a s x p x - k z p q g r
v z t r l e
n a v z - k a i k r
n z v z - k r m
n a m n c - k a p q n g r
d w a l z m g r
t q p i p e m l e
m c l z k r
v z t r n g r
n z m n c l z b z
t z v z n e p e n g
n z y r l q t r p z l r
t q v z t r - m o p w z k r
t z v z k i n e d r
t q d w a p l r k r n g
t z v z p x p e b z n g
n a r y z k r - n g r g r
n a v z b z
v z m i m q
n z v z - n g r m l r
n z v z p x b z n g
r n g i - b a t r p q
t q m c p e k r
d r k a ' n g
n a m c l e
y z l u m c
t q v z p e b z
n z v z - k r m
t q v z m i t r p e l e n g
t q v z p e x
t z a n g r l v z n e o p e l r
n z v z k a i - k r g r
y a n e - z v z k r
t q v z p e x
v z - z v z x
v z x
v z p x b z k r
a t u l z n g r
m z t r
n z d w a t r - k r g r
n z y r l q
t q v o b e
v z t r n g r
n a v z b z
n z l v c n g
k z t e d r
t q v z t r - m o p w z k r
n z v z p e - k r d r
t q v z p x p e
n z v z - k r m
a b r t z l v z k r
n z k r k a ' k r b z l e
n a v z n g
n z v z - k r m
m n c l v z r n g r
m c t x m
t z l v c l z p e - n g r d r
t q v z p e m g r
t q v z p e x
a t u l z n g r
t q v z b o
t r v z n e - k a k r
t z v z o p e n g
n z v z - k r b o
y r k r p x b z l e
n z v z k a i - k r g r
n a y r k r t x
t z r m c t i p e l r
e s z ' t i
t q r p i b z l e
t q v z p e x
v z x
t z v z p x p e b z n g
n z v z n e p e l r
t q m n c - l x b l r p e k r
n a n g r l r t r k i
n z y c m n e - k r b o
n z v z k i o l r
t r n z p i - k r p l e u
t q n g i
n z v z p e - k r d r
t q v z m i t r p e l e n g
t r t e d e
v z - z v z x
t q m u - n g r g r
t u t i p x - n g r m
t r v z n e - k a k r
m c p o
r m c t i p e k r
t q k a w i o p e k r
t q v z p e b z
n a m n c t x p o
t q v z p e
n z v z - n g r m l r
t q a b r t z - z v z - n g r g r
n z y c m n e - k r m
t q v z - n g r g r
n z n g i - k r d r
t u l z m c
n z v z
m c t r p z l e
r m c t i l e
t q v z p e b z
t q y r n i p e x
t q v z p e b z
t q p i b z k r
d w a l z m g r
t q v z p e b z
t q v z p e b z
d w a l z m g r
t q v z p e b z
n z v z b z n g
n z r m c t i l r
v z k i m l e
t q v z p e b z
d w a l z m g r
t q y r n i p e x
n z v z b z n g
v z k i m l e
t q v z p x p e
d w a l z m g r
t z v z k i n e d r
d w a l z m g r
n z r p i m l r
k z t e n g e
d w a l z m g r
n z m n c p e n g
v z k i m l e
v z k i m l e
a b z o k r
v z k i m l e
n z v z - k z n g
t q v z p e b z
t q v z p e b z
t q v z p e b z
t z v z o p e n g
t q v z p e b z
v z k i m l e
r p i o b z l e
n z m u n g r
n z v z - k z n g
b z t i p e d e
v z k i m l e
v z k i m l e
n z v z - k z n g
v z k i m l e
v z m i o l e
v z m i o l e
t q v z p x p e
v z m i o l e
t z v z - n g r
n a v z n g
t z v z - n g r
t q v z p x p e
d w a t r k r
n e d r n g
t z v z - n g r
t z v z - n g r
t q v z p x p e
t q v z p x p e
t q v z p x p e
t z v z - n g r
t q v z p x p e
t q v z p x p e
t q v z p x p e
v z p x b z k r
n z l v c n g
t q v z p e m
t q v z p e m
t q v z p e m
t q v z p e m
t q v z p e m
t q v z p e m
t q v z p e m
t q v z p e m
t q v z p e m
t z v z k i n e d r
t q v z p e m
t q v z p e m
t q v z p e m
t q v z p e m
v z t r n g r
t q v z p e m
v z m i o l e
t q v z p e m
t z v z - n g r
t q v z p e m
t q v z p e m
t z v z - n g r
t z v z - n g r
t q v z p e m
t z v z - n g r
t z v z - n g r
v z k i m l e
t z v z - n g r
p i b z l e
v z p x b z k r
v z t r n g r
v z t r n g r
t q m c p e x
t z v z - n g r
v z m i o l e
v z m i o l e
v z m i o l e
v z p x b z k r
t q l i p e
p z t i t x k r
v z t r n g r
v z m i o l e
p i b z l e
v z m i o l e
v z m i o l e
v z t r n g r
v z m i o l e
v z t r n g r
v z t r n g r
v z p x b z k r
v z t r n g r
t q v z p x p e
x l r b z l e
v z t r n g r
v z t r n g r
v z t r n g r
v z t r n g r
n z v z p x n g
n z v z p x n g
n z v z p x n g
n z v z p x n g
r p i o b z l e
n z v z p x n g
n z v z p x n g
n z v z p x n g
n z v z p e n g
n z v z p e n g
v z p x b z k r
n z v z p e n g
n z v z p e n g
n z v z p e n g
y r l q t x b o
v z p x b z k r
x l r b z l e
n z r p i m l r
v z k i m l e
t q v z p x p e
t q v z p e m
n e g u n g
t q m c p e l e
n z r p i m l r
v z p x b z k r
t q v z p x p e
v z t r n g r
v z t r n g r
v z t r n g r
v z t r n g r
t q v z p e b z
v z m i o l e
n z v z p e n g
t q v z p e b z
v z t r n g r
n z v z p e n g
v z t r n g r
n z v z p e n g
n z v z p e n g
n z v z p e n g
t q v z p e b z
v z t r n g r
v z t r n g r
n z v z p e n g
v z t r n g r
n z v z p e n g
n z v z p e n g
n z v z p e n g
v z t r n g r
n z v z p e n g
t q v z p e b z
n z v z p e n g
v z t r n g r
n z v z p e n g
n z v z p e n g
n z v z p e n g
n z v z p e n g
x l r k r l e
a t u l z n g r
t q v z p e b z
k r l z m g r
t r m c w x u
v z m i m q
t z m n c n g r
n z p i l z l r
v z m i m q
x l r b z l e
n z r p i b z
m c l z k r
n z r p i m l r
k x t r k a
n a v z n g
n z r p i b z
n z r p i b z
n z r p i l r
n z m c k r
m c l z k r
m c l z k r
m c t r k r
n z r p i l r
m c t r k r
n z r p i l r
t q p i m e
m c t r k r
n z v z p e n g
n z v z p e n g
m c l z k r
m c t r k r
t q p i m e
m c l z k r
o b q o b z
m c l x n g
m c l x n g
m c l z k r
t q v z p e m
m c l z k r
t u l z m c
n z v z - k r b z
t z v z - n g r
t z v z - n g r
t q v z p x p e
m c l x n g
e s z ' n e
t z v z - n g r
t z v z - n g r
t z v z - n g r
m c - k z a m u
t z v z - n g r
m c l x n g
m c l z k r
n z r p i b z
x l r m l e
m c t r k r
t z v z - n g r
n z r p i m l r
v z m i m q
v z m i m q
n a v z n g
n z y c m n e
v z m i m q
n z r p i b z
m c l x n g
n a v z n g
n a v z n g
v z t r l e
n a v z n g
n a v z n g
m c l x n g
v z t r l e
n a v z n g
v z t r l e
n a v z n g
v z t r l e
m c t r k r
n a v z n g
n z b z n g
t q p i m e
n a v z n g
m c l x n g
x l r k r l e
l i p w z
m n c p e x
t u l z m c
y r k r t x o
n z v z p x n g
n z v z p x n g
n z v z p x n g
r g l q k r
m c l x n g
n z m c t r
n z m c t r
n z t q n g
n z m c t r
t q p i m e
n z m c t r
r m c t i l e
t q v o b e
t q b z p e
m w i t x k r
t r s u k a
m c l x n g
v z m i m q
v z m i m q
v z m i m q
t q v z p e
n a v z n g
v z t r l e
t q v z p e
t q v z p e
t q v z p e
t q v z p e
n a v z n g
t q v z p e
t q v z p e
t q v z p e
t q v z p e
t q v z t r p e
t q v z p e
t q v z p e
y r k r t x o
t q v z p e
d r l z d e
t q v z p e
v z t r l e
m n c t i k r
v z t r l e
v z t r l e
v z t r l e
t q v z p e
v z t r l e
t q v z p e
n z m c p x
n a v z n g
n a v z - k a i n g
n a v z n g
v z t r l e
v z m i o l e
n a v z n g
n a v z n g
v z t r l e
n z m c p x
v z t r l e
n a v z n g
t u t x l z m
p i b z l e
p i b z l e
v z t r l e
v z m i o l e
t z r p i p e
v z m i o l e
r g l q k r
p i b z l e
t q v z b o
t q v z b o
t q a s u p e
v z m i o l e
t z v z p e
t z v z p e
t q v z b o
t q v z b o
t z v z p e
t q v z b o
t z v z p e
t z v z p e
t z v z p e
t z v z p e
n z m c p x
w z t r p o
t z v z p e
t z v z p e
t z v z p e
t z v z p e
t z v z p e
t z v z p e
t z v z p e
t z v z p e
t q p i m e
n z v z n g r
t z v z p e
t z v z p e
n z m c t r
k r l z m l e
t z v z p e
r l x n g i t i l e
t z v z p e
y r n i t x
n a v z - k a i p o
n z m c k r
n z m c p x
p i b z l e
t r t e d e
v o t r p z k r
t q t u p x m
x l r k r
n z m c t r
m n c p e x
m c t x m
m n c p e x
m n c p e x
t u t x l z m
t q v z b o
t q v z b o
t q v z b o
n a v z b z
v z d e
t q v z b o
n z m c p x
t q a s u l e
t u t x l z m
n a v z b z
n z m c p x
y c m n e p e
t q v z b o
m n c p e x
n z m c p x
m n c p e x
t q v z b o
t q v z b o
m c t x m
m r b r l z m
t q v z b o
t q v z b o
t q v z b o
t q v z b o
t q v z b o
t q p i m e
t q v z b o
k q l u t x
t q v z b o
t q p i p e m
m c t x m
k c m a n g
y c m n e p e
m c t x m
t q t u p x m
m c t x m
v z t r l e
v z t r l e
n z r p i b z
m n c t i k r
n z r p i b z
n z r p i b z
o t i b z
n a v z b z
n a v z b z
r p i l e
n a v z b z
n a v z b z
m n c t i k r
n a v z b z
v z m i o l e
n a v z b z
t q p i b o
r p i l e
m c t x m
t q p i m e
r p i l e
m c t x m
r p i l e
t u t x l z m
o t i l e
t u l z m c
m c t r k r
n z y r l q
x l r k r
n a v z b z
v z t r l e
n z t u n g r
v z t r l e
v z t r l e
m c k r
t r t e g r
m n c - k a p q - n g r g r
n z m c k r
m c t x m
n z t u n g r
n z r p i l r
n z m c k r
t u l z m c
n a v z b z
m c t x m
n a v z b z
l i p e
t q t u l z
v z m i m q
m c t r k r
t q v z p e
a e l w a p x
v z m i m q
v z m i m q
t q v z p e
t q v z p e
v z m i m q
m c t r k r
y r n i t x
v z m i m q
t q v z p e
v z m i m q
v z m i m q
t u p x m
n z r p i l r
n z r p i l r
x l r k r
x l r b z
t q p i b z
m z l e n g e
b z t i p e d e
v z t r l e
v z p e m
n z p n z '
v z p e m
v z p e m
m r l z p e
v z p e m
v z p e m
v z p e m
v z p e m
v z p e m
v z p e m
v z p e m
v z p e m
t z r p i b z
v z p e m
v z p e m
v z p e m
v z p e m
v z p e m
v z p e m
v z p e m
v z p e m
v z p e m
v z m i m q
t z a p u l r
t q p i m e
t u o m
n z m c k r
n z y r l q
k x e t u
t q m r b r
m c p x m
t u p x m
t z v z p e
m c p x m
m c p x m
n a v z b z
m c p x m
v z t r k r
m c p x m
v z - z v z x
n e d r
m z l e d e
t q t u l z
v z - z v z x
t q p i b z
m c p x m
m c p x m
m c p x m
v z - z v z x
n g r d e
v z - z v z x
m c p x m
v z - z v z x
v z - z v z x
n z m n c k r
v z - z v z x
v z - z v z x
v z - z v z x
v z - z v z x
v z - z v z x
v z - z v z x
r p i l e
v z - z v z x
m c l e
v z - z v z x
v z - z v z x
v z - z v z x
t q p i b z
t q p i b z
m w i t x
b z t i p e d e
e s z ' n e
k x e t u
t u p x m
v o m l e
m c p o
b r n g e
k x e t u
t q p i b z
m c p o
m z t e
m c t x m
m c p o
n z t u n g r
t q p i b z
t q a m r l z
v z m i m q
m c p o
v z m q g r
v z m i m q
e t u t x
m c p o
t u o m
t q p i b z
t u p x m
m c p o
k x l i
v z k r
b z a m u
k r a p w x
o t i l e
t q t u l z
v o k r
t q p i b z
n g r d r
b z a m u
s c g u
n g r d e
n g r g u
m c l x
t q r p n a - n g r m
m c l x
m c l x
v z t x
m c l x
v z t x
v z t x
v z t x
n g r d r
n o u d e
m c l x
n z v z
m w i t x
v z t x
n z v z
n z v z
t r m c l e u
n z v z
m c l x
n z v z
n z v z
o t i m
v z x
v z x
v z x
v z x
e t u t x
v z x
v z x
v z x
v z x
v z x
v z x
v z x
v z x
v z x
v z x
v z x
v z x
v z x
t u o m
v z t x
v z x
v z t x
v z x
v z x
v z t x
o t i m
v z x
n z v z
v z t x
m c l x
n z v z
v z x
v z x
n z v z
t q n g i
n z v z
n z v z
n z v z
n z v z
n z v z
n z v z
v z t x
v z t x
v z t x
v z t x
v z t x
v z t x
v z t x
t q v z p e m
n z v z - k r m
n z v z - k r m
m c l x
n z v z - k r m
n z v z - k r m
n z v z - k r m
n z v z - k r m
n z v z - k r m
n z v z - k r m
n z v z - k r m
n z v z - k r m
n z v z - k r m
n z v z - k r m
n z v z - k r m
n z v z - k r m
n z v z - k r m
n z v z - k r m
n z v z - k r m
n z v z - k r m
n a r l z
n z v z - k r m
n z v z - k r m
t q p i p e m
n z v z - k r m
v z - z v z x
t q p i p e m
v z - z v z x
v z - z v z x
v z - z v z x
v z - z v z x
v z t x
m c l x
v e x
n z v z
n z v z
v z t x
v z t x
t u o m
y c - n r b a l q
t u n e p w z
n z r p i m
n a m w i
n z v z
t q p i p e m
v z t x
v z t x
t q a m r l z
t q p i p e m
t q p i p e m
t q r p w x m z
t q p i p e m
n a v z b z
n a v z b z
n a m w i
n z r p i m
n a m w i
t u n e p w z
n z r p i m
t u n e p w z
t q p i
t q n g i
n g r g r
v z x
t q m n c
t q m n c
t q m n c
t q m n c
t q m n c
t q m n c
t q m n c
t q m n c
n z m n c t x p w z
v z t x
n z v z
n z v z
n z v z
n a l i
