n a p i l v z t i
t q p i m e
t z y r n i n e t r p e b z n g
t u t i p x - n g r m
a b r t z t x p e k r
t q n g q p e l e n g
n g r l r m i m l e
t z v z p e
t q a m e i b z k r
n z v z k i l r
t r v z n e - k a k r
n z v z p x b z n g
t q v z b e
t q v z p e m
r m c t i p e k r
v z - n q b l q m
k x b q n g
t z r m c t i p e l r
n z v z - k z n g
t q v z p e m
t z v z - n g r
t q r p i b z l e
t q v z - n g r g r
n a r l a s z p e l r
t q m c p e x
t q t u l z
n a v z n g
t r t q w z p e u
n z a l v z t r p l r
n z v z
n z y a l z - k r g r
n z v z b z n g
t z v z k i n e d r
d w a t r k r
n z v z - z v z b z n g
t q r p i p e x
n z v z n e p e l r
m c p o
v z t r n g r
a n g c t i k r
t q v z p e - m o u k u
n z p l z p x - k r m a m u
t z p r t r p e - k z n g
y a n e - z v z k r
t q p i p e b z l e
t a g l c t x d e
r k a t r p q
t q v z p e
t q y r p l a t r n g r
n z y a p w x - k r d r
m n c t i t x p w z k r
t z v z p e
t q t u l z
n a v z m i b z l e
p r o t x k r
n z v z
n z v z - k z n g
v z t r l e
y a n e - z v z k r
k r k a ' - l e - b l r k u
t z v z - n g r
t z v z p e
v z - z v z x
n a y a g o x n g
t u n e p w z
t z v z p x p e b z n g
v z - z v z x
n z v z - k r b z k r
t z v z - n g r
t z - z p q t r n g
n z v z
t w z q
n a y a - p w z - t i p e x
n a r b o m p e n g
t q m n c
n z v z p x b z n g
y a p x - z v z k r
n z r p i - a n i - k r m l e
m w i t x k r
n z m c - k r n g e l e
n z m w i p e - k r n g e
t q v z p e - k z x
t r k r l z w x u
n z p r p x n g r
r l w x k r
t r k q o p q l e u
v z t x
n z p r p x - k r d r
t q v z p e b z
n a p i t x t r - m o p o
t q r k a l z p e m g r
n z m c k r
n z p n a n g
y r l q t x b o
t q n g r l r l z p e
n z m n c l z b z
r k a t r p q
t q p i p e b z l e
n z v z p e - k r d r
t z v z p x p e b z n g
n z v z - k z n g
a b r t z l v z k r
v z p x b z k r
v z m i o l e
t q r p n z ' p e b z
n a m n c n e - n g r g r
n a v z b z
t z n g r l r k i o p e l r
n z a b z l r
m c p o
n a y a - p w z - t i p e x
t q v z p e x
o b q p x k r
n z w z t i - k r b z l e
n z m c p x
r k a t r p q
t q t u l z
t q t u l z
t q t u p x m
n g r l r m i m l e
r p i - m o u p q l e
t q v z p e b z
l c d e p w z
t z r p i p e m
n z n u r d e
t q v z m i t r p e l e n g
d w a t x t r x
v o k r
t q v z t r p e k r
n e d r
m n c l v z r n g r
n z v z k a i - k r g r
t q v z p e m g r
n a m n c - k a p q n g r
t q v z p e m
n z t a v e t r
n z e t u p e - k r n g e
r p i l e
n z y a p w x - k r d r
m c l x
t z v z p x p e b z n g
p i p e b z
n z v z b z n g
n z v z p e n g
r p i o b z l e
t z v z p e - k a i n g
y a p x - z v z k r
n z k a t x p x - k r b z l e
v z - z v z x
t r t e n g e
t q v o t x - n g r p w z
t r t r k a - z l w z p w z u
t q v o t x - n g r p w z
m n c l v z r n g r
n z v z - k r b o
t z t w z n e d r
y r k r t x o
t z k r l z p e - a t e l r
o t i b z
n z v z p x n g
t q v z m i t r p e l e n g
n z v z - k r b z k r
n e d r n g
n a a g l q b z l r
n z p i - k r m l r
t z v z n e p e n g
t z l v c - a t e n g
n a m n c - k a p q n g r
n z m n c - l x b l r - k r g r
d r t w r g r
r p i o b z l e
n a a m i n g r - n g r g r
d w a t x t r x
r p i o l e
n a r p n z '
n z l z t r - n g r d e
n e g u n g
n a p i p x - l z b q n g
t z v z n e p e n g
n z m c p x
n a n g r l r t r k i
n z v z k i l r
n z v z p x b z n g
n z m n c l z b z
t q y r k r p e n g r
n z r k a t x n g r
t q t o p w z b e - n g r n e
n z v z n e p e l r
n z m c t x p w z
t q v z p x p e
n z r p i l r
n a a g l q p e k r
t q v z m i t r p e l e n g
m n c p w z k r
n z v z - k r m
n z m n c l z b z n g
n z p r p x k r
m w x l r t i - z l w z k r
t r k r l z t r p w z u
k x n z s i k l u
n z r p i m l r
t q v z m i t r p e b z l e
n z v z - z v z b z n g
m c p x m
t q v z p e m
n a p i t r - m o u p o
m c t x m
t q l x n g i t i - a t e x
m n c p e x
t z m n c - n g r d r
n z w z - k r n g e
x l r k r l e
t q a m i n g r - n g r g r
t z y a p x p e n g
v z m i o l e
t q v z p e m g r
n z v z p e n g
n z r k a t x n g r
t q a b r t z - z v z - n g r g r
e s z - k r d e
n z v z - k r m
n z m n c p e n g
n z r p i b z l r
v z p x b z k r
v z m i o l e
v z p e - k a i p
m c l x n g
l x e g r
n z v z - k r b z k r
t z m n c - n g r d r
t z y z l u p e - m o p w z n g
t q a m a p e
t q p i p e b z l e
t z r m c t i p e l r
v z m i m q
n a p i t r - m o u p o
m c t r k r
n z r m c t i l r
t q v z - n q b l q n e n e
n a - a m r l z t r - n g r b z l r
t r d o u
k r l z m l e
t q y a g o x p e
t q m z b l q p x m
n a y a - p w z - t i p e x
t q r m c t i p e k r
n a m w i
v z x
n z p n a t i - k r b z m u
n z v z - z v z b z n g
t q a l v c - l z b q - n g r g r
n z v z
v z m i m q
t q m c p e k r
n z w a i n e - n g r b z l r
n z v z p x b z n g
v z p e m
t z y c m n e - n g r p e m l r
n z x l r b z l r l e
t z m n c t x - a l o p e n g
v z t r l e
n a v z m i b z l e
o t i m
k x l r p r
t r v z n e - k a k r
t z t a v e l r
n z a y o n g r
n z k a t x - k r d e
t z r m c t i p e l r
n z v z n e p e l r
t z m a t q
m c l x
n z m c k r
t q e t u n e p x p e
n a v z m i b z l e
t q v z p e - k z x
n z m c t r
y z l u m c
n z r p i b z l r
a b r t z l v z k r
p i b z l e
n a k q t x o m
n a k a b o
a b r t z t x - n g r g r
n a v z b z
k r l z p e b z k r
t q o t i - a t e m
n a k a t x b z l e
d w a s x p x - k z p q g r
v z m i m q
t z v z p e
r g l q p x k r
t q v z p e - k z x
v z p e m
n z y o l x o m l r
o t i b z
a e l w a p x
v z t r l e
k x t o p w z
b o o n g r
y c m n e p e
t z v z - n g r
o s z b z l e
t q v z p e
v z t r l e
n z r p i m l r
t q y a p x p e b z
n z l x p l z t x
t q v z - e t r - n g r d e
t z v z o p e n g
v z m i m q
t q p i m e
m c l x n g
n z b z t i - l x b l r n g
d r l z d e
e s z ' n e
t q n g r l r p x p e m
n z y a - z v z n g
v z x
r m c t i - n g r g r l e
n z m n c p e n g
t q m c p e k r
v z p e m
n z w z t i - k r b z l e
m c l x n g
o t i m
v z m i o l e
n z k q o - k r m
t z l v a b e t r p e b z
r p i - m o u p q l e
n a m n c t x p o
v z t r l e
n a a g l q a m u
m c l z k r
y r l q t x - m o u x
n z v z n g
n z r m c t i l r
n z k r l z m l r
n z w z t i - k r b z l e
n z v z - z v z b z n g
n z r k a t x n g r
t r r l r - n g r p l e u
m c t x m
t z v z k i n e d r
t q r g l q t i k r
t q m n c - n g r d e
t z t w z o p e l r
n z t e k q t r n g r
m c t x m
t z v z p e - k a i n g
t q v z b o
t z v z p x p e b z n g
r m c t i l e
n g r l a p l x p x k r
n a v z m i b z l e
n z v z - k r n g e
n z v z p x b z n g
t z p n a t i b z l r
s c d e
m c l z k r
n z m c k r
n a k i l z b z l e
o s o p x b z k r
n z a t a k i
t q r y r - n g r n e
n a r y z k r - n g r g r
n z k a l z m l r
t z v z p e
m c l x
o b q t r p z
t z m w i - n g r d r
t q m z n r l x p e
n a v z - n q b l q l e
n a r t w z o b z
t r m n c k r u
t q v z - n g r g r
t q v z t r - m o p w z k r
n a m n c n e - n g r g r
n z p r p x n g r
t q p i b z
y r w i t x - k z l e
v z p e m
t q a l v c - l z b q - n g r g r
n z v z p x n g
k x p r k i
r p i l e
t q v z p e b z
t q n g r l r p x p e k r
k x p l c
n z r p i m
n z k r k a ' p x - k r m l r
t z v z p e - k a i n g
n a p i b z k u
n z v z k i o l r
n z v z p x n g
n z r p i b z
t q v z m i t r p e l e n g
v z k i m l e
n z v z p x n g
t q v z - n g r g r
t q v z p e - k z x
n z v z - z v z b z n g
n z m c p x
t q v z p e m g r
t z v z n e p e n g
t q a b r t z - z v z - n g r g r
n z v z k i l r
n z w z - k r g r
t q v z p e m
t q r p i p e x
t q v z m i t r p e b z l e
t z m c n g r
s c g r
n z v z - z v z b z n g
t a b c - z v z k r
t q t w z o p e
r p w a ' - n g r b z
r p i - m o u p q l e
t q v z p e - k z x
n z l x n g i t i - k r d r
m c p o
y r k r p x b z l e
o b q k i m c
d w a t r k r
n z a b r t r - k r b z k r
n z v z p e - k r d r
m c p x m
n a p i t r - m o u p o
n z d w a t r - k r g r
t z k u k i r p e l r
t q v z t r p e
n z r p i b z l r
t q p n z ' l e
t q v z d z p e - n g r m g r
n z m n c p e n g
n z m c o m l r
m c t x m
t q v z - n q b l q n e n e
t r n z p i - k r p o ' u
v z m i o l e
t z m n c - n g r d r
y r l q b z l e
n z y c m n e k r b z
n z r p i - a n i - k r m l e
n z m n c n g
n z v z d z m q n g
t q n g y a p e
t r v z n e - k a k r
l z o k r
r p i o b z l e
m n c p e x
v z p x b z k r
t q m n c - l x b l r p e k r
n z r p i m
n z l z t r - n g r d e
n z v z p x n g
n z y c m n e - k r d e
n z v z - n g r m l r
n z r p i - a n i - k r m l e
n z w a i n e - n g r b z l r
t q r p i p e b z l e
n z v z p x n g
n z s i k a p u - k r d e
m c p x m
t q w x l i k i t x p x
n z v z k i o l r
t q a c l v e x
t z m n c t x p e n g
t z v z p e
n z v z k i l r
t z y c m n e - n g r p e m l r
n a p i t r - m o u p o
n z r m n q t x n g
x l r b z l e
n a m n c - k a p q l z - n g r m a m u
s e k a e n t x k r
t r k r l z w x u
t r n z m n e t i u
t q v z p e m g r
t q a m a o p e
t q m n c
n a a g l q p e k r
m c l z k r
n a b z t r k i
n z t u n g r
v z t r n g r
n z v z b z n g
k x n z t o p w z
n z r m c t i - k r d r
t q o l v x t i - a t e l e
m n c t i k r
t q m w i - n g r g r
n z m n c l z b z n g
t q a w i p e b z k r
v z t r l e
m r b r t x
t w z x
t q o t i m l e
t q v e a p e b z
r k a l z m q g r
n z v z n e p e l r
t z v z p x p e b z n g
n z v z - k r m
t r v z n e - k a k r
n z n g i - k r d r
m r l x m q
n e n g e
t q v z p e b z
n a m n c n e - n g r g r
n z v z - k r b o
v z p e m
t q v z p e x
v z m i m q
t z v z o p e n g
n z v z - z v z b z n g
n z v z - k r b o
n z - z p q t r - k r d r
m n c l v z r n g r
t z v z p x p e b z n g
n z v z - k r n g e
w z t r p o
t q r p i b z l e
r m c t i - n g r g r l e
r m c t i p e k r
r m c t i l e
n z r p i b z
t z v z p e - k a i n g
n a n g r l r t r k i
t q r m c t i p e k r
n a v z b z
y c - n r b a l q
t q m c p e l e
a t u l z n g r
t z r l x n g i t i n g
d w a t x t r x
t q p i m e
t q n g r l r p x p e k r
t q m z n r p e
t q v z m i t r p e l e n g
t q p i m e
n z v z p e - k r d r
t q n g r l r p x p e m
a c l v e l e
t q a s u l e
m z n r y a g w e n g r l c
t q w z t i p e l e
m c l x n g
t z y c m n e t r p e - n g r d r
t q v z - n q b l q n e n e
t r v z n e - k a k r
n z v z k a i - k r g r
n z e t u p e - k r n g e
t q m c p e x
p n z ' t x d e
t q m n c - l x b l r p e k r
t z m n c t x - a l o p e n g
t z r m c t i p e l r
x l r k r
n z r p i - a n i - k r m l e
t r m c p e l e u
n z v z k a i - k r g r
t r v z n e - k a k r
t r k r l z w x u
t z v z o p e n g
n a v z k r
n z v z
n z m n c l z b z
t q v z t r - m o p w z k r
t z m n c - n g r d r
n z l z t i n g
n z m c t x p w z
t q v z t r - m o p w z k r
m w x l r - n g r g r
t r n z k q l u - k r p e p w q g r u
n z p n a n g
n a l i
n a m r l z
n z v z - k r m
t u t x l z m
t r t z r p n a p e u
t q a s u p e b z
n a v z n g
n a v z m i b z l e
o t i b z l e
t q a s u p e
d w a t x t r x
n a y a g o x n g
n z v z p x n g
y c - n r b a l q
t z l z t r
n z v z - k r m
n z r p i m l r
n a v z b z
n a d w a p e k r
t q p i b z
n z m c p x
n z v z - k r b z k r
m r l x m
n a v z m i b z l e
v z - z v z x
n z v z b z n g
n z r p i l r
t q p i b z
t q m n c - n g r d e
n z v z p e n g
t q v z m i t r p e l e n g
t z v z p e
t q v z m i t r p e b z l e
m n c t x d e
m n c p e x
m n c p e x
n a v z b z k r
m e n g a b q
n z w z - k r g r
n z v z p e n g
t q v z t r - m o p w z k r
t z r l x t i m l r
n z a t u p x - n g r m
t u t i p x - n g r m
t q y a p x p e k r
n z g l q o l r
o t i l e
k r l z p e b z k r
t q p i b z
t z r m c t i p e l r
n z v z - k r d r
n z r k a t x n g r
a b r t z t x - n g r d e
t q m n c - l x b l r p e k r
v z m i o l e
y z l u m l e
n z v z - k r b o
t r n z p i - k r p o ' u
n z m n c p w z n g
v o m l e
y r k r b z k r
d w a s x p x - k z p q g r
n z v z k i o l r
t q r p i b z l e
n a v z n g
n z v z - k r n g e
t u p x m
m c p o
m w i t x k r
n z k a l z m l r
t q v z - n g r g r
v z - z v z x
t q p i p e b z l e
n z v z n e p e l r
t r n z p i - k r p o ' u
m z l w e d e n g
v z p x b z k r
n z n g i k r
n z w z k r
n z v z - k r m
t q p i p e m
t q t u p x m
v z t r l e
t q m n c - n g r g r
t q m c p e l e
t w z t x p o
k x t o p w z n e
t q r p i p e x
r p i b z l e
t q r p i b z l e
n z y r l q b z
n z m c t x p w z
t q m r l z - n g r d e
n a r l x t r p z k r
t q v z n e - z v z k r
t u p x m
t a p l x s r g r
n z a t u p x - n g r m
t q v z p e x
t q m e i p x
t r n z m n c p e u
n z v z p e - k r d r
n a y r k r t x
n z m n c l z b z n g
n a k a m l e
n z m c k r
t z r m c t i p e l r
n z t a v e t r l r
v z t r n g r
t q v z - n q b l q n e n e
a b r t z l v z k r
n z v z p x n g
n a o b q - k a p q p x
v z t r l e
m z l i   k c
t z r m c t i p e l r
n z v z p x n g
n z a b r t z k r
t r n a k r l z p q l e u
k x n g r l x o b z l e
t q p i p e b z l e
v z p e m
l v c - a l z u p q
t q v z p e - k z x
t q x p l r
t q v z p e m g r
t r - r m n q u
t q m n c - n g r d e
t z v z - n g r
n a v z m i b z l e
t q a s u l e
t z r m c t i p e l r
n z v z k a i - k r g r
t z r t w z t i p e - k z n g
n z y a g o x - k r d e
n z m c k r
v z t r n g r
n z m n c l z b z n g
t z y c m n e t r p e - n g r d r
k i l z n e d e
n z v z - k r b z k r
t q p i b z k r
n z r p i b z
m n c - m i p e - a m u
t q p i b z k r
l v c - a l z u p q
t q v z m i t r p e l e n g
y r n i t x
t q v z p e m
v z t x p e - n g r d e
d w a l z m g r
n z x l r m l r
v z p x b z k r
n z m n c p e n g
y r k r p x b z l e
t q d c
v z t x
p i b z l e
n z a b r t z n g r
n a v z m i b z l e
n z v z - k r b z k r
t r n z p i - k r p o ' u
t z t a v e t r p e l r
n z m c p e - k z p z
d w a t r k r
k x t o p w z
t q m c p e x
t z v z p e n g
t q y a p x p e b z
n a p i t x t r - m o p o
t z v z k i n e d r
y a g o x t x
m w i t x
m c p x m
d w a s x p x - k z p q g r
v z m
n z r m c t i l r
t q v z p x p e
t z v z - n g r
k x m r n a
t z v z k i n e d r
p r o t x k r
v z p e m
n z m c k r
v z m i m q
t q v z p e m
p i b z l e
v z t r n g r
n a y c t i p x m
v z x
n z v z b z n g
t z v z p e
n z d w a t r - k r d e
a w i t x p e
t q v z p e x
e t u n e p x
t z v z p e
d w a t r k r
n z a b r t z k r
m n c t i k r
w z t r p o
t q b z p e
n z v z - k r m
n z l v c n e - k r d r
t q m n c - k a p q n g r
n a v z n g
t q v z p e m
n z y c m n e - k r b o
y a p x - z v z k r
n z m u - k r g r
t z l v c l z p e - n g r d r
v o m l e
m c l x
t r t q w z p e u
y c m n e p e
m n c - m i p e - a m u
t q m n c
t z r m c t i p e l r
n z r p i b z
n z v z
n a v z n g
v z p e m
t q v z p e
t z v z p x p e b z n g
m c p x m
t w z t r k r
v z t x
t q y a p w x t i p e m l e
r m c t i l e
t z v z p e - k a i n g
t q t u n e p w z
t z y z l u p e - m o p w z n g
v z t r n g r
n z i k l a p w z
n a y a - p w z - t i p e x
t q p n z ' b q p e l e
n z p i l z l r
r m c t i l e
t q p n z ' l e
n z v z p x b z n g
t q v z m i t r p e b z l e
n z v z n e p e l r
t q v z p x p e
t q v z p e - k z x
n z v z
n z y c m n e - k r d e
t r n z p i - k r p o ' u
t z r m c t i p e l r
t z v z - n g r
t q r p i b z l e
t q p i p e b z l e
p r t r p o
t q m c p e x
n z m n c k r
v z m i o l e
v z p x b z k r
t q p n z ' p e l e
t q m e i p x
t q b r l x - k z p e
t q e t u n e p x p e
r m c t i - n g r g r l e
t z v z n e p e n g
t u p x m
n z v z k i l r
n z v z k a i - k r g r
n z v z - k r m
n z r p w a ' - n g r b z l r
t q v z p e - k z x
t q o t i p e b z l e
n z b o m - k r d e
t q p i p e b z l e
m c l z k r
m n c l z - n g r m
y a p x - z v z k r
d w a l z m g r
v z x
m c l x n g
n z v z - z v z b z n g
t q r p i b z l e
t q n g r l r l z p e
v z t r n g r
n z p n a t i l r
n a r l x t i t x - p w z k r
n z v z - n g r m l r
t q w z t i p e l e
t q v z m i t r p e b z l e
t z t a v e t r l r
v z t r n g r
t q v z m i t r p e b z l e
t q v z p e m
t q m w i t x p e
t q t u p x m
t q v z p e m g r
n z v z p x b z n g
k c m a
t q m n c p e k r
v z k i m l e
t u t x l z m
n z t u n g r
n z r l z - k r b z l e
n z p i p x k r
n z a p r e s i n - n g r
n z v z - k r b z k r
t q v z t r - m o p w z k r
t r p i p e ' u
t q p i b z
n z k u k i n g
n z t u - z v z - k r d e
n z a b r t z n g r
m z l e d e n g
n z v z
n z v z
m c p z k r
n z d w a o n g r
n z v z - k r b z
m n q t i p e l e
n z w z - k r n g e
d w a t r k r
n a v z b z
n z v z p e - k r d r
n z v z k i o l r
n z r p i l r
t q r y r n g e
t z a m c t i - n g r d e
n z l x n g i t i - k r d e
t q v z o p e k i
d w a l z m g r
d r l z d r n g
m c l z k r
n z m n c l z b z n g
n z v z - z v z b z n g
t q v z p e b z
v z p e m
n z a l v z t r n g
n z g l q o l r
t q r g l q t i k r
n z y r l q
m n c p e x
n z v z - k r b z k r
n z r p i b z
m c p o
n z n g i - k r d r
m w i t x
x l r k r
k r l z b z l e
t z r m c t i p e l r
m c l z k r
n a k a b z
n z v z p x n g
n a v z m i b z l e
n a a g l q b z l r
t z k r l z p e
t q m c p e x
r p i o b z l e
a e l w a p x
t q v z p x p e
n z k r l z t i
n z t u - z v z - k r d e
t z n g r l r k i o p e l r
n z r p i m l r
t q m c - a t e k r
n z p n z ' p e m
n z v z b z n g
n a v z n g
n z v z p e - k r d r
t q m n c
m c t r k r
t q v z o p e k r
n z v z - k z n g
t q v z t r - m o p w z k r
n z v z - k r m
t q p i m e
x l r k r l e
n a m c t r
y r l q t x - m o u x
t q v o t x - n g r p w z
v z m i m q
y r p l a b r t q p e
n g r l r m i m l e
n z r m c t i l r
t r t e d e
x l r k r l e
v z m i o l e
l o l v z o a m u
t q v z p e m
t z v z k i n e d r
p i b z l e
t q m r t u - n g r d e
n z r m c t i l r
t q v z - n q b l q n e n e
m c l x
y r l z t i l e
t q o l v x t i p e l e
t q v z t r - m o p w z k r
n a v z n g
t q y r k r p x k r
w a i p n z ' l e
t q m r l z p e
t z v z p x p e b z n g
n a l i
n z l v c n e n g
t q y r n i p e x
n z y a p w x - k r d r
n a v z b z
t q v z - n g r g r
y c t r p e n g r
n z v z k a i - k r g r
v z k i m l e
n z n g q t i t x p w z
n z m n c - k r d r
n z v z n e p e l r
n z v z - k z n g
n z k r l z t r p z
t q a c l v e b o
n z r m c t i l r
n a p i l v z t i
d w a - r b r l z - n g r m q g r
n z v z - k r m
n z r p n a n e o p e - k r m l r
t q v z m i t r p e l e n g
n a k a b z k r
n z r b o m k r
o b q b z k r
v z t r l e
m z l e d e
