n z r p i l z n g r
n z a b r t z k r
r p i l e
v z p e m
v z - n q b l q m
v z m i m q
v z m i m q
v z t x
r m c t i l e
t q v z p e m g r
n z v z - n g r m l r
n a p i t r - m o u p o
p z t i t x k r
m c l z k r
v z t r l e
t r p i p e ' u
o t i m
t q v z o k r
t r v z n e - k a k r
t q v z p e - k z x
t q v z b o
o b q p x k r
v z - z v z x
m c l x
n z v z - z v z b z n g
m n c t x d e
t q l i p e
n a p i t x t r - m o p o
v e x
t q v o b e
d w a s x p x - k z p q g r
m c l z k r
v z k i m l e
n z v z - k r n g e
n a m n c n e - n g r g r
r t a n g r t i b z
v o t r p z k r
n a a g l q p e k r
n z m n c n g r
o b q o b z
n z v z p e - k r d r
v z m i o l e
n z a t r k a t i
t r t q k a p e p w q l e
t z y c m n e t r p e - n g r d r
x l r k r l e
n z y c m n e
n e m u n g
n z v z - n g r m l r
t q o t i m l e
r m c t i - n g r g r l e
t q p i p e m
n z v z b z n g
n z a t u p x - n g r m
n a a m i n g r - n g r g r
n a r l r - n g r m e
n z m n c p e n g
t q v z k i p x k r
n z r m c t i l r
m n c l z - n g r m
v z k i m l e
n z v z - k z n g
v z t r l e
m w x l r t x - z l w z k r
m a k x t x b z l e
n z m c t x p w z
n z v z n e p e l r
n a r l z
n z r p i - a n i - k r m l e
w x b u p x - n g r m
l x l v r k i m l e
v z k i m l e
n a v z b z
t q w a i
t q v z p x p e
n z v z k i l r
n z v z p e n g
a w i t x - n g r b z k r
n z v z k i l r
t q v z - n g r g r
k c m a n g
n z v z b z n g
n z v z - z v z b z n g
n z y r l q
v z t r l e
n z v z p e n g
t z v z - n g r
y c m n e p e
t q p i b z
n a v z n g
d w a l z m g r
n z v z - k r b o
t r v z u
d w a s x p x - k z p q g r
t z v z - n g r
n z p r l x l r
t r v z n e - k a k r
r n g i - b a t r p q
v z t x
t q a m r l z
t q v z p e b z
n z r n i b q - k r d r
n z v z p e - k r d r
m e n g a b q
t q v z p e m g r
m w x l r t x - z l w z k r
n z v z - k r n g e
m c l x n g
n z v z p e n g
t q v z p e - k z x
k i l z n e d e
m q n g r m
v z x
r l r - n g r m e
t z m w i p x - n g r m
t r n g i u
n a v z - m i p e x
a m i n g r p e k r
t z v z p e - k a i n g
n a v z m i b z l e
t q m w i t x p e
t q s i k l u b e - n g r n e
v z t x
n z v z - k r m
n z v z k i l r
t q p i b z k r
r k a l z m
t q v z p e b z
t q v z m i t r p e b z l e
t q a y r n i p e
t q n g i
e l a
n z d w a o n g r
n z v z p x n g
t q t r k a
t q v z d z k r
v z t r n g r
t q v z p e b z
t q r p n a - n g r m
v z p e m
m n c - e p e l z l e
n z v z k i o l r
n e d e
t u t x l z m
n z o - k r m
k x n z y q n g
m c l x n g
t z y c m n e - n g r p e m l r
t r t e n g e
n z r p i l r
n z r p i b z l r
n a t r k a - z l w z l e
m c l x n g
n z w z k r
r k a t r p q
n z v z - k r b z k r
n z v z b z n g
t r - r m n q u
t q y a p w x t i p e m l e
p l a m e i t x d e
m z ~ n i b r d r
d w a s x p x - k z p q g r
t q m c p e x
v z t r n g r
n i b q t i
n a v z n g
n z p i - k r m l r
n z l x n g i t i - k r d e
n z v z - k z n g
t q v z p e b z
t q t u n e p w z
n a v z m i b z l e
n z v z k i o l r
n z a t u p x - n g r m
t q v z - n q b l q n e n e
m c l x n g
y c m n e p e
n z d w a t r - k r d e
t q r w z s o
n z r p i - a n i - k r m l e
n a v z n g
n z v z k a i - k r g r
r m c t i l e
t z v z k i n e d r
n a p i t x t r - m o p o
n z v z k i o l r
t q v z p e m g r
n a m n c n e - n g r g r
n z v z p e - k r d r
n z v z - k r n g e
p i p x - l z b q
x l r m l e
n z m w x l r t i - l z b q n g
t q r m c t i p e k r
n z v z p e n g
n z v z k i o l r
t q v z - n q b l q n e n e
m n c l z - n g r m
t r - r m n q u
t q v z t x
a o l v z b z
n z v z - k r n g e
x l r b z
t q m u - n g r b e
m c p z k r
n z a n g i o - t x p w z l r
t q m w i - n g r g r
t q r p i p e x
t z m n c - n g r d r
t q n g r l r l z p e
t z v z p x p e b z n g
k r l z m g r
n a m n c t x p o
m n c p e x
n z v z n e p e l r
n g q t i p e l e
n z v z b z n g
t z v z k i n e d r
v z - z v z x
n z v z - k r n g e
t q v z t r - m o p w z k r
n z r m c t i n e d r
x l r k r
n z v z b z n g
r m c t i l e
m c l z k r
n a v z b z
t z m r g e n g
n a m n c - k a p q n g r
n z v z - k z n g
t q v z b o
t z x l r o p e l r
m n c - m i p e - a m u
t q t r k a p e m
n z w z - k r n g e
t q r p i - n g r n
n z r p i m l r
n z y c m n e - k r b o
n z b z t i - l x b l r n g
m n c t i k r
t z y a p x p e n g
v z p x b z k r
d w a - r b r l z - n g r m q g r
t q v z p e
n z v z n e p e l r
k x n z t o p w z
n z x l r b z l r l e
m e i t x t a t x p x
t q m c p e x
t q v z p e x
n z l v c p e n g
n a a g l q p e k r
t q m c p e k r
t q m c p e l e
m z l e d e
t z r t w z - k z n g
t q m n c - l x b l r p e k r
n z e t u p e - k r n g e
t q v z - n g r g r
n z b z s z n g
t q n g r l r p x p e m
a b r t z l v z k r
t q y r n i p e x
v z t r n g r
v z t r n g r
t q v z p e b z k r
t q v z p x p e
t q y r k r p e
t q v z p x p e
t z v z p x p e b z n g
n z k r k a ' - k r g r
t q v z - n g r g r
t z v z p x p e b z n g
t z v z p x p e b z n g
t q v z - n g r g r
n z r p i l z - k r d r
v z t r n g r
t q v z - n g r g r
y r n i - e b i r p e n g
t q v z - n g r g r
t q v z p x p e
m n c l v z r n g r
d w a t r k r
n z r m c t i l r
t q v z - n g r g r
t u l z m c
n z v z n g r
t q v z - n g r g r
t q t u p x m
n z r m c t i l r
t q v z - n g r g r
t q m u - n g r g r
n z m n c - k r n g e
a b r t z l v z k r
t q v z p x p e
t q v z - n g r g r
t q r p i p e x
t q v z - n g r g r
t r n a n i b q l e u
t q p i p e b z l e
t q v z - n g r g r
t z v z p x p e b z n g
n z v z k i l r
t q v z - n g r g r
n z v z k i l r
t q m c p e k r
t z y c m n e - n g r p e m l r
d w a l z m g r
t q v z p x p e
n a m n c t x p o
v z t r n g r
t q p n z ' p e l e
t z v z p x p e b z n g
t q m n c
t q v z - n g r g r
n a m n c t x p o
n z k r l z m l r
d w a l z m g r
n z v z n e p e l r
t q m c p e k r
v o m l e
t q v z - n g r g r
r g l q p x k r
n z a o l v z b z l r
n z m c k r
v z t r n g r
n z r p i m l r
t q p i m e
t q v z p e m g r
t q v z p e m g r
n z m c t r
r g l q p x k r
n z a b r t z n g r
t q m n c
n z m c k r
t q v z p x p e
n z v z k i l r
r m c t i l e
n a p i t x t r - m o p o
n a m n c n e - n g r g r
n a m n c - k a p q n g r
v z t r n g r
t q v z p e m g r
v z t r n g r
n z v z
n z v z k i l r
t u t i p x - n g r m
m r b r t i t r p e
n z v z
n z v z k i l r
t q v z p e m g r
t q a y r n i p e
t q v z p e m g r
n z v z k i l r
v z t r n g r
n z v z k a i - k r g r
n z v z k i o l r
n z v z - k r b o
t q v z p e m
t z y c m n e - n g r p e m l r
t q v z p e m g r
n z v z
n z v z
v z t r n g r
n z v z k i l r
n z m c t r
n z v z k i l r
n z v z k i l r
t q m n c p e k r
t q v z p e m g r
n a p i t x t r - m o p o
t q r m c t i p e k r
n z v z
v z t r n g r
n z v z k i o l r
n z v z
v z t r n g r
n z v z k i l r
t q v z p e m g r
n z a b r t z n g r
t q m n c - n g r d e
n z v z
t z r k a l z p e m
n z v z k i l r
n z v z k i o l r
o t i m
n a p i t x t r - m o p o
n z v z - k r b o
n z v z k i l r
n z v z - k r b z k r
t q v z p x p e
n z p n a k i p x l r
n z v z k i o l r
v z x
n a v z n g
n z a l v z t r n g
n z v z - k r b z k r
n z v z - k r b z k r
n z v z k i o l r
v z x
t q m n c - n g r d e
n a v z n g
t q v z p e
k x e s z '
n z v z k a i - k r g r
n z v z k a i - k r g r
t q r p i p e x
n z v z k a i - k r g r
v z x
n z d w a t r - m o u - k r g r
n z a b r t z k r
n z v z k i o l r
n z v z - k r b z k r
n z v z k i o l r
n a v z n g
n z v z k i o l r
n z r p i l r
v z x
n z v z k i o l r
n g r d r
r m c t i l e
n z v z
n z a b r t z n g r
n z a b r t z l v z l r
r p i - m o u p q l e
n z t a v e t r
n z v z k i o l r
v z x
n a v z n g
n z v z - k r b z k r
n z r p i - a n i - k r m l e
n z m c p x
t q v z p x p e
v z x
t z v z - n g r
n z v z k a i - k r g r
n z v z p e n g
n z v z - k r b z k r
t q v z p e m
t q v z p e b z
t q p i p e b z l e
t q m c p e x
t z v z p e
n z r p i m l r
n z v z - k r b z k r
v z x
v z x
n z v z n e p e l r
n z v z - k r b z k r
v z x
t q v z p e m
n z v z - k r b z k r
n a v z n g
v z x
n z m c t x p w z
r p i o b z l e
r p i o b z l e
n z r p i l r
n z v z p e n g
t q v z p e
n z v z p e n g
n z v z - k r b z k r
y r l q t x - m o u x
t q v z p e
n z v z - k r b z k r
n z v z p e n g
t z v z p e
t q v z p e
n z v z k a i - k r g r
n a v z n g
n z v z - k r b z k r
t q m n c - n g r d e
t z v z p e
t z v z p e
n z v z p e n g
n z v z - k r b o
t z v z p e
d w a t x t r x
n z v z n e p e l r
t q v z t r p e
v z x
t q v z p e
n z v z
n z v z p e n g
t q v z p e m
n z v z k i o l r
t q v z p e m
t q r g l q t i k r
t q v z p e m
n z v z n e p e l r
n z v z n e p e l r
t q v z p e m
n z v z p e n g
r p i - m o u p q l e
t q v z p e
n z v z - n g r m l r
t q m n c - n g r d e
v z t r n g r
t q v z p e m
t q v z p e m
v z x
n z r p i l r
n z v z p e n g
m c l z k r
n z v z n e p e l r
n z v z p e n g
m c t r k r
t q v z p e m
v z x
n a v z n g
t q v z p e m
n z r p i b z l r
t z v z p e
n z v z p e - k r d r
n z v z - k r b o
t q v z p e m
n z m c p x
n a p i t x t r - m o p o
n z v z n e p e l r
n z r p i l r
n z v z - k r b o
t z m w i - n g r d r
n a v z n g
t q v z p e m
t q v z p e m
n z v z p e n g
r m c t i - n g r g r l e
m c l x
n z m c p x
t q v z p e
n z v z - n g r m l r
v z x
t q y r n i t x p e
t q v z p e m
n z v z p e n g
t z v z p e
t q v z p e b z
n z r p i m l r
t z v z - n g r
n z r p i m l r
n z v z - k r b o
n z v z p e n g
t z v z p x p e b z n g
n a k r k a ' - z v z k u
n z v z p e n g
n z p n a k i p x - m o u l r
n z m c p x
n a m w i
n z v z - n g r m l r
t q v z p e b z
t z m n c - n g r d r
t z v z - n g r
n z v z n e p e l r
n z v z p e - k r d r
n z m c p x
v z x
t z v z - n g r
t q v z p e m
n z e t u p e - k r n g e
n a v z n g
n z r p i m
t q m n c - n g r d e
n z v z p e - k r d r
n z v z - k r b o
y r l q t x - m o u x
n z v z p e - k r d r
t q v z p e b z
n z v z - k r b o
n z v z - n g r m l r
n z v z p e - k r d r
n z v z p e - k r d r
t z v z - n g r
n z v z - n g r m l r
t q y r p u t i p x n g r
m n c p e x
t q m c p e k r
t q r m c t i p e k r
t z v z - n g r
n z v z - k r m
n a p i t x t r - m o p o
n a v z n g
t z v z - n g r
n z v z p e - k r d r
t z v z - n g r
t z v z - n g r
v z p e m
n z v z p e - k r d r
t z v z - n g r
t q v z b o
n z v z - z v z b z n g
t q m c p e l e
n z v z - k r m
n z v z n e p e l r
v z p e m
t z v z o p e n g
v z p e m
n z v z p e - k r d r
n z v z - z v z b z n g
n z v z p e - k r d r
n z v z p e - k r d r
t z v z o p e n g
t z v z - n g r
t z v z - n g r
v z p e m
n z v z p e - k r d r
n z v z p e - k r d r
t q r m c t i p e k r
n z m n c p e n g
n z v z - z v z b z n g
t z v z o p e n g
n z v z - k z n g
n z v z - z v z b z n g
t q t u n e p w z
t q m c p e l e
m n c l z - n g r m
n z v z - k r m
v z p e m
m c l x
v z p e m
v z p e m
t z v z - n g r
t q t u p x m
m c t x m
v z p e m
n z v z n e p e l r
n z r p i m
r m c t i l e
t q v z b o
t z v z o p e n g
n z v z - k r m
n z v z - k z n g
t z r p i p e l r
v z p e m
m c t r k r
y r l q t x - m o u x
n z v z - k r n g e
r m c t i l e
t z v z o p e n g
n z v z - k r n g e
n z v z - k r m
n z v z - k r m
n z r p i m
n z v z - k r m
t z v z o p e n g
v z p e m
t q m c p e x
n z v z - k r n g e
n z v z - k r m
n z v z - z v z b z n g
n z y c m n e - k r b o
n z v z - k r n g e
n z m n c p e n g
n z v z - k r m
n z v z - k r m
n z v z - k r n g e
n z a t u p x - n g r m
t q v z b o
n z v z - k z n g
n z v z - k r n g e
t q l x n g i t i - a t e x
t z v z o p e n g
n z v z - z v z b z n g
m c t r k r
t z v z o p e n g
n z v z - k r m
t q m c p e l e
t z k u k i - n g r d r
t q p n z ' p e l e
m n c t i k r
v z p e m
n z v z - z v z b z n g
n z v z - k r m
n z v z - z v z b z n g
n z v z - k r n g e
t z v z o p e n g
n z r p i - a n i - k r m l e
m c t x m
t q v z b o
t z v z o p e n g
t q p i p e m
t q v z b o
t z m w i - n g r d r
n z v z - k r m
n z v z - k z n g
n z v z - k r n g e
n z v z - k r n g e
m c l x
r p i o b z l e
n z v z - k r m
m c t r k r
n z m n c l z b z n g
v z k i m l e
t q p i p e b z l e
n z v z b z n g
v z t x
v z t x
t q v z b o
t q v z b o
t z v z k i n e d r
v z t x
t q v z b o
n z v z - k z n g
v z t x
v z t x
n z t u n g r
m c l x
n z v z - k z n g
n z v z - k z n g
t q t u n e p w z
r m c t i l e
s c d r
m c l x
n z v z p x n g
v z k i m l e
n z r p i b z
v z t x
v z k i m l e
n a y a p w x t i b o
t z v z k i n e d r
t z v z k i n e d r
v z t x
n z v z b z n g
n z v z b z n g
n z d w a t r - k r g r
t q v z b o
t z v z k i n e d r
t r n z p i - k r p o ' u
n z m n c l z b z n g
t q v z t r - m o p w z k r
t z r m c t i p e l r
m c t x m
t z k u k i - n g r d r
t z r m c t i p e l r
n z v z p x n g
m n c - e p e l z l e
n z v z - k z n g
m c t x m
t z v z p e - k a i n g
t z v z k i n e d r
n z v z p x n g
t q v z m i t r p e l e n g
v z t x
t q m w i p e k r
v z k i m l e
v z k i m l e
m c t x m
t z v z k i n e d r
t u n e p w z
n z v z b z n g
v z k i m l e
x l r b z l e
n z v z b z n g
v z k i m l e
v z k i m l e
t z v z k i n e d r
n z v z b z n g
t q v z t r - m o p w z k r
t z v o p e
t q v z b o
n z v z p x n g
n z v z p x n g
v z k i m l e
t q v z m i t r p e b z l e
t q m w a p e
t q v z t r - m o p w z k r
t q v z m i t r p e l e n g
t q v z m i t r p e b z l e
t q v z m i t r p e b z l e
n z v z b z n g
v z k i m l e
n z v z p x n g
t z v z p e - k a i n g
d w a t x t r x
n z v z b z n g
v z p x b z k r
t r n z p i - k r p o ' u
t q v z m i t r p e b z l e
v z t x
t q m c p e l e
v z p x b z k r
n z v z p x n g
v z k i m l e
m c l z k r
n z v z p x b z n g
n z v z p x n g
t q v z t r - m o p w z k r
t q v z m i t r p e b z l e
t q v z m i t r p e l e n g
v z t x
t z v z p e - k a i n g
t q p i m e
t q v z m i t r p e l e n g
n z v z p x n g
n z v z p x n g
t q v z m i t r p e l e n g
t q v z m i t r p e b z l e
n z v z b z n g
v z p x b z k r
t q v z t r - m o p w z k r
d w a t x t r x
t q v z m i t r p e l e n g
t q v z m i t r p e l e n g
v z p x b z k r
v z k i m l e
m c t r k r
v z p x b z k r
t q v z m i t r p e l e n g
t q v z t r - m o p w z k r
n z v z p x n g
n z v z b z n g
v z p x b z k r
t q v z m i t r p e l e n g
v z p x b z k r
v z p x b z k r
m c t r k r
t q v z m i t r p e b z l e
y r n i t x
t q v z m i t r p e l e n g
n z v z p x b z n g
t q p i m e
t q v z t r - m o p w z k r
v z k i m l e
n z v z p x b z n g
t u t x l z m
m n c p e x
t q v z m i t r p e b z l e
n z v z p x b z n g
r m c t i l e
t z v z p e - k a i n g
t q a s u l e
t q v z m i t r p e b z l e
t q v z m i t r p e b z l e
m n c - e p e l z l e
v z k i m l e
t q p i m e
r m c t i p e k r
t q p i p e m
t z v z p e - k a i n g
t q v z m i t r p e b z l e
t z v z p e - k a i n g
m n c p e x
m c t x m
t q p i p e m
t z v z p e - k a i n g
t q v z - n q b l q n e n e
t q v z t r - m o p w z k r
v z - z v z x
t z v z p e - k a i n g
t z v z p e - k a i n g
t q v z m i t r p e b z l e
t q p i m e
v z k i m l e
t z v z p e - k a i n g
n z v z p x b z n g
n z v z p x b z n g
m c p x m
t z v z p e - k a i n g
v z p x b z k r
v z - z v z x
t z v z p e - k a i n g
n a d w a p e k r
m c l z k r
n z v z p x b z n g
t z r m c t i p e l r
v z - z v z x
n z v z p x b z n g
n z v z p x b z n g
t r v z n e - k a k r
v z - z v z x
m c t x m
n a v z b z
n a p i b z k u
v z - z v z x
n a p i b z k u
t z v z n e p e n g
x l r m l e
t z k u k i n g
n a p i b z k u
n a v z b z
v z - z v z x
n g r l r m i m l e
r m c t i l e
n a d w a p e k r
r y a p w x - z v z k r
t r n z p i - k r p o ' u
t z v z n e p e n g
r p i l e
t q v z - n q b l q n e n e
t q w z t i p e l e
n a v z b z
r p i l e
t z v z n e p e n g
n a p i b z k u
t z v z n e p e n g
t r n z p i - k r p o ' u
t z v z n e p e n g
t z v z n e p e n g
t z v z n e p e n g
t z v z n e p e n g
d w a t r k r
t z v z n e p e n g
t z v z n e p e n g
r y a p w x - z v z k r
n a v z b z
t z v z n e p e n g
v z m i m q
t q p i b z
n z r p i b z
t r n z p i - k r p o ' u
t z v z n e p e n g
t z v z n e p e n g
t q v z - n q b l q n e n e
n a v z b z
t z v z n e p e n g
t r v z n e - k a k r
t r v z n e - k a k r
t q v z - n q b l q n e n e
d w a t x t r x
t r v z n e - k a k r
v z m i m q
v z m i o l e
v z m i m q
n a v z b z
p i b z l e
t r v z n e - k a k r
v z m i m q
m c p x m
v z m i o l e
t u p x m
t r v z n e - k a k r
n a v z b z
t r v z n e - k a k r
t r v z n e - k a k r
n g r g r
v z m i m q
v z m i o l e
t r v z n e - k a k r
m c l x n g
v z m i m q
n a v z m i b z l e
t q v z - n q b l q n e n e
m c l x n g
n a v z m i b z l e
m c p x m
v z m i o l e
m c l x n g
n a v z m i b z l e
m c l x n g
t q v z - n q b l q n e n e
t r v z n e - k a k r
v z m i o l e
v z m i m q
t q v z - n q b l q n e n e
m c p o
t r v z n e - k a k r
m c p x m
m c l x n g
r p i l e
v z m i m q
t r v z n e - k a k r
v z m i m q
n a v z m i b z l e
n a v z m i b z l e
n a v z m i b z l e
n a v z m i b z l e
t q a s u p e
t z m n c t x - a l o p e n g
t z m n c t x - a l o p e n g
t q v z - n q b l q n e n e
d r l z d e
v z t r l e
n a p i t r - m o u p o
n a v z m i b z l e
m c p x m
n a v z m i b z l e
n a v z m i b z l e
v z t r l e
v z m i m q
v z t r l e
n a v z m i b z l e
v z t r l e
v z t r l e
m c p o
n a p i t r - m o u p o
t q p i b z
d w a t r k r
m c p o
v z t r l e
m c p o
v z t r l e
v z t r l e
p i b z l e
v z t r l e
m c p o
p i b z l e
t u p x m
p i b z l e
n a p i t r - m o u p o
n a p i t r - m o u p o
t u p x m
