n a y a p w x t i b o
n z v z - k r n g e
k a l z m l e
t r t a k i t r u
n z t u n g r
v z p x b z k r
t q m c p e l e
n z m c t x p w z
m n c - e p e l z l e
t r v z n e - k a k r
m w i t x
r l a s z k r
n z v z p x n g
n z m c p x b z l r
n z v z p x b z n g
v z m i m q
n z v z - k r m
t z v z p x p e b z n g
t z m u p e - n g r d r
n z m u - k r g r
n a - a e n z l i m g r
t q v z p e - k z x
n a p i t r - m o u p o
v z x
n z r t r n g r t i o l r
n z v z k i o l r
n z v z p x n g
n a b z m i p e l e
t q y c n g r
n a p i t r - m o u p o
d w a t x t r x
n z v z m i - k r g r
n z v z - k r n g e
n z w z t r n g
t z m w i p x - n g r m
n a v z m i b z l e
n z m n c l z b z n g
n e d r
m c l x n g
n z v z
m z ~ n i b r
m n c l z - n g r m
t u t i p x - n g r m
m n c t x p e
t z v z p x p e b z n g
t z v z k i n e d r
m c l x
n a m n c - k a p q n g r
n z v z - n g r m l r
k x t o p w z
n z v z - k r b z k r
t q p i p e m
t u t i p x - n g r m
k x p r k i
t z v z o p e n g
n z v z - n g r m l r
n z k q b l q p x - k r m c
n z r p i b z
t q v z p e - k z x
t q v z - n g r m l e
t q v z p e b z
t q v o t i t r p e m l e
e s z ' n e
n z v z - k r b o
n z p i l z l r
t q m u - n g r g r
n z x p e n g r
t r v z n e - k a k r
t z v z p e
n a v z m i b z l e
n a m n c n e - n g r g r
v z t x
v z m i m q
t q d w a p l r k r n g
n z v z - z v z b z n g
n z v z p x n g
n z v z p x b z n g
n z r p i - a n i - k r m l e
n z r p i b z l r
n z o - k r m
t z m w i - n g r d r
t q v z p e b z
t q y r p u p x
n z v z - k z n g
m n r g r
t z o d u t r - l x b l r - m o u n g
t q v z k i p x
t q v z b o
v z x
n z t u n g r
v z p e m
t q v z p x p e
v z p x b z k r
n z v z p x m q n g
t q v z p e m
m n c t i k r
v o m l e
d w a l z m g r
n z v z k i l r
n z v z - k r b o
n a v z n g
t q v z p e - k z x
t q v z p e
t q v z p e - k z x
n a y a - p w z - t i p e x
n z m c t x p w z
n z v z - k r b o
n z m e l z - k r m e
t z r m c t i p e l r
n z w z k r
a b r t z l v z k r
n z m c t x p w z
t z v z - n g r
r n i p e x
n a v z n g
n z o t i p e - k r m
n z m c k r
t q v z m i t r p e b z l e
k c m a
n z m c t x p w z
t r v z n e - k a k r
b z a m u
n a r t w z m
t r n a n i b q l e u
n z d w a t r - m o u - k r g r
t q p i b z
t q v z p e
t z y a p x p e n g
v z k i m l e
n z l z t i n g
n y z d r
t z m n c - n g r d r
t z y c m n e - n g r p e m l r
n z p r p x - k r d r
r m c t i - n g r g r l e
k x n z y a g o x n g
t z v z p x p e b z n g
n a p i p x - l z b q n g
n z a p u s r - k r d r
n z t w z - k r n g e
n z v z - k r n g e
t q m n c
t z v z p e
n z v z
t q t r k a
t q v z b e
t z v o p e
n z v z b z n g
y r b u t i p e n g
m c p x m
t q v z t r - m o p w z k r
n z v z - k z n g
n z w z t r n g
n z v z p e n g
t z m w x l r n g
k x e s z '
n g r d e
t q r t a n g r n e
t r v z n e - k a k r
n a p i b z k u
n z v z n e p e l r
t q v z t x
n a p i t r - m o u p o
n z a l v c - k r g r
n z v z - k r n g e
n z g l q o l r
d w a t x t r x
t q v z p e x
n z k a l z m l r
t r v z n e - k a k r
n z v z - k r m
n z g l q l z - m o u l r
n a n g r l r t r k i
n a p i t x t r - m o p o
t q t u n e p w z
n z v z - z v z b z n g
r p i l e
v z m i o l e
t z v z p e - k a i n g
n a p i t r - m o u p o
k x n a m u
v z p e m
n z v z p e n g
n z r l z - k r b z l e
t z m n c t x - a l o p e n g
n z v z
n z v z n e p e l r
n z v z - k r b o
y a p w x t i - z p w x m a m u
t q r p n a p e - n g r m l e
k x b q g r n g
t z v z p e - k a i n g
t q n g r l r p x p e k r
t z y a p x p e n g
d w a t r k r
n z p n a k i p x - m o u l r
p i p x - l z b q
v o m l e
n z k q l u k r
v z - z v z x
r m c t i - n g r g r l e
y c m n e p e
t z v z n e p e n g
n z v z - k r m
t q a l v c - l z b q - n g r g r
t q o t i p e m l e
n z r p i b z l r
n z r p i b z
n z o t r p z n g
n z y a p w x - k r g r
t q a s u l e
t q m c p e k r
n a v z n g
t q m c p e k r
t q v z p e
t q y r k r p e n g r
v z - z v z x
v z m i m q
v z x
n a v z b z
m c p o
t q m c p e k r
n a p i t x t r - m o p o
t z v z o p e n g
n z k a t x - k r b z l e
n z v z p x n g
o b q p x k r
n a t r k a - z l w z l e
t z v z o p e n g
t q v z p e m
t q a l v c t r - l z b q p e
a g l q t r p q g r
t q w a i p e x
n z k a l z - n g r m l r l e
v z t r l e
t z a o l v z - a t e b z
n z v z p e n g
n z v z - k z n g
n z r p i b z l r
n a v z b z
n a t q n g e
v z p x b z k r
n z l v c n g
n z v z p e - k r d r
t q v z - n q b l q n e n e
t q v z p e - k z x
t q t u p x m
t z y c m n e - n g r p e m l r
t q v z p e
t u o m
n z p r p x - k r d r
a s a - n g r g r
n z y c m n e - k r m
d z b e d e
r p i - m o u p q l e
n i b q t i
t r m w x l r k r u
n z m w x l r t i - l z b q n g
n a o b q - k a p q p x
t q n g r l r p x p e m
p r t z t x b z k r
t z n g r l r k i o p e l r
n z n g i - t r p e n g r k r
n z l x n g i t i - k r d e
t q n g r l r p x p e m
t q n g r l r p x p e k r
n a p i t x t r - m o p o
n z r p i b z
n z o b q - k a p q k r
t z r y z k r n g
t q y a g o x
t r n z a e n z l i l r u
n z y c m n e - k r m
k r l z p e b z k r
t z y c m n e p e b z
t z y c m n e - n g r p e m
n z y a p w x - k r d r
r m c t i p e k r
y c m
k x e t u
t z m u p e - n g r d r
t q v z p e - k z x
t u p x m
t q n g r l r p x p e k r
n z p n a
t q m r b r
n z m w a - k r g r
m n c - e p e l z l e
m n c l v z r n g r
x l r k r
n z e s z ' m z n g
t q a b r t z - z v z - n g r g r
n a y r k r t x
t u t i p x - n g r m
n a o k l a t i t r - m o p q g r
n z a g l q - k r b z k r
n a a g l q a m u
t r t q k a p e p w q l e
t q r p w x m z
n z r k a l z m q n g q
n z m n c - k r g r
n z r p i b z
t z r l x n g i t i n g
n z r p i l z n g r
d r l z d r n g
k x p c
n z m r l z k r
t q y r n i t x p e
t z y r n i n e t r p e b z n g
n z o b q - k a p q n g r
n e d r n g
n z y r p u t i p x k r
t z m n c - n g r d r
n y z ' d r
m r n y z n g e
t z x l r o p e l r
n z p w x n g
n z n g r l r t r n g
n z a t u p x - n g r m
t r y c m n e - k a k r
n z a t u p x - n g r m
t z m n c - n g r d r
n z m n c n g
n z t w z l r
k x t r k a
n z a b r t z n g r
n z y c m n e k r b z
t q v z p e - k z x
n z a b r t z n g r
t q m n c - n g r d e
k x t o p w z
n z k a t x - k r d e
n z w z t r n g
r k a t r p q
t q m r t u - n g r d e
t q t u l z
s u t x
n z r p l a m e i t i - k r d e
r k a t r p q
v o m l e
t z p r o p e n g
m w i t x k r
t q y r n i t x p e
t z m n c - n g r d r
m a l e l e
n z m c t x p w z
n z a b z o k r
n z y c m n e - k r d e
n z m u - k r d r
t q w q p e
t q v z p e
t z m n c - n g r d r
t q m n c - n g r d e
n z r m n q t x n g
t q v z p e
r p i o b z l e
t q v z p e x
t q v z p e
t q v z p e
n g r l r m i m l e
t q m n c - n g r d e
t q m n c - n g r d e
t z v z p e - k a i n g
t q v z p e - k z x
t q v z p e x
n z p r p x - k r d r
n z y c m n e - k r b z l r
n z o t r n g r
n z o - z l i o - k r g r
n a o p e - k a i x
n z y a p w x - k r d r
n z b z - k r g r
t z x l r o p e l r
m n c p e x
t q v z p e
n z p n a t i - k r b z m u
n a o p e k r
t q v z t r - m o p w z k r
n e n g e n g
t z v o p e
r p i o b z l e
t q t u n e p w z
a l v z t r l e
t q m n c - n g r d e
n z t a v e t r l r
t q r k a l z p e m g r
t z s i k l u n g
n a m n c - k a p q n g r
t q v z p e
n z o t i p e - k r m
n z d w a t r - m o u - k r g r
y r n i t x
t z m c p x p e b z l r
n z y c m n e - k r d e
t q m w x l r p e k r
t q v z p e
n z m c t x p w z
n a k a t x b z l e
k c n g p e
n z w z - k r n g e
t q v z p e
r k a l z m g r
t q v o t i t r p e m l e
n z w z - k r n g e
t q t u l z
t z m w i - n g r d r
e s z ' t i
m n c t i k r
m w i - n g r g r
t q p i p e b z l e
m n c p e x
t q v z t r - m o p w z k r
t u l z m c
n z a t u p x - n g r m
s c m
n a p i t r - m o u p o
n z v z
m e i t x t a t x p x
n z v z
n z b z - k r g r
n z p n a t i - k r b z m u
n z v z - k r g r
n z v z t r n g
t q p i m e
n z v z
t z v z p e - k a i n g
t z v z p e n g
n z w z t i - k r b z l e
n z o t i - k r m l e
n z v z
n z v z
n z v z
t q v z p e x
n z v z
n z v z
v e x
n z v z
n z w z t r n g
t q v z b o
n a m n c - k a p q n g r
t z v z p e - k a i n g
n z r p w ' a - k r d e
n z v z
n z v z
n z v z - k r m
t z v z p e
t q v z p e - k z x
t z v z p e
t q m c p e
n g r l r m i m l e
t q v z p e x
t q m w i t x p e
n z w z - k r n g e
n z k a l z m l r
m n c t i k r
n z v z - k r m
t z v z p e
t q v z p e m
n z v z - k r n g e
t q v z p e - k z x
n a m n c - k a p q n g r
t q v z p e m
t q v z p e x
n z v z - k r m
n z w z - k r n g e
n z v z - k r n g e
t q p i m e
t z v z p e
n z v z - k r m
t q v z p e - k z x
n z v z - k r m
t q v z p e x
t q v z p e - k z x
t q v z p e x
n z v z k i l r
n z v z p x n g
t q v z t r - m o p w z k r
t q v o b e
t q a b r t z - z v z - n g r g r
m n c p e x
n z v z - k r n g e
n z v z - k r n g e
n z v z k i l r
t z r t w z - k z n g
t q v z p e m
n z v z k i l r
n z y c m n e
t q a l v c - l z b q - n g r g r
n z v z k i l r
t q v z p e x
n z v z k i l r
n z v z p x n g
m n c p e x
t q p i p e b z l e
n z v z k i l r
n z v z - k r n g e
t q v z p e m g r
t q v z p e b z
t q m c p e b z k r
n z v z k i l r
n z v z p x n g
m n c t i k r
n z v z p x n g
t q m n c - l x b l r p e k r
n z v z b z n g
n z v z b z n g
n z y c m n e
n z v z b z n g
t q v z p e m
t q v z p e m
n z v z p x n g
n z v z k i l r
t q v z p e x
t q v z p e m g r
t q v z p e - k z x
n z v z b z n g
n z v z b z n g
n z v z p x n g
k x l i
n z v z k i l r
n z v z p e n g
n z v z k i l r
n z v z b z n g
t q v z p e b z
n z v z p x n g
n z v z b z n g
t q p i m e
n z v z p e n g
t q v z t r - m o p w z k r
t q v z p e x
n z v z - k z n g
t q v z p e b z
n z v z p e n g
n z v z - k r n g e
n z v z b z n g
n z v z b z n g
n z v z - k r b z k r
n z v z p e n g
n z v z b z n g
n z v z p e n g
n z v z - k r b z k r
v o k r
n z w z - z l w z - k r g r
t q v z p e b z
n z v z - k r n g e
t q p i m e
n z v z p x n g
n z m n c k r
n a d w a p e k r
n z v z - k r b o
t z v e c p e n g
n z v z p e - k r d r
v z t r l e
t q v z p e m
t w z t r k r
n z v z k a i - k r g r
n z r p i - a n i - k r m l e
n z v z p e - k r d r
n z v z p e n g
v z x
n z v z p e - k r d r
n z v z - k r n g e
t q v z t r - m o p w z k r
n z v z - k r b o
t z v z - n g r
n z v z n e p e l r
n z v z - k r b z k r
t q v z p e m g r
t q v z t r - m o p w z k r
n z v z p e n g
t z v z - n g r
n z v z - k r b o
n z v z k i o l r
t q n g r l r l z p e
n z v z p e n g
n z v z - k r b z k r
t q m c p e k r
n z v z k i o l r
n z v z k i o l r
n z v z k i o l r
n z v z - k r b z k r
m n c t i k r
n z v z p e - k r d r
n z v z p e n g
n z v z k i o l r
n z v z p e - k r d r
t q p i p e b z l e
n z v z - k r b z k r
n z v z p e - k r d r
v z p e m
n z v z - k r b o
t q v z p x p e
n z v z - k r b z k r
n z v z - k r b z k r
t q v z t r - m o p w z k r
v z p e m
p i b z l e
v z x
t q v z t r - m o p w z k r
v z p e m
n z v z - k r b z k r
v z t r l e
n z v z p e - k r d r
n z v z - k r b z k r
v z t r n g r
n z v z - z v z b z n g
n z v z p e n g
n z v z p x b z n g
n z v z p e - k r d r
n z v z - k r b z k r
n z v z k i o l r
m n c t i k r
t z v z o p e n g
v z x
v z x
n z r k a t x n g r
n z v z - z v z b z n g
v z x
v z t r n g r
v z - z v z x
t q v z - n g r g r
v z t r l e
n z v z - z v z b z n g
t q v z p e m g r
t q r m c t i p e k r
t u t i p x - n g r m
t q p i p e m
n z v z k i o l r
t q v z p x p e
n z v z - z v z b z n g
t q p i p e b z l e
n z v z - k z n g
n z v z n e p e l r
n z m c k r
t z v z - n g r
n z m c k r
n z v z - k z n g
n z v z p x b z n g
v z p e m
n z v z - k r d r
n z v z - n g r m l r
v z p e m
v z - z v z x
v z p e m
t q v z p x p e
t q v z p x p e
t z v z o p e n g
v z - z v z x
p i b z l e
p i b z l e
t z v z - n g r
n z v z p x b z n g
t z v z o p e n g
t q v z - n g r g r
v z p e m
v z t r l e
v z x
t z a p u l r
t q v z - n g r g r
v z p e m
n z v z - k z n g
n z v z - k r b z k r
n z m c k r
r p i o b z l e
t r v z n e - k a k r
v z t r l e
t q n g r l r p e k r
n z v z n e p e l r
t q v z b o
n z v z - k r b z k r
t q v z - n g r g r
t q p r t r p e b z k r
t q v z - n g r g r
n z v z - n g r m l r
n z v z n e p e l r
n z v z k a i - k r g r
t q v z b o
n z v z k a i - k r g r
t z v z - n g r
v z t r l e
n z v z - n g r m l r
v z t r n g r
t z v z o p e n g
n z v z - n g r m l r
v z t r n g r
n z v z p x b z n g
n z v z - k z n g
t q p i p e m
n z v z - n g r m l r
n z v z k a i - k r g r
t q v z - n g r g r
t q v z p x p e
v z p e m
n z v z p x b z n g
n z v z n e p e l r
t z v z - n g r
t q v z p x p e
t r v z n e - k a k r
n z v z p x b z n g
v z p x b z k r
n z v z - k r b z k r
n z v z p x b z n g
t q v z b o
v z t r l e
n z v z n e p e l r
v z t r n g r
n z r p i l r
n z v z n e p e l r
n z v z - n g r m l r
t z v z o p e n g
n z r p i m l r
v z m i o l e
v z p e m
t q v z p x p e
t q p i p e m
v z - z v z x
t q v z p x p e
v z - z v z x
v z t x
t q v z - n g r g r
t q m c p e l e
t q o t i m l e
v z t r n g r
t q v z p x p e
n z v z - n g r m l r
n z v z - n g r m l r
t z v z o p e n g
n a v z n g
t z v z o p e n g
n a v z n g
v z t x
t z v z - n g r
v z m i o l e
n z v z - n g r m l r
n z r p i m l r
v z p e m
t z v z o p e n g
t q v z - n g r g r
n z v z - k z n g
t q v z p x p e
t q v z p x p e
t z v z o p e n g
v z m i o l e
t q v z p x p e
v z p e m
v z m i o l e
n z r p i - a n i - k r m l e
t q v z - n g r g r
n z v z p x b z n g
t q v z - n g r g r
n z v z - n g r m l r
n z v z - n g r m l r
n z v z - n g r m l r
v z p x b z k r
t z v z - n g r
n a v z n g
v z t x
v z m i o l e
t z v z - n g r
v z t x
t q v z b o
t z v z - n g r
t z v z - n g r
n a v z n g
v z t r n g r
v z p x b z k r
v z p e m
v z m i o l e
v z m i o l e
v z t r n g r
n z o l z - k r m l e
v z t x
v z p x b z k r
t z v z p e - k a i n g
v z p x b z k r
n a v z n g
t q v z t r - m o p w z k r
n a v z n g
m w i t x
t q m c p e x
n z m n c l z b z n g
n z m n c l z b z n g
t z v z n e p e n g
t q m c p e k r
n a v z n g
n z m n c l z b z n g
t q v z t r - m o p w z k r
t z v z n e p e n g
v z t x
n z k r l z m l r
v z t x
n z a t u p x - n g r m
t z v z n e p e n g
n z r p i m l r
m n c p e x
v z m i o l e
n z m n c l z b z n g
v z t r n g r
v z t r n g r
v z p x b z k r
m c t r k r
v z m i o l e
t z v z n e p e n g
v z k i m l e
t z v z p x p e b z n g
t q m c p e x
t z m w i - n g r d r
t z v z n e p e n g
t q v z t r - m o p w z k r
m c t r k r
t q m c p e x
v z p x b z k r
n z m c t r
t z v z k i n e d r
t z v z n e p e n g
v z k i m l e
t r v z n e - k a k r
t q v z b o
n z m c t r
n a p i b z k u
t z v z p e - k a i n g
r k a l z m
t z v z p e - k a i n g
t z v z n e p e n g
t q v z m i t r p e l e n g
n z m n c l z b z
v z k i m l e
t r v z n e - k a k r
t q m c p e x
t q v z t r - m o p w z k r
t z v z p x p e b z n g
t q v z m i t r p e l e n g
v z k i m l e
t z v z k i n e d r
t q r m c t i p e k r
t z v z n e p e n g
n z d w a o n g r
t z v z n e p e n g
v z k i m l e
t z v z k i n e d r
t q p i b z
t q v z b o
t q p i b z k r
t q v z b o
n z r p i b z l r
t z v z k i n e d r
n z m n c p e n g
t q r p i p e x
t z v z k i n e d r
t z v z k i n e d r
v z k i m l e
t q v z m i t r p e b z l e
n z m c t r
t q v z m i t r p e b z l e
t z v z p x p e b z n g
n z t a v e t r
t q v z b o
t q v z b o
n a v z b z
t q v z b o
t z v z p x p e b z n g
d w a t r k r
t z v z k i n e d r
t z v z p e - k a i n g
n a k a t x b z l e
v z k i m l e
t z v z k i n e d r
m w x l r - n g r g r
n a v z b z
v z k i m l e
v z k i m l e
t z r m c t i p e l r
t z v z p e - k a i n g
y c p x
t q r p i p e x
s c d r
t z v z p e - k a i n g
t u p x m
t q v z m i t r p e b z l e
v z k i m l e
n a v z b z
t q v z m i t r p e b z l e
t q v z m i t r p e l e n g
t q v z m i t r p e l e n g
t q r p i p e x
n z m n c l z b z
n z m c t r
t q v z m i t r p e b z l e
t q v z m i t r p e b z l e
n a v z b z
t z v z p e - k a i n g
t z v z p e - k a i n g
n a v z b z
n a v z b z
t q m w i - n g r g r
t q v z m i t r p e b z l e
t q v z m i t r p e l e n g
t q v z b o
n z r m c t i l r
t q v z m i t r p e b z l e
m n c l z - n g r m
t q v z m i t r p e l e n g
m c l z k r
r p i l e
n a v z b z
t z v z p e - k a i n g
v z m i m q
t q r m c t i p e k r
n z d w a t r - k r g r
n z m c t r
n a v z m i b z l e
v z m i m q
v z m i m q
t q p i b z
t z k r l z p e - a t e l r
t q v z m i t r p e b z l e
t q m w i t x p e
v z m i m q
t q m c p e k r
m c l x n g
t q r p i b z l e
n z r m c t i l r
t q r p i b z l e
t r t q w z p e u
t q r m c t i p e k r
t q m n c
n z r p i - a n i - k r m l e
t z v z p e - k a i n g
m c l z k r
m c l z k r
n z r m c t i l r
t z m n c t x - a l o p e n g
t q v z m i t r p e b z l e
n a v z m i b z l e
r m c t i l e
t q r p i p e x
n a p i b z k u
n a v z m i b z l e
t q n g r l r p e k r
t q m n c
n a v z m i b z l e
m c l x n g
v z m i m q
n z r m c t i l r
t r k r l z w x u
t q p i b z
n a v z m i b z l e
r m c t i l e
n a v z m i b z l e
n a v z m i b z l e
n a v z m i b z l e
n a v z m i b z l e
r m c t i - n g r g r l e
t q v z - n q b l q n e n e
n a v z m i b z l e
k r l z m l e
n z r m c t i l r
r m c t i - n g r g r l e
m c p x m
r m c t i - n g r g r l e
m c l x
t q r p i p e x
m c l x
t u o m
t u p x m
n a m n c t x p o
m c l x n g
m c p x m
t u t i p x - n g r m
m c p o
t q a s u p e
m c l x n g
m c p o
r m c t i l e
t z m n c t x - a l o p e n g
m c p o
m c p x m
r m c t i l e
m c p o
r m c t i l e
t q v z - n q b l q n e n e
t q v z - n q b l q n e n e
t q v z - n q b l q n e n e
m c p o
t q v z - n q b l q n e n e
t z k r l z p e - a t e l r
t u o m
t q v z - n q b l q n e n e
m n c - m i p e - a m u
t q v z - n q b l q n e n e
n a m n c t x p o
t u p x m
m c t x m
t u o m
m c t x m
m c t x m
m z l i   k c
m n c - m i p e - a m u
m c t x m
t u n e p w z
