m c t r k r
d w a t r k r
t q v z b o
m n c t i k r
r p i o b z l e
n z v z - n g r m l r
m c l x
t r v z n e - k a k r
t z m n c - n g r d r
t q r p i b z l e
n z v z
n z m n c p e n g
n z a b r t z l v z l r
t q a s u l e
n z y c m n e k r b z
n a v e x
t z v z p x p e b z n g
r p i o b z l e
t q n g r l r p e k r
n z v z k i o l r
t z v z - n g r
t q x n g i - a t e b z k r
v o m l e
t q v z p e m
n z v z n e p e l r
d w a t x t r x
t q y r k r p e
t q y a p w x t i p e m l e
n z t w z t r k r
n z m c k r
v z t r l e
n z r p i b z
t q m n c
m e i t x t a t x p x
n z d w a t r - k r d e
n z v z k i o l r
n z v z b z n g
b z a m u
n z a b r t z l v z l r
t q o t i m l e
v z m i m q
d w a - r b r l z - n g r m q g r
t q m w i - n g r g r
t q a b r t z - z v z - n g r g r
t q r p i p e b z
t q m c t i k u n g
t q k r l z - a t e b z k r
n z d w a t r - m o u - k r g r
n z v z - z v z b z n g
n z v z - n g r m l r
d w a s x p x - k z p q g r
t q v z p x p e
n z v z p e n g
t z r t w z - k z n g
t z l v c l z p e - n g r d r
t q n g r l r l z p e
n z v z - k r b z k r
n z v z p x n g
n a m n c - k a p q n g r
t q v z b z k r
r m c t i l e
r n g i - b a t r p q
n z m n c l z b z n g
m n c p e x
t q p i p e m
n z v z p e - k r d r
p i b z l e
t z r k a l z p e m
n z v z n e p e l r
t z r m c t i p e l r
t q n g r l r p x p e m
t r t q w z p e u
n z y r l q
p n a t i k r
n z r p i m l r
r p i l e
v z m i o l e
n z e t u p e - k r n g e
r p i o b z l e
n z m c p x b z l r
t q t r k a p e m
t q k r l z l z - a t e b z k r
n z d w a t r - m o u - k r g r
m c l x n g
v z p e m
n z y a l z - k r g r
e l a
n a v z n g
n z m w i p x m
r m c t i - n g r g r l e
n z a l v z t r n g
v z t x
n a p i p x - l z b q n g
t z v z p e
t z v z o p e n g
t q o t i p e l e
m n c - m i p e - a m u
t q v z m i t r p e b z l e
k r l z p e b z k r
v z t r n g r
v z x
t z v z - n g r
r p i o b z l e
t q v z m i t r p e b z l e
t q a y r n i p e
n z r l a s z - a t e - k r d r
r g l q p x k r
t r v z n e - k a k r
m c l x n g
n z a b r t z l v z l r
n z v z k a i - k r g r
s c m
v z p x b z k r
m c p o
n z d w a t r - k r d e
n z k r k a ' p x - k r m l r
p i b z l e
k x n z n g q
y z l u m c
n z r p i - a n i - k r m l e
r p i l e
n a m n q q
n z a t o l w a - n g r n g
n z v z k i o l r
m c p x m
n z v z - k z n g
t q v z t r - m o p w z k r
t q r p i b z l e
t q v z t r - m o p w z k r
t q v z p e m
t q t u l z
t q v z p e m g r
t q v z b o
t q v z p e - k z x
n z t u n g r
t u l z m c
v z t x
a t u t r p e l e
t z v z p e
v z m i m q
m n q t i p e l e
r m c t i l e
n z b o m l r
n a k a t x b z l e
t q p i b z
n z r p i b z l r
m n c - m i p e - a m u
t q r p i p e m
n z v z k i o l r
n z v z p e - k r d r
t r t q k a p e p w q l e
t q p i b z
n z v z - k r b o
t q r p n a p e - n g r m l e
v z o
n z v z - k r n g e
m w x l r t i - z l w z k r
s c m
t q v z p e
t u l z m c
t z v z k i n e d r
n z w z k r
n z r p i b z l r
t z y c m n e - n g r p e m l r
n z v z - k r b z k r
t z v z n e p e n g
t z m n c t x - a l o p e n g
t q y a p x p e b z
d w a l z m g r
v z m i m q
t r k r l z - k a k r
v z m i o l e
n z p n a t i - k r b z m u
d w a s x p x - k z p q g r
v z m i o l e
n z y r l q
n a p i t r - m o u p o
m z l i   k c
t q v z - n g r m l e
t q y r k r p e n g r
t q v z p e m g r
n g r d r
n z m c t r
t q t u p x m
t q t u n e p w z
t q v z p e
n z v z - k r m
n z v z b z n g
b z a m u
d w a l z m g r
x l r m l e
n a b z m i p e l e
n a p i t x t r - m o p o
v z k i m l e
n z m c t x p w z
t z v z - n g r
v z p e m
t z v z n e p e n g
n z b z - k r g r
r p i - m o u p q l e
t q p i b z
t q m c p e x
n z r l z - k r b z l e
n z v z - k r b z k r
n z p n a t i - k r b z l r
t q v z p x p e
t u t i p x - n g r m
t z n g r l r k i p e b z l r
t q v z - n q b l q n e n e
v z m i o l e
n z a l v z t r n g
m c t r k r
n z a l v z t r n g r
t q v z p e b z
n z d w a t r - k r g r
v z m i o l e
t z m n c - n g r d r
t q v z b o
t q m c p e x
n a y a - p w z - t i p e x
n z v z n e p e l r
t z v z o p e n g
n z v z p e n g
m c l x n g
t q v z p x p e
t q m w i - n g r n a m u
t q v z t r - m o p w z k r
v z t r l e
t q v z p e x
t r n z y a g o x - k r g r u
n z a b r t z k r
n a v z b z
t q d w a p l r k r n g
n a v z b z
v z t r n g r
t q v z p x p e
n a p i b z k u
n a m w i
v z t r n g r
n z v z - k r n g e
t z t a v e l r
n z v z - k r m
t z m w i - n g r d r
n z v z p e - k r d r
n z v z k i l r
n z a l v z t r p l r
w z t r p o
y r n i - e b i r p e n g
t q o t i - a t e m
a w i t x - n g r b z k r
t z s i k l u t i
d r k a ' n g
m e l z m c
t q m n c - n g r d e
n a n g q t x k r
n a n g q n a m u
t q n g q p e l e n g
n z n g q t i t x p w z
t q m e i p x
t q t w z p e b z l e
n z r l z n g
t r t q k a p e p w q l e
n g r l a p l x p x k r
t q m r l z - n g r d e
m r b r l z m
t z a m r b r t r l r
n z p n a n g
d r t q d e
t z y a p w x t i p e b z l r
n a y a p w x t i b o
t q m r l z - n g r d e
m z t e
n a y a g o x n g
r n g i - b a t r p q
n z t e l v z l r
m c l e
t z y c m n e t r p e - n g r d r
t z y c m n e - n g r p e m l r
n z y c m n e - k r m
l o l v z o a m u
n z d w a t r - k r g r
t q d w a p l r k r n g
r g l q k r
n a a g l q a m u
n z g l q l z m l r
n a a g l q b z l r
n a a g l q p e k r
n z g l q o l r
k x n z t o p w z
n z r l z - k r g r
t w z q
n z b z - k r g r
n z y r m q n g
v z d e
t q n g y a p e
y c t x o p e
y c t x b z
y c t r p e n g r
t q y c o n g r
k x l r p r
t r l r p r k r u
t q y a g o x p e
y c m
n y z d r
n z a b r t z k r
n z p n a n g
t z m a t q
n z a b r t z k r
v o t r p z k r
t q r y r n g e
n z y r m
t q y r m
t q r y r - n g r n e
n z m w a n g r
y r l q t x - m o u x
y r l q b z l e
n z m n c l z b z n g
t r t q k a p e p w q l e
n z s i k a p u - k r d e
t q y r n i t x p e
o m i t x p x b z l e
t q y r p u p x
t q y r p u t i p x p e
n z a b r t z k r
m w x l r t x - z l w z k r
n z p n a n g
k x t o p w z n e
t q t o p w z b e - n g r n e
p i b z l e
m w a k r
n z a n g i o - k r g u
n a m r l z
n a - a m r l z t r - n g r b z l r
t q m r l z x
m r l z p e
t r v z k r u
t z p r p x p e n g
t z p r t r p e - k z n g
n z k a t x - k r d e
t q w a i p e x
b o o n g r
y r l q t x - m o u x
m z n r y a g w e n g r l c
n z a t a k i
t z r t a n g r p e
a c l v e l e
b z p n z ' x
b z t i p e d e
n a b z - n g r n
b z t x p n z '
n z a b z l r
m c p z k r
y r m q
p w x p w z
y r w i t x p x l e n g
o s o p x b z k r
t z p r o p e n g
n a r l a s z p e l r
k x t o p w z t i n g
n z w z t i - k r b z l e
t z m a i l z l r
d w a t x t r x
d w a s x p x - k z p q g r
d w a l z m g r
t z t a v e l r
n z p i - k r m l r
t q y c n g r
n a y a p w x t i b o
t z y a p w x t i p e b z l r
t a g l c t x d e
x l r k r l e
n z t e k q t r n g r
t r m c w x u
r m c t i - n g r g r l e
t r t e d e
k x t o p w z n e
n c b l o n g r
n c b l o   k c
k x p l c
n a l i
k x b q g r n g
k x b q n g
n z w z t i - k r b z l e
t r t q w z p e u
v o m l e
r m c t i - n g r g r l e
t q a m a o p e
m c - k z a m u
n z m c - k r n g e l e
n a m c l e
t q m c t i a m u
t r n z m c p e l r u
n a m c t r
t q m c p e b z k r
k x o d a
r m c t i - n g r g r l e
m z n r y a g w e n g r l c
t q v o b e
t q v o t x - n g r p w z
n z v z m q n g
t z k u k i r p e l r
k q l u t x
r m c t i - n g r g r l e
k x n z y q n g
r m c t i - n g r g r l e
m n r g r
m n r g r n g
t q a c l v e x
n z a m z b l q p x - k r m c
t q a m z b l q t x p x p e m c
y c - n r b a l q
n z p n z '
o b q p x k r
n a y a p w x t i b o
t q y r w i l x
t q v z p e - k z x
t q v z p e - k z x
t r t e d r
t q s i k l u b e - n g r n e
t z s i k l u p x - n g r m l r
n g r l x t x o
k x n g r l x o b z l e
t q n g r l x o p e
t q o t i m l e
o t i b z l e
t q o t i - a t e m
t q o t i p e m l e
t q o t i t r p e m l e
n a r b o m p e n g
d r t q d r
t z t a v e t r l r
t z t a v e l r
t z k u k i r p e l r
p n z ' t x d e
t q y r n i t x p e
t u t x l z m
n a r t a n g r t i k r
r m c t i - n g r g r l e
r m c t i - n g r g r l e
n z v z n g
n z n g r l r p x - k r m g r
t q n g r l r l z p e
t q n g r l r p x p e m
n a n g r l r k i t r l r
t q v z p e x
t q v z p e - k z x
t q v z p e - k z x
m e n g a b q
n a - a d r v r - n g r b o
t r n a k r l z p q l e u
k r l z b o
k r l z l z b z k r
n z k r l z t i
k r l z p e a m u
k r l z b z l e
n z k r l z t r p z
t r k r l z t r p w z u
t q a m z b l q p x m c
t r t r k a - z l w z p w z u
d w a - r b r l z - n g r m q g r
n z a l v z t i n g
t r k q o p q l e u
t z r p i p e l r
t q v z p e x
t q v z p e - k z x
n a p i p x - l z b q n g
t q k r l z - a t e b z k r
t z k r l z p e - a t e l r
n z r l x t i - k r b z
r l w x k r
n a y a - p w z - t i p e x
y a n e - z v z k r
y a p x - z v z k r
t q n g r l r p x p e m
n g r l r m i m l e
m z l e d e n g
v o t r p z k r
n a y a g o x n g
d w a t x t r x
d w a l z m g r
n a r t w z o b z
t q t w z o p e
t z r t w z t i n g
t z r t w z - k z n g
r t w z t x - n r b a l q b o
t z t w z n e d r
n a r t w z m
n z r t w z - k r m l r
t w z k i p x l e l e
t q w a i
d w a s x p x - k z p q g r
n z d w a t r - k r d e
d w a t x t r x
x l r k r l e
t z k r l z p e - a t e l r
t q k r l z - a t e b z k r
t q v z p e x
y a p x - z v z k r
n a y a - p w z - t i p e x
m r l z p e
n y z d e
p i b z l e
o b q p x k r
n z m e i t r p z
t q m e i t i o
t q a m e i b z k r
m e i t x t a t x p x
r d r n g
a w i t x p e
d w a l z m g r
n z d w a t r - k r d e
d w a t x t r x
d w a - r b r l z - n g r m q g r
t q v o t x - n g r p w z
t q v o b e
x l r k r l e
t q n g r l r l z p e
n g r l r m i m l e
n a r l x t i b o
n a r l x t i t x p o
d w a - r b r l z - n g r m q g r
s e k a e n t x k r
y o l x o m a m u
n a a g l q p e k r
n z g l q o l r
r g l q k r
n a a g l q b z l r
t z k r l z p e - a t e l r
t u t x l z m
n z w a i n e - n g r b z l r
t r t q w z p e u
n z l z t r - n g r d e
t r t e g r
n z t q n g
p i b z l e
o b q p x k r
t r o p i l v z u
n a p i l v z t i
t q m u k r
t z m u p e - n g r d r
k q l e p e l e
t r k q o p q l e u
y r l z t i l e
t q v z p e x
t q m a l e l e
y c m n e p e
t z y c m n e - n g r p e m l r
t z y c m n e t r p e - n g r d r
n z y c m n e - k r m
t q v o b e
t q v o t x - n g r p w z
p i b z l e
t z k r l z p e - a t e l r
t q k r l z - a t e b z k r
r p w a ' - n g r b o
r p w a ' - n g r b z
n z r p w a ' - n g r b z l r
n a b z t r k i
t q r k a l z p e - n g r m q g r
n a a g l q p e k r
r g l q k r
n z g l q o l r
r b l x t x p e l e
v z m
t q y r k e l v z x
t q y r k e l v z q
n z o b q p x b z
t r n z y a g o x - k r g r u
t u t x l z m
y r p l a b r t q p e
t q y r p l a t r n g r
y c m n e p e
t z y c m n e t r p e - n g r d r
n z k q l u t x
t r n z k q l u - k r p e p w q g r u
k q l u t x p e
p i b z l e
m r t u p e
t q a s u p e b z
n z k r l z l r
d w a t x t r x
n z d w a t r - k r d e
d w a s x p x - k z p q g r
d w a l z m g r
m w x l r t x - z l w z k r
n a y c t i p x m
y c - n r b a l q
n z k q o - k r m
n a k q t x o m
n g r l a p l x p x k r
x l r k r
t q a b r t z - z v z - n g r g r
m r l x m q
m r l x m
n z i k l a p w z
t q v o t x - n g r p w z
t q v o b e
t q v z p e - k z x
t q v z p e x
d a p u d e
t q k q l e p e b z l e
t q o t i m l e
t q o t i - a t e m
v o m l e
n z m n c l z b z n g
d w a - r b r l z - n g r m q g r
t z a m c t i - n g r d e
t q p n z ' l e
t q r p n a l z m
a n g c t i k r
t z a n g c p e l r
t q r t w a y z b z
v o k r
n z b o m - k r d e
t z y a p w x t i p e b z l r
n a y a p w x t i b o
o b q b z k r
n z m n c l z b z n g
t z p r e s i n q n g
n z a p r e s i n - n g r
v o t r p z k r
n z r m n q t x n g
t r - r m n q u
r k a t r p q
n z k a o b z l r l e
n a k a m l e
n z k a t x - k r b z l e
n a k a b z k r
n z r k a b z
r k a t r p q
n a k a b o
n z k a t x p x - k r b z l e
r k a t x m
n z k a p x m l r
n z k a l z m l r
k a o m a m u
t q t w z o p e
n z w a i n e - n g r b z l r
t q w a i k i
w a i p n z ' l e
r d r n g
t r t z r p n a p e u
n z p n a t i - k r b z m u
n z r p n a n e o p e - k r m l r
n z p n a t i l r
n z r p n a k i p x n g r
n z p n a t i - k r g r
t q o b q l z p e x
o b q k i m c
o b q t r p z
r k a t r p q
n z k a l z m l r
n z a b z - k r b z k r
p i b z l e
t r n z m n e t i u
n z m n e t i
n a m w i
t q m w i t x p e
m w i t x k r
n a b z d r
t q v o t x - n g r p w z
t q v o b e
a w i t x p e
t q a w i p e b z k r
a w i t x - n g r b z k r
n z a w i t x m
n e g r
n e g u n g
n e d e
n e n g e n g
n e m u n g
n e n g e
w x l i k i t x p x p n z
t q w x l i k i t x p x
t q m w i t x p e
n a m w i
m w i t x k r
n z m n c l z b z n g
l x e n g e
t z y c m n e - n g r p e m l r
y c m n e p e
t z y c m n e t r p e - n g r d r
m a l e t r p e x
n z m n c l z b z n g
n a l i
m w i t x k r
t z m w i p x - n g r m
t q m w i t x p e
t z m w i p x - n g r m l r
t q m n c - l x b l r p e k r
m z l w e d e n g
m z l w e n g
t q t z l e
n a a m i n g r - n g r g r
n a a m i n g r t i - n g r d r
x l r k r
x l r k r l e
n z m n c l z b z n g
t r k r c l u u
t q m n c t r p
m n c n e - m o u - n g r g r
n a e s z ' m z n g
n z a n i t x p w z n g
n z a n i t x p w z
n a n e n g
n z o l z - k r m l e
n a a g l q b z l r
n a a g l q p e k r
n a o k a t r p q l r
n a o k a t r - n g r d e
k r l c d e n g
k r n e d r
t q a s u l e
t q a s u p e b z
t q m z b l q p x m
n a p i p x - l z b q n g
p i p x - l z b q
n z r p i l z n g r
n z p n u t i t x
t z r l x n g i t i n g
t q a s u l e
n z w z t i - k r b z l e
n z w z t i - k r b z l e
t q r p n a l z m
t q p n z ' l e
k c n g p e
n z p n a t i - k r b z m u
n z m n c l z b z n g
t z l v a b e t r p e b z
n a r l x t i t x - p w z k r
t q r l x t i p e b z k r
n a r l x t r p z k r
t z r l x t i m l r
t z t a v e t r l r
n z n u r d e
d w a t x t r x
d w a l z m g r
n z r l z - k r b z l e
n z l z t r - n g r d e
m r k c n g
n z k a l z m l r
n a k a b o
r k a t r p q
v o k r
x l r k r
p n z ' - m o u l e
x l r k r
t q p r k i l z m
r v z m i m
t z v z b e n g
n a v z - m i p e x
n z v z o - n g r m
n a v z m
n a v z b z n g
v z m i t r p e l e
n z v z k i
t q v z d z p e k r
n a v z b z k r
n z v z n e - k r g r
t q v z k i p x k r
t r v z u
t q v z d z p e - n g r m g r
v z - z v z k r
n z v z - k r m g r
t q v z - n g r n e
t q v z n e
t q v z o p e k i
n a v z - k a i p o
t q v z o p e k r
v z t x p e - n g r d e
t q v z - e t r - n g r d e
n z v z k i o p e - k z l r
n a v z
t q v z p e b o
v z p e - k a i p
n z a v z - k r m l e
t q v z k i p x
t q v z p e b z k r
n z v z b a t r - k r b z l r
t q v z t x p e
n z v z - n q b l q - k r n g e
v z p x m
t q v z p e - m o u k u
v z b o
n z v z n e - k r g r
t q r v z m i p w q
n z v z d z m q n g
t q v z o p e
t q v z n e - z v z k r
t z v z k i p x l r
t q v z k i l e
v z - n g r b z k r
v z - n q b l q m
n a v z m g r
v z t r - k z p z
n a v z - n q b l q l e
n z v z m i - k r g r
t q v z b e
v o k r
t a p l x s r g r
n a p i p x - l z b q n g
p r o t x k r
t z p r t r - m o p w q
p r c k r
t q p r t r p e b z k r
p r t r p z
t q k a p u t r - n g r b z
n z p l z p x - k r m a m u
n z v o u n e o p e m
t q x p l r
n z l z t r - n g r d e
n z r l z - k r b z l e
x l r b z l e
x l r k r l e
x l r b o l e
n a a g l q b z l r
n a a g l q p e k r
p i b z l e
r k a t r p q
n z k a l z m l r
n a k a b o
n a - a b z b z l r
n z l z t r - n g r d e
t z l z t r
t z l z t i t r
l z o k r
n z r l z - k r b z l e
n z l z
n a w r k x t r
d r t w r d e
t q r p n a l z m
t q p n z ' l e
n z m c
t q p r t r p e b z k r
t r t q w z p e u
n z w z t i - k r b z l e
t r n a n i b q l e u
m z l i   k c
k c m a
n a i p q p x n g r
k r l x l z p e l e
t q k r l x l z p e l e
n o u d e
t q d c - z l w z n g r
b l e t i p x - l x b l r n g
n u t i t x k r
t q p r t r p e b z k r
p r o t x k r
t r r l r - n g r p l e u
n a r l r - n g r m e
t q r l r p e - n g r m l e
d r t w r d r
d r t w r m
d r t w r n g e l e
t q d c p x m
t q a c l v e b o
n z l x p l z t x
p r o t x k r
t q p r t r p e b z k r
p r o t x k r
s c g r
s c d e
t u t x l z m
t q r b l x t i l e
t q r b l x t x p e
e t u n e p x - z v z l e
k x e t u b z
e t u n e p x
m z l i   k c
k c m a
t z t u l r t r p e m
n z p n a
t q l x n g i t i - a t e x
n a l x n g i t i k u
y a p x - z v z k r
n a y a - p w z - t i p e x
y a n e - z v z k r
t r n z y a g o x - k r g r u
t r b o i u
y a p x - z v z k r
n z k q b l q p x - k r m c
n z o b q - k a p q k r
k x k q l u
t z p n a t i b z l r
t q a m z n r p e l e
l c d e p w z
l x e d e
n z o b q - k a p q k r
t w z q
v o k r
n a p i l v z t i
t r t e d e
n z m n c l z b z n g
m z k e '
m n q t i p e l e
t r - r m n q u
n z r m n q t x n g
t z t a v e t r p e l r
m c p z
n z k r k a ' p x - k r m l r
n a k r k a ' - z v z k u
n a y a - p w z - t i p e x
y a p x - z v z k r
t z y z l u p e - m o p w z n g
b z t i p e d e
n z o l z - k r m l e
p i b z l e
t z - z p q t r n g
t u t x l z m
n a y a - p w z - t i p e x
y a p x - z v z k r
n z y a - z v z n g
y a n e - z v z k r
m q n g r m
p i b z l e
n a m a p u p e b z l e
t q m w i t x p e
d r t a ' d r
v o m l e
r m a l e
t q r p n a l z m
t q p n z ' l e
t q r p n z ' p e b z
p n z ' b z l e
n z p n z ' p e m
t q t a b c - z l i n e p e k r
t a b c - z v z k r
k r k a ' - l e - b l r k u
l a n g
r p i - r d e
t q r p i p e b o
t q p i p e b z k r
r p i o l e
n z r p i - k r b o
t r p i p e ' u
p i t x m l e
t q p i p e m l e
n z r p i b z
r p i b z
t q r p i p e b z l e
r p i b o
t q r p i m l e
n z p i p x k r
r p i b z k r
t q r p i l e
t q p i t i k r
r p i b z l e
t q r p i - a w a p e b z l e
p i p e b z
t q v e a p e b z
k r n e d r
t r n g i u
n z p e t i
t z p e o n g r
p e t r l e
n a n g i
t q o p x p e - n g r d e
l v c - a l z u p q
k x t r k a
v o k r
v z b z
p z t i t x k r
t q p z l e
t r d o u
t r d o - k z u
t u t x l z m
s c d r
t q y r k r t r - a t e m
t z y z l u p e - m o p w z n g
l x e g r
k x n z s i k l u
d r t w r g r
t q o t i m l e
n z k q o - k r m
n a k q t x o m
m c k r
y r n i - e b i r p e n g
n a y a g o x n g
o s z b z l e
t z v z p e - k a i n g
t q r p n a - n g r m
t z v z p e - k a i n g
t z v z p e - k a i n g
t z v z p e - k a i n g
t q m n c - n g r d e
t z v z p e - k a i n g
n z p r t r - k r n g e
n i b r g r
t z v z p e - k a i n g
e s z - k r d e
e s z ' t i
e s z ' n e
k x t q
t q m n c - n g r d e
t q m n c - n g r d e
t q m n c - n g r d e
t q m n c - n g r d e
t q m n c - n g r d e
n z r p i b z
n z r p i b z
