n z a t u p x - n g r m
t z l v c m q n g
t q v z - n g r g r
n z v z n e - k r d r
n z m c t r
n z y c m n e - k r b o
n z r k a t i p x m q n g
m c p o
v z m i m q
n z v z - n g r m l r
n z m n c l z b z n g
t q v z d z k r
n z o t i p e - k r m
v z t r l e
k r l z m g r
t q m n c n e t r p e m g r
p e t i k r
n z o b q p x b z
t q v z m i t r p e b z l e
t u n e p w z
t q v z b o
r m c t i p e k r
t z p i p e l r
n z y c m n e - k r m
n z o t i p e - k r m
t w z t r l e
t q r p n a p e - n g r m l e
p l a m e i t x d e
p w x p w z
r m c t i l e
n a v z n g
k c m a n g
n z v z b z n g
t q v z p x p e
t q m c p e l e
t q v z m i t r p e l e n g
n a l i n g
n z r l x t i - k r m l r
t q r k a b z
n a n g q d r
n z v z - k r n g e
t q v z p e m
t z v z - n g r
t q y r n i t x p e
t q r p i b z l e
t z x l r o p e l r
n z m n c l z b z n g
p r o t x k r
n z y r l q t r p z l r
n z w z t r n g
a l v z t r l e
t r t q w z p e u
m c t r p z l e
n z l z t i n g
d w a - r b r l z - n g r m q g r
n a p i b z k u
v z x
n z v z o - k r d r
t q v z - n g r g r
n a m n c t x p o
v z m i m q
r m c t i p e k r
x l r b z l e
t q a s u l e
n z w z - k r g r
n z n g i k r
n z a p x - n g r b z
t q t r k a p e m
t u p x m
x l r k r
n z v z - k r n g e
m n c l v z r n g r
n z x l r b z l r l e
n z v z k i l r
t z m n c - n g r d r
n z m c p x
t q p i b z k r
n z v z p x b z n g
t q p i m e
t q p i p e b z l e
r m c t i - n g r g r l e
v z k i m l e
t q r p w a ' - n g r b z m e
n z v z - k r m
t q v z p x p e
n z v z - k z n g
r p i l e
m w i t x
n z l r m z t r - k r d e
t q d w a p l r k r n g
m c p o
n a v z b z
t q p r t r p e b z k r
n z r p i b z
v z t x
n z r m n q - k r d r
n z v z p e n g
t q p i b z k r
n z r m c t i l r
v o t r p z k r
t q m n c - n g r d e
v z m i m q
n a y a p w x t i m l e
n a a g l q b z l r
t q v z p e x
t q m c p e x
n z y c m n e
n z p r p x n g r
m c p x m
t r t q w z p e u
n z v z k i o l r
m r b r t i t r p e
n z v z - z v z b z n g
m n c t i k r
t r v z n e - k a k r
m n c p e x
n z r l a s z - k r g r
t q a e n z l i k r
x l r m l e
v z m i m q
t z v z n e p e n g
t z r p n z t r p z n g
n a v z n g r
n z b z n g
n a t w z b z l r
t z v z - n g r
t z m n c t x - a l o p e n g
y a o m q g r
n z v z - k r b o
n z v z - k r n g e
n z m n c p e - k r g r
t q v z t r - m o p w z k r
v z p x b z k r
y a n e - z v z k r
t q v z b o
v z k i m l e
r m c t i l e
n z m c t r p e m l r
t q m a l e l e
v z m i o l e
t q w a i p e l e
n a v z n g
t q p i b z
n z v z - k r g r
n a v z b z
v z t x
n z m c t r
n z w z t i - k r b z l e
n z y r b z
n z p r p x - k r d r
v z p e m
t q v z p e m g r
o b q o b z
n z w z - z l w z - k r g r
n z v z k i l r
n z r p i m l r
t a k i t r t x p w z
n z r p i m l r
n z v z - z v z b z n g
t q v z t x
n a v z b z
m n c - m i p e - a m u
r p w a ' t x - n g r b o
n z k r l z m l r
t q r p i p e x
n a m n c - k a p q n g r
t r m n c n e - z p w x p e k r u
t q r m c t i p e k r
t r t q k a p e p w q l e
n g q t i p e l e
m n c - e p e l z l e
n a v z b z
t q v o t i t r p e m l e
m c p x m
n a v z b z
n z v z
t q o t i - a t e m
n z o - k r m
n z v z k i l r
n a m n c - k a p q n g r
n z v z b z n g
a e l w a p x - p n z
n z v z - z v z b z n g
t z v z o p e n g
t z v z - n g r
r m c t i l e
m n c - e p e l z l e
m c t r k r
n z a y o n e p e - k r d r
t q p i m e
t q p i
t u o m
n z m c t r
a s u m i p e b o
n z m c t r
n z r m c t i l r
n z r p i b z
t q v z p e m
t q v z p e x
t q v z m i t r p e l e n g
t z y a p x p e n g
n z a b r t z - k r g r
t q p i m e
t q r w z s o
y c - x b z t r k r
t q y r p l a t r p e
n z v z b z n g
n z r t w z - k z p q n g
t q m c p e l e
s c d r
n a m n c n e - n g r g r
d w a l z m g r
t q p r o - n g r g r
r m c t i - n g r g r l e
n z p r p x - k r d r
t z v o p e
n z v z p x n g
t z v z n e p e n g
n z v z - n g r m l r
t q x l r p e k r
t q t u p x m
t z m w i - n g r d r
n z r p i l r
t q v z p e m
n g r l r m i m l e
n z b o m - k r d e
n z a t u p x - n g r m
n z m n c p e n g
n z r p i b z l r
n z v z k i l r
n z n g i k r
n z t c n g r l z k r
o b q o b z
n z v z - k r b z k r
t q r m c t i p e k r
n z v z - k z n g
t q v z m i t r p e b z l e
t z r t w z t i p e - k z n g
t z a n g i o l r
n z v z p x n g
t q w r k x t r - n g r g r
t u t i p x - n g r m
t z v z p x p e b z n g
n a n g i t x p w z
r n g i - b a t r p q
n z v z k i o l r
t z v z o n g
n z v z - k r n g e
n z v z p x b z n g
t r n z p i - k r p o ' u
n z r p i m l r
v z p x b z k r
v z p x b z k r
n z r p i m l r
r m c t i l e
t u n e p w z
y z l u m l e
r m c t i l e
t q r p i p e x
r m c t i l e
m n c t i k r
r m c t i l e
t q p i b z k r
m c l z k r
r n g i - b a t r p q
t q p i b z k r
v z t r n g r
t q p i b z k r
r m c t i l e
t q v z p e m
n z v z b z n g
n z d w a t r - m o u - k r g r
r n g i - b a t r p q
n z v z b z n g
t q v z p e m
n z v z p e n g
n z v z b z n g
d w a t r k r
n z t u n g r
t q v z p e m
m c l z k r
v z p x b z k r
v z k i m l e
n z v z p x n g
n z v z p x n g
t w z t r k r
n z v z p e n g
t q v z p e m
v z k i m l e
t q v z p e m
n z r p i l r
v z p x b z k r
v z k i m l e
v z p x b z k r
t q v z p e m
v z k i m l e
d w a t r k r
s c m
v z k i m l e
n z r p i l r
n a m n c - k a p q n g r
n z r p i m l r
n z r p i m l r
o t i m
n z r p i l r
x l r k r l e
n z l v c k r
a e l w a p x
t q v z p x p e
r g l q p x k r
t q v z p x p e
m c l x n g
m n c t i k r
t q v z p e m
t q a m r l z
m c l z k r
t q v z p e m
o b q p x k r
t q v z p e m
t q v z p x p e
n e d r n g
t q v z p e m
t q v z p x p e
v z p x b z k r
n z r p i l r
n z d w a t r - k r d e
n z r p i l r
m c l x n g
n a p i b z k u
t q v z p x p e
t q v z p x p e
v z p x b z k r
n z r p i l r
n z t u n g r
t q a s u p e
t q v z p x p e
n z w z k r
w z t r p o
m c l z k r
t q m c p e x
t q a y r n i p e
n z w z k r
m c l z k r
x l r k r l e
t q p n z ' l e
t q v z p x p e
t q v z p x p e
a t u l z n g r
t q v z p x p e
t q v z p x p e
w z t r p o
t q v z p x p e
n a v z b z
n a v z b z
n a v z b z
v z p x b z k r
t r s u k a
n a v z b z
n a v z b z
n a v z b z
n a v z b z
n a v z b z
m c l x n g
m c t r k r
t q v z p x p e
n a v z b z
t q p n z ' l e
t q y r k r p e
n a v z b z
n a v z b z
n a v z b z
t q v z p x p e
v z t r - k z p z
n z r p i m l r
m c t r k r
n a v z b z
k r l z m l e
t q p i m e
y z l u m l e
n z v z b z n g
m n c t i k r
n z v z b z n g
n z t u n g r
n z v z b z n g
t q v z p x p e
n z m n c k r
t q v z p x p e
t q v z p x p e
t q v z p e x
t u l z m c
t q m r b r
t q v z p x p e
t q v z p x p e
t u l z m c
w z t r p o
w z t r p o
x l r m l e
n z r p i l r
n z v z b z n g
x l r m l e
o t i l e
x l r m l e
t z r m c t i p e l r
p i b z l e
v z t r l e
t q v z p e x
t q v z p e
t z v z - n g r
r p i l e
m c l z k r
k x t o p w z
t q m c p e x
t q v z p e
t u l z m c
m c l z k r
t q v z b e
w z t r p o
v z t r l e
m n c p e x
n a v z b z
r p i l e
m c l z k r
m c l x n g
m c l x n g
t u t x l z m
t q t w z p e
m c l x n g
r k a t r p q
m c l x n g
m n c p e x
d r t w r d e
t q v z p e
t q a s u l e
k r l z m l e
r p i l e
n z r p i l r
t q v o b e
v z t r l e
v z t r l e
n a v z n g
v z t r l e
p i b z l e
t q v z p e m
n z m c p x
v z t r l e
y z l u m c
n z w z k r
t q v z p e
p i b z l e
t q a s u p e
t q v z p e
t u t x l z m
v z t r l e
t z v z p e
p r o t x k r
n z w z k r
t q p i m e
n z m c p x
r p i l e
m c l x n g
t q v z p e
n z b o m l r
m n c p e x
n z m c p x
n z m c p x
v z t r l e
y r n i t x
v z t r l e
v z t r l e
t z v z p e
t q p i b o
m c t r k r
v z t r l e
v z t r l e
v z t r l e
n z r p i l r
t q p i m e
v z t r l e
m c t r k r
t q p i m e
v z t r l e
m c l x n g
t q p i m e
v z t r l e
v z t r l e
o b q p x k r
t q p i m e
o t i l e
m c l x n g
v z t r l e
e t u t x
t q p i m e
r p i l e
t q v z p e
m n c p e x
t q v o b e
m n c p e x
x l r k r l e
v z t r l e
m n c p e x
m n c p e x
m n c p e x
r p i l e
m c l x n g
n z m c p x
t z v z p e
t z v z p e
r p i l e
t z v z p e
m c l x n g
t z v z p e
v z t r l e
n z m c p x
t z v z p e
r p i l e
n z m c p x
m c p o
t z v z p e
n z m c p x
t q v z b o
t q v z p e m
t q v z b o
t q v z b o
t q v z b o
t q v z b o
t q v z b o
t q v z b o
t q v z b o
m c l x n g
t q v z b o
t z v z p e
t q v z b o
t q v z b o
t q v z p e m
r p i l e
t q v z b o
t q v z b o
y r n i t x
n z m c k r
t q v z b o
m c p x k r
v z t r l e
n z w z k r
t q v z p e
t q v z p e
t q v z p e
t q v z p e
t q v z p e
t q p i m e
k r l z b o
p i b z l e
m z l i   k c
m n c p e x
t q v z p e
n z m c k r
m c p x m
n z m c k r
m c p x m
t q m c p e
r p i l e
k x y r l z
v z p e m
t q v z b o
m c p x m
o t i l e
v z p e m
m c p o
v z m i o l e
t q v z b o
v z p e m
n z y c m n e
v z d e
t z v z p e
d r t w r m
t q t u l z
v z m i o l e
p r o t x k r
t q v z p e
t q v z p e
t q v z p e
v z m i m q
t q v z t r p e
n z r p i l r
t q v z p e
t q v z p e
t q v z p e
v z p e m
t q v z p e
t q v z p e
v z m i o l e
p i b z l e
t q t u l z
v z t x
v z m i o l e
v z m i o l e
n z y r l q
v z m i o l e
p i b z l e
v z k i m l e
v z p e m
v z k i m l e
v z k i m l e
v z t r l e
v z k i m l e
t q a m a p e
n z p n a n g
m c p x m
a p u l e
n a v z n g
v z m i o l e
r p i l e
t z v z p e
m c l x n g
t z v z p e
t z v z p e
y r n i t x
r p i l e
t z v z p e
t z v z p e
p i b z l e
t z v z p e
p i b z l e
t z v z p e
d r t q g r
t z v z p e
n z m c p x
t z v z p e
t z v z p e
m c p o
t z v z p e
t z v z p e
n z m n c t x p w z
t q p i b z
m c t r k r
v z m i o l e
r p i l e
t r t e g r
n z m c k r
n z m c k r
o t i l e
m c p x m
m c o m q
m c p o
m c t r k r
t q m n c
t q m n c
x l r b z
n z m c p x
m c p x m
n e m u n g
m c p x m
m c p x m
m w i t x
t r t e d e
v z p e m
v z p e m
m c t r k r
v z p e m
m r t u p e
v z p e m
v z p e m
m c p o
m c t r k r
n z m c t r
m c t x m
m c t x m
v z t r l e
m c t x m
m c t r k r
m c t r k r
m c t r k r
m c t r k r
v z t r l e
m r l x m q
t r d o - k z u
m c p x m
m c t x m
m c t x m
t w z t x p o
m r b r t x
m c t x m
t q m n c
n z m c k r
t q m n c
m c t r k r
m c p o
m c t x m
m w i t x
d r t q d e
k r l a
m c p o
t q m n c
n a r l z
m c t x m
n z r p i b z
t q t u l z
v z p e m
v z t x
v z p e m
m c t x m
m w i t x
n z r p i b z
n z r p i b z
n z r p i b z
t w z q
n z r p i b z
n a m w i
m c t x m
n z r p i b z
v z t x
t q n g i
n z m c k r
n z m c k r
n z m c k r
n z m c k r
n z m c t r
m c p o
v z t x
v z t x
t q t u l z
v z m i m q
m c l x
t q p i b z
t q m n c
m c p o
n z m c t r
v z t x
k x e t u
v z t x
t q p i b z
x l r k r
t q p i b z
v z m i m q
v z t x
n a m w i
k x p l c
t u p x m
n z y r l q
m c t x m
v z t x
m c l x
t q t r k a p e m
t q p i b z
v z t x
v z t x
t q p i m e
n g r d r
m c l x
t u p x m
t z v z - n g r
t z v z - n g r
v z t x
t u p x m
t z v z - n g r
m c l x
t z v z - n g r
t q t u l z
t z v z - n g r
v z t x
t z v z - n g r
t z v z - n g r
t z v z - n g r
m c l x
t q p i b z
v z t x
t q t u l z
m c l x
v z m i m q
m c l x
t u p x m
n z m c k r
t q v o b e
m c l x
m c l x
v z t x
t u p x m
m c l x
v z m i m q
v z t x
t q m n c
v z t x
v z m i m q
k x p i p z
v z m i m q
n z m c t r
v z t x
v z m i m q
n z m c k r
n z m c k r
v z m i m q
v z t x
m c l x
n a p i p x - l z b q n g
v o k r
v z m i o l e
v z m i o l e
n z m c t r
v z m i o l e
m c l x
t u p x m
v z m i o l e
t q n g r l r p x p e m
v o m l e
v z m i o l e
v o k r
v z m i m q
v z m i o l e
v z m i o l e
v z m i o l e
n z m c t r
v z m i o l e
v z b z
t q p i b z
t q n g r l r p x p e m
r p i - m o p w z
n a p i t r - m o u p o
t q p i b z
t q r p n a - n g r m
n z m n c l z b z n g
v o m l e
m c l x
t q v o b e
v o k r
n a m c l e
t u o m
v o m l e
m c l x
t r v z n e - k a k r
t q a b r t z - z v z - n g r g r
t r v z n e - k a k r
o t i b z
n z v z - z v z b z n g
n z y a l z - k r g r
n a w r k x t r
m c l x
v z - z v z x
y c p x
v z - z v z x
v z - z v z x
v z - z v z x
n z v z - k r b o
v z - z v z x
t u o m
v z - z v z x
n z r p i m
v z - z v z x
v z - z v z x
v z - z v z x
t q p i b z
v z m i m q
v z m i m q
n z a b r t z k r
n z m c t r
v z m i m q
v z m i m q
v o k r
o t i b z
n z r p i m
o t i b z
v z m i m q
v z m i m q
v z m i m q
v z m i m q
t z v z - n g r
n z v z - r b r - k r d r
n z v z p e - k r d r
n z v z p e - k r d r
n z v z p e - k r d r
n z v z - k r m
n z v z - k r m
n z v z - k r m
n z m c t r
t q t u p x m
k c m a
t q t u p x m
n z v z - k r m
n z v z - k r m
o t i m
n a v z n g
n a v z n g
n a v z n g
n a v z n g
n a v z n g
n z r p i m
t q t u p x m
t q t u p x m
n z v z - k r m
n z v z - k r m
n z v z - k r m
n a v z n g
n a v z - k a i n g
n a v z n g
n a v z n g
v z p e m
t q p i p e m
v z p e m
n z v z - k r m
r k a t r p q
v z p e m
v z p e m
t q t u p x m
n a v z n g
n a v z n g
n a v z n g
t q p i p e m
n a v z n g
t q p i p e m
y r m q
n z m c t r
n z m c t r
n z m c t r
v z p e m
n a v z n g
v z p e m
m c p x m
v z p e m
v z p e m
v z p e m
v z p e m
v z p e m
m c p x m
v z - z v z x
t q p i p e m
t q p i p e m
t q p i p e m
t q p i p e m
t q p i p e m
t q p i p e m
m c t x m
m c t x m
t q p i p e m
t q p i p e m
v z - z v z x
v z - z v z x
v z - z v z x
v z - z v z x
v z - z v z x
v z - z v z x
v z - z v z x
v z p e m
v z - z v z x
n z r p i b z
n z r p i b z
n z r p i b z
n z r p i b z
n z r p i b z
n z r p i b z
n a n g i
n z v z - k r m
n a v z n g
n a v z n g
n e d r
t q t u l z
v e x
v z x
v z x
v z x
v z x
n z v z
n z v z
n z v z
v z x
n z v z
n z v z
n z v z
n z v z
v z x
v z x
v z x
v z x
v z x
v z x
v z x
v z x
v z x
v z x
v z x
v z x
v z x
v z x
v z x
v z x
n z v z
n z v z
n z v z
n a v z n g
n a v z n g
n z v z
n z v z
n z v z
n z v z
n z v z
n z v z
n z v z
n z v z
n z v z
n z v z
n z v z
n z v z
v z x
