ö r d e ğ i n
d e ğ i ş m e z   m i y m i ş s i n
s ü z m ü ş   o l a c a k   m ı y d ı n
g ö ç m ü ş   o l a c a k   m ı
s e s t e ş l e r i n i z e
p a r ç a l a n m a d ı   m ı y d ı n
u s u l
g ö ç ü y o r   o l a c a ğ ı z
s e r p m e y e c e k
s e r p i y o r   o l a c a k m ı ş ı m
d e ğ i ş i r d i k
p a r ç a l a n ı y o r   o l m a l ı s ı n ı z
p a r ç a l a n d ı l a r
e r n e k l e r i n i
s ü z e c e k   m i y m i ş s i n i z
b ü s t ü n d e n
p a r ç a l a n m a y a c a k l a r m ı ş
d e n e y i m d e
p a r ç a l a n m a y a c a k   m ı y d ı
d e ğ i ş e c e k   o l a c a k   m ı y m ı ş s ı n
a v u k a t l a r ı n ı
d e ğ i ş m i y o r l a r   m ı
d e ğ i ş i y o r   o l m a l ı   m ı y d ı n
d e ğ i ş i y o r   o l m a l ı   m ı y d ı m
k a t e g o r i l e r i m i z i n
d e ğ i ş i y o r   m u
d e ğ i ş i y o r   o l a c a k   m ı y m ı ş ı z
d e ğ i ş m e y e c e k s i n
p a r ç a l a n ı y o r d u n
a v u k a t ı z
d e ğ i ş m e m e l i y m i ş i m
a v u k a t l a r ı n ı z ı
a y r ı m c ı l ı ğ ı m
t e k i l   k a l ı b ı m ı z a
m i l y o n e r i m i z
p a r ç a l a n m a m a l ı y d ı m
p a r ç a l a n m a y a c a k l a r d ı
d e ğ i ş i y o r   o l m a l ı y ı m
k u r b a ğ a c ı ğ ı n d a n
s e r p m e m e l i l e r   m i y m i ş
p a r ç a l a n ı y o r l a r   m ı y d ı
ü z g ü n d ü
ç i z g i l e r m i ş
p a r ç a l a n ı y o r   o l m a m a l ı y d ı m
a y r ı m c ı l ı k l a r ı m ı z ı
g ö ç ü y o r   o l m a l ı   m ı y d ı n ı z
p a r ç a l a n m ı ş   m ı y m ı ş s ı n ı z
g ö ç ü y o r   o l a c a k l a r d ı
s ü z e r   o l m a y a c a k m ı ş ı m
d e ğ i ş i y o r   o l m a m a l ı y ı z
ü z g ü n   d e ğ i l   m i y d i n i z ?
ü z g ü n   d e ğ i l d i n i z
s e r p e c e k m i ş s i n i z
s e r p i y o r   o l m a m a l ı   m ı y m ı ş ı m
s e r p m e l i y m i ş s i n i z
p a r ç a l a n m a d ı y d ı
d e ğ i ş m e y e c e ğ i m
s e r p m i ş   o l a c a k t ı n ı z
k a t e g o r i l e r i m i z d e n
d e ğ i ş t i y d i
p a r ç a l a n ı r   m ı s ı n
y a n   t ü m c e l e r i n d e n
s e r p m i ş   o l m a y a c a k t ı n ı z
ü z g ü n m ü ş s ü n
d e ğ i ş i y o r   o l m a m a l ı s ı n ı z
g ö ç m e d i y d i n
g ö ç m e l i
p a r ç a l a n m e l i l e r   m i
g ö ç e c e ğ i z
y e r i n i z i n
ö r d e k l e r
s ü z m e l i y d i n
b a k i r e s i n d e
s e r p m i ş   o l m a y a c a k
g ö ç ü y o r   m u
y e r i m i z e
m i l y o n e r l e r s i n i z
s e r p m i ş m i ş i z
d e ğ i ş m e m i ş m i ş s i n
h e n d e s e l e r i
d e ğ i ş m e d i y d i n i z
s e s t e ş i m i z d e n
s e r p e r   m i
d e ğ i ş e c e k   o l a c a k   m ı s ı n ı z
p a r ç a l a n a c a k t ı k
d e ğ i ş m e m e l i s i n
b a k i r e l e r i n i
d e ğ i ş i y o r   o l m a z d ı
p a r ç a l a n m ı y o r d u
a y r ı m c ı l ı k l a r m ı ş ı m
p a r ç a l a n m ı y o r   m u y d u
p a r ç a l a n ı y o r   m u y m u ş s u n u z
e r n e k
s ü z m ü ş   m ü y m ü ş
d e ğ i ş e c e k l e r m i ş
s e r p e r   m i s i n i z
g ö ç e r m i ş s i n
s ü z m e m i ş   m i y i m
s e r p m i ş   o l m a y a c a k   m ı y ı m
e r n e k m i ş i m
p a r ç a l a n ı y o r d u k
p a r ç a l a n m a m a l ı   m ı y d ı
t e k i l   k a l ı b ı m ı z d a
g ö ç m ü ş   o l m a y a c a ğ ı z
s ü z d ü m   m ü
p a r ç a l a n m e l i   m i s i n i z
h e n d e s e l e r i n i n
b a k i r e y i
s ü z e r   m i y d i n
g ö ç e c e k m i ş i z
s ü z m e m e l i   m i y d i n
m i l y o n e r i m i z e
g ö ç t ü n
d e ğ i ş i y o r   o l a c a k s ı n
p a r ç a l a n ı r   m ı y d ı m
d e n e y i m i n i z
s ü z m ü ş   m ü y d ü m
p a r ç a l a n d ı
b a k i r e s i
s e r p m e l i y d i k
s e r p m e z   m i y i m
s e r p m e y e c e k s i n i z
s e r p i y o r   o l a c a k m ı ş ı z
t e k i l   k a l ı p l a r ı n d a
p a r ç a l a n ı y o r   o l m a l ı l a r d ı
s ü z m ü y o r   m u y m u ş s u n u z
s ü z m e z m i ş s i n i z
ö r d e k l e r i n i n
s e r p m e l i   m i y d i k
ü z g ü n   m ü y d ü l e r ?
a y r ı m c ı l ı k l a r ı n ı z d a
s e r p i y o r   o l m a l ı   m ı y m ı ş s ı n ı z
t o p o l o j i l e r i n d e n
g ö ç ü y o r   o l m a m a l ı   m ı y m ı ş ı z
d e ğ i ş m e m e l i   m i y i m
m e f h u m l a r ı n
t e c r i t l e r i n e
ö r d e ğ i n d e
d e n e y i m l e r i n d e
g ö ç ü y o r   o l a c a k   m ı y m ı ş
s ü z m e z   m i y d i n i z
m i l y o n e r i n i z e
s e r p m e z   m i s i n
d e ğ i ş i y o r   o l m a m a l ı   m ı y m ı ş
s e r p i y o r   m u y d u n
s ü z e r   m i y m i ş i z
b a k i r e l e r i n
s e r p m i ş   o l a c a k t ı k
d e ğ i ş e c e k   o l a c a ğ ı m
d e n e y i m l e r i n d e n
d e ğ i ş i y o r   o l m a m a l ı   m ı y m ı ş ı m
p a r ç a l a n m a y a c a k   m ı y m ı ş s ı n ı z
g ö ç e r   o l m a y a c a k m ı ş s ı n
p a r ç a l a n ı y o r   o l m a m a l ı   m ı y d ı n ı z
s ü z m e m e l i y m i ş s i n i z
p a r ç a l a n m a m ı ş   m ı y m ı ş ı z
y e r l e r i n i z
y e r l e r s i n
g ö ç ü y o r   o l m a m a l ı s ı n
s e r p m e d i k   m i
s e r p t i y d i n
a y r ı m c ı l ı k l a r m ı ş
s ü z m e y e c e k   m i y d i n
g ö ç m e m i ş t i n i z
d e ğ i ş m e l i l e r d i
y a n   t ü m c e m i z d e n
ç i z g i l e r i m
p e n i s l e r d e
g ö ç m e d i l e r   m i
s e r p t i y d i
s ü z m ü ş   o l m a y a c a k t ı k
g ö ç ü y o r   o l u r l a r   m ı y d ı
t o p o l o j i m i z e
g ö ç m e z l e r d i
s ü z m e z m i ş
g ö ç m ü y o r m u ş
s e r p i y o r   o l a c a k t ı
d e ğ i ş i y o r   o l m a m a l ı   m ı y m ı ş s ı n
s ü z m e z   m i y d i k
s e r p e c e k   o l a c a k l a r
s ü z m e d i   m i y d i k
d e ğ i ş m e m i ş t i k
b a k i r e n i z
s ü z e r   m i y d i k
g ö ç ü y o r   o l m a l ı l a r   m ı
g ö ç m e m i ş   m i y m i ş s i n i z
d e ğ i ş m e z m i ş s i n
b ü s t ü m ü z d e n
b a k i r e d e n
ö ğ ü t ü c ü l e r i n e
g ö ç ü y o r   m u y d u
d e ğ i ş m i ş   o l m a y a c a k t ı n
s ü z m ü ş   o l a c a k   m ı
s e r p m e l i   m i s i n i z
b a k i r e y m i ş s i n
d e ğ i ş i r   o l m a y a c a k m ı ş s ı n ı z
s ü z ü y o r   o l m a z   m ı y d ı m
ç i z g i y d i
s ü z d ü y d ü n ü z
p a r ç a l a n m ı ş   o l a c a k t ı n
ç i z g i n i z d e n
p a r ç a l a n d ı   m ı y d ı k
ü z g ü n   d e ğ i l d i
d e ğ i ş i y o r   o l a c a ğ ı z
ö r d e k l e r i m i z d e
s e r p i y o r
s ü z m ü ş m ü ş
g ö ç m e l i l e r   m i y d i
g ö ç ü y o r   o l m a z   m ı y d ı n
p a r ç a l a n a c a k   o l m a y a c a k   m ı y m ı ş ı z
s e r p m e y e c e k m i ş s i n i z
p a r ç a l a n ı r ı m
s e r p e r   m i y m i ş
y e r i z
s ü z m ü ş   o l a c a k   m ı s ı n
g ö ç ü y o r   o l m a m a l ı y d ı n ı z
k u r b a ğ a c ı k l a r ı n ı z
p e n i s i n i z d e n
s e r p m e m e l i y d i
m i l y o n e r l e r i n d e
d e ğ i ş e c e k   o l m a y a c a k m ı ş s ı n ı z
t e k i l   k a l ı b ı n a
k u r b a ğ a c ı k
a v u k a t l a r ı m
s ü z m ü ş l e r   m i
s e r p e c e k   o l m a y a c a k l a r m ı ş
t e k i l   k a l ı p l a r ı n d a n
s e r p m i y o r   m u y d u m
b a k i r e l e r s i n i z
b ü s t ü m ü z d e
d ü z e n l e n e b i l i r l i ğ i n e
p a r ç a l a n m a m ı ş s ı n ı z
s ü z m ü ş   m ü y m ü ş s ü n
d e ğ i ş m e z s i n
m i l y o n e r i n i z
s ü z e c e k t i k
y e r l e r i n
p a r ç a l a n m e l i   m i s i n
t e c r i t l e r i m i z d e n
s ü z e c e k   o l m a y a c a k l a r   m ı
p a r ç a l a n ı r   o l m a y a c a k   m ı y m ı ş s ı n ı z
s ü z m ü y o r s u n
b a k i r e m i z d e n
m e f h u m a
m a k i n e s i n i
p a r ç a l a n m a l ı   m ı y m ı ş s ı n
ü z g ü n   m ü y d ü ?
ç i z g i l e r d i r
t e c r i t l e r i m i z i
p a r ç a l a n m a z   m ı y ı z
