s ü z m e m i ş l e r m i ş
g ö ç t ü y d ü
ç i z g i y d i k
g ö ç ü y o r   o l m a y a c a k t ı m
d e ğ i ş i y o r   m u s u n
y e r l e r i n i z i n
s e r p t i l e r d i
s ü z ü y o r   o l m a m a l ı y m ı ş ı m
d e ğ i ş i r   o l a c a k   m ı y m ı ş ı z
s ü z m e z   m i y m i ş i z
s ü z e c e k   o l a c a k   m ı y m ı ş s ı n ı z
p a r ç a l a n m ı ş   m ı y m ı ş ı z
h e n d e s e l e r d e n
d ü z e n l e n e b i l i r l i k l e r i n e
s e r p i y o r   o l m a y a c a k   m ı s ı n ı z
b ü s t l e r i n i n
s e r p i y o r   m u y m u ş u z
a y r ı m c ı l ı k l a r ı m ı z
d ü z e n l e n e b i l i r l i k l e r i n e
d e ğ i ş m e y e c e k l e r   m i y m i ş
g ö ç m e m i ş l e r   m i
s ü z e c e k l e r
p a r ç a l a n m a z   m ı y m ı ş s ı n ı z
s e r p e c e k t i m
s e r p m e y e c e k   m i y d i n i z
s e r p e r   o l a c a k m ı ş ı z
s ü z m ü ş   m ü y d ü
g ö ç e c e k   o l m a y a c a ğ ı m
p a r ç a l a n ı y o r l a r
s e r p i y o r l a r m ı ş
s e r p m e y e c e k l e r d i
d e ğ i ş m i y o r   m u y d u n u z
p a r ç a l a n a c a k   o l m a y a c a k m ı ş s ı n ı z
g ö ç m ü y o r m u ş s u n
b a m y a l a r ı m ı z d a n
d e n e y i m i m i z
i s t i r i d y e l e r i n i z i n
y a n   t ü m c e m i z e
s e r p e c e k   o l m a y a c a k   m ı s ı n ı z
g ö ç e c e k   m i y m i ş s i n i z
d e ğ i ş i y o r   o l u r   m u y d u k
b a m y a l a r ı
p a r ç a l a n m a m a l ı   m ı y m ı ş s ı n
s ü z ü y o r   o l m a m a l ı   m ı s ı n
s e r p e c e k   o l a c a k   m ı y ı m
d ü z e n l e n e b i l i r l i ğ i m i z d e
g ö ç m ü ş   o l a c a k   m ı s ı n
m e f h u m l a r ı n d a n
s e r p i y o r   o l u r d u n
s e r p i y o r   o l m a y a c a k   m ı y m ı ş s ı n ı z
s e r p m i y o r u m
g ö ç ü y o r   o l m a y a c a k   m ı y d ı k
g ö ç e r d i n i z
y e r l e r m i ş
p a r ç a l a n m a m ı ş m ı ş ı z
m a k i n e l e r i m i z i n
p a r ç a l a n a c a k   m ı
g ö ç ü y o r   o l a c a k l a r
m i l y o n e r i n e
g ö ç ü y o r   o l m a m a l ı
s ü z e c e k   o l a c a k l a r   m ı
p a r ç a l a n ı r   m ı y d ı n
g ö ç m e l i y d i n
a y r ı m c ı l ı k l a r ı n d a n
d e ğ i ş i y o r   o l m a l ı y d ı
t e c r i d i
ü z g ü n m ü ş l e r
i s t i r i d y e n i z
s e r p m e y e c e k   m i y d i n
s e r p m e m
g ö ç m e z l e r   m i y m i ş
d ü z e n l e n e b i l i r l i k l e r i n i z
s ü z ü y o r   o l m a y a c a k t ı m
p a r ç a l a n m ı y o r m u ş
ç i z g i l e r m i ş s i n i z
s ü z e c e k   o l m a y a c a k   m ı
b ü s t l e r i n d e n
g ö ç m e z d i k
b a m y a l a r ı n
e r n e k l e r
p a r ç a l a n m a l ı y m ı ş
a v u k a t l a r ı
p a r ç a l a n m a y a c a k   m ı y d ı k
ö ğ ü t ü c ü l e r m i ş i z
s e r p e r   o l a c a k l a r   m ı y m ı ş
s e r p i y o r   o l m a l ı l a r d ı
g ö ç ü y o r   o l m a l ı l a r   m ı y d ı
g ö ç e c e k l e r d i
ö r d e ğ i m i z d e n
p a r ç a l a n ı y o r   o l m a y a c a ğ ı m
d e ğ i ş e c e k   o l m a y a c a k   m ı y m ı ş
g ö ç ü y o r   o l a c a k s ı n
i s t i r i d y e n i z i
s e r p m e m i ş i z
s ü z ü y o r   o l u r d u
y e r l e r i
s e r p i y o r   o l m a y a c a k   m ı y m ı ş s ı n
t o p o l o j i n d e
d e ğ i ş i r   m i s i n i z
s ü z e c e k   o l m a y a c a k   m ı y m ı ş ı z
b a m y a n d a n
s ü z m e y i n i z
s e r p e r d i n i z
p a r ç a l a n ı y o r   o l m a m a l ı   m ı s ı n
s e r p i y o r   o l m a y a c a k m ı ş
s e r p m e l i   m i
s e r p m e y e c e k   m i
d e ğ i ş m e m i ş s i n i z
p a r ç a l a n ı y o r   o l m a z   m ı y d ı
d e ğ i ş e c e k m i ş s i n i z
y a n   t ü m c e l e r i m i z d e n
p e n i s t e
g ö ç m ü ş
m e f h u m u n d a
m a k i n e l e r i n i z e
d e ğ i ş i y o r   o l a c a k m ı ş ı m
a v u k a t l a r ı n ı n
s ü z m ü ş   o l a c a k s ı n ı z
s e r p i y o r   o l m a l ı y d ı m
d e ğ i ş m e y e c e k l e r   m i
a y r ı m c ı l ı ğ ı n ı z
p a r ç a l a n a c a k   m ı y m ı ş ı z
d e ğ i ş e c e k l e r   m i y m i ş
a y r ı m c ı l ı k d ı n ı z
a v u k a t l a r ı m ı z d a n
ö ğ ü t ü c ü n ü z d e n
d e ğ i ş m i ş   o l m a y a c a k t ı n ı z
g ö ç e r   o l a c a k   m ı y m ı ş ı z
k u r b a ğ a c ı ğ ı m ı z ı n
s ü z m e l i y d i m
g ö ç m e m i ş l e r   m i y d i
g ö ç ü y o r   o l a c a k m ı ş s ı n ı z
d e ğ i ş m e l i   m i y d i n i z
t o p o l o j i m i z
b a m y a l a r ı n d a
a v u k a t l a r ı n ı z ı n
t o p o l o j i n i n
d e ğ i ş m e y e c e k   m i y m i ş s i n i z
p a r ç a l a n m a m a l ı y m ı ş s ı n
ü z g ü n ü z
g ö ç m e l i y m i ş
ö ğ ü t ü c ü l e r i m i z e
m a k i n e l e r d e n
m e f h u m u n d a n
d e ğ i ş m e z d i n i z
s e r p e c e k
s e r p e c e k   o l m a y a c a k   m ı y m ı ş ı z
ö r d e k l e r i m i z i n
a v u k a t ı n ı
g ö ç e c e k l e r   m i y d i
s e r p i y o r   o l m a m a l ı y d ı k
g ö ç ü y o r   m u s u n u z
d e ğ i ş i y o r   o l a c a k t ı n
p a r ç a l a n ı r   o l m a y a c a k m ı ş ı z
d e ğ i ş m i y o r   m u y d u k
d e ğ i ş i y o r   o l a c a k
g ö ç m e z   m i y m i ş s i n i z
b a m y a y d ı l a r
p a r ç a l a n ı y o r   o l m a l ı s ı n
ç i z g i l e r d e n
m i l y o n e r l e r i m i z d e n
g ö ç m e m i ş   m i y i m
p a r ç a l a n ı y o r   o l m a m a l ı y m ı ş s ı n ı z
d e ğ i ş e c e k t i
s e s t e ş l e r i m i z d e
s ü z e c e k   o l m a y a c a k m ı ş s ı n ı z
g ö ç e c e k   o l a c a k m ı ş s ı n
g ö ç ü y o r   o l u r d u n
p a r ç a l a n a c a k   o l a c a k   m ı
d e ğ i ş e c e k   o l a c a k l a r   m ı y m ı ş
s e r p m e z d i m
u s u l l a r d a n
p a r ç a l a n m ı y o r u z
s e r p i y o r   o l a c a k l a r
d e ğ i ş m i ş   m i y d i
s e r p m e y e c e k t i n i z
d e ğ i ş e c e k   o l m a y a c a k   m ı y m ı ş s ı n ı z
s ü z m e m i ş l e r   m i
k a t e g o r i l e r i n i n
k e f a l e t i m i z i
p a r ç a l a n m a m a l ı   m ı y m ı ş
s e s t e ş i n
d e ğ i ş m i y o r   m u y m u ş s u n
s e r p m e z   m i y d i n i z
y a n   t ü m c e l e r i n d e n
s e r p e c e k   m i s i n
g ö ç m e m e l i y m i ş s i n i z
a y r ı m c ı l ı k l a r d ı r
s e r p e r   o l m a y a c a k l a r   m ı y m ı ş
g ö ç m ü y o r   m u y d u m
h e n d e s e l e r i
i s t i r i d y e l e r i m i z i n
d ü z e n l e n e b i l i r l i k l e r i n i z d e
p a r ç a l a n m a y ı n ı z
s e r p e r   m i y d i
p a s k a l y a   t a v ş a n ı n d a
p e n i s i n i z e
ö ğ ü t ü c ü l e r m i ş
p a r ç a l a n m ı ş   m ı y ı m
k u r b a ğ a c ı ğ ı n ı z ı
k a t e g o r i m i z d e n
s e r p m e m i ş   m i y m i ş s i n
p a r ç a l a n ı y o r l a r   m ı y m ı ş
s e s t e ş l e r i n i z
s e r p m i ş l e r   m i y d i
d ü z e n l e n e b i l i r l i k l e r i m i z i n
ç i z g i n d e n
s e r p i y o r   o l m a l ı   m ı y m ı ş ı m
p a r ç a l a n m ı y o r m u ş u z
p a r ç a l a n ı y o r   o l m a l ı   m ı y m ı ş
g ö ç ü y o r   o l a c a k   m ı y d ı
b a k i r e n i n
g ö ç ü n ü z
b ü s t l e r i n i z
s e r p m i ş   o l a c a k s ı n
g ö ç ü y o r   o l u r   m u y d u m
d e ğ i ş m e z   m i y m i ş i z
d e ğ i ş i y o r   o l m a m a l ı y m ı ş s ı n
s e r p m i ş   o l m a y a c a k s ı n ı z
a v u k a t l a r ı n a
g ö ç ü y o r   o l u r l a r d ı
s e r p i y o r   o l m a m a l ı y m ı ş s ı n ı z
g ö ç ü y o r l a r   m ı
t e k i l   k a l ı p l a r ı n d a
s ü z e c e k   o l a c a k   m ı y ı m
d e ğ i ş i y o r   o l m a z   m ı y d ı m
d e ğ i ş m e d i m   m i
k u r b a ğ a c ı ğ ı n
b ü s t ü n d e
s e r p m e z   m i y d i n
g ö ç m ü ş   m ü y d ü
s e r p i y o r   o l m a m a l ı   m ı y m ı ş s ı n
p a s k a l y a   t a v ş a n l a r ı n a
ü z g ü n   d e ğ i l   m i y d i m ?
t e k i l   k a l ı b ı n d a
d e ğ i ş m e m e l i y d i k
k e f a l e t l e r i n d e n
s e r p m e y e c e k l e r   m i
g ö ç m e m e l i y m i ş i m
p a r ç a l a n ı y o r   o l m a z d ı k
g ö ç m ü ş   o l a c a k
g ö ç e c e k   m i y d i n i z
s ü z ü y o r   m u s u n
g ö ç ü y o r   o l m a l ı l a r m ı ş
p a r ç a l a n ı y o r   o l m a y a c a k   m ı y d ı k
g ö ç e c e k   o l m a y a c a k   m ı
s ü z e c e k   o l a c a k   m ı y m ı ş s ı n
g ö ç e c e k   o l m a y a c a k   m ı y m ı ş s ı n
g ö ç m ü ş s ü n
s e r p e c e k   o l m a y a c a k m ı ş ı m
s e r p i y o r   o l m a l ı
p a r ç a l a n m ı ş t ı k
g ö ç ü y o r   o l m a y a c a k s ı n
m i l y o n e r l e r m i ş i m
g ö ç ü y o r   m u y d u n
p a r ç a l a n m a m a l ı y m ı ş ı z
a v u k a t ı m ı z d a
b a m y a l a r ı n a
g ö ç ü y o r   o l m a z l a r d ı
g ö ç m e m e l i   m i y m i ş i z
g ö ç ü y o r   o l m a m a l ı   m ı y m ı ş s ı n ı z
m a k i n e d e n
t o p o l o j i l e r i n
d e ğ i ş m e l i y i m
ç i z g i y e
m e f h u m u n u z u n
s ü z e r i m
s ü z m ü ş   o l a c a k   m ı y ı m
i s t i r i d y e l e r i m i z d e
s ü z e c e k   o l m a y a c a k
ç i z g i m i z d e
p a r ç a l a n m a y a c a k   m ı y d ı m
p a r ç a l a n m a m a l ı   m ı y m ı ş s ı n ı z
p a r ç a l a n ı y o r   o l m a y a c a k l a r   m ı y m ı ş
m e f h u m l a r ı
m i l y o n e r d e
p a r ç a l a n ı y o r   o l m a m a l ı l a r   m ı y d ı
d e ğ i ş m e z l e r m i ş
s ü z ü y o r   o l m a m a l ı y d ı n
s ü z m e y e c e k l e r m i ş
t e c r i t l e r i n i
a l f a   s ü r ü m l e r i
d e ğ i ş i y o r   o l m a l ı   m ı s ı n ı z
g ö ç ü y o r s u n
p a r ç a l a n m a y a c a k   m ı y d ı n
d e ğ i ş m e y e c e k s i n i z
s e r p i y o r   o l a c a k l a r m ı ş
d e ğ i ş e c e k   o l m a y a c a k s ı n
y e r
s e r p e c e k   o l m a y a c a k   m ı y m ı ş
p e n i s l e r i m i z d e
g ö ç m e m e l i l e r m i ş
i s t i r i d y e n d e n
s ü z m ü ş   o l a c a k l a r d ı
s e r p i y o r m u ş
m a k i n e l e r i m i z d e
ö r d e ğ i n e
p a r ç a l a n d ı n   m ı
s ü z m ü ş   m ü y d ü k
s ü z ü y o r   o l m a l ı   m ı y d ı m
s ü z ü y o r   o l m a m a l ı   m ı y ı m
s e r p i y o r   o l m a l ı y m ı ş
g ö ç m e m e l i l e r   m i
d e n e y i m l e r i n d e n
g ö ç m e l i   m i y d i
s e s t e ş l e r i m i z i
b a m y a y m ı ş ı m
s ü z m e z d i n
d e ğ i ş m i y o r l a r   m ı y d ı
k e f a l e t l e r i m i z
p a r ç a l a n m ı ş m ı ş ı z
t o p o l o j i l e r i n i z i
ö ğ ü t ü c ü s ü n ü z
s e r p i y o r   o l m a m a l ı   m ı y d ı
s ü z ü y o r   o l a c a k m ı ş ı m
g ö ç ü y o r   o l m a y a c a k l a r
s ü z ü y o r   o l m a y a c a k l a r d ı
d e ğ i ş m i ş   m i y m i ş
p a r ç a l a n a c a k   o l a c a k   m ı y ı m
s e r p m i ş   o l a c a k   m ı
m i l y o n e r i m
m i l y o n e r l e r i n i z d e
m i l y o n e r i z
g ö ç m ü y o r   m u y d u n u z
y e r l e r i n d e
s e r p m i ş   o l m a y a c a k l a r
g ö ç ü y o r   o l m a y a c a ğ ı z
g ö ç e c e k   o l m a y a c a ğ ı z
s ü z m e d i n i z   m i
s e r p m i y o r l a r
s e r p i y o r   o l m a y a c a k l a r
s e r p m e z m i ş i m
p a r ç a l a n m ı ş   o l m a y a c a k   m ı y d ı n
s e r p i y o r   o l m a y a c a k l a r   m ı y d ı
s ü z e c e k l e r   m i
k u r b a ğ a c ı ğ ı n ı z a
s ü z ü y o r   o l m a y a c a k m ı ş ı z
d e ğ i ş i y o r m u ş s u n u z
p a r ç a l a n ı r   o l a c a k   m ı y m ı ş ı z
p a r ç a l a n m a m e l i   m i y i z
d ü z e n l e n e b i l i r l i k l e r i m i z i
a y r ı m c ı l ı ğ ı n ı n
e r n e k t i n i z
s ü z ü y o r   o l a c a k t ı m
g ö ç ü y o r   o l m a z d ı m
d e ğ i ş m e z d i n
s e r p m e m i ş   m i s i n
s ü z m e m e l i y i m
a y r ı m c ı l ı ğ ı
s e r p i y o r l a r   m ı y m ı ş
t e k i l   k a l ı b ı n ı z
d e ğ i ş t i n
p a r ç a l a n m a m a l ı y m ı ş s ı n ı z
g ö ç ü y o r   o l m a m a l ı y d ı
k u r b a ğ a c ı ğ ı m ı z a
ö r d e ğ i n i
s ü z e c e k   o l a c a k   m ı s ı n ı z
d e ğ i ş m e z l e r
g ö ç m ü y o r m u ş u z
i s t i r i d y e m i z i
d e ğ i ş i r   m i y m i ş s i n
m a k i n e l e r i n i z
g ö ç e r   o l a c a k   m ı y m ı ş ı m
s ü z m e m e l i l e r
g ö ç e c e k   m i s i n
s e r p i y o r d u n u z
s ü z ü y o r d u
p a r ç a l a n m ı y o r   m u y u z
s ü z m ü ş   o l a c a ğ ı m
s e r p i y o r   o l m a z d ı
s e r p i y o r   o l m a m a l ı l a r   m ı y m ı ş
ü z g ü n   d e ğ i l   m i y m i ş ?
m a k i n e s i n e
s e r p i y o r   o l m a l ı   m ı y m ı ş
g ö ç ü y o r   o l u r   m u y d u k
p a r ç a l a n ı y o r   o l m a y a c a k l a r   m ı
p a r ç a l a n m a l ı l a r   m ı y d ı
h e n d e s e m i z i n
s ü z m e l i   m i s i n i z
t e c r i t l e r i
t o p o l o j i l e r i n i z e
s ü z m ü ş   o l m a y a c a k t ı
b a k i r e n i z e
d e ğ i ş m e d i   m i y d i k
b ü s t ü m ü z ü n
a v u k a t ı m ı z
s e r p m i ş   o l a c a k   m ı y d ı n ı z
g ö ç m e y e c e k s i n i z
g ö ç m e l i y i z
g ö ç ü y o r   o l m a l ı   m ı y m ı ş s ı n
d e ğ i ş i r d i
d e ğ i ş i r i m
a y r ı m c ı l ı ğ ı m ı z ı n
d ü z e n l e n e b i l i r l i ğ i n i
g ö ç m ü ş t ü n
g ö ç ü y o r   o l a c a k   m ı y d ı m
d e n e y i m l e r i n d e
s e r p i y o r   o l m a l ı y m ı ş ı m
s e r p m i ş t i n
s ü z e r d i
s e r p e r   o l a c a k   m ı y m ı ş
a y r ı m c ı l ı k s ı n
h e n d e s e m i z
t e k i l   k a l ı p l a r ı n ı z ı n
s ü z m e m e l i y m i ş
p a r ç a l a n ı y o r   o l m a z d ı
b a k i r e n d e
p a r ç a l a n ı y o r   o l a c a k l a r   m ı y m ı ş
m a k i n e s i n d e n
p a r ç a l a n a c a k s ı n
s ü z m e d i   m i y d i
g ö ç m ü ş   m ü y m ü ş ü z
s e r p m e m i ş   m i
b ü s t ü n ü z e
d e n e y i m l e r i n i
g ö ç m e d i   m i
g ö ç ü y o r   o l a c a k   m ı s ı n
m i l y o n e r l e r i n i n
k a t e g o r i l e r
s e r p m e y e c e k   m i y m i ş s i n
d e ğ i ş i n
ü z g ü n   m ü y ü z ?
d ü z e n l e n e b i l i r l i k l e r i n i n
ö r d e ğ e
s e r p m i y o r d u n u z
s ü z m ü ş   m ü y m ü ş s ü n ü z
s e r p m i ş t i n i z
g ö ç ü y o r   o l m a z   m ı y d ı m
s e r p e c e k   o l a c a k l a r   m ı
y a n   t ü m c e l e r i
p a r ç a l a n m ı ş   o l m a y a c a ğ ı z
s ü z m ü ş   o l a c a k t ı n ı z
m e f h u m d a n
b a k i r e y d i
ç i z g i l e r i m i z i
d ü z e n l e n e b i l i r l i ğ i m i z i n
p a r ç a l a n ı y o r   o l m a m a l ı s ı n
p e n i s
g ö ç ü y o r   o l m a l ı   m ı y m ı ş ı m
ç i z g i l e r d i m
b ü s t ü m ü z e
m i l y o n e r l e r m i ş s i n
s ü z ü y o r   o l m a y a c a k s ı n
p a r ç a l a n m a y a c a k l a r
a y r ı m c ı l ı k l a r d ı k
s ü z ü y o r   o l m a l ı   m ı s ı n
s e r p i y o r   o l m a m a l ı   m ı y d ı n ı z
p a r ç a l a n m ı ş   m ı y d ı n ı z
s ü z ü y o r   o l m a m a l ı l a r   m ı y m ı ş
g ö ç
g ö ç e c e k   o l m a y a c a k   m ı y ı z
p a r ç a l a n a c a k   o l a c a k m ı ş s ı n
s e r p m i ş   o l a c a k   m ı y d ı m
t e c r i t l e r i n i z e
y e r s i n
k a t e g o r i n i z d e
m i l y o n e r l e r
p a r ç a l a n m a m ı ş t ı
p a r ç a l a n ı r   o l a c a k   m ı y m ı ş ı m
y e r i m i z d e n
ü z g ü n   d e ğ i l   m i y i m ?
y a n   t ü m c e n i n
t e k i l   k a l ı p l a r ı n
s e s t e ş l e r i
s ü z m e y e c e k l e r   m i y d i
ç i z g i n e
p a r ç a l a n ı y o r   o l u r   m u y d u
d e n e y i m i
d e ğ i ş i r l e r m i ş
m a k i n e y i
s ü z m e y e c e k m i ş
s e s t e ş l e r i n i
p a r ç a l a n d ı k   m ı
e r n e k l e r m i ş i m
ü z g ü n   d e ğ i l m i ş s i n
g ö ç ü y o r   o l m a z l a r   m ı y d ı
s e r p m e l i l e r   m i y m i ş
d e ğ i ş m i ş   o l m a y a c a k   m ı y d ı
g ö ç e r   m i y m i ş s i n
g ö ç m e d i y d i m
d e ğ i ş i r d i n
k u r b a ğ a c ı k l a r ı n d a n
g ö ç m e z   m i y d i n i z
s ü z e c e ğ i z
m e f h u m u n d a n
p a r ç a l a n a c a k   o l m a y a c a ğ ı m
d e ğ i ş i y o r   o l a c a k m ı ş
d e ğ i ş m e m e l i   m i y d i
k u r b a ğ a c ı k t a n
p a r ç a l a n ı r   o l m a y a c a k l a r   m ı y m ı ş
p a r ç a l a n ı r   o l a c a k l a r m ı ş
g ö ç m e m i ş i m
d e ğ i ş m e m i ş l e r   m i y m i ş
s e r p m i ş   o l a c a k   m ı y d ı k
d e ğ i ş m e d i k
g ö ç m e y e c e k   m i y m i ş s i n i z
d e ğ i ş i y o r   o l a c a k m ı ş s ı n ı z
s ü z ü y o r m u ş s u n u z
p a r ç a l a n m a m a l ı   m ı y d ı n ı z
d ü z e n l e n e b i l i r l i ğ i n d e
d e ğ i ş m e l i l e r m i ş
a v u k a t ı n ı z d a n
s ü z ü y o r   o l a c a k t ı n
t e c r i t l e r i n i z i
ç i z g i y d i n
ö ğ ü t ü c ü l e r
d ü z e n l e n e b i l i r l i ğ i m i z d e n
m e f h u m l a r ı n ı z ı n
p a r ç a l a n m ı ş   o l a c a k t ı k
s ü z e r   o l a c a k   m ı y m ı ş s ı n ı z
m e f h u m l a r ı n ı n
s e r p m i y o r   m u y u z
s e r p t i y d i k
d ü z e n l e n e b i l i r l i k l e r i
g ö ç m ü ş l e r
p a s k a l y a   t a v ş a n ı n d a n
p a r ç a l a n ı r l a r   m ı y m ı ş
p a r ç a l a n ı y o r   o l u r   m u y d u m
d e ğ i ş e c e k
p a r ç a l a n m a d ı l a r   m ı y d ı
s ü z m e m i ş t i n
g ö ç m ü y o r s u n u z
s ü z e c e k   o l m a y a c a k m ı ş ı m
p a r ç a l a n m ı y o r m u ş s u n
s ü z m ü ş l e r   m i y m i ş
m e f h u m l a r ı m ı z ı
d e ğ i ş m i ş i z
ç i z g i l e r i n i z d e n
g ö ç ü y o r   o l m a l ı   m ı y m ı ş s ı n ı z
i s t i r i d y e m i z
h e n d e s e n
p a r ç a l a n m a l ı   m ı y d ı
k a t e g o r i n i z d e n
p a r ç a l a n m a m ı ş   m ı y m ı ş s ı n
d e ğ i ş m i ş   o l a c a k   m ı s ı n
s e r p i y o r   o l m a y a c a k m ı ş s ı n ı z
p a r ç a l a n m a z   m ı
s e r p i y o r   o l m a m a l ı y m ı ş
s ü z e r
d e ğ i ş i y o r   o l m a y a c a k   m ı s ı n ı z
s ü z ü y o r   o l u r   m u y d u
s ü z m e l i l e r   m i y d i
d e ğ i ş m e y e c e k t i
d e ğ i ş e c e k   o l m a y a c a k   m ı s ı n ı z
s e r p i y o r   o l a c a k t ı m
t e k i l   k a l ı b ı n
k u r b a ğ a c ı ğ ı n ı n
d e ğ i ş m e y e c e k   m i s i n
p a r ç a l a n ı y o r   o l m a y a c a k l a r d ı
s ü z ü y o r l a r
k a t e g o r i l e r i n d e n
s ü z m e l i y m i ş s i n i z
p e n i s i n i n
p a r ç a l a n a c a k   o l a c a k m ı ş ı z
s e r p m e d i   m i y d i k
t o p o l o j i l e r d e
b a m y a l a r ı n ı z d a n
s ü z e c e ğ i m
p a r ç a l a n m a d ı n ı z   m ı
p a r ç a l a n ı y o r   o l a c a k   m ı
g ö ç m e l i   m i y d i n
p a r ç a l a n a c a k   o l m a y a c a k s ı n
ü z g ü n d ü l e r
s e s t e ş i n i z d e
s ü z m ü ş
d e ğ i ş i y o r d u k
d e ğ i ş t i n i z   m i
p a r ç a l a n ı r   m ı y m ı ş
ü z g ü n   d e ğ i l   m i y m i ş s i n ?
d e ğ i ş e c e k   o l m a y a c a ğ ı z
s e r p m i y o r d u
h e n d e s e y i
d e ğ i ş m e m i ş s i n
y e r l e r
s ü z ü y o r   o l m a l ı   m ı s ı n ı z
s ü z ü y o r   o l m a z   m ı y d ı n ı z
s e r p e r l e r   m i y d i
ö ğ ü t ü c ü l e r d i k
s ü z m ü ş   o l a c a ğ ı z
b a m y a l a r m ı ş s ı n
g ö ç ü y o r   o l m a y a c a k   m ı y ı m
p a r ç a l a n m a m a l ı   m ı y d ı n
b a m y a l a r ı n ı z ı n
p a r ç a l a n m a m a l ı y m ı ş ı m
p a r ç a l a n a c a k   m ı s ı n
s ü z m e z d i k
g ö ç m e d i m   m i
m i l y o n e r l e r i n i z i n
p a r ç a l a n a c a k   o l a c a k l a r   m ı y m ı ş
b a k i r e y i m
p a r ç a l a n ı y o r   o l m a y a c a k t ı k
e r n e k l e r i n d e n
e r n e ğ i n e
t e c r i d i m i z e
g ö ç ü y o r m u ş s u n
b a m y a y ı m
p a r ç a l a n ı y o r   o l m a m a l ı y m ı ş
t e k i l   k a l ı b ı n
ö ğ ü t ü c ü l e r d e n
b a k i r e l e r m i ş s i n i z
ö ğ ü t ü c ü n d e
ö ğ ü t ü c ü n
ö ğ ü t ü c ü y ü z
ö ğ ü t ü c ü l e r i n d e n
s ü z ü y o r d u n u z
ç i z g i n d e
s ü z ü y o r   m u y d u n
m e f h u m l a r ı n d a n
s ü z ü y o r s u n
g ö ç ü y o r m u ş s u n u z
a v u k a t l a r
m e f h u m l a r ı n ı n
y a n   t ü m c e l e r i n d e
ö ğ ü t ü c ü l e r i
b ü s t l e r i
s ü z m ü ş t ü n
t o p o l o j i n d e n
ö ğ ü t ü c ü l e r
b ü s t ü n
ö ğ ü t ü c ü l e r m i ş
k a t e g o r i n i z
k a t e g o r i m i z d e
h e n d e s e
ç i z g i l e r i
m i l y o n e r l e r
g ö ç ü y o r   m u y m u ş u z
i s t i r i d y e n d e
b a k i r e n d e n
b a m y a l a r ı n d a n
ö ğ ü t ü c ü l e r m i ş i m
t o p o l o j i m i z i
s ü z ü y o r m u ş s u n
a v u k a t l a r m ı ş s ı n
g ö ç e c e ğ i m
b a m y a l a r ı n
ö ğ ü t ü c ü l e r i n i z i n
g ö ç m e l i y m i ş s i n i z
s ü z ü y o r   m u s u n u z
y e r l e r i m i z d e
b a m y a l a r ı
a y r ı m c ı l ı k l a r ı
a v u k a t l a r ı n
m e f h u m l a r ı m ı z a
ö ğ ü t ü c ü l e r i n i z d e
k u r b a ğ a c ı ğ ı n
k u r b a ğ a c ı ğ ı n ı z
d e n e y i m l e r i m i z d e
b a k i r e l e r
g ö ç m e m e l i y i m
b ü s t l e r i n i z d e
b a k i r e l e r
b ü s t l e r i n d e
d e n e y i m l e r d e
k a t e g o r i l e r i
k a t e g o r i s i
d e n e y i m l e r i n i z d e
g ö ç m e l i y d i m
s e r p i y o r   m u s u n
ö ğ ü t ü c ü l e r i m i z d e n
s ü z m e z d i n i z
m i l y o n e r l e r i
s e s t e ş l e r i m i z d e n
ö ğ ü t ü c ü l e r m i ş s i n i z
s e r p m i ş   o l a c a k
d e n e y i m l e r i
i s t i r i d y e m i z d e n
s ü z m e d i y d i m
m i l y o n e r l e r i n i z i
t o p o l o j i n i z i
t o p o l o j i l e r i n i
d e ğ i ş i y o r d u
b a k i r e l e r i n i z e
y e r l e r i m i z i n
a v u k a t l a r ı n ı z d a
m e f h u m l a r ı m ı z d a
s e s t e ş l e r i n
y e r l e r i m i z d e n
y a n   t ü m c e m i z i
b a k i r e l e r i m i z i n
k e f a l e t l e r i n i z e
e r n e k l e r i n d e n
i s t i r i d y e l e r i n
s ü z ü y o r   o l m a l ı y d ı
g ö ç e c e k   o l a c a k   m ı s ı n ı z
m i l y o n e r d i k
m i l y o n e r l e r i m i z i
b a k i r e s i n i n
k a t e g o r i l e r i n d e n
ç i z g i l e r i n i z e
h e n d e s e n d e
g ö ç ü y o r   o l m a m a l ı y m ı ş s ı n ı z
d e n e y i m l e r i
s e r p i y o r   m u s u n u z
a v u k a t ı m ı z a
s ü z ü y o r   o l m a m a l ı
d e ğ i ş i y o r l a r
b a k i r e l e r m i ş
h e n d e s e m i z d e n
k u r b a ğ a c ı ğ ı
y e r l e r d i k
g ö ç m e z d i m
s ü z ü y o r   o l m a z d ı m
k a t e g o r i l e r i
d e ğ i ş e c e k l e r
g ö ç ü y o r   o l m a y a c a ğ ı m
d e n e y i m l e r i n
g ö ç e c e k   o l a c a k   m ı y m ı ş s ı n
b ü s t l e r i n i
d e ğ i ş i y o r   o l m a y a c a k l a r
h e n d e s e l e r i m i z i n
s ü z ü y o r   o l m a z   m ı y d ı
s e r p m i y o r   m u y d u k
g ö ç m e y e c e k l e r   m i y d i
s ü z m e l i   m i y d i n i z
d e ğ i ş i y o r   o l m a l ı
i s t i r i d y e l e r i n d e n
s e r p i y o r   o l m a m a l ı y m ı ş s ı n
e r n e k l e r i n i z d e
s e r p m i ş   o l a c a k l a r d ı
h e n d e s e n i z d e n
s e r p m i ş   o l a c a k s ı n ı z
s e r p i y o r   o l m a l ı   m ı s ı n
d e ğ i ş i y o r   o l m a l ı   m ı s ı n
g ö ç e c e k   o l m a y a c a k   m ı y m ı ş ı z
m i l y o n e r l e r i n i n
k e f a l e t l e r i
m e f h u m l a r ı n ı z d a
s ü z ü y o r   o l m a l ı   m ı y m ı ş ı m
s e r p i y o r   o l m a y a c a k l a r d ı
s ü z e r   m i y d i
s e r p m i ş   o l m a y a c a k t ı
m i l y o n e r l e r d i k
s ü z ü y o r   o l m a y a c a ğ ı m
d e ğ i ş m e z d i m
m i l y o n e r i
y a n   t ü m c e l e r i n i n
t e k i l   k a l ı p l a r ı n d a n
s ü z e r l e r   m i y d i
s e s t e ş i m i z i
g ö ç e c e k   o l m a y a c a k m ı ş ı m
g ö ç m ü y o r   m u y m u ş s u n
s e r p i y o r   o l m a l ı   m ı y d ı m
d e ğ i ş i y o r   o l a c a k l a r   m ı y m ı ş
k a t e g o r i s i n d e n
k a t e g o r i l e r i n
k e f a l e t l e r i m i z d e
d e ğ i ş i y o r   o l a c a k   m ı y d ı m
s e r p e c e k   o l a c a k l a r   m ı y m ı ş
t e c r i t l e r i n
s ü z ü y o r   o l m a l ı y m ı ş
g ö ç m ü ş   o l m a y a c a k t ı
s e r p m e z d i k
s e s t e ş l e r i n i n
s ü z m ü ş l e r   m i y d i
d e ğ i ş i y o r   o l m a y a c a k   m ı y ı m
e r n e k l e r m i ş s i n i z
g ö ç m e m i ş s i n i z
ç i z g i l e r i n i z d e
b a m y a l a r m ı ş s ı n ı z
s ü z m e m i ş   m i s i n
b a k i r e l e r i n i z i
d e n e y i m l e r i n i n
d e ğ i ş m i y o r d u
g ö ç e r   o l a c a k l a r   m ı y m ı ş
e r n e k l e r i m i z i
y e r l e r i n e
s ü z ü y o r   o l m a m a l ı   m ı y m ı ş s ı n
s e r p m e y e c e k   m i s i n
s e r p m i ş l e r
b a k i r e n e
i s t i r i d y e s i n d e n
g ö ç m e l i   m i s i n i z
ö r d e ğ i n i n
g ö ç ü y o r   o l m a l ı y m ı ş
d e ğ i ş m e l i y m i ş
g ö ç ü y o r   o l m a m a l ı   m ı y d ı
s e s t e ş i n i z d e n
m i l y o n e r i n i z i
s ü z e c e k l e r   m i y d i
d e ğ i ş m e y e c e k l e r   m i y d i
e r n e k l e r i n i z e
d e ğ i ş e c e k   o l m a y a c a k   m ı
g ö ç m e y e c e k t i
b a k i r e l e r m i ş
s e r p m i ş   m i y d i
b ü s t l e r i m i z i
s e r p m e l i y i m
a y r ı m c ı l ı k d ı k
a v u k a t ı n ı z ı
e r n e k s i n
m i l y o n e r l e r i n e
t e k i l   k a l ı b ı n d a n
ö ğ ü t ü c ü m ü z ü n
y e r l e r m i ş s i n
y e r i n i z d e
d e n e y i m l e r i n i n
s e r p m e m e l i l e r m i ş
s e r p i y o r   o l a c a k   m ı y d ı
k u r b a ğ a c ı ğ ı m ı z d a n
s e s t e ş i n i
m a k i n e l e r i n i n
p e n i s l e r i m i z
d e n e y i m l e r i n i
s e r p i y o r   o l m a z l a r   m ı y d ı
d e ğ i ş m e l i   m i y d i n
d ü z e n l e n e b i l i r l i k l e r i n i z i
b a m y a l a r ı m ı z
s e r p m i ş   o l m a y a c a k   m ı y d ı n
s e r p i y o r   o l m a m a l ı s ı n
g ö ç m e d i k
h e n d e s e l e r i n i
s ü z m e d i k
t e k i l   k a l ı p l a r ı m ı z ı n
p a r ç a l a n ı y o r   o l m a y a c a k   m ı y ı m
ç i z g i n i z
s ü z m e m e l i l e r   m i
s ü z ü y o r   o l a c a k m ı ş
ö ğ ü t ü c ü n e
a v u k a t ı n
t e k i l   k a l ı p l a r ı n a
k e f a l e t l e r i n i z i
b a k i r e n i z i
p a r ç a l a n m a l ı   m ı y d ı n ı z
k u r b a ğ a c ı k l a r d a n
s ü z e c e k m i ş s i n i z
d ü z e n l e n e b i l i r l i ğ i n e
t e c r i t l e r i n i
t o p o l o j i s i n d e n
p e n i s i m i z d e
s ü z m ü y o r   m u y u z
d e ğ i ş e c e k   m i y m i ş s i n i z
t e c r i t l e r i n i n
e r n e k l e r i n i z d e n
p e n i s l e r i n i z d e n
s e r p m e l i l e r m i ş
m i l y o n e r i n i n
g ö ç m e z l e r
d ü z e n l e n e b i l i r l i k l e r i
p e n i s i m i z
e r n e k l e r m i ş s i n
e r n e k l e r i n
d e ğ i ş i y o r   o l m a y a c a k l a r   m ı
k a t e g o r i y i
d e ğ i ş m i ş   o l a c a k t ı k
s e r p m e m e l i y i m
ç i z g i l e r i n i n
s e r p m i ş   m i y d i k
a v u k a t ı n d a n
k e f a l e t
d e ğ i ş i y o r   o l u r l a r d ı
m e f h u m l a r ı
b a m y a l a r ı m ı z a
a v u k a t ı n d a
m e f h u m l a r ı n
a v u k a t t a
a v u k a t ı n ı z d a
m e f h u m l a r ı n ı
a y r ı m c ı l ı k l a r ı n d a
a v u k a t t ı n ı z
a v u k a t l a r s ı n
a v u k a t t ı m
a v u k a t l a r ı z
a v u k a t l a r ı n d a
k a t e g o r i s i n d e
ç i z g i l e r d e
b a m y a l a r d ı k
ç i z g i
m e f h u m l a r d a
a v u k a t l a r ı n ı z a
a v u k a t ı n d a n
ö ğ ü t ü c ü n ü z d e
t o p o l o j i n i z d e
b ü s t l e r i m i z
k u r b a ğ a c ı k l a r ı n
a y r ı m c ı l ı k l a r m ı ş ı z
s ü z ü y o r   o l a c a k l a r
k a t e g o r i l e r d e
ö ğ ü t ü c ü l e r i n i z e
p e n i s i n e
ç i z g i m i z e
ç i z g i l e r m i ş s i n
s e r p i y o r s u n
b a m y a l a r m ı ş ı m
a y r ı m c ı l ı k l a r ı n ı
a y r ı m c ı l ı k l a r ı m ı z a
b a m y a s ı n ı z
m i l y o n e r i n
g ö ç ü y o r   o l m a l ı   m ı y m ı ş
m i l y o n e r l e r
s e r p i y o r   o l m a z   m ı y d ı m
ç i z g i n i n
b ü s t l e r i m i z d e n
t o p o l o j i l e r i
s ü z ü y o r   o l m a y a c a k   m ı y d ı k
p e n i s i n
k a t e g o r i l e r i m i z d e
k u r b a ğ a c ı k l a r ı n d a n
k a t e g o r i l e r i n i z d e
s e r p e r d i
p e n i s i n i z i
b a k i r e l e r i m i z d e n
g ö ç ü y o r   o l m a m a l ı   m ı y ı m
b a k i r e l e r m i ş i m
d e ğ i ş i y o r   o l a c a k l a r m ı ş
d e ğ i ş i y o r m u ş
m e f h u m u
ç i z g i l e r i n i z i
ç i z g i l e r m i ş i m
t e k i l   k a l ı p l a r ı n
t e k i l   k a l ı p l a r ı n ı z ı
s ü z ü y o r   o l m a y a c a k   m ı y m ı ş s ı n
m e f h u m u n
g ö ç ü y o r   o l m a y a c a k   m ı s ı n ı z
m i l y o n e r l e r i m i z d e
e r n e k l e r i m i z d e n
s ü z m e y e c e k t i n i z
ç i z g i l e r m i ş
y a n   t ü m c e l e r i m i z e
s e s t e ş
p e n i s l e r d e n
p a r ç a l a n m ı ş s ı n
m i l y o n e r l e r i n i z e
y a n   t ü m c e n e
t e k i l   k a l ı p l a r ı n ı z a
t e c r i t l e r
ç i z g i l e r i n i n
y e r l e r m i ş i m
p e n i s i n e
p e n i s i n i
b a m y a s ı n d a
b a m y a n ı n
p a r ç a l a n m a z   m ı y d ı n ı z
d e ğ i ş m i ş   o l a c a k   m ı
s e r p m e y e c e k t i
s e r p i y o r   o l u r   m u y d u
ö r d e k l e r i n i z e
g ö ç m ü ş   o l a c a k   m ı y d ı k
ö r d e k l e r i n d e n
p e n i s i n d e
m i l y o n e r l e r i n e
m i l y o n e r l e r i n i
b a k i r e n i
p e n i s l e r i n d e n
s ü z m e l i   m i y d i
g ö ç m ü ş t ü k
p a r ç a l a n ı y o r   o l a c a k   m ı s ı n
t o p o l o j i l e r i n e
ö r d e k l e r i n
s e r p e c e k   o l a c a k   m ı y m ı ş s ı n ı z
s e s t e ş i n d e
s e r p i y o r   o l m a z   m ı y d ı n ı z
y e r l e r i n i
t e k i l   k a l ı p l a r ı n ı n
s e r p e c e k   o l m a y a c a k   m ı y m ı ş s ı n ı z
s ü z ü y o r   o l m a l ı   m ı y m ı ş s ı n ı z
m a k i n e l e r i n e
e r n e ğ i n i z d e
ö r d e k l e r i
t e c r i t l e r d e
s e r p i y o r   o l m a y a c a ğ ı z
ç i z g i l e r d i k
t o p o l o j i l e r i m i z d e n
b ü s t l e r i n d e n
i s t i r i d y e l e r i n e
p e n i s l e r i n i
t e k i l   k a l ı p l a r ı n ı n
p a r ç a l a n m a y a c a k t ı n ı z
y e r i n d e
t o p o l o j i l e r i n i z i n
s e s t e ş l e r i m i z
s e r p m e m i ş s i n
y e r l e r i n
p a r ç a l a n a c a k   o l a c a k   m ı y m ı ş s ı n
e r n e k
i s t i r i d y e l e r i m i z d e n
y e r i n d e
e r n e ğ i n i z d e n
e r n e ğ i n i
s ü z e r   o l a c a k   m ı y m ı ş ı z
k u r b a ğ a c ı k l a r ı m ı z d a n
b a m y a l a r ı n ı z a
d e ğ i ş m i ş l e r
t o p o l o j i l e r i n e
d e ğ i ş i y o r   o l m a y a c a ğ ı z
d e n e y i m l e r i m i z
k e f a l e t l e r d e n
d e ğ i ş m i ş t i n
y e r l e r i n i
a y r ı m c ı l ı ğ ı m ı z ı
e r n e k l e r i n i z
g ö ç ü y o r   o l m a y a c a k l a r   m ı y d ı
d e n e y i m l e r i n e
ö r d e ğ i n
p a r ç a l a n ı y o r   o l m a y a c a k m ı ş ı z
d e ğ i ş m i ş   o l a c a k   m ı y d ı k
ö r d e k l e r i n i n
y e r i n i
m a k i n e l e r i n i z d e n
p a r ç a l a n ı y o r   o l m a y a c a k s ı n
s e r p e r l e r m i ş
p a r ç a l a n ı y o r   o l m a m a l ı y d ı k
h e n d e s e l e r i n i z i n
p a r ç a l a n a c a k   m ı y d ı n ı z
g ö ç ü y o r   o l m a l ı y d ı
y a n   t ü m c e l e r i n i z d e n
m i l y o n e r d e n
s e r p m e l i y d i n
m i l y o n e r d i
s ü z e c e k   o l m a y a c a k   m ı s ı n ı z
s e s t e ş l e r i n e
p a r ç a l a n ı r   o l a c a k   m ı y m ı ş s ı n ı z
s ü z e r l e r m i ş
e r n e k l e r i n e
a v u k a t ı n ı z ı n
ç i z g i y d i n i z
d e ğ i ş e c e k   o l a c a k l a r   m ı
d e ğ i ş m i y o r d u n u z
p a r ç a l a n a c a k t ı m
t e c r i d i n i z i
p e n i s i
a y r ı m c ı l ı k m ı ş l a r
a y r ı m c ı l ı k m ı ş s ı n
a y r ı m c ı l ı k l a r s ı n
a y r ı m c ı l ı k l a r s ı n ı z
p a r ç a l a n a c a k
p a r ç a l a n ı r d ı
t e c r i t l e r i n i z d e n
y a n   t ü m c e y i
k u r b a ğ a c ı k l a r ı n a
s e r p e c e k   o l m a y a c a ğ ı z
t e c r i d i n i z
p a r ç a l a n a c a k l a r d ı
ö r d e k l e r i m i z e
b a k i r e l e r s i n
b a k i r e l e r d i
b a k i r e l e r i z
p a r ç a l a n ı y o r   o l m a y a c a k m ı ş
a v u k a t s ı n ı z
m e f h u m u n u
d ü z e n l e n e b i l i r l i k l e r
e r n e k s i n i z
d e ğ i ş m e l i y d i m
p a r ç a l a n m ı y o r u m
a v u k a t s ı n
d e ğ i ş m e l i   m i
t e k i l   k a l ı p l a r ı n ı z d a n
s e s t e ş i n i
p a r ç a l a n ı y o r   o l m a z d ı m
d ü z e n l e n e b i l i r l i k l e r i n d e n
d ü z e n l e n e b i l i r l i ğ i n i z
s e s t e ş l e r i n i z d e n
g ö ç ü y o r   o l m a l ı y d ı m
k a t e g o r i l e r i n i n
d e ğ i ş i r   o l a c a k l a r m ı ş
h e n d e s e l e r i n e
e r n e k l e r e
g ö ç m ü ş   o l a c a k   m ı y d ı n ı z
d e ğ i ş i y o r   o l m a m a l ı y d ı k
p a r ç a l a n m ı ş   o l a c a k l a r d ı
k a t e g o r i n i n
s e r p e c e k   o l m a y a c a k
b a m y a n ı z d a
h e n d e s e y e
p e n i s i
d ü z e n l e n e b i l i r l i ğ i n
s e r p m e m i ş l e r   m i y d i
t e k i l   k a l ı b ı n ı z ı
p a r ç a l a n m a d ı   m ı y d ı k
k e f a l e t l e r i n i z d e n
p a r ç a l a n ı y o r   o l m a l ı y m ı ş
d e ğ i ş i y o r   o l m a l ı y d ı m
m a k i n e m i z i n
m i l y o n e r i n d e n
ö r d e ğ i
b a m y a n ı
d e n e y i m i n i z d e
h e n d e s e s i n i n
k u r b a ğ a c ı k t a
t o p o l o j i l e r i n i z d e n
h e n d e s e s i
s ü z m ü y o r   m u y d u k
m e f h u m d a
ö r d e ğ i
d e ğ i ş e c e k t i m
e r n e ğ i n d e
d e n e y i m l e r i n i z d e n
t o p o l o j i s i n i n
k e f a l e t e
t e k i l   k a l ı b ı n a
s e s t e ş l e r e
t e c r i t l e r i n d e
p a r ç a l a n ı r l a r   m ı y d ı
m i l y o n e r l e r d i r
p a r ç a l a n m e l i y i m
s e r p i n
p a r ç a l a n m ı ş   o l a c a k s ı n ı z
t e c r i d i n i n
s e r p e c e k   o l m a y a c a ğ ı m
d e ğ i ş i r   o l a c a k   m ı y m ı ş
s ü z e c e k   o l a c a k l a r   m ı y m ı ş
g ö ç ü y o r m u ş
g ö ç m ü y o r   m u y d u k
g ö ç ü y o r d u n u z
g ö ç ü y o r   m u s u n
g ö ç ü n
m e f h u m l a r
k u r b a ğ a c ı k l a r
k u r b a ğ a c ı ğ ı m ı z d a
k u r b a ğ a c ı ğ ı n d a
s ü z ü y o r   o l m a z l a r d ı
ç i z g i m i z
k u r b a ğ a c ı ğ ı n a
s ü z e r   o l a c a k l a r   m ı y m ı ş
ç i z g i y i
a y r ı m c ı l ı k l a r
k u r b a ğ a c ı ğ ı n ı z d a n
k u r b a ğ a c ı k l a r ı n d a
a y r ı m c ı l ı k l a r
g ö ç ü y o r   o l a c a k t ı n
a y r ı m c ı l ı k l a r
s e r p i y o r   o l m a l ı y d ı
a v u k a t l a r ı n
s e r p i y o r   o l m a y a c a k l a r   m ı
g ö ç m e z   m i y m i ş i z
s ü z ü y o r   o l a c a k   m ı
g ö ç m ü ş   o l a c a k   m ı y d ı m
g ö ç e r   o l a c a k   m ı y m ı ş
b ü s t l e r
g ö ç m e m e l i y m i ş s i n
s e r p i y o r   o l u r   m u y d u m
s ü z ü y o r   o l m a y a c a k   m ı y m ı ş s ı n ı z
s e r p i y o r m u ş s u n u z
ç i z g i y i m
d e ğ i ş m i y o r u m
a y r ı m c ı l ı k l a r ı m ı z d a n
s e r p m i ş   m i y m i ş i z
m e f h u m u n u z
t e k i l   k a l ı p l a r ı
s e r p i y o r   o l m a l ı s ı n
a v u k a t ı n ı z a
ö ğ ü t ü c ü l e r
t o p o l o j i n i n
k u r b a ğ a c ı k l a r ı n ı z d a
d e ğ i ş i y o r   o l m a z d ı k
t e k i l   k a l ı p l a r ı
a y r ı m c ı l ı ğ ı n a
ç i z g i s i n i z
d e ğ i ş m i ş   m i y m i ş i z
s ü z m ü ş   o l a c a k   m ı y d ı m
y e r d i k
b a m y a l a r ı n d a
p a r ç a l a n ı y o r   o l m a l ı
s ü z m e m i ş i m
k a t e g o r i m i z i n
p a r ç a l a n ı y o r m u ş
b a m y a n ı z d a n
k u r b a ğ a c ı k l a r ı n ı n
t o p o l o j i l e r i n d e
ö r d e ğ i n i n
p a r ç a l a n ı y o r d u
s ü z ü y o r   o l m a l ı   m ı y m ı ş s ı n
g ö ç m e m e l i y m i ş i z
t o p o l o j i l e r i m i z i n
p a r ç a l a n m a l ı l a r   m ı y m ı ş
d e ğ i ş e c e k   o l m a y a c a k   m ı y m ı ş ı z
g ö ç m e m i ş i z
p a r ç a l a n ı y o r l a r m ı ş
g ö ç m ü ş l e r   m i y d i
s e r p m e z l e r   m i y m i ş
d e ğ i ş m e m e l i y m i ş
s e r p m e l i y d i m
p a r ç a l a n a c a ğ ı m
k u r b a ğ a c ı k l a r ı n ı n
d e ğ i ş i y o r   o l m a m a l ı   m ı y d ı
b a k i r e y e
d e ğ i ş m i y o r u z
k u r b a ğ a c ı ğ ı n d a n
s ü z m e z l e r   m i y m i ş
t e k i l   k a l ı p l a r ı m ı z ı
d e ğ i ş m i ş   m i y m i ş s i n i z
p a r ç a l a n ı r l a r m ı ş
y e r s i n i z
t e k i l   k a l ı b ı n ı n
s e r p m e z   m i y m i ş i z
ö ğ ü t ü c ü l e r s i n
ç i z g i l e r i m i z e
p a r ç a l a n a c a k   o l m a y a c a ğ ı z
p a r ç a l a n m a y a c a k l a r   m ı y d ı
m i l y o n e r
s e r p i y o r   o l a c a k m ı ş s ı n ı z
d e ğ i ş m e m i ş i m
ö ğ ü t ü c ü l e r i m i z
b a k i r e l e r d i m
p a r ç a l a n a c a k l a r
ö r d e ğ i n d e n
p a r ç a l a n ı y o r   m u y m u ş u z
ö r d e ğ i n d e n
b a k i r e y m i ş i m
s e r p m i ş l e r   m i y m i ş
p a r ç a l a n a c a k   m ı y m ı ş s ı n ı z
k a t e g o r i n e
a y r ı m c ı l ı k s ı n ı z
k a t e g o r i l e r i n d e
k e f a l e t i n d e
d e ğ i ş i r   m i y m i ş
i s t i r i d y e l e r i m i z e
g ö ç e c e k   m i
g ö ç m e z l e r m i ş
s e r p e c e k   o l a c a k   m ı s ı n ı z
g ö ç e c e k l e r   m i
s e r p e c e k s i n
s e r p m e l i l e r   m i y d i
m a k i n e y e
s e r p m e l i   m i y d i
d e ğ i ş e c e k s i n
s ü z e c e k s i n
g ö ç m ü ş   m ü y d ü n ü z
g ö ç m e m e l i   m i y m i ş s i n
g ö ç m e y e c e k l e r
s ü z ü y o r   o l u r l a r d ı
ö ğ ü t ü c ü l e r d i m
d e ğ i ş m i y o r m u ş u z
k a t e g o r i l e r i n e
s e r p m i y o r u z
g ö ç m e m e l i   m i y d i n i z
y a n   t ü m c e s i n d e n
b a m y a s ı n ı n
d e ğ i ş i r   o l a c a k m ı ş ı z
d e ğ i ş m e m e l i y m i ş i z
m i l y o n e r i m i z i n
p a r ç a l a n a c a k t ı
k e f a l e t l e r i n d e
b a k i r e l e r i m i z e
i s t i r i d y e n i n
m i l y o n e r l e r e
d e ğ i ş m e l i   m i y d i
b ü s t ü n e
p a r ç a l a n m ı ş   o l a c a k t ı n ı z
s e r p m e m i ş m i ş i z
k e f a l e t i n i
e r n e ğ i n
s ü z m ü y o r   m u y m u ş s u n
s e r p m e m i ş t i n
s ü z m e m i ş m i ş i z
y e r l e r i n d e
d e ğ i ş m e z m i ş i m
e r n e ğ i m i z i n
k e f a l e t l e r i n
m i l y o n e r l e r s i n
s e r p m i ş   m i y m i ş
y a n   t ü m c e s i
y a n   t ü m c e l e r i n e
p a r ç a l a n ı y o r d u n u z
s e r p m e m e l i l e r
e r n e ğ i n i
d e ğ i ş i r   o l m a y a c a k l a r   m ı y m ı ş
ç i z g i y m i ş i m
d e ğ i ş e c e k   m i y d i n i z
ö r d e k l e r i n i z
e r n e ğ i
p a s k a l y a   t a v ş a n ı n a
s e s t e ş i n e
d e ğ i ş e c e k   m i
ö r d e k l e r d e
s ü z m e m e l i   m i y m i ş s i n
s ü z m e m e l i   m i y d i
d e ğ i ş m e m e l i   m i y m i ş i z
k e f a l e t i n i n
m e f h u m u m u z
p a r ç a l a n m ı ş   o l a c a k   m ı y ı m
s e r p m e m e l i   m i y d i n i z
m a k i n e m i z e
d e n e y i m i n d e
ö r d e k l e r i n e
s e s t e ş i n i z
s ü z m e m e l i   m i y d i n i z
d e ğ i ş m e m i ş   m i s i n
k e f a l e t i n i z i
k e f a l e t i n e
d e ğ i ş e c e k l e r d i
b a m y a l a r s ı n ı z
d e ğ i ş m e m i ş l e r   m i
d e ğ i ş m e y e c e k l e r
p e n i s i n d e n
p e n i s i n i z i n
k e f a l e t l e r i n i n
s ü z m e y e c e k l e r
m a k i n e l e r i n d e
p e n i s l e r i n d e
k e f a l e t l e r e
d e n e y i m i n
g ö ç e r   o l a c a k l a r m ı ş
d e n e y i m i n i
p a r ç a l a n m a z d ı n ı z
d e n e y i m i n e
d e n e y i m i n d e n
p a r ç a l a n a c a k m ı ş s ı n ı z
ç i z g i y i z
k e f a l e t i n d e
d e n e y i m d e n
s e s t e ş l e r i n i
y e r l e r i z
d e ğ i ş m e m i ş   m i
d ü z e n l e n e b i l i r l i ğ i m i z i
d e n e y i m i
s ü z e r   m i s i n i z
d ü z e n l e n e b i l i r l i ğ i n i z d e
g ö ç e r   o l m a y a c a k m ı ş ı z
d e n e y i m i n i n
d e n e y i m l e r i n
d e n e y i m l e r i n i z
k e f a l e t i n i z i n
e r n e k l e r i n d e
m i l y o n e r m i ş l e r
s e s t e ş l e r i n i z i
g ö ç t ü l e r d i
s e s t e ş i n d e n
t e c r i t l e r i n e
s e s t e ş i n i z i n
h e n d e s e l e r
h e n d e s e n i z e
s e r p e c e k   m i
p a r ç a l a n m e l i y i z
m a k i n e m i z d e n
h e n d e s e l e r i n e
h e n d e s e l e r i n d e
d e n e y i m i n e
h e n d e s e n d e n
d ü z e n l e n e b i l i r l i k t e n
m e f h u m u m u z d a
d ü z e n l e n e b i l i r l i ğ i m i z
s e r p m i y o r m u ş u z
s ü z m e d i   m i
a l f a   s ü r ü m l e r i n i n
y e r m i ş l e r
d e n e y i m i n d e
t e k i l   k a l ı b ı m ı z
k e f a l e t i n i n
ç i z g i s i n i n
s e s t e ş i
t e c r i d i m i z i
b a m y a y ı z
t e c r i d i n i z i n
s ü z m e y e c e k   m i y d i m
m e f h u m u n u n
e r n e ğ i m
e r n e k l e r d i m
a l f a   s ü r ü m ü n ü n
p a r ç a l a n m a m
a v u k a t t a n
s ü z ü y o r   m u y m u ş u z
a v u k a t l a r ı
a v u k a t l a r ı n d a
a v u k a t l a r ı n a
a v u k a t l a r ı m ı z ı
k u r b a ğ a c ı k l a r ı n a
b ü s t l e r d e
g ö ç m e z d i n
k u r b a ğ a c ı ğ ı n ı
k u r b a ğ a c ı k l a r ı m ı z ı
g ö ç m e m i ş t i n
s ü z ü y o r   o l u r   m u y d u m
s e r p m i y o r   m u y d u n u z
a v u k a t l a r d ı m
s ü z m e z   m i y m i ş s i n i z
a v u k a t l a r s ı n ı z
s ü z m ü ş   o l a c a k s ı n
g ö ç m e y e c e k m i ş
ç i z g i s i n
ö ğ ü t ü c ü l e r i
b ü s t l e r i m i z e
b a m y a l a r ı n d a n
ç i z g i l e r i n
s e r p m i ş   m i y m i ş s i n i z
ç i z g i l e r i n
t o p o l o j i n i z
s ü z m ü y o r s u n u z
d e ğ i ş i y o r   o l u r d u
s ü z e c e k t i
s ü z e c e k   o l a c a k   m ı
k u r b a ğ a c ı k l a r ı m ı z
ö ğ ü t ü c ü l e r i m i z d e
ö ğ ü t ü c ü l e r i n i z
ö r d e ğ i n i z i
ö ğ ü t ü c ü l e r i n i n
a y r ı m c ı l ı ğ ı n d a
ö r d e ğ i n i z d e n
g ö ç e c e k   o l m a y a c a k m ı ş s ı n ı z
s ü z e c e k   o l m a y a c a k   m ı y m ı ş
k a t e g o r i s i n i n
d e ğ i ş m i y o r s u n u z
a y r ı m c ı l ı k l a r ı n ı z a
y a n   t ü m c e l e r e
i s t i r i d y e n i
b a k i r e m i z e
a y r ı m c ı l ı ğ ı m ı z d a
s e r p e c e k   o l a c a k m ı ş ı z
s ü z ü y o r   o l a c a k   m ı s ı n
i s t i r i d y e n
g ö ç m ü ş   o l m a y a c a k l a r
k a t e g o r i n d e
a y r ı m c ı l ı ğ ı n d a n
a v u k a t t ı k
s e r p m e y e c e k m i ş
k a t e g o r i n i z i n
s ü z m e y e c e k s i n i z
t o p o l o j i n i z i n
y a n   t ü m c e l e r i
i s t i r i d y e l e r i m i z i
p e n i s l e r e
y a n   t ü m c e n i z e
a y r ı m c ı l ı ğ ı n ı z ı
t o p o l o j i l e r i n i n
i s t i r i d y e l e r i
a v u k a t t ı
s e r p i y o r   o l m a y a c a k t ı m
d e ğ i ş m i ş   o l m a y a c a ğ ı z
s ü z m e l i   m i
s e r p e r   o l m a y a c a k m ı ş ı z
d e ğ i ş i y o r   o l m a y a c a k l a r   m ı y d ı
i s t i r i d y e l e r i n e
ç i z g i l e r i n i
s ü z ü y o r   o l a c a k   m ı y d ı
y a n   t ü m c e l e r i n i z i n
d e ğ i ş m i ş
k e f a l e t l e r i
m i l y o n e r i m i z d e n
s ü z e r l e r   m i y m i ş
s ü z d ü l e r d i
p e n i s l e r i m i z d e n
k a t e g o r i l e r d e n
p e n i s l e r i n
k e f a l e t i n d e n
d e ğ i ş e c e k   m i y m i ş i z
m i l y o n e r l e r m i ş i z
b a k i r e l e r i n d e n
s e s t e ş l e r d e n
ö r d e k l e r i n i z d e
k e f a l e t l e r i n e
s ü z ü y o r   o l m a m a l ı   m ı y d ı
p a r ç a l a n m a z   m ı y m ı ş ı z
k a t e g o r i l e r i n i z i
p a r ç a l a n m ı y o r   m u y d u m
d e ğ i ş i y o r   o l m a l ı   m ı y m ı ş s ı n
k e f a l e t l e r i n e
e r n e ğ i n d e
k a t e g o r i l e r i m i z e
k e f a l e t t e
d e ğ i ş i y o r   o l m a l ı   m ı y m ı ş
y a n   t ü m c e s i n i
b a k i r e l e r
p a r ç a l a n a c a k l a r   m ı y d ı
s ü z ü y o r   o l m a m a l ı y d ı k
d e ğ i ş e c e k   o l a c a k   m ı y m ı ş s ı n ı z
t e c r i t l e r i m i z d e
ö ğ ü t ü c ü d e
m a k i n e l e r i n e
b ü s t ü n ü z d e
s e r p i y o r   o l m a l ı   m ı y m ı ş s ı n
y e r l e r i n d e n
k a t e g o r i s i n i
a v u k a t t ı n
s e r p i y o r   o l a c a k   m ı
b a k i r e l e r i n i z d e
p e n i s l e r i n i z i n
m a k i n e l e r i m i z e
s e r p m e m e l i l e r   m i
d e n e y i m i n d e n
s e s t e ş l e r i m i z e
e r n e k l e r i n e
t e c r i t l e r i n d e
e r n e ğ i n d e n
d e n e y i m l e r i n i z i
p a r ç a l a n ı y o r   o l a c a k m ı ş ı m
m i l y o n e r e
h e n d e s e l e r i n i z d e n
m a k i n e n i z d e
a l f a   s ü r ü m ü n d e n
p a r ç a l a n ı y o r   o l m a l ı l a r   m ı y d ı
p a r ç a l a n m a y a c a k m ı ş
p a r ç a l a n m a m e l i y i m
h e n d e s e n i
t e k i l   k a l ı b ı
p a r ç a l a n ı y o r   o l m a l ı l a r m ı ş
g ö ç ü y o r   o l m a l ı y m ı ş ı m
m e f h u m u m u z u
b ü s t ü n ü z ü n
s e r p e r   m i y d i n
a l f a   s ü r ü m l e r i n d e n
d e ğ i ş m e m i ş t i
s e r p e r d i n
d ü z e n l e n e b i l i r l i ğ i n i n
p a r ç a l a n m a z m ı ş ı m
d e ğ i ş m e m i ş m i ş i z
s ü z ü y o r   o l m a m a l ı   m ı y m ı ş s ı n ı z
t e c r i d i n d e
e r n e k l e r i z
t e c r i d i n
b a m y a m ı z d a
k a t e g o r i d e
d ü z e n l e n e b i l i r l i k t e
b a m y a l a r a
p a r ç a l a n m ı ş   o l m a y a c a k l a r
m a k i n e n i n
u s u l l a r
p a r ç a l a n m a m ı ş l a r   m ı y d ı
h e n d e s e s i n d e n
a v u k a t m ı ş ı m
s ü z m e m e l i   m i y i z
t e c r i t
y e r l e r d i
y e r m i ş s i n i z
t e c r i d i
s e r p t i n i z   m i
t e c r i d i n e
y e r l e r d i r
s ü z
e r n e k l e r d i r
ö r d e k t e
b a k i r e l e r d i r
p a r ç a l a n ı r d ı n ı z
p e n i s t e n
m a k i n e n i n
u s u l u
d e ğ i ş i y o r   o l m a m a l ı l a r   m ı y m ı ş
d e ğ i ş m i ş   m i y i m
b a m y a y m ı ş
b a m y a l a r d ı
b a m y a l a r d ı n
b a m y a y m ı ş s ı n ı z
i s t i r i d y e d e n
g ö ç m ü y o r l a r
p a r ç a l a n m a d ı y d ı m
t e k i l   k a l ı p
b ü s t ü n ü
s ü z d ü y d ü k
s e s t e ş t e
d e ğ i ş i r l e r   m i y m i ş
a l f a   s ü r ü m l e r i n e
g ö ç m ü ş ü z
m i l y o n e r l e r d i n
m i l y o n e r m i ş
m i l y o n e r l e r d i n i z
d e ğ i ş i y o r   o l m a m a l ı
g ö ç m ü ş   m ü y ü m
m a k i n e n i
m i l y o n e r d i l e r
a y r ı m c ı l ı k d ı m
p a r ç a l a n m ı ş ı z
d e n e y i m e
y a n   t ü m c e d e n
e r n e k t i m
s ü z m ü y o r m u ş
g ö ç t ü n ü z   m ü
d e ğ i ş t i k   m i
e r n e k m i ş s i n i z
p a r ç a l a n d ı y d ı k
b a k i r e y m i ş
b a k i r e l e r d i n
b a k i r e l e r d i
b a k i r e y m i ş s i n i z
a y r ı m c ı l ı k m ı ş ı z
ç i z g i
ç i z g i y m i ş i z
ç i z g i y m i ş
ö ğ ü t ü c ü y ü m
p a r ç a l a n d ı y d ı
m a k i n e d e
y e r d i n i z
p a r ç a l a n ı n ı z
t e c r i d i n d e n
d e n e y i m i m i z i n
t e c r i d i n d e n
ö ğ ü t ü c ü l e r d i n i z
ö ğ ü t ü c ü l e r d i n
ö ğ ü t ü c ü
y e r d i n
ç i z g i y m i ş l e r
a l f a   s ü r ü m ü n u
m a k i n e n i z i n
s ü z d ü k   m ü
s ü z d ü n
s e r p m e m e l i   m i y i z
b a m y a y m ı ş l a r
p a r ç a l a n ı y o r   o l m a y a c a k   m ı y m ı ş s ı n ı z
s ü z m e d i m   m i
s e r p i y o r   o l m a m a l ı
d e ğ i ş m e z   m i y m i ş i m
d e ğ i ş m e l i   m i y m i ş s i n
d e ğ i ş m i ş   m i y d i n
d e ğ i ş m i y o r   m u y d u
d e ğ i ş m i ş   o l m a y a c a k   m ı s ı n
d e ğ i ş e c e k   m i y d i m
d e ğ i ş i r   o l m a y a c a k   m ı y m ı ş
d e ğ i ş i r l e r d i
d e ğ i ş i y o r   o l m a m a l ı l a r
d e ğ i ş m e y e c e k   m i s i n i z
d e ğ i ş i y o r   o l m a l ı   m ı y ı z
d e ğ i ş e c e k   o l m a y a c a k l a r
d e ğ i ş e c e k   m i y i z
t o p o l o j i m i z e
ç i z g i y d i
b ü s t ü m ü z d e
s ü z m ü ş   m ü y d ü n
k u r b a ğ a c ı ğ ı n d a n
s ü z m ü y o r   m u y d u
s e r p i y o r   m u y d u n
g ö ç m e l i l e r   m i y d i
b a k i r e y i
m e f h u m l a r ı n
s ü z m ü ş   m ü y m ü ş
s ü z ü y o r   o l m a y a c a k l a r   m ı y d ı
g ö ç m ü ş   o l m a y a c a ğ ı z
p a r ç a l a n ı y o r d u k
s ü z m e l i y d i n
t o p o l o j i l e r i n d e n
k u r b a ğ a c ı k l a r ı n ı z
d e ğ i ş e c e k   o l a c a k   m ı y m ı ş s ı n
s ü z m e m i ş   m i y m i ş s i n
s e r p m i y o r   m u y d u
k a t e g o r i l e r i m i z d e n
g ö ç ü y o r   o l m a m a l ı l a r
s e r p m i ş   m i y d i n
y e r i m i z e
b ü s t ü n d e n
g ö ç e c e ğ i z
ö r d e ğ i n d e
k a t e g o r i l e r i m i z i n
m i l y o n e r i n i z e
p a r ç a l a n m a y a c a k   m ı y m ı ş s ı n ı z
ö r d e k l e r i m i z d e
s e r p e c e k   o l m a y a c a k   m ı y m ı ş s ı n
s e r p m i ş   o l a c a k t ı k
m i l y o n e r i m i z e
s e r p e c e k   o l m a y a c a k l a r
ç i z g i n i z d e n
g ö ç e c e k   o l m a y a c a k   m ı y m ı ş s ı n ı z
d e ğ i ş e c e k   o l m a y a c a k m ı ş s ı n ı z
ö ğ ü t ü c ü l e r i n e
p a r ç a l a n a c a k   o l m a y a c a k   m ı y m ı ş ı z
b a k i r e n i z
s e r p t i y d i
s e r p m i y o r   m u y d u m
s e r p e r   m i y m i ş
s ü z m ü y o r u m
a y r ı m c ı l ı k l a r m ı ş ı m
ö r d e k l e r
a y r ı m c ı l ı k l a r ı n ı z d a
s ü z e c e k   m i y m i ş s i n i z
p a r ç a l a n m ı y o r d u
d e ğ i ş e c e k   o l a c a k   m ı s ı n ı z
y a n   t ü m c e l e r i n d e n
s ü z ü y o r   o l m a z   m ı y d ı m
s ü z m e l i   m i y m i ş s i n
d e ğ i ş t i y d i
s e r p i y o r   o l a c a k m ı ş ı m
b a k i r e m i z d e n
m i l y o n e r l e r s i n i z
m i l y o n e r i m i z
p a r ç a l a n m ı y o r   m u y d u
p a r ç a l a n m a l ı   m ı y m ı ş s ı n
m i l y o n e r i n i z
a v u k a t l a r ı n ı z ı
s e r p m e l i y m i ş s i n i z
s e r p i y o r   o l m a m a l ı l a r
b a k i r e l e r i n
s ü z m e y e c e k   m i y d i n
m i l y o n e r l e r i n d e
s e r p i y o r   o l m a l ı   m ı y m ı ş s ı n ı z
g ö ç e c e k   m i y i z
a y r ı m c ı l ı k l a r ı m ı z ı
p a r ç a l a n ı y o r   o l m a m a l ı l a r
y a n   t ü m c e m i z d e n
b a k i r e l e r i n i
s e r p m e l i   m i y m i ş s i n
ö r d e k l e r i n i n
ç i z g i l e r d i r
a v u k a t l a r ı n ı
s e r p m e y e c e k l e r   m i y m i ş
y e r i n i z i n
b a k i r e l e r s i n i z
d e ğ i ş i y o r   o l m a z d ı
p a r ç a l a n m a y a c a k l a r d ı
p e n i s l e r d e
s e s t e ş i m i z d e n
p e n i s i n i z d e n
g ö ç m ü ş   o l m a y a c a k   m ı s ı n
s ü z m e m e l i l e r m i ş
t e k i l   k a l ı p l a r ı n d a
s e r p e c e k m i ş s i n i z
a y r ı m c ı l ı k l a r m ı ş
a y r ı m c ı l ı ğ ı m
s ü z m e m e l i   m i y d i n
y e r l e r i n i z
b ü s t ü m ü z d e n
s e r p e r   m i s i n i z
g ö ç m e m i ş l e r   m i y m i ş
s e r p m i ş   o l a c a k t ı n ı z
d e n e y i m l e r i n d e n
s ü z e r   m i y d i n
d e n e y i m i n i z
p a r ç a l a n m a y a c a k l a r m ı ş
t e c r i t l e r i m i z i
p a r ç a l a n m ı ş   m ı y m ı ş s ı n ı z
s e s t e ş l e r i n i z e
s ü z e r l e r d i
y e r l e r i n
p a r ç a l a n m ı y o r l a r
s e r p m e y e c e k s i n i z
d e n e y i m l e r i n d e
h e n d e s e l e r i n i n
g ö ç ü y o r   o l m a m a l ı l a r   m ı y d ı
t e c r i t l e r i m i z d e n
t e k i l   k a l ı p l a r ı n d a n
ö r d e ğ i n
s ü z m e d i   m i y d i k
d e ğ i ş i y o r   o l m a l ı   m ı y d ı m
e r n e k l e r i n i
h e n d e s e l e r i
p a r ç a l a n m a z   m ı y m ı ş ı m
d ü z e n l e n e b i l i r l i ğ i n e
t e c r i t l e r i n e
p a r ç a l a n ı y o r   o l m a m a l ı   m ı y d ı n ı z
d e ğ i ş i y o r   o l a c a k s ı n
s e r p m e m i ş l e r   m i
p a r ç a l a n a c a k   m ı y ı z
k u r b a ğ a c ı k
d e n e y i m d e
s ü z ü y o r   o l m a l ı   m ı y ı z
t e k i l   k a l ı b ı n a
p a r ç a l a n m a m a l ı   m ı y d ı
e r n e k m i ş i m
s e r p m e m i ş l e r m i ş
p a r ç a l a n m e l i   m i s i n i z
m a k i n e s i n i
p a r ç a l a n ı y o r   o l m a l ı   m ı y ı z
a v u k a t ı z
g ö ç m ü y o r m u ş
b a k i r e d e n
s e r p m e z   m i y m i ş i m
g ö ç ü y o r   o l m a m a l ı s ı n
p a r ç a l a n m ı ş   m ı y d ı n
g ö ç t ü n
t e k i l   k a l ı b ı m ı z a
b a k i r e s i
s e r p m e y e c e k   m i s i n i z
s e r p m i ş m i ş i z
p a r ç a l a n m a m ı ş l a r   m ı y m ı ş
y e r i z
b a k i r e s i n d e
y e r d i l e r
p a r ç a l a n ı y o r   o l m a l ı l a r d ı
ç i z g i l e r i m
g ö ç t ü n   m ü
y e r l e r s i n
d e ğ i ş i r   m i s i n
d e ğ i ş m e m e l i y i z
d e ğ i ş i r   m i y m i ş i z
d e ğ i ş m e d i y d i k
d e ğ i ş i y o r   o l m a y a c a k   m ı s ı n
d e ğ i ş i y o r   o l a c a k   m ı y ı z
d e ğ i ş m i y o r   m u y m u ş
d e ğ i ş m e d i n i z
d e ğ i ş i y o r   o l m a m a l ı y d ı n ı z
d e ğ i ş m e m e l i l e r   m i y d i
d e ğ i ş i y o r   o l m a y a c a k   m ı y d ı
d e ğ i ş t i   m i
d e ğ i ş i r d i m
d e ğ i ş i y o r   o l m a y a c a k t ı
d e ğ i ş e c e k m i ş
d e ğ i ş m i y o r
d e ğ i ş e c e k   o l a c a ğ ı z
d e ğ i ş e c e k t i n
d e ğ i ş m i ş l e r d i
d e ğ i ş i y o r   o l m a l ı   m ı y m ı ş ı z
d e ğ i ş e c e k   o l m a y a c a k s ı n ı z
d e ğ i ş i r   m i y d i k
d e ğ i ş m i ş m i ş s i n i z
d e ğ i ş i y o r   o l a c a k l a r   m ı y d ı
d e ğ i ş i y o r   o l u r l a r   m ı y d ı
d e ğ i ş m i ş s i n i z
d e ğ i ş m i y o r m u ş u m
d e ğ i ş m e l i y m i ş i m
d e ğ i ş e c e k   o l a c a k   m ı y m ı ş ı z
d e ğ i ş i y o r   o l m a z   m ı y d ı n
d e ğ i ş i y o r   o l a c a k   m ı y m ı ş s ı n
d e ğ i ş i r   o l a c a k m ı ş s ı n ı z
d e ğ i ş m e z   m i y d i k
d e ğ i ş m e z   m i s i n i z
d e ğ i ş e c e k s i n i z
d e ğ i ş m e m i ş   m i y m i ş s i n i z
d e ğ i ş m i ş   o l m a y a c a k t ı m
d e ğ i ş i y o r   o l a c a k m ı ş s ı n
d e ğ i ş m e l i   m i s i n
d e ğ i ş m e z m i ş i z
d e ğ i ş m i ş l e r m i ş
d e ğ i ş e c e k   o l a c a k   m ı y m ı ş
d e ğ i ş i y o r   o l m a l ı   m ı
d e ğ i ş e c e k   o l m a y a c a k l a r   m ı
d e ğ i ş m i ş m i ş s i n
d e ğ i ş i y o r   o l m a l ı y m ı ş s ı n
d e ğ i ş i y o r   m u y d u k
d e ğ i ş i y o r   o l m a m a l ı   m ı y d ı k
d e ğ i ş i r m i ş i m
d e ğ i ş i r i z
d e ğ i ş m e y e c e k t i m
d e ğ i ş e c e k   o l m a y a c a k l a r   m ı y m ı ş
d e ğ i ş m i y o r   m u y u m
d e ğ i ş m e d i n   m i
d e ğ i ş m i ş   m i s i n
d e ğ i ş e c e k   o l a c a k m ı ş s ı n ı z
d e ğ i ş i y o r   o l a c a k t ı k
d e ğ i ş t i l e r
d e ğ i ş i r   o l m a y a c a k m ı ş
d e ğ i ş i y o r   o l m a y a c a k   m ı y d ı m
d e ğ i ş i y o r   o l m a z   m ı y d ı k
d e ğ i ş i y o r   o l m a y a c a k   m ı y ı z
d e ğ i ş m i ş   o l m a y a c a k s ı n
d e ğ i ş i y o r   o l m a l ı   m ı y d ı n ı z
d e ğ i ş i y o r   o l a c a k m ı ş ı z
d e ğ i ş m e z   m i y d i
d e ğ i ş m e m e l i y d i
d e ğ i ş i y o r   m u y u z
d e ğ i ş i r   m i y d i m
d e ğ i ş e c e k   o l a c a k s ı n ı z
d e ğ i ş i y o r   o l u r d u k
d e ğ i ş m e z l e r   m i y d i
d e ğ i ş m e y e c e k m i ş s i n
d e ğ i ş m i ş t i m
d e ğ i ş m i ş   o l a c a k l a r   m ı
d e ğ i ş i r   m i y i z
d e ğ i ş m e l i   m i y i m
d e ğ i ş i y o r   o l m a l ı y m ı ş ı z
d e ğ i ş t i   m i y d i n
d e ğ i ş m i ş   m i s i n i z
d e ğ i ş m e y e c e k t i n
d e ğ i ş i y o r   o l m a y a c a k   m ı y d ı n ı z
d e ğ i ş m i y o r   m u y m u ş u z
d e ğ i ş m e m e l i l e r d i
d e ğ i ş i r m i ş s i n i z
d e ğ i ş e c e k   m i y i m
d e ğ i ş m i ş   o l a c a k   m ı y ı z
d e ğ i ş i y o r   o l m a l ı y ı z
d e ğ i ş i y o r   o l u r   m u y d u n u z
d e ğ i ş m e y e c e ğ i z
d e ğ i ş m i ş   o l m a y a c a k   m ı y d ı n ı z
d e ğ i ş i r   o l m a y a c a k m ı ş s ı n
d e ğ i ş m e l i   m i y d i k
d e ğ i ş i y o r l a r d ı
d e ğ i ş i y o r   m u y u m
ö ğ ü t ü c ü l e r d i
ö ğ ü t ü c ü m ü z
m e f h u m u
g ö ç ü y o r   m u y u z
g ö ç ü y o r   m u y d u k
g ö ç m ü ş s ü n ü z
s ü z ü y o r   m u y d u k
ö ğ ü t ü c ü n ü z ü n
a v u k a t l a r ı m
ö r d e ğ i m i z d e
ö r d e ğ i m i z i
b ü s t l e r i n i z d e n
s e r p i y o r   m u y d u k
s ü z e c e k t i m
ç i z g i l e r i
a y r ı m c ı l ı k
g ö ç m ü ş   m ü y m ü ş
k u r b a ğ a c ı k l a r ı
d e ğ i ş i y o r s u n
a v u k a t l a r d a n
a v u k a t l a r d ı k
ç i z g i n i
b a k i r e y i z
s e r p i y o r   o l u r d u k
s ü z m ü ş s ü n ü z
s ü z e c e k   m i y i z
s ü z m ü ş   o l a c a k   m ı
ç i z g i l e r e
s ü z m e y e c e k t i m
s e r p m i ş
g ö ç ü y o r   o l a c a k l a r m ı ş
s e r p m i ş t i k
g ö ç m ü ş   o l a c a k   m ı
ç i z g i l e r i n e
s e r p m i ş s i n
ç i z g i l e r m i ş
g ö ç ü y o r   m u y u m
s ü z ü y o r   o l m a z   m ı y d ı k
g ö ç ü y o r   o l a c a k   m ı y m ı ş s ı n
g ö ç ü y o r   o l m a z   m ı y d ı n ı z
t o p o l o j i l e r i n d e
a y r ı m c ı l ı ğ ı m ı z d a n
a y r ı m c ı l ı k l a r ı n d a
b a k i r e n i z d e
s ü z m ü ş l e r m i ş
y a n   t ü m c e l e r i m i z i n
s ü z m ü ş l e r d i
s ü z ü y o r   o l m a y a c a k t ı
i s t i r i d y e n e
s ü z m e z   m i y d i n i z
g ö ç e c e k m i ş s i n i z
ç i z g i l e r i m i z i n
s ü z m ü y o r   m u y u m
ç i z g i l e r i n i z
y a n   t ü m c e l e r i n i n
s e r p e c e k   o l m a y a c a k   m ı y ı z
s e s t e ş i m i z i n
g ö ç ü y o r   o l m a z   m ı y d ı n
ç i z g i l e r d i n i z
s ü z e r   m i y i z
g ö ç ü y o r   o l m a m a l ı y d ı k
y a n   t ü m c e n i z
g ö ç ü y o r   o l a c a k m ı ş
d e ğ i ş i y o r   o l m a y a c a k   m ı y d ı k
a y r ı m c ı l ı ğ ı m ı z
b a k i r e l e r m i ş s i n
s ü z ü y o r   m u y u m
g ö ç m e d i y d i k
h e n d e s e l e r i m i z d e n
d e ğ i ş m e z   m i y d i n i z
s e s t e ş i n e
s ü z e c e k m i ş
s ü z m e y e c e k l e r d i
d e ğ i ş i y o r   o l m a z l a r d ı
g ö ç m ü y o r d u n u z
g ö ç ü y o r   o l m a y a c a k   m ı s ı n
s ü z ü y o r   o l m a y a c a k   m ı s ı n
g ö ç m e m i ş   m i
e r n e ğ i m i z d e n
i s t i r i d y e l e r i n i
m i l y o n e r l e r i m i z e
s e r p i y o r   o l m a y a c a k t ı
b a k i r e l e r e
g ö ç m ü ş l e r m i ş
e r n e k l e r i m i z e
s ü z e r   m i y m i ş i z
s ü z e c e k s i n i z
s ü z e c e k   o l a c a k s ı n ı z
m a k i n e n i z d e n
s e r p m e y e c e k t i n
t e c r i d i n i
s ü z e r   m i y d i m
s e r p m i ş l e r d i
k e f a l e t l e r i m i z d e n
s e r p i y o r   o l a c a k t ı n
k e f a l e t l e r d e
s ü z ü y o r   o l m a m a l ı y m ı ş s ı n ı z
g ö ç ü y o r   o l a c a k t ı k
e r n e ğ i m i z
y e r l e r d i n i z
s e r p e r   o l a c a k l a r m ı ş
g ö ç m ü ş   m ü s ü n ü z
p e n i s l e r i n
d e ğ i ş i y o r   o l m a l ı s ı n
b a k i r e l e r i n i z
h e n d e s e l e r i n
m i l y o n e r m i ş s i n
s ü z ü y o r   o l m a l ı l a r d ı
s ü z ü y o r   o l a c a k l a r   m ı y d ı
ö r d e k l e r i n i
s e r p i y o r   o l m a y a c a k   m ı s ı n
s ü z e c e k   o l m a y a c a k s ı n ı z
k e f a l e t l e r i n i z
p e n i s l e r i m i z i n
s e r p e r   o l a c a k   m ı y m ı ş ı m
s ü z m ü ş   o l a c a k   m ı s ı n
b a k i r e l e r d i n i z
p e n i s l e r i n e
s ü z e r m i ş s i n i z
b a m y a l a r ı n ı z ı
m i l y o n e r l e r i n
b a k i r e y d i k
a y r ı m c ı l ı k l a r d a n
e r n e k m i ş i z
s e r p m i ş l e r m i ş
d e n e y i m l e r e
g ö ç e c e k   o l a c a k   m ı y m ı ş ı z
s e r p e c e k l e r   m i
d e ğ i ş m e y e c e k l e r m i ş
s ü z e c e k   m i y m i ş i z
p e n i s l e r i n i n
g ö ç ü y o r   o l m a l ı y ı z
d e ğ i ş m i ş   o l a c a k s ı n
d e ğ i ş i y o r   o l m a m a l ı y m ı ş
m i l y o n e r l e r i m i z i n
s e r p e c e k s i n i z
s e r p e c e k   o l a c a k s ı n ı z
ö r d e k l e r i n i
g ö ç m e y e c e ğ i z
s e r p m i ş   o l m a y a c a k   m ı y d ı
p a r ç a l a n ı y o r   m u y d u k
s ü z m ü ş   o l m a y a c a k   m ı y d ı
e r n e ğ i n i z e
s ü z m e l i   m i s i n
s e r p e c e k l e r d i
s e r p e c e k   o l m a y a c a k s ı n ı z
s ü z ü y o r   o l a c a k m ı ş ı z
g ö ç ü y o r   o l m a l ı   m ı y d ı n ı z
p a r ç a l a n ı y o r   o l a c a k   m ı y d ı m
p a r ç a l a n ı y o r   o l m a z   m ı y d ı m
k e f a l e t i n i
s ü z ü y o r   o l m a l ı   m ı y d ı n ı z
s e r p e r d i m
s e r p m i ş   o l m a y a c a k t ı n ı z
p a r ç a l a n ı y o r   o l m a y a c a k   m ı s ı n
s ü z m e m i ş s i n i z
p a r ç a l a n ı y o r   o l m a y a c a k t ı m
p a r ç a l a n m a z d ı m
g ö ç m ü ş   m ü s ü n
d e ğ i ş m i ş   o l a c a ğ ı m
p a r ç a l a n m a y a c a k   m ı y m ı ş s ı n
p a r ç a l a n ı y o r   o l a c a k t ı k
s ü z ü y o r   o l m a l ı y m ı ş s ı n
e r n e k m i ş s i n
a v u k a t l a r d ı n ı z
g ö ç e c e k   o l a c a k m ı ş s ı n ı z
d e ğ i ş i y o r   o l m a m a l ı y d ı n
s ü z e c e k   o l m a y a c a k l a r   m ı
m e f h u m l a r a
s e r p m i ş   m i s i n
p a r ç a l a n m a y a c a k t ı n
d e ğ i ş i y o r   o l m a m a l ı   m ı y m ı ş s ı n
p a r ç a l a n a c a k t ı n
b a m y a m ı z ı
g ö ç m ü ş   o l a c a k   m ı y ı z
s e r p m e z   m i y d i k
p a r ç a l a n a c a k   o l m a y a c a k   m ı
p a r ç a l a n a c a k   o l a c a k s ı n ı z
e r n e ğ i n d e n
d ü z e n l e n e b i l i r l i ğ i n i
s ü z m ü ş   m ü s ü n ü z
s ü z e c e k   m i y d i m
t e k i l   k a l ı b ı n d a n
s e r p m i ş   o l m a y a c a k s ı n
t e k i l   k a l ı b ı m ı z d a
p a r ç a l a n m ı y o r   m u y u m
s e r p m e y e c e ğ i z
d ü z e n l e n e b i l i r l i ğ i m i z e
g ö ç t ü   m ü
s e r p m e l i   m i y d i k
d ü z e n l e n e b i l i r l i k l e r i n i
s e r p e r m i ş s i n i z
p a r ç a l a n a c a k   o l a c a k m ı ş s ı n ı z
g ö ç ü y o r   o l m a l ı   m ı y m ı ş ı z
s e r p i y o r   o l m a l ı   m ı y m ı ş ı z
s ü z e r   m i y d i k
p a r ç a l a n m a z   m ı y d ı k
s e r p m i ş m i ş s i n
p a r ç a l a n m a d ı k
p a r ç a l a n ı y o r   o l m a l ı y ı z
s ü z ü y o r   o l a c a k   m ı y ı z
p a r ç a l a n ı y o r   o l a c a k l a r   m ı y d ı
s e r p i y o r   o l a c a k m ı ş ı z
p a r ç a l a n ı r m ı ş s ı n ı z
d e ğ i ş i y o r   o l m a l ı l a r m ı ş
s ü z e c e k   o l a c a k   m ı y m ı ş
p a r ç a l a n m ı ş s ı n ı z
s ü z e r i z
y e r i n d e n
p a r ç a l a n m a d ı y d ı k
p a r ç a l a n m a y a c a ğ ı z
p a r ç a l a n a c a ğ ı z
e r n e k
s ü z m e z   m i y m i ş i m
p a r ç a l a n ı y o r   m u y u m
g ö ç m e m i ş t i
p a r ç a l a n m ı ş l a r d ı
g ö ç ü y o r   o l u r l a r   m ı y d ı
p a r ç a l a n ı y o r   o l m a m a l ı y d ı n ı z
p a r ç a l a n m ı ş   o l m a y a c a k   m ı y d ı n ı z
g ö ç e r m i ş s i n i z
s e r p e r   o l m a y a c a k m ı ş
p a r ç a l a n a c a k   o l m a y a c a k
p a r ç a l a n ı r   o l a c a k m ı ş s ı n ı z
p a r ç a l a n ı y o r   o l m a m a l ı   m ı y m ı ş s ı n
s e r p e c e k   o l a c a ğ ı z
g ö ç m e z   m i y d i k
e r n e k t e n
p a r ç a l a n m a d ı n ı z
p a r ç a l a n m ı ş   o l m a y a c a k s ı n
s e r p e c e k   o l a c a k m ı ş s ı n ı z
p a r ç a l a n m ı ş   o l a c a k   m ı s ı n
y e r
p a r ç a l a n m a l ı y d ı m
p a r ç a l a n m ı ş   o l a c a ğ ı m
p a r ç a l a n ı r   m ı y m ı ş ı z
p a r ç a l a n m ı ş   o l a c a k   m ı y ı z
p a r ç a l a n ı y o r   o l m a m a l ı   m ı y d ı k
p a r ç a l a n m ı ş m ı ş s ı n ı z
s e r p m i y o r
s e r p m e z   m i
p a r ç a l a n m ı ş   o l a c a k   m ı
s ü z m e z   m i y d i k
g ö ç e r   o l m a y a c a k m ı ş
d e ğ i ş i r   o l m a y a c a k m ı ş ı z
s e r p m e m e l i l e r   m i y d i
p a r ç a l a n ı r   m ı s ı n
p a r ç a l a n m a m ı ş s ı n ı z
p a r ç a l a n m a m ı ş l a r   m ı
s ü z m ü y o r   m u y m u ş
b ü s t l e r i
b ü s t l e r i m i z i n
m e f h u m u n u
a y r ı m c ı l ı k l a r d ı n ı z
b ü s t l e r e
s e s t e ş e
ç i z g i l e r i m i z d e n
g ö ç ü y o r d u
t o p o l o j i l e r i m i z i
d e ğ i ş m i y o r   m u y d u m
p e n i s i n d e
i s t i r i d y e
s ü z m ü ş   m ü s ü n
ç i z g i l e r
s e s t e ş l e r i n d e n
a y r ı m c ı l ı k l a r ı n ı z ı
s e s t e ş i n i z i
t o p o l o j i l e r i n i
ö ğ ü t ü c ü l e r m i ş s i n
k a t e g o r i m i z i
ö ğ ü t ü c ü m ü z d e
a v u k a t l a r a
s e s t e ş l e r i n i z i n
b a m y a y d ı
b a k i r e m i z
t o p o l o j i n i
g ö ç e c e k   o l a c a k s ı n ı z
b a m y a n ı z
i s t i r i d y e l e r i n d e n
k a t e g o r i l e r i m i z
ç i z g i l e r s i n i z
h e n d e s e l e r d e
t e k i l   k a l ı p l a r ı n ı z
t e c r i d i n i z d e n
k u r b a ğ a c ı k l a r ı n d a
g ö ç e c e k   o l a c a k l a r   m ı y m ı ş
e r n e k l e r m i ş
h e n d e s e l e r i m i z e
ö r d e k l e r i m i z i
e r n e k l e r i
m i l y o n e r l e r i n i z
e r n e k l e r
p e n i s l e r i n i z
d e ğ i ş e c e ğ i m
ö ğ ü t ü c ü l e r i m i z i
g ö ç m ü ş   o l m a y a c a k s ı n
d e n e y i m l e r i m i z d e n
m e f h u m l a r ı n a
g ö ç e c e k   o l a c a k   m ı y m ı ş
i s t i r i d y e n i z e
s e r p i y o r   o l a c a k l a r   m ı y d ı
e r n e k l e r i m i z
b a k i r e l e r i m i z
d e n e y i m l e r i m i z e
y e r i n i z d e n
k a t e g o r i n i z e
g ö ç ü y o r   o l m a y a c a k   m ı y m ı ş s ı n
m e f h u m l a r ı n ı
d e n e y i m
s e r p i y o r l a r d ı
s e r p i y o r   o l m a y a c a k l a r   m ı y m ı ş
d e ğ i ş m i ş   o l m a y a c a k l a r
m i l y o n e r l e r i n i
ö ğ ü t ü c ü l e r i n i
t e c r i d i n e
t e c r i t l e r i m i z e
g ö ç m ü y o r   m u y u z
y e r i m i z i
g ö ç m e m i ş s i n
s ü z m e z   m i y d i n
b a m y a s ı n d a n
y e r l e r d i m
s ü z ü y o r   o l m a y a c a k t ı k
s ü z e c e k   o l m a y a c a k   m ı y ı z
s ü z e c e k l e r   m i y m i ş
y a n   t ü m c e m i z d e
g ö ç e r   m i s i n i z
p a r ç a l a n ı y o r   o l m a y a c a k l a r
s e r p e r l e r   m i y m i ş
d e ğ i ş m e l i y i z
s e r p m i ş   o l m a y a c a ğ ı z
s e r p m e l i   m i s i n i z
p e n i s l e r i n i
t e k i l   k a l ı p l a r ı n ı
t e c r i d i n d e
d ü z e n l e n e b i l i r l i ğ i n i z e
g ö ç e r   m i s i n
e r n e k l e r s i n i z
s e r p i y o r   o l a c a k
s e r p i y o r   o l m a y a c a k m ı ş ı z
b a m y a m ı z ı n
s ü z ü y o r   o l m a y a c a ğ ı z
s ü z m e m i ş   m i
y e r i n i z
m i l y o n e r d i n i z
p a r ç a l a n ı y o r   o l m a l ı   m ı s ı n
a y r ı m c ı l ı k l a r ı n ı
d ü z e n l e n e b i l i r l i ğ i n i z i
s e r p i y o r   m u y u m
s e r p e r i m
g ö ç m ü y o r   m u y m u ş u z
p a r ç a l a n m ı ş l a r   m ı y m ı ş
p a r ç a l a n a c a k s ı n ı z
p a r ç a l a n ı y o r   o l m a l ı   m ı y d ı m
g ö ç e r   m i y d i n
s ü z ü y o r   o l m a z   m ı y d ı n
p a r ç a l a n ı y o r   o l m a y a c a k   m ı y m ı ş s ı n
p a r ç a l a n ı y o r   o l m a l ı   m ı y m ı ş ı z
p a r ç a l a n ı y o r   o l a c a k   m ı y ı z
d e ğ i ş m e l i y d i n
s ü z m e z d i m
s e r p e r   m i s i n
s e r p e r   m i y i z
g ö ç m e m e l i y m i ş
s ü z ü y o r   o l m a m a l ı l a r   m ı y d ı
d e ğ i ş m e y e c e k   m i y d i n i z
s ü z m ü ş   o l m a y a c a k   m ı y d ı n ı z
p a r ç a l a n a c a k   o l m a y a c a k   m ı y m ı ş
s ü z ü n
s e r p m i y o r   m u y m u ş u z
s e r p m i ş   o l m a y a c a k   m ı y d ı n ı z
p a r ç a l a n ı y o r   o l u r   m u y d u k
g ö ç m e m e l i l e r d i
p a r ç a l a n ı y o r   o l u r   m u y d u n u z
s ü z m e m e l i y m i ş s i n i z
p a r ç a l a n ı y o r l a r d ı
g ö ç ü y o r   o l m a z   m ı y d ı k
p a r ç a l a n m a y a c a k s ı n ı z
p a r ç a l a n ı r   m ı y d ı m
t e k i l   k a l ı b ı n d a
s e r p m i y o r   m u y m u ş
k a t e g o r i n d e n
d ü z e n l e n e b i l i r l i ğ e
s e r p m e d i y d i k
p a r ç a l a n a c a k   o l m a y a c a k   m ı s ı n ı z
p a r ç a l a n ı r   o l m a y a c a k m ı ş s ı n
s ü z m ü y o r   m u y m u ş u z
g ö ç ü y o r   o l m a m a l ı y d ı n ı z
s ü z m e m e l i   m i y m i ş i z
p a r ç a l a n a c a k m ı ş
g ö ç m e y e c e k   m i s i n i z
t e k i l   k a l ı b ı m ı z ı n
p a r ç a l a n a c a k   m ı y ı m
p a r ç a l a n m ı ş t ı n ı z
g ö ç ü y o r   o l m a m a l ı y m ı ş s ı n
d e ğ i ş m e m e l i   m i y m i ş
g ö ç m ü ş   o l m a y a c a k t ı m
t o p o l o j i s i n e
a v u k a t m ı ş s ı n ı z
d e ğ i ş m e m
k a t e g o r i d e n
p a r ç a l a n m a z l a r m ı ş
m a k i n e n d e
b ü s t l e r i n
p a r ç a l a n m a l ı   m ı y d ı k
d e ğ i ş m e z l e r   m i y m i ş
g ö ç m ü ş t ü m
s ü z m e m e l i y m i ş s i n
p a r ç a l a n m e l i   m i s i n
a v u k a t ı
p a r ç a l a n ı r   m ı s ı n ı z
m e f h u m u m u z a
ö ğ ü t ü c ü y d ü k
s ü z ü y o r   m u y u z
p a r ç a l a n ı y o r   o l m a m a l ı y m ı ş ı m
p a r ç a l a n ı r m ı ş ı m
b a k i r e n
g ö ç m e m i ş   m i y m i ş s i n i z
g ö ç m e z   m i y m i ş i m
p a s k a l y a   t a v ş a n l a r ı n ı n
m a k i n e n
s e r p e r   m i y d i k
p a r ç a l a n ı y o r   o l a c a k
s ü z m e m e l i y m i ş i m
p a r ç a l a n m a m a l ı y m ı ş
g ö ç m e m e l i y d i
s ü z m e m e l i y d i
s ü z ü y o r   o l u r l a r   m ı y d ı
b a m y a s ı n a
m e f h u m u m u z u n
s e r p m i y o r l a r   m ı y d ı
p a r ç a l a n ı r   m ı y ı z
s ü z d ü   m ü
t o p o l o j i y i
g ö ç m e y e c e k   m i
g ö ç e r   o l m a y a c a k m ı ş s ı n
k e f a l e t t e n
s ü z e r   o l m a y a c a k m ı ş s ı n
s e r p m e m e l i y d i
m a k i n e n e
p a r ç a l a n m a m a l ı   m ı y m ı ş ı z
p a r ç a l a n ı r ı m
s ü z ü y o r   o l m a l ı   m ı
s e r p i y o r   o l u r l a r   m ı y d ı
b a k i r e y m i ş l e r
d e ğ i ş m e m e l i y m i ş i m
b a k i r e y m i ş s i n
p a r ç a l a n d ı l a r
t e k i l   k a l ı b a
p a r ç a l a n d ı   m ı
s e r p e r   o l a c a k m ı ş s ı n ı z
p a r ç a l a n ı y o r   o l m a m a l ı
p a r ç a l a n ı y o r   o l m a l ı   m ı
g ö ç m ü ş m ü ş ü z
g ö ç m e d i n   m i
a y r ı m c ı l ı k d a
d e ğ i ş m i y o r m u ş s u n
t e c r i d e
p a r ç a l a n m ı y o r m u ş u m
s ü z e r   o l a c a k m ı ş s ı n ı z
d e ğ i ş m e m e l i   m i y d i n i z
s e r p i y o r l a r   m ı
s ü z d ü l e r
ö ğ ü t ü c ü y m ü ş s ü n
p a r ç a l a n m a m ı ş   m ı y m ı ş s ı n ı z
s ü z m ü ş m ü ş ü z
a y r ı m c ı l ı k d ı n
g ö ç ü y o r   m u
g ö ç m e z   m i s i n
g ö ç e r   o l m a y a c a k m ı ş ı m
g ö ç m e y e c e k m i ş i z
g ö ç e c e k   o l a c a k   m ı y ı z
g ö ç m e m i ş   m i y d i m
g ö ç m e d i l e r
g ö ç t ü
g ö ç t ü y d ü m
g ö ç ü y o r   o l m a l ı y ı m
g ö ç m e m e l i   m i s i n i z
g ö ç e c e k   o l a c a k   m ı y m ı ş ı m
g ö ç ü y o r   o l m a l ı   m ı y d ı k
g ö ç ü y o r   o l m a l ı   m ı y d ı
g ö ç m e d i y d i n i z
g ö ç m e y e c e k   m i y i z
g ö ç t ü y d ü n
g ö ç m ü ş   o l m a y a c a k
g ö ç e r   o l m a y a c a k   m ı y m ı ş s ı n
g ö ç m e z   m i y d i m
g ö ç ü y o r   o l m a l ı y d ı n
g ö ç ü y o r   o l m a m a l ı   m ı y m ı ş ı z
g ö ç ü y o r s u n u z
g ö ç ü y o r   o l a c a k   m ı s ı n ı z
g ö ç e c e k   o l a c a k l a r m ı ş
g ö ç m e z
g ö ç m e m e l i   m i
g ö ç e c e k   m i y d i
g ö ç m ü ş   o l m a y a c a ğ ı m
g ö ç m e z l e r   m i
g ö ç ü y o r   o l m a y a c a k t ı n
g ö ç m ü ş t ü
g ö ç m e m i ş m i ş s i n
g ö ç t ü k   m ü
g ö ç e r d i
g ö ç e r
m e f h u m u n u n
s ü z d ü n   m ü
ç i z g i n i z i
g ö ç m e m e l i y d i k
g ö ç e c e k
ç i z g i l e r
ö ğ ü t ü c ü y m ü ş ü m
g ö ç e c e k t i
g ö ç m e m e l i l e r   m i y d i
y a n   t ü m c e s i n e
ö r d e ğ i m i z
s e r p m e z l e r   m i
d e ğ i ş i y o r   m u
a v u k a t l a r m ı ş
ç i z g i n i z i n
g ö ç m e d i n i z
y e r i n
t o p o l o j i m i z d e n
s ü z m e m i ş m i ş s i n
ö ğ ü t ü c ü l e r e
ö ğ ü t ü c ü l e r d e
s e r p t i l e r
b a m y a y m ı ş s ı n
d e ğ i ş m e m i ş m i ş s i n
h e n d e s e m i z e
g ö ç ü y o r   o l a c a k
s e r p m i ş   m i y i m
s e r p t i k   m i
ö ğ ü t ü c ü y m ü ş s ü n ü z
s e r p m e y e c e k l e r
s ü z m ü ş   o l m a y a c a ğ ı m
s e r p m i ş   o l m a y a c a ğ ı m
y a n   t ü m c e n i z i n
s e r p m e m e l i   m i
a v u k a t ı
d e ğ i ş m e z   m i y d i m
s e r p m e y e c e k l e r   m i y d i
s e r p m e m i ş m i ş s i n
d e ğ i ş m e y e c e k   m i y i z
s ü z m e m e l i l e r   m i y d i
s ü z m e y e c e k t i
d e ğ i ş m e z   m i y d i n
s ü z m e m i ş   m i y d i m
b a m y a n ı z ı
s ü z m e m i ş   m i y i m
d e ğ i ş m e m e l i y m i ş s i n
g ö ç ü y o r   o l m a y a c a k   m ı y d ı m
s ü z m e z
d e ğ i ş e c e k   o l m a y a c a ğ ı m
t o p o l o j i y e
d e ğ i ş m e d i l e r
s e r p m e z   m i y d i m
s e r p m e z   m i s i n
s e r p i y o r s u n u z
g ö ç e c e k   o l a c a k   m ı y ı m
k u r b a ğ a c ı ğ ı n ı z d a
d e ğ i ş m e y e c e k m i ş i z
s e r p m i y o r   m u y m u ş s u n
g ö ç e r   o l m a y a c a k l a r   m ı y m ı ş
m a k i n e m i z
b a m y a
s e r p e r   m i y d i m
d e ğ i ş m i ş t i
k e f a l e t i n i z
p a r ç a l a n ı y o r   m u y d u n
s e r p m e z l e r   m i y d i
p e n i s i m i z e
d e ğ i ş m e y e c e k l e r d i
s ü z m ü ş   o l m a y a c a k l a r
k u r b a ğ a c ı k l a r ı
s e r p m i ş t i
s e r p m e y e c e k m i ş i z
g ö ç m ü ş   o l a c a k   m ı y ı m
d e ğ i ş i y o r   o l m a l ı y m ı ş
s e s t e ş i m i z
s e r p m e m i ş   m i y i m
s ü z ü y o r l a r d ı
s e r p m e z
y a n   t ü m c e n i z d e n
d e n e y i m i n i z i
s e r p e c e k   m i y d i m
t o p o l o j i l e r i n i n
ö r d e ğ i n i z d e
ö ğ ü t ü c ü y d ü n ü z
k e f a l e t l e r
s e r p i y o r   o l u r d u
d e ğ i ş m i ş t i n i z
s ü z m ü ş   o l a c a k
b ü s t l e r d e n
ç i z g i d e
d e n e y i m i n i z e
ç i z g i l e r i m i z d e
b ü s t l e r i n e
s ü z m ü ş   o l a c a k l a r   m ı
d e ğ i ş i y o r   o l m a l ı y ı m
s ü z ü y o r   o l m a y a c a k t ı n
y e r l e r
s e r p m e z m i ş i z
k a t e g o r i m i z
b a k i r e s i n i z
m a k i n e l e r
s e r p e c e k l e r   m i y d i
s ü z e c e k   m i s i n
g ö ç ü y o r   o l a c a k l a r   m ı y d ı
d e ğ i ş i n i z
s e r p m i ş   o l m a y a c a k
s ü z m e d i n   m i
y e r l e r i n i n
p a r ç a l a n ı y o r s u n u z
e r n e k l e r
s e r p e c e k   m i y i z
m i l y o n e r l e r d i
s ü z e c e k   o l m a y a c a ğ ı z
b a m y a n a
y a n   t ü m c e l e r i m i z i
ç i z g i l e r i n d e
g ö ç m ü y o r m u ş u m
s e r p t i y d i m
a v u k a t l a r m ı ş s ı n ı z
i s t i r i d y e l e r i m i z
s ü z m ü y o r   m u y d u m
s e r p e r   o l m a y a c a k   m ı y m ı ş s ı n
g ö ç m ü ş   o l a c a k s ı n ı z
s e r p m e d i   m i y d i
s ü z e r   o l m a y a c a k m ı ş ı m
s e r p m e m i ş s i n i z
s e r p i y o r   o l m a y a c a k t ı n
s e r p e r   o l m a y a c a k m ı ş ı m
m a k i n e l e r i n
p a r ç a l a n m a z l a r   m ı y m ı ş
s ü z e r   o l m a y a c a k   m ı y m ı ş s ı n
b a k i r e l e r i n
k a t e g o r i l e r i n
i s t i r i d y e l e r d e n
s e r p t i y d i n
k e f a l e t l e r i n i
s ü z e r   o l a c a k l a r m ı ş
s e r p m i ş   o l m a y a c a k   m ı s ı n
s e r p i y o r   o l m a l ı y ı m
ç i z g i l e r i n d e n
s ü z ü y o r   o l m a l ı y ı z
s e r p i y o r   o l m a y a c a k   m ı y d ı k
g ö ç ü y o r   o l m a y a c a k   m ı y d ı n ı z
s ü z ü y o r   o l m a z l a r   m ı y d ı
t e c r i d i m i z d e n
s e r p e c e k   m i y d i
b a k i r e l e r d e n
b a m y a l a r
d e ğ i ş e c e k   o l a c a k   m ı y m ı ş ı m
p a r ç a l a n m a m ı ş ı m
m i l y o n e r l e r d e n
y a n   t ü m c e y e
e r n e k l e r s i n
t e k i l   k a l ı p l a r d a
m a k i n e l e r e
p a r ç a l a n ı y o r   o l m a y a c a k t ı n
m a k i n e l e r i m i z d e n
t e k i l   k a l ı p l a r a
y e r l e r m i ş s i n i z
s ü z m e m i ş   m i y m i ş s i n i z
p a r ç a l a n m ı ş   o l m a y a c a k t ı n ı z
s ü z d ü y d ü n
s e r p m i y o r m u ş
m i l y o n e r l e r i n d e
p a r ç a l a n m ı ş   o l a c a k
h e n d e s e l e r i n d e
s e r p m i ş   o l a c a k   m ı s ı n
m a k i n e l e r i
p a r ç a l a n ı r   o l m a y a c a k m ı ş ı m
s e r p i y o r   o l m a l ı y m ı ş s ı n
s ü z ü y o r   o l m a l ı y d ı m
s e r p m e d i y d i n i z
s e r p i y o r   o l m a y a c a k   m ı y ı z
d e ğ i ş i y o r   o l m a m a l ı   m ı y m ı ş s ı n ı z
d e ğ i ş i y o r   o l m a l ı l a r d ı
d ü z e n l e n e b i l i r l i ğ i n d e n
s ü z ü y o r   o l m a m a l ı y d ı n ı z
d ü z e n l e n e b i l i r l i k l e r e
s e r p i y o r   o l m a z d ı m
t e c r i t l e r i m i z i n
s e r p e c e k   o l a c a k l a r m ı ş
a y r ı m c ı l ı ğ ı m ı z a
d ü z e n l e n e b i l i r l i k l e r i m i z d e n
p a r ç a l a n m a z
p a r ç a l a n m a d ı   m ı y d ı
ö r d e k l e r i n d e
p a r ç a l a n m a z m ı ş ı z
s ü z ü y o r   o l m a l ı   m ı y d ı
g ö ç e r   o l a c a k   m ı y m ı ş s ı n ı z
s ü z e c e k   o l a c a k   m ı y m ı ş ı m
s ü z ü y o r   o l m a l ı y d ı n
k a t e g o r i l e r i n d e
s e r p e r l e r d i
p a r ç a l a n ı y o r   o l a c a k l a r m ı ş
p a r ç a l a n ı r l a r d ı
p a r ç a l a n m a y a c a k l a r   m ı
s ü z e c e k   o l a c a k l a r m ı ş
d e ğ i ş i y o r   o l a c a k   m ı s ı n
s e r p m i y o r m u ş u m
s ü z e c e k   o l a c a ğ ı z
g ö ç ü y o r   o l m a y a c a k   m ı y m ı ş s ı n ı z
s ü z ü y o r   o l m a y a c a k   m ı y d ı n ı z
s ü z ü y o r   o l m a m a l ı   m ı y m ı ş ı z
p a r ç a l a n m ı ş   o l a c a k s ı n
d e ğ i ş m i ş   o l a c a k t ı n ı z
m a k i n e l e r i n i
p a r ç a l a n ı y o r   o l m a z   m ı y d ı n ı z
i s t i r i d y e m i z d e
s e r p i y o r   o l m a y a c a k s ı n
p a r ç a l a n ı y o r   o l m a m a l ı   m ı y m ı ş ı z
a y r ı m c ı l ı k l a r m ı ş s ı n
p a r ç a l a n a c a k   o l a c a k   m ı y m ı ş ı m
s e r p i y o r   o l m a m a l ı   m ı y m ı ş ı z
s ü z m ü y o r
s e r p i y o r   o l m a l ı   m ı y d ı
y e r l e r i n i z i
p a r ç a l a n ı y o r   o l a c a k m ı ş
s ü z ü y o r   o l m a y a c a k m ı ş s ı n ı z
p a r ç a l a n m a y a c a k   m ı s ı n
s e r p e c e k   o l a c a k   m ı y ı z
p a r ç a l a n m a y a c a k m ı ş ı z
d e ğ i ş m i ş   o l a c a k   m ı y d ı n ı z
k u r b a ğ a c ı k l a r ı n ı z ı
b a k i r e l e r i n d e n
s e r p m i ş   o l a c a k   m ı y ı z
m a k i n e l e r i n d e n
s e r p i y o r   o l a c a k s ı n
p a r ç a l a n ı y o r   m u
s ü z e c e k   o l a c a k m ı ş ı z
p a r ç a l a n ı y o r   o l m a l ı   m ı y d ı
i s t i r i d y e s i n i
k a t e g o r i l e r i n i z d e n
ö r d e k l e r i n i z i n
s e r p i y o r   o l m a l ı   m ı y d ı k
p a r ç a l a n ı r   o l a c a k m ı ş ı z
d e ğ i ş i y o r   o l a c a k   m ı s ı n ı z
p a r ç a l a n a c a k   m ı y d ı
p a r ç a l a n m a z   m ı s ı n
p e n i s l e r i n i z d e
p a r ç a l a n ı r ı z
s ü z ü y o r   o l a c a k   m ı s ı n ı z
b a m y a l a r ı n ı z d a
p a r ç a l a n ı y o r   o l a c a k m ı ş s ı n ı z
p a r ç a l a n ı y o r   o l m a l ı   m ı y d ı k
p a r ç a l a n m a m ı ş   m ı y ı m
a y r ı m c ı l ı k l a r ı n a
s ü z d ü   m ü y d ü n
a v u k a t l a r m ı ş
a v u k a t m ı ş s ı n
a v u k a t l a r
a v u k a t
g ö ç ü y o r l a r   m ı y m ı ş
g ö ç e r d i n
k u r b a ğ a c ı ğ ı n d a
m e f h u m l a r ı n d a
b a m y a l a r m ı ş
b a m y a l a r ı m
g ö ç m e z m i ş i m
g ö ç m e y e c e k   m i y d i m
g ö ç m ü y o r   m u y u m
g ö ç e c e k m i ş
b a m y a s ı
a y r ı m c ı l ı k l a r ı m ı z d a
a y r ı m c ı l ı k l a r ı m ı z ı n
ç i z g i n i z d e
g ö ç e r i z
a y r ı m c ı l ı ğ ı n ı z d a n
ç i z g i s i n d e n
s ü z ü y o r m u ş
g ö ç m e y e c e k   m i y d i k
g ö ç ü y o r   o l m a l ı y m ı ş s ı n
g ö ç m e m e l i   m i y i z
d e ğ i ş i y o r   o l u r d u n
g ö ç m e y i n i z
t o p o l o j i
s ü z ü y o r   o l u r   m u y d u k
g ö ç ü y o r   o l m a m a l ı   m ı y d ı k
a y r ı m c ı l ı k l a r d ı
a y r ı m c ı l ı k l a r ı n ı z d a n
g ö ç e r l e r   m i y d i
a y r ı m c ı l ı k l a r ı
g ö ç m ü y o r l a r   m ı y d ı
b a m y a n d a
g ö ç m ü ş   o l a c a ğ ı m
k u r b a ğ a c ı k l a r ı n ı
g ö ç m e m i ş   m i y m i ş s i n
d e ğ i ş m e z   m i s i n
y e r m i ş i z
s ü z e r   o l a c a k   m ı y m ı ş
g ö ç m ü ş   o l m a y a c a k t ı n ı z
s ü z ü y o r   o l u r d u k
ç i z g i y m i ş s i n i z
t o p o l o j i l e r i m i z e
g ö ç e c e k   o l m a y a c a k
s e r p m e l i y m i ş
b a m y a l a r d ı
d e ğ i ş i y o r   o l m a z   m ı y d ı
ö ğ ü t ü c ü d e n
g ö ç ü y o r   o l m a y a c a k t ı
d e ğ i ş i y o r   o l m a z d ı m
t e k i l   k a l ı p l a r ı n a
b ü s t ü n ü z ü
p a r ç a l a n ı y o r   o l u r d u
p a r ç a l a n m ı y o r d u n u z
p a r ç a l a n m ı ş   m ı y d ı k
a y r ı m c ı l ı k l a r ı n ı n
p a r ç a l a n ı y o r   m u y u z
d e ğ i ş i y o r   o l m a m a l ı   m ı y d ı n ı z
d e ğ i ş i y o r   o l a c a k l a r
s ü z m e z   m i y d i m
b a k i r e
s ü z m e z l e r   m i
s e r p m i ş   o l a c a ğ ı m
s e r p i y o r   o l m a y a c a k   m ı y d ı m
s e r p m e m i ş l e r   m i y m i ş
m a k i n e s i n d e
i s t i r i d y e s i
s e r p e r   o l a c a k   m ı y m ı ş ı z
a y r ı m c ı l ı k d ı l a r
d e ğ i ş i r
p a r ç a l a n ı y o r   o l m a l ı   m ı y m ı ş s ı n
s ü z e c e k   o l a c a k   m ı y m ı ş ı z
s ü z m e d i y d i n i z
s e r p m e z d i n i z
d e ğ i ş m e m e l i l e r
d e ğ i ş i y o r s u n u z
d e ğ i ş m e d i y d i n i z
s e r p i y o r   o l m a l ı   m ı
g ö ç e c e k   o l m a y a c a k s ı n ı z
s ü z e r d i m
s e r p m i ş   o l a c a k l a r   m ı
g ö ç e c e k   o l m a y a c a k   m ı s ı n ı z
d e ğ i ş t i y d i n
s e r p m e m e l i l e r d i
p a r ç a l a n m ı y o r s u n u z
p a r ç a l a n m ı ş   o l a c a k l a r   m ı
k a t e g o r i l e r e
s e r p m e m e l i   m i y d i n
s e r p i y o r   o l m a y a c a k   m ı y d ı
s e r p i y o r   o l m a m a l ı y d ı n
p a r ç a l a n m ı ş   m ı s ı n
p a r ç a l a n ı y o r   o l m a y a c a k   m ı y d ı n ı z
h e n d e s e m i z d e
d e ğ i ş m i ş   o l a c a k   m ı y d ı m
ç i z g i l e r i n d e n
s e r p e c e k   o l m a y a c a k   m ı
g ö ç m ü ş   o l a c a ğ ı z
s e r p m e l i y i z
s ü z e r   m i s i n
ö ğ ü t ü c ü s ü n d e n
h e n d e s e m i z i
s e r p m e m e l i   m i s i n i z
y e r l e r i m
p a r ç a l a n m ı ş   o l m a y a c a k   m ı y d ı
s ü z m e m i ş l e r   m i y m i ş
g ö ç m e y e c e k l e r m i ş
s e r p i y o r   o l m a l ı   m ı y ı z
b ü s t l e r i n i z e
s e r p e c e k m i ş
s e r p i y o r   o l a c a k   m ı y ı z
p a r ç a l a n a c a k   o l m a y a c a k   m ı y m ı ş s ı n ı z
s ü z m e m i ş l e r   m i y d i
d e ğ i ş m i ş   o l a c a k   m ı y ı m
y e r i
p a r ç a l a n a c a k   m ı y d ı m
b a k i r e m i z i
s e r p t i
g ö ç e c e k   o l a c a ğ ı z
m a k i n e n d e n
p a r ç a l a n m a d ı y d ı n ı z
m i l y o n e r i n d e
h e n d e s e n i z i
s e r p i n i z
s e s t e ş i n
y e r i n i z i
s e r p i y o r   o l a c a k   m ı s ı n ı z
p a r ç a l a n m ı ş l a r   m ı y d ı
y e r l e r d e
p a r ç a l a n m a m a l ı l a r   m ı y d ı
e r n e ğ i n i n
s e r p m e d i n i z
ö ğ ü t ü c ü l e r i n d e
m a k i n e l e r i
y a n   t ü m c e n d e n
p a r ç a l a n ı y o r   o l a c a k   m ı s ı n ı z
i s t i r i d y e l e r i n i n
p a r ç a l a n m a l ı y m ı ş ı m
b a k i r e s i n i
s ü z m ü ş   o l a c a k   m ı y ı z
s e r p e c e ğ i m
b ü s t l e r i n i z i
k a t e g o r i l e r i n i
b a k i r e l e r i
g ö ç m e d i n i z   m i
ö ğ ü t ü c ü l e r i n i n
p e n i s i n i n
h e n d e s e l e r i n d e n
ö ğ ü t ü c ü y m ü ş l e r
t e k i l   k a l ı b ı
d e n e y i m l e r i n e
h e n d e s e l e r i n
p a r ç a l a n ı r
e r n e k l e r d e
y a n   t ü m c e l e r i n i
p a r ç a l a n m a m ı ş m ı ş s ı n
p e n i s l e r i n i z e
p a r ç a l a n d ı y d ı n
p a r ç a l a n m a l ı l a r m ı ş
m a k i n e l e r i n i z i
t e k i l   k a l ı b ı n ı
s e r p i y o r   o l m a z d ı k
b ü s t ü n ü n
p a r ç a l a n d ı l a r d ı
s e r p m i ş   o l m a y a c a k t ı m
p a r ç a l a n m ı ş   o l m a y a c a k t ı m
d e n e y i m i m i z i
s e r p m e d i l e r   m i y d i
d ü z e n l e n e b i l i r l i ğ i n i n
p a r ç a l a n m a m ı ş ı z
s e r p m e d i y d i m
p a s k a l y a   t a v ş a n l a r ı n ı
d e ğ i ş m e d i y d i m
e r n e k t i k
p a r ç a l a n m a m e l i   m i s i n i z
m i l y o n e r i n
s ü z m e l i y m i ş i m
p a r ç a l a n ı r   o l m a y a c a k   m ı y m ı ş s ı n
p a r ç a l a n d ı y d ı m
t e c r i t t e n
e r n e k t i l e r
e r n e k t i
s e r p m e d i n   m i
u s u l l a r ı n
i s t i r i d y e n i n
a l f a   s ü r ü m ü
p a r ç a l a n d ı
p a s k a l y a   t a v ş a n l a r ı n d a
b ü s t e
p a r ç a l a n m a m ı ş   m ı y ı z
p a r ç a l a n ı y o r   o l a c a k t ı n ı z
p a r ç a l a n d ı   m ı y d ı n ı z
p a r ç a l a n a c a k   o l m a y a c a k l a r m ı ş
p a r ç a l a n m a l ı y m ı ş s ı n
p a r ç a l a n m a l ı   m ı y d ı m
p a r ç a l a n ı y o r   o l m a y a c a k   m ı y m ı ş
p a r ç a l a n ı r   o l a c a k m ı ş
p a r ç a l a n a c a k   o l a c a k s ı n
p a r ç a l a n m a l ı   m ı y m ı ş s ı n ı z
p a r ç a l a n a c a k   o l m a y a c a k m ı ş s ı n
p a r ç a l a n ı r   m ı y d ı n ı z
p a r ç a l a n m a m ı ş t ı m
p a r ç a l a n m a y a c a k   m ı y d ı
p a r ç a l a n ı y o r   o l m a l ı l a r
p a r ç a l a n m a m ı ş t ı n ı z
p a r ç a l a n m a d ı   m ı y d ı m
p a r ç a l a n a c a k m ı ş ı z
p a r ç a l a n ı y o r   o l a c a k   m ı y d ı n ı z
p a r ç a l a n ı y o r   o l a c a k   m ı y d ı k
p a r ç a l a n m a m a l ı y d ı n
p a r ç a l a n m a z l a r d ı
p a r ç a l a n ı y o r   o l u r   m u y d u n
p a r ç a l a n ı y o r   o l m a m a l ı y m ı ş ı z
p a r ç a l a n m e l i
p a r ç a l a n m a y ı n
p a r ç a l a n ı y o r   o l m a z d ı n ı z
p a r ç a l a n m a l ı y m ı ş ı z
p a r ç a l a n a c a k   m ı s ı n ı z
p a r ç a l a n m a d ı y d ı
p a r ç a l a n ı y o r   o l m a l ı s ı n ı z
p a r ç a l a n m a y a c a k   m ı y m ı ş ı m
p a r ç a l a n ı r   o l a c a k m ı ş ı m
p a r ç a l a n m ı y o r   m u
p a r ç a l a n m a z s ı n
p a r ç a l a n ı r s ı n ı z
p a r ç a l a n m ı ş   o l m a y a c a k l a r d ı
p a r ç a l a n m a z m ı ş s ı n
p a r ç a l a n ı r l a r
p a r ç a l a n ı y o r   o l a c a ğ ı m
p a r ç a l a n a c a k   o l m a y a c a k m ı ş ı z
p a r ç a l a n m e l i   m i y i z
p a r ç a l a n ı y o r m u ş u m
p a r ç a l a n a c a k   o l a c a k
p a r ç a l a n ı y o r   o l m a z d ı n
p a r ç a l a n m a m e l i s i n i z
p a r ç a l a n m a m ı ş m ı ş
p a r ç a l a n ı r   o l m a y a c a k m ı ş s ı n ı z
p a r ç a l a n a c a k t ı k
p a r ç a l a n m a l ı   m ı y m ı ş
p a r ç a l a n ı y o r   o l a c a k l a r   m ı
p a r ç a l a n m a l ı   m ı y m ı ş ı m
p a r ç a l a n ı r   m ı y m ı ş s ı n ı z
p a r ç a l a n ı r m ı ş s ı n
p a r ç a l a n ı y o r   o l m a l ı y m ı ş s ı n ı z
p a r ç a l a n a c a k   o l m a y a c a k   m ı s ı n
p a r ç a l a n ı y o r   o l a c a k   m ı y m ı ş
p a r ç a l a n m e l i l e r
p a r ç a l a n m a m ı ş l a r
