m e f h u m u m u z a
d e ğ i ş e c e ğ i m
d e n e y i m l e r i m i z e
k a t e g o r i n d e n
g ö ç e c e k   o l a c a k s ı n ı z
e r n e k l e r m i ş
s e r p e r   m i y d i k
d e ğ i ş m e z l e r   m i y m i ş
i s t i r i d y e l e r i n d e n
s ü z ü y o r   m u y u z
d e ğ i ş i y o r m u ş u z
p a r ç a l a n ı y o r   o l a c a k
p a r ç a l a n ı y o r   o l m a m a l ı y m ı ş ı m
p a r ç a l a n m a m ı ş   m ı y d ı
m a k i n e n d e
d e ğ i ş m e z d i
d e ğ i ş m e y i z
s ü z m e m i ş   m i
ü z g ü n   d e ğ i l d i l e r
d e n e y i m l e r i m i z d e n
m e f h u m u m u z u n
b a k i r e l e r i m i z
d e ğ i ş m e m i ş t i m
p a r ç a l a n m a m a l ı y m ı ş
m i l y o n e r l e r i n i z
p a r ç a l a n m a z l a r m ı ş
s ü z ü y o r   o l m a y a c a k t ı k
g ö ç e r   m i s i n i z
g ö ç m e d i l e r d i
i s t i r i d y e s i n i
s ü z m ü ş   o l m a y a c a k l a r d ı
p a r ç a l a n m a m a l ı   m ı y m ı ş ı z
t e c r i d i n d e
d e ğ i ş e c e k   o l m a y a c a k   m ı s ı n
s ü z ü y o r   o l m a m a l ı l a r   m ı
s e r p i y o r   o l m a y a c a k   m ı y d ı n
h e n d e s e l e r i m i z e
m e f h u m l a r ı n ı
s e s t e ş e
b a m y a y d ı
d e ğ i ş i y o r l a r   m ı y d ı
s e r p m i ş   o l m a y a c a ğ ı m
k a t e g o r i n i z e
k a t e g o r i d e n
d e ğ i ş i r   m i y d i n i z
s e r p m e y e c e k   m i y i m
ü z g ü n   d e ğ i l s i n
s ü z e c e k l e r   m i y m i ş
d e ğ i ş m e l i y d i n
d e ğ i ş m i ş   o l a c a k   m ı y d ı n
g ö ç m e y e c e k   m i
a v u k a t ı
a v u k a t m ı ş s ı n ı z
s ü z e r   o l m a y a c a k m ı ş s ı n
ö ğ ü t ü c ü m ü z d e
t o p o l o j i y i
s e r p e r i m
g ö ç m e y e c e k   m i y i m
p e n i s i n d e
b ü s t l e r e
s ü z d ü n   m ü
s e r p i y o r   o l m a m a l ı l a r   m ı
s e r p m i ş   o l m a y a c a k   m ı
p a r ç a l a n m a z   m ı s ı n
s e r p m e m i ş   m i s i n i z
s e r p m i y o r l a r   m ı y d ı
d e ğ i ş m e d i l e r d i
g ö ç ü y o r   o l a c a k   m ı y m ı ş ı z
d e ğ i ş i r   o l a c a k m ı ş ı m
h e n d e s e l e r d e
g ö ç m e z   m i y m i ş i m
e r n e k l e r i m i z
m i l y o n e r d i n i z
p e n i s l e r i n i z
b a m y a s ı n d a n
ü z g ü n   d e ğ i l m i ş i z
ö ğ ü t ü c ü l e r m i ş s i n
g ö ç ü y o r d u
g ö ç ü y o r   o l a c a k
t e k i l   k a l ı p l a r a
s e r p m e y e c e k l e r
s e r p i y o r   o l a c a k   m ı y m ı ş s ı n ı z
ö ğ ü t ü c ü l e r i m i z i
d e ğ i ş i r   m i y i m
s e r p m e l i y m i ş i z
s ü z m ü ş   o l m a y a c a k l a r
ö ğ ü t ü c ü l e r i n i
p a s k a l y a   t a v ş a n l a r ı n ı n
s ü z m ü ş   o l a c a k   m ı s ı n ı z
m a k i n e n
t o p o l o j i l e r i m i z i
p a r ç a l a n ı y o r   o l m a l ı   m ı y d ı m
d e ğ i ş i y o r   o l m a y a c a k l a r   m ı y m ı ş
s e r p i y o r   o l m a y a c a k m ı ş ı z
s e r p i y o r   m u y u m
e r n e k l e r
g ö ç ü y o r   o l m a y a c a k   m ı y m ı ş s ı n
g ö ç m ü y o r   m u y m u ş s u n u z
d e ğ i ş m e m i ş   m i y d i
g ö ç m e m i ş s i n
d e ğ i ş m i y o r m u ş s u n
g ö ç m ü ş   o l a c a k t ı n
g ö ç ü y o r   o l m a m a l ı   m ı y d ı m
b ü s t l e r i n
s e r p m i ş   o l a c a k   m ı s ı n ı z
p a r ç a l a n m a l ı   m ı y d ı k
b a k i r e n
k u r b a ğ a c ı k l a r ı n d a
s e s t e ş l e r i n d e n
s ü z m e m e l i y m i ş s i n
s e r p m i ş   o l m a y a c a k l a r d ı
s e r p e r   o l m a y a c a k m ı ş s ı n ı z
g ö ç e c e k   o l m a y a c a k m ı ş
s ü z ü y o r   o l m a m a l ı   m ı
p e n i s l e r i n i
p a r ç a l a n m a m e l i   m i s i n
g ö ç m ü ş t ü m
p a r ç a l a n ı y o r   o l m a m a l ı   m ı y ı z
d e ğ i ş m e d i y d i n
p a r ç a l a n ı r   o l m a y a c a k   m ı y m ı ş ı m
d ü z e n l e n e b i l i r l i ğ i n i z e
t o p o l o j i n i
p a r ç a l a n m a y a c a k l a r   m ı
m a k i n e n e
b a k i r e m i z
d e ğ i ş e c e k   o l m a y a c a ğ ı m
p a r ç a l a n ı y o r   o l m a y a c a k l a r
p a r ç a l a n a c a k s ı n ı z
a v u k a t l a r a
s ü z ü y o r   o l a c a k l a r d ı
s ü z ü y o r   o l m a z   m ı y d ı n
e r n e k l e r s i n i z
m e f h u m u n u
e r n e k l e r i
p a r ç a l a n a c a k   o l a c a ğ ı m
s e r p m i ş   o l m a y a c a ğ ı z
s e r p i y o r   o l m a y a c a k   m ı y ı z
s ü z m e m e l i l e r   m i y d i
s ü z ü y o r   o l m a y a c a k
g ö ç e c e k   o l a c a k   m ı y m ı ş
s ü z m e z   m i y m i ş s i n
a y r ı m c ı l ı k l a r ı n ı z ı
s e r p i y o r   o l m a l ı l a r
s e r p m i y o r d u m
s e r p m e l i y d i
b a m y a n ı z
p a r ç a l a n m ı ş   o l m a y a c a k   m ı y ı m
d e ğ i ş m e y e c e k   m i y d i n i z
d e n e y i m
s ü z m e l i   m i y i z
g ö ç e c e k   o l a c a k l a r   m ı y m ı ş
y e r l e r d i m
k a t e g o r i l e r i m i z
g ö ç ü y o r   o l m a z   m ı y d ı k
p a r ç a l a n ı r   m ı s ı n ı z
d e ğ i ş m i y o r l a r d ı
y e r i n i z
p a r ç a l a n ı y o r   o l m a y a c a k   m ı y m ı ş s ı n
s e r p m e m e l i   m i y m i ş i m
s ü z ü y o r   o l m a z l a r   m ı y d ı
s e r p e c e k   o l a c a k m ı ş ı m
t e c r i t l e r i m i z e
d e ğ i ş i y o r   o l m a l ı l a r
d e ğ i ş m e l i y i z
s e r p i y o r   o l a c a k   m ı y d ı k
p a r ç a l a n ı y o r   o l u r   m u y d u k
p a r ç a l a n m ı ş   o l a c a k l a r
d e ğ i ş e c e k   o l a c a k m ı ş ı m
ç i z g i l e r i m i z d e n
i s t i r i d y e n i z e
p a r ç a l a n m a l ı y d ı
d ü z e n l e n e b i l i r l i ğ i n i z i
g ö ç m ü y o r   m u y u z
g ö ç e r   m i y d i n
s ü z e c e k   o l a c a k s ı n
b a k i r e y m i ş l e r
s ü z m e z d i m
ç i z g i l e r s i n i z
d e ğ i ş m i ş   o l m a y a c a k l a r
d e ğ i ş m i y o r   m u y d u m
s e r p i y o r l a r   m ı
p a r ç a l a n m ı ş   o l m a y a c a k t ı n
s e r p m e y e c e k   m i y m i ş
d e ğ i ş i y o r   o l m a m a l ı   m ı y d ı m
ç i z g i l e r
s ü z ü y o r   o l m a y a c a ğ ı z
g ö ç m ü ş m ü ş ü z
s ü z m e z l e r d i
p a r ç a l a n m ı ş t ı n ı z
s ü z m ü ş   m ü s ü n
p a r ç a l a n m a y a c a k s ı n ı z
m i l y o n e r l e r i n i
g ö ç m e y e c e k   m i s i n i z
p a r ç a l a n ı y o r   o l a c a ğ ı z
s ü z ü n
s e r p m i ş   o l a c a k   m ı s ı n
p a r ç a l a n ı y o r   o l m a l ı   m ı y d ı
s ü z m e m e l i   m i y m i ş i m
t o p o l o j i l e r i n i
i s t i r i d y e
ö r d e k l e r i m i z i
m e f h u m l a r ı n a
d e ğ i ş i y o r d u m
d e ğ i ş m e m e l i l e r   m i y m i ş
s ü z m e m e l i y d i m
p a r ç a l a n ı r m ı ş ı z
p a r ç a l a n a c a k   m ı y ı m
p a r ç a l a n a c a k   o l m a y a c a k   m ı s ı n ı z
g ö ç ü y o r   o l m a m a l ı y m ı ş s ı n
y e r i n i z d e n
p a r ç a l a n d ı m
d e ğ i ş i y o r   o l a c a k   m ı s ı n ı z
p a r ç a l a n d ı y d ı m
s e s t e ş i n i z i
p a r ç a l a n ı y o r   o l m a y a c a k t ı n
s e r p m e d i y d i k
t e k i l   k a l ı b ı n d a
d e ğ i ş i y o r   o l m a y a c a k
d e ğ i ş m e y e c e k   m i y m i ş i m
p a r ç a l a n m ı ş l a r   m ı y m ı ş
g ö ç m e m i ş
k a t e g o r i l e r i n i z d e n
a y r ı m c ı l ı k d ı n
b ü s t l e r i m i z i n
p a r ç a l a n d ı l a r   m ı
g ö ç m ü ş   o l m a y a c a k t ı n
p a r ç a l a n ı y o r   o l m a m a l ı
ü z g ü n   m ü y m ü ş l e r ?
p a r ç a l a n ı y o r   o l a c a k   m ı y ı z
t e k i l   k a l ı b a
d e ğ i ş m e l i l e r
p a r ç a l a n ı y o r   o l m a y a c a k   m ı y m ı ş ı m
g ö ç m e z m i ş
t e c r i d i n e
t e c r i t t e n
d e ğ i ş e c e k   o l m a y a c a k m ı ş s ı n
g ö ç e r m i ş i z
s e s t e ş l e r i n i z i n
y a n   t ü m c e m i z d e
a y r ı m c ı l ı k l a r ı n ı
p a r ç a l a n m a y a c a k m ı ş ı z
s ü z d ü   m ü y d ü n
b ü s t l e r i
y e r i m i z i
g ö ç m ü y o r d u n
p a r ç a l a n a c a k   o l m a y a c a k   m ı y m ı ş
d e ğ i ş t i   m i y d i m
k a t e g o r i m i z i
s ü z m e m e l i y m i ş i m
s e r p i y o r   o l m a l ı   m ı y d ı
d e ğ i ş i y o r   o l m a z d ı k
s e r p i y o r   o l u r   m u y d u
s e r p m e d i y d i
s e r p m e y e c e k t i k
d e ğ i ş i y o r   o l m a l ı l a r m ı ş
s e r p m e y e c e k m i ş s i n i z
k a t e g o r i l e r i
s e r p m e m i ş l e r m i ş
d e ğ i ş i y o r   o l m a z   m ı y d ı k
d e ğ i ş i y o r   o l m a l ı   m ı y d ı m
d e ğ i ş i y o r   o l m a z d ı
s e r p m e z   m i y m i ş
s ü z ü y o r   o l m a m a l ı l a r   m ı y d ı
s e r p m e d i   m i y d i n i z
s e r p m e m i ş   m i y m i ş i z
d e ğ i ş e c e k   o l m a y a c a k   m ı
k a t e g o r i l e r i
s e r p i y o r   o l u r   m u y d u m
a v u k a t l a r d ı n ı z
d e ğ i ş m i ş   o l a c a k l a r   m ı
d e ğ i ş i y o r   o l m a m a l ı   m ı y d ı
d e ğ i ş i y o r   o l m a m a l ı   m ı y m ı ş
s e r p m e m i ş   m i y i z
a v u k a t l a r s ı n ı z
t e k i l   k a l ı p l a r ı n ı z ı
d e ğ i ş i y o r   o l m a m a l ı y ı z
s ü z m ü y o r l a r   m ı y m ı ş
s ü z e r m i ş s i n i z
s e r p i y o r   m u y d u n
s e r p e c e k l e r   m i
d e ğ i ş m i ş   o l a c a k l a r   m ı y d ı
b a m y a l a r m ı ş s ı n ı z
t e k i l   k a l ı p l a r ı n ı z
s e r p m e y e c e k   m i s i n
s e r p m i y o r   m u y d u n u z
s e r p e c e k   m i y d i
d e ğ i ş m i ş   o l a c a ğ ı m
s e r p e c e k l e r d i
s e r p i y o r   m u y d u k
d e ğ i ş i y o r   o l m a l ı
d e ğ i ş e c e k   o l m a y a c a k l a r m ı ş
s ü z e c e k s i n i z
s e r p m e y e c e k t i
b a m y a l a r s ı n ı z
s e r p m e l i y d i m
a v u k a t l a r ı z
d e ğ i ş i y o r   o l m a m a l ı y m ı ş
k a t e g o r i s i n i n
s e r p m i y o r   m u y d u k
s e r p m i ş m i ş i z
s ü z m e m i ş s i n i z
s e r p m e z l e r   m i
k a t e g o r i l e r i n i n
s e r p m e y e c e k   m i y m i ş i z
k a t e g o r i l e r d e n
s e r p t i y d i
t e k i l   k a l ı p l a r ı n ı
s e r p m i y o r   m u y m u ş u z
s e r p m e m e l i l e r m i ş
d e ğ i ş e c e k   o l a c a ğ ı m
k a t e g o r i l e r i n d e n
d e ğ i ş i y o r   o l m a l ı y d ı m
d e ğ i ş i y o r   o l m a m a l ı
s e r p m e l i   m i y d i k
s e r p t i y d i n
d e ğ i ş i y o r   o l m a z l a r d ı
t e c r i d e
s e r p m i ş   m i s i n
s ü z e r   m i s i n i z
d e ğ i ş i y o r   o l m a l ı y ı m
s e r p m e z   m i y d i m
s e r p m e m e l i   m i y d i n i z
ö r d e k l e r i n i z
s e r p m e l i y i m
a v u k a t l a r m ı ş s ı n
s e r p m i y o r   m u y d u
s e r p m i ş m i ş s i n
s e r p m e z   m i y i m
s e r p m i y o r   m u y m u ş
a v u k a t ı n
s ü z e c e k m i ş s i n i z
t e k i l   k a l ı p l a r ı
k a t e g o r i l e r d e
k u r b a ğ a c ı k l a r ı n ı z
ç i z g i s i n i z
k a t e g o r i l e r i n e
s e r p m e l i l e r d i
t e k i l   k a l ı p l a r ı m ı z ı n
a v u k a t l a r ı n ı z ı
k a t e g o r i l e r i n i z i
t e k i l   k a l ı p l a r ı n ı n
s e r p t i y d i m
t e k i l   k a l ı p l a r ı n
s e r p m e m e l i y d i
d e ğ i ş i y o r   o l m a m a l ı y d ı m
ö ğ ü t ü c ü l e r
y e r l e r d i n i z
s ü z ü y o r d u n u z
s ü z m e z s i n i z
s e r p m i ş l e r   m i
t e k i l   k a l ı p l a r ı n a
k u r b a ğ a c ı k l a r ı m ı z
s e r p m i y o r   m u y d u m
k a t e g o r i l e r i n i z d e
ö ğ ü t ü c ü l e r
s e r p t i n i z   m i
t e k i l   k a l ı p l a r ı n d a
s e r p m e d i l e r   m i y d i
k u r b a ğ a c ı k l a r ı n ı z d a
k u r b a ğ a c ı k l a r ı m ı z ı
s e r p m e m e l i   m i
s e r p m e y e c e ğ i m
s ü z m ü ş t ü n
b a m y a l a r ı n ı z ı
ö ğ ü t ü c ü m ü z
ç i z g i l e r m i ş
s e r p m e m e l i l e r   m i y m i ş
ö ğ ü t ü c ü l e r m i ş s i n i z
s ü z m e y e c e k s i n i z
s e r p m i ş   m i y m i ş i z
s ü z e c e k   m i y m i ş s i n i z
b a k i r e l e r s i n i z
s ü z m ü y o r   m u s u n u z
a y r ı m c ı l ı k l a r ı n ı z a
s e r p m i ş   m i y d i k
ç i z g i l e r i n
s ü z ü y o r   m u s u n u z
s e r p m e y e c e k   m i y m i ş i m
s ü z m e m i ş m i ş s i n i z
p e n i s l e r i n
s ü z e c e k   m i s i n i z
a v u k a t l a r d ı k
y e r l e r m i ş s i n
ö r d e k l e r i n i n
s ü z e r   m i y d i n
s e r p m i ş   m i y m i ş s i n i z
s e r p m e l i l e r   m i y d i
s e r p m e m e l i l e r   m i
s ü z m ü y o r   m u y u z
ç i z g i l e r m i ş s i n
k u r b a ğ a c ı k l a r ı n ı n
k a t e g o r i l e r i m i z d e n
s ü z e c e k   m i y m i ş s i n
a y r ı m c ı l ı k l a r s ı n
ö ğ ü t ü c ü l e r m i ş
s ü z ü y o r   o l u r   m u y d u m
t e k i l   k a l ı p l a r ı n d a n
e r n e k l e r m i ş s i n i z
d e ğ i ş i y o r s u n
k a t e g o r i l e r i m i z i n
a y r ı m c ı l ı k l a r m ı ş ı z
ç i z g i l e r i n
s ü z ü y o r   m u y d u n u z
ç i z g i l e r i n i z
a v u k a t l a r ı n
a v u k a t l a r ı n ı
a v u k a t l a r ı n ı z d a
k u r b a ğ a c ı k l a r ı n ı n
a v u k a t ı n ı z ı
ö r d e k l e r i n i
s e r p m i ş   m i y d i n
b a k i r e l e r
a v u k a t l a r ı n
k a t e g o r i l e r i m i z d e
t e k i l   k a l ı p l a r ı n d a n
b a k i r e l e r i z
k u r b a ğ a c ı ğ ı n ı z
a v u k a t l a r ı n ı z a
s ü z e r   m i y m i ş i z
a v u k a t l a r ı m ı z ı
b a m y a l a r ı m ı z
ö ğ ü t ü c ü l e r i
ç i z g i l e r m i ş
k u r b a ğ a c ı k l a r ı
s ü z e c e k   m i y m i ş i z
ö r d e k l e r i n i
d e ğ i ş m i y o r l a r   m ı y m ı ş
a v u k a t l a r
a y r ı m c ı l ı k l a r d ı n ı z
p e n i s i n d e n
d e ğ i ş i r m i ş s i n i z
k u r b a ğ a c ı k l a r ı n
ç i z g i l e r d i n i z
a v u k a t l a r ı
s e r p m i y o r   m u y m u ş u m
k a t e g o r i m i z d e
d e ğ i ş m e z s i n
s ü z m ü ş m ü ş ü z
a y r ı m c ı l ı k l a r ı n ı z d a
ç i z g i l e r i
ç i z g i l e r d i r
s ü z m e d i k
b a k i r e l e r
p e n i s i n i
s ü z m ü ş   m ü s ü n ü z
ö ğ ü t ü c ü l e r i n i z
ç i z g i y i z
s ü z m ü y o r u m
ö ğ ü t ü c ü l e r i
a y r ı m c ı l ı k l a r m ı ş
d e ğ i ş m i y o r l a r   m ı
k u r b a ğ a c ı k l a r ı n d a n
d e ğ i ş i y o r   o l u r d u k
ö r d e k l e r i n i z d e
a v u k a t ı n ı z ı n
s e r p m i ş   m i y d i
b a k i r e l e r
s ü z m ü y o r   m u y m u ş s u n u z
s ü z m ü ş m ü ş
s ü z m e m i ş   m i s i n
b a m y a l a r ı n
b a m y a l a r ı
a v u k a t ı
a y r ı m c ı l ı k l a r ı m ı z ı
s ü z m e m i ş   m i y m i ş i z
y e r l e r i n d e n
s ü z m e m i ş t i k
a y r ı m c ı l ı k l a r ı n ı
s e r p m e m e l i   m i y i z
k u r b a ğ a c ı k l a r ı n d a
k a t e g o r i m i z i n
s ü z m e m e l i y m i ş s i n i z
b a m y a l a r ı n ı z a
a v u k a t ı n ı z d a
s ü z m e z
e r n e k m i ş i z
s ü z m e l i   m i y m i ş s i n
a v u k a t l a r d ı m
ç i z g i n i
s e r p m e m e l i y i m
p e n i s l e r i n d e n
b a k i r e l e r m i ş
p e n i s l e r d e n
s ü z d ü y d ü n ü z
ç i z g i l e r i
ö r d e ğ i n d e n
ç i z g i l e r i n i n
k a t e g o r i l e r i m i z e
ç i z g i l e r d i k
s e r p m e m e l i l e r   m i y d i
b a k i r e l e r m i ş s i n
a v u k a t l a r ı n d a
s e s t e ş l e r i m i z d e n
k u r b a ğ a c ı k l a r
d e ğ i ş i y o r
d e ğ i ş m i y o r s u n u z
s ü z e r   m i y d i
a v u k a t l a r ı n d a
p e n i s l e r i n e
s ü z m e l i   m i y m i ş s i n i z
k u r b a ğ a c ı k l a r ı n a
p e n i s l e r i m i z
ö ğ ü t ü c ü n ü z ü n
ç i z g i l e r i n i n
s ü z ü y o r   m u y m u ş u z
s ü z ü y o r   m u y d u k
s ü z m ü y o r   m u y m u ş s u n
p e n i s l e r i n d e
s ü z e r   m i y d i k
d e ğ i ş e c e k   m i y m i ş s i n i z
d e ğ i ş i y o r   o l u r d u
ö ğ ü t ü c ü n e
s ü z m e m i ş   m i y m i ş s i n
p e n i s l e r i n i z d e n
s ü z m e y e c e k
ç i z g i n i n
s ü z m e z m i ş
b a k i r e l e r m i ş
p e n i s i n e
p e n i s l e r i n i n
y e r l e r i n e
s ü z m e y e c e k t i k
p e n i s i
p e n i s i n i z i
ç i z g i l e r i n i
a v u k a t l a r ı n a
s ü z e c e k t i m
a y r ı m c ı l ı k l a r ı m ı z a
s ü z e r l e r   m i y d i
b a k i r e l e r i n
y e r
s ü z m ü ş   m ü y m ü ş
s ü z m e m e l i y d i n i z
s ü z m e z   m i y d i n i z
k u r b a ğ a c ı ğ ı n
e r n e k t e n
y e r l e r d i k
ö r d e ğ i n i z d e n
s ü z m e l i   m i y d i n i z
s ü z m e z   m i y d i n
s ü z m e l i y d i n
p e n i s l e r i n i z i n
k e f a l e t l e r i n i z
k u r b a ğ a c ı k
a y r ı m c ı l ı k l a r ı
b a k i r e y m i ş s i n i z
b a k i r e l e r i n i z
d e ğ i ş m e y e c e k s i n
p e n i s i n i z d e n
b a m y a l a r ı n d a
e r n e k m i ş s i n
s ü z m e m i ş t i m
a y r ı m c ı l ı ğ ı m ı z
b a m y a l a r m ı ş ı m
s ü z e c e k   m i y i z
ö ğ ü t ü c ü l e r i m i z
b a m y a l a r ı n d a n
d e ğ i ş m e z m i ş s i n
ç i z g i l e r i n i z i
p e n i s i n e
s ü z m e m e l i   m i y m i ş i z
a y r ı m c ı l ı k l a r ı m ı z d a n
y e r l e r d i
ö r d e ğ i n i n
a y r ı m c ı l ı ğ ı n ı z ı
d e ğ i ş m e d i n i z
m i l y o n e r l e r s i n i z
b a k i r e n i z
k u r b a ğ a c ı ğ ı m ı z d a n
s e s t e ş i n e
p e n i s i n d e
a v u k a t ı n d a n
d e ğ i ş e c e k t i n i z
d e ğ i ş m i y o r m u ş u z
s ü z m e z   m i y i z
s ü z m ü ş   m ü y d ü n
s ü z m e m e l i   m i y d i n i z
k u r b a ğ a c ı k l a r d a n
ö r d e k l e r i m i z d e
s ü z m e z   m i y d i k
b a k i r e l e r d i n i z
b a m y a l a r ı n d a n
d e ğ i ş i y o r m u ş
b a m y a y m ı ş
s ü z m e m i ş l e r   m i y m i ş
k u r b a ğ a c ı ğ ı n ı
ç i z g i y d i
a y r ı m c ı l ı k l a r m ı ş ı m
d e ğ i ş e c e k   m i y m i ş i z
p e n i s l e r i m i z d e n
ö ğ ü t ü c ü m ü z ü n
a y r ı m c ı l ı k l a r ı n d a
d e ğ i ş m e d i y d i n i z
ç i z g i y i
a y r ı m c ı l ı k l a r ı n d a
a y r ı m c ı l ı k l a r
s ü z m e m e l i l e r m i ş
s ü z ü y o r   m u y d u m
s ü z m e y e c e k   m i y d i n
ö ğ ü t ü c ü l e r i n i n
d e ğ i ş m e m e l i s i n
k u r b a ğ a c ı ğ ı m ı z d a
t e k i l   k a l ı b ı m ı z ı n
ö ğ ü t ü c ü l e r d i
ç i z g i m i z
b a k i r e l e r i n d e n
a v u k a t l a r d a n
p e n i s i n i z i n
d e ğ i ş i r m i ş
s ü z m e m i ş i m
t e c r i t l e r i n e
t e c r i t l e r i m i z d e n
a v u k a t ı n d a n
a y r ı m c ı l ı k l a r
e r n e k l e r i n d e n
s ü z ü y o r   m u y u m
d e ğ i ş m e m i ş m i ş s i n
e r n e k l e r i n i z d e n
d e ğ i ş m e m e l i y m i ş i z
ö ğ ü t ü c ü l e r i n e
t o p o l o j i n i z
ö ğ ü t ü c ü l e r i n i z e
s ü z m e l i   m i
d e ğ i ş m e y e c e k m i ş i z
e r n e k l e r i n e
b a k i r e y m i ş s i n
t e k i l   k a l ı b ı m ı z d a
b a m y a l a r ı m ı z a
ö ğ ü t ü c ü l e r m i ş i m
k u r b a ğ a c ı ğ ı n d a n
a y r ı m c ı l ı k l a r
s e r p t i k   m i
d e ğ i ş i r l e r   m i y m i ş
s ü z m e d i   m i y d i n
d e ğ i ş e c e k   m i y d i n i z
s ü z ü y o r m u ş u m
s ü z e c e k l e r   m i y d i
d e ğ i ş m e m i ş t i k
d e ğ i ş m i y o r d u n u z
d e ğ i ş e c e k l e r
ç i z g i n i z d e n
t e k i l   k a l ı b ı n d a n
s ü z m e d i y d i
e r n e k l e r i n i z d e
ö ğ ü t ü c ü l e r d i m
ö r d e ğ i n d e
d e ğ i ş m e z   m i y d i n i z
y e r l e r i m i z d e n
s ü z m e d i l e r   m i
ö ğ ü t ü c ü l e r i n i z d e
e r n e k l e r i n i z e
b a k i r e y i z
s e s t e ş l e r i m i z e
d e ğ i ş m e m
k e f a l e t l e r i n i z d e n
ö ğ ü t ü c ü l e r i n d e n
p e n i s l e r i m i z i n
d e ğ i ş t i n i z
ç i z g i l e r i n i z e
s ü z m ü ş   m ü y d ü m
k e f a l e t l e r i
k e f a l e t l e r i n i z i
s ü z m e m e l i   m i y d i n
s e s t e ş i m i z d e n
b a k i r e l e r i n i
a v u k a t ı n d a
k u r b a ğ a c ı ğ ı n a
ç i z g i l e r i n i z d e
ö ğ ü t ü c ü n d e
s ü z m e d i   m i y d i k
d e ğ i ş m i ş t i n
a y r ı m c ı l ı k
s ü z m e d i y d i m
d e ğ i ş m e m e l i   m i y d i n i z
d e ğ i ş e c e k m i ş
k e f a l e t l e r i n i n
d e ğ i ş m e y e c e k   m i s i n i z
k e f a l e t l e r i n d e
ö ğ ü t ü c ü l e r i n i z i n
k e f a l e t
d e ğ i ş m e d i y d i k
ç i z g i l e r m i ş i m
s ü z m e y e c e k   m i y m i ş i m
b a k i r e l e r e
d e ğ i ş m e m e l i   m i y m i ş i z
d e ğ i ş m e y e c e k l e r m i ş
m i l y o n e r m i ş s i n
ç i z g i l e r i m i z i n
ç i z g i l e r e
ç i z g i l e r i n e
t e k i l   k a l ı b ı m ı z a
s ü z m e m i ş l e r   m i y d i
k u r b a ğ a c ı ğ ı
s ü z m ü ş l e r   m i
a y r ı m c ı l ı k l a r d a n
h e n d e s e l e r
d e ğ i ş e c e k l e r m i ş
d e ğ i ş m e l i y m i ş
k e f a l e t t e n
e r n e k l e r i n e
k u r b a ğ a c ı ğ ı n d a
t e c r i t l e r i m i z i
s ü z m e m e l i y d i
ö ğ ü t ü c ü l e r i m i z d e n
y e r l e r i m i z d e
t e k i l   k a l ı b ı n d a n
b a k i r e l e r i n i z e
a y r ı m c ı l ı ğ ı m ı z ı
y e r l e r m i ş i m
s ü z m e y e c e k l e r d i
s ü z m e m i ş   m i y d i m
ç i z g i l e r d e
d e ğ i ş i r d i k
d e ğ i ş i y o r   m u y d u k
b a k i r e l e r i n i z d e
d e ğ i ş i y o r d u
k e f a l e t l e r i m i z d e n
k e f a l e t i n i n
m i l y o n e r l e r m i ş i z
k e f a l e t l e r i n e
ö r d e ğ i n i n
t e k i l   k a l ı b ı n a
i s t i r i d y e l e r i
a y r ı m c ı l ı ğ ı m ı z d a n
d e ğ i ş m e l i   m i y m i ş
d e ğ i ş m e m i ş l e r
h e n d e s e l e r i n
b a k i r e l e r i n i z i
t e c r i d i n i z d e n
d e ğ i ş m e y e c e k t i k
i s t i r i d y e l e r i n d e n
k e f a l e t l e r i n i z e
a y r ı m c ı l ı ğ ı n a
m i l y o n e r l e r
ö r d e ğ i n i z i
m i l y o n e r l e r d i n i z
d e ğ i ş m e y e c e ğ i z
t o p o l o j i s i n i n
d e ğ i ş i y o r   m u y m u ş
t o p o l o j i l e r i
e r n e k l e r i m i z d e n
t o p o l o j i l e r i n i n
d e ğ i ş i r   m i y m i ş
m i l y o n e r l e r
ö ğ ü t ü c ü l e r i m i z d e
a y r ı m c ı l ı ğ ı m ı z d a
k e f a l e t l e r i n e
i s t i r i d y e l e r i n i
b a k i r e n d e n
s ü z m ü ş l e r d i
d e ğ i ş i y o r   m u
e r n e ğ i n d e n
b a k i r e n i
ç i z g i n d e
s ü z m e m i ş   m i y i m
d e ğ i ş e c e k t i m
y e r l e r i m i z i n
y a n   t ü m c e n i z
b a k i r e l e r m i ş i m
d e ğ i ş i r   m i y i z
d e ğ i ş e c e k   m i y i z
k e f a l e t l e r i m i z d e
h e n d e s e l e r i
m i l y o n e r i n i z
b a k i r e n i z d e
k e f a l e t l e r d e
d e ğ i ş m e d i l e r
d e ğ i ş m e m e l i y m i ş
d ü z e n l e n e b i l i r l i k l e r
s e s t e ş i m i z i n
s ü z m e m e l i l e r   m i
d e ğ i ş i y o r u m
d e ğ i ş m e y e c e k   m i y i z
b a k i r e d e n
b a k i r e s i n d e
b a m y a n ı z d a
m i l y o n e r l e r d i r
ç i z g i y i m
d e ğ i ş m e d i n   m i
m i l y o n e r l e r i n
d e ğ i ş i y o r   m u y d u m
d e ğ i ş m i ş   m i y m i ş s i n i z
d e ğ i ş m e m i ş i m
k e f a l e t i n i
d ü z e n l e n e b i l i r l i k l e r i n d e n
i s t i r i d y e l e r i m i z
b a m y a m ı z ı n
d e ğ i ş m i ş   m i s i n i z
d e ğ i ş m e l i   m i y d i
y a n   t ü m c e l e r i
t e c r i d i n d e n
a v u k a t ı m ı z a
i s t i r i d y e l e r i n e
h e n d e s e l e r i n d e
k e f a l e t i n i
d e ğ i ş m i y o r   m u y m u ş
t o p o l o j i l e r i n i z d e n
h e n d e s e l e r i n i
y e r i n d e n
t o p o l o j i l e r i n d e n
d ü z e n l e n e b i l i r l i k l e r i n i z i
h e n d e s e l e r i n i z d e n
h e n d e s e l e r i n e
a y r ı m c ı l ı ğ ı m
m i l y o n e r l e r d i k
d e ğ i ş m e y e c e k t i m
d e ğ i ş m i y o r d u
t o p o l o j i n i n
d e ğ i ş m i y o r u m
d e ğ i ş m e z d i m
ö r d e ğ i m i z d e
m i l y o n e r l e r i n i n
b a m y a n ı z d a n
d e ğ i ş m i ş l e r
t e c r i d i n i
b a k i r e y d i k
d e ğ i ş i y o r   m u y u m
k e f a l e t i n i n
m i l y o n e r l e r i
a y r ı m c ı l ı ğ ı n d a
h e n d e s e l e r i n i n
e r n e k l e r i m i z i
i s t i r i d y e l e r i n e
e r n e ğ i m i z
i s t i r i d y e l e r i m i z d e n
d e ğ i ş e c e k l e r d i
t o p o l o j i l e r i n d e
e r n e ğ i n i z e
e r n e ğ i n d e n
d ü z e n l e n e b i l i r l i k l e r i n i
d e ğ i ş m i ş
s e s t e ş i m i z i
k e f a l e t i n d e
y a n   t ü m c e l e r i n d e
d e ğ i ş m e l i y d i m
b a k i r e l e r i m i z i n
b a k i r e n e
y e r i n i z d e
t e c r i d i
t o p o l o j i n d e n
y a n   t ü m c e l e r i n d e n
m i l y o n e r l e r i n i z i
p e n i s i m i z d e
k e f a l e t i n i z i n
y a n   t ü m c e l e r i n i z d e n
ç i z g i l e r i m i z e
d e ğ i ş m e z   m i y d i m
h e n d e s e l e r i n e
m i l y o n e r l e r i n d e
k e f a l e t t e
b ü s t ü n ü
m i l y o n e r i n
d e ğ i ş e c e k   m i y d i m
h e n d e s e l e r i n i z i n
t o p o l o j i n i z d e
y a n   t ü m c e l e r i n i n
b a k i r e n i z i
b a k i r e s i
m i l y o n e r l e r i n i z e
m i l y o n e r l e r i n e
t o p o l o j i n i z i
y a n   t ü m c e l e r i n i n
t e c r i d i n e
b a k i r e y m i ş i m
d e ğ i ş m e y e c e k l e r   m i y d i
b a m y a m ı z ı
m a k i n e l e r i n d e
t o p o l o j i l e r i m i z d e n
d e ğ i ş m e m e l i y m i ş i m
t o p o l o j i s i n e
d e ğ i ş m e z l e r   m i y d i
d ü z e n l e n e b i l i r l i ğ i n i
m a k i n e l e r i n i n
d e ğ i ş m e l i l e r d i
b a k i r e m i z d e n
y a n   t ü m c e l e r i n e
e r n e ğ i m i z d e n
t o p o l o j i n i z i n
d e ğ i ş m i ş   m i y d i n
b ü s t ü n d e n
b a k i r e y i
b ü s t l e r i
m a k i n e l e r i n i z d e n
t o p o l o j i m i z i
y e r d i k
b a k i r e l e r i m i z e
d e ğ i ş m e m e l i y d i
m i l y o n e r l e r i n e
ç i z g i m i z e
h e n d e s e l e r i m i z i n
b a k i r e y e
e r n e k l e r i m i z e
b ü s t l e r i m i z
m i l y o n e r i
b ü s t l e r i n d e n
h e n d e s e n i
m i l y o n e r l e r i m i z i n
i s t i r i d y e l e r i m i z i
y a n   t ü m c e l e r e
m a k i n e n i z d e n
h e n d e s e l e r i m i z d e n
i s t i r i d y e m i z d e n
h e n d e s e n i z e
d e ğ i ş m e m e l i   m i y d i m
y a n   t ü m c e l e r i n i z i n
d e n e y i m l e r i n i z
d ü z e n l e n e b i l i r l i ğ i n e
m a k i n e s i n i
m i l y o n e r d i k
m i l y o n e r
d ü z e n l e n e b i l i r l i ğ i n e
e r n e ğ i n d e
i s t i r i d y e l e r i m i z e
h e n d e s e n d e n
h e n d e s e m i z d e n
b a k i r e m i z e
d e ğ i ş m i ş l e r   m i
b ü s t l e r i n i z d e n
b ü s t ü n ü z d e
i s t i r i d y e n i
m a k i n e n i z d e
m i l y o n e r l e r i m i z d e
m i l y o n e r l e r i m i z i
i s t i r i d y e n i n
d e ğ i ş t i y d i
d e ğ i ş t i l e r   m i
d ü z e n l e n e b i l i r l i ğ i m i z e
d e ğ i ş m e m e l i l e r   m i y d i
m i l y o n e r i n i z e
m a k i n e l e r i n e
m i l y o n e r i m i z
t o p o l o j i m i z e
d e n e y i m l e r i n
ö r d e ğ i m i z i
e r n e ğ i n d e
d e ğ i ş m i ş l e r d i
m i l y o n e r d e n
b ü s t l e r i n d e
y a n   t ü m c e m i z d e n
y a n   t ü m c e l e r i m i z i n
d e n e y i m l e r i n
i s t i r i d y e n d e
d e n e y i m l e r i n i z d e n
d e ğ i ş m i ş i m
m i l y o n e r l e r i m i z e
d e n e y i m l e r i n d e
b ü s t l e r i m i z d e n
d e n e y i m l e r i n i z i
m a k i n e l e r i n e
d e n e y i m l e r i n d e n
d e n e y i m l e r i n i z d e
y a n   t ü m c e l e r i m i z e
b ü s t ü m ü z d e n
y e r i n i z i n
d e n e y i m l e r i n i
d e n e y i m l e r i n i n
d e ğ i ş t i   m i
d e n e y i m l e r i n i n
i s t i r i d y e n e
d e n e y i m i n i z
m e f h u m l a r ı n ı z d a
d e n e y i m l e r i
d e n e y i m l e r i
m i l y o n e r e
b ü s t l e r d e
d e n e y i m l e r i n e
d e ğ i ş m i ş   m i y i m
b ü s t ü n e
d e n e y i m l e r d e
m a k i n e y e
m i l y o n e r i m i z e
m a k i n e l e r i m i z e
m e f h u m l a r ı m ı z d a
d e n e y i m i n i n
b ü s t l e r i m i z i
m e f h u m l a r ı n ı n
b ü s t l e r i m i z e
y a n   t ü m c e m i z i
b ü s t ü m ü z d e
m e f h u m l a r ı n ı
d e n e y i m l e r e
m e f h u m l a r ı n d a n
m e f h u m l a r ı m ı z a
m e f h u m l a r ı n
d e n e y i m i n d e
m e f h u m l a r ı n
d e n e y i m i n d e
d e n e y i m d e n
m e f h u m l a r ı
y e r i m i z e
m e f h u m l a r a
m e f h u m u n u z
m e f h u m l a r d a
m e f h u m l a r
m e f h u m a
m e f h u m u m u z
m e f h u m u n
m e f h u m d a
m e f h u m u
m e f h u m u
