d e ğ i ş m e m i ş t i
d e ğ i ş i r l e r d i
y a n   t ü m c e n i z e
a v u k a t l a r ı m ı z ı
k e f a l e t l e r i n e
d e ğ i ş i y o r   o l m a l ı   m ı y m ı ş s ı n
g ö ç m ü ş   o l m a y a c a k   m ı y ı m
ç i z g i s i n
k e f a l e t l e r i n e
g ö ç ü y o r   o l m a l ı y ı z
s e r p m i ş   o l m a y a c a k s ı n
h e n d e s e l e r i n i z d e n
s ü z ü y o r   m u y d u k
ü z g ü n m ü ş
k a t e g o r i s i n i
g ö ç e c e k   m i s i n i z
s ü z e c e k t i
a v u k a t l a r d ı m
p e n i s l e r e
d e ğ i ş i y o r   o l m a l ı   m ı y ı z
p a r ç a l a n ı y o r   o l m a z d ı n ı z
g ö ç t ü y d ü n ü z
g ö ç ü y o r   m u y u z
g ö ç m e m i ş m i ş s i n
k e f a l e t l e r i
ö r d e ğ i n i z i
s e r p e c e k   m i y m i ş i m
p a r ç a l a n m a m e l i s i n i z
a y r ı m c ı l ı k l a r ı n ı z a
b ü s t l e r i m i z e
s ü z ü y o r   o l m a y a c a k m ı ş s ı n
g ö ç ü y o r   o l m a y a c a k   m ı y d ı m
s e r p i y o r   o l m a m a l ı y ı m
ö r d e k l e r i n i z d e
p a r ç a l a n m a m ı ş   m ı s ı n ı z
a y r ı m c ı l ı ğ ı m ı z d a
d e n e y i m l e r i n i z i
a v u k a t l a r s ı n ı z
g ö ç m e m e l i   m i y d i k
s ü z m ü y o r u m
m i l y o n e r i m i z d e n
g ö ç m e l i   m i y i z
ö ğ ü t ü c ü l e r i n i z
d e ğ i ş e c e k   o l a c a k s ı n ı z
d e ğ i ş i y o r   o l u r d u k
d e ğ i ş m i ş   m i y i m
s ü z e r   o l a c a k l a r m ı ş
s e r p m i ş   m i y m i ş s i n i z
p a r ç a l a n ı r m ı ş s ı n ı z
d e ğ i ş i y o r   o l m a l ı   m ı y m ı ş
s ü z m e z   m i y i z
s ü z m e z   m i y i m
s ü z ü y o r   o l a c a k s ı n ı z
ö ğ ü t ü c ü l e r i n i n
d e ğ i ş m i y o r s u n u z
s ü z ü y o r   o l m a y a c a k   m ı y d ı n ı z
s ü z m e l i   m i
a v u k a t l a r ı n d a
s ü z ü y o r   m u y u m
s ü z m e m i ş l e r   m i y m i ş
k e f a l e t i n d e n
p a r ç a l a n a c a k l a r   m ı y d ı
d ü z e n l e n e b i l i r l i ğ i n i n
p a r ç a l a n ı y o r m u ş u m
s ü z ü y o r   o l a c a k   m ı y m ı ş
g ö ç e c e k   o l m a y a c a k   m ı y m ı ş s ı n ı z
p a r ç a l a n m ı y o r   m u y u m
i s t i r i d y e l e r i n e
k u r b a ğ a c ı k l a r ı m ı z
m a k i n e n i z d e
y e r d i n
a y r ı m c ı l ı ğ ı n ı z ı
i s t i r i d y e n
g ö ç m e d i l e r
p a r ç a l a n ı y o r   o l u r d u n u z
p a r ç a l a n m a y a c a k
g ö ç m e m i ş t i n
b a m y a l a r ı n d a n
d e ğ i ş e c e k   o l a c a k   m ı y m ı ş s ı n ı z
s ü z m e d i y d i
t o p o l o j i n i z i n
s e r p m i ş   o l m a y a c a k   m ı y d ı n ı z
s ü z ü y o r   o l m a l ı y d ı n
s e r p i y o r   o l a c a k   m ı
g ö ç t ü
g ö ç ü y o r   o l m a l ı l a r   m ı y m ı ş
i s t i r i d y e n i
s ü z m e m e l i y d i
y a n   t ü m c e s i n i
d e ğ i ş i r   m i y d i m
y a n   t ü m c e l e r i
s ü z e r   m i y d i m
s e r p m e z m i ş
d e ğ i ş m i ş t i m
g ö ç ü y o r   o l m a y a c a k   m ı y m ı ş ı m
p a r ç a l a n m ı y o r l a r
d e ğ i ş m e z l e r   m i y d i
s ü z m ü y o r s u n u z
i s t i r i d y e l e r i m i z i
s ü z e r   o l m a y a c a k   m ı y m ı ş s ı n ı z
a v u k a t l a r ı n a
g ö ç m e m e l i y d i n
y a n   t ü m c e l e r e
s e r p m e m i ş   m i y d i
b a k i r e l e r i n i z d e
g ö ç m e m e l i l e r d i
p a r ç a l a n m a z m ı ş ı m
p a r ç a l a n m ı ş   o l a c a k   m ı s ı n
k u r b a ğ a c ı ğ ı n ı
y e r l e r i n d e n
s e s t e ş l e r i m i z e
b a k i r e m i z e
s ü z ü y o r   o l m a y a c a k t ı n ı z
d e ğ i ş t i   m i y d i n
g ö ç ü y o r   o l m a l ı   m ı y m ı ş ı z
d e ğ i ş i y o r   o l m a m a l ı
s e r p e c e k   o l a c a k m ı ş ı z
s e r p i y o r   o l m a y a c a k   m ı
g ö ç e r m i ş s i n i z
p a r ç a l a n ı y o r   o l a c a k m ı ş ı m
s e r p m e l i l e r
e r n e ğ i n d e n
m i l y o n e r l e r d i n i z
s ü z ü y o r   m u y m u ş s u n
p a r ç a l a n ı y o r   o l a c a k   m ı s ı n ı z
ö r d e ğ i n i z d e n
p a r ç a l a n m a z   m ı y m ı ş ı z
s e r p i y o r   o l m a y a c a k l a r m ı ş
ö ğ ü t ü c ü l e r i
y e r l e r d i
g ö ç e c e k   o l m a y a c a k m ı ş s ı n ı z
t e c r i d i n d e n
h e n d e s e s i n d e n
p a r ç a l a n ı y o r   m u y d u k
s e r p m e m i ş l e r
g ö ç e c e k   o l a c a k   m ı y m ı ş ı z
s e r p i y o r   o l m a y a c a k t ı m
p a r ç a l a n m ı ş   o l a c a k   m ı y ı z
s e r p m i y o r   m u y d u n u z
s e r p i y o r   o l u r d u m
g ö ç ü y o r   o l m a m a l ı y ı z
e r n e ğ i n d e
g ö ç e r   o l m a y a c a k m ı ş
k a t e g o r i l e r d e n
t o p o l o j i l e r i n i n
g ö ç m e y e c e k m i ş
s e r p e c e k   m i s i n i z
s e r p i y o r   o l m a l ı   m ı y m ı ş s ı n
p a r ç a l a n m ı ş   o l m a y a c a k l a r
ç i z g i l e r i n i
b a m y a l a r a
s e r p i y o r   o l m a m a l ı y m ı ş ı z
a y r ı m c ı l ı k d ı m
i s t i r i d y e l e r i
g ö ç ü y o r   o l m a y a c a k   m ı s ı n
b a k i r e l e r d i r
d e ğ i ş i y o r   o l m a l ı y m ı ş ı z
b ü s t ü n ü z d e
d e ğ i ş m i ş   o l m a y a c a ğ ı z
b a k i r e y m i ş s i n i z
s ü z m e m i ş m i ş s i n i z
m a k i n e n i z i n
t e c r i d i n e
g ö ç ü y o r   o l m a m a l ı   m ı y d ı n
s ü z ü y o r   m u y d u n u z
a v u k a t l a r ı
d e ğ i ş i r   m i y i z
s e r p m e m e l i   m i y i z
h e n d e s e n i
b a k i r e l e r i n d e n
k u r b a ğ a c ı k l a r ı m ı z ı
s ü z ü y o r   o l m a m a l ı   m ı y m ı ş s ı n ı z
s e r p i y o r   o l m a z d ı n ı z
s ü z m e y e c e k   m i y m i ş i m
s ü z ü y o r   o l m a m a l ı   m ı y d ı
d e ğ i ş m i ş   m i s i n i z
e r n e k l e r i z
p e n i s l e r i n i z i n
s e r p m i ş   o l m a y a c a k   m ı y ı z
b ü s t l e r d e
m a k i n e l e r i m i z e
ç i z g i l e r i n
t o p o l o j i n i z
s ü z m ü ş   o l a c a k s ı n
k a t e g o r i s i n i n
s ü z e c e k   o l a c a k   m ı
p a r ç a l a n m a y a c a k m ı ş
y a n   t ü m c e l e r i n i z i n
s ü z ü y o r m u ş u z
p a r ç a l a n m a m e l i y i m
m a k i n e l e r i n e
s e r p m e l i y d i n i z
s ü z m e l i   m i y m i ş s i n
b a k i r e l e r
s ü z ü y o r   o l a c a k   m ı y m ı ş s ı n ı z
d e ğ i ş m e y e c e k m i ş s i n
s ü z m e m e l i l e r m i ş
s ü z ü y o r   o l m a l ı   m ı y d ı
d e ğ i ş e c e k   m i y m i ş i z
k a t e g o r i n d e
s e r p i y o r   o l m a m a l ı
d e ğ i ş m i ş
s ü z ü y o r   m u y m u ş u z
g ö ç ü y o r   o l m a m a l ı   m ı s ı n ı z
t e c r i t l e r i n d e
p e n i s l e r i n
s ü z e c e k   m i s i n i z
e r n e k l e r i n e
b a m y a y m ı ş
ç i z g i l e r i n
g ö ç ü y o r   o l m a l ı y m ı ş ı m
p a r ç a l a n ı y o r   m u y u m
k u r b a ğ a c ı k l a r ı n a
g ö ç m e z d i n
s e r p m e y e c e k   m i y m i ş i m
s ü z ü y o r   o l u r   m u y d u m
ü z g ü n   m ü y d ü m ?
d e ğ i ş m e l i   m i y i m
d e ğ i ş i y o r   o l u r d u
p a r ç a l a n ı y o r   o l m a m a l ı   m ı
p a r ç a l a n m a l ı y m ı ş s ı n
d e ğ i ş m i ş   o l a c a k l a r   m ı
d e ğ i ş i r l e r   m i y m i ş
p a r ç a l a n a c a k   o l a c a k m ı ş s ı n ı z
s ü z ü y o r   m u y d u m
t e c r i d i
y e r d i l e r
s e r p e c e k t i n i z
s e s t e ş l e r d e n
s e r p i y o r   o l a c a k   m ı s ı n ı z
ö ğ ü t ü c ü l e r i m i z d e
p a r ç a l a n ı y o r   o l u r   m u y d u n u z
d e ğ i ş m e m i ş m i ş i z
s ü z ü y o r   o l m a m a l ı   m ı s ı n ı z
s ü z ü y o r   o l a c a k   m ı y d ı
s ü z ü y o r   o l a c a k   m ı s ı n
s e r p m e y e c e k m i ş
d ü z e n l e n e b i l i r l i k t e
k a t e g o r i l e r i m i z e
s ü z m e y e c e k s i n i z
p e n i s l e r i m i z d e n
p a r ç a l a n m a m ı ş
t e c r i t l e r i m i z d e
a y r ı m c ı l ı ğ ı n d a
m i l y o n e r l e r m i ş i z
k a t e g o r i l e r i n i z i
p a r ç a l a n m ı ş s ı n ı z
s ü z ü y o r   o l m a y a c a k   m ı y m ı ş
s ü z ü y o r   o l m a m a l ı y d ı k
p a r ç a l a n m a m ı ş   m ı y m ı ş s ı n ı z
ö ğ ü t ü c ü l e r m i ş
s ü z m e z m i ş s i n
ö ğ ü t ü c ü n ü z d e
t e c r i t l e r i n d e
s e s t e ş l e r i m i z
s e r p m e l i y d i n
d e ğ i ş m e y e c e k l e r
m i l y o n e r l e r s i n
s e r p i y o r   o l a c a ğ ı m
d e n e y i m i n e
ö ğ ü t ü c ü l e r i m i z
k e f a l e t i n i n
b a m y a s ı n d a
k e f a l e t l e r i n d e
a y r ı m c ı l ı k l a r
k a t e g o r i n i n
s ü z m e m i ş   m i s i n
s ü z m e m i ş m i ş
d e ğ i ş m e d i y d i k
s e r p m e l i l e r m i ş
d e ğ i ş m i ş   o l m a y a c a k s ı n
s e r p t i n i z   m i
a v u k a t ı n ı z a
s ü z m e y e c e k   m i y d i m
s e s t e ş l e r i n i z i
a y r ı m c ı l ı k l a r ı
g ö ç ü y o r   o l a c a k t ı n ı z
s ü z e c e k   m i y m i ş s i n
d e n e y i m i n d e n
k a t e g o r i l e r i n e
e r n e k l e r d i m
y e r l e r i m i z d e n
y a n   t ü m c e m i z i
d e ğ i ş m e l i y d i m
a l f a   s ü r ü m ü n d e n
ö r d e k l e r i n i z
s e r p m i y o r m u ş u z
s e r p m e m e l i   m i
a y r ı m c ı l ı ğ ı n a
i s t i r i d y e d e n
a v u k a t l a r ı n d a
s ü z m e m e l i   m i y i z
s e s t e ş i n i z d e n
d e ğ i ş m e d i n i z
g ö ç m ü ş   m ü y d ü n ü z
k a t e g o r i l e r d e
d e ğ i ş i y o r l a r d ı
e r n e k t i m
t e c r i d i n i z i n
d e ğ i ş m i y o r m u ş u m
d e ğ i ş m i ş   m i s i n
d e ğ i ş m e l i y m i ş
s e r p m e l i   m i y d i
a v u k a t ı n ı z d a
e r n e k l e r i n d e
s e r p m e m i ş m i ş i z
s e r p e r   m i y d i n i z
s e r p m i ş   m i y d i n
k u r b a ğ a c ı k l a r ı n
k e f a l e t l e r i m i z d e
k e f a l e t l e r i n i z i
d e ğ i ş m e m i ş   m i
y e r l e r i m i z i n
s e r p m i ş   o l m a y a c a k t ı k
s e r p m i ş   m i y d i k
p e n i s l e r i n d e n
h e n d e s e m i z d e n
d e n e y i m l e r i m i z d e
s ü z m ü y o r l a r d ı
s ü z m e l i y m i ş s i n
ö ğ ü t ü c ü m ü z ü n
ö r d e k l e r i n e
s e r p m e m e l i l e r
t e c r i d i n d e n
d e ğ i ş m e m e l i y d i
s ü z m e m e l i l e r   m i
a y r ı m c ı l ı k l a r
s ü z ü y o r   o l a c a k m ı ş
g ö ç m e m e l i y m i ş s i n
a y r ı m c ı l ı k l a r
a v u k a t ı n d a n
ö ğ ü t ü c ü l e r i n i z d e
ü z g ü n   d e ğ i l   m i y m i ş i z ?
ü z g ü n   d e ğ i l d i m
ü z g ü n   d e ğ i l   m i y d i k ?
ü z g ü n   d e ğ i l m i ş l e r
ü z g ü n   d e ğ i l   m i s i n i z ?
ü z g ü n   m ü y d ü k ?
ü z g ü n   m ü y m ü ş s ü n ?
ü z g ü n   d e ğ i l   m i y m i ş i m ?
ü z g ü n d ü n
ü z g ü n d ü k
ü z g ü n   d e ğ i l   m i y d i n ?
ü z g ü n   d e ğ i l m i ş i m
ü z g ü n ü m
ü z g ü n   m ü y d ü n ü z ?
ü z g ü n   d e ğ i l m i ş s i n i z
ü z g ü n   d e ğ i l d i n
ü z g ü n   d e ğ i l i z
d e ğ i ş m i ş   m i y d i n
s ü z e c e k l e r   m i y d i
s e r p i y o r s u n u z
t o p o l o j i s i n i n
h e n d e s e s i n i n
p e n i s l e r i n i z d e n
m i l y o n e r l e r i n i
ö ğ ü t ü c ü l e r d i m
ç i z g i y m i ş
ç i z g i y m i ş i z
ç i z g i
k a t e g o r i d e
ö r d e k l e r i n i z e
s e r p m e y e c e k t i k
g ö ç m ü ş l e r   m i y d i
g ö ç t ü n   m ü
k u r b a ğ a c ı ğ ı n d a
y a n   t ü m c e l e r i n d e
k e f a l e t l e r i n i n
k a t e g o r i m i z i n
m i l y o n e r l e r i n e
ö ğ ü t ü c ü l e r m i ş i m
s ü z m ü ş l e r   m i y d i
m e f h u m u n u
s ü z m e l i   m i y m i ş
s ü z m e m e l i   m i y d i m
d e ğ i ş m e m e l i   m i y m i ş
ö ğ ü t ü c ü l e r i n d e n
s ü z m e m e l i   m i y d i
k a t e g o r i l e r i m i z d e
s e s t e ş l e r i n i z d e n
s ü z e c e k m i ş s i n i z
e r n e k l e r i n d e n
e r n e k l e r i m i z i
s e r p m e y e c e k   m i s i n
t e k i l   k a l ı p l a r ı
a v u k a t ı n ı z ı n
k a t e g o r i l e r i n d e
e r n e k l e r i n i z e
d e ğ i ş m e m i ş l e r d i
m i l y o n e r l e r i n i z e
s e r p m e m i ş m i ş s i n i z
s e r p i y o r   m u y d u k
s e r p t i   m i y d i n i z
s ü z m ü y o r l a r m ı ş
t o p o l o j i n i n
k a t e g o r i l e r i n d e n
t e k i l   k a l ı p l a r ı
k e f a l e t i n i z i n
m i l y o n e r l e r d i k
d e ğ i ş m i y o r m u ş u z
m a k i n e n i n
b a m y a n ı z d a n
m i l y o n e r l e r i n e
s ü z m e y e c e k t i n i z
e r n e k l e r i n i z d e
e r n e k l e r m i ş s i n
s e r p m i ş   o l a c a k s ı n ı z
a v u k a t m ı ş ı m
d e n e y i m i m i z i n
k u r b a ğ a c ı k l a r ı n ı n
p e n i s i n i z i n
d e n e y i m l e r i n i z d e
p a r ç a l a n m a z s ı n
s e r p m e m e l i l e r   m i
s ü z m e l i   m i y d i n i z
k u r b a ğ a c ı k l a r ı n a
m a k i n e m i z d e n
e r n e k m i ş s i n i z
s e r p m i y o r l a r m ı ş
t e k i l   k a l ı p l a r ı n
m e f h u m l a r ı n ı z d a
d e ğ i ş m e l i   m i y d i
g ö ç m e z   m i y m i ş i z
g ö ç m e y e c e k l e r   m i y d i
h e n d e s e l e r i n i z i n
s e r p m e l i l e r   m i y d i
d e ğ i ş i y o r   m u y u m
d e ğ i ş i y o r   m u y d u k
s e s t e ş l e r i m i z d e n
d e ğ i ş m i y o r d u n u z
s e r p m e m i ş l e r   m i y d i
s ü z m ü ş   o l m a y a c a ğ ı m
d e ğ i ş m i ş   o l a c a k t ı k
d e ğ i ş m e m i ş l e r   m i
m a k i n e l e r i n i z d e n
k u r b a ğ a c ı ğ ı n a
m i l y o n e r i n i z i
y a n   t ü m c e l e r i m i z e
s e r p m e m i ş   m i y m i ş
k a t e g o r i l e r i n i z d e
s ü z ü y o r   o l a c a k l a r   m ı
s e s t e ş i n d e n
ö ğ ü t ü c ü l e r i n i z i n
d e ğ i ş m i ş   m i y m i ş i z
g ö ç ü y o r   o l m a y a c a ğ ı m
g ö ç m e l i   m i s i n i z
g ö ç ü y o r m u ş s u n u z
t e c r i t l e r i n i z d e n
i s t i r i d y e s i n d e n
g ö ç e c e k   m i y m i ş s i n
y a n   t ü m c e s i n d e n
s e r p m i ş   o l a c a k l a r d ı
b a m y a l a r ı n ı z a
d e ğ i ş m e m e l i y m i ş
s e r p m e l i   m i y m i ş
m i l y o n e r l e r d i r
s ü z m e m i ş   m i y d i m
a v u k a t t ı n
s e r p m i y o r   m u y d u k
d e n e y i m l e r i n i z d e n
y a n   t ü m c e l e r i n i n
g ö ç m e m e l i y m i ş i z
a l f a   s ü r ü m l e r i n e
s e r p i y o r   o l m a y a c a ğ ı z
s e r p i y o r   o l u r   m u y d u
d e ğ i ş m e l i   m i y d i n
m e f h u m l a r ı m ı z a
g ö ç m ü ş   o l a c a k   m ı y d ı m
s e r p m e l i y m i ş s i n
s ü z e c e k   o l a c a k m ı ş
s ü z ü y o r   o l m a z d ı m
k e f a l e t l e r i n i z d e n
g ö ç e c e k   o l a c a k m ı ş
p a r ç a l a n ı r s ı n ı z
b a m y a y m ı ş s ı n ı z
s e r p i y o r   o l u r   m u y d u m
s e r p i y o r   m u s u n u z
k a t e g o r i l e r i n i n
ö r d e k l e r i n i n
a v u k a t t a n
g ö ç m e m e l i   m i s i n i z
s ü z m ü y o r   m u y m u ş u z
d e n e y i m i n d e n
d e ğ i ş i y o r   m u y d u m
s e r p m i ş   m i y m i ş i z
m i l y o n e r l e r i n i n
a v u k a t l a r ı n ı z a
s e r p m e z   m i y m i ş i z
t e k i l   k a l ı p l a r ı n ı n
s ü z m e m i ş   m i y i z
a y r ı m c ı l ı k l a r ı n d a
s e r p m e l i
s e r p m i y o r l a r   m ı y m ı ş
s e r p m e y e c e ğ i z
s e r p m i ş   o l a c a k l a r
s e r p i y o r   o l u r l a r   m ı y d ı
s e r p m i ş l e r d i
s e r p i y o r   o l m a m a l ı y ı z
s e r p e r m i ş s i n i z
s e r p i y o r   o l m a m a l ı   m ı s ı n ı z
s e r p i y o r   o l m a l ı   m ı y ı m
s e r p e r   m i y i m
s e r p m e z   m i y d i k
s e r p i y o r   m u y m u ş s u n u z
s e r p m i ş   o l m a y a c a k   m ı y d ı m
s e r p e c e k   o l m a y a c a k   m ı y m ı ş ı m
s e r p m i y o r   m u y m u ş u m
s e r p m e z   m i y m i ş i m
s e r p m e y e c e k   m i s i n i z
s e r p t i   m i y d i
s e r p m e y e c e k   m i y d i
s e r p i y o r   o l a c a k   m ı y m ı ş ı z
s e r p i y o r   o l m a m a l ı   m ı y m ı ş ı z
s e r p m i ş   o l m a y a c a k l a r   m ı y d ı
s e r p e c e k   o l a c a ğ ı z
s e r p i y o r   o l m a m a l ı l a r d ı
s e r p m e d i   m i y d i n
s e r p m e l i l e r   m i
s e r p m e m i ş t i k
s e r p m i y o r   m u y m u ş
s e r p m e d i   m i y d i n i z
s e r p i y o r   o l m a m a l ı l a r
s e r p m i ş   o l a c a k   m ı y d ı n
s e r p e r m i ş i z
s e r p m i y o r   m u y d u
s e r p i y o r   o l u r d u n u z
s e r p i y o r   o l m a m a l ı s ı n ı z
s e r p m e l i   m i y i z
s e r p i y o r   o l u r d u k
s e r p i y o r   o l m a y a c a k t ı n ı z
s e r p i y o r   o l m a y a c a k t ı
s e r p m e y e c e k t i n
s e r p e c e k s i n i z
s e r p e r   o l a c a k   m ı y m ı ş s ı n
s e r p m e d i l e r d i
s e r p m e d i y d i n i z
s e r p m e z   m i y i z
s e r p m e y e c e k m i ş i m
s e r p e c e k   o l a c a k s ı n ı z
s e r p e r d i m
s e r p i y o r   o l m a y a c a k   m ı y m ı ş ı z
s e r p m e d i
s e r p m e l i   m i y m i ş s i n
s e r p m e m e l i   m i s i n
s e r p m e m e l i y d i n i z
s e r p e c e k   o l m a y a c a k s ı n ı z
s e r p m i ş m i ş i m
s e r p m i y o r l a r   m ı
s e r p e c e k   o l m a y a c a k l a r
s e r p m e m i ş   m i y d i n i z
s e r p m i y o r   m u s u n u z
s e r p m e m i ş m i ş i m
s e r p m e z l e r   m i y d i
s e r p m i ş   o l m a y a c a k   m ı s ı n ı z
s e r p m e m i ş   m i y m i ş i m
s e r p e r   m i s i n
s e r p i y o r   o l m a l ı y d ı k
s e r p i y o r m u ş u m
s e r p m e k
s e r p t i m
s e r p m e d i y d i n
a v u k a t l a r ı n ı z d a
g ö ç ü y o r   o l a c a k t ı n
s ü z ü y o r   o l m a l ı y m ı ş
d e ğ i ş i y o r   o l a c a k t ı k
k a t e g o r i n i z i n
m e f h u m u n u n
y a n   t ü m c e d e n
d e ğ i ş m e m i ş   m i s i n
k u r b a ğ a c ı k l a r d a n
s e r p m e m e l i l e r m i ş
s ü z m e m i ş   m i y m i ş i z
t e k i l   k a l ı b ı
d e ğ i ş e c e k   m i y d i n i z
s ü z m ü y o r   m u y m u ş s u n
s e r p e c e k   o l a c a k l a r m ı ş
h e n d e s e l e r i m i z i n
k a t e g o r i s i n d e n
a l f a   s ü r ü m l e r i n i n
s ü z m e m e l i   m i y d i n i z
d e ğ i ş t i k   m i
s ü z ü y o r   o l m a l ı   m ı
s ü z d ü k   m ü
s e r p i y o r m u ş s u n u z
a y r ı m c ı l ı ğ ı n d a n
e r n e k l e r i n i z d e n
e r n e k l e r m i ş s i n i z
a y r ı m c ı l ı k l a r s ı n
s ü z e r   o l a c a k   m ı y m ı ş ı z
s ü z e r   m i y m i ş s i n i z
a y r ı m c ı l ı ğ ı m ı z ı
s ü z ü y o r   o l m a l ı y d ı
s e r p i y o r   o l m a z   m ı y d ı m
e r n e k l e r i m i z d e n
s e r p i y o r   o l m a m a l ı   m ı
b a m y a l a r ı m ı z a
k u r b a ğ a c ı k l a r ı n d a
g ö ç ü y o r   o l m a l ı y d ı
ö r d e k l e r i m i z e
b a m y a l a r m ı ş s ı n ı z
t e k i l   k a l ı b ı n d a n
m i l y o n e r l e r i m i z i
t e k i l   k a l ı p l a r ı n ı n
g ö ç m ü ş   o l m a y a c a k t ı k
s e r p e r   o l a c a k m ı ş ı m
m i l y o n e r l e r i n i z i
s ü z m e m i ş   m i y m i ş s i n
s e r p m e m i ş   m i y m i ş i z
g ö ç m e l i y m i ş s i n i z
s e r p m e m i ş l e r   m i y m i ş
a y r ı m c ı l ı k l a r m ı ş ı z
s e r p e c e k   o l m a y a c a ğ ı z
s e r p i y o r   o l m a l ı y ı m
g ö ç m ü ş   o l a c a k   m ı y d ı k
ö ğ ü t ü c ü l e r i m i z d e n
g ö ç m ü ş   o l a c a k   m ı s ı n ı z
s ü z m ü ş   o l m a y a c a k   m ı y d ı n ı z
s ü z e c e k   o l a c a k   m ı y m ı ş ı m
s ü z ü y o r   o l m a z   m ı y d ı
a v u k a t t ı
s e r p m i ş   o l m a y a c a k t ı
g ö ç m e m e l i   m i y m i ş s i n
s e r p i y o r   o l m a m a l ı s ı n
s ü z ü y o r   o l m a z l a r d ı
k u r b a ğ a c ı ğ ı n d a n
g ö ç m e m e l i   m i y d i n i z
k u r b a ğ a c ı k l a r ı n ı n
s e r p e c e k   o l a c a k s ı n
ö ğ ü t ü c ü y m ü ş s ü n
ö ğ ü t ü c ü l e r d i n i z
ö ğ ü t ü c ü
ö ğ ü t ü c ü l e r d i n
m i l y o n e r d i l e r
g ö ç e c e k   o l a c a k   m ı s ı n ı z
s e r p m e y e c e k l e r   m i y m i ş
s e r p m e m e l i   m i y d i n i z
k u r b a ğ a c ı ğ ı m ı z d a
d e ğ i ş m e m e l i y m i ş i z
s e r p i y o r   o l m a l ı y d ı
s e r p i y o r   o l m a l ı s ı n
k u r b a ğ a c ı ğ ı n ı z d a n
d e ğ i ş m i y o r   m u y m u ş u z
a y r ı m c ı l ı k s ı n ı z
s ü z ü y o r   o l m a y a c a k l a r m ı ş
b a m y a y m ı ş l a r
m i l y o n e r l e r i m i z d e
m i l y o n e r i m i z i n
s ü z m e m e l i   m i y m i ş s i n
s ü z e c e k   o l a c a k l a r m ı ş
d e ğ i ş i y o r   o l m a z d ı k
s e r p i y o r   o l m a y a c a k t ı n
a y r ı m c ı l ı k d ı k
s ü z m ü ş   o l a c a k   m ı y d ı m
s ü z m e z   m i y m i ş s i n i z
t o p o l o j i l e r i n i z d e n
s e r p e r   o l a c a k m ı ş s ı n
y a n   t ü m c e l e r i n i z d e n
d e ğ i ş i y o r   o l m a l ı   m ı
t e k i l   k a l ı p l a r ı n a
t e k i l   k a l ı b ı n a
ö ğ ü t ü c ü l e r m i ş s i n i z
t e k i l   k a l ı b ı n ı n
k u r b a ğ a c ı k l a r ı n d a n
s ü z m ü ş   o l a c a k l a r   m ı y d ı
d e ğ i ş i r   o l a c a k l a r m ı ş
k u r b a ğ a c ı ğ ı m ı z d a n
a l f a   s ü r ü m ü n ü n
s e r p i y o r   o l u r   m u y d u n
d e ğ i ş i y o r   o l a c a k l a r m ı ş
d e ğ i ş m i ş m i ş s i n i z
d e ğ i ş m e m e l i l e r   m i y d i
s ü z ü y o r   o l a c a k   m ı s ı n ı z
g ö ç m ü ş   o l a c a k   m ı y d ı n ı z
m i l y o n e r i n i n
t e k i l   k a l ı p l a r ı m ı z ı
d e ğ i ş m e m e l i   m i y m i ş i z
d e ğ i ş m i ş   m i y m i ş s i n i z
d e ğ i ş i y o r   o l a c a k   m ı y d ı m
a y r ı m c ı l ı k l a r ı m ı z a
g ö ç m ü ş   o l a c a k l a r   m ı y d ı
g ö ç e r   o l m a y a c a k m ı ş ı z
g ö ç ü y o r   o l m a l ı   m ı y d ı k
t e k i l   k a l ı p l a r ı m ı z ı n
d e ğ i ş e c e k   o l a c a k m ı ş
t e k i l   k a l ı b ı m ı z
s ü z ü y o r   o l a c a k   m ı
d e ğ i ş i y o r   o l u r l a r d ı
d e ğ i ş i y o r   o l m a y a c a k l a r
p a r ç a l a n m ı ş   o l a c a k t ı n ı z
t e k i l   k a l ı p l a r ı n d a n
s e r p i y o r   o l m a y a c a k l a r d ı
d ü z e n l e n e b i l i r l i ğ i n
s e r p e r   o l m a y a c a k m ı ş ı z
d e ğ i ş i y o r   o l m a l ı y d ı m
s e r p i y o r   o l m a l ı   m ı s ı n
g ö ç e r   o l a c a k l a r m ı ş
s e r p m e y e c e k   m i y m i ş i z
d e ğ i ş e c e k   m i y m i ş s i n i z
t e k i l   k a l ı p l a r ı n ı z d a n
k u r b a ğ a c ı k l a r ı n ı z d a
a l f a   s ü r ü m l e r i n d e n
s e r p m i ş   o l m a y a c a k l a r   m ı
g ö ç e c e k   o l a c a k   m ı y m ı ş s ı n
d e ğ i ş m i ş   o l a c a k   m ı y d ı k
g ö ç e c e k   o l m a y a c a k   m ı s ı n
s e r p e r   m i y m i ş i m
s e r p i y o r   o l m a l ı   m ı y d ı m
s ü z e r l e r   m i y m i ş
s e r p i y o r   o l m a l ı y d ı n ı z
d e ğ i ş m e y e c e k l e r   m i y d i
s ü z ü y o r   o l m a l ı   m ı y m ı ş ı m
s e r p i y o r   o l m a z l a r   m ı y d ı
d ü z e n l e n e b i l i r l i k l e r
a v u k a t t ı m
d e ğ i ş e c e k   o l a c a k   m ı s ı n
t e k i l   k a l ı p l a r ı n ı z a
d e ğ i ş i r   o l a c a k m ı ş ı z
s ü z e c e k   o l m a y a c a k   m ı s ı n
s e r p i y o r   o l m a l ı   m ı y d ı k
t e k i l   k a l ı p l a r ı n ı z ı
g ö ç e c e k   o l m a y a c a k m ı ş ı z
d e ğ i ş m i ş   o l a c a k l a r   m ı y d ı
s e r p i y o r   o l m a m a l ı   m ı y ı z
s e r p m i ş   o l a c a k t ı
g ö ç e c e k   o l m a y a c a k m ı ş ı m
g ö ç ü y o r   o l a c a k l a r   m ı y d ı
d ü z e n l e n e b i l i r l i ğ e
s ü z e c e k   o l m a y a c a k   m ı s ı n ı z
s ü z m ü ş   m ü
s ü z m e
s ü z m e m i ş t i k
s ü z ü y o r   o l a c a k m ı ş ı z
s ü z e r   o l a c a k   m ı y m ı ş s ı n
s ü z d ü   m ü y d ü
s ü z ü y o r   o l m a y a c a k   m ı y m ı ş ı m
s ü z ü y o r   o l m a m a l ı l a r d ı
s ü z ü y o r   o l u r l a r   m ı y d ı
s ü z ü y o r   o l m a l ı   m ı y d ı n ı z
s ü z ü y o r   o l m a l ı y m ı ş s ı n
s ü z m ü ş   o l m a y a c a k   m ı y d ı m
s ü z m e y e c e k   m i y m i ş
s ü z ü y o r   o l m a m a l ı y ı z
s ü z m ü ş   o l m a y a c a k t ı n
s ü z ü y o r   o l a c a k   m ı y m ı ş ı m
s ü z ü y o r   o l m a m a l ı   m ı y d ı m
s ü z ü y o r   o l m a y a c a k t ı
s ü z m ü ş   o l a c a k l a r   m ı
s ü z ü y o r   o l a c a k   m ı y ı z
s ü z e c e k   m i y d i n
s ü z m e d i   m i y d i n i z
s ü z e r   o l m a y a c a k   m ı y m ı ş ı m
s ü z e r l e r
s ü z m ü y o r   m u y d u
s ü z e c e k   o l m a y a c a k s ı n ı z
s ü z ü y o r   m u y m u ş u m
s ü z m ü y o r m u ş s u n u z
s ü z e c e k l e r m i ş
s ü z e c e k   o l a c a k s ı n ı z
s ü z m ü ş ü m
s ü z ü y o r   o l a c a k   m ı y m ı ş ı z
s ü z m e m i ş   m i y m i ş s i n i z
s ü z m e d i y d i n
s ü z m e y e c e k m i ş s i n i z
s ü z m e m i ş m i ş s i n
s ü z ü y o r   o l m a l ı   m ı y d ı n
s ü z e c e k   o l m a y a c a k m ı ş
s ü z m e z   m i y m i ş i m
s ü z ü y o r   o l a c a k t ı
s ü z d ü l e r   m i
s ü z m ü ş   m ü y ü z
s ü z m ü y o r d u k
s ü z m ü ş s ü n ü z
s ü z ü y o r   o l m a m a l ı   m ı y m ı ş ı z
s ü z ü y o r   o l m a l ı l a r   m ı y m ı ş
s ü z m e d i n   m i
s ü z m ü y o r l a r   m ı
s ü z m e m i ş   m i s i n i z
s ü z m ü ş l e r d i
s ü z ü y o r   o l a c a k   m ı y ı m
s ü z e c e k   o l a c a k   m ı y m ı ş
s ü z m ü ş   o l a c a k   m ı y d ı
s ü z m ü y o r   m u s u n u z
s ü z m e y e c e k t i m
s ü z ü y o r   m u y m u ş
s ü z e r d i k
s ü z ü y o r   o l m a m a l ı s ı n ı z
s ü z m e d i n
s ü z m ü y o r l a r   m ı y m ı ş
s ü z e r   o l a c a k m ı ş s ı n ı z
s ü z e r l e r d i
s ü z m e l i   m i s i n
s ü z e r m i ş i z
s ü z e c e k   o l a c a ğ ı z
s ü z m e m i ş   m i y m i ş i m
s ü z m ü y o r   m u y u m
s ü z ü y o r   o l m a z   m ı y d ı k
s ü z d ü n ü z
s ü z m ü ş   o l m a y a c a k   m ı
s ü z e c e k   o l a c a k l a r
s ü z d ü l e r
s ü z ü y o r   o l m a y a c a k m ı ş ı m
s ü z e r   m i y i z
s ü z m ü y o r   m u y m u ş
s ü z ü y o r   o l m a y a c a k   m ı y d ı n
s ü z e c e k   m i y d i m
s ü z e c e k m i ş i z
s ü z m e l i   m i y m i ş i z
s ü z e c e k   o l m a y a c a k m ı ş ı z
k u r b a ğ a c ı k l a r ı m ı z d a n
d e ğ i ş e c e k   o l a c a k l a r   m ı
s ü z ü y o r   o l a c a k l a r   m ı y d ı
t e k i l   k a l ı b ı n ı z ı
d e ğ i ş m i ş   o l m a y a c a k   m ı s ı n
d e ğ i ş i y o r   o l a c a k l a r   m ı y d ı
p a r ç a l a n ı r l a r   m ı y d ı
d e ğ i ş i y o r   o l m a m a l ı   m ı y d ı
s e r p e c e k   o l a c a k   m ı s ı n ı z
s e r p i y o r   o l m a z   m ı y d ı n ı z
s e r p e c e k   o l a c a k l a r   m ı y m ı ş
d e ğ i ş i y o r   o l m a l ı   m ı s ı n
s e r p e c e k   o l m a y a c a k m ı ş ı z
d ü z e n l e n e b i l i r l i ğ i m i z
d e ğ i ş e c e k   o l a c a k   m ı y m ı ş ı m
s ü z ü y o r   o l m a y a c a k   m ı s ı n
m i l y o n e r i n d e n
a y r ı m c ı l ı k l a r ı m ı z d a n
s e r p i y o r   o l m a m a l ı y m ı ş s ı n
d ü z e n l e n e b i l i r l i ğ i n i z
d ü z e n l e n e b i l i r l i ğ i n e
s e r p i y o r   o l a c a k m ı ş s ı n ı z
s e r p i y o r   o l m a m a l ı   m ı y d ı n
g ö ç e c e k   o l m a y a c a k m ı ş s ı n
s ü z e c e k   o l m a y a c a k   m ı y m ı ş
d e ğ i ş i y o r   o l m a m a l ı y d ı k
s e r p i y o r   o l m a y a c a k   m ı s ı n
d ü z e n l e n e b i l i r l i ğ i m i z i
s e r p i y o r   o l a c a k l a r   m ı y d ı
g ö ç ü y o r   o l m a y a c a k l a r   m ı y d ı
d e ğ i ş i y o r   o l m a m a l ı y d ı m
s ü z ü y o r   o l m a l ı   m ı y m ı ş s ı n
s e r p e c e k   o l a c a k m ı ş s ı n ı z
s e r p i y o r   o l m a y a c a k   m ı y m ı ş
s ü z ü y o r   o l m a y a c a k   m ı y d ı k
s e r p m i ş   o l m a y a c a k   m ı y d ı n
g ö ç ü y o r   o l m a y a c a k   m ı s ı n ı z
g ö ç ü y o r   o l m a m a l ı l a r   m ı y d ı
s ü z ü y o r   o l m a m a l ı   m ı y m ı ş s ı n
s ü z e r   o l m a y a c a k   m ı y m ı ş s ı n
d e ğ i ş i y o r   o l m a y a c a k   m ı y ı m
ç i z g i y m i ş l e r
d e ğ i ş e c e k   o l m a y a c a k   m ı y m ı ş ı z
a y r ı m c ı l ı k m ı ş s ı n
a y r ı m c ı l ı k l a r s ı n ı z
a y r ı m c ı l ı k m ı ş ı z
d e ğ i ş i y o r   o l m a y a c a k   m ı s ı n
s ü z m e z l e r   m i y m i ş
s ü z ü y o r   o l m a y a c a k l a r   m ı y d ı
d ü z e n l e n e b i l i r l i ğ i n i z d e
d ü z e n l e n e b i l i r l i k l e r i
s ü z ü y o r   o l u r l a r d ı
s e r p e c e k   o l m a y a c a k m ı ş s ı n
s e r p i y o r   o l m a y a c a k l a r   m ı
d e ğ i ş e c e k   o l a c a k m ı ş s ı n ı z
g ö ç ü y o r   o l m a m a l ı y m ı ş s ı n ı z
d e ğ i ş i y o r   o l m a y a c a k l a r   m ı
s ü z ü y o r   o l m a l ı   m ı y m ı ş s ı n ı z
p a r ç a l a n a c a k   o l m a y a c a ğ ı z
d e ğ i ş i y o r   o l m a l ı   m ı y m ı ş ı z
d e ğ i ş m e y e c e ğ i z
d e ğ i ş m i ş   o l a c a k   m ı y ı z
d e ğ i ş i y o r   o l m a m a l ı   m ı y d ı k
d e ğ i ş m i ş l e r d i
d e ğ i ş i y o r   o l m a l ı y ı z
d e ğ i ş i r m i ş s i n i z
d e ğ i ş e c e k   m i y i m
d e ğ i ş i y o r   o l a c a k m ı ş ı z
d e ğ i ş m i ş   o l m a y a c a k   m ı y d ı m
d e ğ i ş m e l i   m i s i n
d e ğ i ş m e z   m i y m i ş i m
d e ğ i ş i y o r   o l m a y a c a k   m ı y ı z
d e ğ i ş e c e k   o l a c a k   m ı y m ı ş
d e ğ i ş e c e k s i n i z
d e ğ i ş i r   o l a c a k   m ı y m ı ş s ı n
d e ğ i ş m i ş s i n i z
d e ğ i ş i y o r   o l m a y a c a k t ı
d e ğ i ş i r   m i s i n
d e ğ i ş i r   o l m a y a c a k m ı ş s ı n
d e ğ i ş i r   m i y d i k
d e ğ i ş m e l i y m i ş i m
d e ğ i ş m e z   m i s i n i z
d e ğ i ş e c e k   o l m a y a c a k l a r   m ı y m ı ş
d e ğ i ş m e d i n   m i
d e ğ i ş m i y o r s u n
d e ğ i ş m i ş   o l m a y a c a k t ı m
d e ğ i ş m i ş m i ş s i n
d e ğ i ş i y o r   o l m a m a l ı y m ı ş ı z
d e ğ i ş m i y o r   m u y m u ş u m
d e ğ i ş t i l e r
d e ğ i ş i y o r   o l m a z d ı n
d e ğ i ş i r   o l a c a k m ı ş s ı n ı z
d e ğ i ş i y o r   o l m a m a l ı l a r
d e ğ i ş i r   o l m a y a c a k m ı ş
d e ğ i ş m e z   m i y d i
d e ğ i ş i y o r   o l a c a k   m ı y m ı ş
d e ğ i ş i y o r   o l a c a k   m ı y d ı k
d e ğ i ş m i ş   o l a c a k   m ı y d ı
d e ğ i ş e c e k   o l m a y a c a k l a r   m ı
d e ğ i ş i r d i m
d e ğ i ş e c e k   m i y d i m
d e ğ i ş i y o r   o l m a y a c a k   m ı y d ı
d e ğ i ş i y o r   o l m a y a c a k   m ı y d ı n
d e ğ i ş e c e k   o l m a y a c a k s ı n ı z
d e ğ i ş i y o r   o l a c a k m ı ş s ı n
d e ğ i ş i y o r   o l m a l ı y m ı ş s ı n
d e ğ i ş m i y o r   m u y m u ş
d e ğ i ş e c e k   o l m a y a c a k l a r
d e ğ i ş i y o r   o l m a y a c a k   m ı y d ı m
d e ğ i ş m e l i   m i y m i ş s i n
d e ğ i ş m e y e c e k   m i s i n i z
d e ğ i ş m e l i   m i y d i k
d e ğ i ş m e m i ş
d e ğ i ş m i ş   o l a c a k t ı n
d e ğ i ş m e z   m i y d i k
d e ğ i ş m e m e l i y i z
d e ğ i ş m e z   m i y i z
d e ğ i ş i y o r   o l m a m a l ı y d ı n ı z
d e ğ i ş m e z m i ş i z
d e ğ i ş i r   o l m a y a c a k   m ı y m ı ş
d e ğ i ş i y o r   o l m a z   m ı y d ı k
d e ğ i ş m i y o r   m u y d u
d e ğ i ş i y o r   m u y u z
d e ğ i ş i y o r   o l a c a k   m ı y ı z
d e ğ i ş m i y o r
d e ğ i ş m e m i ş   m i y d i k
d e ğ i ş m e y e c e k t i n
d e ğ i ş e c e k   o l a c a k   m ı y m ı ş ı z
d e ğ i ş e c e k   o l a c a ğ ı z
d e ğ i ş m i y o r   m u y u m
d e ğ i ş i y o r   o l u r l a r   m ı y d ı
d e ğ i ş i y o r   o l m a z   m ı y d ı n
d e ğ i ş e c e k   m i s i n i z
d e ğ i ş m e y e c e k t i m
d e ğ i ş e c e k   o l m a y a c a k   m ı y m ı ş ı m
d e ğ i ş m e m e l i s i n i z
d e ğ i ş i y o r   o l m a y a c a k m ı ş s ı n
d e ğ i ş m e m i ş   m i y m i ş s i n i z
d e ğ i ş m e y e c e k   m i y i m
d e ğ i ş m e m e l i l e r d i
d e ğ i ş i y o r   o l u r   m u y d u n u z
d e ğ i ş i y o r   o l m a l ı   m ı y d ı n ı z
d e ğ i ş i y o r   o l a c a k l a r   m ı y m ı ş
d e ğ i ş i y o r   o l m a l ı y m ı ş s ı n ı z
d e ğ i ş i y o r   o l a c a k   m ı y m ı ş s ı n
s ü z ü y o r   o l m a y a c a k   m ı y m ı ş s ı n
d e ğ i ş i y o r   o l m a y a c a k l a r   m ı y d ı
d e ğ i ş i y o r   o l m a m a l ı l a r   m ı y m ı ş
s e r p e c e k   o l a c a k   m ı y m ı ş s ı n ı z
d ü z e n l e n e b i l i r l i k t e n
s ü z ü y o r   o l m a y a c a ğ ı m
g ö ç e c e k   o l m a y a c a k   m ı y m ı ş ı z
d ü z e n l e n e b i l i r l i k l e r i n i z i
s e r p e c e k   o l m a y a c a k   m ı y m ı ş s ı n
d ü z e n l e n e b i l i r l i k l e r i n d e n
p a s k a l y a   t a v ş a n ı n a
d e ğ i ş i r   o l m a y a c a k l a r   m ı y m ı ş
a l f a   s ü r ü m ü n u
d e ğ i ş i r   o l m a y a c a k   m ı y m ı ş ı z
d e ğ i ş i y o r   o l m a y a c a k   m ı y d ı n ı z
d e ğ i ş m i ş   o l m a y a c a k   m ı y d ı n ı z
s e r p e c e k   o l m a y a c a k   m ı y m ı ş s ı n ı z
s ü z ü y o r   o l m a y a c a k   m ı y m ı ş s ı n ı z
b a m y a l a r s ı n ı z
b a m y a l a r d ı n
b a m y a l a r d ı
a y r ı m c ı l ı k m ı ş l a r
g ö ç m e y e c e ğ i z
g ö ç m ü ş s ü n ü z
g ö ç ü y o r   o l a c a k   m ı y d ı n ı z
g ö ç m e z   m i y d i k
g ö ç ü y o r   o l a c a k s ı n ı z
g ö ç e r   m i s i n
g ö ç e c e k t i n i z
g ö ç m e d i y d i n i z
g ö ç ü y o r   o l m a l ı   m ı y ı m
g ö ç ü y o r   o l m a m a l ı l a r
g ö ç e r l e r
g ö ç m ü ş   o l m a y a c a k t ı m
g ö ç e c e k   o l a c a k m ı ş ı m
g ö ç e c e k   m i y d i n
g ö ç ü y o r   o l m a l ı   m ı y d ı
g ö ç m e l i   m i y d i m
g ö ç e c e k   o l a c a k   m ı y m ı ş ı m
a y r ı m c ı l ı k l a r ı n ı
d e n e y i m l e r i m i z
s ü z ü y o r   o l a c a k l a r
d e ğ i ş i y o r   o l m a y a c a ğ ı z
g ö ç m e m i ş l e r   m i y m i ş
m i l y o n e r l e r d i n
m i l y o n e r m i ş
s e r p m i ş l e r   m i y m i ş
