d e ğ i ş i r s i n
y e r l e r i n i z i
a y r ı m c ı l ı k l a r m ı ş s ı n
s ü z m e m e l i s i n
d e n e y i m i n i z i
g ö ç m e d i   m i y d i n
s e r p m i ş i m
s ü z ü y o r   o l a c a ğ ı m
s e r p m i ş   m i y i m
ç i z g i l e r i n d e n
y e r l e r i n i n
m a k i n e l e r
d ü z e n l e n e b i l i r l i ğ i n d e n
ü z g ü n   m ü y d ü n ?
p a r ç a l a n ı r   o l a c a k m ı ş ı z
ö ğ ü t ü c ü l e r d e
p a r ç a l a n ı r   o l a c a k m ı ş
ü z g ü n   d e ğ i l m i ş
ö ğ ü t ü c ü y m ü ş s ü n ü z
s e r p m i y o r m u ş u m
b a m y a n a
g ö ç e r   o l m a y a c a k l a r   m ı y m ı ş
d e ğ i ş m e l i s i n i z
a v u k a t l a r m ı ş s ı n ı z
s ü z m ü y o r   m u y d u m
g ö ç ü y o r   o l m a z d ı n ı z
s e r p m e z m i ş i z
g ö ç ü y o r   o l m a y a c a k m ı ş s ı n
k e f a l e t l e r
p a r ç a l a n
p a r ç a l a n a c a k   o l m a y a c a k m ı ş
s ü z m e y e c e k t i
g ö ç ü y o r   o l m a y a c a k m ı ş ı m
p a r ç a l a n m a l ı y m ı ş ı m
y e r i n
m a k i n e l e r i n d e n
a v u k a t l a r m ı ş
s e r p e r   o l m a y a c a k l a r m ı ş
g ö ç e r
p a r ç a l a n m ı ş   o l m a y a c a k t ı n ı z
s e r p i y o r   o l m a y a c a k   m ı y d ı k
b a k i r e s i n i z
e r n e k t i k
p e n i s l e r i n i z d e
d e ğ i ş i y o r   o l u r d u n u z
m a k i n e l e r i n i
g ö ç ü y o r   o l m a y a c a k   m ı y m ı ş s ı n ı z
d e ğ i ş m i ş   o l a c a k t ı n ı z
e r n e k t i l e r
k a t e g o r i l e r i n d e
p a r ç a l a n ı y o r   o l a c a k   m ı y d ı k
ö ğ ü t ü c ü s ü n d e n
d e ğ i ş m e m i ş   m i y d i n i z
s ü z ü y o r   o l m a m a l ı y d ı m
y a n   t ü m c e s i n e
ö r d e ğ i m i z
s ü z m e m i ş   m i y d i k
h e n d e s e m i z e
s ü z ü y o r   o l m a l ı y d ı m
d e ğ i ş m i ş t i n i z
b ü s t l e r d e n
s ü z ü y o r   o l m a z d ı n ı z
s e r p i y o r   o l m a l ı y m ı ş s ı n
m a k i n e m i z
d e ğ i ş m i ş t i
g ö ç m e m e l i y d i k
u s u l d a
s e r p m e z
p a r ç a l a n a c a k   m ı y d ı
s e r p i y o r   o l m a l ı y m ı ş s ı n ı z
g ö ç e r d i
d e ğ i ş i y o r   m u y d u
s e r p m e y e c e k m i ş i z
s e r p i y o r   o l a c a k s ı n
s ü z e c e k   o l a c a k m ı ş ı z
i s t i r i d y e l e r d e n
s ü z ü y o r   o l m a y a c a k m ı ş
h e n d e s e l e r i n d e
d e ğ i ş i y o r   o l m a m a l ı   m ı y m ı ş s ı n ı z
s ü z e c e k   o l m a y a c a ğ ı z
s e r p e r l e r
t e k i l   k a l ı b ı
a y r ı m c ı l ı k l a r ı n a
p a r ç a l a n m a l ı   m ı y d ı m
p a r ç a l a n m e l i l e r
s ü z ü y o r   o l m a y a c a k m ı ş s ı n ı z
i s t i r i d y e m i z d e
s e r p m e m i ş
g ö ç m e y i n i z
p a r ç a l a n ı y o r   o l a c a k m ı ş s ı n ı z
y a n   t ü m c e y e
s ü z ü y o r   o l m a l ı y ı z
p a s k a l y a   t a v ş a n l a r ı n d a
m a k i n e l e r i n i z i
m a k i n e l e r i m i z d e n
d e ğ i ş m e y e c e k l e r d i
t o p o l o j i m i z d e n
ç i z g i l e r i m i z d e
s e r p m i ş   o l a c a k   m ı y ı z
y e r d e
k e f a l e t i n i z
m a k i n e l e r i
d e ğ i ş i y o r u z
s e r p e c e k   m i y d i n
s e r p m e l i   m i y m i ş s i n i z
p a r ç a l a n m a z m ı ş ı z
s e r p m e m i ş s i n i z
d e ğ i ş i y o r   o l m a l ı y m ı ş
p a r ç a l a n m a m ı ş l a r
s e s t e ş i m i z
ç i z g i d e
k e f a l e t l e r i n i
p a r ç a l a n ı r   o l m a y a c a k m ı ş s ı n ı z
s e r p m i y o r   m u y m u ş s u n
ç i z g i l e r
k u r b a ğ a c ı k l a r ı
m i l y o n e r l e r i n d e
p a r ç a l a n m e l i   m i y i z
g ö ç m ü ş   o l a c a k   m ı y ı m
ü z g ü n   d e ğ i l   m i y m i ş s i n i z ?
s e r p i y o r   o l u r d u
b a m y a
e r n e k l e r s i n
d e ğ i ş i y o r   m u y m u ş s u n u z
t o p o l o j i l e r i n i n
s ü z ü y o r   o l m a m a l ı y d ı n ı z
s e r p m i ş   o l m a y a c a k   m ı s ı n
y a n   t ü m c e n i z i n
ç i z g i n i z i
m a k i n e l e r e
s e r p m e y e c e k l e r   m i y d i
ö r d e k l e r i n i z i n
s e r p e c e k l e r   m i y d i
t e c r i d i m i z d e n
e r n e k l e r
d e ğ i ş m e y e c e k   m i y m i ş i z
d e ğ i ş m i ş m i ş i m
p a r ç a l a n ı y o r   o l a c a ğ ı m
k u r b a ğ a c ı ğ ı n ı z d a
g ö ç m e d i n i z
b a m y a l a r ı n ı z d a
p a r ç a l a n m ı ş   o l a c a k s ı n
p a r ç a l a n ı y o r   o l a c a k   m ı y m ı ş
s e r p i y o r   m u y m u ş u m
g ö ç m e d i m
s e r p i y o r d u n
s ü z m e m e l i s i n i z
d e ğ i ş m e m e l i y m i ş s i n
p a r ç a l a n ı r l a r
s ü z m e l i   m i y m i ş i m
p a r ç a l a n ı y o r   o l a c a k l a r m ı ş
b a m y a n ı z ı
b a k i r e l e r d e n
s ü z ü y o r l a r d ı
k a t e g o r i m i z
s ü z ü y o r   o l m a y a c a k t ı n
t e k i l   k a l ı p l a r d a
a l f a   s ü r ü m ü
d e ğ i ş m i y o r l a r m ı ş
s e r p i y o r u m
b a k i r e l e r i n
s ü z m e d i k   m i
s e r p e c e k   m i y m i ş s i n
s e r p m e m i ş   m i y i m
b ü s t l e r i n e
a y r ı m c ı l ı k l a r ı n ı z d a n
s ü z ü y o r   o l m a m a l ı   m ı y m ı ş
d e ğ i ş i n i z
e r n e k t i
p a r ç a l a n ı y o r   m u y d u n
a y r ı m c ı l ı k d ı l a r
p a r ç a l a n m ı ş   o l m a y a c a k l a r d ı
ç i z g i l e r i n d e
d e ğ i ş m i ş   o l m a y a c a k l a r   m ı y d ı
y a n   t ü m c e l e r i m i z i
s e r p i y o r   o l m a y a c a k s ı n
d e ğ i ş m e l i
b a m y a y m ı ş s ı n
g ö ç e c e k   m i y m i ş i m
m i l y o n e r l e r d e n
d e ğ i ş i y o r   o l a c a k   m ı s ı n
g ö ç m ü ş   o l a c a k s ı n ı z
b a m y a l a r
p a r ç a l a n ı r l a r d ı
d e ğ i ş i y o r   o l m a l ı l a r d ı
s e r p i y o r   o l m a y a c a k m ı ş ı m
p a r ç a l a n a c a k   o l m a y a c a k   m ı y ı m
d e ğ i ş m e z s i n i z
s ü z m ü ş   o l a c a k t ı
p a r ç a l a n m a z l a r   m ı y m ı ş
g ö ç e c e k   o l a c a k   m ı y ı m
g ö ç e r   o l a c a k   m ı y m ı ş s ı n ı z
ö r d e ğ i n i z d e
ö ğ ü t ü c ü y d ü n ü z
p a r ç a l a n ı y o r   o l m a z   m ı y d ı n ı z
g ö ç e r   o l m a y a c a k   m ı y m ı ş ı m
k a t e g o r i l e r i n
s ü z m ü ş   o l m a y a c a k   m ı y ı m
p a r ç a l a n m a m a l ı l a r   m ı y d ı
p a r ç a l a n m ı ş   o l a c a k
m i l y o n e r l e r d i
y e r l e r m i ş s i n i z
ö ğ ü t ü c ü l e r e
b ü s t ü n ü n
g ö ç e c e k t i
d e n e y i m i n i z e
s ü z m ü y o r
d ü z e n l e n e b i l i r l i k l e r e
d e ğ i ş m i y o r   m u s u n
t o p o l o j i y e
p e n i s i m i z e
m e f h u m u n u n
p a r ç a l a n m a z m ı ş s ı n
s e r p e c e k   o l m a y a c a k m ı ş
g ö ç e c e k   o l m a y a c a k l a r   m ı y m ı ş
p a r ç a l a n ı y o r   o l a c a k m ı ş
p a r ç a l a n m a m ı ş ı m
g ö ç e c e k
b a k i r e l e r i n d e n
s ü z m e d i
d e ğ i ş m e z   m i y d i n
t e c r i t l e r i m i z i n
g ö ç m e m e l i y d i n i z
s e r p m e d i l e r   m i
s e r p e r   o l m a y a c a k m ı ş ı m
s ü z e c e k   m i s i n
y e r l e r
ü z g ü n   d e ğ i l
ç i z g i n i z i n
s e r p e c e k   m i y i z
s e r p e r   m i y d i m
ö r d e k l e r i n d e
p a r ç a l a n ı r   o l m a y a c a k m ı ş ı m
s e r p m e d i   m i y d i
p a r ç a l a n m a y a c a k   m ı s ı n
s ü z m ü ş   o l a c a k
a y r ı m c ı l ı ğ ı m ı z a
k u r b a ğ a c ı k l a r ı n ı z ı
ö ğ ü t ü c ü y m ü ş ü m
s e r p m e z s i n i z
p a r ç a l a n ı y o r   o l m a m a l ı   m ı y m ı ş ı z
s e r p e r l e r d i
s e r p e c e k   m i y d i m
y a n   t ü m c e n i z d e n
s e r p t i l e r
d ü z e n l e n e b i l i r l i k l e r i m i z d e n
s e r p e r   o l m a y a c a k   m ı y m ı ş s ı n
m a k i n e l e r i n
s e r p i y o r   o l m a z d ı m
s e r p m i y o r m u ş
s e r p m i ş m i ş s i n
b a k i r e y m i ş i m
ö r d e ğ i n i z d e n
g ö ç ü y o r   m u s u n
d e ğ i ş i r   m i y i m
s ü z m ü y o r s u n u z
d e ğ i ş m e l i y d i n
s ü z e r l e r   m i y d i
m i l y o n e r i n i z i
g ö ç m e y e c e k   m i
d e ğ i ş t i l e r   m i
k a t e g o r i m i z i
k a t e g o r i l e r i
k a t e g o r i l e r i
s ü z m ü ş   m ü y d ü m
s ü z ü y o r   m u y u z
p a r ç a l a n ı r ı m
y e r l e r i m i z d e
t o p o l o j i n d e n
ö ğ ü t ü c ü l e r m i ş
m e f h u m l a r ı n
b a k i r e m i z d e n
k a t e g o r i n e
e r n e k l e r i n d e n
k a t e g o r i n d e n
y e r l e r m i ş s i n
ö ğ ü t ü c ü l e r i n e
ö ğ ü t ü c ü l e r i n i
k a t e g o r i n i z e
g ö ç e r   m i s i n i z
e r n e k l e r i m i z
g ö ç m e z   m i y m i ş
s ü z e r   m i s i n i z
s e r p m e y e c e k t i
b a k i r e l e r i n i
y a n   t ü m c e m i z d e
s e r p e c e k t i n i z
s e r p e c e k s i n i z
s ü z m ü ş   m ü y m ü ş
b a k i r e l e r d i n
b ü s t l e r i n d e n
ö ğ ü t ü c ü l e r d i m
e r n e ğ i m i z d e n
b a m y a l a r ı n d a
t e c r i d i n i z i n
a y r ı m c ı l ı k d ı k
b a k i r e y m i ş s i n
b ü s t l e r i m i z i
g ö ç m ü ş   o l a c a k t ı n
d e ğ i ş m e m i ş l e r   m i
g ö ç m e z   m i y d i k
s ü z m e l i   m i y d i
s ü z ü y o r   m u y u m
t o p o l o j i m i z e
d e ğ i ş m i ş l e r d i
s e r p m i ş   m i s i n
s e r p m e z l e r   m i
s e r p m e z   m i y i z
s e r p m e z   m i s i n
p a r ç a l a n ı r d ı
s ü z m e z   m i y d i n
s e r p e r   m i y m i ş
s e s t e ş l e r i n i
m a k i n e l e r i n d e
s ü z ü y o r   o l a c a k l a r d ı
d e ğ i ş m i y o r l a r d ı
s ü z m e d i   m i y d i k
ç i z g i l e r i n i z
s ü z m ü ş l e r   m i y d i
t o p o l o j i s i n e
t o p o l o j i l e r i
g ö ç e c e k l e r   m i
b a m y a l a r ı m ı z
m e f h u m l a r ı n ı
s e r p e r   m i y d i n
m e f h u m l a r ı n ı
s e r p e r   m i y d i k
ö r d e k l e r i n e
m i l y o n e r l e r i
b a k i r e l e r m i ş
b a k i r e l e r s i n
m e f h u m l a r ı n a
b a k i r e l e r d i m
d e ğ i ş m e m e l i y d i
m i l y o n e r i n i z
s e r p m e l i y d i k
t e c r i t l e r i n i
s ü z d ü y d ü n ü z
b a k i r e y m i ş l e r
m i l y o n e r i m i z
ö r d e k l e r i n i
s e r p m e l i y d i n
s e r p m e l i l e r d i
ö r d e k l e r i n i
s e r p e r l e r m i ş
s e r p e c e k l e r d i
s ü z d ü k   m ü
b a k i r e d e n
b a m y a l a r ı n d a n
d e ğ i ş m e l i y i z
s ü z d ü   m ü y d ü n
p a r ç a l a n d ı m
p a r ç a l a n d ı   m ı
g ö ç e c e k m i ş i z
i s t i r i d y e n
ö ğ ü t ü c ü m ü z d e
p e n i s l e r i m i z
p e n i s l e r i n d e
p e n i s l e r i n i z
g ö ç ü y o r   m u y u z
p e n i s l e r i n i n
g ö ç m ü ş   m ü y ü m
a v u k a t m ı ş s ı n ı z
s e s t e ş i n i z i
d e ğ i ş m i y o r u m
g ö ç ü y o r d u n u z
s e r p m i ş m i ş i z
s e r p m i ş   m i y d i
t e k i l   k a l ı b ı
t o p o l o j i n i z i
m a k i n e l e r i n i n
g ö ç m ü ş m ü ş ü z
t e c r i t l e r i n e
b a m y a s ı n d a n
t e c r i d i n e
m e f h u m l a r a
s e r p m e m e l i   m i
d e ğ i ş m e d i n   m i
ö r d e ğ i m i z d e
d e ğ i ş m e d i l e r
k a t e g o r i y i
k e f a l e t i n i z i
ç i z g i l e r d i r
g ö ç ü y o r   m u y d u
d e ğ i ş i y o r m u ş
b a k i r e l e r m i ş
i s t i r i d y e n i n
b a m y a n ı z d a n
k a t e g o r i s i n i n
s e s t e ş i n i z i n
k a t e g o r i d e n
s e r p m i ş l e r   m i
y e r l e r i n d e n
e r n e k l e r i n d e
m a k i n e n i z d e n
ö ğ ü t ü c ü n ü z d e
y a n   t ü m c e m i z i
s ü z m e z   m i y d i k
k a t e g o r i n d e
b a m y a s ı n ı z
g ö ç e r m i ş s i n
k a t e g o r i s i n d e
g ö ç m e z l e r m i ş
t o p o l o j i m i z i
y e r i n i z d e n
t o p o l o j i s i n i n
m e f h u m u m u z d a
h e n d e s e l e r i n
i s t i r i d y e s i n i
m a k i n e n e
b a m y a l a r d ı k
d e ğ i ş m i y o r m u ş s u n
s e r p i y o r   o l a c a ğ ı z
m i l y o n e r i n i n
g ö ç m e d i y d i n
p a r ç a l a n m a z
ç i z g i y m i ş i m
h e n d e s e n i z e
b a k i r e n i z d e
b ü s t l e r i m i z
k a t e g o r i n i z
t e c r i d i n d e n
a v u k a t ı n ı z d a
y a n   t ü m c e n i z e
s e r p m e m e l i y d i
e r n e ğ i m i z i n
ö r d e ğ i n d e n
s ü z ü y o r   o l m a y a c a ğ ı z
d e ğ i ş i r l e r d i
s e r p e r l e r   m i
b ü s t l e r i n d e
g ö ç e r   m i y d i n
s ü z m ü y o r s u n
s ü z e r   m i y d i k
g ö ç m ü y o r l a r
d e ğ i ş i y o r d u m
d e ğ i ş i y o r s u n
s e r p i y o r   o l m a l ı l a r
d e ğ i ş m i y o r d u
ç i z g i n i z d e n
a v u k a t ı n d a n
s ü z e r   m i y d i n
e r n e ğ i n i z d e
s ü z m e d i l e r   m i
h e n d e s e l e r i
d e n e y i m l e r i n
b a m y a l a r d ı n
y a n   t ü m c e l e r e
k a t e g o r i n i n
a v u k a t t ı n ı z
y a n   t ü m c e y i
m a k i n e l e r i n e
s e r p m e l i y i m
m i l y o n e r d i k
m a k i n e l e r i n e
d e ğ i ş e c e k l e r
p a r ç a l a n a c a k
s ü z m e l i y d i n
s e s t e ş i m i z i
ç i z g i l e r i n e
s ü z ü y o r   m u y d u n
ç i z g i l e r d i k
ç i z g i l e r m i ş
ç i z g i l e r i n i
ç i z g i l e r m i ş
b a m y a l a r a
b ü s t ü m ü z d e n
y e r l e r d i n i z
s ü z d ü   m ü y d ü
ö ğ ü t ü c ü l e r d i
d e ğ i ş m e z m i ş i m
d e ğ i ş m e m i ş t i m
y e r i n i z d e
s ü z e c e k   o l a c a k   m ı
s ü z m e m e l i y m i ş s i n
d e ğ i ş m e z d i m
s e r p e r   m i s i n
s e r p e r m i ş i z
s e r p e r   m i y i z
t o p o l o j i n i z
t o p o l o j i n i n
ö r d e ğ i n i z i
e r n e k l e r m i ş
ö r d e ğ i m i z i
s e s t e ş l e r i n
g ö ç m e d i l e r d i
t e c r i t l e r d e
s ü z m e d i m   m i
y e r l e r m i ş i m
s ü z m e z d i n i z
t e c r i d i n i z i
m i l y o n e r l e r
b ü s t ü n ü z ü n
a v u k a t l a r d ı k
s e r p m e d i y d i n
s e r p m e d i y d i k
s e r p i y o r   m u s u n
y a n   t ü m c e n i z
b a k i r e n e
s e r p m e m e l i s i n
a v u k a t l a r d ı m
m i l y o n e r d e n
g ö ç m e l i y d i m
b a m y a m ı z ı n
m i l y o n e r l e r
s ü z e r   m i y m i ş i z
s e r p m e l i y d i m
k u r b a ğ a c ı ğ ı
d e ğ i ş m e l i   m i
d e ğ i ş m e m i ş i m
i s t i r i d y e n i
s e s t e ş i n i z d e n
a v u k a t l a r s ı n
d e ğ i ş m e m i ş t i k
d e ğ i ş t i n i z
p e n i s l e r d e n
p e n i s i n i z i n
b a m y a s ı n a
p e n i s l e r i n i
p e n i s l e r i n i
y e r i n i z i n
g ö ç m e m i ş   m i
p e n i s l e r i n e
d e ğ i ş m i ş t i n
ö ğ ü t ü c ü y d ü k
d e ğ i ş e c e k   m i
m e f h u m u n u z
s e r p t i n i z   m i
ö r d e k l e r i n i z
k u r b a ğ a c ı ğ ı n
t e c r i d i m i z i
h e n d e s e l e r d e
a v u k a t ı n ı z a
s e s t e ş i m i z d e n
s ü z ü y o r m u ş u m
d e ğ i ş i r   m i y i z
s ü z m e m e l i y d i m
d e ğ i ş m e y e c e ğ i z
s ü z m e z   m i y i z
s e s t e ş l e r i n e
b a k i r e l e r i z
s e r p m e d i k   m i
s e r p i y o r s u n
b a k i r e m i z e
b a k i r e n d e n
h e n d e s e n i z d e n
t e c r i t l e r i n
b a m y a y m ı ş l a r
b a k i r e n i z i
d e n e y i m l e r i
y a n   t ü m c e s i
t o p o l o j i n i
ö ğ ü t ü c ü l e r i
b a k i r e l e r e
s ü z m ü ş l e r d i
m a k i n e m i z i n
e r n e k m i ş i z
e r n e k l e r i n i
k a t e g o r i s i n i
e r n e k l e r i n e
e r n e k l e r i n e
e r n e k m i ş i m
b ü s t ü m ü z d e
ç i z g i l e r i n i n
t e c r i d i n e
g ö ç e r   m i s i n
m e f h u m u n u n
s ü z e r s i n i z
s ü z m e m e l i y m i ş i m
d e ğ i ş m i y o r u z
k u r b a ğ a c ı k
a v u k a t ı m ı z a
g ö ç m ü y o r d u k
s ü z ü y o r d u n u z
s ü z m e m i ş   m i
ç i z g i l e r i n i n
s e r p m e y e c e k
h e n d e s e l e r
g ö ç t ü n ü z   m ü
d e ğ i ş m e m i ş l e r
d e n e y i m l e r d e
b a m y a n ı z d a
s e r p m e z   m i y i m
b a k i r e y m i ş
s ü z m e l i   m i y i z
m e f h u m l a r d a
d e ğ i ş m i ş   o l a c a ğ ı m
m e f h u m u m u z a
g ö ç m ü y o r m u ş
e r n e k l e r d i m
d e ğ i ş m i ş l e r   m i
s ü z m ü ş l e r   m i
b ü s t ü n ü z d e
ö ğ ü t ü c ü l e r i
a y r ı m c ı l ı k
g ö ç e r m i ş i z
d e ğ i ş i y o r l a r   m ı y d ı
ö r d e k l e r i
e r n e ğ i n i z e
d e ğ i ş i r m i ş
b a m y a m ı z ı
g ö ç ü y o r m u ş
s ü z m e z l e r d i
p a r ç a l a n d ı
d e ğ i ş m e m i ş t i
s ü z e r   m i y d i
b a m y a n ı z
b a m y a l a r d ı
s ü z m e m e l i y d i
b ü s t ü n
g ö ç m e d i n   m i
d e ğ i ş m i ş i m
m e f h u m l a r ı
g ö ç m e y e c e k l e r
ç i z g i l e r d e
d e ğ i ş e c e k   o l a c a k m ı ş ı m
s e r p m i ş   o l m a y a c a ğ ı z
t e c r i d i n i z
d e ğ i ş i y o r   o l m a l ı l a r
d e ğ i ş i r d i k
d e ğ i ş m e z s i n
d e ğ i ş i y o r u m
ö ğ ü t ü c ü m ü z
d e ğ i ş t i y d i
b a k i r e y d i k
ö r d e ğ i n d e
d e ğ i ş t i l e r
m a k i n e m i z e
s e r p m i ş   o l m a y a c a ğ ı m
g ö ç m e z l e r d i
h e n d e s e n d e n
ö ğ ü t ü c ü y ü m
s e r p m e z d i k
ö r d e k l e r i n
ç i z g i l e r i m
s e r p m e m i ş s i n
s ü z m e y e c e k t i k
s e r p m e y e c e ğ i m
s e s t e ş i n e
d e ğ i ş e c e k   o l m a y a c a ğ ı m
s ü z d ü l e r d i
b ü s t l e r i n
m e f h u m l a r ı n
a v u k a t l a r d a n
s e s t e ş i m i z i n
d e ğ i ş m e l i l e r
ç i z g i s i n i z
s ü z e r l e r m i ş
p e n i s l e r i n
y a n   t ü m c e l e r i
g ö ç t ü k   m ü
s e s t e ş i n e
p e n i s l e r i n
p e n i s i n i z i
p e n i s l e r d e
p e n i s i n d e n
ö ğ ü t ü c ü l e r
d e ğ i ş m e z d i
ö ğ ü t ü c ü l e r
s e r p m i ş t i k
s e r p m i ş l e r
s e r p m i ş s i n
t e c r i d i n d e n
s ü z m e d i y d i
t e c r i t t e n
s e r p m e m i ş t i n
b a k i r e y i z
s ü z ü y o r m u ş s u n
h e n d e s e s i n i n
b a k i r e l e r
b a k i r e n i z
d e ğ i ş i y o r l a r
ç i z g i l e r i n
b a k i r e m i z
b a k i r e s i n i n
b a m y a n ı
b a k i r e l e r
ö ğ ü t ü c ü n d e
s ü z d ü y d ü n
m i l y o n e r d i
y a n   t ü m c e s i n i
h e n d e s e n i
ç i z g i l e r i n
s e r p t i y d i n
ç i z g i m i z e
m e f h u m l a r
y e r i n d e n
g ö ç ü y o r d u
ö r d e ğ i n d e n
e r n e k l e r i
g ö ç t ü l e r d i
s e s t e ş i n i
h e n d e s e n d e
b a k i r e l e r i n
y e r m i ş l e r
b a k i r e l e r
g ö ç m e y e c e ğ i z
s ü z m e m i ş m i ş i z
d e ğ i ş m i ş l e r
g ö ç m e m i ş   m i y d i
m a k i n e s i n i
t e c r i d i n d e
s e s t e ş i n d e
s e r p e c e k   m i
y e r l e r i n i
s ü z m e m e l i   m i y d i
e r n e ğ i n d e
b a k i r e s i n d e
ö r d e ğ i n
h e n d e s e
m e f h u m u m u z u
s ü z m ü y o r m u ş
y e r i n d e
m a k i n e n d e
s ü z m e z s i n i z
ç i z g i l e r i
m a k i n e n i z i n
b a m y a l a r ı n
ç i z g i s i n
a v u k a t t ı n
s e r p m e z   m i
s e r p m e m e l i l e r
t e c r i d i n i n
s ü z d ü n   m ü
b ü s t l e r i n i
s ü z m e l i   m i
s ü z m e m i ş t i m
g ö ç m ü ş t ü m
b a m y a l a r ı
e r n e ğ i m i z
e r n e k m i ş s i n
t e c r i d i n d e
b a m y a s ı n ı n
h e n d e s e s i
ç i z g i l e r i
s ü z e r   o l m a y a c a k m ı ş s ı n
d e ğ i ş t i   m i
s e s t e ş i n i
g ö ç m e z d i m
g ö ç m e z d i n
b a m y a y m ı ş
e r n e k l e r i z
m a k i n e n i
g ö ç m ü ş s ü n ü z
s e r p e r d i m
s e r p e r d i n
s e s t e ş i n d e n
y e r l e r d i r
ö r d e k l e r
t e c r i d i n i
s ü z ü y o r s u n
b ü s t l e r d e
e r n e ğ i n d e n
y e r i n i z
g ö ç e c e k   m i
b a k i r e s i
ö r d e ğ i n i n
ö r d e ğ i n i n
m i l y o n e r i
ç i z g i s i n i n
b a m y a n ı n
e r n e k l e r i n
s ü z m e m e l i l e r   m i
d e ğ i ş e c e k t i m
s e s t e ş t e
g ö ç m e m i ş i z
y e r d i l e r
g ö ç e c e ğ i m
g ö ç m ü ş t ü k
d e ğ i ş e c e k m i ş
s ü z m ü ş t ü n
s ü z m e m i ş s i n i z
m e f h u m d a
s ü z m e m i ş i m
p e n i s i m i z
p e n i s i n d e
d e ğ i ş i r   o l a c a k m ı ş ı m
s e r p m i ş t i
s ü z m e m i ş t i k
m a k i n e n i n
g ö ç m e m i ş t i n
s ü z m e m i ş   m i y i m
s ü z m e m i ş   m i y d i m
b a k i r e y e
b a k i r e y i
d e ğ i ş i y o r
g ö ç m e m i ş t i
g ö ç ü y o r u m
s ü z m e m i ş   m i s i n
b a m y a y ı z
d e n e y i m i n i
s ü z m ü ş   m ü s ü n ü z
s e s t e ş i n i z
y e r s i n i z
m i l y o n e r e
g ö ç e r s i n
s ü z m e d i   m i
e r n e ğ i n i
b a k i r e n i
s ü z m e y e c e k
g ö ç m e z l e r
s ü z m e z d i m
d e ğ i ş e c e ğ i m
s e r p t i y d i
ç i z g i l e r e
y e r i m i z e
g ö ç m e z m i ş
b a m y a y d ı
b a m y a s ı n d a
y e r l e r i n i
e r n e k t i m
ç i z g i y d i
g ö ç m ü ş   m ü
b ü s t l e r i
y e r l e r i n i z
s e r p m e y i n
t e c r i t l e r
m a k i n e y e
s ü z m ü ş m ü ş ü z
m e f h u m u n u
s ü z m e z d i
s ü z m ü ş m ü ş
ç i z g i n i n
e r n e ğ i n d e
ç i z g i n i z
s ü z m ü ş   m ü s ü n
d e ğ i ş e c e k s i n
s ü z m e d i y d i m
y e r i m i z i
m e f h u m u n u
s ü z d ü y d ü k
ç i z g i m i z
m a k i n e n i n
p e n i s l e r e
ç i z g i l e r
p e n i s i n d e
ç i z g i y i z
m i l y o n e r
i s t i r i d y e
ç i z g i y i m
g ö ç m e m i ş s i n
m a k i n e d e
b ü s t l e r i
t e c r i d i n
ç i z g i n d e
e r n e k l e r e
b ü s t ü n d e n
s e r p e r d i
d e n e y i m i
m e f h u m a
y e r l e r d i
t o p o l o j i y i
s e r p e r i m
g ö ç e c e ğ i z
e r n e k t e n
e r n e ğ i n i
g ö ç m e d i k
y e r l e r d i m
s ü z m e z m i ş
d e n e y i m i n d e n
b a k i r e n
s e r p i y o r
y e r d i n i z
y e r l e r d i k
y e r l e r s i n
t e c r i d e
p e n i s i n i
s e r p t i k   m i
h e n d e s e y e
p e n i s t e n
m a k i n e n
d e ğ i ş m i ş
ö ğ ü t ü c ü n
s ü z d ü   m ü
b ü s t l e r e
e r n e k s i n
s e r p e c e k s i n
e r n e ğ i n d e n
ç i z g i
e r n e ğ i m
a v u k a t ı
y e r l e r i n d e
s ü z m e d i k
y e r l e r i n
a v u k a t l a r ı n d a
ç i z g i n i
y e r l e r i z
s e r p m e d i n
b ü s t ü n e
s ü z d ü n
ö r d e k t e
u s u l
d e n e y i m i n d e
m e f h u m u
ö r d e ğ i
s e s t e ş e
g ö ç m e l i
a v u k a t l a r ı n ı
a v u k a t l a r ı n a
y e r l e r i n
s e r p m e m i ş l e r
s ü z e c e k   m i y i z
b ü s t ü n ü
a v u k a t l a r a
a v u k a t s ı n ı z
s ü z e r i z
a v u k a t ı n ı z ı
m e f h u m u n
ö ğ ü t ü c ü
s ü z e c e k s i n i z
t e c r i d i
y e r i n d e
b ü s t l e r
a v u k a t l a r ı n
a v u k a t l a r ı n
s e s t e ş i
y e r i n i
u s u l l a r
m e f h u m u
a v u k a t ı n d a n
ö r d e ğ i n
g ö ç t ü n
s e s t e ş
a v u k a t ı n d a
s e r p m i y o r u z
p e n i s i n e
g ö ç e r l e r
e r n e k l e r
d e n e y i m e
s e r p m i ş
a v u k a t l a r ı
p e n i s i n e
ö r d e ğ i
p e n i s i
p e n i s i
s ü z e c e k s i n
y e r l e r i n e
s ü z e c e k t i m
p e n i s i n
g ö ç m e m i ş
s e r p t i n i z
s e r p m i y o r
ç i z g i y i
s ü z m ü y o r u m
a v u k a t t a
a v u k a t ı z
g ö ç m ü ş ü z
s e r p i n
s ü z ü n
e r n e ğ i n
s ü z m e z
e r n e ğ i
a v u k a t ı n
s ü z e c e k t i
a v u k a t ı
y e r i z
d e ğ i ş m e y e c e k l e r
d e n e y i m l e r i m i z d e n
t e c r i t
k e f a l e t l e r i n
d e n e y i m l e r i m i z e
k e f a l e t l e r i n e
k e f a l e t l e r i n e
g ö ç ü n
e r n e k
d e n e y i m
d e n e y i m l e r i n i
d e n e y i m l e r i n e
d e n e y i m d e n
k e f a l e t
d e n e y i m i n i z
k e f a l e t t e n
k e f a l e t i n d e
k e f a l e t i n d e
k e f a l e t l e r i
k e f a l e t l e r d e
d e n e y i m l e r i n
k e f a l e t i n i n
k e f a l e t l e r i
d e n e y i m l e r i
k e f a l e t i n i
k e f a l e t i n e
k e f a l e t i n i
y e r m i ş s i n i z
k e f a l e t t e
t e k i l   k a l ı p
k e f a l e t e
e r n e k
g ö ç ü y o r   m u
d e ğ i ş m e m
d e n e y i m i n i z d e
d e n e y i m d e
d e n e y i m i n i n
d e n e y i m i n e
s ü z ü y o r
d e n e y i m l e r e
d e n e y i m i n e
d e n e y i m i n
y e r
s ü z
