p a r ç a l a n m a y a c a k   m ı y m ı ş s ı n
t e k i l   k a l ı p l a r ı n ı
ö ğ ü t ü c ü n ü z ü n
t e c r i d e
p a r ç a l a n a c a k m ı ş ı z
e r n e k l e r i m i z e
s e r p e r   o l m a y a c a k m ı ş
s e r p e c e k l e r   m i
a y r ı m c ı l ı k
s ü z e r   o l m a y a c a k   m ı y m ı ş ı z
p a r ç a l a n a c a k   o l m a y a c a k
s e r p i y o r   o l a c a ğ ı z
e r n e ğ i n i z e
p a r ç a l a n m ı y o r   m u s u n
g ö ç m ü ş   o l m a y a c a k   m ı y d ı m
p a r ç a l a n ı y o r   o l m a m a l ı   m ı y m ı ş s ı n
y e r i n d e n
s ü z m e l i   m i y m i ş s i n i z
p e n i s l e r i n e
d e ğ i ş i y o r   o l m a y a c a k   m ı y d ı k
e r n e ğ i m i z
d e ğ i ş i y o r   o l m a m a l ı y m ı ş
p a r ç a l a n ı y o r   o l m a y a c a k   m ı y d ı n
p e n i s l e r i m i z i n
b ü s t l e r i n i z d e n
p a r ç a l a n ı y o r   o l u r   m u y d u n
ö r d e k l e r i n i
y a n   t ü m c e n i z
y e r
a v u k a t l a r d a n
a y r ı m c ı l ı k d a
s e r p m i y o r   m u y m u ş u z
t e k i l   k a l ı p l a r ı n ı z
p a r ç a l a n a c a k   o l m a y a c a k   m ı
s e r p m i ş   o l m a y a c a k   m ı y d ı k
p a r ç a l a n m a z d ı m
s ü z e c e k s i n i z
p a r ç a l a n d ı l a r   m ı y d ı
ö ğ ü t ü c ü m ü z
s ü z ü y o r m u ş u m
s e r p i y o r   o l m a m a l ı   m ı y d ı m
g ö ç m e m i ş   m i y d i
s ü z m ü ş   o l m a y a c a k   m ı y d ı
e r n e k m i ş s i n
p a r ç a l a n m a d ı k
s e r p e r   m i y i z
d e ğ i ş i y o r   m u y m u ş
b a k i r e y d i k
s e r p m i y o r
a y r ı m c ı l ı k l a r ı n d a
g ö ç e c e k m i ş s i n i z
b a k i r e l e r e
p e n i s l e r i n
d e ğ i ş i y o r   o l m a l ı s ı n
s e s t e ş i m i z i n
s ü z e r   o l a c a k m ı ş
y e r l e r d i n i z
ç i z g i l e r i n e
p a r ç a l a n ı y o r   o l a c a k   m ı y d ı n ı z
t o p o l o j i s i n e
i s t i r i d y e l e r i m i z
s e r p e r   m i y m i ş s i n i z
d ü z e n l e n e b i l i r l i k l e r i n i
g ö ç m ü ş   m ü
g ö ç m ü y o r d u k
t e c r i d i n i z d e n
g ö ç m ü ş   o l a c a k   m ı y ı z
p a r ç a l a n m a m ı ş m ı ş
s e r p e c e k l e r d i
s ü z m e m e l i   m i y m i ş i z
g ö ç m e m e l i y m i ş
s e r p m e z l e r   m i
b a k i r e n i z d e
s e r p i y o r   o l a c a k t ı n
s ü z m e d i l e r   m i
ö r d e k l e r i n i
p a r ç a l a n a c a k   o l a c a k s ı n
k e f a l e t l e r d e
d e ğ i ş m i ş l e r   m i
d e ğ i ş m e y e c e k   m i y i z
s ü z m e y e c e k l e r d i
s e r p i y o r   o l m a l ı   m ı y m ı ş ı z
s e r p e r   o l a c a k m ı ş s ı n ı z
a y r ı m c ı l ı k l a r d ı n ı z
p a r ç a l a n ı y o r   o l m a m a l ı l a r m ı ş
b a k i r e l e r d i n i z
s ü z m ü ş m ü ş ü z
s e r p t i k   m i
d e ğ i ş m e m e l i   m i y d i m
s e r p e c e k   o l m a y a c a k   m ı y ı z
s e r p m e d i n
s ü z m e d i   m i y d i n
ü z g ü n   m ü s ü n ?
s e r p m i ş m i ş s i n
p a r ç a l a n a c a k   o l a c a k s ı n ı z
y a n   t ü m c e l e r i n i n
ö r d e ğ i m i z i
p a r ç a l a n m ı ş   o l a c a ğ ı m
s e r p m e d i l e r   m i y d i
ç i z g i l e r i
d ü z e n l e n e b i l i r l i ğ i m i z e
a v u k a t l a r d ı n ı z
p a r ç a l a n ı y o r   o l a c a k   m ı y d ı m
s ü z m e m i ş   m i y d i n
s e r p t i n i z
g ö ç ü y o r   o l a c a k l a r m ı ş
a v u k a t l a r d ı k
k u r b a ğ a c ı k l a r ı
s e r p i y o r   o l a c a k
s e r p m e z   m i y m i ş
ü z g ü n   m ü ?
a y r ı m c ı l ı ğ ı m ı z d a n
ç i z g i l e r i n i z
g ö ç m e m i ş t i
g ö ç m e y e c e k   m i y m i ş
ü z g ü n   m ü s ü n ü z ?
s ü z e c e k   m i y i z
p a r ç a l a n ı y o r   o l m a z   m ı y d ı m
b a k i r e l e r m i ş s i n
e r n e k m i ş i z
d e ğ i ş m e y e c e k l e r m i ş
s ü z e c e k t i m
s ü z ü y o r   o l m a m a l ı y m ı ş s ı n ı z
b a m y a l a r ı n ı z ı
s ü z m e m i ş l e r   m i y d i
g ö ç m e m i ş   m i
s e r p i y o r m u ş u z
d e ğ i ş m e z   m i y d i n i z
p a r ç a l a n m a d ı   m ı y d ı
d e ğ i ş i y o r   o l m a l ı l a r m ı ş
d e ğ i ş t i l e r   m i
d e ğ i ş m i ş   o l a c a k   m ı y d ı n ı z
ç i z g i l e r e
s e r p m e m e l i l e r   m i y d i
s e r p m i ş   o l m a y a c a k   m ı y d ı
e r n e k t e n
s e r p m i ş t i k
p a r ç a l a n m a m ı ş t ı n ı z
s ü z ü y o r   o l a c a ğ ı z
g ö ç m e d i n   m i
d ü z e n l e n e b i l i r l i ğ i n i
m i l y o n e r l e r i m i z e
ö r d e ğ i m i z d e
s ü z m e z s i n i z
s e r p m e y e c e ğ i m
s e r p i y o r   o l m a y a c a k l a r   m ı y m ı ş
p a r ç a l a n ı y o r   o l m a m a l ı y d ı n ı z
p a r ç a l a n ı y o r   o l m a l ı   m ı s ı n
s e r p e r   o l a c a k l a r m ı ş
m e f h u m u
h e n d e s e l e r i m i z d e n
d e ğ i ş m e y e c e k m i ş i z
e r n e ğ i m i z d e n
t e c r i d i n i
s e r p i y o r   o l m a m a l ı   m ı y m ı ş
y a n   t ü m c e l e r i m i z i n
s e r p m i ş s i n
p a r ç a l a n m a m ı ş   m ı y ı m
p a r ç a l a n m ı ş   o l a c a k   m ı
h e n d e s e l e r i n
ü z g ü n s ü n
d e n e y i m l e r e
m a k i n e n i z d e n
d e ğ i ş e c e k t i n i z
b a m y a m ı z ı n
d e ğ i ş m i ş   o l a c a k s ı n
k e f a l e t t e n
s ü z ü y o r   o l m a l ı l a r d ı
s ü z e r s i n i z
m i l y o n e r m i ş s i n
s ü z m e z   m i y d i n
g ö ç m ü y o r d u n u z
s ü z m e m i ş t i m
p a r ç a l a n ı y o r   o l m a y a c a k t ı m
p a r ç a l a n ı r   m ı y m ı ş s ı n ı z
s ü z m e m e l i y d i n i z
p a r ç a l a n m a l ı y d ı m
p a r ç a l a n m a m a l ı y d ı n
d e ğ i ş i y o r   o l m a m a l ı y d ı n
d e ğ i ş m i y o r l a r   m ı y m ı ş
s e s t e ş i n e
b a k i r e l e r i n i z
ç i z g i n i
g ö ç ü y o r   m u y m u ş s u n
d e ğ i ş m e d i l e r
p a r ç a l a n m a d ı   m ı y d ı m
s e r p m e z   m i y m i ş s i n
p a r ç a l a n a c a ğ ı z
t o p o l o j i l e r i n d e
ç i z g i l e r i m i z i n
g ö ç ü y o r   o l a c a k m ı ş
d e ğ i ş m e m e l i   m i y d i n i z
d e ğ i ş m i ş i m
s e r p m e z   m i
a y r ı m c ı l ı ğ ı m ı z
i s t i r i d y e n e
g ö ç ü y o r   o l m a z   m ı y d ı n ı z
s e r p m i ş
m i l y o n e r l e r i n
s ü z m e m i ş s i n i z
ö ğ ü t ü c ü y d ü k
b a k i r e y i z
k e f a l e t l e r i n i z
t e k i l   k a l ı b ı m ı z ı n
s e r p e r   o l a c a k   m ı y m ı ş ı m
s e r p m e m i ş m i ş s i n
a v u k a t ı
s e r p m e l i l e r d i
d e ğ i ş i y o r   o l m a z l a r d ı
d e ğ i ş m i ş   o l a c a ğ ı m
k e f a l e t l e r i m i z d e n
s ü z e c e k   o l m a y a c a k   m ı y ı z
g ö ç m ü ş   m ü y m ü ş
g ö ç m ü y o r   m u s u n u z
g ö ç m e z   m i y m i ş
g ö ç m e m i ş   m i y m i ş s i n
s e r p e r l e r   m i y m i ş
ö ğ ü t ü c ü l e r d i
b a m y a s ı n a
m e f h u m l a r a
p a r ç a l a n m ı ş ı m
g ö ç ü y o r   o l m a m a l ı y d ı k
e r n e ğ i n d e n
t e k i l   k a l ı b ı n d a n
d e ğ i ş i r   o l m a y a c a k m ı ş ı z
s e r p t i m   m i
d e ğ i ş m e l i   m i y m i ş
m i l y o n e r l e r i m i z i n
b a m y a m ı z ı
i s t i r i d y e l e r i n i
d e ğ i ş m e y e c e k t i k
s ü z ü y o r   o l m a m a l ı l a r   m ı y d ı
p a r ç a l a n d ı l a r d ı
a y r ı m c ı l ı k l a r d a n
p a r ç a l a n ı r   o l a c a k m ı ş s ı n ı z
s e r p m i ş   o l a c a k   m ı y d ı
d e ğ i ş i y o r   o l a c a k   m ı y d ı n
ç i z g i l e r d i n i z
d e ğ i ş m e m
d e ğ i ş e c e k   o l m a y a c a k l a r m ı ş
g ö ç t ü k   m ü
d e ğ i ş m e m i ş l e r
k e f a l e t i n i
d e ğ i ş i y o r s u n
s e r p e c e k   o l a c a k   m ı y ı z
d e ğ i ş t i n i z
s e r p m e z   m i y d i m
p e n i s l e r i n i n
s ü z e r m i ş s i n i z
s ü z e c e k   m i y m i ş i z
s e s t e ş l e r i n i z e
ç i z g i l e r m i ş s i n
d e ğ i ş i y o r   m u y d u m
y a n   t ü m c e l e r i n e
d e ğ i ş m e m i ş m i ş i z
d e ğ i ş m e y e c e k l e r
d e ğ i ş m e m e l i y d i
k e f a l e t l e r i n d e
s e r p m e m i ş l e r m i ş
d e ğ i ş m e m e l i s i n
d e n e y i m l e r i n d e
ç i z g i l e r i n i z d e
d e ğ i ş m e m i ş l e r   m i
d e ğ i ş m e m i ş   m i s i n
m i l y o n e r l e r i n e
s ü z e c e k   o l a c a k   m ı
g ö ç ü y o r   o l m a z   m ı y d ı n
d e ğ i ş e c e k   m i y d i m
a l f a   s ü r ü m l e r i n i n
b a m y a l a r m ı ş ı m
s e r p m e l i   m i y d i k
s e r p e r   m i y m i ş i m
a v u k a t l a r ı n d a
d e ğ i ş m e l i   m i s i n
d e ğ i ş m e y e c e k s i n
ç i z g i l e r i m
p e n i s l e r i n i z i n
g ö ç e c e k   m i s i n i z
d e ğ i ş m i ş l e r m i ş
ö ğ ü t ü c ü l e r m i ş
d e ğ i ş m i ş   m i y d i n
a y r ı m c ı l ı ğ ı n d a
ö ğ ü t ü c ü l e r i n e
ö ğ ü t ü c ü l e r d i m
d e ğ i ş e c e k l e r d i
m i l y o n e r l e r d i k
t e c r i t l e r i n d e
d e ğ i ş m i y o r m u ş u z
d e ğ i ş e c e k l e r m i ş
s e r p m e m i ş m i ş i z
ö r d e k l e r i n d e n
d e n e y i m l e r i n i n
k a t e g o r i l e r i n
s e r p m e l i l e r m i ş
k a t e g o r i l e r d e
p a r ç a l a n m ı ş s ı n
e r n e k l e r i n i z e
e r n e k l e r i m i z i
p a r ç a l a n a c a k t ı
m i l y o n e r i m i z d e n
d e ğ i ş m e l i   m i y d i
ö ğ ü t ü c ü l e r s i n
k a t e g o r i m i z i n
s ü z m e m e l i l e r   m i
b ü s t l e r i n i z d e
a v u k a t l a r ı n ı z ı
a y r ı m c ı l ı k l a r ı
b a m y a l a r s ı n ı z
h e n d e s e s i n d e n
p a r ç a l a n d ı y d ı
s ü z ü y o r   o l m a z   m ı y d ı m
s e r p e c e k s i n i z
m a k i n e l e r i n i n
h e n d e s e m i z d e n
s e r p e c e k t i n i z
s ü z m ü ş l e r   m i y d i
ö r d e k l e r i n i z e
p a r ç a l a n m a z s ı n
s ü z ü y o r   m u y d u n u z
b a m y a l a r ı n ı z a
h e n d e s e l e r i n i n
g ö ç e c e k   m i y d i n
p a r ç a l a n ı y o r d u
t o p o l o j i n i z i n
e r n e k l e r i n d e n
g ö ç e r m i ş s i n i z
y e r l e r i m i z d e n
s ü z m ü ş   m ü s ü n ü z
t o p o l o j i n i z d e
h e n d e s e l e r i n i
s ü z e r   m i y m i ş i z
d e ğ i ş m e z   m i y d i m
d e ğ i ş m e l i l e r d i
g ö ç m e m i ş s i n i z
s ü z m ü y o r   m u y d u k
d e ğ i ş m e z m i ş s i n
s e r p m e y e c e k   m i s i n
s ü z m e z   m i y d i n i z
h e n d e s e n i z d e n
s e r p i y o r   m u y d u n
s ü z e r l e r   m i y d i
s ü z m e m i ş m i ş i z
k u r b a ğ a c ı k l a r
t e k i l   k a l ı b ı n a
h e n d e s e l e r i n e
s ü z ü y o r   m u s u n u z
b a k i r e y m i ş s i n
m i l y o n e r l e r i n i
s e r p m e l i   m i s i n i z
s ü z m e m e l i   m i y d i
g ö ç m e y e c e k m i ş
s ü z m e y e c e k   m i y d i m
g ö ç m e y e c e k l e r
t o p o l o j i s i n d e n
s e r p m i y o r m u ş u z
d e ğ i ş m i y o r m u ş u m
i s t i r i d y e l e r i n
s ü z m e y e c e k t i k
b a m y a l a r ı m ı z a
ç i z g i l e r i n i z i
a v u k a t l a r ı n a
d e n e y i m i n i z d e
p a r ç a l a n d ı l a r
a v u k a t m ı ş ı m
ç i z g i l e r i n i z e
ç i z g i l e r i m i z e
t e c r i d i n i z i n
a y r ı m c ı l ı k l a r
ç i z g i l e r m i ş i m
m i l y o n e r i m i z i n
h e n d e s e l e r i n e
s e r p i y o r   o l u r d u m
d e n e y i m l e r i n i n
d e ğ i ş i y o r   o l m a z d ı
s e s t e ş l e r i n i n
a y r ı m c ı l ı k d ı m
s e r p i y o r   m u s u n
d e ğ i ş m e l i y m i ş
a v u k a t l a r ı n d a
a v u k a t l a r ı n ı
d e ğ i ş m i ş   m i y i m
s ü z m e d i   m i y d i k
m e f h u m l a r ı n ı n
d e ğ i ş m e d i y d i k
p e n i s l e r i n d e n
k e f a l e t l e r i n e
a y r ı m c ı l ı k l a r
s e r p e r   m i s i n i z
a y r ı m c ı l ı k l a r
k e f a l e t l e r i n e
s ü z m e m i ş   m i y d i m
d e ğ i ş i y o r   o l u r d u
y a n   t ü m c e m i z i
s ü z m e m i ş   m i y i m
y a n   t ü m c e m i z d e n
b a m y a l a r ı n d a n
y e r l e r m i ş s i n
b a m y a l a r ı n d a n
k u r b a ğ a c ı ğ ı n ı
m a k i n e n i z i n
ö r d e k l e r i n i z
b a m y a y m ı ş l a r
ö r d e k l e r i n i n
e r n e k l e r i n d e
p a r ç a l a n m a y ı n
s e r p m e l i   m i y d i
b a m y a l a r ı n d a
ö r d e k l e r i n i n
g ö ç ü y o r d u n u z
a v u k a t ı n d a n
p a r ç a l a n ı r s ı n
ö r d e ğ i n i z d e n
s e r p e r l e r m i ş
k u r b a ğ a c ı ğ ı n a
a y r ı m c ı l ı ğ ı n a
g ö ç ü y o r   m u y u z
d e ğ i ş m e l i y d i m
m e f h u m l a r
g ö ç ü y o r   m u s u n
b ü s t l e r i m i z i
d e ğ i ş i r   m i y m i ş
d e ğ i ş m i ş l e r d i
b ü s t l e r i n d e n
s ü z m e y e c e k l e r
d e ğ i ş m i ş   m i s i n
d e n e y i m l e r i n i
d e ğ i ş m e z m i ş i m
a l f a   s ü r ü m ü n d e n
d e n e y i m i n d e n
a y r ı m c ı l ı k d ı k
b a m y a l a r ı m ı z
s ü z m e l i   m i y m i ş
t o p o l o j i l e r i
k a t e g o r i l e r i
a v u k a t t ı n ı z
k a t e g o r i l e r i
t o p o l o j i n i z i
t e c r i t l e r i n i
p a r ç a l a n m ı ş ı z
s e r p m i ş   m i s i n
s e r p m i ş m i ş i z
y e r l e r i m i z d e
p a r ç a l a n m a z d ı
g ö ç m e l i   m i y i z
y e r l e r i m i z i n
g ö ç e c e k l e r   m i
s e r p m e m i ş s i n
t o p o l o j i m i z i
t o p o l o j i m i z e
s ü z m e m e l i y d i
t o p o l o j i n d e n
m i l y o n e r i m i z e
s ü z d ü l e r d i
y a n   t ü m c e l e r e
k a t e g o r i s i n d e n
d e ğ i ş m e m i ş t i k
i s t i r i d y e l e r i
d e ğ i ş m e y e c e ğ i z
s ü z e r   m i s i n i z
m e f h u m l a r ı n ı
s e r p m i ş   o l m a y a c a k s ı n
i s t i r i d y e n i
s e r p m i ş   o l a c a k
g ö ç m e m e l i y i m
d e ğ i ş e c e k   m i y i z
s ü z m ü y o r   m u y u z
d e n e y i m l e r i n
s ü z m e m i ş   m i s i n
s ü z ü y o r m u ş s u n
d e n e y i m l e r i n
d e ğ i ş i y o r   m u y u m
b a k i r e l e r s i n
b a k i r e l e r m i ş
s e r p m e z   m i y i m
b a k i r e m i z d e n
m a k i n e l e r i n e
k e f a l e t l e r i n
b a k i r e y m i ş i m
a v u k a t l a r s ı n
y a n   t ü m c e l e r i
k a t e g o r i m i z d e
s e r p m e z   m i y i z
s ü z d ü y d ü n ü z
s e r p m e l i y d i m
s e r p m e z   m i s i n
ö ğ ü t ü c ü n ü z d e
g ö ç m e y e c e ğ i z
g ö ç e c e k m i ş i z
g ö ç m e z   m i y d i k
k e f a l e t i n i z i
s e r p m e l i y d i k
b a k i r e l e r d i n
a v u k a t ı n ı z d a
p e n i s i n i z d e n
y a n   t ü m c e s i
s ü z m ü y o r s u n u z
s e r p m i ş   o l m a y a c a k t ı
s e r p m i ş   m i y d i n
s ü z m e y e c e k   m i y d i n
y a n   t ü m c e n i z e
m i l y o n e r i n i z i
e r n e k m i ş i m
m i l y o n e r i n i z e
p e n i s l e r i n d e
g ö ç m e z l e r m i ş
s e r p m e d i y d i n
s e r p e r   m i y d i n
a v u k a t l a r d ı m
m i l y o n e r i n i n
a v u k a t ı n d a n
m i l y o n e r l e r i
ç i z g i l e r i n i n
ç i z g i l e r i n i n
p e n i s i m i z d e
s e r p m i ş   m i y d i k
k u r b a ğ a c ı ğ ı n
s e r p m i ş   m i y m i ş
p a r ç a l a n a c a k
t e c r i t l e r i m i z i
t e c r i t l e r i n
a v u k a t ı n ı z a
m a k i n e l e r i m i z e
m a k i n e m i z i n
a v u k a t l a r ı n
p e n i s l e r i m i z
a v u k a t ı m ı z a
ö ğ ü t ü c ü l e r i
ö ğ ü t ü c ü l e r i
s ü z d ü   m ü y d ü
a v u k a t l a r ı n
ç i z g i n i z d e n
d e ğ i ş m e d i n   m i
s e r p i y o r   o l a c a k t ı
y e r l e r m i ş i m
d e ğ i ş i y o r   o l a c a k s ı n
d e ğ i ş m i y o r d u
t e c r i d i n d e n
a v u k a t ı n ı z ı
b a k i r e l e r d i m
s ü z m ü ş   m ü y d ü m
s e r p e r   m i y m i ş
s e r p m e d i k   m i
e r n e k l e r i n e
e r n e k l e r i n e
b a m y a l a r d ı k
b a m y a n ı z d a n
s ü z e r l e r m i ş
s e r p e c e k   o l a c a ğ ı m
y e r m i ş l e r
b a k i r e l e r m i ş
m e f h u m l a r d a
e r n e k l e r i n i
d e ğ i ş m i y o r u z
d e ğ i ş i r   m i y i z
p a r ç a l a n m e l i
t e c r i d i n d e n
d e n e y i m i n d e n
m a k i n e l e r i n e
e r n e ğ i m
s e s t e ş l e r d e n
e r n e ğ i n i z d e
b ü s t l e r i n d e
p a r ç a l a n ı r d ı
m e f h u m u m u z
b ü s t l e r i m i z
s ü z m e z   m i y d i k
k a t e g o r i n i z
k a t e g o r i n i n
k a t e g o r i s i n i n
s e r p m e m i ş l e r
a v u k a t s ı n ı z
k a t e g o r i n d e
s e r p e r l e r   m i
h e n d e s e n d e n
s e r p e c e k s i n
b a m y a l a r d ı n
s ü z ü y o r   m u y d u n
d e ğ i ş e c e k m i ş
s ü z ü y o r   m u y d u m
s e r p m e l i y d i n
t e k i l   k a l ı b ı
s e r p m e m i ş t i n
d e ğ i ş t i k   m i
ö r d e k l e r i n e
d e ğ i ş m i y o r u m
g ö ç m ü y o r m u ş
t e c r i d i n i z i
t o p o l o j i n i z
d e n e y i m l e r i n e
b a m y a s ı n ı z
s ü z e r   m i y d i k
s ü z e r   m i y d i n
g ö ç m e m i ş t i n
p a r ç a l a n ı r ı m
t o p o l o j i n i n
y e r l e r i n d e n
t o p o l o j i s i n i n
i s t i r i d y e n
ç i z g i l e r d i r
g ö ç m e d i y d i n
s ü z ü y o r   m u y d u k
m e f h u m l a r ı n
m e f h u m l a r ı n
g ö ç m e z l e r d i
t e c r i d i m i z i
g ö ç m ü ş   m ü y ü m
t e c r i t l e r i n d e
i s t i r i d y e n i n
k a t e g o r i y i
h e n d e s e n i z e
d e ğ i ş i y o r l a r
b ü s t ü m ü z d e n
s ü z m e d i y d i m
m i l y o n e r i m i z
a v u k a t ı z
s ü z m e l i y d i n
b a k i r e l e r i n
s ü z m e z   m i y i z
b a k i r e l e r i z
s e s t e ş l e r i n e
p e n i s l e r i n i
d e ğ i ş m e m i ş i m
h e n d e s e l e r i
ç i z g i y m i ş i m
k e f a l e t l e r i
k e f a l e t l e r i
k e f a l e t i n i n
s e r p m e l i y i m
d e n e y i m i n i z
t e k i l   k a l ı p
k a t e g o r i s i n d e
g ö ç m ü ş s ü n ü z
s ü z m e l i   m i y d i
b a m y a n ı n
d e ğ i ş i y o r d u
k a t e g o r i s i
m i l y o n e r i n i z
g ö ç m ü y o r l a r
d e ğ i ş i y o r m u ş
d e ğ i ş m e m i ş   m i
g ö ç e r m i ş s i n
d e ğ i ş e c e k l e r
a v u k a t ı n d a
s ü z m ü ş   m ü y m ü ş
ç i z g i l e r i n i
s e r p m i ş l e r   m i
s e r p m e y e c e k t i
s e r p e r   m i s i n
s ü z m ü ş l e r d i
ç i z g i l e r m i ş
g ö ç ü y o r   m u y d u
k e f a l e t i n d e
e r n e ğ i m i z i n
t e c r i d i n e
k e f a l e t i n d e
m a k i n e l e r i n d e
s e r p m i y o r u z
ç i z g i l e r m i ş
s ü z ü y o r d u n u z
s ü z d ü y d ü k
b a k i r e l e r i n i
s e r p m i ş   m i y d i
d e n e y i m l e r i
a v u k a t l a r ı
m i l y o n e r d i k
ö r d e k l e r i n
ç i z g i s i n i z
m i l y o n e r l e r
m i l y o n e r l e r
t e c r i t l e r i n e
s ü z ü y o r   m u y u m
d e ğ i ş m i ş l e r
e r n e k l e r d i m
ö ğ ü t ü c ü l e r
i s t i r i d y e n d e
ö ğ ü t ü c ü l e r
ö ğ ü t ü c ü n d e
p e n i s l e r d e n
e r n e ğ i n d e n
h e n d e s e y e
g ö ç m e l i y d i m
s e r p e r m i ş i z
d e n e y i m i n i n
ç i z g i l e r d i k
k u r b a ğ a c ı ğ ı
b a m y a l a r d ı
p a r ç a l a n d ı   m ı
g ö ç t ü l e r d i
t e c r i d i n i z
d e ğ i ş m e l i   m i
s e r p m i ş l e r
d e ğ i ş m e m i ş t i
d e ğ i ş i y o r u m
s ü z e c e k s i n
d e ğ i ş m i ş t i n
b a m y a n ı z d a
s ü z m e m i ş t i k
m e f h u m l a r ı
d e n e y i m i n d e
ö r d e ğ i n d e n
s ü z e r   m i y d i
b ü s t l e r i n i
s ü z ü y o r   o l m a l ı y d ı
s ü z m e z d i n i z
t e c r i d i n i n
d e ğ i ş m e z s i n
m e f h u m u m u z u
m i l y o n e r d e n
d e n e y i m i n d e
h e n d e s e n d e
s e r p i y o r s u n
d e n e y i m l e r i
y e r i n i z i n
p e n i s i n i z i n
ü z g ü n   m ü y d ü m ?
ü z g ü n   d e ğ i l d i n i z
ü z g ü n   m ü y d ü l e r ?
ü z g ü n   d e ğ i l d i
ü z g ü n d ü
ü z g ü n   d e ğ i l   m i y d i n i z ?
ü z g ü n m ü ş s ü n
ü z g ü n   m ü y d ü ?
ü z g ü n m ü ş
h e n d e s e s i n i n
ö ğ ü t ü c ü y ü m
h e n d e s e l e r
p e n i s i n d e n
k u r b a ğ a c ı k
s ü z m ü ş l e r   m i
k a t e g o r i s i n i
s e r p m e z d i k
m i l y o n e r d i
s ü z m ü y o r s u n
h e n d e s e s i
b a k i r e y m i ş
m e f h u m u n u n
d e n e y i m i n e
e r n e k l e r i n
p a r ç a l a n m a z
e r n e k l e r i z
b ü s t ü n ü z ü n
d e ğ i ş m e z d i m
d e n e y i m l e r d e
y e r l e r i n d e
b ü s t ü m ü z d e
b ü s t ü n ü z d e
t e c r i t l e r d e
s ü z m e m i ş i m
d e n e y i m d e n
s ü z m e d i y d i
b a k i r e m i z e
d e ğ i ş t i l e r
d e ğ i ş i r l e r d i
s ü z m ü y o r m u ş
b a k i r e n i z i
m a k i n e m i z e
ö r d e ğ i n i z i
m e f h u m u
y e r i n i z d e
y e r l e r i n i z
b a m y a l a r a
g ö ç m e m i ş i z
y e r i n i
ö r d e ğ i n
s e r p m e m e l i s i n
y a n   t ü m c e n e
ö r d e ğ i n d e
g ö ç e r   m i s i n
s e r p m e y e c e k
g ö ç ü y o r m u ş
s e r p t i n i z   m i
s e r p m e m e l i y d i
a v u k a t l a r
d e ğ i ş e c e k   m i
ç i z g i l e r i n
d e ğ i ş i y o r   m u
b a k i r e n d e n
ç i z g i l e r i n
d e n e y i m i n i
e r n e k l e r e
s e r p m e m e l i y i m
s e r p m e m e l i l e r
g ö ç t ü n ü z   m ü
m e f h u m u m u z d a
b ü s t ü n
y e r l e r d i r
s ü z ü y o r   o l m a z d ı m
m e f h u m u n u z
b a m y a l a r ı n
s ü z d ü y d ü n
y a n   t ü m c e s i n i
ö ğ ü t ü c ü n e
p e n i s l e r d e
p e n i s i n i z i
p e n i s l e r i n
d e n e y i m d e
b a k i r e s i
s e r p t i y d i
s e r p m e m e l i   m i
k a t e g o r i n e
y e r i m i z e
s e r p t i y d i n
b a m y a y m ı ş
d e n e y i m i n e
k e f a l e t i n e
p e n i s i
s e r p e c e k   m i
d e ğ i ş i r m i ş
ö r d e ğ i n i n
a v u k a t t a n
y e r l e r i n e
d e n e y i m i n
p e n i s i m i z
e r n e ğ i n d e
t e c r i t l e r
g ö ç m ü ş ü z
h e n d e s e n i
y e r d i n i z
b a k i r e n i z
b a k i r e d e n
b a k i r e l e r
b a k i r e l e r
s ü z m e m e l i l e r m i ş
s ü z m e d i m   m i
b a m y a l a r ı
b a k i r e s i n d e
ö r d e k l e r i
b a k i r e l e r
y e r l e r i n i
y e r l e r i n i
k e f a l e t i n i
a v u k a t t ı n
s ü z m ü ş t ü n
d e ğ i ş i r d i k
d e ğ i ş t i   m i
s ü z m e m e l i   m i y d i n
b a k i r e s i n i n
g ö ç e c e k   m i
g ö ç e c e ğ i z
a v u k a t t ı k
g ö ç e c e ğ i m
g ö ç m e z d i n
g ö ç m e z l e r
s e r p m i ş t i
a v u k a t ı n
s ü z m e y e c e k
g ö ç m ü ş t ü k
s ü z m e z m i ş
b ü s t ü n d e n
m i l y o n e r i
s e r p m e y i n
a v u k a t t ı
e r n e ğ i n i
s ü z m ü y o r u m
ö r d e ğ i n i n
m a k i n e n i n
ç i z g i m i z e
ç i z g i y i
m i l y o n e r e
a v u k a t t a
b ü s t l e r d e
s ü z ü y o r s u n
p e n i s i n d e
s e r p e r d i n
g ö ç ü y o r   m u
b a k i r e y e
ç i z g i l e r i
s e r p e r d i m
ç i z g i l e r d e
g ö ç m e z d i m
s e s t e ş i n e
t e c r i d i n d e
g ö ç ü y o r u m
e r n e ğ i n i
ö ğ ü t ü c ü n
y e r s i n i z
e r n e ğ i n d e
d e ğ i ş e c e k s i n
e r n e k t i m
y e r m i ş s i n i z
p e n i s t e n
b a m y a s ı n ı n
s ü z m ü ş m ü ş
y a n   t ü m c e y i
d e ğ i ş t i y d i
y e r d i l e r
s ü z m e d i   m i
k e f a l e t
e r n e k s i n
p a r ç a l a n d ı
b a m y a s ı n d a
s ü z m e l i   m i
p e n i s i n e
b ü s t l e r i
d e ğ i ş e c e k t i m
t e c r i d i n
ö r d e k l e r
p e n i s l e r e
ç i z g i n i z
m i l y o n e r
m e f h u m d a
y e r i n d e
y e r l e r i n
p e n i s i n i
m a k i n e s i n i
d e n e y i m i
g ö ç e r s i n
b a k i r e n e
s ü z m e d i k
m e f h u m u n u
p e n i s i n e
b a k i r e y i
ç i z g i y i z
b a k i r e n i
ç i z g i n i n
ç i z g i n d e
ç i z g i m i z
ç i z g i s i n i n
g ö ç m e d i k
ç i z g i s i n
b a m y a y ı z
s ü z e c e k t i
m e f h u m a
t e c r i d i
d e ğ i ş i y o r
m a k i n e d e
m a k i n e n i n
ç i z g i y d i
ç i z g i y i m
s e r p e r d i
s ü z d ü   m ü
m a k i n e y e
m a k i n e n i
y e r l e r d i k
k e f a l e t e
ö ğ ü t ü c ü
m e f h u m u n
y e r l e r s i n
b a m y a n ı
k e f a l e t t e
s ü z e r i z
b ü s t ü n ü
e r n e ğ i n
y e r l e r i z
d e ğ i ş m i ş
t e c r i t
s ü z m e z d i
p e n i s i
y e r i n d e
s e r p i y o r
b ü s t l e r
b ü s t ü n e
ö r d e ğ i n d e n
ö r d e ğ i
g ö ç m e l i
s ü z d ü n
ö r d e ğ i n
y e r l e r i n
e r n e k
g ö ç e r l e r
s ü z d ü k   m ü
g ö ç t ü n
u s u l l a r
h e n d e s e
e r n e ğ i
y e r l e r d i
ö r d e k t e
p e n i s i n
ö r d e ğ i
s ü z ü y o r
s e r p i n
g ö ç ü n
s ü z m e z
e r n e k
ç i z g i
y e r i z
p a r ç a l a n ı r   m ı y d ı m
p a r ç a l a n a c a k t ı m
p a r ç a l a n m e l i y i m
s e s t e ş l e r i n i z i
s e s t e ş l e r i m i z e
d e n e y i m e
p a r ç a l a n a c a ğ ı m
s e s t e ş l e r i m i z
s e s t e ş i n i z d e n
s e s t e ş i m i z d e n
s e s t e ş i n i z i n
s e s t e ş l e r i n i
s e s t e ş
s e s t e ş l e r i n
s e s t e ş i n d e n
s e s t e ş i m i z i
s e s t e ş i n i z
s e s t e ş i n d e
s e s t e ş t e
s e s t e ş i n i
s e s t e ş i n i
s e s t e ş i
u s u l
s ü z
