s ü z e c e k   o l a c a k m ı ş s ı n
y a n   t ü m c e
g ö ç e c e k   m i y i m
t o p o l o j i d e
e r n e ğ i m i z i
p a s k a l y a   t a v ş a n ı
g ö ç m e d i   m i y d i
a v u k a t ı n ı
d e ğ i ş i y o r   o l m a l ı y d ı k
y e r l e r i n i z d e
s e s t e ş i n d e
d e ğ i ş m e y e c e k   m i y m i ş
m i l y o n e r i n i z i n
b a m y a l a r d a n
g ö ç m e z l e r   m i y d i
s ü z ü y o r   o l m a m a l ı   m ı y m ı ş ı m
d e ğ i ş i r s i n i z
t e k i l   k a l ı b ı m ı z d a n
k e f a l e t i m i z d e
ö ğ ü t ü c ü y d ü
a v u k a t ı n d a
d e ğ i ş m i ş   o l m a y a c a k l a r d ı
u s u l l a r d a
s e r p m e m e l i y d i k
d e n e y i m i m i z e
g ö ç m ü ş   m ü y d ü n
s ü z m e y e c e k   m i y d i n i z
s ü z ü y o r l a r   m ı
s e r p m e z l e r m i ş
g ö ç m e y e c e k l e r d i
m i l y o n e r i n i z d e n
p a r ç a l a n ı y o r   o l m a m a l ı y ı z
d e ğ i ş e c e k   o l m a y a c a k   m ı y m ı ş s ı n
p e n i s i n d e n
u s u l d a n
s e r p e c e k   o l m a y a c a k s ı n
p a r ç a l a n m a m e l i   m i
d e ğ i ş e c e k   o l a c a k   m ı
s e r p
e r n e ğ i z
g ö ç t ü l e r
p a r ç a l a n ı y o r   o l a c a k t ı m
g ö ç e c e k   o l m a y a c a k   m ı y m ı ş
p a r ç a l a n m ı ş   o l m a y a c a ğ ı m
k e f a l e t l e r i m i z e
s ü z d ü y d ü
s e r p e c e k   o l a c a k   m ı s ı n
h e n d e s e l e r e
p a r ç a l a n ı y o r   m u s u n
a y r ı m c ı l ı k l a r ı m
s ü z m e y e c e k   m i y i m
d e ğ i ş m e m e l i
d e ğ i ş m e y i n i z
b ü s t ü
s ü z ü y o r d u k
s e r p i y o r m u ş s u n
s ü z ü y o r d u n
g ö ç m e l i   m i y i m
p a r ç a l a n ı y o r   o l u r d u k
ö ğ ü t ü c ü l e r i m i z i n
y e r e
d e ğ i ş i y o r   o l m a m a l ı l a r d ı
s e r p m i ş   m i y i z
b a k i r e l e r i n e
m a k i n e l e r i m i z
p a r ç a l a n m ı ş t ı m
e r n e k l e r i n i z i n
s ü z ü y o r   o l a c a k s ı n
s e r p i y o r   o l m a z d ı n
s ü z m ü ş   o l m a y a c a k
s e r p i y o r   o l a c a k   m ı y d ı m
s e s t e ş l e r i n e
p a r ç a l a n a c a k   o l a c a k l a r m ı ş
s ü z ü y o r l a r m ı ş
d e ğ i ş m i ş   o l a c a k l a r
g ö ç e c e k l e r m i ş
p a r ç a l a n m ı ş   m ı y d ı m
p a r ç a l a n m a l ı l a r d ı
s e r p i y o r   o l m a l ı s ı n ı z
p a r ç a l a n ı r   o l a c a k l a r   m ı y m ı ş
s ü z ü y o r   o l m a m a l ı   m ı y ı z
s ü z m e m e l i   m i y m i ş s i n i z
d e ğ i ş i y o r   m u y m u ş s u n
m i l y o n e r
g ö ç e r d i m
s ü z ü y o r   o l a c a k l a r m ı ş
p a r ç a l a n a c a k   o l m a y a c a k   m ı y m ı ş ı m
s e r p e c e k   o l m a y a c a k   m ı y ı m
p a r ç a l a n a c a k   o l m a y a c a k m ı ş ı m
p a r ç a l a n m a y a c a k   m ı y d ı n ı z
d e ğ i ş i y o r   o l m a y a c a ğ ı m
b ü s t
s ü z m e y e c e k l e r   m i y m i ş
ö ğ ü t ü c ü y ü
g ö ç e c e k   o l a c a k l a r
g ö ç m ü ş   m ü y m ü ş ü m
s e r p e c e k   m i y m i ş
s ü z m e l i   m i y d i k
s e r p e r   o l m a y a c a k   m ı y m ı ş s ı n ı z
ö ğ ü t ü c ü y e
s ü z e r   o l m a y a c a k m ı ş ı z
p a r ç a l a n d ı   m ı y d ı
d e ğ i ş i y o r   o l m a y a c a k t ı n
d e ğ i ş m e m e l i   m i
s e r p e c e ğ i z
g ö ç t ü   m ü y d ü m
s e r p i y o r   o l m a m a l ı y d ı
s ü z ü y o r u z
d e ğ i ş i y o r   o l m a l ı y m ı ş ı m
d e ğ i ş i r   o l a c a k l a r   m ı y m ı ş
d e n e y i m l e r i n i z e
g ö ç m ü y o r d u m
d e ğ i ş i r l e r
k u r b a ğ a c ı k l a r ı m ı z a
b ü s t ü n ü
g ö ç e r   m i y d i m
b a m y a l a r s ı n
s ü z e r   m i y i m
ç i z g i s i n i
p a r ç a l a n ı y o r   o l a c a k s ı n
b a k i r e y d i l e r
m i l y o n e r m i ş s i n i z
y a n   t ü m c e l e r i n
ü z g ü n   d e ğ i l   m i ?
g ö ç e c e k l e r
s e r p m i ş   o l m a y a c a k t ı n
ö r d e k l e r i m i z d e n
s ü z ü y o r   o l m a m a l ı l a r m ı ş
s ü z ü y o r   o l m a y a c a k s ı n ı z
d e ğ i ş i y o r   o l m a y a c a k s ı n
e r n e k l e r i n i n
p a r ç a l a n ı r   o l m a y a c a k   m ı y m ı ş
h e n d e s e l e r i n i n
s e r p i y o r   o l a c a k   m ı y d ı n
y e r i n i n
ö ğ ü t ü c ü s ü n ü n
s ü z m ü ş   o l a c a k   m ı y d ı k
m a k i n e n i z
s ü z e c e k   m i y d i n i z
s ü z m e d i   m i y d i m
p a r ç a l a n m a m a l ı   m ı y m ı ş ı m
d e ğ i ş m i y o r d u n
s ü z e c e k   o l m a y a c a k   m ı y m ı ş s ı n
d e ğ i ş m i ş m i ş
a v u k a t t ı l a r
g ö ç m ü ş   o l m a y a c a k   m ı y d ı n
g ö ç ü y o r   o l u r d u m
s e s t e ş l e r d e
d e ğ i ş e c e k   o l a c a k l a r
s ü z e r   o l m a y a c a k l a r m ı ş
s ü z m e l i   m i y d i m
d ü z e n l e n e b i l i r l i ğ i n d e n
p a r ç a l a n m a y a c a k t ı
p a r ç a l a n m a m ı ş   m ı y d ı n ı z
s e r p i y o r   o l a c a k l a r   m ı y m ı ş
t e c r i d i m i z d e
s e r p i y o r   o l m a y a c a k t ı k
d e ğ i ş e c e k   o l m a y a c a k m ı ş
p a r ç a l a n ı r d ı m
t e k i l   k a l ı b ı m ı z ı
s ü z m ü ş   o l m a y a c a k s ı n ı z
d e ğ i ş m e z
s ü z m e m i ş t i n i z
s ü z ü y o r   o l m a m a l ı y d ı
s ü z m e y e c e k   m i s i n i z
ç i z g i l e r d i n
m i l y o n e r l e r i z
a y r ı m c ı l ı ğ ı n ı
e r n e k t e
p a r ç a l a n m a z m ı ş s ı n ı z
s ü z ü y o r   m u
b ü s t ü n ü z d e n
b a k i r e s i n e
s e r p t i k
g ö ç m e y e c e k l e r   m i
s ü z ü y o r   o l u r   m u y d u n u z
d e ğ i ş e c e k l e r   m i y d i
t e c r i t l e r i
s ü z d ü   m ü y d ü n ü z
y a n   t ü m c e n i z i
p a r ç a l a n d ı n ı z   m ı
p a r ç a l a n ı y o r   o l m a m a l ı y ı m
d e ğ i ş m e z   m i y m i ş s i n i z
p a r ç a l a n ı y o r   o l m a l ı y d ı m
p a r ç a l a n ı y o r   o l m a y a c a k   m ı
d e ğ i ş m e m i ş   m i y d i m
m i l y o n e r i n i n
t o p o l o j i l e r i n i z
d e ğ i ş i y o r   o l u r   m u y d u n
s e r p m i y o r d u k
b a m y a y d ı k
p a r ç a l a n m a z m ı ş
s e r p i y o r   o l a c a k m ı ş
t e c r i t t e
p a r ç a l a n a c a k   m ı y d ı n
p a r ç a l a n ı y o r   o l m a l ı y ı m
s e r p m e m e l i
i s t i r i d y e n i z d e n
p a r ç a l a n m ı y o r d u k
ö r d e k l e r i
s e r p i y o r   m u y m u ş s u n
s e r p i y o r   o l a c a k   m ı y ı m
d e ğ i ş m i ş   o l m a y a c a k l a r   m ı
g ö ç ü y o r   o l m a y a c a k   m ı y d ı
d e ğ i ş i y o r   m u y m u ş u z
g ö ç ü y o r   o l a c a k   m ı y m ı ş s ı n ı z
p a r ç a l a n d ı y d ı n ı z
g ö ç e r   o l a c a k m ı ş
p a r ç a l a n ı y o r   o l a c a k m ı ş s ı n
d e ğ i ş m i ş   m i y m i ş s i n
t e c r i d i n
h e n d e s e n i z
s ü z m ü y o r m u ş u m
p a r ç a l a n ı r d ı n
y e r d e n
d ü z e n l e n e b i l i r l i k l e r i n
d e ğ i ş i y o r   o l m a l ı   m ı y d ı
g ö ç m e y e c e k   m i y d i
s e r p m e d i m   m i
s e r p m i ş   m i y m i ş s i n
m i l y o n e r l e r i m
g ö ç ü y o r   o l m a y a c a k m ı ş s ı n ı z
b a m y a l a r
g ö ç m e y i z
p a r ç a l a n ı y o r   o l a c a k   m ı y m ı ş s ı n
g ö ç m e m i ş m i ş i m
s ü z m ü ş   o l m a y a c a k s ı n
b a k i r e l e r d i k
d ü z e n l e n e b i l i r l i k l e r i n
m i l y o n e r d i m
g ö ç m e y e c e k t i n i z
b ü s t l e r i n i
a y r ı m c ı l ı ğ ı n ı z a
i s t i r i d y e s i n e
s ü z e r   o l a c a k m ı ş s ı n
p a r ç a l a n m ı y o r   m u y d u n
d e ğ i ş i y o r   o l m a y a c a k t ı n ı z
s ü z m ü y o r   m u y d u n u z
g ö ç ü y o r   o l m a l ı   m ı y d ı m
d e ğ i ş e c e k   m i y d i k
g ö ç m e l i l e r m i ş
s ü z ü y o r   o l m a l ı   m ı y ı m
e r n e k l e r d i n i z
g ö ç ü y o r   o l a c a k   m ı
s e r p m e y e c e k l e r m i ş
p a r ç a l a n m ı ş   o l m a y a c a k   m ı s ı n ı z
m e f h u m l a r d a n
i s t i r i d y e y e
d e ğ i ş m i ş   o l m a y a c a k   m ı s ı n ı z
h e n d e s e l e r i n i z i
s ü z m e m i ş
s e r p i y o r   o l a c a k l a r d ı
g ö ç ü y o r   o l a c a k   m ı y d ı n
y a n   t ü m c e l e r i n i
d e n e y i m l e r i n e
a v u k a t
g ö ç e c e k   o l m a y a c a k   m ı s ı n ı z
ö ğ ü t ü c ü y m ü ş l e r
s e r p m i y o r   m u
d e ğ i ş m i ş   o l a c a k   m ı y ı m
s e r p m e d i n i z
s e r p e c e k m i ş
s e r p m e l i y i z
p a r ç a l a n m ı ş   o l a c a k l a r   m ı
g ö ç m ü y o r   m u y u m
h e n d e s e n i z i
u s u l l a r ı n
g ö ç e c e k t i k
a y r ı m c ı l ı k l a r ı n ı n
s ü z ü y o r   o l m a l ı y d ı k
p a r ç a l a n ı y o r   o l u r d u
s ü z m ü ş   o l m a y a c a k l a r   m ı y d ı
p a r ç a l a n a c a k m ı ş ı m
m i l y o n e r i n
b a k i r e m i z i
a y r ı m c ı l ı k l a r ı m ı z ı n
d e ğ i ş i y o r s u n u z
p a r ç a l a n m a m ı ş ı z
s ü z m e d i y d i n i z
k u r b a ğ a c ı k l a r ı n ı
d e ğ i ş m e m e l i l e r   m i
d e ğ i ş i y o r   o l m a l ı l a r   m ı
s e r p e c e k   o l m a y a c a k l a r   m ı
s e r p i y o r   o l m a y a c a k   m ı y d ı m
b a m y a l a r ı m
a y r ı m c ı l ı k l a r ı
g ö ç m e d i   m i y d i m
s ü z e r   o l a c a k   m ı y m ı ş
g ö ç m ü ş   o l m a y a c a k t ı n ı z
g ö ç ü y o r   o l m a m a l ı l a r d ı
b ü s t l e r i n i z i
s e r p m i y o r   m u s u n
y e r i
s e r p m e z l e r d i
s e r p m e m e l i   m i s i n i z
g ö ç m ü ş   o l a c a ğ ı m
s ü z m ü ş   o l a c a k   m ı y ı z
d e ğ i ş t i   m i y d i n i z
s e r p m e d i n   m i
b a m y a n d a
s e r p i y o r   o l m a z d ı k
b ü s t l e r i n i z e
s e r p e c e k   o l m a y a c a k   m ı
s ü z m e z l e r   m i
s ü z m e l i y d i
d e ğ i ş i y o r   o l m a m a l ı   m ı y d ı n ı z
s e r p i y o r   o l m a l ı   m ı
b a k i r e l e r i
g ö ç m e l i   m i y m i ş s i n i z
s ü z ü y o r   o l m a z d ı n
d e ğ i ş i y o r   o l a c a k l a r d ı
s ü z d ü   m ü y d ü m
s e r p m e m i ş   m i y d i n
g ö ç e r i z
ç i z g i n i z d e
s e r p i y o r   o l m a l ı   m ı y ı z
p a r ç a l a n a c a k   o l m a y a c a k   m ı y m ı ş s ı n ı z
g ö ç ü y o r   o l m a y a c a k   m ı y d ı n
s ü z e r d i m
t e k i l   k a l ı p l a r ı n a
s ü z ü y o r   o l m a y a c a k   m ı y m ı ş ı z
d e ğ i ş i y o r   o l m a z   m ı y d ı
d e ğ i ş i y o r   o l a c a ğ ı m
k a t e g o r i l e r e
p a r ç a l a n m a d ı y d ı n ı z
a v u k a t l a r
y a n   t ü m c e n d e n
s ü z d ü n ü z   m ü
h e n d e s e l e r i n d e n
s e r p m i ş   o l a c a ğ ı m
s e r p i y o r   o l a c a k   m ı y ı z
d e ğ i ş i y o r   o l m a m a l ı l a r   m ı
s ü z m e m e l i l e r   m i y m i ş
g ö ç m e m e l i   m i y i z
s e r p e c e ğ i m
s ü z ü y o r   o l u r   m u y d u k
s e r p m i ş   o l m a y a c a k t ı m
s e r p m e l i s i n
m a k i n e l e r i
s ü z e c e k   o l a c a k   m ı y m ı ş ı z
g ö ç ü y o r   o l m a z d ı n
m e f h u m l a r ı n d a
g ö ç m e y e c e k   m i y d i m
p a r ç a l a n m ı ş   o l m a y a c a k t ı m
p a r ç a l a n m a m ı ş m ı ş s ı n
s e r p m e d i y d i m
d e ğ i ş i r   o l m a y a c a k l a r m ı ş
p a r ç a l a n ı y o r   o l m a m a l ı   m ı s ı n ı z
d e ğ i ş m e l i y d i k
ö ğ ü t ü c ü l e r i n i n
g ö ç e c e k m i ş
g ö ç ü y o r l a r   m ı y m ı ş
g ö ç m ü ş   o l a c a ğ ı z
g ö ç m e y e c e k l e r m i ş
b a k i r e s i n i
g ö ç m e k
s e r p m e m i ş t i m
p a r ç a l a n m ı y o r d u n u z
b a k i r e
s e r p i y o r   o l m a m a l ı y d ı n
s e s t e ş i n
g ö ç m ü ş   o l m a y a c a k l a r   m ı y d ı
p a r ç a l a n d ı   m ı y d ı m
s e r p m e m e l i   m i y d i n
b a m y a l a r m ı ş
d e ğ i ş m e z   m i s i n
g ö ç m e z m i ş i m
g ö ç m ü ş   o l m a y a c a k   m ı y d ı n ı z
d e ğ i ş i y o r   o l a c a k l a r
d e ğ i ş i y o r   o l m a y a c a k s ı n ı z
y e r l e r i m
t o p o l o j i l e r i m i z e
d e ğ i ş m e m e l i l e r m i ş
d e ğ i ş i r m i ş s i n
g ö ç ü y o r   o l m a y a c a k s ı n ı z
g ö ç ü y o r   o l m a m a l ı   m ı y d ı k
g ö ç m e l i   m i y m i ş
d e ğ i ş m i ş   o l m a y a c a k t ı k
g ö ç e c e k   o l m a y a c a k
i s t i r i d y e n i n
i s t i r i d y e s i
h e n d e s e m i z i
p a r ç a l a n m a l ı l a r m ı ş
d e ğ i ş i y o r   o l m a z d ı m
g ö ç m ü y o r   m u y m u ş u m
s ü z m e m e l i   m i y i m
p a s k a l y a   t a v ş a n l a r ı n ı
p a r ç a l a n ı r   o l m a y a c a k   m ı y m ı ş ı z
b ü s t ü n ü z ü
s ü z e c e k   o l m a y a c a k l a r m ı ş
t e k i l   k a l ı b ı n ı
d e ğ i ş i y o r   o l m a m a l ı l a r m ı ş
d e ğ i ş m e m i ş t i n i z
ü z g ü n   m ü y m ü ş s ü n ü z ?
s ü z e r   o l a c a k m ı ş ı m
p a r ç a l a n ı y o r   m u y d u m
m a k i n e n d e n
d e ğ i ş m e d i y d i m
d e ğ i ş i y o r   o l u r d u n
s ü z m e l i
s e r p m e l i y m i ş
s ü z m e l i l e r
s ü z ü y o r m u ş
b a m y a s ı
d ü z e n l e n e b i l i r l i ğ i n i n
ö ğ ü t ü c ü l e r i n d e
p a r ç a l a n ı r
y e r l e r d e
h e n d e s e l e r i n
e r n e k l e r d e
m a k i n e s i n d e
s e r p i y o r   o l m a y a c a k   m ı y d ı
p a r ç a l a n ı y o r   o l u r l a r d ı
ü z g ü n m ü ş s ü n ü z
s ü z m e z   m i y d i m
ü z g ü n l e r   m i ?
s ü z e r   m i s i n
d e ğ i ş e c e k m i ş i z
b a m y a l a r d ı
d e ğ i ş t i l e r   m i y d i
e r n e ğ i n i n
a v u k a t l a r m ı ş
s ü z ü y o r   o l m a m a l ı y ı m
g ö ç e c e k   o l a c a ğ ı z
g ö ç ü y o r   o l a c a k   m ı y m ı ş ı m
ç i z g i y m i ş s i n i z
p a r ç a l a n m a l ı   m ı y m ı ş ı z
p e n i s i n i n
d e ğ i ş m i ş   o l a c a k   m ı y d ı m
g ö ç m e y e c e k   m i y d i k
a y r ı m c ı l ı k l a r m ı ş s ı n
s ü z m e m e l i s i n
d e n e y i m i n i z i
s e r p m i ş i m
s ü z ü y o r   o l a c a ğ ı m
s e r p m i ş   m i y i m
y e r l e r i n i n
m a k i n e l e r
p a r ç a l a n ı r   o l a c a k m ı ş ı z
ü z g ü n   d e ğ i l m i ş
ö ğ ü t ü c ü y m ü ş s ü n ü z
s e r p m i y o r m u ş u m
b a m y a n a
d e ğ i ş m e l i s i n i z
g ö ç ü y o r   o l m a z d ı n ı z
s e r p m e z m i ş i z
k e f a l e t l e r
p a r ç a l a n
p a r ç a l a n a c a k   o l m a y a c a k m ı ş
g ö ç ü y o r   o l m a y a c a k m ı ş ı m
y e r i n
g ö ç e r
s e r p i y o r   o l m a y a c a k   m ı y d ı k
e r n e k t i l e r
p a r ç a l a n ı y o r   o l a c a k   m ı y d ı k
ö ğ ü t ü c ü s ü n d e n
s ü z ü y o r   o l m a m a l ı y d ı m
y a n   t ü m c e s i n e
h e n d e s e m i z e
s ü z ü y o r   o l m a l ı y d ı m
s e r p i y o r   o l m a l ı y m ı ş s ı n
d e ğ i ş m i ş t i
g ö ç m e m e l i y d i k
u s u l d a
p a r ç a l a n a c a k   m ı y d ı
s e r p i y o r   o l m a l ı y m ı ş s ı n ı z
g ö ç e r d i
d e ğ i ş i y o r   m u y d u
s e r p i y o r   o l a c a k s ı n
i s t i r i d y e l e r d e n
s ü z ü y o r   o l m a y a c a k m ı ş
h e n d e s e l e r i n d e
s e r p e r l e r
a y r ı m c ı l ı k l a r ı n a
p a r ç a l a n m e l i l e r
s ü z ü y o r   o l m a y a c a k m ı ş s ı n ı z
i s t i r i d y e m i z d e
s e r p m e m i ş
g ö ç m e y i n i z
y a n   t ü m c e y e
d e ğ i ş m e y e c e k l e r d i
s e r p m i ş   o l a c a k   m ı y ı z
y e r d e
d e ğ i ş i y o r u z
s e r p m e l i   m i y m i ş s i n i z
p a r ç a l a n m a z m ı ş ı z
s e r p m e m i ş s i n i z
d e ğ i ş i y o r   o l m a l ı y m ı ş
k u r b a ğ a c ı k l a r ı
m i l y o n e r l e r i n d e
g ö ç m ü ş   o l a c a k   m ı y ı m
s ü z ü y o r   o l m a m a l ı y d ı n ı z
ç i z g i n i z i
ö r d e k l e r i n i z i n
s e r p e c e k l e r   m i y d i
e r n e k l e r
d e ğ i ş m e y e c e k   m i y m i ş i z
d e ğ i ş m i ş m i ş i m
k u r b a ğ a c ı ğ ı n ı z d a
p a r ç a l a n ı y o r   o l a c a k   m ı y m ı ş
s e r p i y o r   m u y m u ş u m
g ö ç m e d i m
s e r p i y o r d u n
s ü z m e m e l i s i n i z
d e ğ i ş m e m e l i y m i ş s i n
p a r ç a l a n ı r l a r
b a m y a n ı z ı
k a t e g o r i m i z
a l f a   s ü r ü m ü
d e ğ i ş m i y o r l a r m ı ş
s e r p m e m i ş   m i y i m
b ü s t l e r i n e
a y r ı m c ı l ı k l a r ı n ı z d a n
e r n e k t i
a y r ı m c ı l ı k d ı l a r
p a r ç a l a n m ı ş   o l m a y a c a k l a r d ı
ç i z g i l e r i n d e
b a m y a y m ı ş s ı n
g ö ç e c e k   m i y m i ş i m
m i l y o n e r l e r d e n
s e r p i y o r   o l m a y a c a k m ı ş ı m
p a r ç a l a n a c a k   o l m a y a c a k   m ı y ı m
d e ğ i ş m e z s i n i z
p a r ç a l a n m a z l a r   m ı y m ı ş
g ö ç e c e k   o l a c a k   m ı y ı m
g ö ç e r   o l a c a k   m ı y m ı ş s ı n ı z
ö ğ ü t ü c ü y d ü n ü z
p a r ç a l a n m a m a l ı l a r   m ı y d ı
p a r ç a l a n m ı ş   o l a c a k
m i l y o n e r l e r d i
y e r l e r m i ş s i n i z
ö ğ ü t ü c ü l e r e
d e n e y i m i n i z e
d ü z e n l e n e b i l i r l i k l e r e
t o p o l o j i y e
p e n i s i m i z e
g ö ç e c e k   o l m a y a c a k l a r   m ı y m ı ş
p a r ç a l a n m a m ı ş ı m
g ö ç e c e k
b a k i r e l e r i n d e n
s e r p m e d i l e r   m i
s e r p e r   o l m a y a c a k m ı ş ı m
s ü z e c e k   m i s i n
y e r l e r
ç i z g i n i z i n
s e r p e r   m i y d i m
ö r d e k l e r i n d e
p a r ç a l a n ı r   o l m a y a c a k m ı ş ı m
s ü z m ü ş   o l a c a k
s e r p m e z s i n i z
s e r p e r l e r d i
y a n   t ü m c e n i z d e n
s e r p e r   o l m a y a c a k   m ı y m ı ş s ı n
m a k i n e l e r i n
s e r p m i y o r m u ş
m e f h u m u m u z a
d e n e y i m l e r i m i z e
k a t e g o r i n d e n
g ö ç e c e k   o l a c a k s ı n ı z
e r n e k l e r m i ş
d e ğ i ş m e z l e r   m i y m i ş
s ü z ü y o r   m u y u z
d e ğ i ş i y o r m u ş u z
p a r ç a l a n ı y o r   o l a c a k
p a r ç a l a n m a m ı ş   m ı y d ı
m a k i n e n d e
d e ğ i ş m e z d i
ü z g ü n   d e ğ i l d i l e r
b a k i r e l e r i m i z
d e ğ i ş m e m i ş t i m
p a r ç a l a n m a z l a r m ı ş
s ü z ü y o r   o l m a y a c a k t ı k
g ö ç m e d i l e r d i
p a r ç a l a n m a m a l ı   m ı y m ı ş ı z
d e ğ i ş e c e k   o l m a y a c a k   m ı s ı n
s e r p i y o r   o l m a y a c a k   m ı y d ı n
s e s t e ş e
b a m y a y d ı
k a t e g o r i n i z e
d e ğ i ş i r   m i y d i n i z
s e r p m e y e c e k   m i y i m
d e ğ i ş m e l i y d i n
d e ğ i ş m i ş   o l a c a k   m ı y d ı n
g ö ç m e y e c e k   m i
a v u k a t m ı ş s ı n ı z
s ü z e r   o l m a y a c a k m ı ş s ı n
s ü z d ü n   m ü
s e r p i y o r   o l m a m a l ı l a r   m ı
p a r ç a l a n m a z   m ı s ı n
s e r p m e m i ş   m i s i n i z
h e n d e s e l e r d e
p e n i s l e r i n i z
b a m y a s ı n d a n
ö ğ ü t ü c ü l e r m i ş s i n
g ö ç ü y o r d u
g ö ç ü y o r   o l a c a k
t e k i l   k a l ı p l a r a
d e ğ i ş i r   m i y i m
t o p o l o j i l e r i m i z i
p a r ç a l a n ı y o r   o l m a l ı   m ı y d ı m
d e ğ i ş i y o r   o l m a y a c a k l a r   m ı y m ı ş
s e r p i y o r   o l m a y a c a k m ı ş ı z
e r n e k l e r
g ö ç ü y o r   o l m a y a c a k   m ı y m ı ş s ı n
g ö ç m ü y o r   m u y m u ş s u n u z
d e ğ i ş m e m i ş   m i y d i
d e ğ i ş m i y o r m u ş s u n
p a r ç a l a n m a l ı   m ı y d ı k
b a k i r e n
k u r b a ğ a c ı k l a r ı n d a
p e n i s l e r i n i
p a r ç a l a n ı y o r   o l m a m a l ı   m ı y ı z
d e ğ i ş m e d i y d i n
p a r ç a l a n ı r   o l m a y a c a k   m ı y m ı ş ı m
p a r ç a l a n m a y a c a k l a r   m ı
m a k i n e n e
s ü z ü y o r   o l m a z   m ı y d ı n
e r n e k l e r i
s e r p i y o r   o l m a y a c a k   m ı y ı z
s ü z m e z   m i y m i ş s i n
b a m y a n ı z
p a r ç a l a n m ı ş   o l m a y a c a k   m ı y ı m
d e ğ i ş m e y e c e k   m i y d i n i z
d e n e y i m
g ö ç e c e k   o l a c a k l a r   m ı y m ı ş
y e r l e r d i m
k a t e g o r i l e r i m i z
g ö ç ü y o r   o l m a z   m ı y d ı k
p a r ç a l a n ı r   m ı s ı n ı z
d e ğ i ş m i y o r l a r d ı
p a r ç a l a n ı y o r   o l m a y a c a k   m ı y m ı ş s ı n
s e r p m e m e l i   m i y m i ş i m
s ü z ü y o r   o l m a z l a r   m ı y d ı
t e c r i t l e r i m i z e
d e ğ i ş i y o r   o l m a l ı l a r
p a r ç a l a n ı y o r   o l u r   m u y d u k
d e ğ i ş e c e k   o l a c a k m ı ş ı m
ç i z g i l e r i m i z d e n
i s t i r i d y e n i z e
g ö ç e r   m i y d i n
s ü z m e z d i m
d e ğ i ş m i ş   o l m a y a c a k l a r
s e r p m e y e c e k   m i y m i ş
s ü z ü y o r   o l m a y a c a ğ ı z
g ö ç m ü ş m ü ş ü z
p a r ç a l a n m ı ş t ı n ı z
p a r ç a l a n m a y a c a k s ı n ı z
g ö ç m e y e c e k   m i s i n i z
p a r ç a l a n ı y o r   o l a c a ğ ı z
s e r p m i ş   o l a c a k   m ı s ı n
t o p o l o j i l e r i n i
m e f h u m l a r ı n a
d e ğ i ş i y o r d u m
d e ğ i ş m e m e l i l e r   m i y m i ş
s ü z m e m e l i y d i m
p a r ç a l a n ı r m ı ş ı z
p a r ç a l a n a c a k   m ı y ı m
p a r ç a l a n a c a k   o l m a y a c a k   m ı s ı n ı z
y e r i n i z d e n
s e s t e ş i n i z i
s e r p m e d i y d i k
d e ğ i ş i y o r   o l m a y a c a k
g ö ç m e m i ş
k a t e g o r i l e r i n i z d e n
b ü s t l e r i m i z i n
p a r ç a l a n d ı l a r   m ı
g ö ç m ü ş   o l m a y a c a k t ı n
d e ğ i ş m e l i l e r
p a r ç a l a n ı y o r   o l m a y a c a k   m ı y m ı ş ı m
t e c r i d i n e
y a n   t ü m c e m i z d e
a y r ı m c ı l ı k l a r ı n ı
s ü z d ü   m ü y d ü n
b ü s t l e r i
p a r ç a l a n a c a k   o l m a y a c a k   m ı y m ı ş
d e ğ i ş t i   m i y d i m
k a t e g o r i m i z i
s e r p i y o r   o l m a l ı   m ı y d ı
ö ğ ü t ü c ü n ü z ü n
p a r ç a l a n a c a k m ı ş ı z
e r n e k l e r i m i z e
p a r ç a l a n a c a k   o l m a y a c a k
g ö ç m ü ş   o l m a y a c a k   m ı y d ı m
p a r ç a l a n ı y o r   o l m a m a l ı   m ı y m ı ş s ı n
p e n i s l e r i n e
e r n e ğ i m i z
p a r ç a l a n ı y o r   o l u r   m u y d u n
t e k i l   k a l ı p l a r ı n ı z
p a r ç a l a n a c a k   o l m a y a c a k   m ı
s e r p m i ş   o l m a y a c a k   m ı y d ı k
s ü z ü y o r m u ş u m
e r n e k m i ş s i n
s e r p e r   m i y i z
s e r p m i y o r
g ö ç e c e k m i ş s i n i z
b a k i r e l e r e
s ü z e r   o l a c a k m ı ş
y e r l e r d i n i z
ç i z g i l e r i n e
i s t i r i d y e l e r i m i z
g ö ç m e m e l i y m i ş
s e r p m e z l e r   m i
s e r p i y o r   o l a c a k t ı n
s ü z m e d i l e r   m i
k e f a l e t l e r d e
s ü z m ü ş m ü ş ü z
s e r p e c e k   o l m a y a c a k   m ı y ı z
s e r p m e d i n
s ü z m e d i   m i y d i n
p a r ç a l a n a c a k   o l a c a k s ı n ı z
p a r ç a l a n m ı ş   o l a c a ğ ı m
s e r p t i n i z
a v u k a t l a r d ı k
k u r b a ğ a c ı k l a r ı
s e r p i y o r   o l a c a k
s e r p m e z   m i y m i ş
g ö ç m e y e c e k   m i y m i ş
ü z g ü n   m ü s ü n ü z ?
s ü z e c e k   m i y i z
b a k i r e l e r m i ş s i n
e r n e k m i ş i z
g ö ç m e m i ş   m i
s e r p i y o r m u ş u z
ç i z g i l e r e
e r n e k t e n
d ü z e n l e n e b i l i r l i ğ i n i
m i l y o n e r l e r i m i z e
t e c r i d i n i
s e r p i y o r   o l m a m a l ı   m ı y m ı ş
s e r p m i ş s i n
ü z g ü n s ü n
m a k i n e n i z d e n
d e ğ i ş e c e k t i n i z
d e ğ i ş m i ş   o l a c a k s ı n
g ö ç m ü y o r d u n u z
p a r ç a l a n ı y o r   o l m a y a c a k t ı m
d e ğ i ş m i y o r l a r   m ı y m ı ş
b a k i r e l e r i n i z
s e r p m e z   m i y m i ş s i n
p a r ç a l a n a c a ğ ı z
d e ğ i ş m e m e l i   m i y d i n i z
a y r ı m c ı l ı ğ ı m ı z
s e r p m i ş
s ü z m e m i ş s i n i z
b a k i r e y i z
t e k i l   k a l ı b ı m ı z ı n
a v u k a t ı
d e ğ i ş i y o r   o l m a z l a r d ı
g ö ç m ü y o r   m u s u n u z
ö ğ ü t ü c ü l e r d i
g ö ç ü y o r   o l m a m a l ı y d ı k
d e ğ i ş i r   o l m a y a c a k m ı ş ı z
d e ğ i ş m e l i   m i y m i ş
m i l y o n e r l e r i m i z i n
b a m y a m ı z ı
p a r ç a l a n d ı l a r d ı
a y r ı m c ı l ı k l a r d a n
ç i z g i l e r d i n i z
d e ğ i ş m e m
g ö ç t ü k   m ü
k e f a l e t i n i
s e r p m e z   m i y d i m
s ü z e c e k   m i y m i ş i z
u s u l
d e ğ i ş e c e k   o l a c a k   m ı y m ı ş s ı n
k a t e g o r i l e r i m i z i n
a v u k a t ı z
d e ğ i ş m e m e l i y m i ş i m
ç i z g i l e r m i ş
a y r ı m c ı l ı k l a r ı m ı z ı
p a r ç a l a n m ı ş   m ı y m ı ş s ı n ı z
s ü z e r   o l m a y a c a k m ı ş ı m
ü z g ü n   d e ğ i l d i n i z
d e ğ i ş m e y e c e ğ i m
s e r p m i ş   o l m a y a c a k t ı n ı z
y e r i n i z i n
ö r d e k l e r
d e ğ i ş m e m i ş m i ş s i n
p a r ç a l a n a c a k t ı k
d e ğ i ş i y o r   o l m a z d ı
g ö ç e r m i ş s i n
s ü z m e m i ş   m i y i m
p a r ç a l a n m a m a l ı   m ı y d ı
t e k i l   k a l ı b ı m ı z d a
g ö ç e c e k m i ş i z
p a r ç a l a n d ı
t e k i l   k a l ı p l a r ı n d a
p a r ç a l a n ı y o r   o l m a l ı l a r d ı
g ö ç ü y o r   o l m a m a l ı   m ı y m ı ş ı z
d e n e y i m l e r i n d e
d e ğ i ş i y o r   o l m a m a l ı   m ı y m ı ş
s ü z e r   m i y m i ş i z
d e ğ i ş e c e k   o l a c a ğ ı m
s ü z m e m e l i y m i ş s i n i z
s e r p m e d i k   m i
s ü z m ü ş   o l m a y a c a k t ı k
g ö ç ü y o r   o l u r l a r   m ı y d ı
g ö ç m e z l e r d i
s ü z m e d i   m i y d i k
g ö ç ü y o r   o l m a l ı l a r   m ı
g ö ç m e m i ş   m i y m i ş s i n i z
ö ğ ü t ü c ü l e r i n e
s ü z m ü ş   o l a c a k   m ı
b a k i r e y m i ş s i n
s e r p i y o r
g ö ç m e l i l e r   m i y d i
g ö ç ü y o r   o l m a z   m ı y d ı n
p a r ç a l a n ı r ı m
s e r p e c e k   o l m a y a c a k l a r m ı ş
d ü z e n l e n e b i l i r l i ğ i n e
d e ğ i ş m e z s i n
p a r ç a l a n m e l i   m i s i n
m e f h u m a
ü z g ü n   m ü y d ü ?
ç i z g i l e r d i r
y a n   t ü m c e n i z e
g ö ç ü y o r   o l m a l ı y ı z
s e r p m i ş   o l m a y a c a k s ı n
ü z g ü n m ü ş
a v u k a t l a r d ı m
d e ğ i ş i y o r   o l m a l ı   m ı y ı z
a y r ı m c ı l ı k l a r ı n ı z a
ö r d e k l e r i n i z d e
d e n e y i m l e r i n i z i
a v u k a t l a r s ı n ı z
ö ğ ü t ü c ü l e r i n i z
d e ğ i ş e c e k   o l a c a k s ı n ı z
s ü z ü y o r   o l m a y a c a k   m ı y d ı n ı z
s ü z m e l i   m i
p a r ç a l a n a c a k l a r   m ı y d ı
d ü z e n l e n e b i l i r l i ğ i n i n
p a r ç a l a n ı y o r m u ş u m
k u r b a ğ a c ı k l a r ı m ı z
s e r p m i ş   o l m a y a c a k   m ı y d ı n ı z
g ö ç t ü
y a n   t ü m c e s i n i
s ü z e r   m i y d i m
d e ğ i ş m e z l e r   m i y d i
s ü z m ü y o r s u n u z
i s t i r i d y e l e r i m i z i
p a r ç a l a n m ı ş   o l a c a k   m ı s ı n
g ö ç e r m i ş s i n i z
s ü z ü y o r   m u y m u ş s u n
s e r p i y o r   o l m a y a c a k l a r m ı ş
g ö ç e c e k   o l m a y a c a k m ı ş s ı n ı z
g ö ç e c e k   o l a c a k   m ı y m ı ş ı z
s e r p i y o r   o l u r d u m
g ö ç ü y o r   o l m a m a l ı y ı z
t o p o l o j i l e r i n i n
m a k i n e n i z i n
s ü z ü y o r   m u y d u n u z
s e r p i y o r   o l m a z d ı n ı z
e r n e k l e r i z
m a k i n e l e r i m i z e
t o p o l o j i n i z
s ü z ü y o r m u ş u z
b a k i r e l e r
d e ğ i ş m e y e c e k m i ş s i n
s ü z m e m e l i l e r m i ş
s ü z ü y o r   o l m a l ı   m ı y d ı
ç i z g i l e r i n
g ö ç ü y o r   o l m a l ı y m ı ş ı m
k u r b a ğ a c ı k l a r ı n a
ü z g ü n   m ü y d ü m ?
d e ğ i ş i y o r   o l u r d u
s e r p e c e k t i n i z
p a r ç a l a n ı y o r   o l u r   m u y d u n u z
k a t e g o r i l e r i m i z e
p a r ç a l a n m a m ı ş
a y r ı m c ı l ı ğ ı n d a
s ü z ü y o r   o l m a y a c a k   m ı y m ı ş
s e r p m i ş   o l a c a k   m ı y d ı n
g ö ç ü y o r   o l m a m a l ı l a r
s ü z e r i z
g ö ç e r l e r
s ü z m ü ş l e r d i
s e r p m i ş t i
p a r ç a l a n m ı ş   o l m a y a c a k   m ı
s e r p e r m i ş i z
a y r ı m c ı l ı k l a r ı m ı z d a n
k a t e g o r i n e
ö ğ ü t ü c ü l e r
p a r ç a l a n ı y o r   m u y d u n u z
b a k i r e l e r d i n
g ö ç t ü n   m ü
m e f h u m u n u n
s e r p m e m e l i   m i
s ü z m e l i   m i y m i ş
d e ğ i ş m e y e c e ğ i z
s ü z d ü l e r d i
s e r p m e l i y d i m
a v u k a t t ı
k u r b a ğ a c ı k l a r ı n ı n
s e r p m e m e l i l e r   m i
s e s t e ş i n e
a v u k a t l a r ı n
d e ğ i ş m e m e l i l e r d i
g ö ç m ü ş   o l m a y a c a k s ı n
s e r p m e y e c e k m i ş i m
d e n e y i m d e n
s ü z m ü ş   o l a c a k   m ı y d ı
t e k i l   k a l ı b ı m ı z
d e ğ i ş m i ş   o l a c a k   m ı y ı z
g ö ç e r   m i s i n
t e k i l   k a l ı p l a r ı
h e n d e s e s i
g ö ç m ü ş   o l m a y a c a k l a r   m ı
ü z g ü n   m ü y d ü n ü z ?
a y r ı m c ı l ı k l a r
m i l y o n e r i n
s e s t e ş
s ü z m ü ş   m ü
b a m y a l a r m ı ş ı m
d e ğ i ş m i ş   m i s i n
s ü z m e m i ş m i ş i z
g ö ç m e y e c e k m i ş i z
d e ğ i ş i y o r   o l a c a k m ı ş ı z
g ö ç ü y o r   o l a c a ğ ı m
s e r p e c e k m i ş s i n
d e ğ i ş i y o r   o l m a y a c a k   m ı y d ı n ı z
m e f h u m l a r ı n
ü z g ü n d ü k
g ö ç m ü ş   m ü y ü m
m i l y o n e r l e r i n i z e
g ö ç m ü ş ü z
k e f a l e t i n i z i
d e ğ i ş i r   m i s i n
p a r ç a l a n ı y o r   o l u r d u m
p a r ç a l a n m a m ı ş l a r   m ı y m ı ş
s e r p t i   m i y d i n i z
p a r ç a l a n m ı y o r u m
d e ğ i ş m i ş s i n i z
s e r p i y o r   o l m a l ı   m ı s ı n
ö ğ ü t ü c ü l e r
m i l y o n e r l e r i n e
t e c r i t l e r i n i n
p a r ç a l a n ı y o r l a r m ı ş
d e ğ i ş i y o r   o l m a l ı y m ı ş s ı n
g ö ç m e z d i
s e r p i y o r   o l a c a k l a r   m ı y d ı
p a r ç a l a n ı n ı z
p a r ç a l a n a c a k   o l a c a k m ı ş
ö ğ ü t ü c ü l e r i n d e n
a l f a   s ü r ü m ü n ü n
p a r ç a l a n m e l i y i m
s e r p i y o r l a r d ı
s e r p m e y e c e k   m i y d i
p a r ç a l a n ı r d ı n ı z
g ö ç m e l i   m i s i n i z
b a m y a y m ı ş s ı n ı z
s ü z m e m i ş   m i s i n
p a r ç a l a n m a y a c a k t ı n ı z
g ö ç m e z
b ü s t ü n
d e ğ i ş i y o r   o l m a y a c a k m ı ş s ı n
s e r p e c e k   m i y d i
s e r p i y o r   m u s u n u z
b a k i r e l e r s i n
s ü z m ü y o r   m u y d u k
k a t e g o r i m i z d e
k u r b a ğ a c ı k l a r ı n a
m a k i n e d e
s ü z ü y o r   o l m a m a l ı s ı n ı z
d e ğ i ş i y o r   o l m a m a l ı l a r   m ı y m ı ş
g ö ç m ü ş   o l m a y a c a k   m ı s ı n
d e ğ i ş t i   m i
g ö ç m ü ş   o l m a y a c a ğ ı m
p a r ç a l a n ı r s ı n
g ö ç m e y i n
a y r ı m c ı l ı k l a r ı n ı
p a r ç a l a n a c a k   m ı y m ı ş s ı n
m a k i n e l e r i n d e
g ö ç ü y o r   o l m a m a l ı y m ı ş s ı n ı z
s e r p i y o r   o l m a y a c a ğ ı z
g ö ç ü y o r d u n
k e f a l e t l e r d e n
s e r p m e l i
ö r d e k l e r i n d e n
g ö ç e r s i n i z
e r n e k l e r i n i z d e n
s ü z e c e k   m i y d i k
d e ğ i ş m i ş l e r m i ş
s ü z m ü ş   o l m a y a c a ğ ı m
g ö ç e r   o l m a y a c a k m ı ş ı m
g ö ç e r   m i y m i ş i m
a v u k a t l a r ı n d a
ü z g ü n   d e ğ i l m i ş s i n i z
s e r p m i ş   o l m a y a c a k l a r   m ı
g ö ç m e d i k
d ü z e n l e n e b i l i r l i ğ i n
a y r ı m c ı l ı k m ı ş l a r
d e ğ i ş i y o r   o l u r l a r d ı
p a r ç a l a n ı r   o l m a y a c a k l a r m ı ş
s ü z m e y e c e k m i ş s i n i z
s ü z m e d i n   m i
ö ğ ü t ü c ü n e
p a r ç a l a n ı r   o l a c a k m ı ş ı m
p a r ç a l a n ı y o r   o l m a l ı   m ı y m ı ş ı z
a l f a   s ü r ü m ü n u
g ö ç m ü ş   m ü y d ü n ü z
