s ü z ü y o r d u n u z
k e f a l e t i n i z i
y e r l e r i n e
u s u l l a r
m e f h u m l a r ı n d a n
b a k i r e l e r
ç i z g i l e r d e
ç i z g i s i n i z
d e n e y i m i m i z i n
ç i z g i m i z e
a v u k a t ı n ı z ı
g ö ç m e m i ş s i n i z
b a m y a n ı
ö ğ ü t ü c ü l e r m i ş s i n i z
d e ğ i ş m e z d i m
m i l y o n e r l e r d i k
m i l y o n e r l e r i n e
d e ğ i ş m e l i y d i m
d e ğ i ş m e l i y m i ş
k u r b a ğ a c ı ğ ı n
k e f a l e t
s e r p i n
y e r i n i z d e
k u r b a ğ a c ı ğ ı n ı z
ç i z g i l e r m i ş s i n
p e n i s l e r i m i z
s ü z m ü y o r m u ş
k e f a l e t l e r i
p a r ç a l a n ı r l a r m ı ş
k a t e g o r i n i z
ö ğ ü t ü c ü l e r i n i z d e
b ü s t l e r i
s ü z m ü ş t ü n
g ö ç m e m e l i y i m
p a r ç a l a n m ı y o r u m
p a r ç a l a n a c a k l a r
a y r ı m c ı l ı k l a r ı m ı z a
b a k i r e n i z i
ö ğ ü t ü c ü l e r i
m a k i n e l e r i n e
p e n i s l e r i n i z d e n
b ü s t l e r i m i z i
ö ğ ü t ü c ü l e r
m i l y o n e r l e r i n e
m i l y o n e r l e r i n i n
t e c r i t l e r i n i n
k e f a l e t l e r i n i z e
m e f h u m l a r ı m ı z d a
m a k i n e l e r i n i z d e n
k e f a l e t i n d e
e r n e k s i n i z
m e f h u m d a
p a r ç a l a n ı r d ı
s e s t e ş l e r i n
m e f h u m u n u z
k e f a l e t l e r i n i z d e n
k u r b a ğ a c ı ğ ı m ı z d a n
d e n e y i m l e r i n
g ö ç ü y o r m u ş s u n u z
g ö ç m e m e l i y m i ş i z
d e ğ i ş i y o r l a r
t o p o l o j i n i z i
d e ğ i ş m e z m i ş i m
d e ğ i ş i y o r m u ş
d e n e y i m i n e
s e s t e ş l e r i n i n
s e s t e ş i n i
ç i z g i y i z
b a m y a s ı n ı z
e r n e k l e r i n i z d e
m i l y o n e r l e r
s e r p m e m i ş s i n
y e r l e r m i ş i m
ö ğ ü t ü c ü l e r i n d e n
d e ğ i ş i y o r d u
k e f a l e t i n d e
p a r ç a l a n m ı ş ı z
ç i z g i y m i ş i m
g ö ç m e z l e r m i ş
s e s t e ş i n i
d e n e y i m l e r i n i z d e
s e s t e ş i n i z d e n
s ü z ü y o r m u ş s u n
b ü s t l e r i m i z d e n
ö r d e k l e r i n i z e
g ö ç m e l i y m i ş s i n i z
p a r ç a l a n ı r d ı n ı z
h e n d e s e n i z d e n
m e f h u m l a r ı n ı z d a
e r n e ğ i m i z i n
d e ğ i ş m e m e l i y m i ş i z
ö ğ ü t ü c ü l e r m i ş i m
ç i z g i l e r i
y e r l e r i n
b a k i r e l e r
b a m y a l a r ı n d a n
m a k i n e l e r i n i n
k e f a l e t l e r i n i z i
m i l y o n e r i
h e n d e s e l e r i n i
e r n e k l e r i n d e n
s ü z
k u r b a ğ a c ı k l a r d a n
a v u k a t l a r m ı ş s ı n
s e r p m e l i y i m
i s t i r i d y e m i z d e n
k e f a l e t i n e
g ö ç m ü ş t ü k
h e n d e s e l e r i m i z i n
b a m y a l a r ı m ı z
p a r ç a l a n m a y a c a k t ı n ı z
y e r l e r i n i
t o p o l o j i l e r i n i
m a k i n e n i n
ç i z g i y i m
d ü z e n l e n e b i l i r l i k l e r i n d e n
s e r p m e z d i k
b ü s t ü n
p e n i s i n e
d e ğ i ş e c e k l e r
b a k i r e n d e n
p e n i s l e r i n i
t e c r i t l e r
b a k i r e l e r i n i z e
s ü z e c e k s i n
s ü z e r l e r m i ş
b a m y a n ı n
ö r d e ğ i n d e n
d e n e y i m l e r i n i
k a t e g o r i d e
e r n e k l e r m i ş s i n
s e s t e ş i
d e n e y i m i n i n
k a t e g o r i l e r i
d e ğ i ş m i y o r u z
p e n i s i n i z i
k a t e g o r i m i z d e
m a k i n e d e
s e s t e ş i n d e n
h e n d e s e
g ö ç m e z d i m
b a m y a l a r m ı ş s ı n ı z
d e n e y i m i n i z d e
m e f h u m l a r d a
b a m y a n ı z d a
t o p o l o j i m i z i
a y r ı m c ı l ı k l a r ı n ı
d e n e y i m l e r i n i n
e r n e k l e r i m i z i
y e r l e r i m i z d e n
g ö ç m e l i y d i m
t e c r i t l e r i n i
a v u k a t ı m ı z a
m i l y o n e r i n i n
d e ğ i ş m i y o r d u
a v u k a t ı n d a n
ö ğ ü t ü c ü l e r i m i z d e n
s ü z m e d i k
e r n e k s i n
d ü z e n l e n e b i l i r l i k l e r i
e r n e k l e r m i ş s i n i z
s ü z e c e k m i ş s i n i z
t e c r i d i n d e
m i l y o n e r l e r i m i z i
p e n i s i
i s t i r i d y e n d e
e r n e k l e r i n
s e r p m e l i l e r m i ş
ö r d e k l e r i n
p a r ç a l a n a c a ğ ı m
d ü z e n l e n e b i l i r l i ğ i m i z
p e n i s i m i z d e
a v u k a t ı n d a
a v u k a t l a r ı n
k u r b a ğ a c ı ğ ı
a y r ı m c ı l ı k l a r ı
s e s t e ş l e r i n i z d e n
s ü z ü y o r s u n
b a k i r e l e r m i ş
ç i z g i
g ö ç m e y e c e k t i
p a r ç a l a n a c a k t ı m
g ö ç m e z l e r
ç i z g i l e r d i k
ö ğ ü t ü c ü l e r i n i z i n
b a k i r e l e r m i ş
m i l y o n e r l e r i n i z i
ö r d e ğ i n i n
y e r i n d e
b a k i r e n e
h e n d e s e m i z d e n
h e n d e s e n d e
m e f h u m l a r ı n ı n
b ü s t l e r i n i
d e n e y i m l e r i
ç i z g i n i n
b a m y a l a r d ı k
d ü z e n l e n e b i l i r l i ğ i n e
m i l y o n e r i n i z i
b a k i r e y m i ş i m
ç i z g i l e r i n i z d e
y e r l e r d i k
s ü z m e z d i n i z
d e n e y i m l e r i n e
p a r ç a l a n a c a k
a y r ı m c ı l ı k d ı k
g ö ç e c e ğ i m
b a m y a n ı z d a n
t e c r i t l e r i n
m a k i n e m i z i n
e r n e k l e r i n i z e
a v u k a t ı n
k e f a l e t l e r d e n
m i l y o n e r l e r i
ö r d e ğ i
k e f a l e t l e r i m i z d e
s ü z m e d i y d i m
d e n e y i m l e r i m i z d e
p a r ç a l a n ı y o r m u ş
a v u k a t ı n d a n
b a m y a l a r ı
b a m y a l a r ı m ı z a
i s t i r i d y e l e r i n
ö r d e k l e r i n d e n
h e n d e s e y e
s e r p m e m i ş t i n
ç i z g i l e r i n i n
s e r p m i ş l e r
ç i z g i y i
a v u k a t l a r ı n ı z d a
e r n e ğ i n d e
m e f h u m l a r ı m ı z a
p a r ç a l a n ı y o r d u n u z
e r n e ğ i n i
a v u k a t l a r ı n ı z a
e r n e k l e r i n i z d e n
p e n i s i n d e
y e r l e r i n i
t e c r i d i n d e n
ö ğ ü t ü c ü n
k u r b a ğ a c ı k l a r ı n d a n
ç i z g i l e r m i ş
s e s t e ş i n i z
ö ğ ü t ü c ü m ü z ü n
d e n e y i m l e r i n i n
p e n i s i n
s e r p m i y o r u z
d e n e y i m l e r d e
g ö ç m e d i k
ç i z g i n i z
