s e r p m i ş l e r   m i y m i ş
b ü s t ü n e
s ü z ü y o r   o l m a l ı   m ı y d ı n
s e r p e c e k   o l m a y a c a k   m ı y m ı ş s ı n
s ü z e r m i ş
s ü z m ü y o r   m u y m u ş u z
p e n i s i n i z i n
i s t i r i d y e n i n
s ü z m e y e c e k   m i y d i m
g ö ç m e m e l i y m i ş s i n
s ü z ü y o r   o l m a l ı   m ı y ı z
s e r p e c e k   o l a c a ğ ı m
b ü s t ü n ü z ü n
s ü z e r s i n
t o p o l o j i l e r i m i z i n
s e r p m i ş   o l m a y a c a k t ı k
s e r p m i ş   m i y d i n
k u r b a ğ a c ı k l a r ı n ı n
s ü z e c e k   o l a c a ğ ı m
g ö ç e c e k   o l a c a k   m ı y ı z
g ö ç ü y o r   o l m a l ı y d ı n ı z
p a r ç a l a n m ı ş   m ı y d ı n
e r n e k l e r d i m
s ü z m e l i   m i s i n
g ö ç e r   o l m a y a c a k   m ı y m ı ş ı z
d e ğ i ş m i ş   o l m a y a c a k   m ı s ı n
s e r p e c e k   o l a c a k   m ı s ı n ı z
ç i z g i y i m
s e r p m e m i ş l e r m i ş
s ü z ü y o r   o l a c a k   m ı y m ı ş ı m
s ü z e c e k   o l a c a k m ı ş
s ü z e c e k   o l a c a ğ ı z
s e r p i y o r   o l m a y a c a k   m ı s ı n
d e ğ i ş i y o r   o l a c a k m ı ş ı z
s ü z ü y o r   o l a c a k   m ı s ı n ı z
s e r p m e d i y d i n
d e ğ i ş e c e k   m i y d i n i z
s ü z ü y o r   o l a c a k   m ı y m ı ş ı z
g ö ç m ü ş   m ü y d ü n ü z
p a r ç a l a n m a z d ı
d e ğ i ş i y o r   o l m a l ı   m ı y d ı n ı z
s e r p e c e k   o l a c a ğ ı z
p a r ç a l a n ı r   o l a c a k m ı ş ı m
g ö ç m e m e l i s i n
s e r p i y o r   o l m a l ı y d ı n ı z
d e ğ i ş i r   m i y m i ş i m
g ö ç ü y o r   o l m a y a c a k   m ı y d ı n ı z
s e r p e r   m i y m i ş i m
s ü z e c e k   o l m a y a c a k m ı ş
s ü z m e z m i ş s i n
s ü z e c e k m i ş
s ü z m e z   m i y m i ş s i n i z
k u r b a ğ a c ı k l a r ı n ı z d a
s ü z e c e k   o l m a y a c a k   m ı s ı n
k e f a l e t i n d e
s e r p e c e k   m i
s ü z e r m i ş i z
p a r ç a l a n a c a k   m ı y d ı k
d e n e y i m i n d e
d e n e y i m i n d e n
s e r p e c e k s i n
t e k i l   k a l ı b ı
p a r ç a l a n ı y o r   m u
s ü z e r   m i y m i ş s i n i z
d e ğ i ş m i y o r u m
s e s t e ş l e r i n i z i
d e ğ i ş m e m i ş i m
k e f a l e t l e r e
g ö ç ü y o r   o l m a m a l ı y d ı m
p a r ç a l a n m a l ı l a r   m ı y m ı ş
g ö ç ü y o r   o l m a m a l ı   m ı y ı z
h e n d e s e l e r i n d e
d e ğ i ş e c e k   o l m a y a c a k s ı n ı z
d e ğ i ş m i ş   o l m a y a c a k   m ı y d ı n ı z
d e n e y i m i
s e r p i y o r   o l m a m a l ı y ı z
s ü z ü y o r   o l m a z   m ı y d ı k
s e r p m i y o r u z
s ü z m ü ş   o l m a y a c a k t ı n
s ü z e c e k s i n
s ü z ü y o r   o l a c a k l a r   m ı
s e r p m i ş   m i s i n
k e f a l e t i n d e
g ö ç m e m e l i   m i
s ü z e c e k m i ş s i n
s ü z e r   o l m a y a c a k   m ı y m ı ş ı m
s ü z e c e k   m i y m i ş s i n
s ü z ü y o r   o l a c a k m ı ş ı z
ç i z g i y m i ş l e r
s ü z m e m e l i   m i y d i m
s ü z m e m e l i   m i y d i
d ü z e n l e n e b i l i r l i ğ i m i z i
s ü z ü y o r   o l m a y a c a k l a r m ı ş
d e ğ i ş m i ş   m i s i n
d e ğ i ş m i y o r u z
s e r p m e y i n
s e r p m i y o r   m u y m u ş
g ö ç e r   o l m a y a c a k m ı ş ı z
g ö ç ü y o r   o l m a m a l ı y ı m
s ü z m ü ş   o l m a y a c a k   m ı y d ı n ı z
k e f a l e t t e
e r n e k l e r i n d e
p a r ç a l a n m a d ı n ı z
g ö ç e c e k   o l a c a k m ı ş s ı n ı z
s ü z ü y o r   o l m a l ı   m ı y d ı n ı z
t e c r i d i n d e n
s ü z e c e k m i ş i z
s ü z m e m e l i   m i y i z
s e r p i y o r   o l a c a k m ı ş s ı n ı z
k e f a l e t i n i
s ü z m e d i n
s e r p e c e k   o l m a y a c a k s ı n ı z
p e n i s i n d e n
p a r ç a l a n m ı ş   o l a c a k   m ı s ı n ı z
g ö ç m e m e l i   m i y d i n i z
p a r ç a l a n a c a ğ ı m
h e n d e s e l e r
p a r ç a l a n m ı ş ı z
g ö ç ü y o r   o l m a m a l ı l a r   m ı y d ı
s ü z e c e k   o l m a y a c a k s ı n ı z
s e r p i y o r   o l m a m a l ı   m ı y ı z
p a r ç a l a n ı y o r   o l a c a k l a r   m ı
s e s t e ş i n e
p a r ç a l a n m ı ş   o l m a y a c a k   m ı y d ı n ı z
s e r p i y o r   o l m a m a l ı s ı n ı z
d e ğ i ş m e z m i ş i m
s ü z ü y o r   o l m a l ı y d ı n ı z
s e r p m i ş   m i y m i ş i z
p a r ç a l a n m a d ı y d ı k
s ü z ü y o r   o l m a y a c a k   m ı s ı n
d e ğ i ş m i ş l e r m i ş
p a r ç a l a n m a y a c a k l a r   m ı y d ı
y e r l e r d i r
d e ğ i ş e c e k   o l a c a ğ ı z
s ü z m ü ş l e r m i ş
p a r ç a l a n m a l ı   m ı y m ı ş ı m
d e ğ i ş e c e k   o l a c a k m ı ş s ı n ı z
s e r p e r m i ş i z
s ü z e r   o l m a y a c a k   m ı y m ı ş s ı n
p a r ç a l a n ı y o r   o l m a l ı l a r
p a r ç a l a n d ı y d ı
s e r p m i ş l e r m i ş
g ö ç ü y o r u z
p a r ç a l a n m a m a l ı   m ı y d ı m
k e f a l e t i n i n
m e f h u m u m u z d a
s e r p e c e k m i ş s i n
s ü z ü y o r   o l m a m a l ı y ı z
s ü z m e z s i n
p a r ç a l a n a c a k   o l a c a k   m ı s ı n
s ü z m e z   m i y m i ş i m
s e r p m e z   m i y m i ş i m
p a r ç a l a n ı y o r   o l m a l ı l a r m ı ş
t e c r i t l e r i n e
k e f a l e t i n i z i n
s ü z m e m e l i   m i y m i ş s i n
s ü z ü y o r   o l u r l a r   m ı y d ı
p a r ç a l a n ı y o r   o l a c a k t ı k
d e ğ i ş i r   m i y m i ş
p a r ç a l a n m ı ş   o l a c a k l a r   m ı y d ı
p a r ç a l a n ı r l a r m ı ş
s ü z m e z
s e r p m e m e l i   m i y d i n i z
s ü z ü y o r   m u y m u ş u m
s ü z m e l i   m i y m i ş i z
p a r ç a l a n ı y o r   o l m a y a c a k   m ı y m ı ş s ı n ı z
p a r ç a l a n a c a k   o l a c a k m ı ş
p a r ç a l a n m ı y o r   m u y d u m
s ü z ü y o r   o l m a m a l ı s ı n ı z
e r n e k t i m
s ü z ü y o r   o l m a z l a r d ı
s ü z m e y e c e k m i ş s i n i z
s ü z ü y o r   o l a c a k   m ı
s e s t e ş i n i z i n
s ü z m e m i ş i m
d e ğ i ş m e z   m i y m i ş i m
p a r ç a l a n m ı ş   o l a c a k   m ı y ı m
t e c r i d i n d e
k e f a l e t i n i z i
d e ğ i ş i y o r   o l m a l ı   m ı
g ö ç m e m i ş i z
g ö ç m ü y o r l a r
ç i z g i y i
s ü z ü y o r   o l m a l ı   m ı
s ü z m ü ş   m ü y d ü n
s ü z m e m i ş   m i s i n i z
d ü z e n l e n e b i l i r l i ğ i n i z d e
s e r p e c e k   o l a c a k m ı ş s ı n ı z
e r n e ğ i n i
p a r ç a l a n a c a k t ı
p a r ç a l a n m a y a c a k   m ı y m ı ş ı z
g ö ç m e m i ş t i m
s e r p e r l e r   m i
d e n e y i m i n d e n
d e n e y i m i n i n
p a r ç a l a n m a l ı   m ı y m ı ş s ı n ı z
d e ğ i ş m e m i ş   m i y m i ş s i n i z
s ü z m e z d i
d e n e y i m i m i z i n
p a r ç a l a n m ı ş   o l a c a k t ı n ı z
m a k i n e m i z e
d e ğ i ş m e m i ş   m i s i n
d e ğ i ş m e m e l i   m i y m i ş
s ü z m e m e l i   m i y d i n i z
b ü s t ü n ü
p a r ç a l a n a c a k   m ı y m ı ş s ı n
k a t e g o r i n i z i n
d e ğ i ş m e m e l i   m i y m i ş i z
ö r d e ğ i n d e n
g ö ç m e m e l i y m i ş i z
s e r p i y o r   o l u r l a r   m ı y d ı
s e r p e r s i n
d e ğ i ş i y o r u m
s e r p m e z l e r   m i y m i ş
t o p o l o j i n i n
p a r ç a l a n ı y o r   o l m a l ı
p a r ç a l a n ı y o r   o l m a l ı   m ı
p a r ç a l a n a c a k l a r
s e r p m e d i   m i y d i n i z
p a r ç a l a n m a z s ı n
d e ğ i ş m i ş   m i y d i n
d e n e y i m i n e
p a r ç a l a n m a z
p a r ç a l a n ı r s ı n
s e r p m e y e c e k   m i y m i ş i z
k e f a l e t i n i n
s e r p m i ş t i
a v u k a t t ı k
d e n e y i m i n e
d e ğ i ş m e m e l i y m i ş
s e r p e r   o l a c a k m ı ş s ı n
s ü z m e
h e n d e s e n i z e
p a s k a l y a   t a v ş a n ı n a
p a r ç a l a n a c a k   o l m a y a c a k   m ı s ı n
s e r p m e m e l i   m i
b a m y a y m ı ş l a r
b a m y a l a r s ı n ı z
g ö ç m ü y o r m u ş u m
d e n e y i m i n
d e ğ i ş i r m i ş
d e ğ i ş i r   o l m a y a c a k l a r   m ı y m ı ş
p a r ç a l a n m ı ş   o l m a y a c a k t ı k
p a r ç a l a n ı y o r   m u y m u ş u z
ç i z g i y m i ş i m
p a r ç a l a n m a m ı ş l a r   m ı y m ı ş
d e n e y i m d e n
d e ğ i ş i y o r   o l u r l a r   m ı y d ı
t e k i l   k a l ı b ı n ı n
m a k i n e n i n
k e f a l e t i n e
d e ğ i ş m e m i ş   m i
p a r ç a l a n ı n ı z
h e n d e s e n d e n
p a r ç a l a n a c a k m ı ş s ı n ı z
p a r ç a l a n ı r s ı n ı z
s ü z e r   m i s i n i z
p a r ç a l a n a c a k   o l m a y a c a ğ ı z
s e r p e r   o l m a y a c a k m ı ş ı z
p a r ç a l a n ı y o r m u ş
p a r ç a l a n m a m ı ş t ı m
ö r d e k t e
e r n e ğ i m i z i n
d ü z e n l e n e b i l i r l i ğ i m i z
e r n e k l e r d i r
k u r b a ğ a c ı ğ ı m ı z d a
s ü z m ü y o r l a r   m ı
p a r ç a l a n ı r d ı n ı z
s e r p e r d i n
p a r ç a l a n a c a k m ı ş s ı n
p a r ç a l a n ı y o r   o l m a y a c a k   m ı s ı n
p a r ç a l a n m a z   m ı y m ı ş ı m
s ü z m e d i   m i
d e ğ i ş m i y o r m u ş u z
p a r ç a l a n m a m ı ş l a r   m ı y d ı
p a r ç a l a n m ı y o r l a r d ı
d e ğ i ş i r   o l m a y a c a k   m ı y m ı ş ı z
d e ğ i ş i r   o l a c a k m ı ş ı z
s ü z m ü y o r d u k
p a r ç a l a n ı y o r s u n u z
p a r ç a l a n m e l i y i z
m e f h u m u n u z
m a k i n e m i z d e n
p a r ç a l a n m a y ı n
a v u k a t t ı n
g ö ç ü n
p a r ç a l a n a c a k m ı ş
s e r p m i y o r m u ş u z
s ü z m e m i ş   m i y i z
d e n e y i m i n d e
d e ğ i ş i y o r
k u r b a ğ a c ı ğ ı n d a n
p a r ç a l a n a c a k   m ı y m ı ş s ı n ı z
y e r m i ş l e r
s e r p m e m i ş m i ş i z
p a r ç a l a n ı y o r l a r m ı ş
s ü z m e z l e r   m i y m i ş
k a t e g o r i d e
a y r ı m c ı l ı ğ ı n d a n
m i l y o n e r i m i z i n
s e r p e r   o l a c a k m ı ş ı m
s ü z m e d i n   m i
s ü z m e m i ş m i ş i z
p a r ç a l a n m a m ı ş l a r   m ı
s e r p m i y o r l a r   m ı
m a k i n e n i n
d e ğ i ş m e d i n   m i
p a r ç a l a n m a d ı y d ı m
p a r ç a l a n ı r   m ı y ı z
s ü z d ü   m ü
m e f h u m u m u z
p a r ç a l a n ı r l a r   m ı
a y r ı m c ı l ı k m ı ş ı z
s ü z m ü y o r m u ş s u n u z
d e ğ i ş t i   m i
m a k i n e n i
s e r p t i y d i m
s e r p e r   m i y d i n
s ü z m ü y o r l a r d ı
b a m y a y ı z
a l f a   s ü r ü m l e r i n i n
s ü z ü y o r   o l u r l a r d ı
t e k i l   k a l ı b ı m ı z
s e r p t i n i z   m i
m e f h u m u n u n
ç i z g i y i z
p a r ç a l a n d ı y d ı k
p a r ç a l a n m ı y o r m u ş u m
s ü z d ü y d ü n
p a r ç a l a n m a m
s ü z d ü n
d e ğ i ş m i y o r m u ş u m
d ü z e n l e n e b i l i r l i ğ e
s ü z e r l e r   m i y m i ş
s ü z d ü y d ü k
a v u k a t t a n
t e k i l   k a l ı p
a l f a   s ü r ü m l e r i n e
y a n   t ü m c e s i n d e n
ö ğ ü t ü c ü d e
g ö ç t ü n ü z   m ü
b a m y a m ı z d a
i s t i r i d y e d e n
s e s t e ş t e
p a r ç a l a n m ı ş   o l m a y a c a k   m ı
p a r ç a l a n m a m ı ş   m ı y ı z
d ü z e n l e n e b i l i r l i k t e n
e r n e k m i ş s i n i z
b a m y a s ı n ı n
u s u l l a r
u s u l u
ö ğ ü t ü c ü y ü m
m i l y o n e r m i ş l e r
p e n i s t e n
m a k i n e d e
a l f a   s ü r ü m ü n d e n
m e f h u m u m u z u
ç i z g i
ç i z g i y m i ş i z
ç i z g i y m i ş
s ü z d ü l e r d i
g ö ç t ü n   m ü
y a n   t ü m c e d e n
g ö ç m ü ş   m ü y ü m
s ü z d ü k   m ü
d e n e y i m i n i
p a r ç a l a n ı y o r   o l m a l ı l a r   m ı y d ı
y a n   t ü m c e s i
s ü z m e d i m   m i
d e ğ i ş t i k   m i
ç i z g i s i n i n
s ü z
s e r p i y o r   o l m a y a c a k l a r   m ı
t e c r i t
s e r p m e m i ş   m i y i z
s e r p t i   m i y d i n i z
s e r p e c e k   o l m a y a c a k m ı ş ı z
s e r p m i ş   o l a c a k t ı
s e r p i y o r   o l u r d u k
s e r p i y o r   o l m a y a c a k   m ı y m ı ş ı z
s e r p m e z   m i y d i k
s e r p i y o r m u ş u m
s e r p m e l i   m i y m i ş s i n
s e r p m e m i ş   m i y d i n i z
s e r p t i m
s e r p i y o r   o l a c a k l a r   m ı y d ı
s e r p t i   m i y d i
s e r p m e d i y d i n i z
s e r p i y o r   o l m a y a c a k   m ı y m ı ş
s e r p m e y e c e k t i n
s e r p i y o r   o l m a y a c a k t ı n
s e r p m i y o r   m u s u n u z
s e r p e r d i m
s e r p i y o r   o l m a m a l ı l a r
s e r p e c e k   o l m a y a c a k m ı ş s ı n
s e r p i y o r   o l m a m a l ı   m ı y d ı n
s e r p m e y e c e k m i ş i m
s e r p m i ş   o l m a y a c a k   m ı s ı n ı z
s e r p m e y e c e ğ i z
s e r p i y o r   o l m a l ı y d ı k
s e r p e c e k s i n i z
s e r p m e m e l i   m i s i n
s e r p i y o r   o l m a m a l ı   m ı s ı n ı z
s e r p m e m e l i y d i n i z
s e r p e r   m i y i m
s e r p m e l i   m i y i z
s e r p m e l i   m i y m i ş
s e r p m i ş m i ş i m
s e r p m i y o r l a r   m ı y m ı ş
s e r p i y o r   o l m a m a l ı   m ı
s e r p m e d i
s e r p m i ş l e r d i
s e r p m e k
s e r p e r m i ş s i n
s e r p m e y e c e k   m i s i n i z
s e r p m i ş   o l a c a k l a r
s e r p m i ş   o l m a y a c a k   m ı y d ı m
s e r p m i ş m i ş
s e r p m e z l e r   m i y d i
s e r p m i ş   o l m a y a c a k l a r   m ı y d ı
s e r p i y o r   o l m a l ı   m ı y ı m
s e r p m i ş   o l m a y a c a k l a r   m ı
s e r p i y o r   o l m a l ı   m ı y d ı k
s e r p i y o r   o l m a l ı y ı m
s e r p i y o r   o l m a y a c a k t ı
s e r p m e d i   m i y d i n
s e r p e r   m i s i n
s e r p e c e k   o l a c a k s ı n
s e r p i y o r   o l m a m a l ı l a r d ı
s e r p m i y o r l a r m ı ş
s e r p m e l i l e r   m i
s e r p m e y e c e k   m i y d i
s e r p m i ş   o l a c a k   m ı y d ı n
s e r p i y o r l a r d ı
s e r p e c e k   o l a c a k s ı n ı z
s e r p i y o r   o l m a y a c a k t ı n ı z
s e r p e r   o l a c a k   m ı y m ı ş s ı n
s e r p e c e k   o l m a y a c a k   m ı y m ı ş ı m
s e r p m e d i l e r d i
s e r p m i y o r   m u y m u ş u m
s e r p i y o r   m u y m u ş s u n u z
s e r p m e l i
s e r p m e z   m i y i z
s e r p e r   m i y d i n i z
s e r p e c e k   o l m a y a c a k l a r
s e r p m e m i ş m i ş i m
s e r p i y o r   o l a c a ğ ı m
s e r p i y o r   o l u r d u n u z
s e r p m e m i ş m i ş s i n i z
s e r p e r m i ş s i n i z
s e r p m e m i ş t i k
m i l y o n e r l e r d i n
m i l y o n e r m i ş
d e ğ i ş m e m e l i y m i ş i z
ö ğ ü t ü c ü
ö ğ ü t ü c ü l e r d i n
ö ğ ü t ü c ü l e r d i n i z
y e r d i n i z
s ü z m ü y o r m u ş
d e ğ i ş m i ş   m i y m i ş i z
e r n e ğ i m
a l f a   s ü r ü m l e r i n d e n
d e n e y i m e
p a r ç a l a n m a d ı k   m ı
p a r ç a l a n ı y o r   m u y d u
p a r ç a l a n ı y o r   o l m a m a l ı y m ı ş ı z
p a r ç a l a n a c a k   m ı y ı z
p a r ç a l a n a c a k l a r m ı ş
p a r ç a l a n ı y o r   o l m a m a l ı l a r
p a r ç a l a n ı y o r   o l m a m a l ı   m ı y d ı k
p a r ç a l a n m ı ş l a r d ı
p a r ç a l a n m a z l a r d ı
p a r ç a l a n ı y o r d u m
p a r ç a l a n ı y o r   o l m a l ı y m ı ş s ı n ı z
p a r ç a l a n ı y o r   o l m a m a l ı   m ı y d ı n
p a r ç a l a n m a l ı y m ı ş ı z
p a r ç a l a n ı y o r l a r d ı
p a r ç a l a n a c a k   o l a c a k   m ı y m ı ş ı m
p a r ç a l a n m ı ş   o l a c a k t ı
p a r ç a l a n ı y o r   o l m a l ı   m ı y m ı ş ı z
p a r ç a l a n a c a k   o l m a y a c a k m ı ş ı z
p a r ç a l a n ı r   o l m a y a c a k l a r m ı ş
p a r ç a l a n m ı y o r   m u y m u ş s u n u z
p a r ç a l a n m ı ş m ı ş
p a r ç a l a n a c a k t ı n
p a r ç a l a n ı y o r   o l u r d u m
p a r ç a l a n a c a k   o l m a y a c a k m ı ş s ı n
p a r ç a l a n m ı ş   o l m a y a c a k s ı n
p a r ç a l a n ı y o r   o l m a y a c a k   m ı y m ı ş
p a r ç a l a n ı y o r   o l a c a k t ı n ı z
p a r ç a l a n m a m ı ş l a r d ı
p a r ç a l a n a c a k   o l m a y a c a k l a r m ı ş
p a r ç a l a n m a m ı ş m ı ş s ı n ı z
p a r ç a l a n ı r   m ı y m ı ş ı z
p a r ç a l a n m ı y o r   m u
p a r ç a l a n m a z   m ı y d ı k
p a r ç a l a n ı y o r   o l m a z d ı n
p a r ç a l a n d ı   m ı y d ı n ı z
p a r ç a l a n ı r   m ı y d ı n ı z
p a r ç a l a n ı r   o l m a y a c a k m ı ş s ı n
p a r ç a l a n a c a k   o l a c a k
p a r ç a l a n ı y o r   o l a c a k   m ı y m ı ş s ı n ı z
p a r ç a l a n m a z   m ı y m ı ş
p a r ç a l a n m e l i
p a r ç a l a n m a y a c a k   m ı y m ı ş ı m
p a r ç a l a n m a l ı   m ı y m ı ş
p a r ç a l a n a c a k   m ı s ı n ı z
p a r ç a l a n m ı ş   o l m a y a c a k   m ı y d ı m
p a r ç a l a n ı y o r   o l m a y a c a k m ı ş s ı n
p a r ç a l a n m ı ş   m ı
p a r ç a l a n m a y a c a ğ ı z
p a r ç a l a n ı r m ı ş s ı n
p a r ç a l a n ı y o r   o l m a y a c a k
p a r ç a l a n m a m ı ş m ı ş ı m
p a r ç a l a n m ı ş   o l m a y a c a k   m ı y ı z
p a r ç a l a n m ı ş m ı ş s ı n ı z
p a r ç a l a n ı y o r   m u y d u n u z
p a r ç a l a n ı y o r   o l a c a k l a r   m ı y d ı
p a r ç a l a n m a m e l i   m i s i n i z
p a r ç a l a n ı r ı z
p a r ç a l a n ı y o r   o l m a l ı y ı z
p a r ç a l a n ı r m ı ş ı m
p a r ç a l a n ı y o r   o l m a m a l ı   m ı y m ı ş
p a r ç a l a n ı y o r   o l m a l ı   m ı y d ı k
p a r ç a l a n m a y a c a k t ı n
p a r ç a l a n d ı   m ı
ö ğ ü t ü c ü y m ü ş s ü n
d e ğ i ş e c e k   m i y i z
d e ğ i ş m e y e c e k   m i s i n i z
d e ğ i ş m i ş   o l m a y a c a k   m ı y d ı m
d e ğ i ş m e y e c e ğ i z
d e ğ i ş i y o r   o l m a z   m ı y d ı n
d e ğ i ş m i ş l e r d i
d e ğ i ş i r d i m
d e ğ i ş i y o r   o l m a y a c a k   m ı y d ı
d e ğ i ş i y o r   o l m a m a l ı y d ı n ı z
d e ğ i ş m i ş s i n i z
d e ğ i ş e c e k s i n i z
d e ğ i ş m i ş   o l a c a k   m ı y ı z
d e ğ i ş i y o r   o l m a z d ı n
d e ğ i ş m i y o r
d e ğ i ş e c e k   m i y i m
d e ğ i ş i r   m i y d i k
d e ğ i ş i y o r   o l m a m a l ı l a r
d e ğ i ş i y o r   m u y u z
d e ğ i ş i r   o l m a y a c a k   m ı y m ı ş
d e ğ i ş i y o r   o l m a m a l ı   m ı y d ı k
d e ğ i ş m e l i   m i y m i ş s i n
d e ğ i ş i r i z
d e ğ i ş e c e k   o l a c a k
d e ğ i ş i y o r   o l a c a k   m ı y m ı ş
d e ğ i ş e c e k t i n
d e ğ i ş m e m e l i y i z
d e ğ i ş e c e k   m i s i n i z
d e ğ i ş m i y o r   m u y m u ş u m
d e ğ i ş i y o r   o l m a y a c a k t ı
d e ğ i ş m e y e c e k t i n
d e ğ i ş i y o r   o l a c a k   m ı y ı z
d e ğ i ş i r   m i y m i ş i z
d e ğ i ş i r   m i s i n
d e ğ i ş i r m i ş i m
d e ğ i ş i y o r   o l u r   m u y d u n u z
d e ğ i ş i y o r l a r d ı
d e ğ i ş i y o r   o l m a l ı y ı z
d e ğ i ş e c e k   o l m a y a c a k l a r   m ı y m ı ş
d e ğ i ş i y o r   o l m a l ı   m ı y m ı ş ı z
d e ğ i ş m i ş   o l a c a k t ı n
d e ğ i ş m e z   m i y i z
d e ğ i ş m e y e c e k   m i y i m
d e ğ i ş m i ş   o l a c a k   m ı y d ı
d e ğ i ş i r m i ş s i n i z
d e ğ i ş i y o r   o l a c a k   m ı y d ı k
d e ğ i ş m i y o r s u n
d e ğ i ş m e m e l i l e r d i
d e ğ i ş e c e k   o l m a y a c a k l a r
d e ğ i ş i y o r   o l m a l ı y m ı ş s ı n ı z
d e ğ i ş m e m i ş   m i y d i k
d e ğ i ş e c e k   o l a c a k   m ı y m ı ş ı m
d e ğ i ş m i ş   o l m a y a c a k t ı m
d e ğ i ş m e z   m i s i n i z
d e ğ i ş m e z   m i y d i k
d e ğ i ş m e m i ş
d e ğ i ş i y o r   o l m a m a l ı y m ı ş ı z
d e ğ i ş i y o r   o l a c a k l a r   m ı y d ı
d e ğ i ş m i ş m i ş s i n i z
d e ğ i ş i r   o l a c a k m ı ş s ı n ı z
d e ğ i ş i y o r   o l m a y a c a k m ı ş s ı n
d e ğ i ş m e m i ş l e r d i
d e ğ i ş m e z m i ş i z
d e ğ i ş i r   o l a c a k   m ı y m ı ş s ı n
d e ğ i ş m i ş   o l m a y a c a k s ı n
d e ğ i ş e c e k   o l a c a k   m ı y m ı ş ı z
d e ğ i ş m i ş m i ş s i n
d e ğ i ş i y o r   o l m a l ı y m ı ş s ı n
d e ğ i ş e c e k   o l m a y a c a k   m ı y m ı ş ı m
d e ğ i ş m e m e l i s i n i z
d e ğ i ş m e z   m i y d i
d e ğ i ş e c e k   o l a c a k   m ı y m ı ş
d e ğ i ş m e l i   m i y d i k
d e ğ i ş i r   o l m a y a c a k m ı ş
d e ğ i ş i y o r   o l m a y a c a k   m ı y ı z
d e ğ i ş i y o r   o l m a y a c a k   m ı y d ı m
d e ğ i ş e c e k   o l m a y a c a k l a r   m ı
d e ğ i ş m e l i y m i ş i m
d e ğ i ş i r   o l m a y a c a k m ı ş s ı n
d e ğ i ş i y o r   o l a c a k m ı ş s ı n
a l f a   s ü r ü m ü n ü n
b a k i r e y m i ş
b a k i r e l e r d i
b a k i r e l e r d i n
d e ğ i ş t i l e r
ü z g ü n   m ü y m ü ş s ü n ?
ü z g ü n   d e ğ i l m i ş l e r
ü z g ü n   d e ğ i l d i m
ü z g ü n d ü n
ü z g ü n   d e ğ i l   m i y d i k ?
ü z g ü n   d e ğ i l i z
ü z g ü n   d e ğ i l m i ş s i n i z
ü z g ü n   d e ğ i l   m i y d i n ?
ü z g ü n   m ü y d ü k ?
ü z g ü n ü m
ü z g ü n d ü k
ü z g ü n   d e ğ i l d i n
ü z g ü n   d e ğ i l   m i y m i ş i z ?
ü z g ü n   d e ğ i l m i ş i m
ü z g ü n   d e ğ i l   m i y m i ş i m ?
ü z g ü n   d e ğ i l   m i s i n i z ?
ü z g ü n   m ü y d ü n ü z ?
s ü z ü y o r   o l m a m a l ı   m ı y d ı m
s ü z d ü   m ü y d ü
s ü z e c e k   o l a c a k   m ı y m ı ş ı m
s ü z m e y e c e k   m i y m i ş
s ü z e c e k   o l a c a k s ı n ı z
s ü z e r   o l a c a k   m ı y m ı ş s ı n
s ü z ü y o r   o l m a m a l ı l a r d ı
s ü z e r i z
s ü z m e m i ş t i k
s ü z ü y o r   o l a c a k   m ı y ı m
s ü z m ü ş   o l a c a k   m ı y d ı
s ü z m ü y o r   m u
s ü z m e l i   m i y m i ş
s ü z m ü ş   o l a c a k l a r   m ı
s ü z m ü ş l e r d i
s ü z m e m i ş   m i y d i m
s ü z e c e k   o l a c a k   m ı y m ı ş
s ü z ü y o r   o l a c a k   m ı y ı z
s ü z m ü ş   m ü
s ü z e r   o l a c a k m ı ş s ı n ı z
s ü z m ü y o r   m u s u n u z
s ü z ü y o r   o l m a y a c a k   m ı y m ı ş ı m
s ü z e c e k l e r m i ş
s ü z e c e k   o l m a y a c a k m ı ş ı z
s ü z ü y o r   o l a c a k l a r   m ı y d ı
s ü z m ü y o r l a r m ı ş
s ü z ü y o r   o l m a l ı y m ı ş s ı n
s ü z ü y o r   o l a c a k t ı
s ü z ü y o r   o l u r d u m
s ü z e r l e r d i
s ü z ü y o r   o l m a y a c a k t ı
s ü z m ü ş s ü n ü z
s ü z m ü ş   o l m a y a c a k   m ı y d ı m
s ü z e r   m i y d i n i z
s ü z m ü y o r l a r   m ı y m ı ş
s ü z ü y o r   o l m a y a c a k   m ı y m ı ş s ı n ı z
s ü z ü y o r   o l m a m a l ı   m ı y m ı ş ı z
s e r p i y o r   o l m a m a l ı   m ı y m ı ş ı z
d e ğ i ş m i y o r   m u y m u ş
m i l y o n e r d i l e r
d e ğ i ş m i ş   m i y m i ş s i n i z
y e r d i k
a v u k a t t ı
a l f a   s ü r ü m ü n u
u s u l a
p a r ç a l a n ı y o r d u n u z
p a r ç a l a n ı y o r   o l m a l ı   m ı y ı z
d e ğ i ş i y o r   o l m a y a c a k   m ı y d ı n ı z
g ö ç ü y o r   o l a c a ğ ı m
g ö ç m ü ş   o l m a y a c a k s ı n
g ö ç ü y o r   o l m a l ı   m ı y d ı k
g ö ç m e d i y d i n i z
g ö ç e r   o l m a y a c a k m ı ş s ı n ı z
g ö ç ü y o r   o l m a l ı y ı m
g ö ç m e y e c e k m i ş i z
g ö ç ü y o r   o l a c a k l a r   m ı y d ı
g ö ç m e y e c e ğ i z
g ö ç ü y o r   o l m a l ı y d ı n
g ö ç m e y e c e k   m i y i z
g ö ç m e m e l i   m i y i m
g ö ç t ü l e r   m i y d i
g ö ç m ü y o r l a r m ı ş
g ö ç m ü ş   o l m a y a c a k t ı m
g ö ç e c e k   o l a c a k m ı ş ı m
g ö ç e c e k t i n i z
g ö ç e c e k   o l m a y a c a k m ı ş ı z
g ö ç m ü ş s ü n ü z
g ö ç m e z   m i y d i k
g ö ç e c e k   o l m a y a c a k m ı ş s ı n
g ö ç e r   m i s i n
g ö ç m e m i ş   m i y d i m
g ö ç e c e k   o l a c a k s ı n
g ö ç ü y o r   o l m a m a l ı l a r
g ö ç ü y o r   o l m a l ı   m ı y d ı
g ö ç ü y o r   o l m a y a c a k t ı n
g ö ç m e l i   m i y d i m
g ö ç ü y o r   o l m a l ı   m ı y ı m
g ö ç ü y o r   o l a c a k s ı n ı z
g ö ç ü y o r   o l a c a k t ı n ı z
g ö ç m e m i ş l e r
g ö ç m ü ş   o l m a y a c a k l a r   m ı
g ö ç ü y o r   o l m a m a l ı   m ı
g ö ç m e z s i n i z
g ö ç e c e k   o l a c a k   m ı y m ı ş ı m
g ö ç e c e k   m i y i z
g ö ç m e m e l i   m i s i n i z
g ö ç ü y o r   o l a c a k   m ı y d ı n ı z
d e ğ i ş i y o r   o l m a y a c a k   m ı y d ı n
y e r m i ş s i n i z
p a r ç a l a n m ı ş l a r   m ı
s e r p m e m i ş   m i y m i ş
p a r ç a l a n m a m ı ş   m ı y m ı ş
s e r p m i ş l e r   m i
d e ğ i ş i y o r   o l m a m a l ı   m ı y d ı
b a m y a l a r d ı
b a m y a y m ı ş s ı n ı z
b a m y a l a r d ı n
s ü z ü y o r   o l m a y a c a k m ı ş ı m
s ü z m ü ş   o l m a y a c a k   m ı
s ü z ü y o r   o l m a y a c a k l a r   m ı y d ı
s ü z m e d i   m i y d i n i z
s e r p m e m e l i l e r   m i
s ü z m ü y o r   m u y m u ş
s ü z m ü y o r   m u y m u ş s u n
s ü z ü y o r   o l m a y a c a k   m ı y d ı n
g ö ç e c e k   o l m a y a c a k   m ı y ı m
g ö ç m ü ş   o l m a y a c a k l a r
g ö ç m ü ş   o l m a y a c a k l a r d ı
s ü z m e m i ş m i ş s i n
g ö ç m ü ş l e r   m i y d i
s e r p m e m i ş   m i y m i ş i m
g ö ç e r   o l a c a k   m ı y m ı ş
s ü z m e m i ş   m i y m i ş i m
d e ğ i ş i y o r   m u y d u m
d e ğ i ş m i y o r   m u y u m
s ü z m ü y o r   m u y u m
g ö ç m ü ş   o l m a y a c a k
k u r b a ğ a c ı ğ ı n d a
s e r p m e m e l i s i n
s ü z m e m i ş m i ş
g ö ç m e m i ş m i ş
g ö ç m e y e c e k
