ö ğ ü t ü c ü l e r
g ö ç m ü ş   m ü y d ü m
g ö ç ü y o r d u n
ö ğ ü t ü c ü l e r d i m
ö ğ ü t ü c ü l e r i m i z
a v u k a t l a r ı n
a v u k a t ı n ı z a
g ö ç m ü ş   m ü s ü n
ö r d e ğ i n d e n
m e f h u m l a r
g ö ç ü y o r   m u y u m
b ü s t l e r
g ö ç m ü ş   m ü s ü n ü z
g ö ç t ü   m ü
g ö ç m ü y o r   m u y d u k
ö ğ ü t ü c ü l e r s i n
g ö ç ü y o r   m u y d u m
g ö ç t ü y d ü m
b a m y a n ı z d a n
m i l y o n e r
g ö ç ü y o r u m
g ö ç ü y o r d u n u z
g ö ç ü y o r
g ö ç ü y o r   m u y d u k
d e ğ i ş i y o r   m u y u m
g ö ç ü y o r   o l u r   m u y d u n
k u r b a ğ a c ı k l a r
g ö ç e r l e r
a y r ı m c ı l ı k l a r
g ö ç m e d i y d i
g ö ç m ü y o r   m u s u n
a y r ı m c ı l ı k l a r
g ö ç m e y i n
g ö ç e r m i ş
t o p o l o j i l e r i n d e
b a k i r e l e r d i m
g ö ç ü y o r   m u s u n
s ü z m ü ş   m ü y ü z
g ö ç m e d i y d i k
g ö ç m e y e c e k l e r
a y r ı m c ı l ı k l a r
g ö ç ü y o r s u n u z
k u r b a ğ a c ı ğ ı n ı z d a n
g ö ç m e y e c e k s i n
s e r p i y o r   o l u r   m u y d u m
a y r ı m c ı l ı k l a r ı m ı z d a n
a v u k a t m ı ş ı m
g ö ç m e z   m i y m i ş i z
g ö ç m e y e c e k t i k
b a k i r e y e
k u r b a ğ a c ı k l a r ı n d a
m i l y o n e r l e r e
y e r l e r i n d e
g ö ç t ü y d ü n
g ö ç m ü ş t ü
g ö ç m e z d i
k a t e g o r i l e r i n d e
s e r p i y o r   o l u r   m u y d u n
g ö ç m e l i l e r d i
g ö ç m ü ş ü z
g ö ç ü y o r l a r   m ı y d ı
k a t e g o r i n e
a y r ı m c ı l ı k s ı n ı z
g ö ç e r s i n
y a n   t ü m c e l e r i n e
s ü z d ü n ü z
ç i z g i l e r i m i z e
i s t i r i d y e l e r i m i z e
d e ğ i ş m e y e c e k l e r
g ö ç m ü ş   o l a c a k l a r   m ı y d ı
g ö ç m ü ş   o l a c a k t ı m
g ö ç e c e k l e r   m i
g ö ç m e l i y m i ş s i n
y e r l e r i z
g ö ç m e z
g ö ç m e m e l i l e r   m i y d i
ö r d e k l e r i n i z
g ö ç e c e k   m i y d i k
s ü z e r d i k
s ü z ü y o r   m u y m u ş
s ü z m ü ş   m ü s ü n ü z
g ö ç ü y o r m u ş
g ö ç m e z   m i y d i m
g ö ç e r   m i y m i ş i m
t e c r i d i m i z i
g ö ç e c e k   o l a c a k l a r m ı ş
d e ğ i ş m i y o r   m u y d u
s e r p m e z   m i y m i ş i z
a y r ı m c ı l ı ğ ı n a
b a m y a l a r ı n d a
s e r p m e l i y d i m
g ö ç m ü ş   o l m a y a c a k t ı k
k a t e g o r i l e r i n e
t e c r i d i n
t e k i l   k a l ı p l a r ı
g ö ç m e m i ş l e r   m i y m i ş
g ö ç m ü ş   o l a c a k   m ı y d ı m
t e k i l   k a l ı p l a r ı m ı z ı
d e ğ i ş i y o r   o l m a y a c a k l a r   m ı y d ı
s e r p m e y e c e k t i k
g ö ç e c e k   m i y d i n
s e r p m i y o r   m u y d u
e r n e ğ i
t e k i l   k a l ı p l a r ı
s e r p m e l i l e r   m i y d i
m a k i n e l e r i n d e
s ü z ü y o r u m
g ö ç m e z s i n
s e r p i y o r   m u y d u k
s ü z ü y o r   o l m a l ı   m ı y m ı ş s ı n
d e ğ i ş e c e k   o l m a y a c a k   m ı y m ı ş ı z
g ö ç m e m i ş   m i y m i ş i z
ö r d e ğ i n i n
g ö ç m ü ş   o l m a y a c a ğ ı m
g ö ç m ü ş   o l m a y a c a k   m ı y d ı k
g ö ç m e l i y d i k
s ü z m ü y o r   m u y d u
g ö ç m e m e l i y d i
k e f a l e t l e r i n
b a k i r e l e r i m i z e
g ö ç m ü ş l e r m i ş
d e ğ i ş m e y e c e k t i m
g ö ç m e z m i ş s i n
d e ğ i ş i y o r   m u y d u k
g ö ç e c e k   o l a c a ğ ı m
g ö ç ü y o r   o l a c a k t ı k
m a k i n e y e
g ö ç e c e k   m i
d e ğ i ş e c e k   m i y d i m
g ö ç ü y o r   o l a c a k   m ı y m ı ş s ı n
e r n e ğ i n
s ü z m e y e c e k l e r
s ü z m e y e c e k s i n
s ü z e r   m i y i z
s ü z m e y e c e k t i k
k a t e g o r i m i z i n
s e r p m i ş   m i y m i ş
s e r p m e m i ş l e r   m i y m i ş
s e r p m e m i ş   m i y m i ş i z
g ö ç e c e k   m i y d i
g ö ç m e z l e r   m i
d e ğ i ş i y o r   o l a c a k   m ı y m ı ş s ı n
ö r d e k l e r d e
s ü z e r l e r   m i
g ö ç m e m e l i l e r   m i y m i ş
g ö ç e r s i n i z
s e r p i y o r s u n u z
g ö ç m ü y o r   m u y m u ş u z
d e ğ i ş i y o r   o l m a z   m ı y d ı k
k u r b a ğ a c ı ğ ı n a
s e r p i y o r m u ş s u n u z
s ü z e c e k   m i y d i m
d e ğ i ş e c e k   m i
g ö ç e r   m i y m i ş s i n i z
g ö ç m e z l e r m i ş
s ü z m ü ş   o l a c a k   m ı y d ı m
s ü z m ü ş ü m
s ü z m ü ş   o l a c a k l a r   m ı y d ı
g ö ç m e m e l i y d i m
ö r d e k l e r i n e
s ü z ü y o r   o l m a l ı l a r   m ı y m ı ş
d e ğ i ş m e m i ş l e r   m i
d e ğ i ş e c e k l e r d i
s ü z e r   o l a c a k l a r   m ı y m ı ş
d e ğ i ş i y o r   o l m a z d ı k
ç i z g i m i z
g ö ç m e l i   m i y m i ş i m
g ö ç ü y o r   o l a c a k   m ı s ı n ı z
s ü z e c e k   o l a c a k l a r m ı ş
d e ğ i ş i y o r   o l m a m a l ı l a r   m ı y m ı ş
s ü z ü y o r
b a k i r e y m i ş i m
s ü z m e y e c e k t i m
m i l y o n e r l e r s i n
s ü z e r l e r
d e ğ i ş m e z   m i y d i m
d e ğ i ş e c e k s i n
d e ğ i ş m e d i y d i k
y e r s i n i z
k e f a l e t l e r i n d e
s e r p m e m i ş l e r   m i
p e n i s l e r i n d e
d e ğ i ş e c e k m i ş
s ü z m e m i ş   m i y m i ş i z
s ü z m e l i l e r d i
s e r p m e y e c e k l e r   m i y m i ş
s e r p m e l i y m i ş s i n
s ü z m e m i ş   m i y m i ş s i n i z
s ü z m e l i y m i ş s i n
d e ğ i ş m e l i   m i y d i
g ö ç e c e k   o l a c a k m ı ş
ç i z g i s i n i z
s ü z m e y e c e k
s e r p m e d i y d i
s e r p i y o r   o l a c a k   m ı y m ı ş ı z
g ö ç e r   o l a c a k l a r m ı ş
d e ğ i ş e c e k   o l a c a k m ı ş
p a r ç a l a n ı y o r d u
s e s t e ş i n i z
s ü z d ü l e r   m i
s e r p i y o r u z
d e ğ i ş i y o r   o l a c a k t ı k
g ö ç ü y o r   o l m a y a c a k l a r m ı ş
g ö ç e r   o l a c a k m ı ş s ı n
s e r p e c e k   m i y d i
d e ğ i ş m e m e l i y d i
s e r p m e m i ş t i n
g ö ç m e m e l i   m i y m i ş s i n
d e ğ i ş m i y o r   m u y m u ş u z
d e ğ i ş e c e k   o l a c a k   m ı s ı n
s e r p i y o r   o l m a l ı y d ı
g ö ç ü y o r   o l a c a k t ı n
g ö ç e c e k   m i y m i ş s i n
d e n e y i m l e r i n i z
s e r p e c e k   o l a c a k l a r m ı ş
s ü z d ü l e r
s ü z e c e k   o l a c a k l a r
s ü z e c e k   m i y d i k
s ü z m e d i y d i n
g ö ç m ü ş   o l a c a k   m ı s ı n ı z
d e ğ i ş i y o r   o l m a m a l ı y d ı m
d e ğ i ş m i ş   o l a c a k l a r   m ı y d ı
g ö ç e r   o l m a y a c a k m ı ş ı m
s ü z m ü ş   o l m a y a c a ğ ı m
s ü z m e m i ş   m i y m i ş s i n
k e f a l e t l e r i n i n
s e s t e ş i
d e ğ i ş m e l i   m i s i n
d e ğ i ş i y o r   o l m a y a c a k   m ı s ı n
g ö ç e c e k   o l m a y a c a k   m ı s ı n
m i l y o n e r e
g ö ç m ü ş   o l m a y a c a k   m ı s ı n
g ö ç t ü l e r d i
d e ğ i ş m e m e l i l e r   m i y d i
s e s t e ş i n d e n
g ö ç e r   o l m a y a c a k   m ı y m ı ş s ı n
h e n d e s e l e r i n e
p a r ç a l a n m a z d ı n ı z
d e ğ i ş m e d i n i z
t e c r i d i n i z i n
s e r p m e l i   m i y d i
s ü z e c e k   m i y d i n
g ö ç m ü ş l e r   m i
s e r p i y o r   o l m a l ı s ı n
k u r b a ğ a c ı k l a r ı n ı n
d e n e y i m l e r i n
g ö ç m e z   m i s i n
s e s t e ş l e r i n i
s ü z e c e k   o l m a y a c a k   m ı y m ı ş
s e r p m e m e l i l e r
