s ü z e r   m i s i n
s ü z d ü n ü z   m ü
s ü z m e z l e r   m i
s e r p m e d i n   m i
s e r p m i y o r   m u
g ö ç m e d i n i z   m i
s ü z d ü   m ü y d ü m
d e ğ i ş m e z   m i s i n
s ü z m e z   m i y d i m
y a n   t ü m c e n d e n
g ö ç e r l e r   m i y d i
g ö ç m e l i   m i y m i ş
g ö ç m ü y o r   m u y u m
g ö ç m e d i   m i y d i m
t e k i l   k a l ı b ı n ı
g ö ç m ü ş   o l a c a ğ ı m
d e ğ i ş t i l e r   m i y d i
s ü z m e m e l i   m i y i m
y a n   t ü m c e l e r i n i
s e r p m i y o r   m u s u n
g ö ç m e m e l i   m i y i z
g ö ç m ü ş   o l a c a k t ı
g ö ç m ü ş   o l a c a ğ ı z
s ü z ü y o r   o l u r d u k
d e ğ i ş m e m i ş   m i y i z
d e ğ i ş m e m e l i l e r   m i
d e ğ i ş t i   m i y d i n i z
g ö ç m e m e l i   m i y d i m
g ö ç ü y o r   m u y d u n u z
g ö ç ü y o r   o l m a z d ı n
g ö ç m e l i   m i y m i ş i z
s e r p m e m i ş   m i y d i n
s ü z ü y o r   o l m a z d ı n
s e r p m i ş   o l a c a ğ ı m
g ö ç e c e k   o l a c a ğ ı z
g ö ç m ü y o r l a r   m ı y d ı
s e r p i y o r   o l m a z d ı k
s ü z e r   o l a c a k m ı ş ı m
g ö ç m e y e c e k   m i y d i k
g ö ç m e y e c e k   m i y d i m
g ö ç ü y o r l a r   m ı y m ı ş
g ö ç m ü y o r   m u y m u ş u m
g ö ç e c e k   o l m a y a c a k
s e r p m e m e l i   m i y d i n
t e k i l   k a l ı p l a r ı n a
d e ğ i ş i y o r   o l u r d u n
s e r p i y o r   o l m a l ı   m ı
p a r ç a l a n d ı   m ı y d ı m
p a r ç a l a n m ı ş   m ı s ı n
d e ğ i ş i y o r   m u y d u n u z
s ü z e r   o l a c a k   m ı y m ı ş
s e r p m e m e l i   m i s i n i z
g ö ç m ü y o r l a r   m ı y m ı ş
s ü z m ü ş   o l a c a k   m ı y ı z
s ü z ü y o r   o l m a l ı y d ı k
d e ğ i ş i y o r   o l a c a ğ ı m
d e ğ i ş i y o r   o l m a z d ı m
s ü z ü y o r   o l u r   m u y d u k
p a r ç a l a n m ı ş   m ı y d ı k
p a r ç a l a n ı y o r   m u y u z
g ö ç m e l i   m i y m i ş s i n i z
s ü z m e m e l i l e r   m i y m i ş
s e r p m i ş   o l a c a k l a r   m ı
s e r p i y o r   o l a c a k l a r d ı
s e r p i y o r   o l m a m a l ı y d ı n
s ü z ü y o r   o l m a m a l ı y ı m
d e ğ i ş i y o r   o l a c a k l a r
g ö ç ü y o r   o l m a y a c a k t ı
g ö ç ü y o r   o l a c a k   m ı y d ı n
p a r ç a l a n a c a k   m ı y d ı m
p a r ç a l a n ı y o r   m u y d u m
p a r ç a l a n ı y o r   o l u r d u
s e r p e r   o l a c a k   m ı y m ı ş ı z
d e ğ i ş i r   o l a c a k m ı ş s ı n
s e r p e c e k   o l m a y a c a k   m ı
s e r p i y o r   o l a c a k   m ı y ı z
s e r p m i ş   o l m a y a c a k t ı m
d e ğ i ş i y o r   o l m a z   m ı y d ı
d e ğ i ş i y o r   o l a c a k l a r d ı
s e r p i y o r   o l m a l ı   m ı y ı z
d e ğ i ş m i ş   o l a c a k   m ı y ı m
p a r ç a l a n m ı ş l a r   m ı y d ı
s e r p e c e k   o l m a y a c a k l a r   m ı
s ü z ü y o r   o l m a l ı l a r   m ı y d ı
p a r ç a l a n ı y o r   o l u r l a r d ı
s ü z e c e k   o l a c a k   m ı y m ı ş ı z
d e ğ i ş m i ş   o l m a y a c a k t ı k
g ö ç ü y o r   o l m a l ı y m ı ş s ı n
g ö ç ü y o r   o l m a m a l ı l a r d ı
d e ğ i ş i y o r   o l m a l ı l a r   m ı
d e ğ i ş m i ş   o l a c a k   m ı y d ı m
g ö ç m ü ş   o l m a y a c a k t ı n ı z
g ö ç ü y o r   o l a c a k   m ı y m ı ş ı m
g ö ç e c e k   o l m a y a c a k s ı n ı z
s ü z m ü ş   o l m a y a c a k   m ı y d ı k
d e ğ i ş i y o r   o l m a m a l ı l a r   m ı
g ö ç ü y o r   o l m a m a l ı   m ı y d ı k
p a r ç a l a n a c a k   o l a c a k l a r
s ü z e c e k   o l m a y a c a k l a r m ı ş
d e ğ i ş i r   o l m a y a c a k l a r m ı ş
s ü z ü y o r   o l a c a k   m ı y m ı ş s ı n
g ö ç ü y o r   o l m a y a c a k   m ı y d ı n
s e r p i y o r   o l m a y a c a k   m ı y d ı
s ü z ü y o r   o l m a y a c a k   m ı y m ı ş ı z
p a r ç a l a n m ı ş   o l a c a k l a r   m ı
p a r ç a l a n m a l ı l a r m ı ş
s e r p i y o r   o l m a y a c a k   m ı y d ı m
g ö ç e c e k   o l m a y a c a k   m ı s ı n ı z
d e ğ i ş i y o r   o l m a m a l ı l a r m ı ş
s ü z m ü ş   o l m a y a c a k l a r   m ı y d ı
g ö ç m ü ş   o l m a y a c a k   m ı y d ı n ı z
g ö ç m ü ş   o l m a y a c a k l a r   m ı y d ı
p a r ç a l a n m ı ş   o l m a y a c a k t ı m
d e ğ i ş i y o r   o l m a l ı l a r   m ı y m ı ş
p a s k a l y a   t a v ş a n l a r ı n ı
d e ğ i ş i y o r   o l m a m a l ı   m ı y d ı n ı z
p a r ç a l a n m ı ş   o l m a y a c a k   m ı y d ı
p a r ç a l a n ı r   o l m a y a c a k   m ı y m ı ş ı z
p a r ç a l a n ı y o r   o l m a l ı   m ı y m ı ş s ı n
p a r ç a l a n ı y o r   o l m a m a l ı   m ı s ı n ı z
p a r ç a l a n ı r   o l m a y a c a k   m ı y m ı ş s ı n
p a r ç a l a n ı y o r   o l m a y a c a k   m ı y d ı n ı z
s ü z m ü y o r   m u y d u n
s ü z e c e k   m i y m i ş
s ü z d ü k
p a r ç a l a n a c a k   o l m a y a c a k   m ı y m ı ş s ı n ı z
s e r p m e l i s i n
ü z g ü n   d e ğ i l   m i y m i ş l e r ?
ü z g ü n   m ü y m ü ş s ü n ü z ?
ü z g ü n m ü ş s ü n ü z
ü z g ü n l e r   m i ?
p a r ç a l a n m a l ı   m ı y m ı ş ı z
m i l y o n e r i n
p a r ç a l a n a c a k m ı ş ı m
g ö ç ü y o r   o l m a y a c a k s ı n ı z
d e ğ i ş i y o r   o l m a y a c a k s ı n ı z
m e f h u m l a r ı n ı z d a
m e f h u m l a r ı n d a n
d e ğ i ş i y o r d u m
y e r i
b ü s t e
a v u k a t
s e r p t i
g ö ç m e k
b a k i r e
d e ğ i ş i r
s ü z m e l i
b a m y a s ı
g ö ç e r i z
g ö ç e r d i k
s e s t e ş i n
y e r i n i z i
y e r l e r i m
s ü z e r d i m
s ü z m e m i ş
y e r l e r d e
p e n i s i n i n
g ö ç e r d i n
s e r p i n i z
ç i z g i d e
b a m y a n d a
a v u k a t ı z
t o p o l o j i
e r n e k l e r d e
a v u k a t ı n d a n
y e r m i ş i z
e r n e ğ i n i n
u s u l l a r ı n
a v u k a t l a r
b a m y a l a r ı m
i s t i r i d y e n
ç i z g i n i z d e
b ü s t ü n ü z ü
e r n e k t i l e r
m e f h u m l a r d a
m a k i n e l e r i
h e n d e s e n i z i
d e ğ i ş e c e ğ i m
k e f a l e t l e r i
k e f a l e t i n d e
s ü z m e l i y d i
h e n d e s e m i z i
s ü z m ü y o r d u n
d e ğ i ş m e z d i m
s ü z m e l i l e r
p e n i s i m i z d e
p e n i s l e r i n e
h e n d e s e n i z e
s e r p e c e k m i ş
s ü z ü y o r m u ş
s e r p e r l e r d i
d e ğ i ş i y o r u z
s e r p e c e ğ i m
g ö ç e c e k t i k
a v u k a t s ı n ı z
k a t e g o r i n e
g ö ç e c e k m i ş
p e n i s i n i z i n
ö ğ ü t ü c ü d e n
b a m y a l a r d ı
ç i z g i l e r i n i
g ö ç m ü ş s ü n ü z
g ö ç m e d i y d i k
d e ğ i ş m i y o r u z
i s t i r i d y e n i
ç i z g i l e r d i k
i s t i r i d y e s i
m i l y o n e r m i ş
ç i z g i l e r d i r
ç i z g i l e r i n e
p a r ç a l a n ı r
ç i z g i l e r m i ş
b a k i r e m i z i
ç i z g i n i z d e n
ç i z g i s i n d e n
b a k i r e s i n i
b a k i r e l e r i
t o p o l o j i y e
d e n e y i m l e r i
ö ğ ü t ü c ü l e r i
b ü s t ü n ü z ü n
ö ğ ü t ü c ü y d ü k
ö ğ ü t ü c ü l e r i
k a t e g o r i d e n
k a t e g o r i d e
k a t e g o r i n i z
d e ğ i ş m i ş l e r
h e n d e s e l e r d e
h e n d e s e n d e n
k a t e g o r i n d e
s e s t e ş i n i z i
i s t i r i d y e n e
m e f h u m l a r ı n ı
h e n d e s e l e r i
d e n e y i m i n i n
d e n e y i m i n i z
s e s t e ş i m i z i
e r n e ğ i n i z d e
h e n d e s e m i z e
m e f h u m l a r ı n
d e n e y i m i n d e
a v u k a t ı n ı z ı
a v u k a t ı m ı z a
d e ğ i ş m i y o r u m
a v u k a t ı n d a n
d e ğ i ş m e y e c e k
d e n e y i m l e r i
y e r l e r i n d e n
d e ğ i ş e c e k t i n
y e r l e r d i n i z
