p a s k a l y a   t a v ş a n l a r ı n d a
s ü z m e y e c e k l e r d i
p a r ç a l a n m ı ş   o l a c a k s ı n
d e ğ i ş i y o r   o l m a m a l ı y m ı ş
b a k i r e l e r d e n
y a n   t ü m c e l e r i m i z i n
i s t i r i d y e
d e ğ i ş t i l e r   m i
ü z g ü n   d e ğ i l   m i y m i ş s i n i z ?
p a r ç a l a n m a l ı   m ı y d ı n ı z
g ö ç e r   o l m a y a c a k   m ı y m ı ş ı m
ö r d e k l e r i n i
s ü z m e z s i n i z
m e f h u m u n u n
s e r p m e y e c e k l e r   m i y d i
a v u k a t l a r m ı ş s ı n ı z
p a r ç a l a n ı y o r   o l a c a k   m ı y d ı m
y e r i n i z
e r n e k l e r s i n i z
k e f a l e t l e r i n i z
t e k i l   k a l ı p l a r ı n a
a v u k a t t a n
s ü z ü y o r l a r d ı
s e r p e c e k   o l m a y a c a k m ı ş ı z
s e r p m e z   m i s i n
s e r p m i ş l e r m i ş
p a r ç a l a n ı y o r   o l a c a k m ı ş s ı n ı z
g ö ç ü y o r   o l m a z   m ı y d ı n ı z
ö r d e ğ i n
s e r p i y o r   o l m a l ı   m ı y m ı ş s ı n
t o p o l o j i l e r i n i n
s e r p m e m i ş s i n
y e r i m i z e
p a r ç a l a n m a m a l ı y m ı ş
s ü z m e l i   m i y m i ş i m
ü z g ü n   d e ğ i l
s ü z ü y o r   o l m a m a l ı   m ı y m ı ş ı z
s e r p e c e k   m i y m i ş s i n
ö r d e k l e r i n i n
h e n d e s e l e r i n
g ö ç m ü y o r m u ş
d e ğ i ş i y o r   o l a c a k m ı ş s ı n
g ö ç m e z m i ş
d e ğ i ş m e m i ş   m i y d i n i z
h e n d e s e s i n d e n
g ö ç m ü ş t ü m
s ü z e c e k l e r   m i y m i ş
d e ğ i ş e c e k   o l a c a k
s e r p m e m e l i l e r   m i y d i
t o p o l o j i n i
g ö ç m e m e l i y d i n
s ü z m e y e c e k t i
s e r p m e m e l i l e r   m i y m i ş
i s t i r i d y e s i n i
s ü z m e m e l i   m i y d i m
a v u k a t t ı k
s e r p t i l e r
p a r ç a l a n m a m ı ş l a r
b ü s t ü m ü z d e
s ü z e c e k s i n i z
s ü z d ü m   m ü
d e ğ i ş m i ş   o l a c a k t ı n ı z
b ü s t l e r d e n
s e r p e c e k   m i y i z
p a r ç a l a n ı y o r   o l a c a k l a r m ı ş
a y r ı m c ı l ı k d ı k
m a k i n e m i z
d e ğ i ş m i y o r   m u s u n
ö r d e ğ i m i z d e
s e r p m i ş   o l m a y a c a k   m ı s ı n
a y r ı m c ı l ı k l a r m ı ş ı m
g ö ç m e z   m i y m i ş i m
p a r ç a l a n ı r   o l a c a k m ı ş
k a t e g o r i s i n d e n
s ü z m ü y o r   m u y m u ş s u n u z
m i l y o n e r m i ş
d e ğ i ş i y o r   o l a c a k   m ı s ı n
p a r ç a l a n m ı ş   o l m a y a c a k t ı n
p a r ç a l a n m a z s ı n
s e r p m i y o r l a r   m ı y d ı
g ö ç m ü y o r l a r
d e ğ i ş m e z m i ş i m
s e r p m i ş   o l m a y a c a k   m ı y ı z
s ü z m e m e l i   m i y m i ş i z
p a r ç a l a n m ı ş   o l a c a k l a r
b ü s t l e r i n i z d e n
s ü z m e d i   m i
s ü z ü y o r   o l m a y a c a k t ı n
p a r ç a l a n ı y o r   o l a c a k   m ı y ı z
k a t e g o r i l e r i
m a k i n e l e r i n i z i
ö r d e k l e r i
t e k i l   k a l ı p l a r d a
s e r p m i ş   o l m a y a c a ğ ı m
k e f a l e t e
g ö ç m e y e c e k   m i y i m
p e n i s l e r i n i z d e
p a r ç a l a n ı y o r   o l m a l ı   m ı y d ı
ç i z g i l e r i
s ü z m e y e c e k t i n i z
g ö ç m ü y o r   m u y d u k
s ü z m ü ş   o l m a y a c a k l a r
a v u k a t l a r ı m ı z ı
d e ğ i ş i y o r l a r d ı
i s t i r i d y e l e r i n i
d ü z e n l e n e b i l i r l i k l e r i m i z d e n
s ü z m ü ş   o l m a y a c a k   m ı y d ı
d e ğ i ş i r   o l a c a k m ı ş ı z
s ü z m e m i ş   m i y d i n
s ü z e r   m i s i n i z
s ü z ü y o r   o l a c a k l a r d ı
s ü z m e l i y m i ş s i n
g ö ç m e y e c e k l e r
s e r p e r   o l m a y a c a k l a r m ı ş
s ü z e c e k   m i s i n i z
s e r p m e d i y d i
s e r p m e l i y d i
b a k i r e l e r i n
d e ğ i ş i n i z
s ü z m ü ş   m ü y m ü ş s ü n
d e ğ i ş m i ş   o l a c a k l a r   m ı y d ı
s ü z ü y o r   o l m a y a c a k   m ı y m ı ş s ı n ı z
s ü z m ü ş   m ü y d ü m
b a k i r e l e r d i
d e n e y i m l e r i n e
d e ğ i ş i y o r   o l a c a k l a r   m ı y m ı ş
s ü z e c e k   o l m a y a c a ğ ı z
i s t i r i d y e n
s e s t e ş l e r i n i z i n
d e ğ i ş i y o r l a r
s e r p m e z
a v u k a t t ı n
p a r ç a l a n d ı   m ı y d ı k
a v u k a t t a
s ü z ü y o r   o l m a z d ı n ı z
d e ğ i ş i y o r   o l m a m a l ı y d ı n
m a k i n e n
p e n i s i n i
d e ğ i ş e c e k   o l m a y a c a k   m ı
g ö ç e r   m i s i n i z
p a r ç a l a n m a m ı ş t ı n ı z
g ö ç m ü ş   m ü
y e r l e r i n i z i
t e c r i d e
d e ğ i ş i y o r   o l m a l ı s ı n
k a t e g o r i l e r i n d e
p a r ç a l a n ı y o r   o l m a m a l ı   m ı y m ı ş ı z
g ö ç e c e ğ i z
s e r p m e m i ş m i ş s i n
p a r ç a l a n ı y o r   o l m a m a l ı y m ı ş ı m
s e r p t i k   m i
h e n d e s e
a v u k a t l a r m ı ş
p a r ç a l a n ı y o r   m u y d u n
p a r ç a l a n ı r l a r d ı
d e ğ i ş e c e k   o l m a y a c a ğ ı m
a y r ı m c ı l ı ğ ı n d a n
s ü z m ü y o r
s e r p i y o r   o l m a z   m ı y d ı m
e r n e k l e r s i n
p a r ç a l a n ı y o r   o l m a y a c a k   m ı s ı n
ü z g ü n   d e ğ i l   m i y d i n ?
g ö ç e r   o l m a y a c a k l a r   m ı y m ı ş
k e f a l e t i n i z
g ö ç m e d i   m i y d i n
d e ğ i ş m i ş l e r d i
p a r ç a l a n m a m e l i   m i s i n i z
s ü z m e z   m i y d i k
m e f h u m u n u
ç i z g i l e r i m i z i n
s e r p e c e k   o l a c a k m ı ş s ı n ı z
m a k i n e l e r i m i z d e n
d e n e y i m d e
s e r p i y o r   o l m a z d ı m
s e r p m i ş   m i y m i ş
g ö ç e r   o l m a y a c a k m ı ş
ö r d e k l e r i n i
s e r p t i m   m i
m e f h u m l a r ı n ı
k u r b a ğ a c ı k
b a m y a l a r
h e n d e s e n i
ö r d e ğ i m i z i
t e k i l   k a l ı b ı n d a
m a k i n e l e r e
s e r p m e d i   m i y d i
e r n e k t i k
e r n e ğ i n d e n
s e r p e r   o l m a y a c a k m ı ş s ı n ı z
d e ğ i ş m i ş t i n i z
s ü z e c e k   o l m a y a c a k   m ı y ı z
b ü s t ü m ü z d e n
s e r p i y o r   m u y u m
s ü z ü y o r   o l a c a k   m ı y d ı
ç i z g i l e r i n d e n
h e n d e s e n d e
d e ğ i ş m i ş   o l m a y a c a k l a r   m ı y d ı
s e r p m e y e c e k m i ş i z
b a m y a l a r ı n ı z a
ö ğ ü t ü c ü m ü z d e
g ö ç ü y o r   o l m a l ı   m ı y m ı ş
p a r ç a l a n m ı ş   o l a c a k   m ı
s ü z ü y o r   o l m a m a l ı   m ı y m ı ş
s e r p i y o r   o l u r d u
p a r ç a l a n ı y o r   m u y d u
d e ğ i ş i y o r   o l m a m a l ı l a r
s e s t e ş l e r i n i z e
d e ğ i ş i y o r   o l m a l ı   m ı y d ı n
g ö ç ü y o r   o l m a y a c a k l a r   m ı y d ı
d e ğ i ş e c e k   o l m a y a c a k s ı n ı z
ç i z g i y i z
p a r ç a l a n ı y o r   o l a c a k m ı ş
g ö ç ü y o r   o l m a y a c a k m ı ş s ı n
ö r d e ğ i m i z
s e r p i y o r   o l m a l ı   m ı y ı m
p a r ç a l a n m a y a c a k l a r d ı
ü z g ü n   d e ğ i l i z
d e ğ i ş m e m i ş l e r   m i
g ö ç t ü n
d ü z e n l e n e b i l i r l i ğ i n d e n
d e ğ i ş i y o r   o l m a l ı l a r d ı
d e ğ i ş m e y i z
m a k i n e s i n i
m i l y o n e r m i ş s i n
s e r p m e z   m i
g ö ç m e m e l i s i n
s e r p i y o r u m
ü z g ü n   d e ğ i l d i
p e n i s l e r i m i z i n
s e r p e r   m i y d i k
k a t e g o r i l e r d e
s e r p m i ş   o l a c a k s ı n ı z
g ö ç ü y o r   o l m a y a c a k   m ı y m ı ş s ı n ı z
t e c r i t l e r i m i z i n
s ü z ü y o r   o l a c a ğ ı z
ö r d e ğ i n i z d e
d e ğ i ş e c e k   o l a c a k   m ı y m ı ş s ı n ı z
s e r p m e z   m i y i m
s e r p e c e k   m i y d i m
d e ğ i ş i y o r   o l m a m a l ı s ı n ı z
k e f a l e t l e r i n i
t e k i l   k a l ı b ı m ı z a
p a r ç a l a n ı r   o l m a y a c a k m ı ş s ı n ı z
a v u k a t t ı n ı z
a v u k a t l a r ı
s ü z ü y o r   o l m a y a c a k   m ı y m ı ş ı m
e r n e k l e r i m i z
s e r p m i y o r   m u y m u ş s u n
g ö ç e c e k   o l a c a k l a r m ı ş
b ü s t l e r i n
