e r n e k t i l e r
d ü z e n l e n e b i l i r l i ğ i n i n
p a r ç a l a n m a y a c a k m ı ş ı m
a y r ı m c ı l ı k l a r ı m ı z ı n
p a r ç a l a n m a d ı y d ı n ı z
p a r ç a l a n m ı y o r d u n u z
p a r ç a l a n m a m ı ş m ı ş s ı n
p a r ç a l a n m a l ı l a r m ı ş
a y r ı m c ı l ı k l a r ı m ı z d a
a y r ı m c ı l ı ğ ı n ı z d a n
a y r ı m c ı l ı k l a r ı n ı n
t o p o l o j i l e r i m i z e
k u r b a ğ a c ı k l a r ı n ı
d e ğ i ş m e m e l i l e r m i ş
i s t i r i d y e l e r i n i n
p a r ç a l a n m a m ı ş ı z
h e n d e s e l e r i n d e n
s e r p m e m e l i l e r d i
a y r ı m c ı l ı k l a r d ı
d e ğ i ş m e m i ş t i n i z
p a r ç a l a n m ı y o r s u n u z
k u r b a ğ a c ı ğ ı n d a
p a r ç a l a n d ı y d ı n
g ö ç m e y e c e k l e r m i ş
ö ğ ü t ü c ü l e r i n d e
ç i z g i y m i ş s i n i z
s e r p m e y e c e k s i n
ö ğ ü t ü c ü y m ü ş l e r
ö ğ ü t ü c ü l e r i n i n
d e ğ i ş i y o r s u n u z
d e ğ i ş e c e k m i ş i z
k a t e g o r i l e r i n i
d e ğ i ş i r m i ş s i n
d e ğ i ş m e m e l i l e r
d e n e y i m l e r i n e
d e ğ i ş m e l i y d i k
d e ğ i ş m e d i y d i m
a y r ı m c ı l ı k l a r ı
s ü z m e l i y m i ş i m
s ü z m e d i y d i n i z
i s t i r i d y e n i n
k a t e g o r i l e r e
a v u k a t m ı ş s ı n
h e n d e s e l e r i n
h e n d e s e m i z d e
a v u k a t l a r m ı ş
s e r p m e m i ş t i m
s e r p m e z l e r d i
p e n i s l e r i n i z e
b ü s t l e r i n i z e
m i l y o n e r i n d e
ç i z g i l e r i n d e n
d e ğ i ş m e y e c e k
m e f h u m l a r ı n d a
d e n e y i m i m i z i
s e r p m e d i y d i m
b a m y a l a r m ı ş
g ö ç m e z m i ş i m
s e r p m e z d i n i z
s e r p m e l i y m i ş
h e n d e s e m i z i
h e n d e s e n i z i
b ü s t l e r i n i z i
s e r p e c e k m i ş
d e ğ i ş t i y d i n
ö ğ ü t ü c ü d e n
s ü z m ü y o r d u n
s e r p m e l i y i z
g ö ç e c e k t i k
i s t i r i d y e s i
ö ğ ü t ü c ü n ü n
b a m y a l a r ı m
b a m y a l a r d ı
p a r ç a l a n ı r
s e r p m e d i n i z
ö ğ ü t ü c ü l e r e
b a k i r e m i z i
b a k i r e l e r i
ç i z g i s i n d e n
e r n e k l e r d e
s ü z ü y o r m u ş
m a k i n e l e r i
m a k i n e n d e n
s ü z m e l i y d i
s e r p e c e ğ i m
a v u k a t l a r
ç i z g i n i z d e
e r n e ğ i n i n
s ü z m e l i l e r
b ü s t ü n ü z ü
g ö ç e c e k m i ş
t o p o l o j i
b a m y a n d a
p e n i s i n i n
s e s t e ş i n
y e r m i ş i z
u s u l l a r ı n
y e r i n i z i
s ü z e r d i m
y e r l e r d e
s e r p i n i z
b a m y a s ı
g ö ç e r d i n
y e r l e r i m
d e ğ i ş i r
s ü z m e m i ş
g ö ç e r d i k
s ü z m e l i
g ö ç e r i z
a v u k a t
b a k i r e
s e r p t i
g ö ç m e k
b ü s t e
y e r i
g ö ç ü y o r   o l m a m a l ı   m ı y m ı ş ı z
p a r ç a l a n m ı ş   o l m a y a c a k   m ı y d ı
d e ğ i ş m i ş   o l m a y a c a k s ı n
p a r ç a l a n m a m ı ş   m ı y m ı ş ı z
d e ğ i ş i y o r   o l m a y a c a k t ı
d e ğ i ş m i ş   o l m a y a c a k t ı m
p a r ç a l a n m ı ş   o l a c a k
s e r p m i ş   o l m a y a c a k t ı
g ö ç ü y o r   o l m a y a c a k t ı
d e ğ i ş i y o r   o l m a y a c a k
d e ğ i ş i y o r   o l m a y a c a k s ı n ı z
ü z g ü n   d e ğ i l   m i y m i ş l e r ?
ü z g ü n   m ü y m ü ş s ü n ü z ?
ü z g ü n m ü ş s ü n ü z
ü z g ü n l e r   m i ?
s ü z d ü m   m ü
s e r p m e l i s i n
g ö ç ü y o r   o l m a y a c a k s ı n ı z
s ü z m ü y o r   m u y d u n
s ü z e c e k   m i y m i ş
s ü z d ü k
s ü z d ü n ü z   m ü
p a r ç a l a n a c a k   o l m a y a c a k   m ı y m ı ş s ı n ı z
p a r ç a l a n d ı   m ı y d ı n ı z
p a r ç a l a n ı y o r   o l m a y a c a k   m ı y d ı n ı z
p a r ç a l a n a c a k m ı ş ı m
p a r ç a l a n ı r   o l m a y a c a k   m ı y m ı ş s ı n
p a r ç a l a n ı y o r   o l m a m a l ı   m ı s ı n ı z
p a r ç a l a n ı r   o l m a y a c a k   m ı y m ı ş ı z
p a r ç a l a n ı y o r   o l m a l ı   m ı y m ı ş s ı n
p a r ç a l a n m a m a l ı   m ı y m ı ş ı z
d e ğ i ş i y o r   o l m a m a l ı   m ı y d ı n ı z
s ü z ü y o r   o l m a y a c a k   m ı y m ı ş ı z
d e ğ i ş i y o r   o l m a l ı l a r   m ı y m ı ş
p a r ç a l a n a c a k   m ı y m ı ş s ı n ı z
p a r ç a l a n m a y a c a k   m ı y m ı ş ı z
p a r ç a l a n m a y a c a k   m ı y m ı ş ı m
d e ğ i ş i y o r   o l a c a k   m ı y m ı ş ı z
g ö ç m ü ş   o l m a y a c a k   m ı y d ı n ı z
g ö ç e c e k   o l m a y a c a k   m ı s ı n ı z
g ö ç ü y o r   o l m a y a c a k   m ı s ı n ı z
s e r p i y o r   o l m a y a c a k   m ı y d ı n
s ü z e c e k   o l m a y a c a k   m ı s ı n ı z
d e ğ i ş i y o r   o l m a l ı y m ı ş s ı n
d e ğ i ş i y o r   o l m a y a c a k l a r   m ı
d e ğ i ş i y o r   o l m a m a l ı   m ı y d ı m
d e ğ i ş i y o r   o l m a m a l ı   m ı y d ı k
s e r p i y o r   o l m a l ı   m ı y m ı ş s ı n
s ü z m ü ş   o l m a y a c a k l a r   m ı y d ı
p a r ç a l a n m ı ş   o l a c a k s ı n ı z
p a r ç a l a n m ı ş   o l a c a k l a r   m ı
s e r p e c e k   o l a c a k m ı ş s ı n ı z
p a r ç a l a n m ı ş   o l a c a k l a r d ı
p a r ç a l a n m ı ş   o l a c a k   m ı y ı m
p a r ç a l a n ı y o r   o l m a m a l ı   m ı
d e ğ i ş e c e k   o l a c a k   m ı s ı n ı z
s ü z e c e k   o l a c a k l a r   m ı y m ı ş
g ö ç e c e k   o l a c a k l a r   m ı y m ı ş
s ü z e r   o l m a y a c a k   m ı y m ı ş ı z
s ü z ü y o r   o l m a y a c a k m ı ş s ı n
p a r ç a l a n ı y o r   o l m a m a l ı l a r
s e r p i y o r   o l a c a k m ı ş s ı n ı z
d e ğ i ş i y o r   o l a c a k   m ı s ı n ı z
p a r ç a l a n m ı ş   o l m a y a c a k l a r
s e r p i y o r   o l m a y a c a k   m ı y d ı m
s e r p i y o r   o l m a y a c a k l a r m ı ş
s e r p i y o r   o l m a y a c a k   m ı y d ı k
g ö ç ü y o r   o l m a y a c a k m ı ş s ı n
g ö ç e r   o l a c a k   m ı y m ı ş s ı n ı z
s e r p e c e k   o l m a y a c a k l a r   m ı
s e r p e c e k   o l m a y a c a k   m ı y ı z
s ü z e c e k   o l m a y a c a k l a r m ı ş
g ö ç ü y o r   o l m a m a l ı y m ı ş s ı n
g ö ç ü y o r   o l m a y a c a k   m ı y d ı n
d e ğ i ş m i ş   o l a c a k   m ı y d ı n ı z
s e r p m i ş   o l m a y a c a k   m ı y ı m
s e r p m i ş   o l m a y a c a k   m ı s ı n
s ü z ü y o r   o l m a m a l ı l a r   m ı y d ı
d e ğ i ş i r   o l a c a k   m ı y m ı ş s ı n
s e r p i y o r   o l m a y a c a k   m ı s ı n
s e r p i y o r   o l m a m a l ı   m ı y d ı n
d e ğ i ş m i ş   o l a c a k l a r   m ı y d ı
s ü z ü y o r   o l m a y a c a k   m ı y m ı ş
s e r p i y o r   o l m a m a l ı   m ı y m ı ş
s ü z ü y o r   o l m a l ı   m ı y m ı ş s ı n
s e r p i y o r   o l m a m a l ı y m ı ş ı z
d e ğ i ş i y o r   o l m a m a l ı   m ı y m ı ş
d e ğ i ş i y o r   o l m a m a l ı l a r   m ı
d e ğ i ş i y o r   o l m a m a l ı s ı n ı z
d e ğ i ş i r   o l m a y a c a k l a r m ı ş
d e ğ i ş i y o r   o l m a m a l ı   m ı y d ı
d e ğ i ş i y o r   o l m a l ı   m ı y m ı ş ı z
d e ğ i ş i y o r   o l m a m a l ı y m ı ş ı z
s ü z ü y o r   o l m a m a l ı   m ı y m ı ş ı z
p a r ç a l a n a c a k   o l a c a k s ı n
g ö ç ü y o r   o l m a l ı l a r   m ı y m ı ş
d e ğ i ş i y o r   o l m a m a l ı l a r m ı ş
p a r ç a l a n a c a k   o l m a y a c a k
g ö ç m ü ş   o l m a y a c a k l a r   m ı y d ı
s ü z e c e k   o l a c a k   m ı y m ı ş ı z
p a r ç a l a n ı r   m ı y m ı ş s ı n ı z
g ö ç e c e k   o l m a y a c a k s ı n ı z
s e r p e c e k   o l a c a k   m ı s ı n ı z
p a r ç a l a n m a l ı   m ı y m ı ş s ı n
s ü z e c e k   o l a c a k   m ı y m ı ş ı m
p a r ç a l a n ı y o r   o l u r l a r d ı
g ö ç e c e k   o l a c a k   m ı y m ı ş ı m
g ö ç e c e k   o l m a y a c a k m ı ş ı m
p a r ç a l a n ı y o r   o l u r   m u y d u k
g ö ç e c e k   o l a c a k m ı ş s ı n ı z
p a r ç a l a n ı y o r   o l u r   m u y d u n
g ö ç ü y o r   o l m a l ı   m ı y d ı n ı z
g ö ç ü y o r   o l m a m a l ı l a r   m ı y d ı
s e r p i y o r   o l m a l ı   m ı y m ı ş ı z
s e r p m i ş   o l m a y a c a k   m ı y d ı n
g ö ç e c e k   o l m a y a c a k   m ı s ı n
s e r p i y o r   o l a c a k   m ı s ı n ı z
s e r p i y o r   o l m a m a l ı   m ı y d ı m
g ö ç e r   o l m a y a c a k   m ı y m ı ş ı m
s e r p i y o r   o l m a y a c a k m ı ş ı m
p a r ç a l a n m ı ş   o l m a y a c a k t ı m
s e r p i y o r   o l m a y a c a k m ı ş ı z
s e r p i y o r   o l m a y a c a k   m ı y ı z
s e r p i y o r   o l m a y a c a k l a r   m ı
d e ğ i ş i y o r   o l a c a k   m ı y m ı ş
s e r p i y o r   o l m a y a c a k   m ı y d ı
g ö ç ü y o r   o l m a y a c a k m ı ş ı m
d e ğ i ş i y o r   o l a c a k   m ı y d ı m
s e r p e r   o l a c a k   m ı y m ı ş s ı n
g ö ç ü y o r   o l m a m a l ı   m ı y d ı k
s ü z e c e k   o l m a y a c a k   m ı y ı z
d e ğ i ş i r   o l a c a k   m ı y m ı ş
s e r p m i ş   o l m a y a c a k l a r d ı
d e ğ i ş i r   o l a c a k m ı ş s ı n ı z
s ü z e c e k   o l m a y a c a k m ı ş ı z
