s e r p i y o r   o l a c a k l a r d ı
g ö ç ü y o r   o l a c a k   m ı y d ı n
s ü z ü y o r   o l m a l ı l a r   m ı y d ı
y a n   t ü m c e l e r i n i
s e r p t i
d e n e y i m l e r i n e
a v u k a t
g ö ç e c e k   o l m a y a c a k   m ı s ı n ı z
a y r ı m c ı l ı k l a r d ı
ö ğ ü t ü c ü y m ü ş l e r
d e ğ i ş m i ş   o l a c a k   m ı y ı m
s e r p m e d i n i z
s e r p e c e k m i ş
p a r ç a l a n m ı ş   o l a c a k l a r   m ı
u s u l l a r ı n
g ö ç e c e k t i k
a y r ı m c ı l ı k l a r ı n ı n
s ü z ü y o r   o l m a l ı y d ı k
p a r ç a l a n ı y o r   o l u r d u
p a r ç a l a n a c a k m ı ş ı m
m i l y o n e r i n
d e ğ i ş m e y e c e k
a y r ı m c ı l ı k l a r ı m ı z ı n
i s t i r i d y e l e r i n i n
p a r ç a l a n m a m ı ş ı z
s ü z m e d i y d i n i z
k u r b a ğ a c ı k l a r ı n ı
d e ğ i ş i y o r   o l m a l ı l a r   m ı
s e r p e c e k   o l m a y a c a k l a r   m ı
s e r p i y o r   o l m a y a c a k   m ı y d ı m
b a m y a l a r ı m
a y r ı m c ı l ı k l a r ı
g ö ç m e d i   m i y d i m
s ü z e r   o l a c a k   m ı y m ı ş
g ö ç m ü ş   o l m a y a c a k t ı n ı z
m i l y o n e r i n d e
b ü s t l e r i n i z i
d e ğ i ş i r
g ö ç e r d i n
p a r ç a l a n m ı ş l a r   m ı y d ı
s e r p m i y o r   m u s u n
y e r i
s e r p m e z l e r d i
s e r p m e m e l i   m i s i n i z
g ö ç m ü ş   o l a c a ğ ı m
s ü z ü y o r   o l u r d u k
d e n e y i m i m i z i
s ü z m ü ş   o l a c a k   m ı y ı z
d e ğ i ş t i   m i y d i n i z
s e r p m e d i n   m i
b a m y a n d a
s e r p i y o r   o l m a z d ı k
p a r ç a l a n a c a k   o l a c a k l a r
s e r p e r   o l a c a k   m ı y m ı ş ı z
s e r p e c e k   o l m a y a c a k   m ı
s ü z m e z l e r   m i
s ü z m e l i y d i
d e ğ i ş i y o r   o l m a m a l ı   m ı y d ı n ı z
g ö ç m e m e l i   m i y d i m
s ü z ü y o r   o l a c a k   m ı y m ı ş s ı n
b a k i r e l e r i
s e r p m e y e c e k s i n
g ö ç m e l i   m i y m i ş s i n i z
s ü z ü y o r   o l m a z d ı n
d e ğ i ş i y o r   o l a c a k l a r d ı
s ü z d ü   m ü y d ü m
d e ğ i ş m e m e l i l e r
s e r p m e m i ş   m i y d i n
g ö ç e r i z
ç i z g i n i z d e
s e r p i y o r   o l m a l ı   m ı y ı z
p a r ç a l a n m a y a c a k m ı ş ı m
p a r ç a l a n a c a k   o l m a y a c a k   m ı y m ı ş s ı n ı z
g ö ç ü y o r   o l m a y a c a k   m ı y d ı n
b ü s t e
s ü z e r d i m
s e r p m e m e l i l e r d i
t e k i l   k a l ı p l a r ı n a
s ü z ü y o r   o l m a y a c a k   m ı y m ı ş ı z
d e ğ i ş i y o r   o l m a z   m ı y d ı
d e ğ i ş i y o r   o l a c a ğ ı m
p a r ç a l a n ı r   o l m a y a c a k   m ı y m ı ş s ı n
k a t e g o r i l e r e
p a r ç a l a n m a d ı y d ı n ı z
a v u k a t l a r
s ü z d ü n ü z   m ü
p a r ç a l a n m ı ş   m ı y d ı k
s e r p i n i z
s e r p m i ş   o l a c a ğ ı m
s e r p i y o r   o l a c a k   m ı y ı z
d e ğ i ş i y o r   o l m a m a l ı l a r   m ı
g ö ç e c e k   o l m a y a c a k s ı n ı z
g ö ç m e m e l i   m i y i z
a y r ı m c ı l ı ğ ı n ı z d a n
s e r p e c e ğ i m
s ü z ü y o r   o l u r   m u y d u k
s e r p m i ş   o l m a y a c a k t ı m
ç i z g i s i n d e n
m a k i n e l e r i
s ü z m ü y o r   m u y d u n
s ü z e c e k   o l a c a k   m ı y m ı ş ı z
g ö ç ü y o r   o l m a z d ı n
p a r ç a l a n m ı ş   o l m a y a c a k   m ı y d ı
g ö ç m ü y o r l a r   m ı y m ı ş
g ö ç ü y o r   o l m a y a c a k t ı
k a t e g o r i l e r i n i
m e f h u m l a r ı n d a
g ö ç m e y e c e k   m i y d i m
d e ğ i ş t i y d i n
k u r b a ğ a c ı ğ ı n d a
d e ğ i ş i r   o l m a y a c a k l a r m ı ş
p a r ç a l a n ı y o r   o l m a m a l ı   m ı s ı n ı z
d e ğ i ş m e l i y d i k
a y r ı m c ı l ı k l a r ı m ı z d a
g ö ç e c e k m i ş
g ö ç m ü ş   o l a c a ğ ı z
s e r p m e m i ş t i m
p a r ç a l a n m ı y o r d u n u z
b a k i r e
s e r p i y o r   o l m a m a l ı y d ı n
s e s t e ş i n
g ö ç m ü ş   o l m a y a c a k l a r   m ı y d ı
p a r ç a l a n d ı   m ı y d ı m
b a m y a l a r m ı ş
g ö ç m e z m i ş i m
g ö ç m ü ş   o l m a y a c a k   m ı y d ı n ı z
g ö ç m e d i n i z   m i
s e r p m i ş   o l a c a k l a r   m ı
d e ğ i ş i y o r   o l m a y a c a k s ı n ı z
y e r l e r i m
t o p o l o j i l e r i m i z e
g ö ç ü y o r   o l m a y a c a k s ı n ı z
g ö ç ü y o r   o l m a m a l ı   m ı y d ı k
d e ğ i ş m i ş   o l m a y a c a k t ı k
g ö ç e c e k   o l m a y a c a k
i s t i r i d y e n i n
ü z g ü n   d e ğ i l   m i y m i ş l e r ?
d e ğ i ş i y o r   o l m a l ı l a r   m ı y m ı ş
i s t i r i d y e s i
h e n d e s e m i z i
p a r ç a l a n m a l ı l a r m ı ş
d e ğ i ş i y o r   o l m a z d ı m
ç i z g i l e r i n d e n
g ö ç m ü y o r   m u y m u ş u m
a v u k a t m ı ş s ı n
d e ğ i ş i r   o l a c a k m ı ş s ı n
s ü z m e m e l i   m i y i m
p a s k a l y a   t a v ş a n l a r ı n ı
p a r ç a l a n ı r   o l m a y a c a k   m ı y m ı ş ı z
b ü s t ü n ü z ü
s ü z e c e k   o l m a y a c a k l a r m ı ş
t e k i l   k a l ı b ı n ı
d e ğ i ş i y o r   o l m a m a l ı l a r m ı ş
d e ğ i ş m e m i ş t i n i z
y e r m i ş i z
s ü z m ü ş   o l m a y a c a k   m ı y d ı k
s ü z e r   o l a c a k m ı ş ı m
ö ğ ü t ü c ü n ü n
p a r ç a l a n ı y o r   m u y d u m
m a k i n e n d e n
d e ğ i ş i y o r   o l u r d u n
s ü z m e l i
s ü z ü y o r m u ş
b a m y a s ı
ö ğ ü t ü c ü l e r i n d e
p a r ç a l a n m ı ş   m ı s ı n
p a r ç a l a n ı r
h e n d e s e l e r i n
p e n i s l e r i n i z e
e r n e k l e r d e
m a k i n e s i n d e
s e r p i y o r   o l m a y a c a k   m ı y d ı
p a r ç a l a n ı y o r   o l m a y a c a k   m ı y d ı n ı z
p a r ç a l a n a c a k   m ı y d ı m
d e ğ i ş m e m i ş   m i y i z
ü z g ü n m ü ş s ü n ü z
t o p o l o j i
g ö ç e r d i k
y e r i n i z i
p a r ç a l a n d ı y d ı n
d e ğ i ş e c e k m i ş i z
b a m y a l a r d ı
a v u k a t l a r m ı ş
s ü z ü y o r   o l m a m a l ı y ı m
g ö ç e c e k   o l a c a ğ ı z
ç i z g i y m i ş s i n i z
p a r ç a l a n m a l ı   m ı y m ı ş ı z
d e ğ i ş m i ş   o l a c a k   m ı y d ı m
g ö ç m e y e c e k   m i y d i k
s ü z m e l i y m i ş i m
d e ğ i ş i r s i n
a y r ı m c ı l ı k l a r m ı ş s ı n
d e n e y i m i n i z i
g ö ç m e d i   m i y d i n
s e r p m i ş i m
s ü z ü y o r   o l a c a ğ ı m
ç i z g i l e r i n d e n
m a k i n e l e r
p a r ç a l a n ı r   o l a c a k m ı ş
ü z g ü n   d e ğ i l m i ş
s e r p m i y o r m u ş u m
g ö ç e r   o l m a y a c a k l a r   m ı y m ı ş
d e ğ i ş m e l i s i n i z
s ü z m ü y o r   m u y d u m
g ö ç ü y o r   o l m a z d ı n ı z
s e r p m e z m i ş i z
k e f a l e t l e r
p a r ç a l a n
s ü z m e y e c e k t i
g ö ç ü y o r   o l m a y a c a k m ı ş ı m
p a r ç a l a n m a l ı y m ı ş ı m
s e r p e r   o l m a y a c a k l a r m ı ş
g ö ç e r
p a r ç a l a n m ı ş   o l m a y a c a k t ı n ı z
s e r p i y o r   o l m a y a c a k   m ı y d ı k
e r n e k t i k
p e n i s l e r i n i z d e
m a k i n e l e r i n i
g ö ç ü y o r   o l m a y a c a k   m ı y m ı ş s ı n ı z
k a t e g o r i l e r i n d e
ö ğ ü t ü c ü s ü n d e n
d e ğ i ş m e m i ş   m i y d i n i z
s ü z ü y o r   o l m a m a l ı y d ı m
y a n   t ü m c e s i n e
ö r d e ğ i m i z
s ü z ü y o r   o l m a l ı y d ı m
d e ğ i ş m i ş t i n i z
m a k i n e m i z
g ö ç m e m e l i y d i k
s e r p m e z
p a r ç a l a n a c a k   m ı y d ı
g ö ç e r d i
d e ğ i ş i y o r   m u y d u
s e r p m e y e c e k m i ş i z
s e r p i y o r   o l a c a k s ı n
s ü z ü y o r   o l m a y a c a k m ı ş
s e r p e r l e r
a y r ı m c ı l ı k l a r ı n a
p a r ç a l a n m a l ı   m ı y d ı m
p a r ç a l a n m e l i l e r
s ü z ü y o r   o l m a y a c a k m ı ş s ı n ı z
i s t i r i d y e m i z d e
s e r p m e m i ş
p a r ç a l a n ı y o r   o l a c a k m ı ş s ı n ı z
y a n   t ü m c e y e
m a k i n e l e r i n i z i
d e ğ i ş m e y e c e k l e r d i
s e r p m i ş   o l a c a k   m ı y ı z
y e r d e
s e r p m e l i   m i y m i ş s i n i z
p a r ç a l a n m a z m ı ş ı z
s e r p m e m i ş s i n i z
p a r ç a l a n m a m ı ş l a r
s e s t e ş i m i z
ç i z g i d e
k e f a l e t l e r i n i
p a r ç a l a n ı r   o l m a y a c a k m ı ş s ı n ı z
m i l y o n e r l e r i n d e
p a r ç a l a n m e l i   m i y i z
g ö ç m ü ş   o l a c a k   m ı y ı m
ü z g ü n   d e ğ i l   m i y m i ş s i n i z ?
s e r p i y o r   o l u r d u
m a k i n e l e r e
s e r p e c e k l e r   m i y d i
t e c r i d i m i z d e n
e r n e k l e r
d e ğ i ş m e y e c e k   m i y m i ş i z
d e ğ i ş m i ş m i ş i m
p a r ç a l a n m ı ş   o l a c a k s ı n
s e r p i y o r   m u y m u ş u m
s e r p i y o r d u n
d e ğ i ş m e m e l i y m i ş s i n
p a r ç a l a n ı r l a r
s ü z m e l i   m i y m i ş i m
b a m y a n ı z ı
b a k i r e l e r d e n
k a t e g o r i m i z
s ü z ü y o r   o l m a y a c a k t ı n
t e k i l   k a l ı p l a r d a
a l f a   s ü r ü m ü
d e ğ i ş m i y o r l a r m ı ş
s e r p i y o r u m
s ü z m e d i k   m i
s e r p e c e k   m i y m i ş s i n
s e r p m e m i ş   m i y i m
b ü s t l e r i n e
s ü z ü y o r   o l m a m a l ı   m ı y m ı ş
a y r ı m c ı l ı k d ı l a r
p a r ç a l a n m ı ş   o l m a y a c a k l a r d ı
ç i z g i l e r i n d e
d e ğ i ş m i ş   o l m a y a c a k l a r   m ı y d ı
y a n   t ü m c e l e r i m i z i
s e r p i y o r   o l m a y a c a k s ı n
g ö ç m ü ş   o l a c a k s ı n ı z
p a r ç a l a n ı r l a r d ı
d e ğ i ş i y o r   o l m a l ı l a r d ı
s e r p i y o r   o l m a y a c a k m ı ş ı m
p a r ç a l a n a c a k   o l m a y a c a k   m ı y ı m
s ü z m ü ş   o l a c a k t ı
p a r ç a l a n m a z l a r   m ı y m ı ş
g ö ç e c e k   o l a c a k   m ı y ı m
g ö ç e r   o l a c a k   m ı y m ı ş s ı n ı z
ö ğ ü t ü c ü y d ü n ü z
p a r ç a l a n ı y o r   o l m a z   m ı y d ı n ı z
k a t e g o r i l e r i n
s ü z m ü ş   o l m a y a c a k   m ı y ı m
p a r ç a l a n m a m a l ı l a r   m ı y d ı
y e r l e r m i ş s i n i z
ö ğ ü t ü c ü l e r e
d e n e y i m i n i z e
p e n i s i m i z e
s e r p e c e k   o l m a y a c a k m ı ş
g ö ç e c e k   o l m a y a c a k l a r   m ı y m ı ş
p a r ç a l a n ı y o r   o l a c a k m ı ş
g ö ç e c e k
b a k i r e l e r i n d e n
s ü z m e d i
d e ğ i ş m e z   m i y d i n
t e c r i t l e r i m i z i n
g ö ç m e m e l i y d i n i z
s e r p m e d i l e r   m i
s e r p e r   o l m a y a c a k m ı ş ı m
s ü z e c e k   m i s i n
s e r p e c e k   m i y i z
s e r p m e d i   m i y d i
p a r ç a l a n m a y a c a k   m ı s ı n
a y r ı m c ı l ı ğ ı m ı z a
k u r b a ğ a c ı k l a r ı n ı z ı
s e r p m e z s i n i z
p a r ç a l a n ı y o r   o l m a m a l ı   m ı y m ı ş ı z
d ü z e n l e n e b i l i r l i k l e r i m i z d e n
m a k i n e l e r i n
s e r p m i y o r m u ş
m e f h u m u m u z a
d e ğ i ş e c e ğ i m
d e n e y i m l e r i m i z e
g ö ç e c e k   o l a c a k s ı n ı z
s e r p e r   m i y d i k
d e ğ i ş m e z l e r   m i y m i ş
p a r ç a l a n m a m ı ş   m ı y d ı
m a k i n e n d e
d e ğ i ş m e y i z
s ü z m e m i ş   m i
d e n e y i m l e r i m i z d e n
m e f h u m u m u z u n
d e ğ i ş m e m i ş t i m
g ö ç e r   m i s i n i z
g ö ç m e d i l e r d i
i s t i r i d y e s i n i
s ü z m ü ş   o l m a y a c a k l a r d ı
h e n d e s e l e r i m i z e
m e f h u m l a r ı n ı
s e s t e ş e
d e ğ i ş i r   m i y d i n i z
s e r p m e y e c e k   m i y i m
s ü z e c e k l e r   m i y m i ş
d e ğ i ş m e l i y d i n
d e ğ i ş m i ş   o l a c a k   m ı y d ı n
g ö ç m e y e c e k   m i y i m
p e n i s i n d e
s ü z d ü n   m ü
s e r p i y o r   o l m a m a l ı l a r   m ı
s e r p m i ş   o l m a y a c a k   m ı
s e r p m i y o r l a r   m ı y d ı
e r n e k l e r i m i z
ü z g ü n   d e ğ i l m i ş i z
g ö ç ü y o r d u
g ö ç ü y o r   o l a c a k
m a k i n e n
t o p o l o j i l e r i m i z i
s e r p i y o r   o l m a y a c a k m ı ş ı z
g ö ç ü y o r   o l m a y a c a k   m ı y m ı ş s ı n
g ö ç m ü y o r   m u y m u ş s u n u z
d e ğ i ş m i y o r m u ş s u n
g ö ç ü y o r   o l m a m a l ı   m ı y d ı m
b ü s t l e r i n
s e r p m i ş   o l a c a k   m ı s ı n ı z
b a k i r e n
k u r b a ğ a c ı k l a r ı n d a
s e s t e ş l e r i n d e n
s e r p m i ş   o l m a y a c a k l a r d ı
s ü z ü y o r   o l m a m a l ı   m ı
g ö ç m ü ş t ü m
p a r ç a l a n ı r   o l m a y a c a k   m ı y m ı ş ı m
d ü z e n l e n e b i l i r l i ğ i n i z e
t o p o l o j i n i
m a k i n e n e
p a r ç a l a n a c a k s ı n ı z
a v u k a t l a r a
s ü z ü y o r   o l a c a k l a r d ı
m e f h u m u n u
e r n e k l e r i
s e r p i y o r   o l m a y a c a k   m ı y ı z
s ü z m e m e l i l e r   m i y d i
a y r ı m c ı l ı k l a r ı n ı z ı
s e r p i y o r   o l m a l ı l a r
s e r p m e l i y d i
d e n e y i m
g ö ç e c e k   o l a c a k l a r   m ı y m ı ş
y e r l e r d i m
y e r i n i z
s ü z ü y o r   o l m a z l a r   m ı y d ı
d e ğ i ş i y o r   o l m a l ı l a r
s e r p i y o r   o l a c a k   m ı y d ı k
i s t i r i d y e n i z e
p a r ç a l a n m a l ı y d ı
d ü z e n l e n e b i l i r l i ğ i n i z i
g ö ç m ü y o r   m u y u z
b a k i r e y m i ş l e r
s ü z m e z d i m
p a r ç a l a n m ı ş   o l m a y a c a k t ı n
s ü z m e z l e r d i
p a r ç a l a n m ı ş t ı n ı z
s ü z m ü ş   m ü s ü n
p a r ç a l a n m a y a c a k s ı n ı z
m i l y o n e r l e r i n i
p a r ç a l a n ı y o r   o l m a l ı   m ı y d ı
d e ğ i ş i y o r d u m
p a r ç a l a n a c a k   m ı y ı m
p a r ç a l a n a c a k   o l m a y a c a k   m ı s ı n ı z
d e ğ i ş i y o r   o l a c a k   m ı s ı n ı z
p a r ç a l a n ı y o r   o l m a y a c a k t ı n
s e r p m e d i y d i k
t e k i l   k a l ı b ı n d a
d e ğ i ş i y o r   o l m a y a c a k
g ö ç m ü ş   o l m a y a c a k t ı n
p a r ç a l a n ı y o r   o l m a m a l ı
p a r ç a l a n ı y o r   o l m a y a c a k   m ı y m ı ş ı m
g ö ç m e z m i ş
t e c r i d i n e
d e ğ i ş e c e k   o l m a y a c a k m ı ş s ı n
s e s t e ş l e r i n i z i n
a y r ı m c ı l ı k l a r ı n ı
b ü s t l e r i
p a r ç a l a n a c a k   o l m a y a c a k   m ı y m ı ş
k a t e g o r i m i z i
s e r p i y o r   o l m a l ı   m ı y d ı
p a r ç a l a n a c a k m ı ş ı z
s e r p e r   o l m a y a c a k m ı ş
y e r i n d e n
p a r ç a l a n ı y o r   o l m a y a c a k   m ı y d ı n
b ü s t l e r i n i z d e n
p a r ç a l a n ı y o r   o l u r   m u y d u n
ö r d e k l e r i n i
y a n   t ü m c e n i z
a v u k a t l a r d a n
p a r ç a l a n d ı l a r   m ı y d ı
s ü z m ü ş   o l m a y a c a k   m ı y d ı
s e r p e r   m i y i z
s e r p m i y o r
a y r ı m c ı l ı k l a r ı n d a
s e s t e ş i m i z i n
ç i z g i l e r i n e
p a r ç a l a n ı y o r   o l a c a k   m ı y d ı n ı z
t o p o l o j i s i n e
s e r p e r   m i y m i ş s i n i z
g ö ç m ü y o r d u k
t e c r i d i n i z d e n
b a k i r e n i z d e
s ü z m e d i l e r   m i
d e ğ i ş m e y e c e k   m i y i z
s e r p i y o r   o l m a l ı   m ı y m ı ş ı z
a y r ı m c ı l ı k l a r d ı n ı z
s e r p m i ş m i ş s i n
ö r d e ğ i m i z i
p a r ç a l a n m ı ş   o l a c a ğ ı m
s e r p m e d i l e r   m i y d i
p a r ç a l a n ı y o r   o l a c a k   m ı y d ı m
g ö ç m e m i ş t i
ü z g ü n   m ü s ü n ü z ?
b a k i r e l e r m i ş s i n
e r n e k m i ş i z
d e ğ i ş m e y e c e k l e r m i ş
d e ğ i ş m e z   m i y d i n i z
d e ğ i ş i y o r   o l m a l ı l a r m ı ş
s e r p m i ş t i k
p a r ç a l a n m a m ı ş t ı n ı z
s ü z ü y o r   o l a c a ğ ı z
d ü z e n l e n e b i l i r l i ğ i n i
s e r p i y o r   o l m a y a c a k l a r   m ı y m ı ş
m e f h u m u
p a r ç a l a n m a m ı ş   m ı y ı m
h e n d e s e l e r i n
d e n e y i m l e r e
d e ğ i ş e c e k t i n i z
s ü z ü y o r   o l m a l ı l a r d ı
g ö ç m ü y o r d u n u z
p a r ç a l a n ı y o r   o l m a y a c a k t ı m
s ü z m e m e l i y d i n i z
p a r ç a l a n m a l ı y d ı m
p a r ç a l a n m a m a l ı y d ı n
d e ğ i ş i y o r   o l m a m a l ı y d ı n
s e r p m e z   m i y m i ş s i n
d e ğ i ş m e m e l i   m i y d i n i z
ö ğ ü t ü c ü y d ü k
a v u k a t ı
s e r p m e l i l e r d i
d e ğ i ş i y o r   o l m a z l a r d ı
d e ğ i ş m i ş   o l a c a ğ ı m
g ö ç m ü ş   m ü y m ü ş
g ö ç m e z   m i y m i ş
e r n e ğ i n d e n
d e ğ i ş i r   o l m a y a c a k m ı ş ı z
m i l y o n e r l e r i m i z i n
p a r ç a l a n d ı l a r d ı
p a r ç a l a n ı r   o l a c a k m ı ş s ı n ı z
d e ğ i ş m e m i ş l e r
d e ğ i ş t i n i z
s ü z m ü ş   o l a c a k   m ı y d ı n
p a r ç a l a n m a d ı   m ı y d ı n
s e r p m e y e c e k
d e ğ i ş m i y o r l a r   m ı
d e ğ i ş m e y e c e k s i n
p a r ç a l a n ı y o r d u n
t e k i l   k a l ı b ı m ı z a
p a r ç a l a n m a m a l ı y d ı m
d e ğ i ş i y o r   o l m a l ı y ı m
a y r ı m c ı l ı k l a r ı m ı z ı
ü z g ü n   d e ğ i l d i n i z
y e r i m i z e
s ü z m ü ş   m ü y m ü ş
g ö ç e r m i ş s i n
s e r p m i ş   o l m a y a c a k   m ı y ı m
e r n e k m i ş i m
p a r ç a l a n ı y o r d u k
d e ğ i ş i y o r   o l a c a k s ı n
s ü z m ü ş   m ü y d ü m
p a r ç a l a n d ı
s e r p i y o r   o l a c a k m ı ş ı z
ö r d e k l e r i n i n
s e r p i y o r   o l m a l ı   m ı y m ı ş s ı n ı z
t o p o l o j i l e r i n d e n
d e ğ i ş m e m e l i   m i y i m
m i l y o n e r i n i z e
s e r p m e z   m i s i n
s e r p m i ş   o l a c a k t ı k
d e ğ i ş i y o r   o l m a m a l ı   m ı y m ı ş ı m
y e r l e r i n i z
a y r ı m c ı l ı k l a r m ı ş
g ö ç m e m i ş t i n i z
p e n i s l e r d e
g ö ç m e z l e r d i
s e r p i y o r   o l a c a k t ı
d e ğ i ş m e m i ş t i k
b a k i r e n i z
p a r ç a l a n m ı ş   o l a c a k t ı n
ç i z g i n i z d e n
y e r i z
t e k i l   k a l ı b ı n a
k u r b a ğ a c ı k
a v u k a t l a r ı m
s ü z m ü y o r s u n
b a k i r e m i z d e n
h e n d e s e l e r i n i z d e n
g ö ç m e m i ş m i ş s i n
a y r ı m c ı l ı k l a r ı n ı z a
p a r ç a l a n m a m ı ş   m ı s ı n ı z
d e ğ i ş i y o r   o l u r d u k
s e r p m i ş   m i y m i ş s i n i z
s ü z m e z   m i y i m
s ü z ü y o r   o l m a y a c a k   m ı y d ı n ı z
s ü z ü y o r   m u y u m
d e ğ i ş e c e k   o l a c a k   m ı y m ı ş s ı n ı z
g ö ç ü y o r   o l m a l ı l a r   m ı y m ı ş
d e ğ i ş i r   m i y d i m
g ö ç ü y o r   o l m a l ı   m ı y m ı ş ı z
s e r p i y o r   o l m a y a c a k   m ı
s e r p m e l i l e r
m i l y o n e r l e r d i n i z
p a r ç a l a n m a z   m ı y m ı ş ı z
g ö ç e c e k   o l m a y a c a k m ı ş s ı n ı z
t e c r i d i n d e n
h e n d e s e s i n d e n
s e r p m e m i ş l e r
g ö ç ü y o r   o l m a m a l ı y ı z
e r n e ğ i n d e
i s t i r i d y e l e r i
b a k i r e l e r d i r
b a k i r e y m i ş s i n i z
d e ğ i ş i r   m i y i z
s e r p m e m e l i   m i y i z
b a k i r e l e r i n d e n
s e r p i y o r   o l m a z d ı n ı z
b ü s t l e r d e
ç i z g i l e r i n
s ü z e c e k   o l a c a k   m ı
b a m y a y m ı ş
ç i z g i l e r i n
p a r ç a l a n ı y o r   m u y u m
s ü z ü y o r   o l u r   m u y d u m
d e ğ i ş m i ş   o l a c a k l a r   m ı
s ü z ü y o r   o l m a m a l ı   m ı s ı n ı z
s e r p m e y e c e k m i ş
k a t e g o r i l e r i m i z e
s ü z m e y e c e k s i n i z
p a r ç a l a n m a m ı ş
m i l y o n e r l e r m i ş i z
p a r ç a l a n m ı ş s ı n ı z
i s t i r i d y e n i n
s e r p m i ş   m i y d i n
s e r p e r d i n
s e r p e c e k   o l a c a k   m ı s ı n ı z
b ü s t l e r
d e n e y i m e
d e ğ i ş m e m e l i   m i y m i ş i z
g ö ç ü y o r   o l m a m a l ı l a r   m ı y d ı
p a r ç a l a n m ı y o r   m u y m u ş s u n u z
s ü z ü y o r   o l m a y a c a k   m ı y m ı ş ı m
p a r ç a l a n ı y o r   o l m a m a l ı   m ı y d ı k
ç i z g i m i z
g ö ç m e m e l i   m i s i n i z
k u r b a ğ a c ı ğ ı n ı z d a n
ü z g ü n   d e ğ i l   m i y m i ş i m ?
e r n e k t i m
m i l y o n e r
k u r b a ğ a c ı k l a r ı n ı n
s e r p m e l i y d i m
g ö ç m ü ş s ü n ü z
s e r p m e z   m i y i z
p a r ç a l a n a c a k l a r m ı ş
s ü z m e d i   m i
s ü z ü y o r   o l u r l a r d ı
d e ğ i ş m i ş   o l a c a k   m ı y ı z
s ü z ü y o r   o l a c a k t ı
s e r p m e d i l e r d i
g ö ç e c e k   o l m a y a c a k m ı ş ı z
ü z g ü n ü m
e r n e k l e r i m i z d e n
s e r p m e m i ş   m i y d i n i z
ö ğ ü t ü c ü l e r d i m
m i l y o n e r m i ş
m a k i n e y e
ö ğ ü t ü c ü l e r i n i z e
b ü s t l e r i n d e n
d e ğ i ş i r   m i y m i ş i m
ö r d e ğ i
p a r ç a l a n ı y o r   o l m a l ı y m ı ş
p a r ç a l a n ı y o r   o l m a y a c a k
h e n d e s e l e r i n i z i n
d e ğ i ş m e z   m i y d i m
d e ğ i ş e c e k   o l m a y a c a k l a r
m e f h u m l a r ı n
k a t e g o r i s i n d e
g ö ç e r   o l m a y a c a k m ı ş s ı n ı z
d e ğ i ş i r m i ş
s e r p m e m i ş   m i y m i ş i m
y e r d i k
t e c r i t l e r i n i z d e n
m e f h u m l a r ı n d a n
b a k i r e l e r
ç i z g i l e r d e
a v u k a t ı n ı z ı
b a m y a n ı
ö ğ ü t ü c ü l e r m i ş s i n i z
ü z g ü n   d e ğ i l   m i y m i ş i z ?
d e ğ i ş m e l i y d i m
s e r p m i ş   m i y m i ş
d e ğ i ş m e l i y m i ş
ö ğ ü t ü c ü l e r i n i z d e
d e ğ i ş m e l i y m i ş i m
s ü z ü y o r   o l m a y a c a k   m ı y d ı n
s ü z m ü y o r   m u y m u ş u z
e r n e k s i n i z
e r n e k l e r e
d e ğ i ş i y o r   o l m a l ı y m ı ş s ı n
s e r p m e y e c e ğ i z
g ö ç m e z d i
s ü z m e d i m   m i
s e r p i y o r   o l a c a k l a r   m ı y d ı
t e k i l   k a l ı p l a r ı n a
p a r ç a l a n ı y o r   o l a c a k   m ı s ı n
s ü z e r   o l a c a k   m ı y m ı ş ı z
d e n e y i m l e r i n i z d e
p a r ç a l a n m ı ş   o l m a y a c a k s ı n
s e r p t i   m i y d i
k e f a l e t l e r i n i z i
m e f h u m u m u z d a
k e f a l e t i n e
s ü z m e m e l i l e r   m i
g ö ç m ü ş t ü k
s ü z e r   m i y d i
s e r p i y o r   o l u r d u k
d e ğ i ş m e m i ş   m i y d i k
t o p o l o j i l e r i n i
s e r p m e m i ş l e r   m i
ç i z g i y i m
s ü z ü y o r   m u y m u ş
ö ğ ü t ü c ü n ü z d e
k a t e g o r i s i n d e n
d e ğ i ş m i ş   o l a c a k t ı n
d e ğ i ş m e y e c e k   m i y i m
k u r b a ğ a c ı k l a r ı n a
p a r ç a l a n ı r l a r   m ı
s ü z m ü y o r   m u y m u ş
a y r ı m c ı l ı k l a r s ı n ı z
g ö ç m ü ş   o l m a y a c a ğ ı m
m e f h u m l a r d a
s ü z ü y o r   o l m a y a c a ğ ı m
s e r p m e y e c e k   m i s i n i z
y a n   t ü m c e m i z i
e r n e k l e r i m i z i
s ü z ü y o r   o l m a l ı   m ı y d ı n
p a r ç a l a n a c a k   m ı y d ı n ı z
p a r ç a l a n m ı ş m ı ş
s ü z ü y o r   o l a c a k   m ı
s e r p m i y o r   m u y m u ş
s ü z e c e k   o l a c a ğ ı z
s ü z m e y e c e k t i m
s ü z e r m i ş
ç i z g i l e r d i k
d e ğ i ş i y o r   o l m a y a c a k   m ı y d ı n
p a r ç a l a n m a z   m ı y d ı n ı z
s e r p m e y e c e k   m i s i n
s ü z e r l e r
s ü z m e z d i n i z
d e ğ i ş m e m i ş   m i y m i ş s i n i z
d e ğ i ş m e m i ş   m i s i n
d e ğ i ş m i ş   m i y m i ş i z
m a k i n e m i z i n
d e ğ i ş i y o r   o l m a y a c a k   m ı y ı m
g ö ç e r   m i y m i ş s i n i z
p a r ç a l a n ı y o r d u
g ö ç e r m i ş
d e ğ i ş m i y o r   m u y d u
ö r d e k l e r i n d e n
s ü z m e l i   m i y d i
g ö ç m e d i y d i
ç i z g i y i
s e r p i y o r   o l m a y a c a k t ı n
t e k i l   k a l ı b ı n ı z ı
s ü z ü y o r   o l m a l ı y d ı n ı z
b ü s t ü n ü z ü n
p a r ç a l a n a c a k   o l m a y a c a k m ı ş ı z
s ü z m ü ş   o l m a y a c a ğ ı m
ç i z g i l e r m i ş
s e r p e c e k   o l m a y a c a ğ ı m
g ö ç ü y o r s u n u z
ü z g ü n   d e ğ i l m i ş s i n i z
b ü s t l e r i n i z d e
b a k i r e l e r i n i z i
d e ğ i ş i y o r   o l m a l ı
t e c r i d i n i n
d e ğ i ş i r   m i y m i ş i z
k u r b a ğ a c ı k t a
s ü z ü y o r   o l m a l ı   m ı y ı z
s e r p m i ş   o l a c a k s ı n ı z
s ü z m e z l e r   m i y m i ş
d e ğ i ş e c e k   m i y d i n i z
y e r l e r m i ş s i n
m e f h u m u n
