a v u k a t l a r d ı n ı z
s ü z ü y o r   o l a c a ğ ı m
d ü z e n l e n e b i l i r l i k l e r e
ü z g ü n   d e ğ i l   m i y m i ş s i n i z ?
ü z g ü n   d e ğ i l m i ş
ü z g ü n   m ü y d ü n ?
ü z g ü n   d e ğ i l
g ö ç m e d i m
d e ğ i ş m e l i s i n i z
t e c r i t t e n
e r n e k t i l e r
p a r ç a l a n m e l i l e r
p a r ç a l a n
g ö ç e r
u s u l d a
p a r ç a l a n m e l i   m i y i z
g ö ç e c e k
p a r ç a l a n ı y o r   o l a c a ğ ı m
p a r ç a l a n ı y o r   o l a c a k m ı ş
p a r ç a l a n m ı ş   o l a c a k s ı n
p a r ç a l a n ı y o r   o l a c a k m ı ş s ı n ı z
p a r ç a l a n m ı ş   o l a c a k
p a r ç a l a n ı r   o l a c a k m ı ş
g ö ç e r d i
g ö ç m ü ş   o l a c a k s ı n ı z
p a r ç a l a n ı r   o l a c a k m ı ş ı z
a l f a   s ü r ü m ü
s e r p i y o r   o l a c a k s ı n
p a r ç a l a n ı r l a r
p a r ç a l a n ı y o r   o l a c a k l a r m ı ş
p a r ç a l a n ı y o r   o l a c a k   m ı y m ı ş
p a r ç a l a n ı y o r   o l a c a k   m ı y d ı k
g ö ç ü y o r   o l m a z d ı n ı z
g ö ç ü y o r   o l m a y a c a k m ı ş s ı n
g ö ç m e d i n i z
g ö ç e c e k t i
s e r p i y o r   o l m a y a c a k s ı n
p a r ç a l a n ı r   o l m a y a c a k m ı ş s ı n ı z
p a r ç a l a n m ı ş   o l m a y a c a k t ı n ı z
p a r ç a l a n ı y o r   o l m a z   m ı y d ı n ı z
p a r ç a l a n ı r l a r d ı
g ö ç e c e k   o l a c a k   m ı y ı m
g ö ç m e y i n i z
g ö ç e r   o l a c a k   m ı y m ı ş s ı n ı z
g ö ç ü y o r   o l m a y a c a k   m ı y m ı ş s ı n ı z
p a r ç a l a n a c a k   o l m a y a c a k m ı ş
p a r ç a l a n m a y a c a k   m ı s ı n
g ö ç m ü ş   o l a c a k   m ı y ı m
p a r ç a l a n m a z m ı ş s ı n
p a r ç a l a n ı r   o l m a y a c a k m ı ş ı m
s e r p e r l e r
p a r ç a l a n m a m ı ş l a r
p a r ç a l a n ı y o r   o l m a m a l ı   m ı y m ı ş ı z
g ö ç ü y o r   o l m a y a c a k m ı ş ı m
p a r ç a l a n m ı ş   o l m a y a c a k l a r d ı
p a r ç a l a n m a m ı ş ı m
p a r ç a l a n a c a k   o l m a y a c a k   m ı y ı m
p a r ç a l a n a c a k   m ı y d ı
p a r ç a l a n m a z m ı ş ı z
s e r p m i ş   o l a c a k   m ı y ı z
s ü z ü y o r   o l m a y a c a k t ı n
g ö ç e r   o l m a y a c a k l a r   m ı y m ı ş
s e r p i y o r   o l m a z d ı m
s e r p i y o r   o l m a l ı y m ı ş s ı n
s e r p i y o r   o l m a y a c a k   m ı y d ı k
g ö ç e r   o l m a y a c a k   m ı y m ı ş ı m
g ö ç e c e k   o l m a y a c a k l a r   m ı y m ı ş
s e r p m i ş   o l m a y a c a k   m ı s ı n
s e r p e r   o l m a y a c a k   m ı y m ı ş s ı n
p a r ç a l a n ı y o r   m u y d u n
s e r p i y o r   o l m a l ı y m ı ş s ı n ı z
s e r p e r   o l m a y a c a k l a r m ı ş
d e ğ i ş i y o r   o l a c a k   m ı s ı n
s e r p i y o r   o l m a y a c a k m ı ş ı m
s ü z ü y o r   o l m a y a c a k m ı ş s ı n ı z
s e r p e r   o l m a y a c a k m ı ş ı m
g ö ç m e d i   m i y d i n
s e r p e c e k   o l m a y a c a k m ı ş
p a r ç a l a n m a l ı   m ı y d ı m
s e r p i y o r d u n
s e r p t i l e r
p a r ç a l a n m a l ı y m ı ş ı m
p a r ç a l a n m a m a l ı l a r   m ı y d ı
s ü z e c e k   o l a c a k m ı ş ı z
p a r ç a l a n m a z l a r   m ı y m ı ş
s e r p e r l e r d i
s e r p i y o r   o l u r d u
s e r p m e z
s ü z ü y o r   o l m a y a c a k m ı ş
s ü z m ü ş   o l a c a k t ı
s ü z ü y o r   o l m a z d ı n ı z
s e r p m e m i ş
s ü z m ü ş   o l a c a k
s e r p m e m i ş s i n i z
d e ğ i ş m i ş   o l a c a k t ı n ı z
g ö ç m e m e l i y d i n i z
s e r p i y o r u m
s e r p e c e k   m i y d i n
s ü z ü y o r   o l m a l ı y ı z
s ü z e c e k   o l m a y a c a ğ ı z
s e r p m e z s i n i z
s ü z ü y o r   o l m a m a l ı y d ı n ı z
s ü z ü y o r   o l m a l ı y d ı m
g ö ç m e m e l i y d i k
s e r p e c e k   m i y m i ş s i n
s ü z ü y o r   o l m a m a l ı   m ı y m ı ş
p e n i s l e r i n
g ö ç e c e k   m i y m i ş i m
s ü z ü y o r   o l m a m a l ı y d ı m
d e ğ i ş i y o r   o l m a l ı l a r d ı
k a t e g o r i l e r i n
s e r p m i y o r m u ş
s e r p e c e k l e r   m i y d i
s e r p e c e k   m i y i z
d e ğ i ş i y o r   o l m a m a l ı   m ı y m ı ş s ı n ı z
s e r p e r   m i y d i m
e r n e k l e r s i n
p e n i s l e r i n i z
d e ğ i ş i y o r   o l m a l ı y m ı ş
s e r p m e z m i ş i z
s e r p m i ş l e r   m i
p a s k a l y a   t a v ş a n l a r ı n d a
ö r d e ğ i n i n
p e n i s l e r i n i n
s ü z m ü ş   o l m a y a c a k   m ı y ı m
k a t e g o r i s i n i n
ö r d e ğ i n i n
s e r p m i ş i m
s e r p e c e k   m i y d i m
s e r p m e d i   m i y d i n i z
k a t e g o r i l e r i n i n
ö r d e k l e r i n i
e r n e k l e r
s e r p m e z l e r   m i
ö r d e k l e r i n i
k e f a l e t t e n
p e n i s i n e
s ü z m ü y o r
p e n i s l e r d e n
s e r p m e l i   m i y m i ş s i n i z
s e r p m e d i   m i y d i
p e n i s i n e
p e n i s l e r i n d e n
ö ğ ü t ü c ü l e r i n i z
k a t e g o r i l e r i n d e n
k a t e g o r i l e r i
d e ğ i ş m i ş   o l m a y a c a k l a r   m ı y d ı
k a t e g o r i d e n
p e n i s l e r i n i
d e ğ i ş i r s i n
s e r p m e d i l e r   m i
ç i z g i l e r s i n i z
s ü z ü y o r l a r d ı
p e n i s i n d e n
k a t e g o r i l e r i
ö ğ ü t ü c ü l e r i n i n
s e r p m e l i l e r   m i y d i
k a t e g o r i l e r i n e
k a t e g o r i l e r i n i z i
s e r p m e y e c e k m i ş i z
s e s t e ş l e r i n d e n
t o p o l o j i l e r i n i n
t o p o l o j i l e r i n i n
d e ğ i ş i y o r s u n
ç i z g i l e r i n
k a t e g o r i l e r d e n
p e n i s i n i
p e n i s l e r i n i z i n
s e r p m i ş m i ş i z
ö r d e k l e r i n i z i n
p e n i s l e r i n e
ç i z g i l e r i n
ö r d e ğ i n d e n
s e r p t i k   m i
k a t e g o r i n d e n
k a t e g o r i l e r i n d e
s e r p m e y e c e k l e r   m i y d i
ö ğ ü t ü c ü l e r m i ş s i n
s ü z e c e k   m i s i n
s e r p m e m i ş   m i y i m
e r n e k l e r m i ş s i n i z
ö ğ ü t ü c ü l e r i n d e n
s e r p m e z   m i y m i ş
k a t e g o r i l e r i n i z d e n
p e n i s l e r i n i z d e n
s e r p m i y o r   m u y d u n u z
ç i z g i l e r i n i z
ö ğ ü t ü c ü l e r m i ş s i n i z
t e k i l   k a l ı p l a r ı n
s e s t e ş l e r i n i z i n
s e r p m e m e l i l e r   m i
e r n e k t e n
ö ğ ü t ü c ü l e r i
s ü z e r m i ş s i n i z
p e n i s l e r i n d e
ö ğ ü t ü c ü l e r i
t e k i l   k a l ı p l a r ı n ı z
ç i z g i l e r i n i n
e r n e k l e r i n i z e
ö r d e ğ i n i z i
ö ğ ü t ü c ü l e r i n i z i n
p e n i s l e r i n i z d e
ö ğ ü t ü c ü l e r i n i
s ü z m e m i ş s i n i z
p e n i s i n i z i n
ç i z g i l e r i n i n
p e n i s i n i z i
t o p o l o j i l e r i n d e n
p e n i s i n i z d e n
d e ğ i ş i y o r   o l u r d u n u z
t o p o l o j i s i n i n
s e r p m i ş   m i y m i ş s i n i z
e r n e k l e r i n e
s e r p m i y o r m u ş u m
t o p o l o j i l e r i
k a t e g o r i n i z e
ö r d e k l e r i n d e
t o p o l o j i l e r i n i
ö ğ ü t ü c ü l e r i n i z e
s e r p t i n i z   m i
ç i z g i l e r
ö r d e k l e r i n i z d e
k a t e g o r i l e r d e
s ü z e c e k   m i s i n i z
d e ğ i ş i y o r   o l u r d u
ç i z g i l e r
s e r p m e m e l i l e r   m i y d i
e r n e k l e r i n e
s e r p m i y o r   m u y m u ş
ö ğ ü t ü c ü l e r e
s e r p m e m e l i l e r   m i y m i ş
t e k i l   k a l ı p l a r ı n ı n
e r n e k l e r m i ş
d e ğ i ş i y o r l a r   m ı y d ı
ç i z g i l e r m i ş s i n
d e ğ i ş i y o r   o l u r d u k
s e s t e ş e
ö ğ ü t ü c ü l e r i n e
t e k i l   k a l ı p l a r ı n ı z ı
ö r d e ğ i n i z d e n
d e ğ i ş e c e k t i n i z
s e r p m i y o r   m u y m u ş u z
d e ğ i ş i y o r u z
e r n e k l e r i n i z d e n
ç i z g i s i n i z
t e k i l   k a l ı p l a r a
a v u k a t l a r s ı n ı z
s ü z m e m i ş m i ş s i n i z
s ü z e c e k   m i y m i ş s i n i z
t o p o l o j i l e r i n i z d e n
