s e r p m e z l e r   m i
e r n e k l e r i n e
d e ğ i ş m i ş t i m
s e r p i y o r
t e c r i d i n
p e n i s l e r i n d e
p a r ç a l a n ı y o r   o l m a m a l ı   m ı y ı z
p a r ç a l a n m a m e l i   m i s i n
a v u k a t t a n
s ü z m e z m i ş s i n i z
ö ğ ü t ü c ü l e r i m i z
m i l y o n e r d i n i z
d e ğ i ş m e d i l e r
a v u k a t l a r d ı n ı z
p e n i s l e r i n
d e ğ i ş m i ş   o l m a y a c a k l a r
p a r ç a l a n m a z   m ı s ı n
s e r p e c e k l e r   m i
s ü z e c e k   m i y i z
k u r b a ğ a c ı ğ ı n d a n
k a t e g o r i m i z i n
i s t i r i d y e l e r i m i z
i s t i r i d y e n
g ö ç e c e k l e r   m i
s e r p m i y o r   m u y m u ş u z
g ö ç m e d i l e r   m i
y a n   t ü m c e n i z e
m e f h u m a
p a r ç a l a n ı r m ı ş ı z
s ü z m e l i   m i y i z
d e ğ i ş m i ş m i ş s i n i z
d e ğ i ş i r   o l a c a k m ı ş ı z
k a t e g o r i l e r i n i z d e n
s e r p m e z   m i y d i m
s e r p m e l i y m i ş i z
d e ğ i ş e c e k   m i y d i m
s ü z m e d i y d i n
ç i z g i l e r i m i z i n
s e r p e c e k m i ş s i n
ü z g ü n   d e ğ i l d i l e r
i s t i r i d y e
s e s t e ş l e r i m i z e
s e r p m e l i l e r   m i y d i
s ü z ü n
m e f h u m l a r ı n a
a v u k a t l a r ı n a
ç i z g i l e r m i ş
s e r p i y o r   o l a c a k   m ı y m ı ş s ı n ı z
g ö ç ü y o r   o l m a m a l ı s ı n
s e r p m i ş   o l m a y a c a k   m ı s ı n ı z
e r n e ğ i n i z d e n
s ü z e c e k   m i y m i ş s i n
g ö ç ü y o r   o l a c a k t ı n ı z
ö ğ ü t ü c ü l e r i n i
y e r l e r d i
p a r ç a l a n ı y o r   o l m a l ı   m ı y d ı m
s ü z m e m i ş   m i y d i m
s ü z e c e k   o l a c a k l a r m ı ş
k u r b a ğ a c ı k l a r ı m ı z
b a k i r e l e r
t o p o l o j i n d e n
p a r ç a l a n ı r ı m
e r n e k m i ş s i n
p a r ç a l a n m ı ş   o l m a y a c a k   m ı
s e r p m i ş   o l a c a k   m ı s ı n
y e r l e r s i n
p a r ç a l a n a c a k   o l a c a k s ı n ı z
k a t e g o r i d e n
s e s t e ş l e r i n i z i
s ü z m e m i ş   m i y i m
p a r ç a l a n m a d ı k
b ü s t ü n e
b a k i r e s i
y a n   t ü m c e l e r i n d e n
p a r ç a l a n ı y o r   o l a c a k
p a r ç a l a n m a y a c a k   m ı y m ı ş s ı n
g ö ç m ü y o r   m u s u n u z
ç i z g i l e r d i n i z
s ü z m e m i ş i m
d e ğ i ş m e l i   m i y m i ş
a v u k a t ı
b ü s t l e r e
t e c r i t l e r i m i z d e n
ö ğ ü t ü c ü l e r i m i z i
d e n e y i m l e r i n d e n
p a r ç a l a n m a d ı   m ı y d ı
y a n   t ü m c e s i n i
g ö ç m e m e l i   m i y d i k
b a m y a s ı n d a n
ü z g ü n d ü n
g ö ç m e z   m i y m i ş i m
t o p o l o j i y i
k e f a l e t t e n
t o p o l o j i m i z e
p a r ç a l a n m e l i   m i s i n i z
s e r p i y o r   m u y d u n
ö ğ ü t ü c ü n e
g ö ç m e m e l i y i m
s e r p i y o r l a r   m ı
m a k i n e l e r i n e
s e s t e ş l e r d e n
m i l y o n e r l e r
s ü z ü y o r   m u y u z
d e ğ i ş i r l e r d i
s ü z m e d i   m i y d i k
ü z g ü n m ü ş s ü n
s e r p e r   o l m a y a c a k m ı ş s ı n ı z
s ü z ü y o r   o l a c a k s ı n ı z
s e r p i y o r   o l a c a k
g ö ç m ü ş   m ü y d ü n ü z
s ü z ü y o r   o l m a y a c a k l a r m ı ş
ö r d e k l e r i
m a k i n e l e r i n e
y e r d i l e r
ü z g ü n d ü k
b a m y a m ı z ı n
ö r d e k l e r i n i n
g ö ç m ü ş ü z
s ü z ü y o r   o l a c a k   m ı y m ı ş
ö r d e k l e r
s e r p m e y e c e k   m i y d i
p a r ç a l a n d ı y d ı m
g ö ç e c e k   o l a c a k m ı ş ı m
s ü z m e m e l i y d i m
b a k i r e y i z
d e ğ i ş e c e k   o l a c a ğ ı m
g ö ç m e l i l e r   m i y d i
s e r p e r   m i
d e ğ i ş m e m i ş   m i y d i
a v u k a t l a r ı n ı z ı
g ö ç m ü ş   o l m a y a c a k t ı m
d e ğ i ş m i ş i m
ü z g ü n s ü n
s e r p i y o r   o l a c a k t ı n
k u r b a ğ a c ı ğ ı n d a n
s e r p m i ş   o l a c a k t ı n ı z
ö r d e k l e r i n i
g ö ç m e m i ş s i n i z
d e ğ i ş m e m i ş m i ş s i n
p a r ç a l a n m ı y o r   m u y d u
y e r
m i l y o n e r l e r i n
m i l y o n e r i m i z e
e r n e k t e n
g ö ç ü y o r   o l a c a k   m ı y d ı n ı z
g ö ç e c e k   o l m a y a c a k   m ı s ı n
ç i z g i l e r i
d e ğ i ş e c e k   o l a c a k m ı ş s ı n ı z
p a r ç a l a n a c a k l a r   m ı y d ı
s e r p i y o r   o l m a m a l ı y ı m
s ü z e r   o l m a y a c a k m ı ş s ı n
ç i z g i y m i ş i z
d e ğ i ş i y o r   o l m a l ı   m ı y m ı ş s ı n
g ö ç m e y e c e k   m i s i n i z
p a r ç a l a n m a z d ı m
ç i z g i l e r e
m a k i n e s i n i
b a k i r e l e r i z
b a k i r e l e r i m i z e
s e r p m i ş m i ş i z
p e n i s l e r i n
ü z g ü n   d e ğ i l s i n
s e r p e c e k   m i s i n i z
b a k i r e l e r m i ş
s ü z m e m i ş t i k
k a t e g o r i l e r i m i z d e n
s ü z m ü y o r   m u y u z
p a r ç a l a n d ı l a r
s ü z m ü ş   o l a c a k   m ı s ı n ı z
k a t e g o r i n d e n
d e ğ i ş i r   o l a c a k m ı ş ı m
d e ğ i ş m e y e c e ğ i m
g ö ç t ü y d ü n
a y r ı m c ı l ı k d ı m
k a t e g o r i l e r i m i z d e
e r n e ğ i m i z
g ö ç m e y e c e k   m i y m i ş
d e n e y i m l e r i n d e
p a r ç a l a n ı y o r   o l m a l ı   m ı y ı z
p a r ç a l a n m a l ı   m ı y d ı k
p a r ç a l a n m a y a c a k l a r d ı
s ü z m ü y o r u m
y e r l e r d i n i z
s e r p e c e k m i ş s i n i z
s ü z m ü ş ü m
s e r p i y o r   o l m a m a l ı   m ı y m ı ş
d e ğ i ş e c e k   o l m a y a c a ğ ı m
b a k i r e l e r i m i z
d e ğ i ş i r   m i y i m
ç i z g i l e r i m i z d e n
g ö ç e c e k   o l a c a k   m ı y m ı ş
s e r p i y o r m u ş u m
a y r ı m c ı l ı k l a r d a n
p a r ç a l a n m a y a c a k   m ı y m ı ş s ı n ı z
y e r i m i z i
k e f a l e t t e
s e r p e c e k   o l a c a k m ı ş s ı n ı z
ç i z g i n i
m a k i n e l e r i m i z e
p e n i s l e r i m i z d e n
s e r p m i ş   o l m a y a c a k   m ı y d ı k
g ö ç e r   m i y d i n
s ü z ü y o r   m u y d u k
p a r ç a l a n ı y o r   m u y m u ş s u n u z
ü z g ü n   d e ğ i l d i m
e r n e ğ i m
d e ğ i ş i y o r   o l a c a ğ ı z
e r n e ğ i n i z e
s ü z ü y o r   o l m a z   m ı y d ı n
g ö ç e r   o l m a y a c a k m ı ş s ı n
s e r p m i ş   o l m a y a c a k   m ı y ı z
t o p o l o j i l e r i m i z d e n
g ö ç t ü n   m ü
g ö ç m ü ş   o l a c a k   m ı
i s t i r i d y e l e r i n i
p a r ç a l a n m a y a c a k l a r   m ı
d ü z e n l e n e b i l i r l i ğ i m i z i
y e r l e r i n
s e r p e c e k t i n i z
p e n i s i n i z d e n
p a r ç a l a n m a z m ı ş ı m
p a r ç a l a n m a d ı y d ı
b a k i r e l e r e
k e f a l e t l e r i n e
d e ğ i ş m e z d i
e r n e k l e r s i n i z
m e f h u m l a r ı
m e f h u m u n u n
s ü z ü y o r   o l m a m a l ı l a r   m ı
d e ğ i ş m e m e l i s i n
k e f a l e t i n d e
k a t e g o r i s i n i
p a r ç a l a n m a m a l ı y m ı ş
t e c r i d i n d e
s ü z m e m e l i y m i ş s i n
p a r ç a l a n m ı ş   o l a c a k   m ı y ı z
p a r ç a l a n m a y a c a k m ı ş
t e k i l   k a l ı b a
s ü z e c e k   o l m a y a c a k   m ı s ı n ı z
p a r ç a l a n m ı ş   m ı y m ı ş s ı n ı z
s ü z m e y e c e k l e r d i
b a k i r e m i z
d e ğ i ş i y o r m u ş u z
s e r p m i ş s i n
d e ğ i ş m e d i l e r d i
b a k i r e l e r s i n i z
d e ğ i ş e c e k   o l a c a k m ı ş ı m
g ö ç m e l i   m i y i z
k a t e g o r i l e r i m i z
p a r ç a l a n a c a k   o l a c a ğ ı m
