b ü s t l e r e
h e n d e s e s i
t o p o l o j i s i n d e n
a y r ı m c ı l ı k d ı l a r
b a k i r e s i
d ü z e n l e n e b i l i r l i k l e r i m i z d e n
k a t e g o r i s i n d e n
d ü z e n l e n e b i l i r l i ğ i n d e n
ö ğ ü t ü c ü y m ü ş s ü n ü z
a y r ı m c ı l ı k l a r ı n ı z d a n
a y r ı m c ı l ı k l a r m ı ş s ı n
k u r b a ğ a c ı k l a r ı n ı z ı
p a r ç a l a n m a l ı y m ı ş ı m
d e ğ i ş m e m e l i y m i ş s i n
a y r ı m c ı l ı k l a r d ı n ı z
a v u k a t l a r m ı ş s ı n ı z
p a r ç a l a n m a z m ı ş s ı n
k u r b a ğ a c ı ğ ı n ı z d a
d e ğ i ş m e y e c e k l e r d i
p a r ç a l a n m a m ı ş l a r
p a r ç a l a n m a z m ı ş ı z
s e r p m e y e c e k m i ş i z
ö ğ ü t ü c ü s ü n d e n
d e ğ i ş m i y o r l a r m ı ş
a y r ı m c ı l ı k l a r ı n a
m a k i n e l e r i m i z d e n
k a t e g o r i l e r i n d e
t e c r i t l e r i m i z i n
p a r ç a l a n m a m ı ş ı m
g ö ç m e m e l i y d i n i z
t o p o l o j i l e r i n i n
a y r ı m c ı l ı ğ ı m ı z a
m i l y o n e r l e r i n d e
a y r ı m c ı l ı k m ı ş l a r
ö ğ ü t ü c ü y m ü ş s ü n
h e n d e s e l e r i n d e
b a k i r e l e r i n d e n
k u r b a ğ a c ı k l a r ı
p a r ç a l a n ı r l a r d ı
p e n i s l e r i n i z d e
s e r p m e m i ş s i n i z
b a m y a l a r ı n ı z d a
ö r d e k l e r i n i z i n
s e r p m i y o r m u ş u m
t o p o l o j i m i z d e n
y e r l e r m i ş s i n i z
i s t i r i d y e l e r d e n
i s t i r i d y e m i z d e
m a k i n e l e r i n d e n
m a k i n e l e r i n i z i
m i l y o n e r l e r d e n
s ü z m e m e l i s i n i z
a v u k a t l a r d ı n ı z
ö ğ ü t ü c ü y m ü ş ü m
k a t e g o r i l e r i n
t e c r i d i m i z d e n
p a r ç a l a n ı r l a r
ç i z g i l e r i m i z d e
g ö ç m e m e l i y d i k
ö ğ ü t ü c ü y d ü n ü z
d e ğ i ş m i ş m i ş i m
d e ğ i ş m i ş t i n i z
d e ğ i ş m e z s i n i z
m i l y o n e r l e r d i
k e f a l e t l e r i n i
b a k i r e l e r d e n
ç i z g i l e r i n d e n
b a m y a y m ı ş s ı n
ö r d e k l e r i n d e
s e r p m e z m i ş i z
s e r p m e z s i n i z
d e n e y i m i n i z i
d e n e y i m i n i z e
m i l y o n e r l e r e
s e r p m i y o r m u ş
a v u k a t l a r m ı ş
s ü z m e y e c e k t i
m a k i n e l e r i n i
s ü z m e m e l i s i n
h e n d e s e m i z e
b a k i r e s i n i z
b a k i r e l e r i n
k a t e g o r i m i z
a v u k a t l a r a
ç i z g i l e r i n d e
ö ğ ü t ü c ü l e r d e
d e n e y i m l e r e
ö r d e ğ i n i z d e
a v u k a t l a r ı m
s e r p e r l e r d i
y e r l e r i n i z i
d e ğ i ş i y o r u z
e r n e k l e r s i n
s e r p i y o r d u n
s ü z ü y o r l a r d ı
y e r l e r d i n i z
k a t e g o r i s i
m a k i n e l e r i n
k e f a l e t i n i z
k e f a l e t l e r e
b a k i r e l e r e
s e s t e ş l e r e
s e s t e ş i m i z
k e f a l e t l e r
g ö ç m e d i n i z
p e n i s i m i z e
g ö ç m e y i n i z
t o p o l o j i y e
d e ğ i ş i r s i n
s e r p i y o r u m
d e ğ i ş m i ş t i
y e r l e r i n i n
m a k i n e l e r i
m e f h u m l a r a
m a k i n e l e r e
m e f h u m u n u n
b ü s t l e r d e n
g ö ç e c e k t i
p e n i s l e r e
s e r p e r l e r
b ü s t l e r i n e
ç i z g i n i z i n
s e r p m e m i ş
ö r d e ğ i m i z
b a m y a l a r a
s e r p m i ş i m
e r n e k l e r e
b a m y a n ı z ı
s e r p t i l e r
d e ğ i ş m e l i
m a k i n e m i z
d e ğ i ş i n i z
m a k i n e l e r
ç i z g i l e r e
p a r ç a l a n
ç i z g i n i z i
b a m y a l a r
e r n e k t i k
b ü s t ü n ü n
s ü z m ü y o r
ç i z g i d e
g ö ç e c e k
ç i z g i l e r
g ö ç e r d i
s e r p m e z
b a m y a n a
e r n e k l e r
e r n e k t i
s ü z m e d i
t e c r i t
y e r l e r
g ö ç e r
b a m y a
y e r i n
y e r d e
p a s k a l y a   t a v ş a n l a r ı n ı n
a l f a   s ü r ü m ü
p a r ç a l a n m a m e l i   m i s i n
t e c r i t t e n
d e ğ i ş m e l i s i n i z
ü z g ü n   m ü y d ü n ?
ü z g ü n   d e ğ i l m i ş
ü z g ü n   d e ğ i l   m i y m i ş s i n i z ?
ü z g ü n   d e ğ i l
p a s k a l y a   t a v ş a n l a r ı n d a
g ö ç m e d i m
t o p o l o j i s i n e
p a r ç a l a n ı y o r   o l m a m a l ı   m ı y m ı ş ı z
d e ğ i ş i y o r   o l m a m a l ı   m ı y m ı ş s ı n ı z
p a r ç a l a n ı r   o l m a y a c a k m ı ş s ı n ı z
p a r ç a l a n m a m a l ı l a r   m ı y d ı
h e n d e s e s i n d e n
g ö ç ü y o r   o l m a y a c a k   m ı y m ı ş s ı n ı z
d e ğ i ş e c e k   o l m a y a c a k   m ı y m ı ş ı z
p a r ç a l a n a c a k   o l m a y a c a k   m ı y ı m
d e ğ i ş e c e k   o l m a y a c a k m ı ş s ı n ı z
d e ğ i ş i y o r   o l m a y a c a k l a r   m ı y m ı ş
p a r ç a l a n ı y o r   o l a c a k m ı ş s ı n ı z
g ö ç e c e k   o l m a y a c a k l a r   m ı y m ı ş
s e r p e c e k   o l a c a k   m ı y m ı ş s ı n ı z
d e ğ i ş i y o r   o l m a m a l ı l a r   m ı y m ı ş
p a r ç a l a n ı y o r   o l a c a k   m ı s ı n ı z
p a r ç a l a n ı y o r   o l m a z   m ı y d ı n ı z
g ö ç ü y o r   o l m a y a c a k   m ı y m ı ş s ı n
p a r ç a l a n m ı ş   o l m a y a c a k t ı n ı z
s ü z ü y o r   o l m a y a c a k   m ı y m ı ş s ı n
s e r p i y o r   o l m a l ı   m ı y m ı ş s ı n ı z
s e r p i y o r   o l a c a k   m ı y m ı ş s ı n ı z
p a r ç a l a n m ı ş   o l m a y a c a k l a r d ı
g ö ç e c e k   o l m a y a c a k m ı ş s ı n ı z
p a r ç a l a n ı r   o l m a y a c a k m ı ş ı m
d e ğ i ş m i ş   o l m a y a c a k l a r   m ı y d ı
d e ğ i ş m i ş   o l m a y a c a k   m ı y d ı n ı z
p a r ç a l a n ı y o r   o l m a l ı   m ı y d ı m
p a r ç a l a n ı y o r   o l m a y a c a k t ı n
p a r ç a l a n ı y o r   o l m a y a c a k s ı n
p a r ç a l a n ı y o r   o l m a y a c a k t ı m
d e ğ i ş e c e k   o l m a y a c a k m ı ş s ı n
p a r ç a l a n ı y o r   o l m a m a l ı y d ı k
p a r ç a l a n m a m ı ş   m ı y m ı ş s ı n ı z
p a r ç a l a n ı y o r   o l a c a k   m ı y d ı k
g ö ç ü y o r   o l m a y a c a k l a r   m ı y d ı
s e r p e r   o l m a y a c a k   m ı y m ı ş s ı n
d e ğ i ş e c e k   o l a c a k   m ı y m ı ş s ı n
s e r p m i ş   o l m a y a c a k   m ı y d ı n ı z
p a r ç a l a n ı y o r   o l a c a k   m ı y d ı m
d e ğ i ş i y o r   o l m a y a c a k   m ı y d ı n
d e ğ i ş i y o r   o l m a y a c a k m ı ş s ı n
d e ğ i ş i y o r   o l m a y a c a k   m ı y d ı k
s ü z ü y o r   o l m a m a l ı y m ı ş s ı n ı z
s ü z ü y o r   o l m a y a c a k m ı ş s ı n ı z
p a r ç a l a n m a y a c a k   m ı y m ı ş s ı n
p a r ç a l a n m a y a c a k l a r   m ı y d ı
p a r ç a l a n m a m a l ı   m ı y d ı
g ö ç ü y o r   o l m a m a l ı y m ı ş s ı n ı z
g ö ç ü y o r   o l m a y a c a k   m ı y d ı n ı z
s e r p e c e k   o l m a y a c a k l a r m ı ş
p a r ç a l a n ı y o r   o l m a y a c a k l a r
p a r ç a l a n ı y o r   o l a c a k l a r m ı ş
p a r ç a l a n ı y o r   o l m a l ı l a r d ı
p a r ç a l a n ı y o r   o l m a l ı   m ı y ı z
p a r ç a l a n ı y o r   o l m a l ı   m ı s ı n
p a r ç a l a n ı y o r   o l m a l ı   m ı y d ı
d ü z e n l e n e b i l i r l i k l e r e
s e r p e c e k   o l a c a k l a r   m ı y m ı ş
p a r ç a l a n a c a k   o l m a y a c a k   m ı
p a r ç a l a n ı y o r   o l a c a k   m ı y m ı ş
p a r ç a l a n ı y o r   o l m a y a c a k m ı ş
p a r ç a l a n a c a k   o l m a y a c a ğ ı z
p a r ç a l a n ı y o r   o l a c a k l a r   m ı
g ö ç e r   o l m a y a c a k l a r   m ı y m ı ş
p a r ç a l a n ı y o r   o l a c a k   m ı s ı n
p a r ç a l a n a c a k   o l a c a k s ı n ı z
p a r ç a l a n ı y o r   o l a c a k   m ı y ı z
p a r ç a l a n a c a k   o l m a y a c a k m ı ş
p a r ç a l a n ı y o r   o l a c a k m ı ş ı m
d e ğ i ş e c e k   o l m a y a c a k s ı n ı z
g ö ç e r   o l m a y a c a k   m ı y m ı ş s ı n
p a r ç a l a n ı y o r   m u y m u ş s u n u z
d e ğ i ş e c e k   o l a c a k   m ı y m ı ş ı m
p a r ç a l a n m ı ş   o l m a y a c a k t ı n
p a r ç a l a n m ı ş   o l m a y a c a k t ı k
d e ğ i ş i y o r   o l m a l ı y m ı ş s ı n ı z
d e ğ i ş e c e k   o l a c a k   m ı y m ı ş ı z
d e ğ i ş e c e k   o l m a y a c a k   m ı s ı n
d e ğ i ş e c e k   o l a c a k m ı ş s ı n ı z
s e r p i y o r   o l m a l ı y m ı ş s ı n ı z
s e r p i y o r   o l m a m a l ı y m ı ş s ı n
s e r p e r   o l m a y a c a k m ı ş s ı n ı z
d e ğ i ş i y o r   o l m a m a l ı y d ı n ı z
