d e ğ i ş m e m i ş l e r d i
d e ğ i ş i y o r   o l m a l ı y ı m
s e r p m e l i y m i ş s i n
h e n d e s e l e r i m i z e
p a r ç a l a n d ı y d ı m
d e ğ i ş m i ş   o l a c a k t ı k
s ü z ü y o r   o l m a z   m ı y d ı m
d e n e y i m l e r i m i z d e n
g ö ç ü y o r   o l m a y a c a ğ ı m
s e r p i y o r   o l m a l ı s ı n
ö ğ ü t ü c ü l e r m i ş s i n
d e ğ i ş m i y o r s u n u z
d e ğ i ş i r   m i y d i n i z
s e r p m e m e l i   m i y i z
s ü z m e m e l i l e r   m i y d i
s e r p m i ş   o l m a y a c a ğ ı m
s e r p m i ş   o l a c a k s ı n ı z
d e ğ i ş m i ş   o l m a y a c a k s ı n
s ü z m e m i ş   m i y m i ş s i n
p a r ç a l a n ı r s ı n ı z
d e ğ i ş m e z   m i y d i n i z
s ü z ü y o r   o l m a m a l ı   m ı
m i l y o n e r l e r d i n i z
s e r p i y o r   o l m a l ı y d ı
b a m y a l a r s ı n ı z
s e r p m e l i y m i ş i z
s ü z ü y o r   o l m a y a c a ğ ı m
p a r ç a l a n m ı ş   o l a c a ğ ı m
d e ğ i ş i y o r   o l m a z d ı n
p a r ç a l a n ı y o r   o l m a m a l ı
d e ğ i ş m e y e c e k l e r m i ş
s ü z ü y o r   o l a c a k   m ı y d ı
a y r ı m c ı l ı k l a r d a n
s ü z m e m e l i y m i ş s i n
a y r ı m c ı l ı k l a r ı n ı z ı
d e ğ i ş m e m e l i   m i y m i ş
s e r p i y o r   o l m a z   m ı y d ı m
p a r ç a l a n m a m ı ş m ı ş
g ö ç m ü ş   o l a c a k   m ı y d ı m
i s t i r i d y e l e r i n d e n
s ü z ü y o r   o l m a y a c a k
s ü z m e l i   m i y m i ş s i n i z
p a r ç a l a n m ı ş t ı n ı z
s e r p m e m e l i l e r m i ş
d e ğ i ş i y o r   o l m a l ı   m ı
s e r p e r   o l a c a k l a r m ı ş
s ü z m ü ş   o l m a y a c a k l a r d ı
s e r p m e d i l e r   m i y d i
s e r p i y o r   o l m a l ı y ı m
s ü z m e m e l i   m i y d i n
d e ğ i ş i y o r l a r   m ı y d ı
p a r ç a l a n ı y o r   m u y d u k
g ö ç ü y o r   o l a c a k l a r   m ı y d ı
s e r p m i ş   o l m a y a c a k l a r d ı
a y r ı m c ı l ı k l a r ı n ı z d a
s e r p i y o r   o l m a m a l ı   m ı
d e ğ i ş i y o r   o l m a l ı s ı n
d e ğ i ş e c e k   m i y m i ş i z
b a k i r e y m i ş s i n i z
s e r p m i ş   o l m a y a c a k t ı n ı z
a l f a   s ü r ü m l e r i n d e n
s ü z m ü ş   o l a c a k   m ı y d ı m
p a r ç a l a n m a y a c a k m ı ş
a y r ı m c ı l ı k l a r d ı n ı z
s e r p i y o r   o l m a m a l ı s ı n
s e r p i y o r   o l a c a k t ı n
s e r p i y o r   o l u r   m u y d u m
m e f h u m u m u z u n
p a r ç a l a n m a z l a r m ı ş
d e ğ i ş m i ş   o l m a y a c a k   m ı s ı n
s e r p m i ş   o l a c a k   m ı s ı n
s ü z m ü ş   o l a c a k   m ı s ı n ı z
t o p o l o j i l e r i m i z i
p a r ç a l a n m a l ı y d ı m
a y r ı m c ı l ı k l a r m ı ş ı m
s e r p m i ş   m i y m i ş s i n i z
d e ğ i ş i y o r   o l a c a k s ı n
a y r ı m c ı l ı ğ ı m ı z d a n
k u r b a ğ a c ı k l a r ı n d a
d e ğ i ş i r   o l a c a k m ı ş ı m
p a r ç a l a n m a d ı   m ı y d ı
s ü z ü y o r   o l m a y a c a k   m ı y d ı k
s ü z ü y o r   o l m a l ı l a r d ı
s ü z ü y o r   o l m a y a c a ğ ı z
t e k i l   k a l ı b ı m ı z a
d e ğ i ş i y o r   o l m a l ı y ı z
s e r p i y o r   o l u r   m u y d u n
s e r p i y o r   o l m a l ı   m ı s ı n
g ö ç m e m e l i   m i y d i n i z
s ü z m ü ş   o l a c a k   m ı s ı n
s e r p m i ş   o l m a y a c a k   m ı
d e ğ i ş e c e k   o l m a y a c a ğ ı m
a y r ı m c ı l ı k l a r ı m ı z d a n
d e ğ i ş e c e k   m i y d i n i z
d e ğ i ş m e z l e r   m i y m i ş
s e r p m e m e l i l e r   m i y d i
s e r p i y o r   o l a c a k m ı ş ı m
s ü z ü y o r   o l u r   m u y d u m
s ü z ü y o r   o l a c a k   m ı s ı n ı z
g ö ç m e m e l i   m i y m i ş s i n
d e ğ i ş i y o r   o l a c a k t ı k
p a r ç a l a n m a y a c a k m ı ş ı z
d e ğ i ş m e y e c e k m i ş i z
t e k i l   k a l ı b ı m ı z ı n
s e r p i y o r   o l m a l ı y d ı n ı z
k a t e g o r i l e r i n i z d e n
d e ğ i ş i y o r   o l m a l ı l a r m ı ş
t e k i l   k a l ı p l a r a
t e k i l   k a l ı p l a r ı n
s ü z ü y o r   o l m a m a l ı y d ı k
s ü z ü y o r   o l m a y a c a k t ı k
p a r ç a l a n ı r   m ı s ı n ı z
s e r p e c e k   o l a c a k l a r m ı ş
d e ğ i ş i y o r   o l m a z l a r d ı
s ü z ü y o r   o l m a y a c a k l a r m ı ş
d e ğ i ş i y o r   o l m a l ı   m ı s ı n
s e r p i y o r   o l a c a k   m ı s ı n ı z
s ü z e r   o l a c a k   m ı y m ı ş ı z
s e r p e c e k   o l a c a k m ı ş ı z
d e ğ i ş m e m e l i y m i ş i z
s e r p m i ş   o l a c a k   m ı s ı n ı z
p a s k a l y a   t a v ş a n ı n a
p a r ç a l a n m a m a l ı y d ı m
p a r ç a l a n m ı y o r   m u s u n
t e k i l   k a l ı p l a r ı n d a n
g ö ç m ü ş   o l a c a k   m ı y d ı k
s e r p m i ş   o l m a y a c a k   m ı y d ı n
s ü z m e m e l i   m i y d i n i z
d e ğ i ş m i ş   o l m a y a c a k l a r
p a r ç a l a n m ı ş   o l a c a k   m ı
s e r p m e m e l i l e r   m i y m i ş
s e r p e r   o l a c a k   m ı y m ı ş ı m
p a r ç a l a n ı y o r   o l m a y a c a k l a r
s ü z m e m e l i y m i ş s i n i z
d e ğ i ş m i ş   o l a c a k l a r   m ı y d ı
d e ğ i ş i y o r   o l m a l ı y d ı m
p a r ç a l a n m ı ş l a r   m ı y m ı ş
p a r ç a l a n m a l ı y m ı ş s ı n
d e ğ i ş i y o r   o l m a l ı   m ı y m ı ş
t e k i l   k a l ı p l a r ı n ı
p a r ç a l a n m a z   m ı y m ı ş ı z
d ü z e n l e n e b i l i r l i ğ i n i
t e k i l   k a l ı b ı m ı z
p a r ç a l a n ı y o r   o l a c a k m ı ş ı m
s e r p i y o r   o l m a m a l ı   m ı y ı z
d e ğ i ş e c e k   o l a c a k   m ı s ı n
d e ğ i ş i y o r   o l a c a k l a r m ı ş
p a r ç a l a n m a y a c a k s ı n ı z
p a r ç a l a n ı y o r   o l m a m a l ı   m ı
s e r p e c e k   o l a c a k   m ı s ı n ı z
s e r p i y o r   o l m a y a c a k t ı n
e r n e k t i m
e r n e k l e r s i n i z
e r n e k m i ş s i n
d e ğ i ş e c e k   o l a c a k l a r   m ı
s e r p i y o r   o l a c a k m ı ş s ı n ı z
s ü z m e m e l i   m i y m i ş s i n
s e r p i y o r   o l m a y a c a k t ı m
p a r ç a l a n m a m ı ş   m ı y ı m
d e ğ i ş m e y e c e k   m i y d i n i z
p a r ç a l a n ı y o r l a r   m ı y d ı
d e ğ i ş m i ş   o l a c a k   m ı y d ı k
d e ğ i ş i y o r   o l m a m a l ı y d ı n
t e k i l   k a l ı p l a r ı m ı z ı
t e k i l   k a l ı p l a r ı n a
d ü z e n l e n e b i l i r l i k l e r i
ö ğ ü t ü c ü y m ü ş s ü n
s e r p m e m e l i   m i y d i n i z
d e ğ i ş i y o r   o l m a m a l ı y m ı ş
d e ğ i ş i y o r   o l u r l a r d ı
p a r ç a l a n m a m ı ş s ı n ı z
t e k i l   k a l ı p l a r ı n d a n
s e r p i y o r   o l m a l ı   m ı y d ı k
d e ğ i ş e c e k   m i y m i ş s i n i z
s ü z m e m e l i   m i y m i ş i z
d e ğ i ş i y o r   o l m a l ı y m ı ş s ı n ı z
p a r ç a l a n m a y a c a k l a r m ı ş
p a r ç a l a n ı y o r   o l m a l ı l a r d ı
d ü z e n l e n e b i l i r l i ğ i n e
p a r ç a l a n ı y o r   o l m a l ı   m ı y d ı m
p a r ç a l a n ı y o r   o l m a z   m ı y d ı m
p a r ç a l a n a c a k   o l a c a ğ ı m
d e ğ i ş i r   o l m a y a c a k m ı ş s ı n
d e ğ i ş i y o r   o l a c a k   m ı s ı n ı z
p a r ç a l a n m ı ş   m ı y m ı ş s ı n ı z
d e ğ i ş i y o r   o l m a m a l ı y d ı k
d ü z e n l e n e b i l i r l i ğ i n i z
d e ğ i ş m e m e l i   m i y m i ş i z
d e ğ i ş i y o r   o l m a l ı   m ı y ı z
s e r p i y o r   o l m a z   m ı y d ı n ı z
t e k i l   k a l ı p l a r ı n d a
d e ğ i ş i y o r   o l m a m a l ı y d ı m
d e ğ i ş i y o r   o l m a m a l ı   m ı y d ı k
s ü z m ü ş   o l a c a k l a r   m ı y d ı
s ü z ü y o r   o l a c a k   m ı y m ı ş s ı n ı z
s e r p m e y e c e k   m i y m i ş i m
s e r p i y o r   o l m a l ı   m ı y m ı ş ı z
t e k i l   k a l ı p l a r ı n ı n
t e k i l   k a l ı p l a r ı m ı z ı n
s e r p i y o r   o l m a y a c a k   m ı s ı n
d e ğ i ş m e m e l i l e r   m i y m i ş
t e k i l   k a l ı p l a r ı n ı n
t e k i l   k a l ı p l a r ı n ı z ı
d e ğ i ş e c e k   o l m a y a c a k   m ı s ı n
s e r p i y o r   o l m a y a c a k   m ı y m ı ş
d e ğ i ş i y o r   o l m a y a c a k l a r   m ı
s ü z ü y o r   o l m a z l a r   m ı y d ı
d ü z e n l e n e b i l i r l i ğ i m i z e
d e ğ i ş i y o r   o l m a y a c a k   m ı s ı n
s e r p i y o r   o l m a m a l ı y ı m
d ü z e n l e n e b i l i r l i k l e r
p a r ç a l a n m ı ş   o l a c a k   m ı s ı n
d ü z e n l e n e b i l i r l i ğ i n i n
s ü z ü y o r   o l m a l ı   m ı y m ı ş s ı n
p a r ç a l a n ı y o r   o l m a l ı   m ı s ı n
s e r p i y o r   o l m a y a c a k m ı ş ı z
p a r ç a l a n d ı l a r   m ı y d ı
d e ğ i ş m e y e c e k l e r   m i y d i
p a r ç a l a n m a m ı ş   m ı y m ı ş ı z
t e k i l   k a l ı p l a r ı n ı z
p a r ç a l a n ı y o r   o l u r   m u y d u n
t e k i l   k a l ı p l a r ı n ı z a
d e ğ i ş e c e k   o l a c a k   m ı s ı n ı z
p a r ç a l a n m a m a l ı   m ı y d ı
t e k i l   k a l ı b ı m ı z d a
d ü z e n l e n e b i l i r l i ğ i m i z
d e ğ i ş i y o r   o l m a l ı   m ı y m ı ş ı z
p a r ç a l a n m a y a c a k l a r   m ı
p a r ç a l a n m ı ş   o l a c a k t ı n ı z
s ü z ü y o r   o l m a m a l ı y m ı ş s ı n ı z
s e r p i y o r   o l m a y a c a k l a r m ı ş
p a r ç a l a n ı y o r   o l u r   m u y d u k
p a r ç a l a n ı r   m ı y m ı ş s ı n ı z
s e r p i y o r   o l m a z l a r   m ı y d ı
d ü z e n l e n e b i l i r l i ğ i n i z i
p a r ç a l a n m ı ş   o l m a y a c a k l a r
s ü z ü y o r   o l m a m a l ı l a r   m ı y d ı
d e ğ i ş m e y e c e k   m i y m i ş i m
p a r ç a l a n m a m a l ı y m ı ş
d e ğ i ş i r   o l m a y a c a k m ı ş s ı n ı z
s e r p i y o r   o l m a m a l ı y m ı ş ı z
d e ğ i ş e c e k   o l a c a k m ı ş s ı n ı z
s e r p i y o r   o l a c a k   m ı y m ı ş s ı n ı z
d ü z e n l e n e b i l i r l i k l e r i n i
s e r p e c e k   o l a c a k   m ı y m ı ş s ı n ı z
p a r ç a l a n ı y o r   o l a c a k   m ı s ı n ı z
s ü z m ü y o r   m u y m u ş s u n
s e r p i y o r   o l m a l ı   m ı y m ı ş s ı n
d ü z e n l e n e b i l i r l i ğ i m i z i
d ü z e n l e n e b i l i r l i ğ i n i z d e
d e ğ i ş e c e k   o l a c a k   m ı y m ı ş ı m
d e ğ i ş i y o r   o l m a y a c a k m ı ş s ı n
s ü z m ü ş   o l m a y a c a k   m ı y d ı
p a r ç a l a n m a y a c a k   m ı y m ı ş s ı n
d ü z e n l e n e b i l i r l i ğ i n i z e
t e k i l   k a l ı p l a r ı n ı z d a n
p a r ç a l a n m e l i   m i s i n i z
d e ğ i ş e c e k   o l m a y a c a k m ı ş s ı n
p a r ç a l a n m a y a c a k   m ı y m ı ş s ı n ı z
s e r p i y o r   o l m a m a l ı y m ı ş s ı n
s e r p i y o r   o l m a y a c a k l a r   m ı y m ı ş
d e ğ i ş e c e k   o l m a y a c a k   m ı y m ı ş ı z
d ü z e n l e n e b i l i r l i k t e
p a r ç a l a n ı y o r   o l m a m a l ı y d ı m
d e ğ i ş i y o r   o l m a l ı   m ı y m ı ş s ı n
d e ğ i ş i r   o l m a y a c a k   m ı y m ı ş ı z
d e ğ i ş e c e k   o l a c a k   m ı y m ı ş s ı n
s e r p m i ş   o l m a y a c a k   m ı y d ı
p a r ç a l a n ı y o r   o l m a y a c a k t ı m
d e ğ i ş i y o r   o l m a m a l ı y m ı ş ı z
b a k i r e y m i ş s i n
b a k i r e l e r s i n i z
p a r ç a l a n a c a k   o l a c a k m ı ş s ı n ı z
d e ğ i ş e c e k   o l a c a k   m ı y m ı ş s ı n ı z
p a r ç a l a n m a m a l ı   m ı y m ı ş ı z
d e ğ i ş e c e k   o l m a y a c a k m ı ş s ı n ı z
p a r ç a l a n ı y o r   o l m a y a c a k t ı n
ü z g ü n s ü n
ü z g ü n   d e ğ i l d i l e r
ü z g ü n   m ü s ü n ?
ü z g ü n   m ü ?
ü z g ü n   d e ğ i l s i n
ü z g ü n   m ü s ü n ü z ?
ü z g ü n   d e ğ i l m i ş i z
ü z g ü n   m ü y m ü ş l e r ?
p a r ç a l a n ı y o r   o l m a m a l ı y m ı ş ı m
a y r ı m c ı l ı k d ı m
a y r ı m c ı l ı k l a r s ı n ı z
a y r ı m c ı l ı k m ı ş s ı n
p a r ç a l a n a c a k   o l m a y a c a k   m ı s ı n ı z
d ü z e n l e n e b i l i r l i ğ e
p a r ç a l a n m a m e l i y i m
d ü z e n l e n e b i l i r l i k l e r i n i z i
s ü z m ü y o r   m u y m u ş s u n u z
d e ğ i ş i y o r   o l m a y a c a k l a r   m ı y d ı
p a s k a l y a   t a v ş a n l a r ı n ı n
ç i z g i l e r i m
ç i z g i l e r s i n i z
g ö ç m ü ş   o l m a y a c a ğ ı z
s ü z m ü ş   o l m a y a c a k   m ı y d ı m
s e r p m i ş   o l m a y a c a k   m ı y d ı m
d e ğ i ş i y o r   o l m a y a c a k l a r
t e c r i t t e n
d e ğ i ş m i ş   o l m a y a c a k   m ı y d ı m
s ü z ü y o r   o l m a y a c a k   m ı s ı n
g ö ç m ü ş   o l m a y a c a k   m ı y d ı m
p a r ç a l a n a c a k   o l m a y a c a ğ ı z
m i l y o n e r m i ş s i n
m i l y o n e r l e r s i n i z
d ü z e n l e n e b i l i r l i k l e r i n d e n
s e r p i y o r   o l m a y a c a k l a r d ı
d e ğ i ş i r   o l a c a k m ı ş s ı n ı z
d e ğ i ş e c e k   o l a c a k m ı ş ı m
d e ğ i ş m e y i z
d e ğ i ş m e z m i ş i z
d e ğ i ş t i l e r
d e ğ i ş i y o r   o l a c a k m ı ş ı z
d e ğ i ş m e l i   m i y i m
d e ğ i ş i y o r   o l m a m a l ı   m ı y d ı m
d e ğ i ş m i ş   o l a c a k   m ı y ı z
d e ğ i ş m e m e l i s i n i z
d e ğ i ş i r d i k
d e ğ i ş i y o r   o l m a y a c a k   m ı y d ı
d e ğ i ş i y o r   o l a c a ğ ı z
d e ğ i ş i y o r   o l m a l ı   m ı y d ı n
d e ğ i ş i y o r m u ş u z
d e ğ i ş m i y o r s u n
d e ğ i ş m i y o r   m u y d u
d e ğ i ş m e l i l e r
d e ğ i ş m e d i y d i n i z
d e ğ i ş m i ş   o l a c a k t ı n
d e ğ i ş m i ş t i m
d e ğ i ş e c e k   m i y d i m
d e ğ i ş m e m i ş t i k
d e ğ i ş e c e k   o l m a y a c a k   m ı y m ı ş ı m
d e ğ i ş e c e k   o l m a y a c a k s ı n ı z
d e ğ i ş m i y o r   m u y m u ş
d e ğ i ş i y o r   o l a c a k m ı ş s ı n
d e ğ i ş m i y o r l a r   m ı
d e ğ i ş m e z   m i y m i ş s i n
d e ğ i ş m e y e c e k m i ş s i n
d e ğ i ş i y o r   o l m a m a l ı s ı n ı z
d e ğ i ş m e m i ş m i ş s i n
d e ğ i ş m e d i n   m i
d e ğ i ş i r   o l m a y a c a k m ı ş
d e ğ i ş i y o r   o l m a z   m ı y d ı k
d e ğ i ş i r   m i y d i k
d e ğ i ş e c e k   m i y i m
d e ğ i ş i y o r   o l m a m a l ı y ı z
d e ğ i ş i y o r   o l m a l ı   m ı y d ı n ı z
d e ğ i ş i y o r   o l u r   m u y d u n u z
d e ğ i ş m e m e l i l e r d i
d e ğ i ş m i ş   o l m a y a c a k t ı n
d e ğ i ş i y o r   o l m a l ı y m ı ş ı z
d e ğ i ş m e y e c e k   m i s i n i z
d e ğ i ş i y o r   o l a c a k   m ı y ı z
d e ğ i ş i r   m i s i n
d e ğ i ş i y o r   o l m a y a c a k t ı
d e ğ i ş m i ş s i n i z
d e ğ i ş i r   o l a c a k   m ı y m ı ş s ı n
d e ğ i ş e c e k s i n i z
d e ğ i ş m e z l e r   m i y d i
d e ğ i ş e c e k   o l a c a k   m ı y m ı ş
d e ğ i ş i y o r   o l m a y a c a k   m ı y ı z
d e ğ i ş m e m i ş   m i y m i ş s i n i z
d e ğ i ş m e l i   m i s i n
d e ğ i ş m e y e c e k   m i y i m
d e ğ i ş i y o r   o l m a l ı y m ı ş s ı n
d e ğ i ş i r d i m
d e ğ i ş m i ş   o l a c a k l a r   m ı
d e ğ i ş e c e k   o l m a y a c a k l a r   m ı
d e ğ i ş e c e k   o l a c a k   m ı y m ı ş ı z
d e ğ i ş m e m i ş   m i y d i k
d e ğ i ş i y o r   m u y m u ş
d e ğ i ş m e d i l e r d i
d e ğ i ş m i y o r
d e ğ i ş m e d i y d i n
d e ğ i ş i y o r   m u y u z
d e ğ i ş i r   m i y d i m
d e ğ i ş m e y e c e k t i m
d e ğ i ş i y o r   o l m a y a c a k   m ı y d ı n
d e ğ i ş m e m i ş   m i y d i
d e ğ i ş m e m e l i y i z
d e ğ i ş e c e k   o l a c a k s ı n ı z
d e ğ i ş i y o r   o l m a m a l ı   m ı y m ı ş ı m
d e ğ i ş m e m i ş
d e ğ i ş t i   m i y d i n
d e ğ i ş t i l e r   m i
d e ğ i ş m e z   m i y i z
d e ğ i ş m e l i   m i y d i k
d e ğ i ş m e l i   m i y m i ş s i n
d e ğ i ş i y o r   o l m a y a c a k   m ı y d ı m
d e ğ i ş i r l e r d i
d e ğ i ş m i y o r l a r   m ı y m ı ş
d e ğ i ş i y o r   o l a c a k   m ı y d ı k
d e ğ i ş i y o r   o l a c a k   m ı y m ı ş
d e ğ i ş i y o r   o l m a z   m ı y d ı n
d e ğ i ş m i y o r   m u y u m
d e ğ i ş i y o r   o l u r l a r   m ı y d ı
d e ğ i ş m e y e c e ğ i m
d e ğ i ş i y o r   o l m a m a l ı y d ı n ı z
d e ğ i ş t i   m i y d i m
d e ğ i ş m i ş   o l m a y a c a k t ı m
d e ğ i ş m e z   m i y d i
d e ğ i ş e c e k   o l m a y a c a k l a r
d e ğ i ş t i n i z
d e ğ i ş e c e k t i n i z
d e ğ i ş m i y o r   m u y m u ş u m
d e ğ i ş i r   m i y i m
d e ğ i ş i y o r   o l a c a k   m ı y d ı n
d e ğ i ş i y o r   o l a c a k   m ı y m ı ş ı z
d e ğ i ş i r m i ş s i n i z
d e ğ i ş i y o r   o l u r d u k
d e ğ i ş m e l i y m i ş i m
d e ğ i ş m e d i l e r
d e ğ i ş m e z   m i s i n i z
d e ğ i ş e c e k   o l m a y a c a k l a r   m ı y m ı ş
d e ğ i ş i r   o l m a y a c a k   m ı y m ı ş
d e ğ i ş m i ş   o l a c a k   m ı y d ı n
d e ğ i ş m i ş   o l a c a k   m ı y d ı
d e ğ i ş m i ş i m
d e ğ i ş e c e k   o l a c a ğ ı z
d e ğ i ş m i ş m i ş s i n
d e ğ i ş m e m e l i   m i y d i n i z
d e ğ i ş i y o r   o l a c a k l a r   m ı y d ı
d e ğ i ş i y o r   o l a c a k   m ı y m ı ş s ı n
p a r ç a l a n ı y o r   o l m a m a l ı   m ı y m ı ş s ı n
s e r p m e m i ş   m i y d i
s e r p m e d i   m i y d i n
s e r p m e m i ş t i k
s e r p m i y o r l a r   m ı y m ı ş
s e r p m e y e c e ğ i m
s e r p m e y e c e k   m i s i n i z
s e r p m i ş   o l a c a k l a r
s e r p e c e k   o l m a y a c a k   m ı y m ı ş ı m
s e r p i y o r   m u y m u ş s u n u z
s e r p e r   m i y i m
s e r p m i ş   o l a c a k   m ı y d ı n
s e r p m e l i l e r
s e r p m i ş   o l m a y a c a k   m ı s ı n ı z
s e r p m e l i   m i y i z
s e r p m i y o r d u m
s e r p i y o r   o l m a z d ı n ı z
s e r p m e d i   m i y d i n i z
s e r p m i ş m i ş s i n
s e r p t i n i z
s e r p e r   o l m a y a c a k m ı ş
s e r p m e d i n
s e r p m i y o r
s e r p m i y o r   m u y m u ş
s e r p i y o r m u ş u z
s e r p i y o r   o l a c a ğ ı z
s e r p e r   o l a c a k m ı ş s ı n ı z
s e r p m e m i ş m i ş s i n
s e r p m i y o r   m u y m u ş u m
s e r p m i ş m i ş i m
s e r p m e l i y d i n i z
s e r p i y o r   o l m a m a l ı   m ı y d ı m
s e r p i y o r   o l u r l a r   m ı y d ı
s e r p i y o r   o l m a m a l ı   m ı s ı n ı z
s e r p i y o r   o l m a m a l ı   m ı y m ı ş ı m
s e r p m e m i ş   m i s i n i z
s e r p m e y e c e k   m i y m i ş
s e r p i y o r   o l a c a k   m ı y d ı k
s e r p m i ş   o l a c a k   m ı y d ı
s e r p m e l i   m i y m i ş s i n
s e r p m i y o r l a r   m ı
s e r p e c e k   o l a c a k m ı ş ı m
s e r p i y o r   o l m a m a l ı   m ı y m ı ş ı z
s e r p i y o r   o l m a y a c a k   m ı y m ı ş ı z
s e r p m e l i l e r   m i
s e r p t i   m i y d i
s e r p m e y e c e k   m i y d i
s e r p e c e k   o l m a y a c a k l a r
s e r p i y o r   o l u r d u n u z
s e r p e c e k   o l m a y a c a k s ı n ı z
s e r p m i ş   o l m a y a c a k   m ı y ı m
s e r p e c e k   o l a c a k s ı n ı z
s e r p m e m e l i   m i y m i ş i m
s e r p m e l i y d i
s e r p e c e k s i n i z
s e r p i y o r   o l m a l ı   m ı y d ı
s e r p i y o r   o l m a y a c a k t ı
s e r p i y o r   o l m a y a c a k t ı n ı z
s e r p i y o r   o l u r d u k
s e r p i y o r   o l m a m a l ı l a r   m ı
s e r p e r   o l a c a k   m ı y m ı ş s ı n
s e r p m e d i l e r d i
s e r p i y o r   o l m a y a c a k   m ı y d ı n
s e r p e r   m i y d i k
s e r p i y o r   o l m a y a c a k   m ı y ı z
s e r p m e y e c e k   m i y i m
s e r p m e z   m i y i z
s e r p e r d i m
s e r p m i y o r   m u y d u
s e r p i y o r   o l m a m a l ı l a r d ı
s e r p m e m e l i y d i n i z
s e r p e c e k   o l a c a ğ ı z
s e r p i y o r   o l m a m a l ı y ı z
s e r p e r m i ş s i n i z
s e r p i y o r   o l m a l ı   m ı y ı m
s e r p i y o r   o l m a y a c a k   m ı
s e r p m e d i y d i n
s e r p m e d i y d i n i z
s e r p e c e k   m i y m i ş i m
s e r p e c e k   o l a c a k l a r
s e r p i y o r   o l a c a k t ı
s e r p m e l i   m i y d i k
s e r p i y o r   o l a c a k m ı ş ı z
s e r p m e z   m i y i m
s e r p m e y e c e k m i ş s i n i z
s e r p e r   m i
s e r p m e z   m i y m i ş s i n
s e r p t i m   m i
s e r p m i ş   o l m a y a c a k l a r   m ı y d ı
s e r p i y o r   o l a c a k   m ı y m ı ş ı z
s e r p e c e k t i n i z
s e r p m e z m i ş
s e r p t i m
s e r p m e k
s e r p i y o r m u ş u m
s e r p e r m i ş i z
s e r p e r   m i s i n
s e r p m e m i ş   m i y m i ş i m
s e r p i y o r   o l m a m a l ı s ı n ı z
s e r p m e z l e r   m i y d i
s e r p m i y o r   m u s u n u z
s e r p i y o r   o l m a l ı y d ı k
s e r p m e m e l i   m i s i n
s e r p m e y e c e k m i ş i m
s e r p m e d i
s e r p m e m i ş   m i y d i n i z
p a r ç a l a n ı y o r   o l m a m a l ı   m ı y d ı n ı z
s ü z ü y o r   o l m a m a l ı   m ı y m ı ş s ı n
p a r ç a l a n a c a k   o l m a y a c a k   m ı y m ı ş ı z
s e r p i y o r   o l m a l ı   m ı y d ı m
d e ğ i ş i y o r   o l m a l ı   m ı y d ı m
d e ğ i ş m i ş   m i y m i ş s i n i z
p a r ç a l a n ı y o r   o l m a y a c a k   m ı y m ı ş s ı n
g ö ç ü y o r   o l m a y a c a k   m ı y m ı ş s ı n
p a r ç a l a n ı y o r   o l m a m a l ı   m ı y ı z
s e r p i y o r   o l m a m a l ı   m ı y d ı n
s ü z m ü y o r d u k
s ü z m ü ş s ü n ü z
s ü z m e z m i ş s i n i z
s ü z ü y o r   o l m a l ı l a r   m ı y m ı ş
s ü z d ü l e r
s ü z ü y o r   o l a c a k   m ı y m ı ş
s ü z m ü y o r   m u y m u ş
s ü z m ü y o r l a r   m ı
s ü z m e m i ş   m i y m i ş i m
s ü z e r   m i y d i k
s ü z ü y o r m u ş u z
s ü z ü y o r   o l m a y a c a k   m ı y d ı n
s ü z m e l i   m i s i n
s ü z ü y o r   o l m a m a l ı   m ı y d ı m
s ü z e r m i ş i z
s ü z m e l i   m i y m i ş i z
s ü z ü y o r   m u y m u ş s u n
s ü z ü y o r   o l m a y a c a k t ı n ı z
s ü z ü y o r   o l m a y a c a k m ı ş ı m
s ü z m ü y o r   m u y u m
s ü z m ü ş   o l m a y a c a k t ı n
s ü z ü y o r   o l m a m a l ı   m ı s ı n ı z
s ü z m e m i ş   m i s i n i z
s ü z m e y e c e k t i m
s ü z ü y o r   o l m a l ı   m ı y d ı
s ü z m e l i   m i y m i ş s i n
s ü z d ü y d ü n ü z
s ü z ü y o r   o l a c a k l a r d ı
s ü z ü y o r   o l m a z   m ı y d ı n
s ü z ü y o r   o l m a m a l ı l a r   m ı
s ü z m e z   m i y m i ş s i n
s ü z d ü   m ü y d ü n
s ü z m e l i   m i y i z
s ü z ü y o r   m u y u z
s ü z m e m e l i   m i y m i ş i m
s ü z e r l e r d i
s ü z ü y o r   o l m a l ı   m ı y d ı n ı z
s ü z m e m i ş   m i y d i n
s ü z m e m e l i y d i n i z
s ü z m e d i   m i y d i n
s ü z e c e k   o l a c a k l a r
s ü z m e d i l e r   m i
s ü z e r   o l a c a k m ı ş
s ü z ü y o r m u ş u m
s ü z e c e k s i n i z
s ü z e r m i ş s i n i z
s ü z ü y o r   o l m a z   m ı y d ı k
s ü z d ü n ü z
s ü z ü y o r   o l a c a k   m ı y ı z
s ü z ü y o r   o l m a l ı y m ı ş s ı n
s ü z ü y o r   o l m a m a l ı y ı z
s ü z ü y o r   o l a c a k   m ı y ı m
s ü z e c e k m i ş i z
s ü z m ü ş   o l a c a k   m ı y d ı
s ü z m ü ş   o l a c a k l a r   m ı
s ü z m e y e c e k m i ş s i n i z
s ü z m e m i ş m i ş s i n
s ü z ü y o r   o l m a m a l ı   m ı y m ı ş ı z
s ü z ü y o r   o l m a l ı   m ı y d ı n
s ü z e c e k   o l m a y a c a k m ı ş
s ü z e c e k   m i y d i n
s ü z d ü m   m ü
s ü z m ü ş   m ü y ü z
s ü z e r l e r
s ü z e c e k   o l a c a k   m ı y m ı ş
s ü z e c e k   m i y d i m
s ü z m e d i y d i n
s ü z ü y o r   o l a c a k   m ı y m ı ş ı m
s ü z m ü ş   m ü y m ü ş s ü n
s ü z m e
s ü z m e m i ş t i k
s ü z e c e k   o l m a y a c a k l a r   m ı
s ü z m ü y o r s u n
s ü z m ü ş   o l a c a k   m ı y d ı n
s ü z e c e k t i k
s ü z ü y o r   o l m a y a c a k t ı
s ü z m e d i n   m i
s ü z d ü   m ü y d ü
s ü z ü y o r   o l a c a k m ı ş ı z
s ü z e r   o l a c a k   m ı y m ı ş s ı n
s ü z m e z   m i y i z
s ü z m e m i ş   m i y m i ş s i n i z
s ü z ü y o r   o l a c a ğ ı z
s ü z e c e k   o l a c a k s ı n ı z
s ü z ü y o r   o l a c a k s ı n ı z
s ü z m ü y o r   m u s u n u z
s ü z ü y o r   m u y m u ş
s ü z e r   m i y d i m
s ü z m ü ş ü m
s ü z ü y o r   o l m a m a l ı s ı n ı z
s ü z m e d i n
s ü z m ü y o r l a r   m ı y m ı ş
s ü z m e z   m i y i m
s ü z e r   o l m a y a c a k   m ı y m ı ş s ı n ı z
s ü z e r   o l a c a k m ı ş s ı n ı z
s ü z ü y o r   o l u r l a r   m ı y d ı
s ü z e r d i k
s ü z ü y o r   o l m a y a c a k   m ı y m ı ş ı m
s ü z m e y e c e k   m i y m i ş
s ü z m ü y o r m u ş s u n u z
s ü z e c e k   o l a c a ğ ı z
s ü z ü y o r   m u y m u ş u m
s ü z d ü l e r   m i
s ü z e c e k   o l m a y a c a k s ı n ı z
s ü z m ü y o r   m u y d u
s ü z ü y o r   o l a c a k   m ı y m ı ş ı z
s ü z e r   o l m a y a c a k   m ı y m ı ş ı m
s ü z m e d i   m i y d i n i z
s ü z ü y o r   o l m a m a l ı l a r d ı
s ü z m e z m i ş
s ü z ü y o r   o l a c a k t ı
d e ğ i ş i y o r   o l m a y a c a k l a r   m ı y m ı ş
d e ğ i ş i y o r   o l m a y a c a k   m ı y ı m
d e ğ i ş m i ş   o l m a y a c a ğ ı z
g ö ç ü y o r   o l m a m a l ı   m ı y d ı n
s ü z ü y o r   o l m a y a c a k   m ı y m ı ş s ı n ı z
s e r p m i y o r l a r   m ı y d ı
s e r p i y o r   o l a c a k l a r   m ı y d ı
p a r ç a l a n ı y o r   o l a c a k   m ı y d ı m
s e r p m i y o r   m u y m u ş u z
d e ğ i ş i y o r   o l m a m a l ı l a r   m ı y m ı ş
d e ğ i ş i y o r   o l m a m a l ı   m ı y d ı
d ü z e n l e n e b i l i r l i k t e n
s e r p i y o r   o l m a m a l ı   m ı y m ı ş
s e r p m i ş   o l m a y a c a k   m ı y d ı k
s e r p i y o r   o l m a l ı   m ı y m ı ş s ı n ı z
s e r p e c e k   o l a c a k l a r   m ı y m ı ş
s e r p m i ş   o l m a y a c a k   m ı y d ı n ı z
d e ğ i ş m i y o r   m u y m u ş u z
s ü z ü y o r   o l m a m a l ı   m ı y d ı
d e ğ i ş m i ş   o l a c a k   m ı y d ı n ı z
s e r p i y o r   o l m a y a c a ğ ı z
d e ğ i ş i y o r   o l m a m a l ı l a r
s e r p i y o r   o l m a m a l ı l a r
s ü z m ü ş   o l m a y a c a k   m ı y d ı n ı z
s ü z ü y o r   o l m a m a l ı   m ı y m ı ş s ı n ı z
d e ğ i ş m i ş   o l m a y a c a k   m ı y d ı n ı z
p a r ç a l a n ı y o r   o l m a z d ı n ı z
p a r ç a l a n ı r   m ı y d ı m
p a r ç a l a n a c a k m ı ş ı z
p a r ç a l a n a c a k   o l a c a k s ı n ı z
p a r ç a l a n m e l i l e r   m i
p a r ç a l a n m a l ı   m ı y m ı ş s ı n
p a r ç a l a n ı r   m ı s ı n
p a r ç a l a n ı y o r   o l m a l ı s ı n ı z
p a r ç a l a n m a z   m ı y ı z
p a r ç a l a n d ı l a r
p a r ç a l a n m ı ş   o l a c a k l a r
p a r ç a l a n m ı ş   o l m a y a c a k t ı n
p a r ç a l a n ı y o r   o l a c a ğ ı z
p a r ç a l a n m ı ş ı m
p a r ç a l a n ı y o r   o l m a l ı   m ı y d ı
p a r ç a l a n a c a k   m ı y ı m
p a r ç a l a n d ı m
p a r ç a l a n d ı l a r   m ı
p a r ç a l a n ı y o r   o l a c a k   m ı y ı z
p a r ç a l a n ı y o r   o l m a y a c a k   m ı y m ı ş ı m
p a r ç a l a n m a m ı ş   m ı y d ı
p a r ç a l a n m ı ş   o l m a y a c a k   m ı y ı m
p a r ç a l a n a c a k s ı n ı z
p a r ç a l a n ı r   o l m a y a c a k   m ı y m ı ş ı m
p a r ç a l a n m a m e l i   m i s i n
p a r ç a l a n m a l ı   m ı y d ı k
p a r ç a l a n ı r m ı ş ı z
p a r ç a l a n m e l i   m i s i n
p a r ç a l a n m a m ı ş   m ı y m ı ş s ı n ı z
p a r ç a l a n m a y a c a k   m ı y d ı
p a r ç a l a n ı r m ı ş s ı n ı z
p a r ç a l a n m a m ı ş t ı n ı z
p a r ç a l a n ı y o r   o l m a m a l ı y d ı n ı z
p a r ç a l a n ı y o r   o l u r d u n u z
p a r ç a l a n ı y o r m u ş u m
p a r ç a l a n ı y o r   o l u r   m u y d u n u z
p a r ç a l a n m ı y o r   m u y u m
p a r ç a l a n m ı y o r   m u y d u
p a r ç a l a n ı y o r   o l a c a k   m ı y d ı n ı z
p a r ç a l a n m a m a l ı y d ı n
p a r ç a l a n m ı ş   o l a c a k   m ı y ı z
p a r ç a l a n m a m ı ş
p a r ç a l a n m a d ı   m ı y d ı m
p a r ç a l a n ı r   o l a c a k m ı ş s ı n ı z
p a r ç a l a n ı y o r   o l m a y a c a k   m ı y d ı n
p a r ç a l a n ı y o r   o l m a m a l ı l a r m ı ş
p a r ç a l a n ı y o r   m u y m u ş s u n u z
p a r ç a l a n ı r   o l m a y a c a k   m ı y m ı ş s ı n ı z
p a r ç a l a n m ı ş s ı n ı z
p a r ç a l a n m a m ı ş   m ı s ı n ı z
p a r ç a l a n m a l ı y d ı
p a r ç a l a n d ı
p a r ç a l a n m a d ı   m ı y d ı n
p a r ç a l a n m ı ş   o l a c a k t ı n
p a r ç a l a n d ı   m ı y d ı k
p a r ç a l a n a c a k t ı k
p a r ç a l a n m a m e l i s i n i z
d e ğ i ş i y o r   o l m a m a l ı   m ı y m ı ş s ı n
d e ğ i ş i y o r   o l a c a k   m ı y d ı m
s ü z ü y o r   o l m a l ı   m ı y m ı ş s ı n ı z
s ü z ü y o r   o l m a y a c a k   m ı y m ı ş s ı n
d e ğ i ş m i y o r m u ş s u n
s ü z ü y o r   o l m a l ı   m ı y m ı ş ı m
d e ğ i ş i y o r   o l m a y a c a ğ ı z
d e ğ i ş i y o r   o l m a y a c a k   m ı y d ı n ı z
s e r p i y o r   o l m a l ı l a r
d e ğ i ş i y o r   o l m a y a c a k   m ı y d ı k
d e ğ i ş i y o r   o l a c a k l a r   m ı y m ı ş
s ü z ü y o r   o l m a y a c a k   m ı y d ı n ı z
d e ğ i ş i y o r   o l m a l ı l a r
d e ğ i ş i y o r   o l m a m a l ı   m ı y m ı ş
