s ü z ü y o r m u ş s u n
s ü z m ü ş   o l a c a k   m ı
s ü z ü y o r   m u y d u n
s ü z m e z   m i y m i ş s i n i z
d e ğ i ş i y o r   o l m a y a c a k   m ı y ı m
d e ğ i ş i y o r   o l m a y a c a k l a r   m ı
d e ğ i ş i y o r   o l m a m a l ı y d ı k
d e ğ i ş i y o r   o l m a m a l ı y d ı n
p a r ç a l a n m a d ı   m ı y d ı m
p a r ç a l a n ı y o r   o l m a m a l ı l a r m ı ş
d e ğ i ş i y o r   o l a c a k   m ı y d ı n
s ü z m e m i ş   m i y d i n
s ü z e r   o l a c a k m ı ş
a y r ı m c ı l ı k d ı m
s e r p t i m   m i
a y r ı m c ı l ı k d a
ü z g ü n   m ü s ü n ?
ü z g ü n   m ü ?
ü z g ü n   m ü s ü n ü z ?
ü z g ü n s ü n
p a r ç a l a n m a m a l ı y d ı n
ö ğ ü t ü c ü y d ü k
p a r ç a l a n m a m a l ı   m ı y d ı
a v u k a t ı z
p a r ç a l a n m a m a l ı y d ı m
p a r ç a l a n a c a ğ ı z
p a r ç a l a n a c a k   o l a c a k s ı n ı z
p a r ç a l a n a c a k   o l a c a k s ı n
p a r ç a l a n a c a k m ı ş ı z
p a r ç a l a n ı r   o l a c a k m ı ş s ı n ı z
p a r ç a l a n m a d ı k
g ö ç ü y o r   o l a c a k m ı ş
p a r ç a l a n m ı ş   o l a c a k   m ı
p a r ç a l a n ı y o r   o l a c a k   m ı y d ı n ı z
p a r ç a l a n a c a k   o l m a y a c a k
p a r ç a l a n m e l i   m i s i n
g ö ç m ü ş   o l a c a k   m ı y ı z
p a r ç a l a n m e l i   m i s i n i z
p a r ç a l a n m a m ı ş m ı ş
p a r ç a l a n m a m ı ş t ı n ı z
p a r ç a l a n ı y o r   o l m a l ı   m ı s ı n
p a r ç a l a n a c a k   o l m a y a c a k   m ı
p a r ç a l a n ı y o r   o l a c a k   m ı y d ı m
p a r ç a l a n m ı ş   o l a c a ğ ı m
p a r ç a l a n ı y o r   o l m a y a c a k t ı m
p a r ç a l a n m a z d ı m
g ö ç m e d i k
p a r ç a l a n m ı ş ı m
p a r ç a l a n ı y o r   o l m a y a c a k   m ı y d ı n
p a r ç a l a n m a y a c a k   m ı y m ı ş s ı n ı z
p a r ç a l a n d ı l a r d ı
p a r ç a l a n m a y a c a k   m ı y m ı ş s ı n
p a r ç a l a n m a y a c a k   m ı y d ı
g ö ç ü y o r   o l a c a k l a r m ı ş
p a r ç a l a n m a z m ı ş ı m
p a r ç a l a n m a l ı   m ı y m ı ş s ı n
p a r ç a l a n m a m ı ş   m ı y m ı ş ı z
p a r ç a l a n m a d ı   m ı y d ı
p a r ç a l a n m a y a c a k l a r d ı
p a r ç a l a n ı r   m ı y m ı ş s ı n ı z
p a r ç a l a n m e l i y i m
p a r ç a l a n ı y o r   o l m a z   m ı y d ı m
g ö ç e r   o l a c a k l a r   m ı y m ı ş
g ö ç ü y o r   o l m a z   m ı y d ı n ı z
p a r ç a l a n m a m ı ş   m ı y ı m
g ö ç m ü ş   o l m a y a c a k t ı m
g ö ç ü y o r   o l m a y a c a k   m ı y m ı ş ı m
g ö ç e c e k   o l a c a k   m ı y m ı ş ı m
g ö ç ü y o r   o l m a y a c a k   m ı y d ı m
g ö ç m ü ş t ü k
g ö ç m ü ş   m ü
p a r ç a l a n ı y o r   o l m a m a l ı y d ı n ı z
p a r ç a l a n m a l ı y d ı m
p a r ç a l a n d ı l a r   m ı y d ı
s e r p e r   o l a c a k m ı ş s ı n ı z
p a r ç a l a n m a y a c a k l a r   m ı y d ı
p a r ç a l a n m ı y o r   m u s u n
p a r ç a l a n ı y o r   o l m a m a l ı   m ı y m ı ş s ı n
s e r p i y o r   o l a c a k t ı n
s e r p i y o r   o l a c a ğ ı z
s e r p i y o r   o l a c a k
g ö ç m ü ş   o l m a y a c a k   m ı y d ı m
g ö ç ü y o r   o l m a l ı   m ı y ı m
g ö ç m e z d i m
g ö ç e c e k   o l m a y a c a k m ı ş ı m
p a r ç a l a n m ı ş   m ı y m ı ş s ı n ı z
g ö ç m e m i ş t i
g ö ç ü y o r   o l m a l ı y m ı ş ı m
g ö ç ü y o r   o l m a m a l ı y d ı k
p a r ç a l a n m ı y o r   m u y d u
p a r ç a l a n ı y o r m u ş u m
g ö ç e c e k m i ş i z
p a r ç a l a n ı y o r   o l u r   m u y d u n
p a r ç a l a n m ı y o r m u ş u m
s e r p e r   o l m a y a c a k m ı ş
s e r p e c e k   o l a c a k   m ı y ı z
g ö ç m ü y o r d u k
g ö ç e c e k m i ş s i n i z
s e r p e r   o l a c a k   m ı y m ı ş ı m
s ü z ü y o r   o l a c a ğ ı z
g ö ç m e d i y d i n
g ö ç ü y o r   m u s u n
g ö ç m ü y o r d u n u z
s e r p e r   o l a c a k l a r m ı ş
s e r p m i ş   o l m a y a c a k t ı
s e r p i y o r   o l m a y a c a k t ı m
g ö ç t ü k   m ü
g ö ç m e d i n   m i
g ö ç t ü l e r d i
s e r p e c e k   o l m a y a c a k   m ı y ı z
s e r p m i ş   o l m a y a c a k t ı k
s ü z e r   o l a c a k   m ı y m ı ş ı z
g ö ç ü y o r   m u y u z
g ö ç e c e k   m i s i n i z
s e r p i y o r   o l m a l ı   m ı y m ı ş ı z
s e r p m i ş   o l a c a k   m ı y d ı
g ö ç m e m i ş   m i
g ö ç m e z l e r d i
p a r ç a l a n ı y o r   m u y m u ş s u n u z
g ö ç m e y e c e k m i ş
g ö ç m ü y o r   m u s u n u z
g ö ç e c e k   m i y d i n
g ö ç m e m e l i y m i ş i z
g ö ç m e m i ş m i ş s i n
g ö ç m ü ş   m ü y m ü ş
g ö ç m e l i y d i m
g ö ç e c e k l e r   m i
g ö ç m e l i   m i s i n i z
g ö ç m e l i y m i ş s i n i z
g ö ç m ü ş   m ü y ü m
g ö ç m e z   m i y d i k
g ö ç ü y o r   m u y d u
s e r p i y o r   o l m a y a c a k l a r   m ı y m ı ş
s e r p e c e k   o l m a y a c a k   m ı y m ı ş s ı n
s e r p m i ş   o l m a y a c a k   m ı y d ı k
g ö ç m e m e l i y m i ş
s e r p m i ş   o l m a y a c a k   m ı y ı m
s e r p i y o r   o l m a m a l ı   m ı y m ı ş ı z
s ü z e r   o l m a y a c a k   m ı y m ı ş ı z
s e r p m i ş   o l m a y a c a k   m ı y d ı
s e r p m i ş   o l a c a k l a r d ı
g ö ç m ü ş   m ü y d ü n ü z
g ö ç m e z   m i y m i ş
g ö ç m e z   m i y m i ş i z
g ö ç m e l i   m i y i z
g ö ç m e y e c e k t i
s e r p m e d i n
s e r p i y o r   o l m a m a l ı   m ı y ı z
s ü z m ü ş   o l m a y a c a k t ı k
s ü z e c e k   o l a c a k   m ı y m ı ş
s e r p m i y o r
g ö ç m e m e l i y m i ş s i n
s e r p i y o r   o l m a l ı   m ı y d ı m
s ü z e c e k   o l m a y a c a k   m ı y ı z
s ü z e c e k   o l m a y a c a k m ı ş ı z
d e ğ i ş i r   o l a c a k m ı ş ı z
g ö ç ü y o r   m u y m u ş u z
s e r p e c e k   o l a c a ğ ı m
g ö ç m e m i ş   m i y d i
g ö ç m e m i ş   m i y m i ş s i n i z
s e r p i y o r   o l m a m a l ı   m ı y m ı ş
d e ğ i ş e c e k   o l a c a k   m ı y m ı ş s ı n ı z
s ü z ü y o r   o l m a m a l ı   m ı y m ı ş s ı n ı z
s e r p e c e k   o l m a y a c a ğ ı m
d e ğ i ş i r   o l m a y a c a k m ı ş s ı n ı z
s ü z e r   o l m a y a c a k m ı ş ı m
g ö ç m e m i ş   m i y m i ş s i n
g ö ç ü y o r   m u y m u ş s u n
d e ğ i ş m i ş   o l a c a k   m ı y d ı n ı z
g ö ç m ü y o r   m u y m u ş s u n
s ü z m ü ş   o l m a y a c a k   m ı y d ı
s e r p i y o r   o l m a m a l ı   m ı y d ı m
s ü z ü y o r   o l m a m a l ı y m ı ş s ı n ı z
d e ğ i ş i r   o l m a y a c a k m ı ş ı z
s e r p m i ş s i n
y e r i z
d e ğ i ş m i ş   o l a c a k s ı n
d e ğ i ş i r   o l m a y a c a k   m ı y m ı ş ı z
s e r p m i ş
g ö ç m e y e c e k   m i y m i ş
d e ğ i ş e c e k   o l a c a k   m ı y m ı ş s ı n
d e ğ i ş e c e k   o l m a y a c a k   m ı y m ı ş ı z
s ü z ü y o r   o l m a l ı   m ı y m ı ş ı m
s e r p m e m i ş t i n
s e r p i y o r   o l m a m a l ı y ı m
d e ğ i ş e c e k   o l m a y a c a k m ı ş s ı n ı z
d e ğ i ş i r   o l a c a k   m ı y m ı ş
d e ğ i ş i y o r   o l m a l ı   m ı s ı n
s ü z m ü ş   o l a c a k l a r   m ı y d ı
s ü z ü y o r   o l m a l ı   m ı y d ı
s e r p e r   m i y i z
s e r p e c e k m i ş s i n i z
d e ğ i ş i y o r   o l m a l ı s ı n
s e r p t i n i z
g ö ç m e m e l i y i m
d e ğ i ş i y o r   o l a c a k l a r   m ı y m ı ş
d e ğ i ş i y o r   o l m a y a c a k   m ı y d ı k
d e ğ i ş m i ş   o l m a y a c a k t ı n
g ö ç m e m e l i l e r d i
d e ğ i ş i y o r   o l m a m a l ı s ı n ı z
d e ğ i ş i y o r   o l m a l ı   m ı y d ı n ı z
s ü z ü y o r   o l m a m a l ı   m ı y d ı
d e ğ i ş i y o r   o l m a l ı   m ı y m ı ş s ı n
d e ğ i ş i y o r   o l a c a k l a r   m ı y d ı
s e r p m e z d i k
s e r p e r   m i y m i ş s i n i z
s e r p e r   m i y m i ş
s e r p m e z   m i s i n
g ö ç m e l i l e r   m i y d i
s e r p m i y o r m u ş u z
s e r p m e y e c e k
s e r p m e y e c e k s i n i z
s e r p m i ş t i k
s e r p i y o r m u ş u z
d e ğ i ş m i ş   o l m a y a c a ğ ı z
s ü z ü y o r   o l m a l ı l a r d ı
s e r p i y o r   o l u r d u m
b a m y a s ı n a
d e ğ i ş m i ş   o l a c a k   m ı y d ı k
d e ğ i ş i r   o l a c a k l a r m ı ş
s ü z e c e k   o l m a y a c a k l a r   m ı
s e r p e c e k   m i s i n i z
s ü z e r s i n i z
s e r p e r l e r   m i y m i ş
s e r p m e l i y m i ş s i n
g ö ç m e y e c e k l e r   m i y d i
d e ğ i ş i y o r   o l m a l ı   m ı y ı z
s e r p e c e k   m i
d e ğ i ş i y o r   o l m a l ı   m ı y d ı n
s e r p m e z   m i
d e ğ i ş i y o r   o l m a m a l ı   m ı y m ı ş s ı n
s e r p m e d i k   m i
s e r p m e l i y m i ş s i n i z
s e r p m e l i y d i k
s e r p m i ş t i
s e r p m e y e c e k m i ş
s e r p i y o r   o l u r   m u y d u n
s e r p i y o r m u ş s u n u z
s e r p m e d i y d i n
s e r p m e l i y d i n
s e r p i y o r   m u s u n
d e ğ i ş i y o r   o l m a l ı   m ı y m ı ş
s e r p m e m i ş m i ş s i n
d e ğ i ş i y o r   o l m a l ı   m ı
s e r p m e l i   m i s i n i z
s e r p i y o r   m u s u n u z
b a m y a s ı n ı z
s e r p m e z   m i y m i ş s i n
d e ğ i ş m i ş   o l m a y a c a k   m ı y d ı m
s e r p m e z   m i y m i ş i z
