k a t e g o r i y i
p a r ç a l a n ı r s ı n
k u r b a ğ a c ı k t a
g ö ç t ü y d ü n
s e r p t i y d i n
d e ğ i ş i r m i ş s i n i z
s ü z d ü y d ü k
a y r ı m c ı l ı k m ı ş ı z
s ü z d ü n
i s t i r i d y e d e n
ö ğ ü t ü c ü y ü z
d e ğ i ş i r m i ş
d ü z e n l e n e b i l i r l i ğ e
ç i z g i l e r d i r
p a r ç a l a n d ı y d ı k
p a r ç a l a n m a y a c a k
d e ğ i ş m e m i ş l e r d i
d e ğ i ş i r l e r d i
d e ğ i ş i r d i k
d e ğ i ş m e m e l i y m i ş i m
d ü z e n l e n e b i l i r l i ğ i n e
d ü z e n l e n e b i l i r l i k t e n
s e r p m e y e c e k m i ş s i n i z
a y r ı m c ı l ı k l a r ı n ı z d a
a y r ı m c ı l ı k l a r m ı ş ı m
p a r ç a l a n m a m ı ş s ı n ı z
s ü z m e m e l i y m i ş s i n i z
m i l y o n e r l e r d i r
d e ğ i ş m e m i ş m i ş s i n
a y r ı m c ı l ı k l a r ı m ı z ı
p a r ç a l a n m ı ş s ı n ı z
k a t e g o r i l e r i m i z d e n
k u r b a ğ a c ı k l a r ı n ı z
s e r p m e l i y m i ş s i n i z
d e ğ i ş m e m e l i y d i
s e r p e c e k m i ş s i n i z
k a t e g o r i l e r i m i z i n
m i l y o n e r l e r s i n i z
t o p o l o j i l e r i n d e n
s e s t e ş l e r i n i z e
s e r p m e y e c e k s i n i z
a y r ı m c ı l ı k l a r m ı ş
d e ğ i ş m e y e c e k t i m
p a r ç a l a n m ı y o r l a r
d e ğ i ş m e y e c e k s i n
t e c r i t l e r i m i z d e n
s e r p m e m e l i y d i
p a r ç a l a n m a d ı y d ı
k u r b a ğ a c ı ğ ı n d a n
g ö ç m e m i ş m i ş s i n
d e ğ i ş m e m e l i s i n
p a r ç a l a n ı y o r d u k
a y r ı m c ı l ı ğ ı m ı z d a
d e ğ i ş e c e k l e r m i ş
p a r ç a l a n m ı y o r d u
m i l y o n e r l e r i n d e
b a k i r e y m i ş s i n i z
s ü z m e m e l i l e r m i ş
d e ğ i ş m e m i ş m i ş i z
ö r d e k l e r i m i z d e
d e n e y i m l e r i n d e n
a v u k a t l a r ı n ı z ı
d e ğ i ş m e m i ş t i
d e ğ i ş m e z m i ş s i n
d e n e y i m l e r i n d e
b a k i r e l e r s i n i z
p a r ç a l a n d ı l a r
d e ğ i ş m e l i l e r d i
p a r ç a l a n m a z d ı
h e n d e s e l e r i n i n
s ü z m e l i y d i n
g ö ç m ü y o r m u ş
d e ğ i ş m i ş s i n i z
s e r p m e y e c e k
g ö ç m e y e c e k s i n
s e r p m e d i y d i n
g ö ç m e m i ş m i ş
b a k i r e d e n
a v u k a t s ı n ı z
t e c r i t l e r i m i z i
s e r p m e m i ş l e r m i ş
a v u k a t ı z
d e ğ i ş m e m i ş t i k
s e r p e r d i n
k u r b a ğ a c ı k
d e ğ i ş t i y d i
s e r p m e y e c e k t i k
m i l y o n e r i m i z e
b a k i r e l e r d i r
a y r ı m c ı l ı ğ ı m
m i l y o n e r i n i z e
ö r d e k l e r i n i n
ç i z g i n i z d e n
t o p o l o j i m i z e
a v u k a t l a r ı n ı
p e n i s i n i z d e n
m e f h u m l a r ı n
g ö ç m ü y o r l a r
g ö ç m e z m i ş s i n
g ö ç m e l i l e r d i
s e s t e ş i m i z d e n
d e ğ i ş m e z s i n
p a r ç a l a n ı r ı m
t e c r i t l e r i n e
ö ğ ü t ü c ü l e r i n e
m i l y o n e r i m i z
s e r p e r m i ş i z
g ö ç m e d i y d i n
b a k i r e m i z d e n
b ü s t ü m ü z d e n
m e f h u m u m u z d a
g ö ç m ü ş s ü n ü z
g ö ç m e y e c e k
g ö ç m e m e l i y d i
g ö ç m ü ş ü z
m i l y o n e r i n i z
d e n e y i m i n i z
b a k i r e l e r i n i
s e r p m i ş m i ş i z
ö ğ ü t ü c ü y ü m
m e f h u m u m u z
e r n e k l e r i n i
g ö ç e c e k m i ş i z
b a k i r e l e r i n
m e f h u m u m u z u
d e ğ i ş i y o r u m
ç i z g i l e r m i ş
s e r p t i y d i
y e r l e r s i n
s ü z m ü ş m ü ş
g ö ç ü y o r u m
h e n d e s e l e r i
b ü s t ü m ü z d e
b a k i r e n i z
y e r l e r i n i z
g ö ç m e y e c e k t i k
y e r i n i z i n
p e n i s l e r d e
s ü z e c e k m i ş
ö r d e ğ i n
g ö ç e c e ğ i z
m e f h u m a
y e r i m i z e
g ö ç e r m i ş
b ü s t ü n d e n
y e r l e r i n
ö r d e ğ i n d e
ç i z g i y d i
s ü z e r i z
d e ğ i ş i y o r
d e n e y i m d e
b a k i r e y i
ö r d e k l e r
g ö ç e r l e r
s e r p i y o r
g ö ç ü y o r
y e r i z
g ö ç m e z d i
g ö ç t ü n
g ö ç m e l i
s ü z ü y o r   o l m a y a c a k l a r   m ı y d ı
s ü z m ü ş   o l m a y a c a k   m ı
p a r ç a l a n ı y o r   o l m a y a c a k   m ı y m ı ş
s ü z m ü ş   o l m a y a c a k   m ı y d ı n ı z
a v u k a t t ı n ı z
d e ğ i ş m e m i ş   m i y m i ş s i n i z
g ö ç ü y o r   o l m a y a c a k   m ı y m ı ş ı m
k e f a l e t t e
p a r ç a l a n m a m ı ş l a r   m ı y d ı
p a r ç a l a n a c a k   o l m a y a c a k m ı ş s ı n
d e ğ i ş t i l e r
p a r ç a l a n m a d ı   m ı y d ı n
p a r ç a l a n ı y o r   o l m a l ı s ı n ı z
p a r ç a l a n ı y o r d u n
p a r ç a l a n m a m a l ı y d ı m
p a r ç a l a n ı y o r l a r   m ı y d ı
p a r ç a l a n ı y o r   o l m a m a l ı y d ı m
p a r ç a l a n ı r   m ı s ı n
p a r ç a l a n m e l i l e r   m i
p a r ç a l a n a c a k t ı k
p a r ç a l a n d ı
p a r ç a l a n m ı ş   o l a c a k t ı n
p a r ç a l a n d ı   m ı y d ı k
p a r ç a l a n ı y o r   o l m a z d ı n ı z
p a r ç a l a n m a m e l i s i n i z
p a r ç a l a n m ı ş   o l a c a k   m ı y ı z
p a r ç a l a n a c a k   o l a c a k m ı ş s ı n ı z
p a r ç a l a n ı y o r   o l u r   m u y d u n u z
p a r ç a l a n m a m ı ş
p a r ç a l a n ı r m ı ş s ı n
p a r ç a l a n a c a k t ı n
p a r ç a l a n m a d ı n ı z
p a r ç a l a n m ı ş   o l a c a k   m ı s ı n ı z
p a r ç a l a n m a z l a r d ı
p a r ç a l a n ı y o r   o l m a l ı y m ı ş s ı n ı z
p a r ç a l a n ı y o r   o l a c a k t ı k
p a r ç a l a n m a m e l i   m i s i n i z
p a r ç a l a n m ı ş   o l a c a k t ı
p a r ç a l a n m a l ı   m ı y m ı ş ı m
p a r ç a l a n ı y o r   o l m a l ı   m ı y d ı k
p a r ç a l a n ı r   o l m a y a c a k l a r m ı ş
p a r ç a l a n ı r   o l a c a k m ı ş ı m
p a r ç a l a n a c a k   o l a c a k
p a r ç a l a n ı y o r   o l m a l ı   m ı y m ı ş ı z
p a r ç a l a n ı y o r   o l m a y a c a k m ı ş ı z
s e r p m e m i ş l e r   m i y d i
g ö ç m ü ş l e r   m i y d i
p a r ç a l a n a c a k   o l m a y a c a k m ı ş ı z
p a r ç a l a n m a y a c a k l a r m ı ş
p a r ç a l a n m a y a c a k   m ı y d ı
s ü z m e d i m   m i
d e ğ i ş m i ş   o l m a y a c a k   m ı y d ı m
d e ğ i ş e c e k   o l m a y a c a k l a r
p a r ç a l a n ı n ı z
d e ğ i ş i y o r   o l a c a k l a r m ı ş
s ü z m ü ş   o l a c a k l a r   m ı y d ı
d e ğ i ş t i   m i
d e ğ i ş i y o r   o l m a y a c a k l a r
g ö ç t ü n   m ü
d e ğ i ş i y o r   o l m a y a c a k l a r   m ı y d ı
s ü z m e m e l i   m i y m i ş s i n
t e k i l   k a l ı p
p a r ç a l a n ı y o r   o l m a y a c a k   m ı y ı m
p a r ç a l a n a c a k l a r   m ı y d ı
p a r ç a l a n ı y o r   o l m a l ı l a r   m ı y d ı
g ö ç ü y o r   o l a c a ğ ı z
g ö ç ü y o r   o l a c a k l a r d ı
g ö ç e r m i ş s i n
g ö ç m e m i ş t i n i z
g ö ç m e d i l e r   m i
g ö ç m e z l e r d i
g ö ç ü y o r   o l m a l ı l a r   m ı
g ö ç ü y o r   o l m a z   m ı y d ı n
g ö ç ü y o r   o l m a m a l ı y d ı n ı z
g ö ç m ü ş   o l m a y a c a k   m ı y ı m
g ö ç t ü y d ü n ü z
g ö ç ü y o r   m u y u z
g ö ç ü y o r   o l m a y a c a k   m ı y d ı m
g ö ç m e m e l i   m i y d i k
g ö ç m e d i l e r
g ö ç t ü
g ö ç m e m e l i y d i n
g ö ç m e m e l i l e r d i
g ö ç ü y o r   o l m a l ı   m ı y m ı ş ı z
g ö ç e c e k   o l a c a k   m ı y m ı ş ı z
g ö ç e r   o l m a y a c a k m ı ş
g ö ç e c e k t i n i z
g ö ç m ü ş   o l m a y a c a k t ı m
g ö ç e c e k   o l a c a k m ı ş ı m
g ö ç m e l i   m i y d i m
