g ö ç e c e ğ i m
g ö ç e c e k   m i
d e ğ i ş i y o r l a r
g ö ç m ü y o r l a r
ç i z g i y m i ş i m
d e ğ i ş m i y o r u z
g ö ç m e y e c e k l e r
d e ğ i ş m e z m i ş i m
d e ğ i ş m e m i ş   m i
d e ğ i ş m e l i   m i s i n
d e n e y i m l e r i m i z
d e ğ i ş m i ş   m i s i n
s ü z ü y o r   o l m a m a l ı
d e ğ i ş m e y e c e k l e r
s e r p m e m e l i s i n
m i l y o n e r l e r i n i
s e r p m e z   m i y m i ş i m
y e r m i ş s i n i z
s ü z m e z l e r   m i y m i ş
g ö ç m ü ş l e r   m i y d i
s ü z ü y o r   o l a c a k l a r
s e r p m e m i ş   m i y m i ş i m
d e ğ i ş m e z   m i y m i ş i m
k a t e g o r i l e r i n d e
s e r p m e z l e r   m i y m i ş
d e ğ i ş m i y o r m u ş u m
ö ğ ü t ü c ü d e
d e n e y i m l e r i m i z d e
s ü z m ü ş l e r   m i y d i
d e ğ i ş m i ş   o l a c a k t ı k
s e r p m i ş l e r   m i y m i ş
d ü z e n l e n e b i l i r l i k l e r i
d e ğ i ş m e m i ş   m i s i n
d e ğ i ş i y o r   o l m a y a c a k l a r
d e ğ i ş m i y o r   m u y m u ş u z
s e r p m i ş l e r m i ş
d e ğ i ş i y o r   o l a c a k   m ı y d ı m
d e ğ i ş e c e k   o l a c a k l a r   m ı
s e r p m e y e c e k l e r   m i y m i ş
s ü z m e m e l i   m i y m i ş s i n
m a k i n e n i
s ü z e r   o l a c a k l a r   m ı y m ı ş
s e r p m e m i ş   m i y m i ş
d e ğ i ş m i ş   m i y m i ş i z
g ö ç e c e k   o l a c a k   m ı y m ı ş s ı n
d e ğ i ş m i ş l e r m i ş
d e ğ i ş m i y o r   m u y d u
s ü z e c e k   o l m a y a c a k   m ı y m ı ş
d e ğ i ş i r   o l m a y a c a k l a r   m ı y m ı ş
p a r ç a l a n ı y o r   o l a c a k l a r   m ı
p a r ç a l a n ı y o r   o l m a y a c a k   m ı y ı m
s e r p e c e k   o l a c a k l a r   m ı y m ı ş
p a r ç a l a n a c a k   o l a c a k m ı ş
y a n   t ü m c e d e n
s e r p e c e k   o l a c a k l a r m ı ş
s e r p e c e k   o l a c a k   m ı y m ı ş s ı n ı z
d e ğ i ş e c e k s i n
d e ğ i ş m e m e l i   m i y m i ş
d e ğ i ş m e l i   m i y d i n
d e ğ i ş m e m i ş   m i y m i ş s i n i z
u s u l l a r
s e r p i y o r   o l m a l ı y d ı k
s e r p i y o r m u ş u m
s e r p m i ş   o l a c a k l a r
s e r p m i ş m i ş
s e r p e c e k   o l m a y a c a k m ı ş s ı n
s e r p i y o r   o l m a m a l ı   m ı s ı n ı z
s e r p m e z l e r   m i y d i
s e r p i y o r   m u y m u ş s u n u z
s e r p e r m i ş s i n i z
s e r p t i   m i y d i
s e r p m e l i
s e r p m e y e c e k t i n
s e r p i y o r   o l m a m a l ı   m ı
s e r p m i ş   o l m a y a c a k l a r   m ı
s e r p m i y o r l a r   m ı y m ı ş
s e r p e r m i ş s i n
s e r p m e l i   m i y m i ş s i n
s e r p e c e k   o l a c a k s ı n
s e r p i y o r   o l u r d u n u z
s e r p m i ş   o l m a y a c a k l a r   m ı y d ı
s e r p i y o r   o l u r d u k
s e r p i y o r   o l m a y a c a k t ı n ı z
s e r p m e l i l e r   m i
s e r p m e m i ş t i k
s e r p i y o r   o l m a l ı   m ı y ı m
s e r p i y o r l a r d ı
s e r p m i y o r l a r m ı ş
s e r p m e y e c e k   m i y d i
s e r p i y o r   o l a c a ğ ı m
s e r p e r   m i y i m
s e r p i y o r   o l m a m a l ı l a r d ı
s e r p i y o r   o l m a l ı y ı m
s e r p e c e k   o l m a y a c a k l a r
s e r p m e l i   m i y i z
s e r p i y o r   o l m a y a c a k   m ı y m ı ş
s e r p m i ş m i ş i m
s e r p t i   m i y d i n i z
s e r p m e m i ş m i ş i m
s e r p m i ş   o l m a y a c a k   m ı y d ı m
s e r p e c e k   o l m a y a c a k m ı ş ı z
s e r p m e m i ş m i ş s i n i z
s e r p m e m e l i y d i n i z
s e r p i y o r   o l m a y a c a k   m ı y m ı ş ı z
s e r p t i m
s e r p m i ş l e r d i
s e r p i y o r   o l m a y a c a k t ı n
s e r p m e z   m i y d i k
s e r p m e y e c e ğ i z
s e r p m i ş   o l m a y a c a k   m ı s ı n ı z
s e r p e c e k   o l m a y a c a k   m ı y m ı ş ı m
s e r p i y o r   o l a c a k l a r   m ı y d ı
s e r p m e y e c e k   m i s i n i z
s e r p m e m e l i   m i s i n
s e r p m e k
s e r p i y o r   o l m a m a l ı l a r
s e r p e r   m i y d i n i z
s e r p m i y o r   m u s u n u z
s e r p m e m i ş   m i y d i n i z
k u r b a ğ a c ı k l a r ı n a
p a r ç a l a n ı y o r   o l m a l ı l a r m ı ş
d e ğ i ş e c e k   o l a c a k m ı ş
b a m y a m ı z d a
s ü z m ü y o r m u ş
s e r p m i y o r l a r   m ı
y a n   t ü m c e s i
p a r ç a l a n ı y o r l a r m ı ş
y e r d i n i z
g ö ç m ü ş   o l a c a k   m ı y d ı n ı z
ü z g ü n   d e ğ i l   m i s i n i z ?
ü z g ü n   d e ğ i l i z
ü z g ü n   m ü y m ü ş s ü n ?
ü z g ü n   d e ğ i l m i ş i m
ü z g ü n   d e ğ i l   m i y d i n ?
ü z g ü n   d e ğ i l m i ş l e r
ü z g ü n   d e ğ i l m i ş s i n i z
ü z g ü n   d e ğ i l   m i y m i ş i z ?
ü z g ü n d ü k
ü z g ü n   m ü y d ü k ?
ü z g ü n d ü n
ü z g ü n ü m
ü z g ü n   m ü y d ü n ü z ?
ü z g ü n   d e ğ i l   m i y d i k ?
s ü z e r l e r   m i y m i ş
t e k i l   k a l ı p l a r ı n ı n
k a t e g o r i d e
a l f a   s ü r ü m ü n d e n
s e r p e r   o l a c a k m ı ş ı m
p a r ç a l a n m a m
b a m y a y ı z
g ö ç m ü ş   o l m a y a c a k l a r   m ı
g ö ç e r   o l m a y a c a k m ı ş s ı n ı z
g ö ç m e m i ş   m i y d i m
g ö ç ü y o r   o l a c a k t ı n ı z
g ö ç ü y o r   o l m a l ı y d ı n
g ö ç ü y o r   o l m a y a c a k t ı n
g ö ç m e m e l i   m i y i m
g ö ç m e m i ş l e r
g ö ç ü y o r   o l m a m a l ı   m ı
g ö ç m e z s i n i z
g ö ç e c e k   o l a c a k s ı n
g ö ç e c e k   o l m a y a c a k m ı ş ı z
g ö ç e c e k   m i y i z
g ö ç m e y e c e k   m i y i z
g ö ç t ü l e r   m i y d i
g ö ç m e y e c e k m i ş i z
g ö ç ü y o r   o l m a l ı   m ı y d ı k
g ö ç ü y o r   o l m a l ı y ı m
g ö ç ü y o r   o l a c a ğ ı m
g ö ç m ü y o r l a r m ı ş
m e f h u m u m u z d a
y a n   t ü m c e y i
k u r b a ğ a c ı k l a r ı m ı z d a n
h e n d e s e n d e
d e ğ i ş t i l e r
p a r ç a l a n ı n ı z
p a r ç a l a n m a m ı ş t ı m
d ü z e n l e n e b i l i r l i k t e n
a l f a   s ü r ü m ü n ü n
p a r ç a l a n ı r s ı n
p a r ç a l a n ı y o r   o l m a y a c a k m ı ş ı z
b ü s t ü n ü z ü n
a v u k a t t a
s ü z m ü ş   o l a c a k l a r   m ı
s ü z m ü ş   o l m a y a c a k   m ı y d ı m
s ü z e c e k   o l a c a k s ı n ı z
s ü z e c e k   o l a c a k   m ı y m ı ş ı m
s ü z ü y o r   o l u r d u m
s ü z ü y o r   o l m a y a c a k t ı
s ü z ü y o r   o l m a m a l ı   m ı y d ı m
s ü z m ü y o r   m u
s ü z m ü ş s ü n ü z
s ü z e r   o l a c a k m ı ş s ı n ı z
s ü z e r   m i y d i n i z
s ü z m ü ş   m ü
s ü z e r   o l a c a k   m ı y m ı ş s ı n
s ü z ü y o r   o l a c a k   m ı y ı z
s ü z ü y o r   o l m a m a l ı l a r d ı
m a k i n e n i n
y e r l e r d i r
ç i z g i y d i n i z
d e ğ i ş i y o r   m u y u z
d e ğ i ş i y o r   o l m a y a c a k t ı
d e ğ i ş i y o r l a r d ı
d e ğ i ş m e m i ş   m i y d i k
d e ğ i ş i y o r   o l m a m a l ı y m ı ş ı z
d e ğ i ş e c e k   o l m a y a c a k   m ı y m ı ş ı m
d e ğ i ş i r i z
d e ğ i ş e c e k   m i s i n i z
d e ğ i ş i y o r   o l a c a k   m ı y d ı k
d e ğ i ş i y o r   o l m a m a l ı l a r
d e ğ i ş m e y e c e k t i n
d e ğ i ş m i y o r   m u y m u ş u m
d e ğ i ş i y o r   o l a c a k m ı ş s ı n
d e ğ i ş m i ş   o l m a y a c a k t ı m
d e ğ i ş m e l i   m i y m i ş s i n
d e ğ i ş m e m i ş l e r d i
d e ğ i ş i r   o l a c a k   m ı y m ı ş s ı n
d e ğ i ş m e m i ş
d e ğ i ş m e z   m i y d i k
d e ğ i ş m i ş   o l a c a k   m ı y d ı
d e ğ i ş i y o r   o l a c a k   m ı y m ı ş
d e ğ i ş e c e k   o l a c a k   m ı y m ı ş ı z
d e ğ i ş m e z   m i s i n i z
d e ğ i ş m i y o r
d e ğ i ş e c e k   o l a c a k   m ı y m ı ş ı m
d e ğ i ş m i ş   o l a c a k t ı n
d e ğ i ş m e m e l i s i n i z
d e ğ i ş i y o r   o l m a m a l ı y d ı n ı z
d e ğ i ş m i ş m i ş s i n
d e ğ i ş i y o r   o l u r   m u y d u n u z
d e ğ i ş i r d i m
d e ğ i ş i r m i ş i m
d e ğ i ş e c e k   o l m a y a c a k l a r   m ı y m ı ş
d e ğ i ş m e y e c e k   m i y i m
d e ğ i ş i r   o l a c a k m ı ş s ı n ı z
d e ğ i ş e c e k   o l m a y a c a k l a r   m ı
d e ğ i ş m e z m i ş i z
d e ğ i ş m i ş s i n i z
d e ğ i ş m e l i y m i ş i m
d e ğ i ş i y o r   o l m a l ı   m ı y m ı ş ı z
d e ğ i ş m i y o r s u n
d e ğ i ş i r   m i s i n
d e ğ i ş i r   m i y d i k
d e ğ i ş e c e k   o l a c a k   m ı y m ı ş
d e ğ i ş e c e k   o l m a y a c a k l a r
d e ğ i ş m e m e l i y i z
d e ğ i ş m i ş m i ş s i n i z
d e ğ i ş i y o r   o l m a z   m ı y d ı n
d e ğ i ş i y o r   o l m a l ı y m ı ş s ı n ı z
