s ü z d ü n   m ü
s ü z m e m i ş   m i
g ö ç e r   m i y d i n
s ü z m ü ş   m ü s ü n
s ü z d ü   m ü y d ü n
s e r p e r   m i y d i k
g ö ç e r   m i s i n i z
t e k i l   k a l ı b a
g ö ç m e y e c e k   m i
s ü z m e l i   m i y i z
d e ğ i ş i r   m i y i m
s ü z ü y o r   m u y u z
g ö ç m ü y o r   m u y u z
y a n   t ü m c e m i z d e
s e r p i y o r l a r   m ı
t e k i l   k a l ı p l a r a
g ö ç m e z   m i y m i ş i m
s ü z e c e k   o l a c a k s ı n
s ü z ü y o r   o l m a y a c a ğ ı z
t e k i l   k a l ı b ı n d a
s e r p i y o r   m u y u m
p a r ç a l a n d ı l a r   m ı
s ü z m e z   m i y m i ş s i n
g ö ç m ü ş   o l a c a k t ı n
d e ğ i ş i r   m i y d i n i z
d e ğ i ş m e m i ş   m i y d i
s e r p m e y e c e k   m i y i m
s ü z ü y o r   o l m a y a c a k
g ö ç m e y e c e k   m i y i m
p a r ç a l a n m a z   m ı s ı n
s e r p m i y o r l a r   m ı y d ı
s ü z e c e k l e r   m i y m i ş
d e ğ i ş m i y o r   m u y d u m
s e r p m e m i ş   m i s i n i z
s e r p m e y e c e k   m i y m i ş
s ü z ü y o r   o l m a m a l ı   m ı
p a r ç a l a n ı r   m ı s ı n ı z
p a r ç a l a n a c a k   m ı y ı m
d e ğ i ş m e z l e r   m i y m i ş
s ü z m e m e l i l e r   m i y d i
g ö ç m e y e c e k   m i s i n i z
s e r p m i ş   o l m a y a c a ğ ı z
d e ğ i ş i r   o l a c a k m ı ş ı m
s e r p i y o r   o l m a l ı l a r
d e ğ i ş i y o r l a r   m ı y d ı
d e ğ i ş i y o r   o l m a y a c a k
p a r ç a l a n m a m ı ş   m ı y d ı
s e r p m i ş   o l m a y a c a k l a r d ı
p a r ç a l a n m a l ı   m ı y d ı k
s ü z ü y o r   o l a c a k l a r d ı
d e ğ i ş m i ş   o l m a y a c a k l a r
s ü z m ü ş   o l m a y a c a k l a r
s e r p m i ş   o l a c a k   m ı s ı n
d e ğ i ş i y o r   o l m a l ı l a r
s ü z ü y o r   o l m a z   m ı y d ı n
s e r p m i ş   o l m a y a c a ğ ı m
s e r p m i ş   o l m a y a c a k   m ı
s ü z ü y o r   o l m a y a c a k t ı k
g ö ç m ü ş   o l m a y a c a k t ı n
g ö ç e c e k   o l a c a k s ı n ı z
g ö ç ü y o r   o l m a z   m ı y d ı k
d e ğ i ş m e y e c e k   m i y d i n i z
d e ğ i ş m e m e l i l e r   m i y m i ş
d e ğ i ş e c e k   o l m a y a c a ğ ı m
g ö ç m ü y o r   m u y m u ş s u n u z
p a s k a l y a   t a v ş a n l a r ı n ı n
p a r ç a l a n m ı ş l a r   m ı y m ı ş
s ü z m ü ş   o l a c a k   m ı s ı n ı z
s e r p i y o r   o l m a l ı   m ı y d ı
g ö ç e c e k   o l m a y a c a k m ı ş
s e r p e c e k   o l a c a k m ı ş ı m
p a r ç a l a n ı y o r   o l m a m a l ı
g ö ç e c e k   o l a c a k   m ı y m ı ş
p a r ç a l a n m a y a c a k l a r   m ı
k e f a l e t l e r i n
d e ğ i ş m e y e c e k   m i y m i ş i m
s ü z m ü ş   o l m a y a c a k l a r d ı
p a r ç a l a n a c a k   o l a c a ğ ı m
d e ğ i ş m i ş   o l a c a k   m ı y d ı n
s e r p m i ş   o l a c a k   m ı s ı n ı z
d e ğ i ş e c e k   o l a c a k m ı ş ı m
s e r p i y o r   o l a c a k   m ı y d ı k
s ü z ü y o r   o l m a z l a r   m ı y d ı
g ö ç ü y o r   o l m a m a l ı   m ı y d ı m
g ö ç ü y o r   o l a c a k   m ı y m ı ş ı z
p a r ç a l a n ı y o r   o l m a l ı   m ı y d ı
p a r ç a l a n m a m a l ı   m ı y m ı ş ı z
g ö ç e c e k   o l a c a k l a r   m ı y m ı ş
s e r p i y o r   o l m a y a c a k m ı ş ı z
d e ğ i ş i y o r   o l a c a k   m ı s ı n ı z
p a r ç a l a n ı y o r   o l u r   m u y d u k
s e r p i y o r   o l m a y a c a k   m ı y ı z
g ö ç ü y o r   o l m a m a l ı y m ı ş s ı n
s e r p e r   o l m a y a c a k m ı ş s ı n ı z
s e r p i y o r   o l m a y a c a k   m ı y d ı n
p a r ç a l a n ı y o r   o l m a y a c a k l a r
p a r ç a l a n ı y o r   o l m a y a c a k t ı n
p a r ç a l a n m ı ş   o l m a y a c a k   m ı y ı m
d e ğ i ş e c e k   o l m a y a c a k   m ı s ı n
p a r ç a l a n ı y o r   o l a c a k   m ı y ı z
d e ğ i ş i y o r   o l m a m a l ı   m ı y d ı m
d e ğ i ş e c e k   o l m a y a c a k m ı ş s ı n
p a r ç a l a n ı y o r   o l m a l ı   m ı y d ı m
p a r ç a l a n m a m e l i   m i s i n
p a r ç a l a n ı y o r   o l m a m a l ı   m ı y ı z
s e r p i y o r   o l a c a k   m ı y m ı ş s ı n ı z
g ö ç ü y o r   o l m a y a c a k   m ı y m ı ş s ı n
p a r ç a l a n ı y o r   o l m a m a l ı y m ı ş ı m
p a r ç a l a n ı r   o l m a y a c a k   m ı y m ı ş ı m
d e ğ i ş i y o r   o l m a y a c a k l a r   m ı y m ı ş
p a r ç a l a n a c a k   o l m a y a c a k   m ı y m ı ş
p a r ç a l a n a c a k   o l m a y a c a k   m ı s ı n ı z
p a r ç a l a n ı y o r   o l m a y a c a k   m ı y m ı ş ı m
p a r ç a l a n ı y o r   o l m a y a c a k   m ı y m ı ş s ı n
d ü z e n l e n e b i l i r l i k t e
g ö ç m ü y o r d u n
m e f h u m l a r ı n
ü z g ü n   d e ğ i l d i l e r
ü z g ü n   d e ğ i l s i n
ü z g ü n   d e ğ i l m i ş i z
ü z g ü n   m ü y m ü ş l e r ?
s ü z ü y o r   o l m a m a l ı l a r   m ı
s ü z m e m e l i   m i y m i ş i m
m i l y o n e r l e r e
g ö ç ü y o r   o l a c a k
d e ğ i ş m e y i z
d e ğ i ş t i   m i y d i m
p a r ç a l a n ı y o r   o l a c a k
s ü z e r   o l m a y a c a k m ı ş s ı n
s e r p i y o r   o l m a m a l ı l a r   m ı
s e r p m i y o r d u m
s e r p m e m e l i   m i y m i ş i m
p a r ç a l a n m a l ı y d ı
p a r ç a l a n ı y o r   o l a c a ğ ı z
p a r ç a l a n m ı ş   o l m a y a c a k t ı n
p a r ç a l a n m ı ş   o l a c a k l a r
ö r d e k t e
s ü z ü n
p e n i s i
e r n e k
y e r i n i z
t e c r i d i
d e n e y i m
y e r i n d e
b a m y a n ı
s e r p e r i m
ç i z g i l e r
b a k i r e y i z
g ö ç m e m i ş
s e s t e ş e
t e c r i d i n
ç i z g i n i n
e r n e k t i m
e r n e k l e r
y e r i m i z i
b ü s t l e r i
b ü s t l e r e
p e n i s i n d e
p e n i s l e r e
b a m y a n ı z
b a m y a y d ı
b a m y a y ı z
b a k i r e n i
s e r p e r d i n
s e r p e r s i n
ç i z g i l e r i
ö ğ ü t ü c ü n
p e n i s i m i z
g ö ç m e z l e r
g ö ç e c e ğ i z
m e f h u m u n u
s e r p t i n i z
k a t e g o r i s i
g ö ç ü y o r d u
t e c r i d i n e
y e r d i n i z
m a k i n e s i n i
e r n e ğ i n i
e r n e ğ i m i z
y e r l e r d i m
g ö ç m e z m i ş
e r n e ğ i n d e
e r n e k l e r i
m a k i n e n e
a v u k a t l a r ı
d e ğ i ş m e z d i
g ö ç m ü ş t ü m
i s t i r i d y e
s e r p t i y d i n
b ü s t l e r d e
b a m y a n ı n
s ü z m e z d i m
t e c r i t l e r
b ü s t ü n d e n
d e n e y i m i n i
t e c r i d i n i
y e r l e r d i r
ç i z g i s i n i n
p e n i s l e r i n
p e n i s l e r i n
b a m y a m ı z ı
a v u k a t ı
e r n e ğ i n d e
b a k i r e l e r
b a k i r e l e r
b a k i r e m i z
ç i z g i l e r d e
b a k i r e n i z
s e r p m i ş s i n
ç i z g i l e r i n
b a k i r e l e r
ö ğ ü t ü c ü n e
t e c r i d i n d e
ö ğ ü t ü c ü l e r
g ö ç t ü y d ü n
ö r d e k l e r i
s e s t e ş i n e
k e f a l e t i n i
s e s t e ş i n e
s e s t e ş i n i
g ö ç e r m i ş i z
d e ğ i ş i y o r
t e c r i d i n i n
s e s t e ş i n i
g ö ç t ü l e r d i
m i l y o n e r i n
y e r i n d e n
m i l y o n e r d i
s e s t e ş i n i z
b a k i r e y m i ş
ç i z g i l e r i n
b ü s t ü n ü z d e
p e n i s i n d e n
a v u k a t l a r a
m a k i n e m i z e
m e f h u m l a r a
m e f h u m u n u z
s e r p t i y d i m
d e n e y i m i n e
m e f h u m u m u z
e r n e k l e r i z
s e r p m i ş l e r
m e f h u m u n u n
d e n e y i m i n e
s e r p m e z d i k
g ö ç m e m i ş t i
e r n e k m i ş i m
e r n e k m i ş i z
s ü z ü y o r u m
e r n e k l e r i n
