d e ğ i ş m e l i s i n i z
s ü z m ü ş   o l a c a k
s ü z m ü ş   o l a c a k t ı
s e r p m i ş   o l m a y a c a k   m ı s ı n
p a r ç a l a n ı y o r   o l m a m a l ı   m ı y m ı ş ı z
d ü z e n l e n e b i l i r l i k l e r i m i z d e n
p a r ç a l a n ı r   o l m a y a c a k m ı ş s ı n ı z
d e ğ i ş i y o r   o l m a m a l ı   m ı y m ı ş s ı n ı z
p a r ç a l a n ı y o r   o l a c a k m ı ş s ı n ı z
g ö ç m e d i m
g ö ç e c e k   o l m a y a c a k l a r   m ı y m ı ş
p a r ç a l a n m ı ş   o l m a y a c a k l a r d ı
p a r ç a l a n a c a k   o l m a y a c a k   m ı y ı m
p a r ç a l a n ı y o r   o l a c a k l a r m ı ş
p a r ç a l a n ı y o r   o l a c a k   m ı y d ı k
p a r ç a l a n a c a k   o l m a y a c a k m ı ş
p a r ç a l a n ı y o r   o l m a z   m ı y d ı n ı z
s e r p i y o r   o l m a l ı y m ı ş s ı n ı z
p a r ç a l a n ı y o r   o l a c a k   m ı y m ı ş
s e r p i y o r   o l m a y a c a k   m ı y d ı k
g ö ç e r   o l m a y a c a k l a r   m ı y m ı ş
d ü z e n l e n e b i l i r l i ğ i n d e n
p a r ç a l a n m a m a l ı l a r   m ı y d ı
g ö ç ü y o r   o l m a y a c a k m ı ş s ı n
g ö ç e r   o l a c a k   m ı y m ı ş s ı n ı z
g ö ç ü y o r   o l m a y a c a k   m ı y m ı ş s ı n ı z
s ü z ü y o r   o l m a m a l ı y d ı n ı z
p a r ç a l a n ı r   o l a c a k m ı ş ı z
p a r ç a l a n ı y o r   o l a c a k m ı ş
g ö ç ü y o r   o l m a y a c a k m ı ş ı m
s e r p i y o r   o l m a y a c a k m ı ş ı m
p a r ç a l a n m ı ş   o l m a y a c a k t ı n ı z
t e c r i t t e n
g ö ç e r   o l m a y a c a k   m ı y m ı ş ı m
s e r p i y o r   o l m a l ı y m ı ş s ı n
s e r p e c e k   o l m a y a c a k m ı ş
s ü z m ü ş   o l m a y a c a k   m ı y ı m
d e ğ i ş e c e k   o l m a y a c a ğ ı m
d e ğ i ş m e y e c e k   m i y m i ş i z
p a s k a l y a   t a v ş a n l a r ı n d a
p a r ç a l a n m a y a c a k   m ı s ı n
p a r ç a l a n m a z l a r   m ı y m ı ş
d ü z e n l e n e b i l i r l i k l e r e
s ü z ü y o r   o l m a m a l ı y d ı m
s ü z ü y o r   o l m a y a c a k m ı ş s ı n ı z
p a r ç a l a n ı r   o l a c a k m ı ş
d e ğ i ş i y o r   o l m a l ı l a r d ı
s e r p e r   o l m a y a c a k   m ı y m ı ş s ı n
s ü z ü y o r   o l m a y a c a k t ı n
s e r p m e l i   m i y m i ş s i n i z
g ö ç e c e k   o l a c a k   m ı y ı m
s ü z ü y o r   o l m a m a l ı   m ı y m ı ş
s e r p e r   o l m a y a c a k m ı ş ı m
p a r ç a l a n m e l i   m i y i z
k u r b a ğ a c ı k l a r ı n ı z ı
s e r p m i y o r   m u y m u ş s u n
p a r ç a l a n ı y o r   o l a c a ğ ı m
s e r p m i ş   o l a c a k   m ı y ı z
d e ğ i ş i y o r   o l m a l ı l a r
d e ğ i ş i y o r   o l a c a k   m ı s ı n
d e ğ i ş m e m i ş   m i y d i n i z
p a r ç a l a n m a l ı   m ı y d ı m
p a r ç a l a n m a l ı y m ı ş ı m
p a r ç a l a n ı y o r   m u y d u n
d e ğ i ş i y o r   o l m a l ı y m ı ş
s e r p m e y e c e k l e r   m i y d i
s e r p m i ş   o l m a y a c a ğ ı m
s e r p m i ş   o l m a y a c a ğ ı z
d e ğ i ş m e m e l i y m i ş s i n
a y r ı m c ı l ı k l a r ı n ı z d a n
s e r p e r   o l m a y a c a k l a r m ı ş
p a r ç a l a n m ı ş   o l a c a k s ı n
a y r ı m c ı l ı k l a r m ı ş s ı n
s e r p i y o r   o l m a l ı l a r
s ü z ü y o r   o l m a l ı y d ı m
d e ğ i ş i y o r   o l u r d u n u z
ü z g ü n   m ü y d ü n ?
ü z g ü n   d e ğ i l m i ş
ü z g ü n   d e ğ i l
ü z g ü n   d e ğ i l   m i y m i ş s i n i z ?
g ö ç m ü ş   o l a c a k   m ı y ı m
d e n e y i m l e r i m i z d e n
a v u k a t l a r m ı ş s ı n ı z
p a r ç a l a n ı r   o l m a y a c a k m ı ş ı m
g ö ç ü y o r   o l m a z d ı n ı z
s ü z ü y o r   o l a c a k l a r d ı
p a r ç a l a n m ı ş   o l a c a k
p a r ç a l a n m a z m ı ş s ı n
p a r ç a l a n a c a k   m ı y d ı
s ü z e c e k   o l m a y a c a ğ ı z
s e r p i y o r   o l m a z d ı m
d e ğ i ş m e y e c e k l e r d i
y a n   t ü m c e y i
s ü z ü y o r   o l m a l ı y ı z
s ü z ü y o r   o l m a z d ı n ı z
s e r p e c e k l e r   m i y d i
p a r ç a l a n m a m ı ş l a r
p a r ç a l a n m a z m ı ş ı z
s e r p m e y e c e k m i ş i z
s e r p i y o r   m u y m u ş u m
a y r ı m c ı l ı k l a r ı n a
k u r b a ğ a c ı ğ ı n ı z d a
y a n   t ü m c e l e r i m i z i
s e r p i y o r   o l a c a k s ı n
s ü z m e m e l i y m i ş s i n
d e ğ i ş i r   o l a c a k m ı ş ı m
g ö ç e c e k   m i y m i ş i m
p a r ç a l a n m a m ı ş ı m
g ö ç m ü ş   o l a c a k t ı n
s ü z e c e k   o l a c a k m ı ş ı z
g ö ç m e m e l i y d i n i z
a y r ı m c ı l ı ğ ı m ı z a
p a r ç a l a n m e l i l e r
d e n e y i m l e r i m i z e
t e c r i t l e r i m i z i n
p a r ç a l a n ı r l a r d ı
t o p o l o j i l e r i n i n
t e k i l   k a l ı p l a r d a
k a t e g o r i l e r i n d e
s e r p i y o r   o l m a y a c a k s ı n
m a k i n e l e r i n i z i
ö ğ ü t ü c ü y m ü ş s ü n ü z
ö ğ ü t ü c ü y m ü ş ü m
s ü z m e l i   m i y m i ş i m
s ü z m e m e l i y m i ş i m
g ö ç m ü ş   o l a c a k s ı n ı z
s e r p m i y o r m u ş u m
k u r b a ğ a c ı k l a r ı
ö r d e k l e r i n i z i n
d e ğ i ş m e m i ş l e r   m i
s e r p e c e k   m i y d i n
s e r p e c e k   m i y m i ş s i n
s ü z ü y o r   o l m a y a c a k m ı ş
s ü z m e m e l i s i n i z
h e n d e s e l e r i n d e
s ü z ü y o r   o l m a y a c a ğ ı z
d e ğ i ş m i ş   o l m a y a c a k l a r   m ı y d ı
d e ğ i ş m i y o r m u ş s u n
y e r l e r m i ş s i n i z
s e r p m e m i ş   m i y i m
s e r p m e m i ş s i n i z
ö ğ ü t ü c ü y d ü n ü z
d e ğ i ş m e y e c e ğ i z
s e r p e c e k   m i y d i m
p e n i s l e r i n i z d e
d e ğ i ş m e z   m i y d i n
t e c r i d i n d e n
d e ğ i ş m i ş   o l a c a ğ ı m
ç i z g i l e r i m i z d e
a y r ı m c ı l ı k d ı l a r
s ü z m e m e l i l e r   m i
m i l y o n e r l e r i n d e
m a k i n e l e r i n d e n
b a k i r e l e r i n d e n
b a m y a l a r ı n ı z d a
s ü z m e m i ş   m i y d i k
d e ğ i ş m i y o r l a r m ı ş
m a k i n e l e r i n i n
b a m y a s ı n d a n
d e ğ i ş m e m e l i y d i
s ü z m ü ş l e r   m i y d i
a v u k a t m ı ş s ı n ı z
s ü z m e m i ş   m i y d i m
m i l y o n e r i n i z i
s ü z m e m e l i   m i y d i
i s t i r i d y e l e r d e n
d e ğ i ş m e y e c e k l e r
d e n e y i m l e r i n i
g ö ç m e d i   m i y d i n
b a m y a l a r ı n d a n
d e ğ i ş m i ş   o l a c a k t ı n ı z
d e ğ i ş m e m i ş t i m
h e n d e s e n i z d e n
t o p o l o j i m i z d e n
g ö ç m e m e l i y d i k
d e ğ i ş m i y o r   m u s u n
d e ğ i ş t i l e r   m i
s ü z m ü y o r   m u y d u m
ö ğ ü t ü c ü l e r m i ş
d e n e y i m l e r i n e
s ü z e r   o l m a y a c a k m ı ş s ı n
b a k i r e s i n i z
g ö ç m e y e c e k l e r
k a t e g o r i l e r i n
d e ğ i ş m i ş t i n i z
d e ğ i ş m i ş m i ş i m
ç i z g i l e r i n d e n
a v u k a t l a r ı n d a
a y r ı m c ı l ı k d ı k
p a r ç a l a n ı r l a r
ö ğ ü t ü c ü l e r i n i
s e r p m e m e l i l e r
k e f a l e t l e r i n e
k e f a l e t l e r i n e
s e r p m i ş m i ş s i n
ö ğ ü t ü c ü s ü n d e n
s e r p m e m e l i s i n
s e r p m e y e c e k t i
s e r p i y o r   m u s u n
s e r p m e m e l i y d i
d e ğ i ş m e l i y d i n
s e r p m e l i l e r d i
d e ğ i ş m e z s i n i z
s e r p m e y e c e ğ i m
d e ğ i ş m e z m i ş i m
t e c r i d i m i z d e n
a v u k a t ı n d a n
s e r p e c e k s i n i z
b a k i r e y m i ş l e r
s ü z ü y o r m u ş s u n
s e s t e ş i n i z d e n
e r n e k l e r i n d e n
d e ğ i ş e c e k   o l a c a k m ı ş ı m
d e ğ i ş m i ş l e r d i
s e s t e ş i m i z d e n
s ü z d ü y d ü n ü z
m e f h u m l a r ı n ı
d e ğ i ş m i ş l e r   m i
g ö ç m e m i ş   m i y d i
s e r p e c e k   m i y i z
b a k i r e l e r m i ş
s e r p m e d i l e r   m i
m e f h u m l a r ı n ı
s ü z m e m i ş   m i s i n
s ü z m ü ş   m ü s ü n ü z
s ü z m e m e l i y d i m
s ü z m e m i ş   m i y i m
s ü z m e d i   m i y d i k
s ü z e r   m i y m i ş i z
s ü z m e y e c e k t i k
d e n e y i m i n i z i
s ü z m e m i ş m i ş i z
s ü z m e m i ş s i n i z
s ü z e r l e r   m i y d i
k u r b a ğ a c ı ğ ı n
d e n e y i m l e r i n
d e ğ i ş i r   m i y i z
m a k i n e l e r i n i
b a k i r e y m i ş s i n
e r n e ğ i m i z d e n
g ö ç m e z   m i y d i k
t o p o l o j i s i n e
d e n e y i m i n d e n
g ö ç e c e k m i ş i z
d e ğ i ş m e m i ş l e r
s e s t e ş l e r i n e
h e n d e s e l e r d e
ç i z g i s i n i z
b a k i r e l e r d e n
y a n   t ü m c e n i z i n
