e r n e k l e r i n
b a m y a l a r ı m ı z a
s e r p m i ş   m i y m i ş
a v u k a t t ı n
d e ğ i ş m i ş t i n
b a k i r e l e r
g ö ç m ü y o r   m u y d u k
s e r p i y o r s u n u z
y e r l e r i m i z d e n
s ü z m ü y o r m u ş
d e n e y i m i
s e r p i y o r   o l m a l ı   m ı s ı n
p a r ç a l a n ı r l a r m ı ş
s e r p e r m i ş s i n
g ö ç e r   o l a c a k m ı ş s ı n
d e ğ i ş i y o r   o l a c a k m ı ş s ı n
d e ğ i ş i y o r   o l m a m a l ı y d ı m
m i l y o n e r d i l e r
s ü z m e z s i n
s e r p e c e k   o l m a y a c a k l a r
s ü z e c e k   o l a c a k m ı ş
k u r b a ğ a c ı ğ ı m ı z d a n
d e ğ i ş m i y o r m u ş u m
g ö ç e c e k   o l m a y a c a k m ı ş ı m
p a r ç a l a n ı y o r   o l m a l ı y m ı ş s ı n ı z
s e r p m e d i   m i y d i n i z
s e r p m e m i ş l e r   m i
m e f h u m l a r ı n ı n
p a r ç a l a n m ı y o r l a r d ı
d e ğ i ş m e m e l i y m i ş i z
s ü z ü y o r   o l m a y a c a k   m ı y m ı ş s ı n
g ö ç e c e k   o l a c a k   m ı y ı z
p a r ç a l a n ı y o r m u ş
p a r ç a l a n m ı y o r m u ş u m
g ö ç ü y o r   o l u r   m u y d u n
ü z g ü n   d e ğ i l   m i y d i k ?
m i l y o n e r m i ş l e r
g ö ç m e m e l i y i m
p a r ç a l a n m a l ı y m ı ş ı z
p a r ç a l a n ı y o r   o l m a y a c a k   m ı s ı n
s ü z ü y o r   o l a c a k m ı ş ı z
s e r p m i ş   o l m a y a c a k t ı
s ü z e c e k m i ş s i n
d ü z e n l e n e b i l i r l i ğ e
s ü z m e y e c e k m i ş s i n i z
s ü z ü y o r   o l m a l ı   m ı y ı z
d ü z e n l e n e b i l i r l i ğ i m i z
s ü z m e m e l i   m i y i z
h e n d e s e y e
e r n e ğ i n d e
d e ğ i ş i y o r   o l a c a k   m ı y ı z
p a r ç a l a n a c a k t ı m
b ü s t l e r i n d e
g ö ç e c e k   o l a c a k   m ı s ı n ı z
a v u k a t l a r ı n ı z a
s ü z e r l e r
t e k i l   k a l ı p l a r ı n a
s e r p m e m e l i   m i y d i n i z
s ü z e r   o l m a y a c a k   m ı y m ı ş s ı n
b ü s t l e r i
g ö ç m ü ş   m ü y d ü m
t e c r i t l e r
a y r ı m c ı l ı k l a r ı
g ö ç m e m e l i y d i m
s ü z d ü n
d ü z e n l e n e b i l i r l i ğ i n
s ü z m e d i   m i y d i n i z
p a r ç a l a n m a z   m ı y d ı n ı z
y e r l e r i m i z d e
m i l y o n e r i n i n
s e r p m i y o r l a r m ı ş
d e ğ i ş m i ş s i n i z
s e r p i y o r   o l m a y a c a ğ ı z
g ö ç m e z   m i s i n
e r n e ğ i
ü z g ü n   d e ğ i l m i ş i m
s e r p m e m i ş s i n
d e ğ i ş i y o r   o l m a y a c a k m ı ş s ı n
g ö ç ü y o r   m u y d u m
b a m y a y m ı ş l a r
d e ğ i ş i r   m i s i n
s ü z m e y e c e k t i m
s ü z m e d i n
s ü z d ü l e r
s e r p m e d i y d i
s ü z m ü y o r   m u y u m
ü z g ü n   d e ğ i l m i ş s i n i z
p a r ç a l a n ı y o r d u n u z
s e r p m i y o r u z
m i l y o n e r l e r i m i z i
d e n e y i m i n i n
s e r p i y o r   o l m a m a l ı   m ı
ö r d e ğ i n i n
ç i z g i y i z
i s t i r i d y e l e r i m i z d e n
p a r ç a l a n m ı ş l a r   m ı
p a r ç a l a n ı y o r   o l m a y a c a k m ı ş ı z
e r n e k s i n
d ü z e n l e n e b i l i r l i k l e r
y e r l e r i n
t e c r i d i n d e n
d e ğ i ş i y o r   o l m a l ı y m ı ş s ı n
s ü z ü y o r   o l m a m a l ı s ı n ı z
a l f a   s ü r ü m ü n d e n
d e n e y i m l e r i
y a n   t ü m c e m i z i
ö ğ ü t ü c ü y m ü ş s ü n
s e r p m i ş m i ş i m
s ü z ü y o r   o l m a l ı   m ı y m ı ş s ı n
d e ğ i ş m i ş   o l a c a k t ı n
b a m y a l a r d ı
k a t e g o r i l e r i
g ö ç t ü y d ü m
s ü z e c e k m i ş
s ü z e c e k   m i y d i k
p a r ç a l a n ı y o r   m u y m u ş u z
s ü z m e z d i n i z
p a r ç a l a n m ı ş   o l a c a k l a r d ı
d e ğ i ş i r m i ş i m
g ö ç m e z m i ş s i n
d e ğ i ş i y o r   o l a c a k l a r   m ı y d ı
d e ğ i ş e c e k   o l a c a ğ ı z
g ö ç m ü y o r l a r
d e ğ i ş i y o r u m
d e ğ i ş m e l i y m i ş i m
d e ğ i ş m e l i y m i ş
d e ğ i ş m e l i   m i y d i n
s e r p m e m i ş l e r   m i y m i ş
d e ğ i ş m i y o r   m u y m u ş u m
s ü z e r   m i y d i
p a r ç a l a n a c a k   o l a c a k m ı ş
p a r ç a l a n ı y o r   o l a c a k   m ı s ı n
ö ğ ü t ü c ü l e r i n i z i n
p a r ç a l a n ı y o r   o l m a m a l ı   m ı y d ı n
a v u k a t ı n d a
g ö ç m e y i n
g ö ç m e m e l i   m i y m i ş s i n
s e r p m i ş   o l m a y a c a k l a r   m ı
g ö ç ü y o r
g ö ç t ü n ü z   m ü
p a r ç a l a n m a m a l ı   m ı y d ı m
ç i z g i y i
g ö ç m e d i y d i
p a r ç a l a n m ı ş m ı ş
d e ğ i ş i y o r   o l m a y a c a k t ı
p a r ç a l a n m a z d ı
e r n e k l e r i n i z d e n
g ö ç e c e k   o l m a y a c a k   m ı y m ı ş ı z
p a r ç a l a n a c a k   o l m a y a c a k l a r m ı ş
s ü z m e
t o p o l o j i n d e n
s ü z e c e k   o l a c a k l a r
s ü z m e y e c e k   m i y d i m
m e f h u m l a r ı n d a n
s ü z m e d i n   m i
s ü z m ü ş   o l m a y a c a ğ ı m
s ü z ü y o r   o l m a m a l ı y ı z
s e r p m e m i ş l e r   m i y d i
s ü z ü y o r   o l m a y a c a k   m ı y d ı n
p a r ç a l a n a c a k m ı ş
p e n i s l e r i m i z
m i l y o n e r i n d e n
p a r ç a l a n m a m ı ş l a r d ı
p a r ç a l a n ı r s ı n
e r n e k m i ş s i n i z
t e c r i d i n
p e n i s i n e
b a k i r e l e r i n i z i
d e ğ i ş m i y o r   m u y d u
d e ğ i ş m e m i ş
p a r ç a l a n m ı ş   o l m a y a c a k   m ı y ı z
d ü z e n l e n e b i l i r l i ğ i n e
s e s t e ş i n i
s e r p m i ş   o l a c a k s ı n ı z
d e ğ i ş i y o r   o l m a z   m ı y d ı k
b a m y a n ı z d a
p a r ç a l a n ı y o r   o l m a l ı   m ı y m ı ş ı z
g ö ç e c e k   m i y d i k
g ö ç ü y o r   o l m a m a l ı   m ı y d ı
d e ğ i ş e c e k m i ş
t e c r i t l e r i n d e
i s t i r i d y e s i n d e n
d e ğ i ş i y o r d u
d e ğ i ş e c e k s i n i z
p a r ç a l a n m a y a c a k t ı n ı z
s ü z e c e k   o l m a y a c a k   m ı s ı n
s e r p m e l i l e r m i ş
m i l y o n e r i m i z i n
s ü z ü y o r   o l a c a k l a r   m ı
s e r p i y o r   o l m a l ı y ı m
s ü z m ü ş   o l m a y a c a k   m ı
g ö ç ü y o r d u n
ö ğ ü t ü c ü l e r d i n
d e ğ i ş i r   o l m a y a c a k   m ı y m ı ş ı z
ç i z g i n i z
m i l y o n e r l e r i n e
m a k i n e l e r i n i n
g ö ç ü y o r   o l a c a k   m ı y m ı ş s ı n
s e r p m i ş l e r
d e ğ i ş i r   m i y m i ş i z
ç i z g i y m i ş i m
d e ğ i ş i y o r   o l m a z   m ı y d ı n
g ö ç m e l i   m i y m i ş i m
d e ğ i ş i y o r   o l m a l ı y m ı ş s ı n ı z
t e c r i d i m i z i
g ö ç ü y o r   o l m a l ı   m ı y m ı ş
s e s t e ş i n i z d e n
d e ğ i ş m e z m i ş i z
s ü z d ü l e r   m i
b a m y a s ı n ı z
a v u k a t s ı n ı z
y a n   t ü m c e l e r i n i n
b a k i r e l e r i z
p a r ç a l a n a c a ğ ı m
s e r p i y o r   o l m a y a c a k   m ı y m ı ş ı z
p e n i s l e r i n i z d e n
s e r p e c e k s i n
g ö ç m e m e l i s i n
d e ğ i ş m e m e l i y d i
p a r ç a l a n ı r d ı
s ü z m e m e l i l e r   m i
s e r p e c e k   o l a c a ğ ı m
t o p o l o j i l e r i m i z d e n
m i l y o n e r l e r d i r
b a k i r e l e r i m i z d e n
s e s t e ş l e r i n
s ü z m e m i ş   m i y m i ş i m
s e r p i y o r   o l m a z l a r   m ı y d ı
k e f a l e t i n i n
m e f h u m u n u z
d e ğ i ş m i ş   o l m a y a c a k t ı m
d e ğ i ş m e l i   m i
ö r d e k l e r d e
a v u k a t l a r m ı ş s ı n
h e n d e s e l e r i m i z i n
s ü z e r s i n
s e r p i y o r   o l m a m a l ı y m ı ş s ı n
s ü z ü y o r   o l a c a k   m ı
b a k i r e n e
b ü s t l e r i m i z i
e r n e k l e r e
s ü z e c e k   m i y d i n
p a r ç a l a n ı y o r   o l a c a k l a r   m ı y d ı
b a k i r e l e r s i n
d e ğ i ş i y o r
g ö ç m ü ş   o l m a y a c a k t ı k
s e r p m i ş   m i y d i
s e r p m e l i
d e n e y i m l e r i n i n
d e ğ i ş e c e k   o l a c a k   m ı y m ı ş ı m
