s ü z m e m e l i y d i n i z
s e r p m i ş   m i y m i ş i z
s e r p e c e k   o l a c a k m ı ş ı z
p a r ç a l a n ı r m ı ş ı m
p a r ç a l a n m a d ı   m ı y d ı m
k u r b a ğ a c ı k l a r ı n
e r n e ğ i m i z d e n
g ö ç m ü y o r d u k
k e f a l e t l e r i m i z d e n
p a r ç a l a n ı y o r   o l m a l ı
g ö ç ü y o r u m
h e n d e s e l e r i m i z e
s e r p i y o r   o l m a l ı   m ı y m ı ş s ı n ı z
d e ğ i ş m i ş   o l a c a ğ ı m
g ö ç ü y o r   o l m a y a c a k   m ı s ı n
p a r ç a l a n m a z m ı ş ı m
a y r ı m c ı l ı k
b a k i r e m i z d e n
s e r p e r   m i y m i ş
p a r ç a l a n ı y o r   o l m a m a l ı y m ı ş ı z
s ü z e c e k t i k
k u r b a ğ a c ı k l a r d a n
s e r p m e z   m i y d i k
d e ğ i ş m e y e c e k   m i y m i ş i m
a v u k a t ı m ı z a
d e ğ i ş e c e k   o l m a y a c a k m ı ş s ı n
t o p o l o j i n i z d e
g ö ç e c e k   o l a c a k m ı ş
p a r ç a l a n ı y o r   o l m a l ı l a r   m ı y d ı
s ü z e r l e r d i
g ö ç m e d i y d i n i z
s e r p e r d i m
k a t e g o r i l e r i n i z i
t e c r i d i n d e
g ö ç e c e k   o l m a y a c a k m ı ş
g ö ç m ü y o r   m u y u z
s e r p i y o r   o l m a y a c a k t ı
g ö ç ü y o r   o l a c a k l a r m ı ş
s e r p m e l i l e r
a y r ı m c ı l ı k m ı ş s ı n
e r n e k s i n
ü z g ü n d ü
y a n   t ü m c e n i z
s e r p m e l i   m i y d i
p a r ç a l a n m ı ş l a r   m ı y m ı ş
g ö ç e r m i ş i z
b a k i r e l e r i n d e n
d ü z e n l e n e b i l i r l i ğ i n i z i
s e r p m i y o r   m u y d u m
s ü z m e m i ş   m i
s e r p m i y o r d u m
m i l y o n e r d i n i z
s ü z d ü y d ü n ü z
s ü z m e m e l i l e r   m i y d i
p a r ç a l a n m a y a c a k   m ı y m ı ş s ı n
m i l y o n e r l e r i n i z
s e r p e c e k l e r   m i
s e r p m i ş   o l a c a k   m ı y d ı
p a r ç a l a n m a d ı k
p a r ç a l a n m a m e l i   m i s i n
s ü z m e m e l i   m i y m i ş i m
a y r ı m c ı l ı k l a r s ı n ı z
s e r p e c e k   o l a c a k m ı ş ı m
h e n d e s e l e r i n i z d e n
s e r p i y o r   o l a c a k t ı
s ü z m e m i ş l e r   m i y d i
d e ğ i ş m e d i l e r d i
ç i z g i l e r i n i n
p a r ç a l a n m a d ı   m ı y d ı n
h e n d e s e l e r i n d e
g ö ç e c e k l e r   m i
s e r p m e l i y m i ş i z
d e ğ i ş i y o r   o l a c a k   m ı s ı n ı z
s e r p m e y e c e ğ i m
p a r ç a l a n m ı ş s ı n ı z
g ö ç m e z d i m
s e r p m i ş   o l m a y a c a ğ ı z
k a t e g o r i d e n
g ö ç e r   o l a c a k l a r   m ı y m ı ş
d e ğ i ş m i y o r   m u y d u m
a y r ı m c ı l ı k d a
d e ğ i ş m i ş t i n
p a r ç a l a n m a l ı y d ı
g ö ç ü y o r   o l m a m a l ı   m ı s ı n ı z
s e r p m i ş t i k
s ü z e c e k   o l a c a k s ı n
s e r p e c e k l e r d i
ö ğ ü t ü c ü y d ü k
y e r i z
d e n e y i m e
y e r i m i z i
p a r ç a l a n d ı l a r   m ı y d ı
ç i z g i s i n
ç i z g i m i z
s ü z e r   o l a c a k m ı ş s ı n ı z
a v u k a t l a r d a n
s e r p i y o r   o l m a m a l ı s ı n ı z
s ü z ü y o r   o l m a l ı   m ı y d ı n
d e ğ i ş e c e k   o l a c a k m ı ş
ü z g ü n   d e ğ i l   m i y d i n i z ?
d e ğ i ş e c e ğ i m
b a k i r e n i z
d e ğ i ş m e y e c e k   m i y i z
s e s t e ş i n i z i n
p e n i s i n i z d e n
a y r ı m c ı l ı ğ ı m ı z d a n
d e ğ i ş m e d i l e r
ü z g ü n   m ü y m ü ş l e r ?
y a n   t ü m c e m i z i
g ö ç m e m e l i   m i s i n i z
s ü z m e m i ş i m
h e n d e s e n d e n
s e r p m i ş   o l m a y a c a k   m ı
s e r p e r   o l a c a k   m ı y m ı ş s ı n
s ü z e r l e r   m i
d e ğ i ş i y o r   o l m a m a l ı   m ı y m ı ş s ı n
a v u k a t l a r ı m
s e r p m e l i y m i ş s i n
p a r ç a l a n m ı ş   o l m a y a c a k   m ı y d ı m
s e r p i y o r   o l u r   m u y d u
g ö ç e c e k   o l m a y a c a k m ı ş s ı n
a v u k a t l a r
k e f a l e t l e r i n
g ö ç m e d i l e r   m i
s e r p m e m i ş l e r   m i
p a r ç a l a n a c a k t ı
s ü z ü y o r   o l m a m a l ı l a r   m ı y d ı
a y r ı m c ı l ı k d ı n
e r n e k l e r i n
s ü z d ü k   m ü
s e r p m i ş   m i y m i ş s i n i z
p a r ç a l a n ı y o r   o l m a l ı   m ı s ı n
s ü z m e z l e r d i
s ü z ü n
ö r d e k l e r i n i z e
s e r p e r   m i y i m
s ü z m e z   m i y i m
b a k i r e s i n d e
b ü s t l e r e
d e ğ i ş m e y e c e k s i n
p a r ç a l a n ı y o r l a r   m ı y d ı
s e r p m i y o r   m u y d u n u z
m i l y o n e r l e r i n
t e c r i d i n i z
s e s t e ş l e r i n i z i
d e n e y i m l e r i n d e n
p a r ç a l a n ı y o r   o l m a y a c a k t ı n
d e ğ i ş i y o r   o l m a m a l ı   m ı y m ı ş ı m
m i l y o n e r
s ü z m e l i   m i y i z
p a r ç a l a n m ı y o r   m u s u n
b a k i r e y e
y e r s i n i z
d e ğ i ş m i y o r   m u y d u
g ö ç m e m e l i   m i y m i ş s i n
d e ğ i ş m e z   m i y d i m
p a r ç a l a n m a m ı ş m ı ş
b a m y a l a r ı n d a n
p a r ç a l a n d ı y d ı k
m i l y o n e r l e r s i n i z
g ö ç m ü ş   o l a c a k t ı n
s e r p i y o r   m u s u n
ç i z g i l e r
d e ğ i ş i r   o l a c a k m ı ş ı m
b a k i r e l e r i n i
s e r p t i y d i
s e r p m i ş   o l a c a k   m ı s ı n ı z
s e r p i y o r   o l a c a k   m ı y d ı k
s e r p m e y e c e k l e r
s ü z e r   o l m a y a c a k   m ı y m ı ş s ı n ı z
b a k i r e y i
s ü z ü y o r   o l m a m a l ı l a r   m ı
a y r ı m c ı l ı k l a r ı n ı z ı
ö r d e k l e r i n i z
d e ğ i ş e c e k   o l m a y a c a k l a r m ı ş
b a k i r e y d i k
p a r ç a l a n ı y o r   o l m a y a c a k   m ı y d ı n
t e k i l   k a l ı p l a r ı n
p e n i s l e r i n
e r n e k l e r d i r
s ü z e c e k   o l m a y a c a k l a r   m ı
s ü z m e m e l i y m i ş s i n
s ü z e r m i ş s i n i z
g ö ç m e m i ş t i
g ö ç ü y o r   o l a c a k   m ı y d ı n ı z
t o p o l o j i s i n i n
d e n e y i m l e r e
p a r ç a l a n ı y o r d u k
t e k i l   k a l ı p l a r ı n d a n
m e f h u m l a r ı
s ü z m ü ş   o l m a y a c a k l a r d ı
s e r p i y o r   o l m a l ı l a r
t o p o l o j i l e r i n d e
g ö ç ü y o r   o l a c a k t ı n
g ö ç ü y o r   m u
s e r p i y o r   o l a c a ğ ı z
p e n i s i m i z
s e s t e ş l e r i n d e n
t e c r i t t e n
b a k i r e l e r i n
b a m y a l a r ı m ı z
s e r p m i ş   o l m a y a c a k   m ı s ı n ı z
p a r ç a l a n a c a k   o l a c a ğ ı m
s e s t e ş l e r i m i z d e n
s ü z m ü ş m ü ş
ü z g ü n   d e ğ i l s i n
m e f h u m u m u z u n
p a r ç a l a n ı y o r   o l m a m a l ı
p a r ç a l a n m a d ı   m ı y d ı
g ö ç m e z   m i y d i m
s e r p i y o r   o l a c a k   m ı y m ı ş s ı n ı z
t o p o l o j i m i z e
m a k i n e m i z e
d e ğ i ş i y o r   o l m a m a l ı y ı z
g ö ç ü y o r   o l m a y a c a k   m ı y m ı ş ı m
d e ğ i ş i y o r l a r   m ı y d ı
d ü z e n l e n e b i l i r l i ğ i n i z e
p a r ç a l a n a c a k t ı n
a l f a   s ü r ü m l e r i n d e n
b a k i r e l e r s i n i z
p a r ç a l a n ı y o r   o l m a m a l ı y d ı n ı z
g ö ç ü y o r   o l a c a k   m ı y m ı ş
k e f a l e t l e r i m i z d e
p a r ç a l a n ı r   m ı y m ı ş s ı n ı z
k a t e g o r i l e r i n i n
s ü z ü y o r   o l m a l ı l a r d ı
e r n e ğ i n i
ö ğ ü t ü c ü l e r i n i
s ü z ü y o r   o l m a l ı y m ı ş s ı n
s e r p i y o r   o l m a y a c a k   m ı
a y r ı m c ı l ı k l a r ı n d a
a v u k a t l a r a
p a r ç a l a n m ı ş   o l a c a k t ı n
g ö ç m ü ş   o l a c a k t ı m
d e n e y i m l e r i m i z d e n
d e ğ i ş m i y o r s u n
d e ğ i ş i y o r   o l m a y a c a k   m ı y d ı k
s ü z e c e k   o l a c a k   m ı y m ı ş
g ö ç m ü ş   m ü y m ü ş
ö ğ ü t ü c ü l e r i m i z i
p a r ç a l a n ı y o r   o l a c a k   m ı y m ı ş s ı n ı z
s e r p e r m i ş s i n
p a r ç a l a n m a y a c a k m ı ş
p e n i s i n e
y e r i n d e n
t o p o l o j i s i n e
d e ğ i ş m e l i y i z
d e ğ i ş i y o r   o l m a l ı y ı m
s e r p m i ş l e r   m i y m i ş
p a r ç a l a n ı y o r   o l m a l ı y ı z
