s ü z
d ü z e n l e n e b i l i r l i ğ i n i z d e
t e k i l   k a l ı p l a r ı n ı z d a n
k u r b a ğ a c ı ğ ı n ı z d a n
g ö ç t ü n   m ü
m i l y o n e r i n d e n
ü z g ü n   d e ğ i l d i n
ü z g ü n   d e ğ i l d i m
ü z g ü n   d e ğ i l   m i y m i ş i m ?
d e ğ i ş t i k   m i
e r n e ğ i
ç i z g i
ç i z g i y m i ş
ç i z g i y m i ş i z
s ü z d ü k   m ü
b a m y a l a r d ı n
b a m y a l a r d ı
e r n e k t i m
d e ğ i ş i r   o l m a y a c a k m ı ş s ı n
d e ğ i ş e c e k s i n i z
d e ğ i ş i y o r   o l m a l ı y m ı ş s ı n
d e ğ i ş i y o r   o l m a m a l ı   m ı y d ı k
d e ğ i ş m i ş   o l m a y a c a k s ı n
d e ğ i ş m e l i   m i y d i k
d e ğ i ş i y o r   o l m a l ı y ı z
d e ğ i ş e c e k   m i y i m
d e ğ i ş m i ş   o l a c a k   m ı y ı z
d e ğ i ş i y o r   o l m a y a c a k m ı ş s ı n
d e ğ i ş i y o r   o l m a y a c a k   m ı y d ı
d e ğ i ş i r   m i y m i ş i z
d e ğ i ş i r   o l m a y a c a k m ı ş
d e ğ i ş i y o r   o l m a y a c a k   m ı y d ı m
d e ğ i ş i y o r   o l m a y a c a k   m ı y ı z
d e ğ i ş i y o r   o l m a z d ı n
d e ğ i ş e c e k   o l a c a k
d e ğ i ş m e z   m i y d i
d e ğ i ş m e z   m i y i z
d e ğ i ş e c e k t i n
d e ğ i ş m e m e l i l e r d i
d e ğ i ş i r   o l m a y a c a k   m ı y m ı ş
u s u l a
b a k i r e l e r d i n
b a k i r e y m i ş
b a k i r e l e r s i n
b a k i r e l e r d i
b a k i r e l e r d i
ö r d e k l e r d e
p a r ç a l a n ı y o r   o l a c a k   m ı y m ı ş s ı n ı z
p a r ç a l a n ı y o r   o l m a y a c a k m ı ş s ı n
p a r ç a l a n a c a k t ı n
p a r ç a l a n ı y o r   m u y d u n u z
p a r ç a l a n m a d ı k   m ı
p a r ç a l a n m ı ş   o l a c a k t ı
p a r ç a l a n ı y o r   o l m a m a l ı   m ı y d ı k
p a r ç a l a n m ı ş   o l m a y a c a k s ı n
p a r ç a l a n m ı ş   o l m a y a c a k   m ı y ı z
p a r ç a l a n m a y a c a k   m ı y m ı ş ı m
p a r ç a l a n ı y o r d u m
p a r ç a l a n ı y o r   m u y d u
p a r ç a l a n ı r   o l m a y a c a k m ı ş s ı n
p a r ç a l a n a c a k l a r m ı ş
p a r ç a l a n ı y o r   o l m a l ı y ı z
p a r ç a l a n m a l ı   m ı y m ı ş
p a r ç a l a n m ı y o r   m u y m u ş s u n u z
p a r ç a l a n m a l ı y m ı ş ı z
p a r ç a l a n m a z l a r d ı
p a r ç a l a n a c a k   o l m a y a c a k l a r m ı ş
p a r ç a l a n ı y o r   o l m a y a c a k
p a r ç a l a n ı r   o l m a y a c a k l a r m ı ş
p a r ç a l a n m a m e l i   m i s i n i z
p a r ç a l a n a c a k   o l a c a k
p a r ç a l a n ı y o r   o l m a m a l ı   m ı y m ı ş
p a r ç a l a n ı r   m ı y m ı ş ı z
p a r ç a l a n ı y o r   o l m a m a l ı   m ı y d ı n
p a r ç a l a n m a z   m ı y m ı ş
p a r ç a l a n ı y o r   o l m a z d ı n
e r n e ğ i n i
m a k i n e m i z d e n
d e n e y i m e
ö r d e k t e
g ö ç ü y o r   o l a c a k   m ı y d ı n ı z
g ö ç m e m e l i   m i s i n i z
g ö ç m e d i y d i n i z
g ö ç e c e k t i n i z
g ö ç m e l i   m i y d i m
g ö ç e c e k   o l a c a k m ı ş ı m
g ö ç ü y o r   o l a c a k s ı n ı z
g ö ç m ü ş   o l m a y a c a k s ı n
g ö ç ü y o r   o l m a l ı   m ı y d ı
s e r p m e l i   m i y m i ş
s e r p m e y e c e k m i ş i m
s e r p m e d i
s e r p e c e k s i n i z
s e r p m e d i   m i y d i n
s e r p m e d i y d i n i z
s e r p m i ş   o l a c a k t ı
s e r p i y o r   o l m a m a l ı   m ı y d ı n
s e r p m i ş   o l a c a k   m ı y d ı n
s e r p m e z   m i y i z
s e r p m e d i l e r d i
m i l y o n e r m i ş
m i l y o n e r l e r d i n
m i l y o n e r l e r s i n
a v u k a t t a n
t e c r i d i n d e n
s e r p e r s i n
e r n e ğ i n i z d e n
k a t e g o r i s i
p a r ç a l a n d ı y d ı k
a v u k a t l a r s ı n
a v u k a t t ı m
k e f a l e t i n e
k u r b a ğ a c ı k t a
t e c r i t
a v u k a t t ı k
a v u k a t m ı ş ı m
ö r d e k l e r i
ç i z g i y m i ş l e r
s ü z d ü l e r d i
p a r ç a l a n m a m ı ş   m ı y ı z
e r n e ğ i n
s e s t e ş i n i z
ö r d e k l e r i n e
ö ğ ü t ü c ü y m ü ş s ü n
ö ğ ü t ü c ü l e r s i n
ö ğ ü t ü c ü l e r d i n
ö ğ ü t ü c ü l e r d i n i z
ö ğ ü t ü c ü
s e s t e ş t e
t e k i l   k a l ı b ı m ı z
ö r d e k l e r i n
s ü z m e y e c e k   m i y m i ş
s ü z ü y o r   o l a c a k t ı
s ü z ü y o r   o l m a y a c a k   m ı y m ı ş ı m
s ü z e c e k l e r m i ş
s ü z ü y o r   o l a c a k   m ı y ı m
s ü z e r l e r d i
s ü z ü y o r   o l m a l ı y m ı ş s ı n
s ü z m e l i   m i y m i ş
b a m y a y m ı ş l a r
s e r p e r l e r m i ş
ö r d e ğ i
h e n d e s e n i z d e n
t e c r i d i n
t e c r i d i n i z i
p e n i s t e n
d e n e y i m i
y a n   t ü m c e s i n d e n
e r n e ğ i n i z d e
e r n e ğ i m i z i n
k a t e g o r i s i n d e n
k a t e g o r i y i
s e r p e r d i m
a y r ı m c ı l ı k s ı n ı z
ö r d e k l e r i n i n
t e c r i d i n d e
a l f a   s ü r ü m l e r i n i n
s e r p e c e k m i ş s i n
t e k i l   k a l ı b ı n a
a v u k a t s ı n
d ü z e n l e n e b i l i r l i ğ e
s ü z m e d i   m i
t e k i l   k a l ı b ı
t e c r i d i m i z i
i s t i r i d y e d e n
ö r d e k l e r i m i z e
a v u k a t s ı n ı z
s e r p e r d i
e r n e k l e r e
ö r d e k l e r i n d e n
ö r d e ğ i
e r n e ğ i m
k a t e g o r i s i n d e
s e r p e r   o l a c a k   m ı y m ı ş s ı n
e r n e k s i n i z
k e f a l e t l e r i n
d e n e y i m i n d e n
p a r ç a l a n d ı   m ı
p a r ç a l a n d ı   m ı y d ı n ı z
a l f a   s ü r ü m l e r i n e
d e n e y i m i n e
t e k i l   k a l ı p l a r ı n ı z a
t e c r i d i n i z i n
k u r b a ğ a c ı ğ ı n d a n
s ü z d ü   m ü y d ü
e r n e k m i ş s i n i z
b a m y a y m ı ş s ı n ı z
s ü z d ü   m ü
b ü s t ü n
p a r ç a l a n ı r ı z
y e r i n i
p a r ç a l a n ı r   m ı y ı z
a y r ı m c ı l ı k d ı k
s ü z d ü n
t e c r i d i n i n
t o p o l o j i s i n d e n
s e s t e ş i n d e n
e r n e ğ i n i
t e c r i d i n i z
s ü z d ü y d ü k
d e n e y i m i n e
y e r m i ş l e r
e r n e k
t e k i l   k a l ı b ı n ı n
d ü z e n l e n e b i l i r l i ğ i n
a v u k a t t ı n
b a m y a s ı n ı n
k a t e g o r i l e r i n
a l f a   s ü r ü m l e r i n d e n
s e r p e r   m i s i n
h e n d e s e s i
s ü z d ü y d ü n
ö r d e ğ i n
m a k i n e m i z i n
d e n e y i m i n d e n
s e r p e r d i n
t e c r i t l e r d e
i s t i r i d y e s i n d e n
y e r i n d e
p e n i s l e r i n i
ö r d e k l e r i n i z e
i s t i r i d y e l e r i n
s e r p e r   m i y m i ş i m
e r n e k l e r d i r
b a m y a l a r d ı k
d e ğ i ş i r   m i y m i ş i m
a v u k a t t ı n ı z
d e n e y i m i n
s e s t e ş i n e
t e k i l   k a l ı b ı n ı z ı
h e n d e s e y e
m a k i n e d e
s e s t e ş i
m a k i n e m i z e
k e f a l e t i n i z i
p e n i s i
t e k i l   k a l ı p
p a r ç a l a n a c a k m ı ş s ı n
m i l y o n e r m i ş l e r
s e r p e r   m i y d i n
g ö ç t ü n ü z   m ü
m i l y o n e r i n i n
m i l y o n e r i n i z i
p a r ç a l a n ı y o r   o l m a l ı
s e s t e ş i n i z i n
t e c r i t l e r i n d e
a y r ı m c ı l ı ğ ı n d a n
d e n e y i m i n i
e r n e k l e r i n d e
g ö ç e r   m i s i n
