t o p o l o j i l e r i n d e
s ü z ü y o r   o l m a y a c a k m ı ş s ı n
d ü z e n l e n e b i l i r l i k t e
p a r ç a l a n a c a k   o l m a y a c a ğ ı z
p a r ç a l a n ı y o r   o l m a z d ı n ı z
s ü z ü y o r   o l m a y a c a ğ ı m
s e r p e c e k   o l m a y a c a ğ ı m
g ö ç m e y e c e k t i
m a k i n e m i z d e n
b a k i r e y m i ş s i n i z
b a k i r e l e r d i
b a k i r e l e r d i
p a r ç a l a n ı y o r   o l m a l ı l a r   m ı y d ı
ö ğ ü t ü c ü d e
p a r ç a l a n a c a k   o l a c a k m ı ş s ı n ı z
s ü z ü y o r   o l m a m a l ı   m ı y m ı ş s ı n ı z
d e ğ i ş e c e k   o l a c a k   m ı y m ı ş s ı n ı z
p a r ç a l a n ı y o r   o l a c a k   m ı s ı n ı z
d e ğ i ş m i ş   o l a c a k l a r   m ı
g ö ç e c e k   o l m a y a c a k m ı ş s ı n ı z
p a r ç a l a n m a m ı ş   m ı y m ı ş s ı n ı z
s ü z ü y o r   o l a c a k   m ı y m ı ş s ı n ı z
p a r ç a l a n ı y o r   o l u r   m u y d u n u z
s e r p i y o r   o l m a l ı   m ı y m ı ş s ı n
s e r p m i ş   o l m a y a c a k   m ı y d ı n ı z
p a r ç a l a n ı y o r   o l m a m a l ı l a r
g ö ç m e m e l i   m i y d i k
g ö ç m e d i l e r
g ö ç t ü y d ü n ü z
g ö ç m e m e l i y d i n
g ö ç t ü
g ö ç m ü ş   o l m a y a c a k   m ı y ı m
p a r ç a l a n ı y o r   o l a c a k m ı ş ı m
s ü z ü y o r   o l m a y a c a k   m ı y d ı n ı z
g ö ç ü y o r   o l m a y a c a k   m ı y m ı ş ı m
p a r ç a l a n m ı ş   o l m a y a c a k l a r
s e r p i y o r   o l m a m a l ı y m ı ş ı z
p a r ç a l a n ı y o r   o l m a m a l ı   m ı
p a r ç a l a n m a m ı ş   m ı s ı n ı z
b a k i r e l e r d i r
p a r ç a l a n m ı ş   o l a c a k   m ı y ı z
d ü z e n l e n e b i l i r l i ğ i n i n
g ö ç ü y o r   o l m a l ı   m ı y m ı ş ı z
s e r p i y o r   o l a c a k   m ı s ı n ı z
k u r b a ğ a c ı k t a
y e r d i n
s ü z ü y o r   o l m a m a l ı   m ı s ı n ı z
g ö ç ü y o r   o l m a m a l ı   m ı s ı n ı z
p a r ç a l a n ı y o r   o l u r d u n u z
d e ğ i ş i y o r   o l m a l ı   m ı y m ı ş
e r n e k s i n i z
d e ğ i ş m i ş   o l a c a k   m ı y d ı k
i s t i r i d y e d e n
d e ğ i ş i y o r   o l m a l ı   m ı y m ı ş s ı n
ö r d e k l e r i m i z e
s e r p m i ş   o l m a y a c a k   m ı y ı z
g ö ç t ü n   m ü
p a r ç a l a n a c a k l a r   m ı y d ı
d e ğ i ş e c e k   o l a c a k s ı n ı z
s e r p i y o r   o l m a z d ı n ı z
s e r p m e m i ş   m i y d i
s e r p i y o r   o l m a y a c a k   m ı
s e r p e c e k   m i y m i ş i m
s e r p m e l i y d i n i z
s e r p m e l i l e r
s e r p m e z m i ş
g ö ç m ü ş   o l m a y a c a k t ı m
s e r p i y o r   o l m a y a c a k l a r m ı ş
s e r p i y o r   o l m a y a c a k t ı m
s ü z ü y o r   o l a c a k   m ı y m ı ş
g ö ç ü y o r   o l m a l ı l a r   m ı y m ı ş
m i l y o n e r l e r d i r
g ö ç ü y o r   o l m a l ı y m ı ş ı m
g ö ç e c e k   o l a c a k   m ı y m ı ş ı z
s ü z ü y o r   o l m a m a l ı   m ı y d ı
d e ğ i ş i y o r   o l m a l ı   m ı y ı z
s ü z e r   o l a c a k l a r   m ı y m ı ş
p a r ç a l a n m a z   m ı y m ı ş ı z
d e ğ i ş e c e k   o l a c a k l a r   m ı
p a r ç a l a n m a m e l i s i n i z
k u r b a ğ a c ı k l a r ı n ı z d a
s e r p m i ş   m i y m i ş s i n i z
s e r p i y o r   o l m a m a l ı s ı n
k u r b a ğ a c ı k l a r ı m ı z ı
t o p o l o j i l e r i n e
s ü z ü y o r   m u y m u ş s u n
s ü z m e z   m i y i m
s ü z ü y o r m u ş u z
s ü z e r   m i y d i m
s ü z e r   o l m a y a c a k   m ı y m ı ş s ı n ı z
g ö ç ü y o r   o l m a m a l ı y ı z
s e r p m i ş   o l a c a k s ı n ı z
g ö ç e c e k   o l m a y a c a k   m ı y m ı ş s ı n ı z
s ü z ü y o r   o l a c a k   m ı y d ı
p a r ç a l a n m a l ı y m ı ş s ı n
a y r ı m c ı l ı k s ı n ı z
k a t e g o r i d e
h e n d e s e l e r i n i z d e n
s ü z ü y o r   o l a c a k s ı n ı z
k u r b a ğ a c ı k l a r ı m ı z
s e r p i y o r   o l m a y a c a ğ ı z
d e ğ i ş m i y o r   m u y m u ş u z
m i l y o n e r l e r i m i z d e
p a r ç a l a n ı r m ı ş s ı n ı z
g ö ç ü y o r   o l m a y a c a k   m ı y d ı m
p a r ç a l a n ı y o r   m u y d u k
k u r b a ğ a c ı k l a r ı n a
a v u k a t s ı n
s e r p i y o r   o l m a m a l ı   m ı y d ı n
g ö ç ü y o r   o l m a y a c a k   m ı s ı n
p a r ç a l a n ı n ı z
p a r ç a l a n m ı y o r   m u y u m
s ü z ü y o r   o l m a z   m ı y d ı
e r n e k l e r d i r
p a r ç a l a n m ı ş s ı n ı z
s e r p m e y e c e k   m i y m i ş i m
m i l y o n e r l e r i n i z e
u s u l u
p a r ç a l a n m a m ı ş
b ü s t l e r i m i z e
s ü z ü y o r   o l a c a k   m ı s ı n
ö ğ ü t ü c ü l e r i m i z d e
s ü z ü y o r   o l m a m a l ı y d ı k
u s u l a
h e n d e s e l e r i n i z i n
k a t e g o r i l e r i m i z e
h e n d e s e l e r i m i z i n
s ü z ü y o r   o l m a l ı   m ı y d ı
a y r ı m c ı l ı k m ı ş ı z
y a n   t ü m c e l e r i n i z i n
s e r p i y o r   o l m a m a l ı y ı m
s e r p m i y o r   m u y d u n u z
d e ğ i ş i y o r   o l m a m a l ı
p a r ç a l a n m a z d ı n ı z
s ü z ü y o r   o l u r   m u y d u m
a v u k a t l a r m ı ş s ı n
d e n e y i m l e r i m i z
d e ğ i ş m i ş   m i y m i ş i z
d e ğ i ş m e m e l i   m i y m i ş
p a r ç a l a n ı r m ı ş s ı n
ö ğ ü t ü c ü l e r i n i z d e
m i l y o n e r l e r i m i z i
t e k i l   k a l ı b ı n ı z ı
m a k i n e n i z d e
a y r ı m c ı l ı k l a r ı n ı z a
g ö ç ü y o r   o l m a m a l ı   m ı y d ı n
ö ğ ü t ü c ü l e r i n i z i n
s ü z ü y o r   o l m a y a c a k   m ı y m ı ş
k e f a l e t i n i n
p a r ç a l a n m a y a c a k m ı ş
g ö ç e r   o l m a y a c a k m ı ş
k e f a l e t l e r i m i z d e
m i l y o n e r l e r i n i z i
m i l y o n e r d i l e r
p a r ç a l a n ı y o r   m u y u m
p a r ç a l a n m ı ş   o l a c a k   m ı s ı n
ö r d e k l e r i n i z d e
k e f a l e t i n d e n
s ü z m e z   m i y m i ş s i n i z
d e ğ i ş e c e k   m i y m i ş i z
s e r p i y o r   o l u r   m u y d u
p a r ç a l a n m ı ş l a r d ı
m i l y o n e r l e r i n e
d e ğ i ş i r l e r   m i y m i ş
y e r d i k
i s t i r i d y e l e r i m i z i
m i l y o n e r l e r m i ş i z
k a t e g o r i l e r i n i z i
t e c r i t l e r i n e
b a k i r e l e r i m i z d e n
e r n e k l e r m i ş s i n
k u r b a ğ a c ı k l a r ı n a
s ü z m e m e l i   m i y d i n i z
g ö ç ü y o r   o l a c a k t ı n
s e r p i y o r   o l a c a k   m ı
d e ğ i ş m e m e l i y m i ş i z
s e r p m e m e l i l e r m i ş
s ü z m e m i ş l e r   m i y m i ş
m i l y o n e r l e r d i n i z
d e ğ i ş i y o r   o l m a z d ı k
p a r ç a l a n ı y o r d u n u z
s e r p m i ş l e r   m i y m i ş
ö ğ ü t ü c ü l e r i n i z e
t e k i l   k a l ı b ı n ı n
s e r p m e z l e r   m i y m i ş
i s t i r i d y e l e r i n e
s ü z ü y o r   o l m a z l a r d ı
p a r ç a l a n ı y o r m u ş u m
g ö ç ü y o r   o l m a l ı y d ı
a v u k a t ı n ı z ı n
d e ğ i ş i y o r   o l m a l ı y d ı m
s ü z ü y o r   o l m a y a c a k t ı n ı z
p a r ç a l a n m a d ı y d ı m
p e n i s l e r i m i z d e n
t e c r i t l e r i m i z d e
y a n   t ü m c e d e n
s e s t e ş l e r i n i z d e n
h e n d e s e l e r i n d e
s ü z e c e k l e r   m i y d i
s e s t e ş l e r i m i z d e n
d e ğ i ş i y o r   o l u r d u k
p e n i s l e r i n i z d e n
k e f a l e t l e r i n i z i
s e r p i y o r   o l m a m a l ı
p a r ç a l a n ı r l a r m ı ş
i s t i r i d y e l e r i n e
g ö ç m e m e l i y m i ş s i n
p a r ç a l a n m a d ı y d ı k
s ü z e r   o l a c a k l a r m ı ş
k e f a l e t l e r i n i z e
ç i z g i y d i n i z
d e ğ i ş m i y o r   m u y m u ş
a y r ı m c ı l ı ğ ı m ı z d a
d e ğ i ş i r   m i y d i m
d e ğ i ş m i ş t i m
d e ğ i ş m e l i   m i y i m
d e ğ i ş m e y e c e k m i ş s i n
d e ğ i ş t i   m i y d i n
d e ğ i ş i y o r   o l m a l ı y m ı ş ı z
t e k i l   k a l ı b ı n d a n
t e k i l   k a l ı p l a r ı n a
a l f a   s ü r ü m l e r i n e
g ö ç ü y o r   o l a c a ğ ı m
b a k i r e l e r i n i z d e
s e r p m i ş   m i y m i ş i z
b a k i r e l e r i m i z i n
s e r p i y o r m u ş s u n u z
g ö ç ü y o r   m u y m u ş u z
s ü z m e y e c e k   m i y m i ş i m
d e ğ i ş i y o r   o l m a l ı
s e r p m e z   m i y m i ş i z
s ü z ü y o r   o l m a l ı y d ı n
g ö ç e c e k   o l a c a k m ı ş
t o p o l o j i l e r i n e
a l f a   s ü r ü m l e r i n d e n
p a r ç a l a n m ı ş l a r   m ı
a y r ı m c ı l ı ğ ı n d a n
g ö ç m e m e l i   m i s i n i z
s ü z ü y o r   m u y m u ş u z
k u r b a ğ a c ı k l a r ı n
d e ğ i ş m i y o r   m u y d u
s ü z m e m i ş   m i y m i ş i z
k a t e g o r i l e r i n i n
k e f a l e t i n i z i n
s e r p i y o r   o l m a l ı y d ı
d e ğ i ş m i ş   o l m a y a c a ğ ı z
g ö ç ü y o r   o l m a l ı y ı z
m i l y o n e r l e r i n i n
k u r b a ğ a c ı ğ ı n d a n
b a k i r e l e r i m i z e
