s ü z m e m e l i   m i y m i ş s i n
p a r ç a l a n ı r   m ı y d ı n ı z
s ü z ü y o r d u n u z
k e f a l e t i n i z i
s e s t e ş i n d e
d e ğ i ş e c e k   o l m a y a c a k   m ı y m ı ş ı m
s e r p m e m e l i y d i n i z
y e r l e r i n e
u s u l l a r
m e f h u m l a r ı n d a n
b a k i r e l e r
ç i z g i l e r d e
d e ğ i ş i r i z
ç i z g i s i n i z
p a r ç a l a n ı y o r   o l m a l ı l a r m ı ş
d e n e y i m i m i z i n
g ö ç e r   o l a c a k l a r m ı ş
a v u k a t ı n ı z ı
g ö ç m e m i ş s i n i z
b a m y a n ı
ö ğ ü t ü c ü l e r m i ş s i n i z
t o p o l o j i l e r i n e
k u r b a ğ a c ı k l a r ı n
s e r p i y o r   o l m a m a l ı y m ı ş s ı n
s ü z ü y o r   m u y m u ş u m
d e ğ i ş m e z d i m
d e ğ i ş i r   m i s i n
s ü z d ü l e r
g ö ç m ü y o r   m u y m u ş u z
p a r ç a l a n ı y o r   m u
m i l y o n e r l e r d i k
p a r ç a l a n m ı ş   m ı y d ı n
p a r ç a l a n m ı ş   o l m a y a c a k   m ı y d ı n ı z
m i l y o n e r l e r i n e
s ü z ü y o r   o l m a l ı   m ı y m ı ş s ı n
ü z g ü n   d e ğ i l   m i y m i ş i z ?
g ö ç m ü ş   m ü s ü n
d e ğ i ş i y o r   m u y u z
g ö ç e c e k   o l m a y a c a k   m ı s ı n
d e ğ i ş m e l i y d i m
g ö ç m ü ş l e r   m i
s e r p m i ş   m i y m i ş
p a r ç a l a n a c a k   o l m a y a c a k m ı ş s ı n
y a n   t ü m c e s i n d e n
d e ğ i ş m e l i y m i ş
p a r ç a l a n ı y o r   o l u r d u m
g ö ç m e y e c e k t i k
p a r ç a l a n m a m ı ş l a r   m ı y m ı ş
d e ğ i ş i r   o l m a y a c a k m ı ş s ı n
k u r b a ğ a c ı ğ ı n
p a s k a l y a   t a v ş a n ı n a
s e r p m i ş   o l m a y a c a k t ı
p a r ç a l a n m ı ş l a r   m ı
d e ğ i ş i y o r   m u y d u k
s ü z m e y e c e k t i n i z
s e r p i n
k u r b a ğ a c ı ğ ı n ı z
ü z g ü n   m ü y m ü ş s ü n ?
p e n i s l e r i m i z
s ü z m ü y o r m u ş
k e f a l e t l e r i
p a r ç a l a n m e l i y i z
p a r ç a l a n ı r l a r m ı ş
d e ğ i ş m i ş   o l m a y a c a k   m ı s ı n
g ö ç ü y o r   o l m a m a l ı y d ı m
p a r ç a l a n m a z
s e r p i y o r   o l m a y a c a k   m ı y m ı ş
a v u k a t t ı n
p a r ç a l a n m ı ş   o l a c a k l a r   m ı y d ı
ö ğ ü t ü c ü l e r i n i z d e
b ü s t l e r i
s ü z m ü ş t ü n
g ö ç m e m e l i y i m
p a r ç a l a n m ı y o r u m
p a r ç a l a n a c a k l a r
d e ğ i ş i y o r   o l m a y a c a k   m ı s ı n
d e ğ i ş m e l i y m i ş i m
s ü z e c e k   o l m a y a c a k m ı ş
s e r p m i ş   o l m a y a c a k   m ı s ı n ı z
s ü z e r   m i y i z
a y r ı m c ı l ı k l a r ı m ı z a
d e ğ i ş m i ş s i n i z
b a k i r e n i z i
s ü z ü y o r   o l m a y a c a k   m ı y d ı n
ö ğ ü t ü c ü l e r i
p a r ç a l a n m a y a c a k   m ı y m ı ş ı z
m a k i n e l e r i n e
g ö ç m ü ş   o l a c a k   m ı y d ı k
g ö ç m e y e c e k
s e r p m e z   m i y d i k
s e r p i y o r   o l m a l ı   m ı s ı n
ö ğ ü t ü c ü l e r
s e r p e c e k   o l a c a ğ ı m
p a r ç a l a n m a m ı ş l a r   m ı
d e ğ i ş i y o r   o l a c a k m ı ş s ı n
t o p o l o j i l e r i m i z i n
m i l y o n e r l e r i n e
s ü z ü y o r   o l m a l ı   m ı
m i l y o n e r l e r i n i n
g ö ç ü y o r   o l m a y a c a k l a r m ı ş
s e r p e c e k   o l a c a k l a r   m ı y m ı ş
t e c r i t l e r i n i n
k e f a l e t l e r i n i z e
g ö ç m e m e l i   m i y d i n i z
b a m y a s ı n d a
s ü z m ü y o r   m u y m u ş u z
m e f h u m l a r ı m ı z d a
p a r ç a l a n m ı y o r m u ş u m
s ü z e c e k l e r   m i y d i
k e f a l e t i n d e
e r n e k s i n i z
m e f h u m d a
e r n e k l e r e
g ö ç e c e k   o l m a y a c a k m ı ş ı m
p a r ç a l a n d ı y d ı k
g ö ç e c e k   m i y d i k
p a r ç a l a n ı r d ı
p a r ç a l a n m ı ş m ı ş s ı n ı z
d e ğ i ş i y o r   o l m a l ı y m ı ş s ı n
d e ğ i ş m e z   m i s i n i z
m e f h u m u m u z u
a v u k a t s ı n
k e f a l e t l e r i n i z d e n
d e n e y i m l e r i n
s e r p m e y e c e ğ i z
g ö ç ü y o r m u ş s u n u z
g ö ç m e m e l i y m i ş i z
g ö ç m e z d i
s e r p i y o r   o l a c a k   m ı y m ı ş ı z
t o p o l o j i n i z i
s ü z m e d i m   m i
d e ğ i ş m e z m i ş i m
d e ğ i ş i y o r m u ş
s e r p i y o r   o l a c a k l a r   m ı y d ı
b a m y a l a r d ı
d e n e y i m i n e
s ü z e r s i n
s e s t e ş l e r i n i n
p a r ç a l a n ı n ı z
d e ğ i ş e c e k   o l m a y a c a k s ı n ı z
g ö ç m ü ş   m ü s ü n ü z
s e s t e ş i n i
ç i z g i y i z
t e k i l   k a l ı p l a r ı n a
s e r p m i ş l e r d i
ö ğ ü t ü c ü d e
t e k i l   k a l ı p l a r ı n ı n
s e r p m i ş   o l m a y a c a k l a r   m ı y d ı
b a m y a s ı n ı z
y e r l e r m i ş i m
d e ğ i ş i y o r d u
p a r ç a l a n ı y o r   o l a c a k   m ı s ı n
s e r p i y o r   o l m a l ı   m ı y ı m
a l f a   s ü r ü m ü n ü n
p a r ç a l a n m ı ş   o l m a y a c a k   m ı y ı z
p a r ç a l a n m e l i y i m
k e f a l e t i n d e
s ü z d ü y d ü k
s e r p i y o r   o l m a m a l ı s ı n
ç i z g i y m i ş i m
s e r p i y o r l a r d ı
s e r p m e y e c e k   m i y d i
g ö ç m e z l e r m i ş
s ü z e r   o l a c a k   m ı y m ı ş ı z
p a r ç a l a n d ı y d ı
p a r ç a l a n m ı ş   o l m a y a c a k t ı k
g ö ç m ü y o r l a r
s e r p i y o r   o l m a l ı y ı m
k a t e g o r i n i n
g ö ç ü y o r   o l m a y a c a k l a r   m ı y d ı
m i l y o n e r d i l e r
y a n   t ü m c e d e n
d e n e y i m l e r i n i z d e
s e s t e ş i n i z d e n
s ü z ü y o r m u ş s u n
s e r p e c e k   o l a c a k s ı n
b ü s t l e r i m i z d e n
p a r ç a l a n m ı ş   o l m a y a c a k s ı n
d e n e y i m i n d e
s ü z m e z m i ş s i n
s ü z e c e k   o l a c a k l a r   m ı y m ı ş
ö r d e k l e r i n i z e
d e ğ i ş i y o r   o l u r l a r   m ı y d ı
g ö ç m e l i y m i ş s i n i z
p a r ç a l a n ı r d ı n ı z
d e ğ i ş i r m i ş i m
s e r p i y o r   o l m a l ı y d ı n ı z
d e ğ i ş i y o r   o l a c a k   m ı y d ı m
p a r ç a l a n ı y o r   o l m a y a c a k   m ı s ı n
ö r d e k l e r d e
d e ğ i ş i y o r   m u y d u m
s ü z e c e k   o l m a y a c a k   m ı s ı n ı z
h e n d e s e n i z d e n
e r n e ğ i m i z i n
g ö ç m e m e l i s i n
s e r p m e m i ş m i ş i z
s e r p m i ş   o l m a y a c a k   m ı y d ı m
e r n e ğ i n i z d e n
d e ğ i ş i y o r   o l m a z   m ı y d ı n
s e r p i y o r   o l m a z l a r   m ı y d ı
s ü z ü y o r   o l a c a k   m ı s ı n ı z
ö ğ ü t ü c ü l e r m i ş i m
a v u k a t t ı m
p a r ç a l a n m a z d ı n ı z
y e r l e r i n
s e r p t i   m i y d i
p a r ç a l a n ı y o r   o l a c a k t ı n ı z
g ö ç m e l i   m i s i n i z
t o p o l o j i l e r i n e
b a k i r e l e r
b a m y a l a r ı n d a n
i s t i r i d y e l e r i m i z d e n
k e f a l e t l e r i n i z i
s e r p m i ş l e r m i ş
d e ğ i ş m e z   m i y d i k
d e ğ i ş i y o r   o l m a y a c a k t ı
d e ğ i ş m i ş   o l m a y a c a k t ı m
m i l y o n e r i
d e ğ i ş m e y e c e k t i n
h e n d e s e l e r i n i
s e r p i y o r   o l m a y a c a k   m ı y m ı ş ı z
m e f h u m u m u z d a
s ü z m e m i ş   m i s i n i z
b a m y a y m ı ş s ı n ı z
d e ğ i ş m e m e l i y i z
k u r b a ğ a c ı k l a r d a n
g ö ç e c e k   o l m a y a c a k   m ı y m ı ş ı z
s e r p m i ş   o l a c a k l a r d ı
a v u k a t l a r m ı ş s ı n
p a r ç a l a n a c a k   o l a c a k   m ı y m ı ş ı m
s ü z m e m i ş   m i s i n
s e r p m e l i y i m
i s t i r i d y e m i z d e n
p a r ç a l a n ı y o r l a r d ı
g ö ç ü y o r   o l m a m a l ı   m ı y ı z
s e r p m i ş   o l m a y a c a k   m ı y d ı n
d e ğ i ş i y o r   o l m a y a c a ğ ı z
k e f a l e t i n e
s e r p m e m i ş   m i y m i ş
b a k i r e l e r i z
s ü z m e m e l i l e r   m i
g ö ç m ü ş t ü k
p a r ç a l a n m a l ı y m ı ş ı z
s e r p t i n i z   m i
h e n d e s e l e r i m i z i n
s ü z ü y o r   o l m a z   m ı y d ı
p a r ç a l a n ı y o r   o l m a m a l ı   m ı y d ı n
p a r ç a l a n m a y a c a k t ı n ı z
d e ğ i ş i y o r   o l a c a k   m ı y m ı ş s ı n
s ü z e r   m i y d i
p a r ç a l a n ı y o r   o l m a y a c a k m ı ş ı z
s e r p i y o r   o l u r d u k
s ü z m e m i ş m i ş s i n
p a r ç a l a n a c a k   o l a c a k   m ı s ı n
d e ğ i ş m e m i ş   m i y d i k
s ü z ü y o r   o l m a l ı l a r   m ı y m ı ş
s ü z e r   o l a c a k l a r   m ı y m ı ş
t o p o l o j i l e r i n i
m a k i n e n i n
s e r p m e m i ş l e r   m i y m i ş
g ö ç ü y o r   o l a c a k t ı k
s e r p i y o r   m u y d u k
ö r d e ğ i n d e n
s e r p m e m i ş l e r   m i
ç i z g i y i m
p a r ç a l a n m a m ı ş l a r   m ı y d ı
s ü z m ü ş   o l a c a k   m ı y d ı m
g ö ç m ü ş   o l m a y a c a k t ı
p a r ç a l a n ı r ı z
d e ğ i ş i r   o l a c a k   m ı y m ı ş s ı n
s ü z ü y o r   m u y m u ş
s e r p m e z d i k
g ö ç m e m e l i y d i
s e r p m i ş   m i y d i
g ö ç ü y o r   o l a c a k   m ı s ı n ı z
ö ğ ü t ü c ü n ü z d e
g ö ç ü y o r   m u y d u m
b ü s t ü n
g ö ç ü y o r   m u y d u k
p e n i s i n e
d e ğ i ş e c e k l e r
ç i z g i y m i ş
g ö ç ü y o r u z
ö ğ ü t ü c ü l e r s i n
b a k i r e n d e n
d e ğ i ş i y o r   o l m a y a c a k m ı ş s ı n
s ü z ü y o r   o l m a l ı   m ı y m ı ş s ı n ı z
b a k i r e l e r i n i z e
s ü z e c e k s i n
s e r p e c e k   m i y d i
p a r ç a l a n ı y o r   o l a c a k l a r   m ı y d ı
m a k i n e n i n
k a t e g o r i s i n d e n
s ü z e r l e r m i ş
b a m y a n ı n
d e n e y i m l e r i n i
p a r ç a l a n ı y o r   o l m a l ı   m ı
s e r p m e m e l i   m i y d i n i z
a v u k a t m ı ş ı m
s e s t e ş i
d e ğ i ş m i ş   o l a c a k t ı n
s ü z m e m e l i   m i y d i m
s ü z m e m i ş m i ş
d e ğ i ş m e m e l i   m i y m i ş
s e r p i y o r   m u s u n u z
s e r p i y o r   o l u r d u n u z
t e k i l   k a l ı p l a r ı n ı n
d e ğ i ş i y o r   o l a c a k l a r   m ı y m ı ş
s ü z m ü y o r   m u y d u k
s e r p e r d i
s e r p i y o r   o l m a m a l ı s ı n ı z
k a t e g o r i l e r i
s e r p m e l i   m i y d i
d e ğ i ş m i y o r u z
d e ğ i ş m e y e c e k   m i y i m
p e n i s i n i z i
s ü z m ü ş l e r   m i y d i
k a t e g o r i m i z d e
k u r b a ğ a c ı k l a r ı n a
t o p o l o j i l e r i m i z d e n
p a r ç a l a n m ı ş   o l a c a k s ı n ı z
s ü z m e d i n
s e s t e ş i n d e n
s ü z ü y o r   o l m a m a l ı s ı n ı z
d e ğ i ş i y o r   o l m a m a l ı l a r   m ı y m ı ş
d e ğ i ş i y o r   o l a c a k l a r m ı ş
h e n d e s e
g ö ç m e z d i m
p a r ç a l a n ı r l a r   m ı
s e r p m e l i   m i y i z
b a m y a y m ı ş l a r
b a k i r e l e r d i
b a m y a l a r m ı ş s ı n ı z
s ü z m ü y o r   m u y m u ş
s ü z m e m i ş   m i y m i ş i m
a y r ı m c ı l ı k l a r s ı n ı z
s ü z ü y o r   o l m a z   m ı y d ı k
ü z g ü n   d e ğ i l m i ş l e r
d e n e y i m i n i z d e
p a r ç a l a n m a m ı ş m ı ş s ı n ı z
g ö ç m e z   m i y d i m
g ö ç m ü ş   o l m a y a c a ğ ı m
g ö ç m e m i ş   m i y m i ş i z
s ü z ü y o r   o l m a l ı   m ı y m ı ş ı m
p a r ç a l a n ı r s ı n
d e ğ i ş i y o r   o l m a y a c a k l a r
m e f h u m l a r d a
b a m y a n ı z d a
t o p o l o j i m i z i
s ü z ü y o r   o l m a y a c a k   m ı y m ı ş s ı n
p a r ç a l a n m ı y o r l a r d ı
g ö ç m e y i n
s ü z ü y o r   o l m a y a c a ğ ı m
m i l y o n e r l e r d i r
g ö ç m e m e l i l e r   m i y d i
s e r p m e y e c e k   m i s i n i z
d e ğ i ş i y o r   o l m a m a l ı y d ı n ı z
e r n e k
s e r p i y o r   o l m a m a l ı   m ı y m ı ş ı z
s e r p m i y o r   m u y d u
y a n   t ü m c e m i z i
k a t e g o r i l e r i m i z d e
d e n e y i m l e r i n i n
s ü z m ü ş ü m
g ö ç m e l i l e r d i
e r n e k l e r i m i z i
y e r l e r i m i z d e n
d e ğ i ş m i y o r
a v u k a t ı m ı z a
s ü z e c e k m i ş s i n
k e f a l e t i n i z i n
p a r ç a l a n m a m ı ş t ı m
d e ğ i ş m i y o r d u
s ü z ü y o r   o l m a l ı   m ı y d ı n
b a m y a l a r d ı n
p a r ç a l a n m a l ı   m ı y m ı ş s ı n ı z
s e r p e c e k   o l m a y a c a k m ı ş s ı n
s ü z ü y o r   o l u r l a r   m ı y d ı
p a r ç a l a n a c a k   m ı y d ı n ı z
d e ğ i ş e c e k   o l m a y a c a k l a r   m ı
g ö ç m e l i y d i k
s ü z e c e k   o l a c a ğ ı m
a v u k a t ı n d a n
ü z g ü n   d e ğ i l   m i y d i k ?
p a r ç a l a n a c a k   m ı y m ı ş s ı n
p a r ç a l a n m ı ş m ı ş
ö ğ ü t ü c ü l e r i m i z d e n
d e ğ i ş m e m i ş
s ü z ü y o r   o l a c a k   m ı
b a k i r e l e r d i m
g ö ç m ü y o r   m u y m u ş s u n
d e ğ i ş m e l i   m i y d i n
s e r p m i y o r   m u y m u ş
g ö ç ü y o r   o l u r   m u y d u n
e r n e k l e r m i ş s i n i z
s ü z e c e k m i ş s i n i z
m i l y o n e r m i ş l e r
s ü z e c e k   o l a c a ğ ı z
m i l y o n e r l e r i m i z i
p e n i s i
d e ğ i ş m i y o r   m u y m u ş u m
d e ğ i ş i y o r   o l m a m a l ı y m ı ş ı z
d e ğ i ş i r d i m
i s t i r i d y e n d e
p a r ç a l a n d ı   m ı y d ı n ı z
s e r p m e l i   m i y m i ş s i n
s e r p m e l i l e r m i ş
d e ğ i ş i y o r   o l m a l ı   m ı
s ü z e c e k   m i y d i m
s ü z m ü ş   o l m a y a c a k   m ı
ö r d e k l e r i n
d e ğ i ş m e z m i ş i z
p a r ç a l a n a c a ğ ı m
s e r p e r s i n
s ü z m e d i y d i n
d ü z e n l e n e b i l i r l i ğ i m i z
d e ğ i ş e c e k   o l a c a k   m ı y m ı ş
p e n i s i m i z d e
g ö ç m e m e l i   m i y m i ş s i n
g ö ç m ü ş   m ü y d ü m
s ü z e r   m i s i n i z
a v u k a t s ı n ı z
d e ğ i ş i y o r   o l a c a k   m ı y m ı ş
s e r p e c e k   o l m a y a c a ğ ı z
a v u k a t ı n d a
a v u k a t l a r ı n
ü z g ü n   m ü y d ü k ?
d e ğ i ş m i y o r m u ş u m
y a n   t ü m c e l e r i n i n
k u r b a ğ a c ı ğ ı
g ö ç e r   o l a c a k l a r   m ı y m ı ş
s ü z m e y e c e k t i m
s e s t e ş l e r i n i z d e n
s ü z e r m i ş
s ü z ü y o r s u n
b a k i r e l e r m i ş
d e ğ i ş i y o r   o l m a m a l ı y d ı m
ç i z g i
s ü z m e l i l e r d i
b a k i r e s i n i n
g ö ç m e y e c e k t i
a l f a   s ü r ü m l e r i n i n
d e ğ i ş i r   o l m a y a c a k   m ı y m ı ş
g ö ç m e y e c e k l e r   m i y d i
s ü z m e z s i n
p a r ç a l a n a c a k   o l m a y a c a k   m ı s ı n
p a r ç a l a n a c a k m ı ş s ı n
ç i z g i l e r d i k
p a r ç a l a n ı r m ı ş s ı n
g ö ç m ü ş   o l m a y a c a k   m ı y d ı k
s e r p m e m i ş t i k
g ö ç e r   o l m a y a c a k   m ı y m ı ş s ı n
ö ğ ü t ü c ü l e r i n i z i n
b a k i r e l e r m i ş
m i l y o n e r l e r i n i z i
d e ğ i ş i y o r   o l m a y a c a k   m ı y d ı n
p a r ç a l a n ı y o r   o l m a l ı   m ı y ı z
ç i z g i y m i ş i z
a v u k a t l a r ı z
y e r i n d e
ç i z g i s i n i n
s e r p m e m i ş m i ş s i n i z
p a r ç a l a n m a z   m ı y d ı n ı z
h e n d e s e m i z d e n
s ü z d ü n ü z
d e ğ i ş m i y o r s u n
p a r ç a l a n m a l ı l a r   m ı y m ı ş
d e ğ i ş m e l i   m i y m i ş s i n
p a r ç a l a n a c a k t ı n
g ö ç ü y o r   o l m a m a l ı y m ı ş s ı n ı z
m e f h u m l a r ı n ı n
b ü s t l e r i n i
g ö ç m e l i   m i y m i ş i m
ç i z g i n i n
p e n i s i n i z i n
b a m y a l a r d ı k
s e r p m e y e c e k   m i s i n
d ü z e n l e n e b i l i r l i ğ i n e
s ü z e r l e r
m i l y o n e r i n i z i
b a k i r e y m i ş i m
ç i z g i
s e r p m e d i   m i y d i n i z
p a r ç a l a n m ı ş   o l a c a k   m ı s ı n ı z
ç i z g i l e r i n i z d e
y e r l e r d i k
s ü z m e z d i n i z
ü z g ü n   d e ğ i l   m i s i n i z ?
d e ğ i ş m e m i ş   m i y m i ş s i n i z
g ö ç m ü y o r m u ş u m
d e ğ i ş m e m i ş   m i s i n
s ü z e r   o l m a y a c a k   m ı y m ı ş ı m
g ö ç ü y o r   o l m a m a l ı y ı m
s e r p e r   o l a c a k m ı ş s ı n
d e ğ i ş m i ş   o l m a y a c a k   m ı y d ı n ı z
s ü z e c e k   o l a c a k l a r m ı ş
p a r ç a l a n a c a k
g ö ç ü y o r d u n
s e r p i y o r   o l a c a ğ ı m
a y r ı m c ı l ı k d ı k
s e r p m i y o r l a r   m ı
p a r ç a l a n m a z l a r d ı
t e c r i d i n
p a r ç a l a n m a m ı ş   m ı y ı z
b a m y a n ı z d a n
t e k i l   k a l ı b ı n a
s e r p m i ş   o l m a y a c a k t ı k
t e c r i t l e r i n
p a r ç a l a n ı y o r   o l m a y a c a k s ı n
d e ğ i ş m i ş   m i y m i ş i z
m a k i n e m i z i n
d e ğ i ş i y o r   o l m a y a c a k   m ı y ı m
d ü z e n l e n e b i l i r l i ğ e
g ö ç e r   m i y m i ş s i n i z
s ü z m e y e c e k l e r
s ü z m e d i   m i y d i n i z
t e k i l   k a l ı p l a r ı n d a n
s ü z ü y o r   o l a c a k m ı ş ı z
k e f a l e t l e r d e n
m i l y o n e r l e r i
s ü z m e l i   m i y d i n i z
s ü z e c e k   o l a c a k m ı ş
s ü z m e d i y d i m
s e r p m e l i
p a r ç a l a n ı y o r d u
g ö ç e r m i ş
p a r ç a l a n ı y o r m u ş
s e r p m e d i y d i
d e ğ i ş i y o r   o l a c a k l a r   m ı y d ı
g ö ç m e d i y d i k
a v u k a t ı n d a n
b a m y a l a r ı
d e ğ i ş m i y o r   m u y d u
b a m y a l a r ı m ı z a
i s t i r i d y e l e r i n
ö r d e k l e r i n d e n
t o p o l o j i l e r i n d e
t e c r i d i n i z i
b a m y a l a r ı n d a
d e ğ i ş m e m e l i y d i
h e n d e s e y e
g ö ç ü y o r   o l a c a k   m ı y m ı ş s ı n
s e r p m e m i ş t i n
p a r ç a l a n ı y o r   o l m a l ı y m ı ş s ı n ı z
s ü z m e l i   m i y d i
ç i z g i l e r i n i n
g ö ç m e d i y d i
g ö ç e r s i n i z
d e ğ i ş i y o r   o l m a z   m ı y d ı k
s e r p m i ş l e r
s e r p e c e k   o l m a y a c a k s ı n ı z
ç i z g i y i
g ö ç ü y o r   o l m a m a l ı   m ı y d ı
a v u k a t l a r ı n ı z d a
d e ğ i ş i y o r   o l m a l ı   m ı s ı n
e r n e ğ i n d e
s e r p e c e k   o l m a y a c a k   m ı y m ı ş s ı n ı z
s e r p m e y e c e k t i n
s e r p i y o r   o l m a y a c a k t ı n
t e k i l   k a l ı b ı n ı z ı
s ü z e r m i ş i z
t e k i l   k a l ı p l a r ı n
p a r ç a l a n m a l ı   m ı y d ı n ı z
a v u k a t l a r s ı n
s ü z ü y o r   o l m a l ı y d ı n ı z
b ü s t ü n ü z ü n
m e f h u m l a r ı m ı z a
k a t e g o r i s i
s e r p i y o r u z
g ö ç e c e k   o l a c a k m ı ş s ı n ı z
g ö ç m e m i ş l e r   m i y m i ş
s e r p m e m e l i   m i s i n
ö r d e k t e
e r n e ğ i n i
d e ğ i ş e c e k   m i y m i ş s i n i z
g ö ç e c e k   o l a c a k   m ı y m ı ş s ı n
p a r ç a l a n a c a k   o l a c a k   m ı y m ı ş s ı n
a v u k a t l a r ı n ı z a
e r n e k l e r i n i z d e n
p a r ç a l a n a c a k   o l m a y a c a k m ı ş ı z
g ö ç e c e k   m i y d i
p a r ç a l a n ı y o r   o l m a y a c a k m ı ş
g ö ç ü y o r   o l m a l ı y m ı ş
s e r p e r   m i y i m
d ü z e n l e n e b i l i r l i k l e r
s ü z m ü y o r   m u y u z
y e r l e r i n i
p a r ç a l a n ı y o r   o l a c a k t ı k
s ü z e c e k   m i y d i k
g ö ç ü y o r
ö ğ ü t ü c ü n
d e ğ i ş m i ş l e r m i ş
d e ğ i ş m i ş m i ş s i n
s ü z m ü ş   o l m a y a c a ğ ı m
t o p o l o j i l e r i n i z i n
k a t e g o r i n i z i n
e r n e ğ i n i z d e
k u r b a ğ a c ı k l a r ı n d a n
g ö ç m ü ş   o l m a y a c a k l a r d ı
t e k i l   k a l ı p l a r ı n ı z a
g ö ç m e z   m i s i n
g ö ç e r   o l m a y a c a k m ı ş ı m
s ü z ü y o r   o l m a y a c a k l a r m ı ş
g ö ç e r   m i y m i ş i m
ç i z g i l e r m i ş
s e s t e ş i n i z
s e r p e c e k   o l m a y a c a ğ ı m
p a r ç a l a n ı y o r   o l a c a k   m ı y m ı ş s ı n ı z
d e ğ i ş m i ş m i ş s i n i z
d e ğ i ş m e m e l i l e r   m i y d i
ö ğ ü t ü c ü m ü z ü n
k u r b a ğ a c ı k l a r ı n d a
a v u k a t l a r ı n d a
d e n e y i m l e r i n i n
s ü z ü y o r   o l m a m a l ı y ı z
p a r ç a l a n ı y o r   o l a c a k l a r   m ı
p e n i s i n
g ö ç ü y o r s u n u z
s e r p m i y o r u z
ü z g ü n   d e ğ i l m i ş s i n i z
d e n e y i m l e r d e
ü z g ü n   d e ğ i l m i ş i m
s ü z ü y o r   o l m a l ı   m ı y d ı n ı z
g ö ç m e d i k
s ü z d ü n
ç i z g i n i z
s e s t e ş i m i z i
d ü z e n l e n e b i l i r l i ğ i n
b ü s t l e r i n i z d e
s ü z m e l i y m i ş s i n
y e r d i n i z
ö ğ ü t ü c ü n d e
e r n e k l e r d i m
g ö ç m ü ş   o l m a y a c a k l a r
k a t e g o r i l e r i n d e n
a y r ı m c ı l ı k m ı ş l a r
g ö ç t ü y d ü n
s ü z m ü y o r l a r d ı
d e n e y i m i n i
d e ğ i ş m e z   m i y i z
s ü z m ü y o r   m u y d u
d e ğ i ş e c e k t i n
d e ğ i ş m e y e c e k t i m
d e ğ i ş e c e k   o l m a y a c a k   m ı
s ü z m e m e l i   m i y d i
p a r ç a l a n m a m e l i   m i s i n i z
s ü z e r d i k
s e r p i y o r   o l a c a k   m ı y d ı
m e f h u m u
s e r p i y o r   o l m a m a l ı l a r d ı
b a k i r e l e r i n i z i
p a r ç a l a n m a l ı   m ı y m ı ş ı m
h e n d e s e s i n i n
g ö ç ü y o r   m u y u m
d e ğ i ş i y o r   o l m a l ı
s e r p e r m i ş s i n i z
d e ğ i ş m e m i ş   m i
s e r p i y o r s u n u z
s e r p e c e k   o l m a y a c a k m ı ş ı z
d e n e y i m l e r i n i z d e n
g ö ç m ü ş l e r m i ş
s e r p i y o r   o l m a l ı   m ı y d ı m
s ü z e r l e r   m i
s e r p m e z   m i y m i ş i m
s ü z m ü ş   m ü y ü z
s e r p m e y e c e k   m i y m i ş i z
s e r p m e m e l i y i m
d e ğ i ş m i ş t i n
d e ğ i ş e c e k   o l a c a k   m ı y m ı ş ı m
p a r ç a l a n m a y a c a k   m ı y m ı ş ı m
t e c r i d i n i n
d e ğ i ş i r   m i y m i ş i z
m i l y o n e r i m i z i n
s e r p i y o r   m u y m u ş s u n u z
k u r b a ğ a c ı k t a
s ü z m e l i   m i y m i ş i z
b ü s t l e r i n d e
b a k i r e l e r i m i z i n
g ö ç ü y o r   m u y m u ş u z
g ö ç t ü n ü z   m ü
s e r p e c e k   o l m a y a c a k   m ı y m ı ş ı m
d e ğ i ş m e m i ş l e r d i
p a r ç a l a n m ı ş   o l a c a k l a r d ı
d e ğ i ş e c e k t i m
s ü z ü y o r   o l m a l ı   m ı y ı z
m i l y o n e r d i k
s e r p m i ş   o l a c a k s ı n ı z
s e r p e r m i ş s i n
d ü z e n l e n e b i l i r l i k l e r i n i z i
s ü z ü y o r   o l m a m a l ı   m ı y m ı ş ı z
s e r p m e m e l i l e r m i ş
s ü z ü y o r   m u y d u n
g ö ç m ü ş   o l a c a k t ı m
s e r p e c e k s i n
ö ğ ü t ü c ü y ü z
s ü z m e z l e r   m i y m i ş
s e r p e r   o l a c a k m ı ş ı m
d e ğ i ş e c e k   m i y d i n i z
b a m y a l a r ı n
a l f a   s ü r ü m l e r i n e
d e ğ i ş i y o r   o l m a y a c a k l a r   m ı y d ı
d e ğ i ş i y o r   o l m a y a c a k   m ı y d ı
ç i z g i n d e
p a r ç a l a n ı y o r   o l m a l ı   m ı y d ı k
k a t e g o r i l e r i n
d e ğ i ş i r   m i y d i k
d ü z e n l e n e b i l i r l i ğ i n i z d e
g ö ç m e m i ş t i m
p a r ç a l a n ı r   o l m a y a c a k l a r m ı ş
d e ğ i ş i y o r   o l a c a k   m ı y ı z
s ü z m e y e c e k m i ş s i n i z
g ö ç e c e k   m i
ö ğ ü t ü c ü l e r d i n
p e n i s i m i z
p a r ç a l a n m a l ı   m ı y m ı ş
s e r p t i y d i m
s ü z m e d i n   m i
s ü z e r l e r   m i y d i
ö ğ ü t ü c ü n e
s e r p m e l i l e r   m i
p a r ç a l a n ı r   o l a c a k m ı ş ı m
g ö ç ü y o r   o l m a y a c a ğ ı m
a v u k a t t a
t o p o l o j i s i n d e n
y e r l e r m i ş s i n
ö r d e k l e r i
ç i z g i l e r i n i z e
s e s t e ş t e
p a r ç a l a n ı r   o l a c a k   m ı y m ı ş s ı n ı z
ö r d e k l e r i n i n
s ü z ü y o r   o l a c a k   m ı y m ı ş ı m
g ö ç t ü   m ü
m e f h u m u n
s ü z ü y o r u m
s ü z e c e k   o l m a y a c a k   m ı s ı n
p a r ç a l a n a c a k   o l a c a k
p a r ç a l a n ı y o r   o l m a l ı   m ı y m ı ş ı z
g ö ç ü y o r   o l m a y a c a k   m ı y d ı n ı z
s e r p m e y e c e k t i k
t o p o l o j i n d e n
g ö ç m ü ş   m ü y d ü n ü z
s ü z m ü y o r d u k
d e ğ i ş i y o r   o l m a y a c a k l a r   m ı
s e r p m i y o r l a r   m ı y m ı ş
s ü z e r   m i y m i ş s i n i z
s e r p e r l e r m i ş
p e n i s i n e
p a r ç a l a n a c a k   m ı y d ı k
s ü z m e m i ş   m i y i z
d e ğ i ş m i ş   m i y m i ş s i n i z
