e r n e k t e n
k e f a l e t t e n
u s u l
e r n e k m i ş i m
a y r ı m c ı l ı k d a
d ü z e n l e n e b i l i r l i ğ i m i z e
d ü z e n l e n e b i l i r l i k l e r i n i
ö r d e k t e
s e r p t i n i z
a y r ı m c ı l ı ğ ı m ı z d a n
p a r ç a l a n m a m a l ı y d ı n
a y r ı m c ı l ı ğ ı m ı z
p a r ç a l a n m a y a c a k l a r d ı
d e ğ i ş m e y e c e k l e r m i ş
d ü z e n l e n e b i l i r l i ğ i n i
p a r ç a l a n m a m ı ş t ı n ı z
p a r ç a l a n ı r m ı ş s ı n ı z
a y r ı m c ı l ı k l a r ı n d a
h e n d e s e l e r i m i z d e n
k e f a l e t l e r i m i z d e n
m i l y o n e r l e r i m i z i n
d e ğ i ş m e y e c e k t i k
p a r ç a l a n m a l ı y d ı m
m i l y o n e r l e r i m i z e
t o p o l o j i l e r i n d e
p a r ç a l a n a c a k m ı ş ı z
p a r ç a l a n d ı l a r d ı
d e ğ i ş m e m e l i s i n i z
e r n e ğ i n d e n
p a r ç a l a n m a m ı ş m ı ş
i s t i r i d y e l e r i m i z
b ü s t l e r i n i z d e n
a y r ı m c ı l ı k l a r d a n
b a k i r e l e r m i ş s i n
s ü z m e m e l i y d i n i z
g ö ç e c e k m i ş s i n i z
s ü z m e y e c e k l e r d i
d e ğ i ş m e m e l i l e r d i
i s t i r i d y e l e r i n i
s e r p m e m i ş m i ş s i n
k u r b a ğ a c ı k l a r ı
g ö ç m e m e l i y d i m
k e f a l e t l e r i n i z
p a r ç a l a n m ı ş ı m
b a m y a l a r ı n ı z ı
p a r ç a l a n a c a ğ ı z
ç i z g i l e r i m i z i n
p e n i s l e r i m i z i n
p a r ç a l a n m a z d ı m
s ü z e r m i ş s i n i z
d e ğ i ş e c e k t i n i z
m a k i n e n i z d e n
s e r p i y o r m u ş u z
p a r ç a l a n m a d ı k
ö ğ ü t ü c ü y d ü k
m i l y o n e r l e r i n
s ü z d ü y d ü n ü z
s ü z ü y o r m u ş u m
s ü z m e m i ş s i n i z
b a k i r e l e r i n i z
g ö ç m ü y o r d u n u z
s e r p e c e k t i n i z
s e r p m e l i l e r d i
m i l y o n e r d i l e r
s e r p e c e k l e r d i
t e c r i d i n i z d e n
e r n e k l e r i m i z e
h e n d e s e l e r i n
p e n i s l e r i n i n
a v u k a t l a r d ı k
d e ğ i ş i y o r s u n
ö ğ ü t ü c ü n ü z ü n
ç i z g i l e r i n i z
a v u k a t l a r d a n
b a k i r e n i z d e
s e s t e ş i m i z i n
g ö ç m e m e l i y m i ş
s e r p e r m i ş s i n
d e ğ i ş t i n i z
d e ğ i ş m e d i n i z
ö ğ ü t ü c ü l e r d i
e r n e ğ i n i z e
y e r i n d e n
e r n e ğ i m i z d e n
s ü z m ü ş m ü ş ü z
d e ğ i ş m e d i l e r
ö r d e k l e r i n i
ç i z g i l e r i n e
i s t i r i d y e n e
t e c r i d e
s ü z e r s i n i z
p e n i s l e r i n e
ö r d e k l e r i n i
d e ğ i ş e c e k t i n
k e f a l e t l e r d e
b a m y a m ı z ı n
g ö ç m ü y o r d u k
d e ğ i ş m i ş i m
ö r d e ğ i m i z d e
s e r p m i ş s i n
s e s t e ş i n e
k e f a l e t i n i
g ö ç ü y o r d u n
y e r d i l e r
s ü z m e m i ş t i m
g ö ç m e m i ş t i
s e r p m i ş t i k
b a k i r e y d i k
s ü z e c e k t i k
p e n i s l e r i n
ö r d e ğ i m i z i
a y r ı m c ı l ı k
d e ğ i ş m e m i ş
e r n e k m i ş i z
s ü z e c e k t i m
ö ğ ü t ü c ü m ü z
e r n e ğ i m i z
b a k i r e y i z
b a m y a m ı z ı
ç i z g i l e r i
t e c r i d i n i
d e ğ i ş m e m
s e r p m e d i n
a v u k a t ı
s e r p m i ş
ç i z g i n i
m e f h u m u
t e k i l   k a l ı b ı m ı z
s e r p i y o r   o l m a y a c a k t ı m
s e r p i y o r   o l m a y a c a k l a r d ı
d e ğ i ş m e y e c e k   m i y i z
d e ğ i ş m e y e c e k m i ş i z
d e ğ i ş i y o r   o l a c a k   m ı y d ı n
d e ğ i ş m e m i ş l e r
d e ğ i ş m e z   m i y m i ş s i n
d e ğ i ş m e y e c e ğ i m
d e ğ i ş m e d i y d i n i z
d e ğ i ş m e m e l i   m i y i m
d e ğ i ş i y o r   o l m a m a l ı   m ı y m ı ş ı m
d e ğ i ş i r   o l m a y a c a k m ı ş s ı n ı z
d e ğ i ş m i ş t i m
d e ğ i ş t i   m i y d i n
d e ğ i ş i y o r   o l m a l ı y m ı ş ı z
d e ğ i ş m e y e c e k m i ş s i n
d e ğ i ş m e l i   m i y i m
d e ğ i ş e c e k   m i y i m
d e ğ i ş i y o r   o l a c a k   m ı y d ı k
d e ğ i ş m e z   m i y d i
d e ğ i ş m i ş   m i s i n
d e ğ i ş i y o r   o l m a y a c a k   m ı y ı z
d e ğ i ş m e z   m i y d i m
d e ğ i ş m e l i   m i y d i k
d e ğ i ş e c e k   o l m a y a c a k   m ı y m ı ş ı m
d e ğ i ş m i ş   o l m a y a c a k   m ı s ı n
d e ğ i ş m e l i y m i ş i m
d e ğ i ş i y o r   o l a c a k m ı ş s ı n
d e ğ i ş m e z   m i s i n i z
d e ğ i ş m e m e l i y i z
d e ğ i ş i y o r   o l a c a k   m ı y m ı ş s ı n
d e ğ i ş m e m i ş   m i y d i k
d e ğ i ş m e y e c e k   m i y i m
d e ğ i ş m i y o r
d e ğ i ş i r   o l m a y a c a k   m ı y m ı ş ı z
d e ğ i ş e c e k   o l m a y a c a k l a r   m ı
d e ğ i ş m i y o r   m u y m u ş u m
d e ğ i ş i r d i m
d e ğ i ş m e z m i ş i z
d e ğ i ş i r   o l m a y a c a k   m ı y m ı ş
d e ğ i ş m i y o r s u n
d e ğ i ş e c e k   o l m a y a c a k l a r   m ı y m ı ş
d e ğ i ş m i ş m i ş s i n
d e ğ i ş m e m e l i l e r   m i y d i
d e ğ i ş e c e k s i n i z
d e ğ i ş i y o r   o l m a y a c a k   m ı y d ı
d e ğ i ş i r   m i y d i k
g ö ç m ü ş   o l m a y a c a k   m ı y d ı m
e r n e k m i ş s i n
s ü z ü y o r   o l u r l a r   m ı y d ı
t e k i l   k a l ı b ı m ı z a
a v u k a t t a
g ö ç m e m i ş   m i y d i
g ö ç m e d i y d i n i z
g ö ç ü y o r   o l a c a k   m ı y d ı n ı z
g ö ç m e z s i n i z
g ö ç m e m i ş l e r
g ö ç m e y e c e k   m i y i z
g ö ç m e y e c e k m i ş i z
g ö ç t ü l e r   m i y d i
g ö ç e r   o l m a y a c a k m ı ş s ı n ı z
g ö ç m e m e l i   m i y i m
g ö ç m e m e l i   m i
g ö ç m ü ş   m ü s ü n
g ö ç m e z l e r   m i
g ö ç m ü ş   o l m a y a c a k   m ı s ı n
g ö ç m ü ş t ü
g ö ç m e z   m i y d i m
g ö ç m e m e l i l e r   m i y d i
g ö ç m e l i y d i k
g ö ç m ü ş   m ü y d ü m
g ö ç m ü ş   o l m a y a c a k   m ı y d ı k
g ö ç ü y o r   o l m a m a l ı y ı m
g ö ç e r   o l m a y a c a k   m ı y m ı ş ı z
g ö ç m ü ş   o l m a y a c a k
g ö ç ü y o r   o l a c a k   m ı y m ı ş s ı n
g ö ç m ü ş   o l m a y a c a k l a r d ı
g ö ç m e z   m i s i n
g ö ç e r   o l m a y a c a k m ı ş ı m
g ö ç t ü y d ü m
g ö ç e c e k   o l m a y a c a k   m ı y ı m
g ö ç m ü ş   o l a c a k t ı m
g ö ç m ü y o r   m u s u n
g ö ç e c e k   o l a c a k   m ı y ı z
g ö ç m e m e l i l e r   m i y m i ş
s e r p m i ş   o l m a y a c a k   m ı y d ı k
s e r p m i y o r
s e r p m e z l e r   m i
s e r p m i ş m i ş s i n
s e r p m e m e l i l e r   m i y d i
s e r p m e y e c e ğ i m
s e r p m e z   m i y m i ş s i n
s e r p t i m   m i
s e r p e c e k   o l a c a k   m ı y ı z
s e r p m e z   m i y d i m
s e r p m e m e l i l e r   m i y m i ş
s e r p i y o r   o l m a m a l ı   m ı y m ı ş ı m
s e r p m i ş   o l m a y a c a k
s e r p e r   m i
s e r p m e l i y d i k
s e r p m e l i   m i y d i k
s e r p m e z   m i s i n
s e r p e c e k   m i y m i ş i m
s e r p i y o r   o l m a m a l ı y ı m
s e r p m e z m i ş
s e r p m e m i ş   m i y d i
s e r p i y o r   o l m a y a c a k   m ı
s e r p m e l i l e r
s e r p m e m i ş l e r
s e r p m e l i y d i n i z
s e r p m i ş   o l a c a k   m ı y d ı n
s e r p m e d i y d i n i z
s e r p m i ş t i
s e r p m i ş   m i s i n
s e r p m e d i
s e r p m i y o r   m u y m u ş u m
s e r p m e m e l i   m i
s e r p e c e k s i n i z
s e r p e r d i m
s e r p m e y e c e k m i ş i m
s e r p m e d i l e r d i
s e r p e c e k   o l m a y a c a k   m ı y m ı ş ı m
