y e r i n i z
d e ğ i ş m i y o r l a r m ı ş
d e ğ i ş m e m e l i l e r
d e ğ i ş e c e ğ i m
h e n d e s e l e r i n i z i n
d e ğ i ş e c e k   m i y i z
d e ğ i ş m e l i l e r d i
m i l y o n e r l e r i n e
g ö ç m ü y o r   m u y m u ş u m
d e ğ i ş m i y o r l a r   m ı
d e n e y i m l e r e
m i l y o n e r l e r i n e
ç i z g i l e r i n i z i
d e ğ i ş i y o r   o l u r d u n
p e n i s l e r i m i z d e n
s ü z m ü ş   o l m a y a c a k l a r   m ı y d ı
m a k i n e l e r i n
ç i z g i l e r m i ş
m i l y o n e r l e r s i n i z
d e ğ i ş e c e k   m i y m i ş s i n i z
y e r i n
k e f a l e t l e r i n i z
e r n e k l e r i m i z
h e n d e s e l e r i n i z d e n
b a k i r e n e
k e f a l e t l e r i n i z e
d e ğ i ş i r m i ş s i n i z
d ü z e n l e n e b i l i r l i k l e r i n d e n
e r n e k l e r i m i z d e n
d e ğ i ş i r   m i y i z
ç i z g i l e r m i ş
s e s t e ş i n i z i
d e ğ i ş m e y e c e k l e r m i ş
k e f a l e t l e r i n i n
s e s t e ş l e r i m i z d e n
d e ğ i ş m i y o r l a r d ı
d e ğ i ş m e z s i n i z
s ü z e r d i m
p e n i s l e r i m i z i n
d e n e y i m l e r i n e
k a t e g o r i m i z
d e ğ i ş m e m e l i l e r   m i
d ü z e n l e n e b i l i r l i k l e r i n i
d e n e y i m l e r i n e
m a k i n e l e r i n i n
d e ğ i ş e c e k   m i y d i n i z
t e c r i d i n e
m a k i n e l e r i n d e
t e c r i d i n e
ç i z g i l e r i n i z d e
y e r d e
b a k i r e y e
d e ğ i ş m e y e c e k   m i s i n i z
y e r l e r d i k
d e ğ i ş m e m e l i s i n
d ü z e n l e n e b i l i r l i k l e r
k e f a l e t l e r i n d e
k e f a l e t l e r i n i
m i l y o n e r l e r d i r
d e ğ i ş m i y o r l a r   m ı y m ı ş
t o p o l o j i l e r i m i z e
b a k i r e l e r m i ş i m
d ü z e n l e n e b i l i r l i k l e r i n i z i
d e ğ i ş i r m i ş
t o p o l o j i n i
s ü z m e z s i n i z
d e ğ i ş i n i z
d ü z e n l e n e b i l i r l i ğ i n e
d e ğ i ş m e z s i n
d e ğ i ş i y o r s u n u z
d e ğ i ş m e m e l i l e r m i ş
y e r l e r m i ş i m
d e ğ i ş i r m i ş s i n
e r n e k l e r i m i z i
d e ğ i ş i y o r m u ş
t o p o l o j i n i n
d e ğ i ş m e y e c e k l e r d i
m a k i n e l e r i n d e n
d e ğ i ş m e m i ş m i ş s i n
s ü z e c e k t i m
d e ğ i ş m e l i l e r
s ü z m e m e l i l e r m i ş
d ü z e n l e n e b i l i r l i ğ i n e
s ü z e r l e r   m i y d i
d e ğ i ş m e d i l e r
m i l y o n e r l e r i n
m i l y o n e r l e r i n i z
d e ğ i ş m e m i ş   m i y i z
m i l y o n e r l e r i n i n
ö r d e ğ i n d e
b a k i r e n i z
y e r i n d e n
s ü z e r   m i y d i n
m a k i n e l e r i n i
e r n e k t i
d e ğ i ş e c e k   m i y m i ş i z
d e ğ i ş m e m i ş t i n i z
d e ğ i ş e c e k t i m
d e ğ i ş m e m i ş i m
s ü z m e m e l i l e r   m i
s ü z m e m i ş i m
d e ğ i ş m i ş l e r
d e n e y i m l e r i n i z
s ü z m e m e l i s i n
m i l y o n e r l e r i n i
b a k i r e l e r i m i z e
s ü z e r   m i y m i ş i z
k e f a l e t l e r i n i z i
ç i z g i l e r d i k
d e ğ i ş m e m e l i   m i y m i ş i z
d e ğ i ş i y o r   m u
s ü z m e l i l e r
m a k i n e l e r
d e ğ i ş m e d i l e r d i
b a k i r e s i n i
d e ğ i ş i y o r u m
m i l y o n e r l e r d e n
d e ğ i ş m e y e c e k m i ş i z
s ü z m e l i   m i y m i ş s i n i z
d e ğ i ş i r l e r   m i y m i ş
d e ğ i ş m e d i n i z
m i l y o n e r l e r i n i z e
t o p o l o j i l e r i m i z d e n
s ü z m e z l e r   m i
d e ğ i ş m e m e l i   m i y d i n i z
s ü z e c e k l e r   m i y m i ş
s ü z e c e k   m i y m i ş i z
m a k i n e l e r i n i z i
k a t e g o r i m i z d e
k e f a l e t l e r d e
d e n e y i m l e r i n
h e n d e s e l e r i m i z e
s ü z m e z l e r d i
s ü z m ü y o r l a r   m ı y m ı ş
m a k i n e l e r i
m i l y o n e r l e r i n d e
d e n e y i m l e r i n i n
d e n e y i m l e r i n i n
d e ğ i ş m e m i ş   m i y d i n i z
e r n e ğ i m i z
d e ğ i ş m i ş l e r   m i
m i l y o n e r l e r
y e r i n i z d e
m i l y o n e r l e r i n d e
k e f a l e t l e r i
ç i z g i l e r m i ş i m
d e n e y i m l e r i n
m a k i n e l e r i n i z d e n
m i l y o n e r l e r
m a k i n e l e r i
s ü z m e m i ş
k e f a l e t l e r i n i z d e n
t o p o l o j i l e r i m i z i
d e ğ i ş m e z m i ş s i n
d e ğ i ş m e y e c e k
y e r m i ş i z
d e n e y i m l e r i n d e n
s ü z m e m e l i   m i y m i ş i z
d e ğ i ş m e m e l i y m i ş i z
d e ğ i ş i y o r d u
ö r d e ğ i n i z d e
d e ğ i ş i y o r m u ş u z
s ü z e r   m i y d i
d e ğ i ş e c e k   m i y d i m
m i l y o n e r l e r i
d e ğ i ş m e y e c e k   m i y m i ş i z
d e ğ i ş m e m i ş t i m
d e n e y i m l e r i n d e
s ü z ü y o r   o l u r d u k
d e n e y i m l e r i n i
t e c r i d i n d e n
s ü z m e m e l i s i n i z
s ü z m e m e l i y m i ş s i n i z
d ü z e n l e n e b i l i r l i ğ i n i n
d e ğ i ş m e z   m i s i n
b a k i r e l e r i m i z
t o p o l o j i y i
m i l y o n e r l e r d i n i z
d e ğ i ş m e y e c e k   m i y d i n i z
s ü z m e m i ş t i m
b a k i r e s i n d e
s ü z m e m i ş l e r   m i y m i ş
d e ğ i ş m i y o r s u n u z
d e ğ i ş m e y e c e k l e r   m i y d i
y e r i n i z i
s ü z m e m i ş   m i s i n
d e ğ i ş m e l i
s ü z m e y e c e k t i
d e ğ i ş m e m e l i y m i ş s i n
s ü z m e m i ş   m i
s ü z m e d i l e r   m i
d e ğ i ş m e d i y d i n i z
b a k i r e l e r i m i z i n
m i l y o n e r l e r m i ş i z
d ü z e n l e n e b i l i r l i k l e r i m i z d e n
k e f a l e t l e r
t o p o l o j i n i z i
d e ğ i ş m e m
m i l y o n e r l e r i n i z i
b a k i r e y i z
s ü z ü y o r m u ş
d e ğ i ş m i ş l e r d i
s ü z m e m e l i   m i y d i n i z
d e ğ i ş m e m e l i l e r   m i y d i
d ü z e n l e n e b i l i r l i ğ i n d e n
b ü s t l e r e
t o p o l o j i n i z d e
d e ğ i ş m e l i   m i y m i ş
s ü z m e l i   m i y m i ş s i n
b ü s t l e r i n e
s ü z m e m i ş l e r   m i y d i
d e ğ i ş m e m e l i l e r   m i y m i ş
s ü z m e d i
b a k i r e n d e n
d e ğ i ş m i y o r u m
b a k i r e n i
d e ğ i ş m e m i ş t i k
t e c r i d i n d e
s ü z m e m e l i   m i y d i n
d e ğ i ş m i y o r m u ş u z
h e n d e s e l e r i m i z d e n
d ü z e n l e n e b i l i r l i ğ i n i
k a t e g o r i m i z i n
d e ğ i ş m e l i   m i y d i
k a t e g o r i m i z i
d e n e y i m l e r i n i z d e n
ö r d e k l e r i m i z d e
d e ğ i ş i r d i k
h e n d e s e n i z e
s ü z m e m e l i y m i ş s i n
s ü z m e z   m i y i z
ö ğ ü t ü c ü l e r i n i n
d e ğ i ş i y o r d u m
s ü z m e l i   m i y i z
d e n e y i m l e r i n i z i
d e ğ i ş m e l i y d i n
m i l y o n e r l e r d i
d e n e y i m l e r i n i z d e
s ü z m e l i   m i y d i n i z
d e ğ i ş m e y e c e k t i m
d e n e y i m l e r d e
y e r i n i z d e n
s ü z m e m i ş   m i y i m
h e n d e s e n d e n
b a k i r e y m i ş l e r
s ü z e r   m i y d i k
d e ğ i ş i r   m i y i m
s ü z m e m e l i y d i n i z
d e ğ i ş i r   m i y d i n i z
p a s k a l y a   t a v ş a n l a r ı n ı
d e ğ i ş m i y o r d u
e r n e k t i k
ö r d e k l e r i m i z i
s ü z m e m i ş t i k
y e r i n i z i n
s ü z m e m i ş   m i y m i ş s i n
d e ğ i ş m e l i y i z
s ü z m e m e l i l e r   m i y d i
y e r l e r i m i z d e
d e ğ i ş m e z l e r   m i y m i ş
s ü z m e m e l i l e r   m i y m i ş
ç i z g i s i n d e n
s ü z m e m i ş   m i y m i ş i z
d e ğ i ş m e d i n   m i
d e ğ i ş m e z l e r   m i y d i
ç i z g i l e r i m i z e
d e ğ i ş m e m e l i   m i y d i m
d e n e y i m l e r i
d e n e y i m l e r i
y a n   t ü m c e l e r e
m i l y o n e r i n i z e
ç i z g i d e
t o p o l o j i n i z i n
b a k i r e s i
d e ğ i ş m i y o r m u ş s u n
ç i z g i l e r i m i z i n
h e n d e s e l e r i m i z i n
d e ğ i ş m e l i y d i m
d e ğ i ş m e y e c e k   m i y m i ş i m
s ü z m e l i
d e ğ i ş m e d i y d i n
ç i z g i n d e
d e ğ i ş m e m i ş   m i y d i
b a k i r e n i z i
y e r l e r i m i z d e n
d e ğ i ş m e m e l i y m i ş i m
d e ğ i ş m e m e l i y d i
d e ğ i ş m e l i y m i ş
e r n e ğ i m i z d e n
s ü z m e m i ş   m i y d i m
d e ğ i ş m e z   m i y d i n i z
t e c r i t l e r i m i z e
b a k i r e y i
d e ğ i ş m i y o r   m u s u n
s ü z m e z   m i y m i ş s i n
s ü z m ü y o r d u n
m i l y o n e r i n i z
ç i z g i n i n
d e ğ i ş m e l i y d i k
m i l y o n e r i
b a m y a l a r s ı n ı z
ç i z g i y i z
s ü z m e z m i ş
s ü z m e l i y d i n
b a k i r e y m i ş s i n i z
h e n d e s e n i
p e n i s i m i z e
s ü z ü y o r   o l u r   m u y d u k
t e k i l   k a l ı p l a r ı n a
d e ğ i ş m e d i y d i k
m i l y o n e r l e r d i k
s ü z m e y e c e k   m i y m i ş i m
ö ğ ü t ü c ü l e r i n d e
t e k i l   k a l ı p l a r ı n a
d e ğ i ş i r   m i y m i ş
d e ğ i ş m e m e l i y m i ş
ç i z g i l e r i m i z d e n
d e ğ i ş m i ş t i n
m i l y o n e r i n d e
t e c r i t l e r i m i z d e n
s ü z m e l i   m i y m i ş i m
m i l y o n e r i n
b a k i r e n i z d e
t o p o l o j i m i z e
s ü z m e m e l i y d i m
d e ğ i ş m e z   m i y d i n
s ü z m e z   m i y d i n i z
s ü z m e l i   m i
d e ğ i ş t i l e r   m i
s ü z m e d i y d i n i z
m i l y o n e r d e n
ö ğ ü t ü c ü l e r d e
s ü z m ü ş l e r   m i
ç i z g i n i
s ü z m e l i y d i
s ü z m e m e l i y m i ş i m
t e k i l   k a l ı p l a r ı n ı
y a n   t ü m c e l e r i n e
t e c r i d i
t o p o l o j i m i z d e n
s ü z m e m e l i   m i y i m
d e ğ i ş m e d i y d i m
s ü z m e z   m i y d i n
p e n i s i m i z d e
s e s t e ş i m i z
d ü z e n l e n e b i l i r l i ğ i m i z e
s ü z m ü y o r u m
s ü z ü y o r   o l u r   m u y d u m
t e c r i d i n i
s ü z ü y o r   m u y u z
ç i z g i l e r i m i z d e
b a k i r e y m i ş s i n
s ü z m e d i   m i y d i n
m i l y o n e r m i ş s i n
d e ğ i ş m i ş
t e c r i d i n i z d e n
y e r l e r i m i z i n
d e ğ i ş m i y o r d u n u z
s ü z m e m e l i y d i
d e ğ i ş m e z d i
d e ğ i ş m i ş t i n i z
m i l y o n e r d i n i z
d e ğ i ş i y o r   m u y u m
k e f a l e t i n i z
d e ğ i ş m i y o r   m u y m u ş
k e f a l e t i n d e
s ü z m ü y o r   m u y u z
d e ğ i ş m i ş   m i s i n i z
ö ğ ü t ü c ü l e r i n i z d e
i s t i r i d y e l e r i n e
s ü z m e l i y m i ş i m
m i l y o n e r e
t e c r i t l e r i m i z i n
d e ğ i ş i y o r   m u y m u ş
s ü z m e m i ş   m i y d i k
i s t i r i d y e l e r i n e
m a k i n e l e r i m i z e
d e ğ i ş t i n i z
d e ğ i ş m i ş   m i y m i ş s i n i z
s e s t e ş i m i z d e n
k e f a l e t l e r i m i z d e n
m a k i n e s i n i
t e k i l   k a l ı p l a r ı n d a n
s ü z m e d i y d i
d e ğ i ş m e z d i m
s ü z m e z
m a k i n e n e
t e k i l   k a l ı p l a r ı
m i l y o n e r l e r i m i z e
d e ğ i ş i y o r   m u y d u m
d e ğ i ş i y o r   m u y d u k
b a m y a l a r m ı ş s ı n ı z
b a k i r e m i z e
h e n d e s e n i z i
m a k i n e l e r i m i z d e n
d e ğ i ş m i ş i m
t e c r i t l e r i m i z i
k e f a l e t l e r i m i z d e
b ü s t l e r i n i z e
b ü s t l e r i n d e n
s ü z m e d i y d i m
b ü s t l e r i n d e
d e n e y i m d e n
d e ğ i ş i y o r   m u y d u
k e f a l e t i n i n
d e ğ i ş m e z   m i y d i m
m i l y o n e r i n
d e ğ i ş m i ş t i
i s t i r i d y e l e r i n i n
t e k i l   k a l ı p l a r d a
t e k i l   k a l ı p l a r ı n d a n
d e ğ i ş m i y o r   m u y d u m
y a n   t ü m c e l e r i n i n
y a n   t ü m c e l e r i n i n
s ü z m ü ş l e r d i
b ü s t l e r i n i z i
d e n e y i m i n i z
d e ğ i ş m i ş m i ş i m
s ü z m e z d i m
t e k i l   k a l ı p l a r ı n d a
y a n   t ü m c e l e r i n i
d e ğ i ş m i ş   m i y d i n
ç i z g i y i
k e f a l e t
b a k i r e m i z
s ü z ü y o r d u n u z
s ü z m e z   m i y d i k
m i l y o n e r l e r i m i z i n
b a k i r e y m i ş i m
y a n   t ü m c e l e r i n d e n
b ü s t l e r i
d e n e y i m l e r i m i z d e n
d e n e y i m l e r i m i z e
d e ğ i ş m i ş   m i y i m
ç i z g i n i z i n
y a n   t ü m c e l e r i n i z i n
y a n   t ü m c e l e r i n d e
i s t i r i d y e l e r d e n
d e n e y i m i n i z e
m i l y o n e r l e r i m i z d e
m a k i n e s i n d e
ç i z g i n i z i
b ü s t l e r d e n
d e ğ i ş i y o r   m u y d u n u z
b a m y a l a r ı n
s ü z m e z   m i y d i m
d e ğ i ş t i l e r   m i y d i
s ü z m e d i   m i y d i k
k e f a l e t i n i
s ü z m e d i k
i s t i r i d y e l e r i n i
y a n   t ü m c e l e r i n i z d e n
i s t i r i d y e l e r i n d e n
ç i z g i n i z d e n
i s t i r i d y e l e r i n d e n
k e f a l e t i n i
b ü s t l e r d e
b ü s t l e r i n i z d e n
ç i z g i n i z d e
ö ğ ü t ü c ü l e r m i ş i m
ö ğ ü t ü c ü n ü n
k e f a l e t i n i n
m i l y o n e r l e r i m i z i
b ü s t l e r i
ö r d e ğ i m i z
y a n   t ü m c e l e r i
d e ğ i ş i y o r   m u y m u ş s u n u z
ö ğ ü t ü c ü l e r d i m
h e n d e s e m i z e
d e ğ i ş t i   m i y d i n i z
m a k i n e n d e n
s ü z ü y o r   m u y d u m
s ü z m ü y o r   m u y d u m
b a k i r e m i z d e n
ö ğ ü t ü c ü n e
t o p o l o j i m i z i
s ü z m ü y o r   m u s u n u z
a y r ı m c ı l ı k l a r s ı n
m i l y o n e r i m i z e
s ü z ü y o r   m u y u m
m a k i n e n i z d e n
s ü z m ü y o r   m u y m u ş s u n
d e n e y i m i n d e
s ü z ü y o r   m u s u n u z
ö ğ ü t ü c ü s ü n d e n
ö ğ ü t ü c ü l e r i m i z
k e f a l e t t e
s e s t e ş i m i z i
s ü z ü y o r m u ş u m
s ü z ü y o r   m u y d u k
ö r d e ğ i m i z d e
ç i z g i y m i ş s i n i z
d e n e y i m
a y r ı m c ı l ı k l a r m ı ş s ı n
b ü s t ü n e
m a k i n e n i z d e
i s t i r i d y e l e r i
ç i z g i y d i
m i l y o n e r i m i z
b ü s t ü n d e n
t e k i l   k a l ı p l a r ı m ı z ı n
h e n d e s e m i z d e n
b a m y a l a r ı n ı z a
s ü z ü y o r   m u y m u ş u z
k e f a l e t i n i z i n
s e s t e ş i m i z i n
s ü z m ü y o r   m u y m u ş s u n u z
d e n e y i m i n i z i
d e ğ i ş t i y d i n
a y r ı m c ı l ı k l a r d ı n ı z
d e n e y i m i n d e
k u r b a ğ a c ı k l a r ı n ı z
m i l y o n e r d i k
h e n d e s e m i z d e
s ü z m ü ş t ü n
m a k i n e n d e
b a m y a l a r ı n ı z ı
s ü z ü y o r   m u y d u n u z
ö ğ ü t ü c ü d e n
d e n e y i m i n i n
b a m y a l a r ı n d a n
k u r b a ğ a c ı k l a r ı n ı n
ö ğ ü t ü c ü l e r i m i z d e n
k u r b a ğ a c ı k l a r ı n ı n
b a m y a l a r ı n d a
k u r b a ğ a c ı k l a r ı n
ö ğ ü t ü c ü l e r i m i z d e
ö ğ ü t ü c ü l e r i m i z i
y a n   t ü m c e l e r i m i z e
k u r b a ğ a c ı k l a r ı n ı
ö ğ ü t ü c ü y m ü ş l e r
ç i z g i m i z
b a m y a l a r ı n d a n
ö r d e ğ i m i z i
k u r b a ğ a c ı k l a r ı n ı z ı
a v u k a t l a r m ı ş s ı n ı z
b a k i r e m i z i
b a m y a l a r d ı
k u r b a ğ a c ı k l a r ı n a
b a m y a l a r ı n ı z d a
b a m y a l a r m ı ş
ç i z g i y i m
a v u k a t l a r m ı ş s ı n
a y r ı m c ı l ı k l a r ı n ı z a
a y r ı m c ı l ı k l a r ı n ı n
b ü s t e
t e c r i d i m i z d e n
i s t i r i d y e l e r i m i z e
a y r ı m c ı l ı k l a r ı n ı
a y r ı m c ı l ı k l a r ı n ı
y a n   t ü m c e l e r i m i z i n
k u r b a ğ a c ı k l a r ı n d a n
b a m y a l a r ı
y a n   t ü m c e s i n e
a y r ı m c ı l ı k l a r ı n a
k u r b a ğ a c ı k l a r ı n ı z d a
k u r b a ğ a c ı k l a r ı
ö ğ ü t ü c ü n d e
ç i z g i m i z e
m a k i n e m i z
k u r b a ğ a c ı ğ ı n a
y a n   t ü m c e n i z
d e ğ i ş t i   m i
i s t i r i d y e l e r i m i z d e n
k u r b a ğ a c ı k l a r ı
k u r b a ğ a c ı k l a r d a n
b a m y a
a y r ı m c ı l ı k l a r ı n ı z ı
h e n d e s e m i z i
ö ğ ü t ü c ü y d ü n ü z
ö ğ ü t ü c ü n ü z ü n
s ü z m e d i k   m i
k u r b a ğ a c ı ğ ı n ı z
k u r b a ğ a c ı k l a r ı n d a
i s t i r i d y e
b ü s t ü n ü z d e
b a m y a l a r
a v u k a t m ı ş s ı n ı z
b a m y a s ı n d a n
k u r b a ğ a c ı ğ ı n d a n
b ü s t l e r i m i z e
y a n   t ü m c e l e r i m i z i
k u r b a ğ a c ı k l a r ı n d a
k u r b a ğ a c ı k l a r
b a m y a n a
d e ğ i ş t i y d i
a y r ı m c ı l ı k d ı l a r
a y r ı m c ı l ı k l a r d ı
i s t i r i d y e l e r i m i z
b a m y a s ı
t e k i l   k a l ı b ı n a
ö ğ ü t ü c ü y m ü ş s ü n ü z
s ü z m ü ş m ü ş ü z
b ü s t l e r i m i z d e n
y a n   t ü m c e n d e n
s ü z m ü ş   m ü s ü n
a y r ı m c ı l ı k l a r ı n ı z d a n
a y r ı m c ı l ı k l a r m ı ş ı m
k u r b a ğ a c ı ğ ı n
a y r ı m c ı l ı k l a r ı
b ü s t l e r i m i z i n
s ü z m ü ş m ü ş
a y r ı m c ı l ı k l a r ı
y a n   t ü m c e y e
i s t i r i d y e l e r i m i z i
a y r ı m c ı l ı k l a r
b a m y a y m ı ş s ı n
b ü s t ü n ü n
b a m y a n ı z
a y r ı m c ı l ı k l a r
a y r ı m c ı l ı k l a r ı n d a
s ü z m ü ş   m ü y d ü n
a y r ı m c ı l ı k l a r ı n ı z d a
a y r ı m c ı l ı k l a r
t e k i l   k a l ı b ı n d a n
b a m y a l a r ı m
k u r b a ğ a c ı k l a r ı m ı z
a y r ı m c ı l ı k l a r ı n d a
i s t i r i d y e n e
a y r ı m c ı l ı k l a r m ı ş
y a n   t ü m c e n i z d e n
b ü s t l e r i m i z
s ü z m ü ş   m ü s ü n ü z
k u r b a ğ a c ı k
b ü s t l e r i m i z i
i s t i r i d y e n i z e
t e k i l   k a l ı b ı n ı
t e k i l   k a l ı b ı n d a n
k u r b a ğ a c ı ğ ı n d a
k u r b a ğ a c ı ğ ı n ı z d a
t e k i l   k a l ı b ı n d a
a v u k a t l a r ı n ı z a
a y r ı m c ı l ı k l a r ı m ı z d a n
i s t i r i d y e n d e
k u r b a ğ a c ı ğ ı n d a
s ü z m ü ş   m ü y d ü m
a y r ı m c ı l ı k l a r ı m ı z ı n
k u r b a ğ a c ı k l a r ı m ı z ı
y a n   t ü m c e n i z i n
i s t i r i d y e s i n i
a v u k a t l a r ı n ı
b ü s t ü n ü z ü
ö ğ ü t ü c ü y m ü ş ü m
i s t i r i d y e n i n
b a m y a l a r ı m ı z
k u r b a ğ a c ı ğ ı n ı
s ü z m ü ş   m ü y m ü ş
a v u k a t l a r ı n ı z ı
d e n e y i m i m i z i
b ü s t ü n ü
a v u k a t l a r ı n a
a v u k a t l a r ı n
i s t i r i d y e n i n
a y r ı m c ı l ı k l a r ı m ı z ı
a y r ı m c ı l ı ğ ı n ı z ı
a v u k a t l a r ı z
b a m y a y d ı
i s t i r i d y e n i
a y r ı m c ı l ı k
a y r ı m c ı l ı ğ ı n ı z d a n
a v u k a t l a r ı n
b a m y a n ı z ı
y a n   t ü m c e m i z d e n
a y r ı m c ı l ı ğ ı n a
a v u k a t l a r ı n ı z d a
ö ğ ü t ü c ü m ü z
a y r ı m c ı l ı k l a r ı m ı z a
u s u l l a r ı n
s ü z d ü y d ü n ü z
s ü z d ü n   m ü
s ü z d ü   m ü y d ü n
a y r ı m c ı l ı k l a r ı m ı z d a
t e k i l   k a l ı b ı
a y r ı m c ı l ı ğ ı n d a
b a m y a n ı z d a n
a v u k a t l a r m ı ş
i s t i r i d y e s i
k u r b a ğ a c ı ğ ı m ı z d a n
a v u k a t l a r m ı ş
k u r b a ğ a c ı ğ ı
a v u k a t l a r ı n d a
s ü z d ü n ü z   m ü
ö ğ ü t ü c ü m ü z d e
s ü z d ü   m ü y d ü m
a v u k a t l a r ı n d a
ö ğ ü t ü c ü m ü z ü n
i s t i r i d y e m i z d e n
t e k i l   k a l ı b ı m ı z a
b a m y a n ı z d a
b a m y a l a r ı m ı z a
b a m y a y m ı ş
a y r ı m c ı l ı ğ ı m ı z
a y r ı m c ı l ı ğ ı m
k u r b a ğ a c ı ğ ı m ı z d a
a v u k a t l a r a
a v u k a t l a r d ı k
b a m y a n d a
a v u k a t l a r ı
i s t i r i d y e m i z d e
t e k i l   k a l ı b ı m ı z ı n
a v u k a t l a r d ı m
a v u k a t ı n d a n
a v u k a t ı n ı z d a
a v u k a t ı n ı z ı
a y r ı m c ı l ı ğ ı m ı z d a n
b ü s t ü m ü z d e n
a v u k a t ı n ı z ı n
t e k i l   k a l ı b ı m ı z d a
a v u k a t l a r d a n
a y r ı m c ı l ı ğ ı m ı z d a
a v u k a t l a r
a v u k a t l a r
m e f h u m l a r ı n ı n
m e f h u m l a r ı n ı
y a n   t ü m c e m i z i
a y r ı m c ı l ı ğ ı m ı z a
m e f h u m l a r ı n ı
b ü s t ü m ü z d e
a v u k a t ı n
a v u k a t ı n d a n
m e f h u m l a r ı n a
m e f h u m l a r ı n
m e f h u m l a r ı n ı z d a
m e f h u m l a r ı n d a n
a v u k a t l a r ı m ı z ı
m e f h u m l a r ı n
b a m y a m ı z ı n
a v u k a t ı n d a
a y r ı m c ı l ı ğ ı m ı z ı
a v u k a t ı
a v u k a t
m e f h u m l a r ı n d a
a v u k a t ı
b a m y a m ı z ı
a v u k a t ı m ı z a
m e f h u m l a r ı m ı z a
m e f h u m l a r ı
m e f h u m l a r a
m e f h u m l a r ı m ı z d a
m e f h u m l a r d a
m e f h u m l a r
m e f h u m d a
m e f h u m u n
m e f h u m u n u z
m e f h u m u n u n
m e f h u m u
m e f h u m u n u
m e f h u m u m u z
m e f h u m u
m e f h u m u m u z u n
