t e k i l   k a l ı b ı m ı z
s e r p i y o r   o l m a l ı s ı n
ö ğ ü t ü c ü l e r d i n i z
ö ğ ü t ü c ü l e r d i n
p a r ç a l a n ı y o r   o l m a m a l ı   m ı y d ı k
p a r ç a l a n a c a k l a r m ı ş
p a r ç a l a n ı y o r   m u y d u n u z
p a r ç a l a n m a z   m ı y m ı ş
p a r ç a l a n ı y o r   m u y d u
p a r ç a l a n ı y o r   o l m a l ı y ı z
p a r ç a l a n m a d ı k   m ı
p a r ç a l a n m ı y o r   m u y m u ş s u n u z
ü z g ü n   d e ğ i l d i m
ü z g ü n   d e ğ i l m i ş i m
ü z g ü n   d e ğ i l d i n
ü z g ü n   d e ğ i l   m i y m i ş i m ?
s e r p m e d i l e r d i
s e r p m e y e c e k m i ş i m
s e r p m e d i   m i y d i n
s e r p m e d i
s e r p m i ş   o l a c a k   m ı y d ı n
s e r p m e d i y d i n i z
a l f a   s ü r ü m ü n u
d e ğ i ş i y o r   o l m a m a l ı   m ı y d ı k
d e ğ i ş m e m e l i l e r d i
d e ğ i ş i y o r   o l m a l ı y ı z
d e ğ i ş m i ş   o l a c a k   m ı y ı z
d e ğ i ş e c e k   m i y i m
d e ğ i ş e c e k   o l m a y a c a k   m ı y m ı ş ı m
s e r p e c e k   o l m a y a c a k   m ı y m ı ş s ı n
p a r ç a l a n ı y o r   o l m a m a l ı y m ı ş ı z
p a r ç a l a n ı r   o l m a y a c a k m ı ş s ı n
s ü z ü y o r   o l m a y a c a k   m ı y m ı ş s ı n ı z
p a r ç a l a n ı y o r   o l m a y a c a k s ı n
m i l y o n e r m i ş
d e ğ i ş m i ş   o l m a y a c a k   m ı y d ı m
p a r ç a l a n a c a k   m ı y m ı ş s ı n ı z
p a r ç a l a n m a y a c a k l a r   m ı y d ı
s ü z e c e k   o l m a y a c a k   m ı y m ı ş
d e ğ i ş i y o r   o l m a y a c a k   m ı s ı n
d e ğ i ş i y o r   o l a c a k l a r   m ı y m ı ş
d e ğ i ş m i ş   o l m a y a c a k   m ı s ı n
d e ğ i ş e c e k   o l m a y a c a k   m ı y m ı ş ı z
g ö ç ü y o r   o l m a m a l ı l a r   m ı y d ı
s e r p i y o r   o l m a y a c a k   m ı s ı n
p a r ç a l a n m a m a l ı   m ı y d ı m
p a r ç a l a n m ı ş   o l a c a k   m ı y ı m
p a r ç a l a n m ı ş   o l m a y a c a k   m ı
s e r p i y o r   o l a c a k m ı ş s ı n ı z
d ü z e n l e n e b i l i r l i k l e r i
s ü z e c e k   o l m a y a c a k m ı ş ı z
g ö ç e c e k   o l m a y a c a k m ı ş s ı n
d ü z e n l e n e b i l i r l i ğ i n i z
g ö ç e c e k   o l m a y a c a k m ı ş ı z
ö ğ ü t ü c ü y ü z
d e ğ i ş m e m i ş   m i y m i ş s i n i z
g ö ç e c e k   o l m a y a c a k m ı ş ı m
d ü z e n l e n e b i l i r l i k l e r
p a r ç a l a n a c a k   o l a c a k m ı ş
s e r p i y o r   o l a c a k   m ı y m ı ş ı z
m i l y o n e r l e r d i n
p a r ç a l a n m a m ı ş l a r   m ı y d ı
s e r p e r   o l a c a k   m ı y m ı ş s ı n
p a r ç a l a n ı r   o l a c a k m ı ş ı m
d ü z e n l e n e b i l i r l i ğ i n e
p a r ç a l a n ı y o r   o l a c a k t ı k
p a r ç a l a n m a m ı ş m ı ş s ı n ı z
p a r ç a l a n a c a k   m ı y m ı ş s ı n
d e ğ i ş m i ş   o l a c a k l a r   m ı y d ı
d ü z e n l e n e b i l i r l i ğ i m i z
g ö ç e c e k   o l a c a k   m ı y m ı ş ı m
g ö ç e c e k t i n i z
g ö ç m e l i   m i y d i m
g ö ç m e d i y d i n i z
g ö ç ü y o r   o l m a l ı   m ı y d ı
g ö ç e c e k   o l a c a k m ı ş ı m
g ö ç ü y o r   o l a c a k   m ı y d ı n ı z
g ö ç ü y o r   o l a c a k s ı n ı z
d ü z e n l e n e b i l i r l i ğ i n
s ü z m ü ş   o l a c a k l a r   m ı y d ı
d e ğ i ş e c e k   o l m a y a c a k   m ı
p a r ç a l a n m a l ı   m ı y m ı ş ı m
g ö ç ü y o r   o l m a m a l ı   m ı y d ı
s e r p e r   o l m a y a c a k m ı ş ı z
p a r ç a l a n m a l ı l a r   m ı y m ı ş
d e ğ i ş i y o r   o l u r l a r   m ı y d ı
a y r ı m c ı l ı k l a r ı m ı z d a n
s e s t e ş l e r e
g ö ç m ü ş   o l m a y a c a k l a r   m ı
p a r ç a l a n ı y o r   o l m a z d ı m
p a r ç a l a n m a l ı   m ı y d ı n ı z
s ü z ü y o r   o l m a y a c a k   m ı y m ı ş ı m
s ü z e c e k l e r m i ş
s ü z m e y e c e k   m i y m i ş
s ü z ü y o r   o l a c a k t ı
s ü z e r l e r d i
s ü z ü y o r   o l a c a k   m ı y ı m
k u r b a ğ a c ı k l a r ı m ı z d a n
s ü z ü y o r   o l m a l ı   m ı y m ı ş ı m
g ö ç m ü ş   o l a c a k   m ı y d ı n ı z
g ö ç ü y o r   o l m a m a l ı   m ı y ı m
g ö ç ü y o r   o l a c a k l a r   m ı y d ı
s e r p i y o r   o l m a l ı   m ı y d ı k
p a r ç a l a n a c a k   m ı y d ı n ı z
s e r p i y o r   o l m a l ı   m ı y d ı m
s e r p i y o r   o l m a l ı y d ı n ı z
d e ğ i ş e c e k   m i y m i ş s i n i z
p a r ç a l a n m a y a c a k t ı n ı z
p a r ç a l a n ı y o r   o l m a l ı   m ı
p a r ç a l a n a c a k m ı ş s ı n ı z
s ü z ü y o r   o l a c a k l a r   m ı y d ı
d e ğ i ş i y o r   o l a c a k   m ı y d ı m
s ü z e c e k   o l a c a k   m ı y m ı ş
t e k i l   k a l ı p l a r ı n ı z d a n
d e ğ i ş i y o r   o l m a y a c a k   m ı y ı m
g ö ç e c e k   o l a c a k   m ı s ı n ı z
p a r ç a l a n ı y o r   m u y m u ş u z
d e ğ i ş m i ş   o l m a y a c a k s ı n
d e ğ i ş m i ş   o l m a y a c a k   m ı y d ı n ı z
d e ğ i ş i r   o l a c a k l a r m ı ş
d e ğ i ş i y o r   o l m a l ı   m ı s ı n
s ü z ü y o r   o l m a l ı y m ı ş s ı n
s e r p i y o r   o l m a z   m ı y d ı n ı z
g ö ç ü y o r   o l m a l ı   m ı y m ı ş
p a r ç a l a n m ı ş   o l a c a k t ı n ı z
d e ğ i ş i r   o l a c a k   m ı y m ı ş
d e ğ i ş m e y e c e k l e r   m i y d i
g ö ç ü y o r   o l m a y a c a k t ı n
g ö ç e r   o l m a y a c a k m ı ş ı z
ö ğ ü t ü c ü m ü z ü n
s ü z e r   o l a c a k   m ı y m ı ş ı z
s e r p e c e k   o l m a y a c a ğ ı z
s e r p i y o r   o l m a y a c a k l a r d ı
p a r ç a l a n m a m ı ş   m ı y ı z
p a r ç a l a n ı y o r   o l m a z d ı n
s e r p i y o r   o l m a y a c a k t ı
p a r ç a l a n m a z   m ı y d ı n ı z
p a r ç a l a n m a m ı ş   m ı y m ı ş
p a r ç a l a n m a z   m ı y m ı ş ı m
i s t i r i d y e l e r i m i z d e n
s e r p i y o r   o l m a l ı   m ı s ı n
d e ğ i ş m e y e c e k   m i s i n i z
d e ğ i ş i y o r   o l m a y a c a k l a r   m ı
s e r p i y o r   o l u r l a r   m ı y d ı
t e k i l   k a l ı p l a r ı n d a n
g ö ç ü y o r   o l m a m a l ı l a r
d e ğ i ş m e l i   m i y m i ş s i n
d e ğ i ş i r   o l a c a k m ı ş ı z
s e r p m e m e l i   m i y d i n i z
s ü z m ü ş   o l a c a k   m ı y d ı m
g ö ç ü y o r   o l m a y a c a ğ ı m
e r n e ğ i n i z d e n
g ö ç ü y o r   o l m a l ı   m ı y ı m
g ö ç m ü ş   o l a c a k   m ı y d ı k
p a r ç a l a n ı r l a r   m ı y d ı
s e r p m e y e c e k l e r   m i y m i ş
d e ğ i ş e c e k   o l a c a k m ı ş
t o p o l o j i l e r i m i z d e n
t o p o l o j i l e r i n i z d e n
t e k i l   k a l ı p l a r ı m ı z ı n
ö ğ ü t ü c ü y m ü ş s ü n
s e r p m i ş   o l a c a k l a r d ı
d e ğ i ş i y o r   o l m a z   m ı y d ı k
k u r b a ğ a c ı k l a r ı n d a n
g ö ç m e y e c e k l e r   m i y d i
a v u k a t t ı m
a v u k a t l a r ı z
g ö ç m ü ş   o l m a y a c a k l a r
p a r ç a l a n a c a k   m ı y d ı k
p a r ç a l a n a c a k m ı ş s ı n
d e ğ i ş i y o r   o l a c a k t ı k
p a r ç a l a n m ı y o r m u ş u m
t e k i l   k a l ı p l a r ı n ı z ı
p a r ç a l a n m a m ı ş l a r   m ı
s e r p i y o r   o l m a y a c a k l a r   m ı
y a n   t ü m c e l e r i n i z d e n
p a r ç a l a n m a m ı ş m ı ş ı m
p a r ç a l a n m a y a c a k t ı n
p a r ç a l a n ı y o r   o l m a l ı
k e f a l e t l e r i n i z d e n
d e ğ i ş m e m e l i   m i y m i ş i z
k u r b a ğ a c ı k l a r ı n ı n
p a r ç a l a n m ı ş   o l m a y a c a k t ı k
k u r b a ğ a c ı k l a r ı n ı n
s ü z m e m i ş   m i y m i ş s i n
d e ğ i ş m e m e l i l e r   m i y d i
s e r p i y o r   o l a c a k   m ı y d ı
g ö ç e r   o l a c a k   m ı y m ı ş
k a t e g o r i l e r i m i z d e
t o p o l o j i l e r i m i z i n
i s t i r i d y e l e r i n d e n
g ö ç ü y o r   o l m a l ı y m ı ş
s ü z m ü ş   o l a c a k   m ı y d ı
ö ğ ü t ü c ü l e r m i ş s i n i z
s ü z m e m e l i   m i y m i ş s i n
p a r ç a l a n m ı y o r l a r d ı
t o p o l o j i l e r i n i z i n
p a r ç a l a n ı y o r s u n u z
g ö ç e r   o l a c a k l a r   m ı y m ı ş
s e r p e c e k   o l a c a k m ı ş s ı n ı z
p a r ç a l a n m a d ı   m ı y d ı k
g ö ç m e m i ş l e r   m i y m i ş
s e r p m e m i ş   m i y m i ş i z
k u r b a ğ a c ı ğ ı m ı z d a n
s e r p i y o r   o l u r   m u y d u m
t e k i l   k a l ı p l a r ı n ı n
s e r p i y o r   o l u r   m u y d u n
s e r p m i y o r   m u y m u ş u m
t e k i l   k a l ı p l a r ı n ı n
g ö ç m e m e l i   m i y m i ş s i n
s e r p m e m i ş   m i y m i ş i m
t e k i l   k a l ı p l a r ı m ı z ı
s e r p i y o r   o l m a z   m ı y d ı m
g ö ç ü y o r   o l m a m a l ı   m ı
a y r ı m c ı l ı k l a r ı m ı z a
g ö ç e r   o l a c a k l a r m ı ş
d e ğ i ş e c e k   m i y d i n i z
p a r ç a l a n m a z   m ı y d ı k
s e r p e c e k   o l a c a k   m ı s ı n ı z
g ö ç m e m e l i   m i y d i n i z
k u r b a ğ a c ı ğ ı n ı z d a n
p a r ç a l a n a c a k l a r d ı
a y r ı m c ı l ı k l a r ı n d a
k a t e g o r i l e r i n i z d e
ö ğ ü t ü c ü l e r i m i z d e n
s e r p e c e k   o l m a y a c a k
p a r ç a l a n ı y o r l a r m ı ş
d e ğ i ş i y o r   o l a c a k m ı ş ı z
p a r ç a l a n a c a k   m ı y ı z
d e n e y i m l e r i n i z d e n
m i l y o n e r l e r e
s ü z m ü y o r l a r   m ı y m ı ş
d e ğ i ş i y o r   o l m a m a l ı   m ı y d ı
p a r ç a l a n m a m
g ö ç ü y o r   o l m a l ı y d ı m
m a k i n e l e r i n i z d e n
g ö ç m ü y o r   m u y m u ş s u n
d e ğ i ş i y o r   o l m a y a c a ğ ı z
t e c r i t l e r i n i z d e n
s ü z ü y o r   o l m a m a l ı l a r d ı
s e r p e c e k   o l a c a k s ı n ı z
p a r ç a l a n m ı y o r   m u y d u m
k a t e g o r i l e r i n d e n
d e ğ i ş i y o r   o l u r l a r d ı
k u r b a ğ a c ı k l a r d a n
i s t i r i d y e l e r i m i z e
b a m y a l a r m ı ş s ı n ı z
d e ğ i ş i y o r   o l m a l ı   m ı
s ü z e c e k   m i y m i ş s i n
g ö ç m e l i y m i ş s i n i z
