m a k i n e m i z d e n
b a m y a y m ı ş l a r
a v u k a t s ı n
m e f h u m u n u n
m e f h u m u n u
p a r ç a l a n ı y o r l a r d ı
b a m y a y ı z
d e n e y i m e
t e c r i t l e r i n d e
p e n i s t e n
p a r ç a l a n m a m ı ş m ı ş s ı n ı z
d e ğ i ş m i y o r u m
k u r b a ğ a c ı k l a r ı m ı z d a n
y e r d i n i z
p a r ç a l a n ı y o r s u n u z
a y r ı m c ı l ı k s ı n ı z
e r n e ğ i m
a y r ı m c ı l ı k l a r s ı n
s ü z m e l i y m i ş s i n
k u r b a ğ a c ı k l a r ı n ı n
s e r p e r d i
p a r ç a l a n m a m ı ş m ı ş ı m
p a r ç a l a n m ı ş m ı ş
p a r ç a l a n a c a k m ı ş s ı n
a y r ı m c ı l ı k l a r ı m ı z d a n
i s t i r i d y e n i n
k e f a l e t l e r i n d e
t e c r i d i m i z i
d e n e y i m d e n
a v u k a t l a r ı n d a
k a t e g o r i l e r i n d e
d ü z e n l e n e b i l i r l i k l e r i n i z i
k u r b a ğ a c ı k l a r ı n ı z d a
t e c r i d i n i z i n
t o p o l o j i l e r i n d e
d e ğ i ş i y o r l a r d ı
e r n e k m i ş s i n i z
p a r ç a l a n m a y a c a ğ ı z
m e f h u m u
d ü z e n l e n e b i l i r l i ğ i m i z i
k u r b a ğ a c ı k l a r ı n ı n
m e f h u m l a r
k u r b a ğ a c ı k l a r ı n d a
p a r ç a l a n m ı ş l a r d ı
g ö ç t ü l e r d i
a y r ı m c ı l ı k l a r m ı ş ı z
k a t e g o r i n i z i n
p a r ç a l a n m a y a c a k t ı n
a y r ı m c ı l ı k l a r ı n d a
i s t i r i d y e l e r i m i z d e n
t o p o l o j i l e r i m i z i n
k e f a l e t i n i n
d ü z e n l e n e b i l i r l i ğ i n
k u r b a ğ a c ı ğ ı n ı z d a n
t e c r i d i n i n
d e ğ i ş m i ş l e r d i
a y r ı m c ı l ı k l a r
s e r p m e l i y d i m
g ö ç m e m e l i y m i ş s i n
b a k i r e l e r d i m
s e r p i y o r m u ş s u n u z
m a k i n e l e r i n d e
d e ğ i ş m e y e c e ğ i z
a y r ı m c ı l ı k l a r
m i l y o n e r l e r i n i
b a k i r e l e r i m i z i n
s e s t e ş i n i z i n
a y r ı m c ı l ı ğ ı n a
ö ğ ü t ü c ü n ü z d e
s ü z e c e k m i ş s i n
a y r ı m c ı l ı k l a r
d e n e y i m i n d e n
t e c r i d i n i z i
g ö ç m ü ş l e r m i ş
k e f a l e t i n i z i n
b ü s t ü n ü z ü n
b a m y a l a r ı n d a
b a k i r e l e r i m i z e
t o p o l o j i n i z d e
k u r b a ğ a c ı k l a r
i s t i r i d y e l e r i n d e n
g ö ç m e y e c e ğ i z
p e n i s i n i z i n
k a t e g o r i m i z i n
k u r b a ğ a c ı ğ ı n d a n
a v u k a t l a r s ı n
k u r b a ğ a c ı ğ ı n a
a v u k a t l a r ı z
k a t e g o r i l e r i n i n
t e c r i d i n i z
d e ğ i ş e c e k l e r d i
b a k i r e l e r s i n
t o p o l o j i l e r i n i z d e n
m i l y o n e r i n d e n
k a t e g o r i n i n
d e ğ i ş m i ş l e r m i ş
s ü z m e m i ş t i k
g ö ç m e y e c e k l e r
d e ğ i ş m e y e c e k t i n
ö ğ ü t ü c ü l e r s i n
e r n e ğ i n i
s e s t e ş l e r i n i z i
g ö ç ü y o r s u n u z
k a t e g o r i l e r i n i z d e
k e f a l e t l e r i n i n
s ü z m e m i ş i m
k a t e g o r i l e r d e
ö r d e ğ i n i n
t o p o l o j i n i n
d e ğ i ş m e y e c e k l e r
ö r d e k l e r i n i n
h e n d e s e l e r i n d e
g ö ç m e m e l i s i n
a v u k a t ı n ı z a
s ü z m e y e c e k l e r
h e n d e s e n i z e
a v u k a t l a r ı n
g ö ç ü y o r u z
p e n i s l e r i n d e
b a k i r e y e
e r n e k l e r i n d e
s ü z m ü ş l e r d i
h e n d e s e l e r i n e
s e s t e ş l e r i n i
k e f a l e t l e r i n
b a k i r e y m i ş
k e f a l e t i n i
a v u k a t ı n ı z d a
g ö ç m e d i y d i
g ö ç ü y o r d u n u z
p e n i s i n d e n
d e ğ i ş m e m i ş i m
s ü z m ü ş l e r m i ş
d e n e y i m l e r i n
d e n e y i m i n
g ö ç m e m i ş i z
d e n e y i m i
g ö ç m e l i y m i ş s i n
h e n d e s e n d e n
m e f h u m l a r ı n
m a k i n e m i z e
k a t e g o r i n e
h e n d e s e l e r
e r n e k
ç i z g i l e r i m i z e
m i l y o n e r i n
ö r d e k l e r i n i z
t e c r i t l e r i n e
ö r d e k l e r i n e
d e n e y i m l e r i
s ü z e r s i n
g ö ç ü y o r m u ş
g ö ç e r s i n
ö ğ ü t ü c ü l e r
s e s t e ş i n e
b ü s t ü n e
b ü s t l e r
m i l y o n e r
e r n e ğ i n
ö ğ ü t ü c ü
ç i z g i m i z
b ü s t ü n ü
s ü z m ü y o r   m u y d u
g ö ç e c e k   o l m a y a c a k   m ı y m ı ş ı z
p a r ç a l a n d ı y d ı
p a s k a l y a   t a v ş a n ı n a
s ü z ü y o r   o l m a y a c a ğ ı m
i s t i r i d y e l e r i m i z e
g ö ç t ü n ü z   m ü
g ö ç m ü y o r   m u y d u k
p a r ç a l a n a c a k   m ı y d ı n ı z
g ö ç m e m e l i   m i y m i ş s i n
k u r b a ğ a c ı ğ ı m ı z d a
g ö ç ü y o r   o l a c a k t ı n
s e r p m e l i l e r   m i y d i
s ü z d ü k   m ü
s e r p m i y o r   m u y d u k
t e k i l   k a l ı b ı n ı n
s e r p m e y e c e k l e r   m i y m i ş
s ü z d ü l e r d i
s ü z m e z   m i y m i ş i m
s ü z e c e k   o l a c a ğ ı z
g ö ç e c e k   o l a c a ğ ı m
s ü z ü y o r   o l m a y a c a k   m ı y d ı k
p a r ç a l a n ı y o r   m u y m u ş u z
b a m y a l a r s ı n ı z
b a m y a l a r d ı
b a m y a l a r d ı n
g ö ç m ü y o r l a r m ı ş
p a r ç a l a n m a l ı   m ı y d ı n ı z
a v u k a t t ı m
s ü z m e m e l i   m i y d i n i z
s ü z e r   m i y d i
p a r ç a l a n ı y o r   o l m a z d ı n
p a r ç a l a n ı r s ı n ı z
p a r ç a l a n ı y o r   o l m a m a l ı y m ı ş ı z
p a r ç a l a n m ı ş   o l m a y a c a k   m ı
p a r ç a l a n m ı y o r   m u y m u ş s u n u z
p a r ç a l a n ı y o r   m u y d u n u z
p a r ç a l a n ı y o r   o l m a m a l ı   m ı y d ı k
p a r ç a l a n a c a k   m ı y ı z
p a r ç a l a n m a d ı k   m ı
p a r ç a l a n d ı   m ı
p a r ç a l a n m a z s ı n
p a r ç a l a n ı y o r   o l m a l ı y ı z
p a r ç a l a n a c a k l a r m ı ş
p a r ç a l a n ı r   m ı y ı z
p a r ç a l a n ı y o r   m u y d u
p a r ç a l a n m a z   m ı y m ı ş
p a r ç a l a n ı r   o l m a y a c a k m ı ş s ı n
p a r ç a l a n ı y o r   o l m a y a c a k
p a r ç a l a n m ı ş   m ı
p a r ç a l a n ı y o r   o l m a y a c a k m ı ş s ı n
p a r ç a l a n a c a k   m ı s ı n ı z
p a r ç a l a n m a y ı n
p a r ç a l a n ı y o r d u m
p a r ç a l a n m a d ı y d ı k
p a r ç a l a n ı y o r   m u
p a r ç a l a n m ı ş   m ı y d ı n
p a r ç a l a n m ı ş   o l m a y a c a k   m ı y d ı n ı z
p a r ç a l a n ı y o r   o l u r d u m
p a r ç a l a n ı r m ı ş ı m
p a r ç a l a n m a z
p a r ç a l a n m ı ş   o l a c a k l a r   m ı y d ı
p a r ç a l a n m ı y o r m u ş u m
p a r ç a l a n m ı ş m ı ş s ı n ı z
p a r ç a l a n a c a k   o l a c a k m ı ş
p a r ç a l a n m ı ş   o l m a y a c a k   m ı y ı z
p a r ç a l a n m ı ş   o l m a y a c a k s ı n
p a r ç a l a n ı y o r   o l m a y a c a k   m ı s ı n
p a r ç a l a n m a m ı ş l a r d ı
p a r ç a l a n ı y o r   o l a c a k t ı n ı z
p a r ç a l a n a c a k   o l a c a k   m ı y m ı ş ı m
p a r ç a l a n m a l ı y m ı ş ı z
p a r ç a l a n ı y o r   o l m a m a l ı   m ı y d ı n
p a r ç a l a n a c a k   o l a c a k   m ı s ı n
p a r ç a l a n ı r ı z
p a r ç a l a n ı y o r   o l m a l ı   m ı
p a r ç a l a n a c a k m ı ş
p a r ç a l a n ı y o r   o l m a m a l ı   m ı y m ı ş
p a r ç a l a n a c a k   o l m a y a c a k l a r m ı ş
p a r ç a l a n m ı y o r l a r d ı
p a r ç a l a n ı y o r   o l m a l ı l a r
p a r ç a l a n m a m ı ş t ı m
p a r ç a l a n m a l ı   m ı y m ı ş s ı n ı z
p a r ç a l a n a c a k   m ı y m ı ş s ı n
p a r ç a l a n m a m a l ı   m ı y d ı m
p a r ç a l a n m ı y o r   m u
p a r ç a l a n ı r   m ı y m ı ş ı z
p a r ç a l a n a c a k   o l m a y a c a k   m ı s ı n
