b a m y a s ı n a
b a m y a s ı n d a n
u s u l a
a v u k a t t ı n
d ü z e n l e n e b i l i r l i ğ i n i z i
d ü z e n l e n e b i l i r l i ğ i n i z e
p a r ç a l a n m a y a c a k m ı ş ı z
p a r ç a l a n m a y a c a k s ı n ı z
k a t e g o r i l e r i n i z d e n
d e n e y i m l e r i m i z d e n
p a r ç a l a n m a m a l ı y m ı ş
a y r ı m c ı l ı k l a r ı n ı z ı
p a r ç a l a n m a z l a r m ı ş
a y r ı m c ı l ı k d ı n
i s t i r i d y e l e r i n d e n
k u r b a ğ a c ı k l a r ı n d a
p a r ç a l a n a c a k s ı n ı z
t o p o l o j i l e r i m i z i
ö ğ ü t ü c ü l e r m i ş s i n
k a t e g o r i l e r i m i z
d e ğ i ş m i y o r m u ş s u n
a y r ı m c ı l ı k m ı ş s ı n
p a r ç a l a n m ı ş t ı n ı z
t e c r i t l e r i m i z e
m i l y o n e r l e r i n i z
a v u k a t t ı k
ç i z g i l e r i m i z d e n
p a r ç a l a n ı r m ı ş ı z
s e s t e ş l e r i n i z i n
h e n d e s e l e r i m i z e
s ü z m e m e l i y m i ş s i n
a y r ı m c ı l ı k l a r ı n ı
d e n e y i m l e r i m i z e
ö ğ ü t ü c ü l e r i m i z i
t o p o l o j i l e r i n i
m i l y o n e r m i ş s i n
m i l y o n e r l e r i n i
s ü z m e m e l i y m i ş i m
s e s t e ş l e r i n d e n
ö r d e k l e r i m i z i
b a k i r e y m i ş l e r
a v u k a t m ı ş s ı n ı z
s e r p m e l i y m i ş i z
p a r ç a l a n d ı y d ı m
m i l y o n e r d i n i z
s e r p m e y e c e k l e r
d e ğ i ş i y o r m u ş u z
d e ğ i ş m i y o r l a r d ı
ö ğ ü t ü c ü l e r i n i
d e ğ i ş m e m i ş t i m
d e ğ i ş m e d i l e r d i
e r n e k l e r s i n i z
b a k i r e l e r i m i z
d e ğ i ş m e l i y d i n
ç i z g i l e r s i n i z
b ü s t l e r i m i z i n
e r n e k l e r i m i z
d e ğ i ş m e l i l e r
k a t e g o r i n i z e
s ü z m e m e l i y d i m
m e f h u m u m u z u n
h e n d e s e l e r d e
d e ğ i ş m e d i y d i n
m e f h u m l a r ı n a
m e f h u m l a r ı n ı
i s t i r i d y e n i z e
s ü z e c e k s i n i z
d e ğ i ş m e l i y i z
p e n i s l e r i n i z
s ü z m ü y o r s u n
k a t e g o r i m i z i
k a t e g o r i n d e n
ö ğ ü t ü c ü m ü z d e
k a t e g o r i d e n
g ö ç m e d i l e r d i
s ü z m e z l e r d i
s e s t e ş i n i z i
d e ğ i ş i y o r d u m
s e r p m e d i y d i k
m e f h u m u m u z a
d e ğ i ş e c e ğ i m
e r n e k l e r m i ş
s ü z m e z s i n i z
a v u k a t m ı ş ı m
a v u k a t t a n
p a r ç a l a n d ı m
a v u k a t t ı
g ö ç m e m i ş s i n
g ö ç m ü ş m ü ş ü z
t o p o l o j i y i
t o p o l o j i n i
y e r i n i z d e n
t e c r i d i n d e
p e n i s l e r i n i
s e r p t i y d i m
g ö ç m ü ş t ü m
g ö ç e r m i ş i z
b a k i r e m i z
e r n e k l e r i
s ü z m e z d i m
d e ğ i ş m e z d i
s ü z m e z m i ş
y e r l e r d i m
y e r i m i z i
m a k i n e n d e
t e c r i d i n e
g ö ç m e z m i ş
g ö ç ü y o r d u
e r n e k l e r
b ü s t l e r i n
p e n i s i n d e
i s t i r i d y e
b ü s t l e r i
b a m y a y d ı
m e f h u m u n u
b a m y a n ı z
y e r i n i z
m a k i n e n e
g ö ç m e m i ş
ç i z g i l e r
s e r p e r i m
b a k i r e n
s e s t e ş e
d e n e y i m
a v u k a t ı
m a k i n e n
e r n e k
s ü z ü n
y e r
ç i z g i l e r d i n i z
ç i z g i l e r i m
d e ğ i ş e c e k   o l m a y a c a k l a r m ı ş
ö ğ ü t ü c ü l e r d i n i z
s e r p m i y o r l a r   m ı y m ı ş
g ö ç m ü y o r d u n
p a r ç a l a n ı y o r   o l m a z   m ı y d ı m
s e r p e c e k   o l m a y a c a k   m ı y m ı ş s ı n
b a k i r e y m i ş s i n
d e ğ i ş i y o r   o l m a y a c a k   m ı y d ı m
s ü z ü y o r   o l m a z d ı m
s e r p i y o r   o l a c a k
d e ğ i ş i y o r   o l a c a k l a r   m ı y m ı ş
s ü z e r   o l m a y a c a k m ı ş s ı n
d e ğ i ş i y o r   o l u r l a r   m ı y d ı
d e ğ i ş i r   o l m a y a c a k m ı ş s ı n
s e s t e ş t e
d e ğ i ş i y o r   o l u r l a r d ı
d e ğ i ş i y o r   o l m a y a c a k   m ı s ı n
m i l y o n e r l e r d i n i z
s e r p m i ş   o l a c a k l a r d ı
d e ğ i ş i y o r   o l m a y a c a k   m ı y ı m
p a r ç a l a n m a l ı y d ı
p a r ç a l a n ı y o r   o l m a m a l ı l a r m ı ş
p a r ç a l a n m a d ı   m ı y d ı m
s ü z m e m i ş   m i y m i ş s i n
s ü z ü y o r   o l m a m a l ı l a r   m ı
s ü z m e m e l i   m i y m i ş i m
s ü z e r   o l a c a k m ı ş
s ü z m e m i ş   m i y d i n
s ü z m e z m i ş s i n i z
s ü z m ü ş   m ü y m ü ş s ü n
d e ğ i ş m e y i z
d e ğ i ş t i   m i y d i m
y a n   t ü m c e s i
s e r p i y o r   o l m a m a l ı l a r   m ı
s e r p m i y o r d u m
s e r p m e l i y d i
s e r p m e m e l i   m i y m i ş i m
ü z g ü n   d e ğ i l d i l e r
ü z g ü n   d e ğ i l s i n
ü z g ü n   d e ğ i l m i ş i z
ü z g ü n   m ü y m ü ş l e r ?
ü z g ü n   m ü s ü n ?
ü z g ü n   m ü ?
ü z g ü n   m ü s ü n ü z ?
ü z g ü n s ü n
ü z g ü n d ü
ü z g ü n   d e ğ i l   m i y d i n i z ?
ü z g ü n   d e ğ i l d i n i z
ü z g ü n m ü ş s ü n
ü z g ü n   m ü y d ü l e r ?
ü z g ü n   d e ğ i l d i
ü z g ü n   m ü y d ü ?
ü z g ü n m ü ş
ü z g ü n   m ü y d ü m ?
ü z g ü n   d e ğ i l d i m
ü z g ü n   d e ğ i l   m i y m i ş i m ?
ü z g ü n   d e ğ i l d i n
ü z g ü n   m ü y d ü n ü z ?
ü z g ü n ü m
ü z g ü n d ü n
ü z g ü n   d e ğ i l i z
ü z g ü n d ü k
ü z g ü n   d e ğ i l   m i y d i n ?
ü z g ü n   d e ğ i l   m i y m i ş i z ?
ü z g ü n   m ü y m ü ş s ü n ?
ü z g ü n   d e ğ i l m i ş l e r
ü z g ü n   d e ğ i l   m i y d i k ?
ü z g ü n   m ü y d ü k ?
ü z g ü n   d e ğ i l   m i s i n i z ?
ü z g ü n   d e ğ i l m i ş s i n i z
ü z g ü n   d e ğ i l m i ş i m
y a n   t ü m c e s i n d e n
u s u l u
b a k i r e l e r d i n i z
b a k i r e l e r d i
a y r ı m c ı l ı k d ı m
t e k i l   k a l ı p l a r ı n
i s t i r i d y e s i n d e n
t e k i l   k a l ı p l a r ı m ı z ı n
t e k i l   k a l ı p l a r ı n d a n
p a r ç a l a n ı r   o l a c a k m ı ş s ı n ı z
p a r ç a l a n ı r   o l m a y a c a k   m ı y m ı ş s ı n ı z
p a r ç a l a n ı y o r   o l m a m a l ı   m ı y d ı n ı z
t e k i l   k a l ı p l a r ı n ı z d a n
p a r ç a l a n ı y o r   o l m a m a l ı   m ı y m ı ş s ı n
s e r p i y o r   o l m a z l a r   m ı y d ı
p a r ç a l a n a c a k   o l m a y a c a k   m ı y m ı ş ı z
t e k i l   k a l ı p l a r ı n d a n
p a r ç a l a n ı y o r   o l a c a k   m ı y m ı ş s ı n ı z
t e k i l   k a l ı p l a r ı m ı z ı
p a r ç a l a n ı y o r   o l m a y a c a k   m ı y m ı ş ı m
t e k i l   k a l ı p l a r ı n d a
p a r ç a l a n a c a k   o l m a y a c a k   m ı s ı n ı z
p a r ç a l a n ı y o r   o l m a y a c a k   m ı y m ı ş s ı n
s e r p e c e k   o l m a y a c a k   m ı y m ı ş s ı n ı z
t e k i l   k a l ı p l a r ı n ı n
p a r ç a l a n ı r   o l a c a k   m ı y m ı ş s ı n ı z
p a r ç a l a n a c a k   o l m a y a c a k   m ı y m ı ş
t e k i l   k a l ı p l a r ı n ı n
p a r ç a l a n ı r   o l m a y a c a k   m ı y m ı ş ı m
g ö ç e c e k   o l m a y a c a k   m ı y m ı ş s ı n ı z
p a r ç a l a n ı y o r   o l m a y a c a k   m ı y d ı n
p a r ç a l a n ı y o r   o l a c a k   m ı y d ı n ı z
d e ğ i ş i y o r   o l m a m a l ı   m ı y m ı ş s ı n
s e r p i y o r   o l m a y a c a k l a r   m ı y m ı ş
t e k i l   k a l ı p l a r a
d e ğ i ş e c e k   o l a c a k   m ı y m ı ş s ı n ı z
d e ğ i ş i y o r   o l m a y a c a k   m ı y d ı n ı z
d e ğ i ş m e y e c e k   m i y m i ş i m
t e k i l   k a l ı p l a r ı n ı
d e ğ i ş i y o r   o l m a l ı   m ı y d ı n ı z
p a r ç a l a n ı y o r   o l m a m a l ı y m ı ş ı m
d e ğ i ş i r   o l m a y a c a k l a r   m ı y m ı ş
p a r ç a l a n ı y o r   o l m a m a l ı   m ı y ı z
p a r ç a l a n m a y a c a k   m ı y m ı ş s ı n ı z
p a r ç a l a n ı y o r   o l m a m a l ı y d ı n ı z
s ü z ü y o r   o l m a m a l ı   m ı y m ı ş s ı n ı z
p a r ç a l a n m ı ş   o l m a y a c a k   m ı y ı m
s e r p e r   o l m a y a c a k m ı ş ı z
