s ü z m ü y o r   m u y u z
u s u l u
g ö ç m ü y o r   m u y m u ş s u n
g ö ç m e z
y e r i n d e
ö r d e ğ i n
s e s t e ş
p e n i s i
s ü z e r s i n
g ö ç ü n
ö r d e ğ i
p e n i s i n
g ö ç e r s i n
y e r l e r i z
y e r i n i
d e ğ i ş m i ş l e r
s e r p e r d i
ö r d e k l e r i n
y e r m i ş s i n i z
y e r m i ş l e r
s ü z e r l e r   m i
p e n i s i n e
g ö ç m ü y o r   m u s u n
g ö ç m ü y o r   m u y m u ş u z
g ö ç e r   o l m a y a c a k m ı ş ı m
g ö ç ü y o r   o l m a m a l ı   m ı y ı z
g ö ç ü y o r
g ö ç e r   o l a c a k m ı ş s ı n
g ö ç m e m i ş l e r
g ö ç m e m e l i   m i
g ö ç e c e k   m i y d i
g ö ç e c e k   o l a c a k m ı ş s ı n ı z
g ö ç t ü   m ü
g ö ç ü y o r   m u y u m
g ö ç e r   m i y m i ş i m
g ö ç m e z   m i s i n
g ö ç m ü y o r l a r m ı ş
g ö ç ü y o r   o l a c a ğ ı m
g ö ç ü y o r   o l m a l ı y ı m
g ö ç t ü l e r   m i y d i
g ö ç m e y e c e k   m i y i z
g ö ç e r   o l m a y a c a k m ı ş s ı n ı z
g ö ç ü y o r   o l m a l ı y d ı n
g ö ç m e m e l i   m i y i m
g ö ç e c e k   m i y i z
g ö ç ü y o r   o l m a m a l ı   m ı
g ö ç ü y o r u m
g ö ç m e m i ş   m i y d i m
g ö ç m e z m i ş s i n
g ö ç m e m e l i s i n
g ö ç m ü ş   m ü s ü n
g ö ç e r s i n i z
g ö ç m ü ş   o l m a y a c a k l a r d ı
g ö ç e c e k   o l a c a k s ı n
g ö ç m e m e l i l e r   m i y m i ş
g ö ç m e y e c e k s i n
g ö ç ü y o r   o l m a y a c a k   m ı y d ı n ı z
g ö ç m e l i l e r d i
g ö ç m e m e l i l e r   m i y d i
g ö ç e c e k   o l a c a k   m ı y ı z
g ö ç m ü ş   o l m a y a c a k   m ı y d ı k
g ö ç e r   o l m a y a c a k   m ı y m ı ş s ı n
g ö ç m e m i ş   m i y m i ş i z
g ö ç m ü ş   o l m a y a c a ğ ı m
g ö ç m e z   m i y d i m
g ö ç m ü ş t ü
g ö ç ü y o r   o l m a y a c a k t ı n
g ö ç m ü ş   o l m a y a c a k   m ı s ı n
g ö ç m e z s i n
g ö ç e c e k   o l a c a ğ ı m
g ö ç ü y o r   o l a c a k   m ı y m ı ş s ı n
g ö ç ü y o r s u n u z
g ö ç t ü y d ü m
g ö ç ü y o r l a r   m ı y d ı
g ö ç t ü y d ü n
g ö ç m e z s i n i z
g ö ç m ü ş   m ü s ü n ü z
g ö ç m ü ş l e r m i ş
g ö ç m e m i ş m i ş
g ö ç e c e k   o l m a y a c a k   m ı y ı m
g ö ç m ü ş   o l m a y a c a k l a r   m ı
g ö ç m e l i y m i ş s i n
g ö ç ü y o r   o l m a y a c a k l a r m ı ş
g ö ç m e d i y d i
g ö ç m e l i y d i k
g ö ç m e y i n
g ö ç ü y o r   o l u r   m u y d u n
g ö ç ü y o r   o l m a l ı y d ı n ı z
g ö ç ü y o r   o l m a m a l ı y d ı m
g ö ç m e y e c e k t i k
g ö ç m e m e l i y d i m
g ö ç e c e k   o l a c a k l a r m ı ş
g ö ç m e y e c e k
g ö ç ü y o r d u n
g ö ç e r   o l m a y a c a k   m ı y m ı ş ı z
g ö ç m e z l e r   m i
g ö ç e r   m i y m i ş s i n i z
g ö ç ü y o r u z
g ö ç m ü ş   o l m a y a c a k
g ö ç ü y o r   o l m a m a l ı y ı m
g ö ç m ü ş   m ü y d ü m
g ö ç ü y o r   m u y d u k
g ö ç m e y e c e k m i ş i z
g ö ç m e m e l i y d i
g ö ç ü y o r   m u y d u m
g ö ç m ü ş   o l a c a k t ı m
g ö ç ü y o r   o l a c a k   m ı s ı n ı z
g ö ç e r m i ş
m e f h u m u
e r n e k l e r e
ç i z g i y i
p e n i s i n e
s ü z m ü y o r   m u
ç i z g i y i m
ç i z g i l e r m i ş
d e n e y i m i
ö r d e k l e r d e
ö r d e ğ i n i n
ç i z g i y i z
ö ğ ü t ü c ü n e
m a k i n e l e r i n e
d e ğ i ş i r   m i y m i ş i z
s e r p e r   m i y d i n
t e c r i t l e r i n
b a m y a y ı z
m e f h u m u n
s e r p m i ş l e r   m i
h e n d e s e s i
m i l y o n e r i n
k a t e g o r i y i
s e r p e r s i n
g ö ç m ü ş ü z
y e r s i n i z
a v u k a t t ı n ı z
k e f a l e t e
a v u k a t ı n d a
p e n i s i n i z i
b a m y a m ı z d a
s e s t e ş i n i z
a v u k a t l a r ı z
s e r p i y o r   o l a c a k   m ı y d ı
d e n e y i m l e r d e
g ö ç m ü ş   m ü y ü m
s ü z e r   m i s i n i z
d e ğ i ş e c e k   m i
s e r p i y o r s u n
e r n e ğ i m i z i n
ö r d e ğ i n d e n
s e r p e c e k   o l m a y a c a k
s e r p m i ş m i ş
e r n e ğ i n i z d e
s e s t e ş i n d e
b a m y a s ı n ı z
p e n i s i m i z d e
t e c r i d i n
d e n e y i m l e r i n i n
ç i z g i y d i n i z
k e f a l e t l e r d e n
d e n e y i m i n d e
t e c r i d i m i z i
d e ğ i ş i r i z
s e r p e c e k s i n
ç i z g i s i n i z
s ü z e c e k m i ş
s ü z e r   m i y d i n i z
g ö ç m ü ş t ü k
y e r l e r m i ş i m
g ö ç m e m i ş s i n i z
m e f h u m l a r ı
b a k i r e n i
t e c r i t l e r d e
p e n i s l e r d e n
m e f h u m l a r ı n ı n
g ö ç m e d i y d i k
t e c r i t l e r i n i n
k u r b a ğ a c ı ğ ı
s e s t e ş i m i z i
ç i z g i l e r m i ş s i n
s e s t e ş l e r i n
e r n e k l e r i n e
s ü z m e d i m   m i
b ü s t l e r i m i z
m e f h u m l a r ı n
k a t e g o r i l e r i
ç i z g i l e r i n i n
b a k i r e l e r m i ş i m
ö ğ ü t ü c ü l e r i
k a t e g o r i s i n d e
b ü s t l e r i n i
a v u k a t l a r m ı ş s ı n
b ü s t l e r i n i z d e
d e ğ i ş m i ş t i n
k e f a l e t i n i z i
y e r d i n i z
s e r p e r m i ş s i n
k a t e g o r i l e r i
d e ğ i ş m i y o r d u
ö r d e ğ i n d e n
d e ğ i ş i y o r m u ş
p e n i s l e r i n i
s e r p m i y o r u z
ç i z g i l e r d i k
m e f h u m l a r ı m ı z d a
s e r p m e l i y i m
g ö ç m e m i ş t i m
ç i z g i l e r i n i z e
p e n i s l e r i m i z
a v u k a t s ı n ı z
g ö ç e c e k   m i y d i k
d e n e y i m i n i n
s e s t e ş l e r i n e
s ü z ü y o r m u ş s u n
b ü s t l e r i m i z d e n
d e n e y i m l e r i n i
y e r l e r i n d e
ç i z g i y m i ş i m
m a k i n e y e
s ü z e r l e r m i ş
k e f a l e t i n d e
a v u k a t ı n ı z ı
ç i z g i l e r i n i z i
e r n e k l e r i n i z
b ü s t l e r i n d e
d e ğ i ş e c e k t i n
b a m y a l a r m ı ş ı m
s ü z ü y o r   m u s u n u z
d e ğ i ş e c e k s i n
ö ğ ü t ü c ü d e
t o p o l o j i n i z d e
d e ğ i ş e c e k l e r
t e c r i t l e r i n i
ö ğ ü t ü c ü l e r s i n
s e r p i y o r   m u s u n
b ü s t l e r i m i z i
g ö ç m e z l e r m i ş
h e n d e s e n i z d e n
m e f h u m u m u z d a
d e n e y i m l e r i n i n
b a m y a l a r ı n d a
d e n e y i m i n i
s e r p m e z l e r   m i y m i ş
t e c r i d i n i z i
m i l y o n e r d i
g ö ç ü y o r   o l a c a k t ı k
a v u k a t l a r s ı n
t o p o l o j i l e r i
k u r b a ğ a c ı ğ ı n ı z
k a t e g o r i m i z d e
b ü s t l e r i n d e n
a v u k a t t ı k
