ç i z g i y m i ş i z
a y r ı m c ı l ı ğ ı n d a n
s e r p m i y o r m u ş u z
t o p o l o j i l e r i m i z d e n
t e c r i d i n
p a r ç a l a n a c a k l a r d ı
p a r ç a l a n a c a k t ı
b a m y a m ı z d a
d e ğ i ş e c e k t i m
s e r p e r l e r m i ş
k e f a l e t i n i n
s ü z m e m i ş m i ş i z
ö r d e k l e r i m i z e
m a k i n e n i n
ç i z g i l e r i n i n
y e r i n d e
e r n e ğ i n i z d e n
d e ğ i ş m e m e l i y m i ş
d e ğ i ş m i y o r d u n u z
p a r ç a l a n ı y o r d u
ç i z g i l e r i n i z i
s e r p m e m e l i l e r m i ş
p e n i s i m i z
t e c r i t l e r i n i z d e n
p a r ç a l a n a c a k m ı ş s ı n ı z
g ö ç ü n
k a t e g o r i l e r i n d e n
b ü s t l e r i m i z
s e r p m e m i ş m i ş i z
b a k i r e l e r m i ş i m
t e c r i t l e r d e
d e ğ i ş m i y o r m u ş u z
t o p o l o j i l e r i n i z i n
d e n e y i m i n e
a y r ı m c ı l ı ğ ı m ı z ı
d ü z e n l e n e b i l i r l i k l e r
ö ğ ü t ü c ü n d e
d e n e y i m i n d e
d ü z e n l e n e b i l i r l i ğ i n i z d e
y e r l e r i m i z i n
t o p o l o j i l e r i n e
b a k i r e l e r i m i z d e n
s ü z m e y e c e k t i n i z
k e f a l e t e
k u r b a ğ a c ı ğ ı n d a
s e r p m e m e l i l e r
p e n i s i n e
ö ğ ü t ü c ü l e r d i m
b a m y a l a r ı n ı z a
ç i z g i l e r m i ş i m
m i l y o n e r d i
e r n e k l e r i n i z
ç i z g i n d e
p a r ç a l a n m a z d ı n ı z
m i l y o n e r e
b a k i r e l e r i n i z i
s e r p m e y e c e k t i
k u r b a ğ a c ı k l a r ı n
d ü z e n l e n e b i l i r l i ğ i n i z
b ü s t l e r i n d e
e r n e k l e r i m i z d e n
s e s t e ş i n d e
b ü s t l e r i n i z d e
s e r p m e m e l i y i m
p a r ç a l a n m ı ş s ı n
h e n d e s e l e r i n i z i n
e r n e k l e r d i m
d e n e y i m i n d e n
m i l y o n e r i m i z i n
t o p o l o j i l e r i n e
s e s t e ş i m i z i
m e f h u m l a r ı n ı
s e r p m e l i y d i n
d e n e y i m i n d e
e r n e ğ i
ç i z g i l e r i n i z e
y e r d i k
ö ğ ü t ü c ü l e r i n i z e
p e n i s i
ö r d e k l e r i
t o p o l o j i n d e n
m a k i n e y e
t o p o l o j i l e r i
d e n e y i m l e r i n i z d e n
ö ğ ü t ü c ü d e
m a k i n e n i
d e n e y i m i n i
ö r d e ğ i
k a t e g o r i l e r i
s e s t e ş l e r i m i z d e n
d e ğ i ş m i ş t i n
m i l y o n e r d e n
h e n d e s e l e r i n e
ö r d e ğ i n d e n
y e r l e r i m i z d e
k a t e g o r i l e r i n
b a m y a l a r m ı ş ı m
d e ğ i ş m i ş l e r
b a k i r e n i
ö ğ ü t ü c ü l e r m i ş
b ü s t l e r i n d e n
d e ğ i ş e c e k s i n
e r n e k l e r i n e
s e s t e ş l e r i n e
m i l y o n e r d i k
s e r p e c e k s i n
y e r i n i
m e f h u m u n
y e r l e r m i ş s i n
p e n i s i n i
ö ğ ü t ü c ü n e
p e n i s l e r i n d e n
m i l y o n e r l e r
p e n i s l e r d e n
ö r d e k l e r d e
s e r p i y o r s u n
b a m y a l a r ı n
a v u k a t l a r
m e f h u m l a r ı
y e r s i n i z
ö r d e ğ i n
s e s t e ş
a l f a   s ü r ü m l e r i n e
d e ğ i ş i y o r   o l m a m a l ı y d ı k
m i l y o n e r m i ş
m i l y o n e r l e r s i n
m i l y o n e r m i ş l e r
g ö ç m e y e c e k l e r   m i y d i
t e k i l   k a l ı b ı n a
s ü z e c e k   o l m a y a c a k   m ı y m ı ş
d e ğ i ş m e m e l i   m i y m i ş
d e ğ i ş m i ş   m i y m i ş s i n i z
g ö ç ü y o r   o l m a m a l ı   m ı y d ı
p a r ç a l a n m a m ı ş l a r   m ı y m ı ş
s ü z ü y o r   o l m a m a l ı   m ı y m ı ş s ı n
g ö ç m e m i ş l e r   m i y m i ş
d e ğ i ş m e m i ş l e r   m i
m i l y o n e r l e r i n i z e
y e r m i ş l e r
y e r m i ş s i n i z
y e r l e r i z
y e r l e r i n d e
s ü z ü y o r   o l m a l ı   m ı y m ı ş s ı n ı z
s ü z ü y o r   o l m a l ı y d ı
s e r p m e m i ş l e r   m i y m i ş
a l f a   s ü r ü m ü n ü n
e r n e ğ i n i z d e
g ö ç m ü ş   m ü y ü m
t e k i l   k a l ı p l a r ı n a
s ü z m e y e c e k   m i y d i m
k u r b a ğ a c ı k l a r ı n a
a l f a   s ü r ü m ü n d e n
g ö ç e r   o l a c a k l a r   m ı y m ı ş
p a r ç a l a n ı y o r   o l m a l ı y m ı ş
ç i z g i y m i ş l e r
ç i z g i y m i ş
ç i z g i
a v u k a t ı n ı z ı n
g ö ç e c e k   o l a c a k   m ı y m ı ş s ı n
p a r ç a l a n ı y o r   o l m a l ı l a r m ı ş
s e r p i y o r   o l m a m a l ı l a r
s e r p m e m i ş   m i y d i n i z
s e r p m i y o r   m u s u n u z
s e r p e r   m i y d i n i z
s e r p m e l i y m i ş s i n
s e r p m e k
s e r p e r l e r   m i
s e r p m i ş m i ş
s e r p m e z l e r   m i y d i
s e r p e r   m i y m i ş i m
s e r p e c e k m i ş s i n
s e r p m i ş l e r   m i
s e r p i y o r   o l m a m a l ı   m ı s ı n ı z
s e r p i y o r   o l u r l a r   m ı y d ı
s e r p i y o r   o l u r   m u y d u n
s e r p i y o r m u ş u m
s e r p m e m i ş   m i y m i ş i m
s e r p m e m i ş   m i y i z
s e r p i y o r   o l m a l ı y d ı k
s e r p m e m e l i y d i n i z
s e r p t i   m i y d i n i z
s e r p i y o r   o l m a y a c a k   m ı y m ı ş
s e r p m i ş   o l m a y a c a k   m ı s ı n ı z
s e r p m e z   m i y d i k
s e r p e c e k   o l a c a ğ ı m
s e r p m e m e l i s i n
s e r p m e y e c e ğ i z
s e r p i y o r   o l a c a k   m ı y m ı ş ı z
s e r p i y o r   o l a c a k l a r   m ı y d ı
s e r p m i ş l e r d i
s e r p m i ş   o l m a y a c a k l a r   m ı y d ı
s e r p i y o r   o l m a l ı   m ı y ı m
s e r p i y o r l a r d ı
s e r p m e y e c e k   m i y d i
s e r p i y o r   o l m a l ı y ı m
s e r p e c e k   o l a c a k s ı n
s e r p i y o r   o l m a l ı y d ı n ı z
s e r p m i ş   o l m a y a c a k   m ı y d ı m
s e r p t i   m i y d i
s e r p m i ş l e r m i ş
s e r p i y o r   o l m a y a c a k   m ı y m ı ş ı z
s e r p t i m
s e r p m e m i ş   m i y m i ş
s e r p i y o r   o l m a y a c a k t ı n ı z
s e r p i y o r   o l u r d u k
s e r p i y o r   m u y d u k
s e r p e c e k   o l a c a ğ ı z
s e r p e c e k   m i y d i
s e r p m i ş m i ş i m
s e r p m i ş   o l a c a k l a r
s e r p i y o r   o l u r d u n u z
s e r p i y o r   o l m a m a l ı s ı n ı z
s e r p m e l i   m i y i z
s e r p m e m i ş m i ş i m
s e r p m e y e c e k   m i s i n i z
s e r p i y o r   o l m a m a l ı   m ı y m ı ş ı z
s e r p m i y o r   m u y d u
s e r p e c e k   o l m a y a c a k m ı ş s ı n
s e r p m i y o r   m u y m u ş
s e r p m e l i   m i y m i ş s i n
s e r p e r s i n
s e r p m e m i ş t i k
s e r p m e m i ş m i ş s i n i z
s e r p e c e k   o l m a y a c a k l a r
s e r p m e d i   m i y d i n i z
s e r p e r   o l a c a k m ı ş s ı n
s e r p i y o r   o l m a m a l ı   m ı y ı z
s e r p i y o r   o l a c a ğ ı m
s e r p m i y o r l a r   m ı
s e r p m i ş   o l m a y a c a k t ı k
s e r p e c e k   o l a c a k l a r m ı ş
s e r p m e l i
s e r p m e d i y d i
s e r p e c e k   o l m a y a c a k s ı n ı z
s e r p m e y e c e k t i n
s e r p i y o r   o l m a y a c a k t ı n
s e r p i y o r u z
s e r p m e m e l i   m i s i n
s e r p e r   m i y i m
s e r p m i ş   o l m a y a c a k l a r   m ı
s e r p i y o r   o l m a m a l ı l a r d ı
s e r p e r m i ş s i n i z
s e r p i y o r s u n u z
s e r p e c e k   o l m a y a c a k m ı ş ı z
s e r p m e z   m i y m i ş i m
s e r p m e y e c e k   m i y m i ş i z
s e r p i y o r   o l m a m a l ı y ı z
s e r p i y o r   m u y m u ş s u n u z
s e r p m i y o r l a r m ı ş
s e r p i y o r   o l m a m a l ı   m ı
