b ü s t l e r i
b ü s t l e r i m i z i n
m e f h u m u n u
a y r ı m c ı l ı k l a r d ı n ı z
b ü s t l e r e
s e s t e ş e
ç i z g i l e r i m i z d e n
g ö ç ü y o r d u
t o p o l o j i l e r i m i z i
d e ğ i ş m i y o r   m u y d u m
p e n i s i n d e
i s t i r i d y e
s ü z m ü ş   m ü s ü n
ç i z g i l e r
s e s t e ş l e r i n d e n
a y r ı m c ı l ı k l a r ı n ı z ı
s e s t e ş i n i z i
t o p o l o j i l e r i n i
ö ğ ü t ü c ü l e r m i ş s i n
k a t e g o r i m i z i
ö ğ ü t ü c ü m ü z d e
a v u k a t l a r a
s e s t e ş l e r i n i z i n
b a m y a y d ı
b a k i r e m i z
t o p o l o j i n i
g ö ç e c e k   o l a c a k s ı n ı z
b a m y a n ı z
i s t i r i d y e l e r i n d e n
k a t e g o r i l e r i m i z
ç i z g i l e r s i n i z
h e n d e s e l e r d e
t e k i l   k a l ı p l a r ı n ı z
t e c r i d i n i z d e n
k u r b a ğ a c ı k l a r ı n d a
g ö ç e c e k   o l a c a k l a r   m ı y m ı ş
e r n e k l e r m i ş
h e n d e s e l e r i m i z e
ö r d e k l e r i m i z i
e r n e k l e r i
m i l y o n e r l e r i n i z
e r n e k l e r
p e n i s l e r i n i z
d e ğ i ş e c e ğ i m
ö ğ ü t ü c ü l e r i m i z i
g ö ç m ü ş   o l m a y a c a k s ı n
d e n e y i m l e r i m i z d e n
m e f h u m l a r ı n a
g ö ç e c e k   o l a c a k   m ı y m ı ş
i s t i r i d y e n i z e
s e r p i y o r   o l a c a k l a r   m ı y d ı
e r n e k l e r i m i z
b a k i r e l e r i m i z
d e n e y i m l e r i m i z e
y e r i n i z d e n
k a t e g o r i n i z e
g ö ç ü y o r   o l m a y a c a k   m ı y m ı ş s ı n
m e f h u m l a r ı n ı
d e n e y i m
s e r p i y o r l a r d ı
s e r p i y o r   o l m a y a c a k l a r   m ı y m ı ş
d e ğ i ş m i ş   o l m a y a c a k l a r
m i l y o n e r l e r i n i
ö ğ ü t ü c ü l e r i n i
t e c r i d i n e
t e c r i t l e r i m i z e
g ö ç m ü y o r   m u y u z
y e r i m i z i
g ö ç m e m i ş s i n
s ü z m e z   m i y d i n
b a m y a s ı n d a n
y e r l e r d i m
s ü z ü y o r   o l m a y a c a k t ı k
s ü z e c e k   o l m a y a c a k   m ı y ı z
s ü z e c e k l e r   m i y m i ş
y a n   t ü m c e m i z d e
g ö ç e r   m i s i n i z
p a r ç a l a n ı y o r   o l m a y a c a k l a r
s e r p e r l e r   m i y m i ş
d e ğ i ş m e l i y i z
s e r p m i ş   o l m a y a c a ğ ı z
s e r p m e l i   m i s i n i z
p e n i s l e r i n i
t e k i l   k a l ı p l a r ı n ı
t e c r i d i n d e
d ü z e n l e n e b i l i r l i ğ i n i z e
g ö ç e r   m i s i n
e r n e k l e r s i n i z
s e r p i y o r   o l a c a k
s e r p i y o r   o l m a y a c a k m ı ş ı z
b a m y a m ı z ı n
s ü z ü y o r   o l m a y a c a ğ ı z
s ü z m e m i ş   m i
y e r i n i z
m i l y o n e r d i n i z
p a r ç a l a n ı y o r   o l m a l ı   m ı s ı n
a y r ı m c ı l ı k l a r ı n ı
d ü z e n l e n e b i l i r l i ğ i n i z i
s e r p i y o r   m u y u m
s e r p e r i m
g ö ç m ü y o r   m u y m u ş u z
p a r ç a l a n m ı ş l a r   m ı y m ı ş
p a r ç a l a n a c a k s ı n ı z
p a r ç a l a n ı y o r   o l m a l ı   m ı y d ı m
g ö ç e r   m i y d i n
s ü z ü y o r   o l m a z   m ı y d ı n
p a r ç a l a n ı y o r   o l m a y a c a k   m ı y m ı ş s ı n
p a r ç a l a n ı y o r   o l m a l ı   m ı y m ı ş ı z
p a r ç a l a n ı y o r   o l a c a k   m ı y ı z
d e ğ i ş m e l i y d i n
s ü z m e z d i m
s e r p e r   m i s i n
s e r p e r   m i y i z
g ö ç m e m e l i y m i ş
s ü z ü y o r   o l m a m a l ı l a r   m ı y d ı
d e ğ i ş m e y e c e k   m i y d i n i z
s ü z m ü ş   o l m a y a c a k   m ı y d ı n ı z
p a r ç a l a n a c a k   o l m a y a c a k   m ı y m ı ş
s ü z ü n
s e r p m i y o r   m u y m u ş u z
s e r p m i ş   o l m a y a c a k   m ı y d ı n ı z
p a r ç a l a n ı y o r   o l u r   m u y d u k
g ö ç m e m e l i l e r d i
p a r ç a l a n ı y o r   o l u r   m u y d u n u z
s ü z m e m e l i y m i ş s i n i z
p a r ç a l a n ı y o r l a r d ı
g ö ç ü y o r   o l m a z   m ı y d ı k
p a r ç a l a n m a y a c a k s ı n ı z
p a r ç a l a n ı r   m ı y d ı m
t e k i l   k a l ı b ı n d a
s e r p m i y o r   m u y m u ş
k a t e g o r i n d e n
d ü z e n l e n e b i l i r l i ğ e
s e r p m e d i y d i k
p a r ç a l a n a c a k   o l m a y a c a k   m ı s ı n ı z
p a r ç a l a n ı r   o l m a y a c a k m ı ş s ı n
s ü z m ü y o r   m u y m u ş u z
g ö ç ü y o r   o l m a m a l ı y d ı n ı z
s ü z m e m e l i   m i y m i ş i z
p a r ç a l a n a c a k m ı ş
g ö ç m e y e c e k   m i s i n i z
t e k i l   k a l ı b ı m ı z ı n
p a r ç a l a n a c a k   m ı y ı m
p a r ç a l a n m ı ş t ı n ı z
g ö ç ü y o r   o l m a m a l ı y m ı ş s ı n
d e ğ i ş m e m e l i   m i y m i ş
g ö ç m ü ş   o l m a y a c a k t ı m
t o p o l o j i s i n e
a v u k a t m ı ş s ı n ı z
d e ğ i ş m e m
k a t e g o r i d e n
p a r ç a l a n m a z l a r m ı ş
m a k i n e n d e
b ü s t l e r i n
p a r ç a l a n m a l ı   m ı y d ı k
d e ğ i ş m e z l e r   m i y m i ş
g ö ç m ü ş t ü m
s ü z m e m e l i y m i ş s i n
p a r ç a l a n m e l i   m i s i n
a v u k a t ı
p a r ç a l a n ı r   m ı s ı n ı z
m e f h u m u m u z a
ö ğ ü t ü c ü y d ü k
s ü z ü y o r   m u y u z
p a r ç a l a n ı y o r   o l m a m a l ı y m ı ş ı m
p a r ç a l a n ı r m ı ş ı m
b a k i r e n
g ö ç m e m i ş   m i y m i ş s i n i z
g ö ç m e z   m i y m i ş i m
p a s k a l y a   t a v ş a n l a r ı n ı n
m a k i n e n
s e r p e r   m i y d i k
p a r ç a l a n ı y o r   o l a c a k
s ü z m e m e l i y m i ş i m
p a r ç a l a n m a m a l ı y m ı ş
g ö ç m e m e l i y d i
s ü z m e m e l i y d i
s ü z ü y o r   o l u r l a r   m ı y d ı
b a m y a s ı n a
m e f h u m u m u z u n
s e r p m i y o r l a r   m ı y d ı
p a r ç a l a n ı r   m ı y ı z
s ü z d ü   m ü
t o p o l o j i y i
g ö ç m e y e c e k   m i
g ö ç e r   o l m a y a c a k m ı ş s ı n
k e f a l e t t e n
s ü z e r   o l m a y a c a k m ı ş s ı n
s e r p m e m e l i y d i
m a k i n e n e
p a r ç a l a n m a m a l ı   m ı y m ı ş ı z
p a r ç a l a n ı r ı m
s ü z ü y o r   o l m a l ı   m ı
s e r p i y o r   o l u r l a r   m ı y d ı
b a k i r e y m i ş l e r
d e ğ i ş m e m e l i y m i ş i m
b a k i r e y m i ş s i n
p a r ç a l a n d ı l a r
t e k i l   k a l ı b a
p a r ç a l a n d ı   m ı
s e r p e r   o l a c a k m ı ş s ı n ı z
p a r ç a l a n ı y o r   o l m a m a l ı
p a r ç a l a n ı y o r   o l m a l ı   m ı
g ö ç m ü ş m ü ş ü z
g ö ç m e d i n   m i
a y r ı m c ı l ı k d a
d e ğ i ş m i y o r m u ş s u n
t e c r i d e
p a r ç a l a n m ı y o r m u ş u m
s ü z e r   o l a c a k m ı ş s ı n ı z
d e ğ i ş m e m e l i   m i y d i n i z
s e r p i y o r l a r   m ı
s ü z d ü l e r
ö ğ ü t ü c ü y m ü ş s ü n
p a r ç a l a n m a m ı ş   m ı y m ı ş s ı n ı z
s ü z m ü ş m ü ş ü z
a y r ı m c ı l ı k d ı n
g ö ç ü y o r   m u
g ö ç m e z   m i s i n
g ö ç e r   o l m a y a c a k m ı ş ı m
g ö ç m e y e c e k m i ş i z
g ö ç e c e k   o l a c a k   m ı y ı z
g ö ç m e m i ş   m i y d i m
g ö ç m e d i l e r
g ö ç t ü
g ö ç t ü y d ü m
g ö ç ü y o r   o l m a l ı y ı m
g ö ç m e m e l i   m i s i n i z
g ö ç e c e k   o l a c a k   m ı y m ı ş ı m
g ö ç ü y o r   o l m a l ı   m ı y d ı k
g ö ç ü y o r   o l m a l ı   m ı y d ı
g ö ç m e d i y d i n i z
g ö ç m e y e c e k   m i y i z
g ö ç t ü y d ü n
g ö ç m ü ş   o l m a y a c a k
g ö ç e r   o l m a y a c a k   m ı y m ı ş s ı n
g ö ç m e z   m i y d i m
g ö ç ü y o r   o l m a l ı y d ı n
g ö ç ü y o r   o l m a m a l ı   m ı y m ı ş ı z
g ö ç ü y o r s u n u z
g ö ç ü y o r   o l a c a k   m ı s ı n ı z
g ö ç e c e k   o l a c a k l a r m ı ş
g ö ç m e z
g ö ç m e m e l i   m i
g ö ç e c e k   m i y d i
g ö ç m ü ş   o l m a y a c a ğ ı m
g ö ç m e z l e r   m i
g ö ç ü y o r   o l m a y a c a k t ı n
g ö ç m ü ş t ü
g ö ç m e m i ş m i ş s i n
