p a r ç a l a n ı r m ı ş ı m
p a r ç a l a n ı r   o l m a y a c a k m ı ş s ı n
s ü z m e m e l i y m i ş s i n i z
p a r ç a l a n ı y o r   o l m a l ı   m ı s ı n
b a m y a m ı z ı n
p a r ç a l a n ı r   m ı y d ı m
p a r ç a l a n d ı l a r d ı
d e ğ i ş m e m e l i   m i y d i n i z
s e r p i y o r   o l a c a k
p a r ç a l a n m a d ı   m ı y d ı
d e ğ i ş m e m
b a m y a s ı n a
p a r ç a l a n a c a k m ı ş
p a r ç a l a n m e l i   m i s i n
s e r p e r   o l a c a k m ı ş s ı n ı z
p a r ç a l a n ı y o r   o l m a l ı   m ı y m ı ş ı z
g ö ç m e d i n   m i
a v u k a t ı
s ü z m e z   m i y d i n
s ü z e c e k   o l a c a ğ ı z
s e r p m i y o r   m u y m u ş
d ü z e n l e n e b i l i r l i ğ e
s ü z m ü ş m ü ş ü z
s ü z ü y o r   o l m a l ı   m ı
s e r p m e m e l i y d i
g ö ç e r   o l m a y a c a k m ı ş s ı n
s ü z m e d i n   m i
p a r ç a l a n ı r   m ı y ı z
s ü z m e m i ş   m i y m i ş s i n i z
t o p o l o j i s i n e
s ü z e r   o l a c a k m ı ş s ı n ı z
s e r p e r   m i s i n
s ü z m ü y o r   m u y m u ş u z
g ö ç m e m e l i y m i ş
g ö ç m e m e l i l e r d i
ü z g ü n   d e ğ i l m i ş s i n i z
ü z g ü n   m ü y d ü n ü z ?
ü z g ü n   m ü y d ü l e r ?
ü z g ü n   d e ğ i l   m i y d i n ?
ü z g ü n m ü ş
ü z g ü n ü m
ü z g ü n   d e ğ i l   m i y m i ş i z ?
ü z g ü n   d e ğ i l m i ş l e r
ü z g ü n   d e ğ i l   m i y d i k ?
ü z g ü n   d e ğ i l d i m
ü z g ü n   d e ğ i l   m i s i n i z ?
ü z g ü n   d e ğ i l d i n
ü z g ü n d ü
ü z g ü n   m ü y d ü m ?
ü z g ü n d ü k
ü z g ü n   d e ğ i l i z
ü z g ü n   m ü y d ü k ?
ü z g ü n   d e ğ i l   m i y d i n i z ?
ü z g ü n m ü ş s ü n
ü z g ü n   d e ğ i l d i n i z
ü z g ü n   d e ğ i l d i
ü z g ü n   m ü y d ü ?
ü z g ü n   m ü ?
ü z g ü n   m ü s ü n ü z ?
ü z g ü n   m ü s ü n ?
ü z g ü n   d e ğ i l   m i y m i ş i m ?
ü z g ü n   m ü y m ü ş s ü n ?
ü z g ü n   d e ğ i l m i ş i m
ü z g ü n s ü n
ü z g ü n d ü n
g ö ç m ü y o r   m u y m u ş u z
g ö ç m e m e l i l e r   m i y d i
t e c r i d e
b a k i r e y m i ş s i n
s e r p m i y o r   m u y m u ş u z
p a r ç a l a n ı r ı m
d e ğ i ş m e m e l i y m i ş i m
s ü z d ü l e r
p a r ç a l a n m ı y o r m u ş u m
s ü z m e m i ş   m i y i m
s ü z m e m e l i y d i
p a r ç a l a n ı y o r   o l m a l ı   m ı
g ö ç e r   m i s i n
k e f a l e t t e n
s ü z m e m e l i   m i y m i ş i z
a y r ı m c ı l ı k d a
d e ğ i ş m e m e l i   m i y m i ş
s e r p e r   m i y i z
t e k i l   k a l ı b ı m ı z ı n
p a r ç a l a n m a m ı ş   m ı y ı m
g ö ç m e m e l i y d i
p a r ç a l a n ı r ı z
p a r ç a l a n d ı   m ı
g ö ç m e m i ş   m i y m i ş s i n i z
ö ğ ü t ü c ü y d ü k
p a r ç a l a n a c a k   o l a c a k   m ı y m ı ş ı m
p a r ç a l a n m a z l a r d ı
p a r ç a l a n ı y o r   m u
p a r ç a l a n m ı ş   o l a c a k t ı
p a r ç a l a n m a z
p a r ç a l a n a c a k   o l m a y a c a k m ı ş s ı n
p a r ç a l a n a c a k   o l m a y a c a k l a r m ı ş
p a r ç a l a n d ı   m ı y d ı n ı z
p a r ç a l a n ı y o r   o l a c a k t ı n ı z
p a r ç a l a n ı y o r   o l a c a k l a r   m ı
p a r ç a l a n m a l ı   m ı y m ı ş
p a r ç a l a n m a l ı   m ı y m ı ş ı m
p a r ç a l a n ı r   o l a c a k m ı ş ı m
p a r ç a l a n m e l i
p a r ç a l a n m a y ı n
p a r ç a l a n ı y o r   o l m a z d ı n ı z
p a r ç a l a n m a l ı y m ı ş ı z
p a r ç a l a n a c a k   m ı s ı n ı z
p a r ç a l a n m a y a c a k   m ı y m ı ş ı m
p a r ç a l a n ı y o r   o l m a l ı s ı n ı z
p a r ç a l a n ı y o r   o l m a y a c a k   m ı y m ı ş
p a r ç a l a n m a m ı ş   m ı y ı z
p a r ç a l a n a c a k   o l a c a k s ı n
p a r ç a l a n ı r   o l m a y a c a k l a r m ı ş
p a r ç a l a n a c a k   o l m a y a c a k m ı ş ı z
p a r ç a l a n m a y a c a k   m ı y d ı
p a r ç a l a n ı y o r   o l a c a k   m ı s ı n ı z
p a r ç a l a n a c a k   o l a c a k
p a r ç a l a n ı y o r   o l m a z d ı n
p a r ç a l a n m a m e l i s i n i z
p a r ç a l a n m a m ı ş m ı ş
p a r ç a l a n a c a k t ı k
p a r ç a l a n ı y o r m u ş u m
p a r ç a l a n ı r   m ı y d ı n ı z
p a r ç a l a n m a l ı y m ı ş s ı n
p a r ç a l a n m a l ı   m ı y m ı ş s ı n ı z
p a r ç a l a n ı y o r   o l u r d u n u z
p a r ç a l a n ı y o r   o l m a m a l ı   m ı
p a r ç a l a n a c a k   o l m a y a c a k   m ı s ı n
p a r ç a l a n ı y o r   m u y m u ş s u n u z
p a r ç a l a n m ı y o r l a r d ı
p a r ç a l a n m a d ı y d ı
p a r ç a l a n m ı ş   o l m a y a c a k   m ı y d ı m
p a r ç a l a n m a z d ı
p a r ç a l a n m ı ş   o l m a y a c a k   m ı y ı z
p a r ç a l a n ı y o r   o l m a m a l ı   m ı y d ı n
p a r ç a l a n m a m ı ş   m ı y m ı ş
p a r ç a l a n d ı
p a r ç a l a n m a d ı   m ı y d ı n
p a r ç a l a n m a m ı ş   m ı s ı n ı z
p a r ç a l a n m a z   m ı y ı z
p a r ç a l a n m a m a l ı y d ı m
p a r ç a l a n ı r s ı n
p a r ç a l a n m e l i l e r   m i
p a r ç a l a n m a y a c a k   m ı y m ı ş ı z
p a r ç a l a n m ı ş   o l a c a k t ı n
p a r ç a l a n d ı   m ı y d ı k
p a r ç a l a n m a y a c a k
p a r ç a l a n m a m ı ş
p a r ç a l a n ı y o r   o l m a l ı   m ı y d ı k
p a r ç a l a n m ı ş   o l m a y a c a k   m ı
p a r ç a l a n ı y o r   o l m a l ı l a r
p a r ç a l a n ı y o r   o l m a m a l ı y m ı ş ı z
p a r ç a l a n ı y o r d u n
p a r ç a l a n a c a k   m ı y m ı ş s ı n
p a r ç a l a n ı y o r d u m
p a r ç a l a n m a m a l ı   m ı y d ı m
p a r ç a l a n ı y o r   o l m a y a c a k m ı ş s ı n
p a r ç a l a n ı y o r   o l a c a k   m ı y m ı ş s ı n ı z
p a r ç a l a n m ı ş   o l a c a k   m ı s ı n ı z
p a r ç a l a n a c a k   o l a c a k   m ı s ı n
p a r ç a l a n ı r m ı ş s ı n
p a r ç a l a n ı y o r   o l m a l ı y m ı ş s ı n ı z
p a r ç a l a n ı r s ı n ı z
p a r ç a l a n m a z s ı n
p a r ç a l a n ı y o r s u n u z
p a r ç a l a n m ı y o r   m u
p a r ç a l a n ı y o r   o l m a y a c a k   m ı y d ı n
p a r ç a l a n ı y o r   o l u r   m u y d u n
p a r ç a l a n m a m ı ş t ı n ı z
p a r ç a l a n d ı l a r   m ı y d ı
p a r ç a l a n m a d ı   m ı y d ı m
p a r ç a l a n a c a k m ı ş ı z
p a r ç a l a n ı y o r   o l a c a k   m ı y d ı n ı z
p a r ç a l a n m a m a l ı y d ı n
p a r ç a l a n ı r   m ı y m ı ş s ı n ı z
p a r ç a l a n m ı ş l a r   m ı
p a r ç a l a n ı r l a r   m ı
p a r ç a l a n m ı ş ı m
p a r ç a l a n a c a k m ı ş s ı n
p a r ç a l a n m a m ı ş t ı m
p a r ç a l a n m ı ş m ı ş
p a r ç a l a n a c a k   o l a c a k m ı ş
p a r ç a l a n ı y o r   m u y d u
p a r ç a l a n a c a k   m ı y d ı k
p a r ç a l a n m ı y o r   m u s u n
p a r ç a l a n m ı y o r   m u y m u ş s u n u z
p a r ç a l a n ı y o r   m u y d u n u z
p a r ç a l a n m a d ı k   m ı
p a r ç a l a n m ı ş   o l m a y a c a k t ı k
p a r ç a l a n m ı ş   m ı
p a r ç a l a n ı y o r   o l m a m a l ı l a r m ı ş
p a r ç a l a n m ı ş   o l a c a k l a r   m ı y d ı
p a r ç a l a n m a z   m ı y m ı ş
p a r ç a l a n m a m ı ş m ı ş s ı n ı z
p a r ç a l a n ı y o r l a r   m ı y d ı
p a r ç a l a n ı r   o l m a y a c a k   m ı y m ı ş s ı n ı z
p a r ç a l a n m a m ı ş   m ı y m ı ş ı z
p a r ç a l a n ı y o r   o l m a m a l ı y d ı m
p a r ç a l a n m a m ı ş m ı ş ı m
p a r ç a l a n a c a k l a r m ı ş
p a r ç a l a n ı y o r   o l m a y a c a k
p a r ç a l a n m a m e l i   m i s i n i z
p a r ç a l a n ı y o r   o l m a m a l ı   m ı y m ı ş
p a r ç a l a n ı y o r   o l u r d u m
p a r ç a l a n m a m ı ş l a r d ı
g ö ç m ü y o r m u ş u m
p a r ç a l a n ı y o r   o l u r   m u y d u n u z
p a r ç a l a n m a m ı ş   m ı y m ı ş s ı n ı z
s ü z ü y o r   o l u r l a r   m ı y d ı
d e ğ i ş m i y o r l a r   m ı y m ı ş
d e ğ i ş m i ş i m
d e ğ i ş t i l e r   m i
d e ğ i ş m e y e c e k m i ş i z
d e ğ i ş e c e k t i n i z
d e ğ i ş i y o r   m u y m u ş
d e ğ i ş m e d i l e r
d e ğ i ş i y o r   o l m a m a l ı y ı z
d e ğ i ş m e y e c e k t i k
d e ğ i ş i y o r   m u y d u m
d e ğ i ş i y o r   o l m a m a l ı   m ı y m ı ş ı m
d e ğ i ş m i ş   o l a c a k l a r   m ı y d ı
d e ğ i ş i y o r   o l m a y a c a k   m ı y d ı n
d e ğ i ş i r d i k
d e ğ i ş e c e k   o l a c a k
d e ğ i ş m i ş   o l m a y a c a k   m ı y d ı m
d e ğ i ş e c e k   o l a c a k   m ı s ı n
d e ğ i ş i y o r   o l m a l ı y ı m
d e ğ i ş e c e k   m i s i n i z
d e ğ i ş m e m e l i s i n i z
d e ğ i ş i r   o l a c a k   m ı y m ı ş s ı n
d e ğ i ş m e m i ş   m i y d i k
d e ğ i ş m e m i ş l e r d i
d e ğ i ş i y o r   o l m a m a l ı y d ı m
d e ğ i ş m e m i ş
d e ğ i ş m e d i y d i n i z
d e ğ i ş i r   o l m a y a c a k m ı ş s ı n ı z
d e ğ i ş i y o r   m u
d e ğ i ş m e z m i ş s i n
d e ğ i ş m i ş   o l m a y a c a k t ı n
d e ğ i ş i y o r   o l a c a k   m ı y m ı ş ı z
d e ğ i ş m e l i l e r d i
d e ğ i ş m e m e l i   m i y i m
d e ğ i ş m e l i   m i y m i ş
d e ğ i ş m e m i ş t i k
d e ğ i ş m e z s i n
d e ğ i ş i y o r   o l m a m a l ı s ı n ı z
d e ğ i ş m i y o r l a r   m ı
d e ğ i ş m e m i ş m i ş s i n
d e ğ i ş i y o r   o l a c a k   m ı y d ı k
d e ğ i ş m e y e c e ğ i m
d e ğ i ş i y o r   o l m a l ı   m ı y d ı n
d e ğ i ş e c e k   o l a c a k   m ı y m ı ş ı m
d e ğ i ş i y o r   o l m a z d ı n
d e ğ i ş m e y e c e k s i n
d e ğ i ş m i ş l e r   m i
d e ğ i ş m e z   m i y m i ş s i n
d e ğ i ş m e z   m i y i z
d e ğ i ş i y o r
d e ğ i ş i y o r   o l m a l ı y m ı ş s ı n ı z
d e ğ i ş m i y o r s u n
d e ğ i ş i y o r   o l m a m a l ı y m ı ş ı z
d e ğ i ş m i y o r   m u y m u ş u m
d e ğ i ş m e y e c e k   m i y i m
d e ğ i ş m e z   m i y d i m
d e ğ i ş m i ş   o l a c a k   m ı y d ı
d e ğ i ş m e m e l i s i n
d e ğ i ş t i n i z
d e ğ i ş m e m i ş l e r
d e ğ i ş e c e k   o l m a y a c a k l a r m ı ş
d e ğ i ş i y o r   o l a c a k   m ı y d ı n
d e ğ i ş i r   m i y m i ş i m
d e ğ i ş m e y e c e k   m i y i z
d e ğ i ş m i ş   o l a c a k t ı n
d e ğ i ş i y o r   o l a c a ğ ı z
d e ğ i ş i y o r   o l a c a k   m ı y m ı ş
d e ğ i ş e c e k   o l a c a k m ı ş
d e ğ i ş i y o r u m
d e ğ i ş i y o r   o l m a m a l ı   m ı y m ı ş
d e ğ i ş i y o r   o l m a y a c a k m ı ş s ı n
d e ğ i ş e c e k l e r m i ş
d e ğ i ş e c e k   o l m a y a c a k   m ı y m ı ş ı m
d e ğ i ş i r m i ş
d e ğ i ş i r   o l m a y a c a k   m ı y m ı ş ı z
d e ğ i ş m e m e l i   m i y d i m
d e ğ i ş e c e k   o l a c a ğ ı m
s ü z ü y o r   o l m a m a l ı l a r   m ı y d ı
s e r p i y o r l a r d ı
p a r ç a l a n d ı l a r
s e r p i y o r   o l m a l ı y d ı k
s e r p i y o r   o l m a l ı y d ı n ı z
s e r p m e m i ş t i k
s e r p m e m i ş   m i y m i ş i m
s e r p i y o r   o l m a m a l ı   m ı y d ı n
s e r p m e y i n
s e r p m e d i
s e r p m e m e l i s i n
s e r p m e z   m i y i z
s e r p m i y o r   m u s u n u z
s e r p e r   o l a c a k   m ı y m ı ş s ı n
s e r p m e y e c e k m i ş i m
s e r p m e m i ş   m i y i z
s e r p t i y d i m
s e r p i y o r   m u y m u ş s u n u z
s e r p m e m e l i l e r   m i y m i ş
s e r p e c e k   o l a c a k l a r
s e r p e c e k   o l a c a k l a r m ı ş
s e r p e c e k   o l m a y a c a k m ı ş ı z
s e r p e r   m i y m i ş i m
s e r p m i ş   o l m a y a c a k   m ı y d ı m
s e r p i y o r m u ş u m
s e r p m e m i ş   m i y d i n i z
s e r p i y o r u z
s e r p m e y e c e k m i ş s i n i z
s e r p i y o r   o l a c a ğ ı z
s e r p i y o r   o l m a l ı   m ı y ı m
s e r p m i ş   o l m a y a c a k   m ı y d ı k
s e r p t i   m i y d i
s e r p i y o r   o l m a m a l ı   m ı y d ı m
s e r p m e m e l i   m i s i n
s e r p m i ş   o l m a y a c a k   m ı s ı n ı z
s e r p e c e k   o l m a y a c a k m ı ş s ı n
s e r p m e m e l i   m i
s e r p m e l i y m i ş s i n
s e r p e r   m i y d i n i z
s e r p i y o r   o l m a y a c a k   m ı y m ı ş
s e r p t i m
s e r p i y o r   o l u r   m u y d u n
s e r p m e m i ş   m i y m i ş
s e r p e c e k   o l m a y a c a k l a r m ı ş
s e r p i y o r   o l m a m a l ı s ı n ı z
s e r p i y o r   o l m a m a l ı   m ı y m ı ş ı m
s e r p i y o r   o l m a y a c a k t ı n
s e r p i y o r   o l m a y a c a k   m ı y m ı ş ı z
s e r p m e d i   m i y d i n i z
s e r p i y o r   o l m a m a l ı y ı z
s e r p e c e k   o l a c a ğ ı m
s e r p i y o r
s e r p t i   m i y d i n i z
s e r p m e y e c e k   m i y m i ş i z
s e r p e r   m i y i m
s e r p m e l i
s e r p i y o r   o l m a z d ı n ı z
s e r p i y o r   o l m a m a l ı   m ı y ı z
s e r p m e d i y d i
s e r p e r s i n
s e r p m e m e l i y d i n i z
s e r p m e d i y d i n
s e r p e c e k   m i y d i
s e r p i y o r   o l m a y a c a k   m ı
s e r p e r   o l a c a k m ı ş ı m
s e r p m i y o r l a r   m ı
s e r p e r   m i y m i ş s i n i z
s e r p m i ş m i ş i m
s e r p i y o r   o l m a y a c a k t ı n ı z
s e r p m i ş l e r   m i
s e r p m e l i l e r   m i
s e r p m i ş   o l m a y a c a k t ı k
s e r p e c e k   o l m a y a c a k   m ı y m ı ş ı m
s e r p m e y e c e k   m i y d i
s e r p m i ş   o l a c a k t ı
s e r p e r l e r   m i
s e r p i y o r   o l m a l ı y ı m
s e r p i y o r   o l u r d u n u z
s e r p m e m i ş m i ş s i n i z
s e r p e r   o l a c a k m ı ş s ı n
s e r p m e d i n
s e r p m i ş m i ş
s e r p i y o r   o l a c a ğ ı m
s e r p m e l i   m i y i z
s e r p m e y e c e ğ i m
s e r p m e m i ş   m i y d i
s e r p m e z   m i y d i m
s e r p e c e k   o l a c a k   m ı y ı z
s e r p m e l i y d i n i z
s e r p m i ş   o l a c a k   m ı y d ı
s e r p i y o r   o l a c a k   m ı s ı n ı z
s e r p t i m   m i
s e r p t i n i z
s e r p i y o r   o l a c a k t ı
s e r p m e z   m i y m i ş
s e r p m e m i ş m i ş s i n
s e r p m i y o r l a r   m ı y m ı ş
s e r p i y o r m u ş u z
s e r p e c e k t i n i z
s e r p i y o r   o l m a m a l ı l a r d ı
s e r p m e z   m i y m i ş s i n
s e r p i y o r s u n u z
s e r p m e l i l e r
s e r p m e l i l e r d i
s e r p i y o r   o l m a y a c a k l a r m ı ş
s e r p e c e k m i ş s i n
s e r p m e k
s e r p m e z   m i y i m
s e r p m e l i y d i k
s e r p i y o r   o l m a l ı   m ı y d ı k
s e r p e c e k   m i y m i ş i m
s e r p e r m i ş s i n
s e r p m i y o r l a r m ı ş
s e r p m e d i   m i y d i n
s e r p i y o r   o l m a m a l ı   m ı y m ı ş ı z
s e r p m i y o r   m u y m u ş u m
s e r p m e y e c e k t i k
s e r p i y o r   o l m a m a l ı y ı m
s e r p e c e k   m i s i n i z
s e r p m i ş   o l m a y a c a k l a r   m ı
s e r p m i ş   o l m a y a c a k l a r   m ı y d ı
s e r p m e m i ş   m i y m i ş i z
s e r p e c e k   o l a c a k s ı n
s e r p m i ş   o l m a y a c a k   m ı y ı z
s e r p m i ş t i
s e r p i y o r   o l m a m a l ı y m ı ş ı z
s e r p m e z l e r   m i
s e r p m i ş   o l m a y a c a k   m ı y ı m
s e r p m e y e c e k
s e r p m e z   m i s i n
s e r p m e y e c e k   m i y m i ş i m
s e r p m e m i ş l e r
s e r p m e m i ş m i ş i m
s e r p i y o r   o l u r d u m
s e r p m e d i y d i n i z
s e r p e r m i ş i z
s e r p m i ş   o l a c a k   m ı y d ı n
s e r p m e l i   m i y m i ş
s e r p i y o r   o l m a m a l ı   m ı s ı n ı z
s e r p i y o r   o l a c a k   m ı y m ı ş ı z
s e r p m i ş   o l a c a k l a r
s e r p m e z m i ş
s e r p m i ş   o l m a y a c a k
s e r p i y o r   o l m a m a l ı   m ı y m ı ş
s e r p t i y d i n
s e r p m e d i k   m i
s e r p e r   m i
s e r p m e d i l e r d i
s e r p i y o r   o l m a m a l ı   m ı
s e r p i y o r   o l u r l a r   m ı y d ı
s e r p i y o r   o l a c a k l a r   m ı y d ı
ö ğ ü t ü c ü y m ü ş s ü n
s ü z m e m i ş l e r   m i y m i ş
p a r ç a l a n ı y o r l a r d ı
g ö ç ü y o r   o l m a m a l ı y d ı n ı z
s e r p m e m i ş l e r   m i y m i ş
g ö ç t ü k   m ü
s ü z d ü   m ü
s e r p t i k   m i
s e r p i y o r   o l m a y a c a k l a r   m ı y m ı ş
s ü z ü y o r   o l m a y a c a k   m ı y m ı ş ı m
s ü z m e z m i ş s i n
s ü z e r   o l a c a k   m ı y m ı ş s ı n
s ü z ü y o r   o l m a m a l ı y ı z
s ü z ü y o r   o l m a y a c a k   m ı y d ı n
s ü z ü y o r   o l u r d u m
s ü z d ü l e r   m i
s ü z m e m i ş m i ş s i n i z
s ü z m e y e c e k t i k
s ü z e r   o l m a y a c a k   m ı y m ı ş ı z
s ü z m ü y o r l a r m ı ş
s ü z m e m i ş   m i y d i m
s ü z ü y o r   o l a c a k   m ı y ı m
s ü z m ü y o r   m u s u n u z
s ü z m e l i   m i y m i ş
s ü z m e z
s ü z m e y e c e k
s ü z m e m i ş   m i y m i ş i m
s ü z e r m i ş i z
s ü z m e d i y d i n
s ü z e c e k   o l m a y a c a k   m ı s ı n
s ü z m e m i ş t i m
s ü z ü y o r   o l a c a k l a r   m ı
s ü z m ü y o r   m u
s ü z ü y o r   o l a c a k   m ı s ı n ı z
s ü z ü y o r
s ü z ü y o r   o l m a l ı y d ı n
s ü z e c e k   m i s i n i z
s ü z e c e k   o l a c a k l a r
s ü z e c e k m i ş i z
s ü z ü y o r u m
s ü z ü y o r   m u y d u m
s ü z e c e k m i ş s i n
s ü z ü y o r   m u y m u ş s u n
s ü z m e y e c e k s i n
s ü z ü y o r   o l m a m a l ı   m ı s ı n ı z
s ü z m e m i ş   m i y i z
s ü z m e l i l e r d i
s ü z e c e k   o l a c a k   m ı y m ı ş ı m
s ü z m e z s i n
s ü z e r m i ş
s ü z ü y o r   o l m a l ı y d ı n ı z
s ü z m e y e c e k m i ş s i n i z
s ü z ü y o r   o l m a y a c a k   m ı y m ı ş
s ü z m ü ş ü m
s ü z e r   o l m a y a c a k   m ı y m ı ş s ı n ı z
s ü z e c e k t i k
s ü z m e z m i ş s i n i z
s ü z m e z m i ş
s ü z d ü m   m ü
s ü z m ü y o r s u n
s ü z m ü ş   m ü y m ü ş s ü n
s ü z e r s i n i z
s ü z m ü ş   o l m a y a c a k t ı k
s ü z e r   o l m a y a c a k m ı ş ı m
s ü z m ü ş l e r   m i
s ü z m ü ş m ü ş
s ü z m ü y o r   m u y m u ş s u n u z
s ü z ü y o r   o l a c a k   m ı y m ı ş s ı n ı z
s ü z ü y o r   o l m a l ı   m ı y d ı
s ü z d ü y d ü n
s ü z m e y e c e k   m i y m i ş
s ü z ü y o r   o l m a m a l ı   m ı y m ı ş ı z
s ü z ü y o r   o l m a y a c a k l a r m ı ş
s ü z d ü n ü z
s ü z ü y o r   o l m a y a c a k t ı n ı z
s ü z e r   o l m a y a c a k   m ı y m ı ş ı m
s ü z e c e k   o l m a y a c a k m ı ş
s ü z ü y o r   o l a c a k   m ı y m ı ş ı m
s ü z m ü ş   o l a c a k   m ı y d ı
s ü z ü y o r   o l a c a ğ ı z
s ü z ü y o r   o l m a m a l ı l a r d ı
s ü z ü y o r   m u y m u ş
s ü z e r   m i y m i ş s i n i z
s ü z m ü ş   o l m a y a c a k   m ı
s ü z e r d i k
s ü z m ü ş   m ü y ü z
s ü z m e m i ş   m i y d i n
s ü z ü y o r   o l a c a k   m ı y m ı ş ı z
s ü z m e l i   m i y m i ş i z
s ü z m ü ş   o l m a y a c a k t ı n
s ü z m e m i ş   m i s i n i z
s ü z m ü y o r l a r   m ı
s ü z m e m i ş m i ş s i n
s ü z e r s i n
s ü z m e d i   m i y d i n
s ü z ü y o r   o l m a l ı l a r   m ı y m ı ş
s ü z m e m e l i   m i y d i m
s ü z m e d i n
s ü z m e m i ş t i k
s ü z e r l e r   m i
s ü z m ü y o r l a r d ı
s ü z e c e k   o l a c a k m ı ş
s ü z m e l i y m i ş s i n
s ü z m ü ş   o l a c a k   m ı y d ı n
s ü z m e d i   m i y d i n i z
s ü z ü y o r   o l a c a k t ı
s ü z ü y o r   o l a c a k   m ı y m ı ş
s ü z m e y e c e k   m i y m i ş i m
s ü z m e d i l e r   m i
s ü z e c e k   o l m a y a c a k m ı ş ı z
s ü z e c e k l e r m i ş
s ü z m e d i y d i
s ü z ü y o r m u ş u z
s ü z ü y o r   o l m a y a c a k m ı ş s ı n
s ü z m e z   m i y i m
s ü z m e z   m i y i z
s ü z ü y o r   m u y d u n u z
s ü z ü y o r   o l a c a k s ı n ı z
s ü z ü y o r   m u y m u ş u m
s ü z e r   m i y d i n i z
s ü z d ü   m ü y d ü
s ü z e c e k   m i y m i ş s i n
s ü z ü y o r   o l m a y a c a k m ı ş ı m
s ü z ü y o r   o l m a m a l ı s ı n ı z
s ü z e c e k   m i y d i n
s ü z m ü y o r m u ş s u n u z
s ü z ü y o r   o l m a m a l ı   m ı y d ı m
s ü z m ü y o r l a r   m ı y m ı ş
s ü z e c e k   o l a c a k l a r m ı ş
s ü z m e m e l i y d i n i z
s ü z m e m i ş m i ş
s ü z m e z s i n i z
s ü z e r   o l m a y a c a k   m ı y m ı ş s ı n
s ü z m ü ş   o l a c a k l a r   m ı y d ı
s ü z m ü y o r d u k
s ü z e c e k   m i y d i k
s ü z e r l e r
s ü z m e m i ş   m i y m i ş i z
s ü z m e l i   m i y m i ş s i n i z
s ü z m ü ş   m ü y d ü m
s ü z d ü y d ü n ü z
s ü z m ü ş   o l m a y a c a k   m ı y d ı m
s ü z m ü ş   o l m a y a c a ğ ı m
s ü z ü y o r   o l m a l ı   m ı y d ı n
s ü z m ü ş   m ü
s ü z e c e k   o l a c a ğ ı m
s ü z m e z d i
s ü z m e
s ü z ü y o r m u ş u m
s ü z e r   o l a c a k m ı ş
u s u l
s e r p m e d i l e r   m i y d i
g ö ç t ü y d ü n ü z
g ö ç ü y o r   m u y d u m
g ö ç m ü ş   m ü y d ü m
g ö ç e c e k   m i y d i n
g ö ç ü y o r   o l a c a k   m ı y d ı n ı z
g ö ç m e y i n
g ö ç e r   m i y m i ş s i n i z
g ö ç m e y e c e k   m i y i z
g ö ç t ü y d ü n
g ö ç m ü ş   o l m a y a c a k
g ö ç e r   o l m a y a c a k   m ı y m ı ş s ı n
g ö ç m e z   m i y d i m
g ö ç ü y o r   o l m a l ı y d ı n
g ö ç ü y o r   o l m a m a l ı   m ı y m ı ş ı z
g ö ç ü y o r   o l a c a k   m ı s ı n ı z
g ö ç m ü ş t ü
g ö ç e c e k   o l a c a k l a r m ı ş
g ö ç m e z
g ö ç m e m e l i   m i
g ö ç e c e k   m i y d i
g ö ç m ü ş   o l m a y a c a ğ ı m
g ö ç m e z l e r   m i
g ö ç ü y o r   o l m a y a c a k t ı n
g ö ç ü y o r   o l m a l ı   m ı y d ı
g ö ç ü y o r s u n u z
g ö ç ü y o r   o l m a l ı   m ı y d ı k
g ö ç t ü
g ö ç ü y o r   m u
g ö ç m e z   m i s i n
g ö ç e r   o l m a y a c a k m ı ş ı m
g ö ç e c e k   o l a c a k   m ı y m ı ş ı m
g ö ç ü y o r u z
g ö ç m ü ş   o l m a y a c a k t ı k
g ö ç ü y o r l a r   m ı y d ı
g ö ç m e y e c e k   m i y m i ş
g ö ç m ü ş   o l a c a k l a r   m ı y d ı
g ö ç m ü y o r   m u s u n u z
g ö ç m e z   m i y m i ş
g ö ç m ü y o r l a r m ı ş
g ö ç m ü ş   o l m a y a c a k   m ı y d ı k
g ö ç e r   o l m a y a c a k m ı ş s ı n ı z
g ö ç m ü ş   o l m a y a c a k l a r d ı
g ö ç e c e k   m i s i n i z
g ö ç m e l i   m i y m i ş i m
g ö ç ü y o r   o l a c a k s ı n ı z
g ö ç m ü ş l e r   m i
g ö ç m e z s i n
g ö ç e c e k   o l a c a k m ı ş
g ö ç ü y o r   o l m a m a l ı y ı m
g ö ç ü y o r   m u y m u ş s u n
g ö ç m e m e l i   m i y i m
g ö ç m ü ş   o l a c a k   m ı s ı n ı z
g ö ç e r s i n i z
g ö ç m ü ş   o l m a y a c a k l a r   m ı
g ö ç m e m i ş   m i y d i
g ö ç e c e k   o l m a y a c a k m ı ş s ı n
g ö ç ü y o r   o l m a m a l ı   m ı y ı z
g ö ç e c e k   o l a c a k m ı ş ı m
g ö ç e r l e r
g ö ç m e l i y m i ş s i n
g ö ç e r   o l m a y a c a k   m ı y m ı ş ı z
g ö ç m e d i y d i
g ö ç e c e k   m i y m i ş s i n
g ö ç ü y o r d u n
g ö ç m ü ş   o l m a y a c a k   m ı y ı m
g ö ç e c e k   o l m a y a c a k   m ı y ı m
g ö ç e c e k t i n i z
g ö ç m ü y o r   m u s u n
g ö ç m e d i y d i n i z
g ö ç m e d i l e r
g ö ç m e y e c e k m i ş i z
g ö ç t ü l e r   m i y d i
g ö ç m e l i l e r d i
g ö ç ü y o r   o l a c a ğ ı m
g ö ç m ü ş   o l a c a k t ı m
g ö ç ü y o r   o l m a m a l ı   m ı
g ö ç m e m e l i l e r   m i y m i ş
g ö ç ü y o r   o l a c a k t ı n ı z
g ö ç ü y o r   o l m a l ı y d ı n ı z
g ö ç m e y e c e k
g ö ç ü y o r   o l u r   m u y d u n
g ö ç m e m e l i y d i m
g ö ç e c e k   o l m a y a c a k   m ı s ı n
g ö ç m e y e c e k t i k
g ö ç ü y o r   o l a c a k   m ı y m ı ş
g ö ç ü y o r   o l m a l ı l a r   m ı y m ı ş
g ö ç e c e k   m i y d i k
g ö ç ü y o r   o l m a y a c a k   m ı y m ı ş ı m
g ö ç ü y o r   o l a c a k l a r d ı
g ö ç m e d i y d i n
g ö ç ü y o r   m u y d u
g ö ç m e l i
g ö ç m e z l e r d i
g ö ç m e m i ş t i n i z
g ö ç m e d i l e r   m i
g ö ç m e m e l i   m i y d i k
g ö ç e r m i ş s i n
g ö ç m e m e l i y d i n
g ö ç ü y o r   o l m a m a l ı   m ı s ı n ı z
g ö ç m ü y o r d u k
g ö ç m ü ş   m ü
g ö ç ü y o r   o l m a m a l ı y ı z
g ö ç m e l i   m i y i z
g ö ç m ü ş   o l m a y a c a k   m ı y d ı m
g ö ç ü y o r   o l m a l ı l a r   m ı
g ö ç ü y o r   o l m a m a l ı   m ı y d ı n
g ö ç m e y e c e k s i n
g ö ç e r   m i y m i ş i m
g ö ç e c e k   o l a c a k   m ı y ı z
g ö ç m e z m i ş s i n
g ö ç ü y o r   o l a c a ğ ı z
g ö ç e c e k m i ş i z
g ö ç e r   o l a c a k m ı ş s ı n
g ö ç m e m i ş   m i y m i ş i z
g ö ç e r m i ş
g ö ç ü y o r   o l m a l ı   m ı y ı m
g ö ç e r s i n
g ö ç ü y o r u m
g ö ç m e m i ş m i ş
g ö ç e c e k   o l m a y a c a k m ı ş ı z
g ö ç m e z s i n i z
g ö ç m e m i ş l e r
g ö ç m e m e l i s i n
g ö ç e c e k   o l a c a k s ı n
g ö ç m e z d i
g ö ç m e l i y d i k
g ö ç ü y o r
g ö ç m e m i ş t i m
g ö ç ü y o r   o l m a y a c a k l a r m ı ş
g ö ç m e m i ş   m i y d i m
g ö ç t ü y d ü m
g ö ç ü y o r   o l m a l ı y ı m
g ö ç m e m e l i   m i s i n i z
g ö ç m e m i ş m i ş s i n
g ö ç ü y o r   o l m a m a l ı y d ı m
g ö ç e c e k   o l a c a ğ ı m
g ö ç m e l i   m i y d i m
m e f h u m a
s ü z m ü ş   o l m a y a c a k   m ı y d ı n ı z
s e r p m i ş   o l m a y a c a k   m ı y d ı n ı z
s ü z ü y o r   o l m a y a c a k   m ı y d ı n ı z
g ö ç ü y o r   o l a c a k l a r   m ı y d ı
d e ğ i ş m i ş   o l a c a k   m ı y d ı n ı z
g ö ç ü y o r   o l m a y a c a k   m ı y d ı m
g ö ç ü y o r   o l m a y a c a k   m ı y d ı n ı z
s ü z m ü ş   o l a c a k l a r   m ı
s ü z e c e k   o l m a y a c a k   m ı y ı z
t e k i l   k a l ı p l a r ı n ı z
t e k i l   k a l ı p l a r ı n ı
s ü z m e m i ş l e r   m i y d i
g ö ç m e m i ş   m i y m i ş s i n
s e r p e r l e r   m i y m i ş
u s u l a
g ö ç m ü ş   o l m a y a c a k t ı m
s e r p m e l i   m i s i n i z
s ü z e r   o l a c a k l a r m ı ş
g ö ç m ü ş   o l m a y a c a k s ı n
a y r ı m c ı l ı k l a r d ı n ı z
s e r p m e z l e r   m i y d i
i s t i r i d y e l e r i m i z
t e c r i d i n i z d e n
