m e f h u m l a r ı
b a m y a l a r ı m ı z a
a v u k a t ı n d a
m e f h u m l a r ı n
a v u k a t t a
a v u k a t ı n ı z d a
m e f h u m l a r ı n ı
a y r ı m c ı l ı k l a r ı n d a
a v u k a t t ı n ı z
a v u k a t l a r s ı n
a v u k a t t ı m
a v u k a t l a r ı z
a v u k a t l a r ı n d a
k a t e g o r i s i n d e
ç i z g i l e r d e
b a m y a l a r d ı k
ç i z g i
m e f h u m l a r d a
a v u k a t l a r ı n ı z a
a v u k a t ı n d a n
ö ğ ü t ü c ü n ü z d e
t o p o l o j i n i z d e
b ü s t l e r i m i z
k u r b a ğ a c ı k l a r ı n
a y r ı m c ı l ı k l a r m ı ş ı z
s ü z ü y o r   o l a c a k l a r
k a t e g o r i l e r d e
ö ğ ü t ü c ü l e r i n i z e
p e n i s i n e
ç i z g i m i z e
ç i z g i l e r m i ş s i n
s e r p i y o r s u n
b a m y a l a r m ı ş ı m
a y r ı m c ı l ı k l a r ı n ı
a y r ı m c ı l ı k l a r ı m ı z a
b a m y a s ı n ı z
m i l y o n e r i n
g ö ç ü y o r   o l m a l ı   m ı y m ı ş
m i l y o n e r l e r
s e r p i y o r   o l m a z   m ı y d ı m
ç i z g i n i n
b ü s t l e r i m i z d e n
t o p o l o j i l e r i
s ü z ü y o r   o l m a y a c a k   m ı y d ı k
p e n i s i n
k a t e g o r i l e r i m i z d e
k u r b a ğ a c ı k l a r ı n d a n
k a t e g o r i l e r i n i z d e
s e r p e r d i
p e n i s i n i z i
b a k i r e l e r i m i z d e n
g ö ç ü y o r   o l m a m a l ı   m ı y ı m
b a k i r e l e r m i ş i m
d e ğ i ş i y o r   o l a c a k l a r m ı ş
d e ğ i ş i y o r m u ş
m e f h u m u
ç i z g i l e r i n i z i
ç i z g i l e r m i ş i m
t e k i l   k a l ı p l a r ı n
t e k i l   k a l ı p l a r ı n ı z ı
s ü z ü y o r   o l m a y a c a k   m ı y m ı ş s ı n
m e f h u m u n
g ö ç ü y o r   o l m a y a c a k   m ı s ı n ı z
m i l y o n e r l e r i m i z d e
e r n e k l e r i m i z d e n
s ü z m e y e c e k t i n i z
ç i z g i l e r m i ş
y a n   t ü m c e l e r i m i z e
s e s t e ş
p e n i s l e r d e n
p a r ç a l a n m ı ş s ı n
m i l y o n e r l e r i n i z e
y a n   t ü m c e n e
t e k i l   k a l ı p l a r ı n ı z a
t e c r i t l e r
ç i z g i l e r i n i n
y e r l e r m i ş i m
p e n i s i n e
p e n i s i n i
b a m y a s ı n d a
b a m y a n ı n
p a r ç a l a n m a z   m ı y d ı n ı z
d e ğ i ş m i ş   o l a c a k   m ı
s e r p m e y e c e k t i
s e r p i y o r   o l u r   m u y d u
ö r d e k l e r i n i z e
g ö ç m ü ş   o l a c a k   m ı y d ı k
ö r d e k l e r i n d e n
p e n i s i n d e
m i l y o n e r l e r i n e
m i l y o n e r l e r i n i
b a k i r e n i
p e n i s l e r i n d e n
s ü z m e l i   m i y d i
g ö ç m ü ş t ü k
p a r ç a l a n ı y o r   o l a c a k   m ı s ı n
t o p o l o j i l e r i n e
ö r d e k l e r i n
s e r p e c e k   o l a c a k   m ı y m ı ş s ı n ı z
s e s t e ş i n d e
s e r p i y o r   o l m a z   m ı y d ı n ı z
y e r l e r i n i
t e k i l   k a l ı p l a r ı n ı n
s e r p e c e k   o l m a y a c a k   m ı y m ı ş s ı n ı z
s ü z ü y o r   o l m a l ı   m ı y m ı ş s ı n ı z
m a k i n e l e r i n e
e r n e ğ i n i z d e
ö r d e k l e r i
t e c r i t l e r d e
s e r p i y o r   o l m a y a c a ğ ı z
ç i z g i l e r d i k
t o p o l o j i l e r i m i z d e n
b ü s t l e r i n d e n
i s t i r i d y e l e r i n e
p e n i s l e r i n i
t e k i l   k a l ı p l a r ı n ı n
p a r ç a l a n m a y a c a k t ı n ı z
y e r i n d e
t o p o l o j i l e r i n i z i n
s e s t e ş l e r i m i z
s e r p m e m i ş s i n
y e r l e r i n
p a r ç a l a n a c a k   o l a c a k   m ı y m ı ş s ı n
e r n e k
i s t i r i d y e l e r i m i z d e n
y e r i n d e
e r n e ğ i n i z d e n
e r n e ğ i n i
s ü z e r   o l a c a k   m ı y m ı ş ı z
k u r b a ğ a c ı k l a r ı m ı z d a n
b a m y a l a r ı n ı z a
d e ğ i ş m i ş l e r
t o p o l o j i l e r i n e
d e ğ i ş i y o r   o l m a y a c a ğ ı z
d e n e y i m l e r i m i z
k e f a l e t l e r d e n
d e ğ i ş m i ş t i n
y e r l e r i n i
a y r ı m c ı l ı ğ ı m ı z ı
e r n e k l e r i n i z
g ö ç ü y o r   o l m a y a c a k l a r   m ı y d ı
d e n e y i m l e r i n e
ö r d e ğ i n
p a r ç a l a n ı y o r   o l m a y a c a k m ı ş ı z
d e ğ i ş m i ş   o l a c a k   m ı y d ı k
ö r d e k l e r i n i n
y e r i n i
m a k i n e l e r i n i z d e n
p a r ç a l a n ı y o r   o l m a y a c a k s ı n
s e r p e r l e r m i ş
p a r ç a l a n ı y o r   o l m a m a l ı y d ı k
h e n d e s e l e r i n i z i n
p a r ç a l a n a c a k   m ı y d ı n ı z
g ö ç ü y o r   o l m a l ı y d ı
y a n   t ü m c e l e r i n i z d e n
m i l y o n e r d e n
s e r p m e l i y d i n
m i l y o n e r d i
s ü z e c e k   o l m a y a c a k   m ı s ı n ı z
s e s t e ş l e r i n e
p a r ç a l a n ı r   o l a c a k   m ı y m ı ş s ı n ı z
s ü z e r l e r m i ş
e r n e k l e r i n e
a v u k a t ı n ı z ı n
ç i z g i y d i n i z
d e ğ i ş e c e k   o l a c a k l a r   m ı
d e ğ i ş m i y o r d u n u z
p a r ç a l a n a c a k t ı m
t e c r i d i n i z i
p e n i s i
a y r ı m c ı l ı k m ı ş l a r
a y r ı m c ı l ı k m ı ş s ı n
a y r ı m c ı l ı k l a r s ı n
a y r ı m c ı l ı k l a r s ı n ı z
p a r ç a l a n a c a k
p a r ç a l a n ı r d ı
t e c r i t l e r i n i z d e n
y a n   t ü m c e y i
k u r b a ğ a c ı k l a r ı n a
s e r p e c e k   o l m a y a c a ğ ı z
t e c r i d i n i z
p a r ç a l a n a c a k l a r d ı
ö r d e k l e r i m i z e
b a k i r e l e r s i n
b a k i r e l e r d i
b a k i r e l e r i z
p a r ç a l a n ı y o r   o l m a y a c a k m ı ş
a v u k a t s ı n ı z
m e f h u m u n u
d ü z e n l e n e b i l i r l i k l e r
e r n e k s i n i z
d e ğ i ş m e l i y d i m
p a r ç a l a n m ı y o r u m
a v u k a t s ı n
d e ğ i ş m e l i   m i
t e k i l   k a l ı p l a r ı n ı z d a n
s e s t e ş i n i
p a r ç a l a n ı y o r   o l m a z d ı m
d ü z e n l e n e b i l i r l i k l e r i n d e n
d ü z e n l e n e b i l i r l i ğ i n i z
s e s t e ş l e r i n i z d e n
g ö ç ü y o r   o l m a l ı y d ı m
k a t e g o r i l e r i n i n
d e ğ i ş i r   o l a c a k l a r m ı ş
h e n d e s e l e r i n e
e r n e k l e r e
g ö ç m ü ş   o l a c a k   m ı y d ı n ı z
d e ğ i ş i y o r   o l m a m a l ı y d ı k
p a r ç a l a n m ı ş   o l a c a k l a r d ı
k a t e g o r i n i n
s e r p e c e k   o l m a y a c a k
b a m y a n ı z d a
h e n d e s e y e
p e n i s i
d ü z e n l e n e b i l i r l i ğ i n
s e r p m e m i ş l e r   m i y d i
t e k i l   k a l ı b ı n ı z ı
p a r ç a l a n m a d ı   m ı y d ı k
k e f a l e t l e r i n i z d e n
p a r ç a l a n ı y o r   o l m a l ı y m ı ş
d e ğ i ş i y o r   o l m a l ı y d ı m
m a k i n e m i z i n
m i l y o n e r i n d e n
ö r d e ğ i
b a m y a n ı
d e n e y i m i n i z d e
h e n d e s e s i n i n
k u r b a ğ a c ı k t a
t o p o l o j i l e r i n i z d e n
h e n d e s e s i
s ü z m ü y o r   m u y d u k
m e f h u m d a
ö r d e ğ i
d e ğ i ş e c e k t i m
e r n e ğ i n d e
d e n e y i m l e r i n i z d e n
t o p o l o j i s i n i n
k e f a l e t e
t e k i l   k a l ı b ı n a
s e s t e ş l e r e
t e c r i t l e r i n d e
p a r ç a l a n ı r l a r   m ı y d ı
m i l y o n e r l e r d i r
p a r ç a l a n m e l i y i m
s e r p i n
p a r ç a l a n m ı ş   o l a c a k s ı n ı z
t e c r i d i n i n
s e r p e c e k   o l m a y a c a ğ ı m
d e ğ i ş i r   o l a c a k   m ı y m ı ş
s ü z e c e k   o l a c a k l a r   m ı y m ı ş
