m i l y o n e r l e r d i n i z
p a r ç a l a n a c a k m ı ş s ı n ı z
d e ğ i ş i y o r   o l m a y a c a k l a r   m ı
s e r p e c e k   o l a c a k m ı ş s ı n ı z
s e r p i y o r   o l m a z   m ı y d ı n ı z
t e k i l   k a l ı b ı n a
d e n e y i m l e r i n i n
s e r p i y o r   o l m a y a c a k   m ı s ı n
a y r ı m c ı l ı k l a r
d e ğ i ş i r m i ş s i n i z
y e r i n d e
s e r p i y o r   o l m a y a c a k t ı n
y e r l e r i n i
d e ğ i ş i y o r   o l m a y a c a k   m ı y ı m
d e ğ i ş m e l i   m i y i m
p a r ç a l a n ı y o r   o l m a m a l ı   m ı y d ı k
p a r ç a l a n m ı y o r l a r
s ü z m e d i y d i m
p a r ç a l a n ı y o r m u ş u m
d e ğ i ş e c e k   o l m a y a c a k l a r   m ı y m ı ş
s ü z ü y o r   m u y d u n u z
a v u k a t l a r d ı m
s e r p i y o r l a r d ı
s e r p i y o r   o l m a m a l ı s ı n
a v u k a t t a n
e r n e k l e r i n e
g ö ç ü y o r   o l m a l ı l a r   m ı y m ı ş
ö r d e k l e r i n i z d e
h e n d e s e s i n i n
g ö ç ü y o r d u n u z
g ö ç e c e k   o l a c a k m ı ş ı m
d e ğ i ş i y o r l a r d ı
a l f a   s ü r ü m l e r i n d e n
d e ğ i ş m e m e l i y i z
s e r p m e m i ş   m i y m i ş i m
g ö ç ü y o r l a r   m ı y d ı
s ü z ü y o r m u ş u z
d e ğ i ş m i ş l e r d i
s e r p m e m i ş   m i y d i
a v u k a t t a
y e r l e r i n i
d e ğ i ş m i ş   m i s i n
s ü z e r   o l m a y a c a k   m ı y m ı ş s ı n ı z
p a r ç a l a n m a m
d e ğ i ş m i y o r   m u y u m
d e ğ i ş i y o r   o l m a y a c a k   m ı y d ı m
k u r b a ğ a c ı ğ ı n d a
g ö ç ü y o r   o l m a m a l ı y ı z
g ö ç m ü y o r   m u s u n
d e ğ i ş i y o r   o l m a m a l ı   m ı y d ı
m e f h u m u n u n
g ö ç ü y o r u m
s ü z m ü ş l e r m i ş
s e r p m i y o r   m u y d u n u z
d e ğ i ş m i y o r   m u y m u ş
g ö ç ü y o r   o l m a y a c a k   m ı y d ı m
s ü z ü y o r   o l m a l ı   m ı y d ı n
p a r ç a l a n m a z   m ı y m ı ş ı z
t e k i l   k a l ı p l a r ı n ı n
d e ğ i ş m e l i y d i m
ç i z g i l e r i n i n
s e r p m e y e c e k m i ş i m
ö r d e ğ i n i z d e n
s ü z m e z   m i y i m
p a r ç a l a n m ı ş   o l a c a k   m ı s ı n ı z
ö r d e ğ i n
s ü z m e d i   m i
k u r b a ğ a c ı ğ ı n ı
p a r ç a l a n ı y o r l a r d ı
h e n d e s e l e r i n d e
k e f a l e t i n i n
ç i z g i l e r i n
y e r i n i
s ü z ü y o r   o l a c a k   m ı y m ı ş
s ü z ü y o r   m u y m u ş u m
s e r p i y o r   o l m a m a l ı l a r d ı
g ö ç ü y o r   o l m a l ı   m ı y ı m
ç i z g i l e r i n i z e
s ü z m e d i y d i
s ü z ü y o r   m u y d u m
t o p o l o j i n i z
d e ğ i ş i y o r   o l u r l a r   m ı y d ı
d e ğ i ş i y o r   o l m a l ı   m ı y ı z
ü z g ü n   d e ğ i l   m i y m i ş i z ?
s ü z ü y o r   m u y d u k
i s t i r i d y e n
g ö ç m e l i y m i ş s i n
d e ğ i ş m e m i ş   m i
u s u l l a r
s ü z e c e k m i ş s i n i z
m i l y o n e r l e r i n i z i
ç i z g i l e r m i ş s i n
d e n e y i m i n d e
ç i z g i m i z e
k e f a l e t l e r i
k u r b a ğ a c ı k l a r ı n
d e ğ i ş m i y o r   m u y m u ş u z
s e r p m i y o r   m u y d u k
g ö ç e c e k   m i s i n i z
p a r ç a l a n ı y o r   o l m a m a l ı y m ı ş ı z
g ö ç e r   o l m a y a c a k m ı ş
s e r p e c e k   m i y m i ş i m
k u r b a ğ a c ı ğ ı n ı z d a n
s e r p m e m i ş m i ş i m
s e r p m i ş   o l m a y a c a k   m ı y d ı n ı z
ç i z g i l e r i n i z d e
a y r ı m c ı l ı k l a r
k u r b a ğ a c ı ğ ı m ı z d a
h e n d e s e l e r i n i z d e n
d e ğ i ş m e y e c e k l e r
s e r p i y o r   o l a c a k   m ı
b a m y a l a r a
b a m y a l a r ı n ı z a
d ü z e n l e n e b i l i r l i ğ i n i z
s ü z m ü ş   o l m a y a c a k   m ı y d ı m
s e r p m e z   m i y m i ş i z
y a n   t ü m c e s i n d e n
p e n i s l e r i n i z i n
s e r p i y o r   o l m a l ı   m ı y ı m
g ö ç m ü ş   o l m a y a c a ğ ı m
p a r ç a l a n m a z
d e ğ i ş m e m e l i l e r d i
t o p o l o j i l e r i n e
g ö ç ü y o r   m u y d u k
s e r p m e m i ş l e r m i ş
d e ğ i ş e c e k l e r d i
ü z g ü n   m ü y d ü m ?
ö r d e ğ i
t o p o l o j i l e r i n i n
s e r p i y o r   o l m a m a l ı y m ı ş ı z
g ö ç m ü ş l e r   m i y d i
s e r p m e l i y d i n i z
g ö ç m ü ş   o l m a y a c a k l a r   m ı
s e r p i y o r   o l m a m a l ı l a r
d e ğ i ş i r   o l a c a k l a r m ı ş
s ü z m e m i ş t i k
g ö ç m e z   m i y m i ş i z
s e r p m e y e c e k   m i s i n
p a r ç a l a n a c a k   o l a c a k m ı ş s ı n ı z
i s t i r i d y e d e n
s e r p m e l i l e r   m i y d i
p a r ç a l a n ı y o r   m u y d u k
b a k i r e y e
ö ğ ü t ü c ü l e r i m i z d e
s ü z m ü ş ü m
k e f a l e t i n i z i
p a r ç a l a n ı r ı z
s e r p i y o r   o l u r   m u y d u
d e ğ i ş i y o r   o l a c a k   m ı y d ı m
p a r ç a l a n m ı ş   o l a c a k   m ı s ı n
p a r ç a l a n m ı ş   o l a c a k t ı n ı z
d e ğ i ş i y o r   o l u r   m u y d u n u z
ö ğ ü t ü c ü l e r i
ö r d e ğ i n i n
d e ğ i ş m i ş   o l m a y a c a k s ı n
p a r ç a l a n ı y o r   m u
s ü z m e m i ş   m i y m i ş i z
ö r d e ğ i n i z i
i s t i r i d y e l e r i m i z e
m a k i n e n i z i n
ç i z g i s i n
p a r ç a l a n a c a k   m ı y ı z
ç i z g i
g ö ç e c e k   o l a c a k l a r m ı ş
d e ğ i ş m e y e c e ğ i z
ö ğ ü t ü c ü
p e n i s i m i z d e
t e c r i d i n i z i n
s e r p m i ş l e r d i
y a n   t ü m c e l e r e
s e r p m i y o r   m u y m u ş u m
y a n   t ü m c e s i n i
e r n e k l e r d i r
s e s t e ş l e r i m i z
s e r p m e z   m i y m i ş i m
p a r ç a l a n ı y o r s u n u z
d e n e y i m l e r i n i z
b a k i r e l e r
d e ğ i ş i y o r   o l m a l ı y d ı m
k e f a l e t l e r e
g ö ç m e l i   m i y d i m
ç i z g i l e r m i ş i m
d e ğ i ş i r   o l a c a k   m ı y m ı ş s ı n
i s t i r i d y e l e r i
g ö ç e c e k   o l a c a k   m ı y m ı ş ı z
d ü z e n l e n e b i l i r l i k l e r i n d e n
s ü z e c e k   o l a c a k   m ı y m ı ş ı m
k a t e g o r i s i n d e
d ü z e n l e n e b i l i r l i k t e
s ü z m ü ş   m ü
d e n e y i m i n e
t e c r i t
h e n d e s e l e r
g ö ç e c e k   o l m a y a c a k   m ı y m ı ş s ı n ı z
s ü z ü y o r   o l m a y a c a k   m ı y m ı ş ı m
p e n i s i n i z i n
y e r d i n
y e r l e r d i k
s e r p m e m i ş   m i y d i n i z
p a r ç a l a n m ı ş ı z
d e ğ i ş i y o r   o l u r d u
t e c r i t l e r i n d e
ü z g ü n m ü ş
ç i z g i s i n i z
s ü z ü y o r   o l a c a k   m ı y ı z
m i l y o n e r i m i z d e n
p a r ç a l a n ı y o r   o l m a m a l ı   m ı
g ö ç e c e k   o l m a y a c a k m ı ş s ı n ı z
d e ğ i ş i y o r   o l m a l ı   m ı y m ı ş s ı n
m a k i n e n i n
s ü z ü y o r   o l m a z   m ı y d ı
ö ğ ü t ü c ü l e r i n i z
s ü z ü y o r   o l a c a k   m ı s ı n
y e r l e r i n e
p a r ç a l a n ı y o r   o l a c a k   m ı s ı n ı z
s e r p i y o r   o l a c a k l a r   m ı y d ı
m a k i n e l e r i n d e
p e n i s l e r i n d e
g ö ç m e z   m i y d i k
a y r ı m c ı l ı k l a r ı m ı z d a n
p a r ç a l a n m a z s ı n
s e r p m i ş   o l m a y a c a k   m ı s ı n ı z
s ü z ü y o r   o l u r l a r   m ı y d ı
s ü z m e m e l i   m i y m i ş s i n
s ü z ü y o r   o l m a m a l ı y d ı k
p a r ç a l a n m ı ş   m ı
a y r ı m c ı l ı k m ı ş ı z
d e ğ i ş e c e k   o l a c a k   m ı y m ı ş ı z
m e f h u m u n u
p a r ç a l a n m a m ı ş l a r   m ı y m ı ş
p e n i s i
s ü z m e m i ş   m i y m i ş s i n
ö ğ ü t ü c ü l e r m i ş
d e ğ i ş t i   m i y d i n
d ü z e n l e n e b i l i r l i ğ i m i z i
p a r ç a l a n m a m ı ş   m ı y m ı ş s ı n ı z
s ü z ü y o r   o l a c a k l a r   m ı y d ı
ü z g ü n   d e ğ i l   m i y m i ş i m ?
p a r ç a l a n m ı y o r   m u y d u m
d e ğ i ş m e l i   m i y m i ş s i n
d e ğ i ş m e m i ş   m i s i n
g ö ç m e z   m i y d i m
a y r ı m c ı l ı k l a r ı n ı z a
s e r p m e l i y m i ş s i n
s ü z e c e k   o l m a y a c a k s ı n ı z
s e r p e c e k   o l m a y a c a k   m ı y m ı ş s ı n
s e r p m e y e c e k t i n
d ü z e n l e n e b i l i r l i ğ i n i n
g ö ç m e m i ş t i n
s e r p m e y e c e k   m i y m i ş i z
