p a r ç a l a n m ı y o r   m u y u m
p a r ç a l a n m ı ş   o l m a y a c a k l a r d ı
p a r ç a l a n ı y o r   o l a c a ğ ı m
u s u l d a
d e ğ i ş m i ş   m i s i n i z
a y r ı m c ı l ı k d ı k
p a r ç a l a n m e l i l e r   m i
s e r p i y o r   o l m a z   m ı y d ı m
k a t e g o r i s i n d e n
b a k i r e l e r d i
p a r ç a l a n m a m e l i   m i s i n
s e r p e r   m i y i z
g ö ç e c e ğ i z
d e ğ i ş m i y o r l a r m ı ş
s e r p i y o r   o l m a y a c a k t ı m
s ü z m ü ş   o l a c a k l a r   m ı y d ı
s e r p i y o r   o l a c a k t ı n
ö r d e k l e r i n i
m e f h u m u n u
k e f a l e t l e r i n i z e
s e r p m e l i   m i y m i ş s i n i z
p a s k a l y a   t a v ş a n l a r ı n d a
d e ğ i ş e c e k   o l a c a k m ı ş
m i l y o n e r l e r s i n i z
t e k i l   k a l ı b ı
g ö ç ü y o r   o l a c a k l a r m ı ş
d e ğ i ş i y o r l a r   m ı y d ı
s ü z ü y o r   o l m a y a c a k m ı ş s ı n ı z
s e r p m e m i ş   m i y i m
t e c r i t l e r i n i
d e ğ i ş i r   m i y d i m
s ü z m e d i   m i y d i n
g ö ç e c e k   o l a c a k   m ı y m ı ş ı m
b a k i r e y m i ş l e r
b a k i r e n i z
s ü z ü y o r   o l m a m a l ı l a r   m ı
p a r ç a l a n m a z m ı ş ı z
s ü z e c e k   m i s i n
y e r l e r d i m
s ü z ü y o r   o l m a m a l ı   m ı s ı n ı z
m e f h u m l a r ı n
s e r p m e m e l i y d i
d e ğ i ş m i ş   o l a c a k   m ı y ı z
ç i z g i l e r i n i z
s ü z ü y o r   o l m a y a c a k
s e r p m e l i   m i y d i k
h e n d e s e l e r i n
g ö ç ü y o r   o l m a l ı y d ı m
e r n e ğ i m i z
k a t e g o r i l e r i m i z
s e r p i y o r   o l a c a k s ı n
k e f a l e t l e r
s ü z ü y o r   o l m a z d ı n ı z
p a r ç a l a n m a z l a r m ı ş
ç i z g i y i m
b a k i r e l e r i m i z
m i l y o n e r l e r i n d e
d e ğ i ş i y o r   o l u r l a r d ı
p a r ç a l a n ı y o r   o l a c a k   m ı y d ı n ı z
g ö ç ü y o r   o l m a l ı   m ı y d ı
a v u k a t l a r ı n d a
k e f a l e t t e n
g ö ç e r   o l a c a k   m ı y m ı ş s ı n ı z
s e r p e r i m
ö ğ ü t ü c ü l e r
b a k i r e s i n i z
d ü z e n l e n e b i l i r l i k l e r i m i z d e n
y e r l e r i n i z i
s e r p m e l i y m i ş i z
m a k i n e n e
k u r b a ğ a c ı k l a r ı m ı z
k a t e g o r i n i n
p a r ç a l a n d ı l a r   m ı y d ı
s ü z m e m i ş   m i y d i k
m a k i n e l e r i n
s e r p m i y o r
s ü z m e d i
a v u k a t ı
k a t e g o r i m i z
p e n i s l e r i n
k a t e g o r i m i z i n
p a r ç a l a n m ı ş   o l a c a ğ ı m
g ö ç m e z m i ş
d e n e y i m
a y r ı m c ı l ı k
s ü z ü y o r   o l u r   m u y d u m
p a r ç a l a n ı y o r   o l a c a k   m ı y m ı ş
d e ğ i ş m i y o r s u n u z
g ö ç t ü l e r d i
s e s t e ş i n d e
t e c r i t t e n
s ü z m ü ş   m ü y m ü ş
ö ğ ü t ü c ü m ü z
s ü z ü n
d e ğ i ş m e m i ş   m i y d i
s e r p m i ş   o l a c a k t ı k
ç i z g i l e r i m
b a m y a n ı n
p a r ç a l a n m a m ı ş   m ı y d ı
b a k i r e y m i ş s i n
k u r b a ğ a c ı k l a r ı n ı n
s ü z m e m e l i s i n i z
k a t e g o r i n d e
e r n e k l e r s i n
g ö ç m e d i m
ü z g ü n   m ü y d ü n ?
e r n e k
s ü z e r   o l m a y a c a k   m ı y m ı ş ı z
s ü z ü y o r   o l a c a k   m ı y m ı ş ı m
s e r p m i ş   o l a c a k   m ı y d ı n
m a k i n e n
b a k i r e l e r d i n i z
b a m y a
g ö ç m e m i ş   m i
p a r ç a l a n ı r   o l m a y a c a k   m ı y m ı ş s ı n ı z
d e ğ i ş m i ş   o l a c a k l a r   m ı
p a r ç a l a n m a y a c a k m ı ş ı z
s e r p m i ş   o l a c a k t ı n ı z
t e c r i t l e r i m i z i n
s e r p i y o r   o l a c a k   m ı y m ı ş s ı n ı z
ç i z g i l e r i m i z i n
s ü z m e m i ş   m i y d i n
g ö ç m e y e c e ğ i z
s e r p m i y o r   m u y d u
g ö ç m e m i ş   m i y m i ş i z
s ü z e c e k t i m
d e ğ i ş m e m e l i   m i y m i ş i z
s ü z e c e k   o l m a y a c a ğ ı z
ö ğ ü t ü c ü l e r m i ş i m
s ü z ü y o r   o l m a y a c a k t ı n
s e r p m e m e l i   m i y m i ş i m
g ö ç e c e k   m i y m i ş i m
s ü z d ü n ü z
s ü z e r   m i y m i ş s i n i z
d e ğ i ş m e m i ş   m i y d i n i z
t o p o l o j i n i n
b a m y a l a r ı n d a n
p e n i s i n d e
g ö ç e r d i
s ü z m e l i y d i n
d e ğ i ş m e y e c e k m i ş i z
d e ğ i ş m e y e c e k l e r   m i y d i
g ö ç m e m e l i y d i k
s e r p m e d i k   m i
s e r p m i ş   o l m a y a c a k s ı n
s ü z m e y e c e k   m i y m i ş i m
s e r p e c e k   m i y i z
ü z g ü n   d e ğ i l m i ş
s e r p m e l i y d i
s e r p m e z s i n i z
p a r ç a l a n ı y o r   o l u r d u n u z
s ü z m ü ş   m ü y d ü m
d ü z e n l e n e b i l i r l i ğ i n i
s e r p e c e k   o l m a y a c a k m ı ş
g ö ç ü y o r   o l a c a k
a y r ı m c ı l ı ğ ı m ı z a
s e r p e c e k   m i
s e r p e r   o l m a y a c a k m ı ş
m i l y o n e r l e r i n i n
s ü z m e m e l i y m i ş s i n
s e r p i y o r   o l m a y a c a k l a r m ı ş
ç i z g i d e
g ö ç m e m i ş m i ş s i n
d e ğ i ş i y o r   o l m a m a l ı l a r   m ı y m ı ş
ü z g ü n   d e ğ i l d i n i z
m e f h u m u n
s e r p m i ş   o l m a y a c a ğ ı z
p a r ç a l a n m a z m ı ş s ı n
s e s t e ş
s e r p m i ş   o l a c a k   m ı y ı z
ö ğ ü t ü c ü l e r i n i
s e r p m i ş   o l m a y a c a k l a r d ı
ç i z g i l e r i n i
g ö ç ü y o r   o l m a z   m ı y d ı n ı z
s e r p m e y e c e k   m i y m i ş
a y r ı m c ı l ı ğ ı n ı z ı
g ö ç ü y o r m u ş s u n u z
p a r ç a l a n m a m a l ı y d ı m
m e f h u m u m u z a
s e s t e ş l e r e
a y r ı m c ı l ı k l a r
g ö ç ü y o r   o l m a y a c a k   m ı y m ı ş s ı n
d e ğ i ş i y o r   o l a c a ğ ı z
ç i z g i l e r e
s e r p e r   o l a c a k l a r m ı ş
g ö ç ü y o r d u
s e r p e r l e r d i
e r n e k l e r i n d e
m e f h u m u
d e ğ i ş m i ş   o l m a y a c a k   m ı y d ı n ı z
ö r d e k l e r i n i
s ü z m ü ş   o l a c a k   m ı
m a k i n e m i z d e n
p a r ç a l a n d ı y d ı k
s e r p m e z m i ş i z
s e r p m e m i ş   m i y m i ş i z
s e r p m e l i   m i y m i ş s i n
s e r p m e y e c e k m i ş s i n i z
k a t e g o r i l e r i m i z i n
d e ğ i ş i y o r   o l m a y a c a k l a r   m ı y m ı ş
p a r ç a l a n m a m ı ş l a r   m ı y d ı
h e n d e s e n i z e
p a r ç a l a n ı r   o l m a y a c a k l a r m ı ş
s e r p m i ş m i ş s i n
p e n i s i m i z e
p a r ç a l a n m a l ı   m ı y m ı ş s ı n
k u r b a ğ a c ı ğ ı n ı z d a
s e r p m e z   m i
ö ğ ü t ü c ü l e r i n d e n
s e r p m i ş   o l m a y a c a k   m ı s ı n
g ö ç m ü y o r d u n
p a r ç a l a n ı y o r   o l m a l ı l a r d ı
ü z g ü n   m ü s ü n ?
s ü z ü y o r   m u y m u ş u z
g ö ç ü y o r   o l m a y a c a k l a r m ı ş
t e c r i d i n i z d e n
p a r ç a l a n m ı ş s ı n
g ö ç m e d i   m i y d i n
p a r ç a l a n ı y o r   o l m a l ı   m ı y d ı m
s e r p i y o r   m u y m u ş u m
m e f h u m l a r ı n ı
g ö ç m ü ş   o l a c a k   m ı y ı m
s ü z e c e k t i k
s ü z m e m e l i l e r   m i y d i
s e r p i y o r
d e ğ i ş m e y e c e k t i k
p a r ç a l a n ı y o r   o l a c a k m ı ş s ı n ı z
b a k i r e l e r
s e r p i y o r   o l m a z d ı m
p a r ç a l a n m a m e l i y i m
k a t e g o r i l e r i m i z e
y e r l e r m i ş s i n i z
s e r p i y o r   o l m a y a c a k   m ı y d ı n
g ö ç m e m e l i y d i n i z
ü z g ü n   d e ğ i l   m i y d i n i z ?
g ö ç e c e k   o l m a y a c a k m ı ş s ı n
d e ğ i ş m e y e c e k   m i y m i ş i m
ö ğ ü t ü c ü l e r i
d e n e y i m l e r i m i z
b a m y a n ı z ı
ö ğ ü t ü c ü y m ü ş s ü n ü z
d e ğ i ş i y o r   o l m a m a l ı   m ı y m ı ş
s e r p e r l e r   m i y m i ş
a y r ı m c ı l ı k l a r ı n d a
d e ğ i ş i y o r   m u y d u
d e ğ i ş m e m i ş t i k
p e n i s l e r i n d e n
d e ğ i ş i r   o l a c a k m ı ş ı m
s e r p t i m   m i
ü z g ü n ü m
