b a k i r e l e r d i n
p a r ç a l a n d ı   m ı
d e n e y i m l e r d e
s e s t e ş l e r i n i
m a k i n e l e r i n d e
d e ğ i ş m e m i ş t i k
g ö ç ü y o r   m u y u z
e r n e k l e r i m i z
d e ğ i ş m e m i ş i m
g ö ç ü y o r   m u y d u
b ü s t l e r i m i z i
y e r l e r m i ş s i n
g ö ç ü y o r d u n u z
d e n e y i m l e r i n
k e f a l e t l e r i n
b a m y a l a r ı m ı z
g ö ç ü y o r   m u s u n
e r n e k l e r i n d e
g ö ç m e z   m i y m i ş
ö r d e k l e r i n i z
g ö ç e c e k l e r   m i
s e s t e ş i n d e n
ö ğ ü t ü c ü l e r i n e
t e c r i t
g ö ç m e d i l e r d i
g ö ç m e z l e r m i ş
g ö ç e r   m i s i n i z
d e ğ i ş e c e k t i m
s e r p e r   m i y d i k
g ö ç m e y e c e k   m i
s e s t e ş i m i z i n
y a n   t ü m c e s i n e
t o p o l o j i m i z i
k e f a l e t l e r i n i
t o p o l o j i n i z i
s e r p i y o r   o l a c a ğ ı z
s ü z ü y o r   o l a c a ğ ı m
s e r p m e z l e r   m i
b ü s t l e r i n d e n
a l f a   s ü r ü m ü
h e n d e s e l e r i n
ç i z g i l e r i n i n
k e f a l e t i n i z i
a v u k a t l a r s ı n
s e r p m e m i ş s i n
b a m y a y m ı ş l a r
m i l y o n e r l e r d e n
p a r ç a l a n a c a k
p a r ç a l a n ı r ı m
y a n   t ü m c e n i z d e n
m i l y o n e r l e r d i
p a r ç a l a n ı r d ı
b a m y a y m ı ş s ı n
a v u k a t l a r m ı ş
k a t e g o r i n d e n
b a k i r e l e r s i n
b a k i r e m i z d e n
m i l y o n e r i m i z
ö r d e k l e r i n d e
b a k i r e l e r d i m
t e c r i d i n i z i n
s e r p m i ş   m i y i m
s e r p m e m e l i   m i
s e r p m i ş   m i y d i
s e r p m e m i ş t i n
s e r p m e z   m i y i m
b a k i r e l e r m i ş
s e r p m i ş l e r   m i
s e r p m i ş   m i s i n
s e r p e r   m i y m i ş
s e r p m e z   m i s i n
s e r p m e m i ş l e r
s e r p m i ş m i ş i z
s e r p e r   m i y d i m
s e r p m e d i y d i n
s e r p m e l i y d i n
p e n i s l e r i m i z
s e r p m e z m i ş i z
s e r p m e z   m i y i z
s e r p e r   m i y d i n
p e n i s l e r i n d e
s e r p m e d i y d i k
s e r p m e l i y d i k
s e r p m e l i y d i m
p e n i s l e r i n i n
s e r p e r l e r m i ş
t e c r i t l e r i n i
p e n i s l e r i n i z
i s t i r i d y e m i z d e
y a n   t ü m c e m i z i
d e ğ i ş e c e k m i ş
t e c r i t l e r i n e
d e ğ i ş m e l i l e r
d e ğ i ş m e d i l e r
ç i z g i l e r i n d e
k a t e g o r i l e r i
k a t e g o r i l e r i
k a t e g o r i s i n i n
ç i z g i l e r i n i n
ç i z g i l e r i n i z
s e r p e c e k l e r d i
t e k i l   k a l ı b ı
k a t e g o r i m i z i
s ü z m e m e l i s i n
t e k i l   k a l ı b ı
k a t e g o r i n i z e
y a n   t ü m c e n i z e
m a k i n e m i z i n
ö ğ ü t ü c ü n ü z d e
y a n   t ü m c e l e r e
s ü z e c e k   o l a c a k   m ı
s e r p i y o r   o l u r d u
ö ğ ü t ü c ü l e r d e
s ü z ü y o r d u n u z
t e k i l   k a l ı p
a v u k a t ı
m e f h u m l a r ı n
t o p o l o j i l e r i
d e ğ i ş m e m i ş t i
a v u k a t l a r ı n ı
y a n   t ü m c e m i z d e
s ü z m ü y o r s u n u z
d e n e y i m i n i z e
h e n d e s e m i z e
k u r b a ğ a c ı ğ ı
m i l y o n e r d e n
s ü z ü y o r   m u y d u n
s ü z m e z   m i y d i k
s ü z m e z   m i y d i n
s ü z m ü ş   m ü y d ü m
s ü z m ü ş   m ü y m ü ş
s ü z m e y e c e k t i
s ü z m e d i l e r   m i
s ü z m e l i   m i y i z
s ü z m e l i   m i y d i
s ü z m e m e l i y d i
h e n d e s e n d e n
s ü z e c e k   m i y i z
s ü z e c e k   m i s i n
s ü z e r   m i s i n i z
s ü z e c e k s i n i z
d e ğ i ş m e z s i n
ö ğ ü t ü c ü l e r d i m
d e n e y i m l e r e
m i l y o n e r i n i n
y a n   t ü m c e l e r i
y e r l e r i m i z d e
m a k i n e l e r i n e
ö ğ ü t ü c ü l e r d i
m a k i n e l e r i n e
k e f a l e t l e r d e
g ö ç m e d i y d i n
d e n e y i m i n d e
g ö ç m ü ş m ü ş ü z
g ö ç m e l i y d i m
d e ğ i ş m i y o r u z
g ö ç m ü ş s ü n ü z
h e n d e s e n i z e
b a m y a s ı n ı z
b a k i r e y m i ş i m
g ö ç e r m i ş s i n
i s t i r i d y e n i n
e r n e ğ i n i z d e
b a k i r e l e r i n
b a k i r e l e r i n
k e f a l e t i n i n
m i l y o n e r l e r
m i l y o n e r l e r
t o p o l o j i s i n i n
d e ğ i ş i r l e r d i
g ö ç m e y e c e ğ i z
s e r p m e d i   m i y d i
p a r ç a l a n d ı m
s e r p e c e k t i n i z
s e r p i y o r s u n
d e ğ i ş m i ş l e r
y e r l e r i n d e n
t o p o l o j i n d e n
b a m y a l a r d ı k
y e r l e r i n i z i
s e r p m e z s i n i z
b a m y a l a r d ı n
b a m y a n ı z d a n
g ö ç m ü ş   m ü y ü m
y e r l e r d i n i z
g ö ç m e z l e r d i
e r n e k l e r i n i
ö r d e k l e r i n i
s e s t e ş i n i z i n
ö r d e ğ i n i z d e
s e r p t i n i z   m i
m i l y o n e r d i k
ö ğ ü t ü c ü y d ü k
d e ğ i ş m i ş t i n
ö r d e k l e r i n e
d e ğ i ş m e l i   m i
k e f a l e t i n i z
s e r p m e l i y i m
s e s t e ş l e r i n
a v u k a t ı n ı z d a
m e f h u m l a r ı n a
t o p o l o j i n i n
ç i z g i l e r d i r
g ö ç m ü y o r l a r
k a t e g o r i d e n
k a t e g o r i m i z
ö r d e ğ i m i z d e
k a t e g o r i n i z
b ü s t l e r i n d e
k a t e g o r i n d e
y a n   t ü m c e y e
s e r p m i y o r m u ş
d e ğ i ş i y o r m u ş
m i l y o n e r i n i z
p a r ç a l a n m a z
y e r m i ş s i n i z
h e n d e s e l e r i
s e s t e ş i m i z i
k a t e g o r i s i n d e
t e c r i t l e r d e
b a k i r e l e r i z
t e c r i d i m i z i
a v u k a t t ı n ı z
y e r l e r m i ş i m
t o p o l o j i m i z e
s e r p e r   m i y i z
m i l y o n e r l e r i
k e f a l e t l e r i
s e r p e r   m i s i n
e r n e ğ i n d e n
s e r p m e y e c e k
s ü z d ü y d ü k
s e r p i y o r d u n
p e n i s l e r i n i
p e n i s l e r i n i
p e n i s l e r i n e
b a k i r e l e r i n i
s e r p e r l e r   m i
p e n i s i n i z i n
p e n i s l e r d e n
s e r p e c e k s i n
s e r p e r m i ş i z
e r n e ğ i m i z i n
p a r ç a l a n
ç i z g i l e r i n e
g ö ç m e m i ş t i n
ç i z g i l e r d i k
e r n e k l e r i n e
d e n e y i m i n i z
ç i z g i l e r i n i
ç i z g i l e r m i ş
ç i z g i l e r m i ş
s e s t e ş i n i z i
g ö ç m ü y o r d u k
m e f h u m l a r ı n
s ü z m e z l e r d i
b ü s t l e r i m i z
t e c r i t l e r i n
ç i z g i n i z i n
k a t e g o r i n i n
g ö ç e r   m i y d i n
d e n e y i m i n i n
a v u k a t s ı n ı z
b ü s t ü m ü z d e n
s ü z d ü   m ü y d ü n
e r n e k l e r m i ş
m e f h u m u m u z a
d e n e y i m d e n
b a k i r e n i z d e
d e ğ i ş m e l i y i z
d e ğ i ş m e z d i m
d e n e y i m l e r i
d e n e y i m l e r i
m e f h u m u m u z u
y a n   t ü m c e n i z
s ü z m ü y o r s u n
k e f a l e t l e r i
e r n e k m i ş s i n
a v u k a t l a r d a n
a v u k a t l a r d ı m
a v u k a t l a r ı n
s e r p e r l e r d i
d e ğ i ş i r d i k
m e f h u m u m u z d a
b a k i r e n d e n
ö ğ ü t ü c ü m ü z d e
h e n d e s e n d e
d e ğ i ş i r m i ş
a v u k a t ı z
s ü z m e z   m i y i z
s ü z m e m i ş t i m
s ü z m ü ş m ü ş ü z
s ü z m e d i y d i m
s ü z m e m i ş t i k
s ü z m ü ş l e r   m i
s ü z m e l i y d i n
s ü z m e z d i n i z
s e r p i y o r u m
s ü z m ü ş   m ü s ü n
s ü z m e z s i n i z
s ü z e r   m i y d i k
b a k i r e m i z e
s ü z m ü ş l e r d i
s ü z e r   m i y d i n
s ü z e r l e r m i ş
g ö ç m ü y o r m u ş
a v u k a t l a r d ı k
k a t e g o r i n e
h e n d e s e s i n i n
b a m y a l a r d ı
d e ğ i ş i r   m i y i m
ö ğ ü t ü c ü l e r i
p e n i s i n d e n
ö ğ ü t ü c ü l e r i
ö r d e ğ i m i z i
d e n e y i m i n e
a v u k a t ı n ı z a
d e ğ i ş m i y o r u m
s ü z ü y o r s u n
d e ğ i ş i y o r   m u y d u
ö r d e ğ i n i z i
d e n e y i m i n e
g ö ç m e d i n i z
k e f a l e t t e n
t e c r i d e
a v u k a t ı n d a n
d e n e y i m i n i z d e
ç i z g i n i z d e n
ö r d e ğ i n d e n
a v u k a t l a r ı n
b ü s t l e r d e n
y e r l e r i n i n
e r n e k l e r i n e
h e n d e s e l e r
k e f a l e t i n d e
b a k i r e n i z i
k e f a l e t i n d e
e r n e ğ i n i z e
k u r b a ğ a c ı k
t o p o l o j i n i z
m a k i n e l e r i n
ö r d e k l e r i n i
g ö ç ü y o r m u ş
d e ğ i ş t i n i z
m i l y o n e r d i
d e ğ i ş m e d i n   m i
a v u k a t ı n d a
d e ğ i ş e c e k   m i
ö r d e ğ i n d e n
b a m y a n ı z d a
e r n e k t i l e r
g ö ç t ü l e r d i
g ö ç e r   m i s i n
s ü z d ü l e r d i
p a r ç a l a n d ı
m e f h u m u n u n
t e c r i d i n i z i
g ö ç e r m i ş i z
p e n i s l e r d e
t o p o l o j i n i
k e f a l e t i n i
s e s t e ş i n d e
ç i z g i l e r d e
s ü z d ü   m ü y d ü
m e f h u m u n u z
k e f a l e t l e r
i s t i r i d y e s i n i
s e r p t i y d i n
i s t i r i d y e n i
b ü s t l e r i n i
b ü s t l e r i n e
m e f h u m u n u n
b a m y a m ı z ı n
m a k i n e n i n
b a m y a l a r ı n
y e r l e r i n i z
s ü z m ü y o r m u ş
ç i z g i l e r i m
e r n e k m i ş i z
s ü z ü y o r m u ş u m
e r n e k m i ş i m
p e n i s l e r i n
p e n i s l e r i n
d e ğ i ş m i ş t i
ö ğ ü t ü c ü l e r e
ç i z g i l e r i n
y a n   t ü m c e s i n i
s e r p m i ş s i n
s e r p m i ş l e r
s e r p m i ş t i k
ç i z g i l e r i n
p e n i s i m i z e
p e n i s i n i z i
t e c r i d i n d e n
e r n e k l e r i z
e r n e ğ i n d e n
m e f h u m l a r d a
s e r p m e d i k   m i
a v u k a t l a r ı
s e s t e ş i m i z
ö ğ ü t ü c ü n d e
b a k i r e l e r e
b a k i r e s i n i n
ö r d e ğ i n i z d e n
s ü z m e m i ş i m
m a k i n e m i z
k a t e g o r i s i n i
e r n e k l e r d i m
ö ğ ü t ü c ü m ü z
s ü z d ü k   m ü
ö ğ ü t ü c ü l e r
ö ğ ü t ü c ü l e r
d e ğ i ş i y o r l a r   m ı y d ı
m e f h u m l a r a
s e s t e ş i n e
e r n e k l e r i n
s e r p m e z d i k
b a m y a l a r ı n d a
m e f h u m l a r
d e n e y i m i n i
i s t i r i d y e n
g ö ç m e z m i ş
g ö ç ü y o r u m
a v u k a t ı n ı z ı
d e ğ i ş m e z d i
b a k i r e m i z
b a k i r e d e n
g ö ç m e m i ş   m i
s e r p e c e k   m i
y e r l e r d i k
s ü z m e y e c e k
h e n d e s e n i
s ü z e c e k s i n
t o p o l o j i y e
s ü z m e d i y d i
s ü z e r   m i y d i
s ü z e r s i n i z
s ü z e c e k t i m
b ü s t ü m ü z d e
s ü z ü y o r   m u y u z
y a n   t ü m c e s i
e r n e ğ i n d e
b a k i r e y m i ş
ö ğ ü t ü c ü y ü m
s e r p m i y o r u z
b a k i r e y d i k
s ü z m e d i m   m i
b a m y a s ı n a
d e ğ i ş t i   m i
a y r ı m c ı l ı k
g ö ç e c e ğ i m
y e r i n i z d e n
t e c r i d i n i n
b ü s t ü n ü z d e
b a m y a m ı z ı
g ö ç m ü ş t ü k
m a k i n e m i z e
m a k i n e n e
m i l y o n e r i
b ü s t l e r d e
b a m y a n ı z ı
b ü s t ü n d e n
t e c r i d i n i z
m a k i n e n d e
y e r l e r i n i
s e s t e ş i n i
y e r l e r i n i
s ü z m e m i ş   m i
a v u k a t ı m ı z a
s e s t e ş t e
ö r d e k l e r i
s ü z d ü n   m ü
k a t e g o r i y i
b a m y a l a r ı
k e f a l e t i n e
h e n d e s e s i
m a k i n e l e r
s e r p t i n i z
a v u k a t t ı n
k e f a l e t i n i
ö r d e ğ i m i z
g ö ç ü y o r d u
g ö ç m e z l e r
g ö ç ü y o r   m u
s ü z d ü y d ü n
ç i z g i y m i ş i m
s e r p m e z   m i
p e n i s i n d e
s e r p t i k   m i
p e n i s i n d e
s e r p t i y d i
d e ğ i ş t i y d i
b a k i r e s i
m e f h u m l a r ı
t e c r i d i n d e
s ü z ü y o r   m u y u m
b ü s t l e r i n
ç i z g i n i z i
d e n e y i m i n
e r n e k t e n
s e s t e ş i n i z
d e n e y i m d e
b a m y a y m ı ş
e r n e k l e r i
g ö ç m e d i n   m i
s e s t e ş i n e
ö r d e ğ i n d e
m a k i n e l e r i
b a k i r e l e r
b a k i r e l e r
g ö ç m ü ş t ü m
a v u k a t l a r ı n a
ç i z g i l e r i
ç i z g i l e r i
s e r p e r d i m
s e r p m i ş t i
s e r p m e y i n
g ö ç m e z d i m
e r n e k l e r s i n
s e r p m e d i n
ç i z g i s i n
p e n i s i m i z
e r n e ğ i m i z
e r n e ğ i n d e
d e ğ i ş m e l i
g ö ç e c e k   m i
k e f a l e t t e
s ü z ü y o r l a r d ı
m i l y o n e r e
b a k i r e l e r
m e f h u m u n u
m a k i n e l e r e
ç i z g i m i z e
b a k i r e y i z
b a k i r e s i n d e
d e ğ i ş m i ş i m
d e n e y i m i
y e r i n i z i n
m a k i n e s i n i
t e c r i d i n e
b a k i r e n i z
g ö ç m e m i ş t i
m e f h u m d a
d e ğ i ş e c e ğ i m
g ö ç m e z d i n
m a k i n e n i
g ö ç m e m i ş s i n
t e c r i t l e r
y e r l e r i n d e
s e s t e ş i n i
e r n e k t i k
g ö ç m ü ş ü z
s e r p e r l e r
s e r p e r d i n
ç i z g i d e
m a k i n e l e r i m i z d e n
e r n e k t i m
b ü s t ü n ü z ü n
s ü z m e d i k   m i
s ü z m e z m i ş
s ü z m ü ş m ü ş
s ü z m ü ş t ü n
s ü z m e l i   m i
s ü z e c e k t i
s ü z m e d i   m i
a v u k a t l a r a
b a k i r e n e
g ö ç e c e ğ i z
p e n i s i n e
b a m y a n ı z
y e r m i ş l e r
y e r i n d e n
y e r d i n i z
b a m y a l a r a
b a m y a n ı n
b a m y a s ı n ı n
ö r d e k l e r
p e n i s t e n
y e r i n i z d e
g ö ç m e d i k
s ü z m e z d i m
g ö ç m ü ş   m ü
ö r d e ğ i n i n
ö r d e ğ i n i n
h e n d e s e y e
s ü z m ü y o r u m
y e r l e r d i m
s e r p t i l e r
s e r p m e m i ş
b a m y a y d ı
t e c r i d i n e
y e r i m i z e
p e n i s l e r e
m a k i n e n i z d e n
b a m y a l a r
ç i z g i l e r e
b a m y a y ı z
e r n e k l e r
t e c r i d i n d e
e r n e k l e r
t e c r i d i
k e f a l e t e
b ü s t ü n ü n
y e r i n i z
p e n i s i n e
s e r p e r d i
m e f h u m u
d e n e y i m
g ö ç t ü n ü z   m ü
ç i z g i s i n i n
y e r l e r d i r
b a m y a s ı n d a
y e r d i l e r
s e r p e r i m
m e f h u m u n u
m a k i n e n i z i n
ç i z g i n i z
ç i z g i n i n
y e r i m i z i
ç i z g i l e r
y e r l e r i z
y e r l e r i n
t e c r i d i n i
e r n e k l e r e
ç i z g i y i z
m a k i n e n i n
p e n i s i n i
s e r p i y o r
i s t i r i d y e
m a k i n e d e
ç i z g i y d i
b ü s t l e r i
ç i z g i l e r
t e c r i d i n
b ü s t l e r i
y e r s i n i z
d e ğ i ş i y o r   m u y m u ş s u n u z
ç i z g i n d e
g ö ç m e m i ş i z
s e r p m i ş i m
b ü s t ü n ü
e r n e k t i
s ü z m ü y o r
b a k i r e n i
u s u l
ö ğ ü t ü c ü n
d e ğ i ş m i ş
m e f h u m u n
g ö ç m e y i n i z
d e ğ i ş m e m
ö r d e k l e r i n
e r n e ğ i m
s ü z m e d i k
y e r l e r i n
d e ğ i ş t i l e r
s ü z m e z d i
g ö ç m e m i ş
g ö ç t ü k   m ü
e r n e ğ i n i
s ü z d ü   m ü
e r n e ğ i n i
a v u k a t ı n
g ö ç e r d i
e r n e k
a v u k a t t a
ç i z g i y i m
m a k i n e y e
b ü s t ü n e
b a m y a n a
b ü s t l e r
b a k i r e y i
d e ğ i ş e c e k s i n
b ü s t l e r e
d e ğ i ş i y o r s u n
t o p o l o j i y i
d e ğ i ş m i y o r l a r d ı
d e ğ i ş i y o r l a r
y e r l e r i n e
d e ğ i ş i y o r u m
d e ğ i ş i y o r d u m
k e f a l e t
d e ğ i ş e c e k l e r
g ö ç e c e k t i
b a m y a n ı
y e r l e r s i n
p e n i s i
d e ğ i ş m i y o r d u
y e r i n d e
d e ğ i ş i r s i n
u s u l l a r
e r n e ğ i
s e r p m i ş
p e n i s i n
m i l y o n e r
y e r l e r d i
d e n e y i m e
m e f h u m u
h e n d e s e
b ü s t ü n
s e r p i n
b a k i r e y e
y e r i n d e
g ö ç m e l i
s e s t e ş e
s e s t e ş i
s ü z e r i z
ö ğ ü t ü c ü
m a k i n e n
s ü z ü y o r
u s u l d a
ç i z g i y i
s ü z m e d i
a v u k a t ı
d e ğ i ş i y o r u z
b a k i r e n
d e ğ i ş i n i z
ç i z g i m i z
m e f h u m a
s e r p m i y o r
d e ğ i ş i y o r
ç i z g i n i
s e r p m e z
p e n i s i
e r n e k s i n
ö r d e k t e
y e r i n i
ç i z g i
g ö ç t ü n
ö r d e ğ i n
s e s t e ş
g ö ç ü n
y e r i n
s ü z m e z
s ü z d ü n
y e r i z
e r n e ğ i n
y e r d e
y e r l e r
ö r d e ğ i
ö r d e ğ i
ö r d e ğ i n
b a m y a
g ö ç e c e k
s ü z ü n
e r n e k
g ö ç e r s i n
g ö ç e r l e r
g ö ç e r
y e r
s ü z
