d e ğ i ş i r s i n
a y r ı m c ı l ı k l a r m ı ş s ı n
s ü z m e m e l i s i n
d e n e y i m i n i z i
s e r p m i ş i m
s ü z ü y o r   o l a c a ğ ı m
s e r p m i ş   m i y i m
ç i z g i l e r i n d e n
y e r l e r i n i n
m a k i n e l e r
d ü z e n l e n e b i l i r l i ğ i n d e n
p a r ç a l a n ı r   o l a c a k m ı ş ı z
ö ğ ü t ü c ü l e r d e
p a r ç a l a n ı r   o l a c a k m ı ş
s e r p m i y o r m u ş u m
b a m y a n a
g ö ç e r   o l m a y a c a k l a r   m ı y m ı ş
d e ğ i ş m e l i s i n i z
a v u k a t l a r m ı ş s ı n ı z
s ü z m ü y o r   m u y d u m
g ö ç ü y o r   o l m a z d ı n ı z
g ö ç ü y o r   o l m a y a c a k m ı ş s ı n
p a r ç a l a n
p a r ç a l a n a c a k   o l m a y a c a k m ı ş
s ü z m e y e c e k t i
g ö ç ü y o r   o l m a y a c a k m ı ş ı m
p a r ç a l a n m a l ı y m ı ş ı m
y e r i n
m a k i n e l e r i n d e n
a v u k a t l a r m ı ş
s e r p e r   o l m a y a c a k l a r m ı ş
g ö ç e r
p a r ç a l a n m ı ş   o l m a y a c a k t ı n ı z
s e r p i y o r   o l m a y a c a k   m ı y d ı k
e r n e k t i k
p e n i s l e r i n i z d e
d e ğ i ş i y o r   o l u r d u n u z
m a k i n e l e r i n i
g ö ç ü y o r   o l m a y a c a k   m ı y m ı ş s ı n ı z
d e ğ i ş m i ş   o l a c a k t ı n ı z
e r n e k t i l e r
k a t e g o r i l e r i n d e
p a r ç a l a n ı y o r   o l a c a k   m ı y d ı k
ö ğ ü t ü c ü s ü n d e n
s ü z ü y o r   o l m a m a l ı y d ı m
y a n   t ü m c e s i n e
ö r d e ğ i m i z
h e n d e s e m i z e
s ü z ü y o r   o l m a l ı y d ı m
d e ğ i ş m i ş t i n i z
b ü s t l e r d e n
s e r p i y o r   o l m a l ı y m ı ş s ı n
m a k i n e m i z
d e ğ i ş m i ş t i
s e r p m e z
p a r ç a l a n a c a k   m ı y d ı
s e r p i y o r   o l m a l ı y m ı ş s ı n ı z
s e r p m e y e c e k m i ş i z
s ü z e c e k   o l a c a k m ı ş ı z
i s t i r i d y e l e r d e n
s ü z ü y o r   o l m a y a c a k m ı ş
h e n d e s e l e r i n d e
d e ğ i ş i y o r   o l m a m a l ı   m ı y m ı ş s ı n ı z
s e r p e r l e r
a y r ı m c ı l ı k l a r ı n a
p a r ç a l a n m a l ı   m ı y d ı m
p a r ç a l a n m e l i l e r
i s t i r i d y e m i z d e
s e r p m e m i ş
g ö ç m e y i n i z
y a n   t ü m c e y e
s ü z ü y o r   o l m a l ı y ı z
m a k i n e l e r i n i z i
m a k i n e l e r i m i z d e n
d e ğ i ş m e y e c e k l e r d i
t o p o l o j i m i z d e n
ç i z g i l e r i m i z d e
y e r d e
k e f a l e t i n i z
m a k i n e l e r i
d e ğ i ş i y o r u z
s e r p e c e k   m i y d i n
s e r p m e m i ş s i n i z
d e ğ i ş i y o r   o l m a l ı y m ı ş
p a r ç a l a n m a m ı ş l a r
s e s t e ş i m i z
k e f a l e t l e r i n i
p a r ç a l a n ı r   o l m a y a c a k m ı ş s ı n ı z
s e r p m i y o r   m u y m u ş s u n
ç i z g i l e r
k u r b a ğ a c ı k l a r ı
m i l y o n e r l e r i n d e
p a r ç a l a n m e l i   m i y i z
ü z g ü n   d e ğ i l   m i y m i ş s i n i z ?
s e r p i y o r   o l u r d u
d e ğ i ş i y o r   m u y m u ş s u n u z
t o p o l o j i l e r i n i n
s ü z ü y o r   o l m a m a l ı y d ı n ı z
y a n   t ü m c e n i z i n
ç i z g i n i z i
m a k i n e l e r e
s e r p m e y e c e k l e r   m i y d i
ö r d e k l e r i n i z i n
s e r p e c e k l e r   m i y d i
t e c r i d i m i z d e n
e r n e k l e r
d e ğ i ş m e y e c e k   m i y m i ş i z
d e ğ i ş m i ş m i ş i m
g ö ç m e d i n i z
b a m y a l a r ı n ı z d a
p a r ç a l a n m ı ş   o l a c a k s ı n
s e r p i y o r d u n
d e ğ i ş m e m e l i y m i ş s i n
p a r ç a l a n ı r l a r
s ü z m e l i   m i y m i ş i m
p a r ç a l a n ı y o r   o l a c a k l a r m ı ş
b a k i r e l e r d e n
s ü z ü y o r l a r d ı
t e k i l   k a l ı p l a r d a
a l f a   s ü r ü m ü
s e r p i y o r u m
b a k i r e l e r i n
s ü z m e d i k   m i
s e r p e c e k   m i y m i ş s i n
b ü s t l e r i n e
a y r ı m c ı l ı k l a r ı n ı z d a n
s ü z ü y o r   o l m a m a l ı   m ı y m ı ş
d e ğ i ş i n i z
e r n e k t i
p a r ç a l a n ı y o r   m u y d u n
a y r ı m c ı l ı k d ı l a r
ç i z g i l e r i n d e
d e ğ i ş m i ş   o l m a y a c a k l a r   m ı y d ı
y a n   t ü m c e l e r i m i z i
s e r p i y o r   o l m a y a c a k s ı n
d e ğ i ş m e l i
b a m y a y m ı ş s ı n
m i l y o n e r l e r d e n
d e ğ i ş i y o r   o l a c a k   m ı s ı n
g ö ç m ü ş   o l a c a k s ı n ı z
b a m y a l a r
p a r ç a l a n ı r l a r d ı
d e ğ i ş i y o r   o l m a l ı l a r d ı
s e r p i y o r   o l m a y a c a k m ı ş ı m
p a r ç a l a n a c a k   o l m a y a c a k   m ı y ı m
d e ğ i ş m e z s i n i z
s ü z m ü ş   o l a c a k t ı
p a r ç a l a n m a z l a r   m ı y m ı ş
g ö ç e c e k   o l a c a k   m ı y ı m
ö r d e ğ i n i z d e
ö ğ ü t ü c ü y d ü n ü z
p a r ç a l a n ı y o r   o l m a z   m ı y d ı n ı z
g ö ç e r   o l m a y a c a k   m ı y m ı ş ı m
k a t e g o r i l e r i n
s ü z m ü ş   o l m a y a c a k   m ı y ı m
p a r ç a l a n m a m a l ı l a r   m ı y d ı
p a r ç a l a n m ı ş   o l a c a k
m i l y o n e r l e r d i
ö ğ ü t ü c ü l e r e
b ü s t ü n ü n
g ö ç e c e k t i
d e n e y i m i n i z e
s ü z m ü y o r
d ü z e n l e n e b i l i r l i k l e r e
d e ğ i ş m i y o r   m u s u n
t o p o l o j i y e
m e f h u m u n u n
g ö ç e c e k   o l m a y a c a k l a r   m ı y m ı ş
p a r ç a l a n ı y o r   o l a c a k m ı ş
p a r ç a l a n m a m ı ş ı m
g ö ç e c e k
b a k i r e l e r i n d e n
d e ğ i ş m e z   m i y d i n
s e r p m e d i l e r   m i
s e r p e r   o l m a y a c a k m ı ş ı m
y e r l e r
ü z g ü n   d e ğ i l
ç i z g i n i z i n
s e r p e r   m i y d i m
ö r d e k l e r i n d e
p a r ç a l a n ı r   o l m a y a c a k m ı ş ı m
s e r p m e d i   m i y d i
p a r ç a l a n m a y a c a k   m ı s ı n
s ü z m ü ş   o l a c a k
k u r b a ğ a c ı k l a r ı n ı z ı
ö ğ ü t ü c ü y m ü ş ü m
p a r ç a l a n ı y o r   o l m a m a l ı   m ı y m ı ş ı z
s e r p e c e k   m i y d i m
y a n   t ü m c e n i z d e n
s e r p t i l e r
s e r p e r   o l m a y a c a k   m ı y m ı ş s ı n
s e r p m i y o r m u ş
d e n e y i m l e r i m i z e
g ö ç e c e k   o l a c a k s ı n ı z
e r n e k l e r m i ş
s e r p e r   m i y d i k
i s t i r i d y e l e r i n d e n
s ü z ü y o r   m u y u z
d e ğ i ş i y o r m u ş u z
p a r ç a l a n ı y o r   o l a c a k
p a r ç a l a n ı y o r   o l m a m a l ı y m ı ş ı m
m a k i n e n d e
d e ğ i ş m e z d i
d e ğ i ş m e y i z
s ü z m e m i ş   m i
ü z g ü n   d e ğ i l d i l e r
d e n e y i m l e r i m i z d e n
m e f h u m u m u z u n
m i l y o n e r l e r i n i z
g ö ç m e d i l e r d i
t e c r i d i n d e
d e ğ i ş e c e k   o l m a y a c a k   m ı s ı n
s e s t e ş e
b a m y a y d ı
s e r p m i ş   o l m a y a c a ğ ı m
k a t e g o r i n i z e
d e ğ i ş i r   m i y d i n i z
s e r p m e y e c e k   m i y i m
ü z g ü n   d e ğ i l s i n
s ü z e c e k l e r   m i y m i ş
d e ğ i ş m e l i y d i n
d e ğ i ş m i ş   o l a c a k   m ı y d ı n
g ö ç m e y e c e k   m i
a v u k a t m ı ş s ı n ı z
ö ğ ü t ü c ü m ü z d e
g ö ç m e y e c e k   m i y i m
b ü s t l e r e
s ü z d ü n   m ü
s e r p m i ş   o l m a y a c a k   m ı
p a r ç a l a n m a z   m ı s ı n
s e r p m e m i ş   m i s i n i z
s e r p m i y o r l a r   m ı y d ı
d e ğ i ş m e d i l e r d i
h e n d e s e l e r d e
p e n i s l e r i n i z
b a m y a s ı n d a n
t e k i l   k a l ı p l a r a
s e r p m e y e c e k l e r
ö ğ ü t ü c ü l e r i m i z i
d e ğ i ş i r   m i y i m
s ü z m ü ş   o l m a y a c a k l a r
s ü z m ü ş   o l a c a k   m ı s ı n ı z
t o p o l o j i l e r i m i z i
s e r p i y o r   o l m a y a c a k m ı ş ı z
s e r p i y o r   m u y u m
e r n e k l e r
g ö ç m ü y o r   m u y m u ş s u n u z
g ö ç m e m i ş s i n
d e ğ i ş m i y o r m u ş s u n
g ö ç m ü ş   o l a c a k t ı n
b ü s t l e r i n
s e r p m i ş   o l a c a k   m ı s ı n ı z
p a r ç a l a n m a l ı   m ı y d ı k
k u r b a ğ a c ı k l a r ı n d a
s e s t e ş l e r i n d e n
s e r p e r   o l m a y a c a k m ı ş s ı n ı z
g ö ç e c e k   o l m a y a c a k m ı ş
p e n i s l e r i n i
g ö ç m ü ş t ü m
d ü z e n l e n e b i l i r l i ğ i n i z e
t o p o l o j i n i
p a r ç a l a n m a y a c a k l a r   m ı
d e ğ i ş e c e k   o l m a y a c a ğ ı m
p a r ç a l a n ı y o r   o l m a y a c a k l a r
p a r ç a l a n a c a k s ı n ı z
s ü z ü y o r   o l a c a k l a r d ı
s ü z ü y o r   o l m a z   m ı y d ı n
e r n e k l e r i
p a r ç a l a n a c a k   o l a c a ğ ı m
s e r p i y o r   o l m a y a c a k   m ı y ı z
g ö ç e c e k   o l a c a k   m ı y m ı ş
a y r ı m c ı l ı k l a r ı n ı z ı
s e r p i y o r   o l m a l ı l a r
s e r p m i y o r d u m
b a m y a n ı z
s ü z m e l i   m i y i z
g ö ç e c e k   o l a c a k l a r   m ı y m ı ş
g ö ç ü y o r   o l m a z   m ı y d ı k
d e ğ i ş m i y o r l a r d ı
y e r i n i z
p a r ç a l a n ı y o r   o l m a y a c a k   m ı y m ı ş s ı n
s ü z ü y o r   o l m a z l a r   m ı y d ı
t e c r i t l e r i m i z e
d e ğ i ş i y o r   o l m a l ı l a r
s e r p i y o r   o l a c a k   m ı y d ı k
p a r ç a l a n ı y o r   o l u r   m u y d u k
p a r ç a l a n m ı ş   o l a c a k l a r
d e ğ i ş e c e k   o l a c a k m ı ş ı m
ç i z g i l e r i m i z d e n
d ü z e n l e n e b i l i r l i ğ i n i z i
g ö ç m ü y o r   m u y u z
s ü z m e z d i m
ç i z g i l e r s i n i z
d e ğ i ş m i ş   o l m a y a c a k l a r
d e ğ i ş m i y o r   m u y d u m
s e r p i y o r l a r   m ı
p a r ç a l a n m ı ş   o l m a y a c a k t ı n
ç i z g i l e r
s ü z ü y o r   o l m a y a c a ğ ı z
g ö ç m ü ş m ü ş ü z
s ü z m e z l e r d i
p a r ç a l a n m ı ş t ı n ı z
s ü z m ü ş   m ü s ü n
p a r ç a l a n ı y o r   o l a c a ğ ı z
s ü z m e m e l i   m i y m i ş i m
t o p o l o j i l e r i n i
d e ğ i ş i y o r d u m
s ü z m e m e l i y d i m
p a r ç a l a n ı r m ı ş ı z
g ö ç ü y o r   o l m a m a l ı y m ı ş s ı n
y e r i n i z d e n
p a r ç a l a n d ı m
d e ğ i ş i y o r   o l a c a k   m ı s ı n ı z
p a r ç a l a n d ı y d ı m
s e r p m e d i y d i k
t e k i l   k a l ı b ı n d a
d e ğ i ş i y o r   o l m a y a c a k
p a r ç a l a n m ı ş l a r   m ı y m ı ş
g ö ç m e m i ş
k a t e g o r i l e r i n i z d e n
a y r ı m c ı l ı k d ı n
b ü s t l e r i m i z i n
p a r ç a l a n d ı l a r   m ı
g ö ç m ü ş   o l m a y a c a k t ı n
p a r ç a l a n ı y o r   o l m a m a l ı
ü z g ü n   m ü y m ü ş l e r ?
p a r ç a l a n ı y o r   o l a c a k   m ı y ı z
t e k i l   k a l ı b a
d e ğ i ş m e l i l e r
p a r ç a l a n ı y o r   o l m a y a c a k   m ı y m ı ş ı m
t e c r i d i n e
d e ğ i ş e c e k   o l m a y a c a k m ı ş s ı n
g ö ç e r m i ş i z
s e s t e ş l e r i n i z i n
s ü z d ü   m ü y d ü n
b ü s t l e r i
y e r i m i z i
p a r ç a l a n a c a k   o l m a y a c a k   m ı y m ı ş
d e ğ i ş t i   m i y d i m
k a t e g o r i m i z i
s e r p i y o r   o l m a l ı   m ı y d ı
t e k i l   k a l ı p l a r ı n ı
t e c r i d e
e r n e ğ i n i z e
p a r ç a l a n m ı y o r   m u s u n
p a r ç a l a n ı y o r   o l m a m a l ı   m ı y m ı ş s ı n
s ü z m e l i   m i y m i ş s i n i z
p a r ç a l a n ı y o r   o l m a y a c a k   m ı y d ı n
y a n   t ü m c e n i z
a v u k a t l a r d a n
a y r ı m c ı l ı k d a
t e k i l   k a l ı p l a r ı n ı z
s ü z e c e k s i n i z
s ü z ü y o r m u ş u m
g ö ç m e m i ş   m i y d i
s ü z m ü ş   o l m a y a c a k   m ı y d ı
e r n e k m i ş s i n
d e ğ i ş i y o r   o l m a l ı s ı n
s e s t e ş i m i z i n
ç i z g i l e r i n e
i s t i r i d y e l e r i m i z
g ö ç m ü ş   m ü
p a r ç a l a n m a m ı ş m ı ş
s e r p e c e k l e r d i
s ü z m e m e l i   m i y m i ş i z
s e r p m e z l e r   m i
b a k i r e n i z d e
s ü z m e d i l e r   m i
k e f a l e t l e r d e
d e ğ i ş m i ş l e r   m i
d e ğ i ş m e y e c e k   m i y i z
s e r p i y o r   o l m a l ı   m ı y m ı ş ı z
a y r ı m c ı l ı k l a r d ı n ı z
p a r ç a l a n ı y o r   o l m a m a l ı l a r m ı ş
s e r p m e d i n
y a n   t ü m c e l e r i n i n
ç i z g i l e r i
d ü z e n l e n e b i l i r l i ğ i m i z e
a v u k a t l a r d ı k
k u r b a ğ a c ı k l a r ı
ü z g ü n   m ü ?
g ö ç m e m i ş t i
s ü z e c e k   m i y i z
p a r ç a l a n ı y o r   o l m a z   m ı y d ı m
e r n e k m i ş i z
s e r p i y o r m u ş u z
d e ğ i ş i y o r   o l m a l ı l a r m ı ş
s e r p m e m e l i l e r   m i y d i
p a r ç a l a n m a m ı ş t ı n ı z
g ö ç m e d i n   m i
ö r d e ğ i m i z d e
p a r ç a l a n ı y o r   o l m a l ı   m ı s ı n
t e c r i d i n i
p a r ç a l a n m ı ş   o l a c a k   m ı
ü z g ü n s ü n
m a k i n e n i z d e n
d e ğ i ş m i ş   o l a c a k s ı n
s ü z ü y o r   o l m a l ı l a r d ı
s ü z m e z   m i y d i n
p a r ç a l a n ı y o r   o l m a y a c a k t ı m
s ü z m e m e l i y d i n i z
p a r ç a l a n m a l ı y d ı m
d e ğ i ş i y o r   o l m a m a l ı y d ı n
s e s t e ş i n e
b a k i r e l e r i n i z
ç i z g i n i
d e ğ i ş m e d i l e r
p a r ç a l a n m a d ı   m ı y d ı m
s e r p m e z   m i y m i ş s i n
g ö ç ü y o r   o l a c a k m ı ş
a y r ı m c ı l ı ğ ı m ı z
i s t i r i d y e n e
s e r p m i ş
m i l y o n e r l e r i n
b a k i r e y i z
t e k i l   k a l ı b ı m ı z ı n
k e f a l e t l e r i m i z d e n
g ö ç m e m i ş   m i y m i ş s i n
ö ğ ü t ü c ü l e r d i
t e k i l   k a l ı b ı n d a n
m i l y o n e r l e r i m i z i n
b a m y a m ı z ı
s ü z ü y o r   o l m a m a l ı l a r   m ı y d ı
p a r ç a l a n d ı l a r d ı
p a r ç a l a n ı r   o l a c a k m ı ş s ı n ı z
ç i z g i l e r d i n i z
d e ğ i ş m e m
d e ğ i ş e c e k   o l m a y a c a k l a r m ı ş
g ö ç t ü k   m ü
d e ğ i ş m e m i ş l e r
d e ğ i ş t i n i z
p e n i s l e r i n i n
s ü z e c e k   m i y m i ş i z
ö r d e ğ i n
g ö ç ü y o r   o l a c a ğ ı z
s e r p m e y e c e k
d e ğ i ş i r d i k
s ü z e c e k   m i y m i ş s i n i z
d e n e y i m d e
d e ğ i ş e c e k   o l a c a k   m ı y m ı ş s ı n
d e ğ i ş m i y o r l a r   m ı
d e ğ i ş i y o r   o l m a l ı   m ı y d ı n
d e ğ i ş i y o r   m u
a v u k a t ı z
a y r ı m c ı l ı ğ ı m
t e k i l   k a l ı b ı m ı z a
d e ğ i ş i y o r   o l m a l ı y ı m
s e r p m e m e l i l e r   m i y m i ş
a y r ı m c ı l ı k l a r ı m ı z ı
g ö ç ü y o r   o l m a l ı   m ı y d ı n ı z
s ü z e r   o l m a y a c a k m ı ş ı m
s e r p i y o r   o l m a m a l ı   m ı y m ı ş ı m
p a r ç a l a n m a d ı y d ı
d e ğ i ş m e y e c e ğ i m
k a t e g o r i l e r i m i z d e n
y a n   t ü m c e l e r i n d e n
s e r p m i ş   o l m a y a c a k t ı n ı z
ü z g ü n m ü ş s ü n
d e ğ i ş i y o r   o l m a m a l ı s ı n ı z
g ö ç m e l i
ö r d e k l e r
b a k i r e s i n d e
d e ğ i ş m e m i ş m i ş s i n
h e n d e s e l e r i
d e ğ i ş e c e k   o l a c a k   m ı s ı n ı z
a y r ı m c ı l ı k l a r m ı ş ı m
p a r ç a l a n ı y o r   m u y m u ş s u n u z
g ö ç e r m i ş s i n
s ü z m e m i ş   m i y i m
e r n e k m i ş i m
t e k i l   k a l ı b ı m ı z d a
s ü z d ü m   m ü
h e n d e s e l e r i n i n
g ö ç e c e k m i ş i z
s e r p m e z   m i y i m
ö r d e k l e r i n i n
g ö ç ü y o r   o l m a m a l ı   m ı y m ı ş ı z
d e ğ i ş m e m e l i   m i y i m
m e f h u m l a r ı n
ö r d e ğ i n d e
s ü z m e z   m i y d i n i z
m i l y o n e r i n i z e
d e n e y i m l e r i n d e n
d e ğ i ş i y o r   o l m a m a l ı   m ı y m ı ş ı m
g ö ç e r   o l m a y a c a k m ı ş s ı n
g ö ç ü y o r   o l m a m a l ı s ı n
s e r p t i y d i n
a y r ı m c ı l ı k l a r m ı ş
s ü z m e y e c e k   m i y d i n
g ö ç m e m i ş t i n i z
d e ğ i ş m e l i l e r d i
p e n i s l e r d e
s e r p t i y d i
t o p o l o j i m i z e
s ü z m e z m i ş
g ö ç m ü y o r m u ş
s e r p i y o r   o l a c a k t ı
d e ğ i ş i y o r   o l m a m a l ı   m ı y m ı ş s ı n
g ö ç ü y o r   o l m a l ı l a r   m ı
b ü s t ü m ü z d e n
b a k i r e d e n
d e ğ i ş m i ş   o l m a y a c a k t ı n
d e ğ i ş i r   o l m a y a c a k m ı ş s ı n ı z
s ü z ü y o r   o l m a z   m ı y d ı m
ç i z g i y d i
s e r p e r   m i y m i ş
g ö ç ü y o r   o l m a m a l ı y d ı n ı z
s e r p e c e k   o l m a y a c a k l a r m ı ş
b a k i r e l e r s i n i z
b ü s t ü m ü z d e
p a r ç a l a n m a m ı ş s ı n ı z
p a r ç a l a n m e l i   m i s i n
ç i z g i l e r d i r
d e ğ i ş i r l e r d i
a v u k a t l a r ı m ı z ı
g ö ç m ü ş   o l m a y a c a k   m ı y ı m
k e f a l e t l e r i n e
g ö ç t ü y d ü n ü z
g ö ç ü y o r   m u y u z
p a r ç a l a n m a m e l i s i n i z
p a r ç a l a n m a m ı ş   m ı s ı n ı z
g ö ç m e m e l i   m i y d i k
s ü z m ü y o r u m
g ö ç m e l i   m i y i z
d e ğ i ş e c e k   o l a c a k s ı n ı z
d e ğ i ş i y o r   o l m a l ı   m ı y m ı ş
s ü z ü y o r   o l m a y a c a k   m ı y d ı n ı z
s ü z m e l i   m i
s ü z m e m i ş l e r   m i y m i ş
g ö ç t ü
s ü z e r   m i y d i m
s e r p m e z m i ş
a v u k a t l a r ı n a
g ö ç m e m e l i l e r d i
b a k i r e m i z e
s ü z ü y o r   o l m a y a c a k t ı n ı z
s e r p i y o r   o l m a y a c a k   m ı
g ö ç e r m i ş s i n i z
s ü z ü y o r   m u y m u ş s u n
s e r p m e m i ş l e r
p a r ç a l a n m ı ş   o l a c a k   m ı y ı z
s e r p i y o r   o l u r d u m
s e r p i y o r   o l m a l ı   m ı y m ı ş s ı n
a y r ı m c ı l ı k d ı m
b a k i r e l e r d i r
d e ğ i ş m i ş   o l m a y a c a ğ ı z
t e c r i d i n e
g ö ç ü y o r   o l m a m a l ı   m ı y d ı n
s e r p m e m e l i   m i y i z
h e n d e s e n i
b a k i r e l e r i n d e n
s e r p i y o r   o l m a z d ı n ı z
e r n e k l e r i z
s e r p m i ş   o l m a y a c a k   m ı y ı z
m a k i n e l e r i m i z e
p a r ç a l a n m a y a c a k m ı ş
s ü z m e l i   m i y m i ş s i n
s ü z ü y o r   o l m a l ı   m ı y d ı
s e r p i y o r   o l m a m a l ı
d e ğ i ş m i ş
s ü z e c e k   m i s i n i z
b a m y a y m ı ş
ç i z g i l e r i n
s e r p i y o r   o l a c a k   m ı s ı n ı z
p a r ç a l a n m a m ı ş
a y r ı m c ı l ı ğ ı n d a
s ü z m e z   m i y m i ş s i n i z
g ö ç ü y o r   o l m a m a l ı l a r
s ü z m e z
s ü z e r i z
ö r d e k l e r i n i z
s e r p m i ş t i
k e f a l e t i n i
i s t i r i d y e n i n
s e r p e r   m i s i n
d e ğ i ş m e l i   m i y d i
g ö ç ü y o r   o l a c a k t ı n
g ö ç e c e k   m i y d i n
k a t e g o r i n e
s e r p e r d i n
b a k i r e y m i ş
s ü z d ü   m ü
t e k i l   k a l ı b ı
p a r ç a l a n ı y o r   m u y d u n u z
s ü z e c e k   o l m a y a c a k m ı ş ı z
s ü z ü y o r   o l m a z l a r d ı
ç i z g i m i z
m i l y o n e r l e r d i n
g ö ç e r   o l a c a k   m ı y m ı ş
k u r b a ğ a c ı ğ ı n a
s e r p e r   o l a c a k   m ı y m ı ş s ı n
e r n e ğ i n i
a v u k a t l a r ı n
p a r ç a l a n ı y o r   o l m a l ı y ı z
s e r p i y o r   o l m a m a l ı   m ı y d ı n
p a r ç a l a n a c a k l a r m ı ş
h e n d e s e l e r i n e
g ö ç m ü ş   o l m a y a c a k s ı n
s e r p e r d i m
k e f a l e t t e
d e ğ i ş e c e k   m i y i m
p a r ç a l a n ı y o r   m u y d u
ö ğ ü t ü c ü y ü m
ü z g ü n   d e ğ i l d i n
p a r ç a l a n m a z   m ı y m ı ş
s ü z m e m i ş i m
k e f a l e t l e r i n i n
s ü z e r l e r d i
p a r ç a l a n ı r   o l m a y a c a k m ı ş s ı n
g ö ç ü y o r   o l a c a k s ı n ı z
p e n i s i n d e n
d e ğ i ş i y o r   o l m a m a l ı   m ı y d ı k
s e r p e r   o l m a y a c a k m ı ş ı z
d e ğ i ş m i ş   o l a c a k l a r   m ı y d ı
s ü z ü y o r   o l m a m a l ı l a r d ı
s ü z e r   o l a c a k   m ı y m ı ş s ı n
s e r p e c e k   o l a c a k   m ı y m ı ş s ı n ı z
ç i z g i l e r i n i z i
e r n e k l e r i m i z d e n
a v u k a t t ı k
y e r m i ş l e r
m a k i n e y e
y e r s i n i z
t o p o l o j i n i z d e
b ü s t l e r i m i z
d e ğ i ş i y o r   o l a c a k   m ı y d ı k
p a r ç a l a n a c a k l a r d ı
k u r b a ğ a c ı k l a r ı n ı z d a
s e r p m e l i y d i n
k e f a l e t e
d ü z e n l e n e b i l i r l i k t e n
d e n e y i m i n d e
h e n d e s e l e r i n i z i n
g ö ç ü n
g ö ç ü y o r   o l m a l ı   m ı y d ı k
k e f a l e t l e r i n d e
s ü z m ü y o r   m u
s ü z m ü ş   o l a c a k l a r   m ı
s e r p m i ş m i ş
g ö ç m ü y o r l a r m ı ş
ü z g ü n   d e ğ i l i z
g ö ç e c e k   o l a c a k m ı ş
s e r p i y o r   o l u r l a r   m ı y d ı
ü z g ü n d ü k
g ö ç ü y o r   o l a c a k t ı n ı z
p a r ç a l a n ı y o r   o l m a z d ı m
d e ğ i ş e c e k   o l a c a k
g ö ç m e y e c e k l e r
d e ğ i ş m i ş   o l a c a k   m ı y d ı k
p a r ç a l a n m a y ı n
t e k i l   k a l ı p l a r ı n ı z d a n
g ö ç e r s i n
d e n e y i m i m i z i n
p a r ç a l a n m ı ş   o l m a y a c a k   m ı y d ı n ı z
g ö ç m ü ş   m ü s ü n
g ö ç m ü ş l e r   m i
p a r ç a l a n ı y o r   o l u r d u m
s ü z m e m i ş   m i y m i ş s i n i z
d e ğ i ş i y o r   m u y d u k
g ö ç ü y o r   o l m a m a l ı y d ı m
t e k i l   k a l ı p l a r ı m ı z ı n
p a r ç a l a n m ı y o r u m
d e ğ i ş i y o r   o l m a y a c a k   m ı s ı n
g ö ç m e m e l i   m i y d i n i z
g ö ç m ü ş   o l a c a k   m ı y d ı m
p a r ç a l a n m ı ş m ı ş s ı n ı z
s ü z m e d i m   m i
a l f a   s ü r ü m ü n ü n
s e r p m e m e l i l e r
s e r p e c e k   o l a c a k s ı n
b ü s t l e r i m i z d e n
g ö ç m e l i y m i ş s i n i z
e r n e ğ i m i z i n
s e r p t i   m i y d i
p a r ç a l a n ı y o r   o l a c a k t ı n ı z
t o p o l o j i l e r i n e
k e f a l e t l e r i n i z i
d e ğ i ş m e z   m i y d i k
d e ğ i ş m e y e c e k t i n
k u r b a ğ a c ı k l a r d a n
s e r p m e l i y i m
s e r p m i ş   o l m a y a c a k   m ı y d ı n
s e r p m e m i ş   m i y m i ş
s ü z ü y o r   o l a c a k   m ı y m ı ş ı z
d e ğ i ş i y o r   o l a c a k   m ı y m ı ş s ı n
s ü z ü y o r   o l m a m a l ı
ö r d e ğ i n d e n
s e r p m e z d i k
b ü s t ü n
p a r ç a l a n ı y o r   o l m a l ı   m ı
g ö ç m e z l e r   m i
d e ğ i ş m e d i y d i k
s e s t e ş i
s ü z m e m e l i   m i y d i m
s e r p i y o r   m u s u n u z
s e r p i y o r   o l m a m a l ı s ı n ı z
m a k i n e d e
h e n d e s e
g ö ç m ü ş t ü
s ü z m ü y o r   m u y m u ş
a y r ı m c ı l ı k l a r s ı n ı z
t o p o l o j i m i z i
a y r ı m c ı l ı k l a r ı n ı
g ö ç m e m e l i l e r   m i y d i
g ö ç m e l i l e r d i
s ü z ü y o r   o l m a y a c a k   m ı s ı n
g ö ç e c e k   o l a c a ğ ı m
s ü z e c e k   o l a c a ğ ı z
d e ğ i ş i y o r   o l m a m a l ı y m ı ş ı z
s ü z m e d i y d i n
d e ğ i ş e c e k   o l a c a k   m ı y m ı ş
p a r ç a l a n m ı y o r   m u
s ü z m e l i l e r d i
y e r i n d e
b a m y a l a r d ı k
m i l y o n e r i n i z i
d e ğ i ş m e m i ş   m i y m i ş s i n i z
s ü z e r   o l m a y a c a k   m ı y m ı ş ı m
s e r p e r   o l a c a k m ı ş s ı n
s e r p i y o r   o l m a m a l ı   m ı y ı z
g ö ç e r   m i y m i ş s i n i z
s ü z m e y e c e k l e r
t e k i l   k a l ı p l a r ı n d a n
k e f a l e t l e r d e n
g ö ç e r m i ş
a v u k a t ı n d a n
k a t e g o r i y i
a v u k a t l a r s ı n
k a t e g o r i s i
g ö ç e c e k   o l a c a k   m ı y m ı ş s ı n
s ü z ü y o r   o l a c a k m ı ş
ö ğ ü t ü c ü n
d e ğ i ş m i ş l e r m i ş
e r n e k l e r i n i z
s ü z ü y o r   o l m a l ı   m ı y d ı n ı z
a v u k a t l a r
g ö ç m ü ş   o l m a y a c a k l a r
s ü z m ü y o r   m u y d u
p a r ç a l a n m ı ş   o l a c a k t ı
s ü z e r l e r   m i
g ö ç m e m i ş m i ş
s e r p m e m e l i y i m
g ö ç e c e k   o l m a y a c a k   m ı y ı m
p a r ç a l a n ı y o r   o l m a l ı   m ı y d ı k
s ü z e r l e r   m i y d i
p a r ç a l a n ı r   o l a c a k m ı ş ı m
y e r l e r m i ş s i n
p a r ç a l a n ı r   o l a c a k   m ı y m ı ş s ı n ı z
p a r ç a l a n a c a k   o l a c a k
s e r p m i y o r l a r   m ı y m ı ş
