g ö ç ü y o r m u ş
g ö ç m ü y o r   m u y d u k
g ö ç ü y o r d u n u z
g ö ç ü y o r   m u s u n
g ö ç ü n
m e f h u m l a r
k u r b a ğ a c ı k l a r
k u r b a ğ a c ı ğ ı m ı z d a
k u r b a ğ a c ı ğ ı n d a
s ü z ü y o r   o l m a z l a r d ı
ç i z g i m i z
k u r b a ğ a c ı ğ ı n a
s ü z e r   o l a c a k l a r   m ı y m ı ş
ç i z g i y i
a y r ı m c ı l ı k l a r
k u r b a ğ a c ı ğ ı n ı z d a n
k u r b a ğ a c ı k l a r ı n d a
a y r ı m c ı l ı k l a r
g ö ç ü y o r   o l a c a k t ı n
a y r ı m c ı l ı k l a r
s e r p i y o r   o l m a l ı y d ı
a v u k a t l a r ı n
s e r p i y o r   o l m a y a c a k l a r   m ı
g ö ç m e z   m i y m i ş i z
s ü z ü y o r   o l a c a k   m ı
g ö ç m ü ş   o l a c a k   m ı y d ı m
g ö ç e r   o l a c a k   m ı y m ı ş
b ü s t l e r
g ö ç m e m e l i y m i ş s i n
s e r p i y o r   o l u r   m u y d u m
s ü z ü y o r   o l m a y a c a k   m ı y m ı ş s ı n ı z
s e r p i y o r m u ş s u n u z
ç i z g i y i m
d e ğ i ş m i y o r u m
a y r ı m c ı l ı k l a r ı m ı z d a n
s e r p m i ş   m i y m i ş i z
m e f h u m u n u z
t e k i l   k a l ı p l a r ı
s e r p i y o r   o l m a l ı s ı n
a v u k a t ı n ı z a
ö ğ ü t ü c ü l e r
t o p o l o j i n i n
k u r b a ğ a c ı k l a r ı n ı z d a
d e ğ i ş i y o r   o l m a z d ı k
t e k i l   k a l ı p l a r ı
a y r ı m c ı l ı ğ ı n a
ç i z g i s i n i z
d e ğ i ş m i ş   m i y m i ş i z
s ü z m ü ş   o l a c a k   m ı y d ı m
y e r d i k
b a m y a l a r ı n d a
p a r ç a l a n ı y o r   o l m a l ı
s ü z m e m i ş i m
k a t e g o r i m i z i n
p a r ç a l a n ı y o r m u ş
b a m y a n ı z d a n
k u r b a ğ a c ı k l a r ı n ı n
t o p o l o j i l e r i n d e
ö r d e ğ i n i n
p a r ç a l a n ı y o r d u
s ü z ü y o r   o l m a l ı   m ı y m ı ş s ı n
g ö ç m e m e l i y m i ş i z
t o p o l o j i l e r i m i z i n
p a r ç a l a n m a l ı l a r   m ı y m ı ş
d e ğ i ş e c e k   o l m a y a c a k   m ı y m ı ş ı z
g ö ç m e m i ş i z
p a r ç a l a n ı y o r l a r m ı ş
g ö ç m ü ş l e r   m i y d i
s e r p m e z l e r   m i y m i ş
d e ğ i ş m e m e l i y m i ş
s e r p m e l i y d i m
p a r ç a l a n a c a ğ ı m
k u r b a ğ a c ı k l a r ı n ı n
d e ğ i ş i y o r   o l m a m a l ı   m ı y d ı
b a k i r e y e
d e ğ i ş m i y o r u z
k u r b a ğ a c ı ğ ı n d a n
s ü z m e z l e r   m i y m i ş
t e k i l   k a l ı p l a r ı m ı z ı
d e ğ i ş m i ş   m i y m i ş s i n i z
p a r ç a l a n ı r l a r m ı ş
y e r s i n i z
t e k i l   k a l ı b ı n ı n
s e r p m e z   m i y m i ş i z
ö ğ ü t ü c ü l e r s i n
ç i z g i l e r i m i z e
p a r ç a l a n a c a k   o l m a y a c a ğ ı z
p a r ç a l a n m a y a c a k l a r   m ı y d ı
m i l y o n e r
s e r p i y o r   o l a c a k m ı ş s ı n ı z
d e ğ i ş m e m i ş i m
ö ğ ü t ü c ü l e r i m i z
b a k i r e l e r d i m
p a r ç a l a n a c a k l a r
ö r d e ğ i n d e n
p a r ç a l a n ı y o r   m u y m u ş u z
ö r d e ğ i n d e n
b a k i r e y m i ş i m
s e r p m i ş l e r   m i y m i ş
p a r ç a l a n a c a k   m ı y m ı ş s ı n ı z
k a t e g o r i n e
a y r ı m c ı l ı k s ı n ı z
k a t e g o r i l e r i n d e
k e f a l e t i n d e
d e ğ i ş i r   m i y m i ş
i s t i r i d y e l e r i m i z e
g ö ç e c e k   m i
g ö ç m e z l e r m i ş
s e r p e c e k   o l a c a k   m ı s ı n ı z
g ö ç e c e k l e r   m i
s e r p e c e k s i n
s e r p m e l i l e r   m i y d i
m a k i n e y e
s e r p m e l i   m i y d i
d e ğ i ş e c e k s i n
s ü z e c e k s i n
g ö ç m ü ş   m ü y d ü n ü z
g ö ç m e m e l i   m i y m i ş s i n
g ö ç m e y e c e k l e r
s ü z ü y o r   o l u r l a r d ı
ö ğ ü t ü c ü l e r d i m
d e ğ i ş m i y o r m u ş u z
k a t e g o r i l e r i n e
s e r p m i y o r u z
g ö ç m e m e l i   m i y d i n i z
y a n   t ü m c e s i n d e n
b a m y a s ı n ı n
d e ğ i ş i r   o l a c a k m ı ş ı z
d e ğ i ş m e m e l i y m i ş i z
m i l y o n e r i m i z i n
p a r ç a l a n a c a k t ı
k e f a l e t l e r i n d e
b a k i r e l e r i m i z e
i s t i r i d y e n i n
m i l y o n e r l e r e
d e ğ i ş m e l i   m i y d i
b ü s t ü n e
p a r ç a l a n m ı ş   o l a c a k t ı n ı z
s e r p m e m i ş m i ş i z
k e f a l e t i n i
e r n e ğ i n
s ü z m ü y o r   m u y m u ş s u n
s e r p m e m i ş t i n
s ü z m e m i ş m i ş i z
y e r l e r i n d e
d e ğ i ş m e z m i ş i m
e r n e ğ i m i z i n
k e f a l e t l e r i n
m i l y o n e r l e r s i n
s e r p m i ş   m i y m i ş
y a n   t ü m c e s i
y a n   t ü m c e l e r i n e
p a r ç a l a n ı y o r d u n u z
s e r p m e m e l i l e r
e r n e ğ i n i
d e ğ i ş i r   o l m a y a c a k l a r   m ı y m ı ş
ç i z g i y m i ş i m
d e ğ i ş e c e k   m i y d i n i z
ö r d e k l e r i n i z
e r n e ğ i
p a s k a l y a   t a v ş a n ı n a
s e s t e ş i n e
d e ğ i ş e c e k   m i
ö r d e k l e r d e
s ü z m e m e l i   m i y m i ş s i n
s ü z m e m e l i   m i y d i
d e ğ i ş m e m e l i   m i y m i ş i z
k e f a l e t i n i n
m e f h u m u m u z
p a r ç a l a n m ı ş   o l a c a k   m ı y ı m
s e r p m e m e l i   m i y d i n i z
m a k i n e m i z e
d e n e y i m i n d e
ö r d e k l e r i n e
s e s t e ş i n i z
s ü z m e m e l i   m i y d i n i z
d e ğ i ş m e m i ş   m i s i n
k e f a l e t i n i z i
k e f a l e t i n e
d e ğ i ş e c e k l e r d i
b a m y a l a r s ı n ı z
d e ğ i ş m e m i ş l e r   m i
d e ğ i ş m e y e c e k l e r
p e n i s i n d e n
p e n i s i n i z i n
k e f a l e t l e r i n i n
s ü z m e y e c e k l e r
m a k i n e l e r i n d e
p e n i s l e r i n d e
k e f a l e t l e r e
d e n e y i m i n
g ö ç e r   o l a c a k l a r m ı ş
d e n e y i m i n i
p a r ç a l a n m a z d ı n ı z
d e n e y i m i n e
d e n e y i m i n d e n
p a r ç a l a n a c a k m ı ş s ı n ı z
ç i z g i y i z
k e f a l e t i n d e
d e n e y i m d e n
s e s t e ş l e r i n i
y e r l e r i z
d e ğ i ş m e m i ş   m i
d ü z e n l e n e b i l i r l i ğ i m i z i
d e n e y i m i
s ü z e r   m i s i n i z
d ü z e n l e n e b i l i r l i ğ i n i z d e
g ö ç e r   o l m a y a c a k m ı ş ı z
d e n e y i m i n i n
d e n e y i m l e r i n
d e n e y i m l e r i n i z
k e f a l e t i n i z i n
e r n e k l e r i n d e
m i l y o n e r m i ş l e r
s e s t e ş l e r i n i z i
g ö ç t ü l e r d i
s e s t e ş i n d e n
t e c r i t l e r i n e
s e s t e ş i n i z i n
h e n d e s e l e r
h e n d e s e n i z e
s e r p e c e k   m i
p a r ç a l a n m e l i y i z
m a k i n e m i z d e n
h e n d e s e l e r i n e
h e n d e s e l e r i n d e
d e n e y i m i n e
h e n d e s e n d e n
d ü z e n l e n e b i l i r l i k t e n
m e f h u m u m u z d a
d ü z e n l e n e b i l i r l i ğ i m i z
s e r p m i y o r m u ş u z
s ü z m e d i   m i
a l f a   s ü r ü m l e r i n i n
y e r m i ş l e r
d e n e y i m i n d e
t e k i l   k a l ı b ı m ı z
k e f a l e t i n i n
ç i z g i s i n i n
s e s t e ş i
t e c r i d i m i z i
b a m y a y ı z
t e c r i d i n i z i n
s ü z m e y e c e k   m i y d i m
m e f h u m u n u n
e r n e ğ i m
e r n e k l e r d i m
a l f a   s ü r ü m ü n ü n
p a r ç a l a n m a m
a v u k a t t a n
