s e r p m e z   m i y i z
s e r p m e m e l i   m i
s e r p m e m i ş s i n
s e r p m e z l e r   m i
s e r p m e d i y d i n
s e r p m i ş   m i y d i
s e r p m e d i y d i k
s e r p m e l i y d i m
s e r p m e z d i n i z
s e r p m e m i ş l e r
s e r p m i ş   m i s i n
t o p o l o j i s i n i n
s e r p m e d i y d i m
s e r p m e z s i n i z
s e r p m i ş   m i y i m
s e r p m e z l e r d i
s e r p m e z m i ş i z
s e r p m i ş l e r   m i
g ö ç ü y o r d u n u z
s e r p m i ş m i ş i z
a v u k a t l a r d ı k
d e ğ i ş i y o r m u ş
u s u l l a r
k a t e g o r i s i n i n
b a m y a n ı z d a n
a v u k a t m ı ş s ı n
k e f a l e t i n i z i
t o p o l o j i y i
g ö ç ü y o r   m u y d u
ö ğ ü t ü c ü l e r d e
e r n e ğ i m i z i n
d e n e y i m l e r d e
m i l y o n e r l e r i
h e n d e s e l e r i n
g ö ç m e z l e r m i ş
y a n   t ü m c e l e r i
g ö ç m e d i l e r d i
d e ğ i ş e c e k l e r
g ö ç e c e k l e r   m i
y a n   t ü m c e n d e n
e r n e k l e r i n d e
p e n i s l e r i n i n
p e n i s l e r i n d e
p e n i s l e r i m i z
p e n i s l e r i n i z
y e r l e r i n i z i
a v u k a t ı n ı z ı
m i l y o n e r i m i z
g ö ç ü y o r   m u y u z
ö ğ ü t ü c ü l e r e
h e n d e s e s i n i n
a v u k a t ı n ı z a
h e n d e s e m i z i
m i l y o n e r i
k a t e g o r i y i
s e s t e ş l e r i n
d e ğ i ş i y o r u m
t e k i l   k a l ı b ı
t e k i l   k a l ı b ı
m i l y o n e r i n d e
y e r l e r m i ş i m
t o p o l o j i n i z i
t o p o l o j i m i z e
p a r ç a l a n m a z
h e n d e s e m i z d e
i s t i r i d y e n i n
a v u k a t l a r ı n
k a t e g o r i d e n
d e ğ i ş i r   m i y i m
d e ğ i ş e c e k s i n
d e ğ i ş m e l i y i z
d e ğ i ş m e m i ş i m
s e s t e ş i n i z i
g ö ç m e y e c e ğ i z
t e c r i d i n i n
m e f h u m l a r ı n
d e ğ i ş m e l i l e r
u s u l l a r ı n
t e c r i d i m i z i
t e c r i t l e r i n
a l f a   s ü r ü m ü
d e n e y i m l e r i
e r n e ğ i n i z d e
ö r d e ğ i n i z d e
m i l y o n e r i n i z
b a k i r e l e r i z
b a m y a l a r d ı n
e r n e k l e r m i ş
b a k i r e l e r i n
b a k i r e l e r i n
y e r l e r i n d e n
b a k i r e n i z d e
ö ğ ü t ü c ü l e r i
d e ğ i ş m i y o r u m
ö ğ ü t ü c ü l e r i
d e ğ i ş i r l e r d i
b ü s t l e r i n i z i
h e n d e s e n i z i
ö r d e k l e r i n e
ç i z g i n i z d e n
a v u k a t ı m ı z a
k a t e g o r i n d e
b ü s t l e r i m i z
d e ğ i ş e c e k m i ş
i s t i r i d y e n i
i s t i r i d y e s i n i
s e r p e r   m i y i z
ö ğ ü t ü c ü y d ü k
m i l y o n e r i n i n
d e n e y i m l e r i
k e f a l e t l e r i
k e f a l e t l e r i
g ö ç m ü ş s ü n ü z
d e ğ i ş e c e k t i m
e r n e k m i ş s i n
t o p o l o j i n i n
s e r p e r m i ş i z
k a t e g o r i n e
d e n e y i m e
s e r p e c e k s i n
b a m y a l a r m ı ş
b a m y a l a r d ı k
k e f a l e t i n i n
ç i z g i l e r m i ş
ç i z g i l e r d i r
ç i z g i l e r i n i
ç i z g i l e r m i ş
ç i z g i l e r i n e
s e r p i y o r d u n
ç i z g i l e r d i k
s e r p i y o r s u n
y e r i n i z
s e r p m e d i n i z
s e r p m i y o r u z
ç i z g i y m i ş i m
d e ğ i ş i y o r s u n
s e r p m i y o r m u ş
h e n d e s e l e r i
d e ğ i ş m e d i n   m i
k a t e g o r i n i z
a v u k a t ı
d e ğ i ş m e d i l e r
d e n e y i m i n i z e
a v u k a t l a r s ı n
y a n   t ü m c e n i z
m i l y o n e r d e n
d e ğ i ş m i y o r d u
d e ğ i ş m e m i ş t i
d e ğ i ş i y o r l a r
ö r d e k l e r i n
s e r p e r   m i s i n
k a t e g o r i m i z
g ö ç e r   m i y d i n
d e ğ i ş m e l i   m i
d e n e y i m i n d e
ö r d e k l e r i n i
m a k i n e n i z d e n
g ö ç m e m i ş s i n
s e r p m e l i y i z
m i l y o n e r l e r
s e r p m e d i n   m i
s e r p m e l i y i m
g ö ç m ü ş   o l a c a k t ı
s e r p m e y e c e k
d e ğ i ş m e y e c e k
a v u k a t ı n d a n
g ö ç m e m i ş t i n
g ö ç m ü ş   m ü y ü m
s e r p e r l e r d i
s e s t e ş i m i z i
e r n e k l e r i n i
h e n d e s e m i z e
m a k i n e m i z i n
k e f a l e t i n d e
m a k i n e l e r i n
y e r l e r d i n i z
ö ğ ü t ü c ü m ü z
s e r p e r l e r   m i
e r n e k l e r i n e
e r n e k l e r i n e
k e f a l e t l e r d e
i s t i r i d y e n
s e r p m i ş   o l a c a k l a r   m ı
e r n e ğ i n i z e
p e n i s l e r i n i
p e n i s l e r i n i
ö r d e k l e r i n i
a v u k a t t ı n ı z
d e n e y i m i n i z
m i l y o n e r d i k
g ö ç m ü y o r m u ş
g ö ç m ü y o r d u k
k e f a l e t i n i z
g ö ç m e z l e r d i
g ö ç e r m i ş s i n
g ö ç m e d i y d i n
g ö ç m ü ş m ü ş ü z
g ö ç m e z m i ş i m
m e f h u m l a r d a
h e n d e s e n i z e
a v u k a t ı
d e ğ i ş i y o r u z
k a t e g o r i s i n i
i s t i r i d y e s i
g ö ç m ü y o r l a r
s e r p m i y o r   m u
p e n i s l e r i n e
p e n i s l e r d e n
e r n e k l e r d i m
ö r d e ğ i m i z d e
ç i z g i s i n d e n
t e c r i t l e r d e
m e f h u m u n u n
m e f h u m u m u z a
p a r ç a l a n d ı
b a k i r e n d e n
b a m y a m ı z ı n
a v u k a t s ı n ı z
d e n e y i m i n i n
ö r d e ğ i n d e n
ö r d e ğ i m i z i
k a t e g o r i n i n
m i l y o n e r l e r
e r n e k l e r i z
d e ğ i ş t i y d i n
b ü s t l e r i n d e
t e c r i d i n i z i n
s e r p m e d i k   m i
k a t e g o r i s i n d e
b ü s t l e r i n i
d e n e y i m d e n
b ü s t l e r d e n
t o p o l o j i n i z
e r n e k l e r i n
p a r ç a l a n ı r
e r n e k m i ş i z
d e ğ i ş m e z d i m
d e ğ i ş e c e ğ i m
g ö ç m e l i y d i m
k e f a l e t i n d e
t e c r i d i n d e n
s e s t e ş i n e
d e ğ i ş t i n i z
y e r l e r i n i n
ö ğ ü t ü c ü n d e
t o p o l o j i n i
s e s t e ş i n i z i n
y e r i n i z d e n
e r n e k m i ş i m
t e c r i d i n i z i
b a m y a n ı z d a
d e n e y i m l e r e
b a m y a l a r ı n
ö ğ ü t ü c ü l e r
b a m y a l a r ı m
b a k i r e l e r e
t o p o l o j i y e
ö ğ ü t ü c ü l e r
b a k i r e l e r i
b a m y a s ı n ı z
b a k i r e n
b a k i r e m i z e
b a k i r e n i z i
b a k i r e m i z i
ö r d e ğ i n i z i
b a k i r e y m i ş
ö ğ ü t ü c ü d e n
s e r p e c e k m i ş
m e f h u m l a r ı n
y a n   t ü m c e s i n i
d e ğ i ş e c e k   m i
g ö ç m e d i n i z   m i
b ü s t l e r i n e
d e n e y i m i n e
a v u k a t l a r ı
y a n   t ü m c e y e
y e r l e r i n i z
e r n e ğ i n d e n
d e n e y i m i n e
s e r p t i y d i n
e r n e k l e r s i n
k e f a l e t i n i
k e f a l e t i n i
s e r p t i n i z
k e f a l e t t e n
b a m y a l a r d ı
b a m y a l a r d ı
s e r p m i ş t i k
s e r p e c e k   m i
ç i z g i l e r i n
b a k i r e d e n
ç i z g i l e r i n
g ö ç m e d i n i z
ç i z g i l e r i m
y e r l e r i n d e
ç i z g i n i z i n
ç i z g i n i z d e
ç i z g i l e r d e
t e k i l   k a l ı p
t e c r i d i n d e
e r n e ğ i n d e n
k e f a l e t i n e
m e f h u m u m u z u
s e r p i y o r u m
ö ğ ü t ü c ü y ü m
h e n d e s e l e r
d e ğ i ş m e z s i n
d e ğ i ş m i ş t i n
m i l y o n e r i n
s e r p m e z d i k
g ö ç m e m i ş   m i
g ö ç m e y i n i z
g ö ç m e m i ş t i
g ö ç e r m i ş i z
d e ğ i ş i r d i k
d e n e y i m i n i
s e s t e ş i m i z
e r n e ğ i m i z
s e r p m i ş l e r
s e r p m i ş s i n
s e s t e ş i n d e
e r n e k l e r d e
s e r p e c e ğ i m
m e f h u m u n u n
b a k i r e y d i k
y e r m i ş s i n i z
h e n d e s e n d e n
d e ğ i ş m i ş l e r
m a k i n e l e r i
b a k i r e s i n i n
t e c r i d i n e
m a k i n e n i n
g ö ç m e d i n   m i
a v u k a t ı n d a
t e c r i d i n i z
d e ğ i ş i r s i n
ö ğ ü t ü c ü n ü n
g ö ç e r   m i s i n
g ö ç m e m i ş i z
ö r d e ğ i n d e n
m a k i n e m i z e
p e n i s i n i z i
p e n i s i n d e n
m i l y o n e r d i
k e f a l e t l e r
p e n i s i m i z e
p e n i s l e r i n
p e n i s l e r i n
m a k i n e n d e n
ö r d e k l e r i
g ö ç t ü l e r d i
a v u k a t ı z
d e ğ i ş t i l e r
y a n   t ü m c e s i
ö ğ ü t ü c ü n
h e n d e s e n d e
y e r l e r d i k
m i l y o n e r e
a v u k a t l a r a
m a k i n e l e r i
g ö ç e c e k t i k
b ü s t l e r i n
e r n e ğ i n d e
a y r ı m c ı l ı k
ö r d e ğ i n d e
p e n i s l e r d e
b a m y a m ı z ı
b a m y a l a r ı
b a k i r e l e r
b a k i r e l e r
b a k i r e l e r
b a k i r e y i z
e r n e ğ i n d e
b a k i r e n i z
ö r d e ğ i m i z
b a k i r e m i z
d e ğ i ş t i y d i
h e n d e s e n i
t e c r i d i n d e
t e c r i t l e r
b a m y a n ı z ı
b a k i r e s i n d e
g ö ç e c e k m i ş
ç i z g i m i z e
m e f h u m u n u z
d e ğ i ş i r m i ş
p e n i s i n i z i n
s e r p t i l e r
s e r p m e d i n
d e n e y i m i n
s e r p t i y d i
ç i z g i n i z i
y e r i n d e n
y e r l e r i n i
y e r l e r i n i
m e f h u m l a r a
b a m y a l a r a
g ö ç ü y o r d u
s e r p t i n i z   m i
s e r p t i k   m i
h e n d e s e s i
e r n e k l e r
s e r p m i ş i m
ç i z g i l e r i
ç i z g i l e r e
ç i z g i l e r i
s e r p e r d i m
g ö ç ü y o r m u ş
a v u k a t t ı n
d e ğ i ş m e z d i
d e ğ i ş m i ş i m
ç i z g i s i n i n
y e r l e r i n e
b ü s t l e r d e
d e ğ i ş m i ş t i
m e f h u m l a r ı
g ö ç m e z m i ş
g ö ç m ü ş t ü k
s e r p m e z   m i
s e r p m e y i n
b a m y a s ı n ı n
s e r p m e m i ş
y e r l e r d i m
s e r p m i y o r
d e n e y i m d e
m a k i n e l e r e
s e r p e r d i n
s e s t e ş i n i
s e r p m i ş t i
e r n e k t i k
s e s t e ş i n e
m a k i n e n i z i n
e r n e k t e n
s e s t e ş i n i
e r n e k t i m
ç i z g i d e
k e f a l e t t e
b a m y a n ı n
p e n i s i m i z
a v u k a t l a r
b a m y a y m ı ş
g ö ç ü y o r   m u
d e ğ i ş t i   m i
g ö ç t ü n ü z   m ü
s e s t e ş i n i z
y e r i n i z i n
y e r l e r d i
y e r i n d e
m a k i n e l e r
e r n e k l e r
g ö ç m e z l e r
t e c r i d i n e
g ö ç m ü ş t ü m
g ö ç m e z d i n
t e c r i d i n i
e r n e k l e r i
g ö ç m e z d i m
m e f h u m l a r
p e n i s i n d e
p e n i s i n d e
d e ğ i ş i n i z
b a m y a s ı n a
g ö ç e c e k   m i
s e s t e ş e
e r n e ğ i n i n
y e r i n d e
m a k i n e s i n d e
e r n e ğ i n i
e r n e k l e r e
d e ğ i ş m e l i
ç i z g i s i n
ö r d e k l e r
e r n e k s i n
m e f h u m u n u
e r n e ğ i n i
ö r d e ğ i n i n
p a r ç a l a n
d e n e y i m i
m a k i n e m i z
ö r d e ğ i n i n
m e f h u m u n u
s e s t e ş t e
y e r l e r i m
b a m y a n d a
p e n i s i n i n
b a k i r e n e
b a k i r e n i
b a m y a n ı z
b a k i r e y i
b a k i r e s i n i
y e r i n i z d e
b a k i r e y e
b ü s t ü m ü z d e n
g ö ç e c e k t i
y e r l e r d e
b a m y a s ı n d a
m a k i n e n d e
b ü s t l e r i
ç i z g i m i z
y e r l e r i z
y e r l e r s i n
b ü s t l e r e
y e r l e r d i r
s e r p e r i m
y e r l e r i n
g ö ç m e d i k
g ö ç m ü ş   m ü
b a m y a s ı
s e r p e r d i
m e f h u m u n
g ö ç e c e ğ i z
b a m y a l a r
g ö ç e c e ğ i m
ç i z g i y i z
ç i z g i n d e
ç i z g i l e r
ç i z g i n i z
ç i z g i y d i
ç i z g i l e r
ç i z g i y i m
p e n i s l e r e
ç i z g i n i n
y e r d i l e r
b a k i r e s i
y e r l e r i n
d e ğ i ş i y o r
g ö ç e r l e r
t e c r i d i n
b ü s t ü n ü z d e
a v u k a t t a
g ö ç m e m i ş
g ö ç m ü ş ü z
e r n e ğ i m
s e r p i n i z
s e r p i y o r
b ü s t ü m ü z d e
p e n i s t e n
b ü s t ü n d e n
s e r p e r l e r
k e f a l e t e
a v u k a t ı n
m i l y o n e r
m a k i n e n i n
s e s t e ş i
m a k i n e y e
m a k i n e n i
y e r i n i z i
g ö ç e r s i n
m a k i n e n e
g ö ç e r d i k
g ö ç e r d i n
ç i z g i n i
p e n i s i n e
p e n i s i n e
p e n i s i n i
b a m y a y ı z
b a m y a y d ı
t e c r i d i
m a k i n e d e
e r n e k t i
g ö ç t ü k   m ü
s e s t e ş i n
e r n e ğ i n
y e r m i ş l e r
ö r d e ğ i n
m e f h u m d a
ç i z g i
h e n d e s e y e
b a m y a n ı
m a k i n e s i n i
t o p o l o j i
d e ğ i ş m e m
b ü s t ü n e
y e r i m i z i
y e r i m i z e
ç i z g i y i
u s u l d a
b a m y a n a
ö r d e k t e
e r n e ğ i
d e ğ i ş m i ş
d e n e y i m
m e f h u m a
b ü s t l e r
y e r d i n i z
g ö ç m e l i
y e r i n
s e r p m i ş
m a k i n e n
m e f h u m u
ö ğ ü t ü c ü
b ü s t e
y e r s i n i z
g ö ç e r d i
g ö ç e r i z
p e n i s i n
y e r i n i
y e r m i ş i z
m e f h u m u
k e f a l e t
d e ğ i ş i r
g ö ç t ü n
ö r d e ğ i n
ö r d e ğ i
b a k i r e
h e n d e s e
s e r p i n
t e c r i t
s e s t e ş
y e r l e r
s e r p t i
p e n i s i
y e r i z
g ö ç m e k
a v u k a t
ö r d e ğ i
s e r p m e z
y e r i
g ö ç e c e k
e r n e k
s ü z ü y o r   o l a c a k   m ı y m ı ş s ı n
p e n i s i
s ü z m ü ş   o l m a y a c a k   m ı y d ı k
e r n e k
s ü z m ü y o r   m u y d u n
s ü z d ü k
s ü z e c e k   m i y m i ş
g ö ç ü n
y e r d e
s ü z ü y o r   o l m a l ı l a r   m ı y d ı
s ü z ü y o r   o l m a y a c a k   m ı y m ı ş ı z
s ü z m e m e l i l e r   m i y m i ş
b a m y a
s ü z e c e k   o l m a y a c a k l a r m ı ş
s ü z ü y o r   o l m a l ı y d ı k
g ö ç ü y o r   o l m a m a l ı l a r d ı
s ü z ü y o r   o l m a m a l ı y ı m
s ü z ü y o r   o l u r   m u y d u k
s ü z ü y o r   o l m a z d ı n
s ü z m e m e l i   m i y i m
g ö ç e r
s ü z ü y o r   o l a c a ğ ı m
s ü z e c e k   o l a c a k   m ı y m ı ş ı z
g ö ç ü y o r l a r   m ı y m ı ş
s ü z m e l i y m i ş i m
s ü z m e d i y d i n i z
s ü z m e z   m i y d i n
s ü z m ü ş   o l m a y a c a k l a r   m ı y d ı
s ü z m e z   m i y d i k
s ü z m e m e l i y d i
s ü z m e m e l i s i n
s ü z m ü ş   m ü y m ü ş
s ü z ü y o r   m u y u m
s ü z ü y o r   m u y d u n
s ü z m e l i   m i y d i
s ü z m e l i   m i y i z
s ü z m ü y o r s u n u z
s ü z m ü ş   m ü y d ü m
s ü z m e z   m i y d i m
s ü z m e d i y d i m
s ü z e c e k   m i y i z
s ü z m e d i l e r   m i
s ü z ü y o r l a r d ı
s ü z m e z l e r   m i
s ü z e c e k   m i s i n
s ü z m ü y o r s u n
s ü z m ü y o r d u n
s ü z m e l i y d i n
u s u l
s ü z e r   o l a c a k   m ı y m ı ş
s ü z e r   m i s i n i z
s ü z m e z d i n i z
s ü z e c e k s i n i z
s ü z e r   o l a c a k m ı ş ı m
s ü z m e m i ş t i k
s ü z m e m i ş t i m
s ü z m ü ş   o l a c a k   m ı y ı z
s ü z m e y e c e k t i
s ü z ü y o r d u n u z
s ü z d ü   m ü y d ü n
s ü z m ü ş l e r d i
s ü z m e d i y d i
s ü z ü y o r   m u y u z
s ü z m ü y o r m u ş
s ü z e r   m i y d i k
s ü z e r   m i y d i n
s ü z ü y o r   o l u r d u k
s ü z d ü   m ü y d ü m
s ü z m e z   m i y i z
s ü z e r l e r m i ş
s ü z m ü y o r u m
s ü z m e l i l e r
s ü z m e m i ş i m
s ü z m e z s i n i z
s ü z m ü ş m ü ş ü z
k u r b a ğ a c ı k
s ü z m e l i y d i
s ü z m e m i ş   m i
s ü z d ü   m ü y d ü
s ü z e c e k s i n
s ü z m e z l e r d i
s ü z m e d i   m i
s ü z e r   m i s i n
s ü z m ü ş t ü n
s ü z m e z m i ş
s ü z ü y o r m u ş u m
s ü z e r   m i y d i
s ü z m e d i m   m i
s ü z m ü ş l e r   m i
s ü z m e l i   m i
s ü z m ü ş m ü ş
s ü z m ü ş   m ü s ü n
s ü z e c e k t i m
s ü z e c e k   o l a c a k   m ı
s ü z d ü l e r d i
s ü z ü y o r s u n
s ü z d ü y d ü n
i s t i r i d y e
s ü z e r s i n i z
s ü z m e z d i m
s ü z d ü n ü z   m ü
s ü z m e d i k   m i
s ü z ü y o r m u ş
s ü z d ü y d ü k
g ö ç ü y o r u m
s ü z m e d i k
b ü s t ü n ü z ü n
s ü z m e z d i
s ü z d ü   m ü
s ü z e c e k t i
b ü s t ü n ü
s ü z d ü n   m ü
b ü s t l e r i
s ü z m e l i
s ü z m e m i ş
s ü z e r d i m
s ü z m e d i
s ü z d ü k   m ü
b ü s t ü n ü z ü
s ü z m e y e c e k
b ü s t ü n ü n
b ü s t ü n
s ü z m ü y o r
s ü z e r i z
s ü z d ü n
s ü z ü y o r
s ü z m e z
y e r
s ü z ü n
s ü z
