h e n d e s e s i
p a r ç a l a n m a m
s e r p i y o r   o l m a m a l ı l a r
g ö ç m ü ş   o l m a y a c a k l a r   m ı
g ö ç m ü ş l e r   m i y d i
d e ğ i ş m i ş   o l a c a k l a r   m ı y d ı
ü z g ü n   m ü y d ü n ü z ?
p a r ç a l a n m a z   m ı y m ı ş ı m
g ö ç m e z s i n i z
s ü z ü y o r   o l m a m a l ı l a r d ı
g ö ç m ü ş   o l a c a k   m ı y d ı n ı z
a v u k a t t ı n ı z
s ü z e r   o l a c a k   m ı y m ı ş s ı n
g ö ç e c e k   o l m a y a c a k m ı ş ı z
ü z g ü n ü m
g ö ç ü y o r   o l m a y a c a k t ı n
ö ğ ü t ü c ü l e r d i n i z
s e r p e c e k   o l a c a k   m ı y m ı ş s ı n ı z
g ö ç ü y o r   o l m a l ı y d ı
ç i z g i l e r i n i z i
i s t i r i d y e l e r i n e
ç i z g i y m i ş l e r
a v u k a t t ı k
s e r p m e m i ş   m i y d i n i z
s e r p i y o r   o l u r   m u y d u
p a r ç a l a n ı y o r   o l m a l ı
d e ğ i ş i r   o l a c a k l a r m ı ş
s ü z e c e k   o l m a y a c a k   m ı y m ı ş
s e r p m i ş l e r   m i y m i ş
y e r m i ş l e r
d e ğ i ş m i y o r   m u y m u ş u z
s e r p m e y e c e k l e r   m i y m i ş
d e ğ i ş i y o r   o l m a l ı y d ı m
s ü z e c e k   o l a c a k s ı n ı z
a v u k a t t a n
m i l y o n e r l e r i m i z d e
s e r p m i y o r   m u s u n u z
t o p o l o j i n i z d e
y a n   t ü m c e l e r i n i z d e n
d e ğ i ş m e y e c e k l e r
b a m y a l a r ı n ı z a
p a r ç a l a n m ı ş   o l m a y a c a k   m ı y d ı m
g ö ç m e m i ş l e r
d e ğ i ş i r   o l a c a k m ı ş s ı n ı z
d e ğ i ş i r   m i y m i ş i m
s ü z e r   o l a c a k m ı ş s ı n ı z
s ü z m ü ş   m ü
s e r p e r   m i y d i n i z
s e r p m e l i y m i ş s i n
ü z g ü n d ü n
p a r ç a l a n ı y o r   o l m a l ı y m ı ş
d e ğ i ş i y o r   o l m a m a l ı l a r
d e ğ i ş i y o r   o l a c a k   m ı y d ı k
g ö ç e c e k   o l a c a k s ı n
d e ğ i ş e c e k   o l a c a k m ı ş
k a t e g o r i l e r i n i z d e
a y r ı m c ı l ı k l a r m ı ş ı z
d e ğ i ş i y o r   o l m a z d ı n
d e ğ i ş m e z   m i y d i
t o p o l o j i s i n i n
s e r p m i y o r m u ş u z
s e r p i y o r   o l m a z   m ı y d ı n ı z
p a r ç a l a n ı y o r   o l m a y a c a k
g ö ç m e m i ş   m i y d i m
m e f h u m u n u
d e ğ i ş m e d i n   m i
s e r p e r   m i y d i n
b a m y a s ı n ı n
s e r p m e k
d ü z e n l e n e b i l i r l i k t e n
p a r ç a l a n ı r l a r   m ı y d ı
g ö ç m e y e c e k   m i y i z
s ü z d ü y d ü n
d e ğ i ş i r   o l a c a k   m ı y m ı ş
d e ğ i ş m i ş   m i s i n
g ö ç ü y o r   o l m a l ı y ı m
d e ğ i ş e c e k   o l a c a k m ı ş s ı n ı z
d e ğ i ş i y o r   o l a c a k t ı k
g ö ç ü y o r   o l m a l ı   m ı y d ı k
d e ğ i ş i r   o l m a y a c a k m ı ş
d e ğ i ş i y o r   o l m a y a c a k   m ı y d ı m
d e ğ i ş i y o r   o l m a y a c a k   m ı y ı z
m i l y o n e r l e r s i n
s e r p i y o r   o l m a y a c a k l a r   m ı
p a r ç a l a n m a m ı ş m ı ş ı m
g ö ç m e y e c e k m i ş i z
s ü z ü y o r   o l a c a k   m ı y ı z
s ü z ü y o r   o l m a m a l ı   m ı y d ı m
d e ğ i ş i y o r   o l m a l ı   m ı y d ı n ı z
d e ğ i ş i r   o l m a y a c a k l a r   m ı y m ı ş
s ü z m ü y o r   m u
s e r p e r l e r   m i
s ü z m ü ş   o l a c a k l a r   m ı
d e ğ i ş i y o r   o l a c a k m ı ş ı z
s e r p m i ş m i ş
g ö ç m ü y o r l a r m ı ş
s e r p m e z l e r   m i y d i
d e ğ i ş t i l e r
y a n   t ü m c e n e
d e ğ i ş e c e k s i n
d e ğ i ş i y o r   m u y u m
s ü z e c e k   m i y m i ş s i n
a y r ı m c ı l ı k l a r s ı n
s ü z e r l e r   m i y m i ş
a y r ı m c ı l ı k m ı ş s ı n
d e ğ i ş m e z   m i y d i m
s e r p e r   m i y m i ş i m
g ö ç ü y o r   o l a c a ğ ı m
y a n   t ü m c e l e r i m i z e
g ö ç t ü l e r   m i y d i
s e r p e c e k m i ş s i n
d e ğ i ş i y o r   o l m a m a l ı y d ı k
p a r ç a l a n m ı ş   m ı
d e ğ i ş e c e k   o l m a y a c a k l a r
s e r p m i ş l e r   m i
ü z g ü n   d e ğ i l i z
y a n   t ü m c e s i
s e r p i y o r   o l m a m a l ı   m ı s ı n ı z
d e ğ i ş i y o r   o l m a y a c a k   m ı y d ı n ı z
g ö ç e c e k   o l a c a k m ı ş
s e r p i y o r   o l u r l a r   m ı y d ı
p a r ç a l a n ı y o r   o l m a y a c a k m ı ş s ı n
s e r p i y o r   o l u r   m u y d u n
t e k i l   k a l ı p l a r ı n ı z ı
ü z g ü n d ü k
d e ğ i ş m e l i   m i y d i k
p a r ç a l a n a c a k   m ı s ı n ı z
s ü z m ü ş   m ü y d ü n
s e r p i y o r m u ş u m
s ü z e r   m i y d i n i z
k u r b a ğ a c ı ğ ı n d a
k a t e g o r i s i n d e
g ö ç e r   o l m a y a c a k m ı ş s ı n ı z
p a r ç a l a n m ı ş s ı n
d e ğ i ş i r m i ş
y a n   t ü m c e y i
d e ğ i ş e c e k   o l a c a k l a r   m ı
s ü z ü y o r
m a k i n e n i
s ü z ü y o r   o l m a y a c a k t ı
s ü z ü y o r   o l u r d u m
m e f h u m l a r ı n ı
s e r p m e m i ş   m i y m i ş i m
g ö ç ü y o r   o l m a y a c a k   m ı s ı n ı z
s ü z ü y o r   o l a c a k l a r
g ö ç ü y o r   o l a c a k t ı n ı z
g ö ç ü y o r   o l m a l ı y d ı m
s ü z ü y o r   o l m a y a c a k   m ı y d ı k
p a r ç a l a n ı y o r   o l m a z d ı m
d e ğ i ş e c e k   o l a c a k
g ö ç ü y o r   o l m a l ı y d ı n
k a t e g o r i l e r i n d e
t e c r i t l e r d e
s e r p e c e k   o l m a y a c a k
d e ğ i ş i r   o l a c a k m ı ş ı z
g ö ç m e y e c e k l e r
a y r ı m c ı l ı k l a r ı n d a
g ö ç m e m e l i   m i y i m
s ü z m ü ş   o l m a y a c a k   m ı y d ı m
d e ğ i ş m i ş   o l a c a k   m ı y d ı k
p a r ç a l a n m a y ı n
g ö ç e c e k   m i y i z
g ö ç m ü ş   m ü y ü m
y e r d i k
k u r b a ğ a c ı k l a r ı m ı z d a n
t e c r i t l e r i n i z d e n
t e k i l   k a l ı p l a r ı n ı z d a n
d e ğ i ş e c e k   m i y d i m
s e r p m e m i ş   m i y i z
g ö ç ü y o r   o l m a m a l ı   m ı
p a r ç a l a n ı y o r d u m
p a r ç a l a n m e l i
d e n e y i m l e r i m i z
s e r p i y o r   o l m a z   m ı y d ı m
s e r p m i ş   m i y m i ş i z
ü z g ü n   d e ğ i l   m i y d i n ?
s e r p i y o r   o l m a l ı y d ı k
s ü z e c e k   o l a c a k   m ı y m ı ş ı m
g ö ç ü y o r u m
t e k i l   k a l ı b ı n ı n
p a r ç a l a n a c a k t ı
g ö ç m ü ş ü z
p a r ç a l a n ı y o r   o l m a m a l ı y d ı k
ö ğ ü t ü c ü l e r s i n
d e ğ i ş i y o r   o l m a y a c a k m ı ş s ı n
s ü z ü y o r   o l m a l ı   m ı y m ı ş s ı n ı z
s e r p e c e k   m i y d i
p a r ç a l a n ı y o r   o l a c a k l a r   m ı y d ı
k a t e g o r i s i n d e n
p a r ç a l a n ı y o r   o l m a l ı   m ı
p a r ç a l a n a c a k m ı ş
s e r p m e m e l i   m i y d i n i z
g ö ç m e z l e r   m i
a v u k a t m ı ş ı m
p a r ç a l a n ı y o r   o l m a y a c a k   m ı y m ı ş s ı n ı z
d e ğ i ş m i ş   o l a c a k t ı n
s e r p m i ş m i ş i m
s ü z m e m e l i   m i y d i m
s ü z m e m i ş m i ş
d e ğ i ş m e m e l i   m i y m i ş
s e r p m i ş   o l a c a k l a r
s e r p i y o r   m u s u n u z
s e r p i y o r   o l u r d u n u z
p a r ç a l a n ı y o r   o l m a m a l ı   m ı y m ı ş
b a k i r e l e r s i n
t e k i l   k a l ı p l a r ı n ı n
d e ğ i ş i y o r   o l a c a k l a r   m ı y m ı ş
s ü z m ü y o r   m u y d u k
p a r ç a l a n a c a k   o l m a y a c a k l a r m ı ş
s e r p e r d i
s e r p i y o r   o l m a m a l ı s ı n ı z
s e s t e ş l e r e
s e r p m e l i   m i y d i
d e ğ i ş m e y e c e k   m i y i m
s ü z m ü ş l e r   m i y d i
k u r b a ğ a c ı k l a r ı n a
d e ğ i ş m i y o r   m u y u m
t o p o l o j i l e r i m i z d e n
p a r ç a l a n m ı ş   o l a c a k s ı n ı z
s ü z m e d i n
s ü z ü y o r   o l m a m a l ı s ı n ı z
d e ğ i ş i y o r   o l m a m a l ı l a r   m ı y m ı ş
d e ğ i ş i y o r   o l a c a k l a r m ı ş
g ö ç m ü ş   o l m a y a c a k   m ı s ı n
p a r ç a l a n ı r l a r   m ı
s e r p m e l i   m i y i z
b a m y a y m ı ş l a r
b a k i r e l e r d i
d e ğ i ş t i   m i
g ö ç m ü ş t ü
s ü z m ü y o r   m u y m u ş
s ü z m e m i ş   m i y m i ş i m
a y r ı m c ı l ı k l a r s ı n ı z
s ü z ü y o r   o l m a z   m ı y d ı k
s e r p m e m i ş m i ş i m
ü z g ü n   d e ğ i l m i ş l e r
p a r ç a l a n m a m ı ş m ı ş s ı n ı z
s ü z ü y o r   o l m a y a c a k m ı ş ı m
g ö ç m e z   m i y d i m
g ö ç m ü ş   o l m a y a c a ğ ı m
g ö ç m e m i ş   m i y m i ş i z
s ü z ü y o r   o l m a l ı   m ı y m ı ş ı m
p a r ç a l a n ı r s ı n
d e ğ i ş i y o r   o l m a y a c a k l a r
s ü z ü y o r   o l m a y a c a k   m ı y m ı ş s ı n
p a r ç a l a n m ı y o r l a r d ı
g ö ç m e y i n
s ü z m ü ş   o l m a y a c a k   m ı y d ı n ı z
p a r ç a l a n ı y o r   o l m a l ı l a r
s ü z ü y o r   o l m a y a c a ğ ı m
