t o p o l o j i l e r i n i
s ü z m ü y o r l a r   m ı y m ı ş
y a n   t ü m c e y i
s ü z m e z   m i y m i ş s i n i z
g ö ç m e m i ş l e r
s ü z m ü ş   o l m a y a c a k t ı n
ö ğ ü t ü c ü l e r m i ş i m
p a r ç a l a n m a d ı y d ı m
s e r p m e z   m i y m i ş i z
s e r p i y o r   o l m a m a l ı y m ı ş s ı n
s ü z m ü y o r   m u y u m
i s t i r i d y e m i z d e n
s e r p m i ş   o l a c a k
p a r ç a l a n m a d ı k   m ı
s e r p i y o r   o l m a y a c a k   m ı s ı n
b a m y a l a r s ı n ı z
g ö ç ü y o r   o l m a l ı y d ı
d e ğ i ş e c e k l e r d i
e r n e k l e r m i ş s i n
p e n i s l e r i n i z d e n
b a k i r e n i
s ü z m ü ş l e r m i ş
s ü z ü y o r   o l m a m a l ı   m ı y d ı m
g ö ç m ü ş l e r   m i
s ü z e r m i ş
p a r ç a l a n ı r   m ı y d ı n ı z
a v u k a t ı n ı z a
b a m y a l a r d ı n
e r n e k l e r m i ş s i n i z
g ö ç m e m e l i   m i y i m
g ö ç e c e k   m i
s e r p i y o r s u n
g ö ç ü y o r   o l m a l ı y m ı ş
p a r ç a l a n a c a k   m ı y m ı ş s ı n ı z
b ü s t l e r i n d e
s ü z m e m e l i   m i y d i n i z
d e ğ i ş m e z   m i y i z
g ö ç ü y o r   o l m a l ı   m ı y d ı
ö ğ ü t ü c ü l e r i n i z e
s ü z m ü y o r   m u y m u ş s u n
t e k i l   k a l ı b ı n ı z ı
s e r p i y o r   o l m a y a c a k   m ı y m ı ş ı z
p a r ç a l a n a c a k   m ı y ı z
ö ğ ü t ü c ü n d e
ç i z g i y i
g ö ç e c e k   o l m a y a c a k m ı ş ı z
m e f h u m u
d e ğ i ş m i ş   o l a c a k t ı k
p e n i s l e r d e n
d e ğ i ş i y o r   o l m a m a l ı y d ı n ı z
m i l y o n e r l e r i m i z i
d e ğ i ş i y o r   m u y d u m
s e r p e r   m i y d i n i z
ö ğ ü t ü c ü y ü m
g ö ç ü y o r s u n u z
s e r p m e l i   m i y m i ş s i n
g ö ç m e z   m i y m i ş i z
h e n d e s e n i z e
d e ğ i ş e c e k   o l a c a k   m ı s ı n
s e r p i y o r   o l a c a k   m ı y d ı
p a r ç a l a n m a l ı l a r   m ı y m ı ş
d e ğ i ş i y o r   o l m a l ı y m ı ş s ı n ı z
s e r p i y o r   m u y d u k
s ü z e c e k l e r   m i y d i
b a k i r e l e r i m i z e
d e ğ i ş m e y e c e k t i n
e r n e k l e r i m i z d e n
ç i z g i y i m
p a r ç a l a n a c a k   o l a c a k   m ı y m ı ş s ı n
d e ğ i ş i y o r   o l m a y a c a k   m ı s ı n
d e ğ i ş i r m i ş
p a r ç a l a n m a m ı ş   m ı y ı z
d e ğ i ş m e l i y d i m
p a r ç a l a n ı y o r   o l m a y a c a k m ı ş s ı n
s e r p m i y o r   m u s u n u z
d e ğ i ş i y o r   o l a c a k   m ı y d ı m
s ü z m e z s i n
m i l y o n e r l e r i n e
b ü s t l e r i m i z
y e r l e r i m i z d e
s e r p m i ş   o l a c a k t ı
t e c r i t
b a m y a y m ı ş l a r
d e ğ i ş i r   o l m a y a c a k m ı ş s ı n
d e ğ i ş m e m e l i y d i
s ü z d ü n ü z
ö ğ ü t ü c ü l e r i n i z d e
p a r ç a l a n m e l i
s e r p m e z l e r   m i y d i
s ü z e c e k   o l m a y a c a k m ı ş
s e r p m i y o r u z
s e r p i y o r   o l u r d u n u z
g ö ç ü y o r l a r   m ı y d ı
p a r ç a l a n m e l i y i z
s ü z m ü y o r   m u y d u
d e ğ i ş i y o r   o l m a l ı   m ı
k u r b a ğ a c ı k l a r ı n ı n
g ö ç ü y o r   o l m a m a l ı l a r   m ı y d ı
d e ğ i ş e c e k   o l m a y a c a k   m ı y m ı ş ı z
g ö ç m e m i ş s i n i z
t e c r i d i m i z i
s e r p i y o r   o l m a y a c a k l a r   m ı
ö r d e ğ i n d e n
p a r ç a l a n ı y o r   o l m a z d ı n
s e r p m e y e c e k t i
d ü z e n l e n e b i l i r l i ğ i m i z
s ü z ü y o r   m u y m u ş
k a t e g o r i m i z i n
ö ğ ü t ü c ü n ü z d e
s ü z ü y o r   o l a c a k l a r   m ı
p a r ç a l a n m ı ş   m ı
s ü z d ü l e r
s e r p m e z   m i y i z
d e n e y i m l e r i m i z
g ö ç m ü ş   m ü s ü n ü z
y e r m i ş s i n i z
s ü z ü y o r
s e r p m i ş   m i s i n
g ö ç ü n
d e ğ i ş m i ş   o l m a y a c a k   m ı s ı n
e r n e ğ i m
p a r ç a l a n ı r s ı n ı z
p a r ç a l a n ı r   m ı y ı z
k a t e g o r i l e r i n
p a r ç a l a n a c a k   o l m a y a c a k m ı ş ı z
p a r ç a l a n ı y o r   o l m a y a c a k   m ı y m ı ş s ı n ı z
s ü z m ü y o r l a r   m ı
s e r p i y o r s u n u z
s e r p i y o r   o l m a m a l ı   m ı y d ı n
s ü z m e m i ş   m i s i n i z
d e ğ i ş i y o r   o l u r   m u y d u n u z
ç i z g i y m i ş l e r
p a r ç a l a n m ı ş l a r d ı
e r n e k s i n i z
d e ğ i ş m e m i ş   m i y m i ş s i n i z
p e n i s i n d e
g ö ç m e m e l i   m i
s ü z ü y o r   o l m a l ı   m ı y ı z
d e ğ i ş m e z m i ş i z
t o p o l o j i l e r i n d e
s e r p i y o r   o l m a y a c a k t ı n
s ü z ü y o r   o l m a z l a r d ı
k e f a l e t i n d e
s e r p i y o r   o l m a m a l ı s ı n
s e r p i y o r   o l u r d u k
d e ğ i ş m i ş   o l a c a k   m ı y d ı
p a r ç a l a n a c a k l a r m ı ş
s e r p i y o r   o l u r   m u y d u n
ç i z g i n i n
g ö ç m e d i y d i k
k e f a l e t l e r i n d e
d e ğ i ş i r m i ş s i n i z
g ö ç m ü ş t ü
d e ğ i ş e c e k t i m
s e r p i y o r   o l m a y a c a k   m ı y m ı ş
b a m y a y ı z
g ö ç e c e k   o l a c a k   m ı s ı n ı z
b ü s t ü n ü
a v u k a t ı n ı z d a
m e f h u m l a r
p a r ç a l a n ı y o r   o l a c a k l a r   m ı
s ü z e c e k   m i y d i m
y a n   t ü m c e l e r i m i z e
p a r ç a l a n ı y o r s u n u z
s e r p m e m i ş l e r   m i y m i ş
s e r p e r   o l a c a k m ı ş s ı n
y e r l e r i m i z d e n
d e ğ i ş t i l e r
s ü z e c e k   o l m a y a c a k   m ı y m ı ş
p a r ç a l a n m a m ı ş t ı m
s e r p e c e k   o l a c a k s ı n ı z
d e ğ i ş i y o r   o l m a l ı y d ı m
s e r p m e l i   m i y i z
p a r ç a l a n m ı ş   o l a c a k t ı n ı z
p a r ç a l a n m ı ş   o l a c a k   m ı y ı m
k e f a l e t i n i n
s ü z m e y e c e k   m i y d i m
ö r d e k l e r i n
s e r p m e m i ş t i k
a v u k a t ı n d a
p a r ç a l a n m a l ı y m ı ş ı z
g ö ç ü y o r   m u s u n
s e r p e r   m i s i n
p a r ç a l a n m a m a l ı   m ı y d ı m
s e r p e c e k   o l a c a k   m ı y m ı ş s ı n ı z
s e r p m e m i ş   m i y m i ş i m
a y r ı m c ı l ı k l a r ı
s e r p i y o r   o l m a l ı y d ı
g ö ç e r   o l a c a k   m ı y m ı ş
g ö ç t ü   m ü
g ö ç m ü y o r   m u y m u ş u z
s ü z m ü y o r m u ş s u n u z
s ü z m e d i y d i n
g ö ç ü y o r   o l m a l ı y d ı m
g ö ç m ü ş l e r m i ş
k u r b a ğ a c ı ğ ı m ı z d a
s ü z m e l i   m i y d i n i z
ç i z g i y d i n i z
g ö ç ü y o r   m u y d u k
t e c r i t l e r i n d e
s ü z e c e k   o l a c a k l a r   m ı y m ı ş
s ü z m ü y o r   m u y m u ş
p a r ç a l a n d ı y d ı
m a k i n e l e r i n i n
ö r d e k t e
s ü z m ü y o r l a r d ı
b a m y a s ı n ı n
s e r p e r   m i y d i n
g ö ç m e l i y m i ş s i n i z
s ü z m e m i ş   m i y m i ş i z
s ü z ü y o r   o l m a l ı   m ı y m ı ş s ı n
g ö ç m e l i   m i y d i m
t e k i l   k a l ı p l a r ı n ı n
p a r ç a l a n ı r   o l a c a k   m ı y m ı ş s ı n ı z
d e ğ i ş i r   o l a c a k   m ı y m ı ş
d e ğ i ş m e m e l i y m i ş i z
b ü s t l e r
d e n e y i m i n d e n
p a r ç a l a n a c a k   o l a c a k
t o p o l o j i l e r i n e
d e ğ i ş m i y o r   m u y m u ş
k a t e g o r i l e r i n e
s ü z m e m e l i   m i y d i
y a n   t ü m c e n e
s e r p e c e k   o l m a y a c a k l a r
b a k i r e y m i ş
ü z g ü n   d e ğ i l   m i y m i ş i m ?
s e s t e ş l e r i n i n
s ü z m e m e l i l e r   m i
s ü z m e y e c e k l e r
d e ğ i ş e c e k m i ş
s ü z ü y o r   o l m a l ı   m ı y m ı ş ı m
b ü s t ü n ü z ü n
b a m y a n ı z d a
d e ğ i ş m i ş m i ş s i n i z
ç i z g i s i n i z
s ü z ü y o r   o l a c a k l a r   m ı y d ı
h e n d e s e l e r
s ü z m e y e c e k   m i y m i ş
s e r p i n
h e n d e s e l e r i n i z i n
d e ğ i ş m e z   m i s i n i z
ü z g ü n ü m
ü z g ü n   d e ğ i l d i m
ö ğ ü t ü c ü l e r m i ş
d e ğ i ş e c e k   o l m a y a c a k l a r   m ı y m ı ş
d e ğ i ş m i ş   o l m a y a c a k   m ı y d ı m
d e ğ i ş m i y o r   m u y u m
s ü z ü y o r   o l a c a k   m ı s ı n ı z
s ü z m e m i ş   m i y d i m
