s ü z m e y e c e k l e r
g ö ç m ü y o r d u n
d e ğ i ş i y o r   o l m a m a l ı   m ı y d ı m
t e k i l   k a l ı p l a r a
p a r ç a l a n ı y o r   o l m a y a c a k   m ı y m ı ş s ı n
p a r ç a l a n ı y o r   o l m a y a c a k   m ı y m ı ş ı m
p a r ç a l a n a c a k   o l m a y a c a k   m ı s ı n ı z
d e ğ i ş t i   m i y d i m
d e ğ i ş m e y i z
p a r ç a l a n a c a k   o l m a y a c a k   m ı y m ı ş
p a r ç a l a n ı r   o l m a y a c a k   m ı y m ı ş ı m
s e r p m i y o r d u m
s e r p m e l i y d i
s e r p i y o r   o l m a m a l ı l a r   m ı
s e r p m e m e l i   m i y m i ş i m
s e r p i y o r   o l a c a k   m ı y m ı ş s ı n ı z
p a r ç a l a n ı y o r   o l m a m a l ı y m ı ş ı m
p a r ç a l a n m ı ş   o l m a y a c a k   m ı y ı m
d e ğ i ş t i k   m i
g ö ç ü y o r   o l m a y a c a k   m ı y m ı ş s ı n
p a r ç a l a n ı y o r   o l m a m a l ı   m ı y ı z
p a r ç a l a n ı y o r   o l m a y a c a k t ı n
d e ğ i ş e c e k   o l m a y a c a k m ı ş s ı n
p a r ç a l a n m ı ş   o l m a y a c a k t ı n
s e r p i y o r   o l m a y a c a k   m ı y ı z
p a r ç a l a n m a m a l ı   m ı y m ı ş ı z
d e ğ i ş e c e k   o l m a y a c a k   m ı s ı n
s e r p i y o r   o l m a y a c a k   m ı y d ı n
s e r p e r   o l m a y a c a k m ı ş s ı n ı z
p a r ç a l a n ı y o r   o l m a l ı   m ı y d ı
s e r p i y o r   o l m a y a c a k m ı ş ı z
g ö ç ü y o r   o l a c a k   m ı y m ı ş ı z
g ö ç e c e k   o l a c a k l a r   m ı y m ı ş
g ö ç ü y o r   o l m a m a l ı y m ı ş s ı n
p a r ç a l a n ı y o r   o l u r   m u y d u k
s ü z ü y o r   o l m a z l a r   m ı y d ı
s e r p m i ş   o l m a y a c a k l a r d ı
p a s k a l y a   t a v ş a n l a r ı n ı n
p a r ç a l a n m a y a c a k l a r   m ı
p a r ç a l a n m a y a c a k s ı n ı z
s e r p i y o r   o l a c a k   m ı y d ı k
p a r ç a l a n m a y a c a k m ı ş ı z
p a r ç a l a n m a m e l i   m i s i n
p a r ç a l a n m ı ş   o l a c a k l a r
p a r ç a l a n m ı ş l a r   m ı y m ı ş
s ü z m ü ş   o l m a y a c a k l a r d ı
s e r p i y o r   o l m a l ı   m ı y d ı
s e r p m i ş   o l a c a k   m ı s ı n ı z
p a r ç a l a n ı y o r   o l m a l ı   m ı y d ı m
p a r ç a l a n ı y o r   o l a c a ğ ı z
g ö ç m ü y o r   m u y m u ş s u n u z
s e r p e c e k   o l a c a k m ı ş ı m
p a r ç a l a n m a l ı y d ı
g ö ç e c e k   o l a c a k   m ı y m ı ş
s ü z m e m e l i   m i y m i ş i m
s ü z ü y o r   o l m a m a l ı l a r   m ı
g ö ç ü y o r   o l m a m a l ı   m ı y d ı m
s ü z m ü ş   o l a c a k   m ı s ı n ı z
k a t e g o r i l e r i n i z d e n
d e ğ i ş m e y e c e k   m i y d i n i z
s ü z ü y o r   o l m a z   m ı y d ı n
p a r ç a l a n m a m a l ı y m ı ş
p a r ç a l a n m a m ı ş   m ı y d ı
p a r ç a l a n ı y o r   o l a c a k   m ı y ı z
p a r ç a l a n m a l ı   m ı y d ı k
m e f h u m u m u z u n
s e r p m i ş   o l a c a k   m ı s ı n
d e ğ i ş m e y e c e k   m i y m i ş i m
i s t i r i d y e l e r i n d e n
g ö ç e c e k   o l m a y a c a k m ı ş
d e ğ i ş m e m e l i l e r   m i y m i ş
s e r p m i ş   o l m a y a c a k   m ı
s ü z m ü ş   o l m a y a c a k l a r
p a r ç a l a n ı y o r   o l a c a k
g ö ç m e y e c e k   m i s i n i z
p a r ç a l a n m a z l a r m ı ş
g ö ç ü y o r   o l m a z   m ı y d ı k
p a r ç a l a n a c a k   m ı y ı m
p a r ç a l a n ı r   m ı s ı n ı z
d e ğ i ş m e z l e r   m i y m i ş
d e ğ i ş i y o r   o l m a y a c a k
p a r ç a l a n a c a k s ı n ı z
d e ğ i ş m i ş   o l a c a k   m ı y d ı n
p a r ç a l a n ı y o r   o l m a m a l ı
d e n e y i m i n d e
k u r b a ğ a c ı k l a r ı n d a
s e r p m i y o r l a r   m ı y d ı
s e r p m e y e c e k   m i y m i ş
p a r ç a l a n a c a k   o l a c a ğ ı m
d e ğ i ş m i y o r   m u y d u m
t o p o l o j i l e r i m i z i
a y r ı m c ı l ı k l a r ı n ı z ı
s ü z ü y o r   o l m a m a l ı   m ı
p a r ç a l a n m ı ş t ı n ı z
ü z g ü n   m ü y m ü ş l e r ?
ü z g ü n   d e ğ i l m i ş i z
ü z g ü n   d e ğ i l s i n
ü z g ü n   d e ğ i l d i l e r
p a r ç a l a n m a z   m ı s ı n
s ü z ü y o r   o l m a y a c a k
s e s t e ş l e r i n i z i n
a y r ı m c ı l ı k l a r ı n ı
g ö ç m e y e c e k   m i y i m
s e r p m e m i ş   m i s i n i z
ö ğ ü t ü c ü l e r m i ş s i n
d e ğ i ş i y o r   m u y d u m
k a t e g o r i l e r i m i z
p a r ç a l a n ı y o r   o l m a y a c a k l a r
s e r p m e y e c e k   m i y i m
s ü z ü y o r   o l a c a ğ ı z
d ü z e n l e n e b i l i r l i ğ i n i z e
p a r ç a l a n ı r m ı ş ı z
s ü z e c e k l e r   m i y m i ş
g ö ç e c e k   o l a c a k s ı n ı z
h e n d e s e l e r i m i z e
d e ğ i ş i r   m i y d i n i z
ç i z g i l e r i m i z d e n
ö ğ ü t ü c ü l e r i m i z i
s ü z m e m e l i l e r   m i y d i
m i l y o n e r l e r i n i z
t e k i l   k a l ı b ı n d a
d e ğ i ş i y o r   o l m a y a c a k l a r   m ı y m ı ş
p a r ç a l a n d ı l a r   m ı
d e ğ i ş m e m i ş   m i y d i
d e ğ i ş i y o r   o l a c a k   m ı s ı n ı z
s ü z m e z   m i y m i ş s i n
s e s t e ş l e r i n d e n
d e ğ i ş m i y o r m u ş u m
s e r p i y o r   m u y d u n
p a r ç a l a n a c a ğ ı m
m e f h u m u m u z
d ü z e n l e n e b i l i r l i ğ i n i z i
t e c r i t l e r i m i z e
d e ğ i ş m e z   m i y d i m
p a r ç a l a n d ı y d ı m
s e r p e c e k   o l a c a ğ ı m
s ü z ü y o r   o l m a y a c a k t ı k
t o p o l o j i l e r i n i
d e ğ i ş m i ş   o l m a y a c a k l a r
a y r ı m c ı l ı ğ ı m ı z
ö r d e k l e r i n d e n
k a t e g o r i s i
s e s t e ş l e r i m i z
g ö ç m e z   m i y m i ş i m
s e r p m e l i y m i ş i z
ö r d e k l e r i m i z i
m i l y o n e r l e r i n i
d e ğ i ş m i y o r m u ş u z
d e ğ i ş m e z m i ş s i n
m i l y o n e r i m i z i n
d e ğ i ş i y o r   m u y u m
p a r ç a l a n m e l i
d e ğ i ş i y o r m u ş u z
s ü z m e m i ş l e r   m i y d i
g ö ç m ü y o r   m u y u z
s ü z m ü y o r   m u y u z
a y r ı m c ı l ı k d ı m
s ü z m ü y o r   m u y d u k
g ö ç m e y e c e k m i ş
g ö ç ü y o r   o l a c a k
k a t e g o r i m i z d e
k a t e g o r i l e r d e
k a t e g o r i m i z i n
i s t i r i d y e n i z e
t e k i l   k a l ı b a
a v u k a t l a r
s e r p i y o r m u ş u z
i s t i r i d y e l e r i n
e r n e k l e r i m i z i
e r n e k l e r i m i z e
ç i z g i l e r s i n i z
d e ğ i ş m e l i l e r d i
e r n e k l e r s i n i z
ö ğ ü t ü c ü n ü z ü n
h e n d e s e m i z d e n
s e r p i y o r l a r   m ı
p a r ç a l a n m a z d ı
i s t i r i d y e l e r i
p a r ç a l a n m a d ı k
y a n   t ü m c e m i z d e n
b a k i r e l e r i m i z
s e r p i y o r   m u y u m
b ü s t l e r i m i z i n
b a k i r e l e r i n i z
ç i z g i l e r m i ş i m
s e r p m e l i   m i y d i
s e r p m e z   m i y d i m
m e f h u m l a r ı n ı n
h e n d e s e l e r i n e
h e n d e s e l e r i n e
s ü z m e l i   m i y m i ş
s ü z e c e k   o l a c a k s ı n
m i l y o n e r d i n i z
a y r ı m c ı l ı ğ ı n a
s e r p m e y e c e k l e r
p a r ç a l a n m ı ş ı z
p a r ç a l a n ı r s ı n
s ü z ü y o r   m u y d u k
b a m y a l a r m ı ş ı m
s e r p e c e k l e r   m i
g ö ç m ü y o r d u n u z
p a r ç a l a n m a y ı n
ç i z g i l e r d i n i z
ç i z g i l e r i n i z i
ç i z g i l e r i m i z e
b a m y a l a r ı n ı z ı
d e ğ i ş m e y e c e k s i n
i s t i r i d y e n d e
d e ğ i ş m i ş   m i y i m
ö ğ ü t ü c ü n e
g ö ç m e l i   m i y i z
d e ğ i ş i r   m i y m i ş
d e ğ i ş m e m i ş   m i
d e ğ i ş m e d i l e r d i
g ö ç m ü ş   o l m a y a c a k t ı n
s e r p m e z   m i y m i ş
a y r ı m c ı l ı k d ı n
s e r p m i ş   o l m a y a c a k t ı
s ü z ü y o r   m u y d u m
d e ğ i ş m i ş   m i s i n
m i l y o n e r l e r i n
ö r d e k l e r i n i n
a y r ı m c ı l ı k l a r
ö r d e k l e r i n i n
m i l y o n e r i m i z e
a y r ı m c ı l ı k l a r
i s t i r i d y e n e
a y r ı m c ı l ı k l a r
d e ğ i ş m i ş l e r m i ş
m i l y o n e r i n i z e
a y r ı m c ı l ı k d a
t e c r i d i n i z d e n
s ü z m e d i   m i y d i n
s e r p m i ş   m i y d i k
d e ğ i ş m e d i y d i n
s e r p m i ş   m i y d i n
g ö ç m e m e l i y m i ş
d e ğ i ş m e d i y d i k
g ö ç e c e k   m i y d i n
s e r p m e m e l i y i m
s e s t e ş l e r d e n
g ö ç m ü ş   m ü y m ü ş
ç i z g i l e r i n i z e
p e n i s l e r i n d e n
g ö ç m e m e l i y i m
ö ğ ü t ü c ü l e r s i n
s e s t e ş l e r i n i n
y e r l e r i m i z i n
y a n   t ü m c e n e
s e r p m i ş   m i y m i ş
