d e ğ i ş e c e k   o l m a y a c a k m ı ş s ı n ı z
d e ğ i ş e c e k   o l a c a ğ ı m
s e r p i y o r   o l m a m a l ı   m ı y m ı ş ı m
s e r p e r   m i
p a r ç a l a n d ı   m ı y d ı k
p a r ç a l a n a c a k t ı k
p a r ç a l a n ı y o r   o l m a l ı s ı n ı z
s ü z m ü ş   m ü y m ü ş s ü n
s ü z d ü m   m ü
s ü z m e z m i ş s i n i z
s ü z e c e k t i k
s ü z ü y o r   o l m a m a l ı
s ü z ü y o r   o l m a l ı y m ı ş
k e f a l e t l e r e
d e ğ i ş e c e k   o l a c a ğ ı z
p a r ç a l a n ı r   o l m a y a c a k   m ı y m ı ş s ı n ı z
p a r ç a l a n a c a k   o l m a y a c a k   m ı y m ı ş ı z
p a r ç a l a n ı y o r   o l m a m a l ı   m ı y d ı n ı z
p a r ç a l a n m a y a c a k   m ı y m ı ş s ı n ı z
s e r p e c e k   o l m a y a c a k l a r m ı ş
p a r ç a l a n ı y o r   o l m a m a l ı y d ı m
a v u k a t l a r ı m
g ö ç ü y o r   o l m a m a l ı   m ı y m ı ş ı z
p a r ç a l a n ı y o r   m u y m u ş s u n u z
d e ğ i ş i y o r   o l a c a k   m ı y m ı ş ı z
y a n   t ü m c e s i n d e n
d e ğ i ş i y o r   o l m a m a l ı   m ı y m ı ş
p a r ç a l a n m ı ş   m ı y m ı ş s ı n ı z
s ü z e c e k   o l m a y a c a k l a r   m ı
p a r ç a l a n ı y o r   o l m a l ı l a r d ı
s e r p m i ş   o l m a y a c a k t ı n ı z
d e ğ i ş i y o r   o l m a m a l ı s ı n ı z
p a r ç a l a n m a l ı   m ı y m ı ş s ı n
p a r ç a l a n m a m ı ş   m ı y m ı ş ı z
g ö ç e r   o l m a y a c a k m ı ş s ı n
p a r ç a l a n m a y a c a k l a r m ı ş
p a r ç a l a n ı y o r l a r   m ı y d ı
p a r ç a l a n m a m a l ı   m ı y d ı
p a r ç a l a n m ı ş   o l a c a k t ı n
p a r ç a l a n m a y a c a k   m ı y d ı
p a r ç a l a n m a y a c a k l a r d ı
g ö ç m e m i ş   m i y m i ş s i n i z
s e r p m e m e l i l e r   m i y m i ş
s e r p i y o r   o l a c a k m ı ş ı m
p a r ç a l a n m e l i   m i s i n i z
s ü z e c e k   m i y m i ş s i n i z
g ö ç ü y o r   o l a c a k   m ı y m ı ş
s ü z m ü ş   o l a c a k   m ı y d ı n
s e r p m i ş   o l a c a k t ı n ı z
s e r p m i ş   o l m a y a c a k   m ı y ı m
d e ğ i ş m e y e c e ğ i m
d e ğ i ş i y o r   o l a c a ğ ı z
d e ğ i ş m e z   m i y m i ş s i n
d e ğ i ş i y o r   o l m a m a l ı   m ı y m ı ş ı m
g ö ç ü y o r   o l u r l a r   m ı y d ı
d e ğ i ş e c e k   o l a c a k   m ı s ı n ı z
k a t e g o r i l e r i m i z d e n
d ü z e n l e n e b i l i r l i ğ i n e
t e k i l   k a l ı p l a r ı n d a n
s ü z m ü ş   o l a c a k   m ı s ı n
s e r p i y o r   o l m a l ı   m ı y m ı ş s ı n ı z
k a t e g o r i l e r i m i z i n
s ü z m ü y o r   m u y m u ş s u n u z
s e r p i y o r   o l a c a k m ı ş ı z
s e r p e c e k   o l a c a k m ı ş ı z
p a r ç a l a n m a m ı ş s ı n ı z
p a r ç a l a n m a m a l ı y d ı m
p a r ç a l a n m a d ı   m ı y d ı n
s ü z m ü ş   o l m a y a c a k t ı k
g ö ç m ü ş   o l m a y a c a k t ı
g ö ç m ü ş   o l m a y a c a k s ı n
a y r ı m c ı l ı k l a r m ı ş ı m
d e ğ i ş m i ş   o l a c a k t ı k
s ü z m ü y o r   m u y m u ş s u n
d e ğ i ş m e m e l i y m i ş i m
g ö ç m ü ş   o l m a y a c a ğ ı z
p a r ç a l a n m ı y o r   m u y d u
d e ğ i ş i y o r   o l m a m a l ı   m ı y m ı ş s ı n
g ö ç ü y o r   o l m a m a l ı s ı n
d e ğ i ş i y o r   o l m a m a l ı y ı z
t e k i l   k a l ı p l a r ı n d a
s e r p m e l i y m i ş s i n i z
t o p o l o j i l e r i n d e n
s ü z m e m e l i y m i ş s i n i z
s e r p m i ş   o l a c a k t ı k
p a r ç a l a n m e l i   m i s i n
p a r ç a l a n m e l i l e r   m i
k u r b a ğ a c ı k l a r ı n ı z
y a n   t ü m c e l e r i m i z e
e r n e k l e r m i ş s i n i z
i s t i r i d y e m i z d e n
a y r ı m c ı l ı k l a r ı n ı z d a
g ö ç ü y o r   o l m a l ı   m ı y d ı n ı z
s e r p e c e k m i ş s i n i z
e r n e k m i ş s i n i z
m i l y o n e r l e r s i n i z
t e c r i t l e r i m i z d e n
g ö ç ü y o r   o l m a m a l ı y d ı n ı z
s e r p m i ş   o l m a y a c a k
s e r p e c e k   o l a c a k l a r
s ü z m e l i   m i y m i ş s i n
y a n   t ü m c e l e r i n d e n
t e k i l   k a l ı b ı m ı z d a
d e n e y i m l e r i n i z d e
d e ğ i ş i y o r   o l m a l ı   m ı y d ı n
d e ğ i ş i y o r   o l m a l ı   m ı y d ı m
d e n e y i m l e r i m i z d e
m e f h u m l a r ı m ı z d a
g ö ç ü y o r   o l a c a k l a r d ı
g ö ç m e m i ş t i n i z
g ö ç ü y o r   o l a c a ğ ı z
g ö ç ü y o r   o l m a l ı l a r   m ı
g ö ç m e d i l e r   m i
i s t i r i d y e s i n d e n
d e ğ i ş m e m e l i   m i y i m
s ü z m e m i ş m i ş s i n i z
ö ğ ü t ü c ü l e r m i ş i m
a y r ı m c ı l ı ğ ı m
k a t e g o r i l e r i n d e
k u r b a ğ a c ı ğ ı m ı z d a
s e r p m e l i l e r   m i y d i
g ö ç ü y o r m u ş s u n u z
a v u k a t l a r ı n ı z d a
e r n e k l e r i n i z d e n
k e f a l e t l e r d e n
g ö ç m e l i l e r   m i y d i
d e ğ i ş m e z l e r   m i y d i
p a r ç a l a n m ı y o r l a r
d e ğ i ş m e z   m i y m i ş i m
s e r p i y o r   m u s u n u z
s ü z e c e k m i ş s i n i z
s e r p e c e k   m i s i n i z
t o p o l o j i l e r i n i n
p a r ç a l a n m a m ı ş t ı m
a y r ı m c ı l ı k l a r ı m ı z ı
s e r p m e m e l i   m i y i z
s e r p m e l i y m i ş s i n
d e ğ i ş m i ş   o l a c a k   m ı
t e k i l   k a l ı p l a r ı n
e r n e k l e r i m i z d e n
s e r p m e y e c e k m i ş s i n i z
d e ğ i ş m i ş   o l m a y a c a k t ı n
d e ğ i ş m i y o r d u n u z
g ö ç m e m e l i y m i ş i z
d e ğ i ş i y o r   o l m a l ı y ı m
s e r p m e y e c e k s i n i z
m e f h u m l a r ı n ı z d a
s ü z m e z l e r   m i y m i ş
p a r ç a l a n m a z   m ı y ı z
p a r ç a l a n m a z m ı ş ı m
s ü z m ü y o r   m u s u n u z
p a r ç a l a n m a m e l i y i m
t e k i l   k a l ı b ı m ı z a
p a r ç a l a n ı r   m ı s ı n
s ü z ü y o r   o l a c a k l a r
y a n   t ü m c e l e r i n i n
d e ğ i ş m e m e l i y m i ş
d e ğ i ş m e m i ş m i ş s i n
d e ğ i ş m i y o r l a r   m ı
k u r b a ğ a c ı ğ ı n d a n
d e n e y i m l e r i n i z i
s ü z m e l i   m i y d i n i z
p a r ç a l a n a c a k l a r
s ü z ü y o r   o l a c a k m ı ş
s ü z m ü ş   o l a c a k s ı n
p a r ç a l a n ı r d ı n ı z
s ü z ü y o r   o l a c a k   m ı
s ü z m ü ş   o l a c a k   m ı
a y r ı m c ı l ı k l a r ı n ı
s ü z e c e k   m i s i n i z
a v u k a t l a r ı n ı z a
a v u k a t l a r ı m ı z ı
s e r p m e m e l i l e r   m i
p a r ç a l a n m e l i y i z
p a r ç a l a n ı r l a r   m ı
s e r p m i ş   o l a c a k t ı
ö ğ ü t ü c ü l e r i n d e n
d e ğ i ş m e d i y d i n i z
d e ğ i ş i r   m i y m i ş i m
ö ğ ü t ü c ü l e r i n i n
ö ğ ü t ü c ü l e r i m i z
d e ğ i ş m i ş   m i s i n i z
ö ğ ü t ü c ü l e r i n i z
d e n e y i m l e r i n d e n
m i l y o n e r l e r i n d e
p a r ç a l a n ı r   m ı y ı z
y a n   t ü m c e l e r i n d e
k a t e g o r i l e r d e n
a y r ı m c ı l ı ğ ı m ı z ı
d e ğ i ş i y o r   m u y d u k
p a r ç a l a n m a d ı y d ı
p a r ç a l a n ı r s ı n ı z
g ö ç m ü ş l e r   m i y d i
s e r p m i y o r   m u y d u k
g ö ç m ü ş   o l a c a k   m ı
s ü z e r l e r   m i y m i ş
e r n e k l e r i n i z d e
p a r ç a l a n ı y o r d u n
d e ğ i ş m e l i   m i y d i n
b ü s t l e r i m i z d e n
a y r ı m c ı l ı ğ ı n ı z ı
k a t e g o r i l e r i n e
d e ğ i ş m i y o r s u n u z
p a r ç a l a n ı y o r d u k
t o p o l o j i l e r i n i
s e r p e c e k m i ş s i n
b a k i r e l e r s i n i z
s ü z m e y e c e k s i n i z
d e ğ i ş m e y e c e k t i n
s e r p m e m i ş   m i y i z
s ü z e r   o l m a y a c a k m ı ş ı m
a v u k a t l a r s ı n ı z
p a r ç a l a n a c a k m ı ş
p a r ç a l a n m ı y o r d u
b a m y a y m ı ş s ı n ı z
g ö ç m ü y o r   m u y d u k
p a r ç a l a n ı y o r m u ş
t e k i l   k a l ı p l a r ı
t e k i l   k a l ı p l a r ı
d e ğ i ş i r m i ş s i n i z
d e ğ i ş m i y o r   m u y u m
ö r d e k l e r i m i z d e
s e r p m i y o r   m u y d u m
m e f h u m l a r ı n d a n
d e n e y i m i m i z i n
k u r b a ğ a c ı ğ ı n ı z
g ö ç m e m e l i l e r d i
s ü z ü y o r   o l u r l a r d ı
b a k i r e l e r i n i z e
d e ğ i ş e c e k   o l a c a k   m ı y m ı ş s ı n
k u r b a ğ a c ı ğ ı n d a
m i l y o n e r l e r s i n
d e n e y i m l e r i n i z
s e r p m e y e c e k m i ş
k e f a l e t l e r i n i n
b a k i r e l e r i n d e n
b a k i r e l e r i n i z i
p a r ç a l a n m a y a c a k
s ü z m ü y o r l a r m ı ş
g ö ç m e m i ş m i ş s i n
g ö ç m ü ş   m ü y d ü n ü z
g ö ç m e l i   m i s i n i z
a y r ı m c ı l ı k l a r m ı ş
s e r p m e l i   m i y m i ş
g ö ç m e z   m i y m i ş i z
p a r ç a l a n m ı y o r u m
t e c r i t l e r i n i n
d e ğ i ş i r   o l m a y a c a k m ı ş s ı n ı z
b a k i r e l e r m i ş i m
d e ğ i ş m e y e c e k t i m
