P r o p a n o l s
F a l l g a t t e r s
G o l d g r ä b e r s
s c h m e c k t
g l a u b t e s t
T e i l c h e n b e s c h l e u n i g e r
s a u n i e r e n
R o c h a d e n
p r i v i l e g i e r e n
v e r s i l b e r t e
H o r n m o o s
g l o r i f i z i e r t
m a l t r ä t i e r e
M i t t w o c h
v e r w i t t e r e n
U c h t e n
g e b r a u c h e n d
N a d e l w a l d e s
R a u t e
S c h l i t z e
m ö p p r e
k n e c h t e s t
k r i t z l e
h e m m t
B u t t
B a s i s k l a s s e n
g l o r i f i z i e r e
N a m e n s g e b e r
v e r w i t t e r t
F e u e r a m e i s e
b e w a f f n e
D o p p e l z i m m e r
ü b e r s t e h e n
v e r s c h l i e ß e n
r e i c h t e n
S p i t z e n r e i t e r
B u s h a l t e s t e l l e
A r a g o n i t
s p a l t e t e
U r s a c h e n
K ö n i g s t o c h t e r
G r o ß v e r s u c h e
p r e d i g s t
G l a u b e n s s c h w e s t e r
p r i v i l e g i e r t e
L ö t m e t a l l e
H a n d f l ä c h e
M ä u s e s p e c k
N e u t r o n e n
v e r w i t t e r e n
p r e d i g t e t
L u n g e n k r a n k h e i t
A u ß e n s e i t e r
L e u k o x e n e
e r n ü c h t e r t e
T a k e l a g e
m e l d e t e t
S u b s t a n z
B o c k s h ö r n e r
S t r a ß e n s e i t e n
g l o s e t
F u n d a m e n t e
m a l t r ä t i e r e n
u n t e r d r ü c k e
G e m a c h
m e h r t e s t
g e g l a u b t
k r i t z e l t e
t r a t s c h t e t
v e r s i l b e r t e n
R ü s c h e n
g e b r a u c h
e m i g r i e r t
t e n d i e r e n
H a u b e n t a u c h e r
s t r ö m s t
O m e g a s
A b o n n e n t e n
F ü r s t p r i m a t e n
I n f a n t e n
e r t r a g e t
A r b e i t s s c h r i t t e
N i e d e r g ä n g e
s p a l t e t e s t
F e h l e n
B u l g a r e n
g e n e r i e r t e n
e r l a n g e s t
s t r ö m t e n
F r a k t a l
A m p h o r e n
N a n o a m p e r e
A u ß e n s e i t e r
w i t t e r t e
e r n ü c h t e r t e
ü b e r m i t t e l t e s t
k n e c h t e t e t
J ü n g e r
a h n e n
V e r g e w a l t i g e r
E t h n o l o g e n
o r g e l e t
C l o u s
r ä s o n i e r t e
s c h m e c k e n
O z e a n
v e r w i t t e r e t
D e l i r i u m
b e w a f f n e t
v e r z ä h l e
v e r z ä h l e n
f e s t i g e
s t r ä u b t e s t
K r o n e n
s c h w ö r e n
E i w e i ß s y n t h e s e
E r z i e l u n g
b e w a f f n e t e
F a m i l i e n
u n t e r d r ü c k t
s c h m i e r t e
d ü r f e t
P l ü n d e r i n
w i t t e r e
L e b e n s l ü g e n
Z ü n d p u n k t e s
K f z - K e n n z e i c h e n
G y n ä k o l o g e n
G o s s e n
S c h i m p a n s e
F ä h n c h e n s
u n t e r d r ü c k t
f l a m b i e r t e
S p i t z e
G r e n a d e r i n
N u t z e n
E i g e n b r ö t l e r e i e n
r e g l e m e n t i e r t e
L a n d s c h a f t
v e r r e c h n e n
S c h a c h t
f l a m b i e r e s t
m a h l e
t e n d i e r t e t
v e r s i l b e r t e
R a z z i e n
F a l b e n
S t r a ß e n s e i t e
R a u t e
R ü s c h e
S p ä t l e s e
G ö n n e n s
F ä h n c h e n
h ä m m e r t e s t
ü b e r m i t t e l t e
B e s ä u f n i s
v e r r e c h n e t e
N ü r n b e r g e r
F ä h n c h e n
L u n g e n k r a n k h e i t
a t m e t e n
t e n d i e r t e
F ü l l s t a n d
t ö t e n
M e t r o p o l e n
I n f a n t e n
m ö p p r e
s t r ä u b t e
E r l k ö n i g s
H a a r n e t z
m o p s t e n
K n i r p s e n
D e l i r i u m
s t r ä u b e n
Z e i t m a s c h i n e n
g l o r i f i z i e r e t
G r e y e r z e r
F u n d a m e n t e
e r t r ü g e
g e k l o n t
ü b e r m i t t e l n
T r e u h ä n d e r
t e n d i e r e n
B l i t z s c h l ä g e
S t o l p e r s t e i n
S i t z b e i n e
a h n t e s t
M a g e n e n t z ü n d u n g e n
S e l e n d e f i z i t e
B r i e f ö f f n e r
m e u t e r t e s t
G e y s i r
F a m i l i e n
h e m m e n
E i n s t i e g
Ö l q u e l l e
M i l l i o n s t e l
u n t e r d r ü c k t e s t
G e l e i t w o r t e
F l a s c h e n ö f f n e r
r e g l e m e n t i e r e n d
m u m i f i z i e r e
d u r c h z u c k t
P a m p a s k a t z e
S a d i s t
V o r b a u t e n
B o n s a i
U c h t e
s c h m e c k e
a t m e t e t
A u f e n t h a l t s o r t e
G o l d g r ä b e r
H e l m e s
K r a n i c h
m ö p p e r n
m a h l e n
s p a l t e n
F u n k t i o n s a b s c h l u s s e s
W o r t l i s t e n
G e w a l t t ä t e r i n
A l l m a c h t
s c h w a n d e s t
p r o k r a s t i n i e r e t
d u r c h z u c k e t
B l i n d s c h l e i c h e
k l a s s i f i z i e r t
f l a m b i e r e n
K l e i n p u d e l s
h ä m m e r e
A p o p l e x i e
F e n n e k
b e s c h r i f t e
H ö l z c h e n
S t r a ß e n s e i t e n
F u n k t i o n a l i t ä t e n
B i n d u n g s p a r t n e r
O z e a n
m e h r t e t
v e r r e c h n e
h y d r i e r t e s t
s p a l t e n
J ü n g e r
K r ä h e n
D i f f e r e n z i e r u n g e n
L a y s a n e n t e n
l e i m t e
A u s n a h m e z u s t ä n d e
m e h r e n
w ä h l e
B a r d e n
