g e m e u t e r t
k a u f t e t   e i n
k a u f t e s t   e i n
s t a t t e t e s t   a u s
ü b e r s t a n d e n
s t a t t e t e t   a u s
v e r s c h l o s s e s t
U n t e r n e h m e n s a n w e n d u n g s i n t e g r a t i o n
N e u t r o n e n e i n f a n g q u e r s c h n i t t s
T e p u i - T r o p f e n a m e i s e n w ü r g e r n
F o n d u e s
d a r f
D i o x i d s
R h a b a r b e r
U n t e r n e h m e n s a n w e n d u n g s i n t e g r a t i o n e n
s p r i c h   f r e i
P r o p a n o l s
F u n d a m e n t e s
P u r z e l b ä u m e
f r e i g e s p r o c h e n
s p r a c h   f r e i
T e i l c h e n b e s c h l e u n i g e r n
t e n d i e r t
S c h i m p a n s e
T e m p e r a t u r
G e l b a u g e n p i n g u i n e
P u r z e l b ä u m e
N e u t r o n e n e i n f a n g q u e r s c h n i t t e n
F ü r s t p r i m a s
v e r w o r f e n
G e l b a u g e n p i n g u i n e
w e i ß t
L o b e s
R h a b a r b e r
F a v o r i t e n
S c h n o r c h e l
S c h n o r c h e l
G r e n a d e r i n
r e i c h e
K r a n i c h s
S c h i e ß g e w e h r e
r e i c h t e
S c h a c h t
S a d i s t e n
K r a n i c h
S c h l i c k
K r a n i c h
S c h ä f c h e n
m e h r
S c h ä f c h e n
r e i c h t e n
B a r d e n
v e r r e c h n e n
v e r r e c h n e n
b e l ä c h e l e
F ä h n c h e n
b e l ä c h e l t
B l i n d s c h l e i c h e
v e r z ä h l e n
F ä h n c h e n
m e h r e n
v e r z ä h l e
G e m a c h
s c h m e c k e n
B l i n d s c h l e i c h e n
G e m a c h
F ä h n c h e n
F ä h n c h e n
B l i n d s c h l e i c h e
v e r s c h l e i r e
K r ä h e n
v e r s c h l e i e r t
D a c h
K r a n i c h e n
s c h m i e r e n
s c h m e c k e
B e s c h e i d e n h e i t
r e i c h t e t
F e h l e n
v e r s c h l e i e r t e
D a c h s c h ä d e n
b e l ä c h e l t e n
H i r n s c h a l e
l e i m e n
v e r w e h t
v e r w e h t
D e l p h i n
b e l ä c h e l e t
v e r s c h l e i e r e t
l e i m e n
m e l d e n
S p o r t h e r z e n s
b e s i c h t i g e n
a h n e n
a h n e n
g e b r a u c h e n
r e i c h e s t
g e n e r i e r e
m a h l e
s c h i e f e r e
m e h r t
v e r r e c h n e t e
G e l e n k s c h m e r z
v e r r e c h n e t e n
v e r r e c h n e t e
S t o c h e r k a h n
v e r s c h l e i e r s t
k n e c h t e n
S c h l i t z e
m a h l e n
S o c k e l
k n e c h t e n
v e r r e c h n e
g e b r a u c h
s c h m e c k t
H a n d l i c h k e i t
B i e n e
G e m ä c h e r
H i r n s c h a l e n
p r i v i l e g i e r e n
b e l ä c h e l t e t
S c h i e ß g e w e h r e n
F ä h n c h e n s
v e r s c h l e i e r e s t
T e i l c h e n b e s c h l e u n i g e r
H ü h n c h e n
m e l d e
l e i m t
p r i v i l e g i e r e
T e i l c h e n b e s c h l e u n i g e r
e m i g r i e r e n
v e r w e h e t
s c h m i e r t e
s c h w i n d e
s c h m i e r t e
B r i e f w e c h s e l
s c h m e c k t e n
D e c k
b e l ä c h e l e s t
K r o n e
s c h m e c k t e
M e s s b e c h e r
B e s c h e i d e n h e i t e n
T e i l c h e n b e s c h l e u n i g e r
m a h l e n
s c h m e c k t e n
T e i l c h e n b e s c h l e u n i g e r
H e r m a p h r o d i t e n
h e m m e n
d u r c h z u c k t
s c h m e c k t e
D e c k
G e r ü c h e
k n e c h t e
g e n e r i e r t
K r o n e
d u r c h z u c k t
B i e n e n
w ä h l e n
t e n d i e r e n
l a v i e r e n
m a h l t
B r i e f w e c h s e l
b e s i c h t i g e
p r i v i l e g i e r t
v e r z ä h l t e t
K u l t u s m i n i s t e r i u m s
s c h m i e r
m a h l t e
D e l i r i u m
g e n e r i e r t e n
A c h t z i g e r
H ö l z c h e n
H ö l z c h e n
s c h m i e r e
p r i v i l e g i e r t e n
D e l i r i u m
b e l e i d i g e t
K r o n e n
g e b r a u c h e n d
h e m m e
d u r c h z u c k t e n
S t o c h e r k ä h n e
B r a n d b e s c h l e u n i g e r
p r i v i l e g i e r t e
l a v i e r e
p r i v i l e g i e r e n d
S t o c h e r k ä h n e
e m i g r i e r t
b e s i c h t i g t e n
b e s i c h t i g t e
g e p r e d i g t
v e r s c h l i e ß
v e r s c h l i e ß e n
v e r w e r f e n
t e n d i e r e n
S t r ä h n e n
m i s s b r a u c h e n
m i s s b r a u c h e n
K a n i n c h e n d r a h t z ä u n e
m a h l t e n
U c h t e
S o c k e l s
R o c h a d e n
F e h l e n s
g e b r a u c h t e
U c h t e n
g l o r i f i z i e r e n
g l o r i f i z i e r e
K a n i n c h e n d r a h t z ä u n e
g l o r i f i z i e r e
l e i m t e
d u r c h z u c k e t
w ä h l t e n
v e r z ä h l t e s t
p r e d i g e n
H o c h k o m m a
e m i g r i e r t
U r s a c h e n
p r e d i g e n
G r e n a d e r i n
F a c h i n f o r m a t i k e r
e m i g r i e r t e n
H e u l e r n
t r a t s c h e
G r e y e r z e r
b e s i e g e n
b e s i e g e n
h e m m t
s a u n i e r e n
h ä m m e r n
e r l a n g
G r e n a d e r i n
U r s a c h e n
F a l b e n
d u r c h z u c k s t
s a u n i e r e n
m e h r t e t
A c h t z i g e r
S e l e n d e f i z i t
v e r s i l b e r t e n
e r l a n g e
s a u n i e r e n
g l a u b e n
B r a n d b e s c h l e u n i g e r
s a u n i e r e n
s c h m e c k t e t
w ä h l e
m e l d e t e
e r n ü c h t e r t e
