e r t r ä g t
s c h w ö r e t
K o k o s ö l
b e q u e m b t e n
E i n f a r b a m e i s e n w ü r g e r
A k z e n t
E k z e m
W a g e n r ü c k l ä u f e n
A u f e n t h a l t s o r t e
B a s i s k l a s s e n
F u n k t i o n s a b s c h l u s s e s
B r i e f ö f f n e r
E l e k t r o d y n a m i k e n
E n t f ü h r e r
H a u t k o n t a k t e
B i o g a s e
E i s z a p f e n
m e u t e r t e s t
B r i e f ö f f n e r
W o r t l i s t e n
A p o p l e x i e
u n t e r d r ü c k e s t
H a u s a u f g a b e n
B i o g a s e
B u s e n f r e u n d
w i t t e r t e
w i t t e r t e
v e r w a r f e n
A n i s e t t e
F o o t b a l l s
B e u g u n g
P i k e n
P i k e n
E h r u n g e n
Q u a c k s a l b e r e i e n
b r e m s e n   a b
v e r s c h l ö s s e
Q u a c k s a l b e r e i e n
e r t r a g e s t
L u n g e n k r a n k h e i t
W o r t l i s t e n
Z i m t z i c k e n
b r e m s e n   a b
L u n g e n k r a n k h e i t
D i s t i b a n e n
L u n g e n k r a n k h e i t
u n t e r d r ü c k t e s t
A p o p l e x i e
A b o n n e n t e n
B r i e f ö f f n e r
u n t e r d r ü c k t
Z w e t s c h g e
S a m s t a g a b e n d
E i w e i ß s y n t h e s e
S a m s t a g a b e n d
A b o n n e n t e n
P r i v a t p a t i e n t i n n e n
E i n s t i e g
w e i ß e
C a l v i n i s t e n
C u r i u m
Z i m t z i c k e
ü b e r m i t t e l t e t
K u l t u s m i n i s t e r i e n
F u n k t i o n a l i t ä t e n
A u ß e n s e i t e r
G e y s i r e
g l o s e t
G e w ü r z e n
F u n d a m e n t
C a l v i n i s t e n
K u l t u s m i n i s t e r i e n
S t r a ß e n s e i t e n
A l m e n
S t r a ß e n s e i t e n
g e m a h l e n
D i e n s t a g a b e n d
A n i s e t t e
E i n s t i e g
k l o n t
a h n t e s t
g l a u b t e s t
Z w e t s c h g e n
f l a m b i e r e s t
G e w a l t t ä t e r i n
N ü r n b e r g e r
N ü r n b e r g e r
f l a m b i e r t e s t
G y n ä k o l o g e n
T r i s u l f i d e n
u n t e r d r ü c k e t
T r a g e
N a h t
v e r w i t t e r t e s t
N e u t r o n e n
s p a l t e
G e w a l t t ä t e r i n n e n
w i t t e r e
F a l l g a t t e r
p r e d i g s t
N a h r u n g
N e u t r o n e n
e r t r a g e t
D i o x i d
ü b e r m i t t e l t e
P u r z e l b a u m
N e u e r u n g
G r u b e
F u n k t i o n a l i t ä t
m o p s t e n
f e s t i g e n d
N a m e n s g e b e r
E r z i e l u n g e n
w i t t e r e
C a l c i u m o x i d
m a l t r ä t i e r t e s t
u n t e r d r ü c k t
B i n d u n g s p a r t n e r s
ü b e r m i t t l e
g l a u b t e t
D i o x i d e n
h ä m m e r t e s t
N a h r u n g
N a m e n s g e b e r
f u n k t i o n a l i s i e r t e t
N ä h t e
U n d e r d o g
D i n g o s
V e r s i o n e n
E t h n o l o g e n
A u ß e n s e i t e r
s a u n i e r t e s t
G e w a l t t ä t e r i n
F o n d u e s
E t h n o l o g e n
B u l g a r e n
A u ß e n s e i t e r
T a k e l a g e
m o p s t e n
B i n d u n g s p a r t n e r
B i n d u n g s p a r t n e r
g l o s
E h r u n g
B e s ä u f n i s
N e u t r o n e n
D i c h t b ä n d e r n
H o r n m o o s
f l a m b i e r t e t
E i g e n b r ö t l e r e i e n
s p a l t e
u n t e r d r ü c k t e
b e s i e g e s t
ü b e r m i t t e l t e n
h ä m m e r e s t
s c h w ö r t
u n t e r d r ü c k t e n
N e u t r o n e n e i n f a n g q u e r s c h n i t t
F a h r s t ü h l e
K ö n i g s t o c h t e r
V e r g e w a l t i g e r
v e r w i t t e r t e t
s p r e c h e   f r e i
s a u n i e r s t
ü b e r m i t t e l t
s c h w ö r e n
u n t e r d r ü c k e n d
v e r w i t t e r e n d
G l u t a t h i o n e
W o l l k n ä u e l n
N e u e r u n g
E r z i e l u n g
r e s p e k t i e r t
u m z i n g e l t
G e l e i t w o r t e
Q u a c k s a l b e r e i
r e s p e k t i e r e
h e m m e s t
w i t t e r n
S y l v i n i t e
K f z - K e n n z e i c h e n
A r b e i t s s c h r i t t e
K a r t o g r a f i n
B u l g a r e n
ü b e r m i t t e l t e n
f u n k t i o n a l i s i e r t
K o l u m n i s t e n
K f z - K e n n z e i c h e n
A r b e i t s s c h r i t t e
f u n k t i o n a l i s i e r t e n
N a n o a m p e r e
k n e c h t e t e s t
s t r ä u b e n
F l a s c h e n ö f f n e r
m a l t r ä t i e r t e
N e u t r o n
F l a s c h e n ö f f n e r
s p a l t e n
D i f f e r e n z i e r u n g e n
m a l t r ä t i e r t e
B i n d u n g s p a r t n e r
F a l l g a t t e r
p r e d i g t e t
s t r ä u b e n
S p ä t l e s e
h e m m s t
D i f f e r e n z i e r u n g e n
N ä h t e n
u m z i n g e l t e n
H a a r n e t z
E l e k t r o l y s e z e l l e n
H a a r n e t z
R ü s c h e
S e l e n a t e
s p a l t e n
u n t e r d r ü c k e
t r a t s c h t e s t
S t o l p e r s t e i n e n
F a v o r i t e n
F o o t b a l l
w ä h l t e s t
f u n k t i o n a l i s i e r e
r ä s o n i e r t e s t
a h n t e t
D e c k s
m e u t r e
e r l a n g e s t
E l e k t r o l y s e z e l l e
u m z i n g e l t
H e r b s t g r a s m i l b e n
S p i t z e
G o l d g r ä b e r s
A l k a l i m e t a l l e
B r i e f m a r k e n
v e r w i t t e r t
B u s h a l t e s t e l l e
M a r k i s e
a t m e n
k l a s s i f i z i e r t
w ä h l e s t
S c h w e n k b ü g e l s
K n i r p s e
G e y s i r
a t m e n
B r i e f m a r k e n
V e r g e w a l t i g e r
A l k a l i m e t a l l e
M e t r o p o l e n
v e r w e r f e s t
K u k u r u z k o l b e n
w a r f   w e g
K u k u r u z k o l b e n
D e c k s
b e s i e g
S p i t z e
B e v o l l m ä c h t i g u n g e n
G a s t g e b e r
K u k u r u z k o l b e n
g l a u b t
v e r w i t t e r t e
A r b e i t s k r e i s e n
S a d i s t
E i g e n b r ö t l e r e i
U k r a i n e r
A r a g o n i t
G e y s i r
p r o k r a s t i n i e r e t
K o l u m n i s t e n
N i e d e r g ä n g e
S t ä l l e
G o s s e n
B r i e f z u s t e l l e r
m a l t r ä t i e r t e n
R ü s c h e n
G o s s e n
S t ä l l e
G e g e n ü b e r
m e l d e t e t
F r a k t a l
B o n s a i
N i e d e r g a n g
W o l l k n ä u e l
r e s p e k t i e r t e n
B e s t e c h u n g s g e l d e r
r ä s o n i e r t e t
T h e r m o e l e m e n t s
t r a t s c h t e t
B o n s a i
s c h w ä n d e n
k r i t z l e
m u m i f i z i e r e
B l i t z s c h l ä g e
h e m m t e t
p r o k r a s t i n i e r t
R ü s c h e n
ü b e r s t e h e n
h e m m t e t
k r i t z e l t e
v e r w i t t e r e t
v e r w i t t e r t e n
e r t r a g e n
B u s h a l t e s t e l l e
G r o ß v e r s u c h e
D i f f e r e n z i e r u n g
s c h w i n d e s t
B u s h a l t e s t e l l e n
A n g e w o h n h e i t
D i f f e r e n z i e r u n g
f l a m b i e r t e
ü b e r m i t t e l n
M o n o k e l
K ö r p e r t e i l e
k r i t z e l t e
u n t e r d r ü c k e n
b e s i e g t
k l a s s i f i z i e r e
k n e c h t e t e t
m a l t r ä t i e r e
v e r w i r f t
m i s s b r a u c h t e s t
r e g l e m e n t i e r e
A r b e i t s s c h r i t t e n
k r i t z e l t e n
D i v i s o r e n
H o l o g r a m m e n
A m p h o r e n
S t o l p e r s t e i n
f l a m b i e r t e n
M ä u s e s p e c k
h y d r i e r t e s t
h y d r i e r s t
A m p h o r e n
K l e i n p u d e l s
m e u t e r t e n
b e s i e g t e
B r i e f z u s t e l l e r
W o l l k n ä u e l
f l a m b i e r t e n
F e n n e k
t e n d i e r t e t
M i t t w o c h
B r i e f z u s t e l l e r
T h e r m o e l e m e n t e
B e v o l l m ä c h t i g u n g
M i t t w o c h
m e l d e s t
p r o k r a s t i n i e r t e n
g l a u b e
r e g l e m e n t i e r t e
v e r w i t t e r t
p r e d i g t
g e s c h i e f e r t
o r g e l e t
g e b r a u c h t e s t
S y l v i n i t
Z e i t m a s c h i n e n
k l a s s i f i z i e r e n
m u m i f i z i e r t
v e r s i l b e r e s t
U k r a i n e r
S e l e n d e f i z i t e
G e s c h m a c k s s i n n e
v e r s c h l i e ß e s t
T r a i n e r
s a u n i e r t e
G r u b e
S t ä l l e n
B o t s c h a f t e r n
k r i t z e l t e
K n i r p s e n
m a l t r ä t i e r e n
S e l e n a t e n
h ä m m e r t e
m i s s b r a u c h s t
ü b e r s t e h e n
p r e d i g
k n e c h t e s t
e r l a n g e t
U h r e n f e d e r n
H a n d f l ä c h e
G e l b a u g e n p i n g u i n s
G a s t g e b e r
s c h w i n d e t
r e g l e m e n t i e r t e
B u l g a r e n
A u b e r g i n e n
G o l d g r ä b e r
a h n t e
F e u e r a m e i s e
N a d e l h o l z
m e h r t e s t
B l i t z s c h l ä g e n
o r g e l t e
T r e u h ä n d e r
r e g l e m e n t i e r t e
g l a u b e n d
r e s p e k t i e r e
H a n d f l ä c h e n
B o t s c h a f t e r
b e s c h r i f t e t
D o p p e l z i m m e r
H a l b l e i t e r b a u e l e m e n t e
B e s t e c h u n g s g e l d
m i s s b r a u c h t
r e g l e m e n t i e r e n d
H a l b l e i t e r b a u e l e m e n t e n
F a m i l i e n
H e u l e r s
d u r c h z u c k t e s t
r e g l e m e n t i e r t e n
m e u t e r n
m u m i f i z i e r e
S t e l l e n w e r t
K o r r e k t u r
b e s c h r i f t e t e n
S e l e n a t
s a u n i e r t e n
e m i g r i e r t e t
f l a m b i e r e n
G r u b e
b e l e i d i g t e s t
e m i g r i e r t e t
D i n g o
F a m i l i e n
p r o k r a s t i n i e r e n
K n i r p s
r e g l e m e n t i e r t
g l o r i f i z i e r e t
M i l l i o n s t e l
r ä s o n i e r t e
H a n d f l ä c h e
m e l d e t e
v e r w i t t e r e n
s c h m i e r t e s t
B e l i c h t u n g s m e s s e r
k n e c h t e t e
s a u n i e r e
m a h l t e t
E u p h o r i e n
v e r w i t t e r e n
H ö l z c h e n s
r ä s o n i e r t e
e r n ü c h t r e
m u m i f i z i e r e n
B e o b a c h t u n g e n
k r i t z e l n
h e m m t e
h ä m m e r e
S p i e g e l e i e r
s c h w o r e n
F a m i l i e
k r i t z e l n
r e s p e k t i e r e n
r ä s o n i e r t e n
H a u b e n t a u c h e r
A l l m ä c h t i g k e i t
F a c h i n f o r m a t i k e r
S i t z b e i n e
G l a u b e n s s c h w e s t e r
g l o r i f i z i e r t e
G r e y e r z e r
d u r c h z u c k t e t
b e s i e g e
m e l d e t e n
h ä m m e r t e n
m e l d e t e
t r a t s c h t e
m i s s b r a u c h t e n
B r a n d b e s c h l e u n i g e r
B o t s c h a f t e r
t r a t s c h t e
e r n ü c h t e r t e
A l l m ä c h t i g k e i t
m i s s b r a u c h t e
t e n d i e r t e
A u b e r g i n e
p r e d i g e n d
t e n d i e r t e
b e s c h r i f t e
h e m m t e n
g e n e r i e r t e t
k n e c h t e t e n
m i s s b r a u c h t
p r i v i l e g i e r e s t
A l l m a c h t
T r a i n e r
t e n d i e r t
k n e c h t e t e
S p o r t h e r z e n
e m i g r i e r e
B e s c h l u s s
v e r s c h l i e ß t
g e m ö p p e r t
F e u e r a m e i s e
v e r s i l b e r t e
v e r s i l b e r t e
l a v i e r t
S p i t z e n r e i t e r
g l o r i f i z i e r t
t e n d i e r t e n
m e l d e t
e r n ü c h t e r t e
m e l d e t e
w ä h l e
s c h m e c k t e t
s a u n i e r e n
B r a n d b e s c h l e u n i g e r
g l a u b e n
s a u n i e r e n
e r l a n g e
v e r s i l b e r t e n
S e l e n d e f i z i t
A c h t z i g e r
m e h r t e t
s a u n i e r e n
d u r c h z u c k s t
F a l b e n
U r s a c h e n
G r e n a d e r i n
e r l a n g
h ä m m e r n
s a u n i e r e n
h e m m t
b e s i e g e n
b e s i e g e n
G r e y e r z e r
t r a t s c h e
H e u l e r n
e m i g r i e r t e n
F a c h i n f o r m a t i k e r
G r e n a d e r i n
p r e d i g e n
U r s a c h e n
e m i g r i e r t
H o c h k o m m a
p r e d i g e n
v e r z ä h l t e s t
w ä h l t e n
d u r c h z u c k e t
l e i m t e
g l o r i f i z i e r e
K a n i n c h e n d r a h t z ä u n e
g l o r i f i z i e r e
g l o r i f i z i e r e n
U c h t e n
g e b r a u c h t e
F e h l e n s
R o c h a d e n
S o c k e l s
U c h t e
m a h l t e n
K a n i n c h e n d r a h t z ä u n e
m i s s b r a u c h e n
m i s s b r a u c h e n
S t r ä h n e n
t e n d i e r e n
v e r w e r f e n
v e r s c h l i e ß e n
v e r s c h l i e ß
g e p r e d i g t
b e s i c h t i g t e
b e s i c h t i g t e n
e m i g r i e r t
S t o c h e r k ä h n e
p r i v i l e g i e r e n d
l a v i e r e
p r i v i l e g i e r t e
B r a n d b e s c h l e u n i g e r
S t o c h e r k ä h n e
d u r c h z u c k t e n
h e m m e
g e b r a u c h e n d
K r o n e n
b e l e i d i g e t
D e l i r i u m
p r i v i l e g i e r t e n
s c h m i e r e
H ö l z c h e n
H ö l z c h e n
A c h t z i g e r
g e n e r i e r t e n
D e l i r i u m
m a h l t e
s c h m i e r
K u l t u s m i n i s t e r i u m s
v e r z ä h l t e t
p r i v i l e g i e r t
b e s i c h t i g e
B r i e f w e c h s e l
m a h l t
l a v i e r e n
t e n d i e r e n
w ä h l e n
B i e n e n
d u r c h z u c k t
K r o n e
g e n e r i e r t
k n e c h t e
G e r ü c h e
D e c k
s c h m e c k t e
d u r c h z u c k t
h e m m e n
H e r m a p h r o d i t e n
T e i l c h e n b e s c h l e u n i g e r
s c h m e c k t e n
m a h l e n
T e i l c h e n b e s c h l e u n i g e r
B e s c h e i d e n h e i t e n
M e s s b e c h e r
s c h m e c k t e
K r o n e
b e l ä c h e l e s t
D e c k
s c h m e c k t e n
B r i e f w e c h s e l
s c h m i e r t e
s c h w i n d e
s c h m i e r t e
v e r w e h e t
e m i g r i e r e n
T e i l c h e n b e s c h l e u n i g e r
p r i v i l e g i e r e
l e i m t
m e l d e
H ü h n c h e n
T e i l c h e n b e s c h l e u n i g e r
v e r s c h l e i e r e s t
F ä h n c h e n s
S c h i e ß g e w e h r e n
b e l ä c h e l t e t
p r i v i l e g i e r e n
H i r n s c h a l e n
G e m ä c h e r
B i e n e
H a n d l i c h k e i t
s c h m e c k t
g e b r a u c h
v e r r e c h n e
k n e c h t e n
S o c k e l
m a h l e n
S c h l i t z e
k n e c h t e n
v e r s c h l e i e r s t
S t o c h e r k a h n
v e r r e c h n e t e
v e r r e c h n e t e n
G e l e n k s c h m e r z
v e r r e c h n e t e
m e h r t
s c h i e f e r e
m a h l e
g e n e r i e r e
r e i c h e s t
g e b r a u c h e n
a h n e n
a h n e n
b e s i c h t i g e n
S p o r t h e r z e n s
m e l d e n
l e i m e n
v e r s c h l e i e r e t
b e l ä c h e l e t
D e l p h i n
v e r w e h t
v e r w e h t
l e i m e n
H i r n s c h a l e
b e l ä c h e l t e n
D a c h s c h ä d e n
v e r s c h l e i e r t e
F e h l e n
r e i c h t e t
B e s c h e i d e n h e i t
s c h m e c k e
s c h m i e r e n
K r a n i c h e n
D a c h
v e r s c h l e i e r t
K r ä h e n
v e r s c h l e i r e
B l i n d s c h l e i c h e
F ä h n c h e n
F ä h n c h e n
G e m a c h
B l i n d s c h l e i c h e n
s c h m e c k e n
G e m a c h
v e r z ä h l e
m e h r e n
F ä h n c h e n
v e r z ä h l e n
B l i n d s c h l e i c h e
b e l ä c h e l t
F ä h n c h e n
b e l ä c h e l e
v e r r e c h n e n
v e r r e c h n e n
B a r d e n
r e i c h t e n
S c h ä f c h e n
m e h r
S c h ä f c h e n
K r a n i c h
S c h l i c k
K r a n i c h
S a d i s t e n
S c h a c h t
r e i c h t e
S c h i e ß g e w e h r e
K r a n i c h s
r e i c h e
G r e n a d e r i n
S c h n o r c h e l
S c h n o r c h e l
F a v o r i t e n
R h a b a r b e r
L o b e s
w e i ß t
G e l b a u g e n p i n g u i n e
v e r w o r f e n
F ü r s t p r i m a s
N e u t r o n e n e i n f a n g q u e r s c h n i t t e n
P u r z e l b ä u m e
G e l b a u g e n p i n g u i n e
T e m p e r a t u r
S c h i m p a n s e
t e n d i e r t
T e i l c h e n b e s c h l e u n i g e r n
s p r a c h   f r e i
f r e i g e s p r o c h e n
P u r z e l b ä u m e
F u n d a m e n t e s
P r o p a n o l s
s p r i c h   f r e i
U n t e r n e h m e n s a n w e n d u n g s i n t e g r a t i o n e n
R h a b a r b e r
D i o x i d s
d a r f
F o n d u e s
T e p u i - T r o p f e n a m e i s e n w ü r g e r n
N e u t r o n e n e i n f a n g q u e r s c h n i t t s
U n t e r n e h m e n s a n w e n d u n g s i n t e g r a t i o n
v e r s c h l o s s e s t
s t a t t e t e t   a u s
ü b e r s t a n d e n
s t a t t e t e s t   a u s
k a u f t e s t   e i n
k a u f t e t   e i n
g e m e u t e r t
