Z ü n d p u n k t e s
J ü n g e r
J ü n g e r
s t a t t e s t   a u s
J ü n g e r
g e t a g t
J ü n g e r
s t a t t e t e   a u s
I n f a n t e n
I n f a n t e n
w ü r f e t   w e g
s t a t t e t   a u s
I n f a n t e n
L o b e
O m e g a s
s t a t t e t e   a u s
L e u k o x e n e
Ö l q u e l l e
j u c k t
w a r f t   w e g
t ö t e t
Ö l q u e l l e
H u b e s
s t r ö m s t
g e m o p t s
Ö l q u e l l e
A v a n t g a r d e - K ü n s t e
s t a t t e n   a u s
J a s m i n e
L ö t m e t a l l e
L ö t m e t a l l e
s t r ö m e s t
d ü r f e t
j u c k e
D i n g w ö r t e r
ü b e r s t ä n d e
S ü ß h ö l z e r
L e u k o x e n e n
s t r ö m t e t
Ä g y p t o l o g i n
A v a n t g a r d e - K u n s t
A v a n t g a r d e - K ü n s t e n
E u x e n i t
G r o ß f ü r s t e n
ü b e r s t a n d e n
Ä g y p t o l o g i n n e n
a t m e s t
s t r ö m t
O z e a n
Ä g y p t o l o g i n n e n
s t e l l t e   z u s a m m e n
L ö t m e t a l l e n
s t r ö m e t
O z e a n
Z y k l o p e n
b e w a f f n e t e
A f f r o n t
s t r ö m e
F ü l l s t a n d e s
s t r ö m t e
m ö p p r e
b e w a f f n e
b e w a f f n e t e
b e w a f f n e s t
U n t e r s
J u d e n h a s s
s t r ö m t e
g e k l o n t
P a m p a s k a t z e
F ü r s t p r i m a t e n
A u s b a u e
O p t i m u m
P a m p a s k a t z e
P a m p a s k a t z e n
g e w i t t e r t
C l o u s
j u c k t e n
t a g
L a y s a n e n t e n
s t e l l t e   z u s a m m e n
Z u s t ä n d i g k e i t
J u d e n h a s s
d ü r f e n
Z u s t ä n d i g k e i t e n
G e f ä ß e
b e w a f f n e t
j u c k t e n
C l o u s
I n d u k t i o n s s p a n n u n g e n
k a u f e n   e i n
b e w a f f n e t
K a t a m a r a n s
m ö p p r e
S ü ß h o l z
E r l k ö n i g s
b e w a f f n e
d ü r f e n
t a g t e
g e g l a u b t
L a n d s c h a f t
L e b e n s l ü g e n
F a s s
s t r ö m t e n
w e r f e n   w e g
V o l k s s p o r t e
C l o u s
G ö n n e n s
C u r i u m s
F ü l l s t a n d
t ö t e n
t ö t e n
t ö t e n d
a t m e t e t
m ö p p e r t e s t
s t r ö m e n
B a b y
L e b e n s l ü g e n
s p a l t e t e s t
j u c k e n
e r t r u g
V o r k o s t e r
N u t z e n
E n t w u r z e l u n g
A u s b a u
H a u t k o n t a k t e
b e q u e m b
H a u s f r a u e n
F o r t s
C i t r a t
M a g e n e n t z ü n d u n g e n
T e p u i - T r o p f e n a m e i s e n w ü r g e r
C i t r a t
b e q u e m b t e s t
E n t w i c k l u n g
R a u t e
s t r ä u b t e s t
S u b s t a n z
F o r t s
P u r z e l b a u m e s
e r t r u g s t
e r t r ü g e
A m i d e s
E n t w u r z e l u n g e n
m ö p p e r t e
f e s t i g t e t
N u t z e n
s p a l t e s t
R a u t e
s p a l t e t e s t
A b k ü h l u n g e n
D e x t r o s e
E n t w u r z e l u n g
b r e m s t e   a b
b r e m s t e   a b
V o r b a u t e n
s c h w a n d e s t
A b k ü h l u n g
s p a l t e t e t
M a s k e
E r l k ö n i g e
m o p s t e t
B i o g a s e s
T a g e s b e d a r f
f e s t i g e
A n i s e t t e s
D a m a s t g e w e b e
A u s n a h m e z u s t ä n d e
B r i e f ö f f n e r s
D e x t r o s e n
U n d e r d o g s
B u t t
T r a m p e l p f a d
B e s ä u f n i s s e n
U n d e r d o g s
P f u h l e s
S a x o p h o n s
b e q u e m b t
A k z e n t e
H a u t k o n t a k t
W a g e n r ü c k l ä u f e
H a u t k o n t a k t
L a n d s c h a f t
H e l m e s
D V D - S p i e l e r n
N a d e l w a l d e s
w a r f   w e g
L a n d s c h a f t e n
L a n d s c h a f t
V o l k s s p o r t
s p a l t e t
H a u p t s i t z
a t m e t e n
K o k o s ö l e
w e i ß t e
E i n f a r b a m e i s e n w ü r g e r s
A u s n a h m e z u s t a n d
S a x o p h o n e
F u n d a m e n t e
F u n d a m e n t e
D i e n s t a g a b e n d e
L a n d s c h a f t
G e y s i r e s
P l ü n d e r i n
R a z z i a
D y s t o p i e n
s t r ä u b t e
A b k ü h l u n g
S t r a ß e n s e i t e
G ö n n e n
B e u g u n g e n
U n t e r
t a g e
m ö p p e r n
R a z z i e n
D y s t o p i e n
M a n d e l b ä u m e
m o p s t e
A p o p l e x i e n
H a n s e a t e n
E i n f a r b a m e i s e n w ü r g e r
A u f e n t h a l t s o r t e s
L u n g e n k r a n k h e i t e n
A r a g o n i t e
L u n g e n k r a n k h e i t e n
a t m e
m ö p p e r t e n
F a l l g a t t e r s
B a s i s k l a s s e n
V e t t e r n
H a u s a u f g a b e n
N a d e l h ö l z e r n
B o r o s i l i k a t e
T e m p e r a t u r e n
g e w ä h l t
ü b e r m i t t e l t e s t
B o c k s h ö r n e r
T a k e l a g e
f e s t i g e
A u s w a n d e r e r
E k z e m
s t r ä u b t e
s p a l t e t e
v e r w a r f t
g e m e l d e t
u n t e r d r ü c k t e s t
S a m s t a g a b e n d e n
B o c k s h ö r n e r
A p o p l e x i e n
m ö p p e r t e n
A k z e n t
