u n t e r d r ü c k t
J ü n g e r
k r i t z l e
j u c k t e n
L e u k o x e n e
L a n d s c h a f t
J ü n g e r
e r l a n g e s t
e m i g r i e r t e t
g e p r e d i g t
b e w a f f n e
K r a n i c h
k n e c h t e n
L a n d s c h a f t
r e g l e m e n t i e r e n d
H e r b s t g r a s m i l b e n
e r l a n g e t
t r a t s c h t e t
g l a u b e n
s t r ä u b t e s t
A r b e i t s s c h r i t t e
Z u s t ä n d i g k e i t e n
g e b r a u c h
g l o r i f i z i e r t
U r s a c h e n
M i l l i o n s t e l
v e r w i t t e r t e n
k a u f t e s t   e i n
v e r s i l b e r t e
S c h i e ß g e w e h r e n
b e s i e g t e
m u m i f i z i e r t
k r i t z e l n
v e r r e c h n e
b e l ä c h e l t e t
I n f a n t e n
K ö n i g s t o c h t e r
B r i e f z u s t e l l e r
E l e k t r o l y s e z e l l e n
s c h m e c k t e t
w e i ß t
A f f r o n t
a t m e t e t
m e l d e t e n
p r i v i l e g i e r t e n
v e r s i l b e r e s t
A k z e n t e
p r e d i g e n
e m i g r i e r e
Q u a c k s a l b e r e i
p r i v i l e g i e r t e
E u x e n i t
v e r w a r f e n
s c h w i n d e s t
F a l l g a t t e r
K a r t o g r a f i n
B e s ä u f n i s s e n
A l l m ä c h t i g k e i t
K l e i n p u d e l s
H a n s e a t e n
A n g e w o h n h e i t
B o t s c h a f t e r
D i f f e r e n z i e r u n g e n
T a k e l a g e
h e m m t
O z e a n
v e r w i t t e r t
S t ä l l e n
Ä g y p t o l o g i n n e n
T e m p e r a t u r e n
s t r ä u b e n
f l a m b i e r t e n
u n t e r d r ü c k e n
S c h ä f c h e n
s c h m e c k e n
b e w a f f n e t
B e s c h e i d e n h e i t e n
l a v i e r e
P r o p a n o l s
E l e k t r o l y s e z e l l e
b e s i e g e s t
p r e d i g t e t
s p a l t e s t
b e l e i d i g t e s t
s p a l t e n
v e r s c h l e i r e
S e l e n a t
v e r w a r f t
C l o u s
s t e l l t e   z u s a m m e n
w e r f e n   w e g
r e i c h t e t
P i k e n
m a l t r ä t i e r e
h e m m e
r e s p e k t i e r e
ü b e r m i t t e l t e
s c h m i e r
r e i c h e
p r o k r a s t i n i e r e t
v e r s c h l e i e r e s t
F ü r s t p r i m a s
s a u n i e r e n
K r ä h e n
b e s i e g t
h ä m m e r t e n
H e r m a p h r o d i t e n
s p a l t e
e r t r u g s t
m a h l t e t
t a g e
B e u g u n g e n
d u r c h z u c k t
W o l l k n ä u e l
A l k a l i m e t a l l e
L e u k o x e n e n
Ä g y p t o l o g i n
G l u t a t h i o n e
K f z - K e n n z e i c h e n
g e n e r i e r t e t
g l o r i f i z i e r e n
g e k l o n t
S a x o p h o n s
B r i e f m a r k e n
A u s n a h m e z u s t a n d
S a m s t a g a b e n d
F o o t b a l l
C a l v i n i s t e n
N a d e l w a l d e s
F ü r s t p r i m a t e n
G r u b e
B i n d u n g s p a r t n e r
G ö n n e n
g e s c h i e f e r t
u n t e r d r ü c k t e
B u l g a r e n
G e l b a u g e n p i n g u i n s
b e l ä c h e l t e n
D i o x i d
S t o c h e r k ä h n e
v e r z ä h l e n
F u n k t i o n s a b s c h l u s s e s
E r l k ö n i g e
t e n d i e r e n
h e m m e n
b e l ä c h e l e t
e r l a n g e
N a h r u n g
F e h l e n s
G r e n a d e r i n
F a s s
v e r r e c h n e t e
w i t t e r t e
u n t e r d r ü c k e
B e v o l l m ä c h t i g u n g e n
ü b e r s t e h e n
A k z e n t
s a u n i e r t e
m a h l t e
D i f f e r e n z i e r u n g e n
v e r w i t t e r t e t
A b o n n e n t e n
G e w a l t t ä t e r i n n e n
F a v o r i t e n
N ä h t e
g l a u b t e s t
A l l m ä c h t i g k e i t
b e s i c h t i g e
v e r w i t t e r e t
S c h i e ß g e w e h r e
F a l l g a t t e r
f l a m b i e r e n
E i n f a r b a m e i s e n w ü r g e r
H a l b l e i t e r b a u e l e m e n t e n
P f u h l e s
g l a u b e
B i e n e n
N ü r n b e r g e r
G e m ä c h e r
F ü l l s t a n d e s
E i n s t i e g
e m i g r i e r t
ü b e r m i t t e l t e n
G e l b a u g e n p i n g u i n e
F a v o r i t e n
k a u f t e t   e i n
s t a t t e t   a u s
f l a m b i e r e s t
F ä h n c h e n
F l a s c h e n ö f f n e r
D e l p h i n
L e b e n s l ü g e n
b r e m s t e   a b
N a m e n s g e b e r
s a u n i e r t e n
t ö t e n
s c h m i e r t e
R ü s c h e
k a u f e n   e i n
G r o ß v e r s u c h e
b e l ä c h e l e s t
S u b s t a n z
a h n e n
H a u s a u f g a b e n
k l a s s i f i z i e r e
S i t z b e i n e
r e g l e m e n t i e r t e
p r i v i l e g i e r e n
e r t r ü g e
b e s i c h t i g e n
T r e u h ä n d e r
w a r f   w e g
s t r ö m e
C l o u s
s c h m e c k t e
N a h t
D i n g o s
D i e n s t a g a b e n d
M ä u s e s p e c k
B u t t
h ä m m e r n
F u n d a m e n t e
K r o n e
r e i c h e s t
M a n d e l b ä u m e
L u n g e n k r a n k h e i t e n
G ö n n e n s
U n t e r n e h m e n s a n w e n d u n g s i n t e g r a t i o n
m u m i f i z i e r e n
m e h r t
A u ß e n s e i t e r
K n i r p s e n
D e l i r i u m
L e b e n s l ü g e n
M i t t w o c h
D e l i r i u m
E i n f a r b a m e i s e n w ü r g e r
V o l k s s p o r t
k r i t z e l t e
a t m e
W o r t l i s t e n
u n t e r d r ü c k t
r e g l e m e n t i e r t e n
A b k ü h l u n g
T r a g e
l e i m t
s c h m e c k t e
N e u t r o n
B u l g a r e n
v e r w e h e t
