d ü r f t e s t
G r o ß m e i s t e r
h e m m t e n
a h n t
E i s z a p f e n
s a u n i e r t e s t
v e r z ä h l t e s t
R o c h a d e
p r i v i l e g i e r t e n
b e l ä c h e l t
l a v i e r t e n
B u s e n f r e u n d
w i t t e r e t
S t ä l l e
h e m m e n
H e l m e
t ö t e n
s c h i e f e r t e n
z u s a m m e n s t e l l e n d
f l a m b i e r t
v e r z ä h l t e n
W i r k u n g e n
p r i v i l e g i e r t e n
o r g l e
r e i c h s t
k l a s s i f i z i e r t e s t
w i t t e r t
B u s h a l t e s t e l l e n
U n t e r
s c h w a n d
L e b e n s l ü g e n
v e r w i t t e r e n
S o c k e l
V e r s i o n
e r l a n g t e n
H a n s e n
K a n i n c h e n d r a h t z a u n e s
F u n k t i o n a l i t ä t
b e q u e m b e t
a u s s t a t t e n
p r e d i g t e s t
s p r e c h e n   f r e i
S c h n e e s c h a f
D r o p d o w n - L i s t e n
b e s c h r i f t e t
A b o n n e n t e n
H o r n m o o s e
G e f ä ß
k n e c h t e t e n
j u c k t e
ü b e r s t e h e s t
t ö t e s t
b e s i c h t i g t e t
F a v o r i t e n
S c h ä f c h e n
s c h w i n d e t
D e l i r i e n
B u t t e
b e s c h r i f t e t e
b e l ä c h e l t e n
s p a l t e t e n
F e u e r a m e i s e n
B o t s c h a f t e r
s p r e c h e n   f r e i
H ü h n c h e n
B e v o l l m ä c h t i g u n g
H o c h k o m m a s
B e s c h e i d e n h e i t
G r o ß m e i s t e r
p r o k r a s t i n i e r e n
C h a l k o p y r i t e n
E i g e n b r ö t l e r e i
S a d i s t e n
s p r e c h e   f r e i
C h r i s t o g r a m m e n
V e r b r a u c h e r i n
S a a t k r ä h e n
z u s a m m e n g e s t e l l t
s t r ä u b t
m ö p p e r t
f e s t i g e n
g e g l o s t
R a u t e n
L e b e n s l ü g e
h y d r i e r t e
t r a t s c h t e n
l a v i e r e n
U h r z e i t e n
A c h t z i g e r
p r i v i l e g i e r t e
G r u b e n
A u s b a u e
B u l g a r e n
W a l m d a c h
e r t r u g
v e r s c h l e i e r t
l a v i e r t e
G e g e n ü b e r
B o c k s h ö r n e r n
H a n s e a t e n
g l o s t
k l a s s i f i z i e r t
m e l d e t e n
l e i m t e n
w e i ß e n
N a h r u n g
m i s s b r a u c h t e n
j u c k e n
A r b e i t s s c h r i t t e
k l o n t e t
D e l p h i n
N a m e n s g e b e r
O p t i m u m s
m u m i f i z i e r t e
F r a k t a l e
g e n e r i e r t e
H a a r w u r z e l n
s c h m e c k e n
F u n k t i o n a l i t ä t
K a n i n c h e n d r a h t z a u n
f e s t i g t e s t
I d i s t e n
B e o b a c h t u n g
B r i e f z u s t e l l e r s
s p r e c h e   f r e i
f u n k t i o n a l i s i e r t e s t
a t m e t e
E i n f ä r b e n
l a v i e r t e n
D y s t o p i e n
S i l b e r s t a n d a r d
l e i m e s t
E i n f ä r b e n
e m i g r i e r t e
R a z z i e n
H a a r w u r z e l
G r o ß m e i s t e r
I d i s t e n
s t e l l e t   z u s a m m e n
A u f e n t h a l t s o r t e
F a h n d u n g s l i s t e n
s a u n i e r e t
S a m t e n t e
e r l a n g e n
H a n s e a t
S t a l l e s
Q u a c k s a l b e r e i
v e r z ä h l t e
H a a r w u r z e l
g l o s t e n
D i n g o s
S c h l i c k e
E u x e n i t e
s t e l l e   z u s a m m e n
O z e a n e
b e s i e g t e
m ö p p e r t e
T e m p e r a t u r
K ö n i g s k e r z e
M i t t e l k l a s s e n
b e l e i d i g e n
e r t r a g
Z e i t m a s c h i n e n
w e i ß e n
H e l m e
I n f a n t e n
m u m i f i z i e r t e n
m a l t r ä t i e r t e n
w e i ß t
G r u b e n
w i t t e r t e n
V o r b a u s
e r t r ä g s t
u m z i n g e l e t
p r o k r a s t i n i e r e s t
b e l ä c h e l t
h ä m m e r n
s t a t t e n   a u s
A b k ü h l u n g
b e s i e g e n
D i e n s t a g a b e n d s
l a v i e r e s t
G e m a c h
I n d u k t i o n s s p a n n u n g
s t r ä u b t
B i e n e
a t m e s t
m e h r e n
A c c e s s o i r e s
s a u n i e r e
U n t e r n e h m e n s a n w e n d u n g s i n t e g r a t i o n e n
s t r ä u b s t
s t r ö m e
G e y s i r
t e n d i e r t
s c h i e f e r t e
k l o n t e t
S t o l p e r s t e i n
s c h m e c k e
H a n d f l ä c h e n
K r ä h e
m e h r e s t
H a a r n e t z e n
v e r r e c h n e t e n
W u c h e r
T e i l c h e n b e s c h l e u n i g e r
A r b e i t s k r e i s e
v e r s c h l i e ß e
B u s h a l t e s t e l l e n
m e l d e n
b r e m s e s t   a b
D i e n s t a g a b e n d e
v e r z ä h l e n
s c h w o r
B e o b a c h t u n g e n
U r s a c h e n
F e n n e k e
k n e c h t e t e s t
s a u n i e r t
H e r b s t g r a s m i l b e
d ü r f t e
a b g e b r e m s t
s p r e c h e n   f r e i
h e m m e n
z u s a m m e n s t e l l e n
a t m e
P r i v a t p a t i e n t i n
m a l t r ä t i e r e n
D e x t r o s e
o r g e l t e
M i l l i o n s t e l
k l o n e n
A v a n t g a r d e - K u n s t
K r a t z e r
s c h m e c k t e s t
F a h r s t u h l
o r g e l t e n
P i k e
F o n d u e
g e k r i t z e l t
C h a l k o p y r i t
R ü s c h e n
v e r s c h l i e ß e n d
s c h i e f e r n
t a g t e n
g l o s e n
g e b r a u c h t e
m e h r t e
G r e n a d e r i n
B e s t e c h u n g s g e l d e r
L o b
k r i t z e l t
m a h l t e
B e s ä u f n i s s e
S o c k e l
g e n e r i e r e n d
K l e i n p u d e l
E r l k ö n i g e
S i l b e r s t a n d a r d
A u s w a n d e r e r
g l o s t e t
U h r z e i t
f e s t i g t e s t
v e r s c h l i e ß e t
b e w a f f n e t e n
V o l k s s p o r t
G e r u c h
S c h n o r c h e l
I d i s t
ü b e r s t ä n d e n
o r g e l t e
D e l i r i u m
v e r w e h
f l a m b i e r t e n
g e n e r i e r t e t
b e s i c h t i g t e s t
T r a i n e r
B r i e f w e c h s e l
b e s i e g t
S e l e n a t s
T r a i n e e
B r a n d b e s c h l e u n i g e r
U h r z e i t
s c h w ö r e
v e r w e h e
T r a i n e r s
M a s k e
Ö l q u e l l e n
b e s i e g s t
L u n g e n k r a n k h e i t e n
F o o t b a l l s
N u t z e n
N e u t r o n e n e i n f a n g q u e r s c h n i t t e
F o r t s
E l e k t r o g i t a r r e n
l a v i e r t e s t
b e s i c h t i g t e t
b e q u e m b e n
k l a s s i f i z i e r t
B l i t z k r i e g e n
M i l l i o n s t e l s
C a l v i n i s t e n
S a l m e
A n l ä s s e n
s c h i e f e r n
p r i v i l e g i e r t
d u r c h z u c k e n
h y d r i e r t e t
F a l b e n
B r i e f m a r k e n
N a m e n s g e b e r
A u s n a h m e z u s t a n d e s
D y s t o p i e
v e r s i l b e r n
P l ü n d e r i n
A r a g o n i t e n
s c h i e f e r t e
A l l e m o n t i t e
h y d r i e r t
E i n f a r b a m e i s e n w ü r g e r
L i e b l i n g e n
G r o ß v e r s u c h e n
m o p s t e t
m o p s t
S i t z b e i n e
M i t t e l k l a s s e
v e r z ä h l t
m o p s e n
u m z i n g e l e
m i s s b r a u c h e
f e s t i g t e n
w ä h l t e n
R h a b a r b e r n
t r a t s c h e n
K f z - K e n n z e i c h e n
g l o r i f i z i e r
P r o p a n o l e
m i s s b r a u c h t e t
A b s i e d l e r s
A n i s e t t e s
S i t z b e i n
G o s s e
s c h m e c k t
A c c e s s o i r e s
K r ä h e n
G r e y e r z e r
v e r s c h l ö s s e n
C h a l k o p y r i t e
s t a t t e   a u s
K o k o s ö l e
b e s i c h t i g e n
Z i m t z i c k e
r e g l e m e n t i e r e n
g l o r i f i z i e r t
t r a t s c h t e t
H a u t k o n t a k t
N a d e l h ö l z e r
M i t t e l k l a s s e n
K ö n i g s k e r z e n
R h a b a r b e r
S c h n o r c h e l
l a v i e r t e n
S p o r t h e r z
g e n e r i e r t e
S c h w e n k b ü g e l
A n l a s s
r e i c h e
P r i m ä r e n e r g i e n
K a m e r u n e r i n
R ü g e n
A n i s e t t e s
E n t e n
K u l t u s m i n i s t e r i u m
P r o p a n o l
N e u t r o n e n e i n f a n g q u e r s c h n i t t
s t e l l t e   z u s a m m e n
F e u e r a m e i s e n
d u r c h z u c k e s t
F a h r s t u h l
r ä s o n i e r t
R ü s c h e
s c h w i n d e n
b e s i c h t i g t e n
H a n s e a t e n
v e r w e r f e n
f u n k t i o n a l i s i e r t e t
J a s m i n
K o p f h ö r e r
W o r t l i s t e n
N y m p h e n
B o n s a i s
W a n d g e m ä l d e s
E i n s c h n i t t
B r a n d b e s c h l e u n i g e r
M a g e n e n t z ü n d u n g e n
F e n n e k e
k a u f t e   e i n
W o l l k n ä u e l
D V D - S p i e l e r
t e n d i e r e
M e l d e n
W o l l k n ä u e l s
T r a i n e e s
T r a i n e r
m e u t e r t e n
S c h i m p a n s e n
S u b s t a n z e n
A l k a l i m e t a l l e n
B u s h a l t e s t e l l e n
T a k e l a g e
u m z i n g e l t e
F a m i l i e
ü b e r m i t t e l e
M e s s b e c h e r
e r n ü c h t e r n
b e s i e g t e n
o r g e l t e n
H ü h n c h e n
g l a u b e
A l m
p r i v i l e g i e r s t
f l a m b i e r t e
l a v i e r t e t
Z ü n d p u n k t e n
W e i h e n
S o c k e l n
g l o r i f i z i e r e n
s t a t t e n   a u s
m a l t r ä t i e r t e
M i t t w o c h e
M e s s b e c h e r
e r l a n g t e
E n t f ü h r e r
T r i s u l f i d
B u n d e s g r e n z s c h u t z
t ö t e t e n
m a l t r ä t i e r t e n
d u r c h z u c k
b e w a f f n e n
m a l t r ä t i e r t
K i e l e r
E h r u n g e n
E n t f ü h r e r s
h e m m e n d
H a u s a u f g a b e
B l i t z s c h l a g
T r a g e n
G e s c h m a c k s s i n n e
M o n a z i t s a n d e
D a c h f e n s t e r n
a t m e t e t
f u n k t i o n a l i s i e r t e
v e r s c h l ö s s e t
g e n e r i e r t e s t
m a l t r ä t i e r t
b e s c h r i f t e
r e g l e m e n t i e r t e n
P f l a u m e n b ä u m e
Ä n g s t i g u n g
u n t e r d r ü c k t e
F ü l l s t ä n d e
t r a t s c h e n
D a m a s t g e w e b e s
B o n s a i
S c h l i c k e n
K o r r e k t u r e n
e r l a n g t e n
p r o k r a s t i n i e r e n
g e b r a u c h e
R h o d i u m i o n e n
K u l t u s m i n i s t e r i e n
D i o x i d e
T r i s u l f i d e
D ä c h e r n
E n t w u r z e l u n g
E i w e i ß s y n t h e s e
K o p f h ö r e r n
t a g t e t
N a m e n s g e b e r s
s t a t t e n   a u s
P h a r m a k o l o g i e
s t r ä u b t
A l l m a c h t
j u c k t e
m a l t r ä t i e r e n
S c h i m p a n s e n
B o l i v i a n e r i n
m ö p p e r e
H e r b s t g r a s m i l b e
e r t r a g e
h ä m m e r s t
v e r r e c h n e t
f l a m b i e r e
K l e i n p u d e l n
k l a s s i f i z i e r t e n
d u r f t e
E u p h o r i e
W a g e n r ü c k l a u f e s
g e t ö t e t
M i t t w o c h e s
r ä s o n i e r e n
W a l m d ä c h e r
b e s i c h t i g t
v e r s i l b e r t
B u l g a r e
K r ä h e n
s a u n i e r t e t
T e p u i - T r o p f e n a m e i s e n w ü r g e r
p r o k r a s t i n i e r e n
D e l p h i n e
v e r w i t t e r t e s t
G e l e n k s c h m e r z
h y d r i e r t
v e r s c h l e i e r t e n
A n l a s s
e r t r ü g e s t
v e r z ä h l e n
s t e l l t   z u s a m m e n
E i w e i ß s y n t h e s e n
D e c k e s
B l i n d s c h l e i c h e
k l a s s i f i z i e r t e n
r e s p e k t i e r t e
f l a m b i e r t e t
g l a u b s t
w e i ß t e s t
V o r b a u t e n
D V D - S p i e l e r
g l o r i f i z i e r t e n
E i n s c h n i t t e n
U n d e r d o g s
w e i ß e
A l c h e m i s t e n
E u x e n i t s
f u n k t i o n a l i s i e r t e
H a u t k o n t a k t e n
K ö n i g s t o c h t e r
b e s i c h t i g t e
G r o ß v e r s u c h e
b r e m s t e n   a b
D a c h s c h ä d e n
P r i v a t p a t i e n t i n
B e s ä u f n i s
H a u s f r a u e n
B o n s a i s
s t e l l e n   z u s a m m e n
m a l t r ä t i e r e n
s t r ä u b e n
v e r s c h l e i e r t e s t
p r e d i g t e n
H a u t k o n t a k t e s
g e b r a u c h t
v e r w e r f e n
e r l a n g t
B a n n e r s
W a n d g e m ä l d e n
G l u t a t h i o n s
b e w a f f n e n
T e p u i - T r o p f e n a m e i s e n w ü r g e r
G e y s i r e n
s t e l l t   z u s a m m e n
m u m i f i z i e r t e
T h e r m o e l e m e n t
B r i e f z u s t e l l e r
A r b e i t s k r e i s
B o t s c h a f t e r
G l u t a t h i o n e n
P l ü n d e r i n n e n
K a t a m a r a n
T a k e l a g e n
s p r a c h e n   f r e i
r e s p e k t i e r t e s t
S p i t z
g l o s t e
s t e l l e   z u s a m m e n
M a n d e l b a u m
B o t s c h a f t e r s
T a g e s b e d a r f e
f l a m b i e r e n
w i t t e r t e
Ä n g s t i g u n g
S o n n e n b r a n d e s
w a r f s t   w e g
m e l d e s t
T e m p e r a t u r e n
U h r z e i t
d u r c h z u c k e n
B i e n e n
t e n d i e r e
G e r u c h e s
E i s z a p f e n
C h r i s t o g r a m m
S u b s t a n z e n
D e l i r i e n
S c h a r n i e r e n
t r a t s c h t e s t
e r n ü c h t e r e t
E k z e m e
B u c h h ä n d l e r n
O z e a n e n
O p t i m a
E h r u n g
H a n d f l ä c h e
D ä c h e r
f e s t i g t e
p r i v i l e g i e r t
k n e c h t e t e n
F a h r s t ü h l e
E l e k t r o g i t a r r e n
C a l v i n i s t e n
m a l t r ä t i e r e s t
B i o g a s e n
h ä m m e r e
S o z i n i a n e r i n
S t e l l e n w e r t e
B i e n e n
D a c h f e n s t e r
W a n d g e m ä l d e
D r o p d o w n - L i s t e
Ä n g s t i g u n g e n
F a l b e n
j u c k e n
g l o s e
F u n k t i o n a l i t ä t e n
B i e n e
H ü h n c h e n s
E t h n o l o g e n
C y s t i n
b e l e i d i g e n
p r e d i g e n
B e u g u n g e n
H ü h n c h e n
K o k o s ö l
w i t t r e
K a r t o g r a f i n
D i n g o s
h ä m m e r t e
E u x e n i t e
h ä m m e r n
m e u t e r e s t
b e l e i d i g t e
k l o n e s t
H u b
s c h w o r s t
B e s c h e i d e n h e i t e n
F a l l g a t t e r
s t r ö m t
S c h l i c k e
r e g l e m e n t i e r t
k l o n e t
d u r c h z u c k t e n
K o l u m n i s t
g e n e r i e r t e s t
g e n e r i e r e t
U k r a i n e r
e r n ü c h t e r t
e r t r a g e n
m a h l e n
K a n d i d a t e n
N a s s
g e r e i c h t
f e s t i g t
u n t e r d r ü c k t
m e h r e
s c h m e c k t e
D i e n s t a g a b e n d
P f u h l e
m o p s e n d
G e r ü c h e
G e g e n ü b e r
s c h i e f e r t e n
K o k o s ö l e n
t e n d i e r t e s t
b e w a f f n e s t
A b o n n e n t e n
H a n d g r a n a t e n
S c h i m p a n s e n
t a g t e
r e s p e k t i e r t e
u n t e r d r ü c k t e n
W a l m d ä c h e r
B l i t z s c h l a g e s
C y s t i n
F u n d a m e n t
e r n ü c h t e r t e t
l a v i e r
s c h w ö r e n d
W u c h e r
S t r ä h n e
U n t e r n e h m e n s a n w e n d u n g s i n t e g r a t i o n
t a g t e t
b e w a f f n e t e
O z e a n e
U h r e n f e d e r
F u n k t i o n a l i t ä t
T h e r m o e l e m e n t e
K ö r p e r t e i l
B u s h a l t e s t e l l e
v e r w e h t
v e r s c h l e i e r t e
G e l b a u g e n p i n g u i n
ü b e r m i t t e l e t
b e w a f f n e t e t
b e l e i d i g e n
N e u e r u n g e n
G r e n a d e r i n n e n
v e r w a r f e n
r e i c h e n
F ä s s e r
A k z e n t e s
m e u t e r t
A l c h e m i s t e n
m a h l t
e m i g r i e r t e n
G e l e n k s c h m e r z e s
V e r g e w a l t i g e r
b e w a f f n e n
B u n d e s g r e n z s c h u t z
b e w a f f n e n
k r i t z e l t
F l a s c h e n ö f f n e r n
s c h m i e r t
h ä m m e r t e s t
s t e l l t e t   z u s a m m e n
e m i g r i e r e t
t a g t e
o r g e l e
v e r s c h l o s s
v e r s c h l ö s s e
t a g t
g e n e r i e r t e n
s p a l t e n
A k z e n t e
M i l l i o n s t e l n
o r g e l t
T e m p e r a t u r e n
s a u n i e r e n
L i e b l i n g s
p r i v i l e g i e r e n
h y d r i e r e n
v e r r e c h n e n
e r l a n g t e t
H a u s f r a u
k r i t z e l t e s t
H a n d g r a n a t e n
K o l u m n i s t e n
D i n g o s
s t r ä u b e n
O m e g a s
m u m i f i z i e r t e n
r e g l e m e n t i e r e s t
H a l b l e i t e r b a u e l e m e n t
B a b y s
T a g e s b e d a r f e
S c h n e e s c h a f e
a h n e n
F a l b e n
s c h m i e r e n d
V o r k o s t e r
O p t i m a
F a c h i n f o r m a t i k e r s
m a h l e
A l c h e m i s t e n
v e r w e r f e n d
D e l p h i n e
K n i r p s e
h ä m m e r t e
e r t r a g e n
S o n n e n b r a n d
U n d e r d o g
D y n a m i t s
R h a b a r b e r
S c h n e e s c h a f e
e m i g r i e r t e
m a h l t
w i t t e r n
p r o k r a s t i n i e r t e n
F ü l l s t a n d
P i k e n
s c h w i n d e
B r i e f m a r k e n
Ä n g s t i g u n g
b e s i c h t i g t e n
ü b e r s t e h e n
O p e r n
t ö t e t e n
S t e l l e n w e r t e
F r a k t a l s
e r n ü c h t r e
A n e r k e n n u n g e n
g l o s t
s c h m i e r t e
T a g e s b e d a r f
A l c h e m i s t e n
m e h r e n d
d u r c h z u c k e
t ö t e t e t
b e l ä c h e l e
b r e m s e n   a b
a t m e t
k l o n t
F ü l l s t ä n d e
R u n d f u n k g e r ä t
g e l e i m t
D i s t i b a n e
A u f e n t h a l t s o r t e
w e i ß t e n
g e n e r i e r s t
P l ü n d e r i n n e n
b e w a f f n e t e n
B l i t z s c h l a g
ü b e r s t a n d
K o r r e k t u r
M e t r o p o l e n
p r e d i g t e s t
U n t e r n e h m e n s a n w e n d u n g s i n t e g r a t i o n
s c h i e f e r t e n
D i n g w ö r t e r
s a u n i e r t e n
t ö t e
k l o n t e n
h y d r i e r t e
E i n s c h n i t t
S ü ß h ö l z e r
t r a t s c h e s t
N ü r n b e r g e r n
C y s t i n e n
H a u s f r a u e n
H a a r w u r z e l
K r a t z e r
r e s p e k t i e r t
S a a t k r ä h e
N ü r n b e r g e r
R o c h a d e
P a m p a s k a t z e
L o b e
d ü r f t e
m i s s b r a u c h e n
r ä s o n i e r t e
R ü g e
G e s c h m a c k s s i n n e
b e q u e m b t
b e s c h r i f t e
m i s s b r a u c h t e
v e r r e c h n e s t
s c h m e c k e n
r e i c h e n
p r i v i l e g i e r t e s t
A r a g o n i t s
E r z i e l u n g
p r i v i l e g i e r t e
K r a t z e r s
h e m m t e
v e r r e c h n e t e n
A m i d e
E i n s t i e g e s
C h a l k o p y r i t e
f l a m b i e r
G e w ü r z
t e n d i e r s t
g e d u r f t
w e i ß e n
s t r ö m e
h ä m m e r n
D i c h t b ä n d e r
M a n d e l b a u m e s
Ö l q u e l l e
F a h r s t ü h l e n
E l e k t r o d y n a m i k e n
r ä s o n i e r t e t
H a a r n e t z e s
s p a l t e
S p ä t l e s e n
k l o n
S t a l l
D e x t r o s e
G r e y e r z e r
e r n ü c h t e r t e n
G r o ß v e r s u c h
f e s t i g e t
B u s e n f r e u n d e
a h n e t
j u c k e n d
d u r c h z u c k e n
H a u s a u f g a b e
v e r s c h l e i e r n
b e s c h r i f t e t e
h e m m t e n
v e r s i l b e r e
w i t t e r t e s t
d u r f t e
m e l d e n d
M o n a z i t s a n d
B a b y s
o r g e l s t
C a l v i n i s t e n
K l e i n p u d e l
f l a m b i e r t
g l o s t e
m ö p p e r n
h y d r i e r t
a t m e t
a t m e t e n
s c h m i e r t
G y n ä k o l o g e n
K a n d i d a t e n
m e l d e t e n
D y s t o p i e
f e s t i g
G r o ß v e r s u c h
A n g e w o h n h e i t e n
o r g l e
U r s a c h e
m e h r t
H a u p t s i t z e
w i t t e r n
A m p h o r e n
k a u f t e   e i n
B u t t e
g l o s e n
b e l ä c h e l t e t
t r a t s c h e n
g e b r a u c h s t
D V D - S p i e l e r
B e l i c h t u n g s m e s s e r
a t m e t e n
m o p s e
e r l a n g e n d
S i l b e r s t a n d a r d
H e r m a p h r o d i t e n
g l a u b t e n
b e s i e g t e n
E i n f ä r b e n
m u m i f i z i e r e n
B o l i v i a n e r i n n e n
G e l e n k s c h m e r z e n
B a b y
A b s i e d l e r
R h o d i u m i o n e n
S u b s t a n z
w ä h l e n
t a g e n
u m z i n g e l t
s c h w ä n d e s t
E n t w i c k l u n g
K i e l e r
t ö t e
K l a s s e n z i m m e r
W a n d g e m ä l d e
S a a t k r ä h e n
G e l e i t w o r t
H ü h n c h e n
O m e g a s
s t r ä u b t e n
O m e g a
Z i m t z i c k e
S c h ä c h t e
r e s p e k t i e r
f u n k t i o n a l i s i e r e n
B e s c h l ü s s e
S a m s t a g a b e n d e
g l a u b e n
S c h ä f c h e n
m a h l t e n
o r g e l t e n
R ü g e
T r e u h ä n d e r
g e n e r i e r t
m i s s b r a u c h
s a u n i e r e s t
s t r ö m t e s t
S c h i e ß g e w e h r
B u l g a r e n
d ü r f t e t
B i n d u n g s p a r t n e r
g l a u b e
K ö n i g s t ö c h t e r
F e n n e k s
s p a l t e t
l e i m e
b e l ä c h l e
G e m ä c h e r
A n g e w o h n h e i t e n
K a n i n c h e n d r a h t z a u n
o r g e l e
W e i h e
B u c h h ä n d l e r s
K u k u r u z k o l b e n
w ä h l t
g l a u b t
h y d r i e r e n
g e b r a u c h e t
g e n e r i e r t e n
b e q u e m b e n
r e i c h t e s t
P f u h l
S e l e n a t
K r a t z e r
m a h l e
e i n g e k a u f t
s p r ä c h e n   f r e i
s p a l t e t e n
M a s k e n
h e m m t e s t
Z i m t z i c k e n
E i w e i ß s y n t h e s e n
t e n d i e r t e n
V e r s i o n
S t r a ß e n s e i t e
m u m i f i z i e r t e s t
g l o s e s t
U k r a i n e r
m a l t r ä t i e r t e n
v e r w e r f e
s c h i e f e r t e n
B u t t e n
S p i e g e l e i e r
D a c h f e n s t e r
w ä h l e t
b e l e i d i g t
e r t r a g e n
t ö t e t
k r i t z e l t e s t
t r a t s c h e n
B a n n e r
K r o n e
S i t z b e i n e s
W a l m d ä c h e r n
M ä u s e s p e c k
G e w ü r z e
p r o k r a s t i n i e r e n d
E h r u n g e n
v e r w e h e
g l a u b t e n
C u r i u m
g e b r a u c h t e t
K o p f h ö r e r
e m i g r i e r t
m i s s b r a u c h e
b e s i e g e
s p a l t e n d
k r i t z e l t e t
I n t e r j e k t i o n
D i c h t b a n d e s
v e r s c h l e i e r n d
g l o s t e n
M a s k e n
v e r s i l b e r t
M i t t w o c h e n
s a u n i e r t e t
v e r w i t t e r t
B e s ä u f n i s
v e r w i t t e r e n
P r i v a t p a t i e n t i n
B e o b a c h t u n g e n
G r o ß m e i s t e r
C h r i s t o g r a m m
S a x o p h o n
v e r w e r f e t
m e u t e r t e
B a r d e n
f e s t i g s t
ü b e r m i t t e l t
W a g e n r ü c k l a u f
C i t r a t e
g l a u b
H o c h k o m m a
d u r f t e n
s p a l t e n
A m i d e
b e l e i d i g t e n
S t o l p e r s t e i n e
E t h n o l o g e n
Ö l q u e l l e n
T r a i n e e
K o l u m n i s t e n
s p a l t e t e n
M i l l i o n s t e l
B a n n e r
s a u n i e r
ü b e r m i t t e l n
b e s i c h t i g t e s t
v e r s c h l i e ß e
B e u g u n g
v e r z ä h l e n d
v e r s c h l e i e r t e t
S p i e g e l e i s
t r a t s c h t e
P r i m ä r e n e r g i e n
S a m s t a g a b e n d
K o r r e k t u r e n
L e u k o x e n
D a m a s t g e w e b e n
s t r ä u b t e
D i n g w o r t
S p ä t l e s e n
S a d i s t e n
E l e k t r o l y s e z e l l e n
C h a l k o p y r i t
g l o s e n
K ö n i g s t o c h t e r
E n t f ü h r e r
G e w a l t t ä t e r i n
v e r w i t t e r t e
S o z i n i a n e r i n
g e k n e c h t e t
J a s m i n
G e w a l t t ä t e r i n n e n
D i c h t b ä n d e r
e r t r u g e n
A u s b a u
g l o r i f i z i e r e n
H a n s e a t e n
g e b r a u c h t
H a a r n e t z e
Z w e t s c h g e
b e s c h r i f t e t e t
t a g e
Z y k l o p
ü b e r m i t t e l t e s t
S a m t e n t e
H o l o g r a m m e
E r l k ö n i g
b e s i e g t e s t
D e l i r i e n
b e l ä c h e l t
v e r s c h l e i e r n
m e u t e r t e
O m e g a
m e l d e n
S a l m e s
A r b e i t s k r e i s
d a r f
G r o ß f ü r s t e n
N ü r n b e r g e r
E u x e n i t e n
S p o r t h e r z
p r e d i g e n
R e i n l i c h k e i t
l e i m t e t
P i k e n
S e l e n d e f i z i t e n
t e n d i e r e n
K a n d i d a t e n
k l a s s i f i z i e r t e
b e s c h r i f t e s t
a t m e t
s c h w ö r e n
g l o r i f i z i e r e
m a h l
g e s c h w u n d e n
K r o n e n
S c h n e e s c h a f e
A f f r o n t s
b e l e i d i g e n d
H a u b e n t a u c h e r
w ä h l e
V o l k s s p o r t
B e v o l l m ä c h t i g u n g
t e n d i e r t e n
g l a u b t e
m u m i f i z i e r t e t
D i o x i d e
L e u k o x e n
S p i t z
s c h m e c k
E k z e m e
D a r l e h e n
k n e c h t e t e t
G r u b e
v e r z ä h l t e
s t r ä u b t e n
p r e d i g t e
s c h w i n d e t
m e u t e r t e s t
N a h t
H a n s e a t e n
t r a t s c h t
p r o k r a s t i n i e r
E i g e n b r ö t l e r e i e n
r e i c h t e t
D a c h s c h ä d e n
G r o ß f ü r s t e n
k a u f e   e i n
b e w a f f n e t e n
M o n o k e l
H a n d f l ä c h e
T r a i n e e s
E i n f ä n g e
B e u g u n g e n
F a h n d u n g s l i s t e n
g e n e r i e r e s t
F o r t
t r a t s c h t
D o p p e l z i m m e r
l a v i e r t e
T a k e l a g e n
r e g l e m e n t i e r t
m u m i f i z i e r t e
F r a k t a l e
H a u s a u f g a b e n
b e l e i d i g t e t
S a m t e n t e
A n l a s s
v e r s c h l i e ß t
N a d e l w ä l d e r
a t m e n d
b e q u e m b t e
s c h i e f e r n
Z ü n d p u n k t e
Ä g y p t o l o g i n n e n
M e l d e n
ü b e r m i t t e l t
B o c k s h o r n
M e l d e n
F l a s c h e n ö f f n e r s
k n e c h t e s t
S p i t z e n r e i t e r
S t a l l
L a y s a n e n t e
r e s p e k t i e r t e s t
R h o d i u m i o n
B e o b a c h t u n g
K a n d i d a t e n
S o c k e l
S p i t z e n
b e w a f f n e t e t
m e l d e n
B r i e f m a r k e
D o p p e l z i m m e r
b e s i e g t e
m e h r t e n
F ü r s t p r i m a t e n
m e l d e n
s c h w ö r e
D o p p e l z i m m e r n
v e r w e h e n
A u s w a n d e r e r
A l m e n
Z y k l o p e n
E u p h o r i e n
V e r g e w a l t i g e r
v e r s i l b e r e t
L e u k o x e n e
G e f ä ß
s t a t t e t e   a u s
b e s c h r i f t e n
B e u g u n g
K ö n i g s t o c h t e r
s t e l l e n   z u s a m m e n
A u s n a h m e z u s t ä n d e n
w ü r f e n   w e g
v e r w e r f t
S ü ß h ö l z e r n
e r t r a g e n
K a m e r u n e r i n
b r e m s t   a b
m a l t r ä t i e r t
S c h a r n i e r s
S a m t e n t e n
S o c k e l
m ö p p e r s t
ü b e r s t e h t
w i t t e r t e n
Ö l q u e l l e n
b e s c h r i f t e t
A n g e w o h n h e i t
D i e n s t a g a b e n d e
S p i t z e n r e i t e r s
H e r b s t g r a s m i l b e
F ü l l s t ä n d e n
K o p f h ö r e r s
r e i c h
Z ü n d p u n k t
R ü g e n
s a u n i e r t e
B r i e f ö f f n e r
S o n n e n b r ä n d e
m e h r t e
ü b e r s t ä n d e t
a h n
g e b r a u c h t
v e r r e c h n e t e
A n e r k e n n u n g
F o t o s y n t h e s e
F e n n e k
p r e d i g e
L o b e
b e s c h r i f t e s t
B e s c h l u s s
B a r d e n
A n e r k e n n u n g e n
ü b e r m i t t e l e s t
v e r s c h l i e ß e n
T h e r m o e l e m e n t
K f z - K e n n z e i c h e n
S a d i s t e n
e i n k a u f e n
B r i e f z u s t e l l e r
o r g e l n
m o p s t
D a r l e h e n
A b s i e d l e r n
k l a s s i f i z i e r e
s c h m e c k e
K l a s s e n z i m m e r
B l i t z s c h l ä g e
a t m e t
e m i g r i e r
v e r s c h l i e ß e
I n t e r n e t a n s c h l u s s
S u b s t a n z e n
G l a u b e n s s c h w e s t e r n
B a s i s k l a s s e n
s t a t t e t e n   a u s
t ö t e n
F ü l l s t ä n d e
s c h w ä n d e
g e n e r i e r e n
m e u t e r e
r e i c h t e s t
J a s m i n e
v e r r e c h n e t e t
g e n e r i e r t e n
a h n t
D i n g o
A m p h o r e
k r i t z e l e
v e r z ä h l t e t
R u n d f u n k g e r ä t e
r e s p e k t i e r s t
g l o s t e t
H a l b l e i t e r b a u e l e m e n t
r e s p e k t i e r e n d
A f f r o n t
w ä h l e n d
H a n d l i c h k e i t
W a l m d a c h
s c h m i e r s t
s t a t t e t e t   a u s
D a c h f e n s t e r
l a v i e r e n
B u c h w e i z e n
S a a t k r ä h e n
g l o s t e n
v e r w e h t e s t
m o p s e n
G e d ä c h t n i s
N i e d e r g ä n g e
L a y s a n e n t e n
s p a l t e t e t
f u n k t i o n a l i s i e r
K l a s s e n z i m m e r
g l o r i f i z i e r t
u m z i n g e l t e
p r e d i g t e n
S c h w e n k b ü g e l
v e r z ä h l t
t ö t e
S p o r t h e r z e n
P i k e
I n d u k t i o n s s p a n n u n g e n
e r t r u g t
H o r n m o o s e
K o p f h ö r e r
N e u e r u n g
m i s s b r a u c h e s t
S t o l p e r s t e i n
E l e k t r o d y n a m i k e n
S c h n o r c h e l s
j u c k t e t
k l o n t e n
f e s t i g t e
R ü g e
T r a m p e l p f a d
E r z i e l u n g e n
O p t i m u m
B a r d e n
b r e m s t   a b
V o l k s s p o r t e
e m i g r i e r s t
T a g e s b e d a r f
A c c e s s o i r e s
l a v i e r t
N e u t r o n e n
K o p f h ö r e r
E n t e n
L a y s a n e n t e
F r a k t a l
P r i m ä r e n e r g i e
e r n ü c h t e r t e
M ä u s e s p e c k
D a m a s t g e w e b e
S c h l i t z
T r i s u l f i d e
m i s s b r a u c h e
s c h m i e r e
m e u t e r e
r e i c h t e
V e r g e b u n g e n
P f u h l
B e s c h l ü s s e n
B o l i v i a n e r i n
v e r w e r f e
w e r f e n   w e g
B a r d e n
f u n k t i o n a l i s i e r t
v e r w i t t e r t e
g l a u b t e t
Z w e t s c h g e
v e r w i t t e r e
e r t r ü g e
s c h i e f e r n d
k l o n e n
H ö l z c h e n
V e r b r a u c h e r i n
p r o k r a s t i n i e r t
K ö n i g s k e r z e n
f u n k t i o n a l i s i e r e n
b e q u e m b e
k l a s s i f i z i e r t e
d ü r f e
H a u b e n t a u c h e r
D i v i s o r e n
C i t r a t e
S u b s t a n z e n
j u c k t e s t
m e u t e r t
N i e d e r g a n g
v e r w a r f s t
Q u a c k s a l b e r e i
t a g t e s t
I n d u k t i o n s s p a n n u n g
g l o s e n d
h e m m
s c h w i n d e n d
S e l e n d e f i z i t e
P f u h l e
N ä h t e
A v a n t g a r d e - K ü n s t e
p r e d i g t e t
m ö p p e r e t
v e r r e c h n e t
H a n d g r a n a t e
P r o p a n o l e n
E u p h o r i e n
K r a n i c h e
H o r n m o o s e n
u m z i n g e l t
F u n d a m e n t
v e r z ä h l t
v e r s i l b e r s t
b e q u e m b e n d
G e f ä ß
U c h t e n
S c h n e e s c h a f e n
s t r ö m e n d
Ä n g s t i g u n g e n
G e d ä c h t n i s s e
v e r z ä h l t e n
s t e l l t e t   z u s a m m e n
u n t e r d r ü c k t e n
b e l ä c h e l t e s t
ü b e r m i t t e l t e n
U n t e r n
ü b e r s t ä n d e n
J ü n g e r s
g l o r i f i z i e r t e s t
o r g e l t e n
s t r ö m t e n
d ü r f e n
k a u f e t   e i n
G r o ß f ü r s t e n
ü b e r s t e h e
S t r ä h n e n
C h r i s t o g r a m m
P o l y g a m i e
K a t a m a r a n
B e s t e c h u n g s g e l d
U n t e r
M e s s b e c h e r
l a v i e r s t
C y s t i n s
u m z i n g l e
B e s c h e i d e n h e i t
V e r g e w a l t i g e r n
Q u a c k s a l b e r e i e n
E n t w u r z e l u n g
v e r s c h l i e ß e n
T r e u h ä n d e r
G e r u c h
D i v i s o r e n
f l a m b i e r t e
h ä m m e r t e
s c h m e c k t e n
d u r c h z u c k e n
B a s i s k l a s s e n
S t r a ß e n s e i t e
w e i ß t e n
b e l e i d i g t e
k r i t z e l t e n
r e s p e k t i e r e t
C l o u
k l a s s i f i z i e r
G a s t g e b e r n
H ö l z c h e n
N y m p h e
d u r c h z u c k e n d
u m z i n g e l t e t
m i s s b r a u c h t
k l o n t e n
d u r c h z u c k t e
L i e b l i n g
a u s g e s t a t t e t
t a g e n
K o r r e k t u r e n
G e l e n k s c h m e r z e n
t ö t e t e
G r o ß f ü r s t e n
s p r a c h e n   f r e i
d u r c h z u c k t e
T e m p e r a t u r e n
v e r w e r f e
w e r f e   w e g
v e r z ä h l e
h e m m e t
s t r ä u b e
f u n k t i o n a l i s i e r t e s t
r ä s o n i e r e n
S u b s t a n z
C a l v i n i s t e n
G e l e i t w o r t e
I n t e r n e t a n s c h l ü s s e
F l a s c h e n ö f f n e r
A l k a l i m e t a l l
m e l d e t e s t
b e l e i d i g t
k r i t z l e
h y d r i e r e
H a u b e n t a u c h e r s
A c c e s s o i r e
v e r r e c h n e
k n e c h t e t
u m z i n g e l n d
B l i t z k r i e g e s
w e i ß e t
H e u l e r
s c h i e f e r s t
j u c k e n
e r t r a g e
e r l a n g e
b e s i e g t e t
v e r w i t t e r e s t
T e m p e r a t u r
B e d ü r f t i g k e i t e n
V o r k o s t e r
I n t e r n e t a n s c h l ü s s e
w e i ß t
A l l e m o n t i t
m o p s t e n
l e i m t e t
T r e u h ä n d e r
b e s i c h t i g t e
t a g e n
T e p u i - T r o p f e n a m e i s e n w ü r g e r s
f l a m b i e r e n
L e u k o x e n
P a m p a s k a t z e n
t r a t s c h e t
B e s t e c h u n g s g e l d e r
B e s t e c h u n g s g e l d
s c h m e c k s t
e m i g r i e r e n
M i t t e l k l a s s e n
G e m ä c h e r
b r e m s   a b
F o o t b a l l s
D y s t o p i e
D a c h s c h a d e n
S t o c h e r k a h n
f e s t i g t e n
U n d e r d o g s
w i t t e r t e s t
f l a m b i e r t
t r a t s c h t e n
m e u t e r n d
M e l d e
E i n f ä n g e
s t a t t e t e n   a u s
s c h m e c k e n
e r t r ü g e n
T a k e l a g e
D e c k
L ö t m e t a l l
k l o n t e
V e r s i o n e n
v e r r e c h n e t e n
B i e n e n
A r b e i t s k r e i s e
s c h m e c k t
W u c h e r
K l a s s e n z i m m e r n
a h n e n
F o r t k o m m e n
a t m e t e s t
b e l ä c h e l n
G e w ü r z
b e w a f f n e
A m p h o r e n
t r a t s c h e n
F a c h i n f o r m a t i k e r
R h o d i u m i o n
m u m i f i z i e r t e n
t ö t e t e
N a m e n s g e b e r
o r g e l n
w i t t e r n
l a v i e r t
k a u f t   e i n
E i w e i ß s y n t h e s e n
k a u f e   e i n
f u n k t i o n a l i s i e r t e
F u n k t i o n s a b s c h l ü s s e
A l k a l i m e t a l l
v e r s c h l ö s s e n
v e r w e h t e
U h r e n f e d e r
d u r c h z u c k t e n
b e s i e g t e t
ü b e r s t ä n d e s t
D a c h f e n s t e r
A l l m a c h t
k l o n t e n
B e l i c h t u n g s m e s s e r
s c h w ö r e s t
D i e n s t a g a b e n d
A p o p l e x i e
f u n k t i o n a l i s i e r e
D i n g o
L ö t m e t a l l
M a g e n e n t z ü n d u n g
r ä s o n i e r t e n
m o p s t e n
b e s i e g e n
u m z i n g e l t e t
O p e r
t a g t e n
s c h w ö r e n
m a l t r ä t i e r
b r e m s t e   a b
N i e d e r g a n g
F r a k t a l e
p r e d i g t e
u n t e r d r ü c k t e
A u s w a n d e r e r
F r a k t a l
Z ü n d p u n k t
K o p f h ö r e r
V e r s i o n
D e l i r i u m s
F a m i l i e
T r i s u l f i d
m e h r t
K a t a m a r a n e
b e l e i d i g t e n
F a c h i n f o r m a t i k e r
m u m i f i z i e r
u n t e r d r ü c k s t
G o l d g r ä b e r n
m u m i f i z i e r t e s t
E i n s t i e g e
s t r ö m t e t
ü b e r s t a n d e s t
W e i h e n
Z y k l o p e n
f r e i s p r e c h e n d
r e i c h t
N i e d e r g ä n g e n
s c h w ä n d e t
e r n ü c h t e r t e s t
K u k u r u z k o l b e n
b r e m s t e t   a b
N a d e l w a l d
B u c h h ä n d l e r
R a u t e n
e r t r a g e n d
k l o n e
G l u t a t h i o n e
k a u f t e s t   e i n
P f l a u m e n b a u m
C a l v i n i s t e n
K ö r p e r t e i l e
E i n f a n g
V e r g e w a l t i g e r s
D a m a s t g e w e b e
F a l b e n
K i e l e r
B e o b a c h t u n g
E i n s t i e g e n
D i v i s o r
b e q u e m b e n
R a z z i a
f e s t i g e
h e m m t e n
G r e y e r z e r
r e g l e m e n t i e r e
f e s t i g t e t
N e u t r o n e n e i n f a n g q u e r s c h n i t t e
H a n s e n
P f l a u m e n b a u m
v e r w i t t e r t
V e r b r a u c h e r i n
b e s c h r i f t e t e s t
g l a u b e n
K f z - K e n n z e i c h e n
R h o d i u m i o n e n
K u k u r u z k o l b e n s
b r e m s t e s t   a b
g l o s t e s t
N e u t r o n e n e i n f a n g q u e r s c h n i t t
t e n d i e r t e n
G e y s i r e
Ä g y p t o l o g i n
t ö t e t e
K o n s t a n z
v e r s c h l e i e r t e n
w e i ß t e n
L a n d s c h a f t e n
D i f f e r e n z i e r u n g
F ä s s e r n
w ä h l t e
m u m i f i z i e r e t
k r i t z e l n
K a r t o g r a f i n n e n
C h r i s t o g r a m m s
r e s p e k t i e r t
s c h i e f e r n
v e r z ä h l t e n
G r o ß v e r s u c h e
T r a i n e e
s p r a c h s t   f r e i
K l a s s e n z i m m e r s
a h n s t
E n t e n
b e l e i d i g e s t
S p i t z e n r e i t e r
A m i d e
N u t z e n
l e i m e n
T e m p e r a t u r
h e m m e n
S o c k e l
I n f a n t e n
d u r f t e n
B o l i v i a n e r i n
t a g t
G l a u b e n s s c h w e s t e r n
B e s c h e i d e n h e i t e n
I n t e r n e t a n s c h l ü s s e
D i n g w o r t
t a g t e n
m e l d e t
s c h w i n d e n
E u x e n i t e
e r t r ü g e t
B i e n e
W o l l k n ä u e l
r e i c h t
K a n d i d a t e n
k n e c h t e t
p r i v i l e g i e r t
S p ä t l e s e
s t a t t e t e n   a u s
T r a g e n
B r i e f w e c h s e l s
G o l d g r ä b e r
g l a u b t e n
b e q u e m b e n
v e r w e h t e s t
B u s e n f r e u n d e s
b e l ä c h e l s t
E r l k ö n i g e n
H i r n s c h a l e n
p r i v i l e g i e r e n
V o r b a u t e n
p r i v i l e g i e r t e t
o r g e l n
k r i t z e l t e n
U r s a c h e
s t r ö m e n
B i o g a s e
f l a m b i e r t e n
r e i c h e t
D y s t o p i e
l e i m t
s c h w ö r e n
N u t z e n
E t h n o l o g e n
k n e c h t e n
S o n n e n b r a n d
A b k ü h l u n g
h e m m t
m o p s e n
W i r k u n g
h ä m m e r t
g l a u b e n
G e l e n k s c h m e r z e n
v e r s i l b r e
V e r g e b u n g e n
k a u f e   e i n
M a s k e n
S c h a c h t
B o l i v i a n e r i n n e n
F a s s
S o z i n i a n e r i n n e n
r ä s o n i e r t
A b o n n e n t
I n t e r n e t a n s c h l u s s e s
K r a n i c h e
D a r l e h e n
s t e l l t e n   z u s a m m e n
K ö n i g s t ö c h t e r
S p i e g e l e i e r n
r e g l e m e n t i e r t e t
D y n a m i t
B u s h a l t e s t e l l e
ü b e r m i t t e l t e
R a z z i e n
U h r z e i t e n
G a s t g e b e r
S c h i e ß g e w e h r
g e n e r i e r e n
G o s s e
E n t e
w i r f s t   w e g
H o c h k o m m a
F ä h n c h e n
H e r b s t g r a s m i l b e
Z e i t m a s c h i n e
d u r c h z u c k t e n
G o l d g r ä b e r
T r a g e n
H i r n s c h a l e
H e l m e
e r t r a g e
g l o r i f i z i e r t e t
v e r w e h e
g l o s e n
L o b e n
w i t t e r t
a t m e
b e s i e g e n
N y m p h e
f l a m b i e r e t
k n e c h t e t e
P u r z e l b a u m
M a r k i s e
p r i v i l e g i e r t e n
m u m i f i z i e r e n d
A u s b a u
G e d ä c h t n i s s e n
m a l t r ä t i e r t e s t
S c h ä c h t e
m e h r t e
S c h l i c k
R a u t e
M a g e n e n t z ü n d u n g e n
G e l e i t w o r t
W o r t l i s t e
v e r w i t t e r t e n
K ö n i g s t ö c h t e r
a h n t e
t e n d i e r
s c h i e f e r t e s t
S c h a r n i e r
e r n ü c h t e r n
E l e k t r o l y s e z e l l e
k l o n e n d
E i s z a p f e n
s a u n i e r e
L a y s a n e n t e
G e w a l t t ä t e r i n
e m i g r i e r e
P f l a u m e n b a u m
B r a n d b e s c h l e u n i g e r s
h ä m m r e
G y n ä k o l o g e n
S p i e g e l e i
E i n f a r b a m e i s e n w ü r g e r
D r o p d o w n - L i s t e n
t ö t e t e s t
P f l a u m e n b ä u m e
b r e m s e   a b
e r l a n g t
K u l t u s m i n i s t e r i u m
s c h w ö r s t
D a m a s t g e w e b e
K ö r p e r t e i l e
u n t e r d r ü c k t e t
K a r t o g r a f i n n e n
H o l o g r a m m s
U r t e x t
H a u p t s i t z e s
L e b e n s l ü g e n
S t e l l e n w e r t e
g e n e r i e r t
S p i t z
f l a m b i e r t
s t r ä u b e
R u n d f u n k g e r ä t e
m a l t r ä t i e r t e t
b e s c h r i f t e n d
w e r f e n   w e g
r e i c h e n
v e r s i l b e r t
U r t e x t e s
s c h m i e r e s t
O m e g a
U n t e r
A r a g o n i t
S t a l l
B e v o l l m ä c h t i g u n g e n
K o n s t a n z
B l i t z k r i e g
m o p s t e
V o r b a u
b e s c h r i f t e t
ü b e r m i t t e l t e n
m e u t e r n
A l l e m o n t i t
K l e i n p u d e l
A c h t z i g e r
s t r ä u b t e n
M i t t e l k l a s s e
E l e k t r o g i t a r r e
B r i e f m a r k e
w e r f e s t   w e g
S p i e g e l e i e r
N a d e l h o l z
k l a s s i f i z i e r e s t
M o n o k e l
G l a u b e n s s c h w e s t e r n
s c h m i e r t e n
g e h e m m t
Q u a c k s a l b e r e i e n
F o r t k o m m e n s
m o p s t
j u c k e
g e w e i ß t
C a l c i u m o x i d
H a n s e n
h y d r i e r t e t
v e r s i l b e r t e n
M a r k i s e
f l a m b i e r e
U r t e x t
o r g e l t e s t
T h e r m o e l e m e n t
b e s c h r i f t e t e
F o n d u e s
d u r c h z u c k t
b e s c h r i f t e t e s t
S ü ß h ö l z e r
E k z e m e
T r a i n e e
t ö t e
T a g e s b e d a r f e n
s c h m i e r t
S c h l i c k s
S o n n e n b r ä n d e n
A b s i e d l e r
T r i s u l f i d
b e l ä c h e l t e n
B e d ü r f t i g k e i t
v e r s c h l o s s
d u r c h z u c k e
r e g l e m e n t i e r e n
p r i v i l e g i e r e
p r o k r a s t i n i e r t e
e r l a n g t e
s p a l t e t e n
f u n k t i o n a l i s i e r t
C y s t i n
A n i s e t t e s
m e h r t e n
K u l t u s m i n i s t e r i e n
C i t r a t
B a r d e n
P f u h l e n
a t m e
T r e u h ä n d e r
K r ä h e n
A n e r k e n n u n g
s c h w ö r e s t
N a n o a m p e r e
A f f r o n t
P f l a u m e n b a u m e s
D i v i s o r
D i v i s o r e n
S c h ä f c h e n
k l a s s i f i z i e r t e
S a x o p h o n
s t a t t e t   a u s
p r e d i g e n
K r a t z e r
o r g e l n
b r e m s t e s t   a b
T r a m p e l p f a d e
S c h i m p a n s e n
V e r b r a u c h e r i n n e n
C l o u s
u n t e r d r ü c k e n
m a h l t e n
C l o u s
a h n e
D a m a s t g e w e b e
f u n k t i o n a l i s i e r t e n
b r e m s t e t   a b
b e l ä c h e l t e
G y n ä k o l o g e n
m e u t e r t e t
O m e g a s
T h e r m o e l e m e n t e
g e o r g e l t
d ü r f e n d
B l i t z s c h l a g
B e s c h l ü s s e
g e t r a t s c h t
g l o s t e
B a n n e r
S c h l i c k e
l e i m e
f e s t i g t
r e g l e m e n t i e r t
S o n n e n b r ä n d e
H a a r n e t z
T r a g e
g e f e s t i g t
S p i e g e l e i
m e h r t
b e s c h r i f t e n
K l e i n p u d e l
B e l i c h t u n g s m e s s e r s
A p o p l e x i e n
B u c h h ä n d l e r
j u c k t e n
R h o d i u m i o n e n
b e s c h r i f t e t e n
B u c h w e i z e n s
F u n d a m e n t e
g l o r i f i z i e r e n
D y n a m i t
B u c h w e i z e n
r e i c h e n
T r a i n e r
w a r f e n   w e g
k l a s s i f i z i e r t
s p r i c h s t   f r e i
A n e r k e n n u n g
v e r w i t t e r t e t
W o r t l i s t e n
A l c h e m i s t
v e r w ü r f e s t
u n t e r d r ü c k t
N a m e n s g e b e r n
s c h w ö r e
K a t a m a r a n e
E t h n o l o g e n
O z e a n
C h a l k o p y r i t s
P f u h l
F l a s c h e n ö f f n e r
f l a m b i e r e
L a y s a n e n t e
F u n k t i o n s a b s c h l ü s s e
F a h r s t ü h l e
F o r t
m e u t e r n
v e r z ä h l e n
p r i v i l e g i e r t e s t
H e l m
A b k ü h l u n g e n
A b o n n e n t e n
m a l t r ä t i e r e n
H a u s f r a u
H ü b e n
b e w a f f n e t e n
b e s i c h t i g e s t
M e s s b e c h e r
s c h m i e r t e t
S p ä t l e s e n
N a h r u n g e n
S t e l l e n w e r t
k r i t z e l e s t
N a d e l h o l z
E i s z a p f e n
L u n g e n k r a n k h e i t
r e s p e k t i e r e n
K l e i n p u d e l
f u n k t i o n a l i s i e r e t
D a r l e h e n
s t r ä u b t e s t
G e l e n k s c h m e r z e n
a h n t e
d ü r f e s t
u n t e r d r ü c k t e
Ö l q u e l l e n
V e r s i o n e n
H e r m a p h r o d i t e n
b e l e i d i g t e n
A b k ü h l u n g e n
h y d r i e r e n d
k l a s s i f i z i e r e n d
g l a u b t e
b e q u e m b t e
b r e m s e   a b
s t a t t e t e s t   a u s
A b s i e d l e r
B o r o s i l i k a t e n
M a r k i s e n
B o r o s i l i k a t e
E l e k t r o d y n a m i k e n
N a h t
S c h w e n k b ü g e l
S i t z b e i n e n
f l a m b i e r e n d
e m i g r i e r t e n
s p a l t e n
s t r ö m e n
A n e r k e n n u n g
F l a s c h e n ö f f n e r
S p ä t l e s e
b e l ä c h e l n
H u b
F e u e r a m e i s e n
m ö p p e r n
s c h m e c k t e
K u k u r u z k o l b e n
G e d ä c h t n i s
r e g l e m e n t i e r t e s t
e r n ü c h t e r t e n
Z ü n d p u n k t e
H o c h k o m m a s
m u m i f i z i e r e
L ö t m e t a l l e
P r o p a n o l e
B o n s a i s
G e l e i t w o r t e n
K a m e r u n e r i n n e n
V o r k o s t e r
s t e l l t e s t   z u s a m m e n
b r e m s t e n   a b
K a m e r u n e r i n n e n
B r i e f w e c h s e l n
m a h l t e s t
r e s p e k t i e r e n
S a a t k r ä h e
f r e i s p r e c h e n
H e l m e n
V o r k o s t e r
g l a u b e t
U r s a c h e n
b r e m s e n   a b
l e i m t e
M a r k i s e n
s t r ö m t e n
b e w a f f n e t
K r o n e
v e r s i l b e r t e
N y m p h e n
a h n t e s t
B a r d e
H a u p t s i t z e
r e s p e k t i e r e n
b r e m s t e n   a b
m e l d e t e t
G o s s e n
b e q u e m b t e
E l e k t r o l y s e z e l l e
I n t e r n e t a n s c h l u s s
B r i e f m a r k e
O z e a n e s
v e r s i l b e r e
l e i m e n
H a u s a u f g a b e n
m e h r t e
s a u n i e r t e n
b e l e i d i g e n
E n t w u r z e l u n g e n
m e u t e r t e n
Z y k l o p e n
v e r r e c h n e s t
t e n d i e r e
k l o n e
B o r o s i l i k a t e
f u n k t i o n a l i s i e r t e
m i s s b r a u c h t e t
F ü r s t p r i m a t e n
t r a t s c h t
g l o s t e
m o p s e t
r ä s o n i e r t
g l o r i f i z i e r e n
B e l i c h t u n g s m e s s e r
l e i m t e n
s t e l l e s t   z u s a m m e n
G r e n a d e r i n n e n
S y l v i n i t
K o k o s ö l s
B u c h h ä n d l e r
N a n o a m p e r e s
W e i h e
s p r e c h t   f r e i
v e r s c h l e i e r t e n
g l o r i f i z i e r t e n
g l o r i f i z i e r e s t
v e r w i r f s t
B r i e f w e c h s e l
A l l e m o n t i t e n
g l o s e n
V o l k s s p o r t e
R o c h a d e
K a m e r u n e r i n
B l i n d s c h l e i c h e n
E i g e n b r ö t l e r e i e n
P a m p a s k a t z e n
F e n n e k
b e l ä c h e l n d
v e r z ä h l t e
a h n t e t
F a l b e n
b e l e i d i g e
s t a t t e t   a u s
R a z z i a
b e l ä c h e l n
e m i g r i e r e n
g l o r i f i z i e r t e t
w e i ß t e
G o s s e n
a h n e n
H o c h k o m m a s
s c h w i n d e
b e l e i d i g e
G e d ä c h t n i s s e
A p o p l e x i e n
P r i m ä r e n e r g i e n
A m p h o r e
K a m e r u n e r i n
G r e n a d e r i n n e n
M i t t e l k l a s s e n
s p a l t e t
s c h i e f e r e
C a l c i u m o x i d
s c h w a n d e n
r e g l e m e n t i e r e n
s a u n i e r t
s p r ä c h e   f r e i
a t m e t e
K n i r p s e
F ä h n c h e n
K f z - K e n n z e i c h e n s
G e w a l t t ä t e r i n n e n
b r e m s e t   a b
G e m ä c h e r n
s a u n i e r t
m i s s b r a u c h e t
s c h w i n d e t
w ä h l t
H o l o g r a m m
B l i t z k r i e g
v e r s i l b e r n d
R o c h a d e n
v e r r e c h n e t
E u p h o r i e
h y d r i e r e n
B i n d u n g s p a r t n e r n
G e l e i t w o r t e s
f e s t i g e n
S t o c h e r k ä h n e
f e s t i g t e n
F e n n e k e
K i e l e r
R ü g e
b e q u e m b t e n
B u t t e s
B r i e f z u s t e l l e r
N ü r n b e r g e r
e r l a n g e n
b r e m s t e   a b
E i w e i ß s y n t h e s e
e r l a n g t e
M e s s b e c h e r s
H a a r w u r z e l n
t a g e
A u s b a u e
A u s b a u e n
H a u s f r a u
D i o x i d
P r i v a t p a t i e n t i n n e n
P f u h l e
S c h i m p a n s e n
K a n i n c h e n d r a h t z a u n
K a n d i d a t
o r g e l n d
E r z i e l u n g e n
B u s e n f r e u n d e
S o n n e n b r ä n d e
w e i ß e s t
u n t e r d r ü c k t e t
b r e m s t   a b
F a c h i n f o r m a t i k e r
G l u t a t h i o n
A l l m a c h t
s a u n i e r t e
u m z i n g e l t e s t
T r a m p e l p f a d
v e r w e r f e n
t a g e n
ü b e r s t e h e n
g l a u b t e n
d ü r f e n
F a l b e n
F o n d u e s
U k r a i n e r s
H ö l z c h e n
F o t o s y n t h e s e
v e r r e c h n e n d
N e u e r u n g e n
H ü b e
H i r n s c h a l e
V e t t e r
H a n s e n
m i s s b r a u c h t e
v e r w i t t e r e n
B l i n d s c h l e i c h e n
P r i m ä r e n e r g i e
F u n k t i o n s a b s c h l ü s s e
B o r o s i l i k a t
e r l a n g t
l e i m t
S c h a c h t
U c h t e
A l l e m o n t i t s
M e l d e
h y d r i e r t e n
S p i t z e n r e i t e r
b e s c h r i f t e
k l o n e n
F o n d u e s
U n d e r d o g
P l ü n d e r i n n e n
s c h m i e r t e n
k a u f t e t   e i n
d ü r f t e n
M o n o k e l
w ä h l t e t
B a n n e r
A m i d
N e u e r u n g e n
k l o n e n
v e r w e h t e n
E k z e m e n
W i r k u n g
V e r g e b u n g
e m i g r i e r e
v e r z ä h l e
W a g e n r ü c k l ä u f e
B u n d e s g r e n z s c h u t z e s
H a n s e
s c h m i e r e
k r i t z e l e
v e r w e h t e t
h e m m e
p r e d i g e s t
b e s i c h t i g e n d
A n i s e t t e s
S c h a r n i e r e
m ö p p e r n
F a c h i n f o r m a t i k e r
I n d u k t i o n s s p a n n u n g e n
D r o p d o w n - L i s t e
S a x o p h o n e
J ü n g e r n
j u c k t e t
b e l ä c h e l n
m e u t e r t
G r o ß m e i s t e r n
K i e l e r
p r e d i g e t
A f f r o n t s
G l a u b e n s s c h w e s t e r n
R u n d f u n k g e r ä t
l a v i e r t e t
h y d r i e r e
b e s c h r i f t e t
B r i e f w e c h s e l
D r o p d o w n - L i s t e
D e l p h i n e n
g e b r a u c h t e n
H ü h n c h e n
b e q u e m b t
e r l a n g e
v e r w ü r f e
K r a n i c h e
C a l c i u m o x i d s
r e s p e k t i e r t e n
S t r a ß e n s e i t e n
P l ü n d e r i n n e n
B r i e f w e c h s e l
A n g e w o h n h e i t e n
s c h w i n d e n
E n t e n
K r ä h e
s c h w o r
A u s n a h m e z u s t a n d
L a y s a n e n t e n
U r t e x t e
I n t e r n e t a n s c h l ü s s e n
Z w e t s c h g e n
H ü b e
G e l e i t w o r t e
s t r ö m
T e i l c h e n b e s c h l e u n i g e r
F e h l e n
A l k a l i m e t a l l e
S p o r t h e r z e n
Z e i t m a s c h i n e n
v e r w ü r f e t
k r i t z e l n
e m i g r i e r e n
S t e l l e n w e r t
G l u t a t h i o n e
a h n t e n
v e r s c h l i e ß e n
B o c k s h o r n e s
S c h w e n k b ü g e l n
m o p s e
V e t t e r
k n e c h t e
B e o b a c h t u n g
D V D - S p i e l e r
l a v i e r e
D a m a s t g e w e b e
e r n ü c h t e r e s t
s p a l t e
a h n e
h e m m t e s t
L e b e n s l ü g e
v e r s i l b e r t e n
D i c h t b ä n d e r
B o l i v i a n e r i n n e n
E u p h o r i e n
h e m m t e
K ö n i g s k e r z e
O m e g a s
S t r ä h n e
r ä s o n i e r t
S p o r t h e r z
K r a n i c h
S p ä t l e s e n
g l a u b t e
N ü r n b e r g e r s
H a a r w u r z e l n
v e r w i t t e r
p r e d i g t e n
S p i e g e l e i
b e s i e g t e
A n g e w o h n h e i t e n
M a n d e l b ä u m e
A c c e s s o i r e
g e n e r i e r t
H a l b l e i t e r b a u e l e m e n t
k l a s s i f i z i e r e n
M i l l i o n s t e l
N a s s e s
K l a s s e n z i m m e r
s t e l l e n   z u s a m m e n
A u ß e n s e i t e r
s t r ä u b t e n
b e s i e g t
m a h l s t
h ä m m e r n d
L a n d s c h a f t e n
s t e l l t e n   z u s a m m e n
P f l a u m e n b ä u m e n
F ä s s e r
w ä h l t e s t
S y l v i n i t e n
H o r n m o o s
M i t t w o c h e
S o z i n i a n e r i n n e n
T e p u i - T r o p f e n a m e i s e n w ü r g e r
j u c k t e
j u c k e
F a h n d u n g s l i s t e n
p r e d i g t e n
D a r l e h e n
N e u t r o n s
H e r b s t g r a s m i l b e n
b e l ä c h l e
I n t e r j e k t i o n e n
b e s i e g e n d
S o z i n i a n e r i n n e n
K f z - K e n n z e i c h e n
f l a m b i e r t e
s t e l l s t   z u s a m m e n
t r a t s c h e
E l e k t r o d y n a m i k
M a s k e n
Z y k l o p e n
l a v i e r t e n
S t e l l e n w e r t e n
m u m i f i z i e r t e n
o r g e l t e t
g e b r a u c h e n
H a n d f l ä c h e n
B l i n d s c h l e i c h e
B u s e n f r e u n d e n
V o r k o s t e r s
D e c k s
O p t i m a
v e r s i l b e r t e s t
m ö p p e r t
g e n e r i e r e
m ö p p e r t e
G r o ß v e r s u c h
s c h w i n d e s t
b e l e i d i g e n
S t o l p e r s t e i n e
b e l ä c h e l n
A m i d
T r a i n e e s
v e r s i l b e r n
s t a t t e t e n   a u s
p r i v i l e g i e r e t
Ä n g s t i g u n g e n
v e r w i t t e r e
H a u p t s i t z
O p t i m a
m e h r t e n
v e r w i t t e r e
D ä c h e r
W u c h e r s
E i n s c h n i t t e
h y d r i e r e n
U r s a c h e
r e g l e m e n t i e r t e n
m ö p p e r t
a t m e n
v e r s i l b e r t e
s c h i e f e r t
V e r g e b u n g
a h n e n d
H a u b e n t a u c h e r
s c h m i e r t e n
s p r ä c h e t   f r e i
M a g e n e n t z ü n d u n g
S a m t e n t e
w e r f e   w e g
g l a u b e n
s c h m i e r e n
m u m i f i z i e r e n
G e l e i t w o r t
M i t t w o c h
g e s c h w o r e n
S a a t k r ä h e n
K ö r p e r t e i l
G e r u c h
E n t f ü h r e r
S o z i n i a n e r i n n e n
S c h n e e s c h a f
k l o n t e
D ä c h e r
o r g e l e s t
m o p s t
r e g l e m e n t i e r t e n
S a m t e n t e n
B o l i v i a n e r i n n e n
F l a s c h e n ö f f n e r
e m i g r i e r t e
Z i m t z i c k e
w ä h l t e t
r e i c h t
D e l p h i n
s p r ä c h e n   f r e i
K r a t z e r
B l i t z k r i e g e
u m z i n g e l t e n
k n e c h t e t e n
k r i t z e l n d
H a l b l e i t e r b a u e l e m e n t e
G o l d g r ä b e r
m i s s b r a u c h e n
v e r s c h l e i e r e
U k r a i n e r
a t m e t e
e r l a n g e n
E l e k t r o d y n a m i k
m e u t e r s t
K o n s t a n z
W o l l k n ä u e l
b e s c h r i f t e n
s c h m e c k t e t
F o n d u e
v e r s c h l e i e r e
H a u b e n t a u c h e r
D o p p e l z i m m e r
F ü r s t p r i m a s
I n d u k t i o n s s p a n n u n g
G l a u b e n s s c h w e s t e r
g e n e r i e r
S a m t e n t e n
B u l g a r e n
b e s i c h t i g t e
v e r s c h l e i e r t e n
H a n d l i c h k e i t
g l o r i f i z i e r s t
b e w a f f n e t e s t
v e r s c h l o s s e n
B e s c h e i d e n h e i t
s c h m i e r e n
A n e r k e n n u n g e n
G e s c h m a c k s s i n n
C h a l k o p y r i t
f e s t i g e n
B e s t e c h u n g s g e l d e s
w i t t e r t e n
D i n g w ö r t e r n
Z e i t m a s c h i n e
Z u s t ä n d i g k e i t
B o t s c h a f t e r
M i t t e l k l a s s e
Z w e t s c h g e n
M a r k i s e
b e l e i d i g t
s t r ä u b e
E l e k t r o l y s e z e l l e n
C l o u
k l a s s i f i z i e r t e s t
K ö r p e r t e i l e n
u n t e r d r ü c k
K r ä h e
V e r g e b u n g
t a g e s t
S a l m
R e i n l i c h k e i t
s a u n i e r t e n
E i n f a r b a m e i s e n w ü r g e r
u n t e r d r ü c k e
h y d r i e r e n
W a l m d a c h
b e s i e g t e s t
E l e k t r o l y s e z e l l e
D e l p h i n e
S c h a r n i e r e
A m i d e n
R ü g e n
l e i m e t
w ä h l t e
V e r b r a u c h e r i n
r ä s o n i e r
A n g e w o h n h e i t
M o n o k e l
b e l e i d i g t e t
H o l o g r a m m
D V D - S p i e l e r
F o r t k o m m e n
E i n f a n g
g e b r a u c h e n
A r a g o n i t e
b e w a f f n e n
B r i e f m a r k e
m u m i f i z i e r t
M o n o k e l s
K o k o s ö l
w ä h l e n
v e r s c h l e i e r t e t
A k z e n t e
A l k a l i m e t a l l s
s t a t t e t   a u s
M a g e n e n t z ü n d u n g
G l u t a t h i o n
F u n k t i o n a l i t ä t e n
e r l a n g t e
N i e d e r g ä n g e
v e r w e h t e
w e i ß t
B e s c h l ü s s e
G e f ä ß e
f e s t i g e s t
t ö t e t e t
l a v i e r e n d
l e i m t e n
a t m e t e s t
B e d ü r f t i g k e i t
T a g e s b e d a r f e
ü b e r s t e h e n
N e u e r u n g e n
P r o p a n o l
T r a m p e l p f a d e n
K a n i n c h e n d r a h t z ä u n e n
l e i m e n
v e r r e c h n e t e s t
v e r s i l b e r n
e r n ü c h t e r t e t
r e g l e m e n t i e r s t
A u ß e n s e i t e r
R a u t e
d u r c h z u c k e
D y n a m i t
m a h l t e s t
s c h w ö r e n
A f f r o n t s
w e g w e r f e n d
L i e b l i n g
S p ä t l e s e
U c h t e n
G y n ä k o l o g e
P r i v a t p a t i e n t i n
f l a m b i e r s t
B e v o l l m ä c h t i g u n g
s t r ö m t
E u p h o r i e
B r i e f ö f f n e r
v e r z ä h l e s t
G e f ä ß e n
k l a s s i f i z i e r e n
ü b e r s t e h t
g l o r i f i z i e r e n d
E k z e m
D o p p e l z i m m e r
s t e l l t e n   z u s a m m e n
G e s c h m a c k s s i n n e n
h ä m m e r t e n
P r i v a t p a t i e n t i n n e n
D i n g o s
S p i t z e n r e i t e r
W a l m d ä c h e r
m e u t e r t e
m a l t r ä t i e r t e t
B u c h w e i z e n
k a u f e n   e i n
b e w a f f n e n d
D i s t i b a n
F o o t b a l l s
v e r w a r f
r e i c h t e n
s t r ä u b
R h o d i u m i o n s
G r e y e r z e r s
j u c k e n
v e r w e h e n
D a c h f e n s t e r
t a g t e
B u t t e
D e l p h i n s
s t e l l t e n   z u s a m m e n
s p r ä c h e s t   f r e i
A r b e i t s k r e i s
B u s e n f r e u n d e
b e q u e m b e
b e l ä c h e l t e n
j u c k t e
E i n f ä n g e
S p o r t h e r z e n
s t r ö m t e n
s c h i e f e r t
v e r w e h t e t
K l a s s e n z i m m e r
D i f f e r e n z i e r u n g e n
p r o k r a s t i n i e r t e s t
m o p s e s t
u n t e r d r ü c k e n
U r s a c h e
F ä s s e r
k a u f t   e i n
g e b r a u c h t e n
F o r t s
A m i d
F ü r s t p r i m a s
e r l a n g t e n
B r a n d b e s c h l e u n i g e r
O p e r
k a u f t e n   e i n
I n t e r j e k t i o n e n
l a v i e r t e s t
S c h a r n i e r e
m e u t e r e t
h y d r i e r e
s t r ö m t e s t
f u n k t i o n a l i s i e r s t
E l e k t r o d y n a m i k
G e l b a u g e n p i n g u i n
b e s i c h t i g e
h y d r i e r e s t
B u t t
S y l v i n i t s
E n t w u r z e l u n g e n
N ä h t e
e r l a n g e n
F ü l l s t a n d
w ä h l e n
s c h i e f e r t e
Z ü n d p u n k t
s t e l l t e s t   z u s a m m e n
S i l b e r s t a n d a r d s
v e r z ä h l t e n
A u b e r g i n e n
m e h r e n
r e i c h t e n
H a n s e
g e s t r ö m t
m ö p p e r e s t
m e h r e n
v e r s i l b e r n
A n l a s s e s
F a v o r i t e n
m e l d e
p r i v i l e g i e r e
I d i s t e n
G e s c h m a c k s s i n n
U r t e x t e n
F a s s
A l l m ä c h t i g k e i t
h y d r i e r e t
L a n d s c h a f t e n
U c h t e
A l m
P o l y g a m i e
h ä m m e r t
p r o k r a s t i n i e r t e s t
s c h w ö r e
G r o ß m e i s t e r
m a l t r ä t i e r t
h ä m m e r t e t
M o n a z i t s a n d
D a r l e h e n
Z u s t ä n d i g k e i t e n
K ö n i g s k e r z e n
k l a s s i f i z i e r t e t
l a v i e r t
B o c k s h ö r n e r
K l e i n p u d e l
A b s i e d l e r
K i e l e r s
t ö t e t e n
t a g s t
G a s t g e b e r
r e g l e m e n t i e r e t
r e s p e k t i e r e n
v e r s c h l e i e r n
R e i n l i c h k e i t
s a u n i e r e n d
T r a i n e r n
t e n d i e r t e s t
E h r u n g
A u b e r g i n e
H a n d g r a n a t e n
r e g l e m e n t i e r t e
g e m e h r t
o r g e l t e s t
P l ü n d e r i n
w a r f e n   w e g
g e n e r i e r e n
A r b e i t s k r e i s e
r ä s o n i e r e t
U k r a i n e r
N a h t
A l l e m o n t i t e
M e l d e
D o p p e l z i m m e r s
Q u a c k s a l b e r e i
S e l e n d e f i z i t e
L u n g e n k r a n k h e i t e n
g e n e r i e r e n
b e s i c h t i g t e n
ü b e r m i t t e l t e
l e i m s t
N y m p h e
H a u p t s i t z e n
H a n s e a t e n
j u c k e t
G r e n a d e r i n n e n
s c h m e c k e n
D i v i s o r s
H a l b l e i t e r b a u e l e m e n t e
G e w a l t t ä t e r i n n e n
S t e l l e n w e r t e s
h y d r i e r t e n
H a a r w u r z e l
V o r b a u
I n t e r j e k t i o n e n
E n t w i c k l u n g
G e d ä c h t n i s
S c h l i c k
e r n ü c h t e r s t
v e r r e c h n e n
p r i v i l e g i e r t e t
B e s ä u f n i s s e s
d u r f t e t
m u m i f i z i e r t
O p t i m u m
G r o ß f ü r s t e n
m e h r e
Z y k l o p e n
M e t r o p o l e n
b e l e i d i g t e
p r i v i l e g i e r e n
s p a l t e s t
A u s w a n d e r e r
H ü h n c h e n
b e w a f f n e
M e l d e n
g l o r i f i z i e r t
A u s w a n d e r e r s
k a u f t e n   e i n
P h a r m a k o l o g i e
A b o n n e n t e n
k a u f e s t   e i n
w e i ß t e n
I d i s t e n
m o p s t e
N a d e l w ä l d e r
h ä m m e r t e t
S i t z b e i n
C a l v i n i s t
t e n d i e r e s t
N a d e l h ö l z e r
A k z e n t
a h n e
H a u s a u f g a b e
k a u f t e   e i n
U h r e n f e d e r n
S c h l i t z
h e m m t
K ö n i g s t ö c h t e r n
M a r k i s e n
F u n d a m e n t e n
E r z i e l u n g e n
F e u e r a m e i s e
A r a g o n i t
w ü r f e s t   w e g
t ö t e t
P l ü n d e r i n
S c h i e ß g e w e h r e s
B e l i c h t u n g s m e s s e r
w i t t e r t e t
g e b r a u c h t e n
S e l e n a t
s p r e c h t   f r e i
K ö r p e r t e i l
N a d e l h o l z e s
H a l b l e i t e r b a u e l e m e n t s
H o r n m o o s e s
o r g e l t
E n t e
m u m i f i z i e r t e
t e n d i e r e t
ü b e r s t e h s t
P r i m ä r e n e r g i e n
E u x e n i t
ü b e r m i t t e l t e t
g l o r i f i z i e r t e n
P r i m ä r e n e r g i e
F u n k t i o n a l i t ä t e n
A u s n a h m e z u s t ä n d e
g e n e r i e r e n
F ü r s t p r i m a s
m i s s b r a u c h e n d
v e r w e h s t
s c h i e f e r t e t
N y m p h e n
K a t a m a r a n e n
K l a s s e n z i m m e r
w e i ß e n
v e r s c h l o s s t
b r e m s t e n   a b
k r i t z e l n
m u m i f i z i e r e s t
s t r ä u b e n d
b e s i c h t i g e n
F o r t s
I n t e r j e k t i o n e n
B e d ü r f t i g k e i t e n
h y d r i e r t e s t
s t r ö m e n
B u c h h ä n d l e r
e r n ü c h t e r n
f u n k t i o n a l i s i e r e n
L i e b l i n g e
F u n k t i o n s a b s c h l u s s
B u t t
D a c h s c h a d e n
F a c h i n f o r m a t i k e r
D e x t r o s e n
B o l i v i a n e r i n
v e r s c h l e i e r t e
v e r s c h l e i e r t e s t
u n t e r d r ü c k e n
S y l v i n i t e
s p a l t e t e
l e i m t e s t
N a d e l h ö l z e r
I n d u k t i o n s s p a n n u n g e n
m a h l t e
m e u t e r t e
l e i m e
ü b e r m i t t e l e
G r o ß v e r s u c h s
e m i g r i e r t e
f e s t i g e n
G a s t g e b e r
v e r r e c h n e t e t
A c h t z i g e r n
F o r t k o m m e n
L i e b l i n g
b e s i c h t i g
H e u l e r
A u b e r g i n e n
w ä h l e
M o n a z i t s a n d e
v e r s c h l e i e r t
m a h l e n
S c h a c h t e s
V e r s i o n e n
r ä s o n i e r e n d
E i n f a r b a m e i s e n w ü r g e r
M o n o k e l n
E k z e m s
d u r c h z u c k t
E l e k t r o g i t a r r e
G y n ä k o l o g e n
b e l e i d i g t e n
S c h i m p a n s e n
m e h r t e n
T r i s u l f i d s
h e m m t e
g e b r a u c h e
G o s s e
w ä h l t
t e n d i e r e n
l a v i e r e n
H e r m a p h r o d i t e n
S i l b e r s t a n d a r d s
w e i ß t e t
g l o s e
Z i m t z i c k e n
H a u b e n t a u c h e r
B a s i s k l a s s e
E n t w i c k l u n g
G r e y e r z e r n
V e t t e r s
E r l k ö n i g
v e r w i t t e r t e n
s t a t t e   a u s
J ü n g e r
f e s t i g e n
K a r t o g r a f i n
m e h r e
e m i g r i e r e n
O p e r
J a s m i n s
V e r b r a u c h e r i n n e n
E i n s c h n i t t
W i r k u n g e n
s c h i e f e r e s t
W a n d g e m ä l d e
S a m t e n t e n
G l a u b e n s s c h w e s t e r
I n d u k t i o n s s p a n n u n g
b e w a f f n e t e
H a n d f l ä c h e n
s t r ä u b e s t
H a n d g r a n a t e
g l o s t e n
P r o p a n o l e
m i s s b r a u c h t
F a l l g a t t e r
d ü r f t e n
Z u s t ä n d i g k e i t
e m i g r i e r t
E l e k t r o g i t a r r e n
m e u t e r n
B r a n d b e s c h l e u n i g e r
h ä m m e r t
R h a b a r b e r s
a h n t
v e r w i t t e r t e
H a n s e
f u n k t i o n a l i s i e r e n d
C i t r a t e s
N a h r u n g e n
ü b e r s t e h e t
g e b r a u c h t e s t
m e h r e t
g l a u b t e s t
S a d i s t e n
u m z i n g e l t e
d ü r f e
A l l e m o n t i t
D e l i r i e n
B i o g a s
A c c e s s o i r e s
O p e r n
m o p s t e s t
N a h r u n g e n
ü b e r s t e h
E i n s t i e g e
V o r b a u t e n
r e g l e m e n t i e r
b e s i c h t i g e n
G r o ß m e i s t e r s
b e q u e m b t e t
S i t z b e i n
K a n d i d a t e n
b e q u e m b e n
B a n n e r n
N a m e n s g e b e r
A n l ä s s e
D i n g w o r t
A l c h e m i s t e n
m u m i f i z i e r t e t
s c h m i e r t e t
D i c h t b a n d
m e h r e n
p r o k r a s t i n i e r e n
B r i e f ö f f n e r
K o p f h ö r e r
j u c k t e n
Ä n g s t i g u n g e n
s t e l l t   z u s a m m e n
G e f ä ß e
ü b e r m i t t l e
K a m e r u n e r i n n e n
M e s s b e c h e r
A v a n t g a r d e - K u n s t
N a n o a m p e r e
v e r w e h e n d
v e r s c h l o s s e n
v e r w e r f e n
B a s i s k l a s s e
a h n t e n
V e r g e b u n g e n
b e s i e g e t
g e b r a u c h e
e m i g r i e r e s t
F a l b e
C y s t i n e
N a n o a m p e r e
p r o k r a s t i n i e r t e
W a l m d a c h e s
v e r w e r f t
s c h w i n d e n
V e t t e r n
H e r m a p h r o d i t e n
a h n t e n
E r l k ö n i g e
F e n n e k e n
M o n a z i t s a n d e s
B a b y s
g e b r a u c h e s t
p r o k r a s t i n i e r t e t
A c c e s s o i r e s
T h e r m o e l e m e n t e n
v e r w ü r f e
a t m e n
w i t t e r e s t
k a u f t   e i n
E i s z a p f e n
T r a g e n
s c h m i e r t e
b e s i c h t i g t
m i s s b r a u c h t e
A u f e n t h a l t s o r t
ü b e r m i t t e l n
K o r r e k t u r
s t r ä u b e n
m ö p p e r t e n
S o n n e n b r a n d
E n t f ü h r e r
g e b r a u c h t e
b e q u e m b t e s t
P o l y g a m i e
E i g e n b r ö t l e r e i
u n t e r d r ü c k e n
S a l m
F r a k t a l e n
k l o n e n
P r i m ä r e n e r g i e
S c h l i t z e s
E i n s c h n i t t e
h y d r i e r t e n
U n t e r
B o c k s h o r n
A l c h e m i s t e n
l e i m t e
A u s w a n d e r e r
G e l e n k s c h m e r z
v e r z ä h l t
b e l ä c h e l t e s t
l a v i e r t e
B e s c h e i d e n h e i t e n
T e p u i - T r o p f e n a m e i s e n w ü r g e r
C y s t i n e
u m z i n g l e
g e j u c k t
r ä s o n i e r t e n
L a y s a n e n t e n
A m p h o r e
I n f a n t
R a z z i e n
B a n n e r
g e b r a u c h e n
I n t e r j e k t i o n
S a m s t a g a b e n d e
g e b r a u c h t e
D i f f e r e n z i e r u n g
B a s i s k l a s s e
r e g l e m e n t i e r e n
s c h m i e r e n
g e a h n t
s p r e c h e s t   f r e i
r e g l e m e n t i e r e n
S a x o p h o n e n
f e s t i g t
O z e a n e
k a u f t e n   e i n
p r i v i l e g i e r
W e i h e n
A l m e n
K ö n i g s k e r z e
H ö l z c h e n
v e r z ä h l
u m z i n g e l t e s t
v e r w e h e n
v e r s c h l ö s s e s t
H a u p t s i t z
A f f r o n t s
M e t r o p o l i s
w e i ß t e
A p o p l e x i e
g e s t r ä u b t
W i r k u n g
g e b r a u c h t e t
R u n d f u n k g e r ä t e s
Ä g y p t o l o g i n
a b b r e m s e n
T r e u h ä n d e r
w e g g e w o r f e n
W o r t l i s t e
s c h i e f e r n
k a u f e n   e i n
P o l y g a m i e
K ö n i g s k e r z e
e r t r u g e n
T r a m p e l p f a d e
e i n k a u f e n d
m e l d e t e n
A u s b a u e s
s c h m e c k e s t
F a v o r i t e n
H ö l z c h e n
m o p s t e s t
v e r s c h l e i e r n
v e r w i r f
R e i n l i c h k e i t
E n t e
G r u b e n
C h r i s t o g r a m m e
d u r c h z u c k t e s t
g l o r i f i z i e r t e n
t r a t s c h t e
G r o ß f ü r s t
K o r r e k t u r e n
B i n d u n g s p a r t n e r
r e i c h t e
H e u l e r
J ü n g e r
V e t t e r n
ü b e r m i t t e l n
A b k ü h l u n g e n
u n t e r d r ü c k t e n
D i s t i b a n
s c h m e c k t e n
A u s n a h m e z u s t ä n d e
m ö p p e r t e t
h y d r i e r
g e a t m e t
R u n d f u n k g e r ä t e
B e d ü r f t i g k e i t
M e l d e
j u c k e s t
s c h w o r e n
j u c k t e s t
e r l a n g e n
r e s p e k t i e r t e t
U c h t e
e m i g r i e r t e n
S e l e n a t e
S y l v i n i t e
e r n ü c h t e r t
w e r f e n   w e g
J a s m i n
v e r s c h l i e ß t
S ü ß h o l z
V e r b r a u c h e r i n n e n
V e t t e r
D i s t i b a n e
V e r g e b u n g
S o z i n i a n e r i n
S i l b e r s t a n d a r d s
T r e u h ä n d e r n
p r o k r a s t i n i e r e
T r a i n e e s
Z u s t ä n d i g k e i t
A r b e i t s s c h r i t t
C h r i s t o g r a m m e
R h o d i u m i o n
b e w a f f n e t
E r l k ö n i g
H a n d g r a n a t e n
S t o c h e r k a h n e s
v e r w i t t e r t e n
k r i t z e l s t
v e r r e c h n e t e s t
e r n ü c h t e r t
h e m m e
s t e l l e n   z u s a m m e n
K n i r p s
F a v o r i t
K a r t o g r a f i n n e n
s t r ä u b e t
ü b e r s t a n d
w i t t e r n
b e s i c h t i g t
G e d ä c h t n i s s e
A u f e n t h a l t s o r t
F u n k t i o n s a b s c h l u s s
E i n s c h n i t t e
L ö t m e t a l l s
B a n n e r
F o o t b a l l s
s t a t t e t e   a u s
P a m p a s k a t z e
m ö p p e r e
G e g e n ü b e r
w e r f t   w e g
v e r w e h t e n
f e s t i g t e
d a r f s t
N a d e l w ä l d e r
K f z - K e n n z e i c h e n
Z w e t s c h g e
N a d e l w a l d
K i e l e r n
r e s p e k t i e r t e
A f f r o n t s
w e i ß t e
b e l e i d i g s t
p r o k r a s t i n i e r t
H e u l e r
N a d e l w a l d
t ö t e t
ü b e r m i t t e l n
H e l m
p r o k r a s t i n i e r e
E u x e n i t
S c h ä f c h e n s
v e r w e h t
H i r n s c h a l e n
J a s m i n e
v e r w ü r f e n
w ä h l t e n
f u n k t i o n a l i s i e r t e n
W a g e n r ü c k l a u f
E t h n o l o g e n
v e r w e h t e
G e s c h m a c k s s i n n
D e c k s
G ö n n e n
H a n d l i c h k e i t
v e r s c h l o s s e n
m a h l t e t
I n t e r j e k t i o n
B i n d u n g s p a r t n e r
Ä g y p t o l o g i n n e n
r e s p e k t i e r t e n
e r l a n g t e n
S a a t k r ä h e
e r n ü c h t e r e
N a n o a m p e r e
H a u t k o n t a k t e
p r i v i l e g i e r t e
V e r b r a u c h e r i n n e n
A l m
H o c h k o m m a s
H ü b e
P h a r m a k o l o g i e
f l a m b i e r t e s t
D a r l e h e n s
E i n s t i e g e
E i n f ä r b e n s
R ü s c h e
s c h i e f e r e t
m a h l e n
U n d e r d o g s
w i t t r e
U h r z e i t
v e r w e h t e n
p r o k r a s t i n i e r s t
U h r z e i t e n
P r o p a n o l
K u l t u s m i n i s t e r i u m
f l a m b i e r e n
v e r s i l b r e
K ö n i g s k e r z e n
H o l o g r a m m e
T r a m p e l p f a d e s
a u s s t a t t e n d
h ä m m e r e t
w ü r f e   w e g
K r o n e n
L o b
I n t e r n e t a n s c h l u s s
w e i ß e n d
F a l l g a t t e r
b e s i c h t i g e n
k a u f s t   e i n
G a s t g e b e r s
t e n d i e r t
p r i v i l e g i e r e n
v e r s c h l e i e r t e
F o t o s y n t h e s e
ü b e r s t e h e n d
b e q u e m b s t
F a v o r i t e n
A u b e r g i n e
B o c k s h o r n
E r z i e l u n g
F a m i l i e n
p r o k r a s t i n i e r t e
Ä g y p t o l o g i n
N y m p h e n
s p r e c h e t   f r e i
A u f e n t h a l t s o r t
B e l i c h t u n g s m e s s e r
H e r m a p h r o d i t e n
s c h w ö r t
s c h w o r t
r ä s o n i e r e n
m e l d e t
E i g e n b r ö t l e r e i
g e n e r i e r t e
A n i s e t t e
m e l d e
A u b e r g i n e
p r o k r a s t i n i e r t e t
b e l e i d i g t e s t
s a u n i e r t e
L ö t m e t a l l
M a n d e l b ä u m e n
s p r ä c h e   f r e i
p r e d i g t e
b e q u e m b e
D a c h
b e l e i d i g
E t h n o l o g e
k l a s s i f i z i e r e n
h y d r i e r t
s t r ö m t e
b e l ä c h e l t e
G y n ä k o l o g e n
r ä s o n i e r e n
D y s t o p i e n
B o n s a i s
W a g e n r ü c k l ä u f e
B a b y
e r n ü c h t e r n d
N a h r u n g e n
m ö p p e r t e n
D a r l e h e n
E l e k t r o g i t a r r e
m a h l e n d
H a a r w u r z e l n
S c h ä c h t e
K n i r p s e s
m o p s
U h r e n f e d e r
K a m e r u n e r i n n e n
V e t t e r n
S c h ä f c h e n
I n f a n t e n
Z y k l o p e n
w e i ß
h ä m m e r t e n
G l u t a t h i o n
v e r s i l b e r t e s t
B r i e f ö f f n e r
W a g e n r ü c k l a u f
m o p s e n
u n t e r d r ü c k e s t
K l e i n p u d e l s
R ü s c h e
m e l d e t e
S c h ä f c h e n
m ö p p e r t e n
h y d r i e r t e s t
f l a m b i e r e s t
C l o u s
B r i e f ö f f n e r s
b e q u e m b t e n
f l a m b i e r t e n
A l m e n
k n e c h t e n
b r e m s t e   a b
e m i g r i e r t e t
F ä h n c h e n
g e b r a u c h e n
P r o p a n o l s
t a g e
f l a m b i e r t e
g l o r i f i z i e r e
J u d e n h a s s
D V D - S p i e l e r n
V o l k s s p o r t
e m i g r i e r t
f e s t i g e n d
V e t t e r n
b e s i e g e s t
B e s ä u f n i s
k l o n t
m u m i f i z i e r t
F l a s c h e n ö f f n e r
N a h r u n g
r e g l e m e n t i e r e n d
L u n g e n k r a n k h e i t
G e s c h m a c k s s i n n e
H a n d f l ä c h e
R a u t e
g e b r a u c h e n d
p r e d i g
B e v o l l m ä c h t i g u n g
N e u t r o n e n
m e u t e r t e n
L a y s a n e n t e n
e r n ü c h t r e
m e l d e t
k n e c h t e n
B r i e f z u s t e l l e r
K o k o s ö l
J ü n g e r
G e l e n k s c h m e r z
l a v i e r t
e m i g r i e r t
j u c k e
h ä m m e r e
v e r w a r f t
B o c k s h ö r n e r
s a u n i e r s t
G a s t g e b e r
e m i g r i e r e
S p o r t h e r z e n
a h n t e
ü b e r m i t t e l n
I n f a n t e n
T e i l c h e n b e s c h l e u n i g e r
d u r c h z u c k s t
B r i e f z u s t e l l e r
D i v i s o r e n
m a h l e n
E l e k t r o l y s e z e l l e n
G e l b a u g e n p i n g u i n e
a t m e
B u s h a l t e s t e l l e
ü b e r s t a n d e n
F a l b e n
Ö l q u e l l e
A m p h o r e n
N e u t r o n
L u n g e n k r a n k h e i t e n
f r e i g e s p r o c h e n
m a l t r ä t i e r t e s t
S e l e n a t
e r t r u g
b e s i e g t e
m i s s b r a u c h t e n
f l a m b i e r t e s t
s c h w a n d e s t
K o l u m n i s t e n
f e s t i g e
p r e d i g s t
u n t e r d r ü c k t e s t
T a k e l a g e
m a h l e n
v e r w o r f e n
A b k ü h l u n g e n
B e u g u n g
N e u t r o n e n e i n f a n g q u e r s c h n i t t s
ü b e r m i t t e l t e n
a t m e n
v e r s c h l e i e r e s t
k n e c h t e t e s t
A n i s e t t e
g e m a h l e n
K a n i n c h e n d r a h t z ä u n e
A k z e n t
R ü s c h e n
P f u h l e s
Z y k l o p e n
s p a l t e
g l a u b e n
F a v o r i t e n
G e y s i r e s
h ä m m e r n
k l a s s i f i z i e r e n
Ä g y p t o l o g i n n e n
J ü n g e r
m i s s b r a u c h e n
S e l e n a t e
r e s p e k t i e r t e n
s c h m i e r e
H a a r n e t z
s a u n i e r e n
T r a m p e l p f a d
s a u n i e r t e n
L e b e n s l ü g e n
v e r w e h t
k n e c h t e s t
b e s i c h t i g t e
g l a u b t e s t
B i o g a s e s
v e r w i t t e r e n
N a d e l w a l d e s
S p i t z e
N a d e l h ö l z e r n
b e l ä c h e l e
o r g e l t e
D i f f e r e n z i e r u n g e n
m e l d e n
B i n d u n g s p a r t n e r
H i r n s c h a l e
m i s s b r a u c h t e s t
T e i l c h e n b e s c h l e u n i g e r n
P a m p a s k a t z e n
A r b e i t s s c h r i t t e
T r a g e
A p o p l e x i e n
G e l b a u g e n p i n g u i n s
M i t t w o c h
F o n d u e s
k a u f e n   e i n
p r i v i l e g i e r t e
s c h w ö r e t
H u b e s
B a s i s k l a s s e n
F u n k t i o n s a b s c h l u s s e s
s a u n i e r e n
t ö t e n
E r l k ö n i g s
D a m a s t g e w e b e
g e g l a u b t
R h a b a r b e r
s t r ä u b e n
G ö n n e n s
h e m m t e
D i f f e r e n z i e r u n g
s p a l t e t e s t
A n i s e t t e s
s p a l t e n
h e m m t e t
E i n s t i e g
s a u n i e r t e s t
f u n k t i o n a l i s i e r t e n
S c h w e n k b ü g e l s
v e r w i t t e r t e s t
U k r a i n e r
e r l a n g e s t
t e n d i e r t e t
D i f f e r e n z i e r u n g
L a n d s c h a f t
O p t i m u m
H o c h k o m m a
E u x e n i t
P r i v a t p a t i e n t i n n e n
W o l l k n ä u e l n
v e r w a r f e n
K u k u r u z k o l b e n
B e u g u n g e n
m o p s t e
L ö t m e t a l l e
b e w a f f n e t
s t r ä u b e n
L u n g e n k r a n k h e i t
G e y s i r
d ü r f e n
e r t r a g e s t
h ä m m e r t e
U n d e r d o g s
b e w a f f n e t e
S t r ä h n e n
K a n i n c h e n d r a h t z ä u n e
t e n d i e r e n
S t o l p e r s t e i n
b e s i e g e n
s c h w i n d e s t
W o l l k n ä u e l
K a r t o g r a f i n
p r i v i l e g i e r e n d
s t r ä u b t e
A r b e i t s s c h r i t t e
m e h r t
H a u p t s i t z
H e r b s t g r a s m i l b e n
P a m p a s k a t z e
s a u n i e r e n
K n i r p s e n
m e l d e t e n
B r i e f m a r k e n
h e m m e n
S p i t z e n r e i t e r
S e l e n d e f i z i t e
G o s s e n
f l a m b i e r e n
G ö n n e n
I n f a n t e n
L e u k o x e n e n
w e i ß t e
E i n s t i e g
D e l p h i n
w a r f   w e g
u n t e r d r ü c k t
w i t t e r e
Z w e t s c h g e
k n e c h t e t e n
N ä h t e
Z u s t ä n d i g k e i t
B e s c h e i d e n h e i t
v e r z ä h l t e s t
a t m e t e t
U n t e r n e h m e n s a n w e n d u n g s i n t e g r a t i o n
U n t e r n e h m e n s a n w e n d u n g s i n t e g r a t i o n e n
m ö p p e r t e
m u m i f i z i e r e n
T e m p e r a t u r e n
S ü ß h o l z
W a g e n r ü c k l ä u f e n
W o r t l i s t e n
h y d r i e r s t
S t r a ß e n s e i t e n
S t e l l e n w e r t
