r e g l e m e n t i e r t e s t
k r i t z e l t e
M e t r o p o l i s
A r b e i t s s c h r i t t
G e r ü c h e
A l k a l i m e t a l l
b e q u e m b t
r ä s o n i e r t e s t
p r e d i g t
W e i h e n
l e i m t e
S c h ä f c h e n
v e r r e c h n e t
j u c k
S t o l p e r s t e i n e s
ü b e r s t e h e
H e r b s t g r a s m i l b e n
s c h w ö r e t
D i s t i b a n
S p i t z e n r e i t e r
s c h w ö r e n
H a n s e a t e n
r e i c h t e
S a x o p h o n
B e o b a c h t u n g e n
e r n ü c h t e r n
W a n d g e m ä l d e
M a s k e
p r e d i g t e
v e r w i t t e r s t
s t a t t e   a u s
D i f f e r e n z i e r u n g e n
H o r n m o o s e
N ü r n b e r g e r
N i e d e r g a n g s
H a a r n e t z e
N a h r u n g
D i c h t b a n d
U r t e x t e
m a h l t e n
ü b e r s t e h e
A u ß e n s e i t e r
w e i ß e
m i s s b r a u c h t e n
D r o p d o w n - L i s t e n
D i o x i d
W e i h e
A b s i e d l e r
Z u s t ä n d i g k e i t e n
S t r a ß e n s e i t e
w ü r f e n   w e g
N a d e l w ä l d e r n
u m z i n g e l t e n
a t m e t e
b e s i e g t e n
g l a u b e s t
k n e c h t e n
p r o k r a s t i n i e r t e
g l o s e
M o n o k e l
m i s s b r a u c h t e n
A u ß e n s e i t e r
A n e r k e n n u n g e n
h e m m e n
v e r w e h e s t
F o o t b a l l
F e u e r a m e i s e n
d ü r f e n
e m i g r i e r e n d
m a l t r ä t i e r e
S ü ß h o l z
R ü g e n
p r e d i g t
E n t w u r z e l u n g e n
w i t t e r t e t
w e r f e t   w e g
H o l o g r a m m
b e s c h r i f t e t e t
m a h l t e
w i t t e r t
v e r r e c h n e n
S p i t z e n r e i t e r n
G e m a c h e s
f e s t i g t e
t r a t s c h e
m ö p p e r n d
S c h a r n i e r
E i n f a n g e s
G o l d g r ä b e r
v e r r e c h n e t
t r a t s c h
t a g e t
S a l m e
k n e c h t e
B e l i c h t u n g s m e s s e r n
G e f ä ß e s
v e r s i l b e r t e n
H e l m
d u r c h z u c k t e
K a r t o g r a f i n n e n
r e g l e m e n t i e r t e t
R o c h a d e
J u d e n h a s s e s
r ä s o n i e r e s t
W o r t l i s t e
M a n d e l b a u m
D a c h e s
F a h r s t u h l
r ä s o n i e r e n
G a s t g e b e r
ü b e r m i t t e l s t
S c h n e e s c h a f
s p r a c h   f r e i
s p r a c h t   f r e i
E n t e
e r n ü c h t e r t e
w e i ß t e t
F e u e r a m e i s e
t r a t s c h t e n
W a n d g e m ä l d e
C u r i u m
S y l v i n i t
m a l t r ä t i e r e t
B r i e f z u s t e l l e r
K n i r p s
r e g l e m e n t i e r e
E u p h o r i e
g e s c h m e c k t
S e l e n d e f i z i t
A u ß e n s e i t e r s
S p i t z e
B u n d e s g r e n z s c h u t z
r e i c h e n
T e i l c h e n b e s c h l e u n i g e r s
A l c h e m i s t e n
H i r n s c h a l e
s a u n i e r t
m a h l e s t
U n t e r n e h m e n s a n w e n d u n g s i n t e g r a t i o n
M o n a z i t s a n d e n
S c h i e ß g e w e h r e
F a m i l i e
d u r c h z u c k e n
Z e i t m a s c h i n e
b e s i c h t i g e
H u b
ü b e r s t ä n d e
r e s p e k t i e r e
k l a s s i f i z i e r t e
u m z i n g e l t e
S t r ä h n e n
m e u t e r t e t
B o r o s i l i k a t
ü b e r m i t t e l n d
l a v i e r e n
H o l o g r a m m e
g e n e r i e r e
S c h n o r c h e l
r e s p e k t i e r t e t
b e l e i d i g t e
F a h n d u n g s l i s t e
s p a l t e t
b e q u e m b e s t
e m i g r i e r t e s t
F u n k t i o n s a b s c h l ü s s e n
B u s e n f r e u n d
B e d ü r f t i g k e i t e n
N a n o a m p e r e n
U n t e r n e h m e n s a n w e n d u n g s i n t e g r a t i o n e n
g l a u b t
t a g e n
A r b e i t s s c h r i t t e s
k r i t z e l t e t
F a h n d u n g s l i s t e
ü b e r s t a n d e n
g e h ä m m e r t
U n t e r
T r i s u l f i d e
s c h m i e r t e s t
I d i s t e n
k r i t z e l t e n
b e s i e g e
k l a s s i f i z i e r e n
m a l t r ä t i e r s t
H e u l e r
m a l t r ä t i e r t e
s c h m e c k e t
D a c h f e n s t e r s
A c c e s s o i r e
t a g t
k a u f t e   e i n
K r a t z e r n
r e s p e k t i e r t
G e d ä c h t n i s s e s
A c h t z i g e r s
N u t z e n
e r l a n g t e s t
A l m
p r o k r a s t i n i e r t e n
K r ä h e
s c h i e f r e
R a u t e n
A u s w a n d e r e r
t ö t e t e n
t a g e n d
F a s s e s
j u c k s t
s p r e c h e n   f r e i
v e r s c h l e i e r t
U k r a i n e r n
T a k e l a g e n
s p r i c h t   f r e i
T r a g e
A b s i e d l e r
p r e d i g e
K a r t o g r a f i n
f u n k t i o n a l i s i e r t
S e l e n d e f i z i t s
S c h i e ß g e w e h r e
W i r k u n g
B a s i s k l a s s e
s p a l t e t e
A l l e m o n t i t e
m e u t r e
w e g w e r f e n
A c h t z i g e r
N a s s
f u n k t i o n a l i s i e r e n
D V D - S p i e l e r s
F ä h n c h e n
w i r f t   w e g
Ä n g s t i g u n g
R o c h a d e n
e r t r a g t
w ä h l t e
B u c h h ä n d l e r
ü b e r m i t t e l t
b e w a f f n e t
U c h t e n
V o r b a u
k a u f   e i n
m u m i f i z i e r s t
m e l d e t e s t
a h n t e
G e w ü r z e s
v e r s i l b e r t e t
G l a u b e n s s c h w e s t e r
w e i ß t e s t
B l i t z k r i e g e
s c h i e f e r t
m e l d e t
t e n d i e r t e n
g l o r i f i z i e r t
S p i t z e n r e i t e r
l a v i e r t
v e r s i l b e r t e
v e r s i l b e r t e
F e u e r a m e i s e
g e m ö p p e r t
v e r s c h l i e ß t
B e s c h l u s s
e m i g r i e r e
S p o r t h e r z e n
k n e c h t e t e
t e n d i e r t
T r a i n e r
A l l m a c h t
p r i v i l e g i e r e s t
m i s s b r a u c h t
k n e c h t e t e n
g e n e r i e r t e t
h e m m t e n
b e s c h r i f t e
t e n d i e r t e
p r e d i g e n d
A u b e r g i n e
t e n d i e r t e
m i s s b r a u c h t e
A l l m ä c h t i g k e i t
e r n ü c h t e r t e
t r a t s c h t e
B o t s c h a f t e r
B r a n d b e s c h l e u n i g e r
m i s s b r a u c h t e n
t r a t s c h t e
m e l d e t e
h ä m m e r t e n
m e l d e t e n
b e s i e g e
d u r c h z u c k t e t
G r e y e r z e r
g l o r i f i z i e r t e
G l a u b e n s s c h w e s t e r
S i t z b e i n e
F a c h i n f o r m a t i k e r
A l l m ä c h t i g k e i t
H a u b e n t a u c h e r
r ä s o n i e r t e n
r e s p e k t i e r e n
k r i t z e l n
F a m i l i e
s c h w o r e n
S p i e g e l e i e r
h ä m m e r e
h e m m t e
k r i t z e l n
B e o b a c h t u n g e n
m u m i f i z i e r e n
e r n ü c h t r e
r ä s o n i e r t e
H ö l z c h e n s
v e r w i t t e r e n
E u p h o r i e n
m a h l t e t
s a u n i e r e
k n e c h t e t e
B e l i c h t u n g s m e s s e r
s c h m i e r t e s t
v e r w i t t e r e n
m e l d e t e
H a n d f l ä c h e
r ä s o n i e r t e
M i l l i o n s t e l
g l o r i f i z i e r e t
r e g l e m e n t i e r t
K n i r p s
p r o k r a s t i n i e r e n
F a m i l i e n
D i n g o
e m i g r i e r t e t
b e l e i d i g t e s t
G r u b e
f l a m b i e r e n
e m i g r i e r t e t
s a u n i e r t e n
S e l e n a t
b e s c h r i f t e t e n
K o r r e k t u r
S t e l l e n w e r t
m u m i f i z i e r e
m e u t e r n
r e g l e m e n t i e r t e n
d u r c h z u c k t e s t
H e u l e r s
F a m i l i e n
H a l b l e i t e r b a u e l e m e n t e n
r e g l e m e n t i e r e n d
m i s s b r a u c h t
B e s t e c h u n g s g e l d
H a l b l e i t e r b a u e l e m e n t e
D o p p e l z i m m e r
b e s c h r i f t e t
B o t s c h a f t e r
H a n d f l ä c h e n
r e s p e k t i e r e
g l a u b e n d
r e g l e m e n t i e r t e
T r e u h ä n d e r
o r g e l t e
B l i t z s c h l ä g e n
m e h r t e s t
N a d e l h o l z
F e u e r a m e i s e
a h n t e
G o l d g r ä b e r
A u b e r g i n e n
B u l g a r e n
r e g l e m e n t i e r t e
s c h w i n d e t
G a s t g e b e r
G e l b a u g e n p i n g u i n s
H a n d f l ä c h e
U h r e n f e d e r n
e r l a n g e t
k n e c h t e s t
p r e d i g
ü b e r s t e h e n
m i s s b r a u c h s t
h ä m m e r t e
S e l e n a t e n
m a l t r ä t i e r e n
K n i r p s e n
k r i t z e l t e
B o t s c h a f t e r n
S t ä l l e n
G r u b e
s a u n i e r t e
T r a i n e r
v e r s c h l i e ß e s t
G e s c h m a c k s s i n n e
S e l e n d e f i z i t e
U k r a i n e r
v e r s i l b e r e s t
m u m i f i z i e r t
k l a s s i f i z i e r e n
Z e i t m a s c h i n e n
S y l v i n i t
g e b r a u c h t e s t
o r g e l e t
g e s c h i e f e r t
p r e d i g t
v e r w i t t e r t
r e g l e m e n t i e r t e
g l a u b e
p r o k r a s t i n i e r t e n
m e l d e s t
M i t t w o c h
B e v o l l m ä c h t i g u n g
T h e r m o e l e m e n t e
B r i e f z u s t e l l e r
M i t t w o c h
t e n d i e r t e t
F e n n e k
f l a m b i e r t e n
W o l l k n ä u e l
B r i e f z u s t e l l e r
b e s i e g t e
m e u t e r t e n
K l e i n p u d e l s
A m p h o r e n
h y d r i e r s t
h y d r i e r t e s t
M ä u s e s p e c k
f l a m b i e r t e n
S t o l p e r s t e i n
A m p h o r e n
H o l o g r a m m e n
D i v i s o r e n
k r i t z e l t e n
A r b e i t s s c h r i t t e n
r e g l e m e n t i e r e
m i s s b r a u c h t e s t
v e r w i r f t
m a l t r ä t i e r e
k n e c h t e t e t
k l a s s i f i z i e r e
b e s i e g t
u n t e r d r ü c k e n
k r i t z e l t e
K ö r p e r t e i l e
M o n o k e l
ü b e r m i t t e l n
f l a m b i e r t e
D i f f e r e n z i e r u n g
A n g e w o h n h e i t
B u s h a l t e s t e l l e n
s c h w i n d e s t
D i f f e r e n z i e r u n g
G r o ß v e r s u c h e
B u s h a l t e s t e l l e
e r t r a g e n
v e r w i t t e r t e n
v e r w i t t e r e t
k r i t z e l t e
h e m m t e t
ü b e r s t e h e n
R ü s c h e n
p r o k r a s t i n i e r t
h e m m t e t
B l i t z s c h l ä g e
m u m i f i z i e r e
k r i t z l e
s c h w ä n d e n
B o n s a i
t r a t s c h t e t
T h e r m o e l e m e n t s
r ä s o n i e r t e t
B e s t e c h u n g s g e l d e r
r e s p e k t i e r t e n
W o l l k n ä u e l
N i e d e r g a n g
B o n s a i
F r a k t a l
m e l d e t e t
G e g e n ü b e r
S t ä l l e
G o s s e n
R ü s c h e n
m a l t r ä t i e r t e n
B r i e f z u s t e l l e r
G o s s e n
S t ä l l e
N i e d e r g ä n g e
K o l u m n i s t e n
p r o k r a s t i n i e r e t
G e y s i r
A r a g o n i t
U k r a i n e r
E i g e n b r ö t l e r e i
S a d i s t
A r b e i t s k r e i s e n
v e r w i t t e r t e
g l a u b t
K u k u r u z k o l b e n
G a s t g e b e r
B e v o l l m ä c h t i g u n g e n
S p i t z e
b e s i e g
D e c k s
K u k u r u z k o l b e n
w a r f   w e g
K u k u r u z k o l b e n
v e r w e r f e s t
M e t r o p o l e n
A l k a l i m e t a l l e
V e r g e w a l t i g e r
B r i e f m a r k e n
a t m e n
G e y s i r
K n i r p s e
S c h w e n k b ü g e l s
w ä h l e s t
k l a s s i f i z i e r t
a t m e n
M a r k i s e
B u s h a l t e s t e l l e
v e r w i t t e r t
B r i e f m a r k e n
A l k a l i m e t a l l e
G o l d g r ä b e r s
S p i t z e
H e r b s t g r a s m i l b e n
u m z i n g e l t
E l e k t r o l y s e z e l l e
e r l a n g e s t
m e u t r e
D e c k s
a h n t e t
r ä s o n i e r t e s t
f u n k t i o n a l i s i e r e
w ä h l t e s t
F o o t b a l l
F a v o r i t e n
S t o l p e r s t e i n e n
t r a t s c h t e s t
u n t e r d r ü c k e
s p a l t e n
S e l e n a t e
R ü s c h e
H a a r n e t z
E l e k t r o l y s e z e l l e n
H a a r n e t z
u m z i n g e l t e n
N ä h t e n
D i f f e r e n z i e r u n g e n
h e m m s t
S p ä t l e s e
s t r ä u b e n
p r e d i g t e t
F a l l g a t t e r
B i n d u n g s p a r t n e r
m a l t r ä t i e r t e
D i f f e r e n z i e r u n g e n
s p a l t e n
F l a s c h e n ö f f n e r
N e u t r o n
m a l t r ä t i e r t e
F l a s c h e n ö f f n e r
s t r ä u b e n
k n e c h t e t e s t
N a n o a m p e r e
f u n k t i o n a l i s i e r t e n
A r b e i t s s c h r i t t e
K f z - K e n n z e i c h e n
K o l u m n i s t e n
f u n k t i o n a l i s i e r t
ü b e r m i t t e l t e n
B u l g a r e n
K a r t o g r a f i n
A r b e i t s s c h r i t t e
K f z - K e n n z e i c h e n
S y l v i n i t e
w i t t e r n
h e m m e s t
r e s p e k t i e r e
Q u a c k s a l b e r e i
G e l e i t w o r t e
u m z i n g e l t
r e s p e k t i e r t
E r z i e l u n g
N e u e r u n g
W o l l k n ä u e l n
G l u t a t h i o n e
v e r w i t t e r e n d
u n t e r d r ü c k e n d
s c h w ö r e n
ü b e r m i t t e l t
s a u n i e r s t
s p r e c h e   f r e i
v e r w i t t e r t e t
V e r g e w a l t i g e r
K ö n i g s t o c h t e r
F a h r s t ü h l e
N e u t r o n e n e i n f a n g q u e r s c h n i t t
u n t e r d r ü c k t e n
s c h w ö r t
h ä m m e r e s t
ü b e r m i t t e l t e n
b e s i e g e s t
u n t e r d r ü c k t e
s p a l t e
E i g e n b r ö t l e r e i e n
f l a m b i e r t e t
H o r n m o o s
D i c h t b ä n d e r n
N e u t r o n e n
B e s ä u f n i s
E h r u n g
g l o s
B i n d u n g s p a r t n e r
B i n d u n g s p a r t n e r
m o p s t e n
T a k e l a g e
A u ß e n s e i t e r
B u l g a r e n
E t h n o l o g e n
F o n d u e s
G e w a l t t ä t e r i n
s a u n i e r t e s t
A u ß e n s e i t e r
E t h n o l o g e n
V e r s i o n e n
D i n g o s
U n d e r d o g
N ä h t e
f u n k t i o n a l i s i e r t e t
N a m e n s g e b e r
N a h r u n g
h ä m m e r t e s t
D i o x i d e n
g l a u b t e t
ü b e r m i t t l e
B i n d u n g s p a r t n e r s
u n t e r d r ü c k t
m a l t r ä t i e r t e s t
C a l c i u m o x i d
w i t t e r e
E r z i e l u n g e n
N a m e n s g e b e r
f e s t i g e n d
m o p s t e n
F u n k t i o n a l i t ä t
G r u b e
N e u e r u n g
P u r z e l b a u m
ü b e r m i t t e l t e
D i o x i d
e r t r a g e t
N e u t r o n e n
N a h r u n g
p r e d i g s t
F a l l g a t t e r
w i t t e r e
G e w a l t t ä t e r i n n e n
s p a l t e
N e u t r o n e n
v e r w i t t e r t e s t
N a h t
T r a g e
u n t e r d r ü c k e t
T r i s u l f i d e n
G y n ä k o l o g e n
f l a m b i e r t e s t
N ü r n b e r g e r
N ü r n b e r g e r
G e w a l t t ä t e r i n
f l a m b i e r e s t
Z w e t s c h g e n
g l a u b t e s t
a h n t e s t
k l o n t
E i n s t i e g
A n i s e t t e
D i e n s t a g a b e n d
g e m a h l e n
S t r a ß e n s e i t e n
A l m e n
S t r a ß e n s e i t e n
K u l t u s m i n i s t e r i e n
C a l v i n i s t e n
F u n d a m e n t
G e w ü r z e n
g l o s e t
G e y s i r e
A u ß e n s e i t e r
F u n k t i o n a l i t ä t e n
K u l t u s m i n i s t e r i e n
ü b e r m i t t e l t e t
Z i m t z i c k e
C u r i u m
C a l v i n i s t e n
w e i ß e
E i n s t i e g
P r i v a t p a t i e n t i n n e n
A b o n n e n t e n
S a m s t a g a b e n d
E i w e i ß s y n t h e s e
S a m s t a g a b e n d
Z w e t s c h g e
u n t e r d r ü c k t
B r i e f ö f f n e r
A b o n n e n t e n
A p o p l e x i e
u n t e r d r ü c k t e s t
L u n g e n k r a n k h e i t
D i s t i b a n e n
L u n g e n k r a n k h e i t
b r e m s e n   a b
Z i m t z i c k e n
W o r t l i s t e n
L u n g e n k r a n k h e i t
e r t r a g e s t
Q u a c k s a l b e r e i e n
v e r s c h l ö s s e
b r e m s e n   a b
Q u a c k s a l b e r e i e n
E h r u n g e n
P i k e n
P i k e n
B e u g u n g
F o o t b a l l s
A n i s e t t e
v e r w a r f e n
w i t t e r t e
w i t t e r t e
B u s e n f r e u n d
B i o g a s e
H a u s a u f g a b e n
u n t e r d r ü c k e s t
A p o p l e x i e
W o r t l i s t e n
B r i e f ö f f n e r
m e u t e r t e s t
E i s z a p f e n
B i o g a s e
H a u t k o n t a k t e
E n t f ü h r e r
E l e k t r o d y n a m i k e n
B r i e f ö f f n e r
F u n k t i o n s a b s c h l u s s e s
B a s i s k l a s s e n
A u f e n t h a l t s o r t e
W a g e n r ü c k l ä u f e n
E k z e m
A k z e n t
E i n f a r b a m e i s e n w ü r g e r
b e q u e m b t e n
K o k o s ö l
s c h w ö r e t
e r t r ä g t
A k z e n t
m ö p p e r t e n
A p o p l e x i e n
B o c k s h ö r n e r
S a m s t a g a b e n d e n
u n t e r d r ü c k t e s t
g e m e l d e t
v e r w a r f t
s p a l t e t e
s t r ä u b t e
E k z e m
A u s w a n d e r e r
f e s t i g e
T a k e l a g e
B o c k s h ö r n e r
ü b e r m i t t e l t e s t
g e w ä h l t
T e m p e r a t u r e n
B o r o s i l i k a t e
N a d e l h ö l z e r n
H a u s a u f g a b e n
V e t t e r n
B a s i s k l a s s e n
F a l l g a t t e r s
m ö p p e r t e n
a t m e
L u n g e n k r a n k h e i t e n
A r a g o n i t e
L u n g e n k r a n k h e i t e n
A u f e n t h a l t s o r t e s
E i n f a r b a m e i s e n w ü r g e r
H a n s e a t e n
A p o p l e x i e n
m o p s t e
M a n d e l b ä u m e
D y s t o p i e n
R a z z i e n
m ö p p e r n
t a g e
U n t e r
B e u g u n g e n
G ö n n e n
S t r a ß e n s e i t e
A b k ü h l u n g
s t r ä u b t e
D y s t o p i e n
R a z z i a
P l ü n d e r i n
G e y s i r e s
L a n d s c h a f t
D i e n s t a g a b e n d e
F u n d a m e n t e
F u n d a m e n t e
S a x o p h o n e
A u s n a h m e z u s t a n d
E i n f a r b a m e i s e n w ü r g e r s
w e i ß t e
K o k o s ö l e
a t m e t e n
H a u p t s i t z
s p a l t e t
V o l k s s p o r t
L a n d s c h a f t
L a n d s c h a f t e n
w a r f   w e g
N a d e l w a l d e s
D V D - S p i e l e r n
H e l m e s
L a n d s c h a f t
H a u t k o n t a k t
W a g e n r ü c k l ä u f e
H a u t k o n t a k t
A k z e n t e
b e q u e m b t
S a x o p h o n s
P f u h l e s
U n d e r d o g s
B e s ä u f n i s s e n
T r a m p e l p f a d
B u t t
U n d e r d o g s
D e x t r o s e n
B r i e f ö f f n e r s
A u s n a h m e z u s t ä n d e
D a m a s t g e w e b e
A n i s e t t e s
f e s t i g e
T a g e s b e d a r f
B i o g a s e s
m o p s t e t
E r l k ö n i g e
M a s k e
s p a l t e t e t
A b k ü h l u n g
s c h w a n d e s t
V o r b a u t e n
b r e m s t e   a b
b r e m s t e   a b
E n t w u r z e l u n g
D e x t r o s e
A b k ü h l u n g e n
s p a l t e t e s t
R a u t e
s p a l t e s t
N u t z e n
f e s t i g t e t
m ö p p e r t e
E n t w u r z e l u n g e n
A m i d e s
e r t r ü g e
e r t r u g s t
P u r z e l b a u m e s
F o r t s
S u b s t a n z
s t r ä u b t e s t
R a u t e
E n t w i c k l u n g
b e q u e m b t e s t
C i t r a t
T e p u i - T r o p f e n a m e i s e n w ü r g e r
M a g e n e n t z ü n d u n g e n
C i t r a t
F o r t s
H a u s f r a u e n
b e q u e m b
H a u t k o n t a k t e
A u s b a u
E n t w u r z e l u n g
N u t z e n
V o r k o s t e r
e r t r u g
j u c k e n
s p a l t e t e s t
L e b e n s l ü g e n
B a b y
s t r ö m e n
m ö p p e r t e s t
a t m e t e t
t ö t e n d
t ö t e n
t ö t e n
F ü l l s t a n d
C u r i u m s
G ö n n e n s
C l o u s
V o l k s s p o r t e
w e r f e n   w e g
s t r ö m t e n
F a s s
L e b e n s l ü g e n
L a n d s c h a f t
g e g l a u b t
t a g t e
d ü r f e n
b e w a f f n e
E r l k ö n i g s
S ü ß h o l z
m ö p p r e
K a t a m a r a n s
b e w a f f n e t
k a u f e n   e i n
I n d u k t i o n s s p a n n u n g e n
C l o u s
j u c k t e n
b e w a f f n e t
G e f ä ß e
Z u s t ä n d i g k e i t e n
d ü r f e n
J u d e n h a s s
Z u s t ä n d i g k e i t
s t e l l t e   z u s a m m e n
L a y s a n e n t e n
t a g
j u c k t e n
C l o u s
g e w i t t e r t
P a m p a s k a t z e n
P a m p a s k a t z e
O p t i m u m
A u s b a u e
F ü r s t p r i m a t e n
P a m p a s k a t z e
g e k l o n t
s t r ö m t e
J u d e n h a s s
U n t e r s
b e w a f f n e s t
b e w a f f n e t e
b e w a f f n e
m ö p p r e
s t r ö m t e
F ü l l s t a n d e s
s t r ö m e
A f f r o n t
b e w a f f n e t e
Z y k l o p e n
O z e a n
s t r ö m e t
L ö t m e t a l l e n
s t e l l t e   z u s a m m e n
Ä g y p t o l o g i n n e n
O z e a n
s t r ö m t
a t m e s t
Ä g y p t o l o g i n n e n
ü b e r s t a n d e n
G r o ß f ü r s t e n
E u x e n i t
A v a n t g a r d e - K ü n s t e n
A v a n t g a r d e - K u n s t
Ä g y p t o l o g i n
s t r ö m t e t
L e u k o x e n e n
S ü ß h ö l z e r
ü b e r s t ä n d e
D i n g w ö r t e r
j u c k e
d ü r f e t
s t r ö m e s t
L ö t m e t a l l e
L ö t m e t a l l e
J a s m i n e
s t a t t e n   a u s
A v a n t g a r d e - K ü n s t e
Ö l q u e l l e
g e m o p t s
s t r ö m s t
H u b e s
Ö l q u e l l e
t ö t e t
w a r f t   w e g
j u c k t
Ö l q u e l l e
L e u k o x e n e
s t a t t e t e   a u s
O m e g a s
L o b e
I n f a n t e n
s t a t t e t   a u s
w ü r f e t   w e g
I n f a n t e n
I n f a n t e n
s t a t t e t e   a u s
J ü n g e r
g e t a g t
J ü n g e r
s t a t t e s t   a u s
J ü n g e r
J ü n g e r
Z ü n d p u n k t e s
