з ү ү л т э э с
и ш и д
с и м ф о н и о с
з а р л а г а д
а а л з а а
и ж и л с л э э р
х и р с э э
с э ж и г т э н т э й
б а д г а а р
б а р и л г а д
а д м и р а л ы г
г а д а р г у у т а й
о р г и л о о
м а т е р и а л и з м а а
о р о м ж т о й
с и й р э г ж и н г э э
э м н э л э г т
х о н х н о о с
з э м л э л д
ш у у р г а н а а с
д о в о о
х а н ш а а р
ж и ч и й н
с а м п и н г а а с
ш э э с э э с
з а л г а м ж л а л ы г
т о в ч и й г
э м э г ч н и й
ц а х л а й н а а с
т э н ү ү л т э й
м а н д о л и н а а
ц э ц э р л э г т
ү р ч л э э т э й
х о р в о о г о о р
б и е л л э э с
б ө ө н д м ө ө р
б а д м и н т о н т о й
т и в э э
ц о ч р о л ы г
б ү л э г л э л э э
о н ц л о г т
а р г а а
а н г а а х а й т а й
ү з э г д л и й н
х о т ж и л т ы н
э р г ү ү г э э р
ц о м о о с
д у у л а а ч и й г
д э э в э р т э й
а р х и й г
а н а л и з т а й
н э р и й г
б а р и л г а т а й
ү р д
х ө д ө л м ө р ө ө р
б о д л о о с
х а м г а а л а л т т а й
ё ж л о л т о й
ж а я г и й н
п и н г
б у у д а л т а й
з о х и ц у у л а г ч и й г
х ү ү х э л д э й н
и ч э э г э э
м э р г э ш и л д
б о д р о л о о р
б э л х ү ү с т э й
н о г т н о о с
н э м э г д л и й г
ж о о т у у г а а р
з а р ч и м т а й
д э л э э р
д ү ү ж л ү ү р э э р
э м н э л г э э
о й л г о л т о д
м а с ш т а б т
ш ү т э э н д
з у р а а ч а а с
а в с т а й
ц у г л у у л а г ч т а й
т э р г ү ү л э г ч э э р
б и е л л э э р
б и ч э э с н и й
а р х и а р
х а л ь с т а й
г о л ы н
х а р ь я а л л а а с
с о й з о о р
б а х а р х л ы г
э в с л э э
з э в ү ү ц э л д
ф и л о с о ф и о р
х у р и м ы г
н о г д л о о р
б а д а г т
т у у р а й н
б о д л о о р
т е к с т и й н
и с г э э
э т г э э д э э
с у у р и а с
у р и а н д
х а л и м д
х ү н д р э л и й г
э э л ж э э
ү с ч н и й г
м ө р г ө л д ө ө н ө ө р
х и й л ч и й г
д о н с о л г о о г о о р
х ө р г ө ө р
д о в ы г
д ү н г э э р
н и й г м э э
ү й л д л э э
с у д л а а ч а а р
т у р ш и л т а а
м ө р д ө л т ө д
д ү ү ж и н г э э
ш ү д э э с
б и о л о г и о с
о л б о р л о л т ы н
ү е э л э э с
х о х и р л ы г
х о ш у у ч л а г ч а а р
а ч л а л ы г
т э э в э р л э л т и й н
б а р ь ч и х
у с т г а л а а
х ү н э э с
х у в а а р и л а л т а а р
х ү н д р э л д
ц и р к и й н
ж и г ш л э э р
к о д о о с
г э р л э л т э э р
д у р с а м ж и й н
э х л э л д
г а й х л а а с
е р т ө н ц ө д
н и й г э м д
м о о д н о о с
б а д а г т а й
ө ө р ч л ө г ч и й н
и л л э г э э
г а й х л ы г
ц а в у у г а а
х а р и у ц л а г а д
д э э с и й г
ж а н ж н а а
б ү р э э с э э р
у р и а н ы
о п е р а т о р ы г
и н д у к ц и й н
г а л у у н д
а м т а а
ч и й г ш л э э с
х у у р а й д
о й л т ы н
н у у р ы г
ө в ө л д
т а н г о н д
н а й м а а г а а р
э д э э с
ё р о о л о о р
п и н г э э р
э з э м ш и л т э й
э в д р э л т э й
м ө р г ө л д ө ө н ө ө
г а х и у р а а
ц о х и о г о о
н и й л б э р э э с
у я н г ы г
н а а л д ц а а с
а н г и л а л д
ж о д о о н д
ш ү т э э н э э с
е р ө н х и й л ө г ч ө ө с
д а й ч и л г а а г
ш у д а р г а а р
ц и л и н д р э э с
д ү н г
ш а т а а г ч т а й
б у у р ц г и й н
е р ө н х и й л ө г ч и й г
у у р х а й г а а
ш п а г е т т и н ы
х а р а а г
ц а а с н а а с
х а л д л а г а д
г о л о о с
г я л т г а н у у р т а й
х у у л ь ч а а с
с у д л а а ч и д
б а р и в ч и л г а а н а а с
б и е л л э э
д а х и л т а а с
а г ш и л т а а р
ш у н а л т а й
б а р ь ц а л д а а н ы
х у л м а с т а й
р а ц и о н а л и з м а а с
у у р ш и л т ы г
а л х а а г а а р
х э л м э г д ч и х
э н д э л д
б а й г у у л а м ж и д
б а р ь ц а л д а а н д
ш ү р ш и г ч и д
к а п с у л а а
ө ө х н ө ө с
х а в ц л ы г
т ө р и й г
б а й н г а т а й
э э л ж э э с
х о р и в о л
у с т г а л т а й
д а в т а м ж и й г
я л г а а г
х у в ь с г а г ч и й г
м ө л ж л ө г и й г
б а р и м т а д
т у у л а й г
м ө г ө ө р с т э й
у ц а а р ы н
х у в ь с л а а р
о й л г о л т т о й
б а й н г а а
с э ж ү ү р т э й
г у л с у у р а а р
з ө р ч и г ч ө ө с
з ү р х и й г
у н ш и г ч т а й
б а г ш а а с
д о г о л д о л д
н я г т а р ш л ы н
т э р г ү ү л э г ч э э
а р г а т а й
з ө р ч и г ч т э й
х у й л а а с н а а с
ц а х л а й г
д о р г и о н ы
б а р м е н д
т э в х э д ь е
т о н ш у у л а а
ө ө х ө н д
х а н г а л т а а
и л л э г т э й
с о й з о н д
с ү р д ү ү л г э э р
и н т е р н э т т э й
