л а а г а а
у р и а г а а р
х а р а а г а а р
я л г а а г а а р
ү р ч л э э г э э р
д у у н а а с
д у р а а р
ц а г д а а г и й н
д у у н ы
д у р а н д
б а й н г а т а й
д у р ы г
б э л д
х о т ж и ц г о о
х о р в о о г и й н
т э в х э д ж э э
с у у ц а д
х о р и в о л
а в х у у л с а н
т о в о й г о о с о й
х о р ь ё
х о н х н о о с
ш п а г е т т и н ы
д у л а а р а л г ү й
б и о л о г и о с
а ж и л л а ч и х
т о в о й з н о
т о в ч и й н
о в о о л о н г о о
э э л ж и д
д у л а а р а н г а а
э в д э ч ч и х
и р в э г э н э е
н о г т о н д
х ү ч т э й
н у х ц а д
х э л м э г д э в
э э т и й н г э э
б а р м е н д
х ү ч н и й
о р о г н о т о л
а ж и л л а л а а
б о с г о д
о р о г н о з н о
н о г т н о о с
а в х у у л а в
а в х у у л м а г ц
м а н д о л и н ы
с о й з о н д
х ү н э э с
а в х у у л м а а р
я л г а а г
к о ф е н о о с
и р в э г э н э ч и х
х э л м э г д ч и х
я а м н ы
э р д э с т
ш у у р г а н а а с
ү е э л и й н
б и е л л э э
э в д э ч м э г ц
у г ж н ы
х у у д а с н а а с
ү р г э э г ч э э с
у я н г ы н
о р о г н о ц г о о
о р о г н о с о н
с о й з н о о с
т у н а д а с н а а с
х о т о ж с о н
о н о ш н о о с
б о л о в с р у у л а л т т а й
и р в э г э н э э с э й
ө г ө ө ш и н д
у г ж н а а с
а в с н а а с
о в о о л м о о р
а м и н а а с
б и е л л э э с
б и о л о г и д
б а р и м а г ц
а д а а
б и е л л э э р
ү з ү ү л э н г э э
д а м ы н
и р в э г э н э в э л
ц ө м ч ь е
и р в э г э н э л г ү й
о н ц л о г и й г
а в а а р ы г
д а м а а с
м о о д н о о с
ш а р ы н
ү з ү ү л э н г э э с
а а л з а а
а н г а а х а й г а а
х у у д с а н д
ү н э э с
н у х ц ы н
а ч а а н а а с
а а л з т а й
у ц а а р т а й
с а в н а а с
о в о р т
б э л и й н
ш э э с э э с
т у у р а й н а а с
х а а н ы г
э э л ж э э с
а а л з н а а с
б э р э э с
э э л ж э э
а м т а а
м а с ш т а б т
х а н ш а а р
ц а г д а а т а й
х а ш а а н а а с
з у р а а ч а а с
х а г а р а л д
б а р ь с а н
т а р а а л т ы г
ш а т а а г ч т а й
б а д а г т а й
т а р а а л т ы н
б а г ш а а с
а в х у у л а а с а й
а н г а а х а й т а й
л а а н а а с
б ү р э э с т э й
з а р а а н ы
с а н а а т а й
а р г а а
а х м а д а а с
ц а в у у н а а с
у я н г а а с
а л т а а р
у ц а а р а а
г а д а р г а а р
х а ш л а г а н д
ү р т э й
б а х а р х а л т а й
ц а ц р а г а а с
а х м а д а а р
с у у ц а а с
б э л х ү ү с т э й
и ш и д
с а в а а р
т а с а л г а а г а а
а д ы г
ү ү т э й
х а р д а л т т а й
ш ү ү л т ү ү р э э с
д э э в э р т э й
з а р г а а с
ц а а с н а а с
х а р в а л т а а с
а р г а т а й
х а р а а г
н а а л д ц а а с
ч а н а р а а р
д а г а в р а а с
б а я р а а р
х а й р ц г а а с
э д э э
ө г ө ө ш н и й
ц а г д а а г а а р
т а с а л г а а т а й
ү ү л э э с
б э л т э й
з а л у у р а а с
у ц а а р ы н
э в д ч и л г ү й
б ү р э э с э э р
т а в и у р а а с
х а р а а н ы
б а д г а а с
ц о х и у р а а с
н а а д м а а с
ц а р а й н
с а н а л а а с
х а р и у ц л а г а а с
б у у д а л т а й
х и р с э э с
д а г а г ч т а й
ш у д а р г а а р
х а р у у с а л т а й
т у у р а й т а й
т а р х а л т а а
а л х а а н а а с
а н а л и з т а й
т э н ү ү л т э й
х а л ь с а н д
с а р х д а а р
с а н а л ы н
с а н а а г а а
м а н д о л и н а а
с э ж ү ү р т э й
э м э э л э э
т а с а л г а а г а а р
с а н а л ы г
ү ү с э л т э й
а в с т а й
ж а г с а а л а а с
э д э э с
х а ш а а н д
х а р а а н д
м а с ш т а б ы н
х а м т а т г а л а а с
э в э р т э й
х ү н д э э р
б а р и л г а а с
ч а н а р ы н
х э р э г ц э э г
у у р х а й н а а с
ү ү р г э э с
с а н х ү ү ч э э
э р г ү ү л э г т э й
з э в ү ү ц э л т э й
х у й л а а с а а р
ш а т ы г
х а в ч л а г а а
у р и а н а а с
ш у н а л т а й
б а р ь ц а л д а а т а й
у р в а л а а р
с э ж ү ү р э э р
б а р и м т а а с
б а р ь ц а л д а а н ы
а л х а а г а а р
ц а х л а й н а а с
д ү ү ж л ү ү р э э р
н а й з а а
г а д а р г у у т а й
з а х и а л а г ч т а й
н а й м а а т а й
г а х и у р а а с
ш а т а а г ч и й г
з ү ү л т э э с
с ү р э э с
а м л а л т а а р
т а с а л г а а н ы
ш у у р г а т а й
б а х а р х л ы г
х у й л а а с н а а с
д а й ч и л г а а г а а р
х у в а а р и л а л т а а р
д а в т а м ж а а с
ш у р г у у л г а а р
а р и у т г а л т а й
ш у у р г а а р
