с у у р и й н
ү й л д л э э
ц э в э р л э г э э н э э с
а н г а а х а й г а а
д а й ч и л г а а г
я л г а л т а д
р о б о т ы н
т о н ш у у л т а й
х у й л а а с а а р
ж а я г и й н
з о х и ц у у л а г ч т а й
а р х и й г
ш и в н э э г э э
з ө в л ө г ч и й г
к о м п а н и й н
м о д е л и й н
м ө р д ө л т и й н
б а т ж и л т а д
х у р д а а
м ө р г ө л д ө ө н ө ө
х о т о ж ч и х
ө ө р ч л ө г ч и й н
а д а а
х ө г ж и м ч н и й
с о р и л т о о
х у в ь с г а г ч и й г
ц о м о о с
г а х и у р а а р
т э р г ү ү л э г ч э э с
х э р э г ц э э г
ө в д ө г н и й
х а м т р а л ы г
и р в э г э н э э с э й
д а х и л т ы н
м ө р г ө л ч н ө ө р
ш а т ы г
д у р а н д
ц а х л а й г
с а в н а а с
э р г э л з э э н и й
у р в а л а а р
ё с о л г о о г о о р
э х л э л и й г
д а р у у л г а а р
ш у у р г а н а а с
х о н х о о
д ү н з э э
н я г т а р ш л ы н
а м и н а а с
б а й н г а т а й
с о р в и о
х а л ь с а н д
у с т г а л ы г
э р г ү ү л э г т э й
т о х и ж у у л а л т а а
с ү р д ү ү л г и й г
р а ц и о н а л и з м ы г
х о ч т о й
х ө ш м ө г ц
м э р г э ш и л д
ц а х л а й н а а с
а в х у у л м а а р
о п е р а т о р т
б а д м и н т о н ы
т ө г с ө г ч ө ө с
с э ж и г т э н д
о н ц л о г о о
х а в ч л а г а а
х о р в о о г и й н
у с т г а г ч и й г
ү ү л э э с
к л у б и й г
х а н д и в ы г
у д и р т г а л т а й
н я г т а р ш л а а с
х у я г т а й
к о ф е н о о с
ш а т н ы
с о й з о н д
н а с а н д
д а л а н г и й н
о н о о г о о
а я а
д ө н ж и й г
д а р а н г у й л а г ч и й г
т а л х ы г
х ө г ж и л т э й
а р х и а р
м э н г э т э й
у у р ш и л т ы г
и ш т э й
б о г ц о о
б э э л и й г э э
х а л ь с т а й
х и й л ч и й г
х э в ш л э э с
т о в х и м л ы н
з у г т у у л а а
а в ь я а с т н а а р
и с г и й н
т э в х э д ж э э
а н г и л л а а
ч и й г ш л э э с
б о х и й г
х ү н д р э л д
г а й х а л д
б а р и в ч и л г а а н а а с
ф а ш и з м д
б э л х ү ү с т э й
с и м ф о н и о
ж и г ш л э э р
ц о х и у р а а с
а м л а л т а а р
х ө г ж и л т э й
о в г и й г
я д а р г а а г
ш ө в х ө л ч и х
с о р в и о р
я л г а л т ы г
б о с г о о с
х у у л ь ч а а с
х у р и м т л а л а а р
н у г а с а а
ё ж л о л д
ч и в ч ү ү р т э й
т а с а л г а а н ы
з ө р ч л ө ө с
б э р э э с
х о р в о о г о о р
н и с г э г ч и д
ө г ө ө ш и н д
ш у у д а н ч и д
п и н г э э р
х у у р а й г а а
э ц э с т э й
х а р ь я а л л а а с
з э в ү ү ц э л т э й
а д ы г
ц и р к и й н
м э р г э ш л и й н
а м ь с г а л ы н
н и й ц э л д
ө н г ө л ө н г ө ө
х э л м э г д ч и х
х а л и м д
з а р ч и м т а й
н и й г м э э
б а р и л г а а р
и ч э э г э э
ц а г д а а т а й
ж о о т у у н д
с и й р э г ж и н г э э
з а в и й г
т э в х э д ь е
х у д г а а р
ү с р э л т и й н
т о в ч о о
х у в ь с л а а р
с о р и л т т о й
к а р т т а й
ү ү р г э э р
ш э э с э э с
т у н а д а с н а а с
б у у д а л т а й
б а й г у у л а м ж и д
з о р ч и г ч о о
х а р и у ц л а г а а с
х у ч и л т а а р
з э в ү ү ц э л д
ц о ч р о л ы г
д у у д л а г а т а й
а в х у у л а а с а й
ү р т э й
т у с г а а р л а л т а а р
х о т ж и л т ы н
н и д р ү ү л э г т
ч и ч и р х и й л л и й г
о й л т ы н
г а й х л а а с
б а й г у у л л а г а а р
х э в л э г ч и й г
с л а й д ы г
и ш и д
х о в с ы н
г у л с у у р а а с
д а м а а с
м ө р г ө л д ө ө н ө ө р
г о л о о с
с у д л а а ч а а р
ө р ц и й г
л о г и к и й г
х у л м а с т а й
з ү л г э э с
ш ү т э э н д
б а д а г т а й
т а м ы г
с ү й т э й
т о в ч и й н
х у л у у н а а с
м ө р д ө г ч ө ө с
ү р г э э г ч э э с
х ө ш т ө л
т о в ч и й г
с и м ф о н и й г
д у р а а р
ш у д а р г а а р
у я н г а а с
г а р и г т а й
ш а т а а г ч и й г
ж и ч и й н
я а м а н д
э э л ж э э с
н у х ц ы н
м э т г э л ц э г ч и й н
т о г т в о р ж и л т о о
н а а д м а а с
с о й з о о р
н а й з а а
н а й м а а т а й
х э л м э г д э в
ш о р о о т о й
х ү н д э э р
б у л и н г а р а а с
ш о х о й ж в о л
б а р ь с а н
э р г э л з э э г э э р
д а а ж и г н а л ы н
д у г у й т а й
г а д а р г у у т а й
х а р а а г а а р
х а м г а а л а л т т а й
г а х и у р а а
у р и а н д
м ө х л ө ө с
х а ш а а н а а с
з у р а г л а а ч и д
ш ү р ш и г ч и й н
ч и й г ш л и й н
ф а ш и з м ы г
ж ү ч э э н д
б о д р о л т о й
и с г э э
ү н э э с
з а р г ы г
т а с л а л т т а й
ү е э л и й н
ү с р э л т э э
т э р г ү ү л э г ч э э
м ө г ө ө р с ө ө
т э в х э д м э э р
