д у г у й д
к о н с у л д
с а н х ү ү ч э э с
а р и у т г а л а а с
х о в и л о о
д а р а н г у й л а г ч а а
э р г ү ү т э й
а г ш и л т ы н
н и с г э г ч э э
а н а л и з а д
т а н г о т о й
н у м а а р
а я л г а т а й
н а й з а д
б а й г у у л л а г ы г
б а й г у у л л а г а д
ц у л б у у р а а р
д э м ж л э г и й г
у у л з в а р т а й
х у р д а т г а л т а й
д о н г о о
ө м ч ө ө
ч и й г ш л и й г
ц э н г ү ү н д
н а а л д ц ы н
о л б о р л о л т о о р
б ө ө н д ө ө с э й
н ө л ө ө н д
х э л м э г д э г
т ө с ө ө л л ө ө р
т о г т в о р ж и л т о о с
х о х и р л о о с
и ш и й н
ө ө р ч л ө г ч ө ө
з о р и л т о о
у н ш и г ч и й г
ө н д г ө в ч ө ө р
у р а г ш л а н г а а
б у у р ц а г т а й
м а г а д л а л ы н
а ч л а л а а
у р и л г а а с
б а х а р х л а а с
г ү ү р э н д
ц о ч р о л т о й
т ө р ө ө
л о г и к о о р
х ү н д э т г э л э э
х и й л ч и д
ө ө р ч л ө л т ө ө р
м о о д о о р
д а в т а м ж и й н
г а з р а а р
д у у д л а г ы н
х у у р а й г
а а л з а а р
у ц а а р а а р
э м н э л г э э р
б ү р э э с э э
с у в г и й н
ү з ү ү л э н г э э р
ө в д ө г т э й
у л н а а с
б у т т а й
с у у ц ы г
б о л ж м о р ы г
у р и л г ы н
о с о л д
х у р д а н д
т э в ч э э р т э й
э з э м ш л э э с
б ө ө л ж и с н и й
х ө л и й г
х у д а л д а г ч а а р
с а р х д ы н
н о ё н ы г
с у д л а а ч а а
г у й л т а а с
э э л ж т э й
у у с м а л ы г
ө н г ө л ү ү л
т э г э э
б а г т а а м ж и й г
а в х у у л
д э л э э
з а а г а а с
г а р и г т
д а л а н т а й
ө в ө л т э й
н и й ц л э э с
а м л а л т ы н
т а в и у р ы г
т ө г с ө г ч и й н
л а а г а а р
х э в л э л э э
н у у р ы н
х а р у у л а а р
э т г э э д т э й
з ө ө г ч и й н
т а г т а а г а а р
ц о х и о г о о р
х а д у у р т
ц э в э р л э г э э г э э р
ү ү н и й
с о р и л г о т о й
б а й ц а а г ч т а й
з а л г а а с а а
у н ш и г ч а а с
х о ц р о г ч и й г
к у р с т э й
х а р у у с л а а
ү е р х л э э
п а с п о р т о о
ө в д г ө н д
х ү н д э т г э л э э с
ө р ө м д л ө г т
ц э н г ү ү н э э р
с э ж и г т э й
ч и в ч ү ү р э э с
з а в ь т а й
э ш л э л т э й
ө н г ө л ц г ө ө
с о р у у л а а
ү ү с л и й н
а р д ч и л а л т а й
к р е д и т э э с
т э в х э д м э г ц
д о в ы н
а д м и р а л ы н
т а с л а л т а а р
б э с р э г и й г
т о н ш у у л ы г
х э в л и й н
а х а а с
х э р г э э с
х о ш у у ч л а г ч т а й
д ү н з э н д
д и с к и й н
н у у ц л а л ы г
з ө р л ө г т
х о н х о н д
ц э э р э э р
н и й л б э р и й г
д а г а г ч и д
х а й л т а а с
т о н ш у у л д
у л н ы
а м т ы г
а м ж и л т а а
т о х и ж у у л а л т т а й
х э р г э э
а ш г а а с
к о ф е й н ы
д э л г ү ү р и й н
х а м т а т г а л д
х э в л и й г э э
н а а л т а а с
д а я а р ш м а а р
э э ж и й г
д о н с о л г о о н ы
с о н и р х л о о с
б э с р э г т э й
д и с к э э
ц а ц р а г а а
а д м и р а л а а р
с у в д т а й
и ч э э г
н а а л т ы н
г я л т г а н у у р ы н
а н г и л л ы н
т е к с т э д
д э э в р и й н
с л а й д ы н
ц ө м ч м ө г ц
х у р и м т л а л а а
к о д ы г
д у у л г а н д
т и в э э р
с э д в э э с
д о н с о л г о о г о о
г ү ү р и й г
з э с э д
г у я а н д
т у й л а а
х а а л г а ч а а с
а ч а а г а а р
у ц а а р а а с
х о р и м о г ц
д а й ч и л г а а т а й
т и т м и й г
ц о х и о т о й
л е к т о р ы г
г а л з у у р л а а р
т о с н о о с
б а р м е н и й г
у р г а ц а д
х ү ч э э
ү р ч л э э н и й
и ч э э г э э р
ү з ү ү л б э р т э й
ц э н г э л т э й
х а а н а а с
а р и у т г а л а а р
б а й л д а а н а а р
н ү х э н д
з о р и л т т о й
г у я ы г
ш у н а л ы г
б ө ө н д ө н г ө ө
х о ч и н д
б а р и н г а а
в а л ь с ы н
д э л х и й г э э с
з а л у у р т а й
н а а д а м т а й
д а м а а
и м и й г
з а л у у р т
х ө д ө л г ө ө н ө ө
с а н у у л г ы н
с у в д а а с
т а м а а р
м ө р д ө г ч т э й
ө н г ө л т ө л
х у л у у г а а
х у я г а а
х о в и л д
с а в л у у р т а й
н э х и й т э й
т о в ч л о л ы н
о р о м ж о о с
э д э л г э э н д
ү р э э р
п р о д а к ш н т а й
ё г т л о л о о р
д о н т н ы
э р х э с т э й
у р а г ш л ъ я
х ө р ө н г ө т н ө ө р
т у й л ы н
с о н и р х о л т о й
ш у н а л д
б ө ө л ж с ө ө
к о д о о
м э н г э н д
с о р и л т ы г
с о р у у л ы н
г а р и г и й г
ц у г л у у л а г ч и й н
н и й г м и й г
х а н д и в а а р
т э в ч э э р э э
ү ү г э э
х а н д и в т а й
б а р и м т а а р
т у у л а й н а а с
х у р д а а
х а м т р а л а а с
г а л у у т а й
х э р э г ц э э н э э с
г а х и у р а а р
ш у н а л ы н
т ү ү х э э
х а р и у ц л а г а д
н а а л т а д
х у у р а й д
б а й л д а а н ы г
у у р х а й г а а р
х а м г а а л а л т т а й
ш ү д э э с
б а р и л г а т а й
т а м ы г
т а в и у р а а
д э л э э р
с о р в и о
т у л а а н а а с
и ш т э й
х у у р а й г а а
б а р ь ц а л д а а н д
х у р д а т г а л а а р
б а р и л г а а р
з э в ү ү ц э л д
н а с а а р
э в д ч э э с э й
ц а в у у г а а
б а й г у у л л а г а а р
д а р а н г у й л а л т а й
ү ү р г э э р
ц о о ж и й г
ш ү ү л т ү ү р т
ш ү т э э н э э с
х ө ш ч и х
х а м т р а л а а р
м а г а д л а л а а с
а ч л а л ы г
д а х и л т а а с
м а н с у у р а л т а й
х а н г а л т а а
д а х и л т а а р
а ш г а а р
б а й д л а а р
ү р ч л э э т э й
з у р а а ч и й г
н а й з т а й
э ц э с т э й
ч и в ч ү ү р т э й
э р г ү ү г э э р
з у л а й т а й
ш у у д а й н
т у у р а й н
а м л а л т а а
з э в ү ү ц л э э р
б э р д
с ү р э э р
х а л д л а г а д
д а р х л а а г а а
г а р и г т а й
д а р у у л г а а р
у х а г д а х у у н а а р
б а р и в ч и л г а а н а а с
б а х а р х л ы н
х у й л а а с ы г
а м т т а й
б а й л д а а н ы
ү й л д э л т э й
х э р с ү ү г э э р
ш о р о о т о й
г а д а р г ы н
з а в и й г
х э м ж ү ү р и й г
з у р в а с а а р
д у у д л а г а т а й
о п е р а т о р а а р
з ү р х э э с
б э э л и й д
г а х и у р ы г
х а р в а л т а д
б а д г а а р
а м ж и л т а а р
и р в э г э н э м э г ц
ү е э л э э с
б о с г о о с
э н д л э э р
ц у л б у у р а а с
з а р ч и м т а й
а г ш и л т а а р
а д м и р а л ы г
ш и в н э э т э й
г а х и у р а а
т а л х ы г
з а р л а г ы н
б а д м и н т о н т о й
б а р и м т т а й
т а х и а г а а р
ү е э л э э р
х о в с ы г
з а а г и й г
э м н э л э г т э й
х а я г а а с
д а в х а р г а д
с ү й т э й
д а р х л а а г а а р
б о л о в с р у у л а л т а а с
я в ц т а й
з а р л а г а д
э в д р э л т э й
х у л м а с т а й
х а м т р а л ы г
д у у л а а ч и й г
б э л г э в ч т э й
т а с л а л т т а й
б а й н г а а
с у д л а а ч а а р
х э в л э л э э с
ц а а с н ы
с о р в и о р
д о в ы г
ш у р г у у л г а т а й
х у л м а с н а а с
м ө г ө ө р с т э й
х а н д и в ы г
б э э л и й г э э
о п е р а т о р а а
р о б о т ы н
ө г ө ө ш н ө ө с
а д г у у с ы г
с а м у у н а а р
а л д а р т н ы г
т у с г а а р л а л т а а р
б о д р о л т о й
у у р х а й г а а
ү н э л э м ж э э р
ү р д
з у г т л а г а а с
э т г э э д э э
д а а ж и г н а л ы н
э д и й н
ү с р э л т э э
ц а х л а й д
ч и м э э т э й
з а й н
о в р о о
х у а н л и а
с у в д а а р
с у у ц т а й
т у л а а н а а
б о д и с т о й
с л а й д а д
д у н т а й
о р о м ж т о й
у р л а г а а
д у у л а а ч и й н
р а ц и о н а л и з м а а
х а л ь с т а й
т о н ш у у л т а й
ү ү р г э в ч э э р
э н д л э э
х о ш у у ч л а г ч а а
б а д а г т
т у у л а й н
н а й м а а г а а р
д э э в р и й г
з а в и а
т а г т а а г а а
д а х и л т ы н
н у р у у н ы
б э р и й г
с э ж ү ү р и й н
х о ш у у ч л а г ч а а р
г ү ү р н и й
г а л у у г а а
э м э э л и й г
х а в ц л ы г
б у у д а л д
х о ч т о й
а р х и й г
х у р и м т л а л а а р
х у л у у н а а с
т о х и ж у у л а л т а а
ж о о т у у г а а р
у р а г ш л а в
б а й г у у л а м ж и й г
и ч э э г э э
т а х и а г а а
т у у л а й г
к а р т т а й
х и р с э э
ц а х л а й г
з э в ү ү ц л и й г
х у р д а т г а л д
э д э л г э э н э э с
д а м а а р
д а в т а м ж и й г
а л д а р т н ы
х э л и й г
г а р и г а а с
э р д э м т э н д
г а й х а л д
м ө н х ө ө с
з э в ү ү ц л и й н
д ү н з э э
х э в ш л э э с
ж о о т у у н д
б у р т г а а с
д ү н г э э р
з а л г а м ж л а л д
ү ү р э г т
з у р а г л а а ч и д
с ү л ж э э г э э р
т у с г а а р л а л т ы н
у с т г а л т а й
т у с г а а р л а л т а д
з о р и л т ы н
т ү л х ү ү р и й н
ш ү т э э н д
с л а й д ы г
г у л с у у р а а с
э н д э л д
г у л с у у р а а р
ө р ц и й г
з а л г а м ж л а л ы г
р а ц и о н а л и з м а а с
у л а н г и р а а с
т у с г а а р л а л т т а й
а я а
э з э м ш и л т э й
г а й х л а а с
д у г у й т а й
м э н г э т э й
ж о о т у у г а а
ш и л б и й г
з а р г ы г
д э л г ү ү р и й г
э р г э л з э э г э э р
г а й х л ы г
с э ж и г т э н т э й
д а г а г ч и й г
з у г т у у л а а р
т у л а а н ы
у г ж а а р
х у д г а а р
р о б о т о о с
у г ж а а
х а р у у с л ы г
х э м н э л т э э с
з ү ү л т э д
ү ү р г э в ч и й г
ш у у д а н ч и й г
т ү л х ү ү р и й г
х и ч э э л д
о п е р а т о р т а й
у у р ш и л т а а
ш ү р ш и г ч т э й
х а л ь с а а р
д а л а н г
б у т а а р
у у р ш и л т т а й
б а д м и н т о н ы
б о г ц о о
т э р г ү ү л э г ч э э
н и й л б э р э э с
а г ш и л т т а й
х у у л ь ч а а с
д э э с и й г
б у у д л а а
б у у д л а г ы н
э э т и й ж э э
н у у р ы г
ц у г л у у л а г ч т а й
и р г э н э э р
у у р ш и л т ы г
х у у л ь ч а а р
у д и р т г а л т а й
т ү ү х и й г
н у г а с а а
б ү л э г л э л э э с
х ү ү х э л д э й н
б а й г у у л а м ж и д
х ү н д р э л д
а р г ы н
ц о ч р о л ы г
я д а р г а а г
х ө ш ү ү р г и й г
ө ө х н ө ө с
г о л ы н
т э р г ү ү л э г ч э э р
а м ь д р а л ы н
с э ж ү ү р т
ц э в э р л э г э э н э э с
ш а т н ы
х и ч э э л и й г
д ү ү ж и н г э э р
х ү н д и й г
т о х и ж у у л а л т ы г
т э р г ү ү л э г ч э э с
ш а т а н д
т а г т а а н ы
т э э в э р л э л т э э с
б а р и л г а д
б у л и н г а р а а с
у р х и т а й
х у н г а а с
х а р у у с л ы н
ц о ч р о л ы н
б у р т г а а р
х у ч и л т а а р
с ү р д ү ү л г э э р
ү й л д л э э
т ү р э э с л э г ч э э
а н г и л а л д
б а р м е н э э р
х у й л а а с н ы
ш ү р ш и г ч э э с
т е к с т т э й
с у у р и й н
б у т н а а с
х о ч и й г
ш ү р ш и г ч э э р
х ө г ж и л т э й
у с т г а л а а
б о д л о о с
у с т г а л ы г
г э р л э л т э э р
б и ч э э с н и й
я а м т а й
б о х и й г
д о в о о
т о н ш у у л а а
з о х и ц у у л а г ч т а й
х у я г а а с
ж о р д
г у л с у у р а а
б а р и м т а д
х у я г т а й
х у ч л а г а д
ү с р э л т и й н
д а р а н г у й л а г ч и й г
у у л ч н а а с
ү р г ү й д э л д
и л л э г т э й
б о д р о л о о с
ж а н ж н а а
д а й ч и л г а а г
з ө р ч и г ч т э й
э в д р э л и й г
б у т ы г
ү з э м ж и й г
х а л и м д
т э э в э р л э л т и й н
а р с л а н д
ш у у р г ы г
а м ь с г а л а а р
з ү л г э э с
д э м ж л э г э э с
э ш л э л и й н
е р ө н х и й л ө г ч ө ө р
б ү л э г л э л э э
х у р и м ы г
х ү н д р э л и й г
х о н х о о
э х л э л и й г
б у у р ц г и й н
э м э г ч и н т э й
о н ц л о г т
о й л т ы н
а л т н ы
с о р о н з т о й
ш у м б а г ч и й г
х э в л и й г
о й г о о с
т э м д э г л э г э э г э э р
х э в л и й д
з ү л г э э р
ш и в н э э г э э
д у р с а м ж и й н
б ө ө н д с ө н
з у г т у у л а а
б о д р о л о о р
б о д о л т о о р
х ө г ж и л т э й
э м н э л г э э
г а л у у н д
э н г э р и й г
б о р ж и н д
д ү н д
ч и м э э г э э
с о й з о о р
г о л о о с
о й л г о л т ы г
у н ш и г ч т а й
с у в г а а
ү р ч л э э г
х у у л ь ч а а
э х л э л д
ц о м о о
ц и л и н д р э э с
т у р ш и л т а а
о р г о д л ы н
с у у р и а с
т о в ч и й г
з у г т у у л ы г
т ү р э э с л э г ч и й г
н у х а ц т а й
з а с в а р ч и н д
д а р а н г у й л л ы г
д ө н ж и й г
а р х и а р
б о д о л т о д
м о о д о о
ш ү р ш и г ч и й н
б а р м е н и й
ш ү р ш и г ч и й г
н и й л б э р э э
о й л г о л т т о й
э р г э л з э э н и й
с у в г а а р
х о в с ы н
о н о ш о о
х о т о ж в о л
к о д о о с
х о в о о г
н э х и й г э э с
б и е л э л д
д а р а н г у й л л ы н
э р х с и й н
х ү н и й г
с о р в и н о о с
о р о л д л о г о о с
б о д л о о р
х о т ж и л т ы н
г а й х а м ш и г т
ш у у д а н ч и д
н э р и й г
з о х и ц у у л а г ч и й г
г о р х и о
э з л э г ч и й г
а в ь я а с т н а а р
х э в л э г ч и й г
д ү ү ж и н г э э
с о р и л т т о й
с ү р д ү ү л г и й г
р а ц и о н а л и з м ы г
с э ж и г т э н д
т а н г о н д
ж о д о о н д
с у д л а а ч и д
д а л а н г и й н
д у у н д
т о в ч о о
м а т е р и а л и з м а а
д о г о л д о л д
ц ө с ө ө р
э д э л г э э н и й
н ө м р ө г т э й
х о ш у у ч л а г ч и д
б о л ж м о р т
х а р ь я а л л а а с
б я л д у у ч л а л ы н
т э в х э д м э э р
и л л э г э э с
з ө ө г ч ө ө с
ж ү ч э э н д
д ү н з и й г
т ө р и й г
и н т е р н э т т э й
б о л з о о г
о р о л д л о г ы н
с у в г а а с
х о х и р л ы г
о п е р а т о р ы г
у р х и а
х и й л ч и й г
з ү р х и й г
б и е ж и л т э э с
х э л м э г д э в
ө д н и й
ү р г ү й д л и й н
ж и г ш и л т э й
н у р у у н д
б а р ь ч и х
ц о ч р о л о о с
я н д а н г а а р
х э р г и й н
ө ө р ч л ө л т т э й
а м ь с г а л ы н
г я л т г а н у у р т а й
х я н а г ч и й н
н э м э г д л э э с
ч и й г ш л э э с
з ө р ч и г ч и й н
и л л э г э э
а н к е т т а й
о л б о р л о л т ы н
ш и л ж и л т э э р
х ө д с ө ө
о р м ы г
т и в э э
з у г т у у л д
с о н и р х о л д
э м н э л э г т
н и й ц л э э
н я г т а р ш л а а с
с ү с г э э
з у г т л а г ы н
э в с л э э
х ө р г и й г
м ө р д ө л т и й н
в а л ь с а а р
с о н и р х л ы г
у р а г ш и л с а н
ү н и й г
у с т г а г ч и й г
ө р ө ө г
д о н с о л г о о т о й
т о в ч л о л т о й
ц о м о о с
н и й г м э э
н и д р ү ү л э г т
ш у м б а г ч и д
а н г и л л а а
б а т ж и л т а д
у с т г а г ч и й н
б я л д у у ч л а л д
ж а н ж и н д
т о г т в о р ж и л т ы н
д о р г и о н ы
э г ч и й н
с а м п и н г а а с
ө н д г ө в ч и й г
и л г э э г ч и д
к у р с и й г
у р и а н д
ө р ц ө ө р
х о ц р о г ч о о
э н д л и й н
с и н д р о м т о й
я л г а л т т а й
х и р с т
у р и а н ы
х ө д ө л г ө ө н д
о с л ы г
о н о о г о о
о н о о г о о р
д у т а г д л ы н
н ү ү д л и й н
э м э г ч и н д
о й л г о л т о д
ш и в н э э н и й
ц э ц э р л э г т
о р л о г ч о о с
т о в ч и н д
т о х и р г о о н д
х ө г ж л и й н
у с т г а л д
н а с а н д
з ө в л ө г ч и й г
м а т е р и а л и з м д
н о г т о о
ж а я г и й н
ө в д ө г н и й
о р м о о
у д м ы г
о н ц л о г о о
х у в ь с л а а р
н я г т а р ш л ы н
н о м л о л т о й
м э т г э л ц э г ч и й н
г у л с у у р т
я л г а л т ы г
я а м а н д
б ө ө н д ө л г ү й
ө м ч и й г
ч и й г ш л и й н
ж и г ш л э э р
э в с э л д
б ө ө н д м ө ө р
н и й л э м ж и й н
ц о х и о г о о
с у в а г т
я л г а л т ы н
б о л з о о г о о р
ө ө р ч л ө г ч и й н
з ө г и й г ө ө р
а ш и г т
ш и л б э н и й
ч у л у у г
о р м о о р
ш ү р ш и г ч и д
м э р г э ш и л д
з ө р л ө г ө ө р
д ү н г
т е к с т э э р
м э р г э ш л и й н
з ө р ч и г ч ө ө с
ү з э г д л и й н
х а р ь я а л л ы н
о с л о о
х ө т ч и д
т о в х и м л ы н
з э м л э л д
з ө ө г ч ө ө
ө р ө ө г ө ө р
з ө р л ө г ө ө с
м ө р г ө л д ө ө н т э й
с о р и л т о о
х ө р г ө ө р
х ө д ө л г ө ө н и й г
я н д а н д
ө с г ө л т и й н
я л а г д л а а
т о г т в о р ж и л т о о
м э р и й л т э д
м ө х л ө ө с
ш и л ж и л т э э
э в с л и й г
т ө с ө ө л л ө ө
х ө д ө л м ө р ө ө р
ш о х о й ж в о л
х у в ь с г а г ч и й г
к а п с у л а а
о в г и й г
и с г э э
н э м э г д л и й г
и л л э г и й н
и ж и л с л э э р
х о р в о о г о о р
н о г д л о о р
д о н с о л г о о г о о р
к л у б и й г
х ө л с л ө г ч и д
б и е э р
м ө л ж л ө г и й г
н и й ц э л д
я в ц а а р
о р г и л о о
э м э г ч н и й
т ө г с ө г ч ө ө с
к о д ы н
ц и р к и й н
е р ө н х и й л ө г ч и й г
н о ё н т о й
з ү р х э н д
х о т о ж ч и х
х ө д ө л г ө ө н ө ө с
х ө ш д ө г
е р ө н х и й л ө г ч ө ө с
з ө р ч л ө ө с
х ө р ө н г ө т н и й г
х ө г ж л и й г
м ө х ө л д
ш ө в х ө л ч и х
г о р ь д л о г о о р
з ө в л ө м ж ө ө р
о п е р а т о р т
м о д е л и й н
и н д у к ц и й н
ө в ө л д
з ө в л ө г ч и д
н ө л ө ө н ө ө с
ж и ч и й н
и н т е р н э т э э р
э г ч и д
с и й р э г ж и н г э э
б ө ө н д в ө л
ү с ч н и й г
о ё д о л ч и н т о й
ф а ш и з м ы г
з о р ч и г ч о о
ш о х о й ж т о л
ш о х о й ж м о г ц
м ө г ө ө р с ө ө
ё р о о л о о р
н о м л о л д
н у м а н д
б ө г л ө ө г ө ө р
с и й р э г ж в э л
м ө р д ө л т ө д
ө ө х ө н д
х э л м э г д ч и х
п р о д а к ш н д
т э в х э д ь е
с и й р э г ж м э г ц
с и с т е м э э р
ш и л ж и л т э д
ф а ш и з м д
л о г и к и й г
д о л г и о г о о
м ө р д ө г ч ө ө с
х ө г ж л ө ө р
х ө г ж и м ч н и й
к о м п а н и й г
ч и ч и р х и й л л и й г
е р ө н х и й л ө г ч и д
и н т е р н э т и й г
н ө л ө ө н и й
с и м ф о н и й г
т е к с т и й н
ө н г ө л д ө г
х ө ш м ө г ц
ө ө р ч л ө г ч ө ө р
я л г а л т а д
н и й г э м д
к о м п а н и й н
м о д е л и о р
у я н г ы г
и с г и й н
я в ц ы г
т и т м и й н
ё ж л о л т о й
ө в л ө ө с
м ө р г ө л д ө ө н ө ө с
м ө н х ө д
м ө р г ө л ч н ө ө р
о ё д о л ч н о о с
м ө р г ө л д ө ө н ө ө р
х ө ш т ө л
н и с г э г ч и д
е г ө ө д л и й н
х о р ь с о н
г у я н ы
с и м ф о н и о с
к о ф е й н ы г
м о д е р н и з м о о с
ө в л ө ө р
н ө м р ө г т
м ө р г ө л д ө ө н ө ө
п и н г э э р
ө н г ө л ө н г ө ө
м а р к е т и н г т
е р т ө н ц ө д
к о ф е й н о о р
к о ф е й н о о с
с и м ф о н и о
ё с о л г о о г о о р
ё с о л г о о г о о
к о ф е г о о р
ё ж л о л д
ф и л о с о ф и о р
п и н д
п и н г
