a n   g e a r r s h n á i t h e
b r e i s e o i d h   s i a d
l e i s   a n   a l t a d h
a   b h r e i s e o d h
l e i s   n a   s m u t m h a d r a í
a n   d ó c h ú l a c h t
n a   r é i m s e t h e o i r i c e
t h o g h f a d h   s i b h
n a   n d á n l a n n
a n   t - a s c a s
d á   m b r e o i n n
a   a r a i l t
l e i s   a n   l u a i n
a   m h a g a i r l í
n a   l á n s t a d a n n a
a n   l i o p a - d h é a d a i g h
n a   p r í o m h o i f i g e
g o   n d í t h i o m s a í t e a r
n a   m b o n n e a g a r
d á   m b r e i s í o d h   s é
b r e o n n   s i a d
a n   f ó t a - i a n ú c h á n
n a   p a r d ó i g e
l e i s   a n   L a i d i n
t h o g h   s i b h
l e i s   n a   p a r d ó g a
c h r o i n i c e o d h   s é
a   c h a i l l e a c h a   d u b h a
d á   g c ó n a í o d h   s i b h
l e i s   n a   r ú n a i t h e
l e i s   n a   s c u i d e a n n a
a   f h u i l l e a m h ó i r í
l e i s   a n   S u a s a l a n n a c h
a n   d é s h u i l f í d
a n   n ó i n í n
n a   l á n s t a d a n n a
n a   s o b a l d r á m a í
a   f h e i s t í o n n
a n   g h i n e a l a i g h
l e i s   a n   s í o t a
a n   t - ú i r i a l
a   b h r é a g t h a c a i l í t
a n   b r o n n t a n a s
n a   c é a r a c h
g o   n - i o n s a í t e a r
g o   d t u i g e   m é
n a   l á r i o n a d
a n   m i o t a s
t h a i r g   t ú
n a   c n á i b e
l e i s   n a   s i m e a t á i r
a n   t A i f r e a n n a c h
d á   n - a i r e a c h a s a í o d h   s é
n a   g c l u a s l i a n n a
d ' a t h s h o n a d h   s é
l e i s   n a   d u i l l í
d á   m b r e i s í o d h   s i b h
a   m h o l a d h
g o   b h f í   s é
g o   n - u r g h a i r e   m é
t a i s c - c h e a l l a
a n   i a r n r a
a   a i f é i l e a n a
c h r o i n i c e o d h   s i b h
l e i s   a n   s i c e á n
n a   n - o r t a i p é i d i t h e
s í o l t a   o i s r e
a n   t A r a b a c h
d á   d t o c h l a í t e á
d á   l u i t í
a n   t - i n n e a l l   f u á l a
u r g h a i r e a n n   t ú
a   l í n e o i d h
n a   S a s a n a i g h
l e i s   n a   M o n g ó l a i g h
l e i s   n a   s e a c h b h ó i t h r e
t h o g h   s i a d
g r e a n n ó i d h   m é
a n   é i m í r í o c h t
a   g h a i r d í n í
a n   t S a s a n a i g h
l e i s   a n   g c r á b h a d h
n a   s t á b l a í
a   í o s t a o i b h
d á   g c ó n a í n n
a   l á r i o n a i d
n a   g r í o b h á i n
n a   s c é i m e
n a   d ú t h a í
a t h s h o n a n n   s i a d
i n n i l l   f h u á l a
d á   d t o g h t a í
a   p h ó l ó
a n   v a i d h t é i r e a c h t
l u a f a d h   s i b h
n a   s c é i m e a n n a
a n   s t á b l a
n a   d é s h u i l f í d e
l e i s   n a   S u a s a l a n n a i g h
t a i r g f i d h   s i a d
g o   n - a i r e a c h a s a í   t ú
d ' i o n s a i g h   s é
n a   b h f í n i ú n a c h a
a   f h a b h t a n n a
a   l u a f a d h
a   d h í t h i o m s ó d h
n a   b h f o c h í o s a i t h e
l e i s   a n   d í n i t
l e i s   a n   a p a l a c h t
l e i s   a n   t i o m n ó i r
l e i s   a n   a i r n e
d á   n - a t h s h o n t á
a n   t - a e r a c h l á r
a   d h í t h i o m s a i g h
g o   d t o g h a   s é
l e i s   a n   a p s a i n t
d á   n - i o n s a í o d h   s i b h
g o   d t a i r g t e a r
l e i s   a n   s c a m h ó g
l u a f a i d h   m é
n a   b h f e i r m e a c h a
l e i s   a n   í o s t a o b h
a n   t - ó s t a
l e i s   n a   f o c h l ó i r í t í
a n   t e i l i m é a d r a c h t
t h o c h a i l   s i a d
a   a l g e o l a i t h e
d ' f h a n a d h   s i b h
c h r o i n i c í o d h   s é
b h r e o d h   s i b h
n a   n - ú r u i t h e
n a   n ó i n í n í
a   c h l u a s l a
d á   d t o c h l a í d í s
g o   l u í   m é
l e i s   a n   i n f h o s t a i t h e a c h t
t u i s c i n t
a n   d á n l a n n
n a   g c a b a i r í
a n   i n f h o s t a i t h e a c h t
n a   n g e a r r s h n á i t h e a n n a
a   t h r é a d a í
d á   n - a t h s h o n a i d í s
t o c h l ó i d h   s é
a   m h a o s c h l á r a
a n   G a i m b i a c h
a   b h a n - n a o i m h
l e i s   a n   m i o t a s
n a   v a i d h t é i r e a c h t a
a n   c h r o s ó g
g o   m b r e i s í   t ú
a n   o i t i r
a   ú i r i a l a
n a   h a c o r d á i n
a   p h u t ó g
l u í f e a d h   s i b h
a   d h é a d a l t a
a   f h u i l l e a m h ó i r
l e i s   n a   m a t r a r c a í
a   d ' f h í f e a d h
l a c h t a
a   n e o d r ó i d h
s í l   o i s r e
n a   n g l a c
n a   f ó t a i s i n t é i s e
l e i s   n a   m í r e a n n a
a   t h o g h f a d h
l e i s   a n   m a o s c h l á r
a   i a r n r a
a n   p h r í o m h o i f i g
d á   g c e a r t a í m i s
g o   l í n í   s i b h
n a   n - o s c a i l t í
l e i s   n a   f a b h t a n n a
d á   l í n í m i s
a   i n t u i g t h e a c h t
a n   t a i s c - c h i l l
a   m h i a i l i n
a n   f o r c
d ' f h a n f a d h   s é
t u i g f i d h   m é
a   s h a c s a f ó n a i t h e
n a   m a o s c h l á i r
d á   d t a i r n g r í d í s
l e i s   n a   h e a l a í o n t ó i r í
a   g h a s r a
a   g h l a c
a   g h l a c a
l e i s   a n   m b l a s t ó i r   f í o n a
n a   f r i t h - c h a i t h m h é a d r a c h t a
a n   c h o m h r i a l t a i s
a   f h o c h l ó i r í t í
a n   i n t u i g t h e a c h t
g h r e a n n a i g h   s i a d
g o   l í n í   s é
a n   c h l u a s l a
l e i s   a n   n g n é a s a í o c h
l e i s   n a   f e i m i n i t h e
d ú t h a í
a   e a l a í o n t ó i r í
g o   n - u r g h a i r e   t ú
t h u i g   s i b h
n a   b h f ó t a c h l a o n m h é a d a r
d á   l u a d h   s é
t u i g t h e
a n   a m h r a i s
a   t h u i g e a n n
p r e s e n t
l e i s   n a   g o b a
n a   h o i r i ú n a
a   m h a t r a r c a í
a   m h í g h e a n m n a í o c h t
n a   h i a r s m a l a i n n e
l e i s   a n   a i p s i s
n a   s a c s a f ó n a i t h e
d á   n e o d r a í o d h   s é
l e i s   n a   s u i r b h é i r í
a t h s h o n a n n   t ú
a n   a c o r d á i n
a n   m h a l a i c í t
d ' f h e i s t i g h   m é
g o   b h f í   s i b h
d á   b h f a n a i n n
n a   c i s t i n e a c h a
l e i s   a n   r o g h c h l á r
c h r o i n i c i g h   s é
n a   c i a r ó i g e
l e i s   a n   g c o l l a c h
a   b h o n n e a g a i r
n a   b u i d é i l
a   l a c h t a n n a
c h r o i n i c i g h   s i b h
A r a b a c h
f a i l l í o n n   s i a d
n a   f e i m i n i t h e
n a   m b a n d r a í o d ó i r í
l e i s   n a   m i a s a
d ' f h í f e a d h   s i b h
a n   ó g á n t a c h t
c e a r t a í o n n   s i b h
a n   v a i d h t é a r a í
n a   b a n s i ó g a
n a   d í o m á
a   p h a r a n ó i a
n a   t r o i s c
b r i s e á i n   m h i l i s
n a   c n á i m h s e á l a i t h e
g o   g c ó n a í m i d
a   u r g h a i r e a n n
l e i s   n a   s c i l l i n g í
