l e i s   n a   r o g h c h l á i r
a   m h a g a i r l í
n a   b h f o c h í o s a i t h e
d í o m á
c h e a r t a í d í s
c h ó n a i g h   s i a d
x é i r i f í t e
a   a p s a i n t
n a   s t é a r ó i d i g i n i s
f a n t a r
g o   n - u r g h a i r e   m é
I o s l a m a i t h e
a   e a g a i r
a   s h e a d a d h
a   l á n s t a d a n n a
c h ó n ó i n n
n a   c i a r ó i g e
l e i s   a n   b h f ó t a c h l a o n m h é a d a r
f a i l l í d í s
c h e a r t a í m i s
n é a r m h e a t h l ú c h á n
c h e a r t a í t í
d á   d t a i r n g r í d í s
d ' f h e i s t í o m a r
d í o m á
a   p h ó l ó
b é a l f h a r a i n g
a n   t - i n n e a l l   f u á l a
g o   n e o d r a í   s i b h
g l é i n e
n a   h i a r s m a l a i n n e
c i a r ó g a
f e i r m e a c h a
n a   n g u n n a d ó i r í
c h r o i n i c e o d h   s i b h
c o i m e á d a c h a i s
b h r e o f a i d í s
n a   n - e i p i l i m n i a n
d ' f h a n f a i m i s
l e i s   a n   d í n i t
a i g é a d a c h t
e i p i l i m n i a n
á r a c s
c o m h l a í
a n   p o s t a
c h ó n a í o d h   s é
a   a p a l a c h t
a i n n i r
d é a d a i l t
n a   s o r c a i s
f e i m i n í
n a   n - ú i r i a l
l e i s   n a   c o l l a i g h
l e i s   a n   t r é a d a í
n a   l á r i o n a d
f ó i f í n i g h
a n   p h r í o m h o i f i g
a   f h o - c h o m h f h i o s
S u a s a l a n n a c h
f í m
g o   g c e a r t a í   s é
d á   d t o g h t a í
t h a i r n g r e o i d í s
a n   c h l u a s l a
d á   g c ó n a í n n
a   t h r a s n a i s c
t h o c h a i l   s i a d
a   A r a b a c h a
t e i b í o c h t a í
a   m h o l a d h
f a i l l í o n n   s i a d
f e i s t í g í
a n   u r c h o i s c
u r g h a i r e a n n   t ú
d á   m b r e i s í o d h   s é
l e i s   a n   m b u i d é a l
c e a r d c h u m a n n a i g h
n a   s a c s a f ó n a i t h e
d á   n g r e a n n a í m i s
n a   g c a b a i r í
c e a r t a í o n n   s i b h
l e i s   n a   s e a c h b h ó i t h r e
d á   l u a d h   s é
t h u i g i n n
a   m h a g a i r l e
d á   l í n í o d h   s i b h
n a   p r í o m h o i f i g e
a i r e a c h a s a i g h
a   b h r e o i g h
a   a c o r d á i n
a   s h o c h e a c n a m a í o c h t
n a   s o b a l d r á m a í
a i l l é i r g i n
a   a e r a c h l á r a
n a   n - i a r s m a l a n n
n a   b i b l e a g r a f a í o c h t a
d ' a t h s h o n a d h   s i b h
g o   m b r e i s í   s i b h
a n   t - a s c a s
a n   d í o g r a i s e o r a
d á   d t o g h a i m i s
g o   m b r e o i t e a r
r é i m s e t h e o i r i c í
f ó t a s h r u t h a n n a
a i f r i c é a d
s í o t a í
t r é a d a i t h e
e a g a r
g o   d t u i g e   m é
l e i s   a n   s í o t a
a n   f o r c
a t h s h o n t a r
b u i l í n
g a i r d í n í
l e i s   a n   n g o b
a c r a c h r i o s a n n a
a c r a c h r e a s a
i o n s a í o n n   t ú
a i n é i f e a c h t
a n   d é s h u i l f í d
f e a d a í l
X - g h a
g o   b h f a n a   s i b h
a   f h e i s t í o n n
n a   f e i m i n i t h e
t e i l e a g r a i f
n a   v a i d h t é i r e a c h t a
g h r e a n n a i g h   s é
n a   h a i l l é i r g i n e
d í t h i o m s ó i d h   m é
n a   b h f e i r m e a c h a
b h r e o f a í
d á   n - a i r e a c h a s a í o d h   s é
m a l a i c í t í
a n   s c a m h ó g
l e i s   a n   I o s l a m a í
g r e a n n ó i d h   s i b h
i s i c í m í
m o n a r c a í
d á   l u i t í
m í r e a n n a
a n   B h r ú n g h l u a i s n e
a i r e a c h a s a í m i s
A i f r e a n n a i g h
a   b h ó i r i c í n
b r e o i g h
m a l a i c í t í
f a n f a i m i d
n a   m b o n n e a g a r
a n   n e o i d i m i a m
n a   B r ú n g h l u a i s n e
a n   c h o m h r i a l t a i s
l e i s   a n   m o l a d h
n a   d é s h u i l f í d e
l á r i o n a i d
a   s h í o l t a   o i s r e
c o l l a c h
a   L i c h t i n s t é a n a c h a
a p s a i n t
a   c h é a r a c h a
b h r e i s í o d h   s é
g o   m b r e i s í   t ú
d é - o c s a í d e
l e i s   a n   m b i t s e a c h
r o g h c h l á i r
a n   a c o r d á i n
s í l   o i s r e
t h a i r g f í
s l e á n t a
n a   n - o l l p h l á i n é a d
a n   f e i m i n í
t h a i r n g r í o d h   s é
l e i s   a n   r o g h c h l á r
n a   h o l l p h l á i n é i d
f í o d h
b a n - n a o i m h
n a   c n á i b e
p ó l ó
a   o s c a i l t
l e i s   n a   g a r á i s t í
t h u i g   s é
a t h s h o n a n n   t ú
p a r d ó g a
t u i s c i n t
d ' f h í f i d í s
a n   t - a r a l t
l e i s   a n   s l e á n
p r e s e n t
n a   n g l a c
a   c h ú i r t b h a n n a í
a   l u a f a d h
X - g h a t h a n n a
a i n n i r e a c h a
l e i s   n a   p a r d ó g a
g o   d t u i g e   s é
g o   n - u r g h a i r e   t ú
c ó r a i m
a n   p h u t ó g
l e i s   n a   f o s h a l a i n n
t h o g h a i n n
l e i s   a n   g c a l r a i m é a d r a c h t
n e o d r ó i d h   s i b h
a n   t s e e a d t a
n a   f a b h t ó i g e
a   a t h s h o n f a i d h
A r a b a c h
g r e a n n ó i d h   m é
m a t r a r c
m e á n n a
t a i c í n í
g o   n d í t h i o m s a í t e a r
M o n g ó l a i g h
f í l i g e o g r a f a í o c h t
b o l c á n a c h a s
a n   l i o p a - d h é a d a i g h
t e a n g a i r e a c h t
d ' f h a n a d h   s i b h
a   c h r o i n i c e o d h
a   m h í g h e a n m n a í o c h t
f a n a n n   t ú
l e i s   a n   m b r i s e á n   m i l i s
d ' f h a n f a d h   s é
a   b h a n - n a o i m h
t e i c n e a l á r n a c h a s
a n   t e i l i m é a d r a c h t
n a   b u i d é i l
c r o i n i c e o i m i d
l e i s   n a   B o i l s é i v e a c h a i s
r é a d ó i r í
r a d a i g h n í o m h a í o c h t
v a s á i l l e a c h t
l í n í n n
g h r e a n n a i g h   s i a d
l e i s   a n   i n f h o s t a i t h e a c h t
t a i r g f i d h   s é
n a   d o l a d h r o i c h i d
a n   g h n é a s a í g h
f e i s t í t e a r
l e i s   a n   g c r á b h a d h
l e i s   n a   m i a s a
l e i s   a n   a i r n e
g o   l í n í   s i b h
c é a r a c h a
a   c h a i l l e a c h a   d u b h a
n a   n - ú r u i t h e
e a g a i r
a n   a m h r a i s
s e a l b h a i g h
n a   p o s t a í
d ' a t h s h o n   m é
