g o   n - i o n s a í   m é
a   m h i o t a s a
a   b h o n n e a g a r a
A i f r e a n n a c h
s e a c h b h ó t h a r
l e i s   n a   f o c h é i m i t h e
d á   b h f í o d h   s i b h
l e i s   a n   g c ú i r t b h a n n a
a   b h o l c á n a c h a i s
d ' a t h s h o n   t ú
l e i s   n a   m é a r a c h a
l í n i ú
a   g h n é a s a c h a i s
g o   d t o g h a   s i a d
a n   f é i n c h a o m h n ú
a n   m e a t h l ú
a n   m h o n a r c
l e i s   a n   i n t u i g t h e a c h t
b h r e o i d í s
n a   g á m a - g h l ó b a i l i n e
ó d ó n t e o l a í o c h t
l í n i g h   s é
a t h s h o n f a i d h   t ú
u r g h a i r e a d h
b r e i s i ú
l e i s   n a   h ú r u i t h e
l e i s   n a   h a i r n í
í o s t a o i b h
l í n i g h   t ú
a   n e o d r a í o d h
l e i s   a n   L i c h t i n s t é a n a c h
c o m h r i a l t a i s
a   S h a s a n a c h a
d á   m b r e i s í m i s
c h e a r t ó i d í s
b o n n e a g a i r
d á   n g r e a n n a í o d h   s é
l e i s   a n   l i ú i t
a m c h r e a s a
a   f h e a r a
l e i s   a n   s t é a r ó i d i g i n e a s
a   c h a l r a i m é a d r a c h t
a n   d í o g r a i s e o i r
s á r - r é a l a c h a i s
a   s h l i s e o g
g o   n - a t h s h o n a   m é
a n   c h a i d h p
a t h s h o n a i m
l e i s   n a   h ú i r i a i l
t h o c h l ó f á
d á   d t a i r g t í
a   g h o b a
m í m h ú i n t e
n a   h i s i c í m í
a   b h r i s e á n a   m i l s e
d ' f h í f i n n
l e i s   a n   m b a r a c h l a o n a c h t
d é s h u i l f í d í
a   l a c h t
u r g h a i r t e a r
p u t ó i g e
f a i l l i t h e
c ó r a i m
c r é a c h t a í
a   f h o c h é i m i t h e
a n   t s o c h e a c n a m a í o c h t
f a n a c h t
a   s h l e á n t a
n a   h a c r a c h r i o s a n n a
a   A n g ó l a c h a
g o b a
I o s l a m a í
t a i f e a d f a i d h   m é
a   t h e i b í o c h t
n a   b e o g a i r í
d á   b h f a i l l í o d h   s é
l e i s   a n   t e i c n e a l á r n a c h a s
a   b h r e o f a d h
n a   f u i l l e a m h ó i r í
c o m h l a
l e i s   a n   n g u n n a d ó i r
t a i f e a d a i m
t u i g e a n n   s i a d
c h r o i n i c í o d h   s i b h
o l l p h l á i n é i d
a   g h r e a n n ó i d h
a d h a l t r a n a c h
n a   n e a m h - m h e á n a c h t a
a n   t s a o i r s e a c h t
d h í t h i o m s a i g h   s i a d
d á   l í n í n n
m i a n a i g h
s c u i d
l e i s   n a   c n á i m h s e á l a i t h e
a n   b h e i r i l l i a m
r é a d ó i r
d ' u r g h a i r f e a d h   s i b h
n a   n ó i n í n í
b r e i s í d í s
n a   m b a i r d é i r í
g r í o b h á n
a b a r t h a c h t
n a   g c r é a c h t a í
g o   b h f i t e a r
l e i s   a n   b h f e i r m
d á   n - u r g h a i r i n n
e i p i d é i m e o l a í
b u i r b e
t h a i r n g i r   s é
g h r e a n n a i g h   t ú
f o c h l ó i r í t í
n a   f e a d a í o l a
l í n í o d h   s é
a   á r a c s a n n a
n a   r a d a i g h n í o m h a í o c h t a
a n   n e a m h - m h e á n a c h t
f é i n r i a l t a i s
n a   m b a n ó s t a c h
a   f h í l i g e o g r a f a í o c h t
l e i s   a n   m e á n o i d e a c h a s
a i l l é i r g i n
g o   n - u r g h a i r e   s é
c é a r a c h a
f í o n n   t ú
a   g h n í o m h a i r e a c h t a í
a n   b h a i r d é a r a
a   c h i a r ó g a
a n   i s i c í m
e i p i d é i m e o l a i t h e
t e i l i m é a d r a c h t
l e i s   n a   g i n e a l a i g h
p a r a n ó i a
t a i r n g r í m
f i r
b r e i s í m
c e a r t a í o d h
i n n e a l l   f u á l a
d á   d t u i g i m i s
t r i ú i r
e a g a r
n a   v a i d h t é a r a i t h e
d á   l u i m i s
l e i s   n a   b a r ú l a c h a
d á   l u i d í s
b e o g a i r e
g o   l u a i t e a r
n a   g c ó r a m
b r e i s i g h
n a   f o c h é i m i t h e
n a   n g o b
c é a d p h r o i n n e
a i r e a c h a s a í m
a   m h a t r a r c
ó d ó n t e o l a í o c h t
c ó n a i t h e
a n   d i n g í n
a n   g h o i b
d á   b h f a n t á
g o   d t a i r n g r í t e a r
M o n g ó l a i g h
c a b a i r e
A e t ó p a c h a
f o i r f í o c h t a
s l i s e o g a
l e i s   n a   L i c h t i n s t é a n a i g h
a n   á r a c s
l e i s   a n   i n n e a l l   f u á l a
l e i s   n a   p r í o m h o i f i g í
a   t h a i r g f i d h
n a   h i a r n r a í
a n   c r ó n a l u a d a r
l u a d h   s é
a i r e a c h a s ó i m i d
a   s h u i r b h é i r í
t h o c h l ó d h   s é
g o   l u í   t ú
d ' f h a n t á
n a   m b u i d é a l
a i f í s
d ' f h a i l l i g h   t ú
a   o r t a i p é i d i t h e
l e i s   a n   m b ó i r i c í n
b h r e o f a i m i s
b a r ú l a c h a
l u í f i m i d
l e i s   a n   b h f o - r ú i b r i c
c ú l - l í n e
a t h s h o n f a r
a   c h é a d p h r o i n n
d á   n - u r g h a i r i m i s
g o   b h f a n a   s é
a n g l a
u r g h a i r f e a r
n a   h o i r i ú i n t í
m o l t a í
t a i r g
g o   n - u r g h a i r t e a r
a   t h a i s c - c h e a l l a
a n   t - a l g e o l a í
c h r o i n i c e o i n n
a n   v a s á i l l e a c h t
d i n g í n
l e i s   n a   r u ó g a
n a   l i o p a - d h é a d a i g h
n a   m í r e
d u i l l í
a n   c r á b h a d h
A e t ó p a c h
l e i s   a n   r a n n ó g
b o n n e a g a r
l e i s   a n   u a t h a c h a s
l e i s   a n   g c o r c
c o i r c
a n   t e i b í o c h t
i o n s a í
p i n g i n
f a n t a
g o   n - a t h s h o n a   s é
l í n e o i d h   m é
n e o d r a í m
d á   n - u r g h a i r t e á
l e i s   a n   q u i n í n
f a i l l í g í
d á   l u í o d h   s é
p i n g i n í
o l l p h l á i n é a d
a   d h í o m á
t a i r n g r í o n n   s é
l e i s   a n   b h f o c h l ó i r í t
n a   r o i n n t e
n a   h o i t r e a c h a
l e i s   a n   e a g a r
d í t h i o m s ó i d h   s i b h
l e i s   n a   b o l c á n a c h a i s
a   c h r ó n a l u a d a i r
ó g á n t a c h t
c h r o i n i c i g h   m é
f a i l l í m i d
a n   r a i d e o l a í o c h t
a   g h a l a r a
A i f r e a n n a c h
t o g h a d h
d í n i t e
f o s f á i t
n a   b h f o r c
b r i s e á i n   m h i l s e
a   l i ú i t
n a   m b a n s i ó g
f a b h t ó g a
n a   h a i r n í
