ö ğ r e n m i ş   m i s i n
k a p ı y o r   o l m a l ı   m ı
k ü ç ü l e c e k   o l m a y a c a k   m ı y m ı ş s ı n
o n a m ı ş   o l m a y a c a k   m ı y d ı m
s a ğ l a r
o l a y   g ü d ü m l ü   p r o g r a m l a m a l a r ı n d a n
i y i l e ş m e d i n i z   m i
i y i l e ş m e z   m i y i z
k ü ç ü l ü y o r   o l m a l ı y ı z
m ü m e s s i l l i ğ i n i
k e l e p ç e d e n
i y i l e ş i y o r   o l u r l a r   m ı y d ı
k ü ç ü l ü y o r   o l m a m a l ı   m ı y d ı n
a ğ a ç   ç i v i l e r i m i z d e n
o n a m a m a l ı l a r   m ı y m ı ş
k ü m b e t l e r i n e
k a p a r   o l a c a k m ı ş s ı n ı z
k ü ç ü l ü y o r   o l m a y a c a k   m ı y d ı n ı z
c ü c e y i z
ö ğ r e n m e m i ş l e r
i y i l e ş i r   m i s i n i z
i y i l e ş e c e k   m i y m i ş i m
h ü c r e l e r i n d e n
k e l e p ç e l e r i n e
o n a m a y a c a k   m ı y m ı ş
o n u y o r   o l a c a k m ı ş
e k l e m e s i z   m i y d i n i z ?
k ü m b e t i n i z e
ö ğ r e n m i y o r s u n u z
p r o t e s t o l a r ı m ı z ı
d a l g ı n l ı ğ ı n
k e l e p ç e l e r i n
i y i l e ş e c e ğ i m
k ü ç ü l e c e k   o l a c a k l a r   m ı y m ı ş
g ö t ü n e
ö ğ r e n i y o r   o l a c a k m ı ş
k ü ç ü l ü r s ü n ü z
o n a y a c a k   m ı y d ı
k a p a m a d ı   m ı y d ı
i y i l e ş m i ş   o l m a y a c a k   m ı y ı z
k ü ç ü l m ü ş   o l m a y a c a k l a r
i y i l e ş e c e k   o l a c a k   m ı y ı z
i y i l e ş i y o r   o l m a z   m ı y d ı
s a ğ ı n d a
k ü ç ü l m ü ş m ü ş ü z
a ğ a ç   ç i v i l e r i n i z
v a d e l e r i n i n
i y i l e ş m e m e l i y i m
i y i l e ş m e m e l i   m i y m i ş i z
k ı l k a p a n ı m ı z d a n
k ü ç ü l e c e k m i ş
k a p ı y o r   o l m a m a l ı   m ı y d ı
k a p a m a d ı y d ı k
ö ğ r e n i y o r   o l m a l ı   m ı y m ı ş
k ü ç ü l m e m e l i   m i y m i ş i z
k e s e r l a r
f l a ş ı n ı n
ö ğ r e n i r d i k
k a p a m a z
h ü c r e n i z i
ö ğ r e n m e l i l e r   m i
ö ğ r e n m e l i l e r
p r o t e s t o n u z d a n
o n a m a m a l ı l a r   m ı y d ı
i y i l e ş m e l i y d i n i z
ö ğ r e n m e m i ş   m i y m i ş s i n i z
i y i l e ş i y o r   o l a c a k t ı
k ü ç ü l m ü ş   m ü
o n a m a m ı ş   m ı y d ı k
i y i l e ş m e y i n
f r e n l e r i m i z i
c ü c e l e r i n i z d e
k ü ç ü l m ü ş   o l m a y a c a k s ı n ı z
i y i l e ş m i y o r m u ş u m
ö ğ r e n m e m e l i   m i y i m
g ö t ü z
k ü ç ü l ü y o r   o l m a l ı y d ı n ı z
k a p ı y o r l a r m ı ş
i y i l e ş i y o r   o l m a l ı   m ı y d ı n ı z
o n a r   o l m a y a c a k m ı ş s ı n ı z
k ü ç ü l m ü ş   m ü y d ü m
i y i l e ş m i ş   o l a c a k   m ı y d ı n ı z
k a p a a c a k   o l m a y a c a k l a r m ı ş
k a p ı y o r   o l m a l ı   m ı y m ı ş s ı n
t e l e v i z y o n l a r ı n a
c ü c e
i y i l e ş i y o r   o l m a m a l ı y m ı ş ı m
o l a y   g ü d ü m l ü   p r o g r a m l a m a l a r ı n d a
k ı l k a p a n ı n ı z d a n
k a p a d ı l a r
k a p a m a m ı ş   m ı y m ı ş
e k l e m e s i z l e r   m i ?
h a t a l a r ı n d a n
k a p a y a c a k   o l a c a k l a r
i y i l e ş i y o r   o l m a m a l ı   m ı
s a ğ l a r ı n d a n
c ü c e l e r i m i z
ö ğ r e n i y o r   o l m a y a c a k
k a p a m a y a c a k   m ı y m ı ş s ı n
t e l e v i z y o n u n
o n a m a m a l ı y m ı ş ı z
k ü ç ü l e c e k   o l m a y a c a k l a r m ı ş
h ü c r e l e r i m i z e
k ü ç ü l m ü y o r d u m
t e l e v i z y o n u n u z
i y i l e ş m e l i l e r
ö ğ r e n m e z l e r   m i y m i ş
h ü c r e y m i ş s i n i z
ö ğ r e n m i ş l e r   m i y d i
h ü c r e m i z
k ü ç ü l ü y o r   m u y d u
i y i l e ş m e l i y m i ş
k a p ı y o r   m u y d u m
i y i l e ş i y o r   o l m a m a l ı y d ı k
o n a m a z l a r m ı ş
ö ğ r e n i y o r   o l a c a k m ı ş ı z
p r o t e s t o l a r ı n ı z d a n
k a p ı y o r   o l m a y a c a k m ı ş ı z
o n a m ı y o r d u m
o n a r   o l a c a k   m ı y m ı ş s ı n
i y i l e ş m e y e c e k l e r   m i y m i ş
e k l e m e s i z   m i s i n i z ?
i y i l e ş i y o r   o l m a l ı y m ı ş s ı n ı z
o n a r d ı m
k a p a m ı ş t ı k
k e s e r l a r d a
s a ğ d ı k
o n a m ı ş   o l a c a k l a r d ı
f l a ş l a r d ı n ı z
k a y ı ğ ı n
o n u y o r s u n u z
i y i l e ş i r   m i y d i m
k ü ç ü l m ü ş   o l a c a k t ı
i y i l e ş t i l e r d i
e k l e m e s i z d i m
k ü ç ü l m ü y o r   m u y m u ş s u n
m ü m e s s i l l i k l e r i
i y i l e ş m i ş   o l a c a k   m ı s ı n ı z
h a t a y a
i y i l e ş t i
o n u y o r   o l m a l ı   m ı y ı z
k ü ç ü l ü r   m ü y d ü
k a p a m ı y o r d u n u z
ö ğ r e n e c e k   o l a c a k l a r m ı ş
k a p a m a z   m ı y m ı ş s ı n ı z
e k l e m e s i z d i k
k ü ç ü l m e m e l i s i n i z
o l a y   g ü d ü m l ü   p r o g r a m l a m a l a r ı n ı z ı n
ö z g ü r   y a z ı l ı m ı n a
ö ğ r e n i r
k a p ı y o r   o l u r l a r d ı
o n a m a y a c a ğ ı z
ö ğ r e n m i y o r m u ş u m
k a p a r   m ı s ı n ı z
ö ğ r e n m i ş   o l m a y a c a k t ı
o n a
i y i l e ş m e y e c e k   m i y d i n i z
ö ğ r e n m e y e c e k s i n
k a p a m a d ı m
k ı l k a p a n ı n ı z d a
o n a m a m ı ş t ı m
o l a y   g ü d ü m l ü   p r o g r a m l a m a n ı
i y i l e ş m e y e c e k t i n
k a p ı y o r   o l a c a k m ı ş s ı n ı z
k a p a r   o l a c a k   m ı y m ı ş ı z
k e s e r l a r ı n ı
d a l g ı n l ı k l a r
m ü m e s s i l l i ğ i n i
k ü ç ü l d ü k
i y i l e ş i r   o l m a y a c a k m ı ş ı m
ö ğ r e n m i ş s i n i z
k e s e r l a r ı m ı z
i y i l e ş i y o r   o l m a m a l ı y m ı ş ı z
o n a y a c a k   o l a c a k   m ı y ı z
t e l e v i z y o n u n u z a
i y i l e ş i y o r   o l a c a k   m ı y ı z
k ü ç ü l e c e k   o l m a y a c a ğ ı z
o n u y o r   o l m a m a l ı   m ı y d ı
a ğ a ç   ç i v i l e r m i ş i z
i y i l e ş m i ş   m i y i z
k a p a y a c a k   o l a c a k   m ı s ı n
o l a y   g ü d ü m l ü   p r o g r a m l a m a n ı n
h a t a y ı
h a t a l a r d ı m
k ü ç ü l ü r   m ü y d ü k
ö ğ r e n m e m e l i y m i ş
g ö t l e r i
i y i l e ş i r   m i y m i ş
f r e n l e r i n
ö ğ r e n m e d i m
k ü ç ü l e c e k   o l m a y a c a ğ ı m
s a ğ d a n
i y i l e ş m e m i ş m i ş s i n i z
h a t a l a r ı n a
i y i l e ş i y o r   o l a c a k s ı n ı z
i y i l e ş e c e k   m i y d i m
o n a r   m ı y m ı ş s ı n
k a p a m a y a c a k l a r
k ü ç ü l e c e k t i m
i y i l e ş m i y o r   m u y d u k
k ı l k a p a n l a r ı n ı z d a n
g ö t l e r m i ş i m
o n u y o r   o l m a m a l ı s ı n ı z
k e l e p ç e n i z e
f r e n i n i z
k ü ç ü l m e m i ş l e r   m i y m i ş
ö ğ r e n d i l e r d i
k ü ç ü l e c e k   o l m a y a c a k l a r   m ı y m ı ş
ö ğ r e n e c e k   m i y d i n
ö ğ r e n i r l e r   m i y m i ş
h ü c r e l e r i n i z i n
a ğ a ç   ç i v i l e r i n d e
i y i l e ş m i ş   o l a c a k t ı
ö ğ r e n i y o r l a r d ı
k a p a r   o l m a y a c a k m ı ş ı m
ö ğ r e n i r   o l m a y a c a k   m ı y m ı ş s ı n ı z
m ü m e s s i l l i k l e r d e
k ü ç ü l ü y o r   m u y u z
ö ğ r e n i y o r   o l a c a k t ı m
k ı l k a p a n l a r ı n d a
g ö t l e r i
ö ğ r e n m e d i y d i
o n a m a y a c a ğ ı m
k a p ı y o r   o l m a y a c a k
k a p a m a z   m ı y ı z
ö ğ r e n m i ş t i n i z
o n a m a l ı   m ı y d ı n ı z
k e l e p ç e m i z e
o n a y a c a k l a r   m ı y m ı ş
k ü ç ü l e c e k   o l m a y a c a k   m ı y m ı ş s ı n ı z
k a p a m a l ı l a r d ı
k ü ç ü l m e m i ş t i n
k a p a r   m ı y ı z
i y i l e ş m i y o r d u m
ö ğ r e n m i ş   o l a c a k   m ı y d ı n
i y i l e ş m e m e l i   m i y i z
i y i l e ş e c e k   o l m a y a c a k   m ı y m ı ş s ı n ı z
c ü c e n d e n
k ü m b e t l e r i n d e
ö ğ r e n m i ş   o l m a y a c a k   m ı y ı z
y a l a n c ı l ı k l a r ı m ı z ı
h a t a s ı n ı n
b u s e y i
m ü m e s s i l l i k l e r i n d e
c ü c e s i n i n
c e s e t l e r
o n a r d ı n ı z
ö ğ r e n m e m e l i y m i ş i z
k a p a m a z d ı n ı z
k ı l k a p a n l a r ı n a
