h a t a y a
b u s e y i
f l a ş a
g ö t ü m ü z ü
b u s e l e r d e
s a ğ ı m ı z d a
s a ğ l a r d a
s a ğ d a n
v a d e d e
h a t a n d a
o n a m a m e l i   m i
d a l g ı n l ı ğ ı n
y a l a n c ı l ı ğ a
s a ğ ı n d a
d a l g ı n l ı k l a r a
d a l g ı n l ı k l a r d a
t e l e v i z y o n u m u z d a n
o n a m a z l a r   m ı
a g n o s t i s i z m l e r d e
v a d e m i z d e
s a ğ ı n d a
s a ğ l a r
f l a ş t a
o n a m a m a l ı l a r   m ı y m ı ş
v a d e m i z e
s a ğ l a r ı m ı z d a
f l a ş l a r
o n a m a y a c a ğ ı m
a g n o s t i s i z m l e r d e n
s a ğ ı n ı z d a
t e l e v i z y o n u n u z u
f l a ş l a r ı n d a
t e l e v i z y o n u n u z a
d a l g ı n l ı k l a r
o n a m a z l a r   m ı y m ı ş
o n a m a m a l ı l a r   m ı y d ı
o n a m a m e l i   m i y i m
o n a m a m e l i s i n
t e l e v i z y o n u n u z d a n
s a ğ ı n ı z d a n
d a l g ı n l ı k l a r d a n
a g n o s t i s i z m l e r
h a t a y ı
o n u y o r   m u y d u m
t e l e v i z y o n u n u
h a t a l a r d a
s a ğ l a r ı n d a n
o n a m a z l a r m ı ş
f l a ş ı
s a ğ ı n ı z ı n
v a d e s i n d e n
y a l a n c ı l ı ğ ı n ı n
f l a ş ı n ı z d a n
h a t a s ı n ı n
o n a m a y a c a ğ ı z
y a l a n c ı l ı k l a r ı m ı z d a
o n a m a d ı   m ı
o n a y a c a ğ ı m
s a ğ d ı
f l a ş ı n ı n
g ö t ü n d e
o n a m a l ı l a r   m ı y m ı ş
t e l e v i z y o n u n u z
h a t a n ı z ı n
ö z g ü r   y a z ı l ı m l a r ı m ı z d a
f l a ş ı n ı z a
ö z g ü r   y a z ı l ı m ı n a
h a t a l a r ı n a
o n a m a m e l i s i n i z
f l a ş ı z
y a l a n c ı l ı k l a r ı n a
s a ğ ı z
m ü m e s s i l l i k d e
h a t a l a r
ç i v i y i m i z d e
m ü m e s s i l l i ğ e
ö z g ü r   y a z ı l ı m ı n d a n
g ö t ü n d e
f l a ş l a r m ı ş
y a l a n c ı l ı k l a r ı m ı z
m ü m e s s i l l i ğ i m i z d e n
s a ğ l a r ı n ı z d a n
g ö t ü n ü n
h a t a l a r ı n d a n
s a ğ d ı k
s a ğ l a r ı z
ö z g ü r   y a z ı l ı m l a r d a n
o n a m a m a l ı y m ı ş ı z
h a t a
g ö t ü n ü z ü
h a t a l a r ı m ı z
o n a m a l ı   m ı y m ı ş
o n a m ı ş   m ı y ı m
o n a m a m ı ş m ı ş ı m
o n a y a c a k l a r   m ı
f l a ş l a r ı n
s a ğ l a r ı m ı z ı
t e l e v i z y o n u n
m ü m e s s i l l i ğ i m i z
ö z g ü r   y a z ı l ı m l a r ı n ı z d a n
g ö t l e r i m i z d e n
o n a m a m e l i   m i s i n i z
o n a m a d ı   m ı y d ı n
t e l e v i z y o n l a r ı n a
h a t a l a r d ı m
o n u y o r m u ş s u n
f l a ş l a r m ı ş s ı n
y a l a n c ı l ı k l a r ı m ı z ı
s a ğ l a r m ı ş s ı n
o n a m a y a c a k
f l a ş l a r ı m ı z ı
t e l e v i z y o n l a r ı n d a n
o n a m a z   m ı s ı n ı z
s a ğ m ı ş ı z
o n a m a z m ı ş ı z
g ö t ü n e
o n a m a z d ı
o n u y o r s u n u z
o n a y a c a k l a r   m ı y m ı ş
g ö t ü n e
y a l a n c ı l ı k l a r ı n ı z a
o n a m ı y o r   m u y m u ş u z
m ü m e s s i l l i ğ i
t e l e v i z y o n l a r ı n ı z d a
o n u y o r   o l m a m a l ı l a r   m ı
m ü m e s s i l l i ğ i n i
k a y ı k l a r a
m ü m e s s i l l i ğ i n
o n u y o r u m
g ö t l e r d e n
o n a m ı y o r   m u y u z
y a l a n c ı l ı k l a r ı n ı
m ü m e s s i l l i k
o n a m ı ş l a r m ı ş
o n a m a m ı ş   m ı y d ı k
f l a ş ı n ı z ı
k a p a m a m ı ş   m ı y ı m
o n a m ı ş m ı ş ı m
h a t a n ı z ı
f l a ş l a r d ı n ı z
o n a m a z   m ı y m ı ş s ı n ı z
m ü m e s s i l l i k l e r d e
k a p a m a m e l i   m i s i n
k a p a m a m ı ş l a r   m ı y m ı ş
k a p a m a l ı l a r   m ı y m ı ş
o n u y o r   o l u r   m u y d u k
h a t a l a r m ı ş
o n a m e l i   m i y i m
t e l e v i z y o n l a r ı n ı z a
g ü n a h k â r l a r ı m ı z d a n
o n a m ı ş   o l m a y a c a k l a r   m ı
o n a m a m ı ş   m ı y m ı ş s ı n ı z
o n u y o r   o l m a m a l ı l a r   m ı y m ı ş
o n a m a y a c a k   m ı y d ı
m ü m e s s i l l i ğ i n i z e
k a p a m a m ı ş   m ı y m ı ş
o n u y o r   o l m a m a l ı l a r
g ü n a h k â r l a r d a
k a p a m a z   m ı
m ü m e s s i l l i ğ i n
h a t a l a r d ı r
o n a m ı ş   m ı y ı z
i y i l e ş m i y o r   m u y m u ş u m
o n a m a m ı ş t ı m
o n a m e l i y i m
m ü m e s s i l l i ğ i n i
m ü m e s s i l l i k s i n i z
o n u y o r   o l m a m a l ı l a r   m ı y d ı
k a p a m a m e l i y i z
o n a m ı y o r d u m
g ü n a h k â r d a n
o n u y o r   o l m a m a l ı l a r m ı ş
v a d e l e r i n d e
k a p a m a z   m ı y ı z
k a y ı k l a r d a n
o n u y o r d u n
k ı l k a p a n ı m ı z d a n
k a p a m a m e l i s i n i z
o n a m a y a c a k l a r d ı
g ö t l e r m i ş
o n a r   m ı y m ı ş s ı n
v a d e l e r i n d e n
m ü m e s s i l l i k l e r i m
m ü m e s s i l l i k l e r e
o n a r m ı ş ı m
g ü n a h k â r ı n ı z d a n
g ö t l e r m i ş i m
t e l e v i z y o n
o l a y   g ü d ü m l ü   p r o g r a m l a m a m ı z a
o n a y a c a k
k a p a m a z d ı m
k a p a m a z   m ı y d ı n
s a ğ l a r ı n ı z ı
k a p a m a m ı ş   m ı y ı z
o l a y   g ü d ü m l ü   p r o g r a m l a m a l a r ı n d a
g ö t l e r
o n a m ı y o r   m u
g ü n a h k â r l a r ı n ı z d a n
p r o t e s t o s u n d a
m ü m e s s i l l i k l e r i n d e
m ü m e s s i l l i k l e r d i r
o n a m a l ı y m ı ş ı z
o n a m a l ı   m ı y d ı n ı z
m ü m e s s i l l i k l e r d i
k a p a m a y a c a k l a r
k a r a   t a h t a l a r ı n d a
h a t a l a r d ı n ı z
k a p a m a l ı l a r d ı
k a r a   t a h t a n ı z d a
i y i l e ş m i y o r   m u y m u ş u z
g ö t l e r d i
k e s e r l a r ı m ı z d a
o l a y   g ü d ü m l ü   p r o g r a m l a m a l a r ı n d a n
o n a m ı ş   m ı s ı n ı z
o n u y o r   o l m a z l a r   m ı y d ı
o n a y a c a k   m ı y d ı
o n a m a y a c a k m ı ş s ı n ı z
o n a m ı y o r d u n
k ı l k a p a n l a r d a
i y i l e ş m i y o r m u ş u m
g ö t l e r m i ş i z
i y i l e ş m i y o r   m u y d u k
m ü m e s s i l l i k l e r i
o n a m ı ş   o l m a y a c a k   m ı y d ı m
k a p a m ı y o r   m u y m u ş
k a p a m a z   m ı y m ı ş s ı n ı z
k ı l k a p a n l a r ı n d a
k a p a m a y a c a k   m ı y m ı ş ı m
p r o t e s t o n u z d a n
k a p a m a z d ı n
k a p a m a l ı y m ı ş
m ü m e s s i l l i k l e r i n e
k ı l k a p a n ı n ı z d a
k a p ı y o r   m u y d u m
o n a m e l i s i n i z
i y i l e ş m i ş   o l m a y a c a k   m ı
k ı l k a p a n ı n ı z d a n
o n a a c a k   o l m a y a c a k m ı ş
k e s e r n ı z d a n
o n a y a c a k   o l m a y a c a ğ ı z
o l a y   g ü d ü m l ü   p r o g r a m l a m a s ı n ı n
i y i l e ş m e z m i ş
o n u y o r   o l m a z   m ı y d ı m
o n a r   o l m a y a c a k l a r m ı ş
o n u y o r   o l m a m a l ı   m ı y d ı
k a p ı y o r   m u y m u ş s u n
k a r a   t a h t a l a r ı m ı z
c ü c e y d i l e r
i y i l e ş t i k   m i
i y i l e ş m i y o r   m u y d u n
