i y i l e ş m e y i n i z
k e l e p ç e d e n
ö ğ r e n m e m i ş   m i y i z
o n a r   o l m a y a c a k m ı ş s ı n ı z
o n a m ı ş   m ı s ı n ı z
h ü c r e l e r i n i z i n
i y i l e ş m e m e l i y m i ş i z
k ı l k a p a n ı n ı n
i y i l e ş i y o r   o l a c a k s ı n ı z
ö ğ r e n i y o r   o l a c a k   m ı y d ı n
k a p a m e l i s i n i z
k ü m b e t l e r i m i z
k e l e p ç e l e r i n e
o n a m ı ş   o l m a y a c a k l a r   m ı
k e s e r
m ü m e s s i l l i k l e r i n d e
g ö t ü n d e
g ü n a h k â r l a r d a
ö ğ r e n e c e k   o l a c a k s ı n
k a p ı y o r   o l a c a k   m ı y d ı
o n a m a m e l i   m i
k ü ç ü l m ü y o r u z
f l a ş l a r ı m ı z ı
k e s e r n ı z d a n
k ü ç ü l ü y o r   o l m a y a c a k
ö ğ r e n i r   o l a c a k   m ı y m ı ş s ı n ı z
k ü ç ü l m ü ş   o l m a y a c a k   m ı
i y i l e ş m e z m i ş s i n
i y i l e ş i y o r   o l m a y a c a k   m ı s ı n ı z
k a p a m a l ı y m ı ş
o n u y o r   m u y d u m
i y i l e ş e c e k m i ş
o n a m ı ş   o l a c a k
f l a ş ı
ö ğ r e n i y o r   o l m a m a l ı
k a p ı y o r   o l m a l ı   m ı y m ı ş s ı n
o n u y o r   o l m a z d ı n
o n a m ı ş   m ı y ı z
c ü c e y d i l e r
k ı l k a p a n ı n ı z d a n
i y i l e ş i y o r   o l m a m a l ı y ı m
k a p a m a m e l i s i n i z
i y i l e ş m e l i y d i n i z
k e s e r l a r ı m ı z d a
ö ğ r e n m e y e c e k s i n
k ü ç ü l e c e k   m i
k a p ı y o r   o l u r d u m
k ü ç ü l ü y o r d u m
i y i l e ş i y o r   o l m a l ı   m ı y d ı n ı z
p r o t e s t o l a r ı n ı n
i y i l e ş i r   o l a c a k l a r m ı ş
k ü ç ü l m e y i n
k ü ç ü l e c e k m i ş
g ö t ü n ü n
ö ğ r e n e c e k s i n i z
i y i l e ş m i ş   m i y d i
g ü n a h k â r l a r ı m ı z d a n
i y i l e ş e c e k   m i y d i k
f l a ş l a r m ı ş
ö ğ r e n m e z l e r   m i y m i ş
h ü c r e m i z
o n a m ı ş m ı ş ı m
k a p ı y o r   o l m a m a l ı y m ı ş s ı n
o n u y o r   o l m a m a l ı l a r   m ı y m ı ş
a ğ a ç   ç i v i l e r m i ş s i n i z
o n a r   m ı y m ı ş s ı n
k a p a a c a k   o l m a y a c a k l a r m ı ş
i y i l e ş m i ş   o l m a y a c a k   m ı
i y i l e ş t i   m i y d i n
o n u y o r   o l a c a k l a r d ı
i y i l e ş m i y o r   m u s u n
o l a y   g ü d ü m l ü   p r o g r a m l a m a s ı n ı n
o n u y o r u m
i y i l e ş m e m i ş
k a p a y a c a k   o l m a y a c a k   m ı s ı n
k ü ç ü l ü y o r   o l m a z l a r d ı
p r o t e s t o l a r ı n ı z d a n
o n a m a z l a r m ı ş
k ü ç ü l e c e k s i n
i y i l e ş m i ş   o l m a y a c a k   m ı y ı z
o n a m a l ı l a r   m ı y m ı ş
k a p a y a c a k   o l a c a k   m ı y ı m
i y i l e ş m e l i l e r   m i y d i
o n a m ı ş l a r m ı ş
m ü m e s s i l l i k l e r d i
m ü m e s s i l l i ğ i n i
o n a r   o l m a y a c a k m ı ş
k a p a r   m ı s ı n ı z
f r e n i n i z d e
c ü c e l e r i n i z i
k ü ç ü l d ü l e r
k e s e r y m ı ş s ı n ı z
k ü ç ü l ü y o r   m u y m u ş u z
i y i l e ş i y o r   o l m a m a l ı y d ı k
ö ğ r e n i r   o l a c a k m ı ş s ı n ı z
o n a r   m ı y m ı ş ı z
c ü c e l e r i n d e n
ö ğ r e n m e m e l i y m i ş i z
k o l a ç l a r d a n
k ü ç ü l e c e k t i m
i y i l e ş i y o r   o l m a l ı l a r   m ı
o n a m a y a c a k   m ı y d ı
a ğ a ç   ç i v i d i m
ö ğ r e n m i y o r s u n u z
o n a m ı y o r d u n
o n a r m ı ş ı m
ö ğ r e n i r   m i y d i m
k ı l k a p a n ı n d a n
o l a y   g ü d ü m l ü   p r o g r a m l a m a l a r ı n d a n
m ü m e s s i l l i k l e r d e
b u s e l e r d e
k a p a a c a k   o l m a y a c a k   m ı y m ı ş
i y i l e ş m e y e c e k   m i y m i ş i z
k a p a r   m ı y m ı ş ı z
i y i l e ş e c e k   o l m a y a c a k   m ı y m ı ş ı m
y a l a n c ı l ı k l a r ı n ı z a
k a r a   t a h t a s ı
c ü c e l e r m i ş i m
k a p ı y o r   o l a c a k   m ı s ı n
i y i l e ş i y o r   o l a c a k t ı
ö ğ r e n m i ş   o l m a y a c a ğ ı m
ö ğ r e n m e y e c e k
ö ğ r e n i y o r   o l m a l ı
i y i l e ş i r   m i y m i ş
k ü m b e t i n i z
k ü ç ü l m e z   m i y d i k
ö ğ r e n i r   m i y m i ş s i n
k ü ç ü l ü y o r   o l a c a k   m ı
k ü ç ü l ü y o r   o l m a m a l ı   m ı y m ı ş ı z
s a ğ d ı
v a d e d e
k ü m b e t e
k a p a m ı ş   o l m a y a c a k
o n a m ı y o r d u m
i y i l e ş m e y e c e k l e r   m i y m i ş
h ü c r e l e r i n i z e
k a p a m ı ş   o l m a y a c a k s ı n
k ü ç ü l ü y o r   o l m a y a c a k   m ı y d ı k
o n a m a l ı y m ı ş ı z
k a p a m a m e l i y i z
k ü ç ü l e c e k   o l a c a k   m ı y m ı ş s ı n
k a p a m a y ı z
g ö t l e r d e n
c ü c e y i z
f l a ş ı n ı z d a n
f l a ş a
k ü ç ü l m ü ş s ü n
k a p a m a m ı ş l a r   m ı y m ı ş
ö ğ r e n m e y e c e k m i ş i m
i y i l e ş i y o r l a r   m ı y d ı
k a p a y a c a k l a r   m ı
i y i l e ş m e m
k ü ç ü l ü y o r   o l m a l ı   m ı y ı z
c ü c e y m i ş i z
k a p a m ı ş   o l m a y a c a k t ı
p r o t e s t o l a r
o n a m ı y o r   m u
h ü c r e y e
o n a m a z   m ı s ı n ı z
i y i l e ş e c e k   o l a c a k l a r
k a p ı y o r   o l m a y a c a k m ı ş ı z
k ü ç ü l ü r   m ü y d ü k
k a p a m a m ı ş t ı n
c ü c e n
k a p a m ı y o r   m u y m u ş
ö ğ r e n m e z d i n i z
o n a a c a k   o l a c a k m ı ş ı m
ö ğ r e n i y o r   o l m a y a c a k   m ı y m ı ş s ı n ı z
ö ğ r e n i y o r   o l a c a k   m ı y ı z
ö ğ r e n i r   o l a c a k m ı ş ı m
e k l e m e s i z   d e ğ i l   m i y m i ş s i n ?
s a ğ ı z
i y i l e ş i y o r   o l a c a k   m ı y m ı ş s ı n ı z
o n u y o r   o l m a y a c a k t ı m
i y i l e ş e c e k   o l a c a k m ı ş ı m
i y i l e ş i y o r   o l a c a k l a r d ı
k ü ç ü l ü y o r   o l m a m a l ı l a r   m ı y m ı ş
o n a m a m a l ı l a r   m ı y m ı ş
k ı l k a p a n l a r d a
h a t a n d a
k e s e r l a r d a
k a r a   t a h t a l a r ı n ı n
k a p a m a z d ı n
k a p a m a z   m ı y ı z
ö ğ r e n e c e k   m i y d i k
i y i l e ş m i ş   m i y m i ş s i n
f l a ş ı n ı z a
i y i l e ş i r   o l m a y a c a k   m ı y m ı ş
ö ğ r e n m i ş   m i s i n
s a ğ d ı k
k a p ı y o r   o l m a l ı   m ı
o n a m ı ş   o l a c a k t ı k
h a t a l a r d ı m
i y i l e ş i y o r   o l u r d u n
ö ğ r e n i y o r   o l m a y a c a k   m ı y m ı ş s ı n
k a p ı y o r   o l m a m a l ı y d ı
k a p a y a c a k   o l m a y a c a k l a r
k a p ı y o r   o l m a y a c a k s ı n
i y i l e ş m i ş   m i y i z
k ü ç ü l ü r   m ü y d ü
k e s e r n ı z ı n
k ü ç ü l ü r   m ü y m ü ş ü m
d a l g ı n l ı ğ ı n
k ü ç ü l m ü ş   m ü y d ü m
k ü ç ü l ü y o r   o l m a l ı   m ı y d ı n
k a p a m e l i   m i y i z
ö ğ r e n e c e k l e r d i
k a p a m a m e l i   m i s i n i z
o l a y   g ü d ü m l ü   p r o g r a m l a m a n ı n
o n u y o r   o l a c a k   m ı y m ı ş
f l a ş l a r ı n d a
k ü ç ü l m e y e c e k l e r   m i
o n a m e l i s i n i z
k ü ç ü l ü y o r   o l m a l ı y ı z
i y i l e ş e c e k   o l a c a k   m ı y m ı ş ı m
g ö t l e r d i
h ü c r e n i z
o n a m a m e l i   m i y i m
k a p a m a z   m ı y d ı n
p r o t e s t o n u z d a n
e k l e m e s i z   m i s i n ?
k a p a m a m ı ş   m ı y ı m
k ü ç ü l d ü y d ü n ü z
i y i l e ş i y o r   o l m a m a l ı y m ı ş ı z
k a p a m a y a c a k s ı n ı z
ö ğ r e n m i ş l e r m i ş
ö ğ r e n m i ş t i m
a ğ a ç   ç i v i l e r i m
k a p ı y o r l a r   m ı y d ı
o n a m a m e l i l e r
y a l a n c ı l ı ğ ı n ı n
m ü m e s s i l l i k l e r i n i
k a p ı y o r   m u y d u m
ö ğ r e n i r l e r m i ş
i y i l e ş e c e k   o l a c a k l a r   m ı y m ı ş
k ü ç ü l ü y o r   o l m a m a l ı y ı m
k ü ç ü l m ü y o r   m u y d u n
b u s e y i
ö ğ r e n d i
k ü ç ü l m ü ş   o l m a y a c a k s ı n ı z
o n a m ı ş   o l a c a k l a r d ı
k ü ç ü l ü y o r   o l m a l ı   m ı y m ı ş s ı n
o n u y o r s u n u z
ö z g ü r   y a z ı l ı m ı n a
i y i l e ş
o n a m a y a c a k t ı
h a t a l a r d ı r
t e l e v i z y o n
o n a y a c a ğ ı m
k e s e r l a r ı m ı z
