a ğ a ç   ç i v i d i m
i y i l e ş m e m e l i y i m
o n a m a y a c a k   m ı y m ı ş
i y i l e ş i r   o l a c a k m ı ş
o n a m ı ş   o l m a y a c a k   m ı y d ı n ı z
k a p ı y o r   o l a c a k   m ı s ı n
k a p a y a c a k   o l a c a k   m ı s ı n
i y i l e ş i y o r   o l m a y a c a k m ı ş ı m
k a p a y a c a k   o l m a y a c a k   m ı s ı n
k a p ı y o r   o l m a y a c a k   m ı y m ı ş s ı n
i y i l e ş i r   o l m a y a c a k   m ı y m ı ş
o n a m ı y o r l a r   m ı y m ı ş
k a y ı ğ ı n
ö ğ r e n m i y o r l a r   m ı y m ı ş
i y i l e ş m i y o r l a r   m ı y m ı ş
k ü ç ü l ü y o r m u ş u z
e k l e m e s i z   m i y d i l e r ?
e k l e m e s i z   d e ğ i l m i ş i z
e k l e m e s i z d i m
e k l e m e s i z   m i y i m ?
e k l e m e s i z   d e ğ i l   m i y d i ?
e k l e m e s i z   d e ğ i l d i n
e k l e m e s i z   m i s i n i z ?
e k l e m e s i z   d e ğ i l   m i y m i ş s i n ?
e k l e m e s i z   m i ?
e k l e m e s i z   m i s i n ?
e k l e m e s i z d i k
e k l e m e s i z   m i y d i n i z ?
e k l e m e s i z l e r   m i ?
o n a m a m e l i l e r
o l a y   g ü d ü m l ü   p r o g r a m l a m a y ı
i y i l e ş m e d i m   m i
o l a y   g ü d ü m l ü   p r o g r a m l a m a y a
k ü ç ü l ü r d ü
k ü ç ü l d ü k
ö ğ r e n i y o r
k ü ç ü l ü y o r l a r
k ü ç ü l ü y o r m u ş
k ü ç ü l ü y o r   m u
k ü ç ü l ü y o r   o l a c a k   m ı
k ü ç ü l ü y o r   o l m a l ı
k ü ç ü l e c e k t i m
k ü ç ü l ü y o r d u m
k ü ç ü l e c e k s i n
k ü ç ü l m e y i n
ö ğ r e n i r
k ü ç ü l ü y o r   o l a c a k   m ı y d ı n
k ü ç ü l ü y o r   o l m a l ı y ı z
k ü ç ü l e c e k   m i
k ü ç ü l e c e k m i ş
k ü ç ü l ü y o r   o l a c a k m ı ş ı m
k ü ç ü l m ü y o r u z
k ü ç ü l m e y i n i z
k ü ç ü l ü y o r   o l m a l ı s ı n
k ü ç ü l ü r m ü ş ü m
k ü ç ü l m ü ş   o l a c a k t ı
k ü ç ü l ü r s ü n ü z
k ü ç ü l m e m i ş t i n
k ü ç ü l d ü l e r
ö ğ r e n i y o r   o l a c a k t ı m
k ü ç ü l ü y o r   o l a c a k   m ı y m ı ş s ı n
k ü ç ü l ü y o r   o l m a l ı y d ı n ı z
k ü ç ü l ü y o r   o l m a l ı   m ı y d ı
k ü ç ü l ü r   m ü y d ü
ö ğ r e n i n
k ü ç ü l ü y o r   o l m a y a c a k t ı n
ö ğ r e n i y o r   o l a c a k m ı ş ı z
k ü ç ü l m ü ş t ü k
k ü ç ü l ü y o r   o l m a l ı   m ı y ı z
k ü ç ü l ü y o r   o l m a l ı y m ı ş
k ü ç ü l ü r   o l a c a k   m ı y m ı ş ı z
k ü ç ü l d ü n   m ü
ö ğ r e n i y o r   o l a c a k   m ı
ö ğ r e n i y o r   o l a c a k s ı n ı z
k ü ç ü l ü y o r d u n u z
k ü ç ü l ü y o r   o l m a y a c a k
ö ğ r e n i y o r   o l a c a k m ı ş
k ü ç ü l ü y o r   o l m a z d ı m
k ü ç ü l ü r   m ü y d ü k
k ü ç ü l m ü ş   m ü
k ü ç ü l e c e k   o l a c a k   m ı s ı n
k ü ç ü l ü y o r   o l m a l ı l a r d ı
k ü ç ü l ü y o r   o l m a l ı   m ı y d ı n
ö ğ r e n m i y o r
k ü ç ü l m e m i ş s i n
k ü ç ü l m e l i y d i n i z
k ü ç ü l ü y o r   m u y u z
ö ğ r e n i y o r   o l m a l ı
ö ğ r e n i y o r   o l a c a k   m ı y ı z
k ü ç ü l e c e k   m i y d i k
k ü ç ü l ü r   m ü y ü m
k ü ç ü l m ü ş s ü n
k ü ç ü l m ü ş l e r d i
k ü ç ü l m ü ş m ü ş ü z
ö ğ r e n i y o r   o l a c a k   m ı y d ı n
ö ğ r e n i y o r s u n
k ü ç ü l e c e k   m i s i n i z
k ü ç ü l ü y o r   m u s u n
k ü ç ü l ü y o r   m u y d u
k ü ç ü l ü y o r   o l m a y a c a k   m ı y d ı k
ö ğ r e n i r d i k
k ü ç ü l m ü y o r d u m
k ü ç ü l ü y o r   o l m a z l a r d ı
ö ğ r e n i y o r l a r d ı
i y i l e ş i y o r   o l a c a k t ı
k ü ç ü l m e l i   m i y d i n i z
k ü ç ü l m e d i n   m i
ö ğ r e n m e
k ü ç ü l m e z s i n i z
k ü ç ü l ü y o r   o l m a y a c a k   m ı y d ı
k e l e p ç e l e r i n
k ü ç ü l m e d i   m i y d i k
k ü ç ü l ü y o r   o l m a l ı   m ı y m ı ş s ı n
c ü c e y m i ş i z
k ü ç ü l ü y o r   o l m a y a c a k   m ı y d ı n
ö ğ r e n i y o r   o l m a l ı y m ı ş ı z
k ü ç ü l ü y o r   o l m a y a c a k   m ı y d ı n ı z
k e l e p ç e l e r i n i n
ö ğ r e n e c e k   o l a c a k s ı n
k ü ç ü l ü y o r   o l u r   m u y d u
ö ğ r e n d i k
ö ğ r e n i y o r   o l m a l ı y d ı n ı z
k ü ç ü l m e m i ş m i ş s i n i z
k e l e p ç e n i z
k ü ç ü l e c e k   o l a c a k   m ı y m ı ş s ı n
k ü ç ü l ü r   m ü s ü n ü z
k ü ç ü l ü y o r   o l m a m a l ı   m ı s ı n ı z
ö ğ r e n d i
k ü ç ü l ü r   m ü y m ü ş ü m
ö ğ r e n i r   o l a c a k m ı ş s ı n ı z
ö ğ r e n i y o r   o l m a l ı   m ı s ı n ı z
k ü ç ü l ü y o r   o l m a m a l ı   m ı
k e l e p ç e l e r i n e
k ü ç ü l m e m e l i s i n i z
k ü ç ü l m ü y o r s u n u z
k ü ç ü l ü y o r   o l m a m a l ı   m ı y m ı ş ı z
k ü ç ü l m e m e l i s i n
ö ğ r e n e c e k l e r d i
k ü ç ü l m e m e l i   m i
ö ğ r e n i y o r   o l u r l a r d ı
ö ğ r e n i y o r   o l m a y a c a k
ö ğ r e n i r d i m
k ü ç ü l m e z   m i y d i k
i y i l e ş i y o r   o l a c a k s ı n
k a p ı y o r   o l a c a k m ı ş s ı n ı z
ö ğ r e n e c e k   m i y i z
k a p ı y o r   o l a c a k   m ı y d ı k
k ü ç ü l ü y o r   o l m a m a l ı y ı m
k ü ç ü l ü y o r   o l m a m a l ı   m ı y d ı n
k ü ç ü l d ü   m ü y d ü
k ü ç ü l ü y o r   m u y m u ş u z
k e l e p ç e n i z e
i y i l e ş i y o r   o l a c a k s ı n ı z
ö ğ r e n e c e k s i n i z
ö ğ r e n i y o r   o l m a l ı   m ı y m ı ş
ö ğ r e n m i ş   o l a c a k t ı k
k ü ç ü l ü y o r   m u y d u m
k ü ç ü l m e y e c e ğ i z
k a p ı y o r   o l a c a k   m ı y d ı
ö ğ r e n e c e k   o l a c a k m ı ş s ı n
i y i l e ş i y o r   o l a c a k m ı ş s ı n ı z
k a p ı y o r   o l a c a k   m ı y ı z
k ü ç ü l m e m e l i   m i y d i k
ö ğ r e n i r   o l a c a k m ı ş ı m
ö ğ r e n i y o r   o l m a l ı   m ı y m ı ş s ı n ı z
ö ğ r e n e c e k   m i y d i n
k ü ç ü l m ü y o r m u ş s u n
k ü ç ü l m e m i ş l e r   m i
k ü ç ü l m e y e c e k l e r m i ş
ö ğ r e n e c e k   m i y m i ş i z
ö ğ r e n i r l e r m i ş
k a p a r   o l a c a k m ı ş ı z
ö ğ r e n i r   o l a c a k   m ı y m ı ş s ı n ı z
k ü ç ü l m e m e l i   m i y m i ş i z
ö ğ r e n e c e k   o l a c a k   m ı y m ı ş
k ü ç ü l m ü y o r   m u y u z
ö ğ r e n i y o r   o l m a y a c a k   m ı y d ı
i y i l e ş i y o r   o l a c a k   m ı y ı z
k ü ç ü l m e y e c e k l e r   m i
ö ğ r e n m e m i ş t i n
k ü ç ü l e c e k   o l m a y a c a ğ ı z
k ü ç ü l m e z   m i y m i ş
i y i l e ş i y o r   o l a c a k   m ı y m ı ş s ı n ı z
k a p ı y o r   o l a c a k   m ı y m ı ş s ı n
ö ğ r e n e c e k   m i s i n
k e l e p ç e l e r i n d e n
k ü ç ü l m ü ş   m ü y d ü m
ö ğ r e n e c e k   o l a c a k   m ı y m ı ş s ı n ı z
k ü ç ü l d ü y d ü n ü z
k ü ç ü l m e m e l i   m i y d i n i z
k ü ç ü l m e m i ş   m i y m i ş s i n
k ü ç ü l m ü y o r   m u y d u n
k ü ç ü l m e m e l i y d i m
k ü ç ü l m e m e l i l e r m i ş
ö ğ r e n i y o r   o l m a y a c a k   m ı y m ı ş s ı n ı z
k ü ç ü l e c e k   o l m a y a c a k   m ı s ı n ı z
k ü ç ü l e c e k   o l a c a k l a r   m ı y m ı ş
ö ğ r e n e c e k   m i y d i k
ö ğ r e n m e l i   m i y i z
h ü c r e l e r i n i
k e l e p ç e d e n
k a p a m ı ş   o l a c a k t ı n
ö ğ r e n i y o r   o l m a m a l ı
o n u y o r   o l a c a k t ı n
k ü ç ü l e c e k   o l m a y a c a k   m ı y m ı ş ı z
ö ğ r e n i r   o l a c a k   m ı y m ı ş ı m
k ü m b e t l e r i n i z i n
ö ğ r e n i r l e r   m i
k ü ç ü l m ü ş   o l m a y a c a k s ı n ı z
k ü m b e t l e r i n e
k ü m b e t i n i z
ö ğ r e n m i y o r s u n
ö ğ r e n m i ş t i n
ö ğ r e n i y o r   o l m a y a c a k   m ı y m ı ş s ı n
ö ğ r e n i y o r   o l m a y a c a k   m ı y m ı ş ı m
k a p ı y o r   o l m a l ı y d ı
k ü ç ü l e c e k   o l m a y a c a ğ ı m
k a p a r   o l a c a k m ı ş s ı n ı z
ö ğ r e n i y o r m u ş s u n
h ü c r e l e r i n e
c ü c e l e r i n i z i
h ü c r e l e r i n i z i n
ö ğ r e n i y o r   o l m a y a c a k   m ı y d ı m
ö ğ r e n e c e k   m i y d i n i z
ö ğ r e n e c e k   m i y m i ş s i n
k a p a r   o l a c a k   m ı y m ı ş ı z
k ü ç ü l m e m i ş l e r   m i y m i ş
ö ğ r e n m i y o r d u
i y i l e ş i y o r   o l m a y a c a k t ı n ı z
k a p ı y o r u z
h ü c r e l e r i n i z e
k a p ı y o r l a r
i y i l e ş i y o r   o l m a l ı y m ı ş s ı n ı z
ö ğ r e n m i ş t i n i z
ö ğ r e n m e d i m
ö ğ r e n m i y o r m u ş
k ü m b e t t e n
k ü ç ü l m e z   m i y m i ş s i n
k ü ç ü l e c e k   o l m a y a c a k   m ı y m ı ş s ı n
ö ğ r e n m e d i y d i k
ö ğ r e n m e d i y d i
h ü c r e l e r
c ü c e l e r i n
ö ğ r e n m e l i l e r
k a p a d ı
k ü ç ü l m ü ş   o l m a y a c a k   m ı
ö ğ r e n m i ş   o l a c a k   m ı y d ı n
i y i l e ş i r i z
ö ğ r e n e c e k l e r   m i y d i
k ü m b e t i n i z e
