z i o z e n
z e n i o k e z e n
g e n i o z
z a k a r k i e n
d a t e k e
z e g i z k i e n
n i e z a z k i a n
z i o t s e z e n
d i h o a k i o
d i o s t
g e n i o t s u e z e n
z e n
n e r a k u s
z e k a r t z a a n
h a i z
z e g i t z a a n
z a t z a i z k i o
z a k a r k i d a n
d a g i k
d a r o a t z a t
g i n d e k a r t z a k e k
z a k a r k i o n
d i o s k u z a n
z e g i n a n
g i n a t e k e
l i o t s a a t e
l i e z a t
l e r a k u s
z e k a r k i d a t e n a n
g e n e r a k u s
n e k a r r e a n
n i o t s a a k e z
l i h o a z k e
z e n i o t s o n
d i o t s u e t e
z e n i o t s e k e t e z
n i o s n a k e e n
n i o t s o z a a n
n i o s n a k e
z i o n a t
n i o t s e k e z e n
z a r o a a t
z i n t z a t e t e n
z i o g u z a n
d a k i z k i k e z u e
z a k i n a t
e s a i o n
z i h o a z e n
b e r a k u s k i
z e g i z k i o n a g u
d i o s t a z
h a i z a t e k e
d a k a r t z a t
h i n d e r o a d a n
z a r o a n a t
n i n d e r o a a n
g i n d e r o a t z a k e n a n
z a r o a z t e t e
d a r a k u s k i
z e n e g i e n
z e n e g i z k i e k e t e
b e g i z k i z u
l e g i z u e t e
n e g i n a k e
z e g i z k i g u n a n
z a g i n a t
d e g i z u e t e
b e g i z k i z u t e
z e g i z k i o n a n
z i o t s e d a z a n
z a i z k i n a k e
z a k i n
z e n e k a r k i t
l i e z a z k i g u t e
d e z a z u e
z a t z a i z k i e k e t e
z a k a r r e a t
z e n i e z a z k i g u k e e n
z e k a r z k i z u e k e e n
d a r a k u t s a g u
z i h o a a n
z i o d a z a n
z i h o a z k e a n
n i n d o a k e n a n
z o a z k i e
g o a z k e n
z i h o a z k i d a k e a n
z e n i o k e t e n
d i o s n a
z i o t s o z a a n
n e k a r z k i e n a n
z e n i o s t
z e n e g i k e e n
n e k a r t z a k e e n
h e k a r z k i t
g e n i e z a n a k e e n
z a i z u k e
l i e z a z k i k
h e k a r t z a k e e n
z i o s t a t e z a a n
z e n i e z a z k i e k e e n
g e n i e z a z k i n a n
d i e z a z k i d a k e
g a i t z a k e
z i e z a d a k e t e a n
d i e z a z k i d a k e z u e
g i n t z a k e a n
d i e z a g u k e
d i e z a z k i e k e z u
d i e z a z k i a k e
z i t z a k e n a n
z i e z a z k i d a k e t e n a n
g e n i t z a k e a n
n i e z a i e k e n a n
g e n i e z a z k i o k e k
h i n t z a d a n
z i e z a d a k e t e k
l i e z a i o k e k
z i e z a z k i e k e t e n
z e n i e z a i e n
n e z a k e n a n
l i e z a z u e t e
z i e z a z k i d a k e n a n
z i e z a z k i g u k e k
d i e z a a k e
l e z a k e t e k
d i e z a z k i o k e k
z i t z a k e t e k
z i e z a z k i o k e t e a n
g e n i t z a k e k
g a i t z a k e k
z i e z a i e k e t e k
g a i t z a k e t e k
d i e z a z k i z u k e t e
z i e z a d a k e t e n
z i e z a z k i e k e k
z e n i e z a z k i e k e t e
z i e z a i o k e a n
l i e z a z k i d a k e t e n a n
h i e z a i e
h a z a k e t
l i e z a z k i e k e t e n
z i e z a z k i d a k e k
l i e z a z k i o k e n
h a z a k e
d i e z a z k i n a k e g u
z i t z a k e n a t
z a i t z a t e t e
n e z a k e a n
z i e z a i e k e n a g u
d i e z a z k i n a k e t
l i e z a d a k e k
b i e z a z k i z u t e
z i e z a i e k e t e n
n i e z a i e k e k
z i e z a g u k e n a n
z i n t z a t e
n i e z a n a k e
d i e z a a k e t e
z i e z a z k i e k e n
n a z a k e n
d i e z a d a k e
d i e z a i o k e k
b i e z a z k i z u
z a i t z a k e t e t e
g e n e z a k e k
l i e z a z k i g u k e n
n i e z a n a k e e n
z i e z a i o k e n a g u
l i e z a g u k e n
d e z a k e z u
d i t z a k e z u e
l i e z a i o k e t e n
g i n t z a k e n a n
d i e z a z k i e k e g u
n e z a k e k
z i e z a i e k e t e a n
z i t z a k e t e a n
z i n t z a t e
d i e z a z u e k e t
l i e z a i e k e n
d i e z a z k i g u k e
d e z a k e
l i e z a z k i e k e k
z i t z a k e k
d i e z a z k i o k e t
b i o t s u
l i t z a t e k e
z i e z a z k i n a k e e n
z e k a r z k i z u k e e n
d a k i z k i k e g u
d a g i t z a t
z a r o a n
h e g i z k i t
e k a r r i e n
g e n e k a r k i a k e e n
g i n d e r o a t z a k e k
z a i z k i g u k e
h i n d e r r a i o
z a t z a i z k i e
l i t z a i z k i o k e k
n i n t z a i o k e n
z a i z k i e k e
l i t z a i z k i g u k e n
l i t z a i z k i e k e n
l i t z a i z k i d a k e k
l i t z a i o k e n
l i t z a i o k e k
z i t z a i z k i d a k e a n
z e n i e z a z k i d a t e n
z i n t z a t e g u n
z e k a r k i a k e t e n
n e k a r k i n a k e
b e k a r z k i z u
n a k a r r e n
z a k a r r e n a t
n e k a r z k i e k e e n
h e k a r k i e
z e k a r z k i o n a n
z e k a r z k i g u n a n
z a k a r z t e t e
n i n d e k a r k e n
n e k a r z k i o a n
z e n e k a r k i e n
n a k a r t e n
z e n e k a r z k i e k e t e
z i n d e k a r z t e
h i n d e k a r d a n
d a k a r k
g i n d e k a r t z a k e z u e
l e k a r t z a k e t e
n i o s n a
g i n d e k a r t z a k e n
g e u n d e k e
z i o s k u k e t e z e n
g a u d e k
n e n g o k e n a n
z a g o z k i e
l e u d e k e k
z e n i e z a z k i o t e
z e g i o n a t
n i o t s e z a n a n
z i o g u z a k
l i t z a k e t e
l e k a r z k i z u e k e t e
n o a n
d i o g u
z a i n
l e g i
z a i o
