d a g o k i z u k e
z i n t z a i z k i d a n
l i e z a z k i g u t e
d a k i k e g u
d a g i k
z e g i z k i o n a g u
z i o t s o g u z a k
d i o s t
e r a k u t s a z k i d a k
z e n
l i h o a z k e
e r a k u t s a z k i d a z u e
l i o t s a a t e
z i h o a n a n
z a i z k i n a k e
d i e z a z k i e k
z e n e k a r t z a n
l i e z a t
z e n i o e n
l i e z a a k e t e
h i n d e r o a
z i h o a z k i d a n a n
z i n t z a t e t e n
d a k i z k i k e t
z e g i n a n
g e n i e z a z k i z u e k e e n
z a k a r t z a n a t
i e z a d a k
i e z a z k i e k
b e r r a i k
g e n e k a r z k i n a k e
z i n d o a z k e e n
g e n i o t s a a k e e n
d a k a r k i d a n
z e n e k i z k i t e
b i o
l i e z a a t e
z a i z k i e k e n
z e k a r t e a n
z e n e r a k u t s a z k e e n
e k a r d a k
g e n e k a r z k i z u e k e e n
d i e z a d a n
z a k i a t
l i e z a n
l e k a r k i t
l e r a k u s
d i e z a n
z e g i z k i e a t
z a k a r t z a t
z e n e k a r z k i e n
g e n e k a r k i n
z a k a r t z a t e
z e u d e k e e n
l e k a r t z a
z a g i t z a a g u
d a k a r z k i z u g u
l e z a t e
z a k a r t z a
z e n i o t s e k e z
g e n i e z a z u e k e e n
g e n e r o a t z a a n
z i e z a z u k e e n
z i n d e r o a z t e t e
b i e z a z u t e
z a i e k e n
d i e z a d a z u e
z e z a k e e n
z e r o a t z a t e n a n
z e n i t z a t e
z e r i z u e k e e n
l i e z a z k i z u e t e
z e n i e z a d a t e n
z e r o a t z a k e e n
z i n d e r r a i z k i d a k e e n
z a k a r k i o n
z e r r a i z u e n
z e k a r t z a a n
z e n e k a r z k i e k e e n
z a u d e k e
z e r r a i d a n
e r a k u t s a k
z e n e r o a n
z e r r a i a n
d a k i z k i n
z e n e g i t z a n
z a t z a i z k i d a t e
z e r r a i o k e e n
l i o s k u t e z
z e r o a t z a k e t e n
z e g i z k i z u e k e e n
z a k a r k i d a n
h i e z a d a k e e n
g a k a r t z a n
z a r r a i d a n
d e z a k e k
b i e z a a t e
g i n d e r r a i z k i o k e e n
n a k a r t e
z a r o a t e n
z a i t z a g u
z i o s n a k e e n
z e k a r k i d a t e n a n
n e k a r t z a a n
b e k a r z k i k
z a i o k e
h e r a k u t s a z k e
z e r i d a k e e n
g a k a r t z a
d e g i d a n
z e k a r k i e k e e n
d a k a r z k i g u
z e r r a i g u k e e n
z e n e g i d a n
z e n e r o a t z a k e t e n
d i e z a z u
n i e z a z u k e e n
l i t z a t e
z e r r a i e n
l i e z a z u e k e
l i e z a d a k e
z e n e k a r k i g u k e e n
z e k a r z k i o k e e n
l i e z a z k i d a k e t e
g e n e k a r t z a n a n
z a i z k i g u k e k
z e k a r z k i z u t e n
d a k a r z k i d a k
z e k a r k i z u e k e t e n
d i e z a g u z u e
n e r o a t z a n
z i n d o a z k i e t e
l i e z a z k i n a t e
z i n t z a k e e n
d i e z a z k i d a t e
h e k a r
z a g i t z a t e n
d i e z a z k i z u e g u
d a k a r z k i o n
h a z a t e
n e k a r k i n
d i e z a g u t e
z e n e k a r k i e k e t e
z e g i d a t e n a n
d i e z a d a k
l i e z a z k i z u
n o a n
n e r a k u t s a n
z e k a r z k i g u t e n a n
l i e z a g u k e t e
z e n e k a r z k i e k e t e n
n i n d e r r a i z u k e e n
g e n i e z a z u e n
z e g i t z a a n
d a r a k u t s a t
z i e z a z k i a k e e n
z e k a r z k i o t e n a n
g e n e z a n
h i e z a z k i g u n
b i e z a g u t e
l i e z a z k i z u e
z a r i d a n
z i e z a i o k e e n
h i e z a g u k e e n
z e g i z k i d a n a n
z e k a r z k i g u n
z i n t z a k e d a n
d i e z a t
l e k a r z k i a k e t e
z i n t z a i z k i d a t e n
g e n e k a r z k i z u e n
z e n e k a r z k i g u
h i n d e r r a i d a n
g e n i e z a z u k e
z e g i a k e t e n
i e z a z k i g u n
g e n e k a r t z a n
z e n e k a r k e t e n
z i o s n a k e z e n
l e k a r z k i e t e
g e n i e z a z u n
z i e z a z k i z u e k e t e n
z e r r a i z k i a n
z e k a r z k i n a k e e n
d a k a r k i g u n
z e k a r z k i n a t e n
z i n d e k a r z k e t e
z a r o a n a g u
z e g o z k i e k e e n
z a r r a i o n
n e k a r z k i z u n
z o a z k i g u k e k
h i n d o a n
d i e z a z k i a t e
z e g i z k i d a k e e n
d e g i z k i g u z u e
z e n i e z a g u
z e r r a i z k i z u n
z e n e g i e k e e n
z a k a r k i e n a g u
d i o z u
z a i t z a t
g i n d e k a r t z a k e t e
n i n d e k a r k e z u e n
z a i t z a
z e n e k a r k i d a k e t e n
d e z a
b e k a r z k i a t e
l e g i d a k e t e
h i n d e k a r g u n
z e n i e z a z k i e
e r a k u t s i e z u e
z e n e g i z k i g u k e e n
z e n i e z a z k i g u
b i e z a z k i o
g i n t z a i z k i e k e a n
g e n e k a r t z a
d a k a r k i g u
z a i z k i d a k e k
z e r i z k i a n
h e k a r z k i d a n
d e g i a t
g i n t z a i z k i e n a n
d i e z a k
z a k a r k i e n
z e g i z k i z u e k e t e n
n a g o k i o
z e r i z k i z u k e e n
z a g o z k i g u k e n
z a r r a i z k i d a n
n i e z a i e k e e n
n i t z a n
z e n i e z a i e k e t e
h i n d e r r a i g u n
d a k a r t e
d i e z a z k i z u t e
n i n d e r o a t e
l e k a r z k i z u t e
d i o t s u e t e z
z e n e k a r k i d a k e
z a i n a k e
z e g i g u t e a n
d i o t s u e t
h e k a r z k i d a k e e n
e k a r z k i o n
g e n e r o a t z a
h i n d e r o a k e e n
z e k a r k i e t e a n
g i n d o a z
l e k a r k i z u
g e n e g i z k i e n a n
d a k a r z k i n a t e
z e r i e n a n
z o a z k i g u t e
i e z a g u z u e
d a k a r k i o n
l e g i z k i d a k e t e
d a k a r z k i e z u e
z e n e k a r z k i o t e n
z e g i z k i d a t e n
n i n d e r r a i z u e k e
z e n e g i t z a t e n
z i e z a z k i z u k e t e n
n e z a k e
b i e z a z u e
z e r i z k i e n a n
n i e z a z k i o k e e n
g i n d e k a r t z a k e k
z e r i z k i o k e e n
z e n e g i z k i d a k e e n
z a g o z k i g u n
z a k a r z k i g u k
n i t z a
g i n d e k a r t z a z u n
z i n t z a i z k i e k e e n
g i n d e r o a t z a k e z u e n
l e k a r z k i o k e t e
h i n d e r o a t e
d a k a r z k i t
e k a r z k i e z u
b e g i z u t e
d a k a r k i o g u
z e g i t z a t e n
z e r i z k i d a a n
h i n d o a k i d a k e e n
z e k a r k i e t e n a n
z e g o k i a k e e n
z e n e k i z k i
d i e z a n a g u
n i n d o a k i z u k e e n
z e n e k a r k i g u k e t e n
z e g i z u e k e t e n
z e n e k a r k i e k e
l e k a r z k i o t e
n i n d e k a r k e z u e
d i e z a z k i e z u e
z e g i o n
z e g i z k i e t e n a n
l e g i z k i e k e t e
z e n e k a r z k i o k e t e
z e g i g u t e n
d a g o z k i a k e
g o a z k e
z i n d e r r a i z k i d a k e t e n
z o a z k i g u
z e n e g i d a k e t e
z i e z a z k i n a k e t e n
z i h o a z k i z u n
z i n d o a z k i g u t e n
g i n d e r o a t z a n a n
h i n t z a i d a k e e n
h a z a g u
z i n d e r r a i z k i o t e n
z e g i g u n
b i t z a t e
l e r r a i d a k e
h i n d e r o a k e t e
l e k a r k i o k e t e
h i t z a k e e n
n i n d e r o a t e n
g a t z a i z k i z u k e
z a i n
b e u d e
z i n d e r r a i z k i e n
z e g i z k i o a t
n e g i z u k e e n
d a g i
n i e z a z k i z u k e
n e k a r k i z u n
l i o s k u t e
l e k a r k i e k e
z e g i t z a t e a n
z e k a r k i o n
e g i g u z u e
n e g i t z a k e e n
d a k a r k i e z u e
z e r i z u n
h i n d o a k i g u k e e n
z e k a r k i e t e n
d i e z a z k i t
h e g i t z a k e e n
n i n d e k a r k e z u n
z e n e g i d a k e
z i h o a z k i g u n a n
n i n d o a k i e n a n
d a r o a t z a k
z e n i t z a k e
z i t z a i z k i a n
d e g i d a t e
z a k a r k i e k
z e n e k a r k i e t e
z i n d o a z k i o n
l i e z a z k i n a k e t e
g e n i e z a z k i n a k e
h e r o a k e
g e n e r a k u s
d a r o a z u
z o a k i g u n
g e n i e z a z k i z u e k e
d a r r a i z u e
z e g i z k i z u n
z e g o z k i n a k e e n
z e n e k a r k i o
n a r r a i k
d a k a r k i o t
l e g i z k i z u k e t e
z e n e g i z k i g u
z e n g o z k i o k e t e n
z i t z a i n a k e e n
b e g i a t e
z i n d o a z k i g u t e
z i n t z a k e t e
n e g i z k i z u e n
z i t z a i g u n a n
z i t z a i z k i z u e n
l i o s t a k e z
z e n g o z k i e k e t e
g e n g o z k i a n
z i o z e n
g i n d e r o a t z a k e
z e n e g i t z a
n i n t z a i a k e e n
z e n i o t s o k e z e n
g i n d e k a r t z a k
l e k i
z i n t z a i z k i e k e t e n
g e n e k a r k i a n
z i h o a z k i g u k e a n
z i o t s e z e n
z i n d o a z k i o t e
l e r i g u k e
n i n t z a k e z u e
z e g i z k i e n
z o a k i g u k e k
d i o t s u t e
l e r r a i z k i d a k e
z e g o z k i o k e n a n
l e r r a i g u k e
z i o t s o t e n a n
z e g i e a n
h e k a r k i e k e e n
z i n t z a i z k i d a k e t e n
h i n d o a k e e n
z i t z a i z k i e n a n
l e r i z k i g u k e
l e g o z k i z u e
g e n e k a r k i o n
b e g o k i k
z a g o z k i e k e t e
z i o z a k
z a r i z k i o n
d a r i n
n a r o a z u
d i t z a z u
g e n e g i z k i e k e e n
n i n d e r r a i e
d a k a r k i g u z u
d e g i z k i g u
h i o s t a k e e n
g e n e g i z u k e e n
l e r o a t e
n a r o a z u e
z i o t s u k e e n
l e g i z u t e
z e n i o s t a k e z e n
l e k a r k i o
l e g i
n e k a r k i a k e
d a g i t z a
d a k a r k i z u t e
z i t z a i z k i g u n
z i h o a z k i g u n
l e g o z k i g u
g e n e k i a n
n e n g o k i z u k e e n
d i e z a i o z u e
z i n t z a i z k i o k e t e n
l i o k e z
e s a g u z u e
d e g i e t
z e n e g i z k i d a k e
z e g i z k i e k e t e n
n i e z a z k i o n
n e k a r z k i n a k e
h e g i g u k e e n
d i o s k u t e z
d a r a k u t s a
l e g o k i z u
b e g i e t e
z e g i z k i g u k e t e n
n o a k i o n
l i h o a z k i g u
z e n e g i t z a t e
l e g i z k i g u k e t e
z i h o a z k i a n
n i n d e r r a i o k e
l e g i z k i e k e
z a g o z k i o
g e n e k a r z k i o k e
d i e z a i o k
n e k a r k e
z a r r a i z k i d a k
l e g o z k i z u k e
n e n g o k i o k e e n
z a g o z k i e
z i o n a n
l e k a r k i a t e
n e g i n
h e g i z k i d a n
g o a z k i e k e n
n e k a r z k i e
h i n t z a t
z a g i t z a t e k
z a k a r k i e a t
g e n i e z a z k i z u
h i n t z a k e g u n
g e n e g i z u e n
n e r o a
z i h o a z k i e k e n a n
g i n d e r r a i z k i a n
z a g o z k i o k e
l i t z a i z k i e k e
h i n d o a k i o n
g i n t z a i z k i a k e e n
z e n e g i
z i n d e r r a i z k i o n
z e n e g i e k e
h a t z a i t
z e n e g i t z a k e
z a r r a i z k i g u
z e g o z k i o n
z a r r a i z k i g u t e
h i n d o a k i t
g e n e g i o n
z i o t s e t e a n
z a g o z k i o t e
n a r r a i o k
h e n g o k i d a k e e n
z i n t z a i z k i g u k e
h i n t z a i o k e e n
z a i o
b e g i z k i n
z e n i o t s e z e n
d a r i z u
b e k a r k i z u t e
h a t z a i d a k e
z e n e k i t e
z i t z a i z k i o k e a n
z i n t z a i z k i e n
h e g i t z a n
n e r a k u t s a z k e
h i n t z a
n i n t z a i z u k e
n i n d o a k e a n
g e n i e z a i o
z a g o z k i t
z e n e g i z k i e
z a g o k i e n
z e g o k i o k e a n
n e g i z k i n a n
l e g o k i g u k e
h e g i e k e e n
z a g o z k i e t e
d i e z a i o t e
z e n i o t s e t e z e n
n o a k i z u e
z a k i z k i n a g u
n i n t z a k e n a n
z a g o z k i g u k e t e
z e n e g i z k i e k e
n i e z a i o n
d a g o z k i k
l i o t s e t e
b e g o z k i g u
h i n t z a i e
l i t z a i z k i k
l e g i z k i e
z a g o z k i o k
z e r i o a n
d i o t s e t
z e g i z k i d a t e k
h e n g o k i d a n
n e k a r k i e k e
h e g i o
g i n t z a i z k i z u e n
b e k a r k i g u
z i t z a i z k i e n
z o a k i d a k e k
z i o t s e k e t e z e n
n i n t z a i o n
n e g i z k i z u
b e k a r k i n a t e
g e n e k a r k i o a n
d e g i z u t e
g e n g o z k i n a n
d a r i g u
g e n e g i n a k e e n
g a t z a i z k i e k e
g i n d e r r a i z k i z u k e
h e g i o n
b e r i n
z a g o k e k
l i h o a z k i a k e
z e n e g i z k i e t e
g e n e g i k e e n
z i h o a z k i o n
z a g i t z a k
g e n i e z a i e k e
d e g i z k i e t e
i e z a i e k
b i o s n a t e
g a r r a i z k i z u
z e n e g i z k i o k e t e
z i o t s u e k e t e n
n i e z a z k i k
d e g i z k i o z u
g e n e k a r k i k
z i h o a k i e k e n a n
n i o t s u k e z e n
l e r r a i z k i e
n e n g o k i e k e n a n
z i t z a i n a n
b e g i z k i g u
n e k a r k i o
n i n t z a i o k e n a n
l i h o a k i z u e
n e g i z k i a k e
l i t z a i z k i n a k e
g i n d e r r a i z k i a k e
n e n g o k i e k e a n
z e g o k i e n
e g i t z a z u e
n i e z a z k i e k e
z e n g o z k i o
l i t z a i z k i o k e
n e k a r k i e a n
z e n i o s t a t e z e n
g a r r a i z k i n
d a k i z k i z u e
g i n d o a z k i o k e n a n
d e g i z k i o t
z i o s t a n
h e k a r k i e k e
g i n d o a z k i n a k e
d e g i z u e t
h e k a r k i o k e
z i n t z a k e
g a g o z k i z u k e
d a r o a g u
z i o s t a k e t e n
z o a k i g u k
g e n e g i z k i z u e
g i n t z a t e
l i t z a i z k i e
n i e z a i e k e
z i h o a k e a n
e g i z k i d a z u
g o a z k i o k
g i n t z a i z k i n
z i t z a i z k i e a n
h i n t z a k e
d e g i e z u e
n i n d o a k i e
l i t z a i n a k e
g e n i e z a z k i e
h e g i z k i g u
d a r i o
l i h o a z k i t
b i e z a i o
e g i z k i o z u
g e n i e z a i o k e
h a r r a i o
z i o t s o t e z a k
z e g i z k i o a n
l i h o a z k i o
g i n d e r r a i z k i n a k e
h i o s k u k e e n
d a g i t z a z u
n a g o k i a k e
e g i n
z i o t s o n a g u
z e n e g i z k i o
d e g i g u z u
z i h o a k i g u a n
e s a z u e
h i n t z a k e g u
n i e z a i o k e
z e n i o t s o t e
d a g o k i g u k e
n a g o k i z u e
z e n i o t s o z e n
g a g o z k i n
e r a k u t s a z u
h e g i g u
n i n t z a k e k
l i o t s u
d a r i z k i e
d i o s k u z a n
l e r i z k i t
e g i z k i e z u e
z i n t z a t e t
g e n g o z k i e a n
g e n g o z k i o k e a n
b e r i z k i z u e
g i n t z a i z k i e n
z i t z a i o n
h e r a k u t s a z
g a g o z k i e n
n e g i e k e
n e g i z k i n a k e
n e g i z u k e
n e g i e n
h i n t z a i e n
g a g o z k i n a k e
g e n e g i z u k e
h i n d o a k i e
h i e z a z k i o
d e g i n a t
l i h o a k i k
h a t z a i e
g a g o z k i k
i e z a i o z u
n i n t z a i o
g e n e g i z k i e k e
z i o t s e n
z i o t s e n a t
h e g i o k e
e r a k u t s i o k
z a g o k i g u k e k
n e r a k u s
d i o t s u g u
n a t z a i o k e k
z i o t s o z e n
n a g o k i e n
z e n i o k e z e n
d i o t s e n
h e n g o k i e n
b i o t s u e
n a g o k i e k e
g a t z a i z k i o k e k
d e g i g u k
b e g o z k i o
z a g o k i o k e k
g i n t z a i z k i o k e
d i o s k u z u
z e g i g u k
b e g o z k i k
n e n g o k i o
n i n t z a i k
n a g o k i e
z e n i o s k u t e n
b e g i z k i o
h e g i z k i o k e
n i o t s o a n
z i n t z a
g e n i o t s e z
h a g o k i o k e
e g i o z u e
h e n g o k i o
z i o t s e a n
d i o g u
e s a d a z u e
h i o s k u n
g a g o z k i o k e k
g e n i o t s u e
n i o t s e n
n i o t s u e k e z
d i o t s e g u
g a g o z k i o k
l i o s k u k e
g e n i o t s u e z e n
h e n g o k i e
l i o s k u z
n i o t s e z e n
z i o s t a k
z i o t s e k
g e n i o t s o k e
z i o s k u t e z e n
g e n i o t s o z
n i o t s o k e z
h e n g o k i t
h i o s k u k e z
h i o t s o
h i o s t a k e
z i o s k u z e n
n i o t s o
n i o t s u z
e s a i e k
b i o s k u
e s a k
