d i e z a z k i d a k e z u e
d a k a r z k i d a k
z e n e k i z k i
z e n i t z a t e
z e n e g i e k e e n
n i n d o a k e a n
d i e z a z k i z u t e
e s a i o n
l e k i
z i t z a i z k i e a n
n a k a r t e n
g a k a r t z a
b e g i z k i n
h e k a r z k i d a k e e n
z e g i t z a a n
z e n i e z a z k i e k e t e
n i n t z a i o n
l e r r a i z k i e
g e n i e z a z u k e
z a i z k i g u k e
h i n t z a k e g u n
n a k a r r e n
d i o s k u t e z
e k a r z k i o n
g i n t z a i z k i z u e n
d e g i g u z u
z i t z a i z k i d a n a n
z e n e k a r k i d a k e t e n
h i n d e r o a k e t e
l i h o a z k i g u
n i o t s o z a a n
d e g i d a n
z a g o z k i e
n e k a r z k i z u n
z a i d a k e
h i e z a i e
l i t z a i z k i d a k e k
z e n e k a r z k i g u
z i o g u z a n
b i o s k u
g i n d e r r a i z k i n a k e
z a k a r k i e n
l i e z a z k i z u e t e
z e g i z u e k e t e n
d i e z a z k i t
z i n d e k a r z k e t e
z e n e g i t z a t e n
z i h o a z k i o n
z a k a r t z a t
z e g i z k i z u e k e t e n
e g i g u z u e
n e n g o k i o k e e n
z a t z a i z k i e
z e g o z k i e k e e n
z a i z k i g u k e k
b e g i z k i z u t e
l i e z a d a k e k
l i t z a i z k i e k e n
z e r r a i d a n
z e r r a i z k i a n
l e z a t e
n i n d e r r a i o k e
g a i t z a k e k
d e z a k e z u
d a r a k u t s a
d a k a r z k i t
d a k a r z k i n a t e
z e n e k a r z k i e n
z a k i a t
d a k i z k i z u e
z e n e g i z k i e k e t e
l i o s k u t e z
h i o s t a k e e n
z i e z a d a k e t e a n
z e k a r z k i o n a n
n e k a r k i o
z e r i z k i o k e e n
d a k a r k i o t
h i n d o a k i o n
d a k a r z k i g u
z e n e r o a t z a k e t e n
i e z a d a k
z i e z a i e k e t e k
g e n i o t s u e z e n
d a k a r z k i e z u e
n i n t z a i k
h a z a g u
l e k a r z k i o t e
z a k a r z k i g u k
g i n t z a i z k i e n a n
d i e z a z k i g u k e
z a i t z a g u
n i e z a z k i a n
h e k a r
n i o t s e z e n
z o a z k i e
n i o t s u e k e z
z e n e g i d a k e
e r a k u t s a z k i d a n
z i o t s e t e a n
z e n i e z a d a t e n
z i h o a z k i d a k e a n
b i e z a z k i o
l i t z a i o k e n
g e n e g i z k i e k e
g e n i e z a z k i n a n
d a g o k i z u k e
z e n e k i z k i t e
g e n e k a r t z a
n e k a r k i a k e
z e n
h i n t z a t
z i h o a z k i z u n
e g i o z u e
n e k a r k i z u n
d a g i t z a z u
b e r i n
z e n e g i z k i d a k e e n
b i e z a z k i z u
z e n e g i e k e
g e n i e z a z u e k e e n
z i n t z a i z k i e k e t e n
z i h o a z k i g u n
g a g o z k i n a k e
z i h o a z k i g u k e a n
z i t z a i n a k e e n
d i e z a d a k
z a g i t z a t e k
z a g o z k i g u k e n
z e n e k a r k i g u k e t e n
g e n e k a r z k i o k e
z i e z a z k i d a k e k
n a z a k e n
j a k i z u
h e r o a k e
b i e z a i o
n i e z a z k i o k e e n
n i n d o a
l i e z a z k i z u
z i e z a i o k e e n
z e n e k i t e
z i e z a i e k e n a g u
l e k a r t z a k e t e
z i n d o a z k e e n
l e g o k i g u k e
z i e z a z u k e e n
l i h o a z k e
l e k a r t z a
z i e z a z k i z u k e t e n
e r a k u t s a z u
z i o s k u t e z e n
d e g i z u e t e
n e g i z k i n a k e
z e n i e z a z k i e
z a r i z k i o n
h e g i o k e
g e n i e z a i o
z i h o a k i e k e n a n
g i n d e r o a t z a k e
g i n t z a i z k i e k e a n
z e n i t z a n
z i o s k u k e t e z e n
h e r a k u t s a z k e
d a k i z k i k e t
e k a r d a k
d a r a k u t s a t
g e n i e z a i e k e
d i e z a k
g o a z k e
l e g i z u t e
z e n i o s k u t e n
h i n d e r o a d a n
g e n e g i n a k e e n
z a i o k e
g i n t z a i z k i e n
d i o s t a z
d i e z a n a g u
l i h o a z k i a k e
e r a k u t s i e z u e
g e n e r o a t z a a n
h e n g o k i d a n
z e n e k a r z k i e k e t e
n i o t s o
e k a r z k i e z u
e g i n
z i o z a k
h i n d o a k i t
b i o s n a t e
g e n i o s a z e n
z e n i e z a z k i g u
z a k a r r e a t
n e r o a
n e g i z k i z u e n
h e g i e k e e n
n i e z a z k i o n
z e n e r a k u t s a z k e e n
z i h o a z k i g u n a n
h i n t z a i e
b i o s t
d a r i g u
d i o z
n e g i z k i z u
d a k a r k i e z u e
h i e z a z k i t
z e k a r k i e t e n a n
z e n e g i k e e n
n i n d e r o a t e
z i e z a z k i d a k e n a n
n e g i e k e
g a r r a i z k i z u
g e n e g i z k i e k e e n
z e n i e z a z k i o t e
z a g i t z a a g u
z a r o a a t
z o a z k i g u
l i o s k u t e
l e g i z u e t e
z i t z a k e n a n
d a k a r k i o g u
l e r i g u k e
z e n i o t s o t e
b i o t s u
g a g o z k i z u k e
z e g i z k i d a k e e n
z e k a r z k i z u k e e n
z a i e k e n
l e r r a i d a k e
l e r o a t e
h e k a r k i e k e
z o a k i g u n
e g i z k i d a z u
d i e z a i o k
z e n i e z a z k i g u k e e n
z i n t z a i z k i d a k e t e n
d a r o a t z a k
l i e z a i o k e t e n
z e n e k a r k i e k e t e
z e n e k a r z k i e k e e n
l e k a r k i e k e
b e k a r k i z u t e
e s a z u e
z i e z a z k i e k e n
n e k a r z k i e k e e n
g e n i e z a z k i z u e k e e n
h i o s k u n
z e n i o s t
g e n e k a r z k i z u e n
z a k i n a t
z e g i e a n
g e n e g i z k i e n a n
