e s a k
b i o s k u
e s a i e k
n i o t s u z
n i o t s o
z i o s k u z e n
h i o s t a k e
h i o t s o
h i o s k u k e z
h e n g o k i t
n i o t s o k e z
g e n i o t s o z
z i o s k u t e z e n
g e n i o t s o k e
z i o t s e k
z i o s t a k
n i o t s e z e n
l i o s k u z
h e n g o k i e
g e n i o t s u e z e n
l i o s k u k e
g a g o z k i o k
d i o t s e g u
n i o t s u e k e z
n i o t s e n
g e n i o t s u e
g a g o z k i o k e k
h i o s k u n
e s a d a z u e
d i o g u
z i o t s e a n
h e n g o k i o
e g i o z u e
h a g o k i o k e
g e n i o t s e z
z i n t z a
n i o t s o a n
h e g i z k i o k e
b e g i z k i o
z e n i o s k u t e n
n a g o k i e
n i n t z a i k
n e n g o k i o
b e g o z k i k
z e g i g u k
d i o s k u z u
g i n t z a i z k i o k e
z a g o k i o k e k
b e g o z k i o
d e g i g u k
g a t z a i z k i o k e k
n a g o k i e k e
b i o t s u e
h e n g o k i e n
d i o t s e n
z e n i o k e z e n
n a g o k i e n
z i o t s o z e n
n a t z a i o k e k
d i o t s u g u
n e r a k u s
z a g o k i g u k e k
e r a k u t s i o k
h e g i o k e
z i o t s e n a t
z i o t s e n
g e n e g i z k i e k e
n i n t z a i o
i e z a i o z u
g a g o z k i k
h a t z a i e
l i h o a k i k
d e g i n a t
h i e z a z k i o
h i n d o a k i e
g e n e g i z u k e
g a g o z k i n a k e
h i n t z a i e n
n e g i e n
n e g i z u k e
n e g i z k i n a k e
n e g i e k e
g a g o z k i e n
h e r a k u t s a z
z i t z a i o n
g i n t z a i z k i e n
b e r i z k i z u e
g e n g o z k i o k e a n
g e n g o z k i e a n
z i n t z a t e t
e g i z k i e z u e
l e r i z k i t
d i o s k u z a n
d a r i z k i e
l i o t s u
n i n t z a k e k
h e g i g u
e r a k u t s a z u
g a g o z k i n
z e n i o t s o z e n
n a g o k i z u e
d a g o k i g u k e
z e n i o t s o t e
n i e z a i o k e
h i n t z a k e g u
e s a z u e
z i h o a k i g u a n
d e g i g u z u
z e n e g i z k i o
z i o t s o n a g u
e g i n
n a g o k i a k e
d a g i t z a z u
h i o s k u k e e n
g i n d e r r a i z k i n a k e
l i h o a z k i o
z e g i z k i o a n
z i o t s o t e z a k
h a r r a i o
g e n i e z a i o k e
e g i z k i o z u
b i e z a i o
l i h o a z k i t
d a r i o
h e g i z k i g u
g e n i e z a z k i e
l i t z a i n a k e
n i n d o a k i e
d e g i e z u e
h i n t z a k e
z i t z a i z k i e a n
g i n t z a i z k i n
g o a z k i o k
e g i z k i d a z u
z i h o a k e a n
n i e z a i e k e
l i t z a i z k i e
g i n t z a t e
g e n e g i z k i z u e
z o a k i g u k
z i o s t a k e t e n
d a r o a g u
g a g o z k i z u k e
z i n t z a k e
h e k a r k i o k e
d e g i z u e t
g i n d o a z k i n a k e
h e k a r k i e k e
z i o s t a n
d e g i z k i o t
g i n d o a z k i o k e n a n
d a k i z k i z u e
g a r r a i z k i n
z e n i o s t a t e z e n
n e k a r k i e a n
l i t z a i z k i o k e
z e n g o z k i o
n i e z a z k i e k e
e g i t z a z u e
z e g o k i e n
n e n g o k i e k e a n
g i n d e r r a i z k i a k e
l i t z a i z k i n a k e
n e g i z k i a k e
l i h o a k i z u e
n i n t z a i o k e n a n
n e k a r k i o
b e g i z k i g u
z i t z a i n a n
n e n g o k i e k e n a n
l e r r a i z k i e
n i o t s u k e z e n
z i h o a k i e k e n a n
g e n e k a r k i k
d e g i z k i o z u
n i e z a z k i k
z i o t s u e k e t e n
z e n e g i z k i o k e t e
g a r r a i z k i z u
b i o s n a t e
i e z a i e k
d e g i z k i e t e
g e n i e z a i e k e
z a g i t z a k
z i h o a z k i o n
g e n e g i k e e n
z e n e g i z k i e t e
l i h o a z k i a k e
z a g o k e k
b e r i n
h e g i o n
g i n d e r r a i z k i z u k e
g a t z a i z k i e k e
g e n e g i n a k e e n
d a r i g u
g e n g o z k i n a n
d e g i z u t e
g e n e k a r k i o a n
b e k a r k i n a t e
n e g i z k i z u
n i n t z a i o n
z i o t s e k e t e z e n
z o a k i d a k e k
z i t z a i z k i e n
b e k a r k i g u
g i n t z a i z k i z u e n
h e g i o
n e k a r k i e k e
h e n g o k i d a n
z e g i z k i d a t e k
d i o t s e t
z e r i o a n
z a g o z k i o k
l e g i z k i e
l i t z a i z k i k
h i n t z a i e
b e g o z k i g u
l i o t s e t e
d a g o z k i k
n i e z a i o n
z e n e g i z k i e k e
z a g o z k i g u k e t e
n i n t z a k e n a n
z a k i z k i n a g u
n o a k i z u e
z e n i o t s e t e z e n
d i e z a i o t e
z a g o z k i e t e
h e g i e k e e n
l e g o k i g u k e
n e g i z k i n a n
z e g o k i o k e a n
z a g o k i e n
z e n e g i z k i e
z a g o z k i t
g e n i e z a i o
n i n d o a k e a n
n i n t z a i z u k e
h i n t z a
n e r a k u t s a z k e
h e g i t z a n
z i n t z a i z k i e n
z i t z a i z k i o k e a n
z e n e k i t e
h a t z a i d a k e
b e k a r k i z u t e
d a r i z u
z e n i o t s e z e n
b e g i z k i n
z a i o
