l e k i z k i
z e n e g i z k i g u n
d a k i k e z u
d e g i e t e
z e n i t z a k e t e
n i n d o a n a n
d i o z u z
g a i t z a z u
z e n i e z a i e k e t e n
g a g o z k i o k e
d a g i t z a g u
z i o s k u k e e n
l e r o a t z a t e
n i n d o a k i o k e n a n
l i e z a i o t e
n e k a r z k i o n
l i e z a i o
g a i t z a k
g i n d e r o a t z a k e z u
n i n d o a k i o a n
z e n e k i t e n
h e n g o
z i n t z a i z k i g u k e e n
z i o s k u a n
d i e z a n a t
l i o t s u e t e
l i t z a
n a k a r z u e
l i t z a i z k i n
g i n d e k a r t z a k e a n
d i e z a z k i d a k
d i o k
z e n e k a r t z a k e t e
i e z a z k i o z u
z e r i g u n a n
n i n d e r o a n a n
z e k a r k i o t e n a n
z e k a r k i d a n a n
l e k a r k i k
h e g i z k i e k e e n
d i e z a z k i e k e
z e r i z k i d a n
n i n d e r r a i z u n
z e k a r z k i d a n a n
z i e z a z k i g u k e t e n
g e n i t z a k e
e k a r g u k
z a g o k i e k e k
n i n d e k a r t e n a n
d a k a r z k i e g u
z i o s t a t e z a n
z i e z a z k i o k e n a n
b i e z a z k i t
e k a r d a z u
l e g o k i k
n e g i o n
g i n d e r o a t z a z u e
l i e z a i e
i e z a z k i o n
d i h o a z k i o
d a g o k i n
z e g i g u n a n
g e n g o z k i a k e e n
h e n g o k e
z a r o a t z a g u
d i o t s e z u e z
z i o s a z e n
z i e z a z k i g u k e n
d a k a r z k i z u e
z e n g o z k i t
g i n t z a k e z u
z a i t z a k e g u
g e n i o s n a k e
z e g o z k i e k e a n
z e n e g i z k i o k e e n
n i n d e r r a i z u e
z i o k e t e n
n o a k
n e r a k u s k e
l i e z a z k i d a k e t e a n
l i r a
n a k a r n a
g i n d e r o a t z a t e
b i t z a
z e n e g i t e n
g e n i o t s e z e n
z e n i e z a i o n
n i o t s o n a n
z i n d e r r a i z k i o k e e n
l e g o k e n
b e g i e
g a k a r t z a z u e
l e g i n a k e t e
g i n t z a z u e n
z e r o a n
g e n e g i k e
g o a z k i e k e k
b e k a r z k i n a t e
z e n e r a k u t s a t e n
d i h o a z k i e k e
d i e z a z k i e k e t e
d i o z a k
b e r i z k i g u
b e k a r z k i z u e t e
l e g i z k i a t e
z i o s k u k e z e n
z i h o a k e n a n
h i o t s e
l i e z a z k i o t e
z e g i o k e t e n
z e g i g u a n
n i n d e r r a i z u e n
l e g i e k e t e
g e n e g i e
l i t z a i z k i z u e
e k a r z k i g u z u e
n o a
l e r i z k i a k e
n e n g o k i e a n
d i o t s o
b e g i t z a t e
z o a z
n e g i z k i e
z e n i o k e z
d i o t s e g u z
g i n d e r o a t z a k
z i n d e r o a z t e
d i e z a z u g u
z a r r a i z k i e
b e k a r t z a
l e k a r k i z u e t e
d i e z a z k i d a z u e
z e k a r k i n a t e n
z e g o z k i g u n
z e n i t z a
z a u d e n
n i o t s u e
d a k a r g u
z e r i a k e e n
z e k a r k i o n a n
g i n d e r r a i z k i z u e k e
d i e z a i e k e z u
e g i z k i e n
g e n e k a r z k i o
z a t z a i z k i o t e
g e n i o t s o n
d i h o a k i t
n a t z a i e n
z a g i t e n
h i o s t a z e n
l e z a t e
z i n t z a i z k i d a k e
b i e z a i e
g i n t z a i z k i e k e
g e n i o s n a z
n e k a r z k i z u k e
z i e z a z k i g u k e t e k
l e r i n
i e z a g u n
z i n d e r o a t z a n
n e k i e n
d i t z a
z o a z k i o k
z i o s t a n
n i o t s u
h o a k i o
n o a k i o k e
z i t z a k e a g u
d i o s t a t e z
d e g i o t
d i e z a z k i e g u
n i n d o a k i z u n
b i e z a z k i n a t e
b e g o z k i n
z e n i o s t a k e t e z
e s a n
n e k a r k i o n
l i e z a z k i e k e
n i n d e r o a k e a n
z i h o a z k i e a n
n e n g o k i z u
n i n t z a k e n
d e z a z u
z e n i o t s o t e n
n e k a r t z a n
n e r o a n a n
d i e z a z k i n a k e t e
h i e z a i o
z i e z a z k i o k e n a t
g a t z a i z k i e k
z e g o k i e n a n
n e g i z k i a k e e n
l e g o k i z u e k e
z a i z k i z u e
b e k a r
n o a k i o k e n
n a k a r r e k
b e g i g u t e
l e g i z k i t
z e g o k i z u k e e n
d a g i z u e
d i e z a z k i g u k e n
z a g o n
z i e z a z k i g u k e e n
g e n e k a r
d a k a r z k i d a z u e
z e z a k e k
d a k a r k i z u
d i e z a i e g u
b i e z a z u
g o a z a k
n e r a k u s k e e n
g i n d e k a r t z a t e n
g e n i o t s a a z
n e k a r k i k
l i e z a z k i g u
g i n d e r o a t z a k e a n
z a g i n
z i t z a i z k i e k e a n
d i e z a z u e t e
z e g i o t e a n
d i o z u e z
g e n e g i t z a a n
l i e z a z k i d a t e
n e g i z k i o a n
i e z a z k i g u z u
z e g i z k i d a t e n a n
d i o t s o t e
d e g i a g u
g e n i o t s e k e
n a g o k i e k
z i n t z a i z k i g u t e
z e n i e z a i e t e n
z i e z a z k i o k e a t
z i n t z a i z k i g u k e t e
z a i z k i z u k e
h e g i
g o a z a n
n e n g o k i e n a n
n a k a r k
n e g i z u e k e
b e g o z k i z u e
e k a r z k i d a n
h i n d e r o a k e t e n
h e k i z k i e n
d i o s t a z a n
n e g i z k i n
b i e z a k
h i n d e k a r k e g u
z e r i z k i n a k e e n
