l e k i z k i
z e n e g i z k i g u n
d a k i k e z u
d e g i e t e
z e n i t z a k e t e
n i n d o a n a n
d i o z u z
g a i t z a z u
z e n i e z a i e k e t e n
g a g o z k i o k e
d a g i t z a g u
z i o s k u k e e n
l e r o a t z a t e
n i n d o a k i o k e n a n
l i e z a i o t e
n e k a r z k i o n
l i e z a i o
g a i t z a k
g i n d e r o a t z a k e z u
n i n d o a k i o a n
z e n e k i t e n
h e n g o
z i n t z a i z k i g u k e e n
z i o s k u a n
d i e z a n a t
l i o t s u e t e
l i t z a
n a k a r z u e
l i t z a i z k i n
g i n d e k a r t z a k e a n
d i e z a z k i d a k
d i o k
z e n e k a r t z a k e t e
i e z a z k i o z u
z e r i g u n a n
n i n d e r o a n a n
z e k a r k i o t e n a n
z e k a r k i d a n a n
l e k a r k i k
h e g i z k i e k e e n
d i e z a z k i e k e
z e r i z k i d a n
n i n d e r r a i z u n
z e k a r z k i d a n a n
z i e z a z k i g u k e t e n
g e n i t z a k e
e k a r g u k
z a g o k i e k e k
n i n d e k a r t e n a n
d a k a r z k i e g u
z i o s t a t e z a n
z i e z a z k i o k e n a n
b i e z a z k i t
e k a r d a z u
l e g o k i k
n e g i o n
g i n d e r o a t z a z u e
l i e z a i e
i e z a z k i o n
d i h o a z k i o
d a g o k i n
z e g i g u n a n
g e n g o z k i a k e e n
h e n g o k e
z a r o a t z a g u
d i o t s e z u e z
z i o s a z e n
z i e z a z k i g u k e n
d a k a r z k i z u e
z e n g o z k i t
g i n t z a k e z u
z a i t z a k e g u
g e n i o s n a k e
z e g o z k i e k e a n
z e n e g i z k i o k e e n
n i n d e r r a i z u e
z i o k e t e n
n o a k
n e r a k u s k e
l i e z a z k i d a k e t e a n
l i r a
n a k a r n a
g i n d e r o a t z a t e
b i t z a
z e n e g i t e n
g e n i o t s e z e n
z e n i e z a i o n
n i o t s o n a n
z i n d e r r a i z k i o k e e n
l e g o k e n
b e g i e
g a k a r t z a z u e
l e g i n a k e t e
g i n t z a z u e n
z e r o a n
g e n e g i k e
g o a z k i e k e k
b e k a r z k i n a t e
z e n e r a k u t s a t e n
d i h o a z k i e k e
d i e z a z k i e k e t e
d i o z a k
b e r i z k i g u
b e k a r z k i z u e t e
l e g i z k i a t e
z i o s k u k e z e n
z i h o a k e n a n
h i o t s e
l i e z a z k i o t e
z e g i o k e t e n
z e g i g u a n
n i n d e r r a i z u e n
l e g i e k e t e
g e n e g i e
l i t z a i z k i z u e
e k a r z k i g u z u e
n o a
l e r i z k i a k e
n e n g o k i e a n
d i o t s o
b e g i t z a t e
z o a z
n e g i z k i e
z e n i o k e z
d i o t s e g u z
g i n d e r o a t z a k
z i n d e r o a z t e
d i e z a z u g u
z a r r a i z k i e
b e k a r t z a
l e k a r k i z u e t e
d i e z a z k i d a z u e
z e k a r k i n a t e n
z e g o z k i g u n
z e n i t z a
z a u d e n
n i o t s u e
d a k a r g u
z e r i a k e e n
z e k a r k i o n a n
g i n d e r r a i z k i z u e k e
d i e z a i e k e z u
e g i z k i e n
g e n e k a r z k i o
z a t z a i z k i o t e
g e n i o t s o n
d i h o a k i t
n a t z a i e n
z a g i t e n
h i o s t a z e n
l e z a t e
z i n t z a i z k i d a k e
b i e z a i e
g i n t z a i z k i e k e
g e n i o s n a z
n e k a r z k i z u k e
z i e z a z k i g u k e t e k
l e r i n
i e z a g u n
z i n d e r o a t z a n
n e k i e n
d i t z a
z o a z k i o k
z i o s t a n
n i o t s u
h o a k i o
n o a k i o k e
z i t z a k e a g u
d i o s t a t e z
d e g i o t
d i e z a z k i e g u
n i n d o a k i z u n
b i e z a z k i n a t e
b e g o z k i n
z e n i o s t a k e t e z
e s a n
n e k a r k i o n
l i e z a z k i e k e
n i n d e r o a k e a n
z i h o a z k i e a n
n e n g o k i z u
n i n t z a k e n
d e z a z u
z e n i o t s o t e n
n e k a r t z a n
n e r o a n a n
d i e z a z k i n a k e t e
h i e z a i o
z i e z a z k i o k e n a t
g a t z a i z k i e k
z e g o k i e n a n
n e g i z k i a k e e n
l e g o k i z u e k e
z a i z k i z u e
b e k a r
n o a k i o k e n
n a k a r r e k
b e g i g u t e
l e g i z k i t
z e g o k i z u k e e n
d a g i z u e
d i e z a z k i g u k e n
z a g o n
z i e z a z k i g u k e e n
g e n e k a r
d a k a r z k i d a z u e
z e z a k e k
d a k a r k i z u
d i e z a i e g u
b i e z a z u
g o a z a k
n e r a k u s k e e n
g i n d e k a r t z a t e n
g e n i o t s a a z
n e k a r k i k
l i e z a z k i g u
g i n d e r o a t z a k e a n
z a g i n
z i t z a i z k i e k e a n
d i e z a z u e t e
z e g i o t e a n
d i o z u e z
g e n e g i t z a a n
l i e z a z k i d a t e
n e g i z k i o a n
i e z a z k i g u z u
z e g i z k i d a t e n a n
d i o t s o t e
d e g i a g u
g e n i o t s e k e
n a g o k i e k
z i n t z a i z k i g u t e
z e n i e z a i e t e n
z i e z a z k i o k e a t
z i n t z a i z k i g u k e t e
z a i z k i z u k e
h e g i
g o a z a n
n e n g o k i e n a n
n a k a r k
n e g i z u e k e
b e g o z k i z u e
e k a r z k i d a n
h i n d e r o a k e t e n
h e k i z k i e n
d i o s t a z a n
n e g i z k i n
b i e z a k
h i n d e k a r k e g u
z e r i z k i n a k e e n
d i e z a z k i d a k e
z e g o z k i o k e n a n
z e g i g u k
h e g i z k i g u
n e k a r t z a a n
i e z a i o z u
d a k a r k i o g u
n e k a r k i n a k e
h e k a r z k i d a n
h i n d e r o a d a n
z e n i e z a g u
z e r i d a k e e n
d i o t s e g u
z i e z a z k i n a k e e n
h i e z a z k i t
h e g i z k i t
z e n e k a r k i e k e
z i o t s e k
z e k a r k i e k e e n
z e k a r z k i n a t e n
h i n d o a k i g u k e e n
g i n t z a i z k i z u e n
l i e z a z k i z u
z e n e k a r k i e t e
z e g o z k i e k e e n
n a t z a i o k e k
z e k a r z k i o k e e n
z e n e k a r z k i e k e t e n
z e k a r t e a n
z i h o a z k i g u k e a n
z i o t s e z e n
z e n e g i d a k e
h e n g o k i d a n
i e z a i e k
g e n g o z k i o k e a n
z i o s k u t e z e n
z e r o a t z a k e t e n
z i e z a d a k e t e a n
g i n d e r r a i z k i o k e e n
d a k i z k i k e z u e
z e n e r a k u t s a z
z i o s k u z e n
z a t z a i z k i e
b e g i a t e
l e k a r z k i o k e t e
z i o z e n
b e g o k i k
n i e z a z k i o n
e g i z k i o z u
g i n t z a k e a n
h i n d o a k i d a k e e n
z a k a r t z a t
z e n i t z a t e
l e g i z k i d a k e t e
n i e z a i e k e e n
n i o n a n
h i n t z a i e n
g e n i o t s u e
z a k a r z k i g u k
d i e z a g u k e
z i h o a z k e a n
z e g i z k i e n
z a g o z k i e t e
z a r r a i z k i g u
z e k a r z k i g u n
z e g i t z a t e a n
n a r o a z u
z a k a r k i e n a g u
z a r r a i z k i d a k
z i e z a z k i a k e e n
g a u d e k
d i e z a z k i e k e z u
l i e z a a k e t e
z a g o z k i t
z e n i o t s o n
g e n i e z a z k i z u
l i h o a k i z u e
z i o t s o z e n
i e z a g u z u e
n i e z a z u k e e n
z e r o a t z a t e n a n
g e n e k a r k i a k e e n
z a r o a n a t
z e n e k i z k i
h i n t z a k e g u
z i o s t a k e t e n
h e g i g u
z e k a r t z a a n
b i o s n a t e
z e r i z k i a n
z i h o a k e a n
e k a r r i e n
b i e z a z u e
n e g i z u k e
z e n i e z a z k i g u k e e n
l i e z a z k i z u e t e
z e n e g i t z a t e n
g e n e z a n
h a i z a t e k e
h i o s k u n
d a k i z k i k e t
d i e z a z k i a k e
z e g i g u t e a n
g e n i e z a z u k e
g i n d o a z
z a g o z k i g u k e n
z e r r a i g u k e e n
d i o s t a z
z i e z a z k i d a k e t e n a n
d a k a r z k i z u g u
n e k a r k i e a n
z i n d o a z k i d a n
l e k a r t z a k e t e
z e n e g i z k i e k e t e
d a g i
g a g o z k i e n
n e n g o k e n a n
h i n d o a k i o n
z i n t z a k e d a n
z i n t z a i z k i o k e t e n
g i n d e k a r t z a k
z a g o z k i o k e
z e n e g i z k i e
n i o t s u z
z e n e k a r k i d a k e
g i n t z a i z k i o k e
g i n d e r r a i z k i n a k e
g e n i t z a k e a n
z e n e g i
d i t z a z u
g i n t z a i z k i a k e e n
z e n i o s k u t e n
z i n t z a t e t e n
z i n t z a i z k i e k e e n
n i e z a i e k e n a n
d a r o a t z a t
d a k a r k i d a n
n e k a r k e
z e n i e z a z k i d a t e n
z a k a r t z a n a t
d i o t s u e t e
h i n d e r r a i g u n
z a k i n
h e k a r z k i t
d a k a r k i e z u e
d i o s k u z a n
l e k a r k i t
z i o t s e d a z a n
l e g o z k i z u e
n e r o a t z a n
z e r r a i z u e n
z i n t z a i z k i d a k e t e n
z i e z a d a k e t e k
z i o t s e n
d a r o a t z a k
g i n d e r o a t z a a n
d i e z a z k i z u e g u
g e n i o t s o k e
z e g i z k i e t e n a n
z e k a r k i a k e t e n
e k a r z k i o n
d a r o a z u
g e n i e z a z k i n a k e
z e n i e z a i e k e t e
b e r r a i k
z i o t s e k e t e z e n
h a g o k i o k e
z i h o a z k i o n
z i e z a z k i e k e t e n
b e k a r z k i a t e
n i e z a z k i k
z e k a r k i e t e n
h e g i o n
z a i z k i g u k e k
z e n e k a r k e t e n
z a k a r r e a t
g a k a r t z a
z e g o k i o k e a n
n e k a r z k i e n a n
z e g i a k e t e n
l i o t s a a t e
d a r i n
l i t z a i z k i o k e k
h e k a r t z a k e e n
n e k a r r e a n
d i o s t
n i n d e r r a i o k e
l i e z a t
n i n d e r r a i z u e k e
z i o t s e n a t
d e g i z k i g u
z e n i e z a i e n
n a k a r t e
n a g o k i e
d e g i d a t e
n e z a k e n a n
z a k a r k i e k
n o a n
l i e z a z u e t e
g a t z a i z k i e k e
z e g i z k i d a n a n
l e k a r z k i o t e
l i o s k u t e z
z e k a r k i a n
d i e z a z k i n a g u
z i h o a k i g u a n
d i e z a z k i a t e
d i e z a g u z u e
z i e z a z k i d a k e n a n
z e g o k i a k e e n
n i n t z a i a k e e n
g i n d e k a r t z a k e n
z a g o k i e n
d e g i z k i o z u
n i e z a z k i z u k e
d a r i z u
h i n d e r o a
l i e z a z k i z u e
n i n d o a k e n a n
d i e z a a k e
z i t z a i n a k e e n
n i n d e r o a a n
l i o k e z
n i n t z a k e k
d i e z a g u t e
h e g i t z a k e e n
z a k a r k i o n
z i o s n a k e e n
l e z a k e t e k
d a r i z k i e
d i e z a z k i o k e k
d i e z a d a z u e
z e n e k a r k i t
n e g i z k i a k e
l i e z a z k i k
h i n t z a i d a k e e n
g e n e r o a t z a a n
z i t z a k e t e k
z i e z a z k i o k e t e a n
l i o t s u
z e k a r k i z u e k e t e n
n a k a r r e n
g e n i t z a k e k
l e g i z u e t e
l e r r a i z k i d a k e
g e n e k a r z k i o k e
z i n t z a k e
z i o t s e a n
e s a d a z u e
b i e z a g u t e
g a i t z a k e k
h i t z a k e e n
l e k a r z k i z u e k e t e
e g i z k i d a z u
g e n i e z a i o
z i e z a i e k e t e k
z e g i a n
z e n i o k e t e n
n i o t s u k e z e n
h e k a r
z i n t z a i z k i e k e t e n
i e z a d a k
z e r i e n a n
z e n e k a r z k i e n
z a k a r r e n a t
z a i z k i g u k e
g a i t z a k e t e k
n i t z a n
h i n d o a k e e n
d i e z a z k i z u k e t e
z a r r a i o n
g e n i o t s a a k e e n
z i t z a i z k i o k e a n
l i h o a k i k
n e g i n a k e
n e k a r k i z u n
e r a k u t s a z k i d a n
z e n e g i d a n
h i o t s o
z i h o a z k i a n
l i h o a z k i g u
l i o s t a k e z
d i o t s u e t
z i e z a d a k e t e n
b i o s k u
h e g i o
z e n e k i z k e
h e g i e k e e n
l i e z a z k i n a k e t e
z e n i o t s e k e t e z
l i h o a z k i o
z e n
z i o t s e z a a n
g a g o z k i z u k e
d i e z a t
g i n d e r o a t z a k e n a n
z e g i o n
z e g i z k i e a t
l e k a r k i a t e
b e k a r z k i k
d a k a r k i o n
e k a r d a k
h i e z a d a k e e n
n e n g o k i e k e a n
h i n t z a k e
d e g i g u z u
d a k a r z k i g u
z i n t z a i z k i g u k e
z e g i z k i o n a g u
z a i z k i d a k e k
l i t z a i z k i k
z i n t z a k e e n
g e n g o z k i a n
g e n i e z a z u n
n e n g o k i z u k e e n
z o a k i g u n
b e u d e
d e g i n a t
z a r a
z i e z a i o k e a n
l i o s k u z
g e n e g i z u k e e n
l i e z a z k i d a k e t e n a n
h i e z a i e
h a z a k e t
h e k a r k i e k e
g o a z k i o k
z a i e k e n
l e g o k i g u k e
h i o s t a k e e n
z e g i g u n
z i e z a z k i d a k e k
z i n d e r o a z t e t e
z e n i o s t
d a k i z k i k e g u
d i o z a n a t
l i t z a i n a k e
l e k a r z k i z u t e
z e n i e z a z k i e k e e n
l i t z a t e
z a r r a i z k i d a n
z a g o z k i e
g i n t z a i z k i e n
l e g i z u t e
g e n i o t s e z
n i n d o a k i z u k e e n
z i h o a z k i g u n a n
h e k a r k i e
g a k a r t z a n
z e n i e z a z k i g u
z e n i o k e z e n
h a z a t e
l i e z a z k i o k e n
l i h o a z k i t
h a t z a i d a k e
g e n e k a r k i n
l i t z a i z k i e
g i n t z a i z k i n
d e g i a t
z a r i d a n
d e g i e t
z i t z a i z k i e a n
g i n d o a z k i o k e n a n
z i o z a k
l e k a r z k i e t e
z i n d o a z k i e t e
z a r r a i z k i g u t e
h e k a r k i o k e
z i o t s e t e a n
z e n e k a r z k i o k e t e
z e n e g i t z a k e
z e n e k a r k i g u k e e n
d a g i t z a z u
n e g i z u k e e n
g e n i e z a z k i e
e k a r z k i e z u
z a i z k i e k e
d i o z
d e g i e z u e
l e u d e k e k
d i e z a z k i n a k e g u
n e r a k u t s a z k e
d i o z u
n i o t s e z e n
z e n e k i t e
d e z a
b e g i e t e
g e n i e z a z k i n a n
g e n e k a r k i a n
z a r r a i d a n
z i t z a k e n a t
n e n g o k i o
z e r r a i z k i a n
d i o t s o z a k
z e k a r z k i g u n a n
z a g i t z a t e k
z o a z k i g u t e
g e n i o t s o z
z a i o k e
e r a k u t s a z k i d a z u e
z i h o a z k i g u n
z a i z u k e
d a r a k u t s a g u
n e k a r z k i n a k e
h a r r a i o
b e z a
d a g i k
z e r r a i e n
g e n i o z
z e g i n a n
g e n e g i z k i e k e e n
z e r o a t z a k e e n
d a k i z k i n
z o a z k i g u k e k
n e g i t z a k e e n
z a i t z a t e t e
g a g o z k i o k e k
n i n d e k a r k e n
g e n g o z k i n a n
n e k a r z k i o a n
d i o t s u t e
d i o t s e t
z i h o a z k i e k e n a n
z a g o z k i e k e t e
z e n e r a k u s k e
g e n e g i z u k e
l e k i
z i o s n a k e z e n
g a g o z k i n a k e
n a r o a z u e
l e z a t e
z e n e g i e n
d a k a r k i g u n
z i n e n
z a r o a a t
z a g o k i g u k e k
n i o t s u e k e z
n i n d o a k i e n a n
b i e z a a t e
n e k a r k i n
z e r r a i d a n
l e r o a t e
g e n e r o a t z a
z a i t z a g u
l e k a r z k i a k e t e
z e n i e z a z k i e
n e r a k u s k i e n
d i e z a z k i n a k e t
l i e z a d a k e k
n i n t z a k e z u e
b i e z a z k i z u t e
z e g i z k i e k e t e n
h e k a r z k i d a k e e n
z e n e g i e k e e n
n e k a r z k i z u n
d a k a r t e
d e g i z u e t
g o a z k i e k e n
n i n d o a k e a n
z i e z a i e k e t e n
z e n e r a k u t s a z k e e n
z i n t z a k e t e
z e n e g i z k i e t e
e g i t z a z u e
h i n d e r r a i o
b i o t s u e
d i o s n a
h e g i z k i o k e
z e n i t z a k e
z e k a r z k i o t e n a n
h i n d e k a r g u n
z a t z a i z k i o
z a g o k e k
n i o t s o
n i n d o a k i e
h i e z a g u k e e n
z e n g o z k i o k e t e n
l e g o k i z u
h e n g o k i o
d i e z a z k i e z u e
d e g i d a n
d a g o z k i a k e
l e r r a i z k i e
n i n d o a
b e g o z k i k
z i n t z a i z k i d a n
z i n t z a t e
z i e z a i o k e e n
l e r i z k i g u k e
z i o t s o t e n a n
z e g i z k i z u e k e e n
g e n i e z a i o k e
n e k a r k i e k e
z e g i z k i g u n a n
z e n i o t s o k e z e n
n e r a k u t s a n
n i o t s e z a n a n
z i e z a z k i z u e k e t e n
z i n d o a z k e e n
n i n t z a i o n
g i n d e k a r t z a k e t e
n i e z a n a k e
z a i n
z a g i n a t
d i o t s e n
g e n i o s a z e n
g e n e k i a n
z e n e g i e k e
b e g i z k i n
z a r o a t e n
z e g i z u e k e t e n
z i e z a z k i e k e n
l e g i z k i e
n e k a r k i o
z e n e k a r k i g u k e t e n
z i o t s u e k e t e n
n i e z a z k i a n
h e g i z k i d a n
g e n e k a r z k i z u e n
z e n e k a r k i e k e t e
z i h o a z k i d a n a n
h i n t z a i e
d i e z a i o k
e s a i o n
z e g i z k i d a k e e n
d a r a k u t s a
z e n i t z a n
b i o
d a r o a g u
z i n d o a z k i o t e
d i e z a d a k e
d a k i k e t
h i n d e r o a k e e n
g e n e r a k u s
l i t z a i z k i e k e n
n i n d e r o a t e
z a g o z k i o k
n i o t s o z a a n
d i e z a i o t e
z e n e k a r z k i o t e n
g i n d o a z k i n a k e
g i n d e r o a t z a k e z u e n
h i n t z a t
e g i n
g e n i e z a z k i z u e k e
e s a g u z u e
b e g i z u t e
d i e z a i o k e k
z e k a r z k i z u k e e n
b i e z a z k i z u
z e n i e z a z k i o t e
n i n d e k a r k e z u e n
z a g o z k i o
z a k i z k i n a g u
z i o g u z a k
z i t z a i z k i d a n a n
z i n d e k a r z k e t e
z a k i a t
z a r o a n
z a k a r k i e n
z e n i o t s o t e
z e n e k a r k i o
d a k a r k
n a k a r t e n
b e g o z k i g u
z a i t z a k e t e t e
g i n d e r r a i z k i a k e
g e n e z a k e k
l i e z a z k i g u k e n
z e n e r a k u t s a n
j a k i z u
d i e z a k
z e g i z k i o a t
z e k a r z k i n a k e e n
g a g o z k i o k
z a i n a k e
n i o t s e n
h e n g o k i e
g e n i o t s u e z e n
g e n e g i n a k e e n
g o a z k e n
l i e z a z k i a t e
g e n e k a r t z a n
g i n a t e k e
b e g i z k i z u t e
h a z a g u
d i e z a n a g u
z i t z a i z k i e n
g e n e k a r k i k
l i e z a g u k e t e
n i t z a
z e n e g i t z a n
z a i z k i e k e n
n i e z a n a k e e n
e g i o z u e
g i n d e k a r t z a k e k
d a k a r z k i d a k
h e g i o k e
d a k a r z k i t
n i o t s o k e z
b i t z a t e
g i n d e r o a t z a n a n
g i n d e r o a t z a k e
h i o s k u k e e n
z e n e k a r z k i e k e e n
l e r i g u k e
n i n d e r r a i z u k e e n
z e g o z k i n a k e e n
h e n g o k i t
z a k a r k i e a t
d i t z a k e z u e
b i e z a z k i o
l e g i z k i e k e
n i o s n a k e
n a g o k i a k e
z i o n a t
b e k a r k i z u t e
z i n t z a t e t
z a r i z k i o n
z i t z a i g u n a n
z a u d e k e
h e n g o k i e n
g i n t z a i z k i e k e a n
z i o s t a n
h i n d o a k i e
n i n t z a k e n a n
g i n t z a i z k i e n a n
z i n t z a i z k i d a t e n
z a i t z a t
e r a k u t s a k
d e g i z k i g u z u e
l i e z a i o k e t e n
z e g i z k i z u e k e t e n
d i o t s u g u
z e k a r z k i g u t e n a n
z e n g o z k i o
d a k a r t z a t
z e r i z k i e n a n
z i e z a z u k e e n
n i e z a z k i o k e e n
z e r r a i z k i z u n
e g i g u z u e
z a g i t z a k
l e g i d a k e t e
z e n e k a r z k i e k e t e
n e n g o k i e k e n a n
z e r r a i o k e e n
z o a k i g u k
d a r r a i z u e
n e z a k e
n e k a r k i a k e
z e n i o e n
g i n t z a k e n a n
z i h o a k i e k e n a n
d i e z a i o z u e
z i n t z a t e g u n
z e n e k a r z k i g u
l e k a r k i z u
d i e z a z k i e k e g u
z i n d e k a r z t e
z i e z a i e k e t e a n
l i t z a i z k i d a k e k
n i n d e k a r k e z u n
n i e z a i o n
z i o t s o n a g u
z i n t z a t e
b e k a r k i g u
d a g o k i g u k e
d e g i z u t e
d i e z a z u e k e t
z e n e g i z k i d a k e
g e n e k a r k i o a n
z o a k i d a k e k
z i o s t a t e z a a n
l i t z a i o k e n
d i o s k u z u
g e n i e z a i e k e
d a k a r k i g u z u
l i o s k u t e
l e r r a i g u k e
z a t z a i z k i d a t e
i e z a z k i g u n
z a g o z k i e
z a i d a k e
e r a k u t s i e z u e
n o a k i o n
d a r i g u
d a g o k i z u k e
l i e z a i e k e n
l e r a k u s
z e k a r k i e t e n a n
d i e z a z k i d a t e
n e r o a
d e z a z u e
d i o s k u t e z
d i e z a z k i g u k e
z o a k i g u k e k
d e z a k e
n e g i n
n i e z a z k i e k e
z i o t s u k e e n
n a g o k i o
z a k a r t z a t e
d i e z a d a k
d a k a r k i g u
g e n i e z a z k i z u e k e e n
n a g o k i e k e
l i e z a z k i e k e k
n i e z a i e k e
z e n i o t s o z e n
z e g i o n a t
b i e z a z u t e
g i n d e r r a i z k i a n
z e g i z k i z u n
z i t z a i z k i e n a n
g i n d e r r a i z k i z u k e
z e g i z k i o a n
z i t z a k e k
b i o s t
z a r o a z t e t e
n e k a r z k i e
z i h o a z k i d a k e a n
z e g i t z a t e n
n i n t z a i z u k e
d i e z a z k i o k e t
l i e z a z k i g u t e
d i e z a z k i t
z i t z a i z k i d a k e a n
b i o t s u
h a t z a i e
d a t e k e
d a k a r k i o t
d a g o z k i k
d i o g u
z e n e g i z k i g u
d a r i o
h a i z
h e g i t z a n
g e n e k a r t z a
d e g i z k i e t e
l i e z a a t e
n e g i e n
l e g i z k i g u k e t e
n i n t z a i k
n a g o k i z u e
z i e z a z k i n a k e t e n
z e n i o s t a t e z e n
z e k a r k i e t e a n
z e r i z k i o k e e n
n o a k i z u e
