n i h n e i ' o o h o w
h e i ' n o ' u s e e 3 i
n i h c o ' o n i i n o n o ' e i t i t
c i i n i ' i i n o n o ' e i t i
t i h n i ' o o '
n o n o ' e i n o o 3 i t o o
s i i n i i n o o n o n i h ' i n o o
h i i n e y e i c e h ' e 3 t i i '
t o h c i h w o n i i n i k o t i i t
n e i ' o o h o w u n
n i i s n e y e i 3 e i h o o t
n i h w o n e e n e t i 3 e e t
h e ' n e ' o o 3 i t e e t
h e e t i h i i n e ' e t i i n o '
n e e n e y e i n e y e i 3 e i h o o 3 i '
h e ' i h c i i k o s o u t i i n e e n e t i 3 e e
n e ' e h c e ' n o ' u s e e t
c i h n i i n i ' i n i h i i n
c i h c o ' o o w u h ' o h u t
s i i h e e t b i s s o ' o o t e i ' i
n e y e i 3 e i h e i n o '
h e e t n e ' x o u u w t o n o u n o w o o
h o o w u n i ' o o
h e e t i h ' i i t o n o u n o u ' u
k o o h e e e n e t i 3 e i ' e e
h i n o n o ' e i y e i t i t
h o o t n o ' u s e e 3 i '
h e ' i h c e ' t o n o u n
n i h ' e i ' t o w u u n e i n o o
n i i n i i t o u u h u t
n i h s e y e i n e i ' t o w u u n o o t
t o u 3 e i ' i i n o n o ' e i t i n o '
h e e t i i 3 i '
t o h ' i i n c e 3 e i ' o o n i 3
h e e t n i e ' i n o n e e n
h e e t n o o h o b e 3 e n
3 e b n o o h o o t o u ' u
n i h b e e t e i ' t o w u u n o o t
k e e t c i '
c i h b e b i i s e i ' t o w u u n i
h e e t c i h ' e e n e e n e t i n
h e e t n i ' o o '
h e e t n e e n e t i 3 o o t
h e ' i n o w
h e e t n e ' h i i 3 i i h i '
h e n i i s e ' e n o u ' u n o o
c e ' n e e n e y e i 3 e i h e i n o '
k o o ' o e s e e s e ' e s o o n e e t
h e ' i h b i i n e e
c e e s i s n i h i i 3 i '
h i i h o o w u ' u n c o u ' u h e e n o '
h e ' n e ' c e ' i c o o t
t o o t h e i ' i h o o
c e e b e h ' o o h n e e ' e e s t o o
h e e n e ' i n e e b e
t i h n o o n o ' u s e e 3 i '
s i i h e n e e 3 n e e c i i n i ' i t o o 3 i '
n o o h o o t o o
h e e n e e s c e i ' s o o '
t o o n h e e n e i s i i n e ' e t i i
t o h n o o n o ' u s e e 3 i '
n e i ' t o w u u n e 3 e n e e
h e e t n i i s t i i 3 i '
h e e t n i i n e n t e e n i n e e
n e ' n i h i ' n i i t o b e e n o o
n i i s e t i n i '
n i i c o ' o n x o o x o u u w u n i h i i 3 i '
h e e t w o n n i i n i t e n o w o o
3 e b n o o h o b e e n o '
n i h b e e 3 b i i b i i 3 b e e 3 i '
n e ' n i i ' c e i ' s o o '
h e e t n i i ' c e ' n o ' u s e e 3 i
c i i n o ' o n c i i s i s e e n i '
n e e s i ' o w o o n i 3
n i h ' e i ' t o w u u n e i ' e e 3 i '
h e ' i h c o o n i n o e h i n o '
h e e s i n i ' o o '
t e e s t o k o h u 3 i '
n i i c o ' o n e e n e i ' t o w u u n e i n o o
n i ' i i n e s o ' o n o o 3 i '
n e y e i h n i h i i
c i h ' e e n e ' i n o w o o
c e ' n e e n e y e i 3 e i h e i n o '
w o h o e ' c i h ' e n t o o
n e y e i 3 e i h o '
b e n i ' i i n i k o t i i 3 i '
h e ' i h n o h ' o t i i w o ' o o
h e e t b e t e e e n e e
k o o n i h i i
n i ' i i b i i 3 i h i n i '
t e s c e e c e i ' s o o n i ' i
3 i i ' o k u n
n i h w o n o x o w o o n i '
c i ' n e e ' e e s i
c e s i s i i s i i i ' o o n o '
n e ' n i h ' i i t s e ' i s i '
n i h ' o o 3 o u y e i t i n o o
n e ' n i i ' c i h b i i n e i n o o
n i i c o o n b i i ' i i h
h e e t n e ' n o s o u n i i n e ' e t i i n
n o o ' o e t o k o h u t
t i h n o t i i t i i t
3 i i ' o k u n o o
c i i n i ' c e b i s e i h i i h o '
n i i h o o w u h t o n o u n o u ' u
t o h u u t o n o u n o u ' u
h e ' n e ' w o t i 3 o o 3 i '
h e e t n i i t o n o u n o '
n o o s o u n e e n e t i n o '
h e ' i i 3 e e n i h i i 3 i
n i i t e n t o o n i 3 i
n e i h i ' e e n e i ' t o w u u n o o t o n o
n i i c e e c e i ' s o o '
n i i b o o 3
h e n e e 3 n e e n i i 3 e i h i t
n i i n o o n o o h o o t o w u n e e
n i i c o ' o n e i ' t o w u u n o u ' u
t o o n h e e t n i i s e e n e t i i t o o n i '
n i i 3 t o u k u 3 o o t
h e i b e e t o t o o n o o 3 o o
k o o n e e t c i i n i ' k o h t o w u n i h i i
t i h ' e e n e t i 3 o o t
h e e t i h ' o w o u u n o n e i ' e e n
h e ' i n o o
h e e t i h w o ' t e n o '
n i h c e ' i i n e n t e e n i t
h e e s h i i t o u s i n i h i i n
k o n o o ' c e s i s b i i 3 b e e n o o
h i h ' o o w b e e t y i h o o
c i h ' i i n e ' e t i i
n i h n e e n e y e i 3 e i h
n i i c o ' o n n e e n o ' u s e e 3 i '
h e e s n e y e i 3 e i h o o 3 i '
n i i n e y e i 3 e i h e e 3 i '
c i i c i i s i s e e
n i i c i h n o ' u s e e n o '
h i h ' o w o u u n o n e i i t o n o
h i h t o o t o n o u y o o n i n o o
n e ' n i h ' i i s h e ' i n o '
c e e ' t o k o h o '
h e e t c e ' n o ' u x o h o t
n i i c o ' o n c o o n o '
h e e t i b i i n o '
h e e t n e e n e i ' t o w u u n e 3 e n
t o o n h e e t n i i s e ' i n
w o n e e n e t i 3 o o
n i i n o t i i t i i n i '
h e t c e ' n i ' o o
n i h n o t t o n o '
h e ' i h ' i i c i s i h i ' i h e n t o o 3 i
t i h ' i i h e e n e t i 3 o o n o '
n i i b e t e e e t
h e t c i i s i s e e t
b e h i 3 e i h i n
h e e t k o x c i 3 o o '
h e ' i h ' e ' i y e i n o o 3 i t e e
n i i t c e b i s e e 3 i '
h e ' i h ' e i ' t o w u u n e '
b e i s c e i ' s o o '
n o o ' o e k o h o t i
h e i ' c e ' n o ' u s e e t
n o o h o w u
n e i h o w 3 o ' u ' e e n e t i
h i i h o o w u h c e b e n e '
h e ' c i h b i i ' i i h e i h o k
h i i t o n o u n o w u '
t i h ' i i s b i i 3 i h i n o '
h e e t n e e ' e e s i n i h i i n
n e e ' e e n e e 3 e ' i n o w o o
n i h i ' i i n i k o t i i n o '
t i h ' e e n e i ' t o w u u n e i n o o
n i i n e y e i 3 e i h o '
n i h ' i i n e y e i 3 e i h o o n o '
n i i k o o ' o e n e e n e i h e i t o o n i '
n e ' n i i ' n o ' u s e e
h e e t n e y e i h i n o n o ' e i t i
n e i h o o w n i i s n i ' i t o o
b e n i i 3 b e e 3 i
t o u s c e i ' s o o
h e e t n e ' n o ' u s e e t
k o o n e e t c i i n i ' t o n o u n o o
n i i b i ' o o n t o o n e i n o '
t o h n o ' o 3 i i 3 i n e t i i t o o n i n i '
n e y e i 3 e i h o o n o '
n i h ' i i s i h i i n e ' e t i i 3 i '
n o h o h o o n i n o ' u s e e
t o h h e ' i n o n o o t
h e e i ' t o w u u n e 3 e e t
c i i b e h ' i i b i n e e n e i ' o o h o w u n
h e ' i h b i i ' i i h e e
b e t e e n w o 3 o n o h o e
h e e t t o n o u n o u ' u
h e ' n e ' i i ' c e s i s e i ' t o w u u n o o t
t e c o ' o n e e n e t i n i '
t o o n h e e t n i i s i n i h i i n e e
n i i c o ' o n n e y e i 3 e i h e e 3 i '
c i i n i ' o o 3 i t e e
h i h ' o o w u n i ' i i n i k o t i i n o '
h e e b e h c e ' t o n o u n
h e e t c e ' n o t i i t i i 3 i '
h o o t w o ' t e n o w u n e e
h e e t n e e n e i ' t o w u u n e i n o o
h e e t n i e i ' t o w u u n e 3 e n e e
n i i c o o n b i i ' i i h o o 3 i '
n e i h ' o w 3 o ' e ' i n o n o o
k o o ' o e b i i b i i 3 i h i
n i h ' e i ' t o w u u n o u ' u
3 e i i t o k o h u t
h e e s h i i t o u s i n i h i i n
h e i ' e ' i n o n e i t
n i h ' i i t i i n o k o t i i 3 i '
h e ' n e ' i i ' c e 3 e i ' o o n i 3 i
n i i y o u n i
n i h ' i i s e i ' t o w u u n o '
h i n o n o ' e i y e i t i n o '
n i i n i i s t i i t
n i h ' i i n i i s n i i s t i i n o '
3 e b c e ' n o ' u s e e h e k
n i i n o s o u h e e n e t i n
h e ' i h b e e t o h ' u t e n
h e e 3 e i ' n o o h o o t o u ' u
n e e ' e e s i i n e ' e t i i 3 i '
c i i b e h ' i i b i n e e n e i ' o o h o w u n
h e ' i h n o o n o ' u s e e n o '
h e e t o h i 3 e t i '
n i i c i h w o o w o o h o n k o o h u 3 i '
n o ' u s e e n o '
n e ' c e ' n i i t o u u h u t
n e ' e h c i i n o o h o w o o t
c e n i i c e b i s e i h i i
t o h n o s o u y i h o o 3 i '
n i h c i i 3 t o k o h u t
n o o s o u n i i s i 3 e i ' i t
b e i s o o n o k o h u ' u
n e ' n i h ' i i t n e y e i 3 e i h e i ' e e 3 i '
n i h n o o ' o e e b e t e e e 3 i '
c i i c e h ' e 3 t i i h o h k o n i '
c e e ' n o ' u s e e 3 i '
h e e t n i ' i t o o t
t o o n h e e t n i i s i n i h i i n e e
h e ' n e ' n i h ' i i s i i n e ' e t i i 3 i '
h e e t n i i n e y e i c i h n i i n i ' o o '
h e e t c e e h ' e i k o o h u n o '
n i i c e e c e i ' s o o '
h e n i ' i i n e ' e t i i n o '
n i i s n e y e i 3 e i h o o t
h e e t n e ' n e y e i 3 e i b e e n
h e e n e i s i i n e ' e t i i
n o o s o u n e h c e i ' s o o '
h e e t o h ' e i b i '
