c i ' n e '
n i h b e e x t o n o u n o w u n i '
c i h ' e e n e ' i n o w o o
h e e t k o o k o h t o w u n i h i i
n e i h o o w u b e e 3 i h e e
n i h ' e e n e ' i n o u ' u
n i h ' e i ' t o w u u n o u ' u
h e ' n i i c e ' c e 3 e i ' o o t
h e t n e y e i 3 e i h e i 3 i '
n e e ' e e n e i s i n i h i i 3 i '
n i i t b i i 3 b e e n o '
n e ' e e n e i s i i n e ' e t i i t
w o n e e n e t i 3 o o
h e e n e i s c e i ' s o o '
n e i h ' o w 3 o ' c i h t o n o u n e e b e
h e i ' c e ' n o ' u s e e t
h e ' i h y i i s c e n o ' o o
n i i n e y e i 3 e i h o '
h o o w o o h c e i ' s o o
h e n i ' n i i s t i i 3 i '
n i i b e e t e i ' t o w u u n e 3 e n
h e e t n i i t o n o u n o '
h o o w u ' u n e e n e t i 3 e e n o '
h e e t i h c e h ' e 3 t i i
n i i h o w o o y e i t i n o '
h e e t i h n e y e i h ' e ' i n o '
t o h n e y e i 3 e i h e i t
h e ' i h b i i ' i i h e '
h e i ' n o ' u s e e 3 i
w o o 3 e e n o o h e e
w o h o e ' h e e ' i n o n o o
h e e t c e e h ' e i k o o h u n o '
h i h ' o w 3 o ' e e n e t i
h e ' i h n i i t o b e e n o '
h e e t c i h n o ' u s e e n e e
h e e t n i e ' i n o n e e n
h e e t n i i t n i ' i i n e ' e t i i t
n i h c o ' o n i i n i k o t i i n i '
h e ' i h b e h ' i n i i n o o x u n o '
h e e s i n i h i i n
t o h ' e n t o o n o o
h e t n e y e i 3 e i h o o b e
h e ' i i 3 e e n i h i i 3 i
n o x o w u c i i s i b i h e i t
t o h ' u u n s e e 3 i '
t i h b e t e e n c o w o ' o o
n i h n i i h e n n e e ' e e s i n i h i i t
t o h n o s o u y i h o o 3 i '
n e e ' i y o o
h e ' i h c e b e ' e i h i i
c e n i i c i i s i s e e 3 i '
h e ' i h s e ' e s o o n e e
h e t n i i h e n e e n e ' i n o n e t i
h e e t n i i n e e ' e e s i n i h i i 3 i '
h e e t c i h c e ' n o ' u s e e t
n i i n o o n o o h o o t o w u n e e
n i h ' i i s e ' i s i '
h e e n e i s i i n e ' e t i i n e e
n i i t c e b i s e e 3 i '
n i i n o s o u h e e n e t i n
h e e t i h n e y e i 3 e i h o o n e e
n i h ' e e n e t i '
t o u 3 e i ' i i n o n o ' e i t i n o '
b e i s o o n o k o h u ' u
c e e s i s n i h i i 3 i '
h e e b e h c e ' t o n o u n
c i i n i ' o o 3 i t e e
n i h ' i i b i s t o n o u n o '
n i h n o o ' o e e b e t e e e 3 i '
h e ' i h ' e ' i n o w u u
h e ' i h n i i t o u u h u
n i h ' e i ' t o w u u n o u ' u
h e ' i h ' i i t o o t i s e e
n i i n e e n e i t i t
c i ' n o o
c e h ' e 3 t i i '
t o h n o o h o w o t i
t o h ' i i n c e 3 e i ' o o n i 3
n i h c i h w o n e e n e t i 3
n i i c e ' t o n o u n o w o o
n e e n e i s i n i h i i n i '
h e ' i h b i i n e e
t e e t e e s i i n e ' e t i i n
k o n o o ' c e s i s b i i 3 b e e n o o
h e e t o h ' e i b i '
n i i c o ' o n e i ' t o w u u n o u ' u
c e ' n i i n i i s t i i t
t o h u u c i i n i ' i t o o n i '
n e e s e i n e b e i i t o n o '
n i h ' e i ' t o w u u n e i ' e e 3 i '
h e i ' b e t e e e 3 i '
c e e n c e i ' s o o '
h e i ' n o ' u s e e 3 i
n i h ' e n e t i i 3 i '
n i h i ' e e n e t i i t o o n i '
n i h ' e t b i i n e e n o '
h e ' n e ' o o w u c e n o ' o o t
h o o n o y o o h o o t o w u u n i n e e
t i h c i i c e ' n o ' u s e e t
h e t c e b i s e e t
n e ' c e ' n i i t o u u h u t
h e e ' e e n e b e i h i i n o o '
n e e b e h w o n i i t e n o o
h o w o o y e i t i 3 i '
h i h ' o w 3 o ' u e n t o o
n i i y o u n i
h o n o n i i s i h e i ' e e
h o o w t o n o u n o w u u
h e e s n e y e i 3 e i h o o 3 i '
h i i n e y e i c e h ' e 3 t i i
h e e t n e e n e t i 3 e i n e e
n e ' c i h n o ' u s e e n i 3
n i i b o o 3
h e e t n i e i ' t o w u u n e 3 e n e e
t o h n o t i i t i i 3 i '
n e i h i ' e e n e i ' t o w u u n o o t o n o
n i h ' e e n e i s b i i 3 i h i n o o
h e ' i h ' e e n e ' i n
n e ' c e s i s i i n e ' e t i i t
h e e t i h ' i n e n t e e n i 3 i '
h e e t n i i h e e n e t i n i '
n o o s o u n i i s i 3 e i ' i t
n i h t e i ' o o h o o t o '
h e ' i h n i ' t o n o u n o w u u
h e t b i ' e b i i t e
n e ' n i h ' i i ' e h c e 3 i 3 o o ' k o o h u '
t o h n o o n o ' u s e e 3 i '
c e e c e h ' e 3 t i i
t o o n h e e t n i i s i ' h e ' i n
h e ' i n o u ' u
h e ' i h c o o n e e n e t i
n e e b e h b i ' b e e t o h ' e e n e t i 3 e i ' e e n o '
h e e t n i e s e i n o w o o t
n e y e i 3 e i h e '
h e ' i h n o o n o o h o o t
h e e t c e ' n o ' u x o h o t
t o o n h e e t n i i s i n i h i i n e e
h e h n i i t o o t o x u 3 i '
n i h c e ' i i n e n t e e n i t
n i h n o o h o o t o w u n o '
h e e t c e i ' s o o '
c i h n e e n e i 3 e i ' t o w u u n o o n e e
t o h u u c i i c e h ' e 3 t i i 3 i '
n e ' n i i ' c e i ' s o o '
h i i h ' o
h i i h o o w u e ' i n o w u u
t o o n h e e t n i ' e e n e t i i t o o n i '
h e e t i h ' e ' i n
n o o s o u n e h c e i ' s o o '
h e e t n e e n e t i 3 o o t
n i i b e e t b i i ' i i h o '
n i i c o ' o n e e n e i ' t o w u u n e i n o o
h o o w u u x o u u w h e e n e ' i n o w u u
n e ' n i h ' i i 3 n e y e i 3 e i h o o 3 i '
n e ' n i h ' i i s n i i t o b e e n i '
c i i c i i s i s e e
b i i 3 i h i i n i
n i i t o n o u n o w u n o '
n e ' n i i ' c i h c e ' b e t e e e 3 i '
n e ' n i h ' i i s i h i i n e ' e t i i e h k o n i '
h e n i i s i i t e n o '
h e e t n i i i n o t i i t i i n e e
h e e t n e e ' e e s t o o 3 i '
n e ' c i h c e ' c e i ' s o o '
t i h ' i i n i h ' o n i i t
n i i n i i t o u u h u t
h e e t n e ' c e ' e e n e t i n o '
h e e n e e s c i i n i ' i t o o 3 i
h e e t c i h ' e e n e e n e t i n
n i i n i ' i n o n o ' e i t i n
c e s i s i i s i i i ' o o n o '
n e ' n i i ' c i h b i i n e i n o o
h e i h ' o o w u n o o h o o t o w
h e t n e y e i 3 e i h o o
h e t c i i s i s e e t
c i i c e h ' e 3 t i i h o h k o n i '
h e e s i n i h i i n o o
h e ' n e ' n o o n o o h o w o o n o '
h e e t n i i b i i n e e t
t o h u u t o n o u n o u ' u
h i i h o o w u c e s i s i n i h i i
3 i i ' o k u n o o
n i h ' e i ' t o w u u n o u ' u
n i i b i ' n o t i i t i i n i '
w o h o e ' e n t o o
h i i n e y e i c e h ' e 3 t i i
h o o t n i i s e h t o n i h o o t
h e e t n i i c e ' n o ' u s e e 3 i '
n i h i ' t o n o u n e i h i t
n e ' n i i t o u u h u t
h e e t b e h c e e c e i ' s o o '
h e e t i b i i n o '
k o o h e ' i n o n o o b e
c i h n i i t o u u h u n o o n i
t o o n h e e t n i i s i n i h i i n e e
n i h k o o ' o e b e n e i ' i
h e ' n e ' 3 e b n o o n o ' u s e e 3 i '
n o o h o o t o o
c i i n o u u n i i n e ' e t i i t
h e e t i h i i n e ' e t i i n o '
n i i b e t e e e n
w o o 3 e e y o h k o n i '
h e ' i h ' e ' i y e i n o o 3 i t e e
c e n c e i ' s o o '
h e e t n e e ' e e s i i n e ' e t i i
h e t c i h ' e i ' t o w u u n i b e
b e e t o h c e ' i n o e h i n i n e h k
h e e n e ' i n e e b e
s i i h e e t b i s s o ' o o t e i ' i
h e ' i h c i i n o h ' o o w u s i
h e h n e e h o n o u u ' u 3 e t i n i '
h o o t b i i n e 3 e n e e
h e e t n i i s y i h o o n o o n i
n i h c e h ' e 3 t i i 3 i '
n i h ' i i s e i ' t o w u u n o '
h e e t n i i i c i h ' e n t o o n o o
n e y e i 3 e i h e i 3 i '
h i i n e y e i c e h ' e 3 t i i '
n i i c o ' o n n e e n e y e i 3 e i h o '
h e e t n e e ' e e c i s n i i s i 3 e i ' i n o o
c e ' n e e n e y e i 3 e i h e i n o '
c i i n i ' c e b i s e i h i i h o '
h e t i i c e n o b e e n o o n
c i i b e h n i h ' o o 3 o u y e i t i '
n e e ' e e n o w u '
n i h ' e e n e i c o o n i '
h e e t n i h e ' i n o w o o
n i i c e e c e i ' s o o '
n e e n e i s i n i h i i t
n i i n o t i i t i i n i '
n e ' w o n e e n e n t o o n o '
n e i ' t o w u u n e i ' e e 3 i '
n i i n e y e i 3 e i h e e 3 i '
h e i ' e y e i n o ' u s e e t
h e e t o h i 3 e t i '
n o x o h o e k o h e i ' i
n i i n i ' e e n e t i 3 i '
t i h n o o n o ' u s e e 3 i '
h e ' i h ' o o n o o 3 i t o u h u n o '
n i i c i i t o n o u n e i h i i n o o
h e e t c e n c e i ' s o o '
c i i n o h w o o
h e e t n i i s e ' i n
h e e b e h ' e e n e t i 3 e i ' e e
n i h n e e n e y e i 3 e i h
n i h t o n o u n
n i i n o o n o n i n i h i i n o o
n e ' n i h ' i i s c e e c e i ' s o o '
n i h ' i i t e n t o o 3 i '
n i i c o o n b i i ' i i h o o 3 i '
