h e e t n i i s y i h o o n o o n i
b e b i i s n e e n e i ' o o h o w o o 3 i '
h e e s i n i h i i n
t o o n h e e s i n i h i i n
h e e t n e y e i h e e n e i ' t o w u u n o o n o '
n e ' w o n e e n e n t o o n o '
t o h h e ' i n o n o o t
n i i c e s i s e e n e t i t
h e ' n e ' w o t i 3 o o 3 i '
b e b i i 3 e ' i n o n
t o o t h e i h ' e n t o o
t e s c e e c e i ' s o o n i ' i
c e ' n e e n e y e i 3 e i h e i n o '
h e e t n e e n e t i 3 o o t
n o o n o o h o o t o u ' u
h e e t n i e i ' t o w u u n e 3 e n e e
n i i h o w o o y e i t i n o '
n e y e i 3 e i h o o n o '
h e e t s e ' e s o o n e e n o '
n i h n o o h o o t o w u n o '
n e i ' t o w u u n e 3 e n e e
n e i ' t o w u u n e i ' e e 3 i '
h e e s i n i ' o o '
h e e t n e y e i h e ' i n o n e e t
n i i n i i s t i i t
h i h ' o o w b e e t y i h o o
h e e s i i n e ' e t i i n e e
n o o n o o h o w o u ' u
n i h c o ' o n e e n e t i 3 o '
n i i c i i t o n o u n e i h i i n o o
h e e t n i h i i n e e
h e ' n e ' n i h ' i i s i i n e ' e t i i 3 i '
3 e b c e 3 e i ' o o 3 i '
h i i b e e x u y i h o o n o '
n i i c o ' o n e e n e i ' t o w u u n e i n o o
h e e t n i e ' i n o n e e n
h e ' n e ' n i h ' i i c i s e n t o o 3 i '
k o o n e e t c i i n i ' t o n o u n e e b e
n i h ' e ' i n o '
n i h n o o h o o t o w u n o '
n i h c i h w o n e e n e t i 3
n i i c o ' o n n e e n e y e i 3 e i h o '
n i h ' e n e t i i 3 i '
h e ' n e ' 3 e b n o o n o ' u s e e 3 i '
n o o s o u n e e n e t i n o '
h e e n e t i n
t e e t e e s i i n e ' e t i i n
t o h n o s o u y i h o o 3 i '
n e e n e i s i n i h i i n i '
h i i t o n o u n o w u '
n i i h o o w u h t o n o u n o u ' u
t o o n h e e n e i s i i n e ' e t i i
n e e ' e e n e i s i n i h i i 3 i '
h e i ' t o w u u n i n
h o w o o y e i t i 3 i '
n o o n o o h o o t o u ' u
n e e ' e e s e ' i n o n
n i i b i ' h i ' e e n e t i 3 i '
h e t n e i h o o w e n t o o
n i h c o ' o n i i n o n o ' e i t i t
h o o w b e b i i s e e n e i ' t o w u u n e '
n e n e ' e h ' e n t o o n i '
n e e 3 e b o o 3 i t e e 3 i '
h e e t 3 o o k u h o o t
h e e t n e e n e t i 3 o o t
t i h n i ' o o '
n e i h ' o w 3 o ' e ' i n o n o o
h i n o n o ' e i y e i t i t
h e e t n o o h o w
t o o n h e e t n i i s i n i h i i n e e
h e ' n e ' o o 3 i t e e t
h e ' i h c i i n o o h o b e e n o '
h e ' i n o o
n e ' n i i ' n o ' u s e e
h e e t t o u s t o n o u n o o
h o o n o o 3 i t e e n o '
h e i ' t o w u u n e i n o '
n i h t o n o u n o o n o '
h o o w e h n o ' u s e e
n i h ' i t e n o o 3 i '
h i n o n o ' e i y e i t i n o '
h o o t n o ' u s e e 3 i '
h e e n e i 3 e i ' t o w u u n i n o o 3 i
n i h ' i i s c e 3 k u h n e e 3 i '
h e ' i i s i n i h i i n o n i
h e e t o h n o ' u s e e t
c e n e e c e 3 e i ' o o 3 i '
h e e t c e 3 e i ' o o n o o
n i i t o n o u n o w u n o '
h e e t b e e x o ' u u n o n o ' e i t i n o '
t i h ' i i n e ' e t i i 3 i '
h e e t n e e ' e e s i n i h i i n o o
n e y e i 3 e i h e '
n i i n i i n i h i i 3 i '
h e e t n e e ' e e s t o o 3 i '
h o o t n o ' u s e e 3 i '
h e e t n o o n o o 3 i t e e n o '
k o o h e ' i n o n o o b e
h e t i n o n o ' e i t i
n i h ' e e n e i c o o n i '
n e y e i 3 e i b e e 3 i '
h e t i n o ' u s e e
h e ' i h c i h ' e ' i n o n e i ' i
h e e t n i i s e ' i n
h e ' i h n i ' t o n o u n o w u u
n e ' k o o k o k o h ' o u t i i 3 i '
h i h ' o o w b e e t y i h o o
h e ' n e ' i i ' i n o ' u s e e 3 i '
t o o t h e i ' i h o o
h i i h o o w t o n o u n o w u u
h e ' i n o w
n e y e i 3 e i h o '
b i i b i 3 e h i n o o
n i i n e y e i h ' e e n e i ' t o w u u n e e 3 i '
h o o w o o h c e i ' s o o
h e e t n e ' i n o n o u ' u
n i i c e b i s e e n o o
h e ' i h c i i s i s e e
n e i h o o w e h c e ' y i h o o
t o h u u n e e ' e e s t o o t o n o u n o w o o
h e t n e y e i 3 e i h o o b e
n i h ' e e n e i c o o n o '
h e e t i h ' e ' i n
n i h ' e e n e ' i n o u ' u
n i h ' i 3 e t i
h e t c i h ' e i ' t o w u u n i b e
n o x o w u c i i s i b i h e i t
k o o h e t n e ' e h ' e n t o o
h e e 3 n e e n i ' i i s i i n i '
n i i s e ' i s i '
t e c o ' o n e i ' t o w u u n e i n o '
n e e n e i s e e n e t i n i '
t o h n i i i t
n e ' e e n e i s i i n e ' e t i i t
h e e n e i s i i n e ' e t i i
h e n i ' i i n e ' e t i i n o '
n i ' i i h i i n e ' e t i i 3 i '
n i i n e i ' i e n t o o 3 i '
n e ' o o 3 i t e e
h e e t n i i n e e ' e e s i n i h i i 3 i '
h i h ' o o w u u n i i s i 3 e i ' i n o '
t o h u u c i h n e i ' o o h o b e 3 e n
n o ' o 3 t o n o u n e i h i
h e e t t o n o u n o u ' u
h e e t n e e n e n t o o
h e e t c i i 3 o ' c i i n i i n e ' e t i i t
n e i h ' o w 3 o ' c i h t o n o u n e e b e
n i h b i i n i 3 i '
h i h t o n o u n o o n i n o o
n i i n i i n i ' i t o o t
n e ' n i h ' i i s i h i i n e ' e t i i e h k o n i '
w o h o e ' c i h ' e n t o o
n e ' n i h ' i i ' c e ' w o n e i ' t o w u u n o o t
c i ' n e n e e '
n e ' 3 o o k u h o o t
h e t n e y e i 3 e i h o o
h e ' n e ' c e ' i i n e e c e n o ' o o t
c i h y i h c e n o ' o o
n e ' t e e t e e s c e n o ' o o 3 i '
n e ' k o o ' o e h i i n c e n o ' o o 3 i '
c e s i s c e n o ' o o t
h e e s n e e n i '
b e b i i s n e y e i 3 e i h e i n e e
n i i t o n o u n o w u n o '
n i i b e e x c e ' e s i n i h i i 3 i '
k o o ' o e b i i b i i 3 i h i
n i h ' i i s b i i 3 i h i n o o
n i ' i i b i i 3 i h i n i '
n i h ' i i b e e 3 b i i 3 i h i t
h e t c i i b i i 3 i
n i h ' e e n e i s b i i 3 i h i n o o
w o n b i i 3 i h i '
h e i ' t o w u u n e 3 e b e
3 e b c e ' n o ' u s e e h e k
n e i h o w 3 o ' u ' e e n e t i
h e ' n e ' i i ' o o x o h o e n e e n e t i 3 o o 3 i '
h e t c o o
h e ' n e e ' e e t i i n e ' e t i i 3 i '
n i h c e i ' s o o n i '
n i i s n i i s t i i 3 i '
h e t c i h w o t i 3 o o n o '
n e ' n i h ' i i 3 n e y e i 3 e i h o o 3 i '
h e e s i n i h i i h o h k o n i '
n i h b e e x t o n o u n o w u n i '
h i i n e y e i c e h ' e 3 t i i '
n o n o ' e i t i 3 i '
h i n o n o ' e i t i 3 i '
c i h ' e e n e ' i n o w o o
w o n n e e n e i ' o o h o b e i 3 i '
c i ' n e e ' e e s i
t i h n o s o u n o o 3 i t e e t
h e ' i h b i i n e e
h i i s c e h ' e 3 t i i h o k
t o u 3 e i ' i i n o n o ' e i t i n o '
c i h n i i n i ' i n i h i i n
n i h ' e e n e t i 3 e i t
c i i n o u u n i i n e ' e t i i t
n i h n e e n e i ' o o h o b e i n o o
n e i h o w 3 o ' h i n o n o ' e i t i
c e ' b o b o o 3 i i n e ' e t i i n
h e e 3 e i ' t o w u u n e 3 e n e e
h e e t n i e s e i n o w o o t
h e e t n e ' h i i 3 i i h i '
n e e n i i t o u u h u t
n i i n i i t o u u h u t
h e i ' y i h o o '
h e e t n o o n t o o n e 3 e n
h e ' i h n e e ' e e s i n i h i i t
h i i h o o w u e ' i n o w u u
n i i n e e n e i t i t
h e e t i h n e y e i 3 e i h o o n e e
h e e i ' t o w u u n e 3 e e t
h e e t i h i i n e ' e t i i 3 i '
n e ' n i i s i 3 e i ' i t
h e e s b i i n e i n e e
h e e t c i h ' e e n e e n e t i n
n i i b e b i i s c e h ' e 3 t i i 3 i '
k o o h e e e n e t i 3 e i ' e e
h o o n o o 3 i t o u h u n o '
h i i k o o ' o e n e e n e i ' o o h o b e '
h e ' n e ' i i ' c e s i s e i ' t o w u u n o o t
c i ' n e '
c e n o ' o o 3 e i n o o
h e ' i h c o o n e e n e t i
n i i b e e t w o t e e k o o h u t
c e e c e h ' e 3 t i i n o '
h e e t n e e n e t i 3 e i n e e
h e e t n e ' n i i h e n n o ' u s e e n
h e ' i h ' i i c i s i h i ' i h e n t o o 3 i
k o o n e e t c i i n i ' k o h t o w u n i h i i
n i h b e e t e i ' t o w u u n o o t
n e i h i ' e e n e i ' t o w u u n o o t o n o
n i i c o ' o n e i ' t o w u u n o u ' u
n i h ' e e n e i 3 e i ' t o w u u n e i n o '
n i h ' o o n o o 3 i t e e 3 i '
h e i h o o w o e ' i n
3 e b c e ' n o ' u s e e h e k
h e e t c i h c e ' n o ' u s e e t
n i i n o t i k o n i 3 i '
n o t t o n o '
h i i h o o w u c e s i s i n i h i i
n o h o h o o n i n o ' u s e e
h e e t b e t e e e n e e
k e i b e e t b e n e
h e e t n e ' c i i s i s e e n o o
h e e t n e e ' e e c i s n i i s i 3 e i ' i n o o
n e ' c e s i s n i i s i 3 e i ' i t
h i i h o o w b e e t n i i s i 3 e i ' i n o '
c i i n i ' i i n o n o ' e i t i
h e e t k o n o h b i i b i 3 e h i n o '
k o o x o o x o ' o o
h e e t o h ' o o t i i n o '
c e n i i c i i s i s e e 3 i '
h e t n e i h o o w u e ' i n
n i i ' o o k u n o o '
t i h ' i i y o h o o t e '
h e e t n i i n e n t e e n i n e e
c e n i h n o o h o b
h e e t n e ' x o u u w t o n o u n o w o o
3 i i ' o k u n
c e n i i c e b i s e i h i i
c i i n i ' c e b i s e i h i i h o '
h e e t n i i s i 3 e i ' i n
h e e t b e b i i s c e h ' e 3 t i i n o o
c i i s i b i h i 3 i '
n i h ' e e n e i 3 e i ' t o w u u n e i n o '
t i h ' e e n e i ' t o w u u n e i n o o
n e i h i ' e e n e i ' t o w u u n o o t o n o
n i h b e e t e i ' t o w u u n o o t
n i h i ' w o o n e i ' t o w u u n e i n o '
h e e t n e ' n i i h e n n o ' u s e e n
h e e t c i h c e ' n o ' u s e e t
3 e b c e ' n o ' u s e e h e k
h e e t c i h c e ' n o ' u s e e t
n o o h o o t o o
n i h n e y e i 3 e i h e i n o '
n e i h ' o w 3 o ' u u x o o h o o 3 i h o o b e
h e e t n e y e i 3 e i h o o o n
n i i c o ' o n n e y e i 3 e i h e e 3 i '
h e i b e e x n e y e i 3 e i h o o n o '
n i i n e y e i 3 e i h e e 3 i '
n i i n e y e i n e y e i 3 e i h e e 3 i '
h e t n e y e i 3 e i h e i 3 i '
h e e s n e y e i 3 e i h o '
n i h c e ' b i i b i i ' i i h o o 3 i '
h e ' b i i ' i i h e i n o o
n i i t b i i ' i i h o o n o '
n i i c o o n b i i ' i i h o o 3 i '
n i i b e e t b i i ' i i h o '
h e ' c i h b i i ' i i h e i h o k
h e e t n e h b i i ' i i h o t
h i h ' o o w b i i ' i i h e e n o '
n i i c o o n b i i ' i i h
k e i h b i i ' i i h e '
w o h o e ' h i h c i i b i i ' i i h e e n o '
n e i h o o w b i i ' i i h o o b e
h e ' n e ' o o 3 i t e e 3 i '
n e ' n i i ' c e 3 x o h o e
h e e t k o o k o h t o w u n i h i i
n e e ' e e 3 e e c e b e ' e i c e n c e i ' s o o '
n i h b i s e ' i n o n e i t
h e e t n i i t n i ' i i n e ' e t i i t
n i i t b i i 3 b e e n o '
n e y e i 3 e i h e i n o '
h e e t n i ' o o '
c i ' n o o
n e ' e h c i i n o o h o w o o t
h e e t i h n o t n o o h o w o t
t o h n o o h o w o t i
h e e t i h n o o h o w o '
w o n n o o h o w o '
h e ' n e ' n o o n o o h o w o o n o '
n o o h o w u
n i i n o o h o b e e 3 i '
3 e b n o o h o b e e n o '
h o o w o h n o o h o w o o 3 i '
h i n o o h o w o o o n
n i h c o ' o n b e e t o h c e ' y i h o o 3 i '
h e e t b i i n e i n
h e ' n e ' i i ' c e 3 e i ' o o 3 i '
n i i n i i s e t i '
s i i h e n e e 3 n e e c i i n i ' i t o o 3 i '
b i s o o n o y o o h o b e t i '
h i h ' o w o u u n o n e i i t o n o
h i 3 o o w u u n e ' e t i i t
h e ' i h n o o n o o h o o t
h e n i i s e ' e n o u ' u n o o
c i h ' i i n e ' e t i i
h e e t h e ' i n o w u '
n e y e i h n i h i i
h e ' i n e e ' e e s i i n e ' e t i i t
n e ' c e s i s i i n e ' e t i i t
n i h n e e n e e ' e e s i i n e ' e t i i n i '
h e n i ' i i n e ' e t i i n o '
n e ' e e n e i s i i n e ' e t i i t
n i i s i i n e ' e t i i n o '
n i h n o o ' o e b e t e e e 3 i '
c i i n o h w o o
n e ' n i h ' i i t w o n b e e b e t e e e n i '
n e ' n i i ' c i h c e ' b e t e e e 3 i '
n i h n o o ' o e e b e t e e e 3 i '
h e i ' b e t e e e 3 i '
t o h u u w o n b e t e e e 3 i '
n e ' n i i ' c i h b e t e e e 3 i '
h e e t n e e ' e e s i n i h i i n
h e i ' e y e i n o ' u s e e t
h e i ' e y e i h n o ' u s e e t
n i h k o c o o ' o t e i h i t
h o o t b i i n e 3 e n e e
h e ' i h ' e 3 e b n i h i ' k o o h u n
c e n i h ' i i 3 k o o h u 3 i
3 e b i i n k o o h u t
n i i c i h w o o w o o h o n k o o h u 3 i '
c e e b e h ' i i n i h i ' k o o h u '
n e ' t o o ' u h c e h i t
n i h c o o n n i h i ' k o o h u t
h e ' i h k o x u n o o ' o o
h e e n e e s c i i n i ' i t o o 3 i
h e n i i s n e e ' e e n e e s i i n e ' e t i i n o '
h o o t n e i h o o w u u y i h o o n
c i i n i ' o o 3 i t e e
n e ' n i i ' i c e ' i k o h e i ' i t
h e ' i n o u ' u
3 i i ' o k u n o o
n i i k o o k o ' o w u 3 i '
n o ' o 3 i i t
n i i n o o n o n i n i h i i n o o
h e e s h i i t o u s i n i h i i n
h e n i ' n e e n i h i i t
c i i b e h k o h t o w u n i h i i
t o h n e e ' e e s i n i h i i
c i i n o ' o n c i i s i s e e n i '
n e ' c i i n o ' o n c i i s i s e e t
h e t c i i s i s e e t
n i h n i i h e n n e e ' e e s i n i h i i t
t o o n h o w o h u b i i n e i i t
n e i h ' o o w u c e ' b i i n e '
h i h b i i n o o o n o
n e ' n i i ' c i h b i i n e i n o o
h o o w u ' u n e e n e t i 3 e e n o '
n i i n e y e i 3 e i b e e n i '
n o o s o u n e h c e i ' s o o '
n e ' n i h ' i i s c e e c e i ' s o o '
n e ' c i h c e ' c e i ' s o o '
n e e ' e e s c e e c e i ' s o o '
h e e t n i i c o o n
h e e s h i i t o u s i n i h i i n
h e ' i i 3 e e n i h i i 3 i
h e n i ' n e e n i h i i t
t o h n e e ' e e s i n i h i i
n i h n o n i n i h i i n o o
n i i n o o n o n i n i h i i n o o
n i i y o u n i
n e ' c e ' n i i t o u u h u t
n o t t o n e e 3 i '
h e ' n e ' n i h ' e e n e i 3 e ' i n o u ' u
h e e t i h ' i n e n t e e n i 3 i '
n e y e i h ' e e n e t i 3 e e 3 i '
n e y e i h e e n e t i 3 o o n o '
h e ' i h c i i k o s o u t i i n e e n e t i 3 e e
t i h ' i i h e e n e t i 3 o o n o '
h e e b e h ' e e n e t i 3 e i ' e e
c i i b e h ' i i b i n e e n e i ' o o h o w u n
h e ' i h k o o ' o e n n e i ' o o h o b e e
n i h w o n n e e n e i ' o o h o b e e 3 i '
b e n i ' i i n i k o t i i 3 i '
n i h c o ' o n i i n i k o t i i n i '
n i h ' i i t i i n i k o t i i n o '
t o h c i h w o n i i n i k o t i i t
n e ' c i h w o n i i n i k o t i i
n i i t e c o ' o n h i n o n o ' e i y e i t i t
b i s n o h ' o u w o o n o '
h e i h o o w u e ' i n o w o o n
h e e t t o u s i n i h i i n
h e ' i h ' i i t o o t i s e e
n e ' n i h i ' n i i t o b e e n o o
n e ' n i h ' i i s n i i t o b e e n i '
h e ' i h ' e ' i y e i n o o 3 i t e e
h e e t n o o h o b e 3 e n
k e t b i i 3 b e e n o '
k o n o o ' c e s i s b i i 3 b e e n o o
n i h ' i i n i ' b i i 3 b e e t
n i h b e e 3 b i i b i i 3 b e e 3 i '
n i i b i ' n o t i i t i i n i '
h i t o n o u n o o n i n o
h e i ' e ' i n o n e i t
h e t n i i h e n e e n e ' i n o n e t i
t o o n h e e t n i i s c e b o o h o o t
h e e t n i i c o b o u ' u
n i h c i h ' i i s c o b o o t
n i h n i i t o u u h u n o o
h o o t w o ' t e n o w u n e e
b e e t c e ' e s i n i h i i h o k
n i h ' e e n e i ' t o w u u n o o t
t i h ' i i h e e n e t i 3 o o n o '
h e ' i h c i i k o s o u t i i n e e n e t i 3 e e
h e e b e h ' e e n e t i 3 e i ' e e
t i h c e s i s e e n e t i 3 e e 3 i '
h e ' k o h e i ' i h o k
n e i h n e y e i 3 e i h e i i t o o n i n o o
n i h k o c o o ' o t e i h i t
h e ' i h c i i n o h ' o o w u s i
c e e c e h ' e 3 t i i n o '
h e e t o h i 3 e t i '
h e h n e e h o n o u u ' u 3 e t i n i '
h e e t n i i n e y e i c i h n i i n i ' o o '
h e t c e ' n i ' o o
n e e ' e e h i 3 e t i '
h e e 3 n e e b e e t e ' i n o n
n e e ' e e s e ' i n o n
n o w o ' o h
h o o t n i i s e h t o n i h o o t
t i h b e t e e n c o w o ' o o
h e ' i h c e b e ' e i h i i
n i i b e e t e i ' t o w u u n e 3 e n
t o h u u 3 o o 3 o o k u n i h i i n o o
w o n e e n e t i 3 o o
h e t c e b i s e e t
k o o h i h c e b i s e e
h e e t c e b e ' e i h i i n
h i i n e y e i c e h ' e 3 t i i
n e i h ' o o w b e b i i s c e e c e h ' e 3 t i i
h e ' i h y i i s c e n o ' o o
h e ' i h b e h ' i n i i n o o x u n o '
n i h ' i i b i s t o n o u n o '
h e i h o o w n o ' o 3 t o n o u n o w
h e e b e h t o n o u n e e b e
n i h c i h n e i ' o o h o b e i t
n i h w o n n e e n e i ' o o h o b e e 3 i '
c i i b e h ' i i b i n e e n e i ' o o h o w u n
h e ' i h k o o ' o e n n e i ' o o h o b e e
n i i n e y e i 3 e i h e e 3 i '
h o n o n i i s i h e i ' e e
n i h c e ' i i n e n t e e n i t
h e e n e e s c e i ' s o o '
t i h n i i n n o t i i t i i n i 3
n e i ' o o h o w u n
h e e t b e h ' e i ' t o w u u n o o n o '
c i h b e b i i s e i ' t o w u u n i
n i i n i ' h i i y o o 3 c e 3 e i ' o o n o '
h e e t c e e c e 3 e i ' o o t
s i i h e ' i h n o h k c e 3 e i ' o o
c e n i h c e 3 e i ' o o 3 i '
n i h ' i i 3 c e 3 e i ' o o n o '
n e e t n e i h o o w u ' u n c e 3 e i ' o o
h e ' n i i c e ' c e 3 e i ' o o t
t o h ' i i n c e 3 e i ' o o n i 3
h e ' n e ' i i ' c e 3 e i ' o o n i 3 i
h e ' n e ' c e 3 e i ' o o n o '
h e e t k o o k o h e i ' i n e e
n e ' n i h ' o n i i 3 i '
h e 3 e b k o o k o ' u u t e e s e
h e t n e i h o w 3 o ' n o n i h ' i n o '
s i i n i i n o o n o n i h ' i n o o
c i h n e e n e i 3 e i ' t o w u u n o o n e e
h o o w t o n o u n e i h i i n o o
h i i n e y e i c e h ' e 3 t i i
n e i h ' o o w b e b i i s c e e c e h ' e 3 t i i
h o o n o y o o h o o t o w u u n i n e e
n e e b e h b i ' b e e t o h ' e e n e t i 3 e i ' e e n o '
h e ' i h ' e e n e ' i n
h i i h ' o
w o h o e ' h e e ' i n o n o o
n i h n o x o h o e n o o ' o o '
t i h ' i i n i i n i i s t i i 3 i '
h e n e i c i i n i i s t i i t
n i i b i s b e e t n i i s t i i
n i h ' i i n i i s n i i s t i i n o '
t i h n i i s t i i h o k
c e ' n i i n i i s t i i t
n e h e ' n i h b i s n i i s t i i t
h e n i ' n i i s t i i 3 i '
n i i k o o ' o e n e e n e i h e i t o o n i '
n i i c o ' o n x o o x o u u w u n i h i i 3 i '
n e ' t i h c e n i i s i b e i n o o
h o o t n i h i i n o o
h e e t n e ' n e y e i 3 e i b e e n
t o o t o n o u n e '
h e e t i h ' o w o u u n o n e i ' e e n
n o n o ' e i n o o 3 i t o o
h e e t i i 3 i '
t o h n o ' u s e e n e e
h e ' i h s e ' e s o o n e e
n i h w o n e e n e t i 3 e e t
h e e n e i c o o 3 i
n i i t e n t o o n i 3 i
h i i c e e b e h n e e ' e e s t o o
t o u ' n e e ' e e s t o o n o '
h i ' n e e ' e e s t o o 3 i '
c e e b e h ' o o h n e e ' e e s t o o
w o h o e ' n e e t n i ' n e e ' e e s t o o
h e e s i n i h i i n o o
h e ' i h n i i t o u u h u
n e e s e i n e b e i i t o n o '
h o o t n i i n e n t e e n i n
n i h n i i t o b e e n o o
n e e s i ' o w o o n i 3
h o o t n e e ' e e s t o o n o '
t o o n h e e t n i i s i n i h i i n e e
b e i s o o n o k o h u ' u
n e ' n i i t k o ' o e n o u ' u
k o x u u t e n c e e c e h ' e 3 t i i 3 i '
t e c o ' o n e e n e t i n i '
n e ' n i h ' i i t c i h ' e e n e t i t
h e e t c e e h ' e i k o o h u n o '
n e i h o o w u b e e 3 i h e e
n i h t e i ' o o h o o t o '
h e e t n i i ' e n e t i i n o '
c e ' i i t e n o '
n e e b e h w o n i i t e n o o
h e e t w o n n i i n i t e n o w o o
n e ' i i t o n i i t e n o o t
h o t n i i t e n o o h o k
h e i c e e b e h ' i i b e e t h i t e n e '
n i h ' i i b i s t o n o u n o '
h e e t n e e n e i ' t o w u u n e 3 e n
n i h ' i i t o u n e i h i t
w o o 3 e e y o h k o n i '
h e i ' o o x u w u t i i t
n i h b i s e ' i n o n e i t
h e ' i h ' i i t o u k o u s i n e
n o t i i t i i t
h e ' i i n e c e n o '
h e ' i h b e e t o h ' u t e n
h e e t k o n o h ' u t e n o u ' u
h e e t n e ' c e ' e e n e t i n o '
t i h ' i i c o ' o n e e n e t i t
n i i n o s o u h e e n e t i n
h i h t o o t o n o u y o o n i n o o
n e i h o o w n i i s n i ' i t o o
n i i n o o n o o h o o t o w u n e e
n o o n e y e i s i n i h i i t
t o y o o h o b e e
h e e t i h n i i s t i i n
n i i t c e b i s e e 3 i '
h e ' i h n o h ' o t i i w o ' o o
n e ' n i i t o u u h u t
n i h ' e t b i i n e e n o '
h i i h o o w t o n o u n e e n o '
n e e ' e e n o w u '
t i h ' i i x o u u ' o o '
h e i h o t o o n o o 3 o o
b i ' n i i s e t i '
n o o n o t o n i h e t i 3 i '
b e n i i ' o n e h k o y e i n e i h o k
h e t i i c e n o b e e n o o n
b e h ' e i h o n o o k e e n
b i s c e e c e i ' s o o '
k o o x n e ' c e ' k o h e i ' i t
h e e t n e e ' e i ' c e ' i k o h e i ' i t
n o x o h o e k o h e i ' i
h i i h o o w u ' u n c o u ' u h e e n o '
h e e t i h c i h k o u n o h ' o e t
h o o t n e i h o o w u u y i h o o n
n i i n o o n o o h o o t o w u n e e
h e t i n o t i n o o x o b e i
3 e i i t o k o h u t
n i h c i i 3 t o k o h u t
t e e s t o k o h u 3 i '
n i h ' i i n i h i ' n e e t o k o h u 3 i '
n o o ' o e t o k o h u t
h o o x u u t o k o h u t
h e ' i h ' o o n o o 3 i t o u h u n o '
h e ' i i s i i h o o n o o 3 i
n o o ' o e k o h o t i
w o o 3 e e n o o h e e
b e i ' c i 3 e i 3 e c o o n o '
h e t b i ' e b i i t e
n e e n e b i i t e b e i n o '
h e h w o n i e ' i n o w
n i i s n i i t e h e i b e t i i t
s i i h e e t b i s s o ' o o t e i ' i
n i h b e e t b e n e i ' i
h e ' n e ' c e ' c e 3 e i ' o o t
t o o n h e e t n i i s e ' i n
h e e t i h c e ' h e ' i n o u ' u
h e ' n e ' h e ' i n o w u n e e
n e i ' e ' i n o u ' u
n e ' n i h ' i i s h e ' i n o '
n e e ' e e n e e 3 e ' i n o w o o
h e ' i h ' e ' i n o w u u
h i i h o o w t o u 3 e ' i n o w u u
t o o n h e e t n i i s i ' h e ' i n
h e e t n i i c i i t o u 3 e ' i n
k o o h i h ' e ' i n
h o o w u u x o u u w h e e n e ' i n o w u u
h e e t i h n e y e i h ' e ' i n o '
k o o n i h i i
n e ' n o ' x o o n i '
h e e t n i i b i s t o n o u n e i h i t
n i h i ' t o n o u n e i h i t
h e e t c e e c e i ' s o o '
h e e ' e e n e b e i h i i n o o '
c i i c i i s i s e e
n i h ' e 3 e b c e 3 o o ' k o o h u '
n e ' n i h ' i i ' e h c e 3 i 3 o o ' k o o h u '
h i i h o o w u h c e b e n e '
b e n i i 3 b e e 3 i
n i i b e h k o o k o k o h ' o u t i i 3 i '
n i h ' i i k o k o h ' o u t i i n i '
n e e ' e e s n o t t o n e 3 e n
h e e t n o o k o h u u s n o t t o n e i n
n i h n o t t o n e i n o '
h e e t i h n o o n o t t o n e t i
n e ' n i i ' n o t t o n e i n o '
n i h ' i i 3 o o k u h e i ' e e t
t i h ' i i 3 o o k u h o o t
n i h ' e 3 e b n i h ' i n e e s e e n i '
h e e n e c o ' o n e i t
c i h n i i t o u u h u n o o n i
n e ' n i i ' c i h n i i n i i t o u u h u 3 i '
h e i h o w 3 o ' e e n e t i n
n i h ' o o 3 o u y e i t i n o o
h e i b e e t o t o o n o o 3 o o
w o t n i h ' e n t o o h o h k o n i '
h o o t w o n o w o u u n o n e i n o o
h e ' i h b i i ' i i h e e
h e e b e h b e e t t o k o o x u u s e e n o '
h e e t c e ' n o ' u x o h o t
c i h c o ' o o w u h ' o h u t
h e e t n i i t o o x u ' e e k u u n o o
h e ' i h s e ' i s i
h e e t b i ' y o o y o o t i s e e n
n e ' t e e x o o n o 3 e i n i 3
t o h s e ' i s i '
n e ' n i h ' i i t s e ' i s i '
h o w o h s e e s e ' i s i
n i h ' i i s e ' i s i '
c e s i s i i s i i i ' o o n o '
h e e b e h t e c o ' o n i c o o
h e ' n e ' c e ' i c o o t
n i i c o ' o n c o o n o '
n e ' b i i ' i i h o o 3 i '
n i i s e t i n i '
h i h ' i i t o n o u y o o n i n o o
n i i 3 t o u k u 3 o o t
t i h ' e t n o x o b e i n o o
n i h w o n o x o w o o n i '
b i i 3 i h i i n i
n i h ' i i b i s t o n o u n o '
h e e b e h t o n o u n e e b e
h e e n e ' i n e e b e
t o h n o ' o 3 i i 3 i n e t i i t o o n i n i '
b e e t o h c e ' i n o e h i n i n e h k
h e ' i h c o o n i n o e h i n o '
t o h x o u u w o o t e e n e e t o '
h e e t i h c i h x o u u w o o t e e n e e t o w
h e e t c i h h e ' n e e x o h u n
h e e t o h ' e i b i '
b i i n e e n o '
h e e t n e ' k o o ' o e k o o k o ' o w u 3 i '
t o y e i n o u s i n e n e e
n i i b i ' o o n t o o n e i n o '
h e e t n i ' n i ' o o t o w o o t e e '
h e e t i h n i i c o o h b o o 3 e i n o '
n e ' b i s b o o 3 e i n o '
n i ' i i n e s o ' o n o o 3 i '
c e e ' t o k o h o '
h e e t k o x c i 3 o o '
n i h t e e x o o n o 3 e i n o '
n o o k e c o u h u '
b e t e e n w o 3 o n o h o e
n e ' c i h n o u u k o h o o t
n i i x o o ' e i ' i
n i i c e ' w o ' t e n o w u n o '
h e e t i h w o ' t e n o '
h e i h ' o o w b i ' w o ' t e n o w
h e n i i s i i t e n o o t
n e ' n i i ' s e e s e ' e s o o n e e n i '
k o o ' o e s e e s e ' e s o o n e e t
n o ' o o k o o 3 e i 3 i '
n e e ' e e b e e b e n e n o o
n i i t e i ' i h ' e b i 3 i '
b e h i 3 e i h i n
h e n e e 3 n e e n i i 3 e i h i t
n i i c o ' o n e e n e t i i t o o n i '
t o o n h e e t n i ' e e n e t i i t o o n i '
n i h i ' e e n e t i i t o o n i '
n i i s i h e e n e t i i t o o n i '
t o o n h e e t n i i s e e n e t i i t o o n i '
t o o t o u k u 3 o o t
h o o n o o 3 i t o u h u 3 i '
n i i b o o 3
n i h ' e 3 e b n o ' u x o o n i '
n e e ' e e s n e h t o n c e ' i i n e ' e t i i h o k
h e e t e 3 e i n e i h i e h k
h i t e ' i y o o n i n
n e e ' i y o o
t o o t o ' o n e e t e h k o n i '
h e ' e 3 e b i i c i s
c o b o u u h o h o o k e e n i
h e n i i s i i t e n o '
k e e t c i '
b o o b o o 3 o o t
w o n o o 3 e e n i 3 i
k o o n e e t c i i n i ' t o n o u n o o
h e h n i i t o o t o x u 3 i '
c i ' h o o k o ' o o x u u
c i ' n e e '
c i ' c e b t e e n o c o o
c i ' h i t o n i h ' i
c e ' i i n i i y o h o o t e '
n e e t e e n e b e i t
n i h k o o ' o e b e n e i ' i
n i h n e i ' o o h o w
c e e c e i ' s o o '
h e e t i h c e h ' e 3 t i i
h i b i h o
h o o t n e ' n i i ' i i y o h o o t e n o o
h o o n o x o w o o t
