b e n i ' i i n i k o t i i 3 i '
t i h ' i i x o u u ' o o '
h e e t n e e ' e e s i n i h i i n o o
h e e t n i i n e n t e e n i n e e
c e ' n e e n e y e i 3 e i h e i n o '
c i i n o h w o o
h e i b e e x n e y e i 3 e i h o o n o '
h o o t b i i n e 3 e n e e
h i i h o o w t o n o u n o w u u
n i h ' i i y i h o o
t o h ' o o n o o 3 i t e e t
n e ' n i h ' i i s o o n o o 3 i t e e 3 i '
n i h n o o h o o t o w u n o '
t i h ' i i n i i n i i s t i i 3 i '
h i i h o o w u u n o n o ' e i t i n o '
n i h ' e 3 e b c e 3 o o ' k o o h u '
b e h i 3 e i h i n
n i i h e e n e t i t
n i i n o t i i t i i n i '
h e t c i h ' e i ' t o w u u n i b e
c e n o ' o o 3 e i n o o
h e t n e y e i 3 e i h o o
n i h n e i ' o o h o w
n i i s n e y e i 3 e i h o o t
h i h ' o o w u n i ' i i n i k o t i i n o '
n i i c e s i s e e n e t i t
h e e t s e ' e s o o n e e n o '
h e t i i c e n o b e e n o o n
n e ' c i h w o n i i n i k o t i i
h e e t o h n o ' u s e e t
h e 3 e b k o o k o ' u u t e e s e
n e e ' e e s n o t t o n e 3 e n
h e e t c i h h e ' n e e x o h u n
h e e b e h t o n o u n e e b e
h i ' n e e ' e e s t o o 3 i '
n e i h ' o o w u c e ' b i i n e '
h e e t n e ' n e y e i 3 e i b e e n
n e e n e i s i i n e ' e t i i n o '
c e n c e i ' s o o '
h e i ' c i h n o ' u s e e 3 i
h e t n i i h e n e e n e ' i n o n e t i
h e e b e h t o n o u n e e b e
c i i c i i s i s e e
h i i h o o w b e e t n i i s i 3 e i ' i n o '
w o n n e e n e i ' o o h o b e i 3 i '
n i h i ' w o o n e i ' t o w u u n e i n o '
h e e n e t i n
c e e ' n o ' u s e e 3 i '
n i h t e e x o o n o 3 e i n o '
n e i ' t o w u u n e i ' e e 3 i '
n i i b e e t b i i ' i i h o '
t i h ' i i s b i i 3 i h i n o '
t o h ' e ' i n o w o o
t o o n h e e t n i i s e e n e t i i t o o n i '
h e e t i h n i i c o o h b o o 3 e i n o '
n e e n i i t o u u h u t
h e ' i h b i i ' i i h e e
n i h n e e n e y e i 3 e i h
t o h u u c i h n e i ' o o h o b e 3 e n
h e e t n o o h o w
h e h n i i t o o t o x u 3 i '
h e ' i h c o o n e e n e t i
w o h o e ' e n t o o
n o ' u s e e n o '
h e e t k o x c i 3 o o '
h e e t i h c i h k o u n o h ' o e t
h e e n e e s c i i n i ' i t o o 3 i
t o h n o ' u s e e n e e
n i i t b i i 3 b e e n o '
n e ' t e e t e e s c e n o ' o o 3 i '
n i h c i h w o n e e n e t i 3
n e i h o o w u b i i ' i i h o o
n e ' i h i t e n o o t
h e e t b e b i i s c e h ' e 3 t i i n o o
n i i b e h k o o k o k o h ' o u t i i 3 i '
h e e t i h c i h x o u u w o o t e e n e e t o w
h e ' c i h b i i ' i i h e i h o k
t o o n h e ' i h n o o n o ' u s e e n o '
n e n e ' e h ' e n t o o n i '
n i i t o n o u n o w u n o '
n i i n o o n o n i n i h i i n o o
n e e ' i y o o
h e e t i h ' i i n o o h o o t o u ' u
h e t i n o t i n o o x o b e i
n i h ' e i ' t o w u u n e i 3 i '
s i i h e ' i h n o h k c e 3 e i ' o o
h i h ' o w o u u n o n e i i t o n o
t o h h e ' i n o n o o t
h e t n e y e i 3 e i h o o
c e e c e h ' e 3 t i i
h e ' i h n i i t o b e e n o '
n i h ' i i 3 c e 3 e i ' o o n o '
c e n i h ' i i 3 k o o h u 3 i
h e e n e i 3 e i ' t o w u u n i n o o 3 i
h e e t n i i i n o ' u s e e t
h e e t k o o k o h t o w u n i h i i
h e e t i h i i n e ' e t i i n o '
t o o n h e e t n i i s c e b o o h o o t
3 e b n o o h o b e e n o '
n i i h o w o o y e i t i n o '
h e ' i h k o x u n o o ' o o
n i h ' i i t o u n e i h i t
t o o t o n o u n e '
h e ' b i i ' i i h e i n o o
h e ' i n o o
h e ' n e ' n i h ' e e n e i 3 e ' i n o u ' u
c e n i h n o o h o b
b e i s c e i ' s o o '
n i i c i h w o o w o o h o n k o o h u 3 i '
h o o t n e y e i 3 e i h o t i
n i h ' i i s e ' i s i '
n i h ' e e n e i s b i i 3 i h i n o o
t o h s e ' i s i '
n i h n e e n e i ' o o h o b e i n o o
n i h ' i i s b i i 3 i h i n o o
t o o n h e e t n i i s i ' h e ' i n
n e y e i h e e n e t i 3 o o n o '
h e ' n e ' c e ' i c o o t
b i i b i 3 e h i n o o
t i h ' i i c o ' o n e e n e t i t
n e e n e i s e e n e t i n i '
k e e t c i '
n i i b i s t o n o u n o o n o '
t o h n o o h o w o t i
h e e b e h c e ' t o n o u n
h i ' n o ' u s e e t
n e ' w o n e e n e n t o o n o '
h e e t i h c e h ' e 3 t i i
n i h ' i 3 e t i
h e e b e h b e e t t o k o o x u u s e e n o '
n e ' n i h ' i i ' c e ' w o n e i ' t o w u u n o o t
c e n i i c i i s i s e e 3 i '
n i h b e e t b e n e i ' i
c e n i h c e 3 e i ' o o 3 i '
b o o b o o 3 o o t
b e n i i ' o n e h k o y e i n e i h o k
h e ' i h s e h n o ' u s e e n o '
n e e n e i s i n i h i i t
n i h c e ' b i i b i i ' i i h o o 3 i '
h e e t 3 o o k u h o o t
h e e t n o o k o h u u s n o t t o n e i n
h o o w b e b i i s e e n e i ' t o w u u n e '
n e i ' o o h o w u n
n e ' n i i ' c e ' n o ' u s e e n i 3
h e e t n e e n e i ' t o w u u n e 3 e n
h e e t n e h b i i ' i i h o t
h e e t n e ' n o ' u s e e t
h e e n e i c o o 3 i
h e e t c e e h ' e i k o o h u n o '
n e h e ' n i h b i s n i i s t i i t
h e ' i h s e ' i s i
h e ' n e ' c e ' c e 3 e i ' o o t
n e ' n i h ' i i s h e ' i n o '
s i i n i i n o o n o n i h ' i n o o
n i i s n e y e i 3 e i h o o t
n i h ' i i i n o n o ' e i t i t
h e t c i h n o ' u s e e
h e ' i h c e ' t o n o u n
t i h c i i c e ' n o ' u s e e t
h e e t n o o n o o 3 i t e e n o '
n i h ' i i 3 o o k u h e i ' e e t
n i i t e n t o o n i 3 i
n i i b o o 3
t i h ' i i h e e n e t i 3 o o n o '
c i i n o ' o n c i i s i s e e n i '
h e ' n e ' c e 3 e i ' o o n o '
h o o n o o 3 i t e e n o '
h e t i n o n o ' e i t i
h e ' i i s i i h o o n o o 3 i
h e e n e i s c e i ' s o o '
n e ' c i h c e ' c e i ' s o o '
n e ' n i i ' n o ' u s e e
c i h c o ' o o w u h ' o h u t
n e ' n i h ' i i s c e e c e i ' s o o '
n i i s i i n e ' e t i i n o '
h e h c e ' i i s n o ' u s e e n
t e s c e e c e i ' s o o n i ' i
n e y e i 3 e i h e i n o '
h e e t i h n o t n o o h o w o t
h i i t o n o u n o w u '
k o o n e e t c i i n i ' t o n o u n e e b e
n i i c e i ' s o o n i ' i
h e i b e e t o t o o n o o 3 o o
n e ' c i i n o ' o n c i i s i s e e t
n e ' n i i s i 3 e i ' i t
n i i c i h n o ' u s e e n o '
h e t c e ' n i ' o o
h e e t o h i 3 e t i '
h o o t n i i n e n t e e n i n
n i h ' i i t e n t o o 3 i '
t o h n e e ' e e s i n i h i i
n e e ' e e s i ' i i n e ' e t i i t
k o n o o ' c e s i s b i i 3 b e e n o o
t o h ' o o 3 i t e e n o '
h e e t i h ' o w o u u n o n e i ' e e n
n e ' e e n e i s i i n e ' e t i i t
t o u ' n e e ' e e s t o o n o '
h e e b e h ' e e n e t i 3 e i ' e e
w o n e e n e t i 3 o o
c e e n c e i ' s o o '
n e ' k o o ' o e h i i n c e n o ' o o 3 i '
c e ' e s o o '
h e ' i h c i h ' e ' i n o n e i ' i
h e ' n e ' o o 3 i t e e 3 i '
n e y e i 3 e i b e e 3 i '
h e e t h e ' i n o w u '
h o o t n e ' n i i ' i i y o h o o t e n o o
n e ' n i h ' i i ' c i h n o ' u s e e t
t o h u u b i i 3 w o o t i i n i '
h e ' n e ' w o t i 3 o o 3 i '
n e ' n i i ' c i h n i i n i i t o u u h u 3 i '
n e ' e h c i i n o o h o w o o t
n i h ' e i ' t o w u u n o u ' u
c i ' n e '
c e e c e h ' e 3 t i i
n i i s e ' i s i '
h e e t t o u s i n i h i i n
n e y e i h ' e e n e t i 3 e e 3 i '
c e e c e i ' s o o '
n e ' n i i ' c e 3 x o h o e
h e i ' n o ' u s e e 3 i
t o h ' e n t o o n o o
h e ' n e ' i i ' o o x o h o e n e e n e t i 3 o o 3 i '
n o t i i t i i t
n i i c o o n b i i ' i i h
c i ' c e b t e e n o c o o
h e ' i n o u ' u
h e e t n i i c o ' o n n o o h o o t
h o o w e h n o ' u s e e
n i h k o c o o ' o t e i h i t
h e ' i h n o h ' o t i i w o ' o o
t o h n o o n o ' u s e e 3 i '
h e e t n e ' n i i h e n n o ' u s e e n
w o n e e n e t i 3 o o t
h e e t c e ' n o ' u x o h o t
h e e t c e e c e i ' s o o '
h e i ' c e ' n o ' u s e e t
n i i n e y e i 3 e i b e e n i '
h e e t b i i n e i n
t i h n o o n o ' u s e e 3 i '
n o o s o u n e h c e i ' s o o '
n i i n e y e i h ' e e n e i ' t o w u u n e e 3 i '
n e ' n i i ' i c e ' i k o h e i ' i t
k o o ' o e b i i b i i 3 i h i
n o o n o o h o o t o u ' u
h e ' i i 3 e e n i h i i 3 i
h e ' e 3 e b i i c i s
n o n o ' e i n o o 3 i t o o
t o o n h e e t n i i s i n i h i i n e e
h e e t n e y e i 3 e i h o o t
