t o h u u c i i c e h ' e 3 t i i 3 i '
n o o s o u n i ' n o o h o o t o w o o
c i i c e h ' e 3 t i i h o h k o n i '
n i i c e e c e i ' s o o '
h e ' i h s e h n o ' u s e e n o '
b e i s c e i ' s o o '
n i h ' i i s e i ' t o w u u n o '
h e ' i h c e ' t o n o u n
h e ' i h n i i t o b e e n o '
h e e t n e ' c e ' y i h o o n o '
h e ' n e ' n i h ' i i ' e i ' t o w u u n e i t
n i h ' e i ' t o w u u n e i ' e e 3 i '
c e ' n e e n e y e i 3 e i h e i n o '
h e t n e i h o o w e n t o o
h e e t b e e x o ' u u n o n o ' e i t i n o '
h e e t n e ' n o s o u n i i n e ' e t i i n
h i ' n o ' u s e e t
c i i n i ' i i n o n o ' e i t i
n e i h o w 3 o ' h i n o n o ' e i t i
h e e t n e e ' e e s i i n e ' e t i i
h e e t b e h c e e c e i ' s o o '
t o o t h e i h ' e n t o o
h o o t n o ' u s e e 3 i '
t o h ' e ' i n o w o o
h e e t n i i ' c e ' n o ' u s e e 3 i
n i h c e h ' e 3 t i i 3 i '
t o o t h e i ' i h o o
t o h c e ' n o ' u s e e t
b e b i i s n e e n e i ' o o h o w o o 3 i '
w o h o e ' e n t o o
n i i c e i ' s o o n i ' i
n i i h e e n e t i t
n i i ' i n o n o ' e i t i t
h e ' i h c i h ' e ' i n o n e i ' i
c e ' n e e n e y e i 3 e i h e i n o '
3 i i ' o k u n
t o o n h e i ' n o ' u s e e n o o
n i h c i i n o o 3 i t e e 3 i '
h e e t n e y e i h i n o n o ' e i t i
h e e t o h n o ' u s e e t
h e e t n i i c e ' n o ' u s e e 3 i '
t o u 3 e i ' i i n o n o ' e i t i n o '
h e e t c e e c e i ' s o o '
n e y e i 3 e i h o u ' u
n e ' n i i s i 3 e i ' i t
h e e b e h c e ' t o n o u n
h e e t n e y e i h e ' i n o n e e t
h e e t c e i ' s o o '
n i i b e t e e e n
t o h n e y e i 3 e i h e i t
h o o w t o n o u n o w u u
h e h c e ' i i s n o ' u s e e n
c e h ' e 3 t i i '
h e e t n i ' o o '
t i h ' i i n i h ' o n i i t
n i i c e ' t o n o u n o w o o
n e e n e i s i i n e ' e t i i n o '
h e e n e i s c e i ' s o o '
n i h ' e n e t i i 3 i '
n e ' n i i ' n o ' u s e e
n e ' e h c e ' n o ' u s e e t
h e ' n e ' i i ' i n o ' u s e e 3 i '
n e e ' e e s i i n e ' e t i i
n o o s o u n e e n e t i n o '
h e t c i h n o ' u s e e
n i h c o ' o n i i n o n o ' e i t i t
n e e ' e e s i i n e ' e t i i 3 i '
h e e t n i i s i 3 e i ' i t
t i h n o s o u n o o 3 i t e e t
n i i b e e x c e ' e s i n i h i i 3 i '
n e ' c i h n o ' u s e e n i 3
h e e t n i h i i n e e
h i h t o o t o n o u y o o n i n o o
n i i n i i 3 i n o o 3 i '
h i h ' o w 3 o ' e e n e t i
n i i n o t i i t i i n i '
c e n c e i ' s o o '
h e i ' c e ' n o ' u s e e t
t o h u u b i i 3 w o o t i i n i '
h e e t b e t e e e n e e
n i h t o n o u n
n e ' n i h ' i i s o o n o o 3 i t e e 3 i '
t i h n o o n o ' u s e e 3 i '
h e e t 3 o o k u h o o t
h e e s i i n e ' e t i i n e e
h e e t n i i h e e n e t i n i '
h e e t n i ' e e n e t i n o '
h e i t o u s t o n o u n
n e ' n i i ' n o ' u s e e
n i i c i h n o ' u s e e n o '
h e i ' c i h n o ' u s e e 3 i
n i i n i ' i n o n o ' e i t i n
n o ' o 3 t o n o u n e i h i
h i ' n o ' u s e e t
h e ' i h ' e i ' t o w u u n e '
h e t n e y e i 3 e i h o o
t o h n o o n o ' u s e e 3 i '
n e ' n i h ' i i t n e y e i 3 e i h e i ' e e 3 i '
n o o s o u n i i s i 3 e i ' i t
n e e n e i ' o o h o w o o 3 i '
n i h b i ' n e i ' o o h o w o o t
h e i ' n o ' u s e e 3 i
h e e s i n i h i i n e e
h e ' i i s t o n o u n o w u n o o 3 i
c e ' n o ' u s e e h e k
n i i n i i n i ' i t o o t
n e ' t o n o u n o u ' u
h e e t b e e 3 i i n e ' e t i i n
c e e n c e i ' s o o '
3 e b c e 3 e i ' o o 3 i '
h o o w e h n o ' u s e e
h e e s i n i h i i n
h e t c i h ' e i ' t o w u u n i b e
h e ' i n o o
h i i s c e h ' e 3 t i i h o k
t i h n o o n o ' u s e e 3 i '
k o o ' o e b i i 3 i h i
h e t n e y e i 3 e i h o o
t o h n o s o u y i h o o t
h e e t b i i b i 3 e h i n o '
n i h ' e 3 e b n o ' u s e e 3 i '
h i i h o o w u u n o n o ' e i t i
h e e t k o u 3 e n t o o n o '
t o o n h e e n e t i 3 o '
n i h n e e n e i ' o o h o b e i n o o
n o ' u s e e n e e
n i h ' e e n e t i 3 e i t
n e y e i h e e n e i ' t o w u u n o '
t i h n o o n o ' u s e e 3 i '
n i h ' e i ' t o w u u n e i ' e e 3 i '
t o h u u t o n o u n o u ' u
n i h n o t t o n o '
h e e t y i h o o
h e e b e h c e ' t o n o u n
h e ' i n o w u n i 3 i
n o ' u s e e n o '
n e ' n i i ' c e i ' s o o '
b e e t c e ' e s i n i h i i h o k
h e i h ' o o w u n o o h o o t o w
h e i ' t o w u u n i n
t o h ' o o n o o 3 i t e e t
b e b i i 3 e ' i n o n
n i i c i h n o ' u s e e n o '
h e ' n e ' 3 e b n o o n o ' u s e e 3 i '
t o o n h e ' i h n o o n o ' u s e e n o '
c e e ' n o ' u s e e 3 i '
c e s i s t o n o u n o '
h e e t i h ' i i b i s n o ' u s e e t
k o o n e e t c i i n i ' k o h t o w u n i h i i
h e e t n i ' e e n e t i n o '
n i h c i h w o n e e n e t i 3
t o o n h e e n e i s i i n e ' e t i i
n e ' n i h ' i i s e e n e t i 3 e e 3 i '
h e t i n o n o ' e i t i
h e i ' t o o 3 n o ' u s e e t
n i h ' e ' i n o '
n i h ' e i ' t o w u u n o u ' u
n e ' o o 3 i t e e
h e e 3 e i ' n o o h o o t o u ' u
t o h u u t o n o u n o u ' u
n i h ' e i ' t o w u u n o u ' u
h e t c o o
n e ' n i i ' n o ' u s e e
n e e 3 e b e e n e i ' t o w u u n o '
h e e t c e n c e i ' s o o '
h e e t i h ' i i t o n o u n o u ' u
t o h ' o o 3 i t e e n o '
c i i n i ' o o 3 i t e e
n i i c i i t o n o u n e i h i i n o o
t o h u u c i i n i ' i t o o n i '
n e ' n i h ' i i s c e ' e s i i n e ' e t i i
k o o h e i h c i i c i i s i s e e
n i i c e e c e i ' s o o '
h e e t n i i b i i n e e t
n i h ' i i n e y e i 3 e i h o o n o '
3 i i ' o k u n o o
t o u s c e i ' s o o
h e ' i h b i i ' i i h e '
h e ' i h c i i s i s e e
h e ' i h n i ' t o n o u n o w u u
h e e t n i i n e e ' e e s i n i h i i 3 i '
3 e b n o o h o o t o u ' u
c e e c e h ' e 3 t i i
c i h n o ' u s e e h e k
n e ' w o n e e n e n t o o n o '
h e t c i h w o t i 3 o o n o '
n i i n i i n i h i i 3 i '
h e ' n e ' o o 3 i t e e t
h e e t n i ' i t o o t
h e e t t o n o u n o u ' u
h o o n o o 3 i t e e n o '
k o o c i h n o ' u s e e
h e ' i h n e i ' o o h o b e e
n i i n e y e i 3 e i h o '
h i i h o o w u u n o n o ' e i t i n o '
t o h n o s o u y i h o o 3 i '
t o h ' e n t o o n o o
n i h ' i t e n o o 3 i '
h e ' i h n o o n o ' u s e e n o '
h e i ' y i h o o '
h e e t c i h n o ' u s e e n e e
c e e c e h ' e 3 t i i
n e i ' o o h o w u n
n i i b e t e e e t
h e n e e y e i h n o ' u s e e n
n e i h o o w e h c e ' y i h o o
n i h ' i i c i h ' e n t o o t
t o h n o o n o ' u s e e 3 i '
h e e t c i i 3 o ' c i i n i i n e ' e t i i t
h e e t n e ' i n o n o u ' u
h e e t n o o n o o 3 i t e e n o '
c e s i s t o n o u n o '
h e e t c e i ' s o o '
t i h n o t i i t i i t
n e y e i 3 e i h o o n i '
h e ' i h c e ' t o n o u n
h e e 3 n e e b e e t e ' i n o n
h e e t n i ' i t o o n
h e t n e ' e h ' e n t o o b e
t o h u u c i h n e i ' o o h o b e 3 e n
h i h ' o o w u n i ' n o ' u s e e n o '
t i h c i i c e ' n o ' u s e e t
t o o n h e e s i n i h i i n
h e e t i h ' i i n o o h o o t o u ' u
b e i s c e i ' s o o '
n i i b i s t o n o u n o o n o '
n e i h ' o w 3 o ' e ' i n o n o o
h e ' i h n o ' u s e e
t i h ' i i n e ' e t i i 3 i '
h o o w u u n i ' t o n o u n o w u u
n e y e i 3 e i h e i 3 i '
n e y e i 3 e i h e e t
n i h b e e x t o n o u n o w u n i '
n i i b i ' h i ' e e n e t i 3 i '
w o h o e ' c i h ' e n t o o
h e i ' e y e i n o ' u s e e t
t o h n o t i i t i i 3 i '
n e ' n i h ' i i ' c i h n o ' u s e e t
n i h t e i ' o o h o o t o '
w o n n e e n e i ' o o h o b e i 3 i '
h o o w t o n o u n o w u u
n i h ' i i y i h o o
h e e n e i s i i n e ' e t i i n e e
h e e t n e e ' e e s t o o 3 i '
h e e t n i ' n o o h o o t o w
h e e t n i i t o n o u n o '
t o h u u n e e ' e e s t o o t o n o u n o w o o
h e e n e t i n
n e i ' t o w u u n e i ' e e 3 i '
t o o t h e i ' i h o o
