t o o n h e e t n i ' e e n e t i i t o o n i '
n e ' i h i t e n o o t
h e e b e h t e c o ' o n i c o o
h e e t n i i i n o t i i t i i n e e
h i h b i i n o o o n o
w o n e e n e t i 3 o o
h e e t i b i i n o '
w o h o e ' h i h c i i b i i ' i i h e e n o '
h e ' i h s e ' e s o o n e e
n i h ' i i s c e 3 k u h n e e 3 i '
n e ' t o o ' u h c e h i t
h e e t n i h e ' i n o w o o
h e e t w o n n i i n i t e n o w o o
n i h ' i i t i i n o k o t i i 3 i '
h e e t i h c e h ' e 3 t i i
h e i ' e y e i h n o ' u s e e t
h e e t n e ' h i i 3 i i h i '
h e t n i i h e n e e n e ' i n o n e t i
h e ' n e ' i i ' c e s i s e i ' t o w u u n o o t
n e ' c i h w o n i i n i k o t i i
h e e t b e b i i s c e h ' e 3 t i i n o o
n i h ' i 3 e t i
n i h k o c o o ' o t e i h i t
h e i ' t o w u u n e i n o '
h e e t n i i s t i i 3 i '
t o h ' u u n s e e 3 i '
n i i n o o n o n i n i h i i n o o
t o o t o u k u 3 o o t
b e i s o o n o k o h u ' u
n i h ' o o 3 o u y e i t i n o o
h e ' i n e e ' e e s i i n e ' e t i i t
h e ' i h n e e ' e e s i n i h i i t
c e ' b o b o o 3 i i n e ' e t i i n
n i h ' e e n e t i '
c e n o ' o o 3 e i n o o
n i i n i i s e t i '
h e i b e e x n e y e i 3 e i h o o n o '
n i i c e b i s e e n o o
t o o t o n o u n e '
3 e b n o o h o b e e n o '
c i i n o ' o n c i i s i s e e n i '
n o o k e c o u h u '
h e e t n i i c o o n
h e e s n o ' u s e e n o '
b i s n o h ' o u w o o n o '
n i h n o t t o n e i n o '
t o h n o o h o w o t i
h e e t c e e c e i ' s o o '
n e e ' e e 3 e e c e b e ' e i c e n c e i ' s o o '
h i b i h o
n e e n e i s i n i h i i t
h e n i i s i i t e n o '
c e n e e c e 3 e i ' o o 3 i '
h e n e i c i i n i i s t i i t
n e ' n i h i ' n i i t o b e e n o o
h i n o n o ' e i y e i t i t
n e y e i h e e n e t i 3 o o n o '
n o ' o o k o o 3 e i 3 i '
h i i n e y e i c e h ' e 3 t i i
h e ' i h k o o ' o e n n e i ' o o h o b e e
n i h c o ' o n e e n e t i 3 o '
n i h n i i t o u u h u n o o
n i i t e n t o o n i 3 i
n i h c i h n e i ' o o h o b e i t
h i t e ' i y o o n i n
h e e t n i i b i s t o n o u n e i h i t
c e ' i i t e n o '
n i i b e e t w o t e e k o o h u t
h o o t n i h i i n o o
n i h s e y e i n e i ' t o w u u n o o t
h e i h o w 3 o ' e e n e t i n
h e e t c e ' n o ' u x o h o t
n i h w o n o x o w o o n i '
c i i b e h ' i i b i n e e n e i ' o o h o w u n
k o o h i h c e b i s e e
n e ' n i h ' o n i i 3 i '
h e e t b i i ' i i h e i t
h i i h o o w u c e s i s i n i h i i
h e e t n o o h o b e 3 e n
n i h ' i i b e e 3 b i i 3 i h i t
h i i h o o w u e ' i n o w u u
n i h n e e n e y e i 3 e i h
n o o ' o e k o h o t i
h o o n o y o o h o o t o w u u n i n e e
h e e t t o u s i n i h i i n
t o h n o ' o 3 i i 3 i n e t i i t o o n i n i '
h e ' i h c i i k o s o u t i i n e e n e t i 3 e e
h e e t k o o k o h t o w u n i h i i
n i i t o n o u n o w u n o '
n i i h o w o o y e i t i n o '
h o o n o x o w o o t
n i i n e i ' i e n t o o 3 i '
h e n i ' i i n e ' e t i i n o '
n e i h ' o w 3 o ' u u x o o h o o 3 i h o o b e
n o o h o w u
n i h ' e t b i i n e e n o '
n i h i ' i i n i k o t i i n o '
h e e t n o o h o w
n i i c o ' o n e e n e t i i t o o n i '
h e h n e e h o n o u u ' u 3 e t i n i '
k o o h i h ' e ' i n
n i i s i i n e ' e t i i n o '
h e e t i h ' o w o u u n o n e i ' e e n
h e e t i h c e ' h e ' i n o u ' u
h e e b e h ' e e n e t i 3 e i ' e e
h e e t b e h ' e i ' t o w u u n o o n o '
n i i s e t i n i '
t e e t e e s i i n e ' e t i i n
t o o n h e e t n i i s e e n e t i i t o o n i '
n i i t e c o ' o n h i n o n o ' e i y e i t i t
h e e t n o o n t o o n e 3 e n
n e h e ' n i h b i s n i i s t i i t
h e t n e i h o w 3 o ' n o n i h ' i n o '
h e 3 e b k o o k o ' u u t e e s e
n i h b e e t e i ' t o w u u n o o t
h e e t o h ' o o t i i n o '
h e e t n i i ' e n e t i i n o '
t o h s e ' i s i '
n o t t o n e e 3 i '
t o h x o u u w o o t e e n e e t o '
h i i b e e x u y i h o o n o '
h i i h o o w b e e t n i i s i 3 e i ' i n o '
n i i n o o n o n i n i h i i n o o
n e i h o w 3 o ' u ' e e n e t i
n o t t o n o '
h e ' i h c i i n o h ' o o w u s i
h e e s n o ' u s e e n o '
h e e t n i i t n i ' i i n e ' e t i i t
h o w o h s e e s e ' i s i
n e e ' e e s e ' i n o n
t i h ' i i n i i n i i s t i i 3 i '
n o o n o o h o o t o u ' u
t o y e i n o u s i n e n e e
n e i h o o w n i i s n i ' i t o o
n i h n o x o h o e n o o ' o o '
n i h b e e t e i ' t o w u u n o o t
n i h i ' t o n o u n e i h i t
h e e t n e e ' e e s i n i h i i n
h e n i i s e ' e n o u ' u n o o
n e ' 3 o o k u h o o t
n i i n o s o u h e e n e t i n
n i h n o o h o o t o w u n o '
h e t n e y e i 3 e i h o o b e
h e ' i i s i n i h i i n o n i
n e i ' e ' i n o u ' u
t i h c e s i s e e n e t i 3 e e 3 i '
h e e t n i e ' i n o n e e n
h o o t w o ' t e n o w u n e e
h e e t o h i 3 e t i '
n e ' t e e x o o n o 3 e i n i 3
c i h c o ' o o w u h ' o h u t
h e e t k o n o h ' u t e n o u ' u
t i h n i i s t i i h o k
n i i c o ' o n x o o x o u u w u n i h i i 3 i '
n e e ' e e b e e b e n e n o o
h e e 3 n e e n i ' i i s i i n i '
h e i h o o w u e ' i n o w o o n
n o x o h o e k o h e i ' i
n i i t c e b i s e e 3 i '
c i h ' e e n e ' i n o w o o
h e e t i h n o o n o t t o n e t i
c e e c e h ' e 3 t i i n o '
h e ' n e ' c e ' c e 3 e i ' o o t
n i h ' i i n i i s n i i s t i i n o '
t o y o o h o b e e
n e i h ' o o w b e b i i s c e e c e h ' e 3 t i i
h e ' i i s i i h o o n o o 3 i
h i h ' o o w u u n i i s i 3 e i ' i n o '
n o x o w u c i i s i b i h e i t
n i i c o o n b i i ' i i h o o 3 i '
h e e t n e ' k o o ' o e k o o k o ' o w u 3 i '
n e e ' e e s e ' i n o n
n i h w o n n e e n e i ' o o h o b e e 3 i '
h e e t c i h h e ' n e e x o h u n
n i i c e ' w o ' t e n o w u n o '
t o h n e e ' e e s i n i h i i
h e i h o o w n o ' o 3 t o n o u n o w
h e e n e c o ' o n e i t
n e i h i ' e e n e i ' t o w u u n o o t o n o
n i h ' e 3 e b c e 3 o o ' k o o h u '
n i i b e b i i s c e h ' e 3 t i i 3 i '
h e e n e e s c i i n i ' i t o o 3 i
h e ' i h c o o n i n o e h i n o '
n i h b i s e ' i n o n e i t
c e e ' t o k o h o '
n i h b i s e ' i n o n e i t
n i h c o ' o n b e e t o h c e ' y i h o o 3 i '
n i i c i h w o o w o o h o n k o o h u 3 i '
k o o x n e ' c e ' k o h e i ' i t
n e e n e y e i n e y e i 3 e i h o o 3 i '
h i i h ' o
n i i 3 t o u k u 3 o o t
n o o n o t o n i h e t i 3 i '
h i h ' o o w b e e t y i h o o
n e e ' e e s i ' i i n e ' e t i i t
c i i b e h n i h ' o o 3 o u y e i t i '
n i h ' i i t o u n e i h i t
n i h ' e e n e i c o o n i '
n e i h i ' e e n e i ' t o w u u n o o t o n o
c i i n i ' c e b i s e i h i i h o '
t o h c i h w o n i i n i k o t i i t
h e e t i h ' e ' i n
c i h ' i i n e ' e t i i
n i i s n i i t e h e i b e t i i t
n e e ' i y o o
c i ' n e e ' e e s i
h e e t n e e ' e e s i n i h i i n o o
n i h w o n n e e n e i ' o o h o b e e 3 i '
h o o w t o n o u n e i h i i n o o
h e ' i h ' e 3 e b n i h i ' k o o h u n
n o o ' o e t o k o h u t
n i h k o o ' o e b e n e i ' i
n i i c o ' o n n e y e i 3 e i h e e 3 i '
n i i c o ' o n c o o n o '
t e c o ' o n e e n e t i n i '
h o t n i i t e n o o h o k
n e i h o o w u b i i ' i i h o o
h e e n e e s c e i ' s o o '
n o n o ' e i t i 3 i '
n e ' n i h ' i i s n i i t o b e e n i '
h i i k o o ' o e n e e n e i ' o o h o b e '
n i i b e e t e i ' t o w u u n e 3 e n
n i i s n e y e i 3 e i h o o t
w o o 3 e e y o h k o n i '
n e ' n i i ' c i h n i i n i i t o u u h u 3 i '
c i ' c e b t e e n o c o o
n i i h o o w u h t o n o u n o u ' u
n i h ' i i t e n t o o 3 i '
n i h b i i n i 3 i '
t o h n i i i t
n i i c o o n b i i ' i i h
n i h t o n o u n o o n o '
n e ' c i h n o u u k o h o o t
t o o n h e e t n i i s i ' h e ' i n
h e e t n i i c o b o u ' u
b e i ' c i 3 e i 3 e c o o n o '
t o o n h e e t n i i s i n i h i i n e e
n e ' c e s i s n i i s i 3 e i ' i t
n e e n e i s i n i h i i n i '
n i i c o ' o n n e e n o ' u s e e 3 i '
n e e n e ' i n o '
h e e b e h b e e t t o k o o x u u s e e n o '
n i i b e e t b i i ' i i h o '
h e e t n i i i n o ' u s e e t
n e ' c i i n o ' o n c i i s i s e e t
h e e t i h w o ' t e n o '
c i i b e h k o h t o w u n i h i i
h e e t n e e n e i ' t o w u u n e i n o o
n i i n o o h o b e e 3 i '
n e ' n i h ' i i ' c e ' w o n e i ' t o w u u n o o t
