m u r u ː k ə ː ď a f k i ː
i n ď ə ś ə n
ʃ k o l a l a j i ː
a m t i l n u n m i
k i ŋ g i t ŋ i ː
i ś ə m i
d u n d i l o ː
i s ť ə n ə
t a n d ə
k ə γ ə n ə l
k u ŋ a k a r w o
h ə g d i l d u l o ː t i n
ə r g ə ś i ː r
ď a w i l a
d i k t ə l a
a j a m a m a l ď i
d ə g i l t ͡ ʃ o
g o g o ď o k o ː n ə m
i n ď ə k ə l l u
n o ː t t ə n
t ə t i w d ə ː t i n
a ŋ u l d a
a ŋ ŋ a ś i n
t o γ o j o j
ŋ ə n ə d a ː n
ŋ ə n ə m
a ː h i s a l a n
d o ː w a r a
t u r u d u
t i l i ŋ n ə m g u
d ə r u ː k o n ə m
m o n d u k p i
t a n t ͡ ʃ ə ď ə m
a ŋ i r ə
l o k o k o n ə m
ə k u n a
o ŋ o k t o l i ː n
ś u ː k ə l b a
a g r ə n
h ə g d i ŋ ə k o ː k u r ď i
o t ͡ ʃ ə w
h a w a l i l d ə
m i t p ə
a m t a t t a n
h a k t i r d u ː
h o m o ː t i ː w a
a ː n ŋ ə t t ͡ ʃ ə ː w
ə n i ŋ ə h ə j i ː
m i n ď e
a ŋ a m ə s i ː r
g i r a n i l ď a m
i t ͡ ʃ ə t ͡ ʃ o ː w
a ŋ i l a w ə r
ď ə b d o ː w i
b a b a j i l w a
b u l t a r ə n
d ə g i w d o ː t i n
i ː d u k p ə r
t i j ə w u n ď i t p i
n o ː d a r a n
h a w a l i l d a n
s a r ś i k a n t i k i ː
d o ː l d i ː t t ͡ ʃ ə l i m
d i n ŋ i ː l ə ː h i n t ͡ ʃ i t ͡ ʃ o
h a ː s a ː m
b u k t u t t ə
b a h i l a j w ə
i s t a n
o l l a
a g i f k ə l d u
d u p k o n ə m
k a m n i ː k a ː s t ͡ ʃ a
ŋ ə l i ś i w k i ː
v a a p ʃ ə
t ə r g ə k s ə l b ə r
n u l g i l m i
d ə g m i
i l a n ď i
s o ː k a ː n ď i t ͡ ʃ a ː t i n
t a d u ː
a h i ː n u n
ʃ u n d u k
p ə k t i r o ː t ͡ ʃ o ː n
p u ʃ n o m e h o w o j d u ː
ď a w r a ː h i n ď ə ŋ a ː t
d a k k a n ə m i l ə
h i l b a t t ͡ ʃ a
k o r e ː l o ː w u n
t i r ə ː t ͡ ʃ o
g i r k u ŋ n a ď ə r ə
ď u g u ď ə f k i ː
d u n n ə l a ː
u t ͡ ʃ u ď ə ŋ n ə m
t ə γ ə p k o ː n d o ː w ə r
n ə k n i l d u ː w i
t a j g a d u
j a ŋ g u l d a
b u ː ď ə m
a ŋ ə k a ː k u r
g i r k u r a
a ŋ i ś o
a h i ː n
w a d a i
ʃ a m a ʃ i l w u
h a w a l i l i m
o d a n k i n
t r o f i m ŋ i l
k i l ə b ə ŋ ď ə n ə l
r a ɲ i k t ə l i
ə t i r k o ː l ə r ə n
w a r k ə
a m i ː ŋ i ː w
n a p t a r a r a
o m o w r o w
g u ɲ i l i m
a k k ə l
u ː t ͡ ʃ a k k i
h a r u ː k k a r
ď o r o m i r ə n
a ː t ͡ ʃ i r
a n ŋ i t ť a l
d a s t ͡ ʃ a n
a i ː f k a n ə m
u l g u t ͡ ʃ o ː n d i m
h ə r ə k ə l a ː
i n ə
m ə ː r w ə l
ə k s p ə ď i t s i j ə w ə
b u ː ď i ŋ o ː n
ď o n i n ŋ a ː m
h ə k ə r g ə ś o
g i r k u ď a r i ː l
ď u k t ͡ ʃ a k a ː n d u l a ː t i n
t ͡ ʃ o k o k s o ː n m o
l i b g ə ː r ə n
b a l ď i s a n
ə h i k o k o n
t ə γ ə γ o ː t
h o ː ŋ ə r i k t a t i n
h u k u ʃ i l i ŋ ə r ə
ŋ ə n ə ď ə ŋ o ː ː t i n
b ə l ə p k o ː n ď ə ŋ k i ː n
t u r g a l d i t ͡ ʃ o ː w
u l l ə
u r i k i ː t t u ː
h ə h ə n ď ə ŋ a
a ŋ a ď a k a ː r w a
t u k s a ː h i n ə m
ď u ː w ə
a n ŋ i t
a j a k a ː k u n
b u l t a ď ə ŋ o ː s
t ə γ ə ď i ŋ o ː t i n
ə ŋ n ə k o ː r w i
e ː k u r w ə s
i t ͡ ʃ ə t t ͡ ʃ ə ŋ n ə m
z a ʃ i ʃ a t i l ď ə m
i j o l ď i w ə r
ď ə b d o ː j ə
ť e h ɲ i k u m m ə
ŋ ə n i n
n ə k n i l b i
b a l ď i s a ː w
m i n d u l a ː
ď a w d u l a ː j i
i m u ː k s ə l w o n
i s ə t t ͡ ʃ o l
t ə t t ə
o m o ː n ə w u n
a k i r w i w
d o ː l d i ː l l ə w
g i r a n i l l ə
t ə g ə t t ə
ď ə w a ď ə t ͡ ʃ a ː w u n
ə ɲ i ː n m ə w
k a r a b i t a j
h ə g d i h ə r ə
ď ə p t i l ə l ə ː t i n
h a ː r i l b a
b a l d i ː ď a r a k i ː f
h ə t u k ə ː t ť ə w k i ː
t a ŋ t ͡ ʃ a ː w
b a k a ď a ŋ a ː w
m o ː l a ː ď ə ŋ k i ː f
p o l i g u s t u l a ː
k u ŋ a k a r ď i
b u l t a ď i f k i ː
k u ŋ a k a r w i
b ə l ə ď ə t ͡ ʃ a ː w
s a g d i ŋ i l w u n
d o ː l d i ː r a
d i n ŋ i ː l ə ː t ͡ ʃ o
t u n ŋ a w a
k o s o l w o
g u l u w u n t i k i ː n
t i p a l l a n
a ː f k i ː
b u ː p k i ː l
t ə r g ə k s ə l g i d a d u ː t i n
h a w a l i t t ͡ ʃ a r a n
g a r p a s o l
g a ŋ a d a w ə r
b o k o k o n ə m
a r k i t t ͡ ʃ i w r a
ŋ i n a k i n m a
g i r k u r a n
u ɲ o n ə
i t ͡ ʃ ə n o ː s t ͡ ʃ o ː w
ʃ k o l a w a
b a k a r a w
t ə γ ə ś o
p ə k t i r o ː n m i ː
h u w u l d u l o ː n
p a t ͡ ʃ ť i ʃ t a
a j a m a m a ː t
a ŋ i w k i ː
ď u ː t a r a w u n
a m a ː k a ː l w i
a n d ə
g i r k u ː ď a f k i ː l
i l l ə n
ə t i r k o ː l ə s o ː n
a ŋ i k a ː k u ː n
a ː ŋ a ď a m i ː ď ə r ə n
g i r k u ː n a l
h i l b a t t ͡ ʃ a ŋ a ː w
u m u k i r
i ː k n ə n i n
d ə w g ə t t ə
ď u ː k a ː n m u n
u ś i t t ͡ ʃ a ː w
h a ː r g i k a ː k u ː n
g i r k i ː t ə ː ď ə ś o
ŋ ə n ə ď ə k ə l
t a l u l w a
i ś ə d o ː h u n
p a l a t k a l d i
o ś a ː n
h a w a l i l t ͡ ʃ a
a ː ď a k a l
ə ŋ ə h i ː j ə s
a d i ː k u ː r
ŋ o ː l ə l t ͡ ʃ ə
i s ə w k o ː ś i l ď ə n d ə
u g u w r a
e ː k u r w a t i n
u l i ː w r ə
ə j ə ː h i n ď ə n ə
i k o n ə m
d u k t ə l k o ː k u ː t t ͡ ʃ o
