a j a t
a j a k a ː k u n
b u l t a r ə n
j u k t ə l a ː
ŋ ə n ə ď ə t ͡ ʃ ə ː n
ď a w d u l a ː j i
b u k t u t t ə
t i r g a l ď a r a k i n
m o n d u k p i
r e s p u b l i k a n s k a j d u ː
b u ː ď ə m
l o k o k o n ə m
i ś ə r ə
t ə t i w ə l i w k i ː l
d o ː w a r a
b a l ď i s a ː w
i t ͡ ʃ ə t n ə ː h i n ə m
k i l ə b ə ŋ ď ə n ə l
ə r u k t a t ͡ ʃ a ː w
d o ː l d i ː t t ͡ ʃ ə l i m
a ŋ ə k a ː k u r
n a p t a r a r a
h ə r ə k ə r ə w
d u n d i l o ː
a m t a t t a n
d ə g i l t ͡ ʃ o
t u k s a ː h i n ə m
t o γ o j o j
t a n ď ə ŋ n ə r ə w
b a l ď i s a n
i t i γ a ː l t ͡ ʃ a w u n
ď u r w ə
t u k s a ː m i
g i r k u ď a r i ː l
g i r k u ď a f k i ː l
a ː s i n m u r ə n
u w i ː r i w r ə n
t u k s a ː r ə n
g a n a ś i l t ͡ ʃ a
h ə n u d a ː n
d u l ə ː m ə ː r ə n
g a r p a s o l
a m b a r d u l i ː
o h a l w ə
k o ː l a r ď ə m i
o t k a z i w a t t ə
g a n a ś i l i m t ͡ ʃ o w
ə j ə ː r ə
u ď a ś i n ə
h ə k ə r g ə ś o
ɲ i ː w ə
a ŋ i l t i n
h i g ď ə m
ď u ː w ə
l i b g ə ː r ə n
ŋ ə n ə ď ə n
n o ː t t ə n
ə w r ə n
h i l b a t t ͡ ʃ a
ď o r o m i r ə n
h a ŋ u ː k t a w k i ː l
b u ː s o
b u ː ś o
o ŋ o k t o l i ː n
ď ə w a ď ə t ͡ ʃ a ː w u n
a h i ː n u n
a h i ː n ə n
ə k n i ː l w ə
i t ͡ ʃ ə t ͡ ʃ o l
m o ː w a
i n ə
g i r k u ď a n a
p a t ͡ ʃ ť i ʃ t a
t i j ə w u n ď i t p i
g a ŋ a p k i ː l
i r ə m o ː h i ś o ː n
i t ͡ ʃ ə r ə w u n
a r t ͡ ʃ ə r ə w u n
ə k u n a
a n ŋ i t
i l l ə n
b ə l ə ď ə t ͡ ʃ a ː w
i t ͡ ʃ ə t ͡ ʃ o ː w
ď a l d u j i ː
t a n ə n
ď a w r a ː h i n ď ə ŋ a ː t
u l g u t ͡ ʃ o ː n ə
n ə k n i l d u ː w i
m o ː t i ː m i ː ď i t ͡ ʃ o ː w
b u l t a ď i f k i ː
k u ŋ a k a r ď i
h ə g d i h ə r ə
g i r k u ː ď a f k i ː l
h u w u l b ə t i n
u ː t ͡ ʃ a k k i
k i n o w o
ť e h ɲ i k u m m ə
o d a n k i n
d ə g i l d ə n
g i r k u ː n a l
i t ͡ ʃ ə n o ː s t ͡ ʃ o ː w
g u ɲ i l i m
t ͡ ʃ a j t i r ə w u n
a ŋ a n d u ː i
d a w a r s a ď a n a
g i r k u ď a r a n
i n m ə
s a ŋ a ː r w ə
d ə g i w d o ː t i n
ŋ ə n ə w r ə
v a j n a ŋ i h i
t a w i n d o ː n
i ś ə ď ə n
ď a n m ə
u l i ː ď ə ŋ k i ː n
d o ː r ə n
r a ɲ i k t ə l i
ʃ o ː m n a ː s t ͡ ʃ ə ː w
m o ː k a ː r b ə
n a k a n n a l a ː
t u m ɲ i r ə n
h ə h ə n ď ə ŋ o ː w
l o p o k o l
b a h i l a j w ə
b a l d i ː ď a r a k i ː f
i t ͡ ʃ ə t t ͡ ʃ ə r ə w
ď ə b ď ə r ə k i n
v a a p ʃ ə
d o ː l d i ː d a ː n
ď u k t ͡ ʃ a w ə
e k o l o g i t ͡ ʃ e s k a j i l
h ə ː k i ː m n a r a
t a l u l w a
h a ː s a ː m
h a ː r ə
g o g o ď o m i
g o g o ď a m i
g o g o ď o k o ː n ə m
ď a w i l a
ə ŋ n ə k o ː r w i
o t ͡ ʃ ə w
ď ə ː j a w i
o m t i l
a j a w r ə
m o ː l
m o n
t a b ď ə ŋ n ə r ə w u n
t u k s a ː ď a r a n
d a s t ͡ ʃ a n
h u b ď ə n ə
h a ŋ u k t ə ď ə t ͡ ʃ a ː w
h a ː r i ː r ə w
g i r k u ď a ď a ŋ a ː s
t a n t ͡ ʃ a ď ə r ə n
t a l u w a
t u l ə ː t t ͡ ʃ ə m
g u n i f k i ː l
g u n i l t ͡ ʃ o l
g i r k u ď a t ͡ ʃ a ː w u n
t a p ď a n a
k u ŋ a k a r w o
z i m o w j o l a ː
b u s l ə l d ə k t i n
t e r a p e f ť ə
u r i ː n ə l l ə w
o ď a r a
n o ː d a r a n
g i r a n i l ď a m
d o ː l d i ː l l ə w
d o ː l d i ː r ə w
d o ː l d i ː s a
d o ː l d i ː r a
i j o l w o t i n
z a p a t t i k i ː
b u ː s i l d ə
ď a w d u l a ː w ə r
h ə n u r ə n
s a ː r ə n
b o l ʃ ə w i k i l
p u r a s i n a w
k u ŋ a k a r w i
k u ŋ a k a r i w
h ə r ə k ə l a ː
ə t i r k o ː l ə s o ː n
ə t i r k o ː l ə r ə n
m u k o ː t o l i ː n
o l d o k o r w ə
d u k ə l ə ː
ʃ k o l a w a
b u l t a ď ə ŋ o ː s
ŋ ə n i n
ď e b ď ə r ə
d i n ŋ i ː l ə ː t ͡ ʃ o
u l l ə
t u k s a ː h i s a
h a r u ː k k a r
o b l a s ť t u ː
a t i r k a ː r d u ː
ď ə b d o ː w i
ď ə b d o ː j ə
h a w a l i l i m
a n d ə
k u ŋ a k a r t i n
h i l b a t t ͡ ʃ a ŋ a ː w
p a n k a g i r s k a j d u k
m a j a
a j o ː
h a ː r i l b a
t u ŋ i w ə
h u k u ʃ i l i ŋ ə r ə
a m a ː k a ː l w i
b u ː p k i ː l
h ə g d i d u k
a t i r k a ː r
o j o l g o
b a k a ď a ŋ a s
ŋ ə l i ś i ŋ n ə m
h ə g d i h ə r ə n
f
ɲ i m a t i ŋ n a k a l d u
p ə k t i r o ː n m i ː
m o ː l a ː ď ə ŋ k i ː f
h u k u l ə ː m
z a ʃ i ʃ a t i l ď ə m
o m o ː n ə w u n
o m o ː n ə w
d ə w g ə t t ə
a ŋ a l ď ə n
a h a t k a r
k o s o l w o
s a w o ː d a l w ə
i s s a l
ŋ ə n ə ď ə ŋ n ə r ə w u n
a ŋ a k ə l l u
b i r a j a n
t a w ə r
s o g d o n n o d u ː
ʃ u r u ŋ n ə r ə w
ʃ u r u ŋ n ə r ə v
b u s l ə l d ə n
a k i r w i w
ə t ə ː r ə n
k i ŋ g i t t u ː
o r ď i n m ə
a d i ː k u ː r
t u n ŋ a w a
d ə r u ː k o n ə m
ď i k t ə k o ː r w ə
t i k t ͡ ʃ a k i w ə
t ə p u ː t t ə
ď a w w a r
ď a w w ə r
d i k t ə l a
ŋ ə n ə p ď ə r ə n
b a l d i ː ď a m
t o g o t ͡ ʃ i l a
d o l b o l t o n o l o
i ŋ ə n i w a
i ŋ ə n i w ə
t o r o d o ː t i n
u r a ː m
u r i k i ː t t u ː
b a g d a k ə w ə
m a j g u l
ď a w i t i n
o ď a ŋ a ː w
u l g u t ͡ ʃ o ː n d i m
h a ː l b ə t i n
t ə r u ː t t a n
s t ə i ʃ
t a ː n i s i n ə n
d ə g i l ď ə m
ď u k t ͡ ʃ a l a ː n
h ə r ə k ə w a
u ː k o ː ŋ
ŋ ə l i ś i w k i ː
h u r i ː w o ː n ď ə n ə
i n ď ə ś ə n
a l a ː ś i l t ͡ ʃ a l
a k k ə l
ɲ i m ŋ a k a ː r
t ə r a ː m
a γ i ː l d u ː
a m i ː ŋ i ː w
i m u ː k s ə l w o n
m a r i l d u l i ː
ŋ i n a k i n t i n
h o m o ː t i ː w a
i j o n
i j o l t i n
p ə k t i r o ː w u n m ə
a ŋ a ď a k a ː r
ɲ e k ə ŋ d ə l a ː
k o r o ː n d u l a ː n
b a k a ď a ŋ a ː w
u r k ə w ə t i n
ď ə w
m o ː l d u ː t i n
ŋ ə n ə n d u ː j i
h u l a n n u n
h ə g d i ŋ ə k o ː k u r ď i
ś u ː k ə l b a
g e ː t k i ː
u r i ː h i n n a ː h i n a n
g i r k i ː t ə ː k t ə
k a p k a r w ə r
ɲ a m i l
ŋ i ː γ ə
t u k s a ː h i n ə n
t i p a l l a n
g e ː t p i
a ŋ a ď a k a ː r w a
ə w ə d i w a
a h i ː n
g e ː w u m
a γ i ː t k i
a h i ŋ i
t ͡ ʃ i p k a ː r w i
o ʃ i
i s ə t t ə n
t ə ď ə ː j ə
k a l i l
k u k t i m
h u t a k a ː n a
s p e t s ʃ k o l a d u ː
m o ː l a ː
k u p t u r a n
p o t a p t u ː
t r o f i m ŋ i l
ə n i ŋ ə h ə j i ː
o m o l g i ː n u n
n u l g i k t ə ď ə ŋ k i ː w u n
b u l t a l w a
d ə γ i n m ə k t ə l w ə
i l t ə n i l i m
t o γ o t i n
t ə γ ə k ə l d u
ŋ ə ː r i ː ď ə r ə n
a ŋ i ď ə t ͡ ʃ a ː n
h u k u l o ː ď ə r ə n
t o g o j i
u l l ə w ə
i ŋ t u w u n ə n
ŋ ə l i w ś i p t ͡ ʃ u
t ə w ə k ə l l ə
m u r u m ə w ə
g o d r o ʒ d ə n i j ə l
a m t i l n u n m i
ď o ː ɲ ť a ď a ŋ k i ː n
ʃ a m a ʃ i l w u
a n ŋ i t ť a l
h a w a l i t t ͡ ʃ a r a n
t u γ a ɲ i ː w ə
t o k m a l a ː
d i n ŋ i ː l ə ː h i n t ͡ ʃ i t ͡ ʃ o
h o g d o n d o d u k i n
ś e v ə r g i d a ː t k i ː
l ə ŋ k o l d u k
t o l g o k i ː l w ə t i n
h a ː d o n t ͡ ʃ i n i l
ŋ ə n ə ŋ n ə r ə w u n
a b e t t u ː
h ə k u ː s i j ə
ď u ː l d u ː t i n
u ʒ ə
ŋ i n a k i n m u n
k ə r g ə n d u ː j i
k a r a b i t a j
ɲ a ŋ t a t i ː ď a m
ŋ o ː l i ś i f k i ː l
n a m a w u n ď i
h ə t ə k ə n ə m
n o ː d a m
a ŋ i r a w u n
a ŋ i r a w
a ŋ i l l a w
t i r g a ɲ i ː t i k i n
i n i k i r
b a b a j k ə l
ʒ e r ď i l w ə
t u g i
ď o n i n ŋ a ː m
a m a ː k a ː t i n
k ə ŋ g i l o ː r t i n
h ə g d i γ i w
ə k o n d a d u k
i n ď ə ŋ n ə r ə w u n
i n ď ə ŋ n ə r ə w
i
m i r ə
i l m a k t a d u ː j i
a m a r i t p i
ŋ i n a k i n m a
p ə k t ə r ə w u n i w
ď a p ď ə r ə
ə l i w u m
g i r k u ď a ŋ a ː w
p o j ə z d a d u k
t ͡ ʃ i p k a ː n d u l i ː
k a r a b i n m a
i
p a l a t k a l d i
g a l a
ə ŋ ə h i ː w
h u n a ː ď i l w ə
t ə t i l w ə
i ś ə t k ə l d o
u r u ː n t ͡ ʃ ə ď ə n ə
n o k u l d u l o ː
h ə ː k i ː m n a l ď ə r ə
n ə k n i l b i
d a ː
v e d ə m ə s t i w ə
i h ə r i k t ə
i ː d u
h a ː r g i k a ː k u ː n
h a ː r g i
d a g i ː f
s a r ś i k a n m ə
h o m o ː t i ː
b i l u t ə r w ə
ď a w
o j j o j o j
m i n d u l a ː
ď u g a
t o ː
i n ď ə k ə l l u
i l o ː
a n t i
t i m a ː l t a ː n a
t u g ə r i k t a
t u r u d u ː
t u r u d u
m i k t ͡ ʃ a n ə m
h ə g d i l d u l o ː t i n
h a ː r g i d u ː
n a k a n n o d u k
t ə γ ə t t ͡ ʃ ə n ə
h a g d i f
t o ː l i
t a r k a ː n
h e ː k t a l
k a n i k u l i l d u ː
n o ː k ə l l u
t a j m e ɲ
a ː m u t t u ː
m u ː k o ː n ď i
ď ə p t i l ə l ə ː t i n
u t ͡ ʃ a m i ŋ a r
d a ʃ a
h o g d o ŋ o w i
a n ŋ a n i ː n
ə r t ə k i
a n ŋ u d u ː
ə ŋ ə h i ː
h ə k u ː h i ː t
h u n a t i l
ɲ i w o
ʃ a m a n
t i l i m
i l a ɲ i
r ə s a m a h ə w ə
w a r a k m i
h o r i k a ː k u r
i ŋ i n
a l i k
a ŋ i ď ə r ə n
t u k s a n ə n
b u ː ŋ n ə m
b o l o
i ː d u k p ə r
d u n n ə m a
n a w ə h i l w ə
ď u k t ͡ ʃ a n
a r a k u k a ː n
n u r g i ď a r a
b a b a j i l w a
u ŋ t u w u n m ə
t a r ə
u l g u t ͡ ʃ o ː n ď ə m l i
b a g d a k ə l
r o z a
a ː t ͡ ʃ i r
h ə g d i h ə ď ə n ə
i v a n o v i t ͡ ʃ
b a r ʒ i l
t ͡ ʃ o k o k s o ː n m o
l u d m i l a
a n a n
t u g
b i r a j a
m a l e ɲ k o k a n
a ŋ ŋ a ś i n
i ː m d ə t i n
ɲ i ː ś i ː
ď ə l ə k i ː l b ə
i j o l ď i w ə r
i b ď a r i t k i
b i m ɲ i n
a r a k u ː k a ː n
t o l g o k i ː l
t ə t i γ ə ː l o n
t u k a l a n d u ː
n ə n
i ː l a
ď u ː ś i
ɲ e k ə ŋ d ə d u k
h ə ŋ k ə t t ͡ ʃ i l d ə
h a l g a n
ə l
i b ď a r i
t ə r g ə k s ə l g i d a d u ː t i n
i r g i t ͡ ʃ i l w ə
d ə g i n t i
e ː k u n g u
ď u k t ͡ ʃ a
t i l i ŋ n ə m g u
a m u t t u l a ː
k o m o j ə
t u k s a ː n ə n
ď ə w ď ə r ə n
o r o d i
b u ː m ɲ i ː
d o ː
w o w k a n u n
w i b o r i l
m o ː t ə
a h i ː ś i
w a r k ə
b u l t a ŋ k i w u n
ś i p k a ː k o ː r
h o ː ŋ ə r i k t a t i n
d a ː
h u t ə t ə j
k u l t i r
w i b a r i l
a ŋ a n i s i
n ə k ə ď ə m
ʃ k o l a
t u g e
k ə ŋ g i l o ː r i n
d a r j a k a ː n
ʃ t a
o n t i k i n
j a k o v
g o r o k o ː n
h o ː n a l i
o ː k i r
n a ː d a n
g u l u w u n m a
p u t i n
ə ŋ ə ɲ i ː
m ə t
a r a m a ː
t u ŋ a ɲ a m a
t a d u ː d a ː
ə t a w a
h u l a n
a r u ʒ i j a
k i γ l ə ː l ď i
d u ː
b e g a j a
m i ɲ a j i ŋ k i ː w u n
ď u k t ͡ ʃ a d u ː
m ə ː n i n
d o ː ŋ i n
ś i n ŋ i ː
h a ː d u n
p ə k t i r ə ː n ə l i m
i r ə k ś ə l d u ː
ď a n
p o r o h
o ː n m ə r
t ə l i n
t a ː d u ː k
m e t r i l
ŋ ə n ə ď ə m i t
n a m a ː ď i
ď u ː d u ː
ď u r d u ː
a m a r d u ː n
a m a r d u t i n
g u l u l d u ː
d a s n a w a n
o ː k i ː n
a ŋ i t
i r g i ʃ ə l w ə
s o ː t
e ť i
u ś o b a d u ː
v i r t ə l o t i
d a r i s k i ː
h u k ə t ͡ ʃ i l
h ə
n ə ː l k i ː
k i ŋ g i t ŋ i ː
t u r ə ː n i n
a ŋ n a n i ː d u ː
u ŋ t u w u n m i
i n ə k t ə ŋ k i ː t i n
a d i ː
g o r o j o ː
ə m u g d ə
a ŋ a n i ś i
m u l i n
m a l u ː d u ː
b u l t a d u ː
ə d a
b o l i n i ː
u ŋ k o n m ə n
b a r ʒ a d u k
h ə g d i ŋ o
ə m ə g ə n d u ː
ɲ ə m u l ə m ɲ i h ə l
k ə r
o ː k i r w a l
e ː k u k a ː n m ə r
g i r k u m a t
h u n a ː ď i n
t a r g a ś i ː n
p ə k t i r o ː n i m
j a k u t s k a
t ͡ ʃ a ŋ g a ː d a
i n ď ə ŋ k i ː w u n
h o g d i ŋ o
a n ŋ a n i ː d u k
t u γ ə ɲ i ː
ə t ə t
s t a ː d ə l a ː t i n
o j o d u n
h u w u l d u l o ː n
h a l g a l i ʃ u
h u j u k u ː n d u k p i ː
k ə ɲ t ͡ ʃ ə
h u n d u ː
g u g d a
t ͡ ʃ e m o k o k o ː n
ď i ː γ i t
ʃ a m a ʃ i l
r i ʒ i m
z ď ə l a n i
t ə l i ː ŋ i l t i n
o t ͡ ʃ ə n
b o l ʃ ə
ə ː k u ː n m a l
ʃ o ː t
s o l d a t i l
d a r i ː l i ː
k ə ŋ g i l o ː n m ə
d i ŋ n i ː
m a n a w u n d u ː n
v a s i l j ə v i t ͡ ʃ
j a k o w l e w n a
o m o l g i ː k o n i n
o l e k s a ː
a j a k a n ď i
ə m ə g ə n i n
ə n i n i n
ə l o ː l i ː
k a j u r d u ː
o m o w r o w
g ə r b i ś i
ʃ t e ː n b e r k
ʃ ə s ď ə ś a t
a l i k s a n d r
i ː l a ː w ə l
h o k t ə w ə r
b ə l i n
ə d i n
s a f h o s t u ː
t ͡ ʃ i s t ə
p l a n
h u k t i m ə t
k i l o m e t r
b a r g i s k i ː
ə k s p ə ď i t s i j ə w ə
ə w ə s k i ː
ď ə m ŋ ə n ə n
ə ː l a h a w a l
ŋ ə p k ə k ə ː d u ː
u s t ə n
e ː k u n m ə l
ď a w a p t u n
ə ɲ i ː n m ə w
t a j g a d u
t u n ŋ a ď a r d u ː
i ː d u k
p a d r a t
h a ː w a n
o l d o s i ː
ə ŋ ə h i ː ś i
a ŋ i k a ː k u ː r ə
a n d r e j
m a r i s
g u l u w u n m i
a m a r d u n
v e r t o l o t i l
ɲ e k ə ŋ d ə d u ː
ə ɲ i n i n
ʃ a r g a ś i n
ɲ i ď e l a
l u t ͡ ʃ a d i t
p ə k t i r o w u n ə n
u ŋ t u w u n d u ː
m i r n i j d u ː
d ə k t ə n d ə l i n
b o k o n t ͡ ʃ u k ə l
t r o f i m
ɲ u ŋ ə n
b u l t a ŋ k i ː t i n
o p a t
ə d i n
m ə l e ɲ k ə
e p i ď e m i j a
o ď ə ŋ k i ː w u n
s i ŋ i l g ə n
ś i t ͡ ʃ a s
ď ə b d o ː t i n
g a ŋ a d a w ə r
h ə h ə n i ŋ k i ː n
p a t d i ś a t
ď u r
ś i r u ː w u n
l u k i ː l i n
k o r o ː n d u k
i s ə f k ə l
g u n i l i m
g u n i m
ə l a w ə l
b a j
g u l u w u n
b ə l ə ŋ k i ː t i n
v i r t o l o t
o l d o ś i ː d u ː
o g r a d a l a ː t i n
j u ː ŋ k i ː n
i ː ŋ k i ː t i n
t ə r g ə k s ə l b ə r
h u w u l i t i n
ď a w r a ː w
ś i n ť a b r e
a p a ť
i ː k ə l
ə s i ː p t ͡ ʃ u
ď u ː k a ː n m u n
u l i ː k ə l
ď ə p t i l ə t i n
s ə f h o s
j e ː j e ː
o ŋ k i ː w u n
