t a n d ə
o s a ː s
u t ͡ ʃ u ď ə ŋ n ə m
i n ď ə r ə p
e ː k t ə l i
o f k i ː
o t ͡ ʃ a
a ŋ u l d a
o ď ə ŋ n ə r ə w u n
a ː h i s a l a n
i s ə w k o ː ś i l ď ə n d ə
o l o w k o ː n i ŋ n ə n d ə
u g u w r a
o l l a
b ə γ ə ː m
b u l t a r ə w
a w i p ď a f k i ː
k o r e ː l o ː w u n
i r u k t ə f k i ː
ə j ə ː h i n ď ə n ə
t u l ə ś i l i ŋ ə r ə w
l o k u s a ď a r a
ď u ː l i ː w u n
u ś i t t ͡ ʃ a ː w
a ŋ i n d u l a
a ŋ i r ə
a ŋ i d u k
a ŋ i l i n
a ŋ i l b a r
a ŋ i l a w ə r
a ŋ i l w a t i n
a ŋ i l a ː n
a ŋ i t ͡ ʃ a h i n t ͡ ʃ a
ə j ə ː t t ͡ ʃ ə n
a j a
a j a m a m a l ď i
a j a t
a ː ď a k a l
o ś a ː n
o s a ː n
a m t i l n u n m i
t a ŋ t ͡ ʃ a ː w
u j u s ə r ə
i j e l l u k i n
t i r g a l ď a r a k i n
ŋ o ː l ə l t ͡ ʃ ə
t ə γ ə p k o ː n i m
t ə γ ə p k ə ː ś ə l
t ə γ ə t t ͡ ʃ ə t ͡ ʃ a w ə r
t ə γ ə p k o ː n d o ː w ə r
l u k t a
b u ː ď i ŋ o ː n
w a d a i
a ː f k i ː
a r k i t t ͡ ʃ i w r a
h ə h ə n ď ə ŋ a
s a r ś i k a n t i k i ː
d a ː t k i ː w ə r
h ə g d i h ə s k a ː t t ə k i ː w
i ś ə f k o ː ś i l t ͡ ʃ o
i ś ə d o ː h u n
p o r u h w a
i r g i t t ͡ ʃ ə ŋ k i ː t i n
t o ː w ə r
ŋ ə n ə w r ə
o l a l a w
ʃ k o l a l a j i ː
g i r k u ŋ n a ď ə r ə
t u r u ŋ i ː w ə
t a d u ː
b o r i ː m a ː t t ͡ ʃ ə n ə l
p r o d u k t i l w a w u n
ʃ u n d u k
o r a w
p ə ʃ i r g a ď a n
e ː k u r w ə s
e ː k u r w a t i n
e ː k u r a j i
ə h i k o k o n
ə h i k ə k o n
ə h i k ə ː k ə ː n
a ŋ i w k i ː
a ŋ i ś o
a ŋ i r ə
a ŋ i s a
t ə γ ə γ o ː t
b ə l ə p k o ː n ď ə ŋ k i ː n
b ə l ə p k o ː n i ŋ k i ː n
ŋ o ː l ə t t ͡ ʃ ə m i
b a k a ś i w k a ː n i f k i ː
i ś ə m i
n o n o f
d u p k o n ə m
d e ɲ g i k a r w o w u n
i s ə ś o
i s t a n
a j a m a m a ː t
a m i ː n m i ː
a m i ː n m i
ď u g u ď ə f k i ː
u ɲ o n ə
t o l g ə k i l d u ː w ə r
h ə g d i m ə m ə w ə
h a g d i t m ə r
ə γ i f k o n ə
s a g d i ŋ i l w u n
n o ː r ə w
ď a p k u t a l w a ː γ i n t ͡ ʃ ə
p o l i g u s t u l a ː
h ə r ə k ə t m ə r i j ə
i t ͡ ʃ ə t t ͡ ʃ ə ŋ n ə m
i s ť a m
i s ť ə n ə
m ə ː r w ə l
m i t p ə
u l o ː k k i t m i
u s t ə n d u ː i
k ə γ ə n ə l
j a ŋ g u l d a
ə r g ə ś i ː r
ŋ ə n ə ď ə k ə l
d ə g m i
t ə t i p t ͡ ʃ o
j u ː r ə w
a j a l
h a ː m
n u l g i l m i
ə ŋ ə h i ː j ə s
k a m n i ː k a ː s t ͡ ʃ a
t ͡ ʃ a t i p k a ː n ə
m u r u ː k ə ː ď a f k i ː
a h i ː n
t i r ə ː t ͡ ʃ o
o l o s o
a ŋ i k a ː k u ː n
t ə t i w d ə ː t i n
t ə γ ə ď i ŋ o ː t i n
h a k t i r d u ː
t a n t ͡ ʃ ə ď ə m
t ə t t ə
ď a w j a w a r
k u s u l ə
b a k a r a w
m i n ŋ i ː l
m i n ŋ i ː
ď a p ď a n o ː ʃ i ŋ n ə r ə
g i r k u r a
i r g i f ʃ o ː n
t ə r ə γ ə w k i ː
ď u k t ͡ ʃ a k a ː n d u l a ː t i n
m i n ď e
i ś i l l ə w
i r i k o n ə m
ŋ ə n ə d a ː n
t ə ď ə ː n ə
p u ʃ n o m e h o w o j d u ː
m u r u m n ə k
i ś ə r ə n
d u k t ə l k o ː k u ː t t ͡ ʃ o
k a r t i ʃ k a h i n i ː ŋ k i ː t i n
i l a n ď i
h ə g d i m ə r
t u m ɲ i s a
g a ː t t ə
t ə t i w r ə
d a k k a n ə m i l ə
z a k o p a ť ť a
ď ə b ď ə d o ː t i n
ď u ː k a k a ː n ď i w ə r
t ə g ə t t ə
g a r p a n u s a ː n
a i ː f k a n ə m
t ə γ ə t ͡ ʃ ə l
a g i f k ə l d u
d ə g i w u h i n ə
o k n ə n
m i n ə f k i ː l
s o ː k a ː n ď i t ͡ ʃ a ː t i n
t o γ o t t ͡ ʃ ə r i ː w ə
h a w a l i l d ə
b a k a m
b a k a n a m
i r g i r ə n
t a w g a ː t
h a w a l i l d a n
t ə t i l l ə n
t ə t i w u l d a n
l o k o w k i ː
h ə ː k i ː m n ə h i n ə n
b o k o n t ͡ ʃ u l d ə n
t u l ə r ə w
u l i ː w r ə
a ː n ŋ ə t t ͡ ʃ ə ː w
u ʃ i p ď a
g i r k i ː t ə ː ď ə ś o
t a ŋ ď a ŋ n a m
ŋ ə n ə m
ŋ ə n ə ď ə ď ə n
t ə γ ə r ə n
ŋ ə n ə ď ə ŋ o ː ː t i n
t ə γ ə ś o
t ə γ ə p k i ː
i s m i ɲ i r ə
p ə k t i r ə n ə k i n
i s ə t t ͡ ʃ o l
ə r u k t ə r ə
h ə t u k ə ː t ť ə w k i ː
h a w a l i t ͡ ʃ a l a ː w u n
p u r g a l t ͡ ʃ a
b o k o k o n ə m
g i r a n i l l ə
i k o n ə m
t u r g a l d i t ͡ ʃ o ː w
ə j ə ː h i n ď ə ŋ ə ː t
ď u ː t a r a w u n
a ŋ i l w a
t i r g a l l a n
h a ː r ə
a ː ŋ a ď a m i ː ď ə r ə n
g o g o ď o r o
i t ͡ ʃ ə t t ͡ ʃ ə l i m
ə t ə j ə ː t m i
u m u k i r
a t i r k a ː n n u n d u l a ː
u ś i t t a m
a ŋ ə r ə
m o t o r j a w ə r
z o o w ə t ť e h n i k u m m ə
g i r k u t ͡ ʃ a ː n
g i r k u r a n
g u l u w u n t i k i ː n
t o k t o r o
a ŋ a m ə s i ː r
h a w a l i w k i ː
h a w a l i l t ͡ ʃ a
s i l h o z u p r a w l ə n i j ə l a ː
k o h i ď a ŋ k i ː n
a g r ə n
ď i ʒ u r i ď ə p k i ː l
p ə k t i r o ː t ͡ ʃ o ː n
d u n n ə l a ː
i ː k n ə n i n
m o ː l a ː f k a ː
i n t i d a ː j i
t u k u l ď a n
g a n a t m a ː t t ͡ ʃ ə f k i ː l
g a n a t m a ː t t ͡ ʃ a
b i o l ə k p a
g o γ o ď ə k o ː r ə n
g ə n n o ː f k i ː
