t u k s a ː r ə n
ʃ k o l a l a j i ː
a m t i l n u n m i
k i ŋ g i t ŋ i ː
t i k t ͡ ʃ a k i w ə
i ś ə m i
a j o ː
d u n d i l o ː
i s ť ə n ə
b a r ʒ i l
n ə n
g u g d a
k u ŋ a k a r w o
ə l o ː l i ː
h ə g d i l d u l o ː t i n
ə r g ə ś i ː r
ď a w i l a
d i k t ə l a
a j a m a m a l ď i
d ə g i l t ͡ ʃ o
b ə l i n
g o g o ď o k o ː n ə m
a m b a r d u l i ː
i n ď ə k ə l l u
n o ː t t ə n
ŋ i ː γ ə
t ə t i w d ə ː t i n
o r ď i n m ə
t o γ o j o j
m a n a w u n d u ː n
ŋ ə n ə d a ː n
ə w ə s k i ː
d o ː w a r a
ď ə w
t i l i ŋ n ə m g u
d ə r u ː k o n ə m
a j a w r ə
o ː k i r w a l
m o n d u k p i
t a n t ͡ ʃ ə ď ə m
g u l u w u n m i
a ŋ i r ə
l o k o k o n ə m
j a k u t s k a
o ŋ o k t o l i ː n
a g r ə n
h ə g d i ŋ ə k o ː k u r ď i
ʃ ə s ď ə ś a t
h a w a l i l d ə
m i t p ə
a m t a t t a n
h a k t i r d u ː
t ə ď ə ː j ə
t o γ o t i n
a n ŋ a n i ː d u k
h o m o ː t i ː w a
a ː n ŋ ə t t ͡ ʃ ə ː w
ə n i ŋ ə h ə j i ː
m i n ď e
a ŋ a m ə s i ː r
b ə l ə ŋ k i ː t i n
k o h i ď a ŋ k i ː n
ď u k t ͡ ʃ a d u ː
g i r a n i l ď a m
i t ͡ ʃ ə t ͡ ʃ o ː w
a ŋ i l a w ə r
b a b a j i l w a
b u l t a r ə n
ɲ i ː ś i ː
l ə ŋ k o l d u k
i j o l t i n
i ŋ ə n i w ə
t i j ə w u n ď i t p i
n o ː d a r a n
h a w a l i l d a n
s a r ś i k a n t i k i ː
ŋ ə n ə ď ə n
d o ː l d i ː t t ͡ ʃ ə l i m
d i n ŋ i ː l ə ː h i n t ͡ ʃ i t ͡ ʃ o
h ə r ə k ə r ə w
t u g i
a r a k u ː k a ː n
w i b a r i l
b u k t u t t ə
h ə k u ː h i ː t
b a h i l a j w ə
i s t a n
o l l a
ď u k t ͡ ʃ a w ə
a g i f k ə l d u
d u p k o n ə m
k a m n i ː k a ː s t ͡ ʃ a
k a j u r d u ː
ŋ ə l i ś i w k i ː
v a a p ʃ ə
t ə r g ə k s ə l b ə r
a ŋ i t
n u l g i l m i
t r o f i m
b a l d i ː ď a m
s o ː k a ː n ď i t ͡ ʃ a ː t i n
ɲ i w o
t a d u ː
a h i ː n u n
n ə k ə ď ə m
ś i r u ː w u n
ʃ u n d u k
p ə k t i r o ː t ͡ ʃ o ː n
p u ʃ n o m e h o w o j d u ː
ď a w r a ː h i n ď ə ŋ a ː t
d a k k a n ə m i l ə
h i l b a t t ͡ ʃ a
k o r e ː l o ː w u n
t i r ə ː t ͡ ʃ o
g i r k u ŋ n a ď ə r ə
ď u g u ď ə f k i ː
d u n n ə l a ː
u t ͡ ʃ u ď ə ŋ n ə m
t a j g a d u
ə s i ː p t ͡ ʃ u
j a ŋ g u l d a
g i r k u r a
a ŋ i ś o
w a d a i
g i r k i ː t ə ː k t ə
h a w a l i l i m
o d a n k i n
i l o ː
k ə ŋ g i l o ː n m ə
i ś ə ď ə n
ə t i r k o ː l ə r ə n
ə m u g d ə
ʃ k o l a
ɲ e k ə ŋ d ə d u k
a m i ː ŋ i ː w
n a p t a r a r a
o m o w r o w
g u ɲ i l i m
a k k ə l
h a r u ː k k a r
ď o r o m i r ə n
t u ŋ i w ə
a ː t ͡ ʃ i r
p a d r a t
a n ŋ i t ť a l
p a n k a g i r s k a j d u k
a i ː f k a n ə m
o ʃ i
s ə f h o s
j e ː j e ː
ď u g a
u l g u t ͡ ʃ o ː n d i m
g i r k u m a t
i n ə
t a n ə n
m ə ː r w ə l
a m u t t u l a ː
ə k s p ə ď i t s i j ə w ə
ɲ a m i l
b u ː ď i ŋ o ː n
i ː d u
h ə k ə r g ə ś o
g i r k u ď a r i ː l
ď u k t ͡ ʃ a k a ː n d u l a ː t i n
a r u ʒ i j a
t u l ə ː t t ͡ ʃ ə m
t ͡ ʃ o k o k s o ː n m o
l i b g ə ː r ə n
b a l ď i s a n
k a l i l
ə d a
t ə γ ə γ o ː t
t u r ə ː n i n
h o ː ŋ ə r i k t a t i n
t ͡ ʃ i s t ə
h u k u ʃ i l i ŋ ə r ə
ŋ ə n ə ď ə ŋ o ː ː t i n
o m o l g i ː k o n i n
b ə l ə p k o ː n ď ə ŋ k i ː n
t u r g a l d i t ͡ ʃ o ː w
t u k s a ː h i n ə n
v e d ə m ə s t i w ə
ď u r d u ː
u l l ə
d a r i s k i ː
i r g i ʃ ə l w ə
a ŋ a ď a k a ː r w a
h a ː r g i
ď a w w ə r
t u k s a ː h i n ə m
o n t i k i n
t o k m a l a ː
m ə ː n i n
ď u ː w ə
a n ŋ i t
o h a l w ə
t a ː d u ː k
k ə ɲ t ͡ ʃ ə
s t ə i ʃ
e ː k u n m ə l
i l m a k t a d u ː j i
e ː k u r w ə s
ŋ ə l i ś i ŋ n ə m
h ə t ə k ə n ə m
i t ͡ ʃ ə t t ͡ ʃ ə ŋ n ə m
ə r t ə k i
h o m o ː t i ː
o l e k s a ː
ʃ t e ː n b e r k
z a ʃ i ʃ a t i l ď ə m
ď e b ď ə r ə
i j o l ď i w ə r
g e ː t k i ː
r ə s a m a h ə w ə
a l i k
ď ə b d o ː j ə
ŋ ə n i n
n ə k n i l b i
h u n a ː ď i n
b a l ď i s a ː w
h u n a ː ď i l w ə
a m t i l n u n m i
i m u ː k s ə l w o n
h a g d i f
t u n ŋ a ď a r d u ː
b u s l ə l d ə n
i s ə t t ͡ ʃ o l
ď a n
t ə t t ə
g i r k u ď a r a n
ɲ e k ə ŋ d ə l a ː
o m o ː n ə w u n
b a r ʒ a d u k
a k i r w i w
k i γ l ə ː l ď i
d o ː l d i ː l l ə w
d ə g i l d ə n
o ː n m ə r
ď ə w a ď ə t ͡ ʃ a ː w u n
s o l d a t i l
a m i ː n m i
ə ɲ i ː n m ə w
k a r a b i t a j
h ə g d i h ə r ə
t ə p u ː t t ə
s a w o ː d a l w ə
b a l d i ː ď a r a k i ː f
h ə t u k ə ː t ť ə w k i ː
t u γ a ɲ i ː w ə
m o ː l a ː ď ə ŋ k i ː f
k u ŋ a k a r ď i
t i r g a ɲ i ː t i k i n
h ə n u r ə n
ŋ ə n ə n d u ː j i
k u ŋ a k a r w i
b ə l ə ď ə t ͡ ʃ a ː w
s a g d i ŋ i l w u n
d o ː l d i ː r a
t o ː
ď i k t ə k o ː r w ə
d i n ŋ i ː l ə ː t ͡ ʃ o
k a p k a r w ə r
k o s o l w o
g u l u w u n t i k i ː n
h a l g a n
a ː f k i ː
b u ː p k i ː l
t ə r g ə k s ə l g i d a d u ː t i n
h a w a l i t t ͡ ʃ a r a n
u ː k o ː ŋ
a r a m a ː
g a r p a s o l
b o k o k o n ə m
a r k i t t ͡ ʃ i w r a
b o l ʃ ə
g i r k u r a n
u ɲ o n ə
p ə k t i r o w u n ə n
b a k a r a w
t ə γ ə ś o
ɲ a ŋ t a t i ː ď a m
h u w u l d u l o ː n
p a t ͡ ʃ ť i ʃ t a
ə m ə g ə n i n
a j a m a m a ː t
a ŋ i w k i ː
h a ː r ə
ď ə w ď ə r ə n
i ː ŋ k i ː t i n
ď u ː t a r a w u n
a m a ː k a ː l w i
a n d ə
g i r k u ː ď a f k i ː l
h a ː r ə
ə t i r k o ː l ə s o ː n
a ŋ i k a ː k u ː n
i s m i ɲ i r ə
ŋ i n a k i n t i n
ś e v ə r g i d a ː t k i ː
a ː ŋ a ď a m i ː ď ə r ə n
i ː d u k
g i r k u ː n a l
h i l b a t t ͡ ʃ a ŋ a ː w
i n m ə
i ː k n ə n i n
i ː l a
d ə w g ə t t ə
k ə r g ə n d u ː j i
t u ŋ a ɲ a m a
ď u ː k a ː n m u n
u ś i t t ͡ ʃ a ː w
b o k o n t ͡ ʃ u k ə l
g i r k i ː t ə ː ď ə ś o
o r o d i
ŋ ə n ə ď ə k ə l
ə l
t ͡ ʃ i p k a ː n d u l i ː
u ŋ t u w u n m ə
p a l a t k a l d i
p o t a p t u ː
h a w a l i l t ͡ ʃ a
a ː ď a k a l
ə ŋ ə h i ː j ə s
a d i ː k u ː r
p u t i n
d a ː
ŋ o ː l ə l t ͡ ʃ ə
i s ə w k o ː ś i l ď ə n d ə
u ŋ t u w u n m i
ə ŋ ə ɲ i ː
e ː k u r w a t i n
d a ʃ a
t u r u d u ː
a ŋ n a n i ː d u ː
e ť i
i ː l a ː w ə l
ə w r ə n
ś i n ť a b r e
i k o n ə m
g e ː t p i
d u k t ə l k o ː k u ː t t ͡ ʃ o
a ŋ i n d u l a
n u r g i ď a r a
k ə ŋ g i l o ː r i n
a r a k u k a ː n
d ə γ i n m ə k t ə l w ə
g ə r b i ś i
t o l g o k i ː l w ə t i n
t o g o j i
d a w a r s a ď a n a
m o t o r j a w ə r
ď a w w a r
p ə k t ə r ə w u n i w
ď u k t ͡ ʃ a n
g i r k u ď a f k i ː l
h a ː r i ː r ə w
a h i ŋ i
h ə h ə n i ŋ k i ː n
d a g i ː f
t ə t i l l ə n
d a ː
d o l b o l t o n o l o
i r g i t ͡ ʃ i l w ə
t o r o d o ː t i n
ŋ o ː l ə t t ͡ ʃ ə m i
t i r g a l ď a r a k i n
t ə r ə γ ə w k i ː
h ə g d i m ə m ə w ə
ə l i w u m
ď u ː k a k a ː n ď i w ə r
t u k s a ː ď a r a n
o t k a z i w a t t ə
m a l u ː d u ː
t ə t i p t ͡ ʃ o
a n ŋ u d u ː
m a j g u l
i b ď a r i t k i
ď u k t ͡ ʃ a
g a n a t m a ː t t ͡ ʃ a
t ə r u ː t t a n
i t i γ a ː l t ͡ ʃ a w u n
a m a r d u t i n
t e r a p e f ť ə
ď a w i t i n
d a s n a w a n
ə h i k ə ː k ə ː n
o p a t
n ə ː l k i ː
j u k t ə l a ː
t u g ə r i k t a
r i ʒ i m
b i r a j a n
h u k t i m ə t
g o r o j o ː
v a j n a ŋ i h i
h a l g a l i ʃ u
ə γ i f k o n ə
a j a l
u l l ə w ə
t u g
ə j ə ː h i n ď ə ŋ ə ː t
a j a t
b a k a ś i w k a ː n i f k i ː
ə w ə d i w a
m i k t ͡ ʃ a n ə m
k u l t i r
z a k o p a ť ť a
k a r t i ʃ k a h i n i ː ŋ k i ː t i n
h ə g d i d u k
a ŋ i r ə
h a ŋ u ː k t a w k i ː l
a ŋ a n i ś i
h ə g d i ŋ o
g o d r o ʒ d ə n i j ə l
ď u r
e ː k u n g u
l u k t a
u ŋ t u w u n d u ː
p o j ə z d a d u k
i s ə t t ə n
ə k n i ː l w ə
a ŋ i s a
i ŋ i n
u ʃ i p ď a
a ŋ i l a ː n
u t ͡ ʃ a m i ŋ a r
l o k u s a ď a r a
d o ː l d i ː d a ː n
h o k t ə w ə r
a j a t
h u k u l ə ː m
g i r k u ď a ď a ŋ a ː s
ď i ː γ i t
t a b ď ə ŋ n ə r ə w u n
o m o l g i ː n u n
i n i k i r
a ŋ i d u k
m i n ŋ i ː
a ŋ i l l a w
s a r ś i k a n m ə
ə l a w ə l
i h ə r i k t ə
m u ː k o ː n ď i
t a ː n i s i n ə n
g u l u l d u ː
t a r g a ś i ː n
b u ː ŋ n ə m
t a ŋ ď a ŋ n a m
r e s p u b l i k a n s k a j d u ː
b u l t a d u ː
b e g a j a
b u l t a l w a
h u t a k a ː n a
ʃ t a
b u l t a ŋ k i ː t i n
g a n a ś i l i m t ͡ ʃ o w
j u ː ŋ k i ː n
ɲ i ː w ə
i s ə ś o
ʒ e r ď i l w ə
k ə ŋ g i l o ː r t i n
d a r j a k a ː n
t ə γ ə p k i ː
ʃ a r g a ś i n
d a ː t k i ː w ə r
i l t ə n i l i m
b ə γ ə ː m
a r t ͡ ʃ ə r ə w u n
a ŋ i l t i n
a p a ť
i r g i r ə n
m i r n i j d u ː
t a p ď a n a
g o g o ď o m i
a ŋ a k ə l l u
u r i ː n ə l l ə w
ď ə b d o ː t i n
g a n a t m a ː t t ͡ ʃ ə f k i ː l
h a w a l i w k i ː
h ə h ə n ď ə ŋ o ː w
o r a w
o s a ː n
m o ː w a
h u w u l b ə t i n
u l i ː ď ə ŋ k i ː n
v i r t o l o t
g o γ o ď ə k o ː r ə n
p u r a s i n a w
ď i ʒ u r i ď ə p k i ː l
t ə ď ə ː n ə
i n ď ə ŋ n ə r ə w
n a k a n n o d u k
ŋ ə n ə ď ə ŋ n ə r ə w u n
t u m ɲ i s a
h i g ď ə m
t ə γ ə t ͡ ʃ ə l
a j a
i r u k t ə f k i ː
ʃ o ː t
ʃ o ː m n a ː s t ͡ ʃ ə ː w
o ː k i r
d ə g i l ď ə m
a l a ː ś i l t ͡ ʃ a l
ď u k t ͡ ʃ a l a ː n
n a k a n n a l a ː
a ŋ i l w a
m e t r i l
a ŋ i l b a r
o ď a r a
ď a p k u t a l w a ː γ i n t ͡ ʃ ə
t o γ o t t ͡ ʃ ə r i ː w ə
k i l o m e t r
i v a n o v i t ͡ ʃ
n u l g i k t ə ď ə ŋ k i ː w u n
ŋ ə n ə ď ə m i t
a d i ː
o l a l a w
h ə ː k i ː m n ə h i n ə n
m u r u m n ə k
a ŋ a ď a k a ː r
k o m o j ə
h ə g d i h ə s k a ː t t ə k i ː w
h o ː n a l i
b i o l ə k p a
t u k s a ː m i
i
o j j o j o j
ŋ ə n ə w r ə
k a n i k u l i l d u ː
n a w ə h i l w ə
t i r g a l ď a r a k i n
ə ŋ ə h i ː ś i
i n ə k t ə ŋ k i ː t i n
t a n ď ə ŋ n ə r ə w
h a ː m
s p e t s ʃ k o l a d u ː
g a ː t t ə
i t ͡ ʃ ə t t ͡ ʃ ə l i m
i s ť a m
t a r k a ː n
d ə g i n t i
t ə w ə k ə l l ə
h a ː w a n
n o ː d a m
ŋ ə ː r i ː ď ə r ə n
t ͡ ʃ a j t i r ə w u n
a t i r k a ː n n u n d u l a ː
ď ə p t i l ə t i n
i ŋ ə n i w a
e ː k t ə l i
b a k a m
ŋ ə n ə w r ə
m o ː l a ː f k a ː
d o ː ŋ i n
t ə t i w r ə
z ď ə l a n i
ď a w r a ː w
ŋ ə p k ə k ə ː d u ː
h u w u l i t i n
t o g o t ͡ ʃ i l a
l u d m i l a
t ə t i γ ə ː l o n
a n a n
l u t ͡ ʃ a d i t
o f k i ː
ď u ː l d u ː t i n
w i b o r i l
t i l i m
a ŋ a n i s i
i r g i t t ͡ ʃ ə ŋ k i ː t i n
t a n t ͡ ʃ a ď ə r ə n
d o ː r ə n
i ś ə r ə
k u p t u r a n
k o r o ː n d u k
f
b u ː s o
m u r u m ə w ə
h a ː l b ə t i n
p o r o h
h ə
d u k ə l ə ː
h u r i ː w o ː n ď ə n ə
p ə k t i r o ː w u n m ə
i s s a l
u r i ː h i n n a ː h i n a n
a ŋ i k a ː k u ː r ə
ŋ ə n ə p ď ə r ə n
a ŋ i r a w
ď a n m ə
a ŋ i ď ə r ə n
d e ɲ g i k a r w o w u n
g u l u w u n m a
b o k o n t ͡ ʃ u l d ə n
ď ə l ə k i ː l b ə
h a ŋ u k t ə ď ə t ͡ ʃ a ː w
g a n a ś i l t ͡ ʃ a
ď ə b ď ə d o ː t i n
a ŋ i l w a t i n
w a r a k m i
d o ː l d i ː s a
i j o n
a ŋ i r a w u n
n a m a ː ď i
h u b ď ə n ə
u l g u t ͡ ʃ o ː n ə
t ə γ ə p k ə ː ś ə l
p ə ʃ i r g a ď a n
ď u ː ś i
h u l a n n u n
g ə n n o ː f k i ː
m u k o ː t o l i ː n
i ŋ t u w u n ə n
l u k i ː l i n
a ŋ a l ď ə n
g u n i f k i ː l
b o l o
d i ŋ n i ː
k ə r
ə h i k ə k o n
o k n ə n
ɲ ə m u l ə m ɲ i h ə l
t ə γ ə k ə l d u
a γ i ː t k i
g i r k u ď a n a
u l i ː k ə l
t ə γ ə p k o ː n i m
k o ː l a r ď ə m i
m o ː t i ː m i ː ď i t ͡ ʃ o ː w
g i r k u t ͡ ʃ a ː n
i ś ə t k ə l d o
h e ː k t a l
a m i ː n m i ː
u s t ə n d u ː i
g u n i l t ͡ ʃ o l
e ː k u r a j i
h ə g d i γ i w
ď u r w ə
t u k s a ː n ə n
b i l u t ə r w ə
u l o ː k k i t m i
g i r k u ď a t ͡ ʃ a ː w u n
g u n i l i m
m o ː l a ː
ə t ə t
o ď ə ŋ n ə r ə w u n
o b l a s ť t u ː
o j o d u n
u r a ː m
t a r ə
ď a w a p t u n
ɲ i m ŋ a k a ː r
t ͡ ʃ e m o k o k o ː n
t a d u ː d a ː
u w i ː r i w r ə n
ď u ː d u ː
g a r p a n u s a ː n
ə r u k t a t ͡ ʃ a ː w
ə d i n
t u g e
b ə l ə p k o ː n i ŋ k i ː n
s a ŋ a ː r w ə
t u m ɲ i r ə n
a m a r i t p i
h a g d i t m ə r
i ś ə r ə n
t a w ə r
t u r u ŋ i ː w ə
i t ͡ ʃ ə r ə w u n
t ə l i n
b a b a j k ə l
n o k u l d u l o ː
o m o ː n ə w
ď ə m ŋ ə n ə n
d o ː l d i ː r ə w
b u s l ə l d ə k t i n
i t ͡ ʃ ə t n ə ː h i n ə m
a ː s i n m u r ə n
a m a r d u n
l o k o w k i ː
h a ː d o n t ͡ ʃ i n i l
i n t i d a ː j i
g a ŋ a p k i ː l
a ŋ ə r ə
ə d i n
ŋ ə n ə ď ə ď ə n
a h i ː n ə n
g u l u w u n
m o ː k a ː r b ə
i j o l w o t i n
d ə g i w u h i n ə
o s a ː s
h u n a t i l
ɲ u ŋ ə n
u r u ː n t ͡ ʃ ə ď ə n ə
ɲ i ď e l a
o l o w k o ː n i ŋ n ə n d ə
ə ː l a h a w a l
h o g d i ŋ o
ʃ a m a n
p r o d u k t i l w a w u n
t ə l i ː ŋ i l t i n
u s t ə n
ɲ i m a t i ŋ n a k a l d u
ʃ u r u ŋ n ə r ə v
ď o ː ɲ ť a ď a ŋ k i ː n
d u ː
h ə n u d a ː n
t ə t i w u l d a n
ŋ i n a k i n m u n
a n d r e j
ď a w
g i r k u ď a ŋ a ː w
v i r t ə l o t i
a w i p ď a f k i ː
h o g d o ŋ o w i
a h a t k a r
ŋ ə l i w ś i p t ͡ ʃ u
a n t i
s a f h o s t u ː
p ə k t i r o ː n i m
t a w g a ː t
g a l a
h u n d u ː
b a g d a k ə l
g o g o ď a m i
t ə t i l w ə
s o g d o n n o d u ː
b o r i ː m a ː t t ͡ ʃ ə n ə l
n o ː r ə w
t ə γ ə r ə n
b u ː ś o
ə ɲ i n i n
ď a p ď a n o ː ʃ i ŋ n ə r ə
ə t ə j ə ː t m i
ď ə ː j a w i
h a ː r g i d u ː
e p i ď e m i j a
p ə k t i r ə ː n ə l i m
ś i t ͡ ʃ a s
i n ď ə ŋ n ə r ə w u n
ď a p ď ə r ə
ə k o n d a d u k
a t i r k a ː r
b u ː s i l d ə
s i l h o z u p r a w l ə n i j ə l a ː
k o r o ː n d u l a ː n
t u k s a ː h i s a
t u l ə ś i l i ŋ ə r ə w
b u l t a r ə w
