o ŋ k i ː w u n
j e ː j e ː
s ə f h o s
ď ə p t i l ə t i n
u l i ː k ə l
ď u ː k a ː n m u n
ə s i ː p t ͡ ʃ u
i ː k ə l
a p a ť
ś i n ť a b r e
ď a w r a ː w
h u w u l i t i n
t ə r g ə k s ə l b ə r
i ː ŋ k i ː t i n
j u ː ŋ k i ː n
o g r a d a l a ː t i n
o l d o ś i ː d u ː
v i r t o l o t
b ə l ə ŋ k i ː t i n
g u l u w u n
b a j
ə l a w ə l
g u n i m
g u n i l i m
i s ə f k ə l
k o r o ː n d u k
l u k i ː l i n
ś i r u ː w u n
ď u r
p a t d i ś a t
h ə h ə n i ŋ k i ː n
g a ŋ a d a w ə r
ď ə b d o ː t i n
ś i t ͡ ʃ a s
s i ŋ i l g ə n
o ď ə ŋ k i ː w u n
e p i ď e m i j a
m ə l e ɲ k ə
ə d i n
o p a t
b u l t a ŋ k i ː t i n
ɲ u ŋ ə n
t r o f i m
b o k o n t ͡ ʃ u k ə l
d ə k t ə n d ə l i n
m i r n i j d u ː
u ŋ t u w u n d u ː
p ə k t i r o w u n ə n
l u t ͡ ʃ a d i t
ɲ i ď e l a
ʃ a r g a ś i n
ə ɲ i n i n
ɲ e k ə ŋ d ə d u ː
v e r t o l o t i l
a m a r d u n
g u l u w u n m i
m a r i s
a n d r e j
a ŋ i k a ː k u ː r ə
ə ŋ ə h i ː ś i
o l d o s i ː
h a ː w a n
p a d r a t
i ː d u k
t u n ŋ a ď a r d u ː
t a j g a d u
ə ɲ i ː n m ə w
ď a w a p t u n
e ː k u n m ə l
u s t ə n
ŋ ə p k ə k ə ː d u ː
ə ː l a h a w a l
ď ə m ŋ ə n ə n
ə w ə s k i ː
ə k s p ə ď i t s i j ə w ə
b a r g i s k i ː
k i l o m e t r
h u k t i m ə t
p l a n
t ͡ ʃ i s t ə
s a f h o s t u ː
ə d i n
b ə l i n
h o k t ə w ə r
i ː l a ː w ə l
a l i k s a n d r
ʃ ə s ď ə ś a t
ʃ t e ː n b e r k
g ə r b i ś i
o m o w r o w
k a j u r d u ː
ə l o ː l i ː
ə n i n i n
ə m ə g ə n i n
a j a k a n ď i
o l e k s a ː
o m o l g i ː k o n i n
j a k o w l e w n a
v a s i l j ə v i t ͡ ʃ
m a n a w u n d u ː n
d i ŋ n i ː
k ə ŋ g i l o ː n m ə
d a r i ː l i ː
s o l d a t i l
ʃ o ː t
ə ː k u ː n m a l
b o l ʃ ə
o t ͡ ʃ ə n
t ə l i ː ŋ i l t i n
z ď ə l a n i
r i ʒ i m
ʃ a m a ʃ i l
ď i ː γ i t
t ͡ ʃ e m o k o k o ː n
g u g d a
h u n d u ː
k ə ɲ t ͡ ʃ ə
h u j u k u ː n d u k p i ː
h a l g a l i ʃ u
h u w u l d u l o ː n
o j o d u n
s t a ː d ə l a ː t i n
ə t ə t
t u γ ə ɲ i ː
a n ŋ a n i ː d u k
h o g d i ŋ o
i n ď ə ŋ k i ː w u n
t ͡ ʃ a ŋ g a ː d a
j a k u t s k a
p ə k t i r o ː n i m
t a r g a ś i ː n
h u n a ː ď i n
g i r k u m a t
e ː k u k a ː n m ə r
o ː k i r w a l
k ə r
ɲ ə m u l ə m ɲ i h ə l
ə m ə g ə n d u ː
h ə g d i ŋ o
b a r ʒ a d u k
u ŋ k o n m ə n
b o l i n i ː
ə d a
b u l t a d u ː
m a l u ː d u ː
m u l i n
a ŋ a n i ś i
ə m u g d ə
g o r o j o ː
a d i ː
i n ə k t ə ŋ k i ː t i n
u ŋ t u w u n m i
a ŋ n a n i ː d u ː
t u r ə ː n i n
k i ŋ g i t ŋ i ː
n ə ː l k i ː
h ə
h u k ə t ͡ ʃ i l
d a r i s k i ː
v i r t ə l o t i
u ś o b a d u ː
e ť i
s o ː t
i r g i ʃ ə l w ə
a ŋ i t
o ː k i ː n
d a s n a w a n
g u l u l d u ː
a m a r d u ː n
a m a r d u t i n
ď u r d u ː
ď u ː d u ː
n a m a ː ď i
ŋ ə n ə ď ə m i t
m e t r i l
t a ː d u ː k
t ə l i n
o ː n m ə r
p o r o h
ď a n
i r ə k ś ə l d u ː
p ə k t i r ə ː n ə l i m
h a ː d u n
ś i n ŋ i ː
d o ː ŋ i n
m ə ː n i n
ď u k t ͡ ʃ a d u ː
m i ɲ a j i ŋ k i ː w u n
b e g a j a
d u ː
k i γ l ə ː l ď i
a r u ʒ i j a
h u l a n
ə t a w a
t a d u ː d a ː
t u ŋ a ɲ a m a
a r a m a ː
m ə t
ə ŋ ə ɲ i ː
p u t i n
g u l u w u n m a
n a ː d a n
o ː k i r
h o ː n a l i
g o r o k o ː n
j a k o v
o n t i k i n
ʃ t a
d a r j a k a ː n
k ə ŋ g i l o ː r i n
t u g e
ʃ k o l a
n ə k ə ď ə m
a ŋ a n i s i
w i b a r i l
k u l t i r
h u t ə t ə j
d a ː
h o ː ŋ ə r i k t a t i n
ś i p k a ː k o ː r
b u l t a ŋ k i w u n
w a r k ə
a h i ː ś i
m o ː t ə
w i b o r i l
w o w k a n u n
d o ː
b u ː m ɲ i ː
o r o d i
ď ə w ď ə r ə n
t u k s a ː n ə n
k o m o j ə
a m u t t u l a ː
t i l i ŋ n ə m g u
ď u k t ͡ ʃ a
e ː k u n g u
d ə g i n t i
i r g i t ͡ ʃ i l w ə
t ə r g ə k s ə l g i d a d u ː t i n
i b ď a r i
ə l
h a l g a n
h ə ŋ k ə t t ͡ ʃ i l d ə
ɲ e k ə ŋ d ə d u k
ď u ː ś i
i ː l a
n ə n
t u k a l a n d u ː
t ə t i γ ə ː l o n
t o l g o k i ː l
