i r g i t t ͡ ʃ ə ŋ k i ː t i n
h u r i ː w o ː n ď ə n ə
ď ə p t i l ə t i n
d u ː
i v a n o v i t ͡ ʃ
ď u ː t a r a w u n
ď u k t ͡ ʃ a d u ː
i ś ə t k ə l d o
u ʒ ə
m u r u m n ə k
i l t ə n i l i m
a l i k s a n d r
ď o ː ɲ ť a ď a ŋ k i ː n
i l o ː
m i n ď e
u ď a ś i n ə
t o g o t ͡ ʃ i l a
t a ŋ t ͡ ʃ a ː w
a ŋ a n i s i
ď u ː d u ː
ś i r u ː w u n
b a b a j k ə l
s ə f h o s
ď a p k u t a l w a ː γ i n t ͡ ʃ ə
i t ͡ ʃ ə t ͡ ʃ o ː w
u w i ː r i w r ə n
t ͡ ʃ e m o k o k o ː n
h u j u k u ː n d u k p i ː
k o ː l a r ď ə m i
u l i ː w r ə
t ə ď ə ː n ə
a m a ː k a ː l w i
i ː l a
i n ď ə ŋ n ə r ə w u n
b i r a j a n
m o ː t ə
ď ə ː j a w i
t o r o d o ː t i n
t ə r u ː t t a n
m o ː w a
t o ː w ə r
ə r t ə k i
d a w a r s a ď a n a
k u ŋ a k a r w i
r i ʒ i m
i ː ŋ k i ː t i n
d ə γ i n m ə k t ə l w ə
m a l e ɲ k o k a n
k i γ l ə ː l ď i
i r g i ʃ ə l w ə
u l l ə w ə
k a r t i ʃ k a h i n i ː ŋ k i ː t i n
g o g o ď o k o ː n ə m
ď a w d u l a ː w ə r
u r i ː h i n n a ː h i n a n
o l e k s a ː
t o ː
i n ď ə ś ə n
t ə t i γ ə ː l o n
ď o r o m i r ə n
d u n d i l o ː
ɲ e k ə ŋ d ə l a ː
a ŋ a ď a k a ː r
ɲ ə m u l ə m ɲ i h ə l
ʃ a m a n
h o r i k a ː k u r
a ŋ i r a w u n
s a ŋ a ː r w ə
t r o f i m ŋ i l
a i ː f k a n ə m
s t a ː d ə l a ː t i n
ŋ ə n ə ď ə t ͡ ʃ ə ː n
t ə γ ə k ə l d u
g o r o k o ː n
g i r a n i l l ə
d u k t ə l k o ː k u ː t t ͡ ʃ o
l ə ŋ k o l d u k
ď u k t ͡ ʃ a w ə
ď u r
i l l ə n
t ͡ ʃ a ŋ g a ː d a
e ː k u r w ə s
h ə ŋ k ə t t ͡ ʃ i l d ə
u ś o b a d u ː
o r o d i
i r g i f ʃ o ː n
u g u w r a
a ŋ i r a w
g a r p a n u s a ː n
n o ː d a r a n
g a n a ś i l t ͡ ʃ a
a ː ď a k a l
b a r ʒ i l
ə h i k o k o n
t a ː n i s i n ə n
o ď ə ŋ k i ː w u n
a ŋ i ď ə r ə n
h ə g d i ŋ ə k o ː k u r ď i
t u n ŋ a ď a r d u ː
d u n n ə m a
h ə h ə n ď ə ŋ a
g u l u w u n m i
i r g i r ə n
p o r u h w a
i j o l w o t i n
o t ͡ ʃ ə n
t u r u d u ː
ď a w j a w a r
i l a n ď i
ə d a
ʃ u r u ŋ n ə r ə v
i ś ə m i
t ə l i n
b a l ď i s a n
ə ŋ ə h i ː w
k o r o ː n d u k
m o ː l
ď a w a p t u n
ə k s p ə ď i t s i j ə w ə
t r o f i m
g ə r b i ś i
ď a w w ə r
g o g o ď o r o
h o ː n a l i
ď ə b d o ː w i
a ŋ i l t i n
m ə ː r w ə l
ə ɲ i ː n m ə w
l o k o k o n ə m
k o r o ː n d u l a ː n
o j o d u n
p a t d i ś a t
h ə k u ː h i ː t
a ŋ i r ə
i l m a k t a d u ː j i
a m a ː k a ː t i n
i ː d u k
t a r ə
a ŋ a ď a k a ː r w a
o m o l g i ː k o n i n
s o ː k a ː n ď i t ͡ ʃ a ː t i n
ʃ ə s ď ə ś a t
t i r g a l ď a r a k i n
ə w ə d i w a
a n ŋ i t
p ə k t i r o ː t ͡ ʃ o ː n
e ː k t ə l i
b u l t a ď i f k i ː
b o k o k o n ə m
a n t i
ə m ə g ə n d u ː
t ə r a ː m
g u l u w u n
d ə k t ə n d ə l i n
a m a r i t p i
k u ŋ a k a r ď i
ď e b ď ə r ə
ə m ə g ə n i n
a w i p ď a f k i ː
g i r k u ŋ n a ď ə r ə
t e r a p e f ť ə
i
h a ŋ u ː k t a w k i ː l
a n ŋ i t ť a l
t i l i ŋ n ə m g u
t u k s a ː m i
a ŋ u l d a
o ď ə ŋ n ə r ə w u n
n ə k ə ď ə m
t u k s a ː h i n ə m
b ə l i n
a ŋ i l b a r
t ə t t ə
p ə ʃ i r g a ď a n
ď u k t ͡ ʃ a
t a n ə n
g i r k i ː t ə ː k t ə
n o n o f
ď ə l ə k i ː l b ə
d ə g m i
d a r i s k i ː
d a r i ː l i ː
ď u ː w ə
m o ː l a ː
i ś ə d o ː h u n
a g i f k ə l d u
g i r k u ď a r i ː l
t o g o j i
a m u t t u l a ː
ə d i n
ŋ i n a k i n m a
i r g i t ͡ ʃ i l w ə
t ə γ ə p k o ː n i m
a m t i l n u n m i
n u l g i l m i
k a m n i ː k a ː s t ͡ ʃ a
g u ɲ i l i m
o m o ː n ə w
o r ď i n m ə
m ə l e ɲ k ə
t a d u ː
b o l i n i ː
g e ː t k i ː
ť e h ɲ i k u m m ə
w i b a r i l
m o n
ŋ ə n i n
ŋ ə l i w ś i p t ͡ ʃ u
ŋ ə ː r i ː ď ə r ə n
t i m a ː l t a ː n a
a t i r k a ː r d u ː
i b ď a r i t k i
a ŋ a k ə l l u
b u ː s o
o n t i k i n
n ə n
g a n a t m a ː t t ͡ ʃ ə f k i ː l
h a ː w a n
t u ŋ i w ə
a m a r d u n
a m i ː ŋ i ː w
v i r t ə l o t i
h ə g d i d u k
i n ď ə r ə p
h u k t i m ə t
t a l u w a
i ː l a ː w ə l
ə ŋ n ə k o ː r w i
ś u ː k ə l b a
z a ʃ i ʃ a t i l ď ə m
b a k a ď a ŋ a s
ə t ə t
s a g d i ŋ i l w u n
t o k t o r o
k u p t u r a n
o t ͡ ʃ a
a j a m a m a ː t
ŋ ə n ə ď ə m i t
k u ŋ a k a r w o
a g r ə n
b i l u t ə r w ə
ď u ː l d u ː t i n
i ś i l l ə w
h u k u l o ː ď ə r ə n
n a w ə h i l w ə
a h i ː n
ə ŋ ə ɲ i ː
h ə g d i h ə ď ə n ə
u m u k i r
h ə g d i ŋ o
