h ə g d i ŋ o
g o d r o ʒ d ə n i j ə l
ď u r
e ː k u n g u
l u k t a
u ŋ t u w u n d u ː
p o j ə z d a d u k
i s ə t t ə n
i ŋ i n
h o k t ə w ə r
h u k u l ə ː m
a b e t t u ː
j a k o w l e w n a
ď i ː γ i t
t a b ď ə ŋ n ə r ə w u n
o m o l g i ː n u n
b u ː m ɲ i ː
s a r ś i k a n m ə
ə l a w ə l
m u ː k o ː n ď i
g u l u l d u ː
t a r g a ś i ː n
b u ː ŋ n ə m
i
b u l t a d u ː
b e g a j a
ʃ t a
b u l t a ŋ k i ː t i n
h u k ə t ͡ ʃ i l
ə ː k u ː n m a l
j u ː ŋ k i ː n
ʒ e r ď i l w ə
d a r j a k a ː n
ʃ a r g a ś i n
a h i ː n
a p a ť
m i r n i j d u ː
ə t a w a
v e r t o l o t i l
ď ə b d o ː t i n
h ə h ə n ď ə ŋ o ː w
d ə k t ə n d ə l i n
u l i ː ď ə ŋ k i ː n
v i r t o l o t
ə ŋ ə h i ː
n a k a n n o d u k
ŋ ə n ə ď ə ŋ n ə r ə w u n
h i g ď ə m
ʃ o ː t
o ː k i r
d ə g i l ď ə m
ď u k t ͡ ʃ a l a ː n
a ŋ i l w a
m e t r i l
b i r a j a
k i l o m e t r
i v a n o v i t ͡ ʃ
m i ɲ a j i ŋ k i ː w u n
a d i ː
a ŋ a ď a k a ː r
k o m o j ə
t u k s a ː m i
i
n a w ə h i l w ə
ə ŋ ə h i ː ś i
k u k t i m
i s ť a m
t a r k a ː n
d ə g i n t i
h a ː w a n
n o ː d a m
ŋ ə ː r i ː ď ə r ə n
ď ə p t i l ə t i n
b a k a m
r o z a
z ď ə l a n i
ŋ ə p k ə k ə ː d u ː
d o ː
h u w u l i t i n
m a l e ɲ k o k a n
a m a ː k a ː t i n
u ď a ś i n ə
l u d m i l a
t ə γ ə t t ͡ ʃ ə n ə
t ə t i γ ə ː l o n
a n a n
l u t ͡ ʃ a d i t
ď u ː l d u ː t i n
v a s i l j ə v i t ͡ ʃ
w i b o r i l
t i l i m
a ŋ a n i s i
d o ː r ə n
k o r o ː n d u k
m ə t
f
m u r u m ə w ə
p o r o h
h ə
d u k ə l ə ː
k i ŋ g i t t u ː
h u k u l o ː ď ə r ə n
a ŋ i ď ə r ə n
t o l g o k i ː l
g e ː w u m
h a ŋ u k t ə ď ə t ͡ ʃ a ː w
g a n a ś i l t ͡ ʃ a
w a r a k m i
n a m a ː ď i
h u b ď ə n ə
u l g u t ͡ ʃ o ː n ə
u ś o b a d u ː
ď u ː ś i
m u k o ː t o l i ː n
i ŋ t u w u n ə n
l u k i ː l i n
g u n i f k i ː l
p l a n
b o l o
d i ŋ n i ː
k ə r
t ə γ ə k ə l d u
g i r k u ď a n a
u l i ː k ə l
t ͡ ʃ i p k a ː r w i
m ə l e ɲ k ə
h e ː k t a l
b i m ɲ i n
a h i ː ś i
t a l u w a
t u k s a ː n ə n
m o ː l a ː
ə t ə t
o ŋ k i ː w u n
u r a ː m
t a r ə
ď a w a p t u n
ɲ i m ŋ a k a ː r
t a d u ː d a ː
a ː m u t t u ː
u w i ː r i w r ə n
ď u ː d u ː
ə d i n
h u l a n
m o ː l d u ː t i n
t u g e
i ː m d ə t i n
s a ŋ a ː r w ə
t u m ɲ i r ə n
a m a r i t p i
ś i p k a ː k o ː r
a l i k s a n d r
t ə l i n
ɲ e k ə ŋ d ə d u ː
b a b a j k ə l
o m o ː n ə w
m a j a
ď ə m ŋ ə n ə n
d o ː l d i ː r ə w
h a ː d o n t ͡ ʃ i n i l
g a ŋ a p k i ː l
a ŋ ə r ə
ə d i n
a h i ː n ə n
g u l u w u n
ď a w d u l a ː w ə r
h u n a t i l
ɲ u ŋ ə n
u r u ː n t ͡ ʃ ə ď ə n ə
u ŋ k o n m ə n
ɲ i ď e l a
i ː k ə l
ə ː l a h a w a l
h o g d i ŋ o
ʃ a m a n
t u k s a n ə n
t ə l i ː ŋ i l t i n
u s t ə n
d u ː
ŋ o ː l i ś i f k i ː l
ŋ i n a k i n m u n
a n d r e j
ď a w
g i r k u ď a ŋ a ː w
g o r o k o ː n
v i r t ə l o t i
h o g d o ŋ o w i
ŋ ə l i w ś i p t ͡ ʃ u
a n t i
s a f h o s t u ː
p ə k t i r o ː n i m
g a l a
h u n d u ː
b a g d a k ə l
t ə t i l w ə
t ə γ ə r ə n
ə ɲ i n i n
h a ː r g i d u ː
e p i ď e m i j a
m a r i l d u l i ː
ś i t ͡ ʃ a s
i b ď a r i
i n ď ə ŋ n ə r ə w u n
ď a p ď ə r ə
ə k o n d a d u k
a t i r k a ː r
k o r o ː n d u l a ː n
ə j ə ː r ə
o ď a ŋ a ː w
b u l t a r ə w
m u r u ː k ə ː ď a f k i ː
i n ď ə ś ə n
ʃ k o l a l a j i ː
a m t i l n u n m i
k i ŋ g i t ŋ i ː
i ś ə m i
d u n d i l o ː
i s ť ə n ə
t a n d ə
k ə γ ə n ə l
k u ŋ a k a r w o
h ə g d i l d u l o ː t i n
ə r g ə ś i ː r
ď a w i l a
d i k t ə l a
a j a m a m a l ď i
d ə g i l t ͡ ʃ o
g o g o ď o k o ː n ə m
i n ď ə k ə l l u
n o ː t t ə n
t ə t i w d ə ː t i n
a ŋ u l d a
a ŋ ŋ a ś i n
t o γ o j o j
ŋ ə n ə d a ː n
ŋ ə n ə m
a ː h i s a l a n
d o ː w a r a
t u r u d u
t i l i ŋ n ə m g u
d ə r u ː k o n ə m
m o n d u k p i
t a n t ͡ ʃ ə ď ə m
a ŋ i r ə
l o k o k o n ə m
ə k u n a
o ŋ o k t o l i ː n
ś u ː k ə l b a
a g r ə n
h ə g d i ŋ ə k o ː k u r ď i
o t ͡ ʃ ə w
h a w a l i l d ə
m i t p ə
a m t a t t a n
h a k t i r d u ː
h o m o ː t i ː w a
a ː n ŋ ə t t ͡ ʃ ə ː w
ə n i ŋ ə h ə j i ː
m i n ď e
a ŋ a m ə s i ː r
g i r a n i l ď a m
i t ͡ ʃ ə t ͡ ʃ o ː w
a ŋ i l a w ə r
ď ə b d o ː w i
b a b a j i l w a
b u l t a r ə n
d ə g i w d o ː t i n
i ː d u k p ə r
t i j ə w u n ď i t p i
n o ː d a r a n
h a w a l i l d a n
s a r ś i k a n t i k i ː
d o ː l d i ː t t ͡ ʃ ə l i m
d i n ŋ i ː l ə ː h i n t ͡ ʃ i t ͡ ʃ o
h a ː s a ː m
b u k t u t t ə
b a h i l a j w ə
i s t a n
o l l a
a g i f k ə l d u
d u p k o n ə m
k a m n i ː k a ː s t ͡ ʃ a
ŋ ə l i ś i w k i ː
v a a p ʃ ə
t ə r g ə k s ə l b ə r
n u l g i l m i
d ə g m i
i l a n ď i
s o ː k a ː n ď i t ͡ ʃ a ː t i n
t a d u ː
a h i ː n u n
ʃ u n d u k
p ə k t i r o ː t ͡ ʃ o ː n
p u ʃ n o m e h o w o j d u ː
ď a w r a ː h i n ď ə ŋ a ː t
d a k k a n ə m i l ə
h i l b a t t ͡ ʃ a
k o r e ː l o ː w u n
t i r ə ː t ͡ ʃ o
g i r k u ŋ n a ď ə r ə
ď u g u ď ə f k i ː
d u n n ə l a ː
u t ͡ ʃ u ď ə ŋ n ə m
t ə γ ə p k o ː n d o ː w ə r
n ə k n i l d u ː w i
t a j g a d u
j a ŋ g u l d a
b u ː ď ə m
a ŋ ə k a ː k u r
g i r k u r a
a ŋ i ś o
a h i ː n
w a d a i
ʃ a m a ʃ i l w u
h a w a l i l i m
o d a n k i n
t r o f i m ŋ i l
k i l ə b ə ŋ ď ə n ə l
r a ɲ i k t ə l i
ə t i r k o ː l ə r ə n
w a r k ə
a m i ː ŋ i ː w
n a p t a r a r a
o m o w r o w
g u ɲ i l i m
a k k ə l
u ː t ͡ ʃ a k k i
h a r u ː k k a r
ď o r o m i r ə n
a ː t ͡ ʃ i r
a n ŋ i t ť a l
d a s t ͡ ʃ a n
a i ː f k a n ə m
u l g u t ͡ ʃ o ː n d i m
h ə r ə k ə l a ː
i n ə
m ə ː r w ə l
ə k s p ə ď i t s i j ə w ə
b u ː ď i ŋ o ː n
ď o n i n ŋ a ː m
h ə k ə r g ə ś o
g i r k u ď a r i ː l
ď u k t ͡ ʃ a k a ː n d u l a ː t i n
t ͡ ʃ o k o k s o ː n m o
l i b g ə ː r ə n
b a l ď i s a n
ə h i k o k o n
t ə γ ə γ o ː t
h o ː ŋ ə r i k t a t i n
h u k u ʃ i l i ŋ ə r ə
ŋ ə n ə ď ə ŋ o ː ː t i n
b ə l ə p k o ː n ď ə ŋ k i ː n
t u r g a l d i t ͡ ʃ o ː w
u l l ə
u r i k i ː t t u ː
h ə h ə n ď ə ŋ a
a ŋ a ď a k a ː r w a
t u k s a ː h i n ə m
ď u ː w ə
a n ŋ i t
a j a k a ː k u n
b u l t a ď ə ŋ o ː s
t ə γ ə ď i ŋ o ː t i n
ə ŋ n ə k o ː r w i
e ː k u r w ə s
i t ͡ ʃ ə t t ͡ ʃ ə ŋ n ə m
z a ʃ i ʃ a t i l ď ə m
i j o l ď i w ə r
ď ə b d o ː j ə
ť e h ɲ i k u m m ə
ŋ ə n i n
n ə k n i l b i
b a l ď i s a ː w
m i n d u l a ː
ď a w d u l a ː j i
i m u ː k s ə l w o n
i s ə t t ͡ ʃ o l
t ə t t ə
o m o ː n ə w u n
a k i r w i w
d o ː l d i ː l l ə w
g i r a n i l l ə
t ə g ə t t ə
ď ə w a ď ə t ͡ ʃ a ː w u n
ə ɲ i ː n m ə w
k a r a b i t a j
h ə g d i h ə r ə
ď ə p t i l ə l ə ː t i n
h a ː r i l b a
b a l d i ː ď a r a k i ː f
h ə t u k ə ː t ť ə w k i ː
t a ŋ t ͡ ʃ a ː w
b a k a ď a ŋ a ː w
m o ː l a ː ď ə ŋ k i ː f
p o l i g u s t u l a ː
k u ŋ a k a r ď i
b u l t a ď i f k i ː
k u ŋ a k a r w i
b ə l ə ď ə t ͡ ʃ a ː w
s a g d i ŋ i l w u n
d o ː l d i ː r a
d i n ŋ i ː l ə ː t ͡ ʃ o
t u n ŋ a w a
k o s o l w o
g u l u w u n t i k i ː n
t i p a l l a n
a ː f k i ː
b u ː p k i ː l
t ə r g ə k s ə l g i d a d u ː t i n
h a w a l i t t ͡ ʃ a r a n
g a r p a s o l
g a ŋ a d a w ə r
b o k o k o n ə m
a r k i t t ͡ ʃ i w r a
ŋ i n a k i n m a
g i r k u r a n
u ɲ o n ə
i t ͡ ʃ ə n o ː s t ͡ ʃ o ː w
ʃ k o l a w a
b a k a r a w
t ə γ ə ś o
p ə k t i r o ː n m i ː
h u w u l d u l o ː n
p a t ͡ ʃ ť i ʃ t a
a j a m a m a ː t
a ŋ i w k i ː
ď u ː t a r a w u n
a m a ː k a ː l w i
a n d ə
g i r k u ː ď a f k i ː l
i l l ə n
ə t i r k o ː l ə s o ː n
a ŋ i k a ː k u ː n
a ː ŋ a ď a m i ː ď ə r ə n
g i r k u ː n a l
h i l b a t t ͡ ʃ a ŋ a ː w
u m u k i r
i ː k n ə n i n
d ə w g ə t t ə
ď u ː k a ː n m u n
u ś i t t ͡ ʃ a ː w
h a ː r g i k a ː k u ː n
g i r k i ː t ə ː ď ə ś o
ŋ ə n ə ď ə k ə l
t a l u l w a
i ś ə d o ː h u n
p a l a t k a l d i
o ś a ː n
h a w a l i l t ͡ ʃ a
a ː ď a k a l
ə ŋ ə h i ː j ə s
a d i ː k u ː r
ŋ o ː l ə l t ͡ ʃ ə
i s ə w k o ː ś i l ď ə n d ə
u g u w r a
e ː k u r w a t i n
u l i ː w r ə
ə j ə ː h i n ď ə n ə
i k o n ə m
d u k t ə l k o ː k u ː t t ͡ ʃ o
a ŋ i n d u l a
n u r g i ď a r a
ə j ə ː t t ͡ ʃ ə n
k ə ŋ g i l o ː r i n
t o g o j i
d a w a r s a ď a n a
k i n o w o
ď a w w a r
g i r k u ď a f k i ː l
h ə r ə k ə t m ə r i j ə
a h i ŋ i
t ə t i l l ə n
i n ď ə r ə p
d o l b o l t o n o l o
ŋ o ː l ə t t ͡ ʃ ə m i
i ś i l l ə w
t i r g a l ď a r a k i n
t ə r ə γ ə w k i ː
h ə g d i m ə m ə w ə
ď u ː k a k a ː n ď i w ə r
t u k s a ː ď a r a n
t ə t i p t ͡ ʃ o
i b ď a r i t k i
a ŋ a n d u ː i
m i n ə f k i ː l
t ͡ ʃ a t i p k a ː n ə
g a n a t m a ː t t ͡ ʃ a
t ə r u ː t t a n
i t i γ a ː l t ͡ ʃ a w u n
a m a r d u t i n
t e r a p e f ť ə
ə h i k ə ː k ə ː n
k u ŋ a k a r t i n
b a k a n a m
m o ː t ə
j u k t ə l a ː
t u g ə r i k t a
i t ͡ ʃ ə t t ͡ ʃ ə r ə w
u j u s ə r ə
v a j n a ŋ i h i
o l d o k o r w ə
ə γ i f k o n ə
a j a l
z o o w ə t ť e h n i k u m m ə
u l l ə w ə
i r g i f ʃ o ː n
ə j ə ː h i n ď ə ŋ ə ː t
a j a t
b a k a ś i w k a ː n i f k i ː
ə w ə d i w a
z a k o p a ť ť a
k a r t i ʃ k a h i n i ː ŋ k i ː t i n
a ŋ i r ə
h a ŋ u ː k t a w k i ː l
n o n o f
ə k n i ː l w ə
a ŋ i s a
u ʃ i p ď a
a ŋ i l a ː n
u t ͡ ʃ a m i ŋ a r
l o k u s a ď a r a
d o ː l d i ː d a ː n
a j a t
g i r k u ď a ď a ŋ a ː s
i n i k i r
a ŋ i d u k
m i n ŋ i ː
a ŋ i l l a w
i h ə r i k t ə
a m a r d u ː n
t a ː n i s i n ə n
t a ŋ ď a ŋ n a m
u l g u t ͡ ʃ o ː n ď ə m l i
r e s p u b l i k a n s k a j d u ː
b u l t a l w a
h u t a k a ː n a
g a n a ś i l i m t ͡ ʃ o w
a ŋ i l i n
ɲ i ː w ə
i s ə ś o
i j e l l u k i n
a ŋ i ď ə t ͡ ʃ a ː n
k ə ŋ g i l o ː r t i n
t ə γ ə p k i ː
d a ː t k i ː w ə r
i l t ə n i l i m
b ə γ ə ː m
a r t ͡ ʃ ə r ə w u n
a ŋ i l t i n
z a p a t t i k i ː
i r g i r ə n
m i n ŋ i ː l
t a p ď a n a
n o ː k ə l l u
g o g o ď o m i
a ŋ a k ə l l u
u r i ː n ə l l ə w
g a n a t m a ː t t ͡ ʃ ə f k i ː l
h a w a l i w k i ː
o r a w
i s ə f k ə l
o s a ː n
m o ː w a
g o g o ď o r o
h u w u l b ə t i n
g o γ o ď ə k o ː r ə n
p u r a s i n a w
ď i ʒ u r i ď ə p k i ː l
t ə ď ə ː n ə
i n ď ə ŋ n ə r ə w
t u m ɲ i s a
t ə γ ə t ͡ ʃ ə l
a j a
i r u k t ə f k i ː
ʃ o ː m n a ː s t ͡ ʃ ə ː w
h ə ː k i ː m n a l ď ə r ə
k u ŋ a k a r i w
a l a ː ś i l t ͡ ʃ a l
n a k a n n a l a ː
a ŋ i l b a r
o ď a r a
ď a p k u t a l w a ː γ i n t ͡ ʃ ə
t o γ o t t ͡ ʃ ə r i ː w ə
t u l ə r ə w
n u l g i k t ə ď ə ŋ k i ː w u n
ŋ ə n ə ď ə m i t
o l a l a w
h ə ː k i ː m n ə h i n ə n
m u r u m n ə k
h ə g d i h ə s k a ː t t ə k i ː w
h o ː n a l i
b i o l ə k p a
t ə t i w ə l i w k i ː l
ŋ ə n ə ŋ n ə r ə w u n
o j j o j o j
ŋ ə n ə w r ə
k a n i k u l i l d u ː
t i r g a l ď a r a k i n
i n ə k t ə ŋ k i ː t i n
t a n ď ə ŋ n ə r ə w
h a ː m
b a k a ď a ŋ a s
s p e t s ʃ k o l a d u ː
g a ː t t ə
i t ͡ ʃ ə t t ͡ ʃ ə l i m
t ə w ə k ə l l ə
p u r g a l t ͡ ʃ a
ď a w j a w a r
t ͡ ʃ a j t i r ə w u n
a t i r k a ː n n u n d u l a ː
ď a l d u j i ː
i ŋ ə n i w a
e ː k t ə l i
ŋ ə n ə w r ə
m o ː l a ː f k a ː
d o ː ŋ i n
t ə t i w r ə
ď a w r a ː w
t o g o t ͡ ʃ i l a
u ś i t t a m
t a w i n d o ː n
h ə g d i m ə r
o f k i ː
k a r a b i n m a
p o r u h w a
i r g i t t ͡ ʃ ə ŋ k i ː t i n
t a n t ͡ ʃ a ď ə r ə n
i ś ə r ə
t i r g a l l a n
k u p t u r a n
b u ː s o
h a ː l b ə t i n
h u r i ː w o ː n ď ə n ə
p ə k t i r o ː w u n m ə
i s s a l
u r i ː h i n n a ː h i n a n
a ŋ i k a ː k u ː r ə
ŋ ə n ə p ď ə r ə n
a ŋ i r a w
ď a n m ə
d e ɲ g i k a r w o w u n
g u l u w u n m a
b o k o n t ͡ ʃ u l d ə n
ď ə l ə k i ː l b ə
d u n n ə m a
ď ə b ď ə d o ː t i n
a ŋ i l w a t i n
d o ː l d i ː s a
i j o n
a ŋ i r a w u n
h u j u k u ː n d u k p i ː
h ə ː k i ː m n a r a
t ə γ ə p k ə ː ś ə l
k u s u l ə
p ə ʃ i r g a ď a n
h u l a n n u n
g ə n n o ː f k i ː
a ŋ a l ď ə n
t o l g ə k i l d u ː w ə r
ə h i k ə k o n
o k n ə n
ɲ ə m u l ə m ɲ i h ə l
a γ i ː t k i
t ə γ ə p k o ː n i m
k o ː l a r ď ə m i
m o ː t i ː m i ː ď i t ͡ ʃ o ː w
g i r k u t ͡ ʃ a ː n
i ś ə t k ə l d o
a m i ː n m i ː
u s t ə n d u ː i
ď ə b ď ə r ə k i n
g u n i l t ͡ ʃ o l
e ː k u r a j i
h ə g d i γ i w
ď u r w ə
b i l u t ə r w ə
u l o ː k k i t m i
g i r k u ď a t ͡ ʃ a ː w u n
g u n i l i m
o t ͡ ʃ a
o ď ə ŋ n ə r ə w u n
o b l a s ť t u ː
t o ː w ə r
o j o d u n
t ə γ ə t t ͡ ʃ ə t ͡ ʃ a w ə r
t ͡ ʃ e m o k o k o ː n
g a r p a n u s a ː n
ə r u k t a t ͡ ʃ a ː w
b ə l ə p k o ː n i ŋ k i ː n
t u k u l ď a n
h a w a l i t ͡ ʃ a l a ː w u n
h a g d i t m ə r
i ś ə r ə n
t a w ə r
t u r u ŋ i ː w ə
i t ͡ ʃ ə r ə w u n
t o k t o r o
p ə k t i r ə n ə k i n
n o k u l d u l o ː
i t ͡ ʃ ə t ͡ ʃ o l
o j o l g o
a ŋ i t ͡ ʃ a h i n t ͡ ʃ a
b u s l ə l d ə k t i n
i t ͡ ʃ ə t n ə ː h i n ə m
a ː s i n m u r ə n
a m a r d u n
l o k o w k i ː
i ś ə f k o ː ś i l t ͡ ʃ o
i n t i d a ː j i
ŋ ə n ə ď ə ď ə n
m o ː k a ː r b ə
i j o l w o t i n
d ə g i w u h i n ə
o s a ː s
o l o w k o ː n i ŋ n ə n d ə
h ə r ə k ə w a
p r o d u k t i l w a w u n
e k o l o g i t ͡ ʃ e s k a j i l
ɲ i m a t i ŋ n a k a l d u
ʃ u r u ŋ n ə r ə v
ď o ː ɲ ť a ď a ŋ k i ː n
h ə n u d a ː n
ś i n ŋ i ː
i r ə m o ː h i ś o ː n
t ə t i w u l d a n
o m t i l
ŋ ə n ə ď ə t ͡ ʃ ə ː n
ď u ː l i ː w u n
a w i p ď a f k i ː
a h a t k a r
t a w g a ː t
o ď ə ŋ k i ː w u n
g o g o ď a m i
h o r i k a ː k u r
s o g d o n n o d u ː
b o r i ː m a ː t t ͡ ʃ ə n ə l
h ə g d i h ə r ə n
m o n
n o ː r ə w
b u l t a ŋ k i w u n
b u ː ś o
ď a p ď a n o ː ʃ i ŋ n ə r ə
ə t ə j ə ː t m i
ď ə ː j a w i
p ə k t i r ə ː n ə l i m
h ə ŋ k ə t t ͡ ʃ i l d ə
b u ː s i l d ə
s i l h o z u p r a w l ə n i j ə l a ː
t u k s a ː h i s a
t u l ə ś i l i ŋ ə r ə w
