h ə g d i m u k o n
ə t ə j ə ː t n o ː m i
g u n i ŋ k i ː t i n
n ə k ə p k i ː
o ː n
n u l g i ď ə s ə l
t u k s a ː n k ə l
ɲ i m n o ʃ k a t o
k ə γ ə r ə
b o d o l o w ə r
ə b ə k o ː n
a ŋ a n i d u ː
b u ː ŋ k i ː t i n
j u ː l l ə n
ə p t i h i n ə n
t u g a n i ː d u ː
a ː ď a k ə l l ə
a ː w k i ː
w n u k i l w i
h a g d i
u r i n ə r ə n
p r
d ə ŋ k ə ː k o r w ə
ŋ i n a k i n t i n
b o l n i s a l d u ː
g ə n n o ː h i ś o
ď ə w r ə
b r a t i n
p u r a k t a l t ͡ ʃ a
ʃ o ŋ n o ː k t ə l
m i k t ͡ ʃ a n ə n
h ə g d i l o ː t i n
d a ː ː
o m o l g i ː n ə n
ŋ ə ŋ ə r ə
a ː ď a r i ː w a
h u p t i w s a l
t ͡ ʃ t o p
g i r k u n ď a ŋ k i ː n
u ś i ś i l n u n m ə r
w a ď a ŋ k i ː n
i l a n m a
t ə γ ə t t ͡ ʃ ə r ə n
u l i ː r ə n
a r k i t m a t
t a l i ː
m o ː d u
ʃ u r u r ə
ŋ ə n ə ď ə k ə l d u
o t ͡ ʃ a ː n
g e ː w ə
ŋ ə n ə ď ə ŋ n ə w
n ə l g ə l w ə
h u n a ː t p i
ɲ ə ŋ ə ś o
h a k u l r ə
k ə ď ə n n ə
i ː
ď u g u ď i ŋ n ə r ə w u n
u l g u t ͡ ʃ o ː n i m
h ə k ə r g ə k o n ə m
ə ː l a h a
i n ď a f k i ː
t u n ŋ a ď a t ͡ ʃ i d u ː
t a r ə
ď a w i t
a j a m a m a t
i r ə k s ə w ə
ď ə r ʒ i s
i r u w a ː t ť ə d a ː t i n
s i ŋ i l g ə n ď i
ś i p k a ː k a ː r w ə
p o d w o d i ː r ə
ɲ i ŋ t ə l d u k
l u k k a l d u
u m u k i n
w ə t
m u k u r a s a
h a m a ː n i l d a n
t a l u t
m i r ə ś o
a r ə n
ŋ o l i t n ə l
u l l ə k o ː r w ə
t u r o ː
b i r a k a r d u ː
m u n d r u k a n
b ə j ə t k o n
ə r d i n
l u k t ͡ ʃ a
p r ə ʃ o l
o ː k i ː n
g a n a t
ə w ə d i t
a ː ŋ k i ː w u n
d ə r u m
h ə g d i ŋ ə m i
m u t ͡ ʃ u ď ə r a k t i n
u l d i ŋ k i ː n
m u ː d ə ː k o ː r
d o ŋ o t o ď o k t i n
ŋ ə n u ś i n ə w
e ː h s a d u k
a ŋ i d u l i ː n
d a g i ː t i n
a k n i l w i
a γ a
n o ŋ ɲ ə n u
e ː d a ː
i n m i
a l t i n ď ə ŋ a t i n
u ː k o ː ŋ m ə
t a w m a l t ͡ ʃ a r a
a ŋ a l d a ː i
t ͡ ʃ i p k a ː r w ə
d u n n ə m a l a ː
t u m ɲ i ś a ː w
d o ŋ o t o ď o m
b u l t a t ͡ ʃ a ː w u n
g ə l ə ː k t ə n o ː k t ə
m o ː l b a
a m a r g i l ď i j i
p o l w a
i r ə k s ə d u k p i
a ŋ i l t ͡ ʃ a
ɲ o ː w u
t i ś a t ͡ ʃ i
ə l b ə s k ə ː t t ͡ ʃ ə ŋ k i ː w u n
k u ŋ a k a r w ə
ə w ə ŋ k i ː l
g i r k u s a ː t i n
h i m u ː r g a k a l
s o ː m a m a t
b u s l ə ď i n ə
k o t ͡ ʃ o
o m ə
a ŋ i l d u ː
d ə r u ː m k i ː t ͡ ʃ ə ď ə n ə
a m a s k i ː j i
ʒ ə
o ː k i ː l i
b u l t a ď a m
t i p a r ə n
i h ə l d u l a ː
m i t t u k
h ə g d i h ə l i m
k e m
h ə g d ə
g o γ o ď o r o n
t a ŋ i m
o ŋ o k t o w o n
b a k a r a
m o ː r t i n
m i k t ͡ ʃ a n ď ə r ə k i n
h ə g d i k o ː r w a
b u ː t ͡ ʃ ə ː w u n
ə r d ə l o n
t u γ ə n i ː d u ː
t ə γ ə t t ͡ ʃ ə r i ː l
ď e b ď e r ə
a ŋ i l i m
i ŋ ď ə r ə w
u l g u t ͡ ʃ o ː n ď ə ŋ k i ː n
d a p d a r ə
u r k ə l ə ː
b i w u k
i l ə d i t
a r a k u ː k a ː n
ď a w r a ː ď a r a k t i n
e ː t p i
u ʃ i p ť ə r ə
t ə
ɲ i ː r ə
b ə j u r
n ə k n i l n u n m i
a k k ə l d u
ŋ ə n ə ď ə t ͡ ʃ a ː w u n
h u k u l ə ː m ɲ i h ə l
o s a l a i
b a l ď i r a n
ə j d ə r ə
a h i ː j a w
o m t ͡ ʃ a
b i r a j a w a
n u ŋ a r d u k t i n
h e ː n m a n
o j o ː n m o ː ś i f k i ː
ə d u ː k
ŋ ə k ə n d ə l a ː
ə n u ː ď ə r ə n
u l g o t ͡ ʃ o ː w a ː t t ͡ ʃ ə ŋ k i ː f
t a k u m
i ː d ə h ə n i ŋ k i ː n
a m t a r a
m i n d u l o ː
h o r o g o d u ː
a ŋ i l w ə
a m a r d u ː n
a s a t k a r
d o ː l d i ː t t ə n
ə j i ː r ə
h a r u ː n i l i w k i ː
t i m a t n ə l a ː
o ɲ o ː r ə
t i g ə w ə
h ə t i l ď i
b a k a l d a k t i n
ə j o k i ː k o ː k u ː n
g i r k u w k i ː
a ː ď ə r ə
u γ o t
u ː ď a n
a w a d i
b u ʃ t ͡ ʃ i l i t ͡ ʃ o ː w
l u r g i r ə
i r a
h a w a l i ŋ k i ː t i n
ə t ə j ə t t ͡ ʃ ə k ə l
u t ə l ə
a ː m u l l ə
h a w a l i l ď ə ŋ a ː s
l o k o s o
ə k s ə k t ə d o ː n
t o γ o w
t ə ď o ː
i s ə r ə
a h i ː n u n m i
t a l u d u ː
a i ː w u k i r
i r g i t t a ː j i
a m a r i t p i
g u j a m a t t ͡ ʃ i l i ŋ n ə r ə
u ś i t ť a n
u l d i ŋ n ə m
ď u g a r a k i n
d o ŋ o t o m i
ɲ i ŋ t ə ŋ i l w a t i n
t ə t i ː l w i
o s o ː n
i n ď ə m
ď ə p t i l ə w u n
h u t ə ś i
i ŋ i n d u ː
h ə h ə n t ͡ ʃ a ː n
h o k t ə t
ŋ ə n ə t t ͡ ʃ i ŋ n ə r ə w u n
ɲ e ː l i f s i p k i ː
g i r k u ď a r i ː l d u k
t ə γ ə k ə l
m o ː l ď i
g a r a l a
ʃ k o l a t i n
ə p t i l ə ŋ ə t i l ə w ə r
h ə r i ː w u w r ə
t u k ʃ a ː m i
b u r a n i n
k ə r g ə n t i n
h ə h ə n ə n
i n n o k e n t i j
t a j m e n d u k
u r i n ə r ə w u n
g e ː w a n
ď u l ə γ u n
u ɲ i e ː ď a m
b ə l ə ď a m
ʃ u r u k t ə
ə ť i
a j a m a m a l ə
t o g o t t ͡ ʃ o r i w a
u t ͡ ʃ i l ś a
u ś i t t ͡ ʃ a ː n
s ə r k ə w d u ː
h ə g d i m o m o w ə t i n
h e ː w u n
i t ͡ ʃ ə t t ə
l ə p r o m h o z u
ŋ ə n ə w o ː t
t a l u l d u k t i n
n ə k u m
t u k s a ː s a ː t i n
t u k s a ː h i n ə w
g o l o w o
ď ə n ŋ i ď i t i n
o j o d u ː n
ď u γ a n i ː w a
ɲ i m o k t u l a ː j i
m u ś a n ď i ŋ a ː w
h r i s t o f o r
ď u γ u ː ď ə f k i ː l
o ɲ o t o ː l i s
m o ː t i ː m i ː ď a ŋ k i ː n
h u l u k u k o r
p a w ə l
a m a ː
ɲ e g i
h u l i ŋ
ď u ː l a ː
i ś ə w x o ː n d o ː j i ː
o g d i ŋ o
j ə s l i
p e n ś i j ə l a ː
a r k i r a n
n ə k u n i w
m u r u ː k ə ː s i n i m
b ə j ə t k o ː n m ə
k u ŋ a k a r d u ː
ď a w r a ː h i n ə n
ś i p k a ː k a ː r
n a d o j ə l d ə n
r i b ə z a v o t t u ː
i t ͡ ʃ ə w u l l ə
u r a ś ə
o ŋ k i ː t i n
t ə t t ͡ ʃ ə f k i ː
u l i ː l ď ə r ə
t ə γ ə t t ͡ ʃ ə t ͡ ʃ o ː n
a ŋ i
ď u γ a ɲ i ː
ə m ŋ ə ŋ i l t i
b ə j ə t k o ː n n u n
t i p a ď ə ŋ a ː t
k o s o l w ə
b u r a n ď i
b u l d i r ə ː k i n
p e r e i m i n o w a t t ə
l o k o r o n
a m a ː k a ː w u n
i l a l d a w a
j ə n t ͡ ʃ ə m b u l i ː
u l u m i d u ː
h u k u l ə ː s i n ə m
h u k u l ə ː ď i r ə n
g i r k u b ď a ŋ k i ː n
b ə j ď ə n ə l
g i r k u n ə l
t u γ ə ɲ i ː d u ː
ď u ː n
t ə g ə s i ŋ k i ː w u n
ď u k t o n u n
s a j i ŋ ď a f k i ː
ď ə w ď ə r ə
m o n ŋ i
a m a r d u
ʃ k o l a d u ː
h a k t i r a l l ə n
a ŋ i t ͡ ʃ a ː n
g i r k u ď a ŋ n ə m
t i m a l t a n ə
ŋ o ː n i m
ə ŋ ə h i ː ś i t m ə r
p ə k t i r ə ː n ə n
g o t o w i f k i ː l
g o g o l l o n
p ə k t i r ə ː n d o ː w i
g i r k u d a ː n
a l a ː ś i l i w k i ː
j e s o t o
d o ŋ o t o l t ͡ ʃ o l
h i l k i ː ď ə ŋ n ə m
a h i ː w a
t u k s a ː ď a n a
ŋ ə n ə ŋ n ə r ə w
p r o f e s o r
s t a ː d ə d u ː
k ə ď u ː ś i
n o ː d a k ə l d u
v ə r t a l o t
a j a k a ː n ď i
d ə ː
ə w ə n k i l
h u n a ː t p a n
d ə g ď ə r ə n
ď ə w d ə ː s
a n ŋ i ď i t i n
h a w a l i m
i s ə r ə n
ŋ ə n ə w u ŋ k i w u n
a b g a r a ː l d a n
l e s o s i b i r s k ə d u ː
t ͡ ʃ a t t i ː r ə
w o s p i t a ť e l i w
a t i r k a ː n m ə
b ə j ə t k ə r n u n
n o ː d o ː j i
ŋ ə n ə d i r ə
a ː ď ə f k i ː
e ː k u r w a
s t ə p a n i t ͡ ʃ
h a ː r ə w
i n ď ə ś ə l
o ŋ o ŋ g i d a d u n
ə m k ə j ə
h u j u p t ͡ ʃ o
g u g a r ə t t ͡ ʃ ə r ə
d ə g i l i f k i ː l
t u γ a ɲ i ː d u ː
h o r o k i ː l a
u ŋ t u w u n
ď a w d u ː t i n
ə l ə d ə
t o γ o r ə
ŋ ə l i t n ə
h o g d o ŋ ə w
t u ŋ g u s k a j
a m a r g u ː t
ŋ o ː l ə w k o ː t t ə
u m u k o n d u ː
t ə g ə m i n u n
i ː r ə k i s
i j u ɲ a
ɲ o ɲ o
d i n ŋ i ː l ə ː h i ś o
u l g u t ͡ ʃ o ː n ď ə r ə n
d ə r u ː m
s u n d u ː
o ď a n
k ə r g ə n i n
w o j n a ŋ ə h i ː
ə r u m d a t ͡ ʃ a
ŋ ə n ə ď ə r ə w
m o ː t i ː w o
t ə t i g a ś a n
i t ͡ ʃ ə w u l l ə n
ə m k ə j ə w
g o g o l i ŋ n ə n d ə
t ə s k a ť i ŋ n ə r ə w u n
ď u ː d u k p a l
p a l a t k a d u k
ə b ə k o ː n u n m i
t a w a r
b a ŋ t i k a d u ː
n o r m a
i r g i s o
h o r o k i ː
e ː l ď a ŋ a ː n
d o ː f k i ː
n o ː f k i ː l
t o k t o r ə
h o l b a l
ď a p k u n d u l a ː
d a γ i ː n
w i w i t k i ː
e ː k u r w a l
a w u ŋ k i ː w
a r m i i
i t ͡ ʃ ə t t ͡ ʃ ə f k i ː
m u r d a ː r ə w
t ə γ ə t t ͡ ʃ ə t ͡ ʃ o ː t i n
g i r k u ď a r a
f o d o r
t o g o w u n
t ə r g ə k s ə k ə ː r w ə r
p o d w o ď i r ə
m o ː l ə
k o ŋ n o m o
a ː h i s a
h u k u l ə ː ď ə s a ː n
k ə r ə m i ː ď a m i
o ŋ n o r ə
m u m ŋ ə t
t r o f i m i
u l l ə ŋ i l w ə r
h ə r ə k i t ͡ ʃ o ː w
s p i t ͡ ʃ k a l w a
ə k ə ŋ k i ː f
ə w ə d i
h ə k ə r g ə k ə n ə m i l
t u g ə f k i ː
a j a w u l t ͡ ʃ a
t i ː n t ͡ ʃ o
t i t t ə
g i r k u t t ͡ ʃ a w k i ː
ď a w j a w
t a ː l a ː
d o ŋ o t o n o l
k i l o m ə t r ə
t a ː n i ŋ k i ː n
j u ː f k i ː
m e t r ə
u h o ď a ŋ k i ː t i n
g e ː
b e γ a k a ː k u n
ŋ ə n ə ː t ͡ ʃ ə ː l ə n
v i p a l ɲ a t t ͡ ʃ i ŋ n ə r ə w u n
t ə r g ə k s ə l b ə h u n
ď a w r a ː ď a ś a l
i r i r ə
t a j g a t k i ː
ɲ a ŋ u r a
ŋ ə l i f ś i p t ͡ ʃ u
b u l t a ď ə ŋ k i ː n
k u t u j ə
g a w r i l
ə ŋ ə h i ː n g u
h ə r ə k ə l
t a l a ː
a m b a r d u ː
i n ď i t ͡ ʃ o ː w u n
o b e d a n a f k i ː l
u t ͡ ʃ i ś i l d ə
a h i ː ŋ i ː
ə w i ː w u r ə t i n
t ə γ ə t ͡ ʃ i l d ə
b u r a n d u ː
d o ː l t ͡ ʃ a ː t t ͡ ʃ a r a n
i n t ͡ ʃ o l
b a j i l
d a w i d o f
ɲ a ŋ t a t i ː ď a r a
ď ə w d o ː n
ŋ i n a k i n m ə
n ə k u n ə w
ď ə n g i l b i
d u n n ə l d u k
i r t i k i ː
i ŋ i ɲ e ː
h u j u w ď ə ŋ o ː n
ď a w r a ː h i n ə w
a m t a t ͡ ʃ a ː n
u s p e t t ə
p a l a t k a l a ː
h ə g d i h ə s k a t t ə k i ː w
i l k ə ː ɲ ď ə k i ś i l t i n
u g r a n
b o l o ď o n ď a k o ː t i n
p ə k t i r o ː n ď a m
ə s i ː
l i ʒ i
i ŋ i ɲ i p t ͡ ʃ u
e ː w a
k a j ď ə n ə l
m o ː m
u ŋ t u w u n i n
b ə
b i k i t t u k t i n
u l l i ː ď ə ŋ k i ː n
m u j ə d u ː n
h o ː k o n
p r o d a w e t s t u ː
o m o l g i ː l
i r i ď ə ŋ o ː n
t ə γ ə t t ͡ ʃ ə n ə
d u k u w u r b a
k a l i
ə j o k i ː k o ː k u n
a n ŋ a ɲ i ː w ə
i n
a b d u n d u l a ː
a h i ŋ i t i n
h a ː r g i l d u l a ː
h ə h ə n t ͡ ʃ a
t i ŋ ə p t u n ə w
t ə p ə r
ŋ ə n ə k t ə ď a m
t u r o ː w k o ː ď ə n ə
a b d u n d u k k i
h o k u ː l g i ː ď a n
i s s t o
b a k a ď a r a
h u l u k o r d u ː
n o ː ď a m
a n ŋ a ɲ i ː l i ː
g i r k u ď a n d ə
a m a ː k a ː j i
t u g ə ď ə ď ə ŋ o ː
t ə γ ə t ͡ ʃ o n
u t ͡ ʃ i t ť a ŋ k i ː f
ś i m j a k a ː n i n
b u ː ŋ k i ː n
b ə l ə ď ə ŋ k i ː f
t ͡ ʃ u r g i ː l d a
p ə h i ś i w ś o
b a l ď i r a k i f
h ə g d i k o ː k u ː n m ə
a ś i r
d ə g r ə
ď u k t ͡ ʃ a l w ə
i r i ŋ n ə ď ə ŋ o ː w
e ː ď ə m l i
g i r k u k t a ŋ k i ː w
t ə r
ə t ə j ə ː p k ə l d u
m i n d u ː j u
n a m a p t ͡ ʃ u l w ə
g e ː d u ː
t u r ə ː t t ͡ ʃ ə n ə
w e ś
b ə j ə t k o ː n d u ː
t a n t ͡ ʃ ə l ď ə m
k r a ś i w a j d u ː
ə m ə g ə n
t o γ o l t i n
o ď a ŋ a ː s
ɲ i ː s o
ŋ o ː l ə l i m
w a t ť i ŋ a ː w
u m a ː n m a n
m u k u r a ː r a n
e ː w u n a
m u k u r a s a ː n
a i ː w r a
o ː k i ː r a ː
ə j ə ː n ə n d u ː j i
g ď e t a
n u l g i ś a ː t i n
l a p t a d u ː
d a γ a m a ː w a t
t ə r
l o k o m i ː l i
w i r t o l o t i t
ď o r o m o n o
r e s k ə
h ə g d i
i s ə t t ͡ ʃ o
b ə l ə ď ə ŋ k i ː t i n
h i g r ə w
o l g o s o w ə
m e ː w u ś i f k i ː l
m i k t ͡ ʃ a n ď ə n ə
b u k t a r a n i m
a ʃ i k t a d u ː
g ə r b i s i
u g i ː g i t
l e k a r s t w a ŋ i l t i n
ŋ ə n ə p k i ː l
a n ŋ a n i ː l w i
ə k u n d u ː
ď a n t a k i l
g ə n n o ː k ə l
p a k a
r i b a t ͡ ʃ i t t ͡ ʃ ə ŋ k i ː t i n
ə p t i w ś o g a ś i n
h ə g d i h ə l t ͡ ʃ o
a ŋ i k a ː k u ː n a
m o n ŋ i ː n
i t ͡ ʃ ə r ə n
t a l u t k i ː
b u ː d ə ː t i n
ə k i ː m
h i l b a ś i l ď a ŋ a ː w
a ŋ i j a
t ə t t ͡ ʃ ə l ə n
o m o t ͡ ʃ o
t u γ a ɲ i ː
t ə γ ə t t ͡ ʃ ə s o ː n
i ď ə n ə
ď u γ a ɲ i ː d u ː
m i n n i
s t a ː d ə t i n
w a s a ː t i n
b a l ď i m
b a r g i ː k l a ː n
u m u ː k i n
ŋ ə n ə ď ə p k i ː
i ː ŋ a n i ː l
t u k s a n ť i s a
d i s k i w u n
h u j u k u ː n d u ː
u ː t ͡ ʃ a k t u ː
f a k t o r i j a d u k
b a l ď i w u ŋ n ə r ə w
p r e z i ď ə n t
h ə l ə k ə t m ə h ə l
j ə g o r
t u r a l a ː
a j a j a
t ə γ ə t t ͡ ʃ ə r ə k i n
a ŋ i l a
j i s ť
o n m ə l
m o ː t i ː t k o ː n m ə
ŋ ə n ə ď ə s o
a ŋ i m
n a ď o ʒ n i k a r ə
a r m i j a m
p ə k t i r ə ː w u n m ə
ə k u n m ə
m u t ͡ ʃ u ː s k a ː t
ə s i l ə
d ə g r ə
h ə ŋ k ə t t ə n
ď a g d a j a
ə r u ː ː p t ͡ ʃ u
k u k t i w k ə ː n ə
i n ď ə s a ː t i n
g i l
t ə p u t t ə
u ː t ͡ ʃ a n a l
ś i s t r a w
ə ː d u ː
n u ŋ a r d u ː t i n
d ə k t ə n d ə l b i
h u w u l d u k t i n
ə b ə k ə f
b a k a d a w i
v a ś m o m
t ə w l ə ː s t o ː j i
m u r d a ː h i n ə w
a l a g u ď a ŋ a ː w
t u γ ə n i ː w ə
u r k ə
d ə g i w ď ə r i ː w o n
t a d u ː w ə r
n ə ː k u
ď u k t ͡ ʃ a l i ː
h ə ŋ k ə t t o j i
i r ə m o ː ď i t ͡ ʃ ə ː w
o ŋ n ə r ə
i s ə t t ͡ ʃ ə r ə n
a i ː w u k i r g a ś i ː r
s a ː r ə
d a m a t ə
o g d i k o n
m o l i ː d a ŋ k i ː n
d a ː g d a ː w
p r a m h o z
i t i γ a ː t ͡ ʃ a w u n
k a p k a n d u ː n
d a g i ː n
b ə j ə t k o ː n
d i g i t
t u k t ͡ ʃ ə n
t u l ə ː ś i k t ə
o d a ː n
ď u ː l a ː t i n
t a r d i n m ə
t a r j a k l a ː
m o ː t i ː l w a
ď a p d a w u n
h a l g a l ə ʃ u
ŋ ə n ə t ͡ ʃ ə
a ŋ i d a n
u l u r ə n
b u ː γ o ː t
a ŋ i t p i
a m i ː m
i r u ː k t ə ď ə t ͡ ʃ ə n
m i n n u n
ɲ i m o k t u ː w ə r
m e ː w u t t ͡ ʃ a n a l
ə t ə j ə t t ͡ ʃ ə
t ͡ ʃ i r i s
a h i ː d u k p i
ə k u n m a
l i z a k a ː n m ə
i h i m
b ə ː γ a d u ː
a ŋ i ď a m
g i r k u f k i ː
a ŋ i ď a m i
t ə g ə ś i l d ə n
e ː ď a r a k i f
h ə g d i l
o n
ʃ u r u m
w i ť a n u n
ə j ə ː t ͡ ʃ ə ː n
i t ͡ ʃ ə t n a ː ď ə r ə w
z d a j t ͡ ʃ a ː w u n
i v a n
t ə t i m
k ə
d ə r u s o
i r ə k s ə d u k
ď a p d u ː
m ə n ŋ i ː w i
t u k
i n ə n
v i r t ə l o t j ə
b ə j ə t i l
d ə r ə t ə ː ď ə r ə n
h i γ r ə
a h i
a ŋ i ď ə r i l w ə
a l e k s a n d r
m ə l t ͡ ʃ o ː t ͡ ʃ ə
t o z ə f k a w i
a ŋ i l b a
d o x t u r i l
k ə
i r ə k ś ə w ə
ʃ o ː m a m a t
o l d o k o ː r w o
a ŋ i ď a s a ː n
h i g r ə w
i d ə h ə ŋ k ə l d u
p a s o l o k t u ː
w a t t ə n
o ː m a k t a w a
n a k a n n o d u ː
i t ͡ ʃ ə r ə n
u ː t ͡ ʃ a k i l w ə
ď a ː l d u l a ː w ə r
i s ə w k i ː
m u n d u k a r
e ː k u n m a l
a ŋ i d u ː j i
h a ː r ə n
d o ː l d i ː m i
k u m t ə w ď ə n
ď u ː l
i t i k i r w i ː
g u l e l d u ː
ď u ː j i
w u s e
j u ː k o ŋ i d u k p i
o m o w r ə w
t o γ o t
u l g u t ͡ ʃ ə ː n ď ə m
o g d o k o ː l o w o r
t ͡ ʃ o k o k s o ː n ə
ŋ ə n ə t ͡ ʃ ə l ə n
k a p k a n d u ː
m o n ŋ i ː w i
i z
a t i r k a ː n
k i l ə m e t r a
h a ː r i ː j
ə j ə ː s k ə l
o r o n i n
ď a ː l w i
t o γ o w u n
n ə k n i l d u w i
b u l t a
ď u k t ͡ ʃ a l a ː w ə r
i l m ə k t a
a ː n ŋ ə t t ͡ ʃ i l l ə w
ŋ o ː l i ś i w k i ː
j u ː d a ː w ə r
ə ŋ n ə k ə ː r
ŋ o ː l ə p k o ː n ə n
i l i ː
a l a ś i l d a
i r i d o ː s
m o ː r s a l d i ď ə r ə n
m a g a z i r d u ː
o t t ͡ ʃ a ŋ k i ː n
a ː h i n ď i w a t i n
i ś ə s o
ď u w u ď ə k t ə
a ŋ i d a ː t i n
h a ŋ u ː k t a ď a m i ː
h ə l i n ś ə l i m
h a ː n d ə
a ŋ i l i ː
a ď i l i l ə
t a t i k a ː n
i h ə l d u ː
t ə t i w ď ə ŋ k i n
u l i ː k o ː n ə m i l
ə l o ː
n a ː r t ə d u ː
p i t ə m ə k
t u n d r ə l a ː
i n ď ə s o ː w u n
t ͡ ʃ a ː γ i t
a ŋ i l w i
a ť e t s
t ͡ ʃ o p u t ͡ ʃ i
o l ď a t ͡ ʃ a ː n
u l i ː ď ə n ə
m a ŋ a l a t i n
k a n
o r a
k i l ə b ə ŋ i l ə t i n
s u n n u n
ŋ ə n i n
a l i k j ə
t ə g ə t t ͡ ʃ i ŋ k i ː w u n
n o ː d a s a
u r k ə w o n
w a d a ː w ə r
b o l g i ś a ď a r a n
h ə g d i g i t i n
w a r ə k i n
d u k t ə n ə
a h i ː s
h u t ə k o n m a
g i r k i ː t ə ː ď ə ŋ ə ː w
ə b ə j k ə ː k u ː n
m o ː l k ə n m ə
m ə n m a k t ə l
o d o ː w ə r
ŋ ə n ə ď ə p k i ː l
o m o l g i ː n
ś i p k a m i n a ː ď ə
s e w e r t i k i ː
h ə r ə k i ŋ k i ː w
h a ː s a
u m u k i r
ď u k t ͡ ʃ a m i k a ː n d u ː w ə r
n u l g i t ͡ ʃ o ː t i n
h e ː ŋ a s a ː n
t ə g ə ś i l d ə
n o ŋ n u r ə n
a n a n
u m u k o ː n m ə n
ʃ k o l a l d u k
ŋ ə n ə ď ə n n ə
m o ː l k ə t ͡ ʃ ə w u m
ə m k ə n
j ə h e
a ŋ ə n a h i n ə ŋ n ə r ə w u n
b u ː k ə l
n ə k ə ď ə r ə
d u k t ə r ə
a j a m a m a t
i t ͡ ʃ ə t t ə n
i ś ə f k ə ː n ə
ŋ o ː l i ś i ŋ n ə m
g i r k u n a
s t a l i n a w ə r
i s m i ɲ i
ə k s p e d i t s i j i l
h a g d i k a r
b a d a r a n n ə t i n
ɲ a m i ś a n ə
i n d u ː i
u ś i t t a
i t ͡ ʃ ə t t ͡ ʃ ə t ͡ ʃ ə ː w u n
i w a n o w i t ͡ ʃ
k e ː
p a d a ː r ə k j ə w i
h o m o ː t i ː ŋ i t i n
t u k s a ː ď ə r ə n
i t ͡ ʃ ə t t ͡ ʃ i l l ə
w e ː s p a n
ɲ a m a p t ͡ ʃ u j ə
t o γ o ŋ n ə r ə v
b a l ď i m i l
g i r k u k i t t u ː n
ď u w u r ə w
j i ʃ o
g o ː k t ͡ ʃ a n ə h i n ə
a m i ː n m i
h u k u l o ː ś o
k a p k a n m ə
ŋ ə l i f ś i
a m a k a g i ś i n m i
p ə ď ə ś a t
t u r u m n ə ː ŋ k i ː w u n
ŋ ə n ə r ə k i w
t o l g o k i ː l i n
h i l b a ś i l ď a ŋ a ː f
d u k t ə l t ͡ ʃ o
h a m a
ŋ ə ː r i ː l d ə k i n
t o l i ː
m o ː γ a d u ː
d ə g i l d ə
k u ŋ a k a r d u ː w u n
h a ː l ď a k a n ə m i l
k a z a k
p o t a p t u k
d o ː l d i ː t t ͡ ʃ ə r ə
g a k s a ː ŋ i l t i n
ŋ o ː l ə l t ͡ ʃ o
ď ə w ď ə ŋ n ə s
g u r u h i ː ď ə ŋ k i ː t i n
b a g d a k ə l w ə
m u d a k a n i n
i j o l i n
p ə k t i r ə ː w u n m i
h o ː ŋ ə t i n
a ŋ i k a ː k u r
i l ə n
h u w u l i n
a ŋ i ŋ k i ː n
u t ͡ ʃ i t n a ː h i t ͡ ʃ o ː w
ə r d ə l o n
o ď a r a k i n
g ə n n o h i n ə w
g i r a n i l i m
k ə ʃ ə ː
ŋ ə n ə m i
b o r i ː m a ː ś i w k i ː l
i ː l t ͡ ʃ ə
p ə k t i r o ː n ď ə m l i
t u r o ː t t ə
h i m a ː n
ɲ i ď e l u
k a k
a m i ː w ə
i t ͡ ʃ ə t t ͡ ʃ ə n ə l
h i r a ː n i p k i ː l
d ə r i n ə ď ə r ə
ś u ː k ə l w a
g o γ o l d ə
ś i j ə
i s t ͡ ʃ a
ə w g i s k i
m a r i l
i n ŋ ə k t ə ś i
a ŋ a ś i l ď ə n
d ə g i w u f k o ː n ď ə ś o
o j o l o ː n
h u ŋ t a
i ː k o n ə m i l
i ś ə ď ə m i ː
a ŋ i ď ə t ͡ ʃ a ː w
u l o ː k k i n ə w ə n
f ś e m
ŋ o ː n i m m a
i s ə ś i ŋ k i ː n
k a r i j a s a ː n m i
i ś ə w ď ə m i
i r ə k s ə ŋ i l
b u l t a p k i ː
k ə γ ə j a
d u g i f k i ː
ŋ o ː ɲ i m i l
a t i r k a ː n n u n
i n ď ə n ə l
u l g u r i l w ə
a ŋ i r ə n
a k t ͡ ʃ a l
ə w ə d i w ə
n o n o r o w
a t i r k a ː m
b i r a p t ͡ ʃ a ː n ə t k i ː
s u l a k i ː
o l g i ː s a
h ə g d i j a
o h a l a
ď u w u ː ď a ŋ k i ː t i n
a g i ː t k i ː
b u l t a l w ə
k o r e ː l o ː
b a k a r a
a m i ː r a n m i
g o g o l ď o ŋ o ː s
m o ː l k ə t ͡ ʃ ə w u l i m
u l o ː k k i n ə w ə s
i n m u n
h i l b a ď a n d ə
t o g o l o ː
ś i p k a ː m i ː ď ə s a
t ə γ ə m
ʃ i r i n d a l d u k
t o γ o n
l u k i ː l w a n
t i g ə w ə r
d o ŋ o t o ś o w o
o t ͡ ʃ a l
b a k a d a ː w ə r
g a ː f k i ː l
ə ː k u r ď i
m o ː j a
h u j u m u m ə
ŋ ə n ə ď ə m
u t o ː l ə
t u l ə ː r ə
u l i ː ď ə ŋ k i ː w u n
ď a w w a h u n
i r i ŋ n ə p
n a d u w a l ś a l t ͡ ʃ a
r i m o n t ə k a ː n w ə
h u r i ː ŋ d ə d u ː
h u r k o ː k o ː n
ə m ə m o k o ː s a
t i r g a l d a n
i d u ː
t ə γ ə t t ͡ ʃ ə w k i ː
t u k s a ː h i n ə ŋ n a m
b a k a m i ː
ɲ o k o n o ː m t ͡ ʃ o w
m o ː t i ː w a
ď u r ə
ə k s p e ď i t s i j ə l w ə
ə n i n i w
t ə l k i
m i r ə k o ː n ə m
ŋ i n a k i n a
u g u w u ŋ k i n
i n ď ə n ə
u ː ď a l i ː n
u l g u t ͡ ʃ o n m o t ͡ ʃ i l t ͡ ʃ o l
a ː ď i r a k i n
d i l i ː
h a w a l i ŋ k i ː f
h u t o d u ː j i
d ə g i l k ə n ə m
ə t i r k o ː l ə s o ː n
b u l t a t ͡ ʃ a w u n
i r ə k s ə l b ə
i r ə m o t t ͡ ʃ o ː w u n
ŋ o ː l ə f k o ː n ď ə m
ɲ a m a p t ͡ ʃ u j a
h u ŋ t u l b a
i s t ͡ ʃ ə r ə
h i r n a s a n
h o ː g i n t u l ď a ŋ a ː n
g i r k i t a f k i ː l
s i k s i ŋ a l w ə
b u r d u l a ː
b u l t a ď ə m
n ə p t a l ə
ə ŋ n ə k o ː r w ə
o f ś a n k i l w ə
i ś ə l t ͡ ʃ o
b a k a m i
ŋ ə n ə k ə l d u
b u l t a ŋ k i ː n
g a ː ŋ k i ː t i n
i l a n m a n
t a j m u r a l a ː
i ś ə ś i l d ə n
i ː m u ː r ə k i n
h i m u ː r g a m
w a w k i ː
u m u k o ː n d u ː w
ə w ə d i t t ə
e ː k u r w i
t u g a n i ː
a ŋ i ď a t
b u l t a h i k t a d u n
b i r a j a l w ə
m i t k i t
ə k s ə k t ə n ə w ə t i n
a ː
h ə g d i d u ː
ď u k t ͡ ʃ a l a ː
m o ː j a j i
g i r k i ː t ə ː r ə
i ś ə ś o l
ə ː j
s o ː l i
ə d a ː w ə l
ś i ď m o m
k ə ŋ g i l o ː n
g o γ o ď o r o
h ə h ə n i l d a n
n u ŋ a r t i n
o k i ď a r
b o r i ː ŋ n a k a l d u
u n i ə ŋ n ə r ə w
ə ː l a h a w a l
i t ͡ ʃ ə p k o n ə n
m o ː l a ː l i f k i ː
i n m ə k ə l d u ː
t ə γ ə l w ə
b e n z i n i l w ə
i r g i t ͡ ʃ i l
w n u k i l w i
m e r e t p i
o l l o m o ː ś i w k i ː
ŋ o ː l ə p k o ː ś i l d ə
e ː w a n
l o k o t t ͡ ʃ o l
m a ʃ a
n a s t i r n i j d u ː j i
g ə n n o ː s t ͡ ʃ o ː n
h a ː m ə
ŋ i n a k i n d u l a ː
h o g d i m i ː l
a w a d i
t u r a ː m i w a
ŋ ə n ə ď ə ď ə m
u r i h i n ə w u n
h a r g i l t i k i
m i n n i ː
a ŋ i ď a ŋ a t
i s
g i r k u ď a n a l
ə r u k t a l i ŋ k i ː w u n
d o ː l d i ː t ͡ ʃ a w
l u k i ː l w i
t u ː r u ː
ŋ ə n ə k ə ː n i m
l u k i ː j o n
g ə l ə ː k t ə n ə ː h i n ə n
t a j m u r a
b a k a
ə p t i h i n ď ə ŋ o ː w
ʒ ə
ś i n ť a b r d u ː
b ə l ə ď ə ŋ k i ː n
d o k t u r d u ː
k ə ŋ g i l o ː l l ə n
h ď e
h a k i m ď ə r o r a n
a γ a ː l
b i m n i n
p a ť i ď i ś a t
ď a l d a ː m
i t ͡ ʃ ə t t ͡ ʃ ə m
a s i ː
n u ŋ ə m ə ː n
k u w r i k t u ː
u g l a s t a w
ď ə b ď ə m
o ʃ i ː n
ə ɲ i ː n i n
z a r p l a t i w a h u n
u r k ə w ə n
ə j ə ː n ď i r ə
ɲ u m u t t ͡ ʃ a w k i ː l
d ə g i l w ə
a b e t
i r i m t i r ə
ʃ o t o
p r a m h o s t u ː
a n ŋ a ɲ i ː w a
a m a s k i ː k a ː n
v o t
t ə s k a ť i n ə l
g o w o n d u l a ː t i n
m a r i j a
g o n d a
o ď a m
t a n ə
h u w u l ŋ i t
ď a w i t p o l
j o ː n i ŋ k i ː t i n
ŋ i n a k i n
i k ə ɲ i n
b i r a j a l d u l i ː
i l a n ď a n
t o γ o w ə r
a ŋ a ď i ŋ a ː w
o ď a ŋ a ː t i n
h a k t i r a ː n a ː l l a n
n ə k u n i n
t a r i t
a ː s i n ə
i l k ə ː h a l t i n
t ə p u ː t m i
t u k a l a n
ə t i r k a ː n
a l o ʃ ə
h u w u l d u k
t i γ i ś ə
i t ͡ ʃ ə t ͡ ʃ ə ː
t o k t o ď o m i
b a k a r a n
ɲ ə ŋ ɲ ə ś o ː w u n
l u k i t
t u γ ə ɲ i ː w ə
h i r b a ː w ə
ŋ ə n ə k ə l
ŋ ə n ə t ͡ ʃ o ː
g i r k u n a l
t u l i l ə ː
ə r g ə ś i n
ŋ ə ː r i ː m ə m ə ː
d u n d ə g ə ś i n
k o l a n
b a k a t ͡ ʃ a w u n
a r t ͡ ʃ ə m k a t ͡ ʃ a l
b o d o n
g i r k u r ə
p o p a l l ə
o ŋ k i ː n
o r k ə
h u t o k o g i r
d u l ə d u ː
s ə l ə
h u l ə ə n
o ŋ n ə r ə n
h u j i l o ː n
ś i p k a ː k a ː r d u ː
p u r u l i w u n m i
b a k a t ͡ ʃ a ː s
s ə k t ə k ə ː n d u
a ŋ a n i s
ŋ ə n ə ď ə r ə n
u l o ː k k i ď ə ŋ o ː t
u ś i t t a ː s
ʃ o b d a r w u
n ə k u n i m
u r k ə j ə
m u t ͡ ʃ u m
h ə r ə k ə w ə
i n ď ə w k i ː l
ŋ o ː l ə l ď ə n
b u l t a w a n
ŋ ə n ə w u ŋ k i ː f
o l d o ś i ː l d u l a ː
d u n n ə g i t
ɲ i h u ː n ə ː h i n ə m
a g a f j a
i γ i n
t u r g a w u k i n d u ː
i l a n
ŋ ə n ə ď ə n ə
h ə h ə n ď ə r i ː w ə t i n
o ď a r ə w u n
ď a w r a n
h o l i ː l ə ː
k u ŋ a k a r
v r ə m a d u ː
g ə l ə ː k t ə n o ː s i n ə m
ď a r u w ď a ŋ a ː t i n
g ə r b i ː ś i ː w ə
ə γ i k o n
l u k i m
b ə j i ː t t ͡ ʃ ə r ə n
i ś ə t m ə ː ď ə ŋ o ː w
n u l g i s i n ə
u m u k k o ː r
h u j i d i γ i f
f a k t o r i j a l a ː
g i r k u ː ď a p k i ː l
a ŋ k a ː n
l a p t a w ə
h u k u l o ː ď ə f k i ː l
a h u k a ː n m ə
ď o ː n i m
ď ə w r ə
w s e
a r t ͡ ʃ ə m k a d a ː t i n
u s i ː j ə n
a h i ː w a n
h ə n u ś ə
o l g i ː d a ː s
a l ə n j i v a
i t t ͡ ʃ ə r ə k i n
k u j i ː k o ː t t ͡ ʃ ə n ə l
ə t i r k ə ː n i n
s a r ś i k a n
a p r e l d u ː
h a w a l m ɲ i ː t i n
d o l b o l t o n o
g i r k u ď a r i ː w a
k ə ď ə n ə
ŋ i n a k i n m ə w u n
t ə γ ə t t ə n
b u l t a ː n a ː h i n a k i w
v a ś a d u ː
a ː ś i n
d ə g i l t ͡ ʃ o l o n
i k ə n ə m
ə b ə k o ː n ə n
j u ː b d ə ː j i
i n ď ə r ə n
j u ː r ə n
n o ː
b u ː ŋ k i t i n
ʃ t o b
k u p t ͡ ʃ u s i l
m u t ͡ ʃ u k t a l l a n
h ə g d i h ə s a l a w u n
w ə k i t
k e m
i t ͡ ʃ ə d ə ː j i
a ŋ i k a ː n m ə
h ə g d i m u k o n m ə
ə h i k u k o n
ə d u
i s ə ś i ŋ n ə k ə l
i ː l o ː
h e ː r i n a l t ͡ ʃ a
b i ː w u n
k i l t i r ə ː r ə k i n
a h i ː w ə
a l e k s e j e w n a
ď a p d a d a ː
b ə j u n
w a m
t ə p u ː t ͡ ʃ i w r ə
ə w e n k i j a l a ː
i s ď ə t ͡ ʃ ə w
e ː l ď a m
d ə g i w u h i ś ə
ə ː d u ː k
h a k t i r d u ː
m ə ː n i n
d a γ a m a ː w r a
h i p k u r ə n
ď ə ː w a r a w
ď ə n
t a l u d u ː
o b o k o ː w
p a t ͡ ʃ o t n i j
a ː h i n ə
o l l o m i ː m n i ː l
ď ə w ď ə f k i ː l
j o l k i
o j o w o n
u m u k o ː r
b e γ a
u l i ː r ə
g o g o ď o ď o ŋ o ː s
h o j d u ː
b u s l ə ď ə r i ː l
t a k
t u r u
h e ː k t a k a ː r d u k
a n i t ə
i l k ə ː ɲ ď i n ə ː l
d a w d a t t ͡ ʃ a r a n
h i m i k t ə l w ə
i t ͡ ʃ ə n o ː ś i n ə w
a n t i
ŋ i n a k i s i l
a k i ː m
ɲ a m a p t ͡ ʃ u
i t ͡ ʃ o
a ː h i n i f k i ː
w i w i
a m e ː
m o ː l d u ː
w e s p i
a ŋ i l b i
i ś ə t t ə n
ď ə b ď e n o ː r ə
m o ː l d u k
a ŋ i t i n
o l d o ː l b ə
ʃ a s
ď u g a n i ː w ə
t a l k a n u
m i n n u n
j e γ i n ď o ː r
ď u g a n i ː l
ə b ə k o ː
i t ͡ ʃ ə t t o ː j i
ə b ə j
o l o n o
p ə k t i r o ː w u n
m o ʃ
ŋ ə n ə k t ə
t a n ď ə m
j i ʃ o ː
u s i l ə p t ͡ ʃ ə l d u k
ɲ i ː t i n
z i m o w j o t k i
h ə r ə k ə l t a t
w e ː k
ď u k t ͡ ʃ a k a ː n m i
g o ː k t ͡ ʃ a n n a w a t i n
i t ͡ ʃ e n o ː s t ͡ ʃ o
i l a ː w ə l
w a t ͡ ʃ a ː
ə t i r k o n
i n ď ə t ͡ ʃ o ː n
a ː m u ː ď a p k i ː l
ŋ ə n ə ď ə n o ː n
d o ː
d o ː l d i ː j ə m
h a g d i k a ː n
a ŋ i t ͡ ʃ a l
n ə k ə ď ə ŋ ə n
k o m o j ə t k i ː
g i r k u ď i t ͡ ʃ o ː n
a k n i l i n
k o γ i l i w k i ː
h o g d o n d o w a n
h u j u k u k o r
b a l ď i ś a ː w
b a k a w r a n
m e t ə r
t u k s a ː ď a n
n u l g i s ť ə t
m u r d a ː j a r ə w
t i n ə w u n
g i r k u m
d a r a n
g i r k u ː ď a ŋ k i ː f
o ď a f k i ː
p l e m a n i k i w
o ŋ o k t o w i
i r ə k s ə ŋ i l b i
ŋ ə n ə r ə n
t o k t o h i t ͡ ʃ o ː n
b a g d a k ə l d u ː
o ʃ i
a r a k u ː k a n
o t ͡ ʃ o s
b a k a s a
t a
t ə γ ə t t ͡ ʃ ə
ď ə p t i l ə l ə
t o k t o ʃ t ͡ ʃ o ː w
ə ː k u n
ə w i ː w u r ə h u n
g i r k u l d a n
u l i ː ď ə ŋ o ː n
ď ə r i w ə r ə
s e l h o s ť e h ɲ i k u m
i ś ə
t i r ə ː t ͡ ʃ ə
ɲ a ː n
n a d i ś i d u ː n
i t ͡ ʃ ə r ə w
g ə ŋ a p k i
a g m u r o k i n
w o j n a ŋ ə h i ː l
t i l i s
g u l u w u n m ə
h e r i h i s a l
t u l i s k i
m u ː r ə t k o ː k u n
a ː ď i ŋ n a n d ə
j u ː w k o ː t
a ŋ i l
ŋ o ː n i m i l
ŋ ə l i f k ə ː n m i
d u k t ə m k o r ə n
a ŋ i ŋ ď ə ď ə r ə w u n
i l m a k t a l b a
t o γ o t
h ə k ə r g ə s ə
m o n ŋ i t i n
i r g i ʃ i l w i
t o γ o d u ː
b o l ʃ ə
u k u t ͡ ʃ o ː n m ə
t i l d o ː h u n
k a r a b i n
i m u r ə ː n
b u l t a l d ə n
i t ͡ ʃ ə p k i ː
l u k i ː l o n
i ś ə t t o ː j i ː
k o ŋ n o m o l
w a r w a r a
a ŋ i p k i ː
w a k u n a j k a d u
t o γ o t i
m o n m ə
g u l u w u n d u k
i r i n a
i k o n m o n
t i
i t ͡ ʃ ə w u p k i ː
b ə j ŋ o ː m o ː h i ś o
g e ː f
t ə t i w d o ː j i
t r e n i n d u ː
h i γ ə l ə h ə n i ː t
o r o k i n
n u l g i k t ə ď ə d o ː w ə r
b u l t a ď a k a ː n a m
b e g a j a
i n ď i t ͡ ʃ o ː w u n
b i r i z g ə w ə t ť ə r ə
d a g i ː
t ə g ə t t ͡ ʃ ə r i ː w ə
a b g a r a ː l
a m i ː n d u ː w
t o γ o w u n
b u l t a l i ŋ k i ː w
i r t ͡ ʃ o w
i n d o ː t i n
h ə g d i m o
h u t a k a ː n d u ː n
i t ͡ ʃ ə t t ͡ ʃ ə r ə k i w
l a w a ː d a ː p ď ə r ə n
i j o l d i w ə r
i r ə k s ə ŋ i l t i n
ə b ə k o ː t i n
b u ː r ə
k u l u m b e ː l i ː
i ś ə t ť ə r ə n
l i h a t ͡ ʃ o w n u n
p a s t u k i l k ə l
n a j a b r a
m e ś a t s ə
o p e t
g o r o t t u ː
ď u g a n i ː w a
ə ŋ ə h i ː w ə s
m o ː k a ː n ď i
p o t a p t u l a ː
ď ə w s o
g i r k u t ͡ ʃ o ː t i n
t u k s a ː r a n
a m a ɲ a ː
a ŋ i l l a n
a m a ː k a ː d u k p i
ŋ ə n ə t ͡ ʃ o
h u w u l b ə n
h ə l ə k ə ś i
i n ď ə r ə
ď u m i l d u ː
t ͡ ʃ i t v o r t ə j
ə j ə ː n ď i r ə k t i n
d o ŋ o t o t t ͡ ʃ ə k t i n
t u k s a ː ď a r a w
g a k s a ː ŋ i t i n
u l o ː k k i ď a m
a m i ː n d u ː f
t ͡ ʃ a ː t a ː d u ː
a l ə ɲ i v o t t u ː
t ə ď ə ː k a l l ə
ʃ o b ď o r w ə
g ə r b i w i
a ŋ i w i
t u g w ə r
a m i ː n ə n
ʃ i γ u n
k a n s k i j
t i γ i s a
t ə f s ə l
g i r k u ŋ k i ː t i n
ʃ a r ə
m o ː t i ː t k o ː n
l u t ͡ ʃ ʃ ə
m i t
b u l t a m i
h u p t i w ś a
i l a n m a
g i r k u ď a p k i ː
i l t ͡ ʃ o
l ə ŋ k o l d u
i r g i w d o ː n
o m o f ś o ː t i n
a ŋ i n ə
b u s l ə ď ə n ə l
u γ u t k i
ə p e t
h u l u k u k o n
ə ŋ ə h i ː n
u γ i s k i
i s ə n o ː h i n ə w
b o r i ː w k i ː l
a γ a ď a m i ː
a n ŋ a n i ː s
d ə ː
g i r k u ď a n a
g e ː l a ː
t u n ŋ a ď a ː r
h u l a k i l
a j n a d i t ͡ ʃ a ː w
o g d i ŋ o
ď o r o m o ď o r o
l u r g i l d ə n
a m a k a l
s a ː s k i ː
l o k o m i ː l w i
o k ə l
i n ď ə r ə
t o l g o k i w ə r
t u ŋ a ď a n
u ː ś ə ː d u ː
ď u ː d u ː j i
i l a n m a t i n
ə j ə ː n ď ə r i ː w ə t i n
h o ː g i n d a ː j i
b u l t a ď ə n ə
a ŋ i ď a m
o l ə ɲ ə w o d i l
i ď ə m
m u t ͡ ʃ u s k o l
i s ə s o
h o ː k a ː t t ͡ ʃ a m i
k a ť a
h a g d a
u ː t ͡ ʃ a k j a n
t ə g ə ŋ k i ː t i n
k u p t u k t a
a m a s k i ː w i
a m a ː k a ː t k i ː j e ː
w a m u l t ͡ ʃ a
ď a w r a ː h i s a
h u b g a w a n
ə r j o k l o ː
h ə g d i ː
o l t ͡ ʃ a
t e l o g r e j k a ť
m e ː w a n d u k i n
h u k ə w ə
i s ť a n
t u r g a w u m
i t ͡ ʃ ə p k o ː t t ͡ ʃ ə m
a ś i n d u ː w
ď ə w r ə
ď a w a k a n ə m
ď a w u t ͡ ʃ a ď a ŋ k i ː t i n
t o ː p k ə l d u
n o ː m ə
i t ͡ ʃ ə b ď ə r ə n
h ə g d i l o ː n
g i r a m d a l ď i
a m a k a l w i
h i g ď ə r ə
u ś i t ť a n k i ː n
n u ŋ a r n u ː n t i n
ď ə w ď ə ŋ n ə r ə w
ŋ ə n ə p ď ə ŋ k i ː n
g o ː k t ͡ ʃ a ŋ a t
ə d a ː n ď ə r i ː w a t i n
h a w a l i l i ŋ n ə r ə w
a j a
ʃ u r u m u ː ʃ ə
r i b z ə v o d t u ː
a m i ː m
t a n t ͡ ʃ a ď ə n
i t ͡ ʃ ə ś i n i m
d a ː g i w u k t a
t u k a l a n m ə
b u l t a ď a n d ə
h a k t i r a ː n a d u ː
g e ː w a
a h i
m o ː l w a
i n ď a n d ə
ŋ ə n ə k t ə s o ː w u n
n o j a b r d u ː
o m o l g i ː l i n
t u k s a ː k t a ď a ŋ k i ː w u n
a m a r
m o ː ŋ i l a n
a h i n
i t ͡ ʃ ə t m i
a m i n i n
r u ʒ j o m
t ə ə t t ͡ ʃ ə r ə n
ď a p t i l i l w a r
a h i n u n
ď a p k u n d u ː
b ə l ə r ə n
ď e b ŋ ə n ə l w ə r
ď a p t i l i l w ə r
a h i ś i
i ś ə ś o
a b d u n m a
t s e l i j
h a g d i l d u ː
ď a w d u ː w ə r
ď ə m ŋ ə n ə d u k p i
ə k s p ə ď i t ś j ə l b a
a ŋ i w
a ŋ i ŋ a t ͡ ʃ i n
ə w ə ŋ k i ː w u n
t ͡ ʃ i p k a ː r
ŋ ə n ə r ə w u n
ə k u n ď i
n o ː t t ə w
a r a k u ː k a n
o ś a n
i ː r a
d a s k a l d u
o ď a p k i ː l
v a l e n ť i n o v i t ͡ ʃ
b a j k i ś i l d u k
a ŋ i k ə l
l u t ͡ ʃ t ͡ ʃ o
o m o ŋ k i ː t i n
u l g ə n d a f k i ː
s i ŋ i l g ə n d u ː
d l a
m u ŋ g a r a w
i t ͡ ʃ ə d o t i n
g u r u s t u ː
o ʃ i n
i n ď ə
a r k i r ə n
b ə j ə t k a r
g e ː w u n
h ə r k i l w o n
ə k ɲ i l w i
o ď a ŋ a ː t
o ː s ť a m i
z a t w o r w a n
g i r k u w a ː r ə
b i r a p t ͡ ʃ a ː n ə d u ː
k o m o j ə w ə
ə ɲ i ː n m i
h ə g d i k o ː k u n m ə
u l g u t ͡ ʃ o ː n ď ə r ə
ď ə p t i l ə l ə t i n
u l o ː k k i r ə n
ə k s p e ď i t s i j ə l b ə
t i t t ə w
k o s ť a n u n
h ə
t u n ŋ a d u ː
g o g o r i l a ː t i n
m o l i ś i l t ͡ ʃ a
h o l b a l i m n i ː n
r i g a d u k
u r k ə g i d a d u ː
ď a w w i
b a l ď i t t ə
t ə p u t t ə k i ː s
k i l o m e t r a
h i l b a r ə n
t o l g o k i l
i r ə k s ə t
j e r m o l a j e w n a
u l u m ə ː s i n ə w
a ŋ i k a ː k u n
d a ː g r a w
h u t o l i n
t a
h u w u l i n
g i r k u ː ď a s a ː w
ď a w w a
ə p ə t
p a s t u k
v a ś k a d u ː
d o l b o ː
n u l g i h i n ə n
m u t ͡ ʃ u ː t ͡ ʃ a l
h e ː k t a k a ː r ď i
u r ə k o ː r d u l i ː
h u l w o n
a w a d i w a l
k o ŋ i m n ə w ə t i n
a m a k a g i s i n m i
h ə ŋ k ə t t ͡ ʃ ə t ͡ ʃ o ː n
h o r o k i ː l
g a w a r u
k ə
i t ͡ ʃ ə ː r ə w
ŋ ə n ə ď ə n ə l
ə r ə
e ː k u r b a
h a m a d i l
t ə γ ə t t ͡ ʃ ə n ə l
n u ŋ ə n
a ŋ i n n ə
j i s t
t o z ə f k a t p i
w o j n a d u ː
u l g u t ͡ ʃ o ː n ď ə t ͡ ʃ o ː n
a l a g u p d i t ͡ ʃ ə w
t u k ʃ a m ə l t ͡ ʃ ə m t ͡ ʃ o
h u j o ː k ə l
o l d a n
ď ə w d o ː t i n
d o ː l t ͡ ʃ a ː ď ə r ə
ə k u n
h u j u k u k o ː r
k ə r g ə n m a
i r ə k s ə d u k i n
ə w ə l
u ː t ͡ ʃ a ď a ŋ k i ː f
m ə t r i k a w a
ď u k t ͡ ʃ a d u ː w ə r
a r m i j ə l a ː
h o k o r ś o l
t o z o w k a t p i
t i ː m a t n ə
o ŋ o d u k i n
ď u ː d u k ə w u n
ə h i k o n
t ͡ ʃ a t i p k a ː l d ə n
ŋ ə n ə p ď ə r ə
h u t a k a ː n m i
ə ː d u k p i w ə l
n u ŋ a r d u ː n
e ː l d u ː w i
g i r k u ď a s a
n a d o
t o γ o
a m ŋ a w a n
i r g i ď ə f k i ː
t e l e g r a m m u w ə
u l i ː s o
i s ə ď a ŋ o s
a ŋ i t k i ː
ď a p k u n
t a g d a
k ə ː n
t ə γ ə k o n ə m
u r g ə k t ə
h u n ə
h a ː l w ə t i n
ď a w u ː s a ď a m i ː
n i k ə n ə
a k t a b r d u k
n o ː t t ə
o w k i ː
i t ͡ ʃ ə r ə
t a r g a t ͡ ʃ i ː n
e ː k u r
h u n a ː ď i w
i n t i k ə l
k i γ l ə ː l w i
o d a ː w ə r
h u t ə ś i l
t a r ə
u r i n ə d a ː w ə r
w o j n a w ə
v e t ͡ ʃ ə r ə m
t ə ə m
ď i r ʒ a ť
ď ə w ď ə s ə l
u l u k i ː l
h a ː l ď a k a n ə m
h u n ŋ i ː
i l m a k t a l
i t ͡ ʃ e t t o ː w
b o l o k t o w o n
h i l b a d a ː j i
o k t a
a n ŋ a n i ː w
o h o t o w a
h u k u l ə ː ď ə k o ː k u t t ə n
w ə r t o l o t i l
i r i ď ə n
a k i n i w
a j a ː w r i ː
ď a n u
ď u γ u ː ď ə r ə
n o ː ŋ k i ː n
ə h i ː k o ː n
j u ː k o n ə m
m a r a l g ə
u m u k o ː n
h u j u k u ː n
m e ś a t s
h a g d i m i k a ː n
b u ː ď i t ͡ ʃ o ː t i n
b o l g i ś a r a
o h o ː t a l a ː
j ə r b ə k ə d u ː
e ː k u r a
b i l i t ə
i t ͡ ʃ ə w r ə
h a w a l ď a x p ə t i n
u g i ː d o ː t i n
ʃ k o l a d u k
ď o n ť a ď a m
ś i p k a ː k a ː n
g i r k u m a t t ə
k a p k a r w i
i l a l d a w o
o s a l
i t ͡ ʃ ə t t ə w
ŋ ə n ə r ə
t a j g a d u ː
t u r u g i ː t
t a j g a l a ː
h u n m i
b u ː
t ͡ ʃ e n o k o ː n m o n
o l l a k i n
t o γ o j i
ə t o
o j o d u k i n
a ŋ i ŋ ə r ə w
a ŋ i ď ə r ə
d ə r u m i
a ː h i n i m
d u k t ə
u j ə d u ː
h ə g d i l ə
g i r k i ː t ə ː k ə l
k ə g d a
i ː l a ː
h ə g d i ŋ ə
h u k u l o ː h i ś o
ʃ u ː
o p a ť
m i h a n i k
ŋ a w u n ə n
k ə r g ə n d u ː
ď u g a n i ː d u ː
o n
p e n ś i ɲ ə r
t ə t i w r ə
h ə ŋ k ə t t ͡ ʃ ə p k i ː l
g o r o k o ː n m ə
h a l a ŋ i l w ə
ə n ə ŋ g ə
e ː r a
h u r u n ə n m ə
t ͡ ʃ ə r a n k i t i t i n
t ͡ ʃ a l b a r d u k
u s i ː w o n
i ː f k i ː l
l u r g i d ə ː n
s a ː t ͡ ʃ a
ə b ə k o ː w ə t i n
s o ː
h e ː k i
g o γ o ŋ n ə n ə
u l g u t ͡ ʃ o ː l ə n
b a l o k i t p i ː
ə r k o ː n d u l i ː
t i l ď a ŋ o s
k o l a n n u n
ə r u ː p t ͡ ʃ u
b ə j u n m ə
h i ː w u k n ə n i n
a m i ː m
d o ː l d i ː t t ͡ ʃ ə l i m
m o ː t k i ː
ď a l d a ː t t ͡ ʃ a n a
d a n i l a
u v a t ͡ ʃ a n
h a ŋ u ː k t a l l a n
l o p o r o ː r ə n
ŋ o ː l i ś i w k i ː l
ŋ ə k ə n d ə d u ː
i k ə l
ď a w d u k
d u n n ə l i ː
ə r ə
ď a w w a t i n
h o g d o n d o n
u g u w u p k i
d a ː
ď a w ś a
u l g u s o ː l d ə n
h e ː k t a k a ː r b ə
ď a w r a ː j ə ŋ n ə m
h e k t ə k a ː m ə l w a n
s t a ː d ə l a ː
t o g o k o ː n
d ə g i l m i
i j a d u ː
t a j m u r a w a
ʃ u r u r ə n
t ə t i g a l i n
m o ː t i ː
p ə k t i r u ː l l ə
t u l i ː l ə ː
g o g o ď ə ś o
g o γ o ď ə w k i ː l
o ś a
d ə ŋ k ə w a
ď ə p t i l ə j ə
m o ː r d u n
b o l n i s a
n u ŋ a r w a t i n
d a n i l a n u n
a h i ː w
k ə k o j
k o γ i ď a ŋ k i ː n
n u l g i h i ś o l
p a s t u k i l d u ː
ŋ ə n ə ď ə γ ə t
o ď a ŋ a ː n
i n ď ə n a
f ś u
m a n d r i
u ś i t t a
b ə j n o ː
ə m k ə ŋ o t i w
o ŋ n ə r ə w u n
u ś i t n a h i n ď a ŋ a s
o m o ʃ ə n ŋ ə r ə n
o n a
i t ͡ ʃ ə n o ː s i n i m
ď u ː d u ː w ə r
t i ː n ə
a j a m a m ə l
i t ͡ ʃ ə t t ͡ ʃ ə l l ə w
g o j o ː w l i p t ͡ ʃ ə
ə t a m
u k s ə d i n
a h a t k a r n u n
d ə g i f k i ː
i ś ə t ť ə n ə
w r a k
h u k u l o ː ď ə m
i s ə t t o ː w ə r
i g ď a m a k a ː n
a ŋ i w ə
ď ə p t i l ə l b ə t i n
u r k o l o ː
ə j ə ː r ə n
d i ŋ k i ː w u n
t ə g ə ś i l ď ə ŋ k i ː n
b u l t a n a h i ś a n
p a w l i ʃ
n o ː d a ď ə m
o j o l g o s o
ə v ə n k i j u
b u s l ə ď ə t ͡ ʃ o ː t i n
ɲ i ŋ t ə l t i n
t a p t i g i n
h o r o l ď i t ͡ ʃ o ː w u n
g i r k u ď a ŋ k i ː t i n
ə h i k o k o ː n
a m i ŋ ə h ə
s a ː n ə
ŋ ə n ə ŋ k i ː t i n
ə w l o n m i l
b u ː ď ə ŋ o ː n
i ś ə t n o ː ď ə
w o j n a
t ͡ ʃ i p k a ː n
h i g d a ː w ə r
i ś ə w r i ː d u ː n
g i r k u n a ŋ k i ː w
i l k ə ː ɲ ď ə p k i ː
k o m o j ə w a
i h ə l d u l o ː
h ə l i n t ͡ ʃ ə r ə
t i
k a l t a k a n
d i ː g i n
h a w a l i ŋ n ə m
h o ː ŋ n a ː ď a n
ə k u n m a
w n u k i w
h a g d i ː j a k a ː n
ŋ o ː l ə t n ə l
ď u g a s a ː w u n
a ŋ i l a ː w i
h ə g d i γ i l w i
b u l t a d a ː w ə r
j a m ə d u ː n
ś i l a t t ͡ ʃ i l l a w
ŋ ə n ə ď ə n n i
t a w l u ŋ n ə r ə w
d i l o j ə
z w e r o f e r m a d u ː
t u m ɲ i p t ͡ ʃ a
a d i l j a w ə r
k o n e ʃ n o
d a m k a
o g d o s k ə ː
d a ː g r a n
d u s a m a
n o ː d a ď i ŋ a ː w
u m u k o ː r i k t ə
a m i ː n ŋ a h a w
t ə p t i r ə
a m a ː k a ː w
i n ə k i n d u ː
i l m a k t a
m u t ͡ ʃ u ś i n i m
ə w ə ŋ k i ː
t o g o d u
d ə g i w u f k o ː n ď ə ŋ o ː w
ť u r m a t k i ː
ŋ o ː l ə t t ə
h a ː t ͡ ʃ a ː w
o l l ə
u l t a ď ə f k i ː
o l e k s a ː w ə
t ə t i w s o ː n
ď ə ŋ k ə m i n a ː ď i
n u ŋ a r n u n t i n
h ə g d i h ə s a l d u ː
l u s a d i t
a r m i j a l a ː
h o ː g i n ə n
ď a w w ə r
o p k i ː
l u k i ː l ď i w ə r
a ď i l i l w ə
a m i ŋ ə h ə w
b o l o s o l a ː n
ə j ə ː n ď i k t ə
o m o ś o ː t i n
h a ː r g i l
ə n ə ː l ď ə m i
h o r o l ď o f k i ː
t i p a ď ə p
ŋ i n a k i n ď i w
h u l a n m ə
n u ŋ a r w a n
u t ͡ ʃ i ť e l w u n
i d u k
a ː k a n ə m
ɲ i m n o ʃ k a
t u ʃ o n k a l b ə
n u ŋ a r d u l a ː t i n
m u t ͡ ʃ u ː r a
ə w ə n k i ː l
i t ͡ ʃ ə n o ː k ə l
n a m i ś a r w ə
a j a m a m a l b a
g a r a d u ː n
w o j n a d u k
m o ː w ə
d a k t ͡ ʃ a l
m o ː ŋ i ː w
d a γ a m a ː m
u d i g i r
g i r a m d a l w a
i ː k n ə n
j ə n t ͡ ʃ ə m b u d u ː
ď a w i w u n
t a l u k a ː k u ː r a
ŋ i n a k i n m a t i n
t ə t i w u ŋ n ə n d ə
i n ď ə t ͡ ʃ o ː w
a ŋ i r a
i
ď u γ a ɲ i ː w ə
g o g o l ď ə n
o ď a r i ː w ə w
f s o
h e ː k i d u k
ŋ i n a k i n m i ː
a m a r d u ː
p r a d u k t i l o
ə r d i k o ː n
h e ː k t a k a ː r w ə
a m a ː k a ː w ə
b u r g u k o k u r
h a w a l i l t ͡ ʃ a l a i
m o ː l d u l a ː
a ɲ i
ə l ə ː d ə ː
ď a g d a d u ː
s i n d u ː
o t ͡ ʃ o
m u s a ː n i f k i ː l
ʃ o l i l a
a m u t t u
h a ː m i
a k i n i n
t a l u
g o r o t t u l a ː
a ː ŋ ď ə r ə n
ə ʃ o
ə ŋ ə h i ː t ͡ ʃ i h i n t ͡ ʃ ə
a d i ď a r
a ŋ i l d a n
a ŋ i ď a r a
b ə l ə ď ə ŋ k i ː w u n
n a i l a i
t i m a ː t n ə
a r t ͡ ʃ a p t i k i ː
l u r g i l k o k u t t ə n
g u l b i k ə l l u
a ŋ i l a ː
ď a p k u n m a
m o ː t i ː w ə
ď i ʒ u r i ď ə r g u ː
i ś ə t t o ː j i
g u l u w u n d u ː
n a d i w a n
h i ː w o n
b o k o n t ͡ ʃ u k t a
i ː l i ː w ə l
ŋ ə n ə ď ə
t o g o w ə r
h u j u k u k o ː n m ə
v ə r h n ə i m b a s k ə d u ː
l o p o r o ː m
h u t o l d u l a ː j i
ś k o l n i j
o m t ͡ ʃ o
a r m i j ə d u ː
h ə g d i m ə m ə
r a t s i j a l i ː
a ː ŋ n ə n d ə
o l l a n
a n t i l i n
i t ͡ ʃ ə t m i
d i n ŋ i ː l ə ː ď ə ŋ ə ː n
o ď a n d ə
i ś ə
ə r i ː γ i n
n e v ə ď i l i
o m t ͡ ʃ o
g ə l ə ː k t ə n ə ː ď i ŋ o ː n
ď a w u t ͡ ʃ a ď a ŋ k i ː n
w a ŋ k i ː n
k ə ď ə n
b ə l ə l d ə
p a p a l
g a n a t t ͡ ʃ ə n ə l
ŋ ə p k ə k ə ː l a ː
d ɲ a
h u ŋ t u l t i k i ː
d a r i m a ď ə n ə
h e ː r a ŋ i l i n
d ə g i w u s k ə l d u
t a r g a t ͡ ʃ i r a
a l a g u ŋ k i ː n
a n t i d u ː
ď u γ a d a n d u ː
o ď a ŋ a ː s
a g a t a l a ː
b u r g a k d u l a ː
d o ː
g r i ʃ a k ə ː n m ə
i t ͡ ʃ ə t n o ː ď ə m
m u d a k a r i n
o r ə r ə
i ď o t
a ŋ i d u ː
h a w a l i l ď a ŋ a ː n
b u s l ə
j u ː m
u m u k o ː n m ə
s i l ɲ i j
l i ʒ a t
u j u t
t u r u t k i ː
ə s i l e
ď a w d u ː
j a =
z n a j ə ʃ
o m o l g i ː
t ͡ ʃ u ɲ a t k i ː
i t ͡ ʃ ə t ͡ ʃ a ː w u n
a h i n u n m i
t u m ɲ i r a
b a g d a k ə l ə
ď u ː l t i n
u ː t ͡ ʃ a k t u ː w
a ŋ i k a ː k u ː n ď i
m o n ŋ i ː w u n
h u w u l w ə n
g o γ o l d o
u s t a w a t i n
w a ś a
d o l s a ː t t ͡ ʃ a
ď a n t a k i l w ə
k o r i t
m u t ͡ ʃ u ː t ͡ ʃ a
ɲ o r m a
h ə r b i n i l d ə n
d a ː
ə w ə d i t
n o d o ː w ə r
g i r g i n a ď a n a
b e ː d ɲ i j d u ː
a ŋ i r ə w
b i r a j a l a ː
ď u w u ď ə r ə n
b o r i ː ś i ŋ n ə k ə l d u
h u k u l ə ː ď ə r ə
ə k u n m ə m ə l
t ͡ ʃ a ŋ g a d a w a
a n ŋ a ɲ i ː w
h ə g d i k o ː k u n
t ə γ ə t m ə
s i n ť a b r d u ː
d ə g i d u k
a b a t ͡ ʃ u t k a ː n
o m o ʃ i ŋ n ə r ə
h u t o
i ː
e ː
l u g d u ː r g a l d a n
a m a k a w
h u j u k u k o ː n
n u l g i ď ə ŋ k i ː w u n
i ś ə f k ə ː s ə ː s
e ː j a l k ə m i
h a w a l i f k a n ə
u j u t ͡ ʃ ə ď ə r ə
b ə l ə ď a ŋ n a m
j o l d i g i r
t u r u l o ː
a g i ː l a
t ə γ ə ś i l i w k i ː l
ə j ə ː h i n o
ə w ə n k i ː l w ə
t i r g a k a k i n d u l a ː
k a p k a r b ə
j u ː l d o ː n
a m a r d u ː w
n u l g i s t ə w
p ə k t i r ə n ə n
a j a l ə
h o k t o t n a ː s i w
ʃ a b d a r v ə
t ə γ ə p k ə ː w i ː
o f k i ː l
p e s o k i t
ɲ u ŋ u ɲ ď a r
a r t ͡ ʃ a m k a ď a f k i ː
ə n t i l i n
ə r d i k o ː n m ə
ď a w r a ː h i s a ː n
a ŋ i l i ː n
a ŋ a r ə
d m i t r i j ə v i t ͡ ʃ
t o w u ď ə t ͡ ʃ o ː t i n
a ŋ i w a n
i ś ə ď ə ŋ o ː s
ŋ ə n ə ď ə k t ə
i t ͡ ʃ ə d o ː w ə r
i r i ŋ k i ː n
b u l t a n a h i n ə
u m u k i n
b o l g i ś a ď a r i ː w a n
r i b a t ͡ ʃ i ť t ə
t o ː l i ŋ ə ː
b u r g u l a
h ə g d i k o ː k u ː n m a
i ś ə h i n ə
k o
i r d u k
j o l k i
s t a ː d ə w ə t i n
d i ː l i ː
ď a n d u k
ə m ə m n ə w o n
t ə w ə r ə n
b u r u l t a ď ə r ə n
u l u k i ː l ə
ď a p d a ː w ə r
i r g i d a ː j i
p a ś o l k ə
h u k u γ i t ͡ ʃ o
t o γ o j o
a ŋ a ɲ i ː ś i ː
p l o t t u ː
ŋ ə l i f ś i j o j
w a j n a l l ə
u m u k o ː n d u ː
t ə γ ə t ť ə n ə
ď u w u ď ə r i ː w ə w
p o t a p k i t
ə h i k o ː k o ː n
b i l ə
ə w ə n k i ː d u ː
h ə r ə k ə
ə t ə j i t t ͡ ʃ ə n d ə
g ə r b i ː s i
s a ː t i r ə l k a ː k u r
o ď a m i
ď e b ŋ ə n ə l w ə
ə ː k u r
h a ː r g i m i
i t ͡ ʃ ə t t ͡ ʃ ə p k i ː l
g i r k u ď a ŋ k i ː f
p o l i g u s t u ː
ə t i r k o ː ś i
ŋ ə n ə k t ə ď ə n d ə
w ə k
g ə r b i n
m ə n m i
m o ː t i ː l ə
t i r ə m t i t ͡ ʃ o
i s ə r ə
u r k o d u ː t i n
o ś i n
i n ď ə ŋ k i ː t i n
b o r i ː w k a ː
t u n d r ə l o ː
a m u t
k a p k a ś i l i ŋ n a r a w
a m a k a k a n
t u n ŋ a ď a r
b u l t a ď ə ŋ n ə m
k ə n s t a n t i n a v n a
b o l g i ś a ď a ŋ n ə n
u r k ə w a
a h a t k a ː n
b a k a t ͡ ʃ a ː
h ə h ə n ə n
o g o r o t
m o ː d u ː
t ə t i w u f k i ː
ə ď i ː γ u ː l
t i l l ə
p r o d u k t a l a
a m a ŋ i l
a ŋ i r a n
ď o n ə n
ŋ ə n ə d ə l o ː
h o r o l ď ə s o
d o k t u r
ď a w r ə
g o g o ď ə m i ː
k ə m ə ď i s ə
i s t a
k i l o m e t r d u l i ː
ś i m u ː r g a k a l l u
ə ŋ ə h i ː t i n
a d i l
a t ͡ ʃ i n
a ŋ i w a
u l o ː k k i d a ː i
t o z o w k a w i
t u l ə p k i ː l
r a ɲ ʃ ə
t a r j a ː k a k l a ː
p o p a l l ə n
b a l d i ː ŋ a h i w
u r a ː r ə n
d a w d a t t ͡ ʃ a n a
ʃ u r w i
j a w a
k ə t ə m ə m ə
ŋ ə n ə ď ə ď ə r ə
b ə l ə ś i ŋ k i ː w
ə r o
d ə g i l m ə ː k t ə m i w ə
a ŋ i ď a k a l
a m i ː w a
t ə ď ə ː m i
i l a n i
i k o ː n ď ə n ə
k u n
t i g ə j ə i
n o ː r ə n
i r i ː f k i ː
k u r a n ə k
h u k u l ə ː ď ə f k i ː
p ə t k ə t
g o γ o ď ə r ə
w a r ə
ə j o k i ː
t ə l g ə t n ə l
m u s u r ə n
d o ː l d i ː r ə
g i r k u ď a r i ː g a ś i n
i t ͡ ʃ ə t t ͡ ʃ ə p k i ː
b r i g a ď i r i t i n
b e ː d ɲ i j
i ː k o ː n ə m
g o g o l d o k i s
ď ə p t i l ə l ə w ə r
t a w a r ə
b u l t a k i t t i k i ː j i
i s ə t t ͡ ʃ ə ŋ o ː t
u s i s i l ď a ŋ a s
t ͡ ʃ a l b a r
h ə b ď a l o ː n
ŋ ə n ə k i t p ə r
u t ͡ ʃ a ː m i l a
h ə r u k i f k i ː
ś a ː s k i
u t ə ː l ə ː
b u l t a ŋ k i ː n
s o l o k i
a m i n i w
l a m p a w ə
w e r t o l o ː t t u ː
b u r d u k a r i k i r
a j a d u k
l u k t ə n
t ͡ ʃ a j t i ď a t ͡ ʃ a
i ś ə s ə l
a ŋ i w a w
t ə γ ə t t ͡ ʃ ə p k i ː l
d ə g i l k ə l d u
ď ə p t i l ə
d u n n ə m a k ə ː n d u l ə ː
u l g u t ͡ ʃ o ː n ď ə m
b a l ď i ď a n a
a ŋ i n
e t o
g ə r b i l w ə t i n
k ə l ə
g e ː w a
m i n ə
i r ə k s ə ŋ i l d u k t i n
t u r a ː m i d u ː
ŋ ə n ə f k i ː l
h u n a ː ď i f
i ː r ə
n o r u
i r g i s s o l h ə ɲ ď ə r ə
n o ː r u n
a w g u s t a t k i ː
g a n a t t ͡ ʃ i n ə ː
i r ə k t i n
w a ː m t i m i l
i t ͡ ʃ ə p k o n u
t ə γ ə t t ͡ ʃ ə r ə
h u t a k o g i r
m a j g u l w ə
w i w i γ a n
m i n ŋ i l
a ś i n
g i r k u ś a ː w
m o ː ŋ i l a j i
h ə n u k ə n ə m
j a k o w l e w n a w a
a m a w u n
i ś ə w u l d ə
a m a ː k a ː j a w u n
t u k s a ː m a l t ͡ ʃ a r ə n
a j a t m ə r
a ː s t ͡ ʃ a l
ɲ o k o ď ə ŋ k i ː t i n
s u p t i w r ə w
ŋ o l i t t ə
n u ŋ ə n d u ː n
u m u k o n
b ə l ə ŋ k i ː w u n
a l i t n a
i t ͡ ʃ ə t t ͡ ʃ ə r ə n
a ŋ i w i
a m k i r
t ͡ ʃ u ː k a l
t ͡ ʃ u r g i ː ď ə r ə
f a n a r i l
u ŋ i w k i ː l
t i r g a
o ː n t a ː n ə
e ː l a ː
ď ə w d o ː j i
h o k o r d ə
u s i l ə r ə
a ŋ i l i p
d i l a t ͡ ʃ a ː k a ː n
o d a n
k ə
b u s l ə l t ͡ ʃ o
ə j ə ː t t ə k i w u n
a g r ə
g u j a m a t t ͡ ʃ i l
k ə ŋ g i l o ː t t ͡ ʃ ə r ə
r e w o l u t ś i j a
k u r e ː d u ː
j u ː r ə
u s t a t i n
t u k s a n ə
g ə r b i ː ś i
a l a n ď a ŋ a
w e s p a
p u r u h
n a w ə h j ə
g ə r b i ś i ŋ k i t i n
m i n d u
ə h i
a ŋ a r a k i n
b ə j a t s ə
f ś i ď m o m
ə k u n
i t ͡ ʃ ə t t ͡ ʃ i l l ə n
u l i ː m ɲ i ː d u ː
h u n a ː t t u ː j i
ď a m i
b o l o n i ː w ə
t o k t o t ͡ ʃ o
h ə r ə k
a ŋ i l t i k i ː
u ː t ͡ ʃ a k
g o g o m o ː ď a ŋ a ː s
i n ə r ə w u n
n a j a b r d u ː
t ə γ ə t t ə
t u γ u n d u ː
h a ː k i n
h u t o l w i ː w
t ə γ ə ŋ k i ː w u n
ď o n ə m
a j a t
ʃ k o l a w a r
ŋ ə n ə ď ə ŋ o ː s
k o m o j ə n u n
m u t ͡ ʃ u ď ə m i
j e k o ː m ŋ u ː w ə
m o n ŋ i ː l
h i ː w r ə n
o ď ə r ə
l u t ͡ ʃ a d i w a
a m a k a n
k a z a h s t a n i l d u k
a j a m a m a
h a ŋ u ː k t a s a
a ŋ i ď ə n ə
a j a w r ə
n u l g i k t ə ď ə s o ː w u n
t u l ə ː w k i ː
ŋ ə n ə r i ː l a n
g ə n n o ː p k i ː l
a ŋ a ď a k a n
n ə k n i l
p ə k t i r o ː n ə n
d o l b o l t ə n ə
o γ i n
a r k i t t ͡ ʃ i l l a n
ə j ə ː ď ə n
ʃ
a d a w u p k i ː
u b d u n d u k i n
i t ͡ ʃ ə ŋ n ə m
ď u k t ͡ ʃ a l
ɲ i ŋ t ə l ď i
g a r p a w k i ː
a ː ŋ a l l ə n
t o z ə f k a w a
g ə n n o ː r ə w u n
i n ď ə k ə l d u
t a d u k
t a w i t t ͡ ʃ a
j a
m o ː r g ə l i w a n
k o l o ː n
ə t k i
g i r k u l t ͡ ʃ a ː w u n
h u k u l o ː ď ə n ə
u ŋ t u w u n ə
e ː t
k ə ŋ i l o ː r
a m t i l w u n
h i t ə ː n d u l o ː
t ͡ ʃ e n o k o ː n
u m u k t a w ə
ɲ e ː
o d a m
a m a ː
n u n
h a g d a k a ː n ə m
w e s i n
b o d o w i ː
h o k t ə l w ə r
a ŋ i l a ː i
b u l t a ď ə r ə n
o s a
m e ː w a n d u l a ː n
a m i n ŋ a h a
e ː s a l
h ə r ə k ə t m ə r i t
w o ː t a r w ə
d o l b o l t o n o l i ː
i t ͡ ʃ ə s i n i m
d o l s a ː t t ͡ ʃ ə r ə n
b ə j u ʃ t ͡ ʃ ə m i
o ď a m
ď a w i l ď ə
i r ə n
u h o ď ə r i ː l w ə
t i ː h i ś ə
d o k u m ə n t ə l d u ː t i n
g u r u s m i ː ď ə m i ː
b ə j u r ə
k i s l o k a n d u l a ː
ś i k ə n ď ə n a
ď u k t ͡ ʃ a j a n
ə ś o
o l a l a n
g o g o l t ͡ ʃ o ː
t u k s a ː n d ə
g u n i p k i ː
i s t ͡ ʃ a d a ː
g i r k u ď a f k i ː
m o ː t
h i n d a k i t t i k i n
h a l g a n ď i j i
k a l a n d u
o k a n ə m
d i n ŋ i ː l ə ː h i s ə
d u t u ď ə n ə
t s ə l i j
g i r k u l t ͡ ʃ a
i t ͡ ʃ e t t ͡ ʃ ə r i m
ď a v i l t i k i
i l a n ə
i t ͡ ʃ ə t t ͡ ʃ ə m
a h a t a w e t t u l a ː
ə w ə d i t
a r m i j a d u ː
t u m ɲ i p t ͡ ʃ a l
i s p a l ɲ a j u ś i m
ď o n t ͡ ʃ a ď ə r ə n
o l g i ː t k a n ə m
ś i m j a
g o γ o l l o
k i l o m ə t r
d ə g i l n u n
u g l a s t ͡ ʃ a ŋ a t
i l a n m ə
h a ŋ u ː k t a w k i ː
ď u r
ɲ i ŋ t ə l
h ə r m a d u ː
m o n ŋ i l a ː j i
u g u t
ə j ə ː p k i ː
i l ď ə f k i ː
t r a f i m
b u l t a ď ə f k i ː
n i k ə n ə l
m i n ŋ i
h u t ə k ə ː r w i ː
t ə r g ə k s ə l w ə t i n
b o r i ː r ə
g i r k u ď a t ͡ ʃ a ː w
i ː ś ə l
u t o ː l ə p t i d u ː
m o ː t i ː k u ː n
t o l g o k i ː d u ː
i g i l t i n
p ə k t i r o ː n i n n ə
ŋ o l o m o
o n t i k i r
o m i
u γ o r o b i t ͡ ʃ ə ː w
ɲ i ː ď ə n ə
ɲ i ː n u n
h u ŋ i l b i
u h i t k a n ə m
o ː k i ː d u k
k a
ə w g i s k i ː k u n
t i m a t n ə
k a p k a n d u ː w
o r o s i ː l
t u j ə
u m u ː k o ː n
t a ː l a ː j a
ɲ i ď ə l a d u ː
i l i m p e j e t o
i r ə k s ə w o n
ʃ o ː t m ə r
a r k i t t a n
g a r a d u k
a m a ː k a ː f
ď u l ə γ u
ə t ə j e t n o ː h i n ə
b a k a m i
h ə ŋ k ə t t ə
k u ŋ a k a ː r w ə
b u l t a j a n
r a s p a l ś a ś a h
h o ː ŋ n a ː ď a n a
i f k i ː l
ď ə b ď ə ŋ o ː n
t ə t i g a j a
d a r i ː l ə ː
g ə n n o ː ď ə s o ː n
d o g i g i d o t k i n
a m a r i n d u l a i
h u l a ː n
h i r u l w ə
h i ː f ś o
ə ɲ o ː
b u ː
n ə k u r w i
t i ː n ə w
h ə g d i d u ː w
ŋ o ː l ə p k o ː t t ͡ ʃ ə r ə
k ə r g ə n n u n m i
ŋ o ː l ə l ď ə r i ː
ď a w d u w i
a m ŋ a i
v i r t a l o t
ś e m ď i ś a t
i d u k p ə l
i ś ə w k i ː
t o ɲ a
ə t o
ď ə p t ə l
k i ŋ g i l o ː n
i r u w a ś i w u n t a w k i ː
h ə h ə n ŋ ə ː t
b a k a ď a m i
i r u ː k t ə ď ə r ə n
t o k t o d a ː n
g ə r b i ː ś i ː
ď u ː d u ː w ə r
u l i n ď a r a n
k u ː n
a t i r k a n a n
a h o ť i l ś a
ŋ o ː l ə t k ə l
k a ʃ u n a r ə
i n ď ə s o ː t i n
g a n a ś i f k i ː d a ː
ə m k ə ŋ m ə w
h u k o t ͡ ʃ a r
ə γ i k o n
h u w u l d u ː n
g u n i m
t u r u l a ː
t i l t ͡ ʃ o ː t i n
d ə g
h i l b a r a
n o ː p t ͡ ʃ o
b a d a r a n ɲ a ː t
h a w a l i t t ͡ ʃ ə r ə n
u r u w u t t ə n
a ŋ a ď a k a ː r i n
t ə γ ə w k o ː ś o
i t ͡ ʃ ə ď ə m
m ə ś a t s ə f
b e r ə s t a t
j u g a
b e ː γ a l t a n
n a d a n ď a r
i n m ə k t ͡ ʃ a l
o l r o m i ď ə r ə
ə s l i
t ͡ ʃ u m ə
g ə n n o ː ʃ u
d u k t ə ď ə n ə
i n ď ə ď ə ŋ o ː h u n
d u n n ə l d u ː
h ə r m ə l d u
a ŋ i w
t ə r g ə k s ə l w ə r
h u j u k ə k o r
a h i ː j i
ď u ː l a ː w ə r
u s s a
h u ː s k i ː
u b d u h i ś a
h u ː n a ː j i n ə l
p u s ť
h i m u ː r g a r a n
n o ː t ͡ ʃ o ː t i n
u m u k o ː n m ə
a ŋ i t ͡ ʃ a
a ː h i ː n m u t t a n
h a ː t ͡ ʃ a w
b o l n i t s ə l d u l a ː
ɲ i ː
s a ː t i r ə
t o l g o k i ː l w ə r
z i m o w j o l w ə l
h a ŋ a ː r b ə
o l g i ː k t a
t o ʒ ə
ď u ː w a n
i ď ə ŋ o ː s
b o k o n t ͡ ʃ u t ͡ ʃ ə l d ə n
j u ʒ n o j
i t ͡ ʃ ə t t ͡ ʃ ə n ə
n u l g i k t ə ď ə ŋ n ə r ə w
a ŋ i ŋ n ə m
p a l a t k a l a ː j i
a b d u n d u k
o z ə r o
h ə l ə k ə
u t ͡ ʃ i t t ͡ ʃ ə t ͡ ʃ a ː w
k i s l o k a n d u ː
p u t o r a n d u l a ː
g i r k u ː ď a f k i ː
i t ͡ ʃ ə t t ə
k u ŋ a k a r n u n
ə k s ə k t ə ŋ k i ː t i n
a m i ː n
b ə l e s p ə
l u k t a n
a h i w a
d o l b o l t o n o m o k
u m u n u k t ə
g i r k u ŋ k i ː w
m i n d u ː
ŋ ə n ə p ď ə n
p ə k t i r ə ː n r ə
h u t ə ś i ː
t u r g a l d i m i
t u m ɲ i n a ď i n
u h i t ť a n a
n o ː r a
t a w ə r d u ː
h ə l ə k ə m ə t
t ə γ ə t t ͡ ʃ ə m
ɲ i m ŋ a k a ː n m ə
o p k i ː l
a m a r d u k i w u n
h a l a ŋ i l ď a n a
b a k a ď a m
h u n t i l
u l u k i ː
i ś ə t t ͡ ʃ a
o l g i ː ď a f k i ː
t i ː n ə n
u ː ď a l a ː n
n u l g i t ͡ ʃ ə
ə r k o r k o ː r ď i
a ŋ i l d a ː j i
g ə n n o ː s a n
u t ͡ ʃ i t t i n ə l
n ə k u n i l w i
h u j u k u r
m i t t u l o ː
t o ː k t a k a n
m o n ŋ i ː t p i ː
t i g ə k o ː t ͡ ʃ o n m ə r
h ə g d i m o k
m o ː k a ː n m ə
j a ŋ g u w k i ː l
h u n m o n
t ə t t ͡ ʃ ə
h o ː k a ː t t ͡ ʃ a r a n
i ŋ i n i n
t a t a r w ə n
ə ɲ i ŋ ə h ə
ŋ i n a k i n d u k p ə r
ə ː d u k
t ə γ ə f k i ː
g ə r b i ː ś i ː d u ː
i ś ə f k ə ː n m u r ə
h ə k u ː ď ə r i ː
a m i ː j a
t o k t o t ͡ ʃ o l
a m i ː n t i n
b u l t a ŋ n ə n d ə
g o j o w u ː ŋ i ː r ə w u n
m u k o ː t o n
t ə γ ə t t ͡ ʃ ə ď ə ŋ ə ː s
k ə ʃ ə w ə
a ŋ a k a l
m a k a r i t ͡ ʃ
o d ə ŋ o ː t ə n
ď e l a ť
a m u t t u ː
a n ŋ a ɲ i ː n
ď a w u t ͡ ʃ a ď a m i
t o
ŋ ə n ə ď ə ď ə n
t o γ o ŋ i s
ś e r g e j i f
n i k o l a j i ʃ
k a r a b i n d u l a ː i
p ə k t i r ə ː n ə m
m e r e t
g i r k u ː ď a ŋ k i ː n
i n ť ə r ə s n a j
ə n ə l i w r ə
m m m
t i k t ͡ ʃ a n
n a d a
u l i ː ŋ n ə k ə l d u
b u s l ə w ə
ď u ː w u n
u l l ə d u ː
g o g o ď o r i l a ː n
a ŋ i f k i ː l
p ə h i t n ə n
t u ː r u ː d u ː
o j o t i n
ś i n d u ː
m e ː w u t t ə
h i n d a t n a s i n ŋ ə r ə w
j u ː m u ː r o k i n
t i k t ͡ ʃ a d u ː
a h i ː l a ː
u ː ď a d u ː
t ͡ ʃ a j i ŋ r ə r ə w
o ː n m ə r
h a m ɲ i ː k a r ə
a ŋ i l d u k
i t ͡ ʃ ə m i
a k i n i m
b u r i ː k ə l d u
a m i ː r i k t a t i n
b ə l ə ď ə ŋ k i ː w
ə l ə ː d ə ː k ə l
i ː l d ə ː k i w ə
t u l ə w k i ː l
e ː ď ə r ə n
i l m a k t a w a
n u ŋ a r
ŋ ə n ə s o
v a s i l j ə v n a
f o d ə r
o l o t i n
ɲ a m a p t ͡ ʃ u t
h ə h ə n t ͡ ʃ o
k a r a b i n m ə
p a l a t k ə l
r i g a d u ː
u l o ː k i n
n u l g i h i n d o ː w ə r
t u k s a ː n a
ə t ə j ə ś i m ɲ i ː
o ː k i r
d ə γ r ə
d u n n ə l ə ː
o n m ə r
ɲ i ŋ t ə l w ə
k u l j a
ə k u k a ː r w ə
k ə ŋ g i n ə l l ə n
ď u ː l a ː w
i r e n
a l a g u w ď a r a
d o ŋ o t o t t ͡ ʃ ə n ə
d a r i s k i
t i ː n ď ə r ə
i s k a ː n a m
i s ś a
b u s l ə l t ͡ ʃ o ː
a ŋ i l a ː w ə r
a g i ː l a ː
p ə ɲ s i j a l d i w ə r
ə t ə j ə t t ͡ ʃ ə ŋ k i ː n
v a ś a
g a n a t m a ː ś i l t ͡ ʃ a
g ə l ə ː k t ə n o ː s i n ə
ď u ː l i n
j u ː r ə
g ə l ə ː k t ə n ə ː h i n ə n
ʃ u l a k i ː
f s o
ə t i r k o ś o n
o ś e ɲ ɲ i ː w
d ə g i p k i ː
i t ͡ ʃ ə ː
ə b ə k o ː l a ː j i
a m a ː k a ː n
o d a
d o ː l d i ː t d a ː w u n
ď a w d u ː n
o n m o l
t u t o n t ͡ ʃ a n a d u
o ŋ o k t o n
t o γ o r i k t a t i n
h a r a ʃ o
b u ː k ə l
i n ď i ś o ː t i n
ə t i r k ə n m i
o m o l g i ː l d u ː w i
g ə l ə ː k t ə n a ː h i n ə
d ə g i l
ə b ə k o ː t k i ː j i
a ː ś i r
l u k i ː l w a t i n
t u n ŋ a r a ː m i j a
h u ŋ t u l
k r a s n a j a
ə k s ə k t ə ď ə ŋ k i ː t i n
a d i ː w a l
j u ː l d ə k i n
d ə g i l i ŋ n ə r ə w
a γ i ː ś i ː
g o γ o l ď o n
l e ʃ i l d u ː
a ŋ i p k i
t o γ o w o
u l o ː k k i t t ͡ ʃ ə m
ŋ u m i ː w i
h a ŋ u ː k t a s a
ď a w r a ː h i n a
o ď a ŋ a w a n
a ŋ i d a ː n
b a r g i ː
t o l g o k i ː w a
t a l u m a
h u w u l d u k i n
m o n ŋ i k t u u n
h ə h ə n ə m
h ə g d i h ə ď ə m
ɲ i ː m ə
ə h i k ə t k ə ː n
ɲ a m a ď i w ə
d ʒ ə b d o ː t i n
e ː w a w a l
l a m b a r a ː n ə n
ď a l d u ː w i
v ə r t o l o t
a l e k s e j
u r i n ə ŋ n ə r ə w
n o ː ď a n
s t a ː d ə l a ː w ə r
h u r k o k o r
m i n d u l i ː
g i r k u ː ď a m i
u ś i t ť a m i ː
d i γ i n ď a n
k i γ l ə ː l i n
o k a l l u
h i l b a t ť a d a n
m o ː l k ə n
u ː t ͡ ʃ a k p i
ś i l a t k a ː j ə m i l
a m i n i w
g o g o l l o
a ŋ i w a ː t
g i r k u ď ə ŋ n ə r ə w u n
ə k i ː s i
u g u d u ː
o
h i n t ͡ ʃ ə
p e ː s u w a
ď u γ u ː ď ə s o l
h o
h a l g a n n u n i n
t i g ə h u n
l u t ͡ ʃ a m ɲ i ː l
d ə g n ə
d u l i l g a s a
t a d u ː
ď a w u ː ś ə ď ə r ə
a t u r ə k i n
i s t ə ŋ a ː t
ď u ː l w u n
ə ː k u n i n
t u k a l o j a
l u r g i d o ː n
ʃ k o l a l ə ː
h u j u k u ː k o ː n
v n u t ͡ ʃ a t i l w i
b u r a n
t a r ə
a ː ď ə r ə n
u l o ː k k i n ə n
g ə ŋ a p k i ː l
d ə g i
b a g d a k ə l ď i
u l u k i ː l w ə
s w a r ś i k t u ː
t a w a r i ŋ i l
ə t ə j ə t t ͡ ʃ ə k t i n
a g i ː d u ː
s a ː g i d a l a n
i t ͡ ʃ ə t t ͡ ʃ ə ŋ k i ː w
ď ə b ď ə k s o ː n
ŋ ə n ə ś o ː w
t o l g o k i ː t i n
ŋ ə n ə k i t p a
h ə h ə n ď ə ŋ o ː n
i r u ŋ n a r a w u n
t ͡ ʃ i t i r i
p a m i ɲ a ť
i t ͡ ʃ ə t m u ː ď ə t ͡ ʃ ə ː w u n
i ː l ə
g u j a m a t t ͡ ʃ i m i
t u l ə t t ͡ ʃ i l l ə n
t u m ɲ i w r a
a m a ː k a ː
w a ś a
w i w i d u ː
u l g u k i ː l w ə
a ŋ i k a ː n ə
i n ə
m i n t i k i ː
ʒ i z ɲ
h u n d u k i n
u ː ď a w a w
s p i t ͡ ʃ k a w a
a h i ː
s o k t ͡ ʃ a ː t i n
d ə g i l t ͡ ʃ o ː n
l u p a h o d a l
ŋ ə n ə ď ə r ə
e ː
k i l t i r ə ː ď ə γ i n
a h o ť i t ͡ ʃ a ː w
d i n ŋ i ː l ə ː k t ə f k i ː
t o l k i ś i ŋ k i ː n
h a ː w k i ː
ŋ ə n ə ď ə w u n
u ː t ͡ ʃ a k k i
f e r m a d u ː
ŋ ə n ə ď ə t ͡ ʃ o ː w
a h a t k a ː n ŋ i ː n
i n ď ə m t ͡ ʃ ə l
u r i s k ə l
ŋ ə n ə p t ͡ ʃ a ː n
g r i b i l w a
j o p u
w a k a n ə m i l
t o γ o w o n
t a w ď a n
b a l o k i l d u ː t i n
o l i m
ə m k ə d u ː
t a ː l ə ː
t o l g o k i l d u l a ː w ə r
s i m i ŋ ə t j ə w ə r
p ə k t i r u ː d o ː w ə r
i t ͡ ʃ ə w r i t
v a a b ʃ ə
i r ə k ś ə ŋ m i
b u l t a ď i ŋ k i ː w
o l g o d o ː n
ŋ ə n ə t ͡ ʃ a l a t i n
h a ː r ə
m o n m i
u b d u n d u l a ː n
b r i g a ď i r i t
u ʃ i p ď a
g u n i f k i ː
t o l i
i n ď ə t ͡ ʃ o ː n
m ə r g ə l t ͡ ʃ o l
u m u k k o ː n
l i z a
u l d i t t ͡ ʃ ə ŋ k i ː n
ə l b ə t t ͡ ʃ ə n ə
ŋ i n a k i n ď i
s i ː
h u l u l a n
ď o r o m o ś o
b ə j ŋ o ː m o ː s t ͡ ʃ o
n u l g i t
k u k t i r ə w
a m i ː n i n
i t ͡ ʃ ə t t a ː w u n
o j o ː n ə
k a p k a r ə
d i l o
h ə r a ŋ i l w a
g u r u h i l w ə
ə n i ː ŋ ə h i
d i k ə n t ͡ ʃ ə r i ː w ə n
k a t a ŋ s k i j
t ͡ ʃ a s t u ː
g o g o r o
r i b a t ͡ ʃ i t t ͡ ʃ ə ŋ k i ː n
t u k s a ː h i k t a d u ː n
u s p e t t ə
a m a s k i ː w ə r
b e ː d u n
u l l i ː ŋ k i ː n
n o ː k ə l d u
ə j d ə r ə
ď a w u t ͡ ʃ a ď a t ͡ ʃ a ː w u n
ď a j a n a l w i
o z ə r o d u k
ə m ə g ə n ə n
i n ď ə r i ː j ə
ə j ə ː h i s ə l
n ə t ͡ ʃ a l i
ə m m u m
i ś o
o m o l g i ː w
ə m a ː m i j a
m o ː l k ə w u t t ͡ ʃ a m
ď o n t ͡ ʃ a ď a n n i
a m a ː k a ː t k a ː r
ś i m j a d u k
t ə γ ə t k ə l l u
ď i ś ə
h i l g i ď ə n ə
t ə g ə ś i l t ͡ ʃ o
t o γ o l t i
o d a
t i r ə ď ə r ə
ə w l ə p t ͡ ʃ u
t ə p ď ə r ə
a m ŋ a d u k
d ə r u ː ś o ː
s ə f h o s t u ː
h u ď i l ď ə ŋ o ː t
d o ː l d i ː r ə
i t ͡ ʃ ə r ə
ə l k o
u l l ə l w ə
r e n g e n d u ː
s o b i r a r ə
m o ː j a n
h u j e t t ͡ ʃ o ː w u n
a ŋ a w d ə l a ː n
ď u ː d u ː w a r
h u t o w
ś i m j a t p i
d u n n ə l d u k w i
b a j i l n u n
g u r u h i l w o
i r g a ť i n
u l i ː m ɲ i ː
i r g i j i
ŋ ə n ə ď ə ď ə m
a ŋ a r ə n
p a p a l l ə n
k a r t i ʃ k a t
t ə r ə g o ː w k i ː
i t i γ a ː ď ə ŋ n ə r ə w u n
u l t a l t ͡ ʃ a k a ː k u n
l u r g i g i n
o ď a n d ə
t ͡ ʃ a ː t i r ə l w ə
u s t a w a n
b u ː r ə
b u ː d ə r ə
e ː j a
a g d i ď ə r ə n
a r s a m k a ď a r a
a h i ː t k i ː j i
s v e r o f e r m a d u ː
t e l e g r a m m a w ə
u ŋ ə k ə ː l w i
a ŋ i ś i k a ː k u ː n
ď a w i l w a
h a l g a l i ʃ u d u ː
h a w a l k i r ə
k i s l o k a n t i k i
o w k i ː l
ə k i m
h u w u l i h u n
i t ͡ ʃ ə w o n u
j a k u t s k a d u ː
w a ː m t i ď a m i
g i r k u m i
j o ː
j a ŋ g u ď a m i
j a ŋ g u ː ď ə m i
ə b ə ː j
h u w u l i t
ɲ a m a l a ː n
a ŋ i f k i ː
ŋ ə ː l ə w s i p t ͡ ʃ u t
h ə g d i k o ː r
i w a n
i r g i ď ə r ə
n o ː d a n t ͡ ʃ ə ď ə m
h u ŋ t u w i
t a ː g t ͡ ʃ a
a m t i l n u n
ď ə b d o ː w ə r
h ə h ə n d u ː j i
o m o l g i ː l b i
b e s n a j i l
h o r i j ə n
ď a w i ď i t i n
h ə g d i l ə ː
d i n ŋ i ː l ə ː h i n ə m
u ː t ͡ ʃ a k j a w
g u ː n ə n
b ə l ə d o ː j i
l o p o r o ː r a k i n
a ː h i ś a
m i r ə t ͡ ʃ ə t i n
ŋ ə p k ə k ə ː l ə ː
g u l u w u n a
h i ː w u ś i l d a
t o l g o k i ː l ď i
o g d o k o ː l o t i n
m a t i
h ə g d i w ə
b o k o n i l t a k u r
h o k o r m i ː
a n ŋ a ɲ i ː
u t o k o g i r
a m a ɲ a
t ə t i w ď ə ŋ k i ː n
ɲ i ŋ t ə l ď i t i n
i n t ͡ ʃ o ː n
d a s t ͡ ʃ a
t a p ď ə r ə w
i ː k ə ː r i ː w o n
m i r ə t ͡ ʃ ə n
g u l u w u n d u l a ː w ə r
m o r t a l r a
b a k a ď a n
h o m o ː t i ː j a j
k r i m l a
n a k a n n o
i ː d u ː
o k i n
d i l a s a
s o d o r n u n
i n ď ə r ə w
ŋ ə n ə ď ə t ͡ ʃ o ː w u n
n o ː s i ŋ k i ː n
k o m o j ə d u k
g i r k u s a ː w u n
t u r u d u k
ə w u s t ə w
m i r ə n i m
d ə g i l i l d ə d ə ː j i
v l a d i m i r o v i t ͡ ʃ
t a w ə r a w
b u ː d ə n
h i ː w ď ə m i
r i b a k t u ː
m i n ŋ i
h u r k o k o r n u n
ď a w ŋ a t j ə w ə r
t ə ː ː l i
a t u r a k i n u n
b o l g i ś a ď a n
ɲ o γ u t
ď ə p t i l ə l w o
z ď ə ś
ŋ i n a k i n m ə r
d o ː n i n
ď a w d u ː w u n
ď u g a r a ː k i n
ŋ ə n ə ď ə t ͡ ʃ ə n
i ś ə t t ͡ ʃ o ː w
g u l u w u n m u n
l u h u ː
i ś ə p ď ə m i ː
h i t ə h ə l w ə
n u l g i ď i s u n
ə s i ː l ə
u γ i s k i ː
o m o l g i ː ŋ i l w i
a m u t w a
o k a l d u
t u n ŋ a
h u b ď a w k i ː
n u l g i s i t ə ː t
h ə r ə k ə ː t ͡ ʃ ə j i t ͡ ʃ ə
g i r k u w u n a t i n
a n ŋ a n i ː d u ː
d i l g a n m a n
b a k a n ə l
ď o r o m o ď o ŋ o ː w
l v o m
u r k ə w ə
ď ə w r a
p e k a r ɲ a l d u ː
d m i t r i j e w i t ͡ ʃ
ə t i r k o ː t ͡ ʃ ə r
a ŋ i w a n
n a k a n n a
p ə k t i r ə ː w u n m ə r
ŋ ə n ə ď ə k o ː k u ː t k ə l
t ͡ ʃ a ː s k i ː
a l ə ɲ a
ə r i k s ə t p i
ə w u ː s t ͡ ʃ a m
ə l a h a w a l
u t ͡ ʃ i ť ə l n i t s ə l
g i l g ə l
g i r k u ď a r i ː l w a
b a l u w a t t ə
t o l i k
u l g u t ͡ ʃ o ː n ə n
p a l a t k a w u n
t u k s a n d a ː j i
u r u w u r ə ŋ n ə r ə
i ś ə w u l i w k i l
g i r k u j i ʃ a ː t i n
z i m o w j o l o ː w
t a ŋ d a ː t i n
n u
ə w ə d i ť
t ə
p ə k t i r o ː k t ə l i
ŋ ə n ə w r ə
b a l d i ː ď a r a k i ː f
s o g d o n n o d u ː
g i r k i ː t ə ː k t ə
p o r o h
a p a ť
m u l i n
ď u ː k a k a ː n ď i w ə r
t u n ŋ a ď a r d u ː
j a k u t s k a
ď u ː w ə
g u l u w u n m a
d u n n ə l a ː
ə h i k o k o n
b u ː ď ə m
ď ə ː j a w i
i r ə k ś ə l d u ː
a n ŋ a n i ː n
t u r g a l d i t ͡ ʃ o ː w
t a ŋ ď a ŋ n a m
k u p t u r a n
h a l g a n
t o ː w ə r
t ͡ ʃ o k o k s o ː n m o
m i n d u l a ː
t ə γ ə ś o
t ə l i n
a n ŋ u d u ː
ď u r w ə
a ŋ i l a w ə r
i b ď a r i
ŋ ə n ə m
t a ŋ t ͡ ʃ a ː w
e ː k u n m ə l
o n t i k i n
t ə γ ə p k o ː n d o ː w ə r
l o k u s a ď a r a
ə t ə j ə ː t m i
w a r a k m i
d i k t ə l a
t o l g o k i ː l w ə t i n
b u ː p k i ː l
i j o l w o t i n
ď a w d u l a ː w ə r
g u g d a
b a r ʒ i l
ʃ k o l a w a
ʃ u r u ŋ n ə r ə v
b ə l ə ŋ k i ː t i n
g u n i l i m
t a ː d u ː k
b a k a r a w
ə l i w u m
g i r k u ď a r a n
k ə ŋ g i l o ː r i n
t o γ o t i n
t ͡ ʃ a j t i r ə w u n
o s a ː s
u g u w r a
l o p o k o l
d a w a r s a ď a n a
e ː k u n g u
a ŋ ə r ə
t ə γ ə γ o ː t
j u k t ə l a ː
o t ͡ ʃ ə w
t a l u l w a
n ə k n i l b i
h a l g a l i ʃ u
a ː h i s a l a n
g e ː t k i ː
u m u k i r
h a r u ː k k a r
g e ː w u m
i m u ː k s ə l w o n
a ŋ i n d u l a
ď ə p t i l ə t i n
u ŋ k o n m ə n
s t a ː d ə l a ː t i n
b o l o
i n ď ə ŋ k i ː w u n
t i r ə ː t ͡ ʃ o
ď a p k u t a l w a ː γ i n t ͡ ʃ ə
i n ə
ŋ ə n ə d a ː n
i ŋ ə n i w a
t u n ŋ a w a
d e ɲ g i k a r w o w u n
l u d m i l a
p ə k t i r o ː n i m
e ː k u r w ə s
u l g u t ͡ ʃ o ː n ə
a b e t t u ː
ŋ ə l i w ś i p t ͡ ʃ u
o m o ː n ə w u n
t u k s a ː m i
h a w a l i l i m
d o ː l d i ː l l ə w
h u w u l d u l o ː n
b u ː ď i ŋ o ː n
i h ə r i k t ə
i s ə t t ͡ ʃ o l
t ə t i γ ə ː l o n
h ə k u ː s i j ə
ʃ u r u ŋ n ə r ə w
m ə l e ɲ k ə
s p e t s ʃ k o l a d u ː
a ŋ a n i s i
i n ď ə r ə p
ŋ o ː l i ś i f k i ː l
t ͡ ʃ a t i p k a ː n ə
b ə l ə p k o ː n ď ə ŋ k i ː n
m o ː k a ː r b ə
ŋ ə n ə ď ə m i t
b u l t a ď i f k i ː
ə m ə g ə n i n
b a k a ś i w k a ː n i f k i ː
p u t i n
u s t ə n d u ː i
g a r p a n u s a ː n
a ŋ ə k a ː k u r
a l a ː ś i l t ͡ ʃ a l
s o ː t
h u k u ʃ i l i ŋ ə r ə
t a n t ͡ ʃ a ď ə r ə n
s a w o ː d a l w ə
ď u k t ͡ ʃ a d u ː
a m a r d u ː n
d o ː r ə n
ʒ e r ď i l w ə
ɲ e k ə ŋ d ə l a ː
p ə k t i r o ː t ͡ ʃ o ː n
t u l ə r ə w
a r k i t t ͡ ʃ i w r a
h ə r ə k ə r ə w
ə w ə d i w a
a ŋ i l b a r
h a ː r g i k a ː k u ː n
n o n o f
s a ŋ a ː r w ə
o ː k i r w a l
l u k t a
ə ː k u ː n m a l
z a p a t t i k i ː
ə ː l a h a w a l
ŋ ə n ə w r ə
p u r a s i n a w
a n ŋ a n i ː d u k
i n i k i r
k u ŋ a k a r ď i
k o r o ː n d u k
k i l ə b ə ŋ ď ə n ə l
t ə r g ə k s ə l b ə r
d ə g i l ď ə m
h ə k u ː h i ː t
t ə g ə t t ə
o l d o k o r w ə
u r i ː n ə l l ə w
a h i ː n u n
u j u s ə r ə
d o ː l d i ː t t ͡ ʃ ə l i m
u r i ː h i n n a ː h i n a n
o r a w
a ŋ u l d a
o l e k s a ː
b a j
ə w r ə n
a ŋ i s a
i s ə t t ə n
a r a k u k a ː n
w i b a r i l
i n ď ə ś ə n
i k o n ə m
o j o d u n
m u r u m n ə k
h ə t u k ə ː t ť ə w k i ː
g i r k u ď a f k i ː l
w a r k ə
i n t i d a ː j i
i ː d u
g u l u l d u ː
a ŋ a n i ś i
ď o n i n ŋ a ː m
i ː m d ə t i n
g a ŋ a p k i ː l
a t i r k a ː n n u n d u l a ː
t u ŋ a ɲ a m a
o ː k i r
ə ŋ ə h i ː
i ŋ i n
m o ː t i ː m i ː ď i t ͡ ʃ o ː w
ď a w r a ː h i n ď ə ŋ a ː t
ə t i r k o ː l ə s o ː n
a ŋ i l t i n
h u n a t i l
o l d o s i ː
a ŋ i l l a w
u ʃ i p ď a
h u k ə t ͡ ʃ i l
g i r k u m a t
ə w ə s k i ː
d ə r u ː k o n ə m
i ś ə r ə
a ŋ i l i n
g o g o ď o m i
a ŋ i t
ə k u n a
p o t a p t u ː
ə j ə ː h i n ď ə ŋ ə ː t
i r i k o n ə m
g i r k u ď a t ͡ ʃ a ː w u n
ə d i n
o j o l g o
ʃ t e ː n b e r k
h a ː d o n t ͡ ʃ i n i l
ś e v ə r g i d a ː t k i ː
ɲ e k ə ŋ d ə d u k
m ə ː n i n
b ə l ə ď ə t ͡ ʃ a ː w
ď u g u ď ə f k i ː
d a ː
h u w u l b ə t i n
p u ʃ n o m e h o w o j d u ː
g i r k u ː ď a f k i ː l
k u ŋ a k a r t i n
h o k t ə w ə r
ə ɲ i n i n
h a w a l i w k i ː
p a d r a t
ə h i k ə k o n
h ə h ə n i ŋ k i ː n
o k n ə n
ə ŋ ə h i ː w
ť e h ɲ i k u m m ə
i s m i ɲ i r ə
d a r j a k a ː n
o t ͡ ʃ a
v e d ə m ə s t i w ə
h o g d i ŋ o
h ə ː k i ː m n ə h i n ə n
h ə r ə k ə w a
t o k m a l a ː
i ː k ə l
h ə g d i h ə r ə n
n ə n
h i g ď ə m
h a w a l i t t ͡ ʃ a r a n
a ŋ i l a ː n
t ə t i l w ə
b u l t a ď ə ŋ o ː s
