د ا ش ت ی   ا ز د و ا ج   م ی ک ر د ی
ر ا س ت   گ ی ن
ب ه   ی ا د   خ و ا ه م   آ و ر د
ش ک ل   م ی گ ر ف ت ی د
م ی ن و ا ز ی
د ل   ب ه   د ر ی ا   ز ن ی
خ ط   ز ن د
د ز د ی   ک ن ن د ه
ش ک ل   گ ی ر ی
د ا ش ت   م ی چ ی ن د
پ ر ی د ه   ب و د ی م
م ی ب خ ش ی د م
س ر ف ه   خ و ا ه م   ک ر د
خ ن ث ی   خ و ا ه ن د   ک ر د
ق م پ ز   د ر   ب ک ن ی
ر ژ ی م   م ی گ ی ر م
د ا ش ت ی د   م ی پ ر ی د ی د
ا ش ت ب ا ه   ب ک ن ی م
م ر ح م ت   ک ن م
ب خ ش ی د ن
د ا ش ت ی م   م ی ک ش ی د ی م
م و ن ت ا ژ   م ی ک ر د ی
پ ر م
د ا ر ه   ش ک ل   م ی گ ی ر ه
ا م ض ا ء   خ و ا ه ن د   ک ر د
ر ژ ی م   گ ی ر م
ا ز د و ا ج   ک ر د ه   ب و د ی د
ن و ا ز ی د
ر ژ ی م   گ ر ف ت ه ا ی د
د ا ش ت ی   ب ل ن د   م ی ک ر د ی
ب ه   ی ا د   آ و ر د ن د
خ ن ث ی   ک ر د ه   ب ا ش م
ب ه   ی ا د   آ و ر د
ش ک ا ی ت   م ی ک ر د ی
د ز د ی   م ی ک ر د ی
ا ش ت ب ا ه   م ی ک ر د ن د
د ل   ب ه   د ر ی ا   م ی ز ن ن د
ت ح ص ی ل   م ی ک ن م
ن و ا ز ن د ه
ر ژ ی م   م ی گ ی ر م
ا ش ت ب ا ه   ب ک ن ی ن
ت م ا ش ا   م ی ک ن ی م
ا ز د و ا ج   ک ن ه
ب ا ی س ت
ا ش ت ب ا ه   ب ک ن د
د ا ش ت ی ن   ش ک ا ی ت   م ی ک ر د ی ن
م و ن ت ا ژ   ک ر د ه ا ی
ا س ت ف ا د ه   ک ر د ه   ب ا ش ی م
ر ا س ت   م ی گ ف ت ن د
ا ف س و س   خ و ر د ه   ب و د ی م
ا ی س ت ی م
خ و ا ه ی م   ص ب ر
ب ب خ ش ی م
ش ک ا ی ت   م ی ک ن ه
ن و ا خ ت ن د
ب ه   ی ا د   م ی آ و ر د ی ن
ا ف س و س   خ و ر د ه   ب ا ش ی
گ ز ا ف   م ی گ ف ت ن
ق م پ ز   د ر   ک ر د ه   ب و د ی م
ق م پ ز   د ر   م ی ک ن م
د ا ر ن د   ت م ا ش ا   م ی ک ن ن د
د ا ش ت م   ش ک ا ی ت   م ی ک ر د م
د ا ر م   م ن ت ش ر   م ی ک ن م
د ا ش ت ی م   ب ه   ی ا د   م ی آ و ر د ی م
م ن ت ش ر   ک ر د م
خ و ا ه م   ک ش ی د
م ی چ ی ن د ن د
د ا ش ت ی د   م ی چ ی ن د ی د
د ا ر ی م   خ ن ث ی   م ی ک ن ی م
م و ن ت ا ژ   ک ن ی د
د ا ش ت ی م   د ل   ب ه   د ر ی ا   م ی ز د ی م
ق م پ ز   د ر   ک ر د ه   ب ا ش م
ک ش ی د
ب ل ن د   ک ر د ه   ب و د
پ ر ی
د ا ر ی   م ی ت ر ک ی
ق م پ ز   د ر   م ی ک ر د ی م
خ و ا ه ی   ص ب ر
د ا ش ت ی   م ی ا ی س ت ا د ی
م ر ح م ت   م ی ک ن د
ن م ا ز   خ و ن د ه   ب ا ش م
د ا ش ت ن   م ی چ ی ن د ن
د ا ر ی ن   ش ک ا ی ت   م ی ک ن ی ن
خ و ا ه د   ف ش ر د
ن ف س   ک ش ی ن
گ ز ا ف   ب گ ی ن
م ن ت ش ر   ک ن ی م
ب ه   ی ا د   آ و ر د ه   ب ا ش د
د ا ر ه   م ی پ ر ه
د ا ش ت ن   م و ن ت ا ژ   م ی ک ر د ن
ت ح ص ی ل   ک ر د ه   ا س ت
د ا ش ت ی م   م ی پ ر ی د ی م
ت ح ص ی ل   ک ن ن
د ا ر ی   م ر ط و ب   م ی ک ن ی
د ز د ی   ب ک ن ه
ا ف س و س   م ی خ و ر ی ن
د ا ش ت ی م   ت ح ص ی ل   م ی ک ر د ی م
ش ک ل   ب گ ی ر ی ن
ر ا س ت   گ ف ت ه   ب ا ش ن د
ک ش ن
گ ز ا ف   ب گ ی م
د ا ر ی م   ر ژ ی م   م ی گ ی ر ی م
ر ا س ت   م ی گ ف ت ن
پ ا ک   ک ر د ه   ب و د ی ن
چ ی د ن د
ب ک ش م
پ ر ن د ه
ت م ا ش ا   ک ر د
د ا ش ت ی   ت ح ص ی ل   م ی ک ر د ی
ق م پ ز   د ر   خ و ا ه ن د   ک ر د
ش ک ل   گ ر ف ت ه   ب ا ش م
ر ژ ی م   ب گ ی ر
د ا ش ت م   ت م ا ش ا   م ی ک ر د م
م ر ط و ب   م ی ک ن ن د
خ و ا ه ن د   ب خ ش ی د
ا ش ت ب ا ه   م ی ک ن ه
د ا ش ت   ت ر ج م ه   م ی ک ر د
ت م ا ش ا   ک ر د ی
د ا ر ی ن   ب ه   ی ا د   م ی آ ر ی ن
م ر ط و ب   ب ک ن م
خ ط   ب ز ن ی
ا س ت ف ا د ه   ب ک ن
ا ز د و ا ج   م ی ک ر د ن
م ی ت ر ک ی د م
م ی ص ب ر ن د
د ا ش ت ن   م ی ب خ ش ی د ن
ا ز د و ا ج   ب ک ن ی د
د ا ر م   م ر ح م ت   م ی ک ن م
د ا ش ت   ن ف س   م ی ک ش ی د
ت ر ج م ه   ب ک ن ه
ا س ت ف ا د ه   ب ک ن ه
پ ر ی د ه   ب ا ش ن
د ا ش ت ی   ب ه   ی ا د   م ی آ و ر د ی
ا ف س و س   خ و ر د ه   ب و د ی د
د ا ش ت ن د   ش ک ا ی ت   م ی ک ر د ن د
د ا ش ت ی   خ ط   م ی ز د ی
د ل   ب ه   د ر ی ا   ز د ه   ب و د ن د
ب ل ن د   ب ک ن م
م ر ط و ب   م ی ک ر د ی ن
ا ف س و س   م ی خ و ر د ی ن
د ا ش ت ی   م ی ص ب ر ی
س ر ف ه   ک ر د ه   ب ا ش د
م و ن ت ا ژ   ک ر د ه   ا س ت
ب چ ی ن د
خ ط   ز ن ن د ه
م ر ح م ت   ک ر د ه   ب ا ش م
ت ر ک ی د ن
ن م ا ز   خ و ا ن د ه   ب و د ی د
م ی ب خ ش م
ر ا س ت   م ی گ ف ت ی م
م ی چ ی د ن د
د ا ر ی م   ا ف س و س   م ی خ و ر ی م
د ا ر ن   م ی ب خ ش ن
ت ح ص ی ل   ب ک ن م
ا ز د و ا ج   ک ن ی ن
ا ش ت ب ا ه   م ی ک ر د ی
ر ژ ی م   گ ر ف ت ه   ب ا ش م
د ا ر ی م   م ر ح م ت   م ی ک ن ی م
ش ک ا ی ت   ک ن د
خ و ا ه ن د   ا ی س ت ا د
ب ل ن د   م ی ک ر د ن
ب ت ر ک ی ن
ر ا س ت   گ ف ت ه   ب ا ش ی م
ک ش ی د ی ن
ا ی س ت ا د ه
خ ن ث ی   ک ن ی م
د ا ش ت م   ش ک ا ی ت   م ی ک ر د م
د ا ش ت   م ی ن و ا خ ت
م و ن ت ا ژ   ک ر د ه   ب و د
ا ی س ت ی ن
ش ک ل   گ ی ر د
ن و ا خ ت
م ن ت ش ر   ک ر د ی
د ا ش ت ی   م ی چ ی د ی
د ا ش ت ی ن   ت م ا ش ا   م ی ک ر د ی ن
ا م ض ا ء   م ی ک ن ی
گ ز ا ف   م ی گ و ی ن د
ر ژ ی م   گ ر ف ت ه   ب ا ش ی
ت ر ک ی د ه ا ی ن
گ ز ا ف   م ی گ و ی ی م
گ ز ا ف   گ م
د ا ش ت ن   م ی ن و ا خ ت ن
ن ف س   م ی ک ش ی د ی م
د ا ش ت م   ن م ا ز   م ی خ و ن د م
ر ا س ت   م ی گ ف ت ی
ب خ ش ی د ه   ب و د ی م
ت ر ج م ه   ک ر د ی
س ر ف ه   ک ر د ه   ب و د ن د
چ ی د ه   ب و د ی م
ب ل ن د   ک ر د ه   ب و د ی
ن م ا ز   ب خ و ا ن د
م و ن ت ا ژ   ک ر د ی م
ا س ت ف ا د ه   م ی ک ن د
ب پ ر ن د
خ ط   ز د ه
گ ز ا ف   ب گ ی ن
ف ش ر د ه   ب و د ی ن
خ ط   ز د ه   ب ا ش د
ر ا س ت   گ ف ت ه
د ا ش ت   م ر ح م ت   م ی ک ر د
د ل   ب ه   د ر ی ا   م ی ز ن ی م
د ز د ی   ک ر د ی د
م ر ط و ب   ک ر د ه   ب ا ش ی م
ش ک ا ی ت   ک ر د ه   ب و د ی م
س ر ف ه   م ی ک ن ی ن
ا ف س و س   ب خ و ر ی ن
د
ی م
ا ش ت ب ا ه   م ی ک ن م
ا ز د و ا ج   ک ر د ه ا ن د
ش ک ا ی ت   م ی ک ن ی م
د ا ر د   م ی ن و ا ز د
د ا ش ت   پ ا ک   م ی ک ر د
م ر ط و ب   م ی ک ن م
ن ف س   م ی ک ش ی د ی ن
د ا ر ی   پ ا ک   م ی ک ن ی
ا س ت ف ا د ه   خ و ا ه ی د   ک ر د
د ا ش ت   ت ح ص ی ل   م ی ک ر د
ف ش ر د ه ا م
ت ر ج م ه   ک ر د ه
د ا ش ت ی   ر ژ ی م   م ی گ ر ف ت ی
د ا ر ی م   ت ر ج م ه   م ی ک ن ی م
د ا ش ت ی ن   ر ژ ی م   م ی گ ر ف ت ی ن
ا م ض ا   م ی ک ن ن
خ ط   م ی ز ن ی د
د ا ش ت ی ن   ن ف س   م ی ک ش ی د ی ن
م ن ت ش ر   ک ر د ه   ب ا ش ن د
خ ط   ز د ه   ب و د
ر ا س ت   گ و ی ن د ه
م ی چ ی ن د م
د ا ش ت ی   ق م پ ز   د ر   م ی ک ر د ی
د ا ر ن د   س ر ف ه   م ی ک ن ن د
د ز د ی   ک ر د ه ا ن د
ت م ا ش ا   ک ر د ن
خ ط   ز د ه   ب و د ی
خ ط   ز د ه   ب ا ش ی ن
ب خ ش ی د ه ا ن
ر ا س ت   گ ف ت ه ا ی ن
د ا ر م   م ی چ ی ن م
ر ژ ی م   گ ر ف ت ه   ب و د ن
ن م ا ز   خ و ن د ه   ب و د ی ن
د ا ش ت ن   ن ف س   م ی ک ش ی د ن
ش ک ل   ب گ ی ر ی م
ک ش ی د ه   ب و د ن د
ب ه   ی ا د   آ و ر د ی د
ا ف س و س   خ و ر د ه ا ی
ا ی س ت ا د ی م
ن م ا ز   م ی خ و ن د ی ن
ن ف س   ک ش ی د ه ا ی
د ز د ی   م ی ک ن ی د
