س ر ف ه   م ی ک ن ی م
ا ف س و س   ب خ و ر ی ن
ب ه   ی ا د   آ و ر د ه   ب ا ش ی ن
د ا ش ت م   م ر ح م ت   م ی ک ر د م
ا ز د و ا ج   م ی ک ر د ن
ر ژ ی م   گ ر ف ت ی م
ا م ض ا ء   خ و ا ه ی   ک ر د
خ ط   ز ن ی د
د ا ش ت   ش ک ا ی ت   م ی ک ر د
د ا ر ی   م ی پ ر ی
د ل   ب ه   د ر ی ا   ز د ن
ر ژ ی م   گ ر ف ت ن
م ر ط و ب   ک ن ن د ه
م ن ت ش ر   ک ر د ه   ب و د ی
د ا ر ن د   ش ک ا ی ت   م ی ک ن ن د
د ا ش ت ی م   م ر ح م ت   م ی ک ر د ی م
ن ف س   م ی ک ش ی د ن
م ر ط و ب   ک ر د ه   ب و د ن
ا س ت ف ا د ه   ک ر د ه   ب ا ش ی م
ر ژ ی م   گ ر ف ت ه   ب ا ش ن
ش ک ا ی ت   ک ر د ه
ر ژ ی م   گ ر ف ت ه   ب و د ن
ش ک ا ی ت   ب ک ن ن
ص ب ر ی ن
م ر ط و ب   ک ر د ی ن
ک ش ی د ه   ب و د ن
د ا ش ت   پ ا ک   م ی ک ر د
م ی ت ر ک ه
ن م ا ز   خ و ا ن د ه   ب ا ش ی م
د ز د ی   ب ک ن ی
د
ش ک ا ی ت   م ی ک ن ی د
م و ن ت ا ژ   ک ر د ی م
ش ک ا ی ت   ک ر د ه
ش ک ل   ب گ ی ر ی د
خ ن ث ی   ک ر د ه ا ی
ب ه   ی ا د   ب ی ا ر ی ن
ا ز د و ا ج   ک ر د ه   ب ا ش ی م
پ ر ی د ی م
ن م ا ز   م ی خ و ن ی م
خ ا س ت ه   ب ا ش ن د
ق م پ ز   د ر   م ی ک ن م
ب ا ی س ت م
ن و ا خ ت ه ا ی م
چ ی د ه   ب و د م
ر ا س ت   گ ف ت ه   ب ا ش ی م
ق م پ ز   د ر   خ و ا ه ن د   ک ر د
ت ر ک ی د ه ا ی م
ا ز د و ا ج   ک ر د ه   ب ا ش ی
ت م ا ش ا   ب ک ن م
م ی م
د ا ر ی م   م ی خ ی ز ی م
ا ی س ت ا د ه   ب ا ش ی د
چ ی ن د ه   ب ا ش ه
ر ا س ت   خ و ا ه ی   گ ف ت
ن و ا ز ن د ه
ب خ ش ن
ا س ت ف ا د ه   ب ک ن ی م
م ر ح م ت   ک ر د ه   ب ا ش ن د
د ا ش ت ی   م ی ن و ا خ ت ی
ن و ا ز ه
ف ش ر د ه
ا س ت ف ا د ه   ب ک ن
ن م ا ز   خ و ن د ه ا ن
ن ف س   ب ک ش ی د
د ا ر د   پ ا ک   م ی ک ن د
د ا ش ت ی م   م ی پ ر ی د ی م
ت ح ص ی ل   ک ر د ه   ب ا ش ی م
م ر ط و ب   م ی ک ن ی
م ی ن و ا ز ی
د ا ش ت   م ی ت ر ک ی د
گ ز ا ف   م ی گ ف ت ن
خ ط   ز د ه   ب و د
خ ط   ز د ی د
ف ش ا ر ن د
ب ف ش ا ر ی ن
د ا ر ی   پ ا ک   م ی ک ن ی
ش ک ل   م ی گ ر ف ت
ا ز د و ا ج   ب ک ن د
خ ط   م ی ز ن ی د
چ ی ن د ه ا ی
م ن ت ش ر   ک ن ی م
د ا ش ت   م ر ح م ت   م ی ک ر د
ت ح ص ی ل   ک ر د ه   ب و د ن
ا ز د و ا ج   ک ر د ه ا ن د
د ا ر ی م   ب ه   ی ا د   م ی آ و ر ی م
ش ک ل   گ ی ر ه
ش ک ل   گ ر ف ت ه   ب و د ی
ب ت ر ک ه
د ا ر م   د ز د ی   م ی ک ن م
ن و ا خ ت ه ا ی
گ ز ا ف   ب گ ی ن
ا م ض ا ء   م ی ک ر د
خ ط   م ی ز د
گ ز ا ف   گ ی
م ی ب خ ش ی
ب ل ن د   ب ک ن م
د ل   ب ه   د ر ی ا   ز ن ی
ن م ا ز   خ و ن ی
د ز د ی   ب ک ن ی م
د ا ر ی   م ن ت ش ر   م ی ک ن ی
ت ح ص ی ل   ک ر د ه ا م
ش ک ل   م ی گ ی ر م
ا ز د و ا ج   ب ک ن ی د
د ا ر د   ت ح ص ی ل   م ی ک ن د
ا ش ت ب ا ه   ب ک ن ه
د ا ر م   ر ا س ت   م ی گ و ی م
ب چ ی ن ی م
خ ط   م ی ز د
د ل   ب ه   د ر ی ا   م ی ز ن ه
ا ف س و س   خ و ر د ه   ب و د ی
ب ل ن د   ک ن ه
ر ژ ی م   ب گ ی ر
م و ن ت ا ژ   ک ر د
ا ش ت ب ا ه   ک ر د ه ا ی
خ ن ث ی   ک ر د ه   ب و د م
ص ب ر ه   ب ا ش د
گ ز ا ف   ب گ ی م
د ز د ی   م ی ک ن ی
ر ژ ی م   گ ی ر م
ن م ا ز   خ و ن د ه ا ی ن
د ا ش ت ی   م ی ت ر ک ی د ی
ر ژ ی م   گ ر ف ت ن
ا ش ت ب ا ه   ب ک ن ی م
ن م ا ز   م ی خ و ا ن ی م
ن ف س   م ی ک ش ی د ی م
چ ی ن د ه
پ ر ی د ه ا ی
د ا ر ی د   ق م پ ز   د ر   م ی ک ن ی د
خ ن ث ی   ک ر د ه   ب ا ش م
ت ر ج م ه   م ی ک ر د ی م
ش ک ا ی ت   ک ر د ه   ب ا ش م
ن ف س   ک ش ی د ه   ب و د ی
م ی چ ی ن د ن
پ ر ی
د ا ر ن د   م ی ن و ا ز ن د
د ز د ی   م ی ک ن ی د
س ر ف ه   ب ک ن د
د ا ش ت   م ی ا ی س ت ا د
خ ط   ب ز ن ی
ب ب خ ش
م ی ی
ن م ا ز   خ و ن د ن
ب ه   ی ا د   آ و ر د ه   ب و د ن
د ا ش ت ی ن   ا م ض ا   م ی ک ر د ی ن
د ل   ب ه   د ر ی ا   م ی ز د
ن ف س   ک ش ی د ه ا ی
م ن ت ش ر   ک ن ی م
ش ک ا ی ت   ک ر د ه ا ی م
ب ف ش ا ر ی
م ر ح م ت   ک ر د ه
س ر ف ه   ک ر د ه   ب و د ن د
ر ا س ت   م ی گ ف ت ن د
م ر ح م ت   ک ر د ه   ب و د ن د
ن ف س   ک ش ی ن
م ر ح م ت   ک ر د ه ا ی د
ا ف س و س   خ و ر د ی م
خ ن ث ی   خ و ا ه ن د   ک ر د
د ا ر ن   ا س ت ف ا د ه   م ی ک ن ن
ا ف س و س   خ و ر ی ن
ق م پ ز   د ر   م ی ک ر د ی
م ی چ ی ن ی د
د ا ش ت م   م ی ا ی س ت ا د م
ب ه   ی ا د   ب ی ا و ر ی م
د ز د ی   ب ک ن ه
م ر ط و ب   ب ک ن ن د
ا م ض ا ء   خ و ا ه ی د   ک ر د
ب ف ش ا ر ی ن
ر ا س ت   گ ف ت ه ا ی ن
ب ه   ی ا د   ب ی ا ر ی
د ا ر ی ن   ر ژ ی م   م ی گ ی ر ی ن
ت م ا ش ا   ک ر د ن
ب ل ن د   ک ر د
ا ش ت ب ا ه   م ی ک ر د ن د
ر ا س ت   گ ف ت ه   ب ا ش ه
پ ر ی د ه   ب و د ی د
چ ی ن د ه   ب ا ش ن د
د ا ش ت م   ش ک ا ی ت   م ی ک ر د م
پ ر ی د ه   ب و د ی م
د ا ش ت ی   م ی خ ا س ت ی
خ ن ث ی   ک ر د ه   ا س ت
س ر ف ه   ک ر د ه   ب ا ش ن
م ی چ ی ن د ن د
ا ز د و ا ج   ک ر د ه   ب و د ی ن
ا م ض ا ء   م ی ک ن م
ت ر ج م ه   ک ر د ه
گ ز ا ف   م ی گ ف ت م
ب ه   ی ا د   آ و ر د ه
ا ش ت ب ا ه   خ و ا ه ی   ک ر د
د ا ر د   م ی ن و ا ز د
م ر ح م ت   ک ن ی
ب ه   ی ا د   م ی آ و ر د
ب پ ر ی
ن ف س   م ی ک ش ی د ی ن
خ ط   ز د ه
ا ی س ت ی م
س ر ف ه   ک ر د ه   ب ا ش ی
ق م پ ز   د ر   ک ر د ه ا ن
ب خ ش ی د ه   ب و د
ا ز د و ا ج   ک ن ی ن
ب ه   ی ا د   آ و ر د ه ا ی م
ت م ا ش ا   م ی ک ر د م
د ا ر ی   ن م ا ز   م ی خ و ن ی
م ر ط و ب   ک ن م
ش ک ا ی ت   ک ن ن د
د ا ش ت ی م   ت م ا ش ا   م ی ک ر د ی م
د ل   ب ه   د ر ی ا   ب ز ن ه
خ ط   م ی ز د ی ن
م ی چ ی ن د
ق م پ ز   د ر   ک ر د ی ن
خ و ا ه ن د   ص ب ر
م ی ب خ ش م
م ی ص ب ر ن د
م ی پ ر ی م
ق م پ ز   د ر   ب ک ن ی
د ا ش ت ن   م ی خ ا س ت ن
ق م پ ز   د ر   م ی ک ن م
د ا ش ت ی   م ی ف ش ر د ی
ر ژ ی م   م ی گ ی ر م
د ا ش ت ی   ق م پ ز   د ر   م ی ک ر د ی
ا ی س ت ا د ه
ت ر ک ی د ه   ب و د
خ و ا ه ن د   چ ی ن د
د ا ش ت   ت ر ج م ه   م ی ک ر د
د ا ر م   ا ش ت ب ا ه   م ی ک ن م
خ و ا ه ی د   ب خ ش ی د
د ا ش ت ی ن   م ی ب خ ش ی د ی ن
ش ک ل   ب گ ی ر ی ن
د ا ش ت ی م   ب ه   ی ا د   م ی آ و ر د ی م
خ و ا ه م   ک ش ی د
ا س ت ف ا د ه   ک ر د
م ن ت ش ر   ک ر د ه   ب ا ش ی
د ل   ب ه   د ر ی ا   م ی ز د ن د
ب ت ر ک ی ن
د ل   ب ه   د ر ی ا   ز د ه   ب ا ش د
ب
د ا ش ت ن   ب ه   ی ا د   م ی آ و ر د ن
ر ا س ت   م ی گ ی
د ز د ی   ک ر د ن
س ر ف ه   م ی ک ن د
پ ا ک   ب ک ن م
ا ش ت ب ا ه   م ی ک ن ه
ت ر ج م ه   م ی ک ر د ن
ا ف س و س   خ و ر د ه   ب و د ن
خ ن ث ی   ک ن ه
د ا ر ی   ا س ت ف ا د ه   م ی ک ن ی
خ ی ز د
ر ا س ت   گ ف ت ه   ب ا ش ن د
س ر ف ه   ک ر د ه   ب ا ش د
ب ه   ی ا د   آ و ر د
