ا ی س ت ا د ه ا ی م
م ی چ ی ن د ن د
ت ر ک ی د ه ا ی ن
ب خ ش ی د ه ا ی م
ن و ا خ ت ه ا ی م
م ی ت ر ک ی د ی د
ن و ا خ ت ه ا ی م
ت ر ک ی د ه ا ی م
م ی ب خ ش ی د ی م
م ی ب خ ش ی د ن د
م ی ب خ ش ی د ی م
م ی ا ی س ت ا د م
م ی خ ا س ت ن د
ن و ا ز ن د ه
م ی ک ش ی د ی ن
ف ش ر د ه ا ی ن
م ی پ ر ی د ی م
ا ی س ت ا د ی ن
خ ا س ت ه ا ی ن
م ی ف ش ر د ی م
ب خ ش ی د ه ا ن
ب خ ش ی د ه ا ی
ت ر ک ی د ه ا ن
ن و ا خ ت ه ا ی
ا ی س ت ا د ی م
ف ش ر د ه ا م
ا ی س ت ا د ن د
م ی ب خ ش ی د م
م ی ف ش ا ر ی د
م ی ت ر ک ی د م
م ی ص ب ر ی ن
ص ب ر ه ا ی م
ص ب ر ه ا ن د
م ی ص ب ر ن د
م ی ا ی س ت ی ن
پ ر ی د ه ا ی
م ی پ ر ی د ی
م ی پ ر ی د م
م ی ف ش ر د ی
م ی ف ش ر د ی
ف ش ر د ه ا م
م ی چ ی ن ی ن
م ی ن و ا ز م
خ ا س ت ه ا ی
ا ی س ت ا د ی
ا ی س ت ا د م
ب ف ش ا ر ی ن
ن و ا خ ت ی م
ا ی س ت ا د ه
ن و ا خ ت ن د
ب ف ش ا ر ی ن
م ی چ ی د ن د
خ ا س ت ی م
م ی ت ر ک ی م
ب خ ی ز ی م
م ی ن و ا ز ی
م ی ف ش ا ر ه
ا ی س ت ی م
ک ش ی د ه ا ی
ب ت ر ک ی د
ن و ا ز ی د
ک ش ی د ه ا م
ب ن و ا ز ی م
م ی چ ی ن ی د
م ی چ ی ن د ن
م ی ت ر ک م
م ی چ ی ن د م
ب خ ی ز ی د
م ی ک ش ی د
م ی چ ی ن ی
م ی چ ی ن ی د
م ی ن و ا ز ی
ص ب ر ه ا م
چ ی ن د ن د
پ ر ی د ی ن
پ ر ی د ی م
ک ش ی د ی ن
م ی پ ر ی م
ب ت ر ک ه
ب خ ش ن د ه
ب خ ش ی د ن
م ی پ ر ن د
م ی ف ش ر د
ب خ ش ی د ن
ب چ ی ن ی م
ب ا ی س ت م
ب ن و ا ز م
م ی ب خ ش م
ف ش ر د ه
ب ک ش ی م
ا ی س ت ا د
ب ک ش ی م
ب ب خ ش ی م
م ی ب خ ش ی
چ ی د ی م
چ ی ن د ه ا ی
ب چ ی ن ی م
چ ی ن د ه ا ی
ب ب خ ش ی ن
ب ب خ ش ی م
ب ف ش ا ر ی
م ی ت ر ک ه
ا ی س ت ی ن
ب ف ش ا ر د
ب ت ر ک ی ن
چ ی ن ی م
ب خ ی ز م
ب خ ی ز م
ن و ا ز م
ب ن و ا ز ه
م ی چ ی ن د
ف ش ا ر ن د
ب ت ر ک د
م ی چ ی ن ی
ن و ا ز ه
ص ب ر ی ن
ب خ ی ز د
ب خ ی ز ن
ت ر ک ی د ن
ت ر ک ی د ن
ت ر ک ی د ی
چ ی ن ی ن
م ی پ ر ی
چ ی د ن د
ب خ ش ی م
ب خ ش ن د
ب چ ی ن م
ب پ ر ی م
خ ا س ت ن
خ ی ز ی ن
م ی ک ش م
پ ر ن د ه
ب پ ر ی ن
ب خ ش ی ن
م ی پ ر د
ب خ ش ی د
ف ش ر د ن
ب پ ر ن د
ن و ا خ ت
چ ی د ی م
ب چ ی ن د
خ ی ز م
ب ک ش م
ت ر ک ی د
خ ی ز ن
چ ی ن د ه
ک ش ی د ه
ب چ ی ن ی
چ ی ن ن
ب ا ی س ت
ب خ ش ن
ک ش ی م
ک ش ی د
ب پ ر ی
ب پ ر م
ب پ ر ن
خ ی ز د
ب ک ش د
م ی م
ص ب ر
د
ک ش ن
پ ر ی
پ ر ی
ک ش ی
پ ر م
ک ش د
ک ش ه
پ ر د
ب ب خ ش
م ی ی
ب ک ش
م ی ی
ب ی د
ب ن
ی م
ب ی
ب
ن م ا ز   خ و ن د ه   ب ا ش ی م
د ا ر ی   ا م ض ا   م ی ک ن ی
د ا ش ت ی ن   ر ژ ی م   م ی گ ر ف ت ی ن
د ا ش ت ی م   د ل   ب ه   د ر ی ا   م ی ز د ی م
د ا ش ت ن د   ا س ت ف ا د ه   م ی ک ر د ن د
د ا ش ت ی م   ق م پ ز   د ر   م ی ک ر د ی م
د ا ش ت ن د   ق م پ ز   د ر   م ی ک ر د ن د
د ا ر ی   ن م ا ز   م ی خ و ن ی
د ا ش ت ی م   ب ه   ی ا د   م ی آ و ر د ی م
د ا ش ت ی م   ا ز د و ا ج   م ی ک ر د ی م
د ا ش ت ی د   ا ف س و س   م ی خ و ر د ی د
د ا ر ن   ا س ت ف ا د ه   م ی ک ن ن
د ا ر ن د   ش ک ا ی ت   م ی ک ن ن د
د ا ش ت ی ن   ت م ا ش ا   م ی ک ر د ی ن
د ا ش ت ی ن   ش ک ا ی ت   م ی ک ر د ی ن
د ا ش ت ی م   م ر ح م ت   م ی ک ر د ی م
د ا ش ت ن   د ل   ب ه   د ر ی ا   م ی ز د ن
د ا ش ت ی م   ت ح ص ی ل   م ی ک ر د ی م
د ا ش ت ن د   ش ک ا ی ت   م ی ک ر د ن د
د ا ش ت ی م   م ر ح م ت   م ی ک ر د ی م
د ا ش ت ن د   ت ح ص ی ل   م ی ک ر د ن د
د ا ش ت م   ق م پ ز   د ر   م ی ک ر د م
د ا ش ت ن د   ا م ض ا ء   م ی ک ر د ن د
د ا ش ت ی م   گ ز ا ف   م ی گ ف ت ی م
د ا ش ت ی م   ت م ا ش ا   م ی ک ر د ی م
د ا ش ت ی م   ت م ا ش ا   م ی ک ر د ی م
د ا ر ن د   س ر ف ه   م ی ک ن ن د
د ا ر ن د   ت م ا ش ا   م ی ک ن ن د
د ا ش ت ی ن   ا م ض ا   م ی ک ر د ی ن
د ا ش ت ی   ب ه   ی ا د   م ی آ و ر د ی
د ا ر ی م   ب ه   ی ا د   م ی آ و ر ی م
د ا ش ت ی   ب ه   ی ا د   م ی آ و ر د ی
د ا ش ت ی   ا ف س و س   م ی خ و ر د ی
د ا ش ت ی ن   د ز د ی   م ی ک ر د ی ن
د ا ش ت ی   ن م ا ز   م ی خ و ن د ی
د ا ش ت ی م   ش ک ل   م ی گ ر ف ت ی م
د ا ش ت ی   ق م پ ز   د ر   م ی ک ر د ی
د ا ش ت ی ن   گ ز ا ف   م ی گ ف ت ی ن
د ا ش ت ن د   ش ک ل   م ی گ ر ف ت ن د
د ا ش ت ن   م و ن ت ا ژ   م ی ک ر د ن
د ا ش ت ی   ا ز د و ا ج   م ی ک ر د ی
د ا ش ت ی ن   خ ن ث ی   م ی ک ر د ی ن
د ا ش ت ن   ب ه   ی ا د   م ی آ و ر د ن
د ا ش ت ی ن   ن ف س   م ی ک ش ی د ی ن
د ا ش ت ی م   خ ن ث ی   م ی ک ر د ی م
د ا ش ت ی د   ن ف س   م ی ک ش ی د ی د
د ا ش ت م   ا ز د و ا ج   م ی ک ر د م
د ا ر ی د   ق م پ ز   د ر   م ی ک ن ی د
د ا ش ت ی م   ن ف س   م ی ک ش ی د ی م
د ا ش ت ی م   ن ف س   م ی ک ش ی د ی م
د ا ر ی م   ا ش ت ب ا ه   م ی ک ن ی م
د ا ر ی م   ا ف س و س   م ی خ و ر ی م
د ا ش ت م   ت م ا ش ا   م ی ک ر د م
ن م ا ز   خ و ن د ه   ب و د ی ن
د ا ر ی ن   ش ک ا ی ت   م ی ک ن ی ن
د ا ر ی ن   ب ه   ی ا د   م ی آ ر ی ن
د ا ر ن   ن م ا ز   م ی خ و ن ن
د ا ر ی م   ر ژ ی م   م ی گ ی ر ی م
د ا ش ت ی   ر ژ ی م   م ی گ ر ف ت ی
د ا ش ت ی   ا م ض ا   م ی ک ر د ی
د ا ش ت ی   م ن ت ش ر   م ی ک ر د ی
د ا ر ن د   د ز د ی   م ی ک ن ن د
د ا ش ت ی   ت ح ص ی ل   م ی ک ر د ی
د ا ش ت م   م ر ح م ت   م ی ک ر د م
د ا ر ی ن   ر ژ ی م   م ی گ ی ر ی ن
د ا ش ت ی   ش ک ا ی ت   م ی ک ر د ی
د ا ش ت ی م   م ی ا ی س ت ا د ی م
ق م پ ز   د ر   خ و ا ه ن د   ک ر د
ا س ت ف ا د ه   خ و ا ه ی د   ک ر د
د ا ش ت م   ش ک ا ی ت   م ی ک ر د م
ا س ت ف ا د ه   ک ر د ه   ب ا ش ی م
ا س ت ف ا د ه   ک ر د ه   ب ا ش ی د
