خ ی ز ی ن
خ ی ز د
م ی ن و ا ز ی
ب خ ی ز د
م ی ن و ا ز ی
ب خ ی ز ی د
ن م ا ز   خ و ا ن د
ن و ا ز ی د
م ی چ ی ن ی
م ی چ ی ن ی
ن م ا ز   م ی خ و ا ن ی م
ن م ا ز   خ و ن ی
م ی چ ی ن ی د
خ ی ز م
د ا ر د   ن م ا ز   م ی خ و ا ن د
م ی ن و ا ز م
م ی چ ی ن ی د
خ ی ز ن
ن م ا ز   ب خ و ا ن ی
ب خ ی ز ی م
ن م ا ز   ب خ و ا ن د
د ا ر ی م   م ی خ ی ز ی م
م ی ی
ن م ا ز   م ی خ و ن ی م
ب خ ی ز ن
گ ز ا ف   م ی گ و ی ن د
ب خ ی ز م
م ی ی
ن م ا ز   خ و ا ه ی د   خ و ا ن د
ب ه   ی ا د   ب ی ا ر ی
ب ا ی س ت
گ ز ا ف   م ی گ و ی ی م
ب ی د
ب ن و ا ز ی م
ب ه   ی ا د   م ی آ و ر د
ب خ ی ز م
م ی ا ی س ت ی ن
گ ز ا ف   گ ی
د ا ر د   م ی ن و ا ز د
ب ه   ی ا د   ب ی ا و ر
ن و ا ز ه
ن م ا ز   خ و ا ه م   خ و ا ن د
چ ی ن ی ن
ن و ا ز م
ن م ا ز   م ی خ و ن د
ب ه   ی ا د   ب ی ا ر ی ن
خ و ا ه د   چ ی د
ب ن و ا ز ه
ب چ ی ن ی
ا م ض ا ء   م ی ک ن ی
خ ط   م ی ز ن ی د
د ا ر ی ن   گ ز ا ف   م ی گ ی ن
م ی چ ی ن ی ن
د ا ر ی ن   م ی ا ی س ت ی ن
د ا ر ی ن   م ی چ ی ن ی ن
خ ط   م ی ز ن د
ن و ا ز ن د ه
ب ن و ا ز م
ب ی
د ا ر ن د   م ی ن و ا ز ن د
گ ز ا ف   ب گ ی ن
م ی چ ی ن د
گ ز ا ف   ب گ ی ن
خ و ا ه ی م   ن و ا خ ت
خ و ا ه ی   ن و ا خ ت
ب ه   ی ا د   م ی آ و ر ی م
گ ز ا ف   م ی گ و ی م
خ و ا ه ی م   ا ی س ت ا د
خ و ا ه د   ا ی س ت ا د
د ا ش ت ی   ن م ا ز   م ی خ و ن د ی
خ و ا ه م   چ ی د
ن م ا ز   م ی خ و ن د ی ن
ب ه   ی ا د   م ی آ ر ن
خ ط   م ی ز د
خ ط   م ی ز د
ب ه   ی ا د   ب ی ا و ر د
گ ز ا ف   ب گ و ی ن د
چ ی ن ی م
د ا ر ی ن   ب ه   ی ا د   م ی آ ر ی ن
خ و ا ه ی د   ب خ ش ی د
ن م ا ز   م ی خ و ن د ی م
خ و ا ه ن د   ا ی س ت ا د
د ا ر ی   ن م ا ز   م ی خ و ن ی
د ا ر ی ن   ر ژ ی م   م ی گ ی ر ی ن
د ا ر د   م ی چ ی ن د
د ا ر ی م   م ی ا ی س ت ی م
د ا ر ی ن   م ی ب خ ش ی ن
خ و ا ه ی   چ ی د
خ و ا ه ی   چ ی ن د
ب ه   ی ا د   ب ی ا و ر ی م
ر ژ ی م   ب گ ی ر
ب چ ی ن د
د ا ر د   ب ه   ی ا د   م ی آ و ر د
ر ژ ی م   م ی گ ی ر ی ن
د ا ر ی د   خ ط   م ی ز ن ی د
ر ژ ی م   م ی گ ی ر ی
د ا ر ی   م ی ا ی س ت ی
خ و ا ه ن د   چ ی ن د
د ا ر ی م   ب ه   ی ا د   م ی آ و ر ی م
م ی ب خ ش ی
گ ز ا ف   گ و ی ن د ه
خ و ا ه د   ب خ ش ی د
خ ن ث ی   م ی ک ن د
ا ی س ت ی ن
د ا ر ی   گ ز ا ف   م ی گ و ی ی
خ ن ث ی   م ی ک ن ن د
خ ط   م ی ز ن ی م
د ا ر ی   ب ه   ی ا د   م ی آ و ر ی
د ا ر د   م ی د
گ ز ا ف   ب گ ی م
م ی م
خ و ا ه ن د   ب خ ش ی د
گ ز ا ف   گ م
د ا ر ی م   ر ژ ی م   م ی گ ی ر ی م
ن و ا خ ت
ا م ض ا ء   م ی ک ن م
ن م ا ز   خ و ن د ن
چ ی ن ن
م ی ا ی س ت ا د م
ن م ا ز   خ و ن د ه ا ی ن
ب چ ی ن ی م
د ا ش ت ی   م ی ا ی س ت ا د ی
ب چ ی ن ی م
ب ه   ی ا د   آ و ر د
ب خ ش ی ن
د ا ش ت ی ن   م ی ب خ ش ی د ی ن
خ ط   خ و ا ه ی د   ز د
ر ژ ی م   م ی گ ی ر م
د ا ش ت م   ن م ا ز   م ی خ و ن د م
م ی چ ی د ن د
م ی چ ی ن د ن د
د ا ر ن   ن م ا ز   م ی خ و ن ن
ر ژ ی م   م ی گ ی ر م
د ا ش ت ی م   م ی ا ی س ت ا د ی م
د ا ش ت ی ن   م ی چ ی د ی ن
د ا ش ت ن   م ی ا ی س ت ا د ن
خ ط   ز ن ی د
د ا ر ی   گ ز ا ف   م ی گ ی
م ی چ ی ن د ن
ر ژ ی م   گ ی ر م
ا م ض ا   م ی ک ن ن
گ ز ا ف   گ ه
خ و ا ه د   ک ش ی د
م ی خ ا س ت ن د
د ا ر م   م ی چ ی ن م
خ ط   م ی ز د ی ن
ن و ا خ ت ی م
ن م ا ز   خ و ن د ه ا ن
ا ی س ت ا د ی
د ا ش ت ی د   م ی چ ی د ی د
خ ن ث ی   م ی ک ن ی م
ا م ض ا   م ی ک ن ه
د ا ش ت ی   م ی ن و ا خ ت ی
ر ژ ی م   گ ی ر م
د ا ر ی م   ا م ض ا ء   م ی ک ن ی م
ب ه   ی ا د   م ی آ و ر د
ن و ا خ ت ن د
ا م ض ا ء   ک ن ی م
خ ن ث ی   ب ک ن ی
ن و ا خ ت ه ا ی
م ی چ ی ن د م
د ا ش ت م   م ی ا ی س ت ا د م
م ی ب خ ش ی د ی م
ش ک ل   م ی گ ی ر ی د
خ ط   ز ن د
م ی ب خ ش ی د ی م
د ا ش ت ی د   م ی چ ی ن د ی د
م ی ب خ ش ی د ن د
د ا ش ت ن   م ی ب خ ش ی د ن
د ا ش ت ی   خ ط   م ی ز د ی
د ا ر ی   م ی ی
ا ی س ت ی م
ن م ا ز   خ و ا ن د ه   ب ا ش ی م
ب ب خ ش ی ن
خ ن ث ی   ک ن ی
د ا ر ی د   م ی پ ر ی د
د ا ش ت ی   م ی چ ی د ی
د ا ش ت   م ی ا ی س ت ا د
د ا ش ت ی ن   ن ف س   م ی ک ش ی د ی ن
د ا ش ت ی   ب ه   ی ا د   م ی آ و ر د ی
خ و ا ه ی د   ص ب ر
خ و ا ه ی م   ص ب ر
د ا ر ی ن   م ی ک ش ی ن
د ا ر م   م ی م
د ا ش ت ن   م ی چ ی ن د ن
م و ن ت ا ژ   م ی ک ن ن د
د ا ش ت   م ی ن و ا خ ت
ب ه   ی ا د   م ی آ و ر د ی ن
د ا ش ت   م ی چ ی ن د
د ا ش ت ن   م ی ن و ا خ ت ن
ا ی س ت ا د ی ن
ا ی س ت ا د
خ ط   ب ز ن ی
ب خ ش ن د
د ا ش ت ی ن   گ ز ا ف   م ی گ ف ت ی ن
ن م ا ز   خ و ا ن د ه   ب و د ی د
م ی ف ش ا ر ی د
د ا ش ت ی ن   م ی ص ب ر ی ن
د ا ش ت ی   ب ه   ی ا د   م ی آ و ر د ی
د ا ش ت ی م   ب ه   ی ا د   م ی آ و ر د ی م
ب ب خ ش
م ی پ ر ن د
خ ط   ز د ی
ا م ض ا ء   خ و ا ه ی د   ک ر د
د ا ر م   خ ط   م ی ز ن م
ن و ا خ ت ه ا ی م
چ ی ن د ه ا ی
د ا ش ت ن   ب ه   ی ا د   م ی آ و ر د ن
خ و ا ه م   ک ش ی د
خ ط   ز د ی د
ن ف س   خ و ا ه ی م   ک ش ی د
ر ا س ت   م ی گ ی
د ا ش ت   ب ه   ی ا د   م ی آ و ر د
خ ن ث ی   م ی ک ن م
چ ی ن د ه ا ی
د ا ش ت   ب ه   ی ا د   م ی آ و ر د
د ل   ب ه   د ر ی ا   م ی ز ن ن د
ا ف س و س   م ی خ و ر ی د
د ز د ی   م ی ک ن ی د
م ی ب خ ش ی د م
د ا ش ت ی د   ن ف س   م ی ک ش ی د ی د
ا م ض ا   ک ن ی م
ب ا ی س ت م
ب ه   ی ا د   آ و ر ن د ه
م ی پ ر ی م
ن م ا ز   خ و ا ن د ه   ب ا ش م
ن و ا خ ت ه ا ی م
ر ا س ت   ب گ و ی ی د
د ز د ی   م ی ک ن ی
د ا ش ت ی م   گ ز ا ف   م ی گ ف ت ی م
ب چ ی ن م
د ا ش ت ی   م ی خ ا س ت ی
چ ی ن د ن د
ن ف س   م ی ک ش ی د ی ن
م ی ص ب ر ن د
گ ز ا ف   م ی گ ف ت ن
د ا ش ت ی م   ن ف س   م ی ک ش ی د ی م
ا ی س ت ا د ی م
م ی پ ر ی
ب ه   ی ا د   خ و ا ه م   آ و ر د
م ی ک ش ی د
خ و ا ه ن د   ت ر ک ی د
ا م ض ا   ک ن ن
ی م
ش ک ل   م ی گ ی ر ی م
خ و ا ه ی   ص ب ر
خ و ا ه ن د   ص ب ر
د ا ش ت ی م   ن ف س   م ی ک ش ی د ی م
د ا ش ت ی د   م ی پ ر ی د ی د
ت ح ص ی ل   م ی ک ن ی
