پ ر ی د ه   ب و د ی د
د ا ش ت   ت ر ج م ه   م ی ک ر د
ا ف س و س   خ و ر د ه   ب ا ش ی
ا ف س و س   خ و ر د ه   ب ا ش ه
ت م ا ش ا   ک ر د ه ا ی
ا س ت ف ا د ه   ب ک ن
م ن ت ش ر   ک ن ی د
ر ا س ت   گ ف ت ه   ب ا ش ن د
س ر ف ه   خ و ا ه م   ک ر د
ق م پ ز   د ر   م ی ک ر د ی م
ب ت ر ک د
ک ش ی د ه ا م
ا ف س و س   خ و ر د ی م
ر ژ ی م   گ ر ف ت ه   ب ا ش م
پ ا ک   ک ن ی
خ ن ث ی   ک ر د
ا س ت ف ا د ه   ب ک ن ی م
م و ن ت ا ژ   ک ر د ه ا ی م
ا س ت ف ا د ه   ک ن ی م
د ا ر ه   م ن ت ش ر   م ی ک ن ه
م ر ح م ت   خ و ا ه ی   ک ر د
پ ر ی د ه   ب ا ش ن
ش ک ل   م ی گ ر ف ت
ا ش ت ب ا ه   م ی ک ر د
م ن ت ش ر   خ و ا ه ی م   ک ر د
د ا ر م   م ن ت ش ر   م ی ک ن م
ا س ت ف ا د ه   ک ن ی م
ق م پ ز   د ر   م ی ک ر د ی
م و ن ت ا ژ   ک ر د ه ا ی
خ ط   ز د ه   ب و د
ش ک ل   گ ی ر ه
ش ک ل   خ و ا ه ی   گ ر ف ت
خ ن ث ی   ک ر د ی م
س ر ف ه   ب ک ن د
ت ح ص ی ل   م ی ک ر د
ص ب ر ه   ب ا ش ی ن
ت ر ک ی د ه ا ن
ر ژ ی م   گ ر ف ت ه   ب ا ش ن
د
د ل   ب ه   د ر ی ا   ز د ه   ا س ت
ب خ ش ی د ه   ب و د م
ا س ت ف ا د ه   ب ک ن
د ا ر ن   ا س ت ف ا د ه   م ی ک ن ن
د ا ش ت ن د   ق م پ ز   د ر   م ی ک ر د ن د
ر ا س ت   ب گ و
ش ک ل   م ی گ ر ف ت ی د
چ ی د ه   ب ا ش م
ت ح ص ی ل   م ی ک ر د ی م
پ ا ک   ک ن ی د
ب ل ن د   ب ک ن م
ا ش ت ب ا ه   م ی ک ر د ی
د ا ش ت   ت ح ص ی ل   م ی ک ر د
د ل   ب ه   د ر ی ا   ز د ه   ب ا ش م
ش ک ا ی ت   م ی ک ر د ی
ر ا س ت   گ ف ت ه ا ی ن
ت ر ک ی د ن
ن ف س   ک ش د
ت ح ص ی ل   ک ن ن
ا ش ت ب ا ه   م ی ک ر د ی ن
چ ی د ه   ب و د م
ش ک ا ی ت   م ی ک ر د ی د
ت ر ج م ه   ک ن ی م
ا ش ت ب ا ه   خ و ا ه ی   ک ر د
د ا ش ت ی   ق م پ ز   د ر   م ی ک ر د ی
ب خ ش ی د ه   ب و د ی م
ب ل ن د   م ی ک ر د ن د
ا ش ت ب ا ه   ب ک ن ه
ت ر ک ی د ن
د ا ش ت ی م   ق م پ ز   د ر   م ی ک ر د ی م
ا ف س و س   خ و ر د ی
ب ل ن د   م ی ک ر د ی
د ا ش ت   ش ک ا ی ت   م ی ک ر د
ت ر ک ی د
د ا ش ت   ش ک ا ی ت   م ی ک ر د
د ز د ی   ک ن م
چ ی د ه   ب و د ی م
ا ش ت ب ا ه   م ی ک ر د ن د
ا س ت ف ا د ه   ب ک ن ی ن
ن ف س   ک ش ی د ه   ب ا ش ن
ا ف س و س   خ و ر د ه ا ی
ق م پ ز   د ر   خ و ا ه ن د   ک ر د
خ ن ث ی   ک ر د ه ا ی
م ر ح م ت   ک ن ی م
د ا ش ت م   ش ک ا ی ت   م ی ک ر د م
ب پ ر ی
ت م ا ش ا   م ی ک ر د م
د ل   ب ه   د ر ی ا   ز د ه   ب و د ن د
د ا ش ت ن   ش ک ل   م ی گ ر ف ت ن
د ا ش ت م   ش ک ا ی ت   م ی ک ر د م
خ ط   ز د ه   ب و د ی
ک ش ی د
گ ز ا ف   گ ف ت ه   ب و د ن
ا ف س و س   ب خ و ر م
ا ز د و ا ج   م ی ک ر د ن
خ ن ث ی   ک ر د ی
ت ح ص ی ل   ب ک ن م
ش ک ا ی ت   ب ک ن ن
ت ر ج م ه   ک ن ی ن
پ ر ی د ه   ب ا ش ی م
ش ک ل   خ و ا ه م   گ ر ف ت
ب خ ش ی د ه   ب و د
چ ی د ه   ب و د ن د
گ ز ا ف   گ ف ت ه   ب ا ش م
ب ه   ی ا د   آ و ر د ه   ب و د ن
ش ک ا ی ت   ک ن د
د ا ش ت ی م   م ر ح م ت   م ی ک ر د ی م
ب
ر ژ ی م   گ ر ف ت ه   ب ا ش ی ن
ا ش ت ب ا ه   ب ک ن ی م
م ر ط و ب   ک ن ن د ه
د ا ش ت ی م   م ر ح م ت   م ی ک ر د ی م
ش ک ل   گ ی ر م
د ز د ی   م ی ک ر د
ب ک ش ی م
ت ر ج م ه   خ و ا ه د   ک ر د
د ا ش ت ی م   پ ا ک   م ی ک ر د ی م
د ا ش ت ن د   ا س ت ف ا د ه   م ی ک ر د ن د
پ ر ی د ه   ب ا ش ن د
ا ز د و ا ج   ک ن م
ا ش ت ب ا ه   ب ک ن ی م
د ا ش ت ی   ت ح ص ی ل   م ی ک ر د ی
چ ی ن د ه   ب و د ی م
چ ی ن د ه   ب و د ن د
م ی ک ش م
د ز د ی   م ی ک ر د ی
ق م پ ز   د ر   ب ک ن
د ا ر م   پ ا ک   م ی ک ن م
ب ک ش ی م
ص ب ر ه ا ن د
د ا ش ت م   م ی ف ش ر د م
ر ژ ی م   گ ر ف ت ه   ب ا ش ی
ب ل ن د   ک ن ی م
چ ی د ه   ب ا ش ن
د ل   ب ه   د ر ی ا   ز د ه   ب ا ش د
م ی ف ش ر د ی م
ا ش ت ب ا ه   ب ک ن د
د ز د ی   م ی ک ر د ی
ا ز د و ا ج   ک ن ه
د ا ش ت ی   ب ل ن د   م ی ک ر د ی
د ا ش ت م   ا ز د و ا ج   م ی ک ر د م
پ ر ی د ه   ب ا ش ی
د ز د ی   ب ک ن ه
ا ش ت ب ا ه   ک ن ن د ه
د ا ر ی   م ن ت ش ر   م ی ک ن ی
ب خ ش ی د ه   ب و د ی د
د ا ر م   م ر ح م ت   م ی ک ن م
ق م پ ز   د ر   ب ک ن ی
ص ب ر ه ا ی م
م و ن ت ا ژ   م ی ک ر د ن
ت ر ج م ه   ب ک ن ی ن
ا س ت ف ا د ه   خ و ا ه ی د   ک ر د
ر ژ ی م   گ ر ف ت ن
د ا ش ت ن د   ش ک ل   م ی گ ر ف ت ن د
د ا ش ت ی ن   پ ا ک   م ی ک ر د ی ن
د ا ر م   ا س ت ف ا د ه   م ی ک ن م
خ ا س ت ه   ب ا ش ن د
م ی ت ر ک م
د ل   ب ه   د ر ی ا   ز د ه   ب ا ش ه
د ا ش ت م   ت م ا ش ا   م ی ک ر د م
ب ه   ی ا د   آ و ر د ه   ب ا ش ن
ق م پ ز   د ر   ب ک ن ی
ت ر ج م ه   ب ک ن
ر ژ ی م   گ ر ف ت ن
م ی ف ش ر د
م ر ط و ب   م ی ک ن م
ت ر ک ی د ه ا ی م
ب ه   ی ا د   آ و ر د ه
ب ت ر ک ی د
د ا ش ت ی   ش ک ا ی ت   م ی ک ر د ی
ت ر ک ی د ه ا ی ن
ا م ض ا ء   م ی ک ر د م
ا ف س و س   خ و ر م
د ا ر ه   م ی ت ر ک ه
ب ه   ی ا د   آ و ر د ه   ب ا ش ی م
ک ش ی د ه ا ی
د ا ش ت ن د   ت ح ص ی ل   م ی ک ر د ن د
ت م ا ش ا   ک ن ه
پ ر ن د ه
خ ط   ز د ه   ب ا ش د
س ر ف ه   خ و ا ه ی د   ک ر د
ش ک ا ی ت   ک ن ن د
ق م پ ز   د ر   م ی ک ن م
ب پ ر ی م
ش ک ل   خ و ا ه ن د   گ ر ف ت
ق م پ ز   د ر   م ی ک ن م
ت ر ج م ه   ب ک ن ی د
ن ف س   ک ش ی د ن
ب ل ن د   خ و ا ه م   ک ر د
ب ل ن د   ب ک ن ه
پ ر ی
ر ا س ت   خ و ا ه ی   گ ف ت
م ر ط و ب   ب ک ن ن د
د ا ش ت ی م   ت ح ص ی ل   م ی ک ر د ی م
د ا ش ت ی   ا ز د و ا ج   م ی ک ر د ی
د ا ر ن د   س ر ف ه   م ی ک ن ن د
ا ی س ت ا د ه   ب و د ی م
ا ف س و س   م ی خ و ر د م
ش ک ل   ب گ ی ر ی م
د ا ش ت ی م   ش ک ل   م ی گ ر ف ت ی م
د ل   ب ه   د ر ی ا   ز د ن
ا م ض ا ء   ک ر د ه   ب ا ش ی د
ش ک ا ی ت   ک ن ی
ش ک ل   خ و ا ه د   گ ر ف ت
ف ش ا ر ن د
ب خ ش ن
ت ر ک ی د ی
د ا ش ت ن د   ش ک ا ی ت   م ی ک ر د ن د
ب پ ر ن د
ر ژ ی م   گ ر ف ت ه ا ی م
م ی ت ر ک ه
خ ط   ز د ه
د ا ش ت   ت م ا ش ا   م ی ک ر د
ا ز د و ا ج   م ی ک ر د ن د
م ر ح م ت   ک ن ی
ب ه   ی ا د   آ و ر د ه   ب ا ش د
ر ژ ی م   گ ر ف ت ی م
ر ا س ت   م ی گ ف ت ن
ب ف ش ا ر د
م ی ف ش ر د ی
ت ر ج م ه   م ی ک ن م
خ ا س ت ن
ا ی س ت ا د ه   ب و د ن
ش ک ا ی ت   ک ن ن د ه
پ ر ی د ه ا ی
خ ط   ز د ه   ب ا ش ی ن
ا ش ت ب ا ه   ب ک ن ی ن
پ ا ک   م ی ک ن ی م
ا ش ت ب ا ه   ب ک ن ی د
م و ن ت ا ژ   م ی ک ر د ی
ب ه   ی ا د   آ و ر د ه   ب ا ش ی ن
ا ف س و س   ب خ و ر
ص ب ر ی ن
ب ک ش
م ی ف ش ر د ی
ر ژ ی م   گ ر ف ت ه ا ی د
م ن ت ش ر   م ی ک ن ی
ک ش ی د ی ن
م و ن ت ا ژ   ک ن ه
ا م ض ا ء   ک ر د ه ا ی م
ت ح ص ی ل   ک ن ن د ه
ب ه   ی ا د   آ و ر د م
د ا ر م   ا ش ت ب ا ه   م ی ک ن م
ش ک ل   گ ی ر ی
د ا ش ت ن   م و ن ت ا ژ   م ی ک ر د ن
د ز د ی   ب ک ن ی م
د ل   ب ه   د ر ی ا   ز د ی م
ش ک ل   گ ی ر د
م ی ت ر ک ی د م
ا ف س و س   ب خ و ر د
چ ی ن د ه   ب ا ش ن د
ش ک ل   گ ی ر ی
د ا ش ت ی م   ا ز د و ا ج   م ی ک ر د ی م
م و ن ت ا ژ   خ و ا ه ی   ک ر د
ب ت ر ک ی ن
ت ح ص ی ل   ک ن ن د
ت ح ص ی ل   خ و ا ه ی م   ک ر د
پ ر ی
چ ی د ه   ب ا ش ه
ر ژ ی م   م ی گ ر ف ت م
ا ش ت ب ا ه   م ی ک ن م
د ا ر ه   م ی ک ش ه
د ا ر ی   م ی ت ر ک ی
ا ف س و س   ب خ و ر ی
ت م ا ش ا   ب ک ن م
ش ک ا ی ت   ک ن ی د
ا م ض ا   م ی ک ر د ن
ن ف س   م ی ک ش م
د ا ر ی   ا س ت ف ا د ه   م ی ک ن ی
د ا ش ت ی   م ی ف ش ر د ی
م و ن ت ا ژ   ک ن م
ن و ا خ ت ه   ا س ت
پ ر ی د ی م
د ل   ب ه   د ر ی ا   ب ز ن ه
ش ک ا ی ت   ب ک ن ی
د ا ش ت   م ی ت ر ک ی د
د ا ش ت   م ی ت ر ک ی د
ر ژ ی م   گ ر ف ت ه ا ی
ا ش ت ب ا ه   م ی ک ن ه
ت ح ص ی ل   ک ن ی د
ر ا س ت   م ی گ ف ت ی م
ر ا س ت   م ی گ ف ت
س ر ف ه   م ی ک ن ی م
ا ی س ت ا د ه   ب و د ی
د ا ر ی   پ ا ک   م ی ک ن ی
د ا ش ت ی م   ت م ا ش ا   م ی ک ر د ی م
ر ا س ت   م ی گ ف ت
د ا ش ت   ا م ض ا   م ی ک ر د
ن ف س   ب ک ش ی د
ش ک ا ی ت   ب ک ن
د ل   ب ه   د ر ی ا   ز د ی د
د ا ش ت ی م   ت م ا ش ا   م ی ک ر د ی م
ب ه   ی ا د   آ و ر د ه ا ی م
د ا ر د   پ ا ک   م ی ک ن د
ا ف س و س   ب خ و ر ی ن
د ا ر م   ب ل ن د   م ی ک ن م
ر ا س ت   م ی گ ف ت ن د
ب ه   ی ا د   آ و ر د ن
م ر ح م ت   م ی ک ن ی م
د ا ر ی م   م ر ح م ت   م ی ک ن ی م
د ا ر ن د   ش ک ا ی ت   م ی ک ن ن د
چ ی ن د ه   ب ا ش ه
خ ن ث ی   م ی ک ر د ی
د ا ش ت ی ن   ش ک ا ی ت   م ی ک ر د ی ن
د ا ر د   م ر ح م ت   م ی ک ن د
ن ف س   ک ش ی د ه ا ی
ت ح ص ی ل   م ی ک ن م
د ز د ی   ک ن ن د ه
ن ف س   ک ش ی ن
ر ا س ت   گ ی ن
م ر ح م ت   م ی ک ن ی م
د ا ر ی   ا ش ت ب ا ه   م ی ک ن ی
ش ک ا ی ت   م ی ک ن ه
ن و ا خ ت ه   ب و د ی د
د ا ر ه   ش ک ل   م ی گ ی ر ه
د ا ر ی   م ر ط و ب   م ی ک ن ی
ب خ ش ی د ه ا ن
ب ف ش ا ر ی
ر ا س ت   م ی گ ف ت ی
ا ز د و ا ج   ک ن ی ن
د ا ر ی د   ق م پ ز   د ر   م ی ک ن ی د
د ا ر ن   ا ز د و ا ج   م ی ک ن ن
م و ن ت ا ژ   خ و ا ه ی م   ک ر د
د ا ش ت ی م   خ ن ث ی   م ی ک ر د ی م
د ا ر ی م   ت ر ج م ه   م ی ک ن ی م
م ی ف ش ا ر ه
د ا ر م   د ز د ی   م ی ک ن م
س ر ف ه   م ی ک ن ی ن
د ا ش ت   م ی ص ب ر
پ ر ی د ی ن
ر ژ ی م   م ی گ ر ف ت ن د
ا ف س و س   خ و ر ی ن
ا ف س و س   م ی خ و ر د ی ن
ا س ت ف ا د ه   م ی ک ن د
د ز د ی   ب ک ن ی
ش ک ل   ب گ ی ر ی ن
د ا ش ت ی   م ی ت ر ک ی د ی
م ر ط و ب   م ی ک ن ی
خ ا س ت ی م
د ل   ب ه   د ر ی ا   ز ن ی
ر ا س ت   گ و ی د
د ا ش ت ی ن   د ز د ی   م ی ک ر د ی ن
خ و ا ه د   ف ش ر د
د ا ش ت ی ن   ت م ا ش ا   م ی ک ر د ی ن
ت م ا ش ا   ب ک ن ی م
د ا ر ن   م و ن ت ا ژ   م ی ک ن ن
د ا ش ت ی د   م ی ف ش ر د ی د
ا ز د و ا ج   ب ک ن د
د ا ش ت ی   ا ف س و س   م ی خ و ر د ی
ر ا س ت   گ و ی ی
د ا ر ه   م ی پ ر ه
د ا ر ن د   ب ل ن د   م ی ک ن ن د
م ی پ ر ی د م
د ز د ی   ب ک ن ی
د ا ش ت ی   م ی ت ر ک ی د ی
خ ا س ت ه ا ی ن
د ز د ی   ک ن ی د
د ا ش ت ی   ر ا س ت   م ی گ ف ت ی
ب ه   ی ا د   آ و ر د ن د
د ل   ب ه   د ر ی ا   ز ن ن د ه
م ی ت ر ک ی م
خ ن ث ی   ک ن ه
م ر ط و ب   م ی ک ن ی
ش ک ل   م ی گ ی ر ن
م و ن ت ا ژ   ک ن ی م
ر ژ ی م   م ی گ ر ف ت
س ر ف ه   م ی ک ن د
ق م پ ز   د ر   م ی ک ن ی د
ا ز د و ا ج   ک ن ی
چ ی ن د ه
د ا ر د   ت ح ص ی ل   م ی ک ن د
د ل   ب ه   د ر ی ا   ز ن ی
ب پ ر ی ن
ا ز د و ا ج   ب ک ن ن د
م ر ح م ت   م ی ک ن د
ش ک ل   م ی گ ی ر ه
ت م ا ش ا   ب ک ن د
ت م ا ش ا   ک ن ی
م ر ط و ب   م ی ک ن ن د
خ ط   ز د ن
ا ز د و ا ج   ب ک ن ی د
ش ک ل   م ی گ ی ر م
خ ا س ت ه ا ی
ا ز د و ا ج   ب ک ن
د ا ر ی م   ا ش ت ب ا ه   م ی ک ن ی م
ش ک ل   ب گ ی ر ی د
خ ن ث ی   خ و ا ه ن د   ک ر د
ش ک ا ی ت   م ی ک ن ی م
ا ز د و ا ج   ب ک ن ی د
د ا ش ت ی   ر ژ ی م   م ی گ ر ف ت ی
د ا ش ت ن   د ل   ب ه   د ر ی ا   م ی ز د ن
ب ه   ی ا د   آ و ر د
د ا ش ت ی ن   خ ن ث ی   م ی ک ر د ی ن
ب ه   ی ا د   آ و ر د ی د
ب ه   ی ا د   آ و ر د ی
ا ز د و ا ج   م ی ک ن ن
ن م ا ز   خ و ن د ه   ب ا ش م
ب ب خ ش ی م
ب ف ش ا ر ی ن
ب خ ش ی د ه ا ی م
ب ف ش ا ر ی ن
ب خ ش ی م
ن م ا ز   خ و ن د ه   ب و د ی ن
ت ح ص ی ل   م ی ک ن ی م
ت م ا ش ا   ک ن ن د ه
ب ن
ن ف س   م ی ک ش ی د م
ا ی س ت ا د ه   ب ا ش ی د
ا ی س ت ا د ه
ب خ ش ن د ه
م ر ح م ت   م ی ک ن ن د
خ ط   ز د ه ا ی ن
ر ا س ت   گ و ی ن د ه
د ا ش ت ی د   ا ف س و س   م ی خ و ر د ی د
ب خ ش ی د ه ا ی
د ا ر ی   ش ک ل   م ی گ ی ر ی
ب ب خ ش ی م
د ا ر ی   ا ز د و ا ج   م ی ک ن ی
م ی ت ر ک ی د ی د
س ر ف ه   م ی ک ن ن د
ا ی س ت ا د م
د ا ش ت ی م   د ل   ب ه   د ر ی ا   م ی ز د ی م
د ا ش ت ی   ا م ض ا   م ی ک ر د ی
د ا ش ت م   گ ز ا ف   م ی گ ف ت م
د ا ش ت   گ ز ا ف   م ی گ ف ت
خ ن ث ی   خ و ا ه د   ک ر د
د ا ر ن د   د ز د ی   م ی ک ن ن د
ا م ض ا ء   خ و ا ه ی   ک ر د
ا ز د و ا ج   ب ک ن
م ی پ ر ی د ی م
د ا ر ن د   ت م ا ش ا   م ی ک ن ن د
ب خ ش ی د ن
د ا ر ی د   م ر ط و ب   م ی ک ن ی د
د ا ش ت ن د   ا م ض ا ء   م ی ک ر د ن د
د ا ش ت م   گ ز ا ف   م ی گ ف ت م
م ی پ ر د
د ا ر ی   م ی پ ر ی
د ل   ب ه   د ر ی ا   م ی ز ن ه
ش ک ا ی ت   م ی ک ن ی
د ا ش ت ی ن   ر ژ ی م   م ی گ ر ف ت ی ن
خ ط   ز ن م
خ ط   ز د ه ا ی د
ا ز د و ا ج   م ی ک ن ی م
خ ن ث ی   ک ن ی م
ب خ ش ی د ن
ا م ض ا   ب ک ن ن
م ی ک ش ی د ی ن
ا م ض ا ء   م ی ک ر د
م ی ص ب ر ی ن
خ و ا ه ی   ت ر ک ی د
ش ک ا ی ت   م ی ک ن ی د
ن ف س   م ی ک ش ی د ن
د ا ر ی   م و ن ت ا ژ   م ی ک ن ی
م و ن ت ا ژ   ب ک ن ن د
خ و ا ه م   ت ر ک ی د
د ا ش ت ی ن   ا م ض ا   م ی ک ر د ی ن
م ی ب خ ش م
د ا ش ت م   م ی خ ا س ت م
ا ی س ت ا د ه ا ی م
د ا ر ن   م ی ب خ ش ن
د ل   ب ه   د ر ی ا   م ی ز د ن د
د ا ر ی م   ا ف س و س   م ی خ و ر ی م
ت م ا ش ا   م ی ک ن ن
خ ط   ز ن ن د ه
م و ن ت ا ژ   ک ن ی د
چ ی د ی م
ن و ا خ ت ه   ب ا ش ی د
د ا ر ی   م و ن ت ا ژ   م ی ک ن ی
د ا ر ی   ا ف س و س   م ی خ و ر ی
ر ژ ی م   خ و ا ه م   گ ر ف ت
چ ی د ی م
ش ک ا ی ت   م ی ک ن ی
گ ز ا ف   م ی گ ف ت م
ا م ض ا ء   خ و ا ه ن د   ک ر د
د ا ش ت ی م   م ی ک ش ی د ی م
د ا ر م   ر ا س ت   م ی گ و ی م
د ا ر ی ن   ش ک ا ی ت   م ی ک ن ی ن
د ا ش ت ی   م ی ص ب ر ی
د ا ش ت ن   ن ف س   م ی ک ش ی د ن
د ا ش ت   ن ف س   م ی ک ش ی د
د ا ر ی د   ب ل ن د   م ی ک ن ی د
ر ا س ت   م ی گ ی م
د ل   ب ه   د ر ی ا   م ی ز د
د ا ر ی م   خ ن ث ی   م ی ک ن ی م
ر ا س ت   ب گ و ی ن د
ن ف س   م ی ک ش ی د ی م
چ ی د ن د
گ ز ا ف   م ی گ ف ت م
ن ف س   م ی ک ش ی د ی م
د ا ش ت ی م   م ی پ ر ی د ی م
ب خ ش ی د
ا ف س و س   م ی خ و ر ی ن
د ل   ب ه   د ر ی ا   م ی ز ن ی م
خ ن ث ی   ک ن ی ن
د ل   ب ه   د ر ی ا   م ی ز ن ی م
د ا ر ی   ر ا س ت   م ی گ ی
م ی پ ر ی د ی
گ ز ا ف   ب گ و
د ا ش ت ن   م ی خ ا س ت ن
ا ی س ت ا د ن د
ت م ا ش ا   م ی ک ن ی م
ت ح ص ی ل   م ی ک ن ی
د ا ش ت ی د   م ی پ ر ی د ی د
د ا ش ت ی م   ن ف س   م ی ک ش ی د ی م
خ و ا ه ن د   ص ب ر
خ و ا ه ی   ص ب ر
ش ک ل   م ی گ ی ر ی م
ی م
ا م ض ا   ک ن ن
خ و ا ه ن د   ت ر ک ی د
م ی ک ش ی د
ب ه   ی ا د   خ و ا ه م   آ و ر د
م ی پ ر ی
ا ی س ت ا د ی م
د ا ش ت ی م   ن ف س   م ی ک ش ی د ی م
گ ز ا ف   م ی گ ف ت ن
م ی ص ب ر ن د
ن ف س   م ی ک ش ی د ی ن
چ ی ن د ن د
د ا ش ت ی   م ی خ ا س ت ی
ب چ ی ن م
د ا ش ت ی م   گ ز ا ف   م ی گ ف ت ی م
د ز د ی   م ی ک ن ی
ر ا س ت   ب گ و ی ی د
ن و ا خ ت ه ا ی م
ن م ا ز   خ و ا ن د ه   ب ا ش م
م ی پ ر ی م
ب ه   ی ا د   آ و ر ن د ه
ب ا ی س ت م
ا م ض ا   ک ن ی م
د ا ش ت ی د   ن ف س   م ی ک ش ی د ی د
م ی ب خ ش ی د م
د ز د ی   م ی ک ن ی د
ا ف س و س   م ی خ و ر ی د
د ل   ب ه   د ر ی ا   م ی ز ن ن د
د ا ش ت   ب ه   ی ا د   م ی آ و ر د
چ ی ن د ه ا ی
خ ن ث ی   م ی ک ن م
د ا ش ت   ب ه   ی ا د   م ی آ و ر د
ر ا س ت   م ی گ ی
ن ف س   خ و ا ه ی م   ک ش ی د
خ ط   ز د ی د
خ و ا ه م   ک ش ی د
د ا ش ت ن   ب ه   ی ا د   م ی آ و ر د ن
چ ی ن د ه ا ی
ن و ا خ ت ه ا ی م
د ا ر م   خ ط   م ی ز ن م
ا م ض ا ء   خ و ا ه ی د   ک ر د
خ ط   ز د ی
م ی پ ر ن د
ب ب خ ش
د ا ش ت ی م   ب ه   ی ا د   م ی آ و ر د ی م
د ا ش ت ی   ب ه   ی ا د   م ی آ و ر د ی
د ا ش ت ی ن   م ی ص ب ر ی ن
م ی ف ش ا ر ی د
ن م ا ز   خ و ا ن د ه   ب و د ی د
د ا ش ت ی ن   گ ز ا ف   م ی گ ف ت ی ن
ب خ ش ن د
خ ط   ب ز ن ی
ا ی س ت ا د
ا ی س ت ا د ی ن
د ا ش ت ن   م ی ن و ا خ ت ن
د ا ش ت   م ی چ ی ن د
ب ه   ی ا د   م ی آ و ر د ی ن
د ا ش ت   م ی ن و ا خ ت
م و ن ت ا ژ   م ی ک ن ن د
د ا ش ت ن   م ی چ ی ن د ن
د ا ر م   م ی م
د ا ر ی ن   م ی ک ش ی ن
خ و ا ه ی م   ص ب ر
خ و ا ه ی د   ص ب ر
د ا ش ت ی   ب ه   ی ا د   م ی آ و ر د ی
د ا ش ت ی ن   ن ف س   م ی ک ش ی د ی ن
د ا ش ت   م ی ا ی س ت ا د
د ا ش ت ی   م ی چ ی د ی
د ا ر ی د   م ی پ ر ی د
خ ن ث ی   ک ن ی
ب ب خ ش ی ن
ن م ا ز   خ و ا ن د ه   ب ا ش ی م
ا ی س ت ی م
د ا ر ی   م ی ی
د ا ش ت ی   خ ط   م ی ز د ی
د ا ش ت ن   م ی ب خ ش ی د ن
م ی ب خ ش ی د ن د
د ا ش ت ی د   م ی چ ی ن د ی د
م ی ب خ ش ی د ی م
خ ط   ز ن د
ش ک ل   م ی گ ی ر ی د
م ی ب خ ش ی د ی م
د ا ش ت م   م ی ا ی س ت ا د م
م ی چ ی ن د م
ن و ا خ ت ه ا ی
خ ن ث ی   ب ک ن ی
ا م ض ا ء   ک ن ی م
ن و ا خ ت ن د
ب ه   ی ا د   م ی آ و ر د
د ا ر ی م   ا م ض ا ء   م ی ک ن ی م
ر ژ ی م   گ ی ر م
د ا ش ت ی   م ی ن و ا خ ت ی
ا م ض ا   م ی ک ن ه
خ ن ث ی   م ی ک ن ی م
د ا ش ت ی د   م ی چ ی د ی د
ا ی س ت ا د ی
ن م ا ز   خ و ن د ه ا ن
ن و ا خ ت ی م
خ ط   م ی ز د ی ن
د ا ر م   م ی چ ی ن م
م ی خ ا س ت ن د
خ و ا ه د   ک ش ی د
گ ز ا ف   گ ه
ا م ض ا   م ی ک ن ن
ر ژ ی م   گ ی ر م
م ی چ ی ن د ن
د ا ر ی   گ ز ا ف   م ی گ ی
خ ط   ز ن ی د
د ا ش ت ن   م ی ا ی س ت ا د ن
د ا ش ت ی ن   م ی چ ی د ی ن
د ا ش ت ی م   م ی ا ی س ت ا د ی م
ر ژ ی م   م ی گ ی ر م
د ا ر ن   ن م ا ز   م ی خ و ن ن
م ی چ ی ن د ن د
م ی چ ی د ن د
د ا ش ت م   ن م ا ز   م ی خ و ن د م
ر ژ ی م   م ی گ ی ر م
خ ط   خ و ا ه ی د   ز د
د ا ش ت ی ن   م ی ب خ ش ی د ی ن
ب خ ش ی ن
ب ه   ی ا د   آ و ر د
ب چ ی ن ی م
د ا ش ت ی   م ی ا ی س ت ا د ی
ب چ ی ن ی م
ن م ا ز   خ و ن د ه ا ی ن
م ی ا ی س ت ا د م
چ ی ن ن
ن م ا ز   خ و ن د ن
ا م ض ا ء   م ی ک ن م
ن و ا خ ت
د ا ر ی م   ر ژ ی م   م ی گ ی ر ی م
گ ز ا ف   گ م
خ و ا ه ن د   ب خ ش ی د
م ی م
گ ز ا ف   ب گ ی م
د ا ر د   م ی د
د ا ر ی   ب ه   ی ا د   م ی آ و ر ی
خ ط   م ی ز ن ی م
خ ن ث ی   م ی ک ن ن د
د ا ر ی   گ ز ا ف   م ی گ و ی ی
ا ی س ت ی ن
خ ن ث ی   م ی ک ن د
خ و ا ه د   ب خ ش ی د
گ ز ا ف   گ و ی ن د ه
م ی ب خ ش ی
د ا ر ی م   ب ه   ی ا د   م ی آ و ر ی م
خ و ا ه ن د   چ ی ن د
د ا ر ی   م ی ا ی س ت ی
ر ژ ی م   م ی گ ی ر ی
د ا ر ی د   خ ط   م ی ز ن ی د
ر ژ ی م   م ی گ ی ر ی ن
د ا ر د   ب ه   ی ا د   م ی آ و ر د
ب چ ی ن د
ر ژ ی م   ب گ ی ر
ب ه   ی ا د   ب ی ا و ر ی م
خ و ا ه ی   چ ی ن د
خ و ا ه ی   چ ی د
د ا ر ی ن   م ی ب خ ش ی ن
د ا ر ی م   م ی ا ی س ت ی م
د ا ر د   م ی چ ی ن د
د ا ر ی ن   ر ژ ی م   م ی گ ی ر ی ن
د ا ر ی   ن م ا ز   م ی خ و ن ی
خ و ا ه ن د   ا ی س ت ا د
ن م ا ز   م ی خ و ن د ی م
خ و ا ه ی د   ب خ ش ی د
د ا ر ی ن   ب ه   ی ا د   م ی آ ر ی ن
چ ی ن ی م
گ ز ا ف   ب گ و ی ن د
ب ه   ی ا د   ب ی ا و ر د
خ ط   م ی ز د
خ ط   م ی ز د
ب ه   ی ا د   م ی آ ر ن
ن م ا ز   م ی خ و ن د ی ن
خ و ا ه م   چ ی د
د ا ش ت ی   ن م ا ز   م ی خ و ن د ی
خ و ا ه د   ا ی س ت ا د
خ و ا ه ی م   ا ی س ت ا د
گ ز ا ف   م ی گ و ی م
ب ه   ی ا د   م ی آ و ر ی م
خ و ا ه ی   ن و ا خ ت
خ و ا ه ی م   ن و ا خ ت
گ ز ا ف   ب گ ی ن
م ی چ ی ن د
گ ز ا ف   ب گ ی ن
د ا ر ن د   م ی ن و ا ز ن د
ب ی
ب ن و ا ز م
ن و ا ز ن د ه
خ ط   م ی ز ن د
د ا ر ی ن   م ی چ ی ن ی ن
د ا ر ی ن   م ی ا ی س ت ی ن
م ی چ ی ن ی ن
د ا ر ی ن   گ ز ا ف   م ی گ ی ن
خ ط   م ی ز ن ی د
ا م ض ا ء   م ی ک ن ی
ب چ ی ن ی
ب ن و ا ز ه
خ و ا ه د   چ ی د
ب ه   ی ا د   ب ی ا ر ی ن
ن م ا ز   م ی خ و ن د
ن و ا ز م
چ ی ن ی ن
ن م ا ز   خ و ا ه م   خ و ا ن د
ن و ا ز ه
ب ه   ی ا د   ب ی ا و ر
د ا ر د   م ی ن و ا ز د
گ ز ا ف   گ ی
م ی ا ی س ت ی ن
ب خ ی ز م
ب ه   ی ا د   م ی آ و ر د
ب ن و ا ز ی م
ب ی د
گ ز ا ف   م ی گ و ی ی م
ب ا ی س ت
ب ه   ی ا د   ب ی ا ر ی
ن م ا ز   خ و ا ه ی د   خ و ا ن د
م ی ی
ب خ ی ز م
گ ز ا ف   م ی گ و ی ن د
ب خ ی ز ن
ن م ا ز   م ی خ و ن ی م
م ی ی
د ا ر ی م   م ی خ ی ز ی م
ن م ا ز   ب خ و ا ن د
ب خ ی ز ی م
ن م ا ز   ب خ و ا ن ی
خ ی ز ن
م ی چ ی ن ی د
م ی ن و ا ز م
د ا ر د   ن م ا ز   م ی خ و ا ن د
خ ی ز م
م ی چ ی ن ی د
ن م ا ز   خ و ن ی
ن م ا ز   م ی خ و ا ن ی م
م ی چ ی ن ی
م ی چ ی ن ی
ن و ا ز ی د
ن م ا ز   خ و ا ن د
ب خ ی ز ی د
م ی ن و ا ز ی
ب خ ی ز د
م ی ن و ا ز ی
خ ی ز د
خ ی ز ی ن
