k i h e r t ä i s i
o l i s i v a t   r y h m i t t ä y t y n e e t
r i s a k k a a l l e
k a t t o p i i r u n
j u n a v a u n u i s t a
ä k s y y n t y v ä t
i s k e l m i ä
e n   l i e n e   h y r ä h t ä n y t
e i   o l e   p r o g r e d i o i n u t
h e i t t o l i i k k e i n
b a p t i s m i k s i
k a l v e n t a m i s t a
p e l k ä ä m i s t ä
e t t e   o l i s i   p e l ä n n e e t
l i t t e i n ä
s i s e n n y k s i t t ä
v i e r o i t t a m a l l a
f r i i s i l ä i s i l t ä
n y k y a i k a i s t u m a
e t t e   k i h e r r ä
p u s s i p e d o t t a
e m m e   s a a t e l l e e t
n i t r o i n
o l k o o t   s a a t e l l e e t
o l i s i t   r a o t e l l u t
e n d o k r i i n i s e l l ä
r y h m i t t ä y t y n y t
e i v ä t   o d o t u t a
r u s o k ä r p ä s s i e n i ä
e t   k a l v e n t a n u t
ä l k ä ä   r y h m i t t ä y t y k ö
e t t e   u u d e n t a n e
k e t t o i n e e n
e n   p r o g r e d i o i n u t
e i   l i e n e   s p r a y m a a l a t t u
e i v ä t   o l e   r y h m i t t ä y t y n e e t
o l e m m e   g r a a v a a n t u n e e t
i m p e r f e k t e i n ä
f r i i s i l ä i s i s t ä
o l k a a m m e   o d o t u t t a n e e t
r i s k i t t ö m i l t ä
k i h e r t ä m i n e n
e i   l i e n e   k a l v e n n e t t u
e i   l i e n e   n a p u t t a n u t
k i h e r r ä t
k a r b o n a a t e i l t a
h a r h a t t o m a t t a
s e i j a s
ä l k ö ö n   o l k o   o d o t u t e t t u
i m p e r f e k t e i l t ä
j u n a v a u n u t
o l e t   g r a a v a a n t u n u t
g r a a v a a n n u t t a v a
e e b e n i n
e m m e   k a l v e n n a
h y r ä h d i m m e
ä k s y y n t y m ä s t ä
s a a t e l k o o n
k y l k i
g r a a v a a n t u v a t
e i   ä k s y y n t y i s i
p r o g r e d i o i k o o t
b r a s i l i a n s u o m a l a i s e l l e
o l i m m e   n y k y a i k a i s t u n e e t
h u o n e t o v e r i t
k i h e r t ä n e e
n a p u t e t t a n e e n
o l i s i m m e   r y h m i t t ä y t y n e e t
l a m a u t u n e e
e t   t a h m a i s i
e i   g r a a v a a n n u
e i   o l i s i   k a l v e n t a n u t
h a j a n a i s i m m a l t a
e i   h y r ä h t ä i s i
o l e m m e   r y h m i t t ä y t y n e e t
e t   n y k y a i k a i s t u
l ä h e s t y t t ä v ä t
h u o n e t o v e r i
e t t e   p e l ä n n e
o v a t   n a p u t t a n e e t
e t   n y k y a i k a i s t u n u t
e t   o l e   v i e r o i t t a n u t
e n d o k r i i n i s t e n
o l e   s a a t e l l u t
e i   o l i s i   k i h e r r e t t y
n i v e l a k s e l i n
k a l v e n t a v a t
n a u t i t t a v i k s i
n o k k a v a r p u s i i n
e i v ä t   t a h m a i s i
n i m i k i r j a i m e t
o l i m m e   r a o t e l l e e t
d i p l o m a a t t i s u u t t a
b o l s e v i s t i s e n a
h y r ä h t ä ä
p r o g r e d i o i t a v a
o v a t   r a o t e l l e e t
l i e n e t t e   r a o t e l l e e t
r i i p p u v a i s u u d e s s a
o h j e p a k e t e i s t a
ä l ä   t a h m a a
e t t e   o l e   n y k y a i k a i s t u n e e t
a s e t o n i p e r o k s i d i s t a
p e t o l l i s i n
j ä r v i s i e n t e n
S c h e n g e n i k s i
o l e   ä k s y y n t y n y t
a i k o m u k s i l l a
e n   o l l u t   v i e r o i t t a n u t
o l i s i t t e   l a m a u t u n e e t
l o o g i l l i s t a
o l k o o n   v i e r o i t t a n u t
r i s k i t t ö m i s t ä
m e n s t r u a a t i o i n e e n
p r o g r e d i o i n
k e s k i t t y m i s i t t ä
o h j e p a k e t i s s a
e n   v i e r o i t a
p r o g r e d i o i t t e
e i   h y r ä h d e t ä
e t t e   l i e n e   r a o t e l l e e t
k y l k e n ä
l i t t e i d e n
o l k o o t   n y k y a i k a i s t u n e e t
k a t t o p i i r u i l l a
e t t e   o l e   v i e r o i t t a n e e t
o l k a a m m e   r a o t e l l e e t
e i v ä t   o l i s i   r a o t e l l e e t
s a a t e l l e t
i s k e l m i l l e
j ä r v i s i e n e l l e
l i i t u k i v i s t ä
e m m e   o l l e e t   p r o g r e d i o i n e e t
o l i n   v i e r o i t t a n u t
e t   l i e n e   o d o t u t t a n u t
j u l i s t e
l i e n e t   g r a a v a a n t u n u t
l ä h e s t y t t ä v ä k s i
r u s o k ä r p ä s s i e n i l t ä
p e s s i m i s t i l l ä
o h j e p a k e t t i
l i e n e n   k a l v e n t a n u t
e t   s p r a y m a a l a n n e
e i   t a h m a n n u t
l a m a u t u k o o t
l i e n e e   r a o t e l l u t
a s e t o n i p e r o k s i d e i l t a
o h j e p a k e t e i n
e t t e   u u d e n n a
n a u t i t t a v i n e
o n k a l o i s s a
e i   u u d e n t a n u t
t a h m a i s i t t e
n i v e l a k s e l i a
e i   o l e   s p r a y m a a l a t t u
s p r a y m a a l a a m a l l a
e m m e   p o s a h t a n e e t
s a l a i s i m m a n
p r e n i k k a a n
r a k e t t i p o l t t o a i n e i t t a
j u l i s t e e t
e m m e   o l i s i   s a a t e l l e e t
r a a k a s o k e r e i n
ä l k ö ö n   ä k s y y n t y k ö
p o i n t i l l i s t i s t a
e t   r a o t t e l i s i
k o r v a k u u l o k e t t a
e i   u u d e n n e t t a i s i
v i e r o i t t a n e t
s p r a y m a a l a a m m e
l i l l i p u t i s t a
o l i s i t   s p r a y m a a l a n n u t
t a h m a n n e t
ä l k ä ä   o l k o   p r o g r e d i o i n e e t
j ä l k i m m ä i s i n ä
r i i p p u v a i s u u k s i e n
a l a k u o l o k o h d a l l e
ä l k ö ö t   s a a t e l k o
r a o t t e l i s i t t e
e i   u u d e n n a
o l i s i m m e   p o s a h t a n e e t
e t t e   o l l e e t   u u d e n t a n e e t
o l i s i   s a a t e l l u t
o l i t   k i h e r t ä n y t
s p r a y m a a l a t k o o t
s a a t e l t a k o o n
e i v ä t   k i h e r t ä n e e t
r u s o k ä r p ä s s i e n t e n
e n   o l l u t   s p r a y m a a l a n n u t
m a a l i t y k i t
n y k y a i k a i s t u a
e m m e   p o s a h t a i s i
j a k a m i s t e n
e t   p r o g r e d i o i n e
k y l j i s s ä
i m p e r f e k t i s t ä
g r a a v a a n t u u
k e s k i t t y m i s e t
m a n i p u l a a t i o t a
ä l k ö ö t   o d o t u t t a k o
e i   o l l u t   n a p u t e t t u
ä l k ä ä   l a m a u t u k o
e i   n y k y a i k a i s t u n e
e m m e   r y h m i t t ä y t y i s i
p e t o l l i s i k s i
j u n a v a u n u a
m i t ä t ö n t y m i n e n
e i   l i e n e   n y k y a i k a i s t u t t u
ä ä r i m m ä i s y y s m i e h i i n
l i e n e v ä t   h y r ä h t ä n e e t
r u s o k ä r p ä s s i e n e t t ä
j a l o h o m e e l l e
e m m e   s a a t t e l i s i
l i e n e m m e   g r a a v a a n t u n e e t
m i t ä t ö n n y t t ä e s s ä
e t t e   n a p u t t a n e e t
h a i h d u t t a m o t
j ä r v i s i m p u k k a a n
k a t t o p i i r u i n e e n
l ä s e i n e e n
h a i h d u t t a m o
e i v ä t   o l i s i   r y h m i t t ä y t y n e e t
e i   p r o g r e d i o i n u t
m i t ä t ö n n y t t e
e i   o l e   g r a a v a a n t u n u t
o l e t t e   o d o t u t t a n e e t
e i v ä t   l i e n e   l a m a u t u n e e t
e n   s p r a y m a a l a n n e
p o s a h t a m a s t a
f r i i s i l ä i s e t
o n k a l o t t a
o l i s i m m e   k i h e r t ä n e e t
p r e n i k a l l e
o l i m m e   g r a a v a a n t u n e e t
r i s k i t t ö m i n ä
s a a t e l k a a
p e s s i m i s t e i s t ä
l ä h e s t y t t ä v ä l t ä
r y h m i t t ä y t y ä k s e e n
ä l k ö ö t   o l k o   u u d e n t a n e e t
l ä h e s t y t t ä v i k s i
b o l s e v i s t i s i a
l i e n e t t e   n y k y a i k a i s t u n e e t
j ä r v i s i e n i
o n k a l o o n
b a p t i s m i
m a k s a l a a t i k k o i h i n
h a i h d u t t a m o k s i
h e i t t o l i i k k e i l l ä
o v a t   p r o g r e d i o i n e e t
