S c h e n g e n i k s i
S c h e n g e n i n
k e s k i t t y m i s e e n
i s k e l m i e n
l i i t u k i v i s t ä
k y l j e n
r i s k i t t ö m i n ä
r i s k i t t ö m i s t ä
k e s k i t t y m i s i n e e n
j u l i s t e i d e n
k y l j e k s i
u u d e n n e t t a k o o n
l i i t u k i v e n
e e b e n e i s t ä
a i k o m u s
l ä s e i k s i
j u l i s t e i k s i
k y l j i t t ä
r i s k i t t ö m i n
j u l i s t e
l i l l i p u t i k s i
k e s k i t t y m i s e s t ä
o s t e l u j e n
r i s k i t t ö m i l l ä
p l u t o n i e n
l i t t e i s t ä
h e i t t o l i i k k e i s t ä
i s k e l m ä k s i
r i s k i t t ö m i l t ä
p e l k ä ä m i n e n
m i t ä t ö n t y n y t
p e l k ä i s i m m e
p e s s i m i s t e i s t ä
r i i p p u v a i s u u k s i k s i
o l k o o t   p e l ä n n e e t
e e b e n e i n e e n
s i n n i k k ä ä m m i t t ä
k y l k e n ä
e e b e n e i n ä
e n   n y k y a i k a i s t u
k e s k i t t y m i s e t
e i   m i t ä t ö n n y t t y
u u d e n n e t t u
e e b e n i k s i
h e i t t o l i i k k e i l l ä
a i k o m u k s i l l a
e n   m i t ä t ö n t y n y t
p e l k ä ä m ä s t ä
p e l k ä ä m i s t ä
p l u t o n i
l ä s i
m i t ä t ö n t y m i n e n
ä k s y y n n y m m e
k y l j e t
h e i t t o l i i k k e i n
k y l k i
l i l l i p u t i t
e i   o l e   m i t ä t ö n t y n y t
e m m e   ä k s y y n n y
d i a k o n e i s t a
l i l l i p u t i s t a
k e s k i t t y m i s i t t ä
n y k y a i k a i s t u i s i m m e
o l i s i   m i t ä t ö n t y n y t
l i t t e i d e n
ä l k ö ö n   ä k s y y n t y k ö
ä k s y y n t y ä k s e e n
u u d e n n e t t i i n
e t   l i e n e   m i t ä t ö n t y n y t
k e t o i l l a
n y k y a i k a i s t u a
l i l l i p u t t i e n
e e b e n i n
l o o g i l l i s t a
m i t ä t ö n n y m m e
e n   p e l k ä ä
l a m a u t u k o o t
s i s e n n y k s i s t ä
s e i j a s
ä l ä   m i t ä t ö n n y
r i i p p u v a i s u u k s i a
k e t t o i n e e n
p e s s i m i s t e i l l ä
j ä l k i m m ä i s i n ä
p e s s i m i s t i l l ä
i m p e r f e k t e i n ä
k e s k i t t y m i s i l l e
r i s k i t t ö m ä s s ä
l i l l i p u t e i l l e
e i   o l e   ä k s y y n t y n y t
e i   l i e n e   ä k s y y n t y n y t
e n   ä k s y y n n y
r i i p p u v a i s u u d e k s i
n y k y a i k a i s t u i
p e r i n n ö i k s i
r i s k i t t ö m ä l l ä
s i n n i k k ä ä m m ä t t ä
r i i p p u v a i s u u k s i s s a
j ä l k i m m ä i s e k s i
e t   n y k y a i k a i s t u
i s k e l m ä t
k e s k i t t y m i s e s s ä
ä l k ö ö n   m i t ä t ö n n y t t ä k ö
h e i t t o l i i k k e e t
p e s s i m i s t i l t ä
e i v ä t   n y k y a i k a i s t u
o l k o o t   n y k y a i k a i s t u n e e t
j ä l k i m m ä i s e n
p o i n t i l l i s t e i n e e n
a i k o m u k s i l l e
r i i p p u v a i s u u d e n
i t s e h a l l i n t o i n e e n
s i n n i k k ä ä m m ä l l e
p u s s i p e d o i k s i
o l i   m i t ä t ö n n y t t y
l i t t e i n ä
h e i t t o l i i k k e e s s ä
u u d e n t a i s i m m e
k o n s u l a a t t i i n
r i i p p u v a i s u u k s i e n
i m p e r f e k t e i l t ä
i m p e r f e k t i s t ä
r i i p p u v a i s u u d e s s a
m i t ä t ö n n y t t i i n
t a h m a t k o o t
a i v a s t u k s e e n
l i e n e t   n y k y a i k a i s t u n u t
e m m e   ä k s y y n t y n e e t
o s t e l u i s t a
l ä s e i n e e n
j a l o h o m e i n e e n
p e l k ä ä m ä t t ä
s i s e n n y k s i ä
l i e n e v ä t   m i t ä t ö n t y n e e t
e t   o l l u t   m i t ä t ö n t y n y t
e n   o l e   n y k y a i k a i s t u n u t
i s k e l m ä n ä
o l i m m e   n y k y a i k a i s t u n e e t
e i v ä t   m i t ä t ö n t y n e e t
e m m e   n y k y a i k a i s t u i s i
b a p t i s m i e n
j ä l k i m m ä i s i ä
s i s e n n y k s e k s i
r y h m i t t ä y t y ä k s e e n
e t   n y k y a i k a i s t u n u t
ä k s y y n t y i s i
j ä r v i s i m p u k o i k s i
l i l l i p u t t e i h i n
i m p e r f e k t e i h i n
n y k y a i k a i s t u m a s t a
n i v e l a k s e l i a
o l i s i   ä k s y y n t y n y t
e m m e   ä k s y y n t y i s i
e i   m i t ä t ö n t y i s i
d i a k o n i a
ä k s y y n t y m ä s t ä
e e b e n i t t ä
e t   o l i s i   n y k y a i k a i s t u n u t
e t   n y k y a i k a i s t u i s i
m i t ä t ö n n y t t ä e s s ä
p o i n t i l l i s t e i l l a
j u l i s t e i l t a
p e s s i m i s t i t
o l e m m e   p e l ä n n e e t
h a j a n a i s i m p a a n
s i s e n n y k s i t t ä
l i e n e n   p e l ä n n y t
m i t ä t ö n n y t t e
p l u t o n i n a
n y k y a i k a i s t u t t e
l o o g i l l i s i n a
n y k y a i k a i s t u m a
a i k o m u k s e l l e
o l i v a t   p e l ä n n e e t
j u l i s t e e t
i s k e l m i l l e
e n   k i h e r t ä n y t
j ä l k i m m ä i s e t
b a p t i s m i k s i
e t   n y k y a i k a i s t u n e
l o o g i l l i s i t t a
l i e n e t t e   n y k y a i k a i s t u n e e t
p o s a h d e t t a k o o n
o h j e p a k e t i k s i
l i t t e ä l t ä
n y k y a i k a i s t u t t i i n
l i e n e t   r y h m i t t ä y t y n y t
o l i t   r y h m i t t ä y t y n y t
d i a k o n i s t a
h y r ä h t ä k ö ö t
p l u t o n i t t a
ä l k ö ö t   l a m a u t u k o
e t   o l i s i   ä k s y y n t y n y t
p e t o l l i s i k s i
p o i n t i l l i s t i n
s a l a i s i m m i k s i
r y h m i t t ä y t y n y t
u u d e n t a m i n e n
r i s a k k a i l l e
e n d o k r i i n i s t e n
j ä l k i m m ä i s e l l ä
l i i t u k i v i e n
f r i i s i l ä i n e n
e i   p e l k ä ä
ä ä r i m m ä i s y y s m i e h e k s i
n y k y a i k a i s t u m a l l a
n i v e l a k s e l i n
b a p t i s m i
r i s a k k a i l t a
p o i n t i l l i s t i l l a
k o r v a k u u l o k k e i k s i
m i t ä t ö n t y v ä
k e t o i t t a
f r i i s i l ä i n e n
k o n s u l a a t t i a
p o s a h d e t t i i n
e i   n y k y a i k a i s t u n e
p o i n t i l l i s t i s t a
ä k s y y n n y t t e
i t s e h a l l i n n o l l e
o l e   ä k s y y n t y n y t
i n v a l i d i t e e t t i e n
a i v a s t u k s i s t a
ä k s y y n n y t t ä m ä n
k a t t o p i i r u i n e e n
o l i s i m m e   p e l ä n n e e t
l o o g i l l i s e l t a
e i   o d o t u t e t a
o l k o o n   l a m a u d u t t u
n a p u t t a a k s e e n
k e t o t
m i t ä t ö n t y m ä t t ä
m i t ä t ö n n y i t t e
e t t e   p e l ä n n e
ä l k ä ä m m e   o l k o   m i t ä t ö n t y n e e t
n i v e l a k s e l e i l t a
j u l i s t e e s e e n
h y r ä h d e t t ä k ö ö n
a i v a s t u s
p i k k u s i k a r e i n
o h j e p a k e t e i n
f r i i s i l ä i s t e n
o l k o o t   s a a t e l l e e t
o l i t   k i h e r t ä n y t
p e t o l l i s i s t a
u u d e n t a n e m m e
k o n s u l a a t i t
f r i i s i l ä i s i i n
f i n a a l i j o u k k u e i l l e
e i   p e l ä t t y
