ä l k ö ö n   o l k o   g r a a v a a n t u n u t
r y h m i t t ä y d y i m m e
e t t e   o l l e e t   p r o g r e d i o i n e e t
e n   t a h m a n n e
ä l k ä ä m m e   r y h m i t t ä y t y k ö
n a p u t t a e s s a
e t t e   o l l e e t   n y k y a i k a i s t u n e e t
k e s k i t t y m i n e n
e t   o l i s i   p r o g r e d i o i n u t
r a a k a s o k e r e i l l e
p o s a h d a n
e t   o l l u t   n y k y a i k a i s t u n u t
p o s a h t a a
e m m e   o d o t u t t a n e e t
p i k k u s i k a r i i n
e e b e n e i h i n
o l k a a   g r a a v a a n t u n e e t
l i e n e t   u u d e n t a n u t
l i i t u k i v e t t ä
e i v ä t   o l e   p o s a h t a n e e t
e n d o k r i i n i n e n
l ä s e i h i n
o l i m m e   o d o t u t t a n e e t
v i e r o i t t a i s i m m e
k i h e r r e t t ä n e e n
r a o t e l l e m m e
e i v ä t   r y h m i t t ä y d y
o l i s i m m e   t a h m a n n e e t
o l e t   t a h m a n n u t
p o s a h t a i s i m m e
ä l k ö ö n   o l k o   s a a t e l t u
e i v ä t   o l i s i   m i t ä t ö n t y n e e t
n y k y a i k a i s t u i s i v a t
ä ä r i m m ä i s y y s m i e h e s s ä
n a u t i t t a v a t
j ä r v i s i e n e s s ä
n a p u t t a n u t
ä k s y y n t y m ä s s ä
o l k o o n   ä k s y y n n y t t y
v i e r o i t t a n u t
r i s a k k a i l l a
r y h m i t t ä y t y ä
a i k o m u k s e n
b a p t i s m e i l t a
d i p l o m a a t t i s u u d e l l a
r i i p p u v a i s u u s
j u l i s t e e n
l i e n e v ä t   l a m a u t u n e e t
p e t o l l i s e n
o l i s i n   s p r a y m a a l a n n u t
p e s s i m i s t i s s ä
t a h m a a m i s t a
e i   l i e n e   g r a a v a a n n u t t u
b o l s e v i s t i s e t t a
l i e n e e   h y r ä h d e t t y
l i e n e m m e   u u d e n t a n e e t
k i h e r t ä i s i v ä t
k a l v e n n e t t a v a
j ä r v i s i m p u k k a a
ä k s y y n t y k ö ö t
ä l k ö ö n   o l k o   n a p u t t a n u t
p l u t o n e i s t a
ä l k ä ä   h y r ä h t ä k ö
p e l k ä ä m ä n
m e n s t r u a a t i o s s a
p e r i n t ä
e t   o l e   s p r a y m a a l a n n u t
s a l a i s i m m a l l a
t a h m a t t a n e e n
o l k o o n   r y h m i t t ä y t y n y t
a s e t o n i p e r o k s i d i
o l i s i   p r o g r e d i o i n u t
v i e r o i t t a m i n e n
e t   o l l u t   v i e r o i t t a n u t
e t t e   o l e   p o s a h t a n e e t
o l k a a   p o s a h t a n e e t
l i e n e e   p r o g r e d i o i t u
e i   g r a a v a a n n u t a
o l i s i t   v i e r o i t t a n u t
l i e n e n   t a h m a n n u t
e n   m i t ä t ö n n y
ä ä r i m m ä i s y y s m i e h i t t ä
e t t e   l i e n e   n a p u t t a n e e t
u u d e n t a i s i
s a a t t e l i m m e
m e n s t r u a a t i o k s i
o l k a a   o d o t u t t a n e e t
e e b e n e i l t ä
l i t t e ä ä n
b r a s i l i a n s u o m a l a i s e s s a
j ä r v i s i e n e k s i
b a p t i s m i l l a
e i v ä t   p e l k ä i s i
r a a k a s o k e r e i k s i
a i v a s t u k s i l l e
i n v a l i d i t e e t i t t a
p r e n i k a t
h a r h a t t o m i t t a
o l k o o n   t a h m a t t u
n y k y a i k a i s t u m i s t a
p e r i n n ö i s t ä
e i v ä t   o l l e e t   n a p u t t a n e e t
e i v ä t   o l l e e t   n y k y a i k a i s t u n e e t
e i   o l e   t a h m a n n u t
m i t ä t ö n t y ä
p r o g r e d i o i n u t
e t t e   ä k s y y n t y n e
d i a k o n i
e m m e   k a l v e n t a i s i
k a t t o p i i r u i s t a
o l k a a m m e   m i t ä t ö n t y n e e t
e t   k i h e r t ä i s i
p o s a h t a i s i v a t
e i   p o s a h d e t t a i s i
o l e t   p r o g r e d i o i n u t
l i l l i p u t t e j a
e t   ä k s y y n t y n e
r i s k i t t ö m ä t t ä
ä l k ä ä   o l k o   n a p u t t a n e e t
j u n a v a u n u n a
b o l s e v i s t i s e n
o l e   n y k y a i k a i s t u n u t
b o l s e v i s t i s e t
p l u t o n i
o l e m m e   l a m a u t u n e e t
e t   s a a t t e l e
e i v ä t   p o s a h d a
e i v ä t   s p r a y m a a l a i s i
o l k a a m m e   s p r a y m a a l a n n e e t
r i s a k k a a l t a
h y r ä h t ä n y t
e t   o l i s i   p o s a h t a n u t
n i m i k i r j a i m i i n
j ä r v i s i m p u k k a
r a o t e l l a k s e e n
e t t e   o l i s i   p o s a h t a n e e t
l i e n e e   s a a t e l t u
s e i j a a s t a
n a p u t e t t a v a
s a l a i s i m m i l l e
h a r h a t t o m i l l a
e m m e   s p r a y m a a l a i s i
e i   k a l v e n n e t t a n e
t a h m a a m a s t a
ä l ä   o d o t u t a
a v a r u u s m i e h i l t ä
p o i n t i l l i s t e i s s a
f r i i s i l ä i s i l l ä
o n   s a a t e l l u t
j ä r v i s i e n i t t ä
s p r a y m a a l a a
e i   k a l v e n n e t t a i s i
ä l k ä ä m m e   o l k o   p e l ä n n e e t
ä ä r i m m ä i s y y s m i e h i s t ä
r y h m i t t ä y t y m ä t ö n
ä ä r i m m ä i s y y s m i e h e n
e n   h y r ä h t ä i s i
n o k k a v a r p u s e n a
m e n s t r u a a t i o i n a
k o r v a k u u l o k k e e n
g r a a v a a n t u m a a n
e n   o l e   r y h m i t t ä y t y n y t
d i a k o n e i k s i
ä l k ö ö t   o l k o   p e l ä n n e e t
l i t t e ä k s i
e t t e   l i e n e   t a h m a n n e e t
e m m e   o l i s i   p e l ä n n e e t
g r a a v a a n t u i s i t t e
s a l a i s i m m a t
ä ä r i m m ä i s y y s m i e h i k s i
p o i n t i l l i s t e i l l e
p e t o l l i s i i n
k e t o i s t a
k a t t o p i i r u t
ä l k ö ö n   l a m a u d u t t a k o
e t   v i e r o i t t a n e
e m m e   p r o g r e d i o i s i
p r o g r e d i o i t t e
u u d e n t a i s i t t e
r a o t t e l e m a n
n i t r o n
n y k y a i k a i s t u n e t
e t   p r o g r e d i o i s i
ä l k ö ö n   t a h m a t k o
p r e n i k o i n
e i v ä t   h y r ä h t ä n e
e t t e   o l l e e t   s a a t e l l e e t
v i e r o i t t a m a a n
h a j a n a i s i m p i a
ä l k ö ö t   o l k o   n a p u t t a n e e t
e i   m i t ä t ö n t y n y t
e i   o l i s i   s p r a y m a a l a n n u t
e e b e n i n ä
e i   t a h m a t a
e t   p e l ä n n y t
n a p u t a m m e
ä l k ä ä   o l k o   k a l v e n t a n e e t
e i   p e l ä t t ä n e
l i e n e e   n y k y a i k a i s t u t t u
p r e n i k a k s i
p e t o l l i s e k s i
n i v e l a k s e l e i h i n
s p r a y m a a l a t a k s e e n
r i s k i t ö n
e i v ä t   l i e n e   v i e r o i t t a n e e t
ä l ä   o l e   n y k y a i k a i s t u n u t
e i   s p r a y m a a l a a
e i   o l e   h y r ä h d e t t y
o l k o o n   n a p u t e t t u
o s t e l u
o r i g i n a l i t e e t t i i n
e i   o l l u t   r y h m i t t ä y t y n y t
n i t r o i n e e n
r a o t e l l e t t e
s a a t e l l a
s p r a y m a a l a t t i i n
o n k a l o i s t a
j a k a m i s e t t a
p e r i n t ä n ä
e n   o l i s i   v i e r o i t t a n u t
h e i t t o l i i k k e e s e e n
ä ä r i m m ä i s y y s m i e h e l l e
e i   s a a t e l l a
a s e t o n i p e r o k s i d i i n
o l i n   t a h m a n n u t
p e s s i m i s t e i l t ä
o l i s i   v i e r o i t t a n u t
k y l j e l l e
o l e t   k a l v e n t a n u t
i t s e h a l l i n t o i h i n
o l e t t e   ä k s y y n t y n e e t
e n d o k r i i n i s e n ä
ä l k ö ö n   o l k o   n y k y a i k a i s t u t t u
o l e t   o d o t u t t a n u t
s p r a y m a a l a s i t
n i t r o l l e
n a p u t e t t a e s s a
o l i v a t   ä k s y y n t y n e e t
n i t r o l t a
s i s e n n y s
e i v ä t   l a m a u t u n e
p e l ä n n e t
o l e n   k i h e r t ä n y t
p r o g r e d i o i n
h e i t t o l i i k k e e l l ä
l i e n e m m e   s a a t e l l e e t
m a n i p u l a a t i o i l t a
l i l l i p u t i t t a
i t s e h a l l i n t o
p l u t o n e i l t a
